{
    "rows_returned": 3850116,
    "query_name": "SELECT COALESCE(ANY_VALUE(\"t\".\"Id\"), ANY_VALUE(\"t\".\"Id\")) AS \"POSTID\", \"t\".\"PostTypeId\" AS \"POSTTYPEID\", \"t\".\"CreationDate\" AS \"CREATIONDATE\", \"t\".\"Score\" AS \"SCORE\", \"t\".\"ViewCount\" AS \"VIEWCOUNT\", COUNT(CASE WHEN \"t\".\"PostId\" IS NOT NULL THEN 1 ELSE NULL END) AS \"COMMENTCOUNT\", COUNT(CASE WHEN \"Votes\".\"PostId\" IS NOT NULL THEN 1 ELSE NULL END) AS \"VOTECOUNT\", CAST(\"t\".\"PostTypeId\" AS INTEGER) AS \"POSTTYPEID0\"\nFROM \"Votes\"\nRIGHT JOIN (SELECT \"Posts\".\"Id\", \"Posts\".\"PostTypeId\", \"Posts\".\"AcceptedAnswerId\", \"Posts\".\"ParentId\", \"Posts\".\"CreationDate\", \"Posts\".\"Score\", \"Posts\".\"ViewCount\", \"Posts\".\"Body\", \"Posts\".\"OwnerUserId\", \"Posts\".\"OwnerDisplayName\", \"Posts\".\"LastEditorUserId\", \"Posts\".\"LastEditorDisplayName\", \"Posts\".\"LastEditDate\", \"Posts\".\"LastActivityDate\", \"Posts\".\"Title\", \"Posts\".\"Tags\", \"Posts\".\"AnswerCount\", \"Posts\".\"CommentCount\", \"Posts\".\"FavoriteCount\", \"Posts\".\"ClosedDate\", \"Posts\".\"CommunityOwnedDate\", \"Posts\".\"ContentLicense\", \"Comments\".\"Id\" AS \"Id0\", \"Comments\".\"PostId\", \"Comments\".\"Score\" AS \"Score0\", \"Comments\".\"Text\", \"Comments\".\"CreationDate\" AS \"CreationDate0\", \"Comments\".\"UserDisplayName\", \"Comments\".\"UserId\", \"Comments\".\"ContentLicense\" AS \"ContentLicense0\"\nFROM \"Comments\"\nRIGHT JOIN \"Posts\" ON \"Comments\".\"PostId\" = \"Posts\".\"Id\") AS \"t\" ON \"Votes\".\"PostId\" = \"t\".\"Id\"\nGROUP BY \"t\".\"Id\", \"t\".\"PostTypeId\", \"t\".\"CreationDate\", \"t\".\"Score\", \"t\".\"ViewCount\"",
    "blocked_thread_time": 0.04,
    "cpu_time": 7.400182990999999,
    "extra_info": {},
    "cumulative_cardinality": 215467919,
    "cumulative_rows_scanned": 231766427,
    "result_set_size": 161704872,
    "latency": 4.267370635,
    "children": [
        {
            "operator_name": "PROJECTION",
            "cpu_time": 7.400182990999999,
            "extra_info": {
                "Projections": [
                    "POSTID",
                    "POSTTYPEID",
                    "CREATIONDATE",
                    "SCORE",
                    "VIEWCOUNT",
                    "COMMENTCOUNT",
                    "VOTECOUNT",
                    "POSTTYPEID0"
                ],
                "Estimated Cardinality": "3850116"
            },
            "cumulative_cardinality": 215467919,
            "operator_type": "PROJECTION",
            "operator_cardinality": 3850116,
            "cumulative_rows_scanned": 231766427,
            "operator_rows_scanned": 0,
            "operator_timing": 0.04996484000000001,
            "result_set_size": 161704872,
            "children": [
                {
                    "operator_name": "PROJECTION",
                    "cpu_time": 7.350218150999999,
                    "extra_info": {
                        "Projections": [
                            "#0",
                            "__internal_decompress_integral_smallint(#1, 1)",
                            "#2",
                            "__internal_decompress_integral_integer(#3, -72)",
                            "#4",
                            "#5",
                            "#6",
                            "#7"
                        ],
                        "Estimated Cardinality": "3850116"
                    },
                    "cumulative_cardinality": 211617803,
                    "operator_type": "PROJECTION",
                    "operator_cardinality": 3850116,
                    "cumulative_rows_scanned": 231766427,
                    "operator_rows_scanned": 0,
                    "operator_timing": 0.009713380999999998,
                    "result_set_size": 161704872,
                    "children": [
                        {
                            "operator_name": "HASH_GROUP_BY",
                            "cpu_time": 7.340504769999999,
                            "extra_info": {
                                "Groups": [
                                    "#0",
                                    "#1",
                                    "#2",
                                    "#3",
                                    "#4"
                                ],
                                "Aggregates": [
                                    "any_value(#5)",
                                    "count(#6)",
                                    "count(#7)"
                                ],
                                "Estimated Cardinality": "3850116"
                            },
                            "cumulative_cardinality": 207767687,
                            "operator_type": "HASH_GROUP_BY",
                            "operator_cardinality": 3850116,
                            "cumulative_rows_scanned": 231766427,
                            "operator_rows_scanned": 0,
                            "operator_timing": 2.69122758,
                            "result_set_size": 150154524,
                            "children": [
                                {
                                    "operator_name": "PROJECTION",
                                    "cpu_time": 4.649277189999999,
                                    "extra_info": {
                                        "Projections": [
                                            "id",
                                            "posttypeid",
                                            "creationdate",
                                            "score",
                                            "viewcount",
                                            "id",
                                            "CASE  WHEN ((postid IS NOT NULL)) THEN (1) ELSE NULL END",
                                            "CASE  WHEN ((postid IS NOT NULL)) THEN (1) ELSE NULL END"
                                        ],
                                        "Estimated Cardinality": "12744093"
                                    },
                                    "cumulative_cardinality": 203917571,
                                    "operator_type": "PROJECTION",
                                    "operator_cardinality": 35129590,
                                    "cumulative_rows_scanned": 231766427,
                                    "operator_rows_scanned": 0,
                                    "operator_timing": 0.26574694700000007,
                                    "result_set_size": 1089017290,
                                    "children": [
                                        {
                                            "operator_name": "PROJECTION",
                                            "cpu_time": 4.383530242999999,
                                            "extra_info": {
                                                "Projections": [
                                                    "#0",
                                                    "#1",
                                                    "__internal_compress_integral_utinyint(#2, 1)",
                                                    "#3",
                                                    "__internal_compress_integral_usmallint(#4, -72)",
                                                    "#5",
                                                    "#6"
                                                ],
                                                "Estimated Cardinality": "12744093"
                                            },
                                            "cumulative_cardinality": 168787981,
                                            "operator_type": "PROJECTION",
                                            "operator_cardinality": 35129590,
                                            "cumulative_rows_scanned": 231766427,
                                            "operator_rows_scanned": 0,
                                            "operator_timing": 0.03271325600000003,
                                            "result_set_size": 948498930,
                                            "children": [
                                                {
                                                    "operator_name": "PROJECTION",
                                                    "cpu_time": 4.350816986999999,
                                                    "extra_info": {
                                                        "Projections": [
                                                            "#0",
                                                            "#1",
                                                            "__internal_decompress_integral_smallint(#2, 1)",
                                                            "#3",
                                                            "__internal_decompress_integral_integer(#4, -72)",
                                                            "#5",
                                                            "#6"
                                                        ],
                                                        "Estimated Cardinality": "12744093"
                                                    },
                                                    "cumulative_cardinality": 133658391,
                                                    "operator_type": "PROJECTION",
                                                    "operator_cardinality": 35129590,
                                                    "cumulative_rows_scanned": 231766427,
                                                    "operator_rows_scanned": 0,
                                                    "operator_timing": 0.03681021900000001,
                                                    "result_set_size": 1053887700,
                                                    "children": [
                                                        {
                                                            "operator_name": "HASH_JOIN",
                                                            "cpu_time": 4.314006767999999,
                                                            "extra_info": {
                                                                "Join Type": "RIGHT",
                                                                "Conditions": "postid = id",
                                                                "Estimated Cardinality": "12744093"
                                                            },
                                                            "cumulative_cardinality": 98528801,
                                                            "operator_type": "HASH_JOIN",
                                                            "operator_cardinality": 35129590,
                                                            "cumulative_rows_scanned": 231766427,
                                                            "operator_rows_scanned": 0,
                                                            "operator_timing": 2.7694173459999982,
                                                            "result_set_size": 948498930,
                                                            "children": [
                                                                {
                                                                    "operator_name": "READ_PARQUET ",
                                                                    "cpu_time": 0.27969770399999994,
                                                                    "extra_info": {
                                                                        "Function": "READ_PARQUET",
                                                                        "Projections": "postid",
                                                                        "Estimated Cardinality": "12744093"
                                                                    },
                                                                    "cumulative_cardinality": 12744093,
                                                                    "operator_type": "TABLE_SCAN",
                                                                    "operator_cardinality": 12744093,
                                                                    "cumulative_rows_scanned": 165673209,
                                                                    "operator_rows_scanned": 165673209,
                                                                    "operator_timing": 0.27969770399999994,
                                                                    "result_set_size": 50976372,
                                                                    "children": []
                                                                },
                                                                {
                                                                    "operator_name": "PROJECTION",
                                                                    "cpu_time": 1.264891718,
                                                                    "extra_info": {
                                                                        "Projections": [
                                                                            "#0",
                                                                            "__internal_compress_integral_utinyint(#1, 1)",
                                                                            "#2",
                                                                            "__internal_compress_integral_usmallint(#3, -72)",
                                                                            "#4",
                                                                            "#5"
                                                                        ],
                                                                        "Estimated Cardinality": "7241822"
                                                                    },
                                                                    "cumulative_cardinality": 50655118,
                                                                    "operator_type": "PROJECTION",
                                                                    "operator_cardinality": 8928266,
                                                                    "cumulative_rows_scanned": 66093218,
                                                                    "operator_rows_scanned": 0,
                                                                    "operator_timing": 0.0065950630000000034,
                                                                    "result_set_size": 205350118,
                                                                    "children": [
                                                                        {
                                                                            "operator_name": "PROJECTION",
                                                                            "cpu_time": 1.258296655,
                                                                            "extra_info": {
                                                                                "Projections": [
                                                                                    "id",
                                                                                    "posttypeid",
                                                                                    "creationdate",
                                                                                    "score",
                                                                                    "viewcount",
                                                                                    "postid"
                                                                                ],
                                                                                "Estimated Cardinality": "7241822"
                                                                            },
                                                                            "cumulative_cardinality": 41726852,
                                                                            "operator_type": "PROJECTION",
                                                                            "operator_cardinality": 8928266,
                                                                            "cumulative_rows_scanned": 66093218,
                                                                            "operator_rows_scanned": 0,
                                                                            "operator_timing": 0.0014939510000000007,
                                                                            "result_set_size": 232134916,
                                                                            "children": [
                                                                                {
                                                                                    "operator_name": "PROJECTION",
                                                                                    "cpu_time": 1.256802704,
                                                                                    "extra_info": {
                                                                                        "Projections": [
                                                                                            "#0",
                                                                                            "#1",
                                                                                            "__internal_decompress_integral_smallint(#2, 1)",
                                                                                            "#3",
                                                                                            "__internal_decompress_integral_integer(#4, -72)",
                                                                                            "#5"
                                                                                        ],
                                                                                        "Estimated Cardinality": "7241822"
                                                                                    },
                                                                                    "cumulative_cardinality": 32798586,
                                                                                    "operator_type": "PROJECTION",
                                                                                    "operator_cardinality": 8928266,
                                                                                    "cumulative_rows_scanned": 66093218,
                                                                                    "operator_rows_scanned": 0,
                                                                                    "operator_timing": 0.007754130000000001,
                                                                                    "result_set_size": 232134916,
                                                                                    "children": [
                                                                                        {
                                                                                            "operator_name": "HASH_JOIN",
                                                                                            "cpu_time": 1.2490485740000001,
                                                                                            "extra_info": {
                                                                                                "Join Type": "RIGHT",
                                                                                                "Conditions": "postid = id",
                                                                                                "Estimated Cardinality": "7241822"
                                                                                            },
                                                                                            "cumulative_cardinality": 23870320,
                                                                                            "operator_type": "HASH_JOIN",
                                                                                            "operator_cardinality": 8928266,
                                                                                            "cumulative_rows_scanned": 66093218,
                                                                                            "operator_rows_scanned": 0,
                                                                                            "operator_timing": 0.9105280760000001,
                                                                                            "result_set_size": 205350118,
                                                                                            "children": [
                                                                                                {
                                                                                                    "operator_name": "READ_PARQUET ",
                                                                                                    "cpu_time": 0.12719520900000003,
                                                                                                    "extra_info": {
                                                                                                        "Function": "READ_PARQUET",
                                                                                                        "Projections": "postid",
                                                                                                        "Estimated Cardinality": "7241822"
                                                                                                    },
                                                                                                    "cumulative_cardinality": 7241822,
                                                                                                    "operator_type": "TABLE_SCAN",
                                                                                                    "operator_cardinality": 7241822,
                                                                                                    "cumulative_rows_scanned": 50692754,
                                                                                                    "operator_rows_scanned": 50692754,
                                                                                                    "operator_timing": 0.12719520900000003,
                                                                                                    "result_set_size": 28967288,
                                                                                                    "children": []
                                                                                                },
                                                                                                {
                                                                                                    "operator_name": "PROJECTION",
                                                                                                    "cpu_time": 0.21132528899999997,
                                                                                                    "extra_info": {
                                                                                                        "Projections": [
                                                                                                            "#0",
                                                                                                            "__internal_compress_integral_utinyint(#1, 1)",
                                                                                                            "#2",
                                                                                                            "__internal_compress_integral_usmallint(#3, -72)",
                                                                                                            "#4"
                                                                                                        ],
                                                                                                        "Estimated Cardinality": "3850116"
                                                                                                    },
                                                                                                    "cumulative_cardinality": 7700232,
                                                                                                    "operator_type": "PROJECTION",
                                                                                                    "operator_cardinality": 3850116,
                                                                                                    "cumulative_rows_scanned": 15400464,
                                                                                                    "operator_rows_scanned": 0,
                                                                                                    "operator_timing": 0.002973456,
                                                                                                    "result_set_size": 73152204,
                                                                                                    "children": [
                                                                                                        {
                                                                                                            "operator_name": "READ_PARQUET ",
                                                                                                            "cpu_time": 0.20835183299999996,
                                                                                                            "extra_info": {
                                                                                                                "Function": "READ_PARQUET",
                                                                                                                "Projections": [
                                                                                                                    "id",
                                                                                                                    "posttypeid",
                                                                                                                    "creationdate",
                                                                                                                    "score",
                                                                                                                    "viewcount"
                                                                                                                ],
                                                                                                                "Estimated Cardinality": "3850116"
                                                                                                            },
                                                                                                            "cumulative_cardinality": 3850116,
                                                                                                            "operator_type": "TABLE_SCAN",
                                                                                                            "operator_cardinality": 3850116,
                                                                                                            "cumulative_rows_scanned": 15400464,
                                                                                                            "operator_rows_scanned": 15400464,
                                                                                                            "operator_timing": 0.20835183299999996,
                                                                                                            "result_set_size": 84702552,
                                                                                                            "children": []
                                                                                                        }
                                                                                                    ]
                                                                                                }
                                                                                            ]
                                                                                        }
                                                                                    ]
                                                                                }
                                                                            ]
                                                                        }
                                                                    ]
                                                                }
                                                            ]
                                                        }
                                                    ]
                                                }
                                            ]
                                        }
                                    ]
                                }
                            ]
                        }
                    ]
                }
            ]
        }
    ]
}