{
    "rows_returned": 76,
    "query_name": "\nWITH RecentPosts AS (\n    SELECT \n        p.Id AS PostId,\n        p.Title,\n        p.Score,\n        p.CreationDate,\n        p.OwnerUserId,\n        p.AnswerCount,\n        p.CommentCount,\n        COUNT(CASE WHEN v.VoteTypeId = 2 THEN 1 END) AS UpVotes,\n        COUNT(CASE WHEN v.VoteTypeId = 3 THEN 1 END) AS DownVotes\n    FROM \n        Posts p\n    LEFT JOIN \n        Votes v ON p.Id = v.PostId\n    WHERE \n        p.CreationDate > (CAST('2024-10-01 12:34:56' AS TIMESTAMP) - INTERVAL '30 days')\n    GROUP BY \n        p.Id, p.Title, p.Score, p.CreationDate, p.OwnerUserId, p.AnswerCount, p.CommentCount\n),\nTopUsers AS (\n    SELECT \n        u.Id,\n        u.DisplayName,\n        SUM(COALESCE(b.Class, 0)) AS TotalBadges,\n        COUNT(DISTINCT p.Id) AS TotalPosts\n    FROM \n        Users u\n    LEFT JOIN \n        Badges b ON u.Id = b.UserId\n    LEFT JOIN \n        Posts p ON u.Id = p.OwnerUserId\n    GROUP BY \n        u.Id, u.DisplayName\n    ORDER BY \n        TotalPosts DESC, TotalBadges DESC\n    LIMIT 10\n),\nPostInteraction AS (\n    SELECT \n        rp.PostId,\n        rp.Title,\n        rp.Score,\n        rp.CreationDate,\n        u.DisplayName AS OwnerDisplayName,\n        rp.UpVotes,\n        rp.DownVotes,\n        tu.TotalBadges,\n        tu.TotalPosts\n    FROM \n        RecentPosts rp\n    JOIN \n        Users u ON rp.OwnerUserId = u.Id\n    JOIN \n        TopUsers tu ON u.Id = tu.Id\n)\nSELECT \n    pi.Title,\n    pi.CreationDate,\n    pi.OwnerDisplayName,\n    pi.Score,\n    pi.UpVotes,\n    pi.DownVotes,\n    pi.TotalBadges,\n    pi.TotalPosts\nFROM \n    PostInteraction pi\nORDER BY \n    pi.Score DESC, pi.UpVotes DESC, pi.DownVotes ASC;\n",
    "blocked_thread_time": 0.04,
    "cpu_time": 60.8165161180001,
    "extra_info": {},
    "cumulative_cardinality": 1774720186,
    "cumulative_rows_scanned": 208482149,
    "result_set_size": 6384,
    "latency": 19.332412758,
    "children": [
        {
            "operator_name": "PROJECTION",
            "cpu_time": 60.8165161180001,
            "extra_info": {
                "Projections": [
                    "#0",
                    "#1",
                    "#2",
                    "__internal_decompress_integral_integer(#3, -72)",
                    "#4",
                    "#5",
                    "#6",
                    "#7"
                ],
                "Estimated Cardinality": "30"
            },
            "cumulative_cardinality": 1774720186,
            "operator_type": "PROJECTION",
            "operator_cardinality": 76,
            "cumulative_rows_scanned": 208482149,
            "operator_rows_scanned": 0,
            "operator_timing": 0.000048862,
            "result_set_size": 6384,
            "children": [
                {
                    "operator_name": "ORDER_BY",
                    "cpu_time": 60.8164672560001,
                    "extra_info": {
                        "Order By": [
                            "pi.Score DESC",
                            "pi.UpVotes DESC",
                            "pi.DownVotes ASC"
                        ]
                    },
                    "cumulative_cardinality": 1774720110,
                    "operator_type": "ORDER_BY",
                    "operator_cardinality": 76,
                    "cumulative_rows_scanned": 208482149,
                    "operator_rows_scanned": 0,
                    "operator_timing": 0.091206459,
                    "result_set_size": 6232,
                    "children": [
                        {
                            "operator_name": "PROJECTION",
                            "cpu_time": 60.725260797000104,
                            "extra_info": {
                                "Projections": [
                                    "#0",
                                    "#1",
                                    "#2",
                                    "__internal_compress_integral_usmallint(#3, -72)",
                                    "#4",
                                    "#5",
                                    "#6",
                                    "#7"
                                ],
                                "Estimated Cardinality": "30"
                            },
                            "cumulative_cardinality": 1774720034,
                            "operator_type": "PROJECTION",
                            "operator_cardinality": 76,
                            "cumulative_rows_scanned": 208482149,
                            "operator_rows_scanned": 0,
                            "operator_timing": 0.00021039399999999995,
                            "result_set_size": 6232,
                            "children": [
                                {
                                    "operator_name": "PROJECTION",
                                    "cpu_time": 60.725050403000104,
                                    "extra_info": {
                                        "Projections": [
                                            "title",
                                            "creationdate",
                                            "OwnerDisplayName",
                                            "score",
                                            "UpVotes",
                                            "DownVotes",
                                            "TotalBadges",
                                            "TotalPosts"
                                        ],
                                        "Estimated Cardinality": "30"
                                    },
                                    "cumulative_cardinality": 1774719958,
                                    "operator_type": "PROJECTION",
                                    "operator_cardinality": 76,
                                    "cumulative_rows_scanned": 208482149,
                                    "operator_rows_scanned": 0,
                                    "operator_timing": 0.000008726,
                                    "result_set_size": 6384,
                                    "children": [
                                        {
                                            "operator_name": "PROJECTION",
                                            "cpu_time": 60.72504167700011,
                                            "extra_info": {
                                                "Projections": [
                                                    "title",
                                                    "score",
                                                    "creationdate",
                                                    "OwnerDisplayName",
                                                    "UpVotes",
                                                    "DownVotes",
                                                    "TotalBadges",
                                                    "TotalPosts"
                                                ],
                                                "Estimated Cardinality": "30"
                                            },
                                            "cumulative_cardinality": 1774719882,
                                            "operator_type": "PROJECTION",
                                            "operator_cardinality": 76,
                                            "cumulative_rows_scanned": 208482149,
                                            "operator_rows_scanned": 0,
                                            "operator_timing": 0.000011993999999999999,
                                            "result_set_size": 6384,
                                            "children": [
                                                {
                                                    "operator_name": "HASH_JOIN",
                                                    "cpu_time": 60.72502968300011,
                                                    "extra_info": {
                                                        "Join Type": "INNER",
                                                        "Conditions": "owneruserid = id",
                                                        "Estimated Cardinality": "30"
                                                    },
                                                    "cumulative_cardinality": 1774719806,
                                                    "operator_type": "HASH_JOIN",
                                                    "operator_cardinality": 76,
                                                    "cumulative_rows_scanned": 208482149,
                                                    "operator_rows_scanned": 0,
                                                    "operator_timing": 0.0015540159999999999,
                                                    "result_set_size": 6384,
                                                    "children": [
                                                        {
                                                            "operator_name": "PROJECTION",
                                                            "cpu_time": 0.177281114,
                                                            "extra_info": {
                                                                "Projections": [
                                                                    "title",
                                                                    "score",
                                                                    "creationdate",
                                                                    "owneruserid",
                                                                    "UpVotes",
                                                                    "DownVotes"
                                                                ],
                                                                "Estimated Cardinality": "3850116"
                                                            },
                                                            "cumulative_cardinality": 140458,
                                                            "operator_type": "PROJECTION",
                                                            "operator_cardinality": 9927,
                                                            "cumulative_rows_scanned": 181073673,
                                                            "operator_rows_scanned": 0,
                                                            "operator_timing": 0.000010348,
                                                            "result_set_size": 476496,
                                                            "children": [
                                                                {
                                                                    "operator_name": "PROJECTION",
                                                                    "cpu_time": 0.177270766,
                                                                    "extra_info": {
                                                                        "Projections": [
                                                                            "#0",
                                                                            "#1",
                                                                            "__internal_decompress_integral_integer(#2, -72)",
                                                                            "#3",
                                                                            "#4",
                                                                            "__internal_decompress_integral_integer(#5, 0)",
                                                                            "__internal_decompress_integral_integer(#6, 0)",
                                                                            "#7",
                                                                            "#8"
                                                                        ],
                                                                        "Estimated Cardinality": "3850116"
                                                                    },
                                                                    "cumulative_cardinality": 130531,
                                                                    "operator_type": "PROJECTION",
                                                                    "operator_cardinality": 9927,
                                                                    "cumulative_rows_scanned": 181073673,
                                                                    "operator_rows_scanned": 0,
                                                                    "operator_timing": 0.000506289,
                                                                    "result_set_size": 595620,
                                                                    "children": [
                                                                        {
                                                                            "operator_name": "HASH_GROUP_BY",
                                                                            "cpu_time": 0.176764477,
                                                                            "extra_info": {
                                                                                "Groups": [
                                                                                    "#0",
                                                                                    "#1",
                                                                                    "#2",
                                                                                    "#3",
                                                                                    "#4",
                                                                                    "#5",
                                                                                    "#6"
                                                                                ],
                                                                                "Aggregates": [
                                                                                    "count(#7)",
                                                                                    "count(#8)"
                                                                                ],
                                                                                "Estimated Cardinality": "3850116"
                                                                            },
                                                                            "cumulative_cardinality": 120604,
                                                                            "operator_type": "HASH_GROUP_BY",
                                                                            "operator_cardinality": 9927,
                                                                            "cumulative_rows_scanned": 181073673,
                                                                            "operator_rows_scanned": 0,
                                                                            "operator_timing": 0.025239707,
                                                                            "result_set_size": 516204,
                                                                            "children": [
                                                                                {
                                                                                    "operator_name": "PROJECTION",
                                                                                    "cpu_time": 0.15152477,
                                                                                    "extra_info": {
                                                                                        "Projections": [
                                                                                            "id",
                                                                                            "title",
                                                                                            "score",
                                                                                            "creationdate",
                                                                                            "owneruserid",
                                                                                            "answercount",
                                                                                            "commentcount",
                                                                                            "CASE  WHEN ((votetypeid = 2)) THEN (1) ELSE NULL END",
                                                                                            "CASE  WHEN ((votetypeid = 3)) THEN (1) ELSE NULL END"
                                                                                        ],
                                                                                        "Estimated Cardinality": "12744093"
                                                                                    },
                                                                                    "cumulative_cardinality": 110677,
                                                                                    "operator_type": "PROJECTION",
                                                                                    "operator_cardinality": 23952,
                                                                                    "cumulative_rows_scanned": 181073673,
                                                                                    "operator_rows_scanned": 0,
                                                                                    "operator_timing": 0.000561188,
                                                                                    "result_set_size": 1053888,
                                                                                    "children": [
                                                                                        {
                                                                                            "operator_name": "PROJECTION",
                                                                                            "cpu_time": 0.150963582,
                                                                                            "extra_info": {
                                                                                                "Projections": [
                                                                                                    "#0",
                                                                                                    "#1",
                                                                                                    "#2",
                                                                                                    "__internal_compress_integral_usmallint(#3, -72)",
                                                                                                    "#4",
                                                                                                    "#5",
                                                                                                    "__internal_compress_integral_utinyint(#6, 0)",
                                                                                                    "__internal_compress_integral_utinyint(#7, 0)"
                                                                                                ],
                                                                                                "Estimated Cardinality": "12744093"
                                                                                            },
                                                                                            "cumulative_cardinality": 86725,
                                                                                            "operator_type": "PROJECTION",
                                                                                            "operator_cardinality": 23952,
                                                                                            "cumulative_rows_scanned": 181073673,
                                                                                            "operator_rows_scanned": 0,
                                                                                            "operator_timing": 0.0002708,
                                                                                            "result_set_size": 910176,
                                                                                            "children": [
                                                                                                {
                                                                                                    "operator_name": "HASH_JOIN",
                                                                                                    "cpu_time": 0.15069278200000003,
                                                                                                    "extra_info": {
                                                                                                        "Join Type": "RIGHT",
                                                                                                        "Conditions": "postid = id",
                                                                                                        "Estimated Cardinality": "12744093"
                                                                                                    },
                                                                                                    "cumulative_cardinality": 62773,
                                                                                                    "operator_type": "HASH_JOIN",
                                                                                                    "operator_cardinality": 23952,
                                                                                                    "cumulative_rows_scanned": 181073673,
                                                                                                    "operator_rows_scanned": 0,
                                                                                                    "operator_timing": 0.0041138109999999985,
                                                                                                    "result_set_size": 1101792,
                                                                                                    "children": [
                                                                                                        {
                                                                                                            "operator_name": "READ_PARQUET ",
                                                                                                            "cpu_time": 0.04025495100000001,
                                                                                                            "extra_info": {
                                                                                                                "Function": "READ_PARQUET",
                                                                                                                "Projections": [
                                                                                                                    "postid",
                                                                                                                    "votetypeid"
                                                                                                                ],
                                                                                                                "Estimated Cardinality": "12744093"
                                                                                                            },
                                                                                                            "cumulative_cardinality": 28894,
                                                                                                            "operator_type": "TABLE_SCAN",
                                                                                                            "operator_cardinality": 28894,
                                                                                                            "cumulative_rows_scanned": 165673209,
                                                                                                            "operator_rows_scanned": 165673209,
                                                                                                            "operator_timing": 0.04025495100000001,
                                                                                                            "result_set_size": 173364,
                                                                                                            "children": []
                                                                                                        },
                                                                                                        {
                                                                                                            "operator_name": "READ_PARQUET ",
                                                                                                            "cpu_time": 0.10632402,
                                                                                                            "extra_info": {
                                                                                                                "Function": "READ_PARQUET",
                                                                                                                "Projections": [
                                                                                                                    "id",
                                                                                                                    "creationdate",
                                                                                                                    "score",
                                                                                                                    "owneruserid",
                                                                                                                    "title",
                                                                                                                    "answercount",
                                                                                                                    "commentcount"
                                                                                                                ],
                                                                                                                "Filters": "creationdate>'2024-09-01 12:34:56'::TIMESTAMP",
                                                                                                                "Estimated Cardinality": "770023"
                                                                                                            },
                                                                                                            "cumulative_cardinality": 9927,
                                                                                                            "operator_type": "TABLE_SCAN",
                                                                                                            "operator_cardinality": 9927,
                                                                                                            "cumulative_rows_scanned": 15400464,
                                                                                                            "operator_rows_scanned": 15400464,
                                                                                                            "operator_timing": 0.10632402,
                                                                                                            "result_set_size": 436788,
                                                                                                            "children": []
                                                                                                        }
                                                                                                    ]
                                                                                                }
                                                                                            ]
                                                                                        }
                                                                                    ]
                                                                                }
                                                                            ]
                                                                        }
                                                                    ]
                                                                }
                                                            ]
                                                        },
                                                        {
                                                            "operator_name": "FILTER",
                                                            "cpu_time": 60.546194553000106,
                                                            "extra_info": {
                                                                "Expression": "(id <= 1416539)",
                                                                "Estimated Cardinality": "10"
                                                            },
                                                            "cumulative_cardinality": 1774579272,
                                                            "operator_type": "FILTER",
                                                            "operator_cardinality": 10,
                                                            "cumulative_rows_scanned": 27408476,
                                                            "operator_rows_scanned": 0,
                                                            "operator_timing": 0.00004941200000000001,
                                                            "result_set_size": 440,
                                                            "children": [
                                                                {
                                                                    "operator_name": "HASH_JOIN",
                                                                    "cpu_time": 60.5461451410001,
                                                                    "extra_info": {
                                                                        "Join Type": "INNER",
                                                                        "Conditions": "id = id",
                                                                        "Estimated Cardinality": "10"
                                                                    },
                                                                    "cumulative_cardinality": 1774579262,
                                                                    "operator_type": "HASH_JOIN",
                                                                    "operator_cardinality": 10,
                                                                    "cumulative_rows_scanned": 27408476,
                                                                    "operator_rows_scanned": 0,
                                                                    "operator_timing": 0.0010945439999999996,
                                                                    "result_set_size": 440,
                                                                    "children": [
                                                                        {
                                                                            "operator_name": "READ_PARQUET ",
                                                                            "cpu_time": 0.04183782799999999,
                                                                            "extra_info": {
                                                                                "Function": "READ_PARQUET",
                                                                                "Projections": [
                                                                                    "id",
                                                                                    "displayname"
                                                                                ],
                                                                                "Estimated Cardinality": "1260710"
                                                                            },
                                                                            "cumulative_cardinality": 325475,
                                                                            "operator_type": "TABLE_SCAN",
                                                                            "operator_cardinality": 325475,
                                                                            "cumulative_rows_scanned": 2521420,
                                                                            "operator_rows_scanned": 2521420,
                                                                            "operator_timing": 0.04183782799999999,
                                                                            "result_set_size": 6509500,
                                                                            "children": []
                                                                        },
                                                                        {
                                                                            "operator_name": "LIMIT",
                                                                            "cpu_time": 60.5032127690001,
                                                                            "extra_info": {},
                                                                            "cumulative_cardinality": 1774253777,
                                                                            "operator_type": "LIMIT",
                                                                            "operator_cardinality": 10,
                                                                            "cumulative_rows_scanned": 24887056,
                                                                            "operator_rows_scanned": 0,
                                                                            "operator_timing": 0.0014979580000000002,
                                                                            "result_set_size": 280,
                                                                            "children": [
                                                                                {
                                                                                    "operator_name": "ORDER_BY",
                                                                                    "cpu_time": 60.5017148110001,
                                                                                    "extra_info": {
                                                                                        "Order By": [
                                                                                            "count(DISTINCT p.Id) DESC",
                                                                                            "sum(COALESCE(b.\"Class\", 0)) DESC"
                                                                                        ]
                                                                                    },
                                                                                    "cumulative_cardinality": 1774253767,
                                                                                    "operator_type": "ORDER_BY",
                                                                                    "operator_cardinality": 129024,
                                                                                    "cumulative_rows_scanned": 24887056,
                                                                                    "operator_rows_scanned": 0,
                                                                                    "operator_timing": 8.05549495099999,
                                                                                    "result_set_size": 3612672,
                                                                                    "children": [
                                                                                        {
                                                                                            "operator_name": "PROJECTION",
                                                                                            "cpu_time": 52.446219860000106,
                                                                                            "extra_info": {
                                                                                                "Projections": [
                                                                                                    "id",
                                                                                                    "TotalBadges",
                                                                                                    "TotalPosts"
                                                                                                ],
                                                                                                "Estimated Cardinality": "1260710"
                                                                                            },
                                                                                            "cumulative_cardinality": 1774124743,
                                                                                            "operator_type": "PROJECTION",
                                                                                            "operator_cardinality": 1260710,
                                                                                            "cumulative_rows_scanned": 24887056,
                                                                                            "operator_rows_scanned": 0,
                                                                                            "operator_timing": 0.00046128399999999996,
                                                                                            "result_set_size": 35299880,
                                                                                            "children": [
                                                                                                {
                                                                                                    "operator_name": "HASH_GROUP_BY",
                                                                                                    "cpu_time": 52.44575857600011,
                                                                                                    "extra_info": {
                                                                                                        "Groups": [
                                                                                                            "#0",
                                                                                                            "#1"
                                                                                                        ],
                                                                                                        "Aggregates": [
                                                                                                            "sum(#2)",
                                                                                                            "count(DISTINCT #3)"
                                                                                                        ],
                                                                                                        "Estimated Cardinality": "1260710"
                                                                                                    },
                                                                                                    "cumulative_cardinality": 1772864033,
                                                                                                    "operator_type": "HASH_GROUP_BY",
                                                                                                    "operator_cardinality": 1260710,
                                                                                                    "cumulative_rows_scanned": 24887056,
                                                                                                    "operator_rows_scanned": 0,
                                                                                                    "operator_timing": 36.506223901000126,
                                                                                                    "result_set_size": 55471240,
                                                                                                    "children": [
                                                                                                        {
                                                                                                            "operator_name": "PROJECTION",
                                                                                                            "cpu_time": 15.939534674999981,
                                                                                                            "extra_info": {
                                                                                                                "Projections": [
                                                                                                                    "id",
                                                                                                                    "displayname",
                                                                                                                    "COALESCE(class, 0)",
                                                                                                                    "id"
                                                                                                                ],
                                                                                                                "Estimated Cardinality": "3850116"
                                                                                                            },
                                                                                                            "cumulative_cardinality": 1771603323,
                                                                                                            "operator_type": "PROJECTION",
                                                                                                            "operator_cardinality": 586089549,
                                                                                                            "cumulative_rows_scanned": 24887056,
                                                                                                            "operator_rows_scanned": 0,
                                                                                                            "operator_timing": 3.310858688999962,
                                                                                                            "result_set_size": 15238328274,
                                                                                                            "children": [
                                                                                                                {
                                                                                                                    "operator_name": "PROJECTION",
                                                                                                                    "cpu_time": 12.628675986000019,
                                                                                                                    "extra_info": {
                                                                                                                        "Projections": [
                                                                                                                            "#0",
                                                                                                                            "__internal_decompress_integral_smallint(#1, 1)",
                                                                                                                            "#2",
                                                                                                                            "#3"
                                                                                                                        ],
                                                                                                                        "Estimated Cardinality": "3850116"
                                                                                                                    },
                                                                                                                    "cumulative_cardinality": 1185513774,
                                                                                                                    "operator_type": "PROJECTION",
                                                                                                                    "operator_cardinality": 586089549,
                                                                                                                    "cumulative_rows_scanned": 24887056,
                                                                                                                    "operator_rows_scanned": 0,
                                                                                                                    "operator_timing": 0.1867493089999419,
                                                                                                                    "result_set_size": 15238328274,
                                                                                                                    "children": [
                                                                                                                        {
                                                                                                                            "operator_name": "HASH_JOIN",
                                                                                                                            "cpu_time": 12.441926677000078,
                                                                                                                            "extra_info": {
                                                                                                                                "Join Type": "RIGHT",
                                                                                                                                "Conditions": "owneruserid = id",
                                                                                                                                "Estimated Cardinality": "3850116"
                                                                                                                            },
                                                                                                                            "cumulative_cardinality": 599424225,
                                                                                                                            "operator_type": "HASH_JOIN",
                                                                                                                            "operator_cardinality": 586089549,
                                                                                                                            "cumulative_rows_scanned": 24887056,
                                                                                                                            "operator_rows_scanned": 0,
                                                                                                                            "operator_timing": 11.669495679000079,
                                                                                                                            "result_set_size": 14652238725,
                                                                                                                            "children": [
                                                                                                                                {
                                                                                                                                    "operator_name": "READ_PARQUET ",
                                                                                                                                    "cpu_time": 0.12072407299999999,
                                                                                                                                    "extra_info": {
                                                                                                                                        "Function": "READ_PARQUET",
                                                                                                                                        "Projections": [
                                                                                                                                            "id",
                                                                                                                                            "owneruserid"
                                                                                                                                        ],
                                                                                                                                        "Estimated Cardinality": "3850116"
                                                                                                                                    },
                                                                                                                                    "cumulative_cardinality": 3685416,
                                                                                                                                    "operator_type": "TABLE_SCAN",
                                                                                                                                    "operator_cardinality": 3685416,
                                                                                                                                    "cumulative_rows_scanned": 15400464,
                                                                                                                                    "operator_rows_scanned": 15400464,
                                                                                                                                    "operator_timing": 0.12072407299999999,
                                                                                                                                    "result_set_size": 29483328,
                                                                                                                                    "children": []
                                                                                                                                },
                                                                                                                                {
                                                                                                                                    "operator_name": "PROJECTION",
                                                                                                                                    "cpu_time": 0.6517069249999997,
                                                                                                                                    "extra_info": {
                                                                                                                                        "Projections": [
                                                                                                                                            "__internal_compress_integral_utinyint(#0, 1)",
                                                                                                                                            "#1",
                                                                                                                                            "#2"
                                                                                                                                        ],
                                                                                                                                        "Estimated Cardinality": "2321724"
                                                                                                                                    },
                                                                                                                                    "cumulative_cardinality": 9649260,
                                                                                                                                    "operator_type": "PROJECTION",
                                                                                                                                    "operator_cardinality": 3033413,
                                                                                                                                    "cumulative_rows_scanned": 9486592,
                                                                                                                                    "operator_rows_scanned": 0,
                                                                                                                                    "operator_timing": 0.0016306050000000005,
                                                                                                                                    "result_set_size": 63701673,
                                                                                                                                    "children": [
                                                                                                                                        {
                                                                                                                                            "operator_name": "HASH_JOIN",
                                                                                                                                            "cpu_time": 0.6500763199999997,
                                                                                                                                            "extra_info": {
                                                                                                                                                "Join Type": "RIGHT",
                                                                                                                                                "Conditions": "userid = id",
                                                                                                                                                "Estimated Cardinality": "2321724"
                                                                                                                                            },
                                                                                                                                            "cumulative_cardinality": 6615847,
                                                                                                                                            "operator_type": "HASH_JOIN",
                                                                                                                                            "operator_cardinality": 3033413,
                                                                                                                                            "cumulative_rows_scanned": 9486592,
                                                                                                                                            "operator_rows_scanned": 0,
                                                                                                                                            "operator_timing": 0.35176631599999975,
                                                                                                                                            "result_set_size": 66735086,
                                                                                                                                            "children": [
                                                                                                                                                {
                                                                                                                                                    "operator_name": "READ_PARQUET ",
                                                                                                                                                    "cpu_time": 0.125507247,
                                                                                                                                                    "extra_info": {
                                                                                                                                                        "Function": "READ_PARQUET",
                                                                                                                                                        "Projections": [
                                                                                                                                                            "userid",
                                                                                                                                                            "class"
                                                                                                                                                        ],
                                                                                                                                                        "Estimated Cardinality": "2321724"
                                                                                                                                                    },
                                                                                                                                                    "cumulative_cardinality": 2321724,
                                                                                                                                                    "operator_type": "TABLE_SCAN",
                                                                                                                                                    "operator_cardinality": 2321724,
                                                                                                                                                    "cumulative_rows_scanned": 6965172,
                                                                                                                                                    "operator_rows_scanned": 6965172,
                                                                                                                                                    "operator_timing": 0.125507247,
                                                                                                                                                    "result_set_size": 13930344,
                                                                                                                                                    "children": []
                                                                                                                                                },
                                                                                                                                                {
                                                                                                                                                    "operator_name": "READ_PARQUET ",
                                                                                                                                                    "cpu_time": 0.17280275700000003,
                                                                                                                                                    "extra_info": {
                                                                                                                                                        "Function": "READ_PARQUET",
                                                                                                                                                        "Projections": [
                                                                                                                                                            "id",
                                                                                                                                                            "displayname"
                                                                                                                                                        ],
                                                                                                                                                        "Estimated Cardinality": "1260710"
                                                                                                                                                    },
                                                                                                                                                    "cumulative_cardinality": 1260710,
                                                                                                                                                    "operator_type": "TABLE_SCAN",
                                                                                                                                                    "operator_cardinality": 1260710,
                                                                                                                                                    "cumulative_rows_scanned": 2521420,
                                                                                                                                                    "operator_rows_scanned": 2521420,
                                                                                                                                                    "operator_timing": 0.17280275700000003,
                                                                                                                                                    "result_set_size": 25214200,
                                                                                                                                                    "children": []
                                                                                                                                                }
                                                                                                                                            ]
                                                                                                                                        }
                                                                                                                                    ]
                                                                                                                                }
                                                                                                                            ]
                                                                                                                        }
                                                                                                                    ]
                                                                                                                }
                                                                                                            ]
                                                                                                        }
                                                                                                    ]
                                                                                                }
                                                                                            ]
                                                                                        }
                                                                                    ]
                                                                                }
                                                                            ]
                                                                        }
                                                                    ]
                                                                }
                                                            ]
                                                        }
                                                    ]
                                                }
                                            ]
                                        }
                                    ]
                                }
                            ]
                        }
                    ]
                }
            ]
        }
    ]
}