{
    "rows_returned": 0,
    "query_name": "SELECT \n    a.name AS actor_name,\n    t.title AS movie_title,\n    c.kind AS cast_type,\n    d.info AS additional_info,\n    k.keyword AS movie_keyword\nFROM \n    aka_name a\nJOIN \n    cast_info ci ON a.person_id = ci.person_id\nJOIN \n    title t ON ci.movie_id = t.id\nJOIN \n    movie_info d ON t.id = d.movie_id\nJOIN \n    movie_keyword mk ON t.id = mk.movie_id\nJOIN \n    keyword k ON mk.keyword_id = k.id\nJOIN \n    comp_cast_type c ON ci.person_role_id = c.id\nWHERE \n    t.production_year BETWEEN 2000 AND 2023\n    AND c.kind ILIKE '%lead%'\nORDER BY \n    a.name, t.production_year DESC",
    "blocked_thread_time": 0.0,
    "cpu_time": 5.340609163,
    "extra_info": {},
    "cumulative_cardinality": 12590734,
    "cumulative_rows_scanned": 1522327943,
    "result_set_size": 0,
    "latency": 1.03626395,
    "children": [
        {
            "operator_name": "ORDER_BY",
            "cpu_time": 5.340609163,
            "extra_info": {
                "Order By": [
                    "a.\"name\" ASC",
                    "#5 DESC"
                ]
            },
            "cumulative_cardinality": 12590734,
            "operator_type": "ORDER_BY",
            "operator_cardinality": 0,
            "cumulative_rows_scanned": 1522327943,
            "operator_rows_scanned": 0,
            "operator_timing": 8.82e-7,
            "result_set_size": 0,
            "children": [
                {
                    "operator_name": "PROJECTION",
                    "cpu_time": 5.340608281,
                    "extra_info": {
                        "Projections": [
                            "#0",
                            "#1",
                            "#2",
                            "#3",
                            "#4",
                            "__internal_compress_integral_utinyint(#5, 2000)"
                        ],
                        "Estimated Cardinality": "19027120"
                    },
                    "cumulative_cardinality": 12590734,
                    "operator_type": "PROJECTION",
                    "operator_cardinality": 0,
                    "cumulative_rows_scanned": 1522327943,
                    "operator_rows_scanned": 0,
                    "operator_timing": 0.0,
                    "result_set_size": 0,
                    "children": [
                        {
                            "operator_name": "PROJECTION",
                            "cpu_time": 5.340608281,
                            "extra_info": {
                                "Projections": [
                                    "actor_name",
                                    "movie_title",
                                    "cast_type",
                                    "additional_info",
                                    "movie_keyword",
                                    "production_year"
                                ],
                                "Estimated Cardinality": "19027120"
                            },
                            "cumulative_cardinality": 12590734,
                            "operator_type": "PROJECTION",
                            "operator_cardinality": 0,
                            "cumulative_rows_scanned": 1522327943,
                            "operator_rows_scanned": 0,
                            "operator_timing": 0.0,
                            "result_set_size": 0,
                            "children": [
                                {
                                    "operator_name": "PROJECTION",
                                    "cpu_time": 5.340608281,
                                    "extra_info": {
                                        "Projections": [
                                            "#0",
                                            "#5",
                                            "#1",
                                            "#2",
                                            "__internal_decompress_integral_bigint(#3, 2000)",
                                            "#4"
                                        ],
                                        "Estimated Cardinality": "19027120"
                                    },
                                    "cumulative_cardinality": 12590734,
                                    "operator_type": "PROJECTION",
                                    "operator_cardinality": 0,
                                    "cumulative_rows_scanned": 1522327943,
                                    "operator_rows_scanned": 0,
                                    "operator_timing": 0.0,
                                    "result_set_size": 0,
                                    "children": [
                                        {
                                            "operator_name": "HASH_JOIN",
                                            "cpu_time": 5.340608281,
                                            "extra_info": {
                                                "Join Type": "INNER",
                                                "Conditions": "movie_id = movie_id",
                                                "Estimated Cardinality": "19027120"
                                            },
                                            "cumulative_cardinality": 12590734,
                                            "operator_type": "HASH_JOIN",
                                            "operator_cardinality": 0,
                                            "cumulative_rows_scanned": 1522327943,
                                            "operator_rows_scanned": 0,
                                            "operator_timing": 0.000277769,
                                            "result_set_size": 0,
                                            "children": [
                                                {
                                                    "operator_name": "PROJECTION",
                                                    "cpu_time": 1.816341032,
                                                    "extra_info": {
                                                        "Projections": [
                                                            "__internal_compress_integral_uinteger(#0, 2)",
                                                            "#1"
                                                        ],
                                                        "Estimated Cardinality": "14835720"
                                                    },
                                                    "cumulative_cardinality": 61440,
                                                    "operator_type": "PROJECTION",
                                                    "operator_cardinality": 30720,
                                                    "cumulative_rows_scanned": 222535800,
                                                    "operator_rows_scanned": 0,
                                                    "operator_timing": 0.000185607,
                                                    "result_set_size": 614400,
                                                    "children": [
                                                        {
                                                            "operator_name": "READ_PARQUET ",
                                                            "cpu_time": 1.816155425,
                                                            "extra_info": {
                                                                "Function": "READ_PARQUET",
                                                                "Projections": [
                                                                    "movie_id",
                                                                    "info"
                                                                ],
                                                                "Filters": "movie_id>=2 AND movie_id<=2525971",
                                                                "Estimated Cardinality": "14835720"
                                                            },
                                                            "cumulative_cardinality": 30720,
                                                            "operator_type": "TABLE_SCAN",
                                                            "operator_cardinality": 30720,
                                                            "cumulative_rows_scanned": 222535800,
                                                            "operator_rows_scanned": 222535800,
                                                            "operator_timing": 1.816155425,
                                                            "result_set_size": 737280,
                                                            "children": []
                                                        }
                                                    ]
                                                },
                                                {
                                                    "operator_name": "PROJECTION",
                                                    "cpu_time": 3.52398948,
                                                    "extra_info": {
                                                        "Projections": [
                                                            "__internal_compress_integral_uinteger(#0, 2)",
                                                            "#1",
                                                            "#2",
                                                            "__internal_compress_integral_utinyint(#3, 2000)",
                                                            "#4",
                                                            "#5"
                                                        ],
                                                        "Estimated Cardinality": "3242612"
                                                    },
                                                    "cumulative_cardinality": 12529294,
                                                    "operator_type": "PROJECTION",
                                                    "operator_cardinality": 0,
                                                    "cumulative_rows_scanned": 1299792143,
                                                    "operator_rows_scanned": 0,
                                                    "operator_timing": 0.0,
                                                    "result_set_size": 0,
                                                    "children": [
                                                        {
                                                            "operator_name": "HASH_JOIN",
                                                            "cpu_time": 3.52398948,
                                                            "extra_info": {
                                                                "Join Type": "INNER",
                                                                "Conditions": "person_id = person_id",
                                                                "Estimated Cardinality": "3242612"
                                                            },
                                                            "cumulative_cardinality": 12529294,
                                                            "operator_type": "HASH_JOIN",
                                                            "operator_cardinality": 0,
                                                            "cumulative_rows_scanned": 1299792143,
                                                            "operator_rows_scanned": 0,
                                                            "operator_timing": 0.125180025,
                                                            "result_set_size": 0,
                                                            "children": [
                                                                {
                                                                    "operator_name": "FILTER",
                                                                    "cpu_time": 3.1956412039999997,
                                                                    "extra_info": {
                                                                        "Expression": "(person_id >= 4)",
                                                                        "Estimated Cardinality": "3242612"
                                                                    },
                                                                    "cumulative_cardinality": 11756713,
                                                                    "operator_type": "FILTER",
                                                                    "operator_cardinality": 0,
                                                                    "cumulative_rows_scanned": 1298890800,
                                                                    "operator_rows_scanned": 0,
                                                                    "operator_timing": 3.51e-7,
                                                                    "result_set_size": 0,
                                                                    "children": [
                                                                        {
                                                                            "operator_name": "HASH_JOIN",
                                                                            "cpu_time": 3.1956408529999996,
                                                                            "extra_info": {
                                                                                "Join Type": "INNER",
                                                                                "Conditions": "movie_id = movie_id",
                                                                                "Estimated Cardinality": "3242612"
                                                                            },
                                                                            "cumulative_cardinality": 11756713,
                                                                            "operator_type": "HASH_JOIN",
                                                                            "operator_cardinality": 0,
                                                                            "cumulative_rows_scanned": 1298890800,
                                                                            "operator_rows_scanned": 0,
                                                                            "operator_timing": 0.3798128340000001,
                                                                            "result_set_size": 0,
                                                                            "children": [
                                                                                {
                                                                                    "operator_name": "FILTER",
                                                                                    "cpu_time": 0.7765657890000002,
                                                                                    "extra_info": {
                                                                                        "Expression": "(movie_id BETWEEN 2 AND 2525971)",
                                                                                        "Estimated Cardinality": "9061086"
                                                                                    },
                                                                                    "cumulative_cardinality": 71679,
                                                                                    "operator_type": "FILTER",
                                                                                    "operator_cardinality": 0,
                                                                                    "cumulative_rows_scanned": 1268552044,
                                                                                    "operator_rows_scanned": 0,
                                                                                    "operator_timing": 4.1e-7,
                                                                                    "result_set_size": 0,
                                                                                    "children": [
                                                                                        {
                                                                                            "operator_name": "HASH_JOIN",
                                                                                            "cpu_time": 0.7765653790000002,
                                                                                            "extra_info": {
                                                                                                "Join Type": "INNER",
                                                                                                "Conditions": "person_role_id = id",
                                                                                                "Estimated Cardinality": "9061086"
                                                                                            },
                                                                                            "cumulative_cardinality": 71679,
                                                                                            "operator_type": "HASH_JOIN",
                                                                                            "operator_cardinality": 0,
                                                                                            "cumulative_rows_scanned": 1268552044,
                                                                                            "operator_rows_scanned": 0,
                                                                                            "operator_timing": 0.0005009060000000001,
                                                                                            "result_set_size": 0,
                                                                                            "children": [
                                                                                                {
                                                                                                    "operator_name": "READ_PARQUET ",
                                                                                                    "cpu_time": 0.7753854930000003,
                                                                                                    "extra_info": {
                                                                                                        "Function": "READ_PARQUET",
                                                                                                        "Projections": [
                                                                                                            "person_id",
                                                                                                            "movie_id",
                                                                                                            "person_role_id"
                                                                                                        ],
                                                                                                        "Estimated Cardinality": "36244344"
                                                                                                    },
                                                                                                    "cumulative_cardinality": 71675,
                                                                                                    "operator_type": "TABLE_SCAN",
                                                                                                    "operator_cardinality": 71675,
                                                                                                    "cumulative_rows_scanned": 1268552040,
                                                                                                    "operator_rows_scanned": 1268552040,
                                                                                                    "operator_timing": 0.7753854930000003,
                                                                                                    "result_set_size": 1720200,
                                                                                                    "children": []
                                                                                                },
                                                                                                {
                                                                                                    "operator_name": "FILTER",
                                                                                                    "cpu_time": 0.00067898,
                                                                                                    "extra_info": {
                                                                                                        "Expression": "(kind ~~* '%lead%')",
                                                                                                        "Estimated Cardinality": "1"
                                                                                                    },
                                                                                                    "cumulative_cardinality": 4,
                                                                                                    "operator_type": "FILTER",
                                                                                                    "operator_cardinality": 0,
                                                                                                    "cumulative_rows_scanned": 4,
                                                                                                    "operator_rows_scanned": 0,
                                                                                                    "operator_timing": 0.000128431,
                                                                                                    "result_set_size": 0,
                                                                                                    "children": [
                                                                                                        {
                                                                                                            "operator_name": "READ_PARQUET ",
                                                                                                            "cpu_time": 0.000550549,
                                                                                                            "extra_info": {
                                                                                                                "Function": "READ_PARQUET",
                                                                                                                "Projections": [
                                                                                                                    "id",
                                                                                                                    "kind"
                                                                                                                ],
                                                                                                                "Estimated Cardinality": "4"
                                                                                                            },
                                                                                                            "cumulative_cardinality": 4,
                                                                                                            "operator_type": "TABLE_SCAN",
                                                                                                            "operator_cardinality": 4,
                                                                                                            "cumulative_rows_scanned": 4,
                                                                                                            "operator_rows_scanned": 4,
                                                                                                            "operator_timing": 0.000550549,
                                                                                                            "result_set_size": 96,
                                                                                                            "children": []
                                                                                                        }
                                                                                                    ]
                                                                                                }
                                                                                            ]
                                                                                        }
                                                                                    ]
                                                                                },
                                                                                {
                                                                                    "operator_name": "HASH_JOIN",
                                                                                    "cpu_time": 2.0392622299999994,
                                                                                    "extra_info": {
                                                                                        "Join Type": "INNER",
                                                                                        "Conditions": "keyword_id = id",
                                                                                        "Estimated Cardinality": "904785"
                                                                                    },
                                                                                    "cumulative_cardinality": 11685034,
                                                                                    "operator_type": "HASH_JOIN",
                                                                                    "operator_cardinality": 2079172,
                                                                                    "cumulative_rows_scanned": 30338756,
                                                                                    "operator_rows_scanned": 0,
                                                                                    "operator_timing": 0.026863554999999997,
                                                                                    "result_set_size": 99800256,
                                                                                    "children": [
                                                                                        {
                                                                                            "operator_name": "HASH_JOIN",
                                                                                            "cpu_time": 1.9270309579999996,
                                                                                            "extra_info": {
                                                                                                "Join Type": "INNER",
                                                                                                "Conditions": "movie_id = id",
                                                                                                "Estimated Cardinality": "904785"
                                                                                            },
                                                                                            "cumulative_cardinality": 9471692,
                                                                                            "operator_type": "HASH_JOIN",
                                                                                            "operator_cardinality": 2079172,
                                                                                            "cumulative_rows_scanned": 30204586,
                                                                                            "operator_rows_scanned": 0,
                                                                                            "operator_timing": 0.3804411530000001,
                                                                                            "result_set_size": 83166880,
                                                                                            "children": [
                                                                                                {
                                                                                                    "operator_name": "READ_PARQUET ",
                                                                                                    "cpu_time": 0.5675901389999997,
                                                                                                    "extra_info": {
                                                                                                        "Function": "READ_PARQUET",
                                                                                                        "Projections": [
                                                                                                            "movie_id",
                                                                                                            "keyword_id"
                                                                                                        ],
                                                                                                        "Estimated Cardinality": "4523930"
                                                                                                    },
                                                                                                    "cumulative_cardinality": 4523927,
                                                                                                    "operator_type": "TABLE_SCAN",
                                                                                                    "operator_cardinality": 4523927,
                                                                                                    "cumulative_rows_scanned": 22619650,
                                                                                                    "operator_rows_scanned": 22619650,
                                                                                                    "operator_timing": 0.5675901389999997,
                                                                                                    "result_set_size": 72382832,
                                                                                                    "children": []
                                                                                                },
                                                                                                {
                                                                                                    "operator_name": "FILTER",
                                                                                                    "cpu_time": 0.9789996659999997,
                                                                                                    "extra_info": {
                                                                                                        "Expression": "(id BETWEEN 2 AND 2525971)",
                                                                                                        "Estimated Cardinality": "505662"
                                                                                                    },
                                                                                                    "cumulative_cardinality": 2868593,
                                                                                                    "operator_type": "FILTER",
                                                                                                    "operator_cardinality": 1434128,
                                                                                                    "cumulative_rows_scanned": 7584936,
                                                                                                    "operator_rows_scanned": 0,
                                                                                                    "operator_timing": 0.0069873570000000005,
                                                                                                    "result_set_size": 45892096,
                                                                                                    "children": [
                                                                                                        {
                                                                                                            "operator_name": "READ_PARQUET ",
                                                                                                            "cpu_time": 0.9720123089999997,
                                                                                                            "extra_info": {
                                                                                                                "Function": "READ_PARQUET",
                                                                                                                "Projections": [
                                                                                                                    "id",
                                                                                                                    "title",
                                                                                                                    "production_year"
                                                                                                                ],
                                                                                                                "Filters": "production_year>=2000 AND production_year<=2023",
                                                                                                                "Estimated Cardinality": "505662"
                                                                                                            },
                                                                                                            "cumulative_cardinality": 1434465,
                                                                                                            "operator_type": "TABLE_SCAN",
                                                                                                            "operator_cardinality": 1434465,
                                                                                                            "cumulative_rows_scanned": 7584936,
                                                                                                            "operator_rows_scanned": 7584936,
                                                                                                            "operator_timing": 0.9720123089999997,
                                                                                                            "result_set_size": 45902880,
                                                                                                            "children": []
                                                                                                        }
                                                                                                    ]
                                                                                                }
                                                                                            ]
                                                                                        },
                                                                                        {
                                                                                            "operator_name": "READ_PARQUET ",
                                                                                            "cpu_time": 0.085367717,
                                                                                            "extra_info": {
                                                                                                "Function": "READ_PARQUET",
                                                                                                "Projections": [
                                                                                                    "id",
                                                                                                    "keyword"
                                                                                                ],
                                                                                                "Estimated Cardinality": "134170"
                                                                                            },
                                                                                            "cumulative_cardinality": 134170,
                                                                                            "operator_type": "TABLE_SCAN",
                                                                                            "operator_cardinality": 134170,
                                                                                            "cumulative_rows_scanned": 134170,
                                                                                            "operator_rows_scanned": 134170,
                                                                                            "operator_timing": 0.085367717,
                                                                                            "result_set_size": 3220080,
                                                                                            "children": []
                                                                                        }
                                                                                    ]
                                                                                }
                                                                            ]
                                                                        }
                                                                    ]
                                                                },
                                                                {
                                                                    "operator_name": "READ_PARQUET ",
                                                                    "cpu_time": 0.20316825099999997,
                                                                    "extra_info": {
                                                                        "Function": "READ_PARQUET",
                                                                        "Projections": [
                                                                            "person_id",
                                                                            "name"
                                                                        ],
                                                                        "Filters": "person_id<=4061926",
                                                                        "Estimated Cardinality": "901343"
                                                                    },
                                                                    "cumulative_cardinality": 772581,
                                                                    "operator_type": "TABLE_SCAN",
                                                                    "operator_cardinality": 772581,
                                                                    "cumulative_rows_scanned": 901343,
                                                                    "operator_rows_scanned": 901343,
                                                                    "operator_timing": 0.20316825099999997,
                                                                    "result_set_size": 18541944,
                                                                    "children": []
                                                                }
                                                            ]
                                                        }
                                                    ]
                                                }
                                            ]
                                        }
                                    ]
                                }
                            ]
                        }
                    ]
                }
            ]
        }
    ]
}