{
    "rows_returned": 5,
    "query_name": "WITH RegionalSales AS (\n    SELECT \n        r.r_name AS region_name,\n        SUM(l.l_extendedprice * (1 - l.l_discount)) AS total_sales,\n        COUNT(DISTINCT o.o_orderkey) AS order_count\n    FROM \n        region r\n    JOIN \n        nation n ON r.r_regionkey = n.n_regionkey\n    JOIN \n        supplier s ON n.n_nationkey = s.s_nationkey\n    JOIN \n        partsupp ps ON s.s_suppkey = ps.ps_suppkey\n    JOIN \n        part p ON ps.ps_partkey = p.p_partkey\n    JOIN \n        lineitem l ON p.p_partkey = l.l_partkey\n    JOIN \n        orders o ON l.l_orderkey = o.o_orderkey\n    WHERE \n        o.o_orderdate >= DATE '1996-01-01' AND o.o_orderdate < DATE '1997-01-01'\n    GROUP BY \n        r.r_name\n),\nAverageSales AS (\n    SELECT \n        AVG(total_sales) AS avg_sales,\n        AVG(order_count) AS avg_order_count\n    FROM \n        RegionalSales\n)\nSELECT \n    rs.region_name,\n    rs.total_sales,\n    rs.order_count,\n    (rs.total_sales - avg.avg_sales) / NULLIF(avg.avg_sales, 0) * 100 AS sales_variance_percentage,\n    (rs.order_count - avg.avg_order_count) / NULLIF(avg.avg_order_count, 0) * 100 AS order_count_variance_percentage\nFROM \n    RegionalSales rs\nCROSS JOIN \n    AverageSales avg\nORDER BY \n    rs.total_sales DESC",
    "blocked_thread_time": 0.0,
    "cpu_time": 19.250695247999996,
    "extra_info": {},
    "cumulative_cardinality": 277126053,
    "cumulative_rows_scanned": 3772291046,
    "result_set_size": 240,
    "latency": 0.8243768,
    "children": [
        {
            "operator_name": "ORDER_BY",
            "cpu_time": 19.250695247999996,
            "extra_info": {
                "Order By": "rs.total_sales DESC"
            },
            "cumulative_cardinality": 277126053,
            "operator_type": "ORDER_BY",
            "operator_cardinality": 5,
            "cumulative_rows_scanned": 3772291046,
            "operator_rows_scanned": 0,
            "operator_timing": 0.019735565999999982,
            "result_set_size": 240,
            "children": [
                {
                    "operator_name": "PROJECTION",
                    "cpu_time": 19.230959681999995,
                    "extra_info": {
                        "Projections": [
                            "region_name",
                            "total_sales",
                            "order_count",
                            "sales_variance_percentage",
                            "order_count_variance_percentage"
                        ],
                        "Estimated Cardinality": "5"
                    },
                    "cumulative_cardinality": 277126048,
                    "operator_type": "PROJECTION",
                    "operator_cardinality": 5,
                    "cumulative_rows_scanned": 3772291046,
                    "operator_rows_scanned": 0,
                    "operator_timing": 0.0005832,
                    "result_set_size": 240,
                    "children": [
                        {
                            "operator_name": "CTE",
                            "cpu_time": 19.230376481999993,
                            "extra_info": {
                                "CTE Name": "RegionalSales",
                                "Table Index": "0"
                            },
                            "cumulative_cardinality": 277126043,
                            "operator_type": "CTE",
                            "operator_cardinality": 0,
                            "cumulative_rows_scanned": 3772291046,
                            "operator_rows_scanned": 0,
                            "operator_timing": 0.000022071000000000003,
                            "result_set_size": 0,
                            "children": [
                                {
                                    "operator_name": "HASH_GROUP_BY",
                                    "cpu_time": 19.229961067999994,
                                    "extra_info": {
                                        "Groups": "#0",
                                        "Aggregates": [
                                            "sum(#1)",
                                            "count(DISTINCT #2)"
                                        ],
                                        "Estimated Cardinality": "5"
                                    },
                                    "cumulative_cardinality": 277126022,
                                    "operator_type": "HASH_GROUP_BY",
                                    "operator_cardinality": 5,
                                    "cumulative_rows_scanned": 3772291046,
                                    "operator_rows_scanned": 0,
                                    "operator_timing": 5.087873980999998,
                                    "result_set_size": 160,
                                    "children": [
                                        {
                                            "operator_name": "PROJECTION",
                                            "cpu_time": 14.142087086999998,
                                            "extra_info": {
                                                "Projections": [
                                                    "r_name",
                                                    "(l_extendedprice * (1.0 - l_discount))",
                                                    "o_orderkey"
                                                ],
                                                "Estimated Cardinality": "47988841"
                                            },
                                            "cumulative_cardinality": 277126017,
                                            "operator_type": "PROJECTION",
                                            "operator_cardinality": 36505448,
                                            "cumulative_rows_scanned": 3772291046,
                                            "operator_rows_scanned": 0,
                                            "operator_timing": 0.4596325890000001,
                                            "result_set_size": 1168174336,
                                            "children": [
                                                {
                                                    "operator_name": "HASH_JOIN",
                                                    "cpu_time": 13.682454497999998,
                                                    "extra_info": {
                                                        "Join Type": "INNER",
                                                        "Conditions": "l_partkey = ps_partkey",
                                                        "Estimated Cardinality": "47988841"
                                                    },
                                                    "cumulative_cardinality": 240620569,
                                                    "operator_type": "HASH_JOIN",
                                                    "operator_cardinality": 36505448,
                                                    "cumulative_rows_scanned": 3772291046,
                                                    "operator_rows_scanned": 0,
                                                    "operator_timing": 3.0239661149999995,
                                                    "result_set_size": 1460217920,
                                                    "children": [
                                                        {
                                                            "operator_name": "PROJECTION",
                                                            "cpu_time": 9.774090765999999,
                                                            "extra_info": {
                                                                "Projections": [
                                                                    "#0",
                                                                    "__internal_compress_integral_uinteger(#1, 1)",
                                                                    "#2",
                                                                    "#3",
                                                                    "#4"
                                                                ],
                                                                "Estimated Cardinality": "11997210"
                                                            },
                                                            "cumulative_cardinality": 151915066,
                                                            "operator_type": "PROJECTION",
                                                            "operator_cardinality": 9126362,
                                                            "cumulative_rows_scanned": 3704191016,
                                                            "operator_rows_scanned": 0,
                                                            "operator_timing": 0.063621504,
                                                            "result_set_size": 328549032,
                                                            "children": [
                                                                {
                                                                    "operator_name": "PROJECTION",
                                                                    "cpu_time": 9.710469261999998,
                                                                    "extra_info": {
                                                                        "Projections": [
                                                                            "__internal_decompress_integral_bigint(#0, 1)",
                                                                            "#1",
                                                                            "#2",
                                                                            "#3",
                                                                            "__internal_decompress_integral_bigint(#4, 1)"
                                                                        ],
                                                                        "Estimated Cardinality": "11997210"
                                                                    },
                                                                    "cumulative_cardinality": 142788704,
                                                                    "operator_type": "PROJECTION",
                                                                    "operator_cardinality": 9126362,
                                                                    "cumulative_rows_scanned": 3704191016,
                                                                    "operator_rows_scanned": 0,
                                                                    "operator_timing": 0.07267489100000002,
                                                                    "result_set_size": 365054480,
                                                                    "children": [
                                                                        {
                                                                            "operator_name": "HASH_JOIN",
                                                                            "cpu_time": 9.637794370999998,
                                                                            "extra_info": {
                                                                                "Join Type": "INNER",
                                                                                "Conditions": "l_orderkey = o_orderkey",
                                                                                "Estimated Cardinality": "11997210"
                                                                            },
                                                                            "cumulative_cardinality": 133662342,
                                                                            "operator_type": "HASH_JOIN",
                                                                            "operator_cardinality": 9126362,
                                                                            "cumulative_rows_scanned": 3704191016,
                                                                            "operator_rows_scanned": 0,
                                                                            "operator_timing": 2.224190424,
                                                                            "result_set_size": 292043584,
                                                                            "children": [
                                                                                {
                                                                                    "operator_name": "PROJECTION",
                                                                                    "cpu_time": 6.387347455999998,
                                                                                    "extra_info": {
                                                                                        "Projections": [
                                                                                            "__internal_compress_integral_uinteger(#0, 1)",
                                                                                            "#1",
                                                                                            "#2",
                                                                                            "#3"
                                                                                        ],
                                                                                        "Estimated Cardinality": "59986052"
                                                                                    },
                                                                                    "cumulative_cardinality": 119972104,
                                                                                    "operator_type": "PROJECTION",
                                                                                    "operator_cardinality": 59986052,
                                                                                    "cumulative_rows_scanned": 3479191016,
                                                                                    "operator_rows_scanned": 0,
                                                                                    "operator_timing": 0.135877226,
                                                                                    "result_set_size": 1679609456,
                                                                                    "children": [
                                                                                        {
                                                                                            "operator_name": "READ_PARQUET ",
                                                                                            "cpu_time": 6.251470229999998,
                                                                                            "extra_info": {
                                                                                                "Function": "READ_PARQUET",
                                                                                                "Projections": [
                                                                                                    "l_orderkey",
                                                                                                    "l_partkey",
                                                                                                    "l_extendedprice",
                                                                                                    "l_discount"
                                                                                                ],
                                                                                                "Estimated Cardinality": "59986052"
                                                                                            },
                                                                                            "cumulative_cardinality": 59986052,
                                                                                            "operator_type": "TABLE_SCAN",
                                                                                            "operator_cardinality": 59986052,
                                                                                            "cumulative_rows_scanned": 3479191016,
                                                                                            "operator_rows_scanned": 3479191016,
                                                                                            "operator_timing": 6.251470229999998,
                                                                                            "result_set_size": 1919553664,
                                                                                            "children": []
                                                                                        }
                                                                                    ]
                                                                                },
                                                                                {
                                                                                    "operator_name": "PROJECTION",
                                                                                    "cpu_time": 1.026256491,
                                                                                    "extra_info": {
                                                                                        "Projections": "__internal_compress_integral_uinteger(#0, 1)",
                                                                                        "Estimated Cardinality": "3000000"
                                                                                    },
                                                                                    "cumulative_cardinality": 4563876,
                                                                                    "operator_type": "PROJECTION",
                                                                                    "operator_cardinality": 2281938,
                                                                                    "cumulative_rows_scanned": 225000000,
                                                                                    "operator_rows_scanned": 0,
                                                                                    "operator_timing": 0.013385045,
                                                                                    "result_set_size": 9127752,
                                                                                    "children": [
                                                                                        {
                                                                                            "operator_name": "READ_PARQUET ",
                                                                                            "cpu_time": 1.0128714460000001,
                                                                                            "extra_info": {
                                                                                                "Function": "READ_PARQUET",
                                                                                                "Projections": "o_orderkey",
                                                                                                "Filters": "o_orderdate>='1996-01-01 00:00:00'::TIMESTAMP_NS AND o_orderdate<'1997-01-01 00:00:00'::TIMESTAMP_NS",
                                                                                                "Estimated Cardinality": "3000000"
                                                                                            },
                                                                                            "cumulative_cardinality": 2281938,
                                                                                            "operator_type": "TABLE_SCAN",
                                                                                            "operator_cardinality": 2281938,
                                                                                            "cumulative_rows_scanned": 225000000,
                                                                                            "operator_rows_scanned": 225000000,
                                                                                            "operator_timing": 1.0128714460000001,
                                                                                            "result_set_size": 18255504,
                                                                                            "children": []
                                                                                        }
                                                                                    ]
                                                                                }
                                                                            ]
                                                                        }
                                                                    ]
                                                                }
                                                            ]
                                                        },
                                                        {
                                                            "operator_name": "PROJECTION",
                                                            "cpu_time": 0.8843976170000003,
                                                            "extra_info": {
                                                                "Projections": [
                                                                    "__internal_compress_integral_uinteger(#0, 1)",
                                                                    "#1"
                                                                ],
                                                                "Estimated Cardinality": "8000000"
                                                            },
                                                            "cumulative_cardinality": 52200055,
                                                            "operator_type": "PROJECTION",
                                                            "operator_cardinality": 8000000,
                                                            "cumulative_rows_scanned": 68100030,
                                                            "operator_rows_scanned": 0,
                                                            "operator_timing": 0.003904671999999992,
                                                            "result_set_size": 160000000,
                                                            "children": [
                                                                {
                                                                    "operator_name": "HASH_JOIN",
                                                                    "cpu_time": 0.8804929450000003,
                                                                    "extra_info": {
                                                                        "Join Type": "INNER",
                                                                        "Conditions": "ps_suppkey = s_suppkey",
                                                                        "Estimated Cardinality": "8000000"
                                                                    },
                                                                    "cumulative_cardinality": 44200055,
                                                                    "operator_type": "HASH_JOIN",
                                                                    "operator_cardinality": 8000000,
                                                                    "cumulative_rows_scanned": 68100030,
                                                                    "operator_rows_scanned": 0,
                                                                    "operator_timing": 0.02777756399999999,
                                                                    "result_set_size": 192000000,
                                                                    "children": [
                                                                        {
                                                                            "operator_name": "PROJECTION",
                                                                            "cpu_time": 0.8347223070000003,
                                                                            "extra_info": {
                                                                                "Projections": [
                                                                                    "__internal_decompress_integral_bigint(#0, 1)",
                                                                                    "#1",
                                                                                    "__internal_decompress_integral_bigint(#2, 1)"
                                                                                ],
                                                                                "Estimated Cardinality": "8000000"
                                                                            },
                                                                            "cumulative_cardinality": 36000000,
                                                                            "operator_type": "PROJECTION",
                                                                            "operator_cardinality": 8000000,
                                                                            "cumulative_rows_scanned": 68000000,
                                                                            "operator_rows_scanned": 0,
                                                                            "operator_timing": 0.012639399999999993,
                                                                            "result_set_size": 192000000,
                                                                            "children": [
                                                                                {
                                                                                    "operator_name": "HASH_JOIN",
                                                                                    "cpu_time": 0.8220829070000003,
                                                                                    "extra_info": {
                                                                                        "Join Type": "INNER",
                                                                                        "Conditions": "ps_partkey = p_partkey",
                                                                                        "Estimated Cardinality": "8000000"
                                                                                    },
                                                                                    "cumulative_cardinality": 28000000,
                                                                                    "operator_type": "HASH_JOIN",
                                                                                    "operator_cardinality": 8000000,
                                                                                    "cumulative_rows_scanned": 68000000,
                                                                                    "operator_rows_scanned": 0,
                                                                                    "operator_timing": 0.5006942270000002,
                                                                                    "result_set_size": 128000000,
                                                                                    "children": [
                                                                                        {
                                                                                            "operator_name": "PROJECTION",
                                                                                            "cpu_time": 0.25893114899999997,
                                                                                            "extra_info": {
                                                                                                "Projections": [
                                                                                                    "__internal_compress_integral_uinteger(#0, 1)",
                                                                                                    "#1"
                                                                                                ],
                                                                                                "Estimated Cardinality": "8000000"
                                                                                            },
                                                                                            "cumulative_cardinality": 16000000,
                                                                                            "operator_type": "PROJECTION",
                                                                                            "operator_cardinality": 8000000,
                                                                                            "cumulative_rows_scanned": 64000000,
                                                                                            "operator_rows_scanned": 0,
                                                                                            "operator_timing": 0.012893257000000003,
                                                                                            "result_set_size": 96000000,
                                                                                            "children": [
                                                                                                {
                                                                                                    "operator_name": "READ_PARQUET ",
                                                                                                    "cpu_time": 0.24603789199999998,
                                                                                                    "extra_info": {
                                                                                                        "Function": "READ_PARQUET",
                                                                                                        "Projections": [
                                                                                                            "ps_partkey",
                                                                                                            "ps_suppkey"
                                                                                                        ],
                                                                                                        "Estimated Cardinality": "8000000"
                                                                                                    },
                                                                                                    "cumulative_cardinality": 8000000,
                                                                                                    "operator_type": "TABLE_SCAN",
                                                                                                    "operator_cardinality": 8000000,
                                                                                                    "cumulative_rows_scanned": 64000000,
                                                                                                    "operator_rows_scanned": 64000000,
                                                                                                    "operator_timing": 0.24603789199999998,
                                                                                                    "result_set_size": 128000000,
                                                                                                    "children": []
                                                                                                }
                                                                                            ]
                                                                                        },
                                                                                        {
                                                                                            "operator_name": "PROJECTION",
                                                                                            "cpu_time": 0.06245753100000002,
                                                                                            "extra_info": {
                                                                                                "Projections": "__internal_compress_integral_uinteger(#0, 1)",
                                                                                                "Estimated Cardinality": "2000000"
                                                                                            },
                                                                                            "cumulative_cardinality": 4000000,
                                                                                            "operator_type": "PROJECTION",
                                                                                            "operator_cardinality": 2000000,
                                                                                            "cumulative_rows_scanned": 4000000,
                                                                                            "operator_rows_scanned": 0,
                                                                                            "operator_timing": 0.0026950279999999978,
                                                                                            "result_set_size": 8000000,
                                                                                            "children": [
                                                                                                {
                                                                                                    "operator_name": "READ_PARQUET ",
                                                                                                    "cpu_time": 0.05976250300000002,
                                                                                                    "extra_info": {
                                                                                                        "Function": "READ_PARQUET",
                                                                                                        "Projections": "p_partkey",
                                                                                                        "Estimated Cardinality": "2000000"
                                                                                                    },
                                                                                                    "cumulative_cardinality": 2000000,
                                                                                                    "operator_type": "TABLE_SCAN",
                                                                                                    "operator_cardinality": 2000000,
                                                                                                    "cumulative_rows_scanned": 4000000,
                                                                                                    "operator_rows_scanned": 4000000,
                                                                                                    "operator_timing": 0.05976250300000002,
                                                                                                    "result_set_size": 16000000,
                                                                                                    "children": []
                                                                                                }
                                                                                            ]
                                                                                        }
                                                                                    ]
                                                                                }
                                                                            ]
                                                                        },
                                                                        {
                                                                            "operator_name": "HASH_JOIN",
                                                                            "cpu_time": 0.017993073999999998,
                                                                            "extra_info": {
                                                                                "Join Type": "INNER",
                                                                                "Conditions": "s_nationkey = n_nationkey",
                                                                                "Estimated Cardinality": "100000"
                                                                            },
                                                                            "cumulative_cardinality": 200055,
                                                                            "operator_type": "HASH_JOIN",
                                                                            "operator_cardinality": 100000,
                                                                            "cumulative_rows_scanned": 100030,
                                                                            "operator_rows_scanned": 0,
                                                                            "operator_timing": 0.00048260899999999995,
                                                                            "result_set_size": 2400000,
                                                                            "children": [
                                                                                {
                                                                                    "operator_name": "READ_PARQUET ",
                                                                                    "cpu_time": 0.015809983,
                                                                                    "extra_info": {
                                                                                        "Function": "READ_PARQUET",
                                                                                        "Projections": [
                                                                                            "s_suppkey",
                                                                                            "s_nationkey"
                                                                                        ],
                                                                                        "Estimated Cardinality": "100000"
                                                                                    },
                                                                                    "cumulative_cardinality": 100000,
                                                                                    "operator_type": "TABLE_SCAN",
                                                                                    "operator_cardinality": 100000,
                                                                                    "cumulative_rows_scanned": 100000,
                                                                                    "operator_rows_scanned": 100000,
                                                                                    "operator_timing": 0.015809983,
                                                                                    "result_set_size": 1600000,
                                                                                    "children": []
                                                                                },
                                                                                {
                                                                                    "operator_name": "HASH_JOIN",
                                                                                    "cpu_time": 0.0017004820000000001,
                                                                                    "extra_info": {
                                                                                        "Join Type": "INNER",
                                                                                        "Conditions": "n_regionkey = r_regionkey",
                                                                                        "Estimated Cardinality": "25"
                                                                                    },
                                                                                    "cumulative_cardinality": 55,
                                                                                    "operator_type": "HASH_JOIN",
                                                                                    "operator_cardinality": 25,
                                                                                    "cumulative_rows_scanned": 30,
                                                                                    "operator_rows_scanned": 0,
                                                                                    "operator_timing": 0.00012796999999999998,
                                                                                    "result_set_size": 600,
                                                                                    "children": [
                                                                                        {
                                                                                            "operator_name": "READ_PARQUET ",
                                                                                            "cpu_time": 0.000760543,
                                                                                            "extra_info": {
                                                                                                "Function": "READ_PARQUET",
                                                                                                "Projections": [
                                                                                                    "n_nationkey",
                                                                                                    "n_regionkey"
                                                                                                ],
                                                                                                "Estimated Cardinality": "25"
                                                                                            },
                                                                                            "cumulative_cardinality": 25,
                                                                                            "operator_type": "TABLE_SCAN",
                                                                                            "operator_cardinality": 25,
                                                                                            "cumulative_rows_scanned": 25,
                                                                                            "operator_rows_scanned": 25,
                                                                                            "operator_timing": 0.000760543,
                                                                                            "result_set_size": 400,
                                                                                            "children": []
                                                                                        },
                                                                                        {
                                                                                            "operator_name": "READ_PARQUET ",
                                                                                            "cpu_time": 0.0008119690000000001,
                                                                                            "extra_info": {
                                                                                                "Function": "READ_PARQUET",
                                                                                                "Projections": [
                                                                                                    "r_regionkey",
                                                                                                    "r_name"
                                                                                                ],
                                                                                                "Estimated Cardinality": "5"
                                                                                            },
                                                                                            "cumulative_cardinality": 5,
                                                                                            "operator_type": "TABLE_SCAN",
                                                                                            "operator_cardinality": 5,
                                                                                            "cumulative_rows_scanned": 5,
                                                                                            "operator_rows_scanned": 5,
                                                                                            "operator_timing": 0.0008119690000000001,
                                                                                            "result_set_size": 120,
                                                                                            "children": []
                                                                                        }
                                                                                    ]
                                                                                }
                                                                            ]
                                                                        }
                                                                    ]
                                                                }
                                                            ]
                                                        }
                                                    ]
                                                }
                                            ]
                                        }
                                    ]
                                },
                                {
                                    "operator_name": "CROSS_PRODUCT",
                                    "cpu_time": 0.000393343,
                                    "extra_info": {},
                                    "cumulative_cardinality": 21,
                                    "operator_type": "CROSS_PRODUCT",
                                    "operator_cardinality": 5,
                                    "cumulative_rows_scanned": 0,
                                    "operator_rows_scanned": 0,
                                    "operator_timing": 0.00017691900000000002,
                                    "result_set_size": 240,
                                    "children": [
                                        {
                                            "operator_name": "CTE_SCAN",
                                            "cpu_time": 0.00003183,
                                            "extra_info": {
                                                "CTE Index": "0",
                                                "Estimated Cardinality": "5"
                                            },
                                            "cumulative_cardinality": 5,
                                            "operator_type": "CTE_SCAN",
                                            "operator_cardinality": 5,
                                            "cumulative_rows_scanned": 0,
                                            "operator_rows_scanned": 0,
                                            "operator_timing": 0.00003183,
                                            "result_set_size": 160,
                                            "children": []
                                        },
                                        {
                                            "operator_name": "UNGROUPED_AGGREGATE",
                                            "cpu_time": 0.000184594,
                                            "extra_info": {
                                                "Aggregates": [
                                                    "avg(#0)",
                                                    "avg(#1)"
                                                ]
                                            },
                                            "cumulative_cardinality": 11,
                                            "operator_type": "UNGROUPED_AGGREGATE",
                                            "operator_cardinality": 1,
                                            "cumulative_rows_scanned": 0,
                                            "operator_rows_scanned": 0,
                                            "operator_timing": 0.00010645,
                                            "result_set_size": 16,
                                            "children": [
                                                {
                                                    "operator_name": "PROJECTION",
                                                    "cpu_time": 0.000078144,
                                                    "extra_info": {
                                                        "Projections": [
                                                            "total_sales",
                                                            "order_count"
                                                        ],
                                                        "Estimated Cardinality": "5"
                                                    },
                                                    "cumulative_cardinality": 10,
                                                    "operator_type": "PROJECTION",
                                                    "operator_cardinality": 5,
                                                    "cumulative_rows_scanned": 0,
                                                    "operator_rows_scanned": 0,
                                                    "operator_timing": 0.000006582,
                                                    "result_set_size": 80,
                                                    "children": [
                                                        {
                                                            "operator_name": "CTE_SCAN",
                                                            "cpu_time": 0.000071562,
                                                            "extra_info": {
                                                                "CTE Index": "0",
                                                                "Estimated Cardinality": "5"
                                                            },
                                                            "cumulative_cardinality": 5,
                                                            "operator_type": "CTE_SCAN",
                                                            "operator_cardinality": 5,
                                                            "cumulative_rows_scanned": 0,
                                                            "operator_rows_scanned": 0,
                                                            "operator_timing": 0.000071562,
                                                            "result_set_size": 160,
                                                            "children": []
                                                        }
                                                    ]
                                                }
                                            ]
                                        }
                                    ]
                                }
                            ]
                        }
                    ]
                }
            ]
        }
    ]
}