{
    "rows_returned": 0,
    "query_name": "SELECT \n    s.s_name AS supplier_name,\n    p.p_name AS part_name,\n    CONCAT('Supplier ', s.s_name, ' supplies ', p.p_name, ' with a price of ', CAST(ps.ps_supplycost AS VARCHAR), ' per unit.') AS description,\n    r.r_name AS region_name,\n    COUNT(DISTINCT o.o_orderkey) AS total_orders,\n    SUM(l.l_quantity) AS total_quantity,\n    SUM(l.l_extendedprice) AS total_revenue,\n    AVG(CASE WHEN l.l_discount > 0 THEN (l.l_extendedprice * (1 - l.l_discount)) ELSE l.l_extendedprice END) AS avg_price_after_discount\nFROM \n    supplier s\nJOIN \n    partsupp ps ON s.s_suppkey = ps.ps_suppkey\nJOIN \n    part p ON ps.ps_partkey = p.p_partkey\nJOIN \n    lineitem l ON l.l_partkey = p.p_partkey\nJOIN \n    orders o ON o.o_orderkey = l.l_orderkey\nJOIN \n    customer c ON c.c_custkey = o.o_custkey\nJOIN \n    nation n ON n.n_nationkey = c.c_nationkey\nJOIN \n    region r ON r.r_regionkey = n.n_regionkey\nWHERE \n    r.r_name LIKE 'Europ%'\nGROUP BY \n    s.s_name, p.p_name, r.r_name, ps.ps_supplycost\nORDER BY \n    total_revenue DESC\nLIMIT 10",
    "blocked_thread_time": 0.0,
    "cpu_time": 6.797388447000001,
    "extra_info": {},
    "cumulative_cardinality": 52372409,
    "cumulative_rows_scanned": 3775291046,
    "result_set_size": 0,
    "latency": 0.711134409,
    "children": [
        {
            "operator_name": "LIMIT",
            "cpu_time": 6.797388447000001,
            "extra_info": {},
            "cumulative_cardinality": 52372409,
            "operator_type": "LIMIT",
            "operator_cardinality": 0,
            "cumulative_rows_scanned": 3775291046,
            "operator_rows_scanned": 0,
            "operator_timing": 0.000001704,
            "result_set_size": 0,
            "children": [
                {
                    "operator_name": "ORDER_BY",
                    "cpu_time": 6.7973867430000015,
                    "extra_info": {
                        "Order By": "sum(l.l_extendedprice) DESC"
                    },
                    "cumulative_cardinality": 52372409,
                    "operator_type": "ORDER_BY",
                    "operator_cardinality": 0,
                    "cumulative_rows_scanned": 3775291046,
                    "operator_rows_scanned": 0,
                    "operator_timing": 5.11e-7,
                    "result_set_size": 0,
                    "children": [
                        {
                            "operator_name": "PROJECTION",
                            "cpu_time": 6.797386232000002,
                            "extra_info": {
                                "Projections": [
                                    "supplier_name",
                                    "part_name",
                                    "description",
                                    "region_name",
                                    "total_orders",
                                    "total_quantity",
                                    "total_revenue",
                                    "avg_price_after_discount"
                                ],
                                "Estimated Cardinality": "100000"
                            },
                            "cumulative_cardinality": 52372409,
                            "operator_type": "PROJECTION",
                            "operator_cardinality": 0,
                            "cumulative_rows_scanned": 3775291046,
                            "operator_rows_scanned": 0,
                            "operator_timing": 0.0,
                            "result_set_size": 0,
                            "children": [
                                {
                                    "operator_name": "HASH_GROUP_BY",
                                    "cpu_time": 6.797386232000002,
                                    "extra_info": {
                                        "Groups": [
                                            "#0",
                                            "#1",
                                            "#2",
                                            "#3"
                                        ],
                                        "Aggregates": [
                                            "count(DISTINCT #4)",
                                            "sum(#5)",
                                            "sum(#6)",
                                            "avg(#7)"
                                        ],
                                        "Estimated Cardinality": "100000"
                                    },
                                    "cumulative_cardinality": 52372409,
                                    "operator_type": "HASH_GROUP_BY",
                                    "operator_cardinality": 0,
                                    "cumulative_rows_scanned": 3775291046,
                                    "operator_rows_scanned": 0,
                                    "operator_timing": 8.52e-7,
                                    "result_set_size": 0,
                                    "children": [
                                        {
                                            "operator_name": "PROJECTION",
                                            "cpu_time": 6.7973853800000015,
                                            "extra_info": {
                                                "Projections": [
                                                    "s_name",
                                                    "p_name",
                                                    "r_name",
                                                    "ps_supplycost",
                                                    "o_orderkey",
                                                    "l_quantity",
                                                    "l_extendedprice",
                                                    "CASE  WHEN ((l_discount > 0.0)) THEN ((l_extendedprice * (1.0 - l_discount))) ELSE l_extendedprice END"
                                                ],
                                                "Estimated Cardinality": "47988841"
                                            },
                                            "cumulative_cardinality": 52372409,
                                            "operator_type": "PROJECTION",
                                            "operator_cardinality": 0,
                                            "cumulative_rows_scanned": 3775291046,
                                            "operator_rows_scanned": 0,
                                            "operator_timing": 0.0,
                                            "result_set_size": 0,
                                            "children": [
                                                {
                                                    "operator_name": "PROJECTION",
                                                    "cpu_time": 6.7973853800000015,
                                                    "extra_info": {
                                                        "Projections": [
                                                            "#0",
                                                            "#1",
                                                            "#2",
                                                            "#3",
                                                            "#4",
                                                            "#7",
                                                            "#5",
                                                            "#6"
                                                        ],
                                                        "Estimated Cardinality": "47988841"
                                                    },
                                                    "cumulative_cardinality": 52372409,
                                                    "operator_type": "PROJECTION",
                                                    "operator_cardinality": 0,
                                                    "cumulative_rows_scanned": 3775291046,
                                                    "operator_rows_scanned": 0,
                                                    "operator_timing": 0.0,
                                                    "result_set_size": 0,
                                                    "children": [
                                                        {
                                                            "operator_name": "HASH_JOIN",
                                                            "cpu_time": 6.7973853800000015,
                                                            "extra_info": {
                                                                "Join Type": "INNER",
                                                                "Conditions": "l_partkey = ps_partkey",
                                                                "Estimated Cardinality": "47988841"
                                                            },
                                                            "cumulative_cardinality": 52372409,
                                                            "operator_type": "HASH_JOIN",
                                                            "operator_cardinality": 0,
                                                            "cumulative_rows_scanned": 3775291046,
                                                            "operator_rows_scanned": 0,
                                                            "operator_timing": 1.8534239650000004,
                                                            "result_set_size": 0,
                                                            "children": [
                                                                {
                                                                    "operator_name": "PROJECTION",
                                                                    "cpu_time": 3.4341850160000003,
                                                                    "extra_info": {
                                                                        "Projections": [
                                                                            "#0",
                                                                            "__internal_compress_integral_uinteger(#1, 1)",
                                                                            "#2",
                                                                            "#3",
                                                                            "#4",
                                                                            "#5"
                                                                        ],
                                                                        "Estimated Cardinality": "11997210"
                                                                    },
                                                                    "cumulative_cardinality": 272409,
                                                                    "operator_type": "PROJECTION",
                                                                    "operator_cardinality": 0,
                                                                    "cumulative_rows_scanned": 3707191046,
                                                                    "operator_rows_scanned": 0,
                                                                    "operator_timing": 0.0,
                                                                    "result_set_size": 0,
                                                                    "children": [
                                                                        {
                                                                            "operator_name": "PROJECTION",
                                                                            "cpu_time": 3.4341850160000003,
                                                                            "extra_info": {
                                                                                "Projections": [
                                                                                    "__internal_decompress_integral_bigint(#0, 1)",
                                                                                    "#1",
                                                                                    "#2",
                                                                                    "#3",
                                                                                    "#4",
                                                                                    "#5"
                                                                                ],
                                                                                "Estimated Cardinality": "11997210"
                                                                            },
                                                                            "cumulative_cardinality": 272409,
                                                                            "operator_type": "PROJECTION",
                                                                            "operator_cardinality": 0,
                                                                            "cumulative_rows_scanned": 3707191046,
                                                                            "operator_rows_scanned": 0,
                                                                            "operator_timing": 0.0,
                                                                            "result_set_size": 0,
                                                                            "children": [
                                                                                {
                                                                                    "operator_name": "HASH_JOIN",
                                                                                    "cpu_time": 3.4341850160000003,
                                                                                    "extra_info": {
                                                                                        "Join Type": "INNER",
                                                                                        "Conditions": "l_orderkey = o_orderkey",
                                                                                        "Estimated Cardinality": "11997210"
                                                                                    },
                                                                                    "cumulative_cardinality": 272409,
                                                                                    "operator_type": "HASH_JOIN",
                                                                                    "operator_cardinality": 0,
                                                                                    "cumulative_rows_scanned": 3707191046,
                                                                                    "operator_rows_scanned": 0,
                                                                                    "operator_timing": 0.0015648630000000005,
                                                                                    "result_set_size": 0,
                                                                                    "children": [
                                                                                        {
                                                                                            "operator_name": "PROJECTION",
                                                                                            "cpu_time": 2.9098025520000004,
                                                                                            "extra_info": {
                                                                                                "Projections": [
                                                                                                    "__internal_compress_integral_uinteger(#0, 1)",
                                                                                                    "#1",
                                                                                                    "#2",
                                                                                                    "#3",
                                                                                                    "#4"
                                                                                                ],
                                                                                                "Estimated Cardinality": "59986052"
                                                                                            },
                                                                                            "cumulative_cardinality": 237568,
                                                                                            "operator_type": "PROJECTION",
                                                                                            "operator_cardinality": 118784,
                                                                                            "cumulative_rows_scanned": 3479191016,
                                                                                            "operator_rows_scanned": 0,
                                                                                            "operator_timing": 0.002192587,
                                                                                            "result_set_size": 4276224,
                                                                                            "children": [
                                                                                                {
                                                                                                    "operator_name": "READ_PARQUET ",
                                                                                                    "cpu_time": 2.9076099650000002,
                                                                                                    "extra_info": {
                                                                                                        "Function": "READ_PARQUET",
                                                                                                        "Projections": [
                                                                                                            "l_orderkey",
                                                                                                            "l_partkey",
                                                                                                            "l_quantity",
                                                                                                            "l_extendedprice",
                                                                                                            "l_discount"
                                                                                                        ],
                                                                                                        "Estimated Cardinality": "59986052"
                                                                                                    },
                                                                                                    "cumulative_cardinality": 118784,
                                                                                                    "operator_type": "TABLE_SCAN",
                                                                                                    "operator_cardinality": 118784,
                                                                                                    "cumulative_rows_scanned": 3479191016,
                                                                                                    "operator_rows_scanned": 3479191016,
                                                                                                    "operator_timing": 2.9076099650000002,
                                                                                                    "result_set_size": 4751360,
                                                                                                    "children": []
                                                                                                }
                                                                                            ]
                                                                                        },
                                                                                        {
                                                                                            "operator_name": "PROJECTION",
                                                                                            "cpu_time": 0.522817601,
                                                                                            "extra_info": {
                                                                                                "Projections": [
                                                                                                    "__internal_compress_integral_uinteger(#0, 1)",
                                                                                                    "#1"
                                                                                                ],
                                                                                                "Estimated Cardinality": "3000000"
                                                                                            },
                                                                                            "cumulative_cardinality": 34841,
                                                                                            "operator_type": "PROJECTION",
                                                                                            "operator_cardinality": 0,
                                                                                            "cumulative_rows_scanned": 228000030,
                                                                                            "operator_rows_scanned": 0,
                                                                                            "operator_timing": 0.0,
                                                                                            "result_set_size": 0,
                                                                                            "children": [
                                                                                                {
                                                                                                    "operator_name": "HASH_JOIN",
                                                                                                    "cpu_time": 0.522817601,
                                                                                                    "extra_info": {
                                                                                                        "Join Type": "INNER",
                                                                                                        "Conditions": "o_custkey = c_custkey",
                                                                                                        "Estimated Cardinality": "3000000"
                                                                                                    },
                                                                                                    "cumulative_cardinality": 34841,
                                                                                                    "operator_type": "HASH_JOIN",
                                                                                                    "operator_cardinality": 0,
                                                                                                    "cumulative_rows_scanned": 228000030,
                                                                                                    "operator_rows_scanned": 0,
                                                                                                    "operator_timing": 0.00014156299999999999,
                                                                                                    "result_set_size": 0,
                                                                                                    "children": [
                                                                                                        {
                                                                                                            "operator_name": "READ_PARQUET ",
                                                                                                            "cpu_time": 0.472824863,
                                                                                                            "extra_info": {
                                                                                                                "Function": "READ_PARQUET",
                                                                                                                "Projections": [
                                                                                                                    "o_orderkey",
                                                                                                                    "o_custkey"
                                                                                                                ],
                                                                                                                "Estimated Cardinality": "15000000"
                                                                                                            },
                                                                                                            "cumulative_cardinality": 30720,
                                                                                                            "operator_type": "TABLE_SCAN",
                                                                                                            "operator_cardinality": 30720,
                                                                                                            "cumulative_rows_scanned": 225000000,
                                                                                                            "operator_rows_scanned": 225000000,
                                                                                                            "operator_timing": 0.472824863,
                                                                                                            "result_set_size": 491520,
                                                                                                            "children": []
                                                                                                        },
                                                                                                        {
                                                                                                            "operator_name": "FILTER",
                                                                                                            "cpu_time": 0.049851175,
                                                                                                            "extra_info": {
                                                                                                                "Expression": "(c_custkey <= 1499999)",
                                                                                                                "Estimated Cardinality": "300000"
                                                                                                            },
                                                                                                            "cumulative_cardinality": 4121,
                                                                                                            "operator_type": "FILTER",
                                                                                                            "operator_cardinality": 0,
                                                                                                            "cumulative_rows_scanned": 3000030,
                                                                                                            "operator_rows_scanned": 0,
                                                                                                            "operator_timing": 1.6e-7,
                                                                                                            "result_set_size": 0,
                                                                                                            "children": [
                                                                                                                {
                                                                                                                    "operator_name": "HASH_JOIN",
                                                                                                                    "cpu_time": 0.049851015,
                                                                                                                    "extra_info": {
                                                                                                                        "Join Type": "INNER",
                                                                                                                        "Conditions": "c_nationkey = n_nationkey",
                                                                                                                        "Estimated Cardinality": "300000"
                                                                                                                    },
                                                                                                                    "cumulative_cardinality": 4121,
                                                                                                                    "operator_type": "HASH_JOIN",
                                                                                                                    "operator_cardinality": 0,
                                                                                                                    "cumulative_rows_scanned": 3000030,
                                                                                                                    "operator_rows_scanned": 0,
                                                                                                                    "operator_timing": 0.000020298,
                                                                                                                    "result_set_size": 0,
                                                                                                                    "children": [
                                                                                                                        {
                                                                                                                            "operator_name": "READ_PARQUET ",
                                                                                                                            "cpu_time": 0.048991518,
                                                                                                                            "extra_info": {
                                                                                                                                "Function": "READ_PARQUET",
                                                                                                                                "Projections": [
                                                                                                                                    "c_custkey",
                                                                                                                                    "c_nationkey"
                                                                                                                                ],
                                                                                                                                "Estimated Cardinality": "1500000"
                                                                                                                            },
                                                                                                                            "cumulative_cardinality": 4096,
                                                                                                                            "operator_type": "TABLE_SCAN",
                                                                                                                            "operator_cardinality": 4096,
                                                                                                                            "cumulative_rows_scanned": 3000000,
                                                                                                                            "operator_rows_scanned": 3000000,
                                                                                                                            "operator_timing": 0.048991518,
                                                                                                                            "result_set_size": 65536,
                                                                                                                            "children": []
                                                                                                                        },
                                                                                                                        {
                                                                                                                            "operator_name": "HASH_JOIN",
                                                                                                                            "cpu_time": 0.000839199,
                                                                                                                            "extra_info": {
                                                                                                                                "Join Type": "INNER",
                                                                                                                                "Conditions": "n_regionkey = r_regionkey",
                                                                                                                                "Estimated Cardinality": "5"
                                                                                                                            },
                                                                                                                            "cumulative_cardinality": 25,
                                                                                                                            "operator_type": "HASH_JOIN",
                                                                                                                            "operator_cardinality": 0,
                                                                                                                            "cumulative_rows_scanned": 30,
                                                                                                                            "operator_rows_scanned": 0,
                                                                                                                            "operator_timing": 0.000012524,
                                                                                                                            "result_set_size": 0,
                                                                                                                            "children": [
                                                                                                                                {
                                                                                                                                    "operator_name": "READ_PARQUET ",
                                                                                                                                    "cpu_time": 0.000470489,
                                                                                                                                    "extra_info": {
                                                                                                                                        "Function": "READ_PARQUET",
                                                                                                                                        "Projections": [
                                                                                                                                            "n_nationkey",
                                                                                                                                            "n_regionkey"
                                                                                                                                        ],
                                                                                                                                        "Estimated Cardinality": "25"
                                                                                                                                    },
                                                                                                                                    "cumulative_cardinality": 25,
                                                                                                                                    "operator_type": "TABLE_SCAN",
                                                                                                                                    "operator_cardinality": 25,
                                                                                                                                    "cumulative_rows_scanned": 25,
                                                                                                                                    "operator_rows_scanned": 25,
                                                                                                                                    "operator_timing": 0.000470489,
                                                                                                                                    "result_set_size": 400,
                                                                                                                                    "children": []
                                                                                                                                },
                                                                                                                                {
                                                                                                                                    "operator_name": "FILTER",
                                                                                                                                    "cpu_time": 0.00035618600000000004,
                                                                                                                                    "extra_info": {
                                                                                                                                        "Expression": "prefix(r_name, 'Europ')",
                                                                                                                                        "Estimated Cardinality": "1"
                                                                                                                                    },
                                                                                                                                    "cumulative_cardinality": 0,
                                                                                                                                    "operator_type": "FILTER",
                                                                                                                                    "operator_cardinality": 0,
                                                                                                                                    "cumulative_rows_scanned": 5,
                                                                                                                                    "operator_rows_scanned": 0,
                                                                                                                                    "operator_timing": 2.9e-7,
                                                                                                                                    "result_set_size": 0,
                                                                                                                                    "children": [
                                                                                                                                        {
                                                                                                                                            "operator_name": "READ_PARQUET ",
                                                                                                                                            "cpu_time": 0.000355896,
                                                                                                                                            "extra_info": {
                                                                                                                                                "Function": "READ_PARQUET",
                                                                                                                                                "Projections": [
                                                                                                                                                    "r_regionkey",
                                                                                                                                                    "r_name"
                                                                                                                                                ],
                                                                                                                                                "Filters": "r_name>='Europ' AND r_name<'Euroq'",
                                                                                                                                                "Estimated Cardinality": "1"
                                                                                                                                            },
                                                                                                                                            "cumulative_cardinality": 0,
                                                                                                                                            "operator_type": "TABLE_SCAN",
                                                                                                                                            "operator_cardinality": 0,
                                                                                                                                            "cumulative_rows_scanned": 5,
                                                                                                                                            "operator_rows_scanned": 5,
                                                                                                                                            "operator_timing": 0.000355896,
                                                                                                                                            "result_set_size": 0,
                                                                                                                                            "children": []
                                                                                                                                        }
                                                                                                                                    ]
                                                                                                                                }
                                                                                                                            ]
                                                                                                                        }
                                                                                                                    ]
                                                                                                                }
                                                                                                            ]
                                                                                                        }
                                                                                                    ]
                                                                                                }
                                                                                            ]
                                                                                        }
                                                                                    ]
                                                                                }
                                                                            ]
                                                                        }
                                                                    ]
                                                                },
                                                                {
                                                                    "operator_name": "PROJECTION",
                                                                    "cpu_time": 1.5097763990000002,
                                                                    "extra_info": {
                                                                        "Projections": [
                                                                            "__internal_compress_integral_uinteger(#0, 1)",
                                                                            "#1",
                                                                            "#2",
                                                                            "#3"
                                                                        ],
                                                                        "Estimated Cardinality": "8000000"
                                                                    },
                                                                    "cumulative_cardinality": 52100000,
                                                                    "operator_type": "PROJECTION",
                                                                    "operator_cardinality": 8000000,
                                                                    "cumulative_rows_scanned": 68100000,
                                                                    "operator_rows_scanned": 0,
                                                                    "operator_timing": 0.004216506999999998,
                                                                    "result_set_size": 352000000,
                                                                    "children": [
                                                                        {
                                                                            "operator_name": "HASH_JOIN",
                                                                            "cpu_time": 1.5055598920000002,
                                                                            "extra_info": {
                                                                                "Join Type": "INNER",
                                                                                "Conditions": "ps_suppkey = s_suppkey",
                                                                                "Estimated Cardinality": "8000000"
                                                                            },
                                                                            "cumulative_cardinality": 44100000,
                                                                            "operator_type": "HASH_JOIN",
                                                                            "operator_cardinality": 8000000,
                                                                            "cumulative_rows_scanned": 68100000,
                                                                            "operator_rows_scanned": 0,
                                                                            "operator_timing": 0.032541328999999994,
                                                                            "result_set_size": 384000000,
                                                                            "children": [
                                                                                {
                                                                                    "operator_name": "PROJECTION",
                                                                                    "cpu_time": 1.457299028,
                                                                                    "extra_info": {
                                                                                        "Projections": [
                                                                                            "__internal_decompress_integral_bigint(#0, 1)",
                                                                                            "#1",
                                                                                            "#2",
                                                                                            "#3"
                                                                                        ],
                                                                                        "Estimated Cardinality": "8000000"
                                                                                    },
                                                                                    "cumulative_cardinality": 36000000,
                                                                                    "operator_type": "PROJECTION",
                                                                                    "operator_cardinality": 8000000,
                                                                                    "cumulative_rows_scanned": 68000000,
                                                                                    "operator_rows_scanned": 0,
                                                                                    "operator_timing": 0.010412739000000002,
                                                                                    "result_set_size": 320000000,
                                                                                    "children": [
                                                                                        {
                                                                                            "operator_name": "HASH_JOIN",
                                                                                            "cpu_time": 1.446886289,
                                                                                            "extra_info": {
                                                                                                "Join Type": "INNER",
                                                                                                "Conditions": "ps_partkey = p_partkey",
                                                                                                "Estimated Cardinality": "8000000"
                                                                                            },
                                                                                            "cumulative_cardinality": 28000000,
                                                                                            "operator_type": "HASH_JOIN",
                                                                                            "operator_cardinality": 8000000,
                                                                                            "cumulative_rows_scanned": 68000000,
                                                                                            "operator_rows_scanned": 0,
                                                                                            "operator_timing": 0.6006697010000001,
                                                                                            "result_set_size": 288000000,
                                                                                            "children": [
                                                                                                {
                                                                                                    "operator_name": "PROJECTION",
                                                                                                    "cpu_time": 0.4726733150000001,
                                                                                                    "extra_info": {
                                                                                                        "Projections": [
                                                                                                            "__internal_compress_integral_uinteger(#0, 1)",
                                                                                                            "#1",
                                                                                                            "#2"
                                                                                                        ],
                                                                                                        "Estimated Cardinality": "8000000"
                                                                                                    },
                                                                                                    "cumulative_cardinality": 16000000,
                                                                                                    "operator_type": "PROJECTION",
                                                                                                    "operator_cardinality": 8000000,
                                                                                                    "cumulative_rows_scanned": 64000000,
                                                                                                    "operator_rows_scanned": 0,
                                                                                                    "operator_timing": 0.014245433000000004,
                                                                                                    "result_set_size": 160000000,
                                                                                                    "children": [
                                                                                                        {
                                                                                                            "operator_name": "READ_PARQUET ",
                                                                                                            "cpu_time": 0.45842788200000006,
                                                                                                            "extra_info": {
                                                                                                                "Function": "READ_PARQUET",
                                                                                                                "Projections": [
                                                                                                                    "ps_partkey",
                                                                                                                    "ps_suppkey",
                                                                                                                    "ps_supplycost"
                                                                                                                ],
                                                                                                                "Estimated Cardinality": "8000000"
                                                                                                            },
                                                                                                            "cumulative_cardinality": 8000000,
                                                                                                            "operator_type": "TABLE_SCAN",
                                                                                                            "operator_cardinality": 8000000,
                                                                                                            "cumulative_rows_scanned": 64000000,
                                                                                                            "operator_rows_scanned": 64000000,
                                                                                                            "operator_timing": 0.45842788200000006,
                                                                                                            "result_set_size": 192000000,
                                                                                                            "children": []
                                                                                                        }
                                                                                                    ]
                                                                                                },
                                                                                                {
                                                                                                    "operator_name": "PROJECTION",
                                                                                                    "cpu_time": 0.37354327299999995,
                                                                                                    "extra_info": {
                                                                                                        "Projections": [
                                                                                                            "__internal_compress_integral_uinteger(#0, 1)",
                                                                                                            "#1"
                                                                                                        ],
                                                                                                        "Estimated Cardinality": "2000000"
                                                                                                    },
                                                                                                    "cumulative_cardinality": 4000000,
                                                                                                    "operator_type": "PROJECTION",
                                                                                                    "operator_cardinality": 2000000,
                                                                                                    "cumulative_rows_scanned": 4000000,
                                                                                                    "operator_rows_scanned": 0,
                                                                                                    "operator_timing": 0.0019532810000000007,
                                                                                                    "result_set_size": 40000000,
                                                                                                    "children": [
                                                                                                        {
                                                                                                            "operator_name": "READ_PARQUET ",
                                                                                                            "cpu_time": 0.371589992,
                                                                                                            "extra_info": {
                                                                                                                "Function": "READ_PARQUET",
                                                                                                                "Projections": [
                                                                                                                    "p_partkey",
                                                                                                                    "p_name"
                                                                                                                ],
                                                                                                                "Estimated Cardinality": "2000000"
                                                                                                            },
                                                                                                            "cumulative_cardinality": 2000000,
                                                                                                            "operator_type": "TABLE_SCAN",
                                                                                                            "operator_cardinality": 2000000,
                                                                                                            "cumulative_rows_scanned": 4000000,
                                                                                                            "operator_rows_scanned": 4000000,
                                                                                                            "operator_timing": 0.371589992,
                                                                                                            "result_set_size": 48000000,
                                                                                                            "children": []
                                                                                                        }
                                                                                                    ]
                                                                                                }
                                                                                            ]
                                                                                        }
                                                                                    ]
                                                                                },
                                                                                {
                                                                                    "operator_name": "READ_PARQUET ",
                                                                                    "cpu_time": 0.01571953500000001,
                                                                                    "extra_info": {
                                                                                        "Function": "READ_PARQUET",
                                                                                        "Projections": [
                                                                                            "s_suppkey",
                                                                                            "s_name"
                                                                                        ],
                                                                                        "Estimated Cardinality": "100000"
                                                                                    },
                                                                                    "cumulative_cardinality": 100000,
                                                                                    "operator_type": "TABLE_SCAN",
                                                                                    "operator_cardinality": 100000,
                                                                                    "cumulative_rows_scanned": 100000,
                                                                                    "operator_rows_scanned": 100000,
                                                                                    "operator_timing": 0.01571953500000001,
                                                                                    "result_set_size": 2400000,
                                                                                    "children": []
                                                                                }
                                                                            ]
                                                                        }
                                                                    ]
                                                                }
                                                            ]
                                                        }
                                                    ]
                                                }
                                            ]
                                        }
                                    ]
                                }
                            ]
                        }
                    ]
                }
            ]
        }
    ]
}