{
    "rows_returned": 100,
    "query_name": "SELECT COALESCE(\"t6\".\"POSTID\", \"t6\".\"POSTID\") AS \"POSTID\", \"t6\".\"TITLE\", \"t6\".\"CREATIONDATE\", \"t6\".\"VIEWCOUNT\", \"t6\".\"SCORE\", \"t6\".\"OWNERDISPLAYNAME\", \"t6\".\"COMMENTCOUNT\", \"t6\".\"VOTECOUNT\", \"t6\".\"AVERAGEBOUNTYAMOUNT\", \"t6\".\"BADGECOUNT\", \"t6\".\"POSTHISTORYCOUNT\"\nFROM (SELECT ANY_VALUE(\"t2\".\"Id\") AS \"POSTID\", \"t2\".\"Title\" AS \"TITLE\", \"t2\".\"CreationDate\" AS \"CREATIONDATE\", \"t2\".\"ViewCount\" AS \"VIEWCOUNT\", \"t2\".\"Score\" AS \"SCORE\", ANY_VALUE(\"t2\".\"DisplayName\") AS \"OWNERDISPLAYNAME\", COUNT(\"t2\".\"Id1\") AS \"COMMENTCOUNT\", COUNT(\"t2\".\"Id2\") AS \"VOTECOUNT\", AVG(\"t2\".\"BountyAmount\") AS \"AVERAGEBOUNTYAMOUNT\", COUNT(\"Badges\".\"Id\") AS \"BADGECOUNT\", COUNT(\"PostHistory\".\"Id\") AS \"POSTHISTORYCOUNT\"\nFROM (SELECT \"s1\".\"Id\", \"s1\".\"PostTypeId\", \"s1\".\"AcceptedAnswerId\", \"s1\".\"ParentId\", \"s1\".\"CreationDate\", \"s1\".\"Score\", \"s1\".\"ViewCount\", \"s1\".\"Body\", \"s1\".\"OwnerUserId\", \"s1\".\"OwnerDisplayName\", \"s1\".\"LastEditorUserId\", \"s1\".\"LastEditorDisplayName\", \"s1\".\"LastEditDate\", \"s1\".\"LastActivityDate\", \"s1\".\"Title\", \"s1\".\"Tags\", \"s1\".\"AnswerCount\", \"s1\".\"CommentCount\", \"s1\".\"FavoriteCount\", \"s1\".\"ClosedDate\", \"s1\".\"CommunityOwnedDate\", \"s1\".\"ContentLicense\", \"s1\".\"Id0\", \"s1\".\"Reputation\", \"s1\".\"CreationDate0\", \"s1\".\"DisplayName\", \"s1\".\"LastAccessDate\", \"s1\".\"WebsiteUrl\", \"s1\".\"Location\", \"s1\".\"AboutMe\", \"s1\".\"Views\", \"s1\".\"UpVotes\", \"s1\".\"DownVotes\", \"s1\".\"ProfileImageUrl\", \"s1\".\"AccountId\", \"s1\".\"Id1\", \"s1\".\"PostId\", \"s1\".\"Score0\", \"s1\".\"Text\", \"s1\".\"CreationDate1\", \"s1\".\"UserDisplayName\", \"s1\".\"UserId\", \"s1\".\"ContentLicense0\", \"Votes\".\"Id\" AS \"Id2\", \"Votes\".\"PostId\" AS \"PostId0\", \"Votes\".\"VoteTypeId\", \"Votes\".\"UserId\" AS \"UserId0\", \"Votes\".\"CreationDate\" AS \"CreationDate2\", \"Votes\".\"BountyAmount\"\nFROM \"Votes\"\nRIGHT JOIN \"s1\" ON \"Votes\".\"PostId\" = \"s1\".\"Id\") AS \"t2\"\nLEFT JOIN \"Badges\" ON \"t2\".\"Id0\" = \"Badges\".\"UserId\"\nLEFT JOIN \"PostHistory\" ON \"t2\".\"Id\" = \"PostHistory\".\"PostId\"\nGROUP BY \"t2\".\"Id\", \"t2\".\"CreationDate\", \"t2\".\"Score\", \"t2\".\"ViewCount\", \"t2\".\"Title\", \"t2\".\"DisplayName\"\nORDER BY \"t2\".\"CreationDate\" DESC NULLS FIRST\nLIMIT 100) AS \"t6\"",
    "blocked_thread_time": 0.06,
    "cpu_time": 901.6051887320209,
    "extra_info": {},
    "cumulative_cardinality": 24574763608,
    "cumulative_rows_scanned": 314181309,
    "result_set_size": 10400,
    "latency": 198.456936135,
    "children": [
        {
            "operator_name": "PROJECTION",
            "cpu_time": 901.6051887320209,
            "extra_info": {
                "Projections": [
                    "POSTID",
                    "TITLE",
                    "CREATIONDATE",
                    "VIEWCOUNT",
                    "SCORE",
                    "OWNERDISPLAYNAME",
                    "COMMENTCOUNT",
                    "VOTECOUNT",
                    "AVERAGEBOUNTYAMOUNT",
                    "BADGECOUNT",
                    "POSTHISTORYCOUNT"
                ],
                "Estimated Cardinality": "1"
            },
            "cumulative_cardinality": 24574763608,
            "operator_type": "PROJECTION",
            "operator_cardinality": 100,
            "cumulative_rows_scanned": 314181309,
            "operator_rows_scanned": 0,
            "operator_timing": 0.000045615,
            "result_set_size": 10400,
            "children": [
                {
                    "operator_name": "LIMIT",
                    "cpu_time": 901.6051431170209,
                    "extra_info": {},
                    "cumulative_cardinality": 24574763508,
                    "operator_type": "LIMIT",
                    "operator_cardinality": 100,
                    "cumulative_rows_scanned": 314181309,
                    "operator_rows_scanned": 0,
                    "operator_timing": 0.00095312,
                    "result_set_size": 10400,
                    "children": [
                        {
                            "operator_name": "ORDER_BY",
                            "cpu_time": 901.604189997021,
                            "extra_info": {
                                "Order By": "t2.CreationDate DESC"
                            },
                            "cumulative_cardinality": 24574763408,
                            "operator_type": "ORDER_BY",
                            "operator_cardinality": 32768,
                            "cumulative_rows_scanned": 314181309,
                            "operator_rows_scanned": 0,
                            "operator_timing": 3.3870376529999953,
                            "result_set_size": 3407872,
                            "children": [
                                {
                                    "operator_name": "PROJECTION",
                                    "cpu_time": 898.217152344021,
                                    "extra_info": {
                                        "Projections": [
                                            "POSTID",
                                            "TITLE",
                                            "CREATIONDATE",
                                            "VIEWCOUNT",
                                            "SCORE",
                                            "OWNERDISPLAYNAME",
                                            "COMMENTCOUNT",
                                            "VOTECOUNT",
                                            "AVERAGEBOUNTYAMOUNT",
                                            "BADGECOUNT",
                                            "POSTHISTORYCOUNT"
                                        ],
                                        "Estimated Cardinality": "1"
                                    },
                                    "cumulative_cardinality": 24574730640,
                                    "operator_type": "PROJECTION",
                                    "operator_cardinality": 1589663,
                                    "cumulative_rows_scanned": 314181309,
                                    "operator_rows_scanned": 0,
                                    "operator_timing": 0.000516683,
                                    "result_set_size": 165324952,
                                    "children": [
                                        {
                                            "operator_name": "HASH_GROUP_BY",
                                            "cpu_time": 898.216635661021,
                                            "extra_info": {
                                                "Groups": [
                                                    "#0",
                                                    "#1",
                                                    "#2",
                                                    "#3",
                                                    "#4",
                                                    "#5"
                                                ],
                                                "Aggregates": [
                                                    "any_value(#6)",
                                                    "any_value(#7)",
                                                    "count(#8)",
                                                    "count(#9)",
                                                    "avg(#10)",
                                                    "count(#11)",
                                                    "count(#12)"
                                                ],
                                                "Estimated Cardinality": "1"
                                            },
                                            "cumulative_cardinality": 24573140977,
                                            "operator_type": "HASH_GROUP_BY",
                                            "operator_cardinality": 1589663,
                                            "cumulative_rows_scanned": 314181309,
                                            "operator_rows_scanned": 0,
                                            "operator_timing": 741.0703306610358,
                                            "result_set_size": 203476864,
                                            "children": [
                                                {
                                                    "operator_name": "PROJECTION",
                                                    "cpu_time": 157.14630499998515,
                                                    "extra_info": {
                                                        "Projections": [
                                                            "id",
                                                            "creationdate",
                                                            "score",
                                                            "viewcount",
                                                            "title",
                                                            "displayname",
                                                            "id",
                                                            "displayname",
                                                            "id1",
                                                            "Id2",
                                                            "bountyamount",
                                                            "id",
                                                            "id"
                                                        ],
                                                        "Estimated Cardinality": "12744093"
                                                    },
                                                    "cumulative_cardinality": 24571551314,
                                                    "operator_type": "PROJECTION",
                                                    "operator_cardinality": 11650760600,
                                                    "cumulative_rows_scanned": 314181309,
                                                    "operator_rows_scanned": 0,
                                                    "operator_timing": 3.2804588219970015,
                                                    "result_set_size": 1304885187200,
                                                    "children": [
                                                        {
                                                            "operator_name": "HASH_JOIN",
                                                            "cpu_time": 153.86584617798815,
                                                            "extra_info": {
                                                                "Join Type": "LEFT",
                                                                "Conditions": "id = CAST(postid AS BIGINT)",
                                                                "Estimated Cardinality": "12744093"
                                                            },
                                                            "cumulative_cardinality": 12920790714,
                                                            "operator_type": "HASH_JOIN",
                                                            "operator_cardinality": 11650760600,
                                                            "cumulative_rows_scanned": 314181309,
                                                            "operator_rows_scanned": 0,
                                                            "operator_timing": 103.05290886998803,
                                                            "result_set_size": 1025266932800,
                                                            "children": [
                                                                {
                                                                    "operator_name": "HASH_JOIN",
                                                                    "cpu_time": 49.50767017700012,
                                                                    "extra_info": {
                                                                        "Join Type": "LEFT",
                                                                        "Conditions": "id0 = CAST(userid AS BIGINT)",
                                                                        "Estimated Cardinality": "12744093"
                                                                    },
                                                                    "cumulative_cardinality": 1258234870,
                                                                    "operator_type": "HASH_JOIN",
                                                                    "operator_cardinality": 1206660448,
                                                                    "cumulative_rows_scanned": 172638381,
                                                                    "operator_rows_scanned": 0,
                                                                    "operator_timing": 12.61371554600012,
                                                                    "result_set_size": 101359477632,
                                                                    "children": [
                                                                        {
                                                                            "operator_name": "PROJECTION",
                                                                            "cpu_time": 36.580743386,
                                                                            "extra_info": {
                                                                                "Projections": [
                                                                                    "id",
                                                                                    "creationdate",
                                                                                    "score",
                                                                                    "viewcount",
                                                                                    "title",
                                                                                    "id0",
                                                                                    "displayname",
                                                                                    "id1",
                                                                                    "Id2",
                                                                                    "bountyamount"
                                                                                ],
                                                                                "Estimated Cardinality": "12744093"
                                                                            },
                                                                            "cumulative_cardinality": 49252698,
                                                                            "operator_type": "PROJECTION",
                                                                            "operator_cardinality": 16029662,
                                                                            "cumulative_rows_scanned": 165673209,
                                                                            "operator_rows_scanned": 0,
                                                                            "operator_timing": 0.006632732999999998,
                                                                            "result_set_size": 1410610256,
                                                                            "children": [
                                                                                {
                                                                                    "operator_name": "HASH_JOIN",
                                                                                    "cpu_time": 36.574110653000005,
                                                                                    "extra_info": {
                                                                                        "Join Type": "RIGHT",
                                                                                        "Conditions": "CAST(postid AS BIGINT) = id",
                                                                                        "Estimated Cardinality": "12744093"
                                                                                    },
                                                                                    "cumulative_cardinality": 33223036,
                                                                                    "operator_type": "HASH_JOIN",
                                                                                    "operator_cardinality": 16029662,
                                                                                    "cumulative_rows_scanned": 165673209,
                                                                                    "operator_rows_scanned": 0,
                                                                                    "operator_timing": 3.847100241999997,
                                                                                    "result_set_size": 1410610256,
                                                                                    "children": [
                                                                                        {
                                                                                            "operator_name": "READ_PARQUET ",
                                                                                            "cpu_time": 0.8172396770000001,
                                                                                            "extra_info": {
                                                                                                "Function": "READ_PARQUET",
                                                                                                "Projections": [
                                                                                                    "id",
                                                                                                    "postid",
                                                                                                    "bountyamount"
                                                                                                ],
                                                                                                "Estimated Cardinality": "12744093"
                                                                                            },
                                                                                            "cumulative_cardinality": 12744093,
                                                                                            "operator_type": "TABLE_SCAN",
                                                                                            "operator_cardinality": 12744093,
                                                                                            "cumulative_rows_scanned": 165673209,
                                                                                            "operator_rows_scanned": 165673209,
                                                                                            "operator_timing": 0.8172396770000001,
                                                                                            "result_set_size": 152929116,
                                                                                            "children": []
                                                                                        },
                                                                                        {
                                                                                            "operator_name": "ARROW_SCAN ",
                                                                                            "cpu_time": 31.90977073400001,
                                                                                            "extra_info": {
                                                                                                "Function": "ARROW_SCAN",
                                                                                                "Projections": [
                                                                                                    "id",
                                                                                                    "creationdate",
                                                                                                    "score",
                                                                                                    "viewcount",
                                                                                                    "title",
                                                                                                    "id0",
                                                                                                    "displayname",
                                                                                                    "id1"
                                                                                                ],
                                                                                                "Estimated Cardinality": "1"
                                                                                            },
                                                                                            "cumulative_cardinality": 4449281,
                                                                                            "operator_type": "TABLE_SCAN",
                                                                                            "operator_cardinality": 4449281,
                                                                                            "cumulative_rows_scanned": 0,
                                                                                            "operator_rows_scanned": 0,
                                                                                            "operator_timing": 31.90977073400001,
                                                                                            "result_set_size": 355942480,
                                                                                            "children": []
                                                                                        }
                                                                                    ]
                                                                                }
                                                                            ]
                                                                        },
                                                                        {
                                                                            "operator_name": "READ_PARQUET ",
                                                                            "cpu_time": 0.3132112450000002,
                                                                            "extra_info": {
                                                                                "Function": "READ_PARQUET",
                                                                                "Projections": [
                                                                                    "id",
                                                                                    "userid"
                                                                                ],
                                                                                "Estimated Cardinality": "2321724"
                                                                            },
                                                                            "cumulative_cardinality": 2321724,
                                                                            "operator_type": "TABLE_SCAN",
                                                                            "operator_cardinality": 2321724,
                                                                            "cumulative_rows_scanned": 6965172,
                                                                            "operator_rows_scanned": 6965172,
                                                                            "operator_timing": 0.3132112450000002,
                                                                            "result_set_size": 18573792,
                                                                            "children": []
                                                                        }
                                                                    ]
                                                                },
                                                                {
                                                                    "operator_name": "READ_PARQUET ",
                                                                    "cpu_time": 1.3052671310000017,
                                                                    "extra_info": {
                                                                        "Function": "READ_PARQUET",
                                                                        "Projections": [
                                                                            "id",
                                                                            "postid"
                                                                        ],
                                                                        "Estimated Cardinality": "11795244"
                                                                    },
                                                                    "cumulative_cardinality": 11795244,
                                                                    "operator_type": "TABLE_SCAN",
                                                                    "operator_cardinality": 11795244,
                                                                    "cumulative_rows_scanned": 141542928,
                                                                    "operator_rows_scanned": 141542928,
                                                                    "operator_timing": 1.3052671310000017,
                                                                    "result_set_size": 94361952,
                                                                    "children": []
                                                                }
                                                            ]
                                                        }
                                                    ]
                                                }
                                            ]
                                        }
                                    ]
                                }
                            ]
                        }
                    ]
                }
            ]
        }
    ]
}