{
    "rows_returned": 95855,
    "query_name": "SELECT COALESCE(\"t2\".\"MOVIE_TITLE\", \"t2\".\"MOVIE_TITLE\") AS \"MOVIE_TITLE\", \"t2\".\"PRODUCTION_YEAR\", \"t2\".\"CAST_COUNT\", \"t2\".\"CAST_NAMES\", \"t8\".\"COMPANY_COUNT\", \"t8\".\"COMPANY_NAMES\"\nFROM (SELECT ANY_VALUE(\"aka_title\".\"title\") AS \"MOVIE_TITLE\", \"aka_title\".\"production_year\" AS \"PRODUCTION_YEAR\", ANY_VALUE(\"aka_title\".\"id\") AS \"MOVIE_ID\", COUNT(DISTINCT \"cast_info\".\"person_id\") AS \"CAST_COUNT\", LISTAGG(DISTINCT \"aka_name\".\"name\", ', ') AS \"CAST_NAMES\", LISTAGG(DISTINCT \"keyword\".\"keyword\", ', ') AS \"KEYWORDS\"\nFROM \"aka_title\"\nLEFT JOIN \"movie_keyword\" ON \"aka_title\".\"id\" = \"movie_keyword\".\"movie_id\"\nLEFT JOIN \"keyword\" ON \"movie_keyword\".\"keyword_id\" = \"keyword\".\"id\"\nLEFT JOIN \"cast_info\" ON \"aka_title\".\"id\" = \"cast_info\".\"movie_id\"\nLEFT JOIN \"aka_name\" ON \"cast_info\".\"person_id\" = \"aka_name\".\"person_id\"\nWHERE \"aka_title\".\"production_year\" >= 2000 AND \"aka_title\".\"production_year\" <= 2020\nGROUP BY \"aka_title\".\"title\", \"aka_title\".\"production_year\", \"aka_title\".\"id\") AS \"t2\"\nLEFT JOIN (SELECT \"t6\".\"MOVIE_ID\", COUNT(DISTINCT \"movie_companies\".\"company_id\") AS \"COMPANY_COUNT\", LISTAGG(DISTINCT \"company_name\".\"name\", ', ') AS \"COMPANY_NAMES\"\nFROM \"movie_companies\"\nINNER JOIN \"company_name\" ON \"movie_companies\".\"company_id\" = \"company_name\".\"id\"\nINNER JOIN (SELECT ANY_VALUE(\"aka_title0\".\"title\") AS \"MOVIE_TITLE\", \"aka_title0\".\"production_year\" AS \"PRODUCTION_YEAR\", ANY_VALUE(\"aka_title0\".\"id\") AS \"MOVIE_ID\", COUNT(DISTINCT \"cast_info0\".\"person_id\") AS \"CAST_COUNT\", LISTAGG(DISTINCT \"aka_name0\".\"name\", ', ') AS \"CAST_NAMES\", LISTAGG(DISTINCT \"keyword0\".\"keyword\", ', ') AS \"KEYWORDS\"\nFROM \"aka_title\" AS \"aka_title0\"\nLEFT JOIN \"movie_keyword\" AS \"movie_keyword0\" ON \"aka_title0\".\"id\" = \"movie_keyword0\".\"movie_id\"\nLEFT JOIN \"keyword\" AS \"keyword0\" ON \"movie_keyword0\".\"keyword_id\" = \"keyword0\".\"id\"\nLEFT JOIN \"cast_info\" AS \"cast_info0\" ON \"aka_title0\".\"id\" = \"cast_info0\".\"movie_id\"\nLEFT JOIN \"aka_name\" AS \"aka_name0\" ON \"cast_info0\".\"person_id\" = \"aka_name0\".\"person_id\"\nWHERE \"aka_title0\".\"production_year\" >= 2000 AND \"aka_title0\".\"production_year\" <= 2020\nGROUP BY \"aka_title0\".\"title\", \"aka_title0\".\"production_year\", \"aka_title0\".\"id\") AS \"t6\" ON \"movie_companies\".\"movie_id\" = \"t6\".\"MOVIE_ID\"\nGROUP BY \"t6\".\"MOVIE_ID\") AS \"t8\" ON \"t2\".\"MOVIE_ID\" = \"t8\".\"MOVIE_ID\"",
    "blocked_thread_time": 0.0,
    "cpu_time": 18.699264806999995,
    "extra_info": {},
    "cumulative_cardinality": 43708127,
    "cumulative_rows_scanned": 2593199734,
    "result_set_size": 6901560,
    "latency": 0.954390606,
    "children": [
        {
            "operator_name": "PROJECTION",
            "cpu_time": 18.699264806999995,
            "extra_info": {
                "Projections": [
                    "MOVIE_TITLE",
                    "PRODUCTION_YEAR",
                    "CAST_COUNT",
                    "CAST_NAMES",
                    "COMPANY_COUNT",
                    "COMPANY_NAMES"
                ],
                "Estimated Cardinality": "1304564"
            },
            "cumulative_cardinality": 43708127,
            "operator_type": "PROJECTION",
            "operator_cardinality": 95855,
            "cumulative_rows_scanned": 2593199734,
            "operator_rows_scanned": 0,
            "operator_timing": 0.002004334,
            "result_set_size": 6901560,
            "children": [
                {
                    "operator_name": "HASH_JOIN",
                    "cpu_time": 18.697260472999996,
                    "extra_info": {
                        "Join Type": "RIGHT",
                        "Conditions": "MOVIE_ID = MOVIE_ID",
                        "Estimated Cardinality": "1304564"
                    },
                    "cumulative_cardinality": 43612272,
                    "operator_type": "HASH_JOIN",
                    "operator_cardinality": 95855,
                    "cumulative_rows_scanned": 2593199734,
                    "operator_rows_scanned": 0,
                    "operator_timing": 0.05006921799999998,
                    "result_set_size": 6901560,
                    "children": [
                        {
                            "operator_name": "PROJECTION",
                            "cpu_time": 7.5122439609999985,
                            "extra_info": {
                                "Projections": [
                                    "__internal_decompress_integral_bigint(#0, 2)",
                                    "#1",
                                    "#2"
                                ],
                                "Estimated Cardinality": "1304564"
                            },
                            "cumulative_cardinality": 22185738,
                            "operator_type": "PROJECTION",
                            "operator_cardinality": 24168,
                            "cumulative_rows_scanned": 1300631059,
                            "operator_rows_scanned": 0,
                            "operator_timing": 0.0006440729999999999,
                            "result_set_size": 773376,
                            "children": [
                                {
                                    "operator_name": "HASH_GROUP_BY",
                                    "cpu_time": 7.511599887999998,
                                    "extra_info": {
                                        "Groups": "#0",
                                        "Aggregates": [
                                            "count(DISTINCT #1)",
                                            "listagg(DISTINCT #2)"
                                        ],
                                        "Estimated Cardinality": "1304564"
                                    },
                                    "cumulative_cardinality": 22161570,
                                    "operator_type": "HASH_GROUP_BY",
                                    "operator_cardinality": 24168,
                                    "cumulative_rows_scanned": 1300631059,
                                    "operator_rows_scanned": 0,
                                    "operator_timing": 0.068996148,
                                    "result_set_size": 676704,
                                    "children": [
                                        {
                                            "operator_name": "PROJECTION",
                                            "cpu_time": 7.442603739999998,
                                            "extra_info": {
                                                "Projections": [
                                                    "MOVIE_ID",
                                                    "company_id",
                                                    "name"
                                                ],
                                                "Estimated Cardinality": "2609129"
                                            },
                                            "cumulative_cardinality": 22137402,
                                            "operator_type": "PROJECTION",
                                            "operator_cardinality": 51794,
                                            "cumulative_rows_scanned": 1300631059,
                                            "operator_rows_scanned": 0,
                                            "operator_timing": 0.000025404999999999995,
                                            "result_set_size": 1450232,
                                            "children": [
                                                {
                                                    "operator_name": "PROJECTION",
                                                    "cpu_time": 7.4425783349999985,
                                                    "extra_info": {
                                                        "Projections": [
                                                            "__internal_compress_integral_uinteger(#0, 2)",
                                                            "#1",
                                                            "#2",
                                                            "#3"
                                                        ],
                                                        "Estimated Cardinality": "2609129"
                                                    },
                                                    "cumulative_cardinality": 22085608,
                                                    "operator_type": "PROJECTION",
                                                    "operator_cardinality": 51794,
                                                    "cumulative_rows_scanned": 1300631059,
                                                    "operator_rows_scanned": 0,
                                                    "operator_timing": 0.00018780500000000004,
                                                    "result_set_size": 1864584,
                                                    "children": [
                                                        {
                                                            "operator_name": "HASH_JOIN",
                                                            "cpu_time": 7.442390529999998,
                                                            "extra_info": {
                                                                "Join Type": "INNER",
                                                                "Conditions": "movie_id = MOVIE_ID",
                                                                "Estimated Cardinality": "2609129"
                                                            },
                                                            "cumulative_cardinality": 22033814,
                                                            "operator_type": "HASH_JOIN",
                                                            "operator_cardinality": 51794,
                                                            "cumulative_rows_scanned": 1300631059,
                                                            "operator_rows_scanned": 0,
                                                            "operator_timing": 0.017714404,
                                                            "result_set_size": 2071760,
                                                            "children": [
                                                                {
                                                                    "operator_name": "HASH_JOIN",
                                                                    "cpu_time": 0.137320873,
                                                                    "extra_info": {
                                                                        "Join Type": "INNER",
                                                                        "Conditions": "company_id = id",
                                                                        "Estimated Cardinality": "2609129"
                                                                    },
                                                                    "cumulative_cardinality": 651341,
                                                                    "operator_type": "HASH_JOIN",
                                                                    "operator_cardinality": 208172,
                                                                    "cumulative_rows_scanned": 8062384,
                                                                    "operator_rows_scanned": 0,
                                                                    "operator_timing": 0.018559028999999998,
                                                                    "result_set_size": 6661504,
                                                                    "children": [
                                                                        {
                                                                            "operator_name": "READ_PARQUET ",
                                                                            "cpu_time": 0.08387389800000002,
                                                                            "extra_info": {
                                                                                "Function": "READ_PARQUET",
                                                                                "Projections": [
                                                                                    "movie_id",
                                                                                    "company_id"
                                                                                ],
                                                                                "Estimated Cardinality": "2609129"
                                                                            },
                                                                            "cumulative_cardinality": 208172,
                                                                            "operator_type": "TABLE_SCAN",
                                                                            "operator_cardinality": 208172,
                                                                            "cumulative_rows_scanned": 7827387,
                                                                            "operator_rows_scanned": 7827387,
                                                                            "operator_timing": 0.08387389800000002,
                                                                            "result_set_size": 3330752,
                                                                            "children": []
                                                                        },
                                                                        {
                                                                            "operator_name": "READ_PARQUET ",
                                                                            "cpu_time": 0.034887946,
                                                                            "extra_info": {
                                                                                "Function": "READ_PARQUET",
                                                                                "Projections": [
                                                                                    "id",
                                                                                    "name"
                                                                                ],
                                                                                "Estimated Cardinality": "234997"
                                                                            },
                                                                            "cumulative_cardinality": 234997,
                                                                            "operator_type": "TABLE_SCAN",
                                                                            "operator_cardinality": 234997,
                                                                            "cumulative_rows_scanned": 234997,
                                                                            "operator_rows_scanned": 234997,
                                                                            "operator_timing": 0.034887946,
                                                                            "result_set_size": 5639928,
                                                                            "children": []
                                                                        }
                                                                    ]
                                                                },
                                                                {
                                                                    "operator_name": "PROJECTION",
                                                                    "cpu_time": 7.2873552529999985,
                                                                    "extra_info": {
                                                                        "Projections": "MOVIE_ID",
                                                                        "Estimated Cardinality": "361472"
                                                                    },
                                                                    "cumulative_cardinality": 21330679,
                                                                    "operator_type": "PROJECTION",
                                                                    "operator_cardinality": 95855,
                                                                    "cumulative_rows_scanned": 1292568675,
                                                                    "operator_rows_scanned": 0,
                                                                    "operator_timing": 0.000007877000000000001,
                                                                    "result_set_size": 766840,
                                                                    "children": [
                                                                        {
                                                                            "operator_name": "PROJECTION",
                                                                            "cpu_time": 7.287347375999999,
                                                                            "extra_info": {
                                                                                "Projections": [
                                                                                    "#0",
                                                                                    "__internal_decompress_integral_bigint(#1, 2000)",
                                                                                    "#2",
                                                                                    "#3"
                                                                                ],
                                                                                "Estimated Cardinality": "361472"
                                                                            },
                                                                            "cumulative_cardinality": 21234824,
                                                                            "operator_type": "PROJECTION",
                                                                            "operator_cardinality": 95855,
                                                                            "cumulative_rows_scanned": 1292568675,
                                                                            "operator_rows_scanned": 0,
                                                                            "operator_timing": 0.0005031619999999999,
                                                                            "result_set_size": 3834200,
                                                                            "children": [
                                                                                {
                                                                                    "operator_name": "HASH_GROUP_BY",
                                                                                    "cpu_time": 7.2868442139999985,
                                                                                    "extra_info": {
                                                                                        "Groups": [
                                                                                            "#0",
                                                                                            "#1",
                                                                                            "#2"
                                                                                        ],
                                                                                        "Aggregates": "any_value(#3)",
                                                                                        "Estimated Cardinality": "361472"
                                                                                    },
                                                                                    "cumulative_cardinality": 21138969,
                                                                                    "operator_type": "HASH_GROUP_BY",
                                                                                    "operator_cardinality": 95855,
                                                                                    "cumulative_rows_scanned": 1292568675,
                                                                                    "operator_rows_scanned": 0,
                                                                                    "operator_timing": 1.9878581400000002,
                                                                                    "result_set_size": 3163215,
                                                                                    "children": [
                                                                                        {
                                                                                            "operator_name": "PROJECTION",
                                                                                            "cpu_time": 5.298986073999998,
                                                                                            "extra_info": {
                                                                                                "Projections": [
                                                                                                    "title",
                                                                                                    "production_year",
                                                                                                    "id",
                                                                                                    "id"
                                                                                                ],
                                                                                                "Estimated Cardinality": "36244344"
                                                                                            },
                                                                                            "cumulative_cardinality": 21043114,
                                                                                            "operator_type": "PROJECTION",
                                                                                            "operator_cardinality": 3902311,
                                                                                            "cumulative_rows_scanned": 1292568675,
                                                                                            "operator_rows_scanned": 0,
                                                                                            "operator_timing": 0.004475840999999998,
                                                                                            "result_set_size": 128776263,
                                                                                            "children": [
                                                                                                {
                                                                                                    "operator_name": "PROJECTION",
                                                                                                    "cpu_time": 5.294510232999999,
                                                                                                    "extra_info": {
                                                                                                        "Projections": [
                                                                                                            "#0",
                                                                                                            "#1",
                                                                                                            "__internal_compress_integral_utinyint(#2, 2000)",
                                                                                                            "__internal_compress_integral_uinteger(#3, 4)"
                                                                                                        ],
                                                                                                        "Estimated Cardinality": "36244344"
                                                                                                    },
                                                                                                    "cumulative_cardinality": 17140803,
                                                                                                    "operator_type": "PROJECTION",
                                                                                                    "operator_cardinality": 3902311,
                                                                                                    "cumulative_rows_scanned": 1292568675,
                                                                                                    "operator_rows_scanned": 0,
                                                                                                    "operator_timing": 0.034026999999999995,
                                                                                                    "result_set_size": 113167019,
                                                                                                    "children": [
                                                                                                        {
                                                                                                            "operator_name": "HASH_JOIN",
                                                                                                            "cpu_time": 5.260483232999999,
                                                                                                            "extra_info": {
                                                                                                                "Join Type": "LEFT",
                                                                                                                "Conditions": "person_id = person_id",
                                                                                                                "Estimated Cardinality": "36244344"
                                                                                                            },
                                                                                                            "cumulative_cardinality": 13238492,
                                                                                                            "operator_type": "HASH_JOIN",
                                                                                                            "operator_cardinality": 3902311,
                                                                                                            "cumulative_rows_scanned": 1292568675,
                                                                                                            "operator_rows_scanned": 0,
                                                                                                            "operator_timing": 0.5192973709999995,
                                                                                                            "result_set_size": 156092440,
                                                                                                            "children": [
                                                                                                                {
                                                                                                                    "operator_name": "HASH_JOIN",
                                                                                                                    "cpu_time": 4.7208781779999995,
                                                                                                                    "extra_info": {
                                                                                                                        "Join Type": "RIGHT",
                                                                                                                        "Conditions": "movie_id = id",
                                                                                                                        "Estimated Cardinality": "36244344"
                                                                                                                    },
                                                                                                                    "cumulative_cardinality": 8434838,
                                                                                                                    "operator_type": "HASH_JOIN",
                                                                                                                    "operator_cardinality": 2656136,
                                                                                                                    "cumulative_rows_scanned": 1291667332,
                                                                                                                    "operator_rows_scanned": 0,
                                                                                                                    "operator_timing": 0.6399177199999999,
                                                                                                                    "result_set_size": 106245440,
                                                                                                                    "children": [
                                                                                                                        {
                                                                                                                            "operator_name": "READ_PARQUET ",
                                                                                                                            "cpu_time": 3.969983417,
                                                                                                                            "extra_info": {
                                                                                                                                "Function": "READ_PARQUET",
                                                                                                                                "Projections": [
                                                                                                                                    "person_id",
                                                                                                                                    "movie_id"
                                                                                                                                ],
                                                                                                                                "Estimated Cardinality": "36244344"
                                                                                                                            },
                                                                                                                            "cumulative_cardinality": 5054952,
                                                                                                                            "operator_type": "TABLE_SCAN",
                                                                                                                            "operator_cardinality": 5054952,
                                                                                                                            "cumulative_rows_scanned": 1268552040,
                                                                                                                            "operator_rows_scanned": 1268552040,
                                                                                                                            "operator_timing": 3.969983417,
                                                                                                                            "result_set_size": 80879232,
                                                                                                                            "children": []
                                                                                                                        },
                                                                                                                        {
                                                                                                                            "operator_name": "HASH_JOIN",
                                                                                                                            "cpu_time": 0.110977041,
                                                                                                                            "extra_info": {
                                                                                                                                "Join Type": "LEFT",
                                                                                                                                "Conditions": "keyword_id = id",
                                                                                                                                "Estimated Cardinality": "4523930"
                                                                                                                            },
                                                                                                                            "cumulative_cardinality": 723750,
                                                                                                                            "operator_type": "HASH_JOIN",
                                                                                                                            "operator_cardinality": 140221,
                                                                                                                            "cumulative_rows_scanned": 23115292,
                                                                                                                            "operator_rows_scanned": 0,
                                                                                                                            "operator_timing": 0.009753486999999998,
                                                                                                                            "result_set_size": 5608840,
                                                                                                                            "children": [
                                                                                                                                {
                                                                                                                                    "operator_name": "HASH_JOIN",
                                                                                                                                    "cpu_time": 0.095107531,
                                                                                                                                    "extra_info": {
                                                                                                                                        "Join Type": "RIGHT",
                                                                                                                                        "Conditions": "movie_id = id",
                                                                                                                                        "Estimated Cardinality": "4523930"
                                                                                                                                    },
                                                                                                                                    "cumulative_cardinality": 449359,
                                                                                                                                    "operator_type": "HASH_JOIN",
                                                                                                                                    "operator_cardinality": 140221,
                                                                                                                                    "cumulative_rows_scanned": 22981122,
                                                                                                                                    "operator_rows_scanned": 0,
                                                                                                                                    "operator_timing": 0.018665599999999997,
                                                                                                                                    "result_set_size": 5608840,
                                                                                                                                    "children": [
                                                                                                                                        {
                                                                                                                                            "operator_name": "READ_PARQUET ",
                                                                                                                                            "cpu_time": 0.025869974000000004,
                                                                                                                                            "extra_info": {
                                                                                                                                                "Function": "READ_PARQUET",
                                                                                                                                                "Projections": [
                                                                                                                                                    "movie_id",
                                                                                                                                                    "keyword_id"
                                                                                                                                                ],
                                                                                                                                                "Estimated Cardinality": "4523930"
                                                                                                                                            },
                                                                                                                                            "cumulative_cardinality": 213283,
                                                                                                                                            "operator_type": "TABLE_SCAN",
                                                                                                                                            "operator_cardinality": 213283,
                                                                                                                                            "cumulative_rows_scanned": 22619650,
                                                                                                                                            "operator_rows_scanned": 22619650,
                                                                                                                                            "operator_timing": 0.025869974000000004,
                                                                                                                                            "result_set_size": 3412528,
                                                                                                                                            "children": []
                                                                                                                                        },
                                                                                                                                        {
                                                                                                                                            "operator_name": "READ_PARQUET ",
                                                                                                                                            "cpu_time": 0.05057195699999999,
                                                                                                                                            "extra_info": {
                                                                                                                                                "Function": "READ_PARQUET",
                                                                                                                                                "Projections": [
                                                                                                                                                    "id",
                                                                                                                                                    "title",
                                                                                                                                                    "production_year"
                                                                                                                                                ],
                                                                                                                                                "Filters": "production_year>=2000 AND production_year<=2020",
                                                                                                                                                "Estimated Cardinality": "72294"
                                                                                                                                            },
                                                                                                                                            "cumulative_cardinality": 95855,
                                                                                                                                            "operator_type": "TABLE_SCAN",
                                                                                                                                            "operator_cardinality": 95855,
                                                                                                                                            "cumulative_rows_scanned": 361472,
                                                                                                                                            "operator_rows_scanned": 361472,
                                                                                                                                            "operator_timing": 0.05057195699999999,
                                                                                                                                            "result_set_size": 3067360,
                                                                                                                                            "children": []
                                                                                                                                        }
                                                                                                                                    ]
                                                                                                                                },
                                                                                                                                {
                                                                                                                                    "operator_name": "READ_PARQUET ",
                                                                                                                                    "cpu_time": 0.006116023,
                                                                                                                                    "extra_info": {
                                                                                                                                        "Function": "READ_PARQUET",
                                                                                                                                        "Projections": "id",
                                                                                                                                        "Estimated Cardinality": "134170"
                                                                                                                                    },
                                                                                                                                    "cumulative_cardinality": 134170,
                                                                                                                                    "operator_type": "TABLE_SCAN",
                                                                                                                                    "operator_cardinality": 134170,
                                                                                                                                    "cumulative_rows_scanned": 134170,
                                                                                                                                    "operator_rows_scanned": 134170,
                                                                                                                                    "operator_timing": 0.006116023,
                                                                                                                                    "result_set_size": 1073360,
                                                                                                                                    "children": []
                                                                                                                                }
                                                                                                                            ]
                                                                                                                        }
                                                                                                                    ]
                                                                                                                },
                                                                                                                {
                                                                                                                    "operator_name": "READ_PARQUET ",
                                                                                                                    "cpu_time": 0.020307684000000048,
                                                                                                                    "extra_info": {
                                                                                                                        "Function": "READ_PARQUET",
                                                                                                                        "Projections": "person_id",
                                                                                                                        "Estimated Cardinality": "901343"
                                                                                                                    },
                                                                                                                    "cumulative_cardinality": 901343,
                                                                                                                    "operator_type": "TABLE_SCAN",
                                                                                                                    "operator_cardinality": 901343,
                                                                                                                    "cumulative_rows_scanned": 901343,
                                                                                                                    "operator_rows_scanned": 901343,
                                                                                                                    "operator_timing": 0.020307684000000048,
                                                                                                                    "result_set_size": 7210744,
                                                                                                                    "children": []
                                                                                                                }
                                                                                                            ]
                                                                                                        }
                                                                                                    ]
                                                                                                }
                                                                                            ]
                                                                                        }
                                                                                    ]
                                                                                }
                                                                            ]
                                                                        }
                                                                    ]
                                                                }
                                                            ]
                                                        }
                                                    ]
                                                }
                                            ]
                                        }
                                    ]
                                }
                            ]
                        },
                        {
                            "operator_name": "PROJECTION",
                            "cpu_time": 11.134947293999998,
                            "extra_info": {
                                "Projections": [
                                    "MOVIE_TITLE",
                                    "PRODUCTION_YEAR",
                                    "MOVIE_ID",
                                    "CAST_COUNT",
                                    "CAST_NAMES"
                                ],
                                "Estimated Cardinality": "361472"
                            },
                            "cumulative_cardinality": 21330679,
                            "operator_type": "PROJECTION",
                            "operator_cardinality": 95855,
                            "cumulative_rows_scanned": 1292568675,
                            "operator_rows_scanned": 0,
                            "operator_timing": 0.000021493,
                            "result_set_size": 5367880,
                            "children": [
                                {
                                    "operator_name": "PROJECTION",
                                    "cpu_time": 11.134925800999998,
                                    "extra_info": {
                                        "Projections": [
                                            "#0",
                                            "__internal_decompress_integral_bigint(#1, 2000)",
                                            "#2",
                                            "#3",
                                            "#4",
                                            "#5",
                                            "#6"
                                        ],
                                        "Estimated Cardinality": "361472"
                                    },
                                    "cumulative_cardinality": 21234824,
                                    "operator_type": "PROJECTION",
                                    "operator_cardinality": 95855,
                                    "cumulative_rows_scanned": 1292568675,
                                    "operator_rows_scanned": 0,
                                    "operator_timing": 0.000412841,
                                    "result_set_size": 7668400,
                                    "children": [
                                        {
                                            "operator_name": "HASH_GROUP_BY",
                                            "cpu_time": 11.134512959999999,
                                            "extra_info": {
                                                "Groups": [
                                                    "#0",
                                                    "#1",
                                                    "#2"
                                                ],
                                                "Aggregates": [
                                                    "any_value(#3)",
                                                    "any_value(#4)",
                                                    "count(DISTINCT #5)",
                                                    "listagg(DISTINCT #6)"
                                                ],
                                                "Estimated Cardinality": "361472"
                                            },
                                            "cumulative_cardinality": 21138969,
                                            "operator_type": "HASH_GROUP_BY",
                                            "operator_cardinality": 95855,
                                            "cumulative_rows_scanned": 1292568675,
                                            "operator_rows_scanned": 0,
                                            "operator_timing": 5.311434999,
                                            "result_set_size": 6997415,
                                            "children": [
                                                {
                                                    "operator_name": "PROJECTION",
                                                    "cpu_time": 5.823077960999999,
                                                    "extra_info": {
                                                        "Projections": [
                                                            "title",
                                                            "production_year",
                                                            "id",
                                                            "title",
                                                            "id",
                                                            "person_id",
                                                            "name"
                                                        ],
                                                        "Estimated Cardinality": "36244344"
                                                    },
                                                    "cumulative_cardinality": 21043114,
                                                    "operator_type": "PROJECTION",
                                                    "operator_cardinality": 3902311,
                                                    "cumulative_rows_scanned": 1292568675,
                                                    "operator_rows_scanned": 0,
                                                    "operator_timing": 0.00768181199999999,
                                                    "result_set_size": 284868703,
                                                    "children": [
                                                        {
                                                            "operator_name": "PROJECTION",
                                                            "cpu_time": 5.815396148999999,
                                                            "extra_info": {
                                                                "Projections": [
                                                                    "#0",
                                                                    "#1",
                                                                    "#2",
                                                                    "__internal_compress_integral_utinyint(#3, 2000)",
                                                                    "#4"
                                                                ],
                                                                "Estimated Cardinality": "36244344"
                                                            },
                                                            "cumulative_cardinality": 17140803,
                                                            "operator_type": "PROJECTION",
                                                            "operator_cardinality": 3902311,
                                                            "cumulative_rows_scanned": 1292568675,
                                                            "operator_rows_scanned": 0,
                                                            "operator_timing": 0.027824971999999996,
                                                            "result_set_size": 191213239,
                                                            "children": [
                                                                {
                                                                    "operator_name": "HASH_JOIN",
                                                                    "cpu_time": 5.7875711769999985,
                                                                    "extra_info": {
                                                                        "Join Type": "LEFT",
                                                                        "Conditions": "person_id = person_id",
                                                                        "Estimated Cardinality": "36244344"
                                                                    },
                                                                    "cumulative_cardinality": 13238492,
                                                                    "operator_type": "HASH_JOIN",
                                                                    "operator_cardinality": 3902311,
                                                                    "cumulative_rows_scanned": 1292568675,
                                                                    "operator_rows_scanned": 0,
                                                                    "operator_timing": 0.8924535910000001,
                                                                    "result_set_size": 218529416,
                                                                    "children": [
                                                                        {
                                                                            "operator_name": "HASH_JOIN",
                                                                            "cpu_time": 4.778213189999999,
                                                                            "extra_info": {
                                                                                "Join Type": "RIGHT",
                                                                                "Conditions": "movie_id = id",
                                                                                "Estimated Cardinality": "36244344"
                                                                            },
                                                                            "cumulative_cardinality": 8434838,
                                                                            "operator_type": "HASH_JOIN",
                                                                            "operator_cardinality": 2656136,
                                                                            "cumulative_rows_scanned": 1291667332,
                                                                            "operator_rows_scanned": 0,
                                                                            "operator_timing": 0.717173754,
                                                                            "result_set_size": 106245440,
                                                                            "children": [
                                                                                {
                                                                                    "operator_name": "READ_PARQUET ",
                                                                                    "cpu_time": 3.9339165129999993,
                                                                                    "extra_info": {
                                                                                        "Function": "READ_PARQUET",
                                                                                        "Projections": [
                                                                                            "person_id",
                                                                                            "movie_id"
                                                                                        ],
                                                                                        "Estimated Cardinality": "36244344"
                                                                                    },
                                                                                    "cumulative_cardinality": 5054952,
                                                                                    "operator_type": "TABLE_SCAN",
                                                                                    "operator_cardinality": 5054952,
                                                                                    "cumulative_rows_scanned": 1268552040,
                                                                                    "operator_rows_scanned": 1268552040,
                                                                                    "operator_timing": 3.9339165129999993,
                                                                                    "result_set_size": 80879232,
                                                                                    "children": []
                                                                                },
                                                                                {
                                                                                    "operator_name": "HASH_JOIN",
                                                                                    "cpu_time": 0.12712292299999997,
                                                                                    "extra_info": {
                                                                                        "Join Type": "LEFT",
                                                                                        "Conditions": "keyword_id = id",
                                                                                        "Estimated Cardinality": "4523930"
                                                                                    },
                                                                                    "cumulative_cardinality": 723750,
                                                                                    "operator_type": "HASH_JOIN",
                                                                                    "operator_cardinality": 140221,
                                                                                    "cumulative_rows_scanned": 23115292,
                                                                                    "operator_rows_scanned": 0,
                                                                                    "operator_timing": 0.010600485,
                                                                                    "result_set_size": 5608840,
                                                                                    "children": [
                                                                                        {
                                                                                            "operator_name": "HASH_JOIN",
                                                                                            "cpu_time": 0.11071367299999998,
                                                                                            "extra_info": {
                                                                                                "Join Type": "RIGHT",
                                                                                                "Conditions": "movie_id = id",
                                                                                                "Estimated Cardinality": "4523930"
                                                                                            },
                                                                                            "cumulative_cardinality": 449359,
                                                                                            "operator_type": "HASH_JOIN",
                                                                                            "operator_cardinality": 140221,
                                                                                            "cumulative_rows_scanned": 22981122,
                                                                                            "operator_rows_scanned": 0,
                                                                                            "operator_timing": 0.022063956000000003,
                                                                                            "result_set_size": 5608840,
                                                                                            "children": [
                                                                                                {
                                                                                                    "operator_name": "READ_PARQUET ",
                                                                                                    "cpu_time": 0.03989915999999999,
                                                                                                    "extra_info": {
                                                                                                        "Function": "READ_PARQUET",
                                                                                                        "Projections": [
                                                                                                            "movie_id",
                                                                                                            "keyword_id"
                                                                                                        ],
                                                                                                        "Estimated Cardinality": "4523930"
                                                                                                    },
                                                                                                    "cumulative_cardinality": 213283,
                                                                                                    "operator_type": "TABLE_SCAN",
                                                                                                    "operator_cardinality": 213283,
                                                                                                    "cumulative_rows_scanned": 22619650,
                                                                                                    "operator_rows_scanned": 22619650,
                                                                                                    "operator_timing": 0.03989915999999999,
                                                                                                    "result_set_size": 3412528,
                                                                                                    "children": []
                                                                                                },
                                                                                                {
                                                                                                    "operator_name": "READ_PARQUET ",
                                                                                                    "cpu_time": 0.048750557,
                                                                                                    "extra_info": {
                                                                                                        "Function": "READ_PARQUET",
                                                                                                        "Projections": [
                                                                                                            "id",
                                                                                                            "title",
                                                                                                            "production_year"
                                                                                                        ],
                                                                                                        "Filters": "production_year>=2000 AND production_year<=2020",
                                                                                                        "Estimated Cardinality": "72294"
                                                                                                    },
                                                                                                    "cumulative_cardinality": 95855,
                                                                                                    "operator_type": "TABLE_SCAN",
                                                                                                    "operator_cardinality": 95855,
                                                                                                    "cumulative_rows_scanned": 361472,
                                                                                                    "operator_rows_scanned": 361472,
                                                                                                    "operator_timing": 0.048750557,
                                                                                                    "result_set_size": 3067360,
                                                                                                    "children": []
                                                                                                }
                                                                                            ]
                                                                                        },
                                                                                        {
                                                                                            "operator_name": "READ_PARQUET ",
                                                                                            "cpu_time": 0.005808765000000001,
                                                                                            "extra_info": {
                                                                                                "Function": "READ_PARQUET",
                                                                                                "Projections": "id",
                                                                                                "Estimated Cardinality": "134170"
                                                                                            },
                                                                                            "cumulative_cardinality": 134170,
                                                                                            "operator_type": "TABLE_SCAN",
                                                                                            "operator_cardinality": 134170,
                                                                                            "cumulative_rows_scanned": 134170,
                                                                                            "operator_rows_scanned": 134170,
                                                                                            "operator_timing": 0.005808765000000001,
                                                                                            "result_set_size": 1073360,
                                                                                            "children": []
                                                                                        }
                                                                                    ]
                                                                                }
                                                                            ]
                                                                        },
                                                                        {
                                                                            "operator_name": "READ_PARQUET ",
                                                                            "cpu_time": 0.11690439600000008,
                                                                            "extra_info": {
                                                                                "Function": "READ_PARQUET",
                                                                                "Projections": [
                                                                                    "person_id",
                                                                                    "name"
                                                                                ],
                                                                                "Estimated Cardinality": "901343"
                                                                            },
                                                                            "cumulative_cardinality": 901343,
                                                                            "operator_type": "TABLE_SCAN",
                                                                            "operator_cardinality": 901343,
                                                                            "cumulative_rows_scanned": 901343,
                                                                            "operator_rows_scanned": 901343,
                                                                            "operator_timing": 0.11690439600000008,
                                                                            "result_set_size": 21632232,
                                                                            "children": []
                                                                        }
                                                                    ]
                                                                }
                                                            ]
                                                        }
                                                    ]
                                                }
                                            ]
                                        }
                                    ]
                                }
                            ]
                        }
                    ]
                }
            ]
        }
    ]
}