{
    "rows_returned": 0,
    "query_name": "WITH TagCounts AS (\n    SELECT\n        Tags.TagName,\n        COUNT(*) AS PostCount,\n        SUM(CASE WHEN P.PostTypeId = 1 THEN 1 ELSE 0 END) AS QuestionCount,\n        SUM(CASE WHEN P.PostTypeId = 2 THEN 1 ELSE 0 END) AS AnswerCount,\n        SUM(CASE WHEN PH.PostHistoryTypeId = 10 THEN 1 ELSE 0 END) AS ClosedPostCount\n    FROM \n        Posts P\n    JOIN \n        Tags ON P.Tags LIKE '%' || Tags.TagName || '%'\n    LEFT JOIN \n        PostHistory PH ON P.Id = PH.PostId\n    GROUP BY \n        Tags.TagName\n), \nUserVotes AS (\n    SELECT \n        U.Id AS UserId,\n        U.DisplayName,\n        SUM(CASE WHEN V.VoteTypeId = 2 THEN 1 ELSE 0 END) AS UpVoteCount,\n        SUM(CASE WHEN V.VoteTypeId = 3 THEN 1 ELSE 0 END) AS DownVoteCount\n    FROM \n        Users U\n    LEFT JOIN \n        Votes V ON U.Id = V.UserId\n    GROUP BY \n        U.Id, U.DisplayName\n),\nPostMetrics AS (\n    SELECT \n        P.Id AS PostId,\n        P.Title,\n        COALESCE(PC.PostCount, 0) AS TotalPosts,\n        COALESCE(UC.UpVoteCount, 0) AS TotalUpVotes,\n        COALESCE(UC.DownVoteCount, 0) AS TotalDownVotes,\n        COALESCE(TC.ClosedPostCount, 0) AS TotalClosedPosts\n    FROM \n        Posts P\n    LEFT JOIN \n        (SELECT \n            P.Id, \n            COUNT(P.Id) AS PostCount \n        FROM \n            Posts P \n        WHERE \n            P.PostTypeId IN (1, 2) \n        GROUP BY \n            P.Id) PC ON P.Id = PC.Id\n    LEFT JOIN \n        UserVotes UC ON P.OwnerUserId = UC.UserId\n    LEFT JOIN \n        TagCounts TC ON P.Tags LIKE '%' || TC.TagName || '%'\n)\nSELECT \n    Title,\n    TotalPosts,\n    TotalUpVotes,\n    TotalDownVotes,\n    TotalClosedPosts\nFROM \n    PostMetrics\nWHERE \n    TotalPosts > 1\nORDER BY \n    TotalPosts DESC, TotalUpVotes DESC, TotalDownVotes ASC\nLIMIT 10",
    "blocked_thread_time": 0.02,
    "cpu_time": 574.1755764909966,
    "extra_info": {},
    "cumulative_cardinality": 87072452,
    "cumulative_rows_scanned": 355940925,
    "result_set_size": 0,
    "latency": 166.792126812,
    "children": [
        {
            "operator_name": "LIMIT",
            "cpu_time": 574.1755764909966,
            "extra_info": {},
            "cumulative_cardinality": 87072452,
            "operator_type": "LIMIT",
            "operator_cardinality": 0,
            "cumulative_rows_scanned": 355940925,
            "operator_rows_scanned": 0,
            "operator_timing": 0.000001623,
            "result_set_size": 0,
            "children": [
                {
                    "operator_name": "ORDER_BY",
                    "cpu_time": 574.1755748679966,
                    "extra_info": {
                        "Order By": [
                            "PostMetrics.TotalPosts DESC",
                            "PostMetrics.TotalUpVotes DESC",
                            "PostMetrics.TotalDownVotes ASC"
                        ]
                    },
                    "cumulative_cardinality": 87072452,
                    "operator_type": "ORDER_BY",
                    "operator_cardinality": 0,
                    "cumulative_rows_scanned": 355940925,
                    "operator_rows_scanned": 0,
                    "operator_timing": 5.01e-7,
                    "result_set_size": 0,
                    "children": [
                        {
                            "operator_name": "PROJECTION",
                            "cpu_time": 574.1755743669966,
                            "extra_info": {
                                "Projections": [
                                    "title",
                                    "TotalPosts",
                                    "TotalUpVotes",
                                    "TotalDownVotes",
                                    "TotalClosedPosts"
                                ],
                                "Estimated Cardinality": "3850116"
                            },
                            "cumulative_cardinality": 87072452,
                            "operator_type": "PROJECTION",
                            "operator_cardinality": 0,
                            "cumulative_rows_scanned": 355940925,
                            "operator_rows_scanned": 0,
                            "operator_timing": 0.0,
                            "result_set_size": 0,
                            "children": [
                                {
                                    "operator_name": "BLOCKWISE_NL_JOIN",
                                    "cpu_time": 574.1755743669966,
                                    "extra_info": {
                                        "Join Type": "RIGHT",
                                        "Condition": "(tags ~~ (('%' || tagname) || '%'))"
                                    },
                                    "cumulative_cardinality": 87072452,
                                    "operator_type": "BLOCKWISE_NL_JOIN",
                                    "operator_cardinality": 0,
                                    "cumulative_rows_scanned": 355940925,
                                    "operator_rows_scanned": 0,
                                    "operator_timing": 0.0019101980000000003,
                                    "result_set_size": 0,
                                    "children": [
                                        {
                                            "operator_name": "HASH_GROUP_BY",
                                            "cpu_time": 568.9485984659965,
                                            "extra_info": {
                                                "Groups": "#0",
                                                "Aggregates": "sum(#1)",
                                                "Estimated Cardinality": "3850116"
                                            },
                                            "cumulative_cardinality": 71583646,
                                            "operator_type": "HASH_GROUP_BY",
                                            "operator_cardinality": 1976,
                                            "cumulative_rows_scanned": 156945368,
                                            "operator_rows_scanned": 0,
                                            "operator_timing": 1.2245894699999993,
                                            "result_set_size": 63232,
                                            "children": [
                                                {
                                                    "operator_name": "PROJECTION",
                                                    "cpu_time": 567.7240089959965,
                                                    "extra_info": {
                                                        "Projections": [
                                                            "tagname",
                                                            "CASE  WHEN ((posthistorytypeid = 10)) THEN (1) ELSE 0 END"
                                                        ],
                                                        "Estimated Cardinality": "11795244"
                                                    },
                                                    "cumulative_cardinality": 71581670,
                                                    "operator_type": "PROJECTION",
                                                    "operator_cardinality": 25399352,
                                                    "cumulative_rows_scanned": 156945368,
                                                    "operator_rows_scanned": 0,
                                                    "operator_timing": 0.10140909600000003,
                                                    "result_set_size": 507987040,
                                                    "children": [
                                                        {
                                                            "operator_name": "HASH_JOIN",
                                                            "cpu_time": 567.6225998999965,
                                                            "extra_info": {
                                                                "Join Type": "RIGHT",
                                                                "Conditions": "postid = id",
                                                                "Estimated Cardinality": "11795244"
                                                            },
                                                            "cumulative_cardinality": 46182318,
                                                            "operator_type": "HASH_JOIN",
                                                            "operator_cardinality": 25399352,
                                                            "cumulative_rows_scanned": 156945368,
                                                            "operator_rows_scanned": 0,
                                                            "operator_timing": 1.912129775000001,
                                                            "result_set_size": 457188336,
                                                            "children": [
                                                                {
                                                                    "operator_name": "READ_PARQUET ",
                                                                    "cpu_time": 1.1076328130000002,
                                                                    "extra_info": {
                                                                        "Function": "READ_PARQUET",
                                                                        "Projections": [
                                                                            "posthistorytypeid",
                                                                            "postid"
                                                                        ],
                                                                        "Estimated Cardinality": "11795244"
                                                                    },
                                                                    "cumulative_cardinality": 11795244,
                                                                    "operator_type": "TABLE_SCAN",
                                                                    "operator_cardinality": 11795244,
                                                                    "cumulative_rows_scanned": 141542928,
                                                                    "operator_rows_scanned": 141542928,
                                                                    "operator_timing": 1.1076328130000002,
                                                                    "result_set_size": 70771464,
                                                                    "children": []
                                                                },
                                                                {
                                                                    "operator_name": "BLOCKWISE_NL_JOIN",
                                                                    "cpu_time": 564.6028373119965,
                                                                    "extra_info": {
                                                                        "Join Type": "INNER",
                                                                        "Condition": "(tags ~~ (('%' || tagname) || '%'))"
                                                                    },
                                                                    "cumulative_cardinality": 8987722,
                                                                    "operator_type": "BLOCKWISE_NL_JOIN",
                                                                    "operator_cardinality": 5135630,
                                                                    "cumulative_rows_scanned": 15402440,
                                                                    "operator_rows_scanned": 0,
                                                                    "operator_timing": 563.9960520459964,
                                                                    "result_set_size": 184882680,
                                                                    "children": [
                                                                        {
                                                                            "operator_name": "READ_PARQUET ",
                                                                            "cpu_time": 0.6061918860000001,
                                                                            "extra_info": {
                                                                                "Function": "READ_PARQUET",
                                                                                "Projections": [
                                                                                    "id",
                                                                                    "tags"
                                                                                ],
                                                                                "Estimated Cardinality": "3850116"
                                                                            },
                                                                            "cumulative_cardinality": 3850116,
                                                                            "operator_type": "TABLE_SCAN",
                                                                            "operator_cardinality": 3850116,
                                                                            "cumulative_rows_scanned": 15400464,
                                                                            "operator_rows_scanned": 15400464,
                                                                            "operator_timing": 0.6061918860000001,
                                                                            "result_set_size": 77002320,
                                                                            "children": []
                                                                        },
                                                                        {
                                                                            "operator_name": "READ_PARQUET ",
                                                                            "cpu_time": 0.00059338,
                                                                            "extra_info": {
                                                                                "Function": "READ_PARQUET",
                                                                                "Projections": "tagname",
                                                                                "Estimated Cardinality": "1976"
                                                                            },
                                                                            "cumulative_cardinality": 1976,
                                                                            "operator_type": "TABLE_SCAN",
                                                                            "operator_cardinality": 1976,
                                                                            "cumulative_rows_scanned": 1976,
                                                                            "operator_rows_scanned": 1976,
                                                                            "operator_timing": 0.00059338,
                                                                            "result_set_size": 31616,
                                                                            "children": []
                                                                        }
                                                                    ]
                                                                }
                                                            ]
                                                        }
                                                    ]
                                                }
                                            ]
                                        },
                                        {
                                            "operator_name": "HASH_JOIN",
                                            "cpu_time": 5.2250657029999985,
                                            "extra_info": {
                                                "Join Type": "RIGHT",
                                                "Conditions": "UserId = owneruserid",
                                                "Estimated Cardinality": "1260710"
                                            },
                                            "cumulative_cardinality": 15488806,
                                            "operator_type": "HASH_JOIN",
                                            "operator_cardinality": 0,
                                            "cumulative_rows_scanned": 198995557,
                                            "operator_rows_scanned": 0,
                                            "operator_timing": 0.000334387,
                                            "result_set_size": 0,
                                            "children": [
                                                {
                                                    "operator_name": "PROJECTION",
                                                    "cpu_time": 2.526156195999999,
                                                    "extra_info": {
                                                        "Projections": [
                                                            "UserId",
                                                            "UpVoteCount",
                                                            "DownVoteCount"
                                                        ],
                                                        "Estimated Cardinality": "1260710"
                                                    },
                                                    "cumulative_cardinality": 3944243,
                                                    "operator_type": "PROJECTION",
                                                    "operator_cardinality": 32768,
                                                    "cumulative_rows_scanned": 168194629,
                                                    "operator_rows_scanned": 0,
                                                    "operator_timing": 0.000031447,
                                                    "result_set_size": 1179648,
                                                    "children": [
                                                        {
                                                            "operator_name": "HASH_GROUP_BY",
                                                            "cpu_time": 2.526124748999999,
                                                            "extra_info": {
                                                                "Groups": [
                                                                    "#0",
                                                                    "#1"
                                                                ],
                                                                "Aggregates": [
                                                                    "sum(#2)",
                                                                    "sum(#3)"
                                                                ],
                                                                "Estimated Cardinality": "1260710"
                                                            },
                                                            "cumulative_cardinality": 3911475,
                                                            "operator_type": "HASH_GROUP_BY",
                                                            "operator_cardinality": 32768,
                                                            "cumulative_rows_scanned": 168194629,
                                                            "operator_rows_scanned": 0,
                                                            "operator_timing": 0.7830809359999997,
                                                            "result_set_size": 1703936,
                                                            "children": [
                                                                {
                                                                    "operator_name": "PROJECTION",
                                                                    "cpu_time": 1.7430438129999994,
                                                                    "extra_info": {
                                                                        "Projections": [
                                                                            "id",
                                                                            "displayname",
                                                                            "CASE  WHEN ((votetypeid = 2)) THEN (1) ELSE 0 END",
                                                                            "CASE  WHEN ((votetypeid = 3)) THEN (1) ELSE 0 END"
                                                                        ],
                                                                        "Estimated Cardinality": "12744093"
                                                                    },
                                                                    "cumulative_cardinality": 3878707,
                                                                    "operator_type": "PROJECTION",
                                                                    "operator_cardinality": 1288855,
                                                                    "cumulative_rows_scanned": 168194629,
                                                                    "operator_rows_scanned": 0,
                                                                    "operator_timing": 0.0034235179999999995,
                                                                    "result_set_size": 36087940,
                                                                    "children": [
                                                                        {
                                                                            "operator_name": "HASH_JOIN",
                                                                            "cpu_time": 1.7396202949999995,
                                                                            "extra_info": {
                                                                                "Join Type": "RIGHT",
                                                                                "Conditions": "userid = id",
                                                                                "Estimated Cardinality": "12744093"
                                                                            },
                                                                            "cumulative_cardinality": 2589852,
                                                                            "operator_type": "HASH_JOIN",
                                                                            "operator_cardinality": 1288855,
                                                                            "cumulative_rows_scanned": 168194629,
                                                                            "operator_rows_scanned": 0,
                                                                            "operator_timing": 0.15842396800000005,
                                                                            "result_set_size": 28354810,
                                                                            "children": [
                                                                                {
                                                                                    "operator_name": "READ_PARQUET ",
                                                                                    "cpu_time": 1.3053325709999994,
                                                                                    "extra_info": {
                                                                                        "Function": "READ_PARQUET",
                                                                                        "Projections": [
                                                                                            "votetypeid",
                                                                                            "userid"
                                                                                        ],
                                                                                        "Estimated Cardinality": "12744093"
                                                                                    },
                                                                                    "cumulative_cardinality": 40287,
                                                                                    "operator_type": "TABLE_SCAN",
                                                                                    "operator_cardinality": 40287,
                                                                                    "cumulative_rows_scanned": 165673209,
                                                                                    "operator_rows_scanned": 165673209,
                                                                                    "operator_timing": 1.3053325709999994,
                                                                                    "result_set_size": 241722,
                                                                                    "children": []
                                                                                },
                                                                                {
                                                                                    "operator_name": "READ_PARQUET ",
                                                                                    "cpu_time": 0.275863756,
                                                                                    "extra_info": {
                                                                                        "Function": "READ_PARQUET",
                                                                                        "Projections": [
                                                                                            "id",
                                                                                            "displayname"
                                                                                        ],
                                                                                        "Estimated Cardinality": "1260710"
                                                                                    },
                                                                                    "cumulative_cardinality": 1260710,
                                                                                    "operator_type": "TABLE_SCAN",
                                                                                    "operator_cardinality": 1260710,
                                                                                    "cumulative_rows_scanned": 2521420,
                                                                                    "operator_rows_scanned": 2521420,
                                                                                    "operator_timing": 0.275863756,
                                                                                    "result_set_size": 25214200,
                                                                                    "children": []
                                                                                }
                                                                            ]
                                                                        }
                                                                    ]
                                                                }
                                                            ]
                                                        }
                                                    ]
                                                },
                                                {
                                                    "operator_name": "HASH_JOIN",
                                                    "cpu_time": 2.6985751199999997,
                                                    "extra_info": {
                                                        "Join Type": "INNER",
                                                        "Conditions": "id = id",
                                                        "Estimated Cardinality": "77002"
                                                    },
                                                    "cumulative_cardinality": 11544563,
                                                    "operator_type": "HASH_JOIN",
                                                    "operator_cardinality": 0,
                                                    "cumulative_rows_scanned": 30800928,
                                                    "operator_rows_scanned": 0,
                                                    "operator_timing": 0.000084749,
                                                    "result_set_size": 0,
                                                    "children": [
                                                        {
                                                            "operator_name": "READ_PARQUET ",
                                                            "cpu_time": 0.29167954999999995,
                                                            "extra_info": {
                                                                "Function": "READ_PARQUET",
                                                                "Projections": [
                                                                    "id",
                                                                    "owneruserid",
                                                                    "title",
                                                                    "tags"
                                                                ],
                                                                "Estimated Cardinality": "3850116"
                                                            },
                                                            "cumulative_cardinality": 8192,
                                                            "operator_type": "TABLE_SCAN",
                                                            "operator_cardinality": 8192,
                                                            "cumulative_rows_scanned": 15400464,
                                                            "operator_rows_scanned": 15400464,
                                                            "operator_timing": 0.29167954999999995,
                                                            "result_set_size": 327680,
                                                            "children": []
                                                        },
                                                        {
                                                            "operator_name": "FILTER",
                                                            "cpu_time": 2.4068108209999997,
                                                            "extra_info": {
                                                                "Expression": "(COALESCE(PostCount, 0) > 1)",
                                                                "Estimated Cardinality": "77002"
                                                            },
                                                            "cumulative_cardinality": 11536371,
                                                            "operator_type": "FILTER",
                                                            "operator_cardinality": 0,
                                                            "cumulative_rows_scanned": 15400464,
                                                            "operator_rows_scanned": 0,
                                                            "operator_timing": 0.045072258999999996,
                                                            "result_set_size": 0,
                                                            "children": [
                                                                {
                                                                    "operator_name": "HASH_GROUP_BY",
                                                                    "cpu_time": 2.3617385619999998,
                                                                    "extra_info": {
                                                                        "Groups": "#0",
                                                                        "Aggregates": "count_star()",
                                                                        "Estimated Cardinality": "385011"
                                                                    },
                                                                    "cumulative_cardinality": 11536371,
                                                                    "operator_type": "HASH_GROUP_BY",
                                                                    "operator_cardinality": 3845457,
                                                                    "cumulative_rows_scanned": 15400464,
                                                                    "operator_rows_scanned": 0,
                                                                    "operator_timing": 2.036881436,
                                                                    "result_set_size": 46145484,
                                                                    "children": [
                                                                        {
                                                                            "operator_name": "PROJECTION",
                                                                            "cpu_time": 0.324857126,
                                                                            "extra_info": {
                                                                                "Projections": "id",
                                                                                "Estimated Cardinality": "770023"
                                                                            },
                                                                            "cumulative_cardinality": 7690914,
                                                                            "operator_type": "PROJECTION",
                                                                            "operator_cardinality": 3845457,
                                                                            "cumulative_rows_scanned": 15400464,
                                                                            "operator_rows_scanned": 0,
                                                                            "operator_timing": 0.00045395099999999937,
                                                                            "result_set_size": 15381828,
                                                                            "children": [
                                                                                {
                                                                                    "operator_name": "READ_PARQUET ",
                                                                                    "cpu_time": 0.324403175,
                                                                                    "extra_info": {
                                                                                        "Function": "READ_PARQUET",
                                                                                        "Projections": "id",
                                                                                        "Filters": "posttypeid>=1 AND posttypeid<=2",
                                                                                        "Estimated Cardinality": "770023"
                                                                                    },
                                                                                    "cumulative_cardinality": 3845457,
                                                                                    "operator_type": "TABLE_SCAN",
                                                                                    "operator_cardinality": 3845457,
                                                                                    "cumulative_rows_scanned": 15400464,
                                                                                    "operator_rows_scanned": 15400464,
                                                                                    "operator_timing": 0.324403175,
                                                                                    "result_set_size": 15381828,
                                                                                    "children": []
                                                                                }
                                                                            ]
                                                                        }
                                                                    ]
                                                                }
                                                            ]
                                                        }
                                                    ]
                                                }
                                            ]
                                        }
                                    ]
                                }
                            ]
                        }
                    ]
                }
            ]
        }
    ]
}