{
    "rows_returned": 10,
    "query_name": "SELECT Id, Title, CreationDate, OwnerUserId, Tags, Score\nFROM Posts\nWHERE PostTypeId = 1\nORDER BY Score DESC\nLIMIT 10;",
    "blocked_thread_time": 0.0,
    "cpu_time": 1.3157198660000005,
    "extra_info": {},
    "cumulative_cardinality": 5020886,
    "cumulative_rows_scanned": 15400464,
    "result_set_size": 520,
    "latency": 0.402906733,
    "children": [
        {
            "operator_name": "LIMIT",
            "cpu_time": 1.3157198660000005,
            "extra_info": {},
            "cumulative_cardinality": 5020886,
            "operator_type": "LIMIT",
            "operator_cardinality": 10,
            "cumulative_rows_scanned": 15400464,
            "operator_rows_scanned": 0,
            "operator_timing": 0.00024024999999999999,
            "result_set_size": 520,
            "children": [
                {
                    "operator_name": "PROJECTION",
                    "cpu_time": 1.3154796160000004,
                    "extra_info": {
                        "Projections": [
                            "#0",
                            "#1",
                            "#2",
                            "#3",
                            "#4",
                            "__internal_decompress_integral_integer(#5, -72)"
                        ],
                        "Estimated Cardinality": "770023"
                    },
                    "cumulative_cardinality": 5020876,
                    "operator_type": "PROJECTION",
                    "operator_cardinality": 8192,
                    "cumulative_rows_scanned": 15400464,
                    "operator_rows_scanned": 0,
                    "operator_timing": 0.000041176999999999996,
                    "result_set_size": 425984,
                    "children": [
                        {
                            "operator_name": "ORDER_BY",
                            "cpu_time": 1.3154384390000005,
                            "extra_info": {
                                "Order By": "\"temp\".main.posts.Score DESC"
                            },
                            "cumulative_cardinality": 5012684,
                            "operator_type": "ORDER_BY",
                            "operator_cardinality": 8192,
                            "cumulative_rows_scanned": 15400464,
                            "operator_rows_scanned": 0,
                            "operator_timing": 0.29836958100000005,
                            "result_set_size": 409600,
                            "children": [
                                {
                                    "operator_name": "PROJECTION",
                                    "cpu_time": 1.0170688580000005,
                                    "extra_info": {
                                        "Projections": [
                                            "#0",
                                            "#1",
                                            "#2",
                                            "#3",
                                            "#4",
                                            "__internal_compress_integral_usmallint(#5, -72)"
                                        ],
                                        "Estimated Cardinality": "770023"
                                    },
                                    "cumulative_cardinality": 5004492,
                                    "operator_type": "PROJECTION",
                                    "operator_cardinality": 1668164,
                                    "cumulative_rows_scanned": 15400464,
                                    "operator_rows_scanned": 0,
                                    "operator_timing": 0.0026676849999999995,
                                    "result_set_size": 83408200,
                                    "children": [
                                        {
                                            "operator_name": "PROJECTION",
                                            "cpu_time": 1.0144011730000004,
                                            "extra_info": {
                                                "Projections": [
                                                    "id",
                                                    "title",
                                                    "creationdate",
                                                    "owneruserid",
                                                    "tags",
                                                    "score"
                                                ],
                                                "Estimated Cardinality": "770023"
                                            },
                                            "cumulative_cardinality": 3336328,
                                            "operator_type": "PROJECTION",
                                            "operator_cardinality": 1668164,
                                            "cumulative_rows_scanned": 15400464,
                                            "operator_rows_scanned": 0,
                                            "operator_timing": 0.000985403999999999,
                                            "result_set_size": 86744528,
                                            "children": [
                                                {
                                                    "operator_name": "READ_PARQUET ",
                                                    "cpu_time": 1.0134157690000005,
                                                    "extra_info": {
                                                        "Function": "READ_PARQUET",
                                                        "Projections": [
                                                            "id",
                                                            "creationdate",
                                                            "score",
                                                            "owneruserid",
                                                            "title",
                                                            "tags"
                                                        ],
                                                        "Filters": "posttypeid=1",
                                                        "Estimated Cardinality": "770023"
                                                    },
                                                    "cumulative_cardinality": 1668164,
                                                    "operator_type": "TABLE_SCAN",
                                                    "operator_cardinality": 1668164,
                                                    "cumulative_rows_scanned": 15400464,
                                                    "operator_rows_scanned": 15400464,
                                                    "operator_timing": 1.0134157690000005,
                                                    "result_set_size": 86744528,
                                                    "children": []
                                                }
                                            ]
                                        }
                                    ]
                                }
                            ]
                        }
                    ]
                }
            ]
        }
    ]
}