{
    "rows_returned": 440693,
    "query_name": "WITH badge_agg AS (\n    SELECT UserId, COUNT(DISTINCT Id) AS BadgeCount\n    FROM Badges\n    GROUP BY UserId\n)\nSELECT \n    p.Id AS PostId,\n    p.Title,\n    p.CreationDate,\n    p.ViewCount,\n    COALESCE(s1.CommentCount, 0) AS CommentCount,\n    COALESCE(s1.VoteCount, 0) AS VoteCount,\n    COALESCE(b.BadgeCount, 0) AS BadgeCount,\n    u.DisplayName AS OwnerDisplayName,\n    u.Reputation AS OwnerReputation,\n    p.LastActivityDate\nFROM Posts p\nJOIN Users u ON p.OwnerUserId = u.Id\nLEFT JOIN badge_agg b ON u.Id = b.UserId\nLEFT JOIN s1 ON p.Id = s1.PostId\nWHERE p.CreationDate >= '2022-01-01'\nORDER BY p.ViewCount DESC;",
    "blocked_thread_time": 0.0,
    "cpu_time": 4.219245426,
    "extra_info": {},
    "cumulative_cardinality": 9555637,
    "cumulative_rows_scanned": 24887056,
    "result_set_size": 37018212,
    "latency": 1.413062699,
    "children": [
        {
            "operator_name": "ORDER_BY",
            "cpu_time": 4.219245426,
            "extra_info": {
                "Order By": "p.ViewCount DESC"
            },
            "cumulative_cardinality": 9555637,
            "operator_type": "ORDER_BY",
            "operator_cardinality": 440693,
            "cumulative_rows_scanned": 24887056,
            "operator_rows_scanned": 0,
            "operator_timing": 0.08577216399999998,
            "result_set_size": 37018212,
            "children": [
                {
                    "operator_name": "PROJECTION",
                    "cpu_time": 4.133473262,
                    "extra_info": {
                        "Projections": [
                            "PostId",
                            "title",
                            "creationdate",
                            "viewcount",
                            "CommentCount",
                            "VoteCount",
                            "BadgeCount",
                            "OwnerDisplayName",
                            "OwnerReputation",
                            "lastactivitydate"
                        ],
                        "Estimated Cardinality": "1160862"
                    },
                    "cumulative_cardinality": 9114944,
                    "operator_type": "PROJECTION",
                    "operator_cardinality": 440693,
                    "cumulative_rows_scanned": 24887056,
                    "operator_rows_scanned": 0,
                    "operator_timing": 0.011805244000000003,
                    "result_set_size": 37018212,
                    "children": [
                        {
                            "operator_name": "HASH_JOIN",
                            "cpu_time": 4.121668018,
                            "extra_info": {
                                "Join Type": "LEFT",
                                "Conditions": "id = postid",
                                "Estimated Cardinality": "1160862"
                            },
                            "cumulative_cardinality": 8674251,
                            "operator_type": "HASH_JOIN",
                            "operator_cardinality": 440693,
                            "cumulative_rows_scanned": 24887056,
                            "operator_rows_scanned": 0,
                            "operator_timing": 0.25144654699999996,
                            "result_set_size": 37018212,
                            "children": [
                                {
                                    "operator_name": "HASH_JOIN",
                                    "cpu_time": 0.8166266949999998,
                                    "extra_info": {
                                        "Join Type": "LEFT",
                                        "Conditions": "id = userid",
                                        "Estimated Cardinality": "1160862"
                                    },
                                    "cumulative_cardinality": 7784046,
                                    "operator_type": "HASH_JOIN",
                                    "operator_cardinality": 440693,
                                    "cumulative_rows_scanned": 24887056,
                                    "operator_rows_scanned": 0,
                                    "operator_timing": 0.049986883000000024,
                                    "result_set_size": 29967124,
                                    "children": [
                                        {
                                            "operator_name": "HASH_JOIN",
                                            "cpu_time": 0.4247193909999999,
                                            "extra_info": {
                                                "Join Type": "INNER",
                                                "Conditions": "id = owneruserid",
                                                "Estimated Cardinality": "770023"
                                            },
                                            "cumulative_cardinality": 2150884,
                                            "operator_type": "HASH_JOIN",
                                            "operator_cardinality": 440693,
                                            "cumulative_rows_scanned": 17921884,
                                            "operator_rows_scanned": 0,
                                            "operator_timing": 0.1304930429999999,
                                            "result_set_size": 28204352,
                                            "children": [
                                                {
                                                    "operator_name": "READ_PARQUET ",
                                                    "cpu_time": 0.15282877799999994,
                                                    "extra_info": {
                                                        "Function": "READ_PARQUET",
                                                        "Projections": [
                                                            "id",
                                                            "reputation",
                                                            "displayname"
                                                        ],
                                                        "Filters": "id<=1416539",
                                                        "Estimated Cardinality": "1260710"
                                                    },
                                                    "cumulative_cardinality": 1260679,
                                                    "operator_type": "TABLE_SCAN",
                                                    "operator_cardinality": 1260679,
                                                    "cumulative_rows_scanned": 2521420,
                                                    "operator_rows_scanned": 2521420,
                                                    "operator_timing": 0.15282877799999994,
                                                    "result_set_size": 30256296,
                                                    "children": []
                                                },
                                                {
                                                    "operator_name": "READ_PARQUET ",
                                                    "cpu_time": 0.1413975700000001,
                                                    "extra_info": {
                                                        "Function": "READ_PARQUET",
                                                        "Projections": [
                                                            "id",
                                                            "creationdate",
                                                            "viewcount",
                                                            "owneruserid",
                                                            "lastactivitydate",
                                                            "title"
                                                        ],
                                                        "Filters": "creationdate>='2022-01-01 00:00:00'::TIMESTAMP",
                                                        "Estimated Cardinality": "770023"
                                                    },
                                                    "cumulative_cardinality": 449512,
                                                    "operator_type": "TABLE_SCAN",
                                                    "operator_cardinality": 449512,
                                                    "cumulative_rows_scanned": 15400464,
                                                    "operator_rows_scanned": 15400464,
                                                    "operator_timing": 0.1413975700000001,
                                                    "result_set_size": 19778528,
                                                    "children": []
                                                }
                                            ]
                                        },
                                        {
                                            "operator_name": "HASH_GROUP_BY",
                                            "cpu_time": 0.34192042099999986,
                                            "extra_info": {
                                                "Groups": "#0",
                                                "Aggregates": "count(DISTINCT #1)",
                                                "Estimated Cardinality": "1160862"
                                            },
                                            "cumulative_cardinality": 5192469,
                                            "operator_type": "HASH_GROUP_BY",
                                            "operator_cardinality": 549021,
                                            "cumulative_rows_scanned": 6965172,
                                            "operator_rows_scanned": 0,
                                            "operator_timing": 0.2655220299999999,
                                            "result_set_size": 6588252,
                                            "children": [
                                                {
                                                    "operator_name": "PROJECTION",
                                                    "cpu_time": 0.07639839099999993,
                                                    "extra_info": {
                                                        "Projections": [
                                                            "userid",
                                                            "id"
                                                        ],
                                                        "Estimated Cardinality": "2321724"
                                                    },
                                                    "cumulative_cardinality": 4643448,
                                                    "operator_type": "PROJECTION",
                                                    "operator_cardinality": 2321724,
                                                    "cumulative_rows_scanned": 6965172,
                                                    "operator_rows_scanned": 0,
                                                    "operator_timing": 0.00026346099999999967,
                                                    "result_set_size": 18573792,
                                                    "children": [
                                                        {
                                                            "operator_name": "READ_PARQUET ",
                                                            "cpu_time": 0.07613492999999992,
                                                            "extra_info": {
                                                                "Function": "READ_PARQUET",
                                                                "Projections": [
                                                                    "id",
                                                                    "userid"
                                                                ],
                                                                "Estimated Cardinality": "2321724"
                                                            },
                                                            "cumulative_cardinality": 2321724,
                                                            "operator_type": "TABLE_SCAN",
                                                            "operator_cardinality": 2321724,
                                                            "cumulative_rows_scanned": 6965172,
                                                            "operator_rows_scanned": 6965172,
                                                            "operator_timing": 0.07613492999999992,
                                                            "result_set_size": 18573792,
                                                            "children": []
                                                        }
                                                    ]
                                                }
                                            ]
                                        }
                                    ]
                                },
                                {
                                    "operator_name": "ARROW_SCAN ",
                                    "cpu_time": 3.0535947760000006,
                                    "extra_info": {
                                        "Function": "ARROW_SCAN",
                                        "Projections": [
                                            "postid",
                                            "commentcount",
                                            "votecount"
                                        ],
                                        "Estimated Cardinality": "1"
                                    },
                                    "cumulative_cardinality": 449512,
                                    "operator_type": "TABLE_SCAN",
                                    "operator_cardinality": 449512,
                                    "cumulative_rows_scanned": 0,
                                    "operator_rows_scanned": 0,
                                    "operator_timing": 3.0535947760000006,
                                    "result_set_size": 8990240,
                                    "children": []
                                }
                            ]
                        }
                    ]
                }
            ]
        }
    ]
}