{
    "rows_returned": 10,
    "query_name": "SELECT p.Title, p.CreationDate, u.DisplayName, t.TagName\nFROM Posts p\nJOIN Users u ON p.OwnerUserId = u.Id\nJOIN Tags t ON p.Tags LIKE CONCAT('%', t.TagName, '%')\nWHERE p.PostTypeId = 1\nORDER BY p.Score DESC\nLIMIT 10;\n",
    "blocked_thread_time": 0.0,
    "cpu_time": 515.3741140499889,
    "extra_info": {},
    "cumulative_cardinality": 19201875,
    "cumulative_rows_scanned": 17923860,
    "result_set_size": 560,
    "latency": 508.555890502,
    "children": [
        {
            "operator_name": "PROJECTION",
            "cpu_time": 515.3741140499889,
            "extra_info": {
                "Projections": [
                    "#0",
                    "#1",
                    "#2",
                    "#3"
                ],
                "Estimated Cardinality": "10"
            },
            "cumulative_cardinality": 19201875,
            "operator_type": "PROJECTION",
            "operator_cardinality": 10,
            "cumulative_rows_scanned": 17923860,
            "operator_rows_scanned": 0,
            "operator_timing": 0.000002675,
            "result_set_size": 560,
            "children": [
                {
                    "operator_name": "LIMIT",
                    "cpu_time": 515.3741113749888,
                    "extra_info": {},
                    "cumulative_cardinality": 19201865,
                    "operator_type": "LIMIT",
                    "operator_cardinality": 10,
                    "cumulative_rows_scanned": 17923860,
                    "operator_rows_scanned": 0,
                    "operator_timing": 0.000193923,
                    "result_set_size": 600,
                    "children": [
                        {
                            "operator_name": "PROJECTION",
                            "cpu_time": 515.3739174519889,
                            "extra_info": {
                                "Projections": [
                                    "#0",
                                    "#1",
                                    "#2",
                                    "#3",
                                    "__internal_decompress_integral_integer(#4, -72)"
                                ],
                                "Estimated Cardinality": "770023"
                            },
                            "cumulative_cardinality": 19201855,
                            "operator_type": "PROJECTION",
                            "operator_cardinality": 4096,
                            "cumulative_rows_scanned": 17923860,
                            "operator_rows_scanned": 0,
                            "operator_timing": 0.000059351,
                            "result_set_size": 245760,
                            "children": [
                                {
                                    "operator_name": "ORDER_BY",
                                    "cpu_time": 515.3738581009889,
                                    "extra_info": {
                                        "Order By": "score DESC"
                                    },
                                    "cumulative_cardinality": 19197759,
                                    "operator_type": "ORDER_BY",
                                    "operator_cardinality": 4096,
                                    "cumulative_rows_scanned": 17923860,
                                    "operator_rows_scanned": 0,
                                    "operator_timing": 0.8184845660000025,
                                    "result_set_size": 237568,
                                    "children": [
                                        {
                                            "operator_name": "PROJECTION",
                                            "cpu_time": 514.5553735349888,
                                            "extra_info": {
                                                "Projections": [
                                                    "#0",
                                                    "#1",
                                                    "#2",
                                                    "#3",
                                                    "__internal_compress_integral_usmallint(#4, -72)"
                                                ],
                                                "Estimated Cardinality": "770023"
                                            },
                                            "cumulative_cardinality": 19193663,
                                            "operator_type": "PROJECTION",
                                            "operator_cardinality": 4891061,
                                            "cumulative_rows_scanned": 17923860,
                                            "operator_rows_scanned": 0,
                                            "operator_timing": 0.008768393999999988,
                                            "result_set_size": 283681538,
                                            "children": [
                                                {
                                                    "operator_name": "PROJECTION",
                                                    "cpu_time": 514.5466051409888,
                                                    "extra_info": {
                                                        "Projections": [
                                                            "title",
                                                            "creationdate",
                                                            "displayname",
                                                            "tagname",
                                                            "score"
                                                        ],
                                                        "Estimated Cardinality": "770023"
                                                    },
                                                    "cumulative_cardinality": 14302602,
                                                    "operator_type": "PROJECTION",
                                                    "operator_cardinality": 4891061,
                                                    "cumulative_rows_scanned": 17923860,
                                                    "operator_rows_scanned": 0,
                                                    "operator_timing": 0.0031444910000000595,
                                                    "result_set_size": 293463660,
                                                    "children": [
                                                        {
                                                            "operator_name": "BLOCKWISE_NL_JOIN",
                                                            "cpu_time": 514.5434606499889,
                                                            "extra_info": {
                                                                "Join Type": "INNER",
                                                                "Condition": "(tags ~~ concat('%', tagname, '%'))"
                                                            },
                                                            "cumulative_cardinality": 9411541,
                                                            "operator_type": "BLOCKWISE_NL_JOIN",
                                                            "operator_cardinality": 4891061,
                                                            "cumulative_rows_scanned": 17923860,
                                                            "operator_rows_scanned": 0,
                                                            "operator_timing": 512.510481230989,
                                                            "result_set_size": 371720636,
                                                            "children": [
                                                                {
                                                                    "operator_name": "HASH_JOIN",
                                                                    "cpu_time": 2.0322844520000007,
                                                                    "extra_info": {
                                                                        "Join Type": "INNER",
                                                                        "Conditions": "id = owneruserid",
                                                                        "Estimated Cardinality": "770023"
                                                                    },
                                                                    "cumulative_cardinality": 4518504,
                                                                    "operator_type": "HASH_JOIN",
                                                                    "operator_cardinality": 1589663,
                                                                    "cumulative_rows_scanned": 17921884,
                                                                    "operator_rows_scanned": 0,
                                                                    "operator_timing": 0.5542715200000001,
                                                                    "result_set_size": 95379780,
                                                                    "children": [
                                                                        {
                                                                            "operator_name": "READ_PARQUET ",
                                                                            "cpu_time": 0.12836351299999998,
                                                                            "extra_info": {
                                                                                "Function": "READ_PARQUET",
                                                                                "Projections": [
                                                                                    "id",
                                                                                    "displayname"
                                                                                ],
                                                                                "Filters": "id<=1416539",
                                                                                "Estimated Cardinality": "1260710"
                                                                            },
                                                                            "cumulative_cardinality": 1260677,
                                                                            "operator_type": "TABLE_SCAN",
                                                                            "operator_cardinality": 1260677,
                                                                            "cumulative_rows_scanned": 2521420,
                                                                            "operator_rows_scanned": 2521420,
                                                                            "operator_timing": 0.12836351299999998,
                                                                            "result_set_size": 25213540,
                                                                            "children": []
                                                                        },
                                                                        {
                                                                            "operator_name": "READ_PARQUET ",
                                                                            "cpu_time": 1.3496494190000003,
                                                                            "extra_info": {
                                                                                "Function": "READ_PARQUET",
                                                                                "Projections": [
                                                                                    "creationdate",
                                                                                    "score",
                                                                                    "owneruserid",
                                                                                    "title",
                                                                                    "tags"
                                                                                ],
                                                                                "Filters": "posttypeid=1",
                                                                                "Estimated Cardinality": "770023"
                                                                            },
                                                                            "cumulative_cardinality": 1668164,
                                                                            "operator_type": "TABLE_SCAN",
                                                                            "operator_cardinality": 1668164,
                                                                            "cumulative_rows_scanned": 15400464,
                                                                            "operator_rows_scanned": 15400464,
                                                                            "operator_timing": 1.3496494190000003,
                                                                            "result_set_size": 80071872,
                                                                            "children": []
                                                                        }
                                                                    ]
                                                                },
                                                                {
                                                                    "operator_name": "READ_PARQUET ",
                                                                    "cpu_time": 0.000694967,
                                                                    "extra_info": {
                                                                        "Function": "READ_PARQUET",
                                                                        "Projections": "tagname",
                                                                        "Estimated Cardinality": "1976"
                                                                    },
                                                                    "cumulative_cardinality": 1976,
                                                                    "operator_type": "TABLE_SCAN",
                                                                    "operator_cardinality": 1976,
                                                                    "cumulative_rows_scanned": 1976,
                                                                    "operator_rows_scanned": 1976,
                                                                    "operator_timing": 0.000694967,
                                                                    "result_set_size": 31616,
                                                                    "children": []
                                                                }
                                                            ]
                                                        }
                                                    ]
                                                }
                                            ]
                                        }
                                    ]
                                }
                            ]
                        }
                    ]
                }
            ]
        }
    ]
}