{
    "rows_returned": 100,
    "query_name": "SELECT\n    p.Id AS PostId,\n    p.Title,\n    p.CreationDate,\n    u.DisplayName AS OwnerDisplayName,\n    s.CommentCount,\n    s.UpVotes,\n    s.DownVotes,\n    s.BadgeCount\nFROM s1 s\nJOIN Posts p ON s.PostId = p.Id\nJOIN Users u ON s.OwnerUserId = u.Id\nORDER BY p.CreationDate DESC\nLIMIT 100;",
    "blocked_thread_time": 0.0,
    "cpu_time": 28.045935707,
    "extra_info": {},
    "cumulative_cardinality": 11556238,
    "cumulative_rows_scanned": 17921884,
    "result_set_size": 7600,
    "latency": 2.90885337,
    "children": [
        {
            "operator_name": "LIMIT",
            "cpu_time": 28.045935707,
            "extra_info": {},
            "cumulative_cardinality": 11556238,
            "operator_type": "LIMIT",
            "operator_cardinality": 100,
            "cumulative_rows_scanned": 17921884,
            "operator_rows_scanned": 0,
            "operator_timing": 0.000288238,
            "result_set_size": 7600,
            "children": [
                {
                    "operator_name": "ORDER_BY",
                    "cpu_time": 28.045647469000002,
                    "extra_info": {
                        "Order By": "p.CreationDate DESC"
                    },
                    "cumulative_cardinality": 11556138,
                    "operator_type": "ORDER_BY",
                    "operator_cardinality": 8192,
                    "cumulative_rows_scanned": 17921884,
                    "operator_rows_scanned": 0,
                    "operator_timing": 0.3307052120000003,
                    "result_set_size": 622592,
                    "children": [
                        {
                            "operator_name": "PROJECTION",
                            "cpu_time": 27.714942257,
                            "extra_info": {
                                "Projections": [
                                    "PostId",
                                    "title",
                                    "creationdate",
                                    "OwnerDisplayName",
                                    "commentcount",
                                    "upvotes",
                                    "downvotes",
                                    "badgecount"
                                ],
                                "Estimated Cardinality": "4853879742360"
                            },
                            "cumulative_cardinality": 11547946,
                            "operator_type": "PROJECTION",
                            "operator_cardinality": 1589663,
                            "cumulative_rows_scanned": 17921884,
                            "operator_rows_scanned": 0,
                            "operator_timing": 0.0013398900000000003,
                            "result_set_size": 120814388,
                            "children": [
                                {
                                    "operator_name": "HASH_JOIN",
                                    "cpu_time": 27.713602367,
                                    "extra_info": {
                                        "Join Type": "INNER",
                                        "Conditions": "id = postid",
                                        "Estimated Cardinality": "4853879742360"
                                    },
                                    "cumulative_cardinality": 9958283,
                                    "operator_type": "HASH_JOIN",
                                    "operator_cardinality": 1589663,
                                    "cumulative_rows_scanned": 17921884,
                                    "operator_rows_scanned": 0,
                                    "operator_timing": 0.5298298899999997,
                                    "result_set_size": 139890344,
                                    "children": [
                                        {
                                            "operator_name": "READ_PARQUET ",
                                            "cpu_time": 0.8456977590000003,
                                            "extra_info": {
                                                "Function": "READ_PARQUET",
                                                "Projections": [
                                                    "id",
                                                    "creationdate",
                                                    "title"
                                                ],
                                                "Estimated Cardinality": "3850116"
                                            },
                                            "cumulative_cardinality": 3850116,
                                            "operator_type": "TABLE_SCAN",
                                            "operator_cardinality": 3850116,
                                            "cumulative_rows_scanned": 15400464,
                                            "operator_rows_scanned": 15400464,
                                            "operator_timing": 0.8456977590000003,
                                            "result_set_size": 107803248,
                                            "children": []
                                        },
                                        {
                                            "operator_name": "HASH_JOIN",
                                            "cpu_time": 26.338074718,
                                            "extra_info": {
                                                "Join Type": "INNER",
                                                "Conditions": "id = owneruserid",
                                                "Estimated Cardinality": "1260710"
                                            },
                                            "cumulative_cardinality": 4518504,
                                            "operator_type": "HASH_JOIN",
                                            "operator_cardinality": 1589663,
                                            "cumulative_rows_scanned": 2521420,
                                            "operator_rows_scanned": 0,
                                            "operator_timing": 0.8825431140000004,
                                            "result_set_size": 95379780,
                                            "children": [
                                                {
                                                    "operator_name": "READ_PARQUET ",
                                                    "cpu_time": 0.16274177900000006,
                                                    "extra_info": {
                                                        "Function": "READ_PARQUET",
                                                        "Projections": [
                                                            "id",
                                                            "displayname"
                                                        ],
                                                        "Estimated Cardinality": "1260710"
                                                    },
                                                    "cumulative_cardinality": 1260677,
                                                    "operator_type": "TABLE_SCAN",
                                                    "operator_cardinality": 1260677,
                                                    "cumulative_rows_scanned": 2521420,
                                                    "operator_rows_scanned": 2521420,
                                                    "operator_timing": 0.16274177900000006,
                                                    "result_set_size": 25213540,
                                                    "children": []
                                                },
                                                {
                                                    "operator_name": "ARROW_SCAN ",
                                                    "cpu_time": 25.292789825,
                                                    "extra_info": {
                                                        "Function": "ARROW_SCAN",
                                                        "Projections": [
                                                            "postid",
                                                            "owneruserid",
                                                            "commentcount",
                                                            "upvotes",
                                                            "downvotes",
                                                            "badgecount"
                                                        ],
                                                        "Estimated Cardinality": "1"
                                                    },
                                                    "cumulative_cardinality": 1668164,
                                                    "operator_type": "TABLE_SCAN",
                                                    "operator_cardinality": 1668164,
                                                    "cumulative_rows_scanned": 0,
                                                    "operator_rows_scanned": 0,
                                                    "operator_timing": 25.292789825,
                                                    "result_set_size": 66726560,
                                                    "children": []
                                                }
                                            ]
                                        }
                                    ]
                                }
                            ]
                        }
                    ]
                }
            ]
        }
    ]
}