{
    "rows_returned": 8000000,
    "query_name": "SELECT COALESCE(\"part\".\"p_partkey\", \"part\".\"p_partkey\") AS \"P_PARTKEY\", \"part\".\"p_name\" AS \"P_NAME\", \"supplier\".\"s_name\" AS \"S_NAME\", SUM(\"lineitem\".\"l_quantity\") AS \"TOTAL_QUANTITY\", SUM(\"lineitem\".\"l_extendedprice\" * (1 - \"lineitem\".\"l_discount\")) AS \"REVENUE\"\nFROM \"part\"\nINNER JOIN \"partsupp\" ON \"part\".\"p_partkey\" = \"partsupp\".\"ps_partkey\"\nINNER JOIN \"supplier\" ON \"partsupp\".\"ps_suppkey\" = \"supplier\".\"s_suppkey\"\nINNER JOIN \"lineitem\" ON \"part\".\"p_partkey\" = \"lineitem\".\"l_partkey\"\nINNER JOIN \"orders\" ON \"lineitem\".\"l_orderkey\" = \"orders\".\"o_orderkey\"\nGROUP BY \"part\".\"p_partkey\", \"part\".\"p_name\", \"supplier\".\"s_name\"",
    "blocked_thread_time": 0.0,
    "cpu_time": 259.71025827699987,
    "extra_info": {},
    "cumulative_cardinality": 1049876832,
    "cumulative_rows_scanned": 3772291016,
    "result_set_size": 448000000,
    "latency": 17.477115169,
    "children": [
        {
            "operator_name": "PROJECTION",
            "cpu_time": 259.71025827699987,
            "extra_info": {
                "Projections": [
                    "__internal_decompress_integral_bigint(#0, 1)",
                    "#1",
                    "#2",
                    "#3",
                    "#4"
                ],
                "Estimated Cardinality": "2000000"
            },
            "cumulative_cardinality": 1049876832,
            "operator_type": "PROJECTION",
            "operator_cardinality": 8000000,
            "cumulative_rows_scanned": 3772291016,
            "operator_rows_scanned": 0,
            "operator_timing": 0.024648915000000007,
            "result_set_size": 448000000,
            "children": [
                {
                    "operator_name": "HASH_GROUP_BY",
                    "cpu_time": 259.68560936199987,
                    "extra_info": {
                        "Groups": [
                            "#0",
                            "#1",
                            "#2"
                        ],
                        "Aggregates": [
                            "sum(#3)",
                            "sum(#4)"
                        ],
                        "Estimated Cardinality": "2000000"
                    },
                    "cumulative_cardinality": 1041876832,
                    "operator_type": "HASH_GROUP_BY",
                    "operator_cardinality": 8000000,
                    "cumulative_rows_scanned": 3772291016,
                    "operator_rows_scanned": 0,
                    "operator_timing": 209.11922762199987,
                    "result_set_size": 416000000,
                    "children": [
                        {
                            "operator_name": "PROJECTION",
                            "cpu_time": 50.56638174,
                            "extra_info": {
                                "Projections": [
                                    "p_partkey",
                                    "p_name",
                                    "s_name",
                                    "l_quantity",
                                    "(l_extendedprice * (1.0 - l_discount))"
                                ],
                                "Estimated Cardinality": "239944208"
                            },
                            "cumulative_cardinality": 1033876832,
                            "operator_type": "PROJECTION",
                            "operator_cardinality": 239944208,
                            "cumulative_rows_scanned": 3772291016,
                            "operator_rows_scanned": 0,
                            "operator_timing": 2.2776304440000015,
                            "result_set_size": 12477098816,
                            "children": [
                                {
                                    "operator_name": "PROJECTION",
                                    "cpu_time": 48.288751295999994,
                                    "extra_info": {
                                        "Projections": [
                                            "#0",
                                            "#1",
                                            "#2",
                                            "#3",
                                            "__internal_compress_integral_uinteger(#4, 1)",
                                            "#5"
                                        ],
                                        "Estimated Cardinality": "239944208"
                                    },
                                    "cumulative_cardinality": 793932624,
                                    "operator_type": "PROJECTION",
                                    "operator_cardinality": 239944208,
                                    "cumulative_rows_scanned": 3772291016,
                                    "operator_rows_scanned": 0,
                                    "operator_timing": 0.2536896200000001,
                                    "result_set_size": 14396652480,
                                    "children": [
                                        {
                                            "operator_name": "HASH_JOIN",
                                            "cpu_time": 48.03506167599999,
                                            "extra_info": {
                                                "Join Type": "INNER",
                                                "Conditions": "l_partkey = p_partkey",
                                                "Estimated Cardinality": "239944208"
                                            },
                                            "cumulative_cardinality": 553988416,
                                            "operator_type": "HASH_JOIN",
                                            "operator_cardinality": 239944208,
                                            "cumulative_rows_scanned": 3772291016,
                                            "operator_rows_scanned": 0,
                                            "operator_timing": 22.065070299,
                                            "result_set_size": 15356429312,
                                            "children": [
                                                {
                                                    "operator_name": "PROJECTION",
                                                    "cpu_time": 24.647222331,
                                                    "extra_info": {
                                                        "Projections": [
                                                            "#0",
                                                            "#1",
                                                            "#2",
                                                            "#3",
                                                            "__internal_decompress_integral_bigint(#4, 1)"
                                                        ],
                                                        "Estimated Cardinality": "59986052"
                                                    },
                                                    "cumulative_cardinality": 269944208,
                                                    "operator_type": "PROJECTION",
                                                    "operator_cardinality": 59986052,
                                                    "cumulative_rows_scanned": 3704191016,
                                                    "operator_rows_scanned": 0,
                                                    "operator_timing": 0.10581392700000002,
                                                    "result_set_size": 2399442080,
                                                    "children": [
                                                        {
                                                            "operator_name": "HASH_JOIN",
                                                            "cpu_time": 24.541408404,
                                                            "extra_info": {
                                                                "Join Type": "INNER",
                                                                "Conditions": "l_orderkey = o_orderkey",
                                                                "Estimated Cardinality": "59986052"
                                                            },
                                                            "cumulative_cardinality": 209958156,
                                                            "operator_type": "HASH_JOIN",
                                                            "operator_cardinality": 59986052,
                                                            "cumulative_rows_scanned": 3704191016,
                                                            "operator_rows_scanned": 0,
                                                            "operator_timing": 9.428452098,
                                                            "result_set_size": 2159497872,
                                                            "children": [
                                                                {
                                                                    "operator_name": "PROJECTION",
                                                                    "cpu_time": 14.510133098,
                                                                    "extra_info": {
                                                                        "Projections": [
                                                                            "__internal_compress_integral_uinteger(#0, 1)",
                                                                            "#1",
                                                                            "#2",
                                                                            "#3",
                                                                            "#4"
                                                                        ],
                                                                        "Estimated Cardinality": "59986052"
                                                                    },
                                                                    "cumulative_cardinality": 119972104,
                                                                    "operator_type": "PROJECTION",
                                                                    "operator_cardinality": 59986052,
                                                                    "cumulative_rows_scanned": 3479191016,
                                                                    "operator_rows_scanned": 0,
                                                                    "operator_timing": 0.18567468999999998,
                                                                    "result_set_size": 2159497872,
                                                                    "children": [
                                                                        {
                                                                            "operator_name": "READ_PARQUET ",
                                                                            "cpu_time": 14.324458408,
                                                                            "extra_info": {
                                                                                "Function": "READ_PARQUET",
                                                                                "Projections": [
                                                                                    "l_orderkey",
                                                                                    "l_partkey",
                                                                                    "l_quantity",
                                                                                    "l_extendedprice",
                                                                                    "l_discount"
                                                                                ],
                                                                                "Estimated Cardinality": "59986052"
                                                                            },
                                                                            "cumulative_cardinality": 59986052,
                                                                            "operator_type": "TABLE_SCAN",
                                                                            "operator_cardinality": 59986052,
                                                                            "cumulative_rows_scanned": 3479191016,
                                                                            "operator_rows_scanned": 3479191016,
                                                                            "operator_timing": 14.324458408,
                                                                            "result_set_size": 2399442080,
                                                                            "children": []
                                                                        }
                                                                    ]
                                                                },
                                                                {
                                                                    "operator_name": "PROJECTION",
                                                                    "cpu_time": 0.6028232080000003,
                                                                    "extra_info": {
                                                                        "Projections": "__internal_compress_integral_uinteger(#0, 1)",
                                                                        "Estimated Cardinality": "15000000"
                                                                    },
                                                                    "cumulative_cardinality": 30000000,
                                                                    "operator_type": "PROJECTION",
                                                                    "operator_cardinality": 15000000,
                                                                    "cumulative_rows_scanned": 225000000,
                                                                    "operator_rows_scanned": 0,
                                                                    "operator_timing": 0.021799950999999994,
                                                                    "result_set_size": 60000000,
                                                                    "children": [
                                                                        {
                                                                            "operator_name": "READ_PARQUET ",
                                                                            "cpu_time": 0.5810232570000003,
                                                                            "extra_info": {
                                                                                "Function": "READ_PARQUET",
                                                                                "Projections": "o_orderkey",
                                                                                "Estimated Cardinality": "15000000"
                                                                            },
                                                                            "cumulative_cardinality": 15000000,
                                                                            "operator_type": "TABLE_SCAN",
                                                                            "operator_cardinality": 15000000,
                                                                            "cumulative_rows_scanned": 225000000,
                                                                            "operator_rows_scanned": 225000000,
                                                                            "operator_timing": 0.5810232570000003,
                                                                            "result_set_size": 120000000,
                                                                            "children": []
                                                                        }
                                                                    ]
                                                                }
                                                            ]
                                                        }
                                                    ]
                                                },
                                                {
                                                    "operator_name": "PROJECTION",
                                                    "cpu_time": 1.3227690460000001,
                                                    "extra_info": {
                                                        "Projections": [
                                                            "#0",
                                                            "__internal_decompress_integral_bigint(#1, 1)",
                                                            "#2"
                                                        ],
                                                        "Estimated Cardinality": "8000000"
                                                    },
                                                    "cumulative_cardinality": 44100000,
                                                    "operator_type": "PROJECTION",
                                                    "operator_cardinality": 8000000,
                                                    "cumulative_rows_scanned": 68100000,
                                                    "operator_rows_scanned": 0,
                                                    "operator_timing": 0.0050575609999999995,
                                                    "result_set_size": 320000000,
                                                    "children": [
                                                        {
                                                            "operator_name": "HASH_JOIN",
                                                            "cpu_time": 1.317711485,
                                                            "extra_info": {
                                                                "Join Type": "INNER",
                                                                "Conditions": "ps_partkey = p_partkey",
                                                                "Estimated Cardinality": "8000000"
                                                            },
                                                            "cumulative_cardinality": 36100000,
                                                            "operator_type": "HASH_JOIN",
                                                            "operator_cardinality": 8000000,
                                                            "cumulative_rows_scanned": 68100000,
                                                            "operator_rows_scanned": 0,
                                                            "operator_timing": 0.613735411,
                                                            "result_set_size": 288000000,
                                                            "children": [
                                                                {
                                                                    "operator_name": "PROJECTION",
                                                                    "cpu_time": 0.34639365099999997,
                                                                    "extra_info": {
                                                                        "Projections": [
                                                                            "__internal_compress_integral_uinteger(#0, 1)",
                                                                            "#1"
                                                                        ],
                                                                        "Estimated Cardinality": "8000000"
                                                                    },
                                                                    "cumulative_cardinality": 24100000,
                                                                    "operator_type": "PROJECTION",
                                                                    "operator_cardinality": 8000000,
                                                                    "cumulative_rows_scanned": 64100000,
                                                                    "operator_rows_scanned": 0,
                                                                    "operator_timing": 0.014386921,
                                                                    "result_set_size": 160000000,
                                                                    "children": [
                                                                        {
                                                                            "operator_name": "HASH_JOIN",
                                                                            "cpu_time": 0.33200672999999997,
                                                                            "extra_info": {
                                                                                "Join Type": "INNER",
                                                                                "Conditions": "ps_suppkey = s_suppkey",
                                                                                "Estimated Cardinality": "8000000"
                                                                            },
                                                                            "cumulative_cardinality": 16100000,
                                                                            "operator_type": "HASH_JOIN",
                                                                            "operator_cardinality": 8000000,
                                                                            "cumulative_rows_scanned": 64100000,
                                                                            "operator_rows_scanned": 0,
                                                                            "operator_timing": 0.03854865,
                                                                            "result_set_size": 192000000,
                                                                            "children": [
                                                                                {
                                                                                    "operator_name": "READ_PARQUET ",
                                                                                    "cpu_time": 0.27411886499999993,
                                                                                    "extra_info": {
                                                                                        "Function": "READ_PARQUET",
                                                                                        "Projections": [
                                                                                            "ps_partkey",
                                                                                            "ps_suppkey"
                                                                                        ],
                                                                                        "Estimated Cardinality": "8000000"
                                                                                    },
                                                                                    "cumulative_cardinality": 8000000,
                                                                                    "operator_type": "TABLE_SCAN",
                                                                                    "operator_cardinality": 8000000,
                                                                                    "cumulative_rows_scanned": 64000000,
                                                                                    "operator_rows_scanned": 64000000,
                                                                                    "operator_timing": 0.27411886499999993,
                                                                                    "result_set_size": 128000000,
                                                                                    "children": []
                                                                                },
                                                                                {
                                                                                    "operator_name": "READ_PARQUET ",
                                                                                    "cpu_time": 0.019339215000000007,
                                                                                    "extra_info": {
                                                                                        "Function": "READ_PARQUET",
                                                                                        "Projections": [
                                                                                            "s_suppkey",
                                                                                            "s_name"
                                                                                        ],
                                                                                        "Estimated Cardinality": "100000"
                                                                                    },
                                                                                    "cumulative_cardinality": 100000,
                                                                                    "operator_type": "TABLE_SCAN",
                                                                                    "operator_cardinality": 100000,
                                                                                    "cumulative_rows_scanned": 100000,
                                                                                    "operator_rows_scanned": 100000,
                                                                                    "operator_timing": 0.019339215000000007,
                                                                                    "result_set_size": 2400000,
                                                                                    "children": []
                                                                                }
                                                                            ]
                                                                        }
                                                                    ]
                                                                },
                                                                {
                                                                    "operator_name": "PROJECTION",
                                                                    "cpu_time": 0.3575824230000001,
                                                                    "extra_info": {
                                                                        "Projections": [
                                                                            "__internal_compress_integral_uinteger(#0, 1)",
                                                                            "#1"
                                                                        ],
                                                                        "Estimated Cardinality": "2000000"
                                                                    },
                                                                    "cumulative_cardinality": 4000000,
                                                                    "operator_type": "PROJECTION",
                                                                    "operator_cardinality": 2000000,
                                                                    "cumulative_rows_scanned": 4000000,
                                                                    "operator_rows_scanned": 0,
                                                                    "operator_timing": 0.0019348960000000002,
                                                                    "result_set_size": 40000000,
                                                                    "children": [
                                                                        {
                                                                            "operator_name": "READ_PARQUET ",
                                                                            "cpu_time": 0.3556475270000001,
                                                                            "extra_info": {
                                                                                "Function": "READ_PARQUET",
                                                                                "Projections": [
                                                                                    "p_partkey",
                                                                                    "p_name"
                                                                                ],
                                                                                "Estimated Cardinality": "2000000"
                                                                            },
                                                                            "cumulative_cardinality": 2000000,
                                                                            "operator_type": "TABLE_SCAN",
                                                                            "operator_cardinality": 2000000,
                                                                            "cumulative_rows_scanned": 4000000,
                                                                            "operator_rows_scanned": 4000000,
                                                                            "operator_timing": 0.3556475270000001,
                                                                            "result_set_size": 48000000,
                                                                            "children": []
                                                                        }
                                                                    ]
                                                                }
                                                            ]
                                                        }
                                                    ]
                                                }
                                            ]
                                        }
                                    ]
                                }
                            ]
                        }
                    ]
                }
            ]
        }
    ]
}