{
    "rows_returned": 0,
    "query_name": "SELECT COALESCE(\"aka_name\".\"id\", \"aka_name\".\"id\") AS \"id\", \"aka_name\".\"person_id\", \"aka_name\".\"name\", \"aka_name\".\"imdb_index\", \"aka_name\".\"name_pcode_cf\", \"aka_name\".\"name_pcode_nf\", \"aka_name\".\"surname_pcode\", \"aka_name\".\"md5sum\", \"person_info\".\"id\" AS \"id0\", \"person_info\".\"person_id\" AS \"person_id0\", \"person_info\".\"info_type_id\", \"person_info\".\"info\", \"person_info\".\"note\", \"comp_cast_type\".\"id\" AS \"id1\", \"comp_cast_type\".\"kind\", \"cast_info\".\"id\" AS \"id00\", \"cast_info\".\"person_id\" AS \"person_id1\", \"cast_info\".\"movie_id\", \"cast_info\".\"person_role_id\", \"cast_info\".\"note\" AS \"note0\", \"cast_info\".\"nr_order\", \"cast_info\".\"role_id\", \"complete_cast\".\"id\" AS \"id10\", \"complete_cast\".\"movie_id\" AS \"movie_id0\", \"complete_cast\".\"subject_id\", \"complete_cast\".\"status_id\", \"t\".\"id\" AS \"id000\", \"t\".\"title\", \"t\".\"imdb_index\" AS \"imdb_index0\", \"t\".\"kind_id\", \"t\".\"production_year\", \"t\".\"imdb_id\", \"t\".\"phonetic_code\", \"t\".\"episode_of_id\", \"t\".\"season_nr\", \"t\".\"episode_nr\", \"t\".\"series_years\", \"t\".\"md5sum\" AS \"md5sum0\"\nFROM \"aka_name\"\nINNER JOIN \"person_info\" ON \"aka_name\".\"person_id\" = \"person_info\".\"person_id\"\nINNER JOIN (\"comp_cast_type\" INNER JOIN \"cast_info\" ON \"comp_cast_type\".\"id\" = \"cast_info\".\"role_id\" INNER JOIN (\"complete_cast\" INNER JOIN (SELECT *\nFROM \"title\"\nWHERE \"production_year\" >= 2000) AS \"t\" ON \"complete_cast\".\"movie_id\" = \"t\".\"id\") ON \"cast_info\".\"id\" = \"complete_cast\".\"subject_id\") ON \"aka_name\".\"person_id\" = \"cast_info\".\"person_id\"",
    "blocked_thread_time": 0.0,
    "cpu_time": 4.207778375,
    "extra_info": {},
    "cumulative_cardinality": 15905414,
    "cumulative_rows_scanned": 1286064401,
    "result_set_size": 0,
    "latency": 1.381542311,
    "children": [
        {
            "operator_name": "PROJECTION",
            "cpu_time": 4.207778375,
            "extra_info": {
                "Projections": [
                    "id",
                    "person_id",
                    "name",
                    "imdb_index",
                    "name_pcode_cf",
                    "name_pcode_nf",
                    "surname_pcode",
                    "md5sum",
                    "id0",
                    "person_id0",
                    "info_type_id",
                    "info",
                    "note",
                    "id1",
                    "kind",
                    "id00",
                    "person_id1",
                    "movie_id",
                    "person_role_id",
                    "note0",
                    "nr_order",
                    "role_id",
                    "id10",
                    "movie_id0",
                    "subject_id",
                    "status_id",
                    "id000",
                    "title",
                    "imdb_index0",
                    "kind_id",
                    "production_year",
                    "imdb_id",
                    "phonetic_code",
                    "episode_of_id",
                    "season_nr",
                    "episode_nr",
                    "series_years",
                    "md5sum0"
                ],
                "Estimated Cardinality": "446096785"
            },
            "cumulative_cardinality": 15905414,
            "operator_type": "PROJECTION",
            "operator_cardinality": 0,
            "cumulative_rows_scanned": 1286064401,
            "operator_rows_scanned": 0,
            "operator_timing": 0.0,
            "result_set_size": 0,
            "children": [
                {
                    "operator_name": "HASH_JOIN",
                    "cpu_time": 4.207778375,
                    "extra_info": {
                        "Join Type": "INNER",
                        "Conditions": "id = subject_id",
                        "Estimated Cardinality": "446096785"
                    },
                    "cumulative_cardinality": 15905414,
                    "operator_type": "HASH_JOIN",
                    "operator_cardinality": 0,
                    "cumulative_rows_scanned": 1286064401,
                    "operator_rows_scanned": 0,
                    "operator_timing": 0.007900291999999993,
                    "result_set_size": 0,
                    "children": [
                        {
                            "operator_name": "FILTER",
                            "cpu_time": 3.325873396000001,
                            "extra_info": {
                                "Expression": "(id <= 2)",
                                "Estimated Cardinality": "119173341"
                            },
                            "cumulative_cardinality": 12861047,
                            "operator_type": "FILTER",
                            "operator_cardinality": 0,
                            "cumulative_rows_scanned": 1278344379,
                            "operator_rows_scanned": 0,
                            "operator_timing": 0.000007045,
                            "result_set_size": 0,
                            "children": [
                                {
                                    "operator_name": "HASH_JOIN",
                                    "cpu_time": 3.325866351000001,
                                    "extra_info": {
                                        "Join Type": "INNER",
                                        "Conditions": "person_id = person_id",
                                        "Estimated Cardinality": "119173341"
                                    },
                                    "cumulative_cardinality": 12861047,
                                    "operator_type": "HASH_JOIN",
                                    "operator_cardinality": 0,
                                    "cumulative_rows_scanned": 1278344379,
                                    "operator_rows_scanned": 0,
                                    "operator_timing": 1.1087234040000007,
                                    "result_set_size": 0,
                                    "children": [
                                        {
                                            "operator_name": "FILTER",
                                            "cpu_time": 0.22168965799999996,
                                            "extra_info": {
                                                "Expression": "(person_id >= 4)",
                                                "Estimated Cardinality": "36244344"
                                            },
                                            "cumulative_cardinality": 4,
                                            "operator_type": "FILTER",
                                            "operator_cardinality": 0,
                                            "cumulative_rows_scanned": 1268552044,
                                            "operator_rows_scanned": 0,
                                            "operator_timing": 0.000006859999999999999,
                                            "result_set_size": 0,
                                            "children": [
                                                {
                                                    "operator_name": "HASH_JOIN",
                                                    "cpu_time": 0.22168279799999996,
                                                    "extra_info": {
                                                        "Join Type": "INNER",
                                                        "Conditions": "role_id = id",
                                                        "Estimated Cardinality": "36244344"
                                                    },
                                                    "cumulative_cardinality": 4,
                                                    "operator_type": "HASH_JOIN",
                                                    "operator_cardinality": 0,
                                                    "cumulative_rows_scanned": 1268552044,
                                                    "operator_rows_scanned": 0,
                                                    "operator_timing": 0.00010969299999999997,
                                                    "result_set_size": 0,
                                                    "children": [
                                                        {
                                                            "operator_name": "READ_PARQUET ",
                                                            "cpu_time": 0.22107720799999997,
                                                            "extra_info": {
                                                                "Function": "READ_PARQUET",
                                                                "Projections": [
                                                                    "id",
                                                                    "person_id",
                                                                    "movie_id",
                                                                    "person_role_id",
                                                                    "note",
                                                                    "nr_order",
                                                                    "role_id"
                                                                ],
                                                                "Filters": "role_id<=4",
                                                                "Estimated Cardinality": "36244344"
                                                            },
                                                            "cumulative_cardinality": 0,
                                                            "operator_type": "TABLE_SCAN",
                                                            "operator_cardinality": 0,
                                                            "cumulative_rows_scanned": 1268552040,
                                                            "operator_rows_scanned": 1268552040,
                                                            "operator_timing": 0.22107720799999997,
                                                            "result_set_size": 0,
                                                            "children": []
                                                        },
                                                        {
                                                            "operator_name": "READ_PARQUET ",
                                                            "cpu_time": 0.000495897,
                                                            "extra_info": {
                                                                "Function": "READ_PARQUET",
                                                                "Projections": [
                                                                    "id",
                                                                    "kind"
                                                                ],
                                                                "Estimated Cardinality": "4"
                                                            },
                                                            "cumulative_cardinality": 4,
                                                            "operator_type": "TABLE_SCAN",
                                                            "operator_cardinality": 4,
                                                            "cumulative_rows_scanned": 4,
                                                            "operator_rows_scanned": 4,
                                                            "operator_timing": 0.000495897,
                                                            "result_set_size": 96,
                                                            "children": []
                                                        }
                                                    ]
                                                }
                                            ]
                                        },
                                        {
                                            "operator_name": "FILTER",
                                            "cpu_time": 1.9954532890000003,
                                            "extra_info": {
                                                "Expression": "(person_id <= 4061926)",
                                                "Estimated Cardinality": "2963664"
                                            },
                                            "cumulative_cardinality": 12861043,
                                            "operator_type": "FILTER",
                                            "operator_cardinality": 4459897,
                                            "cumulative_rows_scanned": 9792335,
                                            "operator_rows_scanned": 0,
                                            "operator_timing": 0.027469042000000003,
                                            "result_set_size": 713583520,
                                            "children": [
                                                {
                                                    "operator_name": "HASH_JOIN",
                                                    "cpu_time": 1.9679842470000002,
                                                    "extra_info": {
                                                        "Join Type": "INNER",
                                                        "Conditions": "person_id = person_id",
                                                        "Estimated Cardinality": "2963664"
                                                    },
                                                    "cumulative_cardinality": 8401146,
                                                    "operator_type": "HASH_JOIN",
                                                    "operator_cardinality": 4536141,
                                                    "cumulative_rows_scanned": 9792335,
                                                    "operator_rows_scanned": 0,
                                                    "operator_timing": 0.4300307830000001,
                                                    "result_set_size": 725782560,
                                                    "children": [
                                                        {
                                                            "operator_name": "READ_PARQUET ",
                                                            "cpu_time": 1.2607343160000002,
                                                            "extra_info": {
                                                                "Function": "READ_PARQUET",
                                                                "Projections": [
                                                                    "id",
                                                                    "person_id",
                                                                    "info_type_id",
                                                                    "info",
                                                                    "note"
                                                                ],
                                                                "Filters": "person_id<=4167489",
                                                                "Estimated Cardinality": "2963664"
                                                            },
                                                            "cumulative_cardinality": 2963662,
                                                            "operator_type": "TABLE_SCAN",
                                                            "operator_cardinality": 2963662,
                                                            "cumulative_rows_scanned": 8890992,
                                                            "operator_rows_scanned": 8890992,
                                                            "operator_timing": 1.2607343160000002,
                                                            "result_set_size": 165965072,
                                                            "children": []
                                                        },
                                                        {
                                                            "operator_name": "READ_PARQUET ",
                                                            "cpu_time": 0.27721914799999997,
                                                            "extra_info": {
                                                                "Function": "READ_PARQUET",
                                                                "Projections": [
                                                                    "id",
                                                                    "person_id",
                                                                    "name",
                                                                    "imdb_index",
                                                                    "name_pcode_cf",
                                                                    "name_pcode_nf",
                                                                    "surname_pcode",
                                                                    "md5sum"
                                                                ],
                                                                "Estimated Cardinality": "901343"
                                                            },
                                                            "cumulative_cardinality": 901343,
                                                            "operator_type": "TABLE_SCAN",
                                                            "operator_cardinality": 901343,
                                                            "cumulative_rows_scanned": 901343,
                                                            "operator_rows_scanned": 901343,
                                                            "operator_timing": 0.27721914799999997,
                                                            "result_set_size": 100950416,
                                                            "children": []
                                                        }
                                                    ]
                                                }
                                            ]
                                        }
                                    ]
                                }
                            ]
                        },
                        {
                            "operator_name": "HASH_JOIN",
                            "cpu_time": 0.8740046869999998,
                            "extra_info": {
                                "Join Type": "INNER",
                                "Conditions": "id = movie_id",
                                "Estimated Cardinality": "505662"
                            },
                            "cumulative_cardinality": 3044367,
                            "operator_type": "HASH_JOIN",
                            "operator_cardinality": 40855,
                            "cumulative_rows_scanned": 7720022,
                            "operator_rows_scanned": 0,
                            "operator_timing": 0.06905956499999999,
                            "result_set_size": 6209960,
                            "children": [
                                {
                                    "operator_name": "FILTER",
                                    "cpu_time": 0.7952555939999998,
                                    "extra_info": {
                                        "Expression": "(id >= 285)",
                                        "Estimated Cardinality": "505662"
                                    },
                                    "cumulative_cardinality": 2868426,
                                    "operator_type": "FILTER",
                                    "operator_cardinality": 1434213,
                                    "cumulative_rows_scanned": 7584936,
                                    "operator_rows_scanned": 0,
                                    "operator_timing": 0.0047926900000000005,
                                    "result_set_size": 183579264,
                                    "children": [
                                        {
                                            "operator_name": "READ_PARQUET ",
                                            "cpu_time": 0.7904629039999997,
                                            "extra_info": {
                                                "Function": "READ_PARQUET",
                                                "Projections": [
                                                    "id",
                                                    "title",
                                                    "imdb_index",
                                                    "kind_id",
                                                    "production_year",
                                                    "imdb_id",
                                                    "phonetic_code",
                                                    "episode_of_id",
                                                    "season_nr",
                                                    "episode_nr",
                                                    "series_years",
                                                    "md5sum"
                                                ],
                                                "Filters": "production_year>=2000",
                                                "Estimated Cardinality": "505662"
                                            },
                                            "cumulative_cardinality": 1434213,
                                            "operator_type": "TABLE_SCAN",
                                            "operator_cardinality": 1434213,
                                            "cumulative_rows_scanned": 7584936,
                                            "operator_rows_scanned": 7584936,
                                            "operator_timing": 0.7904629039999997,
                                            "result_set_size": 183579264,
                                            "children": []
                                        }
                                    ]
                                },
                                {
                                    "operator_name": "READ_PARQUET ",
                                    "cpu_time": 0.009689528000000001,
                                    "extra_info": {
                                        "Function": "READ_PARQUET",
                                        "Projections": [
                                            "id",
                                            "movie_id",
                                            "subject_id",
                                            "status_id"
                                        ],
                                        "Estimated Cardinality": "135086"
                                    },
                                    "cumulative_cardinality": 135086,
                                    "operator_type": "TABLE_SCAN",
                                    "operator_cardinality": 135086,
                                    "cumulative_rows_scanned": 135086,
                                    "operator_rows_scanned": 135086,
                                    "operator_timing": 0.009689528000000001,
                                    "result_set_size": 4322752,
                                    "children": []
                                }
                            ]
                        }
                    ]
                }
            ]
        }
    ]
}