{
    "rows_returned": 39575,
    "query_name": "SELECT COALESCE(\"t\".\"p_brand\", \"t\".\"p_brand\") AS \"P_BRAND\", \"t\".\"p_name\" AS \"P_NAME\", SUM(\"partsupp\".\"ps_supplycost\" * \"partsupp\".\"ps_availqty\") AS \"TOTAL_COST\", COUNT(DISTINCT \"lineitem\".\"l_orderkey\") AS \"ORDER_COUNT\"\nFROM \"lineitem\"\nINNER JOIN ((SELECT *\nFROM \"part\"\nWHERE \"p_size\" = 15) AS \"t\" INNER JOIN \"partsupp\" ON \"t\".\"p_partkey\" = \"partsupp\".\"ps_partkey\") ON \"lineitem\".\"l_suppkey\" = \"partsupp\".\"ps_suppkey\"\nGROUP BY \"t\".\"p_brand\", \"t\".\"p_name\"",
    "blocked_thread_time": 0.0,
    "cpu_time": 169.661949415,
    "extra_info": {},
    "cumulative_cardinality": 413200734,
    "cumulative_rows_scanned": 3547191016,
    "result_set_size": 1899600,
    "latency": 7.996791488,
    "children": [
        {
            "operator_name": "HASH_GROUP_BY",
            "cpu_time": 169.661949415,
            "extra_info": {
                "Groups": [
                    "#0",
                    "#1"
                ],
                "Aggregates": [
                    "sum(#2)",
                    "count(DISTINCT #3)"
                ],
                "Estimated Cardinality": "5998605"
            },
            "cumulative_cardinality": 413200734,
            "operator_type": "HASH_GROUP_BY",
            "operator_cardinality": 39575,
            "cumulative_rows_scanned": 3547191016,
            "operator_rows_scanned": 0,
            "operator_timing": 155.096398948,
            "result_set_size": 1899600,
            "children": [
                {
                    "operator_name": "PROJECTION",
                    "cpu_time": 14.565550467000003,
                    "extra_info": {
                        "Projections": [
                            "p_brand",
                            "p_name",
                            "(ps_supplycost * CAST(ps_availqty AS DOUBLE))",
                            "l_orderkey"
                        ],
                        "Estimated Cardinality": "11997210"
                    },
                    "cumulative_cardinality": 413161159,
                    "operator_type": "PROJECTION",
                    "operator_cardinality": 94944468,
                    "cumulative_rows_scanned": 3547191016,
                    "operator_rows_scanned": 0,
                    "operator_timing": 0.36192337099999994,
                    "result_set_size": 4557334464,
                    "children": [
                        {
                            "operator_name": "PROJECTION",
                            "cpu_time": 14.203627096000004,
                            "extra_info": {
                                "Projections": [
                                    "#0",
                                    "#3",
                                    "#4",
                                    "__internal_decompress_integral_bigint(#1, 1)",
                                    "#2"
                                ],
                                "Estimated Cardinality": "11997210"
                            },
                            "cumulative_cardinality": 318216691,
                            "operator_type": "PROJECTION",
                            "operator_cardinality": 94944468,
                            "cumulative_rows_scanned": 3547191016,
                            "operator_rows_scanned": 0,
                            "operator_timing": 0.12892456899999996,
                            "result_set_size": 5316890208,
                            "children": [
                                {
                                    "operator_name": "HASH_JOIN",
                                    "cpu_time": 14.074702527000003,
                                    "extra_info": {
                                        "Join Type": "INNER",
                                        "Conditions": "l_suppkey = ps_suppkey",
                                        "Estimated Cardinality": "11997210"
                                    },
                                    "cumulative_cardinality": 223272223,
                                    "operator_type": "HASH_JOIN",
                                    "operator_cardinality": 94944468,
                                    "cumulative_rows_scanned": 3547191016,
                                    "operator_rows_scanned": 0,
                                    "operator_timing": 8.494437565000002,
                                    "result_set_size": 4747223400,
                                    "children": [
                                        {
                                            "operator_name": "PROJECTION",
                                            "cpu_time": 4.86031441,
                                            "extra_info": {
                                                "Projections": [
                                                    "#0",
                                                    "__internal_compress_integral_uinteger(#1, 1)"
                                                ],
                                                "Estimated Cardinality": "59986052"
                                            },
                                            "cumulative_cardinality": 119972104,
                                            "operator_type": "PROJECTION",
                                            "operator_cardinality": 59986052,
                                            "cumulative_rows_scanned": 3479191016,
                                            "operator_rows_scanned": 0,
                                            "operator_timing": 1.1150633049999998,
                                            "result_set_size": 719832624,
                                            "children": [
                                                {
                                                    "operator_name": "READ_PARQUET ",
                                                    "cpu_time": 3.7452511050000004,
                                                    "extra_info": {
                                                        "Function": "READ_PARQUET",
                                                        "Projections": [
                                                            "l_orderkey",
                                                            "l_suppkey"
                                                        ],
                                                        "Estimated Cardinality": "59986052"
                                                    },
                                                    "cumulative_cardinality": 59986052,
                                                    "operator_type": "TABLE_SCAN",
                                                    "operator_cardinality": 59986052,
                                                    "cumulative_rows_scanned": 3479191016,
                                                    "operator_rows_scanned": 3479191016,
                                                    "operator_timing": 3.7452511050000004,
                                                    "result_set_size": 959776832,
                                                    "children": []
                                                }
                                            ]
                                        },
                                        {
                                            "operator_name": "PROJECTION",
                                            "cpu_time": 0.719950552,
                                            "extra_info": {
                                                "Projections": [
                                                    "__internal_compress_integral_uinteger(#0, 1)",
                                                    "__internal_compress_integral_usmallint(#1, 1)",
                                                    "#2",
                                                    "#3",
                                                    "#4"
                                                ],
                                                "Estimated Cardinality": "1600000"
                                            },
                                            "cumulative_cardinality": 8355651,
                                            "operator_type": "PROJECTION",
                                            "operator_cardinality": 158300,
                                            "cumulative_rows_scanned": 68000000,
                                            "operator_rows_scanned": 0,
                                            "operator_timing": 0.0007762670000000001,
                                            "result_set_size": 7281800,
                                            "children": [
                                                {
                                                    "operator_name": "HASH_JOIN",
                                                    "cpu_time": 0.719174285,
                                                    "extra_info": {
                                                        "Join Type": "INNER",
                                                        "Conditions": "ps_partkey = p_partkey",
                                                        "Estimated Cardinality": "1600000"
                                                    },
                                                    "cumulative_cardinality": 8197351,
                                                    "operator_type": "HASH_JOIN",
                                                    "operator_cardinality": 158300,
                                                    "cumulative_rows_scanned": 68000000,
                                                    "operator_rows_scanned": 0,
                                                    "operator_timing": 0.1341453119999999,
                                                    "result_set_size": 8864800,
                                                    "children": [
                                                        {
                                                            "operator_name": "READ_PARQUET ",
                                                            "cpu_time": 0.38403263299999996,
                                                            "extra_info": {
                                                                "Function": "READ_PARQUET",
                                                                "Projections": [
                                                                    "ps_partkey",
                                                                    "ps_suppkey",
                                                                    "ps_availqty",
                                                                    "ps_supplycost"
                                                                ],
                                                                "Estimated Cardinality": "8000000"
                                                            },
                                                            "cumulative_cardinality": 7999476,
                                                            "operator_type": "TABLE_SCAN",
                                                            "operator_cardinality": 7999476,
                                                            "cumulative_rows_scanned": 64000000,
                                                            "operator_rows_scanned": 64000000,
                                                            "operator_timing": 0.38403263299999996,
                                                            "result_set_size": 255983232,
                                                            "children": []
                                                        },
                                                        {
                                                            "operator_name": "READ_PARQUET ",
                                                            "cpu_time": 0.20099634000000005,
                                                            "extra_info": {
                                                                "Function": "READ_PARQUET",
                                                                "Projections": [
                                                                    "p_partkey",
                                                                    "p_name",
                                                                    "p_brand"
                                                                ],
                                                                "Filters": "p_size=15",
                                                                "Estimated Cardinality": "400000"
                                                            },
                                                            "cumulative_cardinality": 39575,
                                                            "operator_type": "TABLE_SCAN",
                                                            "operator_cardinality": 39575,
                                                            "cumulative_rows_scanned": 4000000,
                                                            "operator_rows_scanned": 4000000,
                                                            "operator_timing": 0.20099634000000005,
                                                            "result_set_size": 1583000,
                                                            "children": []
                                                        }
                                                    ]
                                                }
                                            ]
                                        }
                                    ]
                                }
                            ]
                        }
                    ]
                }
            ]
        }
    ]
}