{
    "rows_returned": 2601417,
    "query_name": "WITH PostMetrics AS (\n    SELECT \n        pt.Name AS PostType,\n        COUNT(p.Id) AS PostCount,\n        AVG(p.ViewCount) AS AvgViewCount,\n        AVG(p.Score) AS AvgScore\n    FROM \n        Posts p\n    JOIN \n        PostTypes pt ON p.PostTypeId = pt.Id\n    GROUP BY \n        pt.Name\n),\nUserMetrics AS (\n    SELECT \n        u.Id AS UserId,\n        u.Reputation,\n        u.CreationDate,\n        COUNT(p.Id) AS PostsCount\n    FROM \n        Users u\n    LEFT JOIN \n        Posts p ON u.Id = p.OwnerUserId\n    GROUP BY \n        u.Id, u.Reputation, u.CreationDate\n)\nSELECT \n    pm.PostType,\n    pm.PostCount,\n    pm.AvgViewCount,\n    pm.AvgScore,\n    um.UserId,\n    um.Reputation,\n    um.CreationDate,\n    um.PostsCount\nFROM \n    PostMetrics pm\nJOIN \n    UserMetrics um ON um.PostsCount > 0\nORDER BY \n    pm.PostType",
    "blocked_thread_time": 0.0,
    "cpu_time": 3.024095638999997,
    "extra_info": {},
    "cumulative_cardinality": 32480653,
    "cumulative_rows_scanned": 33322356,
    "result_set_size": 166490688,
    "latency": 3.15106214,
    "children": [
        {
            "operator_name": "ORDER_BY",
            "cpu_time": 3.024095638999997,
            "extra_info": {
                "Order By": "pm.PostType ASC"
            },
            "cumulative_cardinality": 32480653,
            "operator_type": "ORDER_BY",
            "operator_cardinality": 2601417,
            "cumulative_rows_scanned": 33322356,
            "operator_rows_scanned": 0,
            "operator_timing": 1.643913301999997,
            "result_set_size": 166490688,
            "children": [
                {
                    "operator_name": "CROSS_PRODUCT",
                    "cpu_time": 1.380182337,
                    "extra_info": {},
                    "cumulative_cardinality": 29879236,
                    "operator_type": "CROSS_PRODUCT",
                    "operator_cardinality": 2601417,
                    "cumulative_rows_scanned": 33322356,
                    "operator_rows_scanned": 0,
                    "operator_timing": 0.062110112,
                    "result_set_size": 166490688,
                    "children": [
                        {
                            "operator_name": "HASH_GROUP_BY",
                            "cpu_time": 0.357416144,
                            "extra_info": {
                                "Groups": "#0",
                                "Aggregates": [
                                    "count_star()",
                                    "avg(#1)",
                                    "avg(#2)"
                                ],
                                "Estimated Cardinality": "1925058"
                            },
                            "cumulative_cardinality": 11550362,
                            "operator_type": "HASH_GROUP_BY",
                            "operator_cardinality": 7,
                            "cumulative_rows_scanned": 15400472,
                            "operator_rows_scanned": 0,
                            "operator_timing": 0.159273217,
                            "result_set_size": 280,
                            "children": [
                                {
                                    "operator_name": "PROJECTION",
                                    "cpu_time": 0.198142927,
                                    "extra_info": {
                                        "Projections": [
                                            "name",
                                            "viewcount",
                                            "score"
                                        ],
                                        "Estimated Cardinality": "3850116"
                                    },
                                    "cumulative_cardinality": 11550355,
                                    "operator_type": "PROJECTION",
                                    "operator_cardinality": 3850116,
                                    "cumulative_rows_scanned": 15400472,
                                    "operator_rows_scanned": 0,
                                    "operator_timing": 0.0003845799999999993,
                                    "result_set_size": 92402784,
                                    "children": [
                                        {
                                            "operator_name": "HASH_JOIN",
                                            "cpu_time": 0.197758347,
                                            "extra_info": {
                                                "Join Type": "INNER",
                                                "Conditions": "posttypeid = id",
                                                "Estimated Cardinality": "3850116"
                                            },
                                            "cumulative_cardinality": 7700239,
                                            "operator_type": "HASH_JOIN",
                                            "operator_cardinality": 3850116,
                                            "cumulative_rows_scanned": 15400472,
                                            "operator_rows_scanned": 0,
                                            "operator_timing": 0.012424977000000002,
                                            "result_set_size": 92402784,
                                            "children": [
                                                {
                                                    "operator_name": "READ_PARQUET ",
                                                    "cpu_time": 0.184622901,
                                                    "extra_info": {
                                                        "Function": "READ_PARQUET",
                                                        "Projections": [
                                                            "id",
                                                            "posttypeid",
                                                            "score",
                                                            "viewcount"
                                                        ],
                                                        "Estimated Cardinality": "3850116"
                                                    },
                                                    "cumulative_cardinality": 3850116,
                                                    "operator_type": "TABLE_SCAN",
                                                    "operator_cardinality": 3850116,
                                                    "cumulative_rows_scanned": 15400464,
                                                    "operator_rows_scanned": 15400464,
                                                    "operator_timing": 0.184622901,
                                                    "result_set_size": 53901624,
                                                    "children": []
                                                },
                                                {
                                                    "operator_name": "READ_PARQUET ",
                                                    "cpu_time": 0.0007104689999999999,
                                                    "extra_info": {
                                                        "Function": "READ_PARQUET",
                                                        "Projections": [
                                                            "id",
                                                            "name"
                                                        ],
                                                        "Filters": "id<=7",
                                                        "Estimated Cardinality": "8"
                                                    },
                                                    "cumulative_cardinality": 7,
                                                    "operator_type": "TABLE_SCAN",
                                                    "operator_cardinality": 7,
                                                    "cumulative_rows_scanned": 8,
                                                    "operator_rows_scanned": 8,
                                                    "operator_timing": 0.0007104689999999999,
                                                    "result_set_size": 126,
                                                    "children": []
                                                }
                                            ]
                                        }
                                    ]
                                }
                            ]
                        },
                        {
                            "operator_name": "FILTER",
                            "cpu_time": 0.960656081,
                            "extra_info": {
                                "Expression": "(PostsCount > 0)",
                                "Estimated Cardinality": "252142"
                            },
                            "cumulative_cardinality": 15727457,
                            "operator_type": "FILTER",
                            "operator_cardinality": 371631,
                            "cumulative_rows_scanned": 17921884,
                            "operator_rows_scanned": 0,
                            "operator_timing": 0.0038350340000000006,
                            "result_set_size": 8919144,
                            "children": [
                                {
                                    "operator_name": "HASH_GROUP_BY",
                                    "cpu_time": 0.956821047,
                                    "extra_info": {
                                        "Groups": [
                                            "#0",
                                            "#1",
                                            "#2"
                                        ],
                                        "Aggregates": "count(#3)",
                                        "Estimated Cardinality": "1260710"
                                    },
                                    "cumulative_cardinality": 15355826,
                                    "operator_type": "HASH_GROUP_BY",
                                    "operator_cardinality": 1260710,
                                    "cumulative_rows_scanned": 17921884,
                                    "operator_rows_scanned": 0,
                                    "operator_timing": 0.4541107999999999,
                                    "result_set_size": 30257040,
                                    "children": [
                                        {
                                            "operator_name": "PROJECTION",
                                            "cpu_time": 0.5027102470000001,
                                            "extra_info": {
                                                "Projections": [
                                                    "id",
                                                    "reputation",
                                                    "creationdate",
                                                    "id"
                                                ],
                                                "Estimated Cardinality": "3850116"
                                            },
                                            "cumulative_cardinality": 14095116,
                                            "operator_type": "PROJECTION",
                                            "operator_cardinality": 4574495,
                                            "cumulative_rows_scanned": 17921884,
                                            "operator_rows_scanned": 0,
                                            "operator_timing": 0.000705965,
                                            "result_set_size": 91489900,
                                            "children": [
                                                {
                                                    "operator_name": "HASH_JOIN",
                                                    "cpu_time": 0.5020042820000001,
                                                    "extra_info": {
                                                        "Join Type": "RIGHT",
                                                        "Conditions": "owneruserid = id",
                                                        "Estimated Cardinality": "3850116"
                                                    },
                                                    "cumulative_cardinality": 9520621,
                                                    "operator_type": "HASH_JOIN",
                                                    "operator_cardinality": 4574495,
                                                    "cumulative_rows_scanned": 17921884,
                                                    "operator_rows_scanned": 0,
                                                    "operator_timing": 0.31346409500000005,
                                                    "result_set_size": 91489900,
                                                    "children": [
                                                        {
                                                            "operator_name": "READ_PARQUET ",
                                                            "cpu_time": 0.12371960599999998,
                                                            "extra_info": {
                                                                "Function": "READ_PARQUET",
                                                                "Projections": [
                                                                    "id",
                                                                    "owneruserid"
                                                                ],
                                                                "Estimated Cardinality": "3850116"
                                                            },
                                                            "cumulative_cardinality": 3685416,
                                                            "operator_type": "TABLE_SCAN",
                                                            "operator_cardinality": 3685416,
                                                            "cumulative_rows_scanned": 15400464,
                                                            "operator_rows_scanned": 15400464,
                                                            "operator_timing": 0.12371960599999998,
                                                            "result_set_size": 29483328,
                                                            "children": []
                                                        },
                                                        {
                                                            "operator_name": "READ_PARQUET ",
                                                            "cpu_time": 0.06482058100000007,
                                                            "extra_info": {
                                                                "Function": "READ_PARQUET",
                                                                "Projections": [
                                                                    "id",
                                                                    "reputation",
                                                                    "creationdate"
                                                                ],
                                                                "Estimated Cardinality": "1260710"
                                                            },
                                                            "cumulative_cardinality": 1260710,
                                                            "operator_type": "TABLE_SCAN",
                                                            "operator_cardinality": 1260710,
                                                            "cumulative_rows_scanned": 2521420,
                                                            "operator_rows_scanned": 2521420,
                                                            "operator_timing": 0.06482058100000007,
                                                            "result_set_size": 20171360,
                                                            "children": []
                                                        }
                                                    ]
                                                }
                                            ]
                                        }
                                    ]
                                }
                            ]
                        }
                    ]
                }
            ]
        }
    ]
}