{
    "rows_returned": 2000000,
    "query_name": "SELECT COALESCE(\"part\".\"p_partkey\", \"part\".\"p_partkey\") AS \"p_partkey\", \"part\".\"p_name\", SUM(\"lineitem\".\"l_quantity\") AS \"TOTAL_QUANTITY\", SUM(\"lineitem\".\"l_extendedprice\") AS \"TOTAL_REVENUE\", AVG(\"lineitem\".\"l_discount\") AS \"AVERAGE_DISCOUNT\", COUNT(DISTINCT \"orders\".\"o_orderkey\") AS \"TOTAL_ORDERS\"\nFROM \"part\"\nINNER JOIN (\"orders\" INNER JOIN \"lineitem\" ON \"orders\".\"o_orderkey\" = \"lineitem\".\"l_orderkey\") ON \"part\".\"p_partkey\" = \"lineitem\".\"l_partkey\"\nGROUP BY \"part\".\"p_partkey\", \"part\".\"p_name\"",
    "blocked_thread_time": 0.0,
    "cpu_time": 134.84275063999993,
    "extra_info": {},
    "cumulative_cardinality": 455902364,
    "cumulative_rows_scanned": 3708191016,
    "result_set_size": 112000000,
    "latency": 6.933280885,
    "children": [
        {
            "operator_name": "PROJECTION",
            "cpu_time": 134.84275063999993,
            "extra_info": {
                "Projections": [
                    "__internal_decompress_integral_bigint(#0, 1)",
                    "#1",
                    "#2",
                    "#3",
                    "#4",
                    "#5"
                ],
                "Estimated Cardinality": "2000000"
            },
            "cumulative_cardinality": 455902364,
            "operator_type": "PROJECTION",
            "operator_cardinality": 2000000,
            "cumulative_rows_scanned": 3708191016,
            "operator_rows_scanned": 0,
            "operator_timing": 0.005944333999999996,
            "result_set_size": 112000000,
            "children": [
                {
                    "operator_name": "HASH_GROUP_BY",
                    "cpu_time": 134.83680630599994,
                    "extra_info": {
                        "Groups": [
                            "#0",
                            "#1"
                        ],
                        "Aggregates": [
                            "sum(#2)",
                            "sum(#3)",
                            "avg(#4)",
                            "count(DISTINCT #5)"
                        ],
                        "Estimated Cardinality": "2000000"
                    },
                    "cumulative_cardinality": 453902364,
                    "operator_type": "HASH_GROUP_BY",
                    "operator_cardinality": 2000000,
                    "cumulative_rows_scanned": 3708191016,
                    "operator_rows_scanned": 0,
                    "operator_timing": 107.11879858299996,
                    "result_set_size": 104000000,
                    "children": [
                        {
                            "operator_name": "PROJECTION",
                            "cpu_time": 27.718007722999992,
                            "extra_info": {
                                "Projections": [
                                    "p_partkey",
                                    "p_name",
                                    "l_quantity",
                                    "l_extendedprice",
                                    "l_discount",
                                    "o_orderkey"
                                ],
                                "Estimated Cardinality": "59986052"
                            },
                            "cumulative_cardinality": 451902364,
                            "operator_type": "PROJECTION",
                            "operator_cardinality": 59986052,
                            "cumulative_rows_scanned": 3708191016,
                            "operator_rows_scanned": 0,
                            "operator_timing": 0.016730951999999983,
                            "result_set_size": 3119274704,
                            "children": [
                                {
                                    "operator_name": "PROJECTION",
                                    "cpu_time": 27.701276770999993,
                                    "extra_info": {
                                        "Projections": [
                                            "#3",
                                            "#0",
                                            "#1",
                                            "#2",
                                            "__internal_compress_integral_uinteger(#4, 1)",
                                            "#5"
                                        ],
                                        "Estimated Cardinality": "59986052"
                                    },
                                    "cumulative_cardinality": 391916312,
                                    "operator_type": "PROJECTION",
                                    "operator_cardinality": 59986052,
                                    "cumulative_rows_scanned": 3708191016,
                                    "operator_rows_scanned": 0,
                                    "operator_timing": 0.074141887,
                                    "result_set_size": 3119274704,
                                    "children": [
                                        {
                                            "operator_name": "HASH_JOIN",
                                            "cpu_time": 27.627134883999993,
                                            "extra_info": {
                                                "Join Type": "INNER",
                                                "Conditions": "l_partkey = p_partkey",
                                                "Estimated Cardinality": "59986052"
                                            },
                                            "cumulative_cardinality": 331930260,
                                            "operator_type": "HASH_JOIN",
                                            "operator_cardinality": 59986052,
                                            "cumulative_rows_scanned": 3708191016,
                                            "operator_rows_scanned": 0,
                                            "operator_timing": 7.567631594999997,
                                            "result_set_size": 3359218912,
                                            "children": [
                                                {
                                                    "operator_name": "PROJECTION",
                                                    "cpu_time": 19.716543328999993,
                                                    "extra_info": {
                                                        "Projections": [
                                                            "#0",
                                                            "#1",
                                                            "#2",
                                                            "#3",
                                                            "__internal_decompress_integral_bigint(#4, 1)"
                                                        ],
                                                        "Estimated Cardinality": "59986052"
                                                    },
                                                    "cumulative_cardinality": 269944208,
                                                    "operator_type": "PROJECTION",
                                                    "operator_cardinality": 59986052,
                                                    "cumulative_rows_scanned": 3704191016,
                                                    "operator_rows_scanned": 0,
                                                    "operator_timing": 0.08582919700000004,
                                                    "result_set_size": 2399442080,
                                                    "children": [
                                                        {
                                                            "operator_name": "HASH_JOIN",
                                                            "cpu_time": 19.630714131999994,
                                                            "extra_info": {
                                                                "Join Type": "INNER",
                                                                "Conditions": "l_orderkey = o_orderkey",
                                                                "Estimated Cardinality": "59986052"
                                                            },
                                                            "cumulative_cardinality": 209958156,
                                                            "operator_type": "HASH_JOIN",
                                                            "operator_cardinality": 59986052,
                                                            "cumulative_rows_scanned": 3704191016,
                                                            "operator_rows_scanned": 0,
                                                            "operator_timing": 7.960047773999997,
                                                            "result_set_size": 2159497872,
                                                            "children": [
                                                                {
                                                                    "operator_name": "PROJECTION",
                                                                    "cpu_time": 11.257523388999997,
                                                                    "extra_info": {
                                                                        "Projections": [
                                                                            "__internal_compress_integral_uinteger(#0, 1)",
                                                                            "#1",
                                                                            "#2",
                                                                            "#3",
                                                                            "#4"
                                                                        ],
                                                                        "Estimated Cardinality": "59986052"
                                                                    },
                                                                    "cumulative_cardinality": 119972104,
                                                                    "operator_type": "PROJECTION",
                                                                    "operator_cardinality": 59986052,
                                                                    "cumulative_rows_scanned": 3479191016,
                                                                    "operator_rows_scanned": 0,
                                                                    "operator_timing": 0.18259230199999998,
                                                                    "result_set_size": 2159497872,
                                                                    "children": [
                                                                        {
                                                                            "operator_name": "READ_PARQUET ",
                                                                            "cpu_time": 11.074931086999998,
                                                                            "extra_info": {
                                                                                "Function": "READ_PARQUET",
                                                                                "Projections": [
                                                                                    "l_orderkey",
                                                                                    "l_partkey",
                                                                                    "l_quantity",
                                                                                    "l_extendedprice",
                                                                                    "l_discount"
                                                                                ],
                                                                                "Estimated Cardinality": "59986052"
                                                                            },
                                                                            "cumulative_cardinality": 59986052,
                                                                            "operator_type": "TABLE_SCAN",
                                                                            "operator_cardinality": 59986052,
                                                                            "cumulative_rows_scanned": 3479191016,
                                                                            "operator_rows_scanned": 3479191016,
                                                                            "operator_timing": 11.074931086999998,
                                                                            "result_set_size": 2399442080,
                                                                            "children": []
                                                                        }
                                                                    ]
                                                                },
                                                                {
                                                                    "operator_name": "PROJECTION",
                                                                    "cpu_time": 0.4131429689999999,
                                                                    "extra_info": {
                                                                        "Projections": "__internal_compress_integral_uinteger(#0, 1)",
                                                                        "Estimated Cardinality": "15000000"
                                                                    },
                                                                    "cumulative_cardinality": 30000000,
                                                                    "operator_type": "PROJECTION",
                                                                    "operator_cardinality": 15000000,
                                                                    "cumulative_rows_scanned": 225000000,
                                                                    "operator_rows_scanned": 0,
                                                                    "operator_timing": 0.014547556,
                                                                    "result_set_size": 60000000,
                                                                    "children": [
                                                                        {
                                                                            "operator_name": "READ_PARQUET ",
                                                                            "cpu_time": 0.3985954129999999,
                                                                            "extra_info": {
                                                                                "Function": "READ_PARQUET",
                                                                                "Projections": "o_orderkey",
                                                                                "Estimated Cardinality": "15000000"
                                                                            },
                                                                            "cumulative_cardinality": 15000000,
                                                                            "operator_type": "TABLE_SCAN",
                                                                            "operator_cardinality": 15000000,
                                                                            "cumulative_rows_scanned": 225000000,
                                                                            "operator_rows_scanned": 225000000,
                                                                            "operator_timing": 0.3985954129999999,
                                                                            "result_set_size": 120000000,
                                                                            "children": []
                                                                        }
                                                                    ]
                                                                }
                                                            ]
                                                        }
                                                    ]
                                                },
                                                {
                                                    "operator_name": "READ_PARQUET ",
                                                    "cpu_time": 0.34295995999999995,
                                                    "extra_info": {
                                                        "Function": "READ_PARQUET",
                                                        "Projections": [
                                                            "p_partkey",
                                                            "p_name"
                                                        ],
                                                        "Estimated Cardinality": "2000000"
                                                    },
                                                    "cumulative_cardinality": 2000000,
                                                    "operator_type": "TABLE_SCAN",
                                                    "operator_cardinality": 2000000,
                                                    "cumulative_rows_scanned": 4000000,
                                                    "operator_rows_scanned": 4000000,
                                                    "operator_timing": 0.34295995999999995,
                                                    "result_set_size": 48000000,
                                                    "children": []
                                                }
                                            ]
                                        }
                                    ]
                                }
                            ]
                        }
                    ]
                }
            ]
        }
    ]
}