{
    "rows_returned": 5,
    "query_name": "SELECT COALESCE(\"t2\".\"AVG_SALES\", \"t2\".\"AVG_SALES\") AS \"AVG_SALES\", \"t2\".\"AVG_ORDER_COUNT\", \"t6\".\"REGION_NAME\", \"t6\".\"TOTAL_SALES\", \"t6\".\"ORDER_COUNT\"\nFROM (SELECT AVG(\"t1\".\"TOTAL_SALES\") AS \"AVG_SALES\", AVG(\"t1\".\"ORDER_COUNT\") AS \"AVG_ORDER_COUNT\"\nFROM (SELECT \"region\".\"r_name\", ANY_VALUE(\"region\".\"r_name\") AS \"REGION_NAME\", SUM(\"lineitem\".\"l_extendedprice\" * (1 - \"lineitem\".\"l_discount\")) AS \"TOTAL_SALES\", COUNT(DISTINCT \"t\".\"o_orderkey\") AS \"ORDER_COUNT\"\nFROM (SELECT *\nFROM \"orders\"\nWHERE \"o_orderdate\" >= DATE '1996-01-01' AND \"o_orderdate\" < DATE '1997-01-01') AS \"t\"\nINNER JOIN \"lineitem\" ON \"t\".\"o_orderkey\" = \"lineitem\".\"l_orderkey\"\nINNER JOIN (\"region\" INNER JOIN \"nation\" ON \"region\".\"r_regionkey\" = \"nation\".\"n_regionkey\" INNER JOIN \"supplier\" ON \"nation\".\"n_nationkey\" = \"supplier\".\"s_nationkey\" INNER JOIN (\"part\" INNER JOIN \"partsupp\" ON \"part\".\"p_partkey\" = \"partsupp\".\"ps_partkey\") ON \"supplier\".\"s_suppkey\" = \"partsupp\".\"ps_suppkey\") ON \"lineitem\".\"l_partkey\" = \"part\".\"p_partkey\"\nGROUP BY \"region\".\"r_name\") AS \"t1\") AS \"t2\",\n(SELECT ANY_VALUE(\"region0\".\"r_name\") AS \"REGION_NAME\", SUM(\"lineitem0\".\"l_extendedprice\" * (1 - \"lineitem0\".\"l_discount\")) AS \"TOTAL_SALES\", COUNT(DISTINCT \"t3\".\"o_orderkey\") AS \"ORDER_COUNT\"\nFROM (SELECT *\nFROM \"orders\"\nWHERE \"o_orderdate\" >= DATE '1996-01-01' AND \"o_orderdate\" < DATE '1997-01-01') AS \"t3\"\nINNER JOIN \"lineitem\" AS \"lineitem0\" ON \"t3\".\"o_orderkey\" = \"lineitem0\".\"l_orderkey\"\nINNER JOIN (\"region\" AS \"region0\" INNER JOIN \"nation\" AS \"nation0\" ON \"region0\".\"r_regionkey\" = \"nation0\".\"n_regionkey\" INNER JOIN \"supplier\" AS \"supplier0\" ON \"nation0\".\"n_nationkey\" = \"supplier0\".\"s_nationkey\" INNER JOIN (\"part\" AS \"part0\" INNER JOIN \"partsupp\" AS \"partsupp0\" ON \"part0\".\"p_partkey\" = \"partsupp0\".\"ps_partkey\") ON \"supplier0\".\"s_suppkey\" = \"partsupp0\".\"ps_suppkey\") ON \"lineitem0\".\"l_partkey\" = \"part0\".\"p_partkey\"\nGROUP BY \"region0\".\"r_name\") AS \"t6\"",
    "blocked_thread_time": 0.0,
    "cpu_time": 51.573787796000005,
    "extra_info": {},
    "cumulative_cardinality": 627262966,
    "cumulative_rows_scanned": 7544582092,
    "result_set_size": 240,
    "latency": 0.978166548,
    "children": [
        {
            "operator_name": "PROJECTION",
            "cpu_time": 51.573787796000005,
            "extra_info": {
                "Projections": [
                    "AVG_SALES",
                    "AVG_ORDER_COUNT",
                    "REGION_NAME",
                    "TOTAL_SALES",
                    "ORDER_COUNT"
                ],
                "Estimated Cardinality": "15000000"
            },
            "cumulative_cardinality": 627262966,
            "operator_type": "PROJECTION",
            "operator_cardinality": 5,
            "cumulative_rows_scanned": 7544582092,
            "operator_rows_scanned": 0,
            "operator_timing": 0.00005345,
            "result_set_size": 240,
            "children": [
                {
                    "operator_name": "CROSS_PRODUCT",
                    "cpu_time": 51.573734346,
                    "extra_info": {},
                    "cumulative_cardinality": 627262961,
                    "operator_type": "CROSS_PRODUCT",
                    "operator_cardinality": 5,
                    "cumulative_rows_scanned": 7544582092,
                    "operator_rows_scanned": 0,
                    "operator_timing": 0.000152194,
                    "result_set_size": 240,
                    "children": [
                        {
                            "operator_name": "PROJECTION",
                            "cpu_time": 25.594972707999997,
                            "extra_info": {
                                "Projections": [
                                    "REGION_NAME",
                                    "TOTAL_SALES",
                                    "ORDER_COUNT"
                                ],
                                "Estimated Cardinality": "15000000"
                            },
                            "cumulative_cardinality": 313631475,
                            "operator_type": "PROJECTION",
                            "operator_cardinality": 5,
                            "cumulative_rows_scanned": 3772291046,
                            "operator_rows_scanned": 0,
                            "operator_timing": 0.0000052090000000000004,
                            "result_set_size": 160,
                            "children": [
                                {
                                    "operator_name": "HASH_GROUP_BY",
                                    "cpu_time": 25.594967498999996,
                                    "extra_info": {
                                        "Groups": "#0",
                                        "Aggregates": [
                                            "any_value(#1)",
                                            "sum(#2)",
                                            "count(DISTINCT #3)"
                                        ],
                                        "Estimated Cardinality": "15000000"
                                    },
                                    "cumulative_cardinality": 313631470,
                                    "operator_type": "HASH_GROUP_BY",
                                    "operator_cardinality": 5,
                                    "cumulative_rows_scanned": 3772291046,
                                    "operator_rows_scanned": 0,
                                    "operator_timing": 7.734183601999999,
                                    "result_set_size": 240,
                                    "children": [
                                        {
                                            "operator_name": "PROJECTION",
                                            "cpu_time": 17.860783896999997,
                                            "extra_info": {
                                                "Projections": [
                                                    "r_name",
                                                    "r_name",
                                                    "(l_extendedprice * (1.0 - l_discount))",
                                                    "o_orderkey"
                                                ],
                                                "Estimated Cardinality": "47988841"
                                            },
                                            "cumulative_cardinality": 313631465,
                                            "operator_type": "PROJECTION",
                                            "operator_cardinality": 36505448,
                                            "cumulative_rows_scanned": 3772291046,
                                            "operator_rows_scanned": 0,
                                            "operator_timing": 0.457561268,
                                            "result_set_size": 1752261504,
                                            "children": [
                                                {
                                                    "operator_name": "PROJECTION",
                                                    "cpu_time": 17.403222629,
                                                    "extra_info": {
                                                        "Projections": [
                                                            "#2",
                                                            "#0",
                                                            "#1",
                                                            "#3"
                                                        ],
                                                        "Estimated Cardinality": "47988841"
                                                    },
                                                    "cumulative_cardinality": 277126017,
                                                    "operator_type": "PROJECTION",
                                                    "operator_cardinality": 36505448,
                                                    "cumulative_rows_scanned": 3772291046,
                                                    "operator_rows_scanned": 0,
                                                    "operator_timing": 0.012542709,
                                                    "result_set_size": 1460217920,
                                                    "children": [
                                                        {
                                                            "operator_name": "HASH_JOIN",
                                                            "cpu_time": 17.390679919999997,
                                                            "extra_info": {
                                                                "Join Type": "INNER",
                                                                "Conditions": "l_partkey = p_partkey",
                                                                "Estimated Cardinality": "47988841"
                                                            },
                                                            "cumulative_cardinality": 240620569,
                                                            "operator_type": "HASH_JOIN",
                                                            "operator_cardinality": 36505448,
                                                            "cumulative_rows_scanned": 3772291046,
                                                            "operator_rows_scanned": 0,
                                                            "operator_timing": 3.4182606009999996,
                                                            "result_set_size": 1460217920,
                                                            "children": [
                                                                {
                                                                    "operator_name": "PROJECTION",
                                                                    "cpu_time": 13.193504603,
                                                                    "extra_info": {
                                                                        "Projections": [
                                                                            "__internal_compress_integral_uinteger(#0, 1)",
                                                                            "#1",
                                                                            "#2",
                                                                            "#3"
                                                                        ],
                                                                        "Estimated Cardinality": "11997210"
                                                                    },
                                                                    "cumulative_cardinality": 151915066,
                                                                    "operator_type": "PROJECTION",
                                                                    "operator_cardinality": 9126362,
                                                                    "cumulative_rows_scanned": 3704191016,
                                                                    "operator_rows_scanned": 0,
                                                                    "operator_timing": 0.06502292400000001,
                                                                    "result_set_size": 255538136,
                                                                    "children": [
                                                                        {
                                                                            "operator_name": "PROJECTION",
                                                                            "cpu_time": 13.128481678999998,
                                                                            "extra_info": {
                                                                                "Projections": [
                                                                                    "#0",
                                                                                    "#1",
                                                                                    "#2",
                                                                                    "__internal_decompress_integral_bigint(#3, 1)"
                                                                                ],
                                                                                "Estimated Cardinality": "11997210"
                                                                            },
                                                                            "cumulative_cardinality": 142788704,
                                                                            "operator_type": "PROJECTION",
                                                                            "operator_cardinality": 9126362,
                                                                            "cumulative_rows_scanned": 3704191016,
                                                                            "operator_rows_scanned": 0,
                                                                            "operator_timing": 0.036527252999999975,
                                                                            "result_set_size": 292043584,
                                                                            "children": [
                                                                                {
                                                                                    "operator_name": "HASH_JOIN",
                                                                                    "cpu_time": 13.091954426,
                                                                                    "extra_info": {
                                                                                        "Join Type": "INNER",
                                                                                        "Conditions": "l_orderkey = o_orderkey",
                                                                                        "Estimated Cardinality": "11997210"
                                                                                    },
                                                                                    "cumulative_cardinality": 133662342,
                                                                                    "operator_type": "HASH_JOIN",
                                                                                    "operator_cardinality": 9126362,
                                                                                    "cumulative_rows_scanned": 3704191016,
                                                                                    "operator_rows_scanned": 0,
                                                                                    "operator_timing": 2.6659801369999987,
                                                                                    "result_set_size": 255538136,
                                                                                    "children": [
                                                                                        {
                                                                                            "operator_name": "PROJECTION",
                                                                                            "cpu_time": 9.529499516000001,
                                                                                            "extra_info": {
                                                                                                "Projections": [
                                                                                                    "__internal_compress_integral_uinteger(#0, 1)",
                                                                                                    "#1",
                                                                                                    "#2",
                                                                                                    "#3"
                                                                                                ],
                                                                                                "Estimated Cardinality": "59986052"
                                                                                            },
                                                                                            "cumulative_cardinality": 119972104,
                                                                                            "operator_type": "PROJECTION",
                                                                                            "operator_cardinality": 59986052,
                                                                                            "cumulative_rows_scanned": 3479191016,
                                                                                            "operator_rows_scanned": 0,
                                                                                            "operator_timing": 0.130113153,
                                                                                            "result_set_size": 1679609456,
                                                                                            "children": [
                                                                                                {
                                                                                                    "operator_name": "READ_PARQUET ",
                                                                                                    "cpu_time": 9.399386363000001,
                                                                                                    "extra_info": {
                                                                                                        "Function": "READ_PARQUET",
                                                                                                        "Projections": [
                                                                                                            "l_orderkey",
                                                                                                            "l_partkey",
                                                                                                            "l_extendedprice",
                                                                                                            "l_discount"
                                                                                                        ],
                                                                                                        "Estimated Cardinality": "59986052"
                                                                                                    },
                                                                                                    "cumulative_cardinality": 59986052,
                                                                                                    "operator_type": "TABLE_SCAN",
                                                                                                    "operator_cardinality": 59986052,
                                                                                                    "cumulative_rows_scanned": 3479191016,
                                                                                                    "operator_rows_scanned": 3479191016,
                                                                                                    "operator_timing": 9.399386363000001,
                                                                                                    "result_set_size": 1919553664,
                                                                                                    "children": []
                                                                                                }
                                                                                            ]
                                                                                        },
                                                                                        {
                                                                                            "operator_name": "PROJECTION",
                                                                                            "cpu_time": 0.896474773,
                                                                                            "extra_info": {
                                                                                                "Projections": "__internal_compress_integral_uinteger(#0, 1)",
                                                                                                "Estimated Cardinality": "3000000"
                                                                                            },
                                                                                            "cumulative_cardinality": 4563876,
                                                                                            "operator_type": "PROJECTION",
                                                                                            "operator_cardinality": 2281938,
                                                                                            "cumulative_rows_scanned": 225000000,
                                                                                            "operator_rows_scanned": 0,
                                                                                            "operator_timing": 0.009970558999999997,
                                                                                            "result_set_size": 9127752,
                                                                                            "children": [
                                                                                                {
                                                                                                    "operator_name": "READ_PARQUET ",
                                                                                                    "cpu_time": 0.886504214,
                                                                                                    "extra_info": {
                                                                                                        "Function": "READ_PARQUET",
                                                                                                        "Projections": "o_orderkey",
                                                                                                        "Filters": "o_orderdate>='1996-01-01 00:00:00'::TIMESTAMP_NS AND o_orderdate<'1997-01-01 00:00:00'::TIMESTAMP_NS",
                                                                                                        "Estimated Cardinality": "3000000"
                                                                                                    },
                                                                                                    "cumulative_cardinality": 2281938,
                                                                                                    "operator_type": "TABLE_SCAN",
                                                                                                    "operator_cardinality": 2281938,
                                                                                                    "cumulative_rows_scanned": 225000000,
                                                                                                    "operator_rows_scanned": 225000000,
                                                                                                    "operator_timing": 0.886504214,
                                                                                                    "result_set_size": 18255504,
                                                                                                    "children": []
                                                                                                }
                                                                                            ]
                                                                                        }
                                                                                    ]
                                                                                }
                                                                            ]
                                                                        }
                                                                    ]
                                                                },
                                                                {
                                                                    "operator_name": "PROJECTION",
                                                                    "cpu_time": 0.7789147160000001,
                                                                    "extra_info": {
                                                                        "Projections": [
                                                                            "__internal_compress_integral_uinteger(#0, 1)",
                                                                            "#1"
                                                                        ],
                                                                        "Estimated Cardinality": "8000000"
                                                                    },
                                                                    "cumulative_cardinality": 52200055,
                                                                    "operator_type": "PROJECTION",
                                                                    "operator_cardinality": 8000000,
                                                                    "cumulative_rows_scanned": 68100030,
                                                                    "operator_rows_scanned": 0,
                                                                    "operator_timing": 0.004254181999999998,
                                                                    "result_set_size": 160000000,
                                                                    "children": [
                                                                        {
                                                                            "operator_name": "HASH_JOIN",
                                                                            "cpu_time": 0.774660534,
                                                                            "extra_info": {
                                                                                "Join Type": "INNER",
                                                                                "Conditions": "ps_suppkey = s_suppkey",
                                                                                "Estimated Cardinality": "8000000"
                                                                            },
                                                                            "cumulative_cardinality": 44200055,
                                                                            "operator_type": "HASH_JOIN",
                                                                            "operator_cardinality": 8000000,
                                                                            "cumulative_rows_scanned": 68100030,
                                                                            "operator_rows_scanned": 0,
                                                                            "operator_timing": 0.031177886,
                                                                            "result_set_size": 192000000,
                                                                            "children": [
                                                                                {
                                                                                    "operator_name": "PROJECTION",
                                                                                    "cpu_time": 0.7304758499999999,
                                                                                    "extra_info": {
                                                                                        "Projections": [
                                                                                            "#0",
                                                                                            "__internal_decompress_integral_bigint(#1, 1)"
                                                                                        ],
                                                                                        "Estimated Cardinality": "8000000"
                                                                                    },
                                                                                    "cumulative_cardinality": 36000000,
                                                                                    "operator_type": "PROJECTION",
                                                                                    "operator_cardinality": 8000000,
                                                                                    "cumulative_rows_scanned": 68000000,
                                                                                    "operator_rows_scanned": 0,
                                                                                    "operator_timing": 0.004125914000000001,
                                                                                    "result_set_size": 128000000,
                                                                                    "children": [
                                                                                        {
                                                                                            "operator_name": "HASH_JOIN",
                                                                                            "cpu_time": 0.726349936,
                                                                                            "extra_info": {
                                                                                                "Join Type": "INNER",
                                                                                                "Conditions": "ps_partkey = p_partkey",
                                                                                                "Estimated Cardinality": "8000000"
                                                                                            },
                                                                                            "cumulative_cardinality": 28000000,
                                                                                            "operator_type": "HASH_JOIN",
                                                                                            "operator_cardinality": 8000000,
                                                                                            "cumulative_rows_scanned": 68000000,
                                                                                            "operator_rows_scanned": 0,
                                                                                            "operator_timing": 0.41437076000000006,
                                                                                            "result_set_size": 96000000,
                                                                                            "children": [
                                                                                                {
                                                                                                    "operator_name": "PROJECTION",
                                                                                                    "cpu_time": 0.2628630029999999,
                                                                                                    "extra_info": {
                                                                                                        "Projections": [
                                                                                                            "__internal_compress_integral_uinteger(#0, 1)",
                                                                                                            "#1"
                                                                                                        ],
                                                                                                        "Estimated Cardinality": "8000000"
                                                                                                    },
                                                                                                    "cumulative_cardinality": 16000000,
                                                                                                    "operator_type": "PROJECTION",
                                                                                                    "operator_cardinality": 8000000,
                                                                                                    "cumulative_rows_scanned": 64000000,
                                                                                                    "operator_rows_scanned": 0,
                                                                                                    "operator_timing": 0.013152076000000002,
                                                                                                    "result_set_size": 96000000,
                                                                                                    "children": [
                                                                                                        {
                                                                                                            "operator_name": "READ_PARQUET ",
                                                                                                            "cpu_time": 0.2497109269999999,
                                                                                                            "extra_info": {
                                                                                                                "Function": "READ_PARQUET",
                                                                                                                "Projections": [
                                                                                                                    "ps_partkey",
                                                                                                                    "ps_suppkey"
                                                                                                                ],
                                                                                                                "Estimated Cardinality": "8000000"
                                                                                                            },
                                                                                                            "cumulative_cardinality": 8000000,
                                                                                                            "operator_type": "TABLE_SCAN",
                                                                                                            "operator_cardinality": 8000000,
                                                                                                            "cumulative_rows_scanned": 64000000,
                                                                                                            "operator_rows_scanned": 64000000,
                                                                                                            "operator_timing": 0.2497109269999999,
                                                                                                            "result_set_size": 128000000,
                                                                                                            "children": []
                                                                                                        }
                                                                                                    ]
                                                                                                },
                                                                                                {
                                                                                                    "operator_name": "PROJECTION",
                                                                                                    "cpu_time": 0.04911617300000001,
                                                                                                    "extra_info": {
                                                                                                        "Projections": "__internal_compress_integral_uinteger(#0, 1)",
                                                                                                        "Estimated Cardinality": "2000000"
                                                                                                    },
                                                                                                    "cumulative_cardinality": 4000000,
                                                                                                    "operator_type": "PROJECTION",
                                                                                                    "operator_cardinality": 2000000,
                                                                                                    "cumulative_rows_scanned": 4000000,
                                                                                                    "operator_rows_scanned": 0,
                                                                                                    "operator_timing": 0.0012939360000000007,
                                                                                                    "result_set_size": 8000000,
                                                                                                    "children": [
                                                                                                        {
                                                                                                            "operator_name": "READ_PARQUET ",
                                                                                                            "cpu_time": 0.04782223700000001,
                                                                                                            "extra_info": {
                                                                                                                "Function": "READ_PARQUET",
                                                                                                                "Projections": "p_partkey",
                                                                                                                "Estimated Cardinality": "2000000"
                                                                                                            },
                                                                                                            "cumulative_cardinality": 2000000,
                                                                                                            "operator_type": "TABLE_SCAN",
                                                                                                            "operator_cardinality": 2000000,
                                                                                                            "cumulative_rows_scanned": 4000000,
                                                                                                            "operator_rows_scanned": 4000000,
                                                                                                            "operator_timing": 0.04782223700000001,
                                                                                                            "result_set_size": 16000000,
                                                                                                            "children": []
                                                                                                        }
                                                                                                    ]
                                                                                                }
                                                                                            ]
                                                                                        }
                                                                                    ]
                                                                                },
                                                                                {
                                                                                    "operator_name": "HASH_JOIN",
                                                                                    "cpu_time": 0.013006798000000003,
                                                                                    "extra_info": {
                                                                                        "Join Type": "INNER",
                                                                                        "Conditions": "s_nationkey = n_nationkey",
                                                                                        "Estimated Cardinality": "100000"
                                                                                    },
                                                                                    "cumulative_cardinality": 200055,
                                                                                    "operator_type": "HASH_JOIN",
                                                                                    "operator_cardinality": 100000,
                                                                                    "cumulative_rows_scanned": 100030,
                                                                                    "operator_rows_scanned": 0,
                                                                                    "operator_timing": 0.000821282,
                                                                                    "result_set_size": 2400000,
                                                                                    "children": [
                                                                                        {
                                                                                            "operator_name": "READ_PARQUET ",
                                                                                            "cpu_time": 0.008726809000000004,
                                                                                            "extra_info": {
                                                                                                "Function": "READ_PARQUET",
                                                                                                "Projections": [
                                                                                                    "s_suppkey",
                                                                                                    "s_nationkey"
                                                                                                ],
                                                                                                "Estimated Cardinality": "100000"
                                                                                            },
                                                                                            "cumulative_cardinality": 100000,
                                                                                            "operator_type": "TABLE_SCAN",
                                                                                            "operator_cardinality": 100000,
                                                                                            "cumulative_rows_scanned": 100000,
                                                                                            "operator_rows_scanned": 100000,
                                                                                            "operator_timing": 0.008726809000000004,
                                                                                            "result_set_size": 1600000,
                                                                                            "children": []
                                                                                        },
                                                                                        {
                                                                                            "operator_name": "HASH_JOIN",
                                                                                            "cpu_time": 0.0034587069999999992,
                                                                                            "extra_info": {
                                                                                                "Join Type": "INNER",
                                                                                                "Conditions": "n_regionkey = r_regionkey",
                                                                                                "Estimated Cardinality": "25"
                                                                                            },
                                                                                            "cumulative_cardinality": 55,
                                                                                            "operator_type": "HASH_JOIN",
                                                                                            "operator_cardinality": 25,
                                                                                            "cumulative_rows_scanned": 30,
                                                                                            "operator_rows_scanned": 0,
                                                                                            "operator_timing": 0.000129162,
                                                                                            "result_set_size": 600,
                                                                                            "children": [
                                                                                                {
                                                                                                    "operator_name": "READ_PARQUET ",
                                                                                                    "cpu_time": 0.0020547929999999996,
                                                                                                    "extra_info": {
                                                                                                        "Function": "READ_PARQUET",
                                                                                                        "Projections": [
                                                                                                            "n_nationkey",
                                                                                                            "n_regionkey"
                                                                                                        ],
                                                                                                        "Estimated Cardinality": "25"
                                                                                                    },
                                                                                                    "cumulative_cardinality": 25,
                                                                                                    "operator_type": "TABLE_SCAN",
                                                                                                    "operator_cardinality": 25,
                                                                                                    "cumulative_rows_scanned": 25,
                                                                                                    "operator_rows_scanned": 25,
                                                                                                    "operator_timing": 0.0020547929999999996,
                                                                                                    "result_set_size": 400,
                                                                                                    "children": []
                                                                                                },
                                                                                                {
                                                                                                    "operator_name": "READ_PARQUET ",
                                                                                                    "cpu_time": 0.0012747519999999999,
                                                                                                    "extra_info": {
                                                                                                        "Function": "READ_PARQUET",
                                                                                                        "Projections": [
                                                                                                            "r_regionkey",
                                                                                                            "r_name"
                                                                                                        ],
                                                                                                        "Estimated Cardinality": "5"
                                                                                                    },
                                                                                                    "cumulative_cardinality": 5,
                                                                                                    "operator_type": "TABLE_SCAN",
                                                                                                    "operator_cardinality": 5,
                                                                                                    "cumulative_rows_scanned": 5,
                                                                                                    "operator_rows_scanned": 5,
                                                                                                    "operator_timing": 0.0012747519999999999,
                                                                                                    "result_set_size": 120,
                                                                                                    "children": []
                                                                                                }
                                                                                            ]
                                                                                        }
                                                                                    ]
                                                                                }
                                                                            ]
                                                                        }
                                                                    ]
                                                                }
                                                            ]
                                                        }
                                                    ]
                                                }
                                            ]
                                        }
                                    ]
                                }
                            ]
                        },
                        {
                            "operator_name": "UNGROUPED_AGGREGATE",
                            "cpu_time": 25.978609444000003,
                            "extra_info": {
                                "Aggregates": [
                                    "avg(#0)",
                                    "avg(#1)"
                                ]
                            },
                            "cumulative_cardinality": 313631481,
                            "operator_type": "UNGROUPED_AGGREGATE",
                            "operator_cardinality": 1,
                            "cumulative_rows_scanned": 3772291046,
                            "operator_rows_scanned": 0,
                            "operator_timing": 0.000013656999999999998,
                            "result_set_size": 16,
                            "children": [
                                {
                                    "operator_name": "PROJECTION",
                                    "cpu_time": 25.978595787000003,
                                    "extra_info": {
                                        "Projections": [
                                            "TOTAL_SALES",
                                            "ORDER_COUNT"
                                        ],
                                        "Estimated Cardinality": "15000000"
                                    },
                                    "cumulative_cardinality": 313631480,
                                    "operator_type": "PROJECTION",
                                    "operator_cardinality": 5,
                                    "cumulative_rows_scanned": 3772291046,
                                    "operator_rows_scanned": 0,
                                    "operator_timing": 0.000001041,
                                    "result_set_size": 80,
                                    "children": [
                                        {
                                            "operator_name": "PROJECTION",
                                            "cpu_time": 25.978594746000002,
                                            "extra_info": {
                                                "Projections": [
                                                    "TOTAL_SALES",
                                                    "ORDER_COUNT"
                                                ],
                                                "Estimated Cardinality": "15000000"
                                            },
                                            "cumulative_cardinality": 313631475,
                                            "operator_type": "PROJECTION",
                                            "operator_cardinality": 5,
                                            "cumulative_rows_scanned": 3772291046,
                                            "operator_rows_scanned": 0,
                                            "operator_timing": 0.000007183999999999999,
                                            "result_set_size": 80,
                                            "children": [
                                                {
                                                    "operator_name": "HASH_GROUP_BY",
                                                    "cpu_time": 25.978587562,
                                                    "extra_info": {
                                                        "Groups": "#0",
                                                        "Aggregates": [
                                                            "sum(#1)",
                                                            "count(DISTINCT #2)"
                                                        ],
                                                        "Estimated Cardinality": "15000000"
                                                    },
                                                    "cumulative_cardinality": 313631470,
                                                    "operator_type": "HASH_GROUP_BY",
                                                    "operator_cardinality": 5,
                                                    "cumulative_rows_scanned": 3772291046,
                                                    "operator_rows_scanned": 0,
                                                    "operator_timing": 6.387187170999999,
                                                    "result_set_size": 160,
                                                    "children": [
                                                        {
                                                            "operator_name": "PROJECTION",
                                                            "cpu_time": 19.591400391,
                                                            "extra_info": {
                                                                "Projections": [
                                                                    "r_name",
                                                                    "(l_extendedprice * (1.0 - l_discount))",
                                                                    "o_orderkey"
                                                                ],
                                                                "Estimated Cardinality": "47988841"
                                                            },
                                                            "cumulative_cardinality": 313631465,
                                                            "operator_type": "PROJECTION",
                                                            "operator_cardinality": 36505448,
                                                            "cumulative_rows_scanned": 3772291046,
                                                            "operator_rows_scanned": 0,
                                                            "operator_timing": 0.45169573900000004,
                                                            "result_set_size": 1168174336,
                                                            "children": [
                                                                {
                                                                    "operator_name": "PROJECTION",
                                                                    "cpu_time": 19.139704652,
                                                                    "extra_info": {
                                                                        "Projections": [
                                                                            "#2",
                                                                            "#0",
                                                                            "#1",
                                                                            "#3"
                                                                        ],
                                                                        "Estimated Cardinality": "47988841"
                                                                    },
                                                                    "cumulative_cardinality": 277126017,
                                                                    "operator_type": "PROJECTION",
                                                                    "operator_cardinality": 36505448,
                                                                    "cumulative_rows_scanned": 3772291046,
                                                                    "operator_rows_scanned": 0,
                                                                    "operator_timing": 0.012200470000000007,
                                                                    "result_set_size": 1460217920,
                                                                    "children": [
                                                                        {
                                                                            "operator_name": "HASH_JOIN",
                                                                            "cpu_time": 19.127504182,
                                                                            "extra_info": {
                                                                                "Join Type": "INNER",
                                                                                "Conditions": "l_partkey = p_partkey",
                                                                                "Estimated Cardinality": "47988841"
                                                                            },
                                                                            "cumulative_cardinality": 240620569,
                                                                            "operator_type": "HASH_JOIN",
                                                                            "operator_cardinality": 36505448,
                                                                            "cumulative_rows_scanned": 3772291046,
                                                                            "operator_rows_scanned": 0,
                                                                            "operator_timing": 3.493596624999999,
                                                                            "result_set_size": 1460217920,
                                                                            "children": [
                                                                                {
                                                                                    "operator_name": "PROJECTION",
                                                                                    "cpu_time": 14.809386659000001,
                                                                                    "extra_info": {
                                                                                        "Projections": [
                                                                                            "__internal_compress_integral_uinteger(#0, 1)",
                                                                                            "#1",
                                                                                            "#2",
                                                                                            "#3"
                                                                                        ],
                                                                                        "Estimated Cardinality": "11997210"
                                                                                    },
                                                                                    "cumulative_cardinality": 151915066,
                                                                                    "operator_type": "PROJECTION",
                                                                                    "operator_cardinality": 9126362,
                                                                                    "cumulative_rows_scanned": 3704191016,
                                                                                    "operator_rows_scanned": 0,
                                                                                    "operator_timing": 0.06820333900000002,
                                                                                    "result_set_size": 255538136,
                                                                                    "children": [
                                                                                        {
                                                                                            "operator_name": "PROJECTION",
                                                                                            "cpu_time": 14.741183320000001,
                                                                                            "extra_info": {
                                                                                                "Projections": [
                                                                                                    "#0",
                                                                                                    "#1",
                                                                                                    "#2",
                                                                                                    "__internal_decompress_integral_bigint(#3, 1)"
                                                                                                ],
                                                                                                "Estimated Cardinality": "11997210"
                                                                                            },
                                                                                            "cumulative_cardinality": 142788704,
                                                                                            "operator_type": "PROJECTION",
                                                                                            "operator_cardinality": 9126362,
                                                                                            "cumulative_rows_scanned": 3704191016,
                                                                                            "operator_rows_scanned": 0,
                                                                                            "operator_timing": 0.040899802,
                                                                                            "result_set_size": 292043584,
                                                                                            "children": [
                                                                                                {
                                                                                                    "operator_name": "HASH_JOIN",
                                                                                                    "cpu_time": 14.700283518,
                                                                                                    "extra_info": {
                                                                                                        "Join Type": "INNER",
                                                                                                        "Conditions": "l_orderkey = o_orderkey",
                                                                                                        "Estimated Cardinality": "11997210"
                                                                                                    },
                                                                                                    "cumulative_cardinality": 133662342,
                                                                                                    "operator_type": "HASH_JOIN",
                                                                                                    "operator_cardinality": 9126362,
                                                                                                    "cumulative_rows_scanned": 3704191016,
                                                                                                    "operator_rows_scanned": 0,
                                                                                                    "operator_timing": 2.6784626970000005,
                                                                                                    "result_set_size": 255538136,
                                                                                                    "children": [
                                                                                                        {
                                                                                                            "operator_name": "PROJECTION",
                                                                                                            "cpu_time": 11.150115261,
                                                                                                            "extra_info": {
                                                                                                                "Projections": [
                                                                                                                    "__internal_compress_integral_uinteger(#0, 1)",
                                                                                                                    "#1",
                                                                                                                    "#2",
                                                                                                                    "#3"
                                                                                                                ],
                                                                                                                "Estimated Cardinality": "59986052"
                                                                                                            },
                                                                                                            "cumulative_cardinality": 119972104,
                                                                                                            "operator_type": "PROJECTION",
                                                                                                            "operator_cardinality": 59986052,
                                                                                                            "cumulative_rows_scanned": 3479191016,
                                                                                                            "operator_rows_scanned": 0,
                                                                                                            "operator_timing": 0.13404809599999995,
                                                                                                            "result_set_size": 1679609456,
                                                                                                            "children": [
                                                                                                                {
                                                                                                                    "operator_name": "READ_PARQUET ",
                                                                                                                    "cpu_time": 11.016067164999999,
                                                                                                                    "extra_info": {
                                                                                                                        "Function": "READ_PARQUET",
                                                                                                                        "Projections": [
                                                                                                                            "l_orderkey",
                                                                                                                            "l_partkey",
                                                                                                                            "l_extendedprice",
                                                                                                                            "l_discount"
                                                                                                                        ],
                                                                                                                        "Estimated Cardinality": "59986052"
                                                                                                                    },
                                                                                                                    "cumulative_cardinality": 59986052,
                                                                                                                    "operator_type": "TABLE_SCAN",
                                                                                                                    "operator_cardinality": 59986052,
                                                                                                                    "cumulative_rows_scanned": 3479191016,
                                                                                                                    "operator_rows_scanned": 3479191016,
                                                                                                                    "operator_timing": 11.016067164999999,
                                                                                                                    "result_set_size": 1919553664,
                                                                                                                    "children": []
                                                                                                                }
                                                                                                            ]
                                                                                                        },
                                                                                                        {
                                                                                                            "operator_name": "PROJECTION",
                                                                                                            "cpu_time": 0.87170556,
                                                                                                            "extra_info": {
                                                                                                                "Projections": "__internal_compress_integral_uinteger(#0, 1)",
                                                                                                                "Estimated Cardinality": "3000000"
                                                                                                            },
                                                                                                            "cumulative_cardinality": 4563876,
                                                                                                            "operator_type": "PROJECTION",
                                                                                                            "operator_cardinality": 2281938,
                                                                                                            "cumulative_rows_scanned": 225000000,
                                                                                                            "operator_rows_scanned": 0,
                                                                                                            "operator_timing": 0.009045726999999998,
                                                                                                            "result_set_size": 9127752,
                                                                                                            "children": [
                                                                                                                {
                                                                                                                    "operator_name": "READ_PARQUET ",
                                                                                                                    "cpu_time": 0.862659833,
                                                                                                                    "extra_info": {
                                                                                                                        "Function": "READ_PARQUET",
                                                                                                                        "Projections": "o_orderkey",
                                                                                                                        "Filters": "o_orderdate>='1996-01-01 00:00:00'::TIMESTAMP_NS AND o_orderdate<'1997-01-01 00:00:00'::TIMESTAMP_NS",
                                                                                                                        "Estimated Cardinality": "3000000"
                                                                                                                    },
                                                                                                                    "cumulative_cardinality": 2281938,
                                                                                                                    "operator_type": "TABLE_SCAN",
                                                                                                                    "operator_cardinality": 2281938,
                                                                                                                    "cumulative_rows_scanned": 225000000,
                                                                                                                    "operator_rows_scanned": 225000000,
                                                                                                                    "operator_timing": 0.862659833,
                                                                                                                    "result_set_size": 18255504,
                                                                                                                    "children": []
                                                                                                                }
                                                                                                            ]
                                                                                                        }
                                                                                                    ]
                                                                                                }
                                                                                            ]
                                                                                        }
                                                                                    ]
                                                                                },
                                                                                {
                                                                                    "operator_name": "PROJECTION",
                                                                                    "cpu_time": 0.8245208980000006,
                                                                                    "extra_info": {
                                                                                        "Projections": [
                                                                                            "__internal_compress_integral_uinteger(#0, 1)",
                                                                                            "#1"
                                                                                        ],
                                                                                        "Estimated Cardinality": "8000000"
                                                                                    },
                                                                                    "cumulative_cardinality": 52200055,
                                                                                    "operator_type": "PROJECTION",
                                                                                    "operator_cardinality": 8000000,
                                                                                    "cumulative_rows_scanned": 68100030,
                                                                                    "operator_rows_scanned": 0,
                                                                                    "operator_timing": 0.004427347999999998,
                                                                                    "result_set_size": 160000000,
                                                                                    "children": [
                                                                                        {
                                                                                            "operator_name": "HASH_JOIN",
                                                                                            "cpu_time": 0.8200935500000006,
                                                                                            "extra_info": {
                                                                                                "Join Type": "INNER",
                                                                                                "Conditions": "ps_suppkey = s_suppkey",
                                                                                                "Estimated Cardinality": "8000000"
                                                                                            },
                                                                                            "cumulative_cardinality": 44200055,
                                                                                            "operator_type": "HASH_JOIN",
                                                                                            "operator_cardinality": 8000000,
                                                                                            "cumulative_rows_scanned": 68100030,
                                                                                            "operator_rows_scanned": 0,
                                                                                            "operator_timing": 0.030362745000000007,
                                                                                            "result_set_size": 192000000,
                                                                                            "children": [
                                                                                                {
                                                                                                    "operator_name": "PROJECTION",
                                                                                                    "cpu_time": 0.7795262800000006,
                                                                                                    "extra_info": {
                                                                                                        "Projections": [
                                                                                                            "#0",
                                                                                                            "__internal_decompress_integral_bigint(#1, 1)"
                                                                                                        ],
                                                                                                        "Estimated Cardinality": "8000000"
                                                                                                    },
                                                                                                    "cumulative_cardinality": 36000000,
                                                                                                    "operator_type": "PROJECTION",
                                                                                                    "operator_cardinality": 8000000,
                                                                                                    "cumulative_rows_scanned": 68000000,
                                                                                                    "operator_rows_scanned": 0,
                                                                                                    "operator_timing": 0.0045835489999999975,
                                                                                                    "result_set_size": 128000000,
                                                                                                    "children": [
                                                                                                        {
                                                                                                            "operator_name": "HASH_JOIN",
                                                                                                            "cpu_time": 0.7749427310000006,
                                                                                                            "extra_info": {
                                                                                                                "Join Type": "INNER",
                                                                                                                "Conditions": "ps_partkey = p_partkey",
                                                                                                                "Estimated Cardinality": "8000000"
                                                                                                            },
                                                                                                            "cumulative_cardinality": 28000000,
                                                                                                            "operator_type": "HASH_JOIN",
                                                                                                            "operator_cardinality": 8000000,
                                                                                                            "cumulative_rows_scanned": 68000000,
                                                                                                            "operator_rows_scanned": 0,
                                                                                                            "operator_timing": 0.44627978200000035,
                                                                                                            "result_set_size": 96000000,
                                                                                                            "children": [
                                                                                                                {
                                                                                                                    "operator_name": "PROJECTION",
                                                                                                                    "cpu_time": 0.2745119920000001,
                                                                                                                    "extra_info": {
                                                                                                                        "Projections": [
                                                                                                                            "__internal_compress_integral_uinteger(#0, 1)",
                                                                                                                            "#1"
                                                                                                                        ],
                                                                                                                        "Estimated Cardinality": "8000000"
                                                                                                                    },
                                                                                                                    "cumulative_cardinality": 16000000,
                                                                                                                    "operator_type": "PROJECTION",
                                                                                                                    "operator_cardinality": 8000000,
                                                                                                                    "cumulative_rows_scanned": 64000000,
                                                                                                                    "operator_rows_scanned": 0,
                                                                                                                    "operator_timing": 0.014456562000000001,
                                                                                                                    "result_set_size": 96000000,
                                                                                                                    "children": [
                                                                                                                        {
                                                                                                                            "operator_name": "READ_PARQUET ",
                                                                                                                            "cpu_time": 0.2600554300000001,
                                                                                                                            "extra_info": {
                                                                                                                                "Function": "READ_PARQUET",
                                                                                                                                "Projections": [
                                                                                                                                    "ps_partkey",
                                                                                                                                    "ps_suppkey"
                                                                                                                                ],
                                                                                                                                "Estimated Cardinality": "8000000"
                                                                                                                            },
                                                                                                                            "cumulative_cardinality": 8000000,
                                                                                                                            "operator_type": "TABLE_SCAN",
                                                                                                                            "operator_cardinality": 8000000,
                                                                                                                            "cumulative_rows_scanned": 64000000,
                                                                                                                            "operator_rows_scanned": 64000000,
                                                                                                                            "operator_timing": 0.2600554300000001,
                                                                                                                            "result_set_size": 128000000,
                                                                                                                            "children": []
                                                                                                                        }
                                                                                                                    ]
                                                                                                                },
                                                                                                                {
                                                                                                                    "operator_name": "PROJECTION",
                                                                                                                    "cpu_time": 0.054150957000000007,
                                                                                                                    "extra_info": {
                                                                                                                        "Projections": "__internal_compress_integral_uinteger(#0, 1)",
                                                                                                                        "Estimated Cardinality": "2000000"
                                                                                                                    },
                                                                                                                    "cumulative_cardinality": 4000000,
                                                                                                                    "operator_type": "PROJECTION",
                                                                                                                    "operator_cardinality": 2000000,
                                                                                                                    "cumulative_rows_scanned": 4000000,
                                                                                                                    "operator_rows_scanned": 0,
                                                                                                                    "operator_timing": 0.001445966000000002,
                                                                                                                    "result_set_size": 8000000,
                                                                                                                    "children": [
                                                                                                                        {
                                                                                                                            "operator_name": "READ_PARQUET ",
                                                                                                                            "cpu_time": 0.05270499100000001,
                                                                                                                            "extra_info": {
                                                                                                                                "Function": "READ_PARQUET",
                                                                                                                                "Projections": "p_partkey",
                                                                                                                                "Estimated Cardinality": "2000000"
                                                                                                                            },
                                                                                                                            "cumulative_cardinality": 2000000,
                                                                                                                            "operator_type": "TABLE_SCAN",
                                                                                                                            "operator_cardinality": 2000000,
                                                                                                                            "cumulative_rows_scanned": 4000000,
                                                                                                                            "operator_rows_scanned": 4000000,
                                                                                                                            "operator_timing": 0.05270499100000001,
                                                                                                                            "result_set_size": 16000000,
                                                                                                                            "children": []
                                                                                                                        }
                                                                                                                    ]
                                                                                                                }
                                                                                                            ]
                                                                                                        }
                                                                                                    ]
                                                                                                },
                                                                                                {
                                                                                                    "operator_name": "HASH_JOIN",
                                                                                                    "cpu_time": 0.010204525,
                                                                                                    "extra_info": {
                                                                                                        "Join Type": "INNER",
                                                                                                        "Conditions": "s_nationkey = n_nationkey",
                                                                                                        "Estimated Cardinality": "100000"
                                                                                                    },
                                                                                                    "cumulative_cardinality": 200055,
                                                                                                    "operator_type": "HASH_JOIN",
                                                                                                    "operator_cardinality": 100000,
                                                                                                    "cumulative_rows_scanned": 100030,
                                                                                                    "operator_rows_scanned": 0,
                                                                                                    "operator_timing": 0.0005235780000000001,
                                                                                                    "result_set_size": 2400000,
                                                                                                    "children": [
                                                                                                        {
                                                                                                            "operator_name": "READ_PARQUET ",
                                                                                                            "cpu_time": 0.006389234000000001,
                                                                                                            "extra_info": {
                                                                                                                "Function": "READ_PARQUET",
                                                                                                                "Projections": [
                                                                                                                    "s_suppkey",
                                                                                                                    "s_nationkey"
                                                                                                                ],
                                                                                                                "Estimated Cardinality": "100000"
                                                                                                            },
                                                                                                            "cumulative_cardinality": 100000,
                                                                                                            "operator_type": "TABLE_SCAN",
                                                                                                            "operator_cardinality": 100000,
                                                                                                            "cumulative_rows_scanned": 100000,
                                                                                                            "operator_rows_scanned": 100000,
                                                                                                            "operator_timing": 0.006389234000000001,
                                                                                                            "result_set_size": 1600000,
                                                                                                            "children": []
                                                                                                        },
                                                                                                        {
                                                                                                            "operator_name": "HASH_JOIN",
                                                                                                            "cpu_time": 0.003291713,
                                                                                                            "extra_info": {
                                                                                                                "Join Type": "INNER",
                                                                                                                "Conditions": "n_regionkey = r_regionkey",
                                                                                                                "Estimated Cardinality": "25"
                                                                                                            },
                                                                                                            "cumulative_cardinality": 55,
                                                                                                            "operator_type": "HASH_JOIN",
                                                                                                            "operator_cardinality": 25,
                                                                                                            "cumulative_rows_scanned": 30,
                                                                                                            "operator_rows_scanned": 0,
                                                                                                            "operator_timing": 0.000116237,
                                                                                                            "result_set_size": 600,
                                                                                                            "children": [
                                                                                                                {
                                                                                                                    "operator_name": "READ_PARQUET ",
                                                                                                                    "cpu_time": 0.001871789,
                                                                                                                    "extra_info": {
                                                                                                                        "Function": "READ_PARQUET",
                                                                                                                        "Projections": [
                                                                                                                            "n_nationkey",
                                                                                                                            "n_regionkey"
                                                                                                                        ],
                                                                                                                        "Estimated Cardinality": "25"
                                                                                                                    },
                                                                                                                    "cumulative_cardinality": 25,
                                                                                                                    "operator_type": "TABLE_SCAN",
                                                                                                                    "operator_cardinality": 25,
                                                                                                                    "cumulative_rows_scanned": 25,
                                                                                                                    "operator_rows_scanned": 25,
                                                                                                                    "operator_timing": 0.001871789,
                                                                                                                    "result_set_size": 400,
                                                                                                                    "children": []
                                                                                                                },
                                                                                                                {
                                                                                                                    "operator_name": "READ_PARQUET ",
                                                                                                                    "cpu_time": 0.001303687,
                                                                                                                    "extra_info": {
                                                                                                                        "Function": "READ_PARQUET",
                                                                                                                        "Projections": [
                                                                                                                            "r_regionkey",
                                                                                                                            "r_name"
                                                                                                                        ],
                                                                                                                        "Estimated Cardinality": "5"
                                                                                                                    },
                                                                                                                    "cumulative_cardinality": 5,
                                                                                                                    "operator_type": "TABLE_SCAN",
                                                                                                                    "operator_cardinality": 5,
                                                                                                                    "cumulative_rows_scanned": 5,
                                                                                                                    "operator_rows_scanned": 5,
                                                                                                                    "operator_timing": 0.001303687,
                                                                                                                    "result_set_size": 120,
                                                                                                                    "children": []
                                                                                                                }
                                                                                                            ]
                                                                                                        }
                                                                                                    ]
                                                                                                }
                                                                                            ]
                                                                                        }
                                                                                    ]
                                                                                }
                                                                            ]
                                                                        }
                                                                    ]
                                                                }
                                                            ]
                                                        }
                                                    ]
                                                }
                                            ]
                                        }
                                    ]
                                }
                            ]
                        }
                    ]
                }
            ]
        }
    ]
}