{
    "rows_returned": 0,
    "query_name": "SELECT \n    t.title AS movie_title,\n    a.name AS actor_name,\n    p.info AS person_info,\n    c.kind AS cast_type,\n    k.keyword AS movie_keyword\nFROM \n    title t\nJOIN \n    movie_info mi ON t.id = mi.movie_id\nJOIN \n    movie_keyword mk ON t.id = mk.movie_id\nJOIN \n    keyword k ON mk.keyword_id = k.id\nJOIN \n    complete_cast cc ON t.id = cc.movie_id\nJOIN \n    cast_info ci ON cc.subject_id = ci.id\nJOIN \n    aka_name a ON ci.person_id = a.person_id\nJOIN \n    person_info p ON a.person_id = p.person_id\nJOIN \n    comp_cast_type c ON ci.role_id = c.id\nWHERE \n    t.production_year >= 2000\nORDER BY \n    t.production_year DESC, \n    a.name",
    "blocked_thread_time": 0.0,
    "cpu_time": 98.856513093,
    "extra_info": {},
    "cumulative_cardinality": 510758070,
    "cumulative_rows_scanned": 1531354021,
    "result_set_size": 0,
    "latency": 5.557308563,
    "children": [
        {
            "operator_name": "ORDER_BY",
            "cpu_time": 98.856513093,
            "extra_info": {
                "Order By": [
                    "#5 DESC",
                    "a.\"name\" ASC"
                ]
            },
            "cumulative_cardinality": 510758070,
            "operator_type": "ORDER_BY",
            "operator_cardinality": 0,
            "cumulative_rows_scanned": 1531354021,
            "operator_rows_scanned": 0,
            "operator_timing": 0.000003616,
            "result_set_size": 0,
            "children": [
                {
                    "operator_name": "PROJECTION",
                    "cpu_time": 98.856509477,
                    "extra_info": {
                        "Projections": [
                            "#0",
                            "#1",
                            "#2",
                            "#3",
                            "#4",
                            "__internal_compress_integral_utinyint(#5, 2000)"
                        ],
                        "Estimated Cardinality": "1640714115584"
                    },
                    "cumulative_cardinality": 510758070,
                    "operator_type": "PROJECTION",
                    "operator_cardinality": 0,
                    "cumulative_rows_scanned": 1531354021,
                    "operator_rows_scanned": 0,
                    "operator_timing": 0.0,
                    "result_set_size": 0,
                    "children": [
                        {
                            "operator_name": "PROJECTION",
                            "cpu_time": 98.856509477,
                            "extra_info": {
                                "Projections": [
                                    "movie_title",
                                    "actor_name",
                                    "person_info",
                                    "cast_type",
                                    "movie_keyword",
                                    "production_year"
                                ],
                                "Estimated Cardinality": "1640714115584"
                            },
                            "cumulative_cardinality": 510758070,
                            "operator_type": "PROJECTION",
                            "operator_cardinality": 0,
                            "cumulative_rows_scanned": 1531354021,
                            "operator_rows_scanned": 0,
                            "operator_timing": 0.0,
                            "result_set_size": 0,
                            "children": [
                                {
                                    "operator_name": "HASH_JOIN",
                                    "cpu_time": 98.856509477,
                                    "extra_info": {
                                        "Join Type": "INNER",
                                        "Conditions": "id = movie_id",
                                        "Estimated Cardinality": "1640714115584"
                                    },
                                    "cumulative_cardinality": 510758070,
                                    "operator_type": "HASH_JOIN",
                                    "operator_cardinality": 0,
                                    "cumulative_rows_scanned": 1531354021,
                                    "operator_rows_scanned": 0,
                                    "operator_timing": 87.238694054,
                                    "result_set_size": 0,
                                    "children": [
                                        {
                                            "operator_name": "FILTER",
                                            "cpu_time": 4.739868430000001,
                                            "extra_info": {
                                                "Expression": "(id <= 2525971)",
                                                "Estimated Cardinality": "446096785"
                                            },
                                            "cumulative_cardinality": 15905414,
                                            "operator_type": "FILTER",
                                            "operator_cardinality": 0,
                                            "cumulative_rows_scanned": 1286064401,
                                            "operator_rows_scanned": 0,
                                            "operator_timing": 0.000004661999999999999,
                                            "result_set_size": 0,
                                            "children": [
                                                {
                                                    "operator_name": "HASH_JOIN",
                                                    "cpu_time": 4.739863768000001,
                                                    "extra_info": {
                                                        "Join Type": "INNER",
                                                        "Conditions": "id = subject_id",
                                                        "Estimated Cardinality": "446096785"
                                                    },
                                                    "cumulative_cardinality": 15905414,
                                                    "operator_type": "HASH_JOIN",
                                                    "operator_cardinality": 0,
                                                    "cumulative_rows_scanned": 1286064401,
                                                    "operator_rows_scanned": 0,
                                                    "operator_timing": 0.0037160990000000014,
                                                    "result_set_size": 0,
                                                    "children": [
                                                        {
                                                            "operator_name": "FILTER",
                                                            "cpu_time": 4.166309098000001,
                                                            "extra_info": {
                                                                "Expression": "(id <= 2)",
                                                                "Estimated Cardinality": "119173341"
                                                            },
                                                            "cumulative_cardinality": 12861047,
                                                            "operator_type": "FILTER",
                                                            "operator_cardinality": 0,
                                                            "cumulative_rows_scanned": 1278344379,
                                                            "operator_rows_scanned": 0,
                                                            "operator_timing": 0.0000035179999999999988,
                                                            "result_set_size": 0,
                                                            "children": [
                                                                {
                                                                    "operator_name": "HASH_JOIN",
                                                                    "cpu_time": 4.166305580000001,
                                                                    "extra_info": {
                                                                        "Join Type": "INNER",
                                                                        "Conditions": "person_id = person_id",
                                                                        "Estimated Cardinality": "119173341"
                                                                    },
                                                                    "cumulative_cardinality": 12861047,
                                                                    "operator_type": "HASH_JOIN",
                                                                    "operator_cardinality": 0,
                                                                    "cumulative_rows_scanned": 1278344379,
                                                                    "operator_rows_scanned": 0,
                                                                    "operator_timing": 2.0464918320000005,
                                                                    "result_set_size": 0,
                                                                    "children": [
                                                                        {
                                                                            "operator_name": "FILTER",
                                                                            "cpu_time": 0.06828721599999998,
                                                                            "extra_info": {
                                                                                "Expression": "(person_id >= 4)",
                                                                                "Estimated Cardinality": "36244344"
                                                                            },
                                                                            "cumulative_cardinality": 4,
                                                                            "operator_type": "FILTER",
                                                                            "operator_cardinality": 0,
                                                                            "cumulative_rows_scanned": 1268552044,
                                                                            "operator_rows_scanned": 0,
                                                                            "operator_timing": 0.000004706,
                                                                            "result_set_size": 0,
                                                                            "children": [
                                                                                {
                                                                                    "operator_name": "HASH_JOIN",
                                                                                    "cpu_time": 0.06828250999999999,
                                                                                    "extra_info": {
                                                                                        "Join Type": "INNER",
                                                                                        "Conditions": "role_id = id",
                                                                                        "Estimated Cardinality": "36244344"
                                                                                    },
                                                                                    "cumulative_cardinality": 4,
                                                                                    "operator_type": "HASH_JOIN",
                                                                                    "operator_cardinality": 0,
                                                                                    "cumulative_rows_scanned": 1268552044,
                                                                                    "operator_rows_scanned": 0,
                                                                                    "operator_timing": 0.00020152200000000004,
                                                                                    "result_set_size": 0,
                                                                                    "children": [
                                                                                        {
                                                                                            "operator_name": "READ_PARQUET ",
                                                                                            "cpu_time": 0.067366101,
                                                                                            "extra_info": {
                                                                                                "Function": "READ_PARQUET",
                                                                                                "Projections": [
                                                                                                    "id",
                                                                                                    "person_id",
                                                                                                    "role_id"
                                                                                                ],
                                                                                                "Filters": "role_id<=4",
                                                                                                "Estimated Cardinality": "36244344"
                                                                                            },
                                                                                            "cumulative_cardinality": 0,
                                                                                            "operator_type": "TABLE_SCAN",
                                                                                            "operator_cardinality": 0,
                                                                                            "cumulative_rows_scanned": 1268552040,
                                                                                            "operator_rows_scanned": 1268552040,
                                                                                            "operator_timing": 0.067366101,
                                                                                            "result_set_size": 0,
                                                                                            "children": []
                                                                                        },
                                                                                        {
                                                                                            "operator_name": "READ_PARQUET ",
                                                                                            "cpu_time": 0.000714887,
                                                                                            "extra_info": {
                                                                                                "Function": "READ_PARQUET",
                                                                                                "Projections": [
                                                                                                    "id",
                                                                                                    "kind"
                                                                                                ],
                                                                                                "Estimated Cardinality": "4"
                                                                                            },
                                                                                            "cumulative_cardinality": 4,
                                                                                            "operator_type": "TABLE_SCAN",
                                                                                            "operator_cardinality": 4,
                                                                                            "cumulative_rows_scanned": 4,
                                                                                            "operator_rows_scanned": 4,
                                                                                            "operator_timing": 0.000714887,
                                                                                            "result_set_size": 96,
                                                                                            "children": []
                                                                                        }
                                                                                    ]
                                                                                }
                                                                            ]
                                                                        },
                                                                        {
                                                                            "operator_name": "FILTER",
                                                                            "cpu_time": 2.0515265320000005,
                                                                            "extra_info": {
                                                                                "Expression": "(person_id <= 4061926)",
                                                                                "Estimated Cardinality": "2963664"
                                                                            },
                                                                            "cumulative_cardinality": 12861043,
                                                                            "operator_type": "FILTER",
                                                                            "operator_cardinality": 4459897,
                                                                            "cumulative_rows_scanned": 9792335,
                                                                            "operator_rows_scanned": 0,
                                                                            "operator_timing": 0.015253539,
                                                                            "result_set_size": 178395880,
                                                                            "children": [
                                                                                {
                                                                                    "operator_name": "HASH_JOIN",
                                                                                    "cpu_time": 2.0362729930000003,
                                                                                    "extra_info": {
                                                                                        "Join Type": "INNER",
                                                                                        "Conditions": "person_id = person_id",
                                                                                        "Estimated Cardinality": "2963664"
                                                                                    },
                                                                                    "cumulative_cardinality": 8401146,
                                                                                    "operator_type": "HASH_JOIN",
                                                                                    "operator_cardinality": 4536141,
                                                                                    "cumulative_rows_scanned": 9792335,
                                                                                    "operator_rows_scanned": 0,
                                                                                    "operator_timing": 0.3550214780000001,
                                                                                    "result_set_size": 181445640,
                                                                                    "children": [
                                                                                        {
                                                                                            "operator_name": "READ_PARQUET ",
                                                                                            "cpu_time": 1.5604561000000001,
                                                                                            "extra_info": {
                                                                                                "Function": "READ_PARQUET",
                                                                                                "Projections": [
                                                                                                    "person_id",
                                                                                                    "info"
                                                                                                ],
                                                                                                "Filters": "person_id<=4167489",
                                                                                                "Estimated Cardinality": "2963664"
                                                                                            },
                                                                                            "cumulative_cardinality": 2963662,
                                                                                            "operator_type": "TABLE_SCAN",
                                                                                            "operator_cardinality": 2963662,
                                                                                            "cumulative_rows_scanned": 8890992,
                                                                                            "operator_rows_scanned": 8890992,
                                                                                            "operator_timing": 1.5604561000000001,
                                                                                            "result_set_size": 71127888,
                                                                                            "children": []
                                                                                        },
                                                                                        {
                                                                                            "operator_name": "READ_PARQUET ",
                                                                                            "cpu_time": 0.12079541500000002,
                                                                                            "extra_info": {
                                                                                                "Function": "READ_PARQUET",
                                                                                                "Projections": [
                                                                                                    "person_id",
                                                                                                    "name"
                                                                                                ],
                                                                                                "Estimated Cardinality": "901343"
                                                                                            },
                                                                                            "cumulative_cardinality": 901343,
                                                                                            "operator_type": "TABLE_SCAN",
                                                                                            "operator_cardinality": 901343,
                                                                                            "cumulative_rows_scanned": 901343,
                                                                                            "operator_rows_scanned": 901343,
                                                                                            "operator_timing": 0.12079541500000002,
                                                                                            "result_set_size": 21632232,
                                                                                            "children": []
                                                                                        }
                                                                                    ]
                                                                                }
                                                                            ]
                                                                        }
                                                                    ]
                                                                }
                                                            ]
                                                        },
                                                        {
                                                            "operator_name": "HASH_JOIN",
                                                            "cpu_time": 0.5698385709999996,
                                                            "extra_info": {
                                                                "Join Type": "INNER",
                                                                "Conditions": "id = movie_id",
                                                                "Estimated Cardinality": "505662"
                                                            },
                                                            "cumulative_cardinality": 3044367,
                                                            "operator_type": "HASH_JOIN",
                                                            "operator_cardinality": 40855,
                                                            "cumulative_rows_scanned": 7720022,
                                                            "operator_rows_scanned": 0,
                                                            "operator_timing": 0.048324171999999894,
                                                            "result_set_size": 1634200,
                                                            "children": [
                                                                {
                                                                    "operator_name": "FILTER",
                                                                    "cpu_time": 0.5169461659999997,
                                                                    "extra_info": {
                                                                        "Expression": "(id >= 285)",
                                                                        "Estimated Cardinality": "505662"
                                                                    },
                                                                    "cumulative_cardinality": 2868426,
                                                                    "operator_type": "FILTER",
                                                                    "operator_cardinality": 1434213,
                                                                    "cumulative_rows_scanned": 7584936,
                                                                    "operator_rows_scanned": 0,
                                                                    "operator_timing": 0.004342775000000002,
                                                                    "result_set_size": 45894816,
                                                                    "children": [
                                                                        {
                                                                            "operator_name": "READ_PARQUET ",
                                                                            "cpu_time": 0.5126033909999996,
                                                                            "extra_info": {
                                                                                "Function": "READ_PARQUET",
                                                                                "Projections": [
                                                                                    "id",
                                                                                    "title",
                                                                                    "production_year"
                                                                                ],
                                                                                "Filters": "production_year>=2000",
                                                                                "Estimated Cardinality": "505662"
                                                                            },
                                                                            "cumulative_cardinality": 1434213,
                                                                            "operator_type": "TABLE_SCAN",
                                                                            "operator_cardinality": 1434213,
                                                                            "cumulative_rows_scanned": 7584936,
                                                                            "operator_rows_scanned": 7584936,
                                                                            "operator_timing": 0.5126033909999996,
                                                                            "result_set_size": 45894816,
                                                                            "children": []
                                                                        }
                                                                    ]
                                                                },
                                                                {
                                                                    "operator_name": "READ_PARQUET ",
                                                                    "cpu_time": 0.004568232999999998,
                                                                    "extra_info": {
                                                                        "Function": "READ_PARQUET",
                                                                        "Projections": [
                                                                            "movie_id",
                                                                            "subject_id"
                                                                        ],
                                                                        "Estimated Cardinality": "135086"
                                                                    },
                                                                    "cumulative_cardinality": 135086,
                                                                    "operator_type": "TABLE_SCAN",
                                                                    "operator_cardinality": 135086,
                                                                    "cumulative_rows_scanned": 135086,
                                                                    "operator_rows_scanned": 135086,
                                                                    "operator_timing": 0.004568232999999998,
                                                                    "result_set_size": 2161376,
                                                                    "children": []
                                                                }
                                                            ]
                                                        }
                                                    ]
                                                }
                                            ]
                                        },
                                        {
                                            "operator_name": "FILTER",
                                            "cpu_time": 6.877946992999996,
                                            "extra_info": {
                                                "Expression": "(movie_id >= 285)",
                                                "Estimated Cardinality": "496837264"
                                            },
                                            "cumulative_cardinality": 494852656,
                                            "operator_type": "FILTER",
                                            "operator_cardinality": 235415211,
                                            "cumulative_rows_scanned": 245289620,
                                            "operator_rows_scanned": 0,
                                            "operator_timing": 0.6284852979999943,
                                            "result_set_size": 5649965064,
                                            "children": [
                                                {
                                                    "operator_name": "HASH_JOIN",
                                                    "cpu_time": 6.249461695000002,
                                                    "extra_info": {
                                                        "Join Type": "INNER",
                                                        "Conditions": "movie_id = movie_id",
                                                        "Estimated Cardinality": "496837264"
                                                    },
                                                    "cumulative_cardinality": 259437445,
                                                    "operator_type": "HASH_JOIN",
                                                    "operator_cardinality": 235420417,
                                                    "cumulative_rows_scanned": 245289620,
                                                    "operator_rows_scanned": 0,
                                                    "operator_timing": 4.633987313000001,
                                                    "result_set_size": 5650090008,
                                                    "children": [
                                                        {
                                                            "operator_name": "READ_PARQUET ",
                                                            "cpu_time": 1.3619999600000006,
                                                            "extra_info": {
                                                                "Function": "READ_PARQUET",
                                                                "Projections": "movie_id",
                                                                "Filters": "movie_id>=2 AND movie_id<=2525971",
                                                                "Estimated Cardinality": "14835720"
                                                            },
                                                            "cumulative_cardinality": 14834998,
                                                            "operator_type": "TABLE_SCAN",
                                                            "operator_cardinality": 14834998,
                                                            "cumulative_rows_scanned": 222535800,
                                                            "operator_rows_scanned": 222535800,
                                                            "operator_timing": 1.3619999600000006,
                                                            "result_set_size": 118679984,
                                                            "children": []
                                                        },
                                                        {
                                                            "operator_name": "HASH_JOIN",
                                                            "cpu_time": 0.2534744220000001,
                                                            "extra_info": {
                                                                "Join Type": "INNER",
                                                                "Conditions": "keyword_id = id",
                                                                "Estimated Cardinality": "4523930"
                                                            },
                                                            "cumulative_cardinality": 9182030,
                                                            "operator_type": "HASH_JOIN",
                                                            "operator_cardinality": 4523930,
                                                            "cumulative_rows_scanned": 22753820,
                                                            "operator_rows_scanned": 0,
                                                            "operator_timing": 0.028123490000000004,
                                                            "result_set_size": 108574320,
                                                            "children": [
                                                                {
                                                                    "operator_name": "READ_PARQUET ",
                                                                    "cpu_time": 0.20525789100000008,
                                                                    "extra_info": {
                                                                        "Function": "READ_PARQUET",
                                                                        "Projections": [
                                                                            "movie_id",
                                                                            "keyword_id"
                                                                        ],
                                                                        "Estimated Cardinality": "4523930"
                                                                    },
                                                                    "cumulative_cardinality": 4523930,
                                                                    "operator_type": "TABLE_SCAN",
                                                                    "operator_cardinality": 4523930,
                                                                    "cumulative_rows_scanned": 22619650,
                                                                    "operator_rows_scanned": 22619650,
                                                                    "operator_timing": 0.20525789100000008,
                                                                    "result_set_size": 72382880,
                                                                    "children": []
                                                                },
                                                                {
                                                                    "operator_name": "READ_PARQUET ",
                                                                    "cpu_time": 0.020093040999999992,
                                                                    "extra_info": {
                                                                        "Function": "READ_PARQUET",
                                                                        "Projections": [
                                                                            "id",
                                                                            "keyword"
                                                                        ],
                                                                        "Estimated Cardinality": "134170"
                                                                    },
                                                                    "cumulative_cardinality": 134170,
                                                                    "operator_type": "TABLE_SCAN",
                                                                    "operator_cardinality": 134170,
                                                                    "cumulative_rows_scanned": 134170,
                                                                    "operator_rows_scanned": 134170,
                                                                    "operator_timing": 0.020093040999999992,
                                                                    "result_set_size": 3220080,
                                                                    "children": []
                                                                }
                                                            ]
                                                        }
                                                    ]
                                                }
                                            ]
                                        }
                                    ]
                                }
                            ]
                        }
                    ]
                }
            ]
        }
    ]
}