{
    "rows_returned": 10,
    "query_name": "SELECT \n    p.p_brand, \n    p.p_name, \n    SUM(ps.ps_supplycost * ps.ps_availqty) AS total_cost, \n    COUNT(DISTINCT l.l_orderkey) AS order_count \nFROM \n    part p \nJOIN \n    partsupp ps ON p.p_partkey = ps.ps_partkey \nJOIN \n    lineitem l ON ps.ps_suppkey = l.l_suppkey \nWHERE \n    p.p_size = 15 \nGROUP BY \n    p.p_brand, p.p_name \nORDER BY \n    total_cost DESC \nLIMIT 10",
    "blocked_thread_time": 0.0,
    "cpu_time": 150.36987695699995,
    "extra_info": {},
    "cumulative_cardinality": 413240319,
    "cumulative_rows_scanned": 3547191016,
    "result_set_size": 480,
    "latency": 4.762413749,
    "children": [
        {
            "operator_name": "LIMIT",
            "cpu_time": 150.36987695699995,
            "extra_info": {},
            "cumulative_cardinality": 413240319,
            "operator_type": "LIMIT",
            "operator_cardinality": 10,
            "cumulative_rows_scanned": 3547191016,
            "operator_rows_scanned": 0,
            "operator_timing": 0.0038117319999999995,
            "result_set_size": 480,
            "children": [
                {
                    "operator_name": "ORDER_BY",
                    "cpu_time": 150.36606522499994,
                    "extra_info": {
                        "Order By": "sum((ps.ps_supplycost * ps.ps_availqty)) DESC"
                    },
                    "cumulative_cardinality": 413240309,
                    "operator_type": "ORDER_BY",
                    "operator_cardinality": 39575,
                    "cumulative_rows_scanned": 3547191016,
                    "operator_rows_scanned": 0,
                    "operator_timing": 18.140540334999987,
                    "result_set_size": 1899600,
                    "children": [
                        {
                            "operator_name": "HASH_GROUP_BY",
                            "cpu_time": 132.22552488999995,
                            "extra_info": {
                                "Groups": [
                                    "#0",
                                    "#1"
                                ],
                                "Aggregates": [
                                    "sum(#2)",
                                    "count(DISTINCT #3)"
                                ],
                                "Estimated Cardinality": "2000000"
                            },
                            "cumulative_cardinality": 413200734,
                            "operator_type": "HASH_GROUP_BY",
                            "operator_cardinality": 39575,
                            "cumulative_rows_scanned": 3547191016,
                            "operator_rows_scanned": 0,
                            "operator_timing": 110.61892020099995,
                            "result_set_size": 1899600,
                            "children": [
                                {
                                    "operator_name": "PROJECTION",
                                    "cpu_time": 21.606604689,
                                    "extra_info": {
                                        "Projections": [
                                            "p_brand",
                                            "p_name",
                                            "(ps_supplycost * CAST(ps_availqty AS DOUBLE))",
                                            "l_orderkey"
                                        ],
                                        "Estimated Cardinality": "11997210"
                                    },
                                    "cumulative_cardinality": 413161159,
                                    "operator_type": "PROJECTION",
                                    "operator_cardinality": 94944468,
                                    "cumulative_rows_scanned": 3547191016,
                                    "operator_rows_scanned": 0,
                                    "operator_timing": 0.3341157540000001,
                                    "result_set_size": 4557334464,
                                    "children": [
                                        {
                                            "operator_name": "PROJECTION",
                                            "cpu_time": 21.272488935000002,
                                            "extra_info": {
                                                "Projections": [
                                                    "#0",
                                                    "#3",
                                                    "#4",
                                                    "__internal_decompress_integral_bigint(#1, 1)",
                                                    "#2"
                                                ],
                                                "Estimated Cardinality": "11997210"
                                            },
                                            "cumulative_cardinality": 318216691,
                                            "operator_type": "PROJECTION",
                                            "operator_cardinality": 94944468,
                                            "cumulative_rows_scanned": 3547191016,
                                            "operator_rows_scanned": 0,
                                            "operator_timing": 0.11506260099999997,
                                            "result_set_size": 5316890208,
                                            "children": [
                                                {
                                                    "operator_name": "HASH_JOIN",
                                                    "cpu_time": 21.157426334000004,
                                                    "extra_info": {
                                                        "Join Type": "INNER",
                                                        "Conditions": "l_suppkey = ps_suppkey",
                                                        "Estimated Cardinality": "11997210"
                                                    },
                                                    "cumulative_cardinality": 223272223,
                                                    "operator_type": "HASH_JOIN",
                                                    "operator_cardinality": 94944468,
                                                    "cumulative_rows_scanned": 3547191016,
                                                    "operator_rows_scanned": 0,
                                                    "operator_timing": 9.750846210000002,
                                                    "result_set_size": 4747223400,
                                                    "children": [
                                                        {
                                                            "operator_name": "PROJECTION",
                                                            "cpu_time": 10.695793887,
                                                            "extra_info": {
                                                                "Projections": [
                                                                    "#0",
                                                                    "__internal_compress_integral_uinteger(#1, 1)"
                                                                ],
                                                                "Estimated Cardinality": "59986052"
                                                            },
                                                            "cumulative_cardinality": 119972104,
                                                            "operator_type": "PROJECTION",
                                                            "operator_cardinality": 59986052,
                                                            "cumulative_rows_scanned": 3479191016,
                                                            "operator_rows_scanned": 0,
                                                            "operator_timing": 1.124499239,
                                                            "result_set_size": 719832624,
                                                            "children": [
                                                                {
                                                                    "operator_name": "READ_PARQUET ",
                                                                    "cpu_time": 9.571294648,
                                                                    "extra_info": {
                                                                        "Function": "READ_PARQUET",
                                                                        "Projections": [
                                                                            "l_orderkey",
                                                                            "l_suppkey"
                                                                        ],
                                                                        "Estimated Cardinality": "59986052"
                                                                    },
                                                                    "cumulative_cardinality": 59986052,
                                                                    "operator_type": "TABLE_SCAN",
                                                                    "operator_cardinality": 59986052,
                                                                    "cumulative_rows_scanned": 3479191016,
                                                                    "operator_rows_scanned": 3479191016,
                                                                    "operator_timing": 9.571294648,
                                                                    "result_set_size": 959776832,
                                                                    "children": []
                                                                }
                                                            ]
                                                        },
                                                        {
                                                            "operator_name": "PROJECTION",
                                                            "cpu_time": 0.7107862370000002,
                                                            "extra_info": {
                                                                "Projections": [
                                                                    "__internal_compress_integral_uinteger(#0, 1)",
                                                                    "__internal_compress_integral_usmallint(#1, 1)",
                                                                    "#2",
                                                                    "#3",
                                                                    "#4"
                                                                ],
                                                                "Estimated Cardinality": "1600000"
                                                            },
                                                            "cumulative_cardinality": 8355651,
                                                            "operator_type": "PROJECTION",
                                                            "operator_cardinality": 158300,
                                                            "cumulative_rows_scanned": 68000000,
                                                            "operator_rows_scanned": 0,
                                                            "operator_timing": 0.0009943180000000001,
                                                            "result_set_size": 7281800,
                                                            "children": [
                                                                {
                                                                    "operator_name": "HASH_JOIN",
                                                                    "cpu_time": 0.7097919190000002,
                                                                    "extra_info": {
                                                                        "Join Type": "INNER",
                                                                        "Conditions": "ps_partkey = p_partkey",
                                                                        "Estimated Cardinality": "1600000"
                                                                    },
                                                                    "cumulative_cardinality": 8197351,
                                                                    "operator_type": "HASH_JOIN",
                                                                    "operator_cardinality": 158300,
                                                                    "cumulative_rows_scanned": 68000000,
                                                                    "operator_rows_scanned": 0,
                                                                    "operator_timing": 0.129595002,
                                                                    "result_set_size": 8864800,
                                                                    "children": [
                                                                        {
                                                                            "operator_name": "READ_PARQUET ",
                                                                            "cpu_time": 0.3891049820000001,
                                                                            "extra_info": {
                                                                                "Function": "READ_PARQUET",
                                                                                "Projections": [
                                                                                    "ps_partkey",
                                                                                    "ps_suppkey",
                                                                                    "ps_availqty",
                                                                                    "ps_supplycost"
                                                                                ],
                                                                                "Estimated Cardinality": "8000000"
                                                                            },
                                                                            "cumulative_cardinality": 7999476,
                                                                            "operator_type": "TABLE_SCAN",
                                                                            "operator_cardinality": 7999476,
                                                                            "cumulative_rows_scanned": 64000000,
                                                                            "operator_rows_scanned": 64000000,
                                                                            "operator_timing": 0.3891049820000001,
                                                                            "result_set_size": 255983232,
                                                                            "children": []
                                                                        },
                                                                        {
                                                                            "operator_name": "READ_PARQUET ",
                                                                            "cpu_time": 0.1910919350000001,
                                                                            "extra_info": {
                                                                                "Function": "READ_PARQUET",
                                                                                "Projections": [
                                                                                    "p_partkey",
                                                                                    "p_name",
                                                                                    "p_brand"
                                                                                ],
                                                                                "Filters": "p_size=15",
                                                                                "Estimated Cardinality": "400000"
                                                                            },
                                                                            "cumulative_cardinality": 39575,
                                                                            "operator_type": "TABLE_SCAN",
                                                                            "operator_cardinality": 39575,
                                                                            "cumulative_rows_scanned": 4000000,
                                                                            "operator_rows_scanned": 4000000,
                                                                            "operator_timing": 0.1910919350000001,
                                                                            "result_set_size": 1583000,
                                                                            "children": []
                                                                        }
                                                                    ]
                                                                }
                                                            ]
                                                        }
                                                    ]
                                                }
                                            ]
                                        }
                                    ]
                                }
                            ]
                        }
                    ]
                }
            ]
        }
    ]
}