{
    "rows_returned": 440693,
    "query_name": "SELECT \n    p.Id AS PostId,\n    p.Title,\n    p.CreationDate,\n    p.ViewCount,\n    COUNT(DISTINCT c.Id) AS CommentCount,\n    COUNT(DISTINCT v.Id) AS VoteCount,\n    COUNT(DISTINCT b.Id) AS BadgeCount,\n    u.DisplayName AS OwnerDisplayName,\n    u.Reputation AS OwnerReputation,\n    p.LastActivityDate\nFROM \n    Posts p\nJOIN \n    Users u ON p.OwnerUserId = u.Id\nLEFT JOIN \n    Comments c ON p.Id = c.PostId\nLEFT JOIN \n    Votes v ON p.Id = v.PostId\nLEFT JOIN \n    Badges b ON u.Id = b.UserId\nWHERE \n    p.CreationDate >= '2022-01-01' \nGROUP BY \n    p.Id, p.Title, p.CreationDate, p.ViewCount, u.DisplayName, u.Reputation, p.LastActivityDate\nORDER BY \n    p.ViewCount DESC;",
    "blocked_thread_time": 0.0,
    "cpu_time": 55.55179468100028,
    "extra_info": {},
    "cumulative_cardinality": 632677726,
    "cumulative_rows_scanned": 241253019,
    "result_set_size": 37018212,
    "latency": 53.805307134,
    "children": [
        {
            "operator_name": "ORDER_BY",
            "cpu_time": 55.55179468100028,
            "extra_info": {
                "Order By": "p.ViewCount DESC"
            },
            "cumulative_cardinality": 632677726,
            "operator_type": "ORDER_BY",
            "operator_cardinality": 440693,
            "cumulative_rows_scanned": 241253019,
            "operator_rows_scanned": 0,
            "operator_timing": 1.1101854710000005,
            "result_set_size": 37018212,
            "children": [
                {
                    "operator_name": "PROJECTION",
                    "cpu_time": 54.44160921000028,
                    "extra_info": {
                        "Projections": [
                            "PostId",
                            "title",
                            "creationdate",
                            "viewcount",
                            "CommentCount",
                            "VoteCount",
                            "BadgeCount",
                            "OwnerDisplayName",
                            "OwnerReputation",
                            "lastactivitydate"
                        ],
                        "Estimated Cardinality": "3850116"
                    },
                    "cumulative_cardinality": 632237033,
                    "operator_type": "PROJECTION",
                    "operator_cardinality": 440693,
                    "cumulative_rows_scanned": 241253019,
                    "operator_rows_scanned": 0,
                    "operator_timing": 0.00015975800000000002,
                    "result_set_size": 37018212,
                    "children": [
                        {
                            "operator_name": "HASH_GROUP_BY",
                            "cpu_time": 54.44144945200028,
                            "extra_info": {
                                "Groups": [
                                    "#0",
                                    "#1",
                                    "#2",
                                    "#3",
                                    "#4",
                                    "#5",
                                    "#6"
                                ],
                                "Aggregates": [
                                    "count(DISTINCT #7)",
                                    "count(DISTINCT #8)",
                                    "count(DISTINCT #9)"
                                ],
                                "Estimated Cardinality": "3850116"
                            },
                            "cumulative_cardinality": 631796340,
                            "operator_type": "HASH_GROUP_BY",
                            "operator_cardinality": 440693,
                            "cumulative_rows_scanned": 241253019,
                            "operator_rows_scanned": 0,
                            "operator_timing": 48.054163409000296,
                            "result_set_size": 37018212,
                            "children": [
                                {
                                    "operator_name": "PROJECTION",
                                    "cpu_time": 6.3872860429999845,
                                    "extra_info": {
                                        "Projections": [
                                            "id",
                                            "title",
                                            "creationdate",
                                            "viewcount",
                                            "displayname",
                                            "reputation",
                                            "lastactivitydate",
                                            "id",
                                            "id",
                                            "id"
                                        ],
                                        "Estimated Cardinality": "12744093"
                                    },
                                    "cumulative_cardinality": 631355647,
                                    "operator_type": "PROJECTION",
                                    "operator_cardinality": 304627320,
                                    "cumulative_rows_scanned": 241253019,
                                    "operator_rows_scanned": 0,
                                    "operator_timing": 0.06590228800001566,
                                    "result_set_size": 21933167040,
                                    "children": [
                                        {
                                            "operator_name": "HASH_JOIN",
                                            "cpu_time": 6.321383754999969,
                                            "extra_info": {
                                                "Join Type": "LEFT",
                                                "Conditions": "id = userid",
                                                "Estimated Cardinality": "12744093"
                                            },
                                            "cumulative_cardinality": 326728327,
                                            "operator_type": "HASH_JOIN",
                                            "operator_cardinality": 304627320,
                                            "cumulative_rows_scanned": 241253019,
                                            "operator_rows_scanned": 0,
                                            "operator_timing": 3.1216334399999686,
                                            "result_set_size": 21933167040,
                                            "children": [
                                                {
                                                    "operator_name": "HASH_JOIN",
                                                    "cpu_time": 3.126726164,
                                                    "extra_info": {
                                                        "Join Type": "LEFT",
                                                        "Conditions": "id = postid",
                                                        "Estimated Cardinality": "12744093"
                                                    },
                                                    "cumulative_cardinality": 19779283,
                                                    "operator_type": "HASH_JOIN",
                                                    "operator_cardinality": 2871769,
                                                    "cumulative_rows_scanned": 234287847,
                                                    "operator_rows_scanned": 0,
                                                    "operator_timing": 1.919639466,
                                                    "result_set_size": 206767368,
                                                    "children": [
                                                        {
                                                            "operator_name": "HASH_JOIN",
                                                            "cpu_time": 0.8304110630000001,
                                                            "extra_info": {
                                                                "Join Type": "RIGHT",
                                                                "Conditions": "postid = id",
                                                                "Estimated Cardinality": "7241822"
                                                            },
                                                            "cumulative_cardinality": 4163421,
                                                            "operator_type": "HASH_JOIN",
                                                            "operator_cardinality": 1085935,
                                                            "cumulative_rows_scanned": 68614638,
                                                            "operator_rows_scanned": 0,
                                                            "operator_timing": 0.23470706900000007,
                                                            "result_set_size": 73843580,
                                                            "children": [
                                                                {
                                                                    "operator_name": "READ_PARQUET ",
                                                                    "cpu_time": 0.05060589899999999,
                                                                    "extra_info": {
                                                                        "Function": "READ_PARQUET",
                                                                        "Projections": [
                                                                            "id",
                                                                            "postid"
                                                                        ],
                                                                        "Estimated Cardinality": "7241822"
                                                                    },
                                                                    "cumulative_cardinality": 926602,
                                                                    "operator_type": "TABLE_SCAN",
                                                                    "operator_cardinality": 926602,
                                                                    "cumulative_rows_scanned": 50692754,
                                                                    "operator_rows_scanned": 50692754,
                                                                    "operator_timing": 0.05060589899999999,
                                                                    "result_set_size": 7412816,
                                                                    "children": []
                                                                },
                                                                {
                                                                    "operator_name": "HASH_JOIN",
                                                                    "cpu_time": 0.5450980950000001,
                                                                    "extra_info": {
                                                                        "Join Type": "INNER",
                                                                        "Conditions": "id = owneruserid",
                                                                        "Estimated Cardinality": "770023"
                                                                    },
                                                                    "cumulative_cardinality": 2150884,
                                                                    "operator_type": "HASH_JOIN",
                                                                    "operator_cardinality": 440693,
                                                                    "cumulative_rows_scanned": 17921884,
                                                                    "operator_rows_scanned": 0,
                                                                    "operator_timing": 0.16415069500000007,
                                                                    "result_set_size": 28204352,
                                                                    "children": [
                                                                        {
                                                                            "operator_name": "READ_PARQUET ",
                                                                            "cpu_time": 0.18936692499999994,
                                                                            "extra_info": {
                                                                                "Function": "READ_PARQUET",
                                                                                "Projections": [
                                                                                    "id",
                                                                                    "reputation",
                                                                                    "displayname"
                                                                                ],
                                                                                "Filters": "id<=1416539",
                                                                                "Estimated Cardinality": "1260710"
                                                                            },
                                                                            "cumulative_cardinality": 1260679,
                                                                            "operator_type": "TABLE_SCAN",
                                                                            "operator_cardinality": 1260679,
                                                                            "cumulative_rows_scanned": 2521420,
                                                                            "operator_rows_scanned": 2521420,
                                                                            "operator_timing": 0.18936692499999994,
                                                                            "result_set_size": 30256296,
                                                                            "children": []
                                                                        },
                                                                        {
                                                                            "operator_name": "READ_PARQUET ",
                                                                            "cpu_time": 0.19158047500000008,
                                                                            "extra_info": {
                                                                                "Function": "READ_PARQUET",
                                                                                "Projections": [
                                                                                    "id",
                                                                                    "creationdate",
                                                                                    "viewcount",
                                                                                    "owneruserid",
                                                                                    "lastactivitydate",
                                                                                    "title"
                                                                                ],
                                                                                "Filters": "creationdate>='2022-01-01 00:00:00'::TIMESTAMP",
                                                                                "Estimated Cardinality": "770023"
                                                                            },
                                                                            "cumulative_cardinality": 449512,
                                                                            "operator_type": "TABLE_SCAN",
                                                                            "operator_cardinality": 449512,
                                                                            "cumulative_rows_scanned": 15400464,
                                                                            "operator_rows_scanned": 15400464,
                                                                            "operator_timing": 0.19158047500000008,
                                                                            "result_set_size": 19778528,
                                                                            "children": []
                                                                        }
                                                                    ]
                                                                }
                                                            ]
                                                        },
                                                        {
                                                            "operator_name": "READ_PARQUET ",
                                                            "cpu_time": 0.37667563499999995,
                                                            "extra_info": {
                                                                "Function": "READ_PARQUET",
                                                                "Projections": [
                                                                    "id",
                                                                    "postid"
                                                                ],
                                                                "Estimated Cardinality": "12744093"
                                                            },
                                                            "cumulative_cardinality": 12744093,
                                                            "operator_type": "TABLE_SCAN",
                                                            "operator_cardinality": 12744093,
                                                            "cumulative_rows_scanned": 165673209,
                                                            "operator_rows_scanned": 165673209,
                                                            "operator_timing": 0.37667563499999995,
                                                            "result_set_size": 101952744,
                                                            "children": []
                                                        }
                                                    ]
                                                },
                                                {
                                                    "operator_name": "READ_PARQUET ",
                                                    "cpu_time": 0.073024151,
                                                    "extra_info": {
                                                        "Function": "READ_PARQUET",
                                                        "Projections": [
                                                            "id",
                                                            "userid"
                                                        ],
                                                        "Estimated Cardinality": "2321724"
                                                    },
                                                    "cumulative_cardinality": 2321724,
                                                    "operator_type": "TABLE_SCAN",
                                                    "operator_cardinality": 2321724,
                                                    "cumulative_rows_scanned": 6965172,
                                                    "operator_rows_scanned": 6965172,
                                                    "operator_timing": 0.073024151,
                                                    "result_set_size": 18573792,
                                                    "children": []
                                                }
                                            ]
                                        }
                                    ]
                                }
                            ]
                        }
                    ]
                }
            ]
        }
    ]
}