{
    "rows_returned": 0,
    "query_name": "SELECT COALESCE(\"t1\".\"AKA_NAME\", \"t1\".\"AKA_NAME\") AS \"AKA_NAME\", \"t1\".\"MOVIE_TITLE\", \"t1\".\"CAST_NOTE\", \"t1\".\"MOVIE_KEYWORD\", \"t1\".\"MOVIE_INFO\", \"t1\".\"PERSON_NAME\", \"t1\".\"ROLE_TYPE\", \"t1\".\"production_year\"\nFROM (SELECT \"aka_name\".\"name\" AS \"AKA_NAME\", \"s1\".\"title\" AS \"MOVIE_TITLE\", \"cast_info\".\"note\" AS \"CAST_NOTE\", \"keyword\".\"keyword\" AS \"MOVIE_KEYWORD\", \"movie_info\".\"info\" AS \"MOVIE_INFO\", \"name\".\"name\" AS \"PERSON_NAME\", \"role_type\".\"role\" AS \"ROLE_TYPE\", \"s1\".\"production_year\"\nFROM \"keyword\"\nINNER JOIN (\"role_type\" INNER JOIN (\"aka_name\" INNER JOIN (\"name\" INNER JOIN \"cast_info\" ON \"name\".\"imdb_id\" = \"cast_info\".\"person_id\") ON \"aka_name\".\"person_id\" = \"cast_info\".\"person_id\" INNER JOIN (\"movie_info\" INNER JOIN \"s1\" ON \"movie_info\".\"movie_id\" = \"s1\".\"id\") ON \"cast_info\".\"movie_id\" = \"s1\".\"id\") ON \"role_type\".\"id\" = \"cast_info\".\"role_id\") ON \"keyword\".\"id\" = \"s1\".\"keyword_id\"\nORDER BY \"s1\".\"production_year\" DESC NULLS FIRST, \"aka_name\".\"name\") AS \"t1\"",
    "blocked_thread_time": 0.0,
    "cpu_time": 42.12092607500002,
    "extra_info": {},
    "cumulative_cardinality": 10358961,
    "cumulative_rows_scanned": 1508793329,
    "result_set_size": 0,
    "latency": 2.983458228,
    "children": [
        {
            "operator_name": "PROJECTION",
            "cpu_time": 42.12092607500002,
            "extra_info": {
                "Projections": [
                    "AKA_NAME",
                    "MOVIE_TITLE",
                    "CAST_NOTE",
                    "MOVIE_KEYWORD",
                    "MOVIE_INFO",
                    "PERSON_NAME",
                    "ROLE_TYPE",
                    "production_year"
                ],
                "Estimated Cardinality": "18446744073709551615"
            },
            "cumulative_cardinality": 10358961,
            "operator_type": "PROJECTION",
            "operator_cardinality": 0,
            "cumulative_rows_scanned": 1508793329,
            "operator_rows_scanned": 0,
            "operator_timing": 0.0,
            "result_set_size": 0,
            "children": [
                {
                    "operator_name": "ORDER_BY",
                    "cpu_time": 42.12092607500002,
                    "extra_info": {
                        "Order By": [
                            "\"temp\".main.s1.production_year DESC",
                            "\"temp\".main.aka_name.\"name\" ASC"
                        ]
                    },
                    "cumulative_cardinality": 10358961,
                    "operator_type": "ORDER_BY",
                    "operator_cardinality": 0,
                    "cumulative_rows_scanned": 1508793329,
                    "operator_rows_scanned": 0,
                    "operator_timing": 3.41e-7,
                    "result_set_size": 0,
                    "children": [
                        {
                            "operator_name": "PROJECTION",
                            "cpu_time": 42.12092573400002,
                            "extra_info": {
                                "Projections": [
                                    "AKA_NAME",
                                    "MOVIE_TITLE",
                                    "CAST_NOTE",
                                    "MOVIE_KEYWORD",
                                    "MOVIE_INFO",
                                    "PERSON_NAME",
                                    "ROLE_TYPE",
                                    "production_year"
                                ],
                                "Estimated Cardinality": "18446744073709551615"
                            },
                            "cumulative_cardinality": 10358961,
                            "operator_type": "PROJECTION",
                            "operator_cardinality": 0,
                            "cumulative_rows_scanned": 1508793329,
                            "operator_rows_scanned": 0,
                            "operator_timing": 0.0,
                            "result_set_size": 0,
                            "children": [
                                {
                                    "operator_name": "HASH_JOIN",
                                    "cpu_time": 42.12092573400002,
                                    "extra_info": {
                                        "Join Type": "INNER",
                                        "Conditions": "movie_id = movie_id",
                                        "Estimated Cardinality": "18446744073709551615"
                                    },
                                    "cumulative_cardinality": 10358961,
                                    "operator_type": "HASH_JOIN",
                                    "operator_cardinality": 0,
                                    "cumulative_rows_scanned": 1508793329,
                                    "operator_rows_scanned": 0,
                                    "operator_timing": 0.00027546400000000006,
                                    "result_set_size": 0,
                                    "children": [
                                        {
                                            "operator_name": "HASH_JOIN",
                                            "cpu_time": 34.755048473000016,
                                            "extra_info": {
                                                "Join Type": "INNER",
                                                "Conditions": "movie_id = id",
                                                "Estimated Cardinality": "1990508552400"
                                            },
                                            "cumulative_cardinality": 9242571,
                                            "operator_type": "HASH_JOIN",
                                            "operator_cardinality": 25725,
                                            "cumulative_rows_scanned": 222669970,
                                            "operator_rows_scanned": 0,
                                            "operator_timing": 1.0346632550000001,
                                            "result_set_size": 1646400,
                                            "children": [
                                                {
                                                    "operator_name": "READ_PARQUET ",
                                                    "cpu_time": 0.8361310450000001,
                                                    "extra_info": {
                                                        "Function": "READ_PARQUET",
                                                        "Projections": [
                                                            "movie_id",
                                                            "info"
                                                        ],
                                                        "Estimated Cardinality": "14835720"
                                                    },
                                                    "cumulative_cardinality": 34816,
                                                    "operator_type": "TABLE_SCAN",
                                                    "operator_cardinality": 34816,
                                                    "cumulative_rows_scanned": 222535800,
                                                    "operator_rows_scanned": 222535800,
                                                    "operator_timing": 0.8361310450000001,
                                                    "result_set_size": 835584,
                                                    "children": []
                                                },
                                                {
                                                    "operator_name": "HASH_JOIN",
                                                    "cpu_time": 32.884254173000016,
                                                    "extra_info": {
                                                        "Join Type": "INNER",
                                                        "Conditions": "id = keyword_id",
                                                        "Estimated Cardinality": "134170"
                                                    },
                                                    "cumulative_cardinality": 9182030,
                                                    "operator_type": "HASH_JOIN",
                                                    "operator_cardinality": 4523930,
                                                    "cumulative_rows_scanned": 134170,
                                                    "operator_rows_scanned": 0,
                                                    "operator_timing": 1.9799108899999995,
                                                    "result_set_size": 217148640,
                                                    "children": [
                                                        {
                                                            "operator_name": "READ_PARQUET ",
                                                            "cpu_time": 0.020257584000000006,
                                                            "extra_info": {
                                                                "Function": "READ_PARQUET",
                                                                "Projections": [
                                                                    "id",
                                                                    "keyword"
                                                                ],
                                                                "Estimated Cardinality": "134170"
                                                            },
                                                            "cumulative_cardinality": 134170,
                                                            "operator_type": "TABLE_SCAN",
                                                            "operator_cardinality": 134170,
                                                            "cumulative_rows_scanned": 134170,
                                                            "operator_rows_scanned": 134170,
                                                            "operator_timing": 0.020257584000000006,
                                                            "result_set_size": 3220080,
                                                            "children": []
                                                        },
                                                        {
                                                            "operator_name": "ARROW_SCAN ",
                                                            "cpu_time": 30.884085699000018,
                                                            "extra_info": {
                                                                "Function": "ARROW_SCAN",
                                                                "Projections": [
                                                                    "id",
                                                                    "title",
                                                                    "production_year",
                                                                    "keyword_id"
                                                                ],
                                                                "Estimated Cardinality": "1"
                                                            },
                                                            "cumulative_cardinality": 4523930,
                                                            "operator_type": "TABLE_SCAN",
                                                            "operator_cardinality": 4523930,
                                                            "cumulative_rows_scanned": 0,
                                                            "operator_rows_scanned": 0,
                                                            "operator_timing": 30.884085699000018,
                                                            "result_set_size": 180957200,
                                                            "children": []
                                                        }
                                                    ]
                                                }
                                            ]
                                        },
                                        {
                                            "operator_name": "HASH_JOIN",
                                            "cpu_time": 7.365601797000001,
                                            "extra_info": {
                                                "Join Type": "INNER",
                                                "Conditions": "person_id = person_id",
                                                "Estimated Cardinality": "167581017"
                                            },
                                            "cumulative_cardinality": 1116390,
                                            "operator_type": "HASH_JOIN",
                                            "operator_cardinality": 0,
                                            "cumulative_rows_scanned": 1286123359,
                                            "operator_rows_scanned": 0,
                                            "operator_timing": 0.0006632000000000001,
                                            "result_set_size": 0,
                                            "children": [
                                                {
                                                    "operator_name": "FILTER",
                                                    "cpu_time": 7.108407190000001,
                                                    "extra_info": {
                                                        "Expression": "(person_id >= 4)",
                                                        "Estimated Cardinality": "36244344"
                                                    },
                                                    "cumulative_cardinality": 215047,
                                                    "operator_type": "FILTER",
                                                    "operator_cardinality": 71676,
                                                    "cumulative_rows_scanned": 1268552052,
                                                    "operator_rows_scanned": 0,
                                                    "operator_timing": 0.00044922399999999997,
                                                    "result_set_size": 3440448,
                                                    "children": [
                                                        {
                                                            "operator_name": "HASH_JOIN",
                                                            "cpu_time": 7.107957966000002,
                                                            "extra_info": {
                                                                "Join Type": "INNER",
                                                                "Conditions": "role_id = id",
                                                                "Estimated Cardinality": "36244344"
                                                            },
                                                            "cumulative_cardinality": 143371,
                                                            "operator_type": "HASH_JOIN",
                                                            "operator_cardinality": 71680,
                                                            "cumulative_rows_scanned": 1268552052,
                                                            "operator_rows_scanned": 0,
                                                            "operator_timing": 0.0008370080000000001,
                                                            "result_set_size": 3440640,
                                                            "children": [
                                                                {
                                                                    "operator_name": "READ_PARQUET ",
                                                                    "cpu_time": 7.106405982000001,
                                                                    "extra_info": {
                                                                        "Function": "READ_PARQUET",
                                                                        "Projections": [
                                                                            "person_id",
                                                                            "movie_id",
                                                                            "note",
                                                                            "role_id"
                                                                        ],
                                                                        "Estimated Cardinality": "36244344"
                                                                    },
                                                                    "cumulative_cardinality": 71680,
                                                                    "operator_type": "TABLE_SCAN",
                                                                    "operator_cardinality": 71680,
                                                                    "cumulative_rows_scanned": 1268552040,
                                                                    "operator_rows_scanned": 1268552040,
                                                                    "operator_timing": 7.106405982000001,
                                                                    "result_set_size": 2867200,
                                                                    "children": []
                                                                },
                                                                {
                                                                    "operator_name": "READ_PARQUET ",
                                                                    "cpu_time": 0.0007149760000000001,
                                                                    "extra_info": {
                                                                        "Function": "READ_PARQUET",
                                                                        "Projections": [
                                                                            "id",
                                                                            "role"
                                                                        ],
                                                                        "Filters": "id<=11",
                                                                        "Estimated Cardinality": "12"
                                                                    },
                                                                    "cumulative_cardinality": 11,
                                                                    "operator_type": "TABLE_SCAN",
                                                                    "operator_cardinality": 11,
                                                                    "cumulative_rows_scanned": 12,
                                                                    "operator_rows_scanned": 12,
                                                                    "operator_timing": 0.0007149760000000001,
                                                                    "result_set_size": 264,
                                                                    "children": []
                                                                }
                                                            ]
                                                        }
                                                    ]
                                                },
                                                {
                                                    "operator_name": "FILTER",
                                                    "cpu_time": 0.256531407,
                                                    "extra_info": {
                                                        "Expression": "(person_id <= 4061926)",
                                                        "Estimated Cardinality": "4167491"
                                                    },
                                                    "cumulative_cardinality": 901343,
                                                    "operator_type": "FILTER",
                                                    "operator_cardinality": 0,
                                                    "cumulative_rows_scanned": 17571307,
                                                    "operator_rows_scanned": 0,
                                                    "operator_timing": 6.219999999999999e-7,
                                                    "result_set_size": 0,
                                                    "children": [
                                                        {
                                                            "operator_name": "HASH_JOIN",
                                                            "cpu_time": 0.256530785,
                                                            "extra_info": {
                                                                "Join Type": "INNER",
                                                                "Conditions": "imdb_id = person_id",
                                                                "Estimated Cardinality": "4167491"
                                                            },
                                                            "cumulative_cardinality": 901343,
                                                            "operator_type": "HASH_JOIN",
                                                            "operator_cardinality": 0,
                                                            "cumulative_rows_scanned": 17571307,
                                                            "operator_rows_scanned": 0,
                                                            "operator_timing": 0.09901698499999997,
                                                            "result_set_size": 0,
                                                            "children": [
                                                                {
                                                                    "operator_name": "READ_PARQUET ",
                                                                    "cpu_time": 0.036810422999999995,
                                                                    "extra_info": {
                                                                        "Function": "READ_PARQUET",
                                                                        "Projections": [
                                                                            "name",
                                                                            "imdb_id"
                                                                        ],
                                                                        "Estimated Cardinality": "4167491"
                                                                    },
                                                                    "cumulative_cardinality": 0,
                                                                    "operator_type": "TABLE_SCAN",
                                                                    "operator_cardinality": 0,
                                                                    "cumulative_rows_scanned": 16669964,
                                                                    "operator_rows_scanned": 16669964,
                                                                    "operator_timing": 0.036810422999999995,
                                                                    "result_set_size": 0,
                                                                    "children": []
                                                                },
                                                                {
                                                                    "operator_name": "READ_PARQUET ",
                                                                    "cpu_time": 0.12070337699999999,
                                                                    "extra_info": {
                                                                        "Function": "READ_PARQUET",
                                                                        "Projections": [
                                                                            "person_id",
                                                                            "name"
                                                                        ],
                                                                        "Estimated Cardinality": "901343"
                                                                    },
                                                                    "cumulative_cardinality": 901343,
                                                                    "operator_type": "TABLE_SCAN",
                                                                    "operator_cardinality": 901343,
                                                                    "cumulative_rows_scanned": 901343,
                                                                    "operator_rows_scanned": 901343,
                                                                    "operator_timing": 0.12070337699999999,
                                                                    "result_set_size": 21632232,
                                                                    "children": []
                                                                }
                                                            ]
                                                        }
                                                    ]
                                                }
                                            ]
                                        }
                                    ]
                                }
                            ]
                        }
                    ]
                }
            ]
        }
    ]
}