{
    "rows_returned": 100,
    "query_name": "SELECT \n    p.p_partkey,\n    p.p_name,\n    SUM(l.l_quantity) AS total_quantity,\n    SUM(l.l_extendedprice) AS total_revenue,\n    AVG(l.l_discount) AS average_discount,\n    COUNT(DISTINCT o.o_orderkey) AS total_orders\nFROM \n    part p\nJOIN \n    lineitem l ON p.p_partkey = l.l_partkey\nJOIN \n    orders o ON l.l_orderkey = o.o_orderkey\nGROUP BY \n    p.p_partkey, p.p_name\nORDER BY \n    total_revenue DESC\nLIMIT 100",
    "blocked_thread_time": 0.0,
    "cpu_time": 158.906624382,
    "extra_info": {},
    "cumulative_cardinality": 458164608,
    "cumulative_rows_scanned": 3708191016,
    "result_set_size": 5600,
    "latency": 5.091357953,
    "children": [
        {
            "operator_name": "LIMIT",
            "cpu_time": 158.906624382,
            "extra_info": {},
            "cumulative_cardinality": 458164608,
            "operator_type": "LIMIT",
            "operator_cardinality": 100,
            "cumulative_rows_scanned": 3708191016,
            "operator_rows_scanned": 0,
            "operator_timing": 0.00274664,
            "result_set_size": 5600,
            "children": [
                {
                    "operator_name": "PROJECTION",
                    "cpu_time": 158.903877742,
                    "extra_info": {
                        "Projections": [
                            "__internal_decompress_integral_bigint(#0, 1)",
                            "#1",
                            "#2",
                            "#3",
                            "#4",
                            "#5"
                        ],
                        "Estimated Cardinality": "2000000"
                    },
                    "cumulative_cardinality": 458164508,
                    "operator_type": "PROJECTION",
                    "operator_cardinality": 131072,
                    "cumulative_rows_scanned": 3708191016,
                    "operator_rows_scanned": 0,
                    "operator_timing": 0.00033575599999999993,
                    "result_set_size": 7340032,
                    "children": [
                        {
                            "operator_name": "ORDER_BY",
                            "cpu_time": 158.903541986,
                            "extra_info": {
                                "Order By": "sum(l.l_extendedprice) DESC"
                            },
                            "cumulative_cardinality": 458033436,
                            "operator_type": "ORDER_BY",
                            "operator_cardinality": 131072,
                            "cumulative_rows_scanned": 3708191016,
                            "operator_rows_scanned": 0,
                            "operator_timing": 10.660570542000007,
                            "result_set_size": 6815744,
                            "children": [
                                {
                                    "operator_name": "PROJECTION",
                                    "cpu_time": 148.24297144399998,
                                    "extra_info": {
                                        "Projections": [
                                            "__internal_compress_integral_uinteger(#0, 1)",
                                            "#1",
                                            "#2",
                                            "#3",
                                            "#4",
                                            "#5"
                                        ],
                                        "Estimated Cardinality": "2000000"
                                    },
                                    "cumulative_cardinality": 457902364,
                                    "operator_type": "PROJECTION",
                                    "operator_cardinality": 2000000,
                                    "cumulative_rows_scanned": 3708191016,
                                    "operator_rows_scanned": 0,
                                    "operator_timing": 0.0020204490000000006,
                                    "result_set_size": 104000000,
                                    "children": [
                                        {
                                            "operator_name": "PROJECTION",
                                            "cpu_time": 148.24095099499996,
                                            "extra_info": {
                                                "Projections": [
                                                    "__internal_decompress_integral_bigint(#0, 1)",
                                                    "#1",
                                                    "#2",
                                                    "#3",
                                                    "#4",
                                                    "#5"
                                                ],
                                                "Estimated Cardinality": "2000000"
                                            },
                                            "cumulative_cardinality": 455902364,
                                            "operator_type": "PROJECTION",
                                            "operator_cardinality": 2000000,
                                            "cumulative_rows_scanned": 3708191016,
                                            "operator_rows_scanned": 0,
                                            "operator_timing": 0.0029731069999999996,
                                            "result_set_size": 112000000,
                                            "children": [
                                                {
                                                    "operator_name": "HASH_GROUP_BY",
                                                    "cpu_time": 148.23797788799996,
                                                    "extra_info": {
                                                        "Groups": [
                                                            "#0",
                                                            "#1"
                                                        ],
                                                        "Aggregates": [
                                                            "sum(#2)",
                                                            "sum(#3)",
                                                            "avg(#4)",
                                                            "count(DISTINCT #5)"
                                                        ],
                                                        "Estimated Cardinality": "2000000"
                                                    },
                                                    "cumulative_cardinality": 453902364,
                                                    "operator_type": "HASH_GROUP_BY",
                                                    "operator_cardinality": 2000000,
                                                    "cumulative_rows_scanned": 3708191016,
                                                    "operator_rows_scanned": 0,
                                                    "operator_timing": 86.10455462999995,
                                                    "result_set_size": 104000000,
                                                    "children": [
                                                        {
                                                            "operator_name": "PROJECTION",
                                                            "cpu_time": 62.133423258000015,
                                                            "extra_info": {
                                                                "Projections": [
                                                                    "p_partkey",
                                                                    "p_name",
                                                                    "l_quantity",
                                                                    "l_extendedprice",
                                                                    "l_discount",
                                                                    "o_orderkey"
                                                                ],
                                                                "Estimated Cardinality": "59986052"
                                                            },
                                                            "cumulative_cardinality": 451902364,
                                                            "operator_type": "PROJECTION",
                                                            "operator_cardinality": 59986052,
                                                            "cumulative_rows_scanned": 3708191016,
                                                            "operator_rows_scanned": 0,
                                                            "operator_timing": 0.013773537999999981,
                                                            "result_set_size": 3119274704,
                                                            "children": [
                                                                {
                                                                    "operator_name": "PROJECTION",
                                                                    "cpu_time": 62.11964972000001,
                                                                    "extra_info": {
                                                                        "Projections": [
                                                                            "#0",
                                                                            "#1",
                                                                            "#2",
                                                                            "#3",
                                                                            "__internal_compress_integral_uinteger(#4, 1)",
                                                                            "#5"
                                                                        ],
                                                                        "Estimated Cardinality": "59986052"
                                                                    },
                                                                    "cumulative_cardinality": 391916312,
                                                                    "operator_type": "PROJECTION",
                                                                    "operator_cardinality": 59986052,
                                                                    "cumulative_rows_scanned": 3708191016,
                                                                    "operator_rows_scanned": 0,
                                                                    "operator_timing": 0.051080740999999985,
                                                                    "result_set_size": 3119274704,
                                                                    "children": [
                                                                        {
                                                                            "operator_name": "HASH_JOIN",
                                                                            "cpu_time": 62.06856897900001,
                                                                            "extra_info": {
                                                                                "Join Type": "INNER",
                                                                                "Conditions": "l_partkey = p_partkey",
                                                                                "Estimated Cardinality": "59986052"
                                                                            },
                                                                            "cumulative_cardinality": 331930260,
                                                                            "operator_type": "HASH_JOIN",
                                                                            "operator_cardinality": 59986052,
                                                                            "cumulative_rows_scanned": 3708191016,
                                                                            "operator_rows_scanned": 0,
                                                                            "operator_timing": 8.463524102999996,
                                                                            "result_set_size": 3359218912,
                                                                            "children": [
                                                                                {
                                                                                    "operator_name": "PROJECTION",
                                                                                    "cpu_time": 53.111034605000015,
                                                                                    "extra_info": {
                                                                                        "Projections": [
                                                                                            "__internal_decompress_integral_bigint(#0, 1)",
                                                                                            "#1",
                                                                                            "#2",
                                                                                            "#3",
                                                                                            "#4",
                                                                                            "__internal_decompress_integral_bigint(#5, 1)"
                                                                                        ],
                                                                                        "Estimated Cardinality": "59986052"
                                                                                    },
                                                                                    "cumulative_cardinality": 269944208,
                                                                                    "operator_type": "PROJECTION",
                                                                                    "operator_cardinality": 59986052,
                                                                                    "cumulative_rows_scanned": 3704191016,
                                                                                    "operator_rows_scanned": 0,
                                                                                    "operator_timing": 0.13422072800000004,
                                                                                    "result_set_size": 2879330496,
                                                                                    "children": [
                                                                                        {
                                                                                            "operator_name": "HASH_JOIN",
                                                                                            "cpu_time": 52.97681387700001,
                                                                                            "extra_info": {
                                                                                                "Join Type": "INNER",
                                                                                                "Conditions": "l_orderkey = o_orderkey",
                                                                                                "Estimated Cardinality": "59986052"
                                                                                            },
                                                                                            "cumulative_cardinality": 209958156,
                                                                                            "operator_type": "HASH_JOIN",
                                                                                            "operator_cardinality": 59986052,
                                                                                            "cumulative_rows_scanned": 3704191016,
                                                                                            "operator_rows_scanned": 0,
                                                                                            "operator_timing": 8.281600935999997,
                                                                                            "result_set_size": 2399442080,
                                                                                            "children": [
                                                                                                {
                                                                                                    "operator_name": "PROJECTION",
                                                                                                    "cpu_time": 43.140269941000014,
                                                                                                    "extra_info": {
                                                                                                        "Projections": [
                                                                                                            "__internal_compress_integral_uinteger(#0, 1)",
                                                                                                            "#1",
                                                                                                            "#2",
                                                                                                            "#3",
                                                                                                            "#4"
                                                                                                        ],
                                                                                                        "Estimated Cardinality": "59986052"
                                                                                                    },
                                                                                                    "cumulative_cardinality": 119972104,
                                                                                                    "operator_type": "PROJECTION",
                                                                                                    "operator_cardinality": 59986052,
                                                                                                    "cumulative_rows_scanned": 3479191016,
                                                                                                    "operator_rows_scanned": 0,
                                                                                                    "operator_timing": 0.14289492,
                                                                                                    "result_set_size": 2159497872,
                                                                                                    "children": [
                                                                                                        {
                                                                                                            "operator_name": "READ_PARQUET ",
                                                                                                            "cpu_time": 42.99737502100001,
                                                                                                            "extra_info": {
                                                                                                                "Function": "READ_PARQUET",
                                                                                                                "Projections": [
                                                                                                                    "l_orderkey",
                                                                                                                    "l_partkey",
                                                                                                                    "l_quantity",
                                                                                                                    "l_extendedprice",
                                                                                                                    "l_discount"
                                                                                                                ],
                                                                                                                "Estimated Cardinality": "59986052"
                                                                                                            },
                                                                                                            "cumulative_cardinality": 59986052,
                                                                                                            "operator_type": "TABLE_SCAN",
                                                                                                            "operator_cardinality": 59986052,
                                                                                                            "cumulative_rows_scanned": 3479191016,
                                                                                                            "operator_rows_scanned": 3479191016,
                                                                                                            "operator_timing": 42.99737502100001,
                                                                                                            "result_set_size": 2399442080,
                                                                                                            "children": []
                                                                                                        }
                                                                                                    ]
                                                                                                },
                                                                                                {
                                                                                                    "operator_name": "PROJECTION",
                                                                                                    "cpu_time": 1.5549429999999995,
                                                                                                    "extra_info": {
                                                                                                        "Projections": "__internal_compress_integral_uinteger(#0, 1)",
                                                                                                        "Estimated Cardinality": "15000000"
                                                                                                    },
                                                                                                    "cumulative_cardinality": 30000000,
                                                                                                    "operator_type": "PROJECTION",
                                                                                                    "operator_cardinality": 15000000,
                                                                                                    "cumulative_rows_scanned": 225000000,
                                                                                                    "operator_rows_scanned": 0,
                                                                                                    "operator_timing": 0.013175649000000006,
                                                                                                    "result_set_size": 60000000,
                                                                                                    "children": [
                                                                                                        {
                                                                                                            "operator_name": "READ_PARQUET ",
                                                                                                            "cpu_time": 1.5417673509999996,
                                                                                                            "extra_info": {
                                                                                                                "Function": "READ_PARQUET",
                                                                                                                "Projections": "o_orderkey",
                                                                                                                "Estimated Cardinality": "15000000"
                                                                                                            },
                                                                                                            "cumulative_cardinality": 15000000,
                                                                                                            "operator_type": "TABLE_SCAN",
                                                                                                            "operator_cardinality": 15000000,
                                                                                                            "cumulative_rows_scanned": 225000000,
                                                                                                            "operator_rows_scanned": 225000000,
                                                                                                            "operator_timing": 1.5417673509999996,
                                                                                                            "result_set_size": 120000000,
                                                                                                            "children": []
                                                                                                        }
                                                                                                    ]
                                                                                                }
                                                                                            ]
                                                                                        }
                                                                                    ]
                                                                                },
                                                                                {
                                                                                    "operator_name": "READ_PARQUET ",
                                                                                    "cpu_time": 0.4940102710000003,
                                                                                    "extra_info": {
                                                                                        "Function": "READ_PARQUET",
                                                                                        "Projections": [
                                                                                            "p_partkey",
                                                                                            "p_name"
                                                                                        ],
                                                                                        "Estimated Cardinality": "2000000"
                                                                                    },
                                                                                    "cumulative_cardinality": 2000000,
                                                                                    "operator_type": "TABLE_SCAN",
                                                                                    "operator_cardinality": 2000000,
                                                                                    "cumulative_rows_scanned": 4000000,
                                                                                    "operator_rows_scanned": 4000000,
                                                                                    "operator_timing": 0.4940102710000003,
                                                                                    "result_set_size": 48000000,
                                                                                    "children": []
                                                                                }
                                                                            ]
                                                                        }
                                                                    ]
                                                                }
                                                            ]
                                                        }
                                                    ]
                                                }
                                            ]
                                        }
                                    ]
                                }
                            ]
                        }
                    ]
                }
            ]
        }
    ]
}