{
    "rows_returned": 120507,
    "query_name": "SELECT COALESCE(ANY_VALUE(\"t1\".\"Id\"), ANY_VALUE(\"t1\".\"Id\")) AS \"POSTID\", COUNT(*) AS \"REVCOUNT\", MAX(\"t1\".\"CREATIONDATE\") AS \"LASTREVISION\", COUNT(DISTINCT \"t1\".\"UserId\") AS \"USERCOUNT\", ANY_VALUE(CASE WHEN \"t9\".\"EXPR$0\" IS NULL THEN 0 ELSE \"t9\".\"EXPR$0\" END) AS \"TOTALDOWNVOTES\"\nFROM (SELECT \"Posts\".\"Id\", \"Posts\".\"PostTypeId\", \"Posts\".\"AcceptedAnswerId\", \"Posts\".\"ParentId\", \"Posts\".\"CreationDate\", \"Posts\".\"Score\", \"Posts\".\"ViewCount\", \"Posts\".\"Body\", \"Posts\".\"OwnerUserId\", \"Posts\".\"OwnerDisplayName\", \"Posts\".\"LastEditorUserId\", \"Posts\".\"LastEditorDisplayName\", \"Posts\".\"LastEditDate\", \"Posts\".\"LastActivityDate\", \"Posts\".\"Title\", \"Posts\".\"Tags\", \"Posts\".\"AnswerCount\", \"Posts\".\"CommentCount\", \"Posts\".\"FavoriteCount\", \"Posts\".\"ClosedDate\", \"Posts\".\"CommunityOwnedDate\", \"Posts\".\"ContentLicense\", \"t0\".\"POSTID\", \"t0\".\"USERID\", \"t0\".\"CREATIONDATE\", \"t0\".\"COMMENT\", \"t0\".\"TEXT\", \"t0\".\"REVISIONRANK\", \"PostHistory\".\"Id\" AS \"Id0\", \"PostHistory\".\"PostHistoryTypeId\", \"PostHistory\".\"PostId\", \"PostHistory\".\"RevisionGUID\", \"PostHistory\".\"CreationDate\" AS \"CreationDate0\", \"PostHistory\".\"UserId\", \"PostHistory\".\"UserDisplayName\", \"PostHistory\".\"Comment\", \"PostHistory\".\"Text\", \"PostHistory\".\"ContentLicense\" AS \"ContentLicense0\"\nFROM \"PostHistory\"\nRIGHT JOIN (\"Posts\" INNER JOIN (SELECT \"PostId\" AS \"POSTID\", \"UserId\" AS \"USERID\", \"CreationDate\" AS \"CREATIONDATE\", \"Comment\" AS \"COMMENT\", \"Text\" AS \"TEXT\", ROW_NUMBER() OVER (PARTITION BY \"PostId\" ORDER BY \"CreationDate\" DESC NULLS FIRST) AS \"REVISIONRANK\"\nFROM \"PostHistory\"\nWHERE CAST(\"PostHistoryTypeId\" AS INTEGER) IN (10, 11)) AS \"t0\" ON \"Posts\".\"Id\" = \"t0\".\"POSTID\") ON \"PostHistory\".\"PostId\" = \"Posts\".\"Id\") AS \"t1\"\nLEFT JOIN (SELECT \"t5\".\"Id\" AS \"PostId\", CASE WHEN \"t8\".\"EXPR$0\" IS NOT NULL THEN \"t8\".\"EXPR$0\" ELSE 0 END AS \"EXPR$0\"\nFROM (SELECT \"Posts0\".\"Id\"\nFROM \"PostHistory\" AS \"PostHistory1\"\nRIGHT JOIN (\"Posts\" AS \"Posts0\" INNER JOIN (SELECT \"PostId\" AS \"POSTID\", \"UserId\" AS \"USERID\", \"CreationDate\" AS \"CREATIONDATE\", \"Comment\" AS \"COMMENT\", \"Text\" AS \"TEXT\", ROW_NUMBER() OVER (PARTITION BY \"PostId\" ORDER BY \"CreationDate\" DESC NULLS FIRST) AS \"REVISIONRANK\"\nFROM \"PostHistory\"\nWHERE CAST(\"PostHistoryTypeId\" AS INTEGER) IN (10, 11)) AS \"t3\" ON \"Posts0\".\"Id\" = \"t3\".\"POSTID\") ON \"PostHistory1\".\"PostId\" = \"Posts0\".\"Id\"\nGROUP BY \"Posts0\".\"Id\") AS \"t5\"\nLEFT JOIN (SELECT \"PostId\", COUNT(*) AS \"EXPR$0\"\nFROM \"Votes\"\nWHERE CAST(\"VoteTypeId\" AS INTEGER) = 3\nGROUP BY \"PostId\") AS \"t8\" ON \"t5\".\"Id\" IS NOT DISTINCT FROM \"t8\".\"PostId\") AS \"t9\" ON \"t1\".\"Id\" = \"t9\".\"PostId\"\nGROUP BY \"t1\".\"Id\"",
    "blocked_thread_time": 0.0,
    "cpu_time": 48.06153287200001,
    "extra_info": {},
    "cumulative_cardinality": 41906170,
    "cumulative_rows_scanned": 762645849,
    "result_set_size": 4338252,
    "latency": 0.614482924,
    "children": [
        {
            "operator_name": "PROJECTION",
            "cpu_time": 48.06153287200001,
            "extra_info": {
                "Projections": [
                    "POSTID",
                    "REVCOUNT",
                    "LASTREVISION",
                    "USERCOUNT",
                    "TOTALDOWNVOTES"
                ],
                "Estimated Cardinality": "3850116"
            },
            "cumulative_cardinality": 41906170,
            "operator_type": "PROJECTION",
            "operator_cardinality": 120507,
            "cumulative_rows_scanned": 762645849,
            "operator_rows_scanned": 0,
            "operator_timing": 0.0019939709999999998,
            "result_set_size": 4338252,
            "children": [
                {
                    "operator_name": "HASH_GROUP_BY",
                    "cpu_time": 48.05953890100001,
                    "extra_info": {
                        "Groups": "#0",
                        "Aggregates": [
                            "any_value(#1)",
                            "count_star()",
                            "max(#2)",
                            "count(DISTINCT #3)",
                            "any_value(#4)"
                        ],
                        "Estimated Cardinality": "3850116"
                    },
                    "cumulative_cardinality": 41785663,
                    "operator_type": "HASH_GROUP_BY",
                    "operator_cardinality": 120507,
                    "cumulative_rows_scanned": 762645849,
                    "operator_rows_scanned": 0,
                    "operator_timing": 0.15605941899999995,
                    "result_set_size": 4820280,
                    "children": [
                        {
                            "operator_name": "PROJECTION",
                            "cpu_time": 47.90347948200001,
                            "extra_info": {
                                "Projections": [
                                    "id",
                                    "id",
                                    "creationdate",
                                    "USERID",
                                    "CASE  WHEN ((EXPR$0 IS NULL)) THEN (0) ELSE EXPR$0 END"
                                ],
                                "Estimated Cardinality": "11795244"
                            },
                            "cumulative_cardinality": 41665156,
                            "operator_type": "PROJECTION",
                            "operator_cardinality": 874254,
                            "cumulative_rows_scanned": 762645849,
                            "operator_rows_scanned": 0,
                            "operator_timing": 0.005969286999999999,
                            "result_set_size": 24479112,
                            "children": [
                                {
                                    "operator_name": "HASH_JOIN",
                                    "cpu_time": 47.89751019500001,
                                    "extra_info": {
                                        "Join Type": "LEFT",
                                        "Conditions": "id = PostId",
                                        "Estimated Cardinality": "11795244"
                                    },
                                    "cumulative_cardinality": 40790902,
                                    "operator_type": "HASH_JOIN",
                                    "operator_cardinality": 874254,
                                    "cumulative_rows_scanned": 762645849,
                                    "operator_rows_scanned": 0,
                                    "operator_timing": 0.05662693699999999,
                                    "result_set_size": 20982096,
                                    "children": [
                                        {
                                            "operator_name": "PROJECTION",
                                            "cpu_time": 22.685871960999993,
                                            "extra_info": {
                                                "Projections": [
                                                    "id",
                                                    "creationdate",
                                                    "USERID"
                                                ],
                                                "Estimated Cardinality": "11795244"
                                            },
                                            "cumulative_cardinality": 18051130,
                                            "operator_type": "PROJECTION",
                                            "operator_cardinality": 874254,
                                            "cumulative_rows_scanned": 298486320,
                                            "operator_rows_scanned": 0,
                                            "operator_timing": 0.001351904999999999,
                                            "result_set_size": 13988064,
                                            "children": [
                                                {
                                                    "operator_name": "HASH_JOIN",
                                                    "cpu_time": 22.684520055999993,
                                                    "extra_info": {
                                                        "Join Type": "RIGHT",
                                                        "Conditions": "postid = id",
                                                        "Estimated Cardinality": "11795244"
                                                    },
                                                    "cumulative_cardinality": 17176876,
                                                    "operator_type": "HASH_JOIN",
                                                    "operator_cardinality": 874254,
                                                    "cumulative_rows_scanned": 298486320,
                                                    "operator_rows_scanned": 0,
                                                    "operator_timing": 0.2223866389999993,
                                                    "result_set_size": 17485080,
                                                    "children": [
                                                        {
                                                            "operator_name": "READ_PARQUET ",
                                                            "cpu_time": 0.2601902250000001,
                                                            "extra_info": {
                                                                "Function": "READ_PARQUET",
                                                                "Projections": "postid",
                                                                "Estimated Cardinality": "11795244"
                                                            },
                                                            "cumulative_cardinality": 11795163,
                                                            "operator_type": "TABLE_SCAN",
                                                            "operator_cardinality": 11795163,
                                                            "cumulative_rows_scanned": 141542928,
                                                            "operator_rows_scanned": 141542928,
                                                            "operator_timing": 0.2601902250000001,
                                                            "result_set_size": 47180652,
                                                            "children": []
                                                        },
                                                        {
                                                            "operator_name": "HASH_JOIN",
                                                            "cpu_time": 22.201943191999995,
                                                            "extra_info": {
                                                                "Join Type": "INNER",
                                                                "Conditions": "id = POSTID",
                                                                "Estimated Cardinality": "2359048"
                                                            },
                                                            "cumulative_cardinality": 4507459,
                                                            "operator_type": "HASH_JOIN",
                                                            "operator_cardinality": 131474,
                                                            "cumulative_rows_scanned": 156943392,
                                                            "operator_rows_scanned": 0,
                                                            "operator_timing": 0.08977120699999981,
                                                            "result_set_size": 2103584,
                                                            "children": [
                                                                {
                                                                    "operator_name": "READ_PARQUET ",
                                                                    "cpu_time": 0.162153957,
                                                                    "extra_info": {
                                                                        "Function": "READ_PARQUET",
                                                                        "Projections": [
                                                                            "id",
                                                                            "creationdate"
                                                                        ],
                                                                        "Estimated Cardinality": "3850116"
                                                                    },
                                                                    "cumulative_cardinality": 3850089,
                                                                    "operator_type": "TABLE_SCAN",
                                                                    "operator_cardinality": 3850089,
                                                                    "cumulative_rows_scanned": 15400464,
                                                                    "operator_rows_scanned": 15400464,
                                                                    "operator_timing": 0.162153957,
                                                                    "result_set_size": 46201068,
                                                                    "children": []
                                                                },
                                                                {
                                                                    "operator_name": "PROJECTION",
                                                                    "cpu_time": 21.950018027999995,
                                                                    "extra_info": {
                                                                        "Projections": [
                                                                            "POSTID",
                                                                            "USERID"
                                                                        ],
                                                                        "Estimated Cardinality": "2359048"
                                                                    },
                                                                    "cumulative_cardinality": 525896,
                                                                    "operator_type": "PROJECTION",
                                                                    "operator_cardinality": 131474,
                                                                    "cumulative_rows_scanned": 141542928,
                                                                    "operator_rows_scanned": 0,
                                                                    "operator_timing": 0.00009038399999999998,
                                                                    "result_set_size": 1051792,
                                                                    "children": [
                                                                        {
                                                                            "operator_name": "PROJECTION",
                                                                            "cpu_time": 21.949927643999995,
                                                                            "extra_info": {
                                                                                "Projections": [
                                                                                    "#0",
                                                                                    "#1",
                                                                                    "#2",
                                                                                    "#3"
                                                                                ],
                                                                                "Estimated Cardinality": "2359048"
                                                                            },
                                                                            "cumulative_cardinality": 394422,
                                                                            "operator_type": "PROJECTION",
                                                                            "operator_cardinality": 131474,
                                                                            "cumulative_rows_scanned": 141542928,
                                                                            "operator_rows_scanned": 0,
                                                                            "operator_timing": 0.000166864,
                                                                            "result_set_size": 3155376,
                                                                            "children": [
                                                                                {
                                                                                    "operator_name": "WINDOW",
                                                                                    "cpu_time": 21.949760779999995,
                                                                                    "extra_info": {
                                                                                        "Projections": "ROW_NUMBER() OVER (PARTITION BY postid ORDER BY creationdate DESC NULLS FIRST)"
                                                                                    },
                                                                                    "cumulative_cardinality": 262948,
                                                                                    "operator_type": "WINDOW",
                                                                                    "operator_cardinality": 131474,
                                                                                    "cumulative_rows_scanned": 141542928,
                                                                                    "operator_rows_scanned": 0,
                                                                                    "operator_timing": 21.080483095999995,
                                                                                    "result_set_size": 3155376,
                                                                                    "children": [
                                                                                        {
                                                                                            "operator_name": "READ_PARQUET ",
                                                                                            "cpu_time": 0.8692776839999999,
                                                                                            "extra_info": {
                                                                                                "Function": "READ_PARQUET",
                                                                                                "Projections": [
                                                                                                    "postid",
                                                                                                    "creationdate",
                                                                                                    "userid"
                                                                                                ],
                                                                                                "Filters": "posthistorytypeid>=10 AND posthistorytypeid<=11",
                                                                                                "Estimated Cardinality": "2359048"
                                                                                            },
                                                                                            "cumulative_cardinality": 131474,
                                                                                            "operator_type": "TABLE_SCAN",
                                                                                            "operator_cardinality": 131474,
                                                                                            "cumulative_rows_scanned": 141542928,
                                                                                            "operator_rows_scanned": 141542928,
                                                                                            "operator_timing": 0.8692776839999999,
                                                                                            "result_set_size": 2103584,
                                                                                            "children": []
                                                                                        }
                                                                                    ]
                                                                                }
                                                                            ]
                                                                        }
                                                                    ]
                                                                }
                                                            ]
                                                        }
                                                    ]
                                                }
                                            ]
                                        },
                                        {
                                            "operator_name": "PROJECTION",
                                            "cpu_time": 25.155011297000012,
                                            "extra_info": {
                                                "Projections": [
                                                    "PostId",
                                                    "EXPR$0"
                                                ],
                                                "Estimated Cardinality": "3850116"
                                            },
                                            "cumulative_cardinality": 21865518,
                                            "operator_type": "PROJECTION",
                                            "operator_cardinality": 120507,
                                            "cumulative_rows_scanned": 464159529,
                                            "operator_rows_scanned": 0,
                                            "operator_timing": 0.000664724,
                                            "result_set_size": 1446084,
                                            "children": [
                                                {
                                                    "operator_name": "HASH_JOIN",
                                                    "cpu_time": 25.154346573000012,
                                                    "extra_info": {
                                                        "Join Type": "LEFT",
                                                        "Conditions": "id IS NOT DISTINCT FROM postid",
                                                        "Estimated Cardinality": "3850116"
                                                    },
                                                    "cumulative_cardinality": 21745011,
                                                    "operator_type": "HASH_JOIN",
                                                    "operator_cardinality": 120507,
                                                    "cumulative_rows_scanned": 464159529,
                                                    "operator_rows_scanned": 0,
                                                    "operator_timing": 0.08559306899999998,
                                                    "result_set_size": 1446084,
                                                    "children": [
                                                        {
                                                            "operator_name": "HASH_GROUP_BY",
                                                            "cpu_time": 24.309589674000012,
                                                            "extra_info": {
                                                                "Groups": "#0",
                                                                "Aggregates": "",
                                                                "Estimated Cardinality": "3850116"
                                                            },
                                                            "cumulative_cardinality": 18171637,
                                                            "operator_type": "HASH_GROUP_BY",
                                                            "operator_cardinality": 120507,
                                                            "cumulative_rows_scanned": 298486320,
                                                            "operator_rows_scanned": 0,
                                                            "operator_timing": 0.06919368400000002,
                                                            "result_set_size": 482028,
                                                            "children": [
                                                                {
                                                                    "operator_name": "PROJECTION",
                                                                    "cpu_time": 24.240395990000014,
                                                                    "extra_info": {
                                                                        "Projections": "id",
                                                                        "Estimated Cardinality": "11795244"
                                                                    },
                                                                    "cumulative_cardinality": 18051130,
                                                                    "operator_type": "PROJECTION",
                                                                    "operator_cardinality": 874254,
                                                                    "cumulative_rows_scanned": 298486320,
                                                                    "operator_rows_scanned": 0,
                                                                    "operator_timing": 0.0007447069999999992,
                                                                    "result_set_size": 3497016,
                                                                    "children": [
                                                                        {
                                                                            "operator_name": "HASH_JOIN",
                                                                            "cpu_time": 24.239651283000015,
                                                                            "extra_info": {
                                                                                "Join Type": "RIGHT",
                                                                                "Conditions": "postid = id",
                                                                                "Estimated Cardinality": "11795244"
                                                                            },
                                                                            "cumulative_cardinality": 17176876,
                                                                            "operator_type": "HASH_JOIN",
                                                                            "operator_cardinality": 874254,
                                                                            "cumulative_rows_scanned": 298486320,
                                                                            "operator_rows_scanned": 0,
                                                                            "operator_timing": 0.2732168389999998,
                                                                            "result_set_size": 6994032,
                                                                            "children": [
                                                                                {
                                                                                    "operator_name": "READ_PARQUET ",
                                                                                    "cpu_time": 0.28736354399999997,
                                                                                    "extra_info": {
                                                                                        "Function": "READ_PARQUET",
                                                                                        "Projections": "postid",
                                                                                        "Estimated Cardinality": "11795244"
                                                                                    },
                                                                                    "cumulative_cardinality": 11795163,
                                                                                    "operator_type": "TABLE_SCAN",
                                                                                    "operator_cardinality": 11795163,
                                                                                    "cumulative_rows_scanned": 141542928,
                                                                                    "operator_rows_scanned": 141542928,
                                                                                    "operator_timing": 0.28736354399999997,
                                                                                    "result_set_size": 47180652,
                                                                                    "children": []
                                                                                },
                                                                                {
                                                                                    "operator_name": "HASH_JOIN",
                                                                                    "cpu_time": 23.679070900000013,
                                                                                    "extra_info": {
                                                                                        "Join Type": "INNER",
                                                                                        "Conditions": "id = POSTID",
                                                                                        "Estimated Cardinality": "2359048"
                                                                                    },
                                                                                    "cumulative_cardinality": 4507459,
                                                                                    "operator_type": "HASH_JOIN",
                                                                                    "operator_cardinality": 131474,
                                                                                    "cumulative_rows_scanned": 156943392,
                                                                                    "operator_rows_scanned": 0,
                                                                                    "operator_timing": 0.07972957799999998,
                                                                                    "result_set_size": 1051792,
                                                                                    "children": [
                                                                                        {
                                                                                            "operator_name": "READ_PARQUET ",
                                                                                            "cpu_time": 0.07465913899999999,
                                                                                            "extra_info": {
                                                                                                "Function": "READ_PARQUET",
                                                                                                "Projections": "id",
                                                                                                "Estimated Cardinality": "3850116"
                                                                                            },
                                                                                            "cumulative_cardinality": 3850089,
                                                                                            "operator_type": "TABLE_SCAN",
                                                                                            "operator_cardinality": 3850089,
                                                                                            "cumulative_rows_scanned": 15400464,
                                                                                            "operator_rows_scanned": 15400464,
                                                                                            "operator_timing": 0.07465913899999999,
                                                                                            "result_set_size": 15400356,
                                                                                            "children": []
                                                                                        },
                                                                                        {
                                                                                            "operator_name": "PROJECTION",
                                                                                            "cpu_time": 23.524682183000014,
                                                                                            "extra_info": {
                                                                                                "Projections": "POSTID",
                                                                                                "Estimated Cardinality": "2359048"
                                                                                            },
                                                                                            "cumulative_cardinality": 525896,
                                                                                            "operator_type": "PROJECTION",
                                                                                            "operator_cardinality": 131474,
                                                                                            "cumulative_rows_scanned": 141542928,
                                                                                            "operator_rows_scanned": 0,
                                                                                            "operator_timing": 0.00004462399999999999,
                                                                                            "result_set_size": 525896,
                                                                                            "children": [
                                                                                                {
                                                                                                    "operator_name": "PROJECTION",
                                                                                                    "cpu_time": 23.524637559000013,
                                                                                                    "extra_info": {
                                                                                                        "Projections": [
                                                                                                            "#0",
                                                                                                            "#1",
                                                                                                            "#2"
                                                                                                        ],
                                                                                                        "Estimated Cardinality": "2359048"
                                                                                                    },
                                                                                                    "cumulative_cardinality": 394422,
                                                                                                    "operator_type": "PROJECTION",
                                                                                                    "operator_cardinality": 131474,
                                                                                                    "cumulative_rows_scanned": 141542928,
                                                                                                    "operator_rows_scanned": 0,
                                                                                                    "operator_timing": 0.00011612299999999999,
                                                                                                    "result_set_size": 2629480,
                                                                                                    "children": [
                                                                                                        {
                                                                                                            "operator_name": "WINDOW",
                                                                                                            "cpu_time": 23.52452143600001,
                                                                                                            "extra_info": {
                                                                                                                "Projections": "ROW_NUMBER() OVER (PARTITION BY postid ORDER BY creationdate DESC NULLS FIRST)"
                                                                                                            },
                                                                                                            "cumulative_cardinality": 262948,
                                                                                                            "operator_type": "WINDOW",
                                                                                                            "operator_cardinality": 131474,
                                                                                                            "cumulative_rows_scanned": 141542928,
                                                                                                            "operator_rows_scanned": 0,
                                                                                                            "operator_timing": 22.80200512200001,
                                                                                                            "result_set_size": 2629480,
                                                                                                            "children": [
                                                                                                                {
                                                                                                                    "operator_name": "READ_PARQUET ",
                                                                                                                    "cpu_time": 0.722516314,
                                                                                                                    "extra_info": {
                                                                                                                        "Function": "READ_PARQUET",
                                                                                                                        "Projections": [
                                                                                                                            "postid",
                                                                                                                            "creationdate"
                                                                                                                        ],
                                                                                                                        "Filters": "posthistorytypeid>=10 AND posthistorytypeid<=11",
                                                                                                                        "Estimated Cardinality": "2359048"
                                                                                                                    },
                                                                                                                    "cumulative_cardinality": 131474,
                                                                                                                    "operator_type": "TABLE_SCAN",
                                                                                                                    "operator_cardinality": 131474,
                                                                                                                    "cumulative_rows_scanned": 141542928,
                                                                                                                    "operator_rows_scanned": 141542928,
                                                                                                                    "operator_timing": 0.722516314,
                                                                                                                    "result_set_size": 1577688,
                                                                                                                    "children": []
                                                                                                                }
                                                                                                            ]
                                                                                                        }
                                                                                                    ]
                                                                                                }
                                                                                            ]
                                                                                        }
                                                                                    ]
                                                                                }
                                                                            ]
                                                                        }
                                                                    ]
                                                                }
                                                            ]
                                                        },
                                                        {
                                                            "operator_name": "HASH_GROUP_BY",
                                                            "cpu_time": 0.7591638300000001,
                                                            "extra_info": {
                                                                "Groups": "#0",
                                                                "Aggregates": "count_star()",
                                                                "Estimated Cardinality": "1274409"
                                                            },
                                                            "cumulative_cardinality": 3452867,
                                                            "operator_type": "HASH_GROUP_BY",
                                                            "operator_cardinality": 765075,
                                                            "cumulative_rows_scanned": 165673209,
                                                            "operator_rows_scanned": 0,
                                                            "operator_timing": 0.25113537199999997,
                                                            "result_set_size": 9180900,
                                                            "children": [
                                                                {
                                                                    "operator_name": "PROJECTION",
                                                                    "cpu_time": 0.5080284580000001,
                                                                    "extra_info": {
                                                                        "Projections": "postid",
                                                                        "Estimated Cardinality": "2548818"
                                                                    },
                                                                    "cumulative_cardinality": 2687792,
                                                                    "operator_type": "PROJECTION",
                                                                    "operator_cardinality": 1343896,
                                                                    "cumulative_rows_scanned": 165673209,
                                                                    "operator_rows_scanned": 0,
                                                                    "operator_timing": 0.0018008559999999998,
                                                                    "result_set_size": 5375584,
                                                                    "children": [
                                                                        {
                                                                            "operator_name": "READ_PARQUET ",
                                                                            "cpu_time": 0.506227602,
                                                                            "extra_info": {
                                                                                "Function": "READ_PARQUET",
                                                                                "Projections": "postid",
                                                                                "Filters": "votetypeid=3",
                                                                                "Estimated Cardinality": "2548818"
                                                                            },
                                                                            "cumulative_cardinality": 1343896,
                                                                            "operator_type": "TABLE_SCAN",
                                                                            "operator_cardinality": 1343896,
                                                                            "cumulative_rows_scanned": 165673209,
                                                                            "operator_rows_scanned": 165673209,
                                                                            "operator_timing": 0.506227602,
                                                                            "result_set_size": 5375584,
                                                                            "children": []
                                                                        }
                                                                    ]
                                                                }
                                                            ]
                                                        }
                                                    ]
                                                }
                                            ]
                                        }
                                    ]
                                }
                            ]
                        }
                    ]
                }
            ]
        }
    ]
}