{
    "rows_returned": 0,
    "query_name": "WITH SupplierStats AS (\n    SELECT \n        s.s_suppkey,\n        s.s_name,\n        SUM(ps.ps_availqty) AS total_available,\n        SUM(ps.ps_supplycost * ps.ps_availqty) AS total_supply_value\n    FROM \n        supplier s\n    JOIN \n        partsupp ps ON s.s_suppkey = ps.ps_suppkey\n    GROUP BY \n        s.s_suppkey, s.s_name\n),\nTopRegions AS (\n    SELECT \n        n.n_regionkey,\n        r.r_name,\n        SUM(o.o_totalprice) AS total_order_value\n    FROM \n        region r\n    JOIN \n        nation n ON r.r_regionkey = n.n_regionkey\n    JOIN \n        customer c ON n.n_nationkey = c.c_nationkey\n    JOIN \n        orders o ON c.c_custkey = o.o_custkey\n    GROUP BY \n        n.n_regionkey, r.r_name\n    ORDER BY \n        total_order_value DESC\n    LIMIT 5\n)\nSELECT \n    tr.r_name,\n    ss.s_name,\n    ss.total_available,\n    ss.total_supply_value\nFROM \n    SupplierStats ss\nJOIN \n    partsupp ps ON ss.s_suppkey = ps.ps_suppkey\nJOIN \n    part p ON ps.ps_partkey = p.p_partkey\nJOIN \n    TopRegions tr ON ss.s_suppkey = p.p_partkey\nJOIN \n    nation n ON tr.n_regionkey = n.n_regionkey\nJOIN \n    supplier s ON n.n_nationkey = s.s_nationkey\nWHERE \n    ss.total_supply_value > 1000000\nORDER BY \n    tr.r_name, ss.total_supply_value DESC",
    "blocked_thread_time": 0.0,
    "cpu_time": 3590.502798656694,
    "extra_info": {},
    "cumulative_cardinality": 220149400134,
    "cumulative_rows_scanned": 360200055,
    "result_set_size": 0,
    "latency": 2610.873544785,
    "children": [
        {
            "operator_name": "ORDER_BY",
            "cpu_time": 3590.502798656694,
            "extra_info": {
                "Order By": [
                    "tr.r_name ASC",
                    "ss.total_supply_value DESC"
                ]
            },
            "cumulative_cardinality": 220149400134,
            "operator_type": "ORDER_BY",
            "operator_cardinality": 0,
            "cumulative_rows_scanned": 360200055,
            "operator_rows_scanned": 0,
            "operator_timing": 0.000001362,
            "result_set_size": 0,
            "children": [
                {
                    "operator_name": "PROJECTION",
                    "cpu_time": 3590.5027972946937,
                    "extra_info": {
                        "Projections": [
                            "r_name",
                            "s_name",
                            "total_available",
                            "total_supply_value"
                        ],
                        "Estimated Cardinality": "6400000"
                    },
                    "cumulative_cardinality": 220149400134,
                    "operator_type": "PROJECTION",
                    "operator_cardinality": 0,
                    "cumulative_rows_scanned": 360200055,
                    "operator_rows_scanned": 0,
                    "operator_timing": 0.0,
                    "result_set_size": 0,
                    "children": [
                        {
                            "operator_name": "HASH_JOIN",
                            "cpu_time": 3590.5027972946937,
                            "extra_info": {
                                "Join Type": "INNER",
                                "Conditions": "s_suppkey = p_partkey",
                                "Estimated Cardinality": "6400000"
                            },
                            "cumulative_cardinality": 220149400134,
                            "operator_type": "HASH_JOIN",
                            "operator_cardinality": 0,
                            "cumulative_rows_scanned": 360200055,
                            "operator_rows_scanned": 0,
                            "operator_timing": 1964.8793916265984,
                            "result_set_size": 0,
                            "children": [
                                {
                                    "operator_name": "HASH_JOIN",
                                    "cpu_time": 3.266433579,
                                    "extra_info": {
                                        "Join Type": "INNER",
                                        "Conditions": [
                                            "ps_suppkey = s_suppkey",
                                            "ps_partkey = s_suppkey"
                                        ],
                                        "Estimated Cardinality": "320000"
                                    },
                                    "cumulative_cardinality": 32800000,
                                    "operator_type": "HASH_JOIN",
                                    "operator_cardinality": 0,
                                    "cumulative_rows_scanned": 128100000,
                                    "operator_rows_scanned": 0,
                                    "operator_timing": 0.26731266300000006,
                                    "result_set_size": 0,
                                    "children": [
                                        {
                                            "operator_name": "FILTER",
                                            "cpu_time": 0.028124966,
                                            "extra_info": {
                                                "Expression": "(ps_suppkey = ps_partkey)",
                                                "Estimated Cardinality": "1600000"
                                            },
                                            "cumulative_cardinality": 400000,
                                            "operator_type": "FILTER",
                                            "operator_cardinality": 0,
                                            "cumulative_rows_scanned": 64000000,
                                            "operator_rows_scanned": 0,
                                            "operator_timing": 0.0008773959999999999,
                                            "result_set_size": 0,
                                            "children": [
                                                {
                                                    "operator_name": "READ_PARQUET ",
                                                    "cpu_time": 0.027247570000000002,
                                                    "extra_info": {
                                                        "Function": "READ_PARQUET",
                                                        "Projections": [
                                                            "ps_partkey",
                                                            "ps_suppkey"
                                                        ],
                                                        "Estimated Cardinality": "8000000"
                                                    },
                                                    "cumulative_cardinality": 400000,
                                                    "operator_type": "TABLE_SCAN",
                                                    "operator_cardinality": 400000,
                                                    "cumulative_rows_scanned": 64000000,
                                                    "operator_rows_scanned": 64000000,
                                                    "operator_timing": 0.027247570000000002,
                                                    "result_set_size": 6400000,
                                                    "children": []
                                                }
                                            ]
                                        },
                                        {
                                            "operator_name": "FILTER",
                                            "cpu_time": 2.9709959500000003,
                                            "extra_info": {
                                                "Expression": "(total_supply_value > 1000000.0)",
                                                "Estimated Cardinality": "20000"
                                            },
                                            "cumulative_cardinality": 32400000,
                                            "operator_type": "FILTER",
                                            "operator_cardinality": 100000,
                                            "cumulative_rows_scanned": 64100000,
                                            "operator_rows_scanned": 0,
                                            "operator_timing": 0.00155957,
                                            "result_set_size": 4800000,
                                            "children": [
                                                {
                                                    "operator_name": "PROJECTION",
                                                    "cpu_time": 2.9694363800000003,
                                                    "extra_info": {
                                                        "Projections": [
                                                            "__internal_decompress_integral_bigint(#0, 1)",
                                                            "#1",
                                                            "#2",
                                                            "#3"
                                                        ],
                                                        "Estimated Cardinality": "100000"
                                                    },
                                                    "cumulative_cardinality": 32300000,
                                                    "operator_type": "PROJECTION",
                                                    "operator_cardinality": 100000,
                                                    "cumulative_rows_scanned": 64100000,
                                                    "operator_rows_scanned": 0,
                                                    "operator_timing": 0.001256489,
                                                    "result_set_size": 4800000,
                                                    "children": [
                                                        {
                                                            "operator_name": "HASH_GROUP_BY",
                                                            "cpu_time": 2.968179891,
                                                            "extra_info": {
                                                                "Groups": [
                                                                    "#0",
                                                                    "#1"
                                                                ],
                                                                "Aggregates": [
                                                                    "sum(#2)",
                                                                    "sum(#3)"
                                                                ],
                                                                "Estimated Cardinality": "100000"
                                                            },
                                                            "cumulative_cardinality": 32200000,
                                                            "operator_type": "HASH_GROUP_BY",
                                                            "operator_cardinality": 100000,
                                                            "cumulative_rows_scanned": 64100000,
                                                            "operator_rows_scanned": 0,
                                                            "operator_timing": 2.4292800930000005,
                                                            "result_set_size": 4400000,
                                                            "children": [
                                                                {
                                                                    "operator_name": "PROJECTION",
                                                                    "cpu_time": 0.5388997979999999,
                                                                    "extra_info": {
                                                                        "Projections": [
                                                                            "s_suppkey",
                                                                            "s_name",
                                                                            "ps_availqty",
                                                                            "(ps_supplycost * CAST(ps_availqty AS DOUBLE))"
                                                                        ],
                                                                        "Estimated Cardinality": "8000000"
                                                                    },
                                                                    "cumulative_cardinality": 32100000,
                                                                    "operator_type": "PROJECTION",
                                                                    "operator_cardinality": 8000000,
                                                                    "cumulative_rows_scanned": 64100000,
                                                                    "operator_rows_scanned": 0,
                                                                    "operator_timing": 0.15174967499999997,
                                                                    "result_set_size": 288000000,
                                                                    "children": [
                                                                        {
                                                                            "operator_name": "PROJECTION",
                                                                            "cpu_time": 0.3871501229999999,
                                                                            "extra_info": {
                                                                                "Projections": [
                                                                                    "#0",
                                                                                    "#1",
                                                                                    "__internal_compress_integral_uinteger(#2, 1)",
                                                                                    "#3"
                                                                                ],
                                                                                "Estimated Cardinality": "8000000"
                                                                            },
                                                                            "cumulative_cardinality": 24100000,
                                                                            "operator_type": "PROJECTION",
                                                                            "operator_cardinality": 8000000,
                                                                            "cumulative_rows_scanned": 64100000,
                                                                            "operator_rows_scanned": 0,
                                                                            "operator_timing": 0.018628462999999994,
                                                                            "result_set_size": 288000000,
                                                                            "children": [
                                                                                {
                                                                                    "operator_name": "HASH_JOIN",
                                                                                    "cpu_time": 0.3685216599999999,
                                                                                    "extra_info": {
                                                                                        "Join Type": "INNER",
                                                                                        "Conditions": "ps_suppkey = s_suppkey",
                                                                                        "Estimated Cardinality": "8000000"
                                                                                    },
                                                                                    "cumulative_cardinality": 16100000,
                                                                                    "operator_type": "HASH_JOIN",
                                                                                    "operator_cardinality": 8000000,
                                                                                    "cumulative_rows_scanned": 64100000,
                                                                                    "operator_rows_scanned": 0,
                                                                                    "operator_timing": 0.033788734,
                                                                                    "result_set_size": 320000000,
                                                                                    "children": [
                                                                                        {
                                                                                            "operator_name": "READ_PARQUET ",
                                                                                            "cpu_time": 0.3214515519999999,
                                                                                            "extra_info": {
                                                                                                "Function": "READ_PARQUET",
                                                                                                "Projections": [
                                                                                                    "ps_suppkey",
                                                                                                    "ps_availqty",
                                                                                                    "ps_supplycost"
                                                                                                ],
                                                                                                "Estimated Cardinality": "8000000"
                                                                                            },
                                                                                            "cumulative_cardinality": 8000000,
                                                                                            "operator_type": "TABLE_SCAN",
                                                                                            "operator_cardinality": 8000000,
                                                                                            "cumulative_rows_scanned": 64000000,
                                                                                            "operator_rows_scanned": 64000000,
                                                                                            "operator_timing": 0.3214515519999999,
                                                                                            "result_set_size": 192000000,
                                                                                            "children": []
                                                                                        },
                                                                                        {
                                                                                            "operator_name": "READ_PARQUET ",
                                                                                            "cpu_time": 0.013281373999999995,
                                                                                            "extra_info": {
                                                                                                "Function": "READ_PARQUET",
                                                                                                "Projections": [
                                                                                                    "s_suppkey",
                                                                                                    "s_name"
                                                                                                ],
                                                                                                "Estimated Cardinality": "100000"
                                                                                            },
                                                                                            "cumulative_cardinality": 100000,
                                                                                            "operator_type": "TABLE_SCAN",
                                                                                            "operator_cardinality": 100000,
                                                                                            "cumulative_rows_scanned": 100000,
                                                                                            "operator_rows_scanned": 100000,
                                                                                            "operator_timing": 0.013281373999999995,
                                                                                            "result_set_size": 2400000,
                                                                                            "children": []
                                                                                        }
                                                                                    ]
                                                                                }
                                                                            ]
                                                                        }
                                                                    ]
                                                                }
                                                            ]
                                                        }
                                                    ]
                                                }
                                            ]
                                        }
                                    ]
                                },
                                {
                                    "operator_name": "PROJECTION",
                                    "cpu_time": 1622.3569720890955,
                                    "extra_info": {
                                        "Projections": [
                                            "#1",
                                            "#2"
                                        ],
                                        "Estimated Cardinality": "100000"
                                    },
                                    "cumulative_cardinality": 220116600134,
                                    "operator_type": "PROJECTION",
                                    "operator_cardinality": 10000000000,
                                    "cumulative_rows_scanned": 232100055,
                                    "operator_rows_scanned": 0,
                                    "operator_timing": 7.115209305497322,
                                    "result_set_size": 240000000000,
                                    "children": [
                                        {
                                            "operator_name": "FILTER",
                                            "cpu_time": 1615.2417627835982,
                                            "extra_info": {
                                                "Expression": "(p_partkey <= 100000)",
                                                "Estimated Cardinality": "100000"
                                            },
                                            "cumulative_cardinality": 210116600134,
                                            "operator_type": "FILTER",
                                            "operator_cardinality": 10000000000,
                                            "cumulative_rows_scanned": 232100055,
                                            "operator_rows_scanned": 0,
                                            "operator_timing": 268.6850102038023,
                                            "result_set_size": 320000000000,
                                            "children": [
                                                {
                                                    "operator_name": "HASH_JOIN",
                                                    "cpu_time": 1346.556752579796,
                                                    "extra_info": {
                                                        "Join Type": "INNER",
                                                        "Conditions": "s_nationkey = n_nationkey",
                                                        "Estimated Cardinality": "100000"
                                                    },
                                                    "cumulative_cardinality": 200116600134,
                                                    "operator_type": "HASH_JOIN",
                                                    "operator_cardinality": 200000000000,
                                                    "cumulative_rows_scanned": 232100055,
                                                    "operator_rows_scanned": 0,
                                                    "operator_timing": 1343.354870942796,
                                                    "result_set_size": 6400000000000,
                                                    "children": [
                                                        {
                                                            "operator_name": "READ_PARQUET ",
                                                            "cpu_time": 0.0036357290000000003,
                                                            "extra_info": {
                                                                "Function": "READ_PARQUET",
                                                                "Projections": "s_nationkey",
                                                                "Estimated Cardinality": "100000"
                                                            },
                                                            "cumulative_cardinality": 100000,
                                                            "operator_type": "TABLE_SCAN",
                                                            "operator_cardinality": 100000,
                                                            "cumulative_rows_scanned": 100000,
                                                            "operator_rows_scanned": 100000,
                                                            "operator_timing": 0.0036357290000000003,
                                                            "result_set_size": 800000,
                                                            "children": []
                                                        },
                                                        {
                                                            "operator_name": "CROSS_PRODUCT",
                                                            "cpu_time": 3.1982459080000014,
                                                            "extra_info": {},
                                                            "cumulative_cardinality": 116500134,
                                                            "operator_type": "CROSS_PRODUCT",
                                                            "operator_cardinality": 50000000,
                                                            "cumulative_rows_scanned": 232000055,
                                                            "operator_rows_scanned": 0,
                                                            "operator_timing": 0.024756039000000268,
                                                            "result_set_size": 1600000000,
                                                            "children": [
                                                                {
                                                                    "operator_name": "READ_PARQUET ",
                                                                    "cpu_time": 0.04430531899999998,
                                                                    "extra_info": {
                                                                        "Function": "READ_PARQUET",
                                                                        "Projections": "p_partkey",
                                                                        "Estimated Cardinality": "2000000"
                                                                    },
                                                                    "cumulative_cardinality": 2000000,
                                                                    "operator_type": "TABLE_SCAN",
                                                                    "operator_cardinality": 2000000,
                                                                    "cumulative_rows_scanned": 4000000,
                                                                    "operator_rows_scanned": 4000000,
                                                                    "operator_timing": 0.04430531899999998,
                                                                    "result_set_size": 16000000,
                                                                    "children": []
                                                                },
                                                                {
                                                                    "operator_name": "HASH_JOIN",
                                                                    "cpu_time": 3.129184550000001,
                                                                    "extra_info": {
                                                                        "Join Type": "INNER",
                                                                        "Conditions": "n_regionkey = n_regionkey",
                                                                        "Estimated Cardinality": "25"
                                                                    },
                                                                    "cumulative_cardinality": 64500134,
                                                                    "operator_type": "HASH_JOIN",
                                                                    "operator_cardinality": 25,
                                                                    "cumulative_rows_scanned": 228000055,
                                                                    "operator_rows_scanned": 0,
                                                                    "operator_timing": 0.00012098599999999998,
                                                                    "result_set_size": 600,
                                                                    "children": [
                                                                        {
                                                                            "operator_name": "READ_PARQUET ",
                                                                            "cpu_time": 0.000513029,
                                                                            "extra_info": {
                                                                                "Function": "READ_PARQUET",
                                                                                "Projections": [
                                                                                    "n_nationkey",
                                                                                    "n_regionkey"
                                                                                ],
                                                                                "Estimated Cardinality": "25"
                                                                            },
                                                                            "cumulative_cardinality": 25,
                                                                            "operator_type": "TABLE_SCAN",
                                                                            "operator_cardinality": 25,
                                                                            "cumulative_rows_scanned": 25,
                                                                            "operator_rows_scanned": 25,
                                                                            "operator_timing": 0.000513029,
                                                                            "result_set_size": 400,
                                                                            "children": []
                                                                        },
                                                                        {
                                                                            "operator_name": "LIMIT",
                                                                            "cpu_time": 3.128550535000001,
                                                                            "extra_info": {},
                                                                            "cumulative_cardinality": 64500084,
                                                                            "operator_type": "LIMIT",
                                                                            "operator_cardinality": 5,
                                                                            "cumulative_rows_scanned": 228000030,
                                                                            "operator_rows_scanned": 0,
                                                                            "operator_timing": 0.00034608599999999995,
                                                                            "result_set_size": 160,
                                                                            "children": [
                                                                                {
                                                                                    "operator_name": "PROJECTION",
                                                                                    "cpu_time": 3.128204449000001,
                                                                                    "extra_info": {
                                                                                        "Projections": [
                                                                                            "__internal_decompress_integral_bigint(#0, 0)",
                                                                                            "#1",
                                                                                            "#2"
                                                                                        ],
                                                                                        "Estimated Cardinality": "5"
                                                                                    },
                                                                                    "cumulative_cardinality": 64500079,
                                                                                    "operator_type": "PROJECTION",
                                                                                    "operator_cardinality": 5,
                                                                                    "cumulative_rows_scanned": 228000030,
                                                                                    "operator_rows_scanned": 0,
                                                                                    "operator_timing": 0.000026739,
                                                                                    "result_set_size": 160,
                                                                                    "children": [
                                                                                        {
                                                                                            "operator_name": "ORDER_BY",
                                                                                            "cpu_time": 3.128177710000001,
                                                                                            "extra_info": {
                                                                                                "Order By": "sum(o.o_totalprice) DESC"
                                                                                            },
                                                                                            "cumulative_cardinality": 64500074,
                                                                                            "operator_type": "ORDER_BY",
                                                                                            "operator_cardinality": 5,
                                                                                            "cumulative_rows_scanned": 228000030,
                                                                                            "operator_rows_scanned": 0,
                                                                                            "operator_timing": 0.01874262099999998,
                                                                                            "result_set_size": 125,
                                                                                            "children": [
                                                                                                {
                                                                                                    "operator_name": "PROJECTION",
                                                                                                    "cpu_time": 3.109435089000001,
                                                                                                    "extra_info": {
                                                                                                        "Projections": [
                                                                                                            "__internal_compress_integral_utinyint(#0, 0)",
                                                                                                            "#1",
                                                                                                            "#2"
                                                                                                        ],
                                                                                                        "Estimated Cardinality": "5"
                                                                                                    },
                                                                                                    "cumulative_cardinality": 64500069,
                                                                                                    "operator_type": "PROJECTION",
                                                                                                    "operator_cardinality": 5,
                                                                                                    "cumulative_rows_scanned": 228000030,
                                                                                                    "operator_rows_scanned": 0,
                                                                                                    "operator_timing": 0.000014947000000000001,
                                                                                                    "result_set_size": 125,
                                                                                                    "children": [
                                                                                                        {
                                                                                                            "operator_name": "PROJECTION",
                                                                                                            "cpu_time": 3.109420142000001,
                                                                                                            "extra_info": {
                                                                                                                "Projections": [
                                                                                                                    "__internal_decompress_integral_bigint(#0, 0)",
                                                                                                                    "#1",
                                                                                                                    "#2"
                                                                                                                ],
                                                                                                                "Estimated Cardinality": "5"
                                                                                                            },
                                                                                                            "cumulative_cardinality": 64500064,
                                                                                                            "operator_type": "PROJECTION",
                                                                                                            "operator_cardinality": 5,
                                                                                                            "cumulative_rows_scanned": 228000030,
                                                                                                            "operator_rows_scanned": 0,
                                                                                                            "operator_timing": 0.000034813,
                                                                                                            "result_set_size": 160,
                                                                                                            "children": [
                                                                                                                {
                                                                                                                    "operator_name": "HASH_GROUP_BY",
                                                                                                                    "cpu_time": 3.109385329000001,
                                                                                                                    "extra_info": {
                                                                                                                        "Groups": [
                                                                                                                            "#0",
                                                                                                                            "#1"
                                                                                                                        ],
                                                                                                                        "Aggregates": "sum(#2)",
                                                                                                                        "Estimated Cardinality": "5"
                                                                                                                    },
                                                                                                                    "cumulative_cardinality": 64500059,
                                                                                                                    "operator_type": "HASH_GROUP_BY",
                                                                                                                    "operator_cardinality": 5,
                                                                                                                    "cumulative_rows_scanned": 228000030,
                                                                                                                    "operator_rows_scanned": 0,
                                                                                                                    "operator_timing": 0.575330309,
                                                                                                                    "result_set_size": 125,
                                                                                                                    "children": [
                                                                                                                        {
                                                                                                                            "operator_name": "PROJECTION",
                                                                                                                            "cpu_time": 2.534055020000001,
                                                                                                                            "extra_info": {
                                                                                                                                "Projections": [
                                                                                                                                    "n_regionkey",
                                                                                                                                    "r_name",
                                                                                                                                    "o_totalprice"
                                                                                                                                ],
                                                                                                                                "Estimated Cardinality": "15000000"
                                                                                                                            },
                                                                                                                            "cumulative_cardinality": 64500054,
                                                                                                                            "operator_type": "PROJECTION",
                                                                                                                            "operator_cardinality": 15000000,
                                                                                                                            "cumulative_rows_scanned": 228000030,
                                                                                                                            "operator_rows_scanned": 0,
                                                                                                                            "operator_timing": 0.0017835799999999995,
                                                                                                                            "result_set_size": 375000000,
                                                                                                                            "children": [
                                                                                                                                {
                                                                                                                                    "operator_name": "PROJECTION",
                                                                                                                                    "cpu_time": 2.532271440000001,
                                                                                                                                    "extra_info": {
                                                                                                                                        "Projections": [
                                                                                                                                            "#0",
                                                                                                                                            "__internal_compress_integral_utinyint(#1, 0)",
                                                                                                                                            "#2"
                                                                                                                                        ],
                                                                                                                                        "Estimated Cardinality": "15000000"
                                                                                                                                    },
                                                                                                                                    "cumulative_cardinality": 49500054,
                                                                                                                                    "operator_type": "PROJECTION",
                                                                                                                                    "operator_cardinality": 15000000,
                                                                                                                                    "cumulative_rows_scanned": 228000030,
                                                                                                                                    "operator_rows_scanned": 0,
                                                                                                                                    "operator_timing": 0.010499239999999998,
                                                                                                                                    "result_set_size": 375000000,
                                                                                                                                    "children": [
                                                                                                                                        {
                                                                                                                                            "operator_name": "HASH_JOIN",
                                                                                                                                            "cpu_time": 2.521772200000001,
                                                                                                                                            "extra_info": {
                                                                                                                                                "Join Type": "INNER",
                                                                                                                                                "Conditions": "o_custkey = c_custkey",
                                                                                                                                                "Estimated Cardinality": "15000000"
                                                                                                                                            },
                                                                                                                                            "cumulative_cardinality": 34500054,
                                                                                                                                            "operator_type": "HASH_JOIN",
                                                                                                                                            "operator_cardinality": 15000000,
                                                                                                                                            "cumulative_rows_scanned": 228000030,
                                                                                                                                            "operator_rows_scanned": 0,
                                                                                                                                            "operator_timing": 1.520686576000001,
                                                                                                                                            "result_set_size": 480000000,
                                                                                                                                            "children": [
                                                                                                                                                {
                                                                                                                                                    "operator_name": "READ_PARQUET ",
                                                                                                                                                    "cpu_time": 0.93577648,
                                                                                                                                                    "extra_info": {
                                                                                                                                                        "Function": "READ_PARQUET",
                                                                                                                                                        "Projections": [
                                                                                                                                                            "o_custkey",
                                                                                                                                                            "o_totalprice"
                                                                                                                                                        ],
                                                                                                                                                        "Estimated Cardinality": "15000000"
                                                                                                                                                    },
                                                                                                                                                    "cumulative_cardinality": 15000000,
                                                                                                                                                    "operator_type": "TABLE_SCAN",
                                                                                                                                                    "operator_cardinality": 15000000,
                                                                                                                                                    "cumulative_rows_scanned": 225000000,
                                                                                                                                                    "operator_rows_scanned": 225000000,
                                                                                                                                                    "operator_timing": 0.93577648,
                                                                                                                                                    "result_set_size": 240000000,
                                                                                                                                                    "children": []
                                                                                                                                                },
                                                                                                                                                {
                                                                                                                                                    "operator_name": "FILTER",
                                                                                                                                                    "cpu_time": 0.06530914400000003,
                                                                                                                                                    "extra_info": {
                                                                                                                                                        "Expression": "(c_custkey <= 1499999)",
                                                                                                                                                        "Estimated Cardinality": "1500000"
                                                                                                                                                    },
                                                                                                                                                    "cumulative_cardinality": 4500054,
                                                                                                                                                    "operator_type": "FILTER",
                                                                                                                                                    "operator_cardinality": 1499999,
                                                                                                                                                    "cumulative_rows_scanned": 3000030,
                                                                                                                                                    "operator_rows_scanned": 0,
                                                                                                                                                    "operator_timing": 0.0037815490000000025,
                                                                                                                                                    "result_set_size": 47999968,
                                                                                                                                                    "children": [
                                                                                                                                                        {
                                                                                                                                                            "operator_name": "HASH_JOIN",
                                                                                                                                                            "cpu_time": 0.06152759500000002,
                                                                                                                                                            "extra_info": {
                                                                                                                                                                "Join Type": "INNER",
                                                                                                                                                                "Conditions": "c_nationkey = n_nationkey",
                                                                                                                                                                "Estimated Cardinality": "1500000"
                                                                                                                                                            },
                                                                                                                                                            "cumulative_cardinality": 3000055,
                                                                                                                                                            "operator_type": "HASH_JOIN",
                                                                                                                                                            "operator_cardinality": 1500000,
                                                                                                                                                            "cumulative_rows_scanned": 3000030,
                                                                                                                                                            "operator_rows_scanned": 0,
                                                                                                                                                            "operator_timing": 0.004216085000000001,
                                                                                                                                                            "result_set_size": 48000000,
                                                                                                                                                            "children": [
                                                                                                                                                                {
                                                                                                                                                                    "operator_name": "READ_PARQUET ",
                                                                                                                                                                    "cpu_time": 0.056004916000000016,
                                                                                                                                                                    "extra_info": {
                                                                                                                                                                        "Function": "READ_PARQUET",
                                                                                                                                                                        "Projections": [
                                                                                                                                                                            "c_custkey",
                                                                                                                                                                            "c_nationkey"
                                                                                                                                                                        ],
                                                                                                                                                                        "Estimated Cardinality": "1500000"
                                                                                                                                                                    },
                                                                                                                                                                    "cumulative_cardinality": 1500000,
                                                                                                                                                                    "operator_type": "TABLE_SCAN",
                                                                                                                                                                    "operator_cardinality": 1500000,
                                                                                                                                                                    "cumulative_rows_scanned": 3000000,
                                                                                                                                                                    "operator_rows_scanned": 3000000,
                                                                                                                                                                    "operator_timing": 0.056004916000000016,
                                                                                                                                                                    "result_set_size": 24000000,
                                                                                                                                                                    "children": []
                                                                                                                                                                },
                                                                                                                                                                {
                                                                                                                                                                    "operator_name": "HASH_JOIN",
                                                                                                                                                                    "cpu_time": 0.001306594,
                                                                                                                                                                    "extra_info": {
                                                                                                                                                                        "Join Type": "INNER",
                                                                                                                                                                        "Conditions": "n_regionkey = r_regionkey",
                                                                                                                                                                        "Estimated Cardinality": "25"
                                                                                                                                                                    },
                                                                                                                                                                    "cumulative_cardinality": 55,
                                                                                                                                                                    "operator_type": "HASH_JOIN",
                                                                                                                                                                    "operator_cardinality": 25,
                                                                                                                                                                    "cumulative_rows_scanned": 30,
                                                                                                                                                                    "operator_rows_scanned": 0,
                                                                                                                                                                    "operator_timing": 0.000158266,
                                                                                                                                                                    "result_set_size": 800,
                                                                                                                                                                    "children": [
                                                                                                                                                                        {
                                                                                                                                                                            "operator_name": "READ_PARQUET ",
                                                                                                                                                                            "cpu_time": 0.000523299,
                                                                                                                                                                            "extra_info": {
                                                                                                                                                                                "Function": "READ_PARQUET",
                                                                                                                                                                                "Projections": [
                                                                                                                                                                                    "n_nationkey",
                                                                                                                                                                                    "n_regionkey"
                                                                                                                                                                                ],
                                                                                                                                                                                "Estimated Cardinality": "25"
                                                                                                                                                                            },
                                                                                                                                                                            "cumulative_cardinality": 25,
                                                                                                                                                                            "operator_type": "TABLE_SCAN",
                                                                                                                                                                            "operator_cardinality": 25,
                                                                                                                                                                            "cumulative_rows_scanned": 25,
                                                                                                                                                                            "operator_rows_scanned": 25,
                                                                                                                                                                            "operator_timing": 0.000523299,
                                                                                                                                                                            "result_set_size": 400,
                                                                                                                                                                            "children": []
                                                                                                                                                                        },
                                                                                                                                                                        {
                                                                                                                                                                            "operator_name": "READ_PARQUET ",
                                                                                                                                                                            "cpu_time": 0.000625029,
                                                                                                                                                                            "extra_info": {
                                                                                                                                                                                "Function": "READ_PARQUET",
                                                                                                                                                                                "Projections": [
                                                                                                                                                                                    "r_regionkey",
                                                                                                                                                                                    "r_name"
                                                                                                                                                                                ],
                                                                                                                                                                                "Estimated Cardinality": "5"
                                                                                                                                                                            },
                                                                                                                                                                            "cumulative_cardinality": 5,
                                                                                                                                                                            "operator_type": "TABLE_SCAN",
                                                                                                                                                                            "operator_cardinality": 5,
                                                                                                                                                                            "cumulative_rows_scanned": 5,
                                                                                                                                                                            "operator_rows_scanned": 5,
                                                                                                                                                                            "operator_timing": 0.000625029,
                                                                                                                                                                            "result_set_size": 120,
                                                                                                                                                                            "children": []
                                                                                                                                                                        }
                                                                                                                                                                    ]
                                                                                                                                                                }
                                                                                                                                                            ]
                                                                                                                                                        }
                                                                                                                                                    ]
                                                                                                                                                }
                                                                                                                                            ]
                                                                                                                                        }
                                                                                                                                    ]
                                                                                                                                }
                                                                                                                            ]
                                                                                                                        }
                                                                                                                    ]
                                                                                                                }
                                                                                                            ]
                                                                                                        }
                                                                                                    ]
                                                                                                }
                                                                                            ]
                                                                                        }
                                                                                    ]
                                                                                }
                                                                            ]
                                                                        }
                                                                    ]
                                                                }
                                                            ]
                                                        }
                                                    ]
                                                }
                                            ]
                                        }
                                    ]
                                }
                            ]
                        }
                    ]
                }
            ]
        }
    ]
}