{
    "rows_returned": 100000,
    "query_name": "SELECT COALESCE(\"supplier\".\"s_suppkey\", \"supplier\".\"s_suppkey\") AS \"S_SUPPKEY\", \"supplier\".\"s_name\" AS \"S_NAME\", SUM(\"partsupp\".\"ps_availqty\") AS \"TOTAL_AVAILABLE\", SUM(\"partsupp\".\"ps_supplycost\" * \"partsupp\".\"ps_availqty\") AS \"TOTAL_SUPPLY_VALUE\"\nFROM \"supplier\"\nINNER JOIN \"partsupp\" ON \"supplier\".\"s_suppkey\" = \"partsupp\".\"ps_suppkey\"\nGROUP BY \"supplier\".\"s_suppkey\", \"supplier\".\"s_name\"",
    "blocked_thread_time": 0.0,
    "cpu_time": 3.6467827149999996,
    "extra_info": {},
    "cumulative_cardinality": 32300000,
    "cumulative_rows_scanned": 64100000,
    "result_set_size": 4800000,
    "latency": 0.519673287,
    "children": [
        {
            "operator_name": "PROJECTION",
            "cpu_time": 3.6467827149999996,
            "extra_info": {
                "Projections": [
                    "__internal_decompress_integral_bigint(#0, 1)",
                    "#1",
                    "#2",
                    "#3"
                ],
                "Estimated Cardinality": "100000"
            },
            "cumulative_cardinality": 32300000,
            "operator_type": "PROJECTION",
            "operator_cardinality": 100000,
            "cumulative_rows_scanned": 64100000,
            "operator_rows_scanned": 0,
            "operator_timing": 0.000966197,
            "result_set_size": 4800000,
            "children": [
                {
                    "operator_name": "HASH_GROUP_BY",
                    "cpu_time": 3.6458165179999997,
                    "extra_info": {
                        "Groups": [
                            "#0",
                            "#1"
                        ],
                        "Aggregates": [
                            "sum(#2)",
                            "sum(#3)"
                        ],
                        "Estimated Cardinality": "100000"
                    },
                    "cumulative_cardinality": 32200000,
                    "operator_type": "HASH_GROUP_BY",
                    "operator_cardinality": 100000,
                    "cumulative_rows_scanned": 64100000,
                    "operator_rows_scanned": 0,
                    "operator_timing": 3.1610830869999997,
                    "result_set_size": 4400000,
                    "children": [
                        {
                            "operator_name": "PROJECTION",
                            "cpu_time": 0.484733431,
                            "extra_info": {
                                "Projections": [
                                    "s_suppkey",
                                    "s_name",
                                    "ps_availqty",
                                    "(ps_supplycost * CAST(ps_availqty AS DOUBLE))"
                                ],
                                "Estimated Cardinality": "8000000"
                            },
                            "cumulative_cardinality": 32100000,
                            "operator_type": "PROJECTION",
                            "operator_cardinality": 8000000,
                            "cumulative_rows_scanned": 64100000,
                            "operator_rows_scanned": 0,
                            "operator_timing": 0.09337094799999998,
                            "result_set_size": 288000000,
                            "children": [
                                {
                                    "operator_name": "PROJECTION",
                                    "cpu_time": 0.391362483,
                                    "extra_info": {
                                        "Projections": [
                                            "#0",
                                            "#1",
                                            "__internal_compress_integral_uinteger(#2, 1)",
                                            "#3"
                                        ],
                                        "Estimated Cardinality": "8000000"
                                    },
                                    "cumulative_cardinality": 24100000,
                                    "operator_type": "PROJECTION",
                                    "operator_cardinality": 8000000,
                                    "cumulative_rows_scanned": 64100000,
                                    "operator_rows_scanned": 0,
                                    "operator_timing": 0.019043996,
                                    "result_set_size": 288000000,
                                    "children": [
                                        {
                                            "operator_name": "HASH_JOIN",
                                            "cpu_time": 0.372318487,
                                            "extra_info": {
                                                "Join Type": "INNER",
                                                "Conditions": "ps_suppkey = s_suppkey",
                                                "Estimated Cardinality": "8000000"
                                            },
                                            "cumulative_cardinality": 16100000,
                                            "operator_type": "HASH_JOIN",
                                            "operator_cardinality": 8000000,
                                            "cumulative_rows_scanned": 64100000,
                                            "operator_rows_scanned": 0,
                                            "operator_timing": 0.033459295,
                                            "result_set_size": 320000000,
                                            "children": [
                                                {
                                                    "operator_name": "READ_PARQUET ",
                                                    "cpu_time": 0.327437262,
                                                    "extra_info": {
                                                        "Function": "READ_PARQUET",
                                                        "Projections": [
                                                            "ps_suppkey",
                                                            "ps_availqty",
                                                            "ps_supplycost"
                                                        ],
                                                        "Estimated Cardinality": "8000000"
                                                    },
                                                    "cumulative_cardinality": 8000000,
                                                    "operator_type": "TABLE_SCAN",
                                                    "operator_cardinality": 8000000,
                                                    "cumulative_rows_scanned": 64000000,
                                                    "operator_rows_scanned": 64000000,
                                                    "operator_timing": 0.327437262,
                                                    "result_set_size": 192000000,
                                                    "children": []
                                                },
                                                {
                                                    "operator_name": "READ_PARQUET ",
                                                    "cpu_time": 0.011421929999999995,
                                                    "extra_info": {
                                                        "Function": "READ_PARQUET",
                                                        "Projections": [
                                                            "s_suppkey",
                                                            "s_name"
                                                        ],
                                                        "Estimated Cardinality": "100000"
                                                    },
                                                    "cumulative_cardinality": 100000,
                                                    "operator_type": "TABLE_SCAN",
                                                    "operator_cardinality": 100000,
                                                    "cumulative_rows_scanned": 100000,
                                                    "operator_rows_scanned": 100000,
                                                    "operator_timing": 0.011421929999999995,
                                                    "result_set_size": 2400000,
                                                    "children": []
                                                }
                                            ]
                                        }
                                    ]
                                }
                            ]
                        }
                    ]
                }
            ]
        }
    ]
}