{
    "rows_returned": 0,
    "query_name": "SELECT COALESCE(\"aka_name\".\"name\", \"aka_name\".\"name\") AS \"ACTOR_NAME\", \"title\".\"title\" AS \"MOVIE_TITLE\", \"comp_cast_type\".\"kind\" AS \"CAST_TYPE\", \"movie_info\".\"info\" AS \"ADDITIONAL_INFO\", \"keyword\".\"keyword\" AS \"MOVIE_KEYWORD\", \"title\".\"production_year\"\nFROM \"aka_name\"\nINNER JOIN \"cast_info\" ON \"aka_name\".\"person_id\" = \"cast_info\".\"person_id\"\nINNER JOIN \"title\" ON \"cast_info\".\"movie_id\" = \"title\".\"id\"\nINNER JOIN \"movie_info\" ON \"title\".\"id\" = \"movie_info\".\"movie_id\"\nINNER JOIN \"movie_keyword\" ON \"title\".\"id\" = \"movie_keyword\".\"movie_id\"\nINNER JOIN \"keyword\" ON \"movie_keyword\".\"keyword_id\" = \"keyword\".\"id\"\nINNER JOIN \"comp_cast_type\" ON \"cast_info\".\"person_role_id\" = \"comp_cast_type\".\"id\"\nWHERE \"title\".\"production_year\" >= 2000 AND \"title\".\"production_year\" <= 2023 AND \"comp_cast_type\".\"kind\" ILIKE '%lead%'",
    "blocked_thread_time": 0.0,
    "cpu_time": 5.648165659000001,
    "extra_info": {},
    "cumulative_cardinality": 12590734,
    "cumulative_rows_scanned": 1522327943,
    "result_set_size": 0,
    "latency": 1.332320483,
    "children": [
        {
            "operator_name": "PROJECTION",
            "cpu_time": 5.648165659000001,
            "extra_info": {
                "Projections": [
                    "ACTOR_NAME",
                    "MOVIE_TITLE",
                    "CAST_TYPE",
                    "ADDITIONAL_INFO",
                    "MOVIE_KEYWORD",
                    "production_year"
                ],
                "Estimated Cardinality": "19027120"
            },
            "cumulative_cardinality": 12590734,
            "operator_type": "PROJECTION",
            "operator_cardinality": 0,
            "cumulative_rows_scanned": 1522327943,
            "operator_rows_scanned": 0,
            "operator_timing": 0.0,
            "result_set_size": 0,
            "children": [
                {
                    "operator_name": "PROJECTION",
                    "cpu_time": 5.648165659000001,
                    "extra_info": {
                        "Projections": [
                            "#0",
                            "#5",
                            "#1",
                            "#2",
                            "__internal_decompress_integral_bigint(#3, 2000)",
                            "#4"
                        ],
                        "Estimated Cardinality": "19027120"
                    },
                    "cumulative_cardinality": 12590734,
                    "operator_type": "PROJECTION",
                    "operator_cardinality": 0,
                    "cumulative_rows_scanned": 1522327943,
                    "operator_rows_scanned": 0,
                    "operator_timing": 0.0,
                    "result_set_size": 0,
                    "children": [
                        {
                            "operator_name": "HASH_JOIN",
                            "cpu_time": 5.648165659000001,
                            "extra_info": {
                                "Join Type": "INNER",
                                "Conditions": "movie_id = movie_id",
                                "Estimated Cardinality": "19027120"
                            },
                            "cumulative_cardinality": 12590734,
                            "operator_type": "HASH_JOIN",
                            "operator_cardinality": 0,
                            "cumulative_rows_scanned": 1522327943,
                            "operator_rows_scanned": 0,
                            "operator_timing": 0.00024285000000000002,
                            "result_set_size": 0,
                            "children": [
                                {
                                    "operator_name": "PROJECTION",
                                    "cpu_time": 0.12875061200000001,
                                    "extra_info": {
                                        "Projections": [
                                            "__internal_compress_integral_uinteger(#0, 2)",
                                            "#1"
                                        ],
                                        "Estimated Cardinality": "14835720"
                                    },
                                    "cumulative_cardinality": 61440,
                                    "operator_type": "PROJECTION",
                                    "operator_cardinality": 30720,
                                    "cumulative_rows_scanned": 222535800,
                                    "operator_rows_scanned": 0,
                                    "operator_timing": 0.00018719799999999997,
                                    "result_set_size": 614400,
                                    "children": [
                                        {
                                            "operator_name": "READ_PARQUET ",
                                            "cpu_time": 0.12856341400000001,
                                            "extra_info": {
                                                "Function": "READ_PARQUET",
                                                "Projections": [
                                                    "movie_id",
                                                    "info"
                                                ],
                                                "Filters": "movie_id>=2 AND movie_id<=2525971",
                                                "Estimated Cardinality": "14835720"
                                            },
                                            "cumulative_cardinality": 30720,
                                            "operator_type": "TABLE_SCAN",
                                            "operator_cardinality": 30720,
                                            "cumulative_rows_scanned": 222535800,
                                            "operator_rows_scanned": 222535800,
                                            "operator_timing": 0.12856341400000001,
                                            "result_set_size": 737280,
                                            "children": []
                                        }
                                    ]
                                },
                                {
                                    "operator_name": "PROJECTION",
                                    "cpu_time": 5.5191721970000005,
                                    "extra_info": {
                                        "Projections": [
                                            "__internal_compress_integral_uinteger(#0, 2)",
                                            "#1",
                                            "#2",
                                            "__internal_compress_integral_utinyint(#3, 2000)",
                                            "#4",
                                            "#5"
                                        ],
                                        "Estimated Cardinality": "3242612"
                                    },
                                    "cumulative_cardinality": 12529294,
                                    "operator_type": "PROJECTION",
                                    "operator_cardinality": 0,
                                    "cumulative_rows_scanned": 1299792143,
                                    "operator_rows_scanned": 0,
                                    "operator_timing": 0.0,
                                    "result_set_size": 0,
                                    "children": [
                                        {
                                            "operator_name": "HASH_JOIN",
                                            "cpu_time": 5.5191721970000005,
                                            "extra_info": {
                                                "Join Type": "INNER",
                                                "Conditions": "person_id = person_id",
                                                "Estimated Cardinality": "3242612"
                                            },
                                            "cumulative_cardinality": 12529294,
                                            "operator_type": "HASH_JOIN",
                                            "operator_cardinality": 0,
                                            "cumulative_rows_scanned": 1299792143,
                                            "operator_rows_scanned": 0,
                                            "operator_timing": 0.12283557600000007,
                                            "result_set_size": 0,
                                            "children": [
                                                {
                                                    "operator_name": "FILTER",
                                                    "cpu_time": 4.970342420000001,
                                                    "extra_info": {
                                                        "Expression": "(person_id >= 4)",
                                                        "Estimated Cardinality": "3242612"
                                                    },
                                                    "cumulative_cardinality": 11756713,
                                                    "operator_type": "FILTER",
                                                    "operator_cardinality": 0,
                                                    "cumulative_rows_scanned": 1298890800,
                                                    "operator_rows_scanned": 0,
                                                    "operator_timing": 6.31e-7,
                                                    "result_set_size": 0,
                                                    "children": [
                                                        {
                                                            "operator_name": "HASH_JOIN",
                                                            "cpu_time": 4.970341789000001,
                                                            "extra_info": {
                                                                "Join Type": "INNER",
                                                                "Conditions": "movie_id = movie_id",
                                                                "Estimated Cardinality": "3242612"
                                                            },
                                                            "cumulative_cardinality": 11756713,
                                                            "operator_type": "HASH_JOIN",
                                                            "operator_cardinality": 0,
                                                            "cumulative_rows_scanned": 1298890800,
                                                            "operator_rows_scanned": 0,
                                                            "operator_timing": 0.47742559300000004,
                                                            "result_set_size": 0,
                                                            "children": [
                                                                {
                                                                    "operator_name": "FILTER",
                                                                    "cpu_time": 2.421248493,
                                                                    "extra_info": {
                                                                        "Expression": "(movie_id BETWEEN 2 AND 2525971)",
                                                                        "Estimated Cardinality": "9061086"
                                                                    },
                                                                    "cumulative_cardinality": 71679,
                                                                    "operator_type": "FILTER",
                                                                    "operator_cardinality": 0,
                                                                    "cumulative_rows_scanned": 1268552044,
                                                                    "operator_rows_scanned": 0,
                                                                    "operator_timing": 2.51e-7,
                                                                    "result_set_size": 0,
                                                                    "children": [
                                                                        {
                                                                            "operator_name": "HASH_JOIN",
                                                                            "cpu_time": 2.421248242,
                                                                            "extra_info": {
                                                                                "Join Type": "INNER",
                                                                                "Conditions": "person_role_id = id",
                                                                                "Estimated Cardinality": "9061086"
                                                                            },
                                                                            "cumulative_cardinality": 71679,
                                                                            "operator_type": "HASH_JOIN",
                                                                            "operator_cardinality": 0,
                                                                            "cumulative_rows_scanned": 1268552044,
                                                                            "operator_rows_scanned": 0,
                                                                            "operator_timing": 0.00046132100000000005,
                                                                            "result_set_size": 0,
                                                                            "children": [
                                                                                {
                                                                                    "operator_name": "READ_PARQUET ",
                                                                                    "cpu_time": 2.4200787779999997,
                                                                                    "extra_info": {
                                                                                        "Function": "READ_PARQUET",
                                                                                        "Projections": [
                                                                                            "person_id",
                                                                                            "movie_id",
                                                                                            "person_role_id"
                                                                                        ],
                                                                                        "Estimated Cardinality": "36244344"
                                                                                    },
                                                                                    "cumulative_cardinality": 71675,
                                                                                    "operator_type": "TABLE_SCAN",
                                                                                    "operator_cardinality": 71675,
                                                                                    "cumulative_rows_scanned": 1268552040,
                                                                                    "operator_rows_scanned": 1268552040,
                                                                                    "operator_timing": 2.4200787779999997,
                                                                                    "result_set_size": 1720200,
                                                                                    "children": []
                                                                                },
                                                                                {
                                                                                    "operator_name": "FILTER",
                                                                                    "cpu_time": 0.000708143,
                                                                                    "extra_info": {
                                                                                        "Expression": "(kind ~~* '%lead%')",
                                                                                        "Estimated Cardinality": "1"
                                                                                    },
                                                                                    "cumulative_cardinality": 4,
                                                                                    "operator_type": "FILTER",
                                                                                    "operator_cardinality": 0,
                                                                                    "cumulative_rows_scanned": 4,
                                                                                    "operator_rows_scanned": 0,
                                                                                    "operator_timing": 0.000032992,
                                                                                    "result_set_size": 0,
                                                                                    "children": [
                                                                                        {
                                                                                            "operator_name": "READ_PARQUET ",
                                                                                            "cpu_time": 0.000675151,
                                                                                            "extra_info": {
                                                                                                "Function": "READ_PARQUET",
                                                                                                "Projections": [
                                                                                                    "id",
                                                                                                    "kind"
                                                                                                ],
                                                                                                "Estimated Cardinality": "4"
                                                                                            },
                                                                                            "cumulative_cardinality": 4,
                                                                                            "operator_type": "TABLE_SCAN",
                                                                                            "operator_cardinality": 4,
                                                                                            "cumulative_rows_scanned": 4,
                                                                                            "operator_rows_scanned": 4,
                                                                                            "operator_timing": 0.000675151,
                                                                                            "result_set_size": 96,
                                                                                            "children": []
                                                                                        }
                                                                                    ]
                                                                                }
                                                                            ]
                                                                        }
                                                                    ]
                                                                },
                                                                {
                                                                    "operator_name": "HASH_JOIN",
                                                                    "cpu_time": 2.071667703000001,
                                                                    "extra_info": {
                                                                        "Join Type": "INNER",
                                                                        "Conditions": "keyword_id = id",
                                                                        "Estimated Cardinality": "904785"
                                                                    },
                                                                    "cumulative_cardinality": 11685034,
                                                                    "operator_type": "HASH_JOIN",
                                                                    "operator_cardinality": 2079172,
                                                                    "cumulative_rows_scanned": 30338756,
                                                                    "operator_rows_scanned": 0,
                                                                    "operator_timing": 0.024313578000000002,
                                                                    "result_set_size": 99800256,
                                                                    "children": [
                                                                        {
                                                                            "operator_name": "HASH_JOIN",
                                                                            "cpu_time": 2.027308337000001,
                                                                            "extra_info": {
                                                                                "Join Type": "INNER",
                                                                                "Conditions": "movie_id = id",
                                                                                "Estimated Cardinality": "904785"
                                                                            },
                                                                            "cumulative_cardinality": 9471692,
                                                                            "operator_type": "HASH_JOIN",
                                                                            "operator_cardinality": 2079172,
                                                                            "cumulative_rows_scanned": 30204586,
                                                                            "operator_rows_scanned": 0,
                                                                            "operator_timing": 0.34593213,
                                                                            "result_set_size": 83166880,
                                                                            "children": [
                                                                                {
                                                                                    "operator_name": "READ_PARQUET ",
                                                                                    "cpu_time": 0.8491187810000004,
                                                                                    "extra_info": {
                                                                                        "Function": "READ_PARQUET",
                                                                                        "Projections": [
                                                                                            "movie_id",
                                                                                            "keyword_id"
                                                                                        ],
                                                                                        "Estimated Cardinality": "4523930"
                                                                                    },
                                                                                    "cumulative_cardinality": 4523927,
                                                                                    "operator_type": "TABLE_SCAN",
                                                                                    "operator_cardinality": 4523927,
                                                                                    "cumulative_rows_scanned": 22619650,
                                                                                    "operator_rows_scanned": 22619650,
                                                                                    "operator_timing": 0.8491187810000004,
                                                                                    "result_set_size": 72382832,
                                                                                    "children": []
                                                                                },
                                                                                {
                                                                                    "operator_name": "FILTER",
                                                                                    "cpu_time": 0.8322574260000002,
                                                                                    "extra_info": {
                                                                                        "Expression": "(id BETWEEN 2 AND 2525971)",
                                                                                        "Estimated Cardinality": "505662"
                                                                                    },
                                                                                    "cumulative_cardinality": 2868593,
                                                                                    "operator_type": "FILTER",
                                                                                    "operator_cardinality": 1434128,
                                                                                    "cumulative_rows_scanned": 7584936,
                                                                                    "operator_rows_scanned": 0,
                                                                                    "operator_timing": 0.007583540999999994,
                                                                                    "result_set_size": 45892096,
                                                                                    "children": [
                                                                                        {
                                                                                            "operator_name": "READ_PARQUET ",
                                                                                            "cpu_time": 0.8246738850000002,
                                                                                            "extra_info": {
                                                                                                "Function": "READ_PARQUET",
                                                                                                "Projections": [
                                                                                                    "id",
                                                                                                    "title",
                                                                                                    "production_year"
                                                                                                ],
                                                                                                "Filters": "production_year>=2000 AND production_year<=2023",
                                                                                                "Estimated Cardinality": "505662"
                                                                                            },
                                                                                            "cumulative_cardinality": 1434465,
                                                                                            "operator_type": "TABLE_SCAN",
                                                                                            "operator_cardinality": 1434465,
                                                                                            "cumulative_rows_scanned": 7584936,
                                                                                            "operator_rows_scanned": 7584936,
                                                                                            "operator_timing": 0.8246738850000002,
                                                                                            "result_set_size": 45902880,
                                                                                            "children": []
                                                                                        }
                                                                                    ]
                                                                                }
                                                                            ]
                                                                        },
                                                                        {
                                                                            "operator_name": "READ_PARQUET ",
                                                                            "cpu_time": 0.02004578799999999,
                                                                            "extra_info": {
                                                                                "Function": "READ_PARQUET",
                                                                                "Projections": [
                                                                                    "id",
                                                                                    "keyword"
                                                                                ],
                                                                                "Estimated Cardinality": "134170"
                                                                            },
                                                                            "cumulative_cardinality": 134170,
                                                                            "operator_type": "TABLE_SCAN",
                                                                            "operator_cardinality": 134170,
                                                                            "cumulative_rows_scanned": 134170,
                                                                            "operator_rows_scanned": 134170,
                                                                            "operator_timing": 0.02004578799999999,
                                                                            "result_set_size": 3220080,
                                                                            "children": []
                                                                        }
                                                                    ]
                                                                }
                                                            ]
                                                        }
                                                    ]
                                                },
                                                {
                                                    "operator_name": "READ_PARQUET ",
                                                    "cpu_time": 0.42599420100000013,
                                                    "extra_info": {
                                                        "Function": "READ_PARQUET",
                                                        "Projections": [
                                                            "person_id",
                                                            "name"
                                                        ],
                                                        "Filters": "person_id<=4061926",
                                                        "Estimated Cardinality": "901343"
                                                    },
                                                    "cumulative_cardinality": 772581,
                                                    "operator_type": "TABLE_SCAN",
                                                    "operator_cardinality": 772581,
                                                    "cumulative_rows_scanned": 901343,
                                                    "operator_rows_scanned": 901343,
                                                    "operator_timing": 0.42599420100000013,
                                                    "result_set_size": 18541944,
                                                    "children": []
                                                }
                                            ]
                                        }
                                    ]
                                }
                            ]
                        }
                    ]
                }
            ]
        }
    ]
}