{
    "rows_returned": 9927,
    "query_name": "SELECT \n    p.Id AS PostId,\n    p.Title,\n    p.Score,\n    p.CreationDate,\n    p.OwnerUserId,\n    p.AnswerCount,\n    p.CommentCount,\n    COUNT(CASE WHEN v.VoteTypeId = 2 THEN 1 END) AS UpVotes,\n    COUNT(CASE WHEN v.VoteTypeId = 3 THEN 1 END) AS DownVotes\nFROM Posts p\nLEFT JOIN Votes v ON p.Id = v.PostId\nWHERE p.CreationDate > (CAST('2024-10-01 12:34:56' AS TIMESTAMP) - INTERVAL '30 days')\nGROUP BY p.Id, p.Title, p.Score, p.CreationDate, p.OwnerUserId, p.AnswerCount, p.CommentCount;",
    "blocked_thread_time": 0.0,
    "cpu_time": 0.172917062,
    "extra_info": {},
    "cumulative_cardinality": 130531,
    "cumulative_rows_scanned": 181073673,
    "result_set_size": 595620,
    "latency": 0.157534221,
    "children": [
        {
            "operator_name": "PROJECTION",
            "cpu_time": 0.172917062,
            "extra_info": {
                "Projections": [
                    "#0",
                    "#1",
                    "__internal_decompress_integral_integer(#2, -72)",
                    "#3",
                    "#4",
                    "__internal_decompress_integral_integer(#5, 0)",
                    "__internal_decompress_integral_integer(#6, 0)",
                    "#7",
                    "#8"
                ],
                "Estimated Cardinality": "3850116"
            },
            "cumulative_cardinality": 130531,
            "operator_type": "PROJECTION",
            "operator_cardinality": 9927,
            "cumulative_rows_scanned": 181073673,
            "operator_rows_scanned": 0,
            "operator_timing": 0.00040271099999999993,
            "result_set_size": 595620,
            "children": [
                {
                    "operator_name": "HASH_GROUP_BY",
                    "cpu_time": 0.172514351,
                    "extra_info": {
                        "Groups": [
                            "#0",
                            "#1",
                            "#2",
                            "#3",
                            "#4",
                            "#5",
                            "#6"
                        ],
                        "Aggregates": [
                            "count(#7)",
                            "count(#8)"
                        ],
                        "Estimated Cardinality": "3850116"
                    },
                    "cumulative_cardinality": 120604,
                    "operator_type": "HASH_GROUP_BY",
                    "operator_cardinality": 9927,
                    "cumulative_rows_scanned": 181073673,
                    "operator_rows_scanned": 0,
                    "operator_timing": 0.02627649,
                    "result_set_size": 516204,
                    "children": [
                        {
                            "operator_name": "PROJECTION",
                            "cpu_time": 0.146237861,
                            "extra_info": {
                                "Projections": [
                                    "id",
                                    "title",
                                    "score",
                                    "creationdate",
                                    "owneruserid",
                                    "answercount",
                                    "commentcount",
                                    "CASE  WHEN ((votetypeid = 2)) THEN (1) ELSE NULL END",
                                    "CASE  WHEN ((votetypeid = 3)) THEN (1) ELSE NULL END"
                                ],
                                "Estimated Cardinality": "12744093"
                            },
                            "cumulative_cardinality": 110677,
                            "operator_type": "PROJECTION",
                            "operator_cardinality": 23952,
                            "cumulative_rows_scanned": 181073673,
                            "operator_rows_scanned": 0,
                            "operator_timing": 0.0005711080000000001,
                            "result_set_size": 1053888,
                            "children": [
                                {
                                    "operator_name": "PROJECTION",
                                    "cpu_time": 0.145666753,
                                    "extra_info": {
                                        "Projections": [
                                            "#0",
                                            "#1",
                                            "#2",
                                            "__internal_compress_integral_usmallint(#3, -72)",
                                            "#4",
                                            "#5",
                                            "__internal_compress_integral_utinyint(#6, 0)",
                                            "__internal_compress_integral_utinyint(#7, 0)"
                                        ],
                                        "Estimated Cardinality": "12744093"
                                    },
                                    "cumulative_cardinality": 86725,
                                    "operator_type": "PROJECTION",
                                    "operator_cardinality": 23952,
                                    "cumulative_rows_scanned": 181073673,
                                    "operator_rows_scanned": 0,
                                    "operator_timing": 0.00026224399999999996,
                                    "result_set_size": 910176,
                                    "children": [
                                        {
                                            "operator_name": "HASH_JOIN",
                                            "cpu_time": 0.14540450900000002,
                                            "extra_info": {
                                                "Join Type": "RIGHT",
                                                "Conditions": "postid = id",
                                                "Estimated Cardinality": "12744093"
                                            },
                                            "cumulative_cardinality": 62773,
                                            "operator_type": "HASH_JOIN",
                                            "operator_cardinality": 23952,
                                            "cumulative_rows_scanned": 181073673,
                                            "operator_rows_scanned": 0,
                                            "operator_timing": 0.005642439000000001,
                                            "result_set_size": 1101792,
                                            "children": [
                                                {
                                                    "operator_name": "READ_PARQUET ",
                                                    "cpu_time": 0.034589560000000005,
                                                    "extra_info": {
                                                        "Function": "READ_PARQUET",
                                                        "Projections": [
                                                            "postid",
                                                            "votetypeid"
                                                        ],
                                                        "Estimated Cardinality": "12744093"
                                                    },
                                                    "cumulative_cardinality": 28894,
                                                    "operator_type": "TABLE_SCAN",
                                                    "operator_cardinality": 28894,
                                                    "cumulative_rows_scanned": 165673209,
                                                    "operator_rows_scanned": 165673209,
                                                    "operator_timing": 0.034589560000000005,
                                                    "result_set_size": 173364,
                                                    "children": []
                                                },
                                                {
                                                    "operator_name": "READ_PARQUET ",
                                                    "cpu_time": 0.10517251000000001,
                                                    "extra_info": {
                                                        "Function": "READ_PARQUET",
                                                        "Projections": [
                                                            "id",
                                                            "creationdate",
                                                            "score",
                                                            "owneruserid",
                                                            "title",
                                                            "answercount",
                                                            "commentcount"
                                                        ],
                                                        "Filters": "creationdate>'2024-09-01 12:34:56'::TIMESTAMP",
                                                        "Estimated Cardinality": "770023"
                                                    },
                                                    "cumulative_cardinality": 9927,
                                                    "operator_type": "TABLE_SCAN",
                                                    "operator_cardinality": 9927,
                                                    "cumulative_rows_scanned": 15400464,
                                                    "operator_rows_scanned": 15400464,
                                                    "operator_timing": 0.10517251000000001,
                                                    "result_set_size": 436788,
                                                    "children": []
                                                }
                                            ]
                                        }
                                    ]
                                }
                            ]
                        }
                    ]
                }
            ]
        }
    ]
}