{
    "rows_returned": 2504852,
    "query_name": "SELECT COALESCE(\"part\".\"p_partkey\", \"part\".\"p_partkey\") AS \"P_PARTKEY\", \"part\".\"p_name\" AS \"P_NAME\", \"supplier\".\"s_name\" AS \"S_NAME\", SUM(\"lineitem\".\"l_extendedprice\" * (1 - \"lineitem\".\"l_discount\")) AS \"REVENUE\"\nFROM (SELECT *\nFROM \"orders\"\nWHERE \"o_orderdate\" >= DATE '1995-01-01' AND \"o_orderdate\" < DATE '1995-01-31') AS \"t\"\nINNER JOIN \"lineitem\" ON \"t\".\"o_orderkey\" = \"lineitem\".\"l_orderkey\"\nINNER JOIN (\"supplier\" INNER JOIN (\"part\" INNER JOIN \"partsupp\" ON \"part\".\"p_partkey\" = \"partsupp\".\"ps_partkey\") ON \"supplier\".\"s_suppkey\" = \"partsupp\".\"ps_suppkey\") ON \"lineitem\".\"l_partkey\" = \"partsupp\".\"ps_partkey\"\nGROUP BY \"part\".\"p_partkey\", \"part\".\"p_name\", \"supplier\".\"s_name\"",
    "blocked_thread_time": 0.0,
    "cpu_time": 13.077703830999996,
    "extra_info": {},
    "cumulative_cardinality": 191716948,
    "cumulative_rows_scanned": 3772291016,
    "result_set_size": 120232896,
    "latency": 3.345463462,
    "children": [
        {
            "operator_name": "PROJECTION",
            "cpu_time": 13.077703830999996,
            "extra_info": {
                "Projections": [
                    "__internal_decompress_integral_bigint(#0, 1)",
                    "#1",
                    "#2",
                    "#3"
                ],
                "Estimated Cardinality": "15000000"
            },
            "cumulative_cardinality": 191716948,
            "operator_type": "PROJECTION",
            "operator_cardinality": 2504852,
            "cumulative_rows_scanned": 3772291016,
            "operator_rows_scanned": 0,
            "operator_timing": 0.00489174,
            "result_set_size": 120232896,
            "children": [
                {
                    "operator_name": "HASH_GROUP_BY",
                    "cpu_time": 13.072812090999996,
                    "extra_info": {
                        "Groups": [
                            "#0",
                            "#1",
                            "#2"
                        ],
                        "Aggregates": "sum(#3)",
                        "Estimated Cardinality": "15000000"
                    },
                    "cumulative_cardinality": 189212096,
                    "operator_type": "HASH_GROUP_BY",
                    "operator_cardinality": 2504852,
                    "cumulative_rows_scanned": 3772291016,
                    "operator_rows_scanned": 0,
                    "operator_timing": 2.0766263809999996,
                    "result_set_size": 110213488,
                    "children": [
                        {
                            "operator_name": "PROJECTION",
                            "cpu_time": 10.996185709999997,
                            "extra_info": {
                                "Projections": [
                                    "p_partkey",
                                    "p_name",
                                    "s_name",
                                    "(l_extendedprice * (1.0 - l_discount))"
                                ],
                                "Estimated Cardinality": "47988841"
                            },
                            "cumulative_cardinality": 186707244,
                            "operator_type": "PROJECTION",
                            "operator_cardinality": 3002096,
                            "cumulative_rows_scanned": 3772291016,
                            "operator_rows_scanned": 0,
                            "operator_timing": 0.041341593999999995,
                            "result_set_size": 132092224,
                            "children": [
                                {
                                    "operator_name": "PROJECTION",
                                    "cpu_time": 10.954844115999997,
                                    "extra_info": {
                                        "Projections": [
                                            "__internal_compress_integral_uinteger(#0, 1)",
                                            "#1",
                                            "#2",
                                            "#3",
                                            "#4"
                                        ],
                                        "Estimated Cardinality": "47988841"
                                    },
                                    "cumulative_cardinality": 183705148,
                                    "operator_type": "PROJECTION",
                                    "operator_cardinality": 3002096,
                                    "cumulative_rows_scanned": 3772291016,
                                    "operator_rows_scanned": 0,
                                    "operator_timing": 0.005314899000000001,
                                    "result_set_size": 156108992,
                                    "children": [
                                        {
                                            "operator_name": "PROJECTION",
                                            "cpu_time": 10.949529216999997,
                                            "extra_info": {
                                                "Projections": [
                                                    "__internal_decompress_integral_bigint(#0, 1)",
                                                    "#1",
                                                    "#2",
                                                    "#4",
                                                    "#3"
                                                ],
                                                "Estimated Cardinality": "47988841"
                                            },
                                            "cumulative_cardinality": 180703052,
                                            "operator_type": "PROJECTION",
                                            "operator_cardinality": 3002096,
                                            "cumulative_rows_scanned": 3772291016,
                                            "operator_rows_scanned": 0,
                                            "operator_timing": 0.011098096999999998,
                                            "result_set_size": 168117376,
                                            "children": [
                                                {
                                                    "operator_name": "HASH_JOIN",
                                                    "cpu_time": 10.938431119999997,
                                                    "extra_info": {
                                                        "Join Type": "INNER",
                                                        "Conditions": "l_partkey = p_partkey",
                                                        "Estimated Cardinality": "47988841"
                                                    },
                                                    "cumulative_cardinality": 177700956,
                                                    "operator_type": "HASH_JOIN",
                                                    "operator_cardinality": 3002096,
                                                    "cumulative_rows_scanned": 3772291016,
                                                    "operator_rows_scanned": 0,
                                                    "operator_timing": 1.7616281940000003,
                                                    "result_set_size": 156108992,
                                                    "children": [
                                                        {
                                                            "operator_name": "PROJECTION",
                                                            "cpu_time": 7.9686754379999964,
                                                            "extra_info": {
                                                                "Projections": [
                                                                    "__internal_compress_integral_uinteger(#0, 1)",
                                                                    "#1",
                                                                    "#2",
                                                                    "#3"
                                                                ],
                                                                "Estimated Cardinality": "11997210"
                                                            },
                                                            "cumulative_cardinality": 122598860,
                                                            "operator_type": "PROJECTION",
                                                            "operator_cardinality": 750524,
                                                            "cumulative_rows_scanned": 3704191016,
                                                            "operator_rows_scanned": 0,
                                                            "operator_timing": 0.003973485000000001,
                                                            "result_set_size": 21014672,
                                                            "children": [
                                                                {
                                                                    "operator_name": "PROJECTION",
                                                                    "cpu_time": 7.964701952999996,
                                                                    "extra_info": {
                                                                        "Projections": [
                                                                            "#0",
                                                                            "#1",
                                                                            "#2",
                                                                            "__internal_decompress_integral_bigint(#3, 1)"
                                                                        ],
                                                                        "Estimated Cardinality": "11997210"
                                                                    },
                                                                    "cumulative_cardinality": 121848336,
                                                                    "operator_type": "PROJECTION",
                                                                    "operator_cardinality": 750524,
                                                                    "cumulative_rows_scanned": 3704191016,
                                                                    "operator_rows_scanned": 0,
                                                                    "operator_timing": 0.007046138,
                                                                    "result_set_size": 24016768,
                                                                    "children": [
                                                                        {
                                                                            "operator_name": "HASH_JOIN",
                                                                            "cpu_time": 7.957655814999996,
                                                                            "extra_info": {
                                                                                "Join Type": "INNER",
                                                                                "Conditions": "l_orderkey = o_orderkey",
                                                                                "Estimated Cardinality": "11997210"
                                                                            },
                                                                            "cumulative_cardinality": 121097812,
                                                                            "operator_type": "HASH_JOIN",
                                                                            "operator_cardinality": 750524,
                                                                            "cumulative_rows_scanned": 3704191016,
                                                                            "operator_rows_scanned": 0,
                                                                            "operator_timing": 1.2704326649999984,
                                                                            "result_set_size": 21014672,
                                                                            "children": [
                                                                                {
                                                                                    "operator_name": "PROJECTION",
                                                                                    "cpu_time": 5.916132240999998,
                                                                                    "extra_info": {
                                                                                        "Projections": [
                                                                                            "__internal_compress_integral_uinteger(#0, 1)",
                                                                                            "#1",
                                                                                            "#2",
                                                                                            "#3"
                                                                                        ],
                                                                                        "Estimated Cardinality": "59986052"
                                                                                    },
                                                                                    "cumulative_cardinality": 119972104,
                                                                                    "operator_type": "PROJECTION",
                                                                                    "operator_cardinality": 59986052,
                                                                                    "cumulative_rows_scanned": 3479191016,
                                                                                    "operator_rows_scanned": 0,
                                                                                    "operator_timing": 0.110250098,
                                                                                    "result_set_size": 1679609456,
                                                                                    "children": [
                                                                                        {
                                                                                            "operator_name": "READ_PARQUET ",
                                                                                            "cpu_time": 5.805882142999998,
                                                                                            "extra_info": {
                                                                                                "Function": "READ_PARQUET",
                                                                                                "Projections": [
                                                                                                    "l_orderkey",
                                                                                                    "l_partkey",
                                                                                                    "l_extendedprice",
                                                                                                    "l_discount"
                                                                                                ],
                                                                                                "Estimated Cardinality": "59986052"
                                                                                            },
                                                                                            "cumulative_cardinality": 59986052,
                                                                                            "operator_type": "TABLE_SCAN",
                                                                                            "operator_cardinality": 59986052,
                                                                                            "cumulative_rows_scanned": 3479191016,
                                                                                            "operator_rows_scanned": 3479191016,
                                                                                            "operator_timing": 5.805882142999998,
                                                                                            "result_set_size": 1919553664,
                                                                                            "children": []
                                                                                        }
                                                                                    ]
                                                                                },
                                                                                {
                                                                                    "operator_name": "PROJECTION",
                                                                                    "cpu_time": 0.7710909090000001,
                                                                                    "extra_info": {
                                                                                        "Projections": "__internal_compress_integral_uinteger(#0, 1)",
                                                                                        "Estimated Cardinality": "3000000"
                                                                                    },
                                                                                    "cumulative_cardinality": 375184,
                                                                                    "operator_type": "PROJECTION",
                                                                                    "operator_cardinality": 187592,
                                                                                    "cumulative_rows_scanned": 225000000,
                                                                                    "operator_rows_scanned": 0,
                                                                                    "operator_timing": 0.004955591999999998,
                                                                                    "result_set_size": 750368,
                                                                                    "children": [
                                                                                        {
                                                                                            "operator_name": "READ_PARQUET ",
                                                                                            "cpu_time": 0.7661353170000001,
                                                                                            "extra_info": {
                                                                                                "Function": "READ_PARQUET",
                                                                                                "Projections": "o_orderkey",
                                                                                                "Filters": "o_orderdate>='1995-01-01 00:00:00'::TIMESTAMP_NS AND o_orderdate<'1995-01-31 00:00:00'::TIMESTAMP_NS",
                                                                                                "Estimated Cardinality": "3000000"
                                                                                            },
                                                                                            "cumulative_cardinality": 187592,
                                                                                            "operator_type": "TABLE_SCAN",
                                                                                            "operator_cardinality": 187592,
                                                                                            "cumulative_rows_scanned": 225000000,
                                                                                            "operator_rows_scanned": 225000000,
                                                                                            "operator_timing": 0.7661353170000001,
                                                                                            "result_set_size": 1500736,
                                                                                            "children": []
                                                                                        }
                                                                                    ]
                                                                                }
                                                                            ]
                                                                        }
                                                                    ]
                                                                }
                                                            ]
                                                        },
                                                        {
                                                            "operator_name": "PROJECTION",
                                                            "cpu_time": 1.2081274879999997,
                                                            "extra_info": {
                                                                "Projections": [
                                                                    "__internal_compress_integral_uinteger(#0, 1)",
                                                                    "#1",
                                                                    "#2"
                                                                ],
                                                                "Estimated Cardinality": "8000000"
                                                            },
                                                            "cumulative_cardinality": 52100000,
                                                            "operator_type": "PROJECTION",
                                                            "operator_cardinality": 8000000,
                                                            "cumulative_rows_scanned": 68100000,
                                                            "operator_rows_scanned": 0,
                                                            "operator_timing": 0.004218461000000002,
                                                            "result_set_size": 288000000,
                                                            "children": [
                                                                {
                                                                    "operator_name": "HASH_JOIN",
                                                                    "cpu_time": 1.2039090269999997,
                                                                    "extra_info": {
                                                                        "Join Type": "INNER",
                                                                        "Conditions": "ps_suppkey = s_suppkey",
                                                                        "Estimated Cardinality": "8000000"
                                                                    },
                                                                    "cumulative_cardinality": 44100000,
                                                                    "operator_type": "HASH_JOIN",
                                                                    "operator_cardinality": 8000000,
                                                                    "cumulative_rows_scanned": 68100000,
                                                                    "operator_rows_scanned": 0,
                                                                    "operator_timing": 0.035629115999999995,
                                                                    "result_set_size": 320000000,
                                                                    "children": [
                                                                        {
                                                                            "operator_name": "PROJECTION",
                                                                            "cpu_time": 1.1466589779999998,
                                                                            "extra_info": {
                                                                                "Projections": [
                                                                                    "#0",
                                                                                    "__internal_decompress_integral_bigint(#1, 1)",
                                                                                    "#2"
                                                                                ],
                                                                                "Estimated Cardinality": "8000000"
                                                                            },
                                                                            "cumulative_cardinality": 36000000,
                                                                            "operator_type": "PROJECTION",
                                                                            "operator_cardinality": 8000000,
                                                                            "cumulative_rows_scanned": 68000000,
                                                                            "operator_rows_scanned": 0,
                                                                            "operator_timing": 0.004482344999999999,
                                                                            "result_set_size": 256000000,
                                                                            "children": [
                                                                                {
                                                                                    "operator_name": "HASH_JOIN",
                                                                                    "cpu_time": 1.1421766329999998,
                                                                                    "extra_info": {
                                                                                        "Join Type": "INNER",
                                                                                        "Conditions": "ps_partkey = p_partkey",
                                                                                        "Estimated Cardinality": "8000000"
                                                                                    },
                                                                                    "cumulative_cardinality": 28000000,
                                                                                    "operator_type": "HASH_JOIN",
                                                                                    "operator_cardinality": 8000000,
                                                                                    "cumulative_rows_scanned": 68000000,
                                                                                    "operator_rows_scanned": 0,
                                                                                    "operator_timing": 0.544972684,
                                                                                    "result_set_size": 224000000,
                                                                                    "children": [
                                                                                        {
                                                                                            "operator_name": "PROJECTION",
                                                                                            "cpu_time": 0.271246611,
                                                                                            "extra_info": {
                                                                                                "Projections": [
                                                                                                    "__internal_compress_integral_uinteger(#0, 1)",
                                                                                                    "#1"
                                                                                                ],
                                                                                                "Estimated Cardinality": "8000000"
                                                                                            },
                                                                                            "cumulative_cardinality": 16000000,
                                                                                            "operator_type": "PROJECTION",
                                                                                            "operator_cardinality": 8000000,
                                                                                            "cumulative_rows_scanned": 64000000,
                                                                                            "operator_rows_scanned": 0,
                                                                                            "operator_timing": 0.013534173000000004,
                                                                                            "result_set_size": 96000000,
                                                                                            "children": [
                                                                                                {
                                                                                                    "operator_name": "READ_PARQUET ",
                                                                                                    "cpu_time": 0.25771243800000004,
                                                                                                    "extra_info": {
                                                                                                        "Function": "READ_PARQUET",
                                                                                                        "Projections": [
                                                                                                            "ps_partkey",
                                                                                                            "ps_suppkey"
                                                                                                        ],
                                                                                                        "Estimated Cardinality": "8000000"
                                                                                                    },
                                                                                                    "cumulative_cardinality": 8000000,
                                                                                                    "operator_type": "TABLE_SCAN",
                                                                                                    "operator_cardinality": 8000000,
                                                                                                    "cumulative_rows_scanned": 64000000,
                                                                                                    "operator_rows_scanned": 64000000,
                                                                                                    "operator_timing": 0.25771243800000004,
                                                                                                    "result_set_size": 128000000,
                                                                                                    "children": []
                                                                                                }
                                                                                            ]
                                                                                        },
                                                                                        {
                                                                                            "operator_name": "PROJECTION",
                                                                                            "cpu_time": 0.3259573379999999,
                                                                                            "extra_info": {
                                                                                                "Projections": [
                                                                                                    "__internal_compress_integral_uinteger(#0, 1)",
                                                                                                    "#1"
                                                                                                ],
                                                                                                "Estimated Cardinality": "2000000"
                                                                                            },
                                                                                            "cumulative_cardinality": 4000000,
                                                                                            "operator_type": "PROJECTION",
                                                                                            "operator_cardinality": 2000000,
                                                                                            "cumulative_rows_scanned": 4000000,
                                                                                            "operator_rows_scanned": 0,
                                                                                            "operator_timing": 0.0018998829999999993,
                                                                                            "result_set_size": 40000000,
                                                                                            "children": [
                                                                                                {
                                                                                                    "operator_name": "READ_PARQUET ",
                                                                                                    "cpu_time": 0.3240574549999999,
                                                                                                    "extra_info": {
                                                                                                        "Function": "READ_PARQUET",
                                                                                                        "Projections": [
                                                                                                            "p_partkey",
                                                                                                            "p_name"
                                                                                                        ],
                                                                                                        "Estimated Cardinality": "2000000"
                                                                                                    },
                                                                                                    "cumulative_cardinality": 2000000,
                                                                                                    "operator_type": "TABLE_SCAN",
                                                                                                    "operator_cardinality": 2000000,
                                                                                                    "cumulative_rows_scanned": 4000000,
                                                                                                    "operator_rows_scanned": 4000000,
                                                                                                    "operator_timing": 0.3240574549999999,
                                                                                                    "result_set_size": 48000000,
                                                                                                    "children": []
                                                                                                }
                                                                                            ]
                                                                                        }
                                                                                    ]
                                                                                }
                                                                            ]
                                                                        },
                                                                        {
                                                                            "operator_name": "READ_PARQUET ",
                                                                            "cpu_time": 0.021620933000000002,
                                                                            "extra_info": {
                                                                                "Function": "READ_PARQUET",
                                                                                "Projections": [
                                                                                    "s_suppkey",
                                                                                    "s_name"
                                                                                ],
                                                                                "Estimated Cardinality": "100000"
                                                                            },
                                                                            "cumulative_cardinality": 100000,
                                                                            "operator_type": "TABLE_SCAN",
                                                                            "operator_cardinality": 100000,
                                                                            "cumulative_rows_scanned": 100000,
                                                                            "operator_rows_scanned": 100000,
                                                                            "operator_timing": 0.021620933000000002,
                                                                            "result_set_size": 2400000,
                                                                            "children": []
                                                                        }
                                                                    ]
                                                                }
                                                            ]
                                                        }
                                                    ]
                                                }
                                            ]
                                        }
                                    ]
                                }
                            ]
                        }
                    ]
                }
            ]
        }
    ]
}