{
    "rows_returned": 3850116,
    "query_name": "SELECT\n    P.Id AS PostId,\n    P.PostTypeId,\n    P.CreationDate,\n    P.Score,\n    P.ViewCount,\n    COALESCE(COUNT(CASE WHEN C.Id IS NOT NULL THEN 1 END), 0) AS CommentCount,\n    COALESCE(COUNT(DISTINCT V.Id), 0) AS VoteCount\nFROM Posts P\nLEFT JOIN Comments C ON P.Id = C.PostId\nLEFT JOIN Votes V ON P.Id = V.PostId\nGROUP BY P.Id, P.PostTypeId, P.CreationDate, P.Score, P.ViewCount;",
    "blocked_thread_time": 0.04,
    "cpu_time": 10.464913047000005,
    "extra_info": {},
    "cumulative_cardinality": 206539653,
    "cumulative_rows_scanned": 231766427,
    "result_set_size": 146304408,
    "latency": 4.202425575,
    "children": [
        {
            "operator_name": "PROJECTION",
            "cpu_time": 10.464913047000005,
            "extra_info": {
                "Projections": [
                    "PostId",
                    "posttypeid",
                    "creationdate",
                    "score",
                    "viewcount",
                    "CommentCount",
                    "VoteCount"
                ],
                "Estimated Cardinality": "3850116"
            },
            "cumulative_cardinality": 206539653,
            "operator_type": "PROJECTION",
            "operator_cardinality": 3850116,
            "cumulative_rows_scanned": 231766427,
            "operator_rows_scanned": 0,
            "operator_timing": 0.08373785300000001,
            "result_set_size": 146304408,
            "children": [
                {
                    "operator_name": "PROJECTION",
                    "cpu_time": 10.381175194000004,
                    "extra_info": {
                        "Projections": [
                            "#0",
                            "__internal_decompress_integral_smallint(#1, 1)",
                            "#2",
                            "__internal_decompress_integral_integer(#3, -72)",
                            "#4",
                            "#5",
                            "#6"
                        ],
                        "Estimated Cardinality": "3850116"
                    },
                    "cumulative_cardinality": 202689537,
                    "operator_type": "PROJECTION",
                    "operator_cardinality": 3850116,
                    "cumulative_rows_scanned": 231766427,
                    "operator_rows_scanned": 0,
                    "operator_timing": 0.010730559999999998,
                    "result_set_size": 146304408,
                    "children": [
                        {
                            "operator_name": "HASH_GROUP_BY",
                            "cpu_time": 10.370444634000004,
                            "extra_info": {
                                "Groups": [
                                    "#0",
                                    "#1",
                                    "#2",
                                    "#3",
                                    "#4"
                                ],
                                "Aggregates": [
                                    "count(#5)",
                                    "count(DISTINCT #6)"
                                ],
                                "Estimated Cardinality": "3850116"
                            },
                            "cumulative_cardinality": 198839421,
                            "operator_type": "HASH_GROUP_BY",
                            "operator_cardinality": 3850116,
                            "cumulative_rows_scanned": 231766427,
                            "operator_rows_scanned": 0,
                            "operator_timing": 5.630904738000003,
                            "result_set_size": 134754060,
                            "children": [
                                {
                                    "operator_name": "PROJECTION",
                                    "cpu_time": 4.739539896000001,
                                    "extra_info": {
                                        "Projections": [
                                            "id",
                                            "posttypeid",
                                            "creationdate",
                                            "score",
                                            "viewcount",
                                            "CASE  WHEN ((id IS NOT NULL)) THEN (1) ELSE NULL END",
                                            "id"
                                        ],
                                        "Estimated Cardinality": "12744093"
                                    },
                                    "cumulative_cardinality": 194989305,
                                    "operator_type": "PROJECTION",
                                    "operator_cardinality": 35129590,
                                    "cumulative_rows_scanned": 231766427,
                                    "operator_rows_scanned": 0,
                                    "operator_timing": 0.14353861099999998,
                                    "result_set_size": 948498930,
                                    "children": [
                                        {
                                            "operator_name": "PROJECTION",
                                            "cpu_time": 4.596001285000001,
                                            "extra_info": {
                                                "Projections": [
                                                    "#0",
                                                    "#1",
                                                    "#2",
                                                    "__internal_compress_integral_utinyint(#3, 1)",
                                                    "#4",
                                                    "__internal_compress_integral_usmallint(#5, -72)",
                                                    "#6"
                                                ],
                                                "Estimated Cardinality": "12744093"
                                            },
                                            "cumulative_cardinality": 159859715,
                                            "operator_type": "PROJECTION",
                                            "operator_cardinality": 35129590,
                                            "cumulative_rows_scanned": 231766427,
                                            "operator_rows_scanned": 0,
                                            "operator_timing": 0.029832469000000025,
                                            "result_set_size": 948498930,
                                            "children": [
                                                {
                                                    "operator_name": "PROJECTION",
                                                    "cpu_time": 4.566168816000001,
                                                    "extra_info": {
                                                        "Projections": [
                                                            "#0",
                                                            "#1",
                                                            "#2",
                                                            "__internal_decompress_integral_smallint(#3, 1)",
                                                            "#4",
                                                            "__internal_decompress_integral_integer(#5, -72)",
                                                            "#6"
                                                        ],
                                                        "Estimated Cardinality": "12744093"
                                                    },
                                                    "cumulative_cardinality": 124730125,
                                                    "operator_type": "PROJECTION",
                                                    "operator_cardinality": 35129590,
                                                    "cumulative_rows_scanned": 231766427,
                                                    "operator_rows_scanned": 0,
                                                    "operator_timing": 0.034595626,
                                                    "result_set_size": 1053887700,
                                                    "children": [
                                                        {
                                                            "operator_name": "HASH_JOIN",
                                                            "cpu_time": 4.531573190000001,
                                                            "extra_info": {
                                                                "Join Type": "RIGHT",
                                                                "Conditions": "postid = id",
                                                                "Estimated Cardinality": "12744093"
                                                            },
                                                            "cumulative_cardinality": 89600535,
                                                            "operator_type": "HASH_JOIN",
                                                            "operator_cardinality": 35129590,
                                                            "cumulative_rows_scanned": 231766427,
                                                            "operator_rows_scanned": 0,
                                                            "operator_timing": 2.613479227000001,
                                                            "result_set_size": 948498930,
                                                            "children": [
                                                                {
                                                                    "operator_name": "READ_PARQUET ",
                                                                    "cpu_time": 0.4130722550000001,
                                                                    "extra_info": {
                                                                        "Function": "READ_PARQUET",
                                                                        "Projections": [
                                                                            "id",
                                                                            "postid"
                                                                        ],
                                                                        "Estimated Cardinality": "12744093"
                                                                    },
                                                                    "cumulative_cardinality": 12744093,
                                                                    "operator_type": "TABLE_SCAN",
                                                                    "operator_cardinality": 12744093,
                                                                    "cumulative_rows_scanned": 165673209,
                                                                    "operator_rows_scanned": 165673209,
                                                                    "operator_timing": 0.4130722550000001,
                                                                    "result_set_size": 101952744,
                                                                    "children": []
                                                                },
                                                                {
                                                                    "operator_name": "PROJECTION",
                                                                    "cpu_time": 1.5050217080000003,
                                                                    "extra_info": {
                                                                        "Projections": [
                                                                            "#0",
                                                                            "#1",
                                                                            "__internal_compress_integral_utinyint(#2, 1)",
                                                                            "#3",
                                                                            "__internal_compress_integral_usmallint(#4, -72)",
                                                                            "#5"
                                                                        ],
                                                                        "Estimated Cardinality": "7241822"
                                                                    },
                                                                    "cumulative_cardinality": 41726852,
                                                                    "operator_type": "PROJECTION",
                                                                    "operator_cardinality": 8928266,
                                                                    "cumulative_rows_scanned": 66093218,
                                                                    "operator_rows_scanned": 0,
                                                                    "operator_timing": 0.006471206000000001,
                                                                    "result_set_size": 205350118,
                                                                    "children": [
                                                                        {
                                                                            "operator_name": "PROJECTION",
                                                                            "cpu_time": 1.4985505020000003,
                                                                            "extra_info": {
                                                                                "Projections": [
                                                                                    "#0",
                                                                                    "#1",
                                                                                    "__internal_decompress_integral_smallint(#2, 1)",
                                                                                    "#3",
                                                                                    "__internal_decompress_integral_integer(#4, -72)",
                                                                                    "#5"
                                                                                ],
                                                                                "Estimated Cardinality": "7241822"
                                                                            },
                                                                            "cumulative_cardinality": 32798586,
                                                                            "operator_type": "PROJECTION",
                                                                            "operator_cardinality": 8928266,
                                                                            "cumulative_rows_scanned": 66093218,
                                                                            "operator_rows_scanned": 0,
                                                                            "operator_timing": 0.007034663000000001,
                                                                            "result_set_size": 232134916,
                                                                            "children": [
                                                                                {
                                                                                    "operator_name": "HASH_JOIN",
                                                                                    "cpu_time": 1.4915158390000003,
                                                                                    "extra_info": {
                                                                                        "Join Type": "RIGHT",
                                                                                        "Conditions": "postid = id",
                                                                                        "Estimated Cardinality": "7241822"
                                                                                    },
                                                                                    "cumulative_cardinality": 23870320,
                                                                                    "operator_type": "HASH_JOIN",
                                                                                    "operator_cardinality": 8928266,
                                                                                    "cumulative_rows_scanned": 66093218,
                                                                                    "operator_rows_scanned": 0,
                                                                                    "operator_timing": 0.9721046300000001,
                                                                                    "result_set_size": 205350118,
                                                                                    "children": [
                                                                                        {
                                                                                            "operator_name": "READ_PARQUET ",
                                                                                            "cpu_time": 0.2553346249999999,
                                                                                            "extra_info": {
                                                                                                "Function": "READ_PARQUET",
                                                                                                "Projections": [
                                                                                                    "id",
                                                                                                    "postid"
                                                                                                ],
                                                                                                "Estimated Cardinality": "7241822"
                                                                                            },
                                                                                            "cumulative_cardinality": 7241822,
                                                                                            "operator_type": "TABLE_SCAN",
                                                                                            "operator_cardinality": 7241822,
                                                                                            "cumulative_rows_scanned": 50692754,
                                                                                            "operator_rows_scanned": 50692754,
                                                                                            "operator_timing": 0.2553346249999999,
                                                                                            "result_set_size": 57934576,
                                                                                            "children": []
                                                                                        },
                                                                                        {
                                                                                            "operator_name": "PROJECTION",
                                                                                            "cpu_time": 0.264076584,
                                                                                            "extra_info": {
                                                                                                "Projections": [
                                                                                                    "#0",
                                                                                                    "__internal_compress_integral_utinyint(#1, 1)",
                                                                                                    "#2",
                                                                                                    "__internal_compress_integral_usmallint(#3, -72)",
                                                                                                    "#4"
                                                                                                ],
                                                                                                "Estimated Cardinality": "3850116"
                                                                                            },
                                                                                            "cumulative_cardinality": 7700232,
                                                                                            "operator_type": "PROJECTION",
                                                                                            "operator_cardinality": 3850116,
                                                                                            "cumulative_rows_scanned": 15400464,
                                                                                            "operator_rows_scanned": 0,
                                                                                            "operator_timing": 0.003317460000000001,
                                                                                            "result_set_size": 73152204,
                                                                                            "children": [
                                                                                                {
                                                                                                    "operator_name": "READ_PARQUET ",
                                                                                                    "cpu_time": 0.260759124,
                                                                                                    "extra_info": {
                                                                                                        "Function": "READ_PARQUET",
                                                                                                        "Projections": [
                                                                                                            "id",
                                                                                                            "posttypeid",
                                                                                                            "creationdate",
                                                                                                            "score",
                                                                                                            "viewcount"
                                                                                                        ],
                                                                                                        "Estimated Cardinality": "3850116"
                                                                                                    },
                                                                                                    "cumulative_cardinality": 3850116,
                                                                                                    "operator_type": "TABLE_SCAN",
                                                                                                    "operator_cardinality": 3850116,
                                                                                                    "cumulative_rows_scanned": 15400464,
                                                                                                    "operator_rows_scanned": 15400464,
                                                                                                    "operator_timing": 0.260759124,
                                                                                                    "result_set_size": 84702552,
                                                                                                    "children": []
                                                                                                }
                                                                                            ]
                                                                                        }
                                                                                    ]
                                                                                }
                                                                            ]
                                                                        }
                                                                    ]
                                                                }
                                                            ]
                                                        }
                                                    ]
                                                }
                                            ]
                                        }
                                    ]
                                }
                            ]
                        }
                    ]
                }
            ]
        }
    ]
}