{
    "rows_returned": 2181952,
    "query_name": "WITH PostStatistics AS (\n    SELECT \n        P.Id AS PostId,\n        P.PostTypeId,\n        P.CreationDate,\n        P.Score,\n        P.ViewCount,\n        COUNT(CASE WHEN C.PostId IS NOT NULL THEN 1 END) AS CommentCount,\n        COUNT(CASE WHEN V.PostId IS NOT NULL THEN 1 END) AS VoteCount\n    FROM \n        Posts P\n    LEFT JOIN \n        Comments C ON P.Id = C.PostId\n    LEFT JOIN \n        Votes V ON P.Id = V.PostId\n    GROUP BY \n        P.Id, P.PostTypeId, P.CreationDate, P.Score, P.ViewCount\n),\nUserStatistics AS (\n    SELECT \n        U.Id AS UserId,\n        U.Reputation,\n        COUNT(DISTINCT B.Id) AS BadgeCount,\n        SUM(P.ViewCount) AS UserPostViewCount\n    FROM \n        Users U\n    LEFT JOIN \n        Badges B ON U.Id = B.UserId\n    LEFT JOIN \n        Posts P ON U.Id = P.OwnerUserId\n    GROUP BY \n        U.Id, U.Reputation\n)\nSELECT \n    PS.PostId,\n    PS.PostTypeId,\n    PS.CreationDate,\n    PS.Score,\n    PS.ViewCount,\n    PS.CommentCount,\n    PS.VoteCount,\n    US.UserId,\n    US.Reputation,\n    US.BadgeCount,\n    US.UserPostViewCount\nFROM \n    PostStatistics PS\nJOIN \n    Users U ON PS.PostTypeId = U.Id\nJOIN \n    UserStatistics US ON U.Id = US.UserId\nORDER BY \n    PS.ViewCount DESC, PS.Score DESC",
    "blocked_thread_time": 0.06,
    "cpu_time": 56.54632306800002,
    "extra_info": {},
    "cumulative_cardinality": 1399861788,
    "cumulative_rows_scanned": 259174903,
    "result_set_size": 152736640,
    "latency": 17.654851104,
    "children": [
        {
            "operator_name": "PROJECTION",
            "cpu_time": 56.54632306800002,
            "extra_info": {
                "Projections": [
                    "#0",
                    "__internal_decompress_integral_smallint(#1, 1)",
                    "#2",
                    "__internal_decompress_integral_integer(#3, -72)",
                    "#4",
                    "#5",
                    "#6",
                    "#7",
                    "#8",
                    "#9",
                    "#10"
                ],
                "Estimated Cardinality": "3850116"
            },
            "cumulative_cardinality": 1399861788,
            "operator_type": "PROJECTION",
            "operator_cardinality": 2181952,
            "cumulative_rows_scanned": 259174903,
            "operator_rows_scanned": 0,
            "operator_timing": 0.0024632169999999998,
            "result_set_size": 152736640,
            "children": [
                {
                    "operator_name": "ORDER_BY",
                    "cpu_time": 56.54385985100002,
                    "extra_info": {
                        "Order By": [
                            "PS.ViewCount DESC",
                            "PS.Score DESC"
                        ]
                    },
                    "cumulative_cardinality": 1397679836,
                    "operator_type": "ORDER_BY",
                    "operator_cardinality": 2181952,
                    "cumulative_rows_scanned": 259174903,
                    "operator_rows_scanned": 0,
                    "operator_timing": 3.906902359999996,
                    "result_set_size": 146190784,
                    "children": [
                        {
                            "operator_name": "PROJECTION",
                            "cpu_time": 52.636957491000025,
                            "extra_info": {
                                "Projections": [
                                    "#0",
                                    "__internal_compress_integral_utinyint(#1, 1)",
                                    "#2",
                                    "__internal_compress_integral_usmallint(#3, -72)",
                                    "#4",
                                    "#5",
                                    "#6",
                                    "#7",
                                    "#8",
                                    "#9",
                                    "#10"
                                ],
                                "Estimated Cardinality": "3850116"
                            },
                            "cumulative_cardinality": 1395497884,
                            "operator_type": "PROJECTION",
                            "operator_cardinality": 2181952,
                            "cumulative_rows_scanned": 259174903,
                            "operator_rows_scanned": 0,
                            "operator_timing": 0.007663627000000001,
                            "result_set_size": 146190784,
                            "children": [
                                {
                                    "operator_name": "PROJECTION",
                                    "cpu_time": 52.629293864000026,
                                    "extra_info": {
                                        "Projections": [
                                            "PostId",
                                            "posttypeid",
                                            "creationdate",
                                            "score",
                                            "viewcount",
                                            "CommentCount",
                                            "VoteCount",
                                            "UserId",
                                            "reputation",
                                            "BadgeCount",
                                            "UserPostViewCount"
                                        ],
                                        "Estimated Cardinality": "3850116"
                                    },
                                    "cumulative_cardinality": 1393315932,
                                    "operator_type": "PROJECTION",
                                    "operator_cardinality": 2181952,
                                    "cumulative_rows_scanned": 259174903,
                                    "operator_rows_scanned": 0,
                                    "operator_timing": 0.0011550520000000004,
                                    "result_set_size": 152736640,
                                    "children": [
                                        {
                                            "operator_name": "HASH_JOIN",
                                            "cpu_time": 52.628138812000024,
                                            "extra_info": {
                                                "Join Type": "INNER",
                                                "Conditions": "CAST(posttypeid AS INTEGER) = UserId",
                                                "Estimated Cardinality": "3850116"
                                            },
                                            "cumulative_cardinality": 1391133980,
                                            "operator_type": "HASH_JOIN",
                                            "operator_cardinality": 2181952,
                                            "cumulative_rows_scanned": 259174903,
                                            "operator_rows_scanned": 0,
                                            "operator_timing": 0.21209112299999994,
                                            "result_set_size": 152736640,
                                            "children": [
                                                {
                                                    "operator_name": "PROJECTION",
                                                    "cpu_time": 9.336194519000001,
                                                    "extra_info": {
                                                        "Projections": [
                                                            "#0",
                                                            "__internal_decompress_integral_smallint(#1, 1)",
                                                            "#2",
                                                            "__internal_decompress_integral_integer(#3, -72)",
                                                            "#4",
                                                            "#5",
                                                            "#6"
                                                        ],
                                                        "Estimated Cardinality": "3850116"
                                                    },
                                                    "cumulative_cardinality": 202689537,
                                                    "operator_type": "PROJECTION",
                                                    "operator_cardinality": 3850116,
                                                    "cumulative_rows_scanned": 231766427,
                                                    "operator_rows_scanned": 0,
                                                    "operator_timing": 0.0033370349999999995,
                                                    "result_set_size": 146304408,
                                                    "children": [
                                                        {
                                                            "operator_name": "HASH_GROUP_BY",
                                                            "cpu_time": 9.332857484000002,
                                                            "extra_info": {
                                                                "Groups": [
                                                                    "#0",
                                                                    "#1",
                                                                    "#2",
                                                                    "#3",
                                                                    "#4"
                                                                ],
                                                                "Aggregates": [
                                                                    "count(#5)",
                                                                    "count(#6)"
                                                                ],
                                                                "Estimated Cardinality": "3850116"
                                                            },
                                                            "cumulative_cardinality": 198839421,
                                                            "operator_type": "HASH_GROUP_BY",
                                                            "operator_cardinality": 3850116,
                                                            "cumulative_rows_scanned": 231766427,
                                                            "operator_rows_scanned": 0,
                                                            "operator_timing": 2.8054634830000005,
                                                            "result_set_size": 134754060,
                                                            "children": [
                                                                {
                                                                    "operator_name": "PROJECTION",
                                                                    "cpu_time": 6.527394001,
                                                                    "extra_info": {
                                                                        "Projections": [
                                                                            "id",
                                                                            "posttypeid",
                                                                            "creationdate",
                                                                            "score",
                                                                            "viewcount",
                                                                            "CASE  WHEN ((postid IS NOT NULL)) THEN (1) ELSE NULL END",
                                                                            "CASE  WHEN ((postid IS NOT NULL)) THEN (1) ELSE NULL END"
                                                                        ],
                                                                        "Estimated Cardinality": "12744093"
                                                                    },
                                                                    "cumulative_cardinality": 194989305,
                                                                    "operator_type": "PROJECTION",
                                                                    "operator_cardinality": 35129590,
                                                                    "cumulative_rows_scanned": 231766427,
                                                                    "operator_rows_scanned": 0,
                                                                    "operator_timing": 0.25291939899999993,
                                                                    "result_set_size": 948498930,
                                                                    "children": [
                                                                        {
                                                                            "operator_name": "PROJECTION",
                                                                            "cpu_time": 6.274474602000001,
                                                                            "extra_info": {
                                                                                "Projections": [
                                                                                    "#0",
                                                                                    "#1",
                                                                                    "#2",
                                                                                    "__internal_compress_integral_utinyint(#3, 1)",
                                                                                    "#4",
                                                                                    "__internal_compress_integral_usmallint(#5, -72)",
                                                                                    "#6"
                                                                                ],
                                                                                "Estimated Cardinality": "12744093"
                                                                            },
                                                                            "cumulative_cardinality": 159859715,
                                                                            "operator_type": "PROJECTION",
                                                                            "operator_cardinality": 35129590,
                                                                            "cumulative_rows_scanned": 231766427,
                                                                            "operator_rows_scanned": 0,
                                                                            "operator_timing": 0.033207142000000016,
                                                                            "result_set_size": 948498930,
                                                                            "children": [
                                                                                {
                                                                                    "operator_name": "PROJECTION",
                                                                                    "cpu_time": 6.24126746,
                                                                                    "extra_info": {
                                                                                        "Projections": [
                                                                                            "#0",
                                                                                            "#1",
                                                                                            "#2",
                                                                                            "__internal_decompress_integral_smallint(#3, 1)",
                                                                                            "#4",
                                                                                            "__internal_decompress_integral_integer(#5, -72)",
                                                                                            "#6"
                                                                                        ],
                                                                                        "Estimated Cardinality": "12744093"
                                                                                    },
                                                                                    "cumulative_cardinality": 124730125,
                                                                                    "operator_type": "PROJECTION",
                                                                                    "operator_cardinality": 35129590,
                                                                                    "cumulative_rows_scanned": 231766427,
                                                                                    "operator_rows_scanned": 0,
                                                                                    "operator_timing": 0.037290985000000006,
                                                                                    "result_set_size": 1053887700,
                                                                                    "children": [
                                                                                        {
                                                                                            "operator_name": "HASH_JOIN",
                                                                                            "cpu_time": 6.203976475,
                                                                                            "extra_info": {
                                                                                                "Join Type": "RIGHT",
                                                                                                "Conditions": "postid = id",
                                                                                                "Estimated Cardinality": "12744093"
                                                                                            },
                                                                                            "cumulative_cardinality": 89600535,
                                                                                            "operator_type": "HASH_JOIN",
                                                                                            "operator_cardinality": 35129590,
                                                                                            "cumulative_rows_scanned": 231766427,
                                                                                            "operator_rows_scanned": 0,
                                                                                            "operator_timing": 3.219780284,
                                                                                            "result_set_size": 948498930,
                                                                                            "children": [
                                                                                                {
                                                                                                    "operator_name": "READ_PARQUET ",
                                                                                                    "cpu_time": 0.7325975619999999,
                                                                                                    "extra_info": {
                                                                                                        "Function": "READ_PARQUET",
                                                                                                        "Projections": "postid",
                                                                                                        "Estimated Cardinality": "12744093"
                                                                                                    },
                                                                                                    "cumulative_cardinality": 12744093,
                                                                                                    "operator_type": "TABLE_SCAN",
                                                                                                    "operator_cardinality": 12744093,
                                                                                                    "cumulative_rows_scanned": 165673209,
                                                                                                    "operator_rows_scanned": 165673209,
                                                                                                    "operator_timing": 0.7325975619999999,
                                                                                                    "result_set_size": 50976372,
                                                                                                    "children": []
                                                                                                },
                                                                                                {
                                                                                                    "operator_name": "PROJECTION",
                                                                                                    "cpu_time": 2.251598629,
                                                                                                    "extra_info": {
                                                                                                        "Projections": [
                                                                                                            "#0",
                                                                                                            "#1",
                                                                                                            "__internal_compress_integral_utinyint(#2, 1)",
                                                                                                            "#3",
                                                                                                            "__internal_compress_integral_usmallint(#4, -72)",
                                                                                                            "#5"
                                                                                                        ],
                                                                                                        "Estimated Cardinality": "7241822"
                                                                                                    },
                                                                                                    "cumulative_cardinality": 41726852,
                                                                                                    "operator_type": "PROJECTION",
                                                                                                    "operator_cardinality": 8928266,
                                                                                                    "cumulative_rows_scanned": 66093218,
                                                                                                    "operator_rows_scanned": 0,
                                                                                                    "operator_timing": 0.006965466999999999,
                                                                                                    "result_set_size": 205350118,
                                                                                                    "children": [
                                                                                                        {
                                                                                                            "operator_name": "PROJECTION",
                                                                                                            "cpu_time": 2.244633162,
                                                                                                            "extra_info": {
                                                                                                                "Projections": [
                                                                                                                    "#0",
                                                                                                                    "#1",
                                                                                                                    "__internal_decompress_integral_smallint(#2, 1)",
                                                                                                                    "#3",
                                                                                                                    "__internal_decompress_integral_integer(#4, -72)",
                                                                                                                    "#5"
                                                                                                                ],
                                                                                                                "Estimated Cardinality": "7241822"
                                                                                                            },
                                                                                                            "cumulative_cardinality": 32798586,
                                                                                                            "operator_type": "PROJECTION",
                                                                                                            "operator_cardinality": 8928266,
                                                                                                            "cumulative_rows_scanned": 66093218,
                                                                                                            "operator_rows_scanned": 0,
                                                                                                            "operator_timing": 0.0079865,
                                                                                                            "result_set_size": 232134916,
                                                                                                            "children": [
                                                                                                                {
                                                                                                                    "operator_name": "HASH_JOIN",
                                                                                                                    "cpu_time": 2.236646662,
                                                                                                                    "extra_info": {
                                                                                                                        "Join Type": "RIGHT",
                                                                                                                        "Conditions": "postid = id",
                                                                                                                        "Estimated Cardinality": "7241822"
                                                                                                                    },
                                                                                                                    "cumulative_cardinality": 23870320,
                                                                                                                    "operator_type": "HASH_JOIN",
                                                                                                                    "operator_cardinality": 8928266,
                                                                                                                    "cumulative_rows_scanned": 66093218,
                                                                                                                    "operator_rows_scanned": 0,
                                                                                                                    "operator_timing": 1.2573630909999998,
                                                                                                                    "result_set_size": 205350118,
                                                                                                                    "children": [
                                                                                                                        {
                                                                                                                            "operator_name": "READ_PARQUET ",
                                                                                                                            "cpu_time": 0.49352681699999995,
                                                                                                                            "extra_info": {
                                                                                                                                "Function": "READ_PARQUET",
                                                                                                                                "Projections": "postid",
                                                                                                                                "Estimated Cardinality": "7241822"
                                                                                                                            },
                                                                                                                            "cumulative_cardinality": 7241822,
                                                                                                                            "operator_type": "TABLE_SCAN",
                                                                                                                            "operator_cardinality": 7241822,
                                                                                                                            "cumulative_rows_scanned": 50692754,
                                                                                                                            "operator_rows_scanned": 50692754,
                                                                                                                            "operator_timing": 0.49352681699999995,
                                                                                                                            "result_set_size": 28967288,
                                                                                                                            "children": []
                                                                                                                        },
                                                                                                                        {
                                                                                                                            "operator_name": "PROJECTION",
                                                                                                                            "cpu_time": 0.4857567540000001,
                                                                                                                            "extra_info": {
                                                                                                                                "Projections": [
                                                                                                                                    "#0",
                                                                                                                                    "__internal_compress_integral_utinyint(#1, 1)",
                                                                                                                                    "#2",
                                                                                                                                    "__internal_compress_integral_usmallint(#3, -72)",
                                                                                                                                    "#4"
                                                                                                                                ],
                                                                                                                                "Estimated Cardinality": "3850116"
                                                                                                                            },
                                                                                                                            "cumulative_cardinality": 7700232,
                                                                                                                            "operator_type": "PROJECTION",
                                                                                                                            "operator_cardinality": 3850116,
                                                                                                                            "cumulative_rows_scanned": 15400464,
                                                                                                                            "operator_rows_scanned": 0,
                                                                                                                            "operator_timing": 0.0033209339999999993,
                                                                                                                            "result_set_size": 73152204,
                                                                                                                            "children": [
                                                                                                                                {
                                                                                                                                    "operator_name": "READ_PARQUET ",
                                                                                                                                    "cpu_time": 0.4824358200000001,
                                                                                                                                    "extra_info": {
                                                                                                                                        "Function": "READ_PARQUET",
                                                                                                                                        "Projections": [
                                                                                                                                            "id",
                                                                                                                                            "posttypeid",
                                                                                                                                            "creationdate",
                                                                                                                                            "score",
                                                                                                                                            "viewcount"
                                                                                                                                        ],
                                                                                                                                        "Estimated Cardinality": "3850116"
                                                                                                                                    },
                                                                                                                                    "cumulative_cardinality": 3850116,
                                                                                                                                    "operator_type": "TABLE_SCAN",
                                                                                                                                    "operator_cardinality": 3850116,
                                                                                                                                    "cumulative_rows_scanned": 15400464,
                                                                                                                                    "operator_rows_scanned": 15400464,
                                                                                                                                    "operator_timing": 0.4824358200000001,
                                                                                                                                    "result_set_size": 84702552,
                                                                                                                                    "children": []
                                                                                                                                }
                                                                                                                            ]
                                                                                                                        }
                                                                                                                    ]
                                                                                                                }
                                                                                                            ]
                                                                                                        }
                                                                                                    ]
                                                                                                }
                                                                                            ]
                                                                                        }
                                                                                    ]
                                                                                }
                                                                            ]
                                                                        }
                                                                    ]
                                                                }
                                                            ]
                                                        }
                                                    ]
                                                },
                                                {
                                                    "operator_name": "HASH_JOIN",
                                                    "cpu_time": 43.07985317000002,
                                                    "extra_info": {
                                                        "Join Type": "INNER",
                                                        "Conditions": "UserId = id",
                                                        "Estimated Cardinality": "1260710"
                                                    },
                                                    "cumulative_cardinality": 1186262491,
                                                    "operator_type": "HASH_JOIN",
                                                    "operator_cardinality": 1260710,
                                                    "cumulative_rows_scanned": 27408476,
                                                    "operator_rows_scanned": 0,
                                                    "operator_timing": 0.20368288400000006,
                                                    "result_set_size": 40342720,
                                                    "children": [
                                                        {
                                                            "operator_name": "HASH_GROUP_BY",
                                                            "cpu_time": 42.85793014000002,
                                                            "extra_info": {
                                                                "Groups": [
                                                                    "#0",
                                                                    "#1"
                                                                ],
                                                                "Aggregates": [
                                                                    "count(DISTINCT #2)",
                                                                    "sum(#3)"
                                                                ],
                                                                "Estimated Cardinality": "1260710"
                                                            },
                                                            "cumulative_cardinality": 1183741071,
                                                            "operator_type": "HASH_GROUP_BY",
                                                            "operator_cardinality": 1260710,
                                                            "cumulative_rows_scanned": 24887056,
                                                            "operator_rows_scanned": 0,
                                                            "operator_timing": 29.97196231400006,
                                                            "result_set_size": 40342720,
                                                            "children": [
                                                                {
                                                                    "operator_name": "PROJECTION",
                                                                    "cpu_time": 12.885967825999963,
                                                                    "extra_info": {
                                                                        "Projections": [
                                                                            "id",
                                                                            "reputation",
                                                                            "id",
                                                                            "viewcount"
                                                                        ],
                                                                        "Estimated Cardinality": "3850116"
                                                                    },
                                                                    "cumulative_cardinality": 1182480361,
                                                                    "operator_type": "PROJECTION",
                                                                    "operator_cardinality": 586089549,
                                                                    "cumulative_rows_scanned": 24887056,
                                                                    "operator_rows_scanned": 0,
                                                                    "operator_timing": 0.0638779010000548,
                                                                    "result_set_size": 9377432784,
                                                                    "children": [
                                                                        {
                                                                            "operator_name": "HASH_JOIN",
                                                                            "cpu_time": 12.822089924999908,
                                                                            "extra_info": {
                                                                                "Join Type": "RIGHT",
                                                                                "Conditions": "owneruserid = id",
                                                                                "Estimated Cardinality": "3850116"
                                                                            },
                                                                            "cumulative_cardinality": 596390812,
                                                                            "operator_type": "HASH_JOIN",
                                                                            "operator_cardinality": 586089549,
                                                                            "cumulative_rows_scanned": 24887056,
                                                                            "operator_rows_scanned": 0,
                                                                            "operator_timing": 12.156272499999908,
                                                                            "result_set_size": 9377432784,
                                                                            "children": [
                                                                                {
                                                                                    "operator_name": "READ_PARQUET ",
                                                                                    "cpu_time": 0.320114302,
                                                                                    "extra_info": {
                                                                                        "Function": "READ_PARQUET",
                                                                                        "Projections": [
                                                                                            "viewcount",
                                                                                            "owneruserid"
                                                                                        ],
                                                                                        "Estimated Cardinality": "3850116"
                                                                                    },
                                                                                    "cumulative_cardinality": 3685416,
                                                                                    "operator_type": "TABLE_SCAN",
                                                                                    "operator_cardinality": 3685416,
                                                                                    "cumulative_rows_scanned": 15400464,
                                                                                    "operator_rows_scanned": 15400464,
                                                                                    "operator_timing": 0.320114302,
                                                                                    "result_set_size": 29483328,
                                                                                    "children": []
                                                                                },
                                                                                {
                                                                                    "operator_name": "HASH_JOIN",
                                                                                    "cpu_time": 0.34570312300000017,
                                                                                    "extra_info": {
                                                                                        "Join Type": "RIGHT",
                                                                                        "Conditions": "userid = id",
                                                                                        "Estimated Cardinality": "2321724"
                                                                                    },
                                                                                    "cumulative_cardinality": 6615847,
                                                                                    "operator_type": "HASH_JOIN",
                                                                                    "operator_cardinality": 3033413,
                                                                                    "cumulative_rows_scanned": 9486592,
                                                                                    "operator_rows_scanned": 0,
                                                                                    "operator_timing": 0.25314770200000014,
                                                                                    "result_set_size": 36400956,
                                                                                    "children": [
                                                                                        {
                                                                                            "operator_name": "READ_PARQUET ",
                                                                                            "cpu_time": 0.06605775299999998,
                                                                                            "extra_info": {
                                                                                                "Function": "READ_PARQUET",
                                                                                                "Projections": [
                                                                                                    "id",
                                                                                                    "userid"
                                                                                                ],
                                                                                                "Estimated Cardinality": "2321724"
                                                                                            },
                                                                                            "cumulative_cardinality": 2321724,
                                                                                            "operator_type": "TABLE_SCAN",
                                                                                            "operator_cardinality": 2321724,
                                                                                            "cumulative_rows_scanned": 6965172,
                                                                                            "operator_rows_scanned": 6965172,
                                                                                            "operator_timing": 0.06605775299999998,
                                                                                            "result_set_size": 18573792,
                                                                                            "children": []
                                                                                        },
                                                                                        {
                                                                                            "operator_name": "READ_PARQUET ",
                                                                                            "cpu_time": 0.026497668000000005,
                                                                                            "extra_info": {
                                                                                                "Function": "READ_PARQUET",
                                                                                                "Projections": [
                                                                                                    "id",
                                                                                                    "reputation"
                                                                                                ],
                                                                                                "Estimated Cardinality": "1260710"
                                                                                            },
                                                                                            "cumulative_cardinality": 1260710,
                                                                                            "operator_type": "TABLE_SCAN",
                                                                                            "operator_cardinality": 1260710,
                                                                                            "cumulative_rows_scanned": 2521420,
                                                                                            "operator_rows_scanned": 2521420,
                                                                                            "operator_timing": 0.026497668000000005,
                                                                                            "result_set_size": 10085680,
                                                                                            "children": []
                                                                                        }
                                                                                    ]
                                                                                }
                                                                            ]
                                                                        }
                                                                    ]
                                                                }
                                                            ]
                                                        },
                                                        {
                                                            "operator_name": "READ_PARQUET ",
                                                            "cpu_time": 0.01824014599999998,
                                                            "extra_info": {
                                                                "Function": "READ_PARQUET",
                                                                "Projections": "id",
                                                                "Estimated Cardinality": "1260710"
                                                            },
                                                            "cumulative_cardinality": 1260710,
                                                            "operator_type": "TABLE_SCAN",
                                                            "operator_cardinality": 1260710,
                                                            "cumulative_rows_scanned": 2521420,
                                                            "operator_rows_scanned": 2521420,
                                                            "operator_timing": 0.01824014599999998,
                                                            "result_set_size": 5042840,
                                                            "children": []
                                                        }
                                                    ]
                                                }
                                            ]
                                        }
                                    ]
                                }
                            ]
                        }
                    ]
                }
            ]
        }
    ]
}