{
    "rows_returned": 1976,
    "query_name": "SELECT COALESCE(\"Tags\".\"TagName\", \"Tags\".\"TagName\") AS \"TAGNAME\", COUNT(*) AS \"POSTCOUNT\", SUM(CASE WHEN CAST(\"Posts\".\"PostTypeId\" AS INTEGER) = 1 THEN 1 ELSE 0 END) AS \"QUESTIONCOUNT\", SUM(CASE WHEN CAST(\"Posts\".\"PostTypeId\" AS INTEGER) = 2 THEN 1 ELSE 0 END) AS \"ANSWERCOUNT\", SUM(CASE WHEN CAST(\"PostHistory\".\"PostHistoryTypeId\" AS INTEGER) = 10 THEN 1 ELSE 0 END) AS \"CLOSEDPOSTCOUNT\"\nFROM \"Posts\"\nINNER JOIN \"Tags\" ON \"Posts\".\"Tags\" LIKE '%' || \"Tags\".\"TagName\" || '%'\nLEFT JOIN \"PostHistory\" ON \"Posts\".\"Id\" = \"PostHistory\".\"PostId\"\nGROUP BY \"Tags\".\"TagName\"",
    "blocked_thread_time": 0.02,
    "cpu_time": 579.0530981599941,
    "extra_info": {},
    "cumulative_cardinality": 102118628,
    "cumulative_rows_scanned": 156945368,
    "result_set_size": 142272,
    "latency": 174.351343673,
    "children": [
        {
            "operator_name": "HASH_GROUP_BY",
            "cpu_time": 579.0530981599941,
            "extra_info": {
                "Groups": "#0",
                "Aggregates": [
                    "count_star()",
                    "sum(#1)",
                    "sum(#2)",
                    "sum(#3)"
                ],
                "Estimated Cardinality": "3850116"
            },
            "cumulative_cardinality": 102118628,
            "operator_type": "HASH_GROUP_BY",
            "operator_cardinality": 1976,
            "cumulative_rows_scanned": 156945368,
            "operator_rows_scanned": 0,
            "operator_timing": 1.4415806790000008,
            "result_set_size": 142272,
            "children": [
                {
                    "operator_name": "PROJECTION",
                    "cpu_time": 577.611517480994,
                    "extra_info": {
                        "Projections": [
                            "tagname",
                            "CASE  WHEN ((posttypeid = 1)) THEN (1) ELSE 0 END",
                            "CASE  WHEN ((posttypeid = 2)) THEN (1) ELSE 0 END",
                            "CASE  WHEN ((posthistorytypeid = 10)) THEN (1) ELSE 0 END"
                        ],
                        "Estimated Cardinality": "11795244"
                    },
                    "cumulative_cardinality": 102116652,
                    "operator_type": "PROJECTION",
                    "operator_cardinality": 25399352,
                    "cumulative_rows_scanned": 156945368,
                    "operator_rows_scanned": 0,
                    "operator_timing": 0.20277667299999985,
                    "result_set_size": 711181856,
                    "children": [
                        {
                            "operator_name": "PROJECTION",
                            "cpu_time": 577.408740807994,
                            "extra_info": {
                                "Projections": [
                                    "#0",
                                    "__internal_decompress_integral_smallint(#1, 1)",
                                    "#2"
                                ],
                                "Estimated Cardinality": "11795244"
                            },
                            "cumulative_cardinality": 76717300,
                            "operator_type": "PROJECTION",
                            "operator_cardinality": 25399352,
                            "cumulative_rows_scanned": 156945368,
                            "operator_rows_scanned": 0,
                            "operator_timing": 0.014486795000000021,
                            "result_set_size": 507987040,
                            "children": [
                                {
                                    "operator_name": "HASH_JOIN",
                                    "cpu_time": 577.394254012994,
                                    "extra_info": {
                                        "Join Type": "RIGHT",
                                        "Conditions": "postid = id",
                                        "Estimated Cardinality": "11795244"
                                    },
                                    "cumulative_cardinality": 51317948,
                                    "operator_type": "HASH_JOIN",
                                    "operator_cardinality": 25399352,
                                    "cumulative_rows_scanned": 156945368,
                                    "operator_rows_scanned": 0,
                                    "operator_timing": 2.13021304,
                                    "result_set_size": 482587688,
                                    "children": [
                                        {
                                            "operator_name": "READ_PARQUET ",
                                            "cpu_time": 0.39473825100000004,
                                            "extra_info": {
                                                "Function": "READ_PARQUET",
                                                "Projections": [
                                                    "posthistorytypeid",
                                                    "postid"
                                                ],
                                                "Estimated Cardinality": "11795244"
                                            },
                                            "cumulative_cardinality": 11795244,
                                            "operator_type": "TABLE_SCAN",
                                            "operator_cardinality": 11795244,
                                            "cumulative_rows_scanned": 141542928,
                                            "operator_rows_scanned": 141542928,
                                            "operator_timing": 0.39473825100000004,
                                            "result_set_size": 70771464,
                                            "children": []
                                        },
                                        {
                                            "operator_name": "PROJECTION",
                                            "cpu_time": 574.869302721994,
                                            "extra_info": {
                                                "Projections": [
                                                    "#0",
                                                    "__internal_compress_integral_utinyint(#1, 1)",
                                                    "#2",
                                                    "#3"
                                                ],
                                                "Estimated Cardinality": "3850116"
                                            },
                                            "cumulative_cardinality": 14123352,
                                            "operator_type": "PROJECTION",
                                            "operator_cardinality": 5135630,
                                            "cumulative_rows_scanned": 15402440,
                                            "operator_rows_scanned": 0,
                                            "operator_timing": 0.014535434999999998,
                                            "result_set_size": 190018310,
                                            "children": [
                                                {
                                                    "operator_name": "BLOCKWISE_NL_JOIN",
                                                    "cpu_time": 574.854767286994,
                                                    "extra_info": {
                                                        "Join Type": "INNER",
                                                        "Condition": "(tags ~~ (('%' || tagname) || '%'))"
                                                    },
                                                    "cumulative_cardinality": 8987722,
                                                    "operator_type": "BLOCKWISE_NL_JOIN",
                                                    "operator_cardinality": 5135630,
                                                    "cumulative_rows_scanned": 15402440,
                                                    "operator_rows_scanned": 0,
                                                    "operator_timing": 574.0724696909941,
                                                    "result_set_size": 195153940,
                                                    "children": [
                                                        {
                                                            "operator_name": "READ_PARQUET ",
                                                            "cpu_time": 0.7813644609999999,
                                                            "extra_info": {
                                                                "Function": "READ_PARQUET",
                                                                "Projections": [
                                                                    "id",
                                                                    "posttypeid",
                                                                    "tags"
                                                                ],
                                                                "Estimated Cardinality": "3850116"
                                                            },
                                                            "cumulative_cardinality": 3850116,
                                                            "operator_type": "TABLE_SCAN",
                                                            "operator_cardinality": 3850116,
                                                            "cumulative_rows_scanned": 15400464,
                                                            "operator_rows_scanned": 15400464,
                                                            "operator_timing": 0.7813644609999999,
                                                            "result_set_size": 84702552,
                                                            "children": []
                                                        },
                                                        {
                                                            "operator_name": "READ_PARQUET ",
                                                            "cpu_time": 0.000933135,
                                                            "extra_info": {
                                                                "Function": "READ_PARQUET",
                                                                "Projections": "tagname",
                                                                "Estimated Cardinality": "1976"
                                                            },
                                                            "cumulative_cardinality": 1976,
                                                            "operator_type": "TABLE_SCAN",
                                                            "operator_cardinality": 1976,
                                                            "cumulative_rows_scanned": 1976,
                                                            "operator_rows_scanned": 1976,
                                                            "operator_timing": 0.000933135,
                                                            "result_set_size": 31616,
                                                            "children": []
                                                        }
                                                    ]
                                                }
                                            ]
                                        }
                                    ]
                                }
                            ]
                        }
                    ]
                }
            ]
        }
    ]
}