{
    "rows_returned": 10,
    "query_name": "SELECT \n    p.p_partkey, \n    p.p_name, \n    s.s_name, \n    SUM(l.l_extendedprice * (1 - l.l_discount)) AS revenue\nFROM \n    part p\nJOIN \n    partsupp ps ON p.p_partkey = ps.ps_partkey\nJOIN \n    supplier s ON ps.ps_suppkey = s.s_suppkey\nJOIN \n    lineitem l ON ps.ps_partkey = l.l_partkey\nJOIN \n    orders o ON l.l_orderkey = o.o_orderkey\nWHERE \n    o.o_orderdate >= DATE '1995-01-01' AND o.o_orderdate < DATE '1995-01-31'\nGROUP BY \n    p.p_partkey, p.p_name, s.s_name\nORDER BY \n    revenue DESC\nLIMIT 10",
    "blocked_thread_time": 0.0,
    "cpu_time": 82.03000955699999,
    "extra_info": {},
    "cumulative_cardinality": 194287346,
    "cumulative_rows_scanned": 3772291016,
    "result_set_size": 480,
    "latency": 2.548020325,
    "children": [
        {
            "operator_name": "LIMIT",
            "cpu_time": 82.03000955699999,
            "extra_info": {},
            "cumulative_cardinality": 194287346,
            "operator_type": "LIMIT",
            "operator_cardinality": 10,
            "cumulative_rows_scanned": 3772291016,
            "operator_rows_scanned": 0,
            "operator_timing": 0.001281436,
            "result_set_size": 480,
            "children": [
                {
                    "operator_name": "PROJECTION",
                    "cpu_time": 82.02872812099999,
                    "extra_info": {
                        "Projections": [
                            "__internal_decompress_integral_bigint(#0, 1)",
                            "#1",
                            "#2",
                            "#3"
                        ],
                        "Estimated Cardinality": "2000000"
                    },
                    "cumulative_cardinality": 194287336,
                    "operator_type": "PROJECTION",
                    "operator_cardinality": 32768,
                    "cumulative_rows_scanned": 3772291016,
                    "operator_rows_scanned": 0,
                    "operator_timing": 0.00024330600000000002,
                    "result_set_size": 1572864,
                    "children": [
                        {
                            "operator_name": "ORDER_BY",
                            "cpu_time": 82.02848481499998,
                            "extra_info": {
                                "Order By": "sum((l.l_extendedprice * (1 - l.l_discount))) DESC"
                            },
                            "cumulative_cardinality": 194254568,
                            "operator_type": "ORDER_BY",
                            "operator_cardinality": 32768,
                            "cumulative_rows_scanned": 3772291016,
                            "operator_rows_scanned": 0,
                            "operator_timing": 3.208854966999997,
                            "result_set_size": 1441792,
                            "children": [
                                {
                                    "operator_name": "PROJECTION",
                                    "cpu_time": 78.81962984799999,
                                    "extra_info": {
                                        "Projections": [
                                            "__internal_compress_integral_uinteger(#0, 1)",
                                            "#1",
                                            "#2",
                                            "#3"
                                        ],
                                        "Estimated Cardinality": "2000000"
                                    },
                                    "cumulative_cardinality": 194221800,
                                    "operator_type": "PROJECTION",
                                    "operator_cardinality": 2504852,
                                    "cumulative_rows_scanned": 3772291016,
                                    "operator_rows_scanned": 0,
                                    "operator_timing": 0.0032774080000000003,
                                    "result_set_size": 110213488,
                                    "children": [
                                        {
                                            "operator_name": "PROJECTION",
                                            "cpu_time": 78.81635243999999,
                                            "extra_info": {
                                                "Projections": [
                                                    "__internal_decompress_integral_bigint(#0, 1)",
                                                    "#1",
                                                    "#2",
                                                    "#3"
                                                ],
                                                "Estimated Cardinality": "2000000"
                                            },
                                            "cumulative_cardinality": 191716948,
                                            "operator_type": "PROJECTION",
                                            "operator_cardinality": 2504852,
                                            "cumulative_rows_scanned": 3772291016,
                                            "operator_rows_scanned": 0,
                                            "operator_timing": 0.0043955520000000005,
                                            "result_set_size": 120232896,
                                            "children": [
                                                {
                                                    "operator_name": "HASH_GROUP_BY",
                                                    "cpu_time": 78.81195688799998,
                                                    "extra_info": {
                                                        "Groups": [
                                                            "#0",
                                                            "#1",
                                                            "#2"
                                                        ],
                                                        "Aggregates": "sum(#3)",
                                                        "Estimated Cardinality": "2000000"
                                                    },
                                                    "cumulative_cardinality": 189212096,
                                                    "operator_type": "HASH_GROUP_BY",
                                                    "operator_cardinality": 2504852,
                                                    "cumulative_rows_scanned": 3772291016,
                                                    "operator_rows_scanned": 0,
                                                    "operator_timing": 2.534486387,
                                                    "result_set_size": 110213488,
                                                    "children": [
                                                        {
                                                            "operator_name": "PROJECTION",
                                                            "cpu_time": 76.27747050099998,
                                                            "extra_info": {
                                                                "Projections": [
                                                                    "p_partkey",
                                                                    "p_name",
                                                                    "s_name",
                                                                    "(l_extendedprice * (1.0 - l_discount))"
                                                                ],
                                                                "Estimated Cardinality": "47988841"
                                                            },
                                                            "cumulative_cardinality": 186707244,
                                                            "operator_type": "PROJECTION",
                                                            "operator_cardinality": 3002096,
                                                            "cumulative_rows_scanned": 3772291016,
                                                            "operator_rows_scanned": 0,
                                                            "operator_timing": 0.033065083,
                                                            "result_set_size": 132092224,
                                                            "children": [
                                                                {
                                                                    "operator_name": "PROJECTION",
                                                                    "cpu_time": 76.24440541799999,
                                                                    "extra_info": {
                                                                        "Projections": [
                                                                            "#0",
                                                                            "#1",
                                                                            "#2",
                                                                            "__internal_compress_integral_uinteger(#3, 1)",
                                                                            "#4"
                                                                        ],
                                                                        "Estimated Cardinality": "47988841"
                                                                    },
                                                                    "cumulative_cardinality": 183705148,
                                                                    "operator_type": "PROJECTION",
                                                                    "operator_cardinality": 3002096,
                                                                    "cumulative_rows_scanned": 3772291016,
                                                                    "operator_rows_scanned": 0,
                                                                    "operator_timing": 0.002896954,
                                                                    "result_set_size": 156108992,
                                                                    "children": [
                                                                        {
                                                                            "operator_name": "PROJECTION",
                                                                            "cpu_time": 76.24150846399999,
                                                                            "extra_info": {
                                                                                "Projections": [
                                                                                    "#0",
                                                                                    "#1",
                                                                                    "#2",
                                                                                    "__internal_decompress_integral_bigint(#3, 1)",
                                                                                    "#4"
                                                                                ],
                                                                                "Estimated Cardinality": "47988841"
                                                                            },
                                                                            "cumulative_cardinality": 180703052,
                                                                            "operator_type": "PROJECTION",
                                                                            "operator_cardinality": 3002096,
                                                                            "cumulative_rows_scanned": 3772291016,
                                                                            "operator_rows_scanned": 0,
                                                                            "operator_timing": 0.004248499000000001,
                                                                            "result_set_size": 168117376,
                                                                            "children": [
                                                                                {
                                                                                    "operator_name": "HASH_JOIN",
                                                                                    "cpu_time": 76.23725996499999,
                                                                                    "extra_info": {
                                                                                        "Join Type": "INNER",
                                                                                        "Conditions": "l_partkey = p_partkey",
                                                                                        "Estimated Cardinality": "47988841"
                                                                                    },
                                                                                    "cumulative_cardinality": 177700956,
                                                                                    "operator_type": "HASH_JOIN",
                                                                                    "operator_cardinality": 3002096,
                                                                                    "cumulative_rows_scanned": 3772291016,
                                                                                    "operator_rows_scanned": 0,
                                                                                    "operator_timing": 2.0919572409999994,
                                                                                    "result_set_size": 156108992,
                                                                                    "children": [
                                                                                        {
                                                                                            "operator_name": "PROJECTION",
                                                                                            "cpu_time": 71.06574832499999,
                                                                                            "extra_info": {
                                                                                                "Projections": [
                                                                                                    "__internal_compress_integral_uinteger(#0, 1)",
                                                                                                    "#1",
                                                                                                    "#2",
                                                                                                    "#3"
                                                                                                ],
                                                                                                "Estimated Cardinality": "11997210"
                                                                                            },
                                                                                            "cumulative_cardinality": 122598860,
                                                                                            "operator_type": "PROJECTION",
                                                                                            "operator_cardinality": 750524,
                                                                                            "cumulative_rows_scanned": 3704191016,
                                                                                            "operator_rows_scanned": 0,
                                                                                            "operator_timing": 0.0015541780000000005,
                                                                                            "result_set_size": 21014672,
                                                                                            "children": [
                                                                                                {
                                                                                                    "operator_name": "PROJECTION",
                                                                                                    "cpu_time": 71.06419414699998,
                                                                                                    "extra_info": {
                                                                                                        "Projections": [
                                                                                                            "#0",
                                                                                                            "#1",
                                                                                                            "#2",
                                                                                                            "__internal_decompress_integral_bigint(#3, 1)"
                                                                                                        ],
                                                                                                        "Estimated Cardinality": "11997210"
                                                                                                    },
                                                                                                    "cumulative_cardinality": 121848336,
                                                                                                    "operator_type": "PROJECTION",
                                                                                                    "operator_cardinality": 750524,
                                                                                                    "cumulative_rows_scanned": 3704191016,
                                                                                                    "operator_rows_scanned": 0,
                                                                                                    "operator_timing": 0.0021975890000000002,
                                                                                                    "result_set_size": 24016768,
                                                                                                    "children": [
                                                                                                        {
                                                                                                            "operator_name": "HASH_JOIN",
                                                                                                            "cpu_time": 71.06199655799998,
                                                                                                            "extra_info": {
                                                                                                                "Join Type": "INNER",
                                                                                                                "Conditions": "l_orderkey = o_orderkey",
                                                                                                                "Estimated Cardinality": "11997210"
                                                                                                            },
                                                                                                            "cumulative_cardinality": 121097812,
                                                                                                            "operator_type": "HASH_JOIN",
                                                                                                            "operator_cardinality": 750524,
                                                                                                            "cumulative_rows_scanned": 3704191016,
                                                                                                            "operator_rows_scanned": 0,
                                                                                                            "operator_timing": 1.1816843400000012,
                                                                                                            "result_set_size": 21014672,
                                                                                                            "children": [
                                                                                                                {
                                                                                                                    "operator_name": "PROJECTION",
                                                                                                                    "cpu_time": 62.07302753799998,
                                                                                                                    "extra_info": {
                                                                                                                        "Projections": [
                                                                                                                            "__internal_compress_integral_uinteger(#0, 1)",
                                                                                                                            "#1",
                                                                                                                            "#2",
                                                                                                                            "#3"
                                                                                                                        ],
                                                                                                                        "Estimated Cardinality": "59986052"
                                                                                                                    },
                                                                                                                    "cumulative_cardinality": 119972104,
                                                                                                                    "operator_type": "PROJECTION",
                                                                                                                    "operator_cardinality": 59986052,
                                                                                                                    "cumulative_rows_scanned": 3479191016,
                                                                                                                    "operator_rows_scanned": 0,
                                                                                                                    "operator_timing": 0.10221676600000001,
                                                                                                                    "result_set_size": 1679609456,
                                                                                                                    "children": [
                                                                                                                        {
                                                                                                                            "operator_name": "READ_PARQUET ",
                                                                                                                            "cpu_time": 61.97081077199998,
                                                                                                                            "extra_info": {
                                                                                                                                "Function": "READ_PARQUET",
                                                                                                                                "Projections": [
                                                                                                                                    "l_orderkey",
                                                                                                                                    "l_partkey",
                                                                                                                                    "l_extendedprice",
                                                                                                                                    "l_discount"
                                                                                                                                ],
                                                                                                                                "Estimated Cardinality": "59986052"
                                                                                                                            },
                                                                                                                            "cumulative_cardinality": 59986052,
                                                                                                                            "operator_type": "TABLE_SCAN",
                                                                                                                            "operator_cardinality": 59986052,
                                                                                                                            "cumulative_rows_scanned": 3479191016,
                                                                                                                            "operator_rows_scanned": 3479191016,
                                                                                                                            "operator_timing": 61.97081077199998,
                                                                                                                            "result_set_size": 1919553664,
                                                                                                                            "children": []
                                                                                                                        }
                                                                                                                    ]
                                                                                                                },
                                                                                                                {
                                                                                                                    "operator_name": "PROJECTION",
                                                                                                                    "cpu_time": 7.80728468,
                                                                                                                    "extra_info": {
                                                                                                                        "Projections": "__internal_compress_integral_uinteger(#0, 1)",
                                                                                                                        "Estimated Cardinality": "3000000"
                                                                                                                    },
                                                                                                                    "cumulative_cardinality": 375184,
                                                                                                                    "operator_type": "PROJECTION",
                                                                                                                    "operator_cardinality": 187592,
                                                                                                                    "cumulative_rows_scanned": 225000000,
                                                                                                                    "operator_rows_scanned": 0,
                                                                                                                    "operator_timing": 0.005625335999999999,
                                                                                                                    "result_set_size": 750368,
                                                                                                                    "children": [
                                                                                                                        {
                                                                                                                            "operator_name": "READ_PARQUET ",
                                                                                                                            "cpu_time": 7.801659344000001,
                                                                                                                            "extra_info": {
                                                                                                                                "Function": "READ_PARQUET",
                                                                                                                                "Projections": "o_orderkey",
                                                                                                                                "Filters": "o_orderdate>='1995-01-01 00:00:00'::TIMESTAMP_NS AND o_orderdate<'1995-01-31 00:00:00'::TIMESTAMP_NS",
                                                                                                                                "Estimated Cardinality": "3000000"
                                                                                                                            },
                                                                                                                            "cumulative_cardinality": 187592,
                                                                                                                            "operator_type": "TABLE_SCAN",
                                                                                                                            "operator_cardinality": 187592,
                                                                                                                            "cumulative_rows_scanned": 225000000,
                                                                                                                            "operator_rows_scanned": 225000000,
                                                                                                                            "operator_timing": 7.801659344000001,
                                                                                                                            "result_set_size": 1500736,
                                                                                                                            "children": []
                                                                                                                        }
                                                                                                                    ]
                                                                                                                }
                                                                                                            ]
                                                                                                        }
                                                                                                    ]
                                                                                                }
                                                                                            ]
                                                                                        },
                                                                                        {
                                                                                            "operator_name": "PROJECTION",
                                                                                            "cpu_time": 3.079554398999998,
                                                                                            "extra_info": {
                                                                                                "Projections": [
                                                                                                    "#0",
                                                                                                    "__internal_compress_integral_uinteger(#1, 1)",
                                                                                                    "#2"
                                                                                                ],
                                                                                                "Estimated Cardinality": "8000000"
                                                                                            },
                                                                                            "cumulative_cardinality": 52100000,
                                                                                            "operator_type": "PROJECTION",
                                                                                            "operator_cardinality": 8000000,
                                                                                            "cumulative_rows_scanned": 68100000,
                                                                                            "operator_rows_scanned": 0,
                                                                                            "operator_timing": 0.004777748,
                                                                                            "result_set_size": 288000000,
                                                                                            "children": [
                                                                                                {
                                                                                                    "operator_name": "PROJECTION",
                                                                                                    "cpu_time": 3.074776650999998,
                                                                                                    "extra_info": {
                                                                                                        "Projections": [
                                                                                                            "#0",
                                                                                                            "__internal_decompress_integral_bigint(#1, 1)",
                                                                                                            "#2"
                                                                                                        ],
                                                                                                        "Estimated Cardinality": "8000000"
                                                                                                    },
                                                                                                    "cumulative_cardinality": 44100000,
                                                                                                    "operator_type": "PROJECTION",
                                                                                                    "operator_cardinality": 8000000,
                                                                                                    "cumulative_rows_scanned": 68100000,
                                                                                                    "operator_rows_scanned": 0,
                                                                                                    "operator_timing": 0.005471770000000001,
                                                                                                    "result_set_size": 320000000,
                                                                                                    "children": [
                                                                                                        {
                                                                                                            "operator_name": "HASH_JOIN",
                                                                                                            "cpu_time": 3.0693048809999977,
                                                                                                            "extra_info": {
                                                                                                                "Join Type": "INNER",
                                                                                                                "Conditions": "ps_partkey = p_partkey",
                                                                                                                "Estimated Cardinality": "8000000"
                                                                                                            },
                                                                                                            "cumulative_cardinality": 36100000,
                                                                                                            "operator_type": "HASH_JOIN",
                                                                                                            "operator_cardinality": 8000000,
                                                                                                            "cumulative_rows_scanned": 68100000,
                                                                                                            "operator_rows_scanned": 0,
                                                                                                            "operator_timing": 0.6189122969999996,
                                                                                                            "result_set_size": 288000000,
                                                                                                            "children": [
                                                                                                                {
                                                                                                                    "operator_name": "PROJECTION",
                                                                                                                    "cpu_time": 2.1488872819999982,
                                                                                                                    "extra_info": {
                                                                                                                        "Projections": [
                                                                                                                            "__internal_compress_integral_uinteger(#0, 1)",
                                                                                                                            "#1"
                                                                                                                        ],
                                                                                                                        "Estimated Cardinality": "8000000"
                                                                                                                    },
                                                                                                                    "cumulative_cardinality": 24100000,
                                                                                                                    "operator_type": "PROJECTION",
                                                                                                                    "operator_cardinality": 8000000,
                                                                                                                    "cumulative_rows_scanned": 64100000,
                                                                                                                    "operator_rows_scanned": 0,
                                                                                                                    "operator_timing": 0.016327002000000004,
                                                                                                                    "result_set_size": 160000000,
                                                                                                                    "children": [
                                                                                                                        {
                                                                                                                            "operator_name": "HASH_JOIN",
                                                                                                                            "cpu_time": 2.132560279999998,
                                                                                                                            "extra_info": {
                                                                                                                                "Join Type": "INNER",
                                                                                                                                "Conditions": "ps_suppkey = s_suppkey",
                                                                                                                                "Estimated Cardinality": "8000000"
                                                                                                                            },
                                                                                                                            "cumulative_cardinality": 16100000,
                                                                                                                            "operator_type": "HASH_JOIN",
                                                                                                                            "operator_cardinality": 8000000,
                                                                                                                            "cumulative_rows_scanned": 64100000,
                                                                                                                            "operator_rows_scanned": 0,
                                                                                                                            "operator_timing": 0.03438232099999999,
                                                                                                                            "result_set_size": 192000000,
                                                                                                                            "children": [
                                                                                                                                {
                                                                                                                                    "operator_name": "READ_PARQUET ",
                                                                                                                                    "cpu_time": 2.0595741639999985,
                                                                                                                                    "extra_info": {
                                                                                                                                        "Function": "READ_PARQUET",
                                                                                                                                        "Projections": [
                                                                                                                                            "ps_partkey",
                                                                                                                                            "ps_suppkey"
                                                                                                                                        ],
                                                                                                                                        "Estimated Cardinality": "8000000"
                                                                                                                                    },
                                                                                                                                    "cumulative_cardinality": 8000000,
                                                                                                                                    "operator_type": "TABLE_SCAN",
                                                                                                                                    "operator_cardinality": 8000000,
                                                                                                                                    "cumulative_rows_scanned": 64000000,
                                                                                                                                    "operator_rows_scanned": 64000000,
                                                                                                                                    "operator_timing": 2.0595741639999985,
                                                                                                                                    "result_set_size": 128000000,
                                                                                                                                    "children": []
                                                                                                                                },
                                                                                                                                {
                                                                                                                                    "operator_name": "READ_PARQUET ",
                                                                                                                                    "cpu_time": 0.03860379499999999,
                                                                                                                                    "extra_info": {
                                                                                                                                        "Function": "READ_PARQUET",
                                                                                                                                        "Projections": [
                                                                                                                                            "s_suppkey",
                                                                                                                                            "s_name"
                                                                                                                                        ],
                                                                                                                                        "Estimated Cardinality": "100000"
                                                                                                                                    },
                                                                                                                                    "cumulative_cardinality": 100000,
                                                                                                                                    "operator_type": "TABLE_SCAN",
                                                                                                                                    "operator_cardinality": 100000,
                                                                                                                                    "cumulative_rows_scanned": 100000,
                                                                                                                                    "operator_rows_scanned": 100000,
                                                                                                                                    "operator_timing": 0.03860379499999999,
                                                                                                                                    "result_set_size": 2400000,
                                                                                                                                    "children": []
                                                                                                                                }
                                                                                                                            ]
                                                                                                                        }
                                                                                                                    ]
                                                                                                                },
                                                                                                                {
                                                                                                                    "operator_name": "PROJECTION",
                                                                                                                    "cpu_time": 0.3015053019999999,
                                                                                                                    "extra_info": {
                                                                                                                        "Projections": [
                                                                                                                            "__internal_compress_integral_uinteger(#0, 1)",
                                                                                                                            "#1"
                                                                                                                        ],
                                                                                                                        "Estimated Cardinality": "2000000"
                                                                                                                    },
                                                                                                                    "cumulative_cardinality": 4000000,
                                                                                                                    "operator_type": "PROJECTION",
                                                                                                                    "operator_cardinality": 2000000,
                                                                                                                    "cumulative_rows_scanned": 4000000,
                                                                                                                    "operator_rows_scanned": 0,
                                                                                                                    "operator_timing": 0.0016643009999999998,
                                                                                                                    "result_set_size": 40000000,
                                                                                                                    "children": [
                                                                                                                        {
                                                                                                                            "operator_name": "READ_PARQUET ",
                                                                                                                            "cpu_time": 0.29984100099999994,
                                                                                                                            "extra_info": {
                                                                                                                                "Function": "READ_PARQUET",
                                                                                                                                "Projections": [
                                                                                                                                    "p_partkey",
                                                                                                                                    "p_name"
                                                                                                                                ],
                                                                                                                                "Estimated Cardinality": "2000000"
                                                                                                                            },
                                                                                                                            "cumulative_cardinality": 2000000,
                                                                                                                            "operator_type": "TABLE_SCAN",
                                                                                                                            "operator_cardinality": 2000000,
                                                                                                                            "cumulative_rows_scanned": 4000000,
                                                                                                                            "operator_rows_scanned": 4000000,
                                                                                                                            "operator_timing": 0.29984100099999994,
                                                                                                                            "result_set_size": 48000000,
                                                                                                                            "children": []
                                                                                                                        }
                                                                                                                    ]
                                                                                                                }
                                                                                                            ]
                                                                                                        }
                                                                                                    ]
                                                                                                }
                                                                                            ]
                                                                                        }
                                                                                    ]
                                                                                }
                                                                            ]
                                                                        }
                                                                    ]
                                                                }
                                                            ]
                                                        }
                                                    ]
                                                }
                                            ]
                                        }
                                    ]
                                }
                            ]
                        }
                    ]
                }
            ]
        }
    ]
}