{
    "rows_returned": 7317582,
    "query_name": "SELECT COALESCE(\"Posts\".\"Id\", \"Posts\".\"Id\") AS \"POSTID\", \"Posts\".\"Title\" AS \"TITLE\", CASE WHEN \"t1\".\"POSTCOUNT\" IS NOT NULL THEN CAST(\"t1\".\"POSTCOUNT\" AS BIGINT) ELSE 0 END AS \"TOTALPOSTS\", CASE WHEN \"t4\".\"UPVOTECOUNT\" IS NOT NULL THEN CAST(\"t4\".\"UPVOTECOUNT\" AS INTEGER) ELSE 0 END AS \"TOTALUPVOTES\", CASE WHEN \"t4\".\"DOWNVOTECOUNT\" IS NOT NULL THEN CAST(\"t4\".\"DOWNVOTECOUNT\" AS INTEGER) ELSE 0 END AS \"TOTALDOWNVOTES\", CASE WHEN \"t6\".\"CLOSEDPOSTCOUNT\" IS NOT NULL THEN CAST(\"t6\".\"CLOSEDPOSTCOUNT\" AS INTEGER) ELSE 0 END AS \"TOTALCLOSEDPOSTS\"\nFROM \"Posts\"\nLEFT JOIN (SELECT \"Id\" AS \"ID\", COUNT(*) AS \"POSTCOUNT\"\nFROM \"Posts\"\nWHERE CAST(\"PostTypeId\" AS INTEGER) = 1 OR CAST(\"PostTypeId\" AS INTEGER) = 2\nGROUP BY \"Id\") AS \"t1\" ON \"Posts\".\"Id\" = \"t1\".\"ID\"\nLEFT JOIN (SELECT ANY_VALUE(\"Users\".\"Id\") AS \"USERID\", \"Users\".\"DisplayName\" AS \"DISPLAYNAME\", SUM(CASE WHEN CAST(\"Votes\".\"VoteTypeId\" AS INTEGER) = 2 THEN 1 ELSE 0 END) AS \"UPVOTECOUNT\", SUM(CASE WHEN CAST(\"Votes\".\"VoteTypeId\" AS INTEGER) = 3 THEN 1 ELSE 0 END) AS \"DOWNVOTECOUNT\"\nFROM \"Users\"\nLEFT JOIN \"Votes\" ON \"Users\".\"Id\" = \"Votes\".\"UserId\"\nGROUP BY \"Users\".\"Id\", \"Users\".\"DisplayName\") AS \"t4\" ON \"Posts\".\"OwnerUserId\" = \"t4\".\"USERID\"\nLEFT JOIN (SELECT \"Tags\".\"TagName\" AS \"TAGNAME\", COUNT(*) AS \"POSTCOUNT\", SUM(CASE WHEN CAST(\"Posts1\".\"PostTypeId\" AS INTEGER) = 1 THEN 1 ELSE 0 END) AS \"QUESTIONCOUNT\", SUM(CASE WHEN CAST(\"Posts1\".\"PostTypeId\" AS INTEGER) = 2 THEN 1 ELSE 0 END) AS \"ANSWERCOUNT\", SUM(CASE WHEN CAST(\"PostHistory\".\"PostHistoryTypeId\" AS INTEGER) = 10 THEN 1 ELSE 0 END) AS \"CLOSEDPOSTCOUNT\"\nFROM \"Posts\" AS \"Posts1\"\nINNER JOIN \"Tags\" ON \"Posts1\".\"Tags\" LIKE '%' || \"Tags\".\"TagName\" || '%'\nLEFT JOIN \"PostHistory\" ON \"Posts1\".\"Id\" = \"PostHistory\".\"PostId\"\nGROUP BY \"Tags\".\"TagName\") AS \"t6\" ON \"Posts\".\"Tags\" LIKE '%' || \"t6\".\"TAGNAME\" || '%'",
    "blocked_thread_time": 0.02,
    "cpu_time": 1627.0440957459828,
    "extra_info": {},
    "cumulative_cardinality": 123401229,
    "cumulative_rows_scanned": 355940925,
    "result_set_size": 292703280,
    "latency": 780.2780268,
    "children": [
        {
            "operator_name": "PROJECTION",
            "cpu_time": 1627.0440957459828,
            "extra_info": {
                "Projections": [
                    "id",
                    "TITLE",
                    "TOTALPOSTS",
                    "TOTALUPVOTES",
                    "TOTALDOWNVOTES",
                    "TOTALCLOSEDPOSTS"
                ],
                "Estimated Cardinality": "3850116"
            },
            "cumulative_cardinality": 123401229,
            "operator_type": "PROJECTION",
            "operator_cardinality": 7317582,
            "cumulative_rows_scanned": 355940925,
            "operator_rows_scanned": 0,
            "operator_timing": 0.25297133199999994,
            "result_set_size": 292703280,
            "children": [
                {
                    "operator_name": "BLOCKWISE_NL_JOIN",
                    "cpu_time": 1626.7911244139827,
                    "extra_info": {
                        "Join Type": "LEFT",
                        "Condition": "(tags ~~ (('%' || TAGNAME) || '%'))"
                    },
                    "cumulative_cardinality": 116083647,
                    "operator_type": "BLOCKWISE_NL_JOIN",
                    "operator_cardinality": 7317582,
                    "cumulative_rows_scanned": 355940925,
                    "operator_rows_scanned": 0,
                    "operator_timing": 1029.028319255989,
                    "result_set_size": 790298856,
                    "children": [
                        {
                            "operator_name": "HASH_JOIN",
                            "cpu_time": 6.896296270000001,
                            "extra_info": {
                                "Join Type": "LEFT",
                                "Conditions": "owneruserid = USERID",
                                "Estimated Cardinality": "3850116"
                            },
                            "cumulative_cardinality": 37182419,
                            "operator_type": "HASH_JOIN",
                            "operator_cardinality": 3850116,
                            "cumulative_rows_scanned": 198995557,
                            "operator_rows_scanned": 0,
                            "operator_timing": 0.5645558589999996,
                            "result_set_size": 292608816,
                            "children": [
                                {
                                    "operator_name": "HASH_JOIN",
                                    "cpu_time": 4.286499828,
                                    "extra_info": {
                                        "Join Type": "LEFT",
                                        "Conditions": "id = ID",
                                        "Estimated Cardinality": "3850116"
                                    },
                                    "cumulative_cardinality": 26932176,
                                    "operator_type": "HASH_JOIN",
                                    "operator_cardinality": 3850116,
                                    "cumulative_rows_scanned": 30800928,
                                    "operator_rows_scanned": 0,
                                    "operator_timing": 0.774912062,
                                    "result_set_size": 184805568,
                                    "children": [
                                        {
                                            "operator_name": "READ_PARQUET ",
                                            "cpu_time": 0.8336702500000001,
                                            "extra_info": {
                                                "Function": "READ_PARQUET",
                                                "Projections": [
                                                    "id",
                                                    "owneruserid",
                                                    "title",
                                                    "tags"
                                                ],
                                                "Estimated Cardinality": "3850116"
                                            },
                                            "cumulative_cardinality": 3850116,
                                            "operator_type": "TABLE_SCAN",
                                            "operator_cardinality": 3850116,
                                            "cumulative_rows_scanned": 15400464,
                                            "operator_rows_scanned": 15400464,
                                            "operator_timing": 0.8336702500000001,
                                            "result_set_size": 154004640,
                                            "children": []
                                        },
                                        {
                                            "operator_name": "HASH_GROUP_BY",
                                            "cpu_time": 2.677917516,
                                            "extra_info": {
                                                "Groups": "#0",
                                                "Aggregates": "count_star()",
                                                "Estimated Cardinality": "385011"
                                            },
                                            "cumulative_cardinality": 19231944,
                                            "operator_type": "HASH_GROUP_BY",
                                            "operator_cardinality": 3845457,
                                            "cumulative_rows_scanned": 15400464,
                                            "operator_rows_scanned": 0,
                                            "operator_timing": 2.549733185,
                                            "result_set_size": 46145484,
                                            "children": [
                                                {
                                                    "operator_name": "PROJECTION",
                                                    "cpu_time": 0.12818433100000007,
                                                    "extra_info": {
                                                        "Projections": "id",
                                                        "Estimated Cardinality": "770023"
                                                    },
                                                    "cumulative_cardinality": 15386487,
                                                    "operator_type": "PROJECTION",
                                                    "operator_cardinality": 3845457,
                                                    "cumulative_rows_scanned": 15400464,
                                                    "operator_rows_scanned": 0,
                                                    "operator_timing": 0.00019868100000000052,
                                                    "result_set_size": 15381828,
                                                    "children": [
                                                        {
                                                            "operator_name": "PROJECTION",
                                                            "cpu_time": 0.12798565000000006,
                                                            "extra_info": {
                                                                "Projections": "#0",
                                                                "Estimated Cardinality": "770023"
                                                            },
                                                            "cumulative_cardinality": 11541030,
                                                            "operator_type": "PROJECTION",
                                                            "operator_cardinality": 3845457,
                                                            "cumulative_rows_scanned": 15400464,
                                                            "operator_rows_scanned": 0,
                                                            "operator_timing": 0.0003720569999999996,
                                                            "result_set_size": 15381828,
                                                            "children": [
                                                                {
                                                                    "operator_name": "FILTER",
                                                                    "cpu_time": 0.12761359300000005,
                                                                    "extra_info": {
                                                                        "Expression": "((posttypeid = 1) OR (posttypeid = 2))",
                                                                        "Estimated Cardinality": "770023"
                                                                    },
                                                                    "cumulative_cardinality": 7695573,
                                                                    "operator_type": "FILTER",
                                                                    "operator_cardinality": 3845457,
                                                                    "cumulative_rows_scanned": 15400464,
                                                                    "operator_rows_scanned": 0,
                                                                    "operator_timing": 0.049258371000000016,
                                                                    "result_set_size": 23072742,
                                                                    "children": [
                                                                        {
                                                                            "operator_name": "READ_PARQUET ",
                                                                            "cpu_time": 0.07835522200000003,
                                                                            "extra_info": {
                                                                                "Function": "READ_PARQUET",
                                                                                "Projections": [
                                                                                    "id",
                                                                                    "posttypeid"
                                                                                ],
                                                                                "Filters": "optional: posttypeid=1 OR posttypeid=2",
                                                                                "Estimated Cardinality": "3850116"
                                                                            },
                                                                            "cumulative_cardinality": 3850116,
                                                                            "operator_type": "TABLE_SCAN",
                                                                            "operator_cardinality": 3850116,
                                                                            "cumulative_rows_scanned": 15400464,
                                                                            "operator_rows_scanned": 15400464,
                                                                            "operator_timing": 0.07835522200000003,
                                                                            "result_set_size": 23100696,
                                                                            "children": []
                                                                        }
                                                                    ]
                                                                }
                                                            ]
                                                        }
                                                    ]
                                                }
                                            ]
                                        }
                                    ]
                                },
                                {
                                    "operator_name": "PROJECTION",
                                    "cpu_time": 2.0452405830000004,
                                    "extra_info": {
                                        "Projections": [
                                            "USERID",
                                            "UPVOTECOUNT",
                                            "DOWNVOTECOUNT"
                                        ],
                                        "Estimated Cardinality": "1260710"
                                    },
                                    "cumulative_cardinality": 6400127,
                                    "operator_type": "PROJECTION",
                                    "operator_cardinality": 1260710,
                                    "cumulative_rows_scanned": 168194629,
                                    "operator_rows_scanned": 0,
                                    "operator_timing": 0.00017981699999999995,
                                    "result_set_size": 45385560,
                                    "children": [
                                        {
                                            "operator_name": "HASH_GROUP_BY",
                                            "cpu_time": 2.0450607660000006,
                                            "extra_info": {
                                                "Groups": [
                                                    "#0",
                                                    "#1"
                                                ],
                                                "Aggregates": [
                                                    "any_value(#2)",
                                                    "sum(#3)",
                                                    "sum(#4)"
                                                ],
                                                "Estimated Cardinality": "1260710"
                                            },
                                            "cumulative_cardinality": 5139417,
                                            "operator_type": "HASH_GROUP_BY",
                                            "operator_cardinality": 1260710,
                                            "cumulative_rows_scanned": 168194629,
                                            "operator_rows_scanned": 0,
                                            "operator_timing": 0.5512423770000001,
                                            "result_set_size": 70599760,
                                            "children": [
                                                {
                                                    "operator_name": "PROJECTION",
                                                    "cpu_time": 1.4938183890000003,
                                                    "extra_info": {
                                                        "Projections": [
                                                            "id",
                                                            "displayname",
                                                            "id",
                                                            "CASE  WHEN ((votetypeid = 2)) THEN (1) ELSE 0 END",
                                                            "CASE  WHEN ((votetypeid = 3)) THEN (1) ELSE 0 END"
                                                        ],
                                                        "Estimated Cardinality": "12744093"
                                                    },
                                                    "cumulative_cardinality": 3878707,
                                                    "operator_type": "PROJECTION",
                                                    "operator_cardinality": 1288855,
                                                    "cumulative_rows_scanned": 168194629,
                                                    "operator_rows_scanned": 0,
                                                    "operator_timing": 0.0035233669999999986,
                                                    "result_set_size": 41243360,
                                                    "children": [
                                                        {
                                                            "operator_name": "HASH_JOIN",
                                                            "cpu_time": 1.4902950220000004,
                                                            "extra_info": {
                                                                "Join Type": "RIGHT",
                                                                "Conditions": "userid = id",
                                                                "Estimated Cardinality": "12744093"
                                                            },
                                                            "cumulative_cardinality": 2589852,
                                                            "operator_type": "HASH_JOIN",
                                                            "operator_cardinality": 1288855,
                                                            "cumulative_rows_scanned": 168194629,
                                                            "operator_rows_scanned": 0,
                                                            "operator_timing": 0.20076749699999996,
                                                            "result_set_size": 28354810,
                                                            "children": [
                                                                {
                                                                    "operator_name": "READ_PARQUET ",
                                                                    "cpu_time": 1.0675518450000003,
                                                                    "extra_info": {
                                                                        "Function": "READ_PARQUET",
                                                                        "Projections": [
                                                                            "votetypeid",
                                                                            "userid"
                                                                        ],
                                                                        "Estimated Cardinality": "12744093"
                                                                    },
                                                                    "cumulative_cardinality": 40287,
                                                                    "operator_type": "TABLE_SCAN",
                                                                    "operator_cardinality": 40287,
                                                                    "cumulative_rows_scanned": 165673209,
                                                                    "operator_rows_scanned": 165673209,
                                                                    "operator_timing": 1.0675518450000003,
                                                                    "result_set_size": 241722,
                                                                    "children": []
                                                                },
                                                                {
                                                                    "operator_name": "READ_PARQUET ",
                                                                    "cpu_time": 0.22197568000000012,
                                                                    "extra_info": {
                                                                        "Function": "READ_PARQUET",
                                                                        "Projections": [
                                                                            "id",
                                                                            "displayname"
                                                                        ],
                                                                        "Estimated Cardinality": "1260710"
                                                                    },
                                                                    "cumulative_cardinality": 1260710,
                                                                    "operator_type": "TABLE_SCAN",
                                                                    "operator_cardinality": 1260710,
                                                                    "cumulative_rows_scanned": 2521420,
                                                                    "operator_rows_scanned": 2521420,
                                                                    "operator_timing": 0.22197568000000012,
                                                                    "result_set_size": 25214200,
                                                                    "children": []
                                                                }
                                                            ]
                                                        }
                                                    ]
                                                }
                                            ]
                                        }
                                    ]
                                }
                            ]
                        },
                        {
                            "operator_name": "HASH_GROUP_BY",
                            "cpu_time": 590.8665088879937,
                            "extra_info": {
                                "Groups": "#0",
                                "Aggregates": "sum(#1)",
                                "Estimated Cardinality": "3850116"
                            },
                            "cumulative_cardinality": 71583646,
                            "operator_type": "HASH_GROUP_BY",
                            "operator_cardinality": 1976,
                            "cumulative_rows_scanned": 156945368,
                            "operator_rows_scanned": 0,
                            "operator_timing": 1.2119381560000002,
                            "result_set_size": 63232,
                            "children": [
                                {
                                    "operator_name": "PROJECTION",
                                    "cpu_time": 589.6545707319938,
                                    "extra_info": {
                                        "Projections": [
                                            "tagname",
                                            "CASE  WHEN ((posthistorytypeid = 10)) THEN (1) ELSE 0 END"
                                        ],
                                        "Estimated Cardinality": "11795244"
                                    },
                                    "cumulative_cardinality": 71581670,
                                    "operator_type": "PROJECTION",
                                    "operator_cardinality": 25399352,
                                    "cumulative_rows_scanned": 156945368,
                                    "operator_rows_scanned": 0,
                                    "operator_timing": 0.10422769399999995,
                                    "result_set_size": 507987040,
                                    "children": [
                                        {
                                            "operator_name": "HASH_JOIN",
                                            "cpu_time": 589.5503430379938,
                                            "extra_info": {
                                                "Join Type": "RIGHT",
                                                "Conditions": "postid = id",
                                                "Estimated Cardinality": "11795244"
                                            },
                                            "cumulative_cardinality": 46182318,
                                            "operator_type": "HASH_JOIN",
                                            "operator_cardinality": 25399352,
                                            "cumulative_rows_scanned": 156945368,
                                            "operator_rows_scanned": 0,
                                            "operator_timing": 1.8877168210000004,
                                            "result_set_size": 457188336,
                                            "children": [
                                                {
                                                    "operator_name": "READ_PARQUET ",
                                                    "cpu_time": 1.1116100269999993,
                                                    "extra_info": {
                                                        "Function": "READ_PARQUET",
                                                        "Projections": [
                                                            "posthistorytypeid",
                                                            "postid"
                                                        ],
                                                        "Estimated Cardinality": "11795244"
                                                    },
                                                    "cumulative_cardinality": 11795244,
                                                    "operator_type": "TABLE_SCAN",
                                                    "operator_cardinality": 11795244,
                                                    "cumulative_rows_scanned": 141542928,
                                                    "operator_rows_scanned": 141542928,
                                                    "operator_timing": 1.1116100269999993,
                                                    "result_set_size": 70771464,
                                                    "children": []
                                                },
                                                {
                                                    "operator_name": "BLOCKWISE_NL_JOIN",
                                                    "cpu_time": 586.5510161899938,
                                                    "extra_info": {
                                                        "Join Type": "INNER",
                                                        "Condition": "(tags ~~ (('%' || tagname) || '%'))"
                                                    },
                                                    "cumulative_cardinality": 8987722,
                                                    "operator_type": "BLOCKWISE_NL_JOIN",
                                                    "operator_cardinality": 5135630,
                                                    "cumulative_rows_scanned": 15402440,
                                                    "operator_rows_scanned": 0,
                                                    "operator_timing": 586.2557148529938,
                                                    "result_set_size": 184882680,
                                                    "children": [
                                                        {
                                                            "operator_name": "READ_PARQUET ",
                                                            "cpu_time": 0.29480279500000006,
                                                            "extra_info": {
                                                                "Function": "READ_PARQUET",
                                                                "Projections": [
                                                                    "id",
                                                                    "tags"
                                                                ],
                                                                "Estimated Cardinality": "3850116"
                                                            },
                                                            "cumulative_cardinality": 3850116,
                                                            "operator_type": "TABLE_SCAN",
                                                            "operator_cardinality": 3850116,
                                                            "cumulative_rows_scanned": 15400464,
                                                            "operator_rows_scanned": 15400464,
                                                            "operator_timing": 0.29480279500000006,
                                                            "result_set_size": 77002320,
                                                            "children": []
                                                        },
                                                        {
                                                            "operator_name": "READ_PARQUET ",
                                                            "cpu_time": 0.000498542,
                                                            "extra_info": {
                                                                "Function": "READ_PARQUET",
                                                                "Projections": "tagname",
                                                                "Estimated Cardinality": "1976"
                                                            },
                                                            "cumulative_cardinality": 1976,
                                                            "operator_type": "TABLE_SCAN",
                                                            "operator_cardinality": 1976,
                                                            "cumulative_rows_scanned": 1976,
                                                            "operator_rows_scanned": 1976,
                                                            "operator_timing": 0.000498542,
                                                            "result_set_size": 31616,
                                                            "children": []
                                                        }
                                                    ]
                                                }
                                            ]
                                        }
                                    ]
                                }
                            ]
                        }
                    ]
                }
            ]
        }
    ]
}