{
    "rows_returned": 10,
    "query_name": "SELECT \n    p.p_partkey, \n    p.p_name, \n    s.s_name, \n    SUM(l.l_quantity) AS total_quantity, \n    SUM(l.l_extendedprice * (1 - l.l_discount)) AS revenue\nFROM \n    part p\nJOIN \n    partsupp ps ON p.p_partkey = ps.ps_partkey\nJOIN \n    supplier s ON ps.ps_suppkey = s.s_suppkey\nJOIN \n    lineitem l ON p.p_partkey = l.l_partkey\nJOIN \n    orders o ON l.l_orderkey = o.o_orderkey\nGROUP BY \n    p.p_partkey, \n    p.p_name, \n    s.s_name\nORDER BY \n    revenue DESC\nLIMIT 10",
    "blocked_thread_time": 0.0,
    "cpu_time": 272.041210407,
    "extra_info": {},
    "cumulative_cardinality": 1058138986,
    "cumulative_rows_scanned": 3772291016,
    "result_set_size": 560,
    "latency": 5.970985589,
    "children": [
        {
            "operator_name": "LIMIT",
            "cpu_time": 272.041210407,
            "extra_info": {},
            "cumulative_cardinality": 1058138986,
            "operator_type": "LIMIT",
            "operator_cardinality": 10,
            "cumulative_rows_scanned": 3772291016,
            "operator_rows_scanned": 0,
            "operator_timing": 0.002490033,
            "result_set_size": 560,
            "children": [
                {
                    "operator_name": "PROJECTION",
                    "cpu_time": 272.038720374,
                    "extra_info": {
                        "Projections": [
                            "__internal_decompress_integral_bigint(#0, 1)",
                            "#1",
                            "#2",
                            "#3",
                            "#4"
                        ],
                        "Estimated Cardinality": "2000000"
                    },
                    "cumulative_cardinality": 1058138976,
                    "operator_type": "PROJECTION",
                    "operator_cardinality": 131072,
                    "cumulative_rows_scanned": 3772291016,
                    "operator_rows_scanned": 0,
                    "operator_timing": 0.00033072899999999993,
                    "result_set_size": 7340032,
                    "children": [
                        {
                            "operator_name": "ORDER_BY",
                            "cpu_time": 272.038389645,
                            "extra_info": {
                                "Order By": "sum((l.l_extendedprice * (1 - l.l_discount))) DESC"
                            },
                            "cumulative_cardinality": 1058007904,
                            "operator_type": "ORDER_BY",
                            "operator_cardinality": 131072,
                            "cumulative_rows_scanned": 3772291016,
                            "operator_rows_scanned": 0,
                            "operator_timing": 24.638834556999996,
                            "result_set_size": 6815744,
                            "children": [
                                {
                                    "operator_name": "PROJECTION",
                                    "cpu_time": 247.399555088,
                                    "extra_info": {
                                        "Projections": [
                                            "__internal_compress_integral_uinteger(#0, 1)",
                                            "#1",
                                            "#2",
                                            "#3",
                                            "#4"
                                        ],
                                        "Estimated Cardinality": "2000000"
                                    },
                                    "cumulative_cardinality": 1057876832,
                                    "operator_type": "PROJECTION",
                                    "operator_cardinality": 8000000,
                                    "cumulative_rows_scanned": 3772291016,
                                    "operator_rows_scanned": 0,
                                    "operator_timing": 0.005106796000000001,
                                    "result_set_size": 416000000,
                                    "children": [
                                        {
                                            "operator_name": "PROJECTION",
                                            "cpu_time": 247.394448292,
                                            "extra_info": {
                                                "Projections": [
                                                    "__internal_decompress_integral_bigint(#0, 1)",
                                                    "#1",
                                                    "#2",
                                                    "#3",
                                                    "#4"
                                                ],
                                                "Estimated Cardinality": "2000000"
                                            },
                                            "cumulative_cardinality": 1049876832,
                                            "operator_type": "PROJECTION",
                                            "operator_cardinality": 8000000,
                                            "cumulative_rows_scanned": 3772291016,
                                            "operator_rows_scanned": 0,
                                            "operator_timing": 0.005937895000000001,
                                            "result_set_size": 448000000,
                                            "children": [
                                                {
                                                    "operator_name": "HASH_GROUP_BY",
                                                    "cpu_time": 247.388510397,
                                                    "extra_info": {
                                                        "Groups": [
                                                            "#0",
                                                            "#1",
                                                            "#2"
                                                        ],
                                                        "Aggregates": [
                                                            "sum(#3)",
                                                            "sum(#4)"
                                                        ],
                                                        "Estimated Cardinality": "2000000"
                                                    },
                                                    "cumulative_cardinality": 1041876832,
                                                    "operator_type": "HASH_GROUP_BY",
                                                    "operator_cardinality": 8000000,
                                                    "cumulative_rows_scanned": 3772291016,
                                                    "operator_rows_scanned": 0,
                                                    "operator_timing": 182.81812717499997,
                                                    "result_set_size": 416000000,
                                                    "children": [
                                                        {
                                                            "operator_name": "PROJECTION",
                                                            "cpu_time": 64.57038322200002,
                                                            "extra_info": {
                                                                "Projections": [
                                                                    "p_partkey",
                                                                    "p_name",
                                                                    "s_name",
                                                                    "l_quantity",
                                                                    "(l_extendedprice * (1.0 - l_discount))"
                                                                ],
                                                                "Estimated Cardinality": "239944208"
                                                            },
                                                            "cumulative_cardinality": 1033876832,
                                                            "operator_type": "PROJECTION",
                                                            "operator_cardinality": 239944208,
                                                            "cumulative_rows_scanned": 3772291016,
                                                            "operator_rows_scanned": 0,
                                                            "operator_timing": 2.1183208180000013,
                                                            "result_set_size": 12477098816,
                                                            "children": [
                                                                {
                                                                    "operator_name": "PROJECTION",
                                                                    "cpu_time": 62.45206240400002,
                                                                    "extra_info": {
                                                                        "Projections": [
                                                                            "#0",
                                                                            "#1",
                                                                            "#2",
                                                                            "#3",
                                                                            "__internal_compress_integral_uinteger(#4, 1)",
                                                                            "#5"
                                                                        ],
                                                                        "Estimated Cardinality": "239944208"
                                                                    },
                                                                    "cumulative_cardinality": 793932624,
                                                                    "operator_type": "PROJECTION",
                                                                    "operator_cardinality": 239944208,
                                                                    "cumulative_rows_scanned": 3772291016,
                                                                    "operator_rows_scanned": 0,
                                                                    "operator_timing": 0.22900958800000001,
                                                                    "result_set_size": 14396652480,
                                                                    "children": [
                                                                        {
                                                                            "operator_name": "HASH_JOIN",
                                                                            "cpu_time": 62.22305281600002,
                                                                            "extra_info": {
                                                                                "Join Type": "INNER",
                                                                                "Conditions": "l_partkey = p_partkey",
                                                                                "Estimated Cardinality": "239944208"
                                                                            },
                                                                            "cumulative_cardinality": 553988416,
                                                                            "operator_type": "HASH_JOIN",
                                                                            "operator_cardinality": 239944208,
                                                                            "cumulative_rows_scanned": 3772291016,
                                                                            "operator_rows_scanned": 0,
                                                                            "operator_timing": 27.911034119000014,
                                                                            "result_set_size": 15356429312,
                                                                            "children": [
                                                                                {
                                                                                    "operator_name": "PROJECTION",
                                                                                    "cpu_time": 32.889489639000004,
                                                                                    "extra_info": {
                                                                                        "Projections": [
                                                                                            "#0",
                                                                                            "#1",
                                                                                            "#2",
                                                                                            "#3",
                                                                                            "__internal_decompress_integral_bigint(#4, 1)"
                                                                                        ],
                                                                                        "Estimated Cardinality": "59986052"
                                                                                    },
                                                                                    "cumulative_cardinality": 269944208,
                                                                                    "operator_type": "PROJECTION",
                                                                                    "operator_cardinality": 59986052,
                                                                                    "cumulative_rows_scanned": 3704191016,
                                                                                    "operator_rows_scanned": 0,
                                                                                    "operator_timing": 0.08689071599999999,
                                                                                    "result_set_size": 2399442080,
                                                                                    "children": [
                                                                                        {
                                                                                            "operator_name": "HASH_JOIN",
                                                                                            "cpu_time": 32.802598923000005,
                                                                                            "extra_info": {
                                                                                                "Join Type": "INNER",
                                                                                                "Conditions": "l_orderkey = o_orderkey",
                                                                                                "Estimated Cardinality": "59986052"
                                                                                            },
                                                                                            "cumulative_cardinality": 209958156,
                                                                                            "operator_type": "HASH_JOIN",
                                                                                            "operator_cardinality": 59986052,
                                                                                            "cumulative_rows_scanned": 3704191016,
                                                                                            "operator_rows_scanned": 0,
                                                                                            "operator_timing": 15.524063197000002,
                                                                                            "result_set_size": 2159497872,
                                                                                            "children": [
                                                                                                {
                                                                                                    "operator_name": "PROJECTION",
                                                                                                    "cpu_time": 16.771802574000002,
                                                                                                    "extra_info": {
                                                                                                        "Projections": [
                                                                                                            "__internal_compress_integral_uinteger(#0, 1)",
                                                                                                            "#1",
                                                                                                            "#2",
                                                                                                            "#3",
                                                                                                            "#4"
                                                                                                        ],
                                                                                                        "Estimated Cardinality": "59986052"
                                                                                                    },
                                                                                                    "cumulative_cardinality": 119972104,
                                                                                                    "operator_type": "PROJECTION",
                                                                                                    "operator_cardinality": 59986052,
                                                                                                    "cumulative_rows_scanned": 3479191016,
                                                                                                    "operator_rows_scanned": 0,
                                                                                                    "operator_timing": 0.17049829300000002,
                                                                                                    "result_set_size": 2159497872,
                                                                                                    "children": [
                                                                                                        {
                                                                                                            "operator_name": "READ_PARQUET ",
                                                                                                            "cpu_time": 16.601304281,
                                                                                                            "extra_info": {
                                                                                                                "Function": "READ_PARQUET",
                                                                                                                "Projections": [
                                                                                                                    "l_orderkey",
                                                                                                                    "l_partkey",
                                                                                                                    "l_quantity",
                                                                                                                    "l_extendedprice",
                                                                                                                    "l_discount"
                                                                                                                ],
                                                                                                                "Estimated Cardinality": "59986052"
                                                                                                            },
                                                                                                            "cumulative_cardinality": 59986052,
                                                                                                            "operator_type": "TABLE_SCAN",
                                                                                                            "operator_cardinality": 59986052,
                                                                                                            "cumulative_rows_scanned": 3479191016,
                                                                                                            "operator_rows_scanned": 3479191016,
                                                                                                            "operator_timing": 16.601304281,
                                                                                                            "result_set_size": 2399442080,
                                                                                                            "children": []
                                                                                                        }
                                                                                                    ]
                                                                                                },
                                                                                                {
                                                                                                    "operator_name": "PROJECTION",
                                                                                                    "cpu_time": 0.5067331520000001,
                                                                                                    "extra_info": {
                                                                                                        "Projections": "__internal_compress_integral_uinteger(#0, 1)",
                                                                                                        "Estimated Cardinality": "15000000"
                                                                                                    },
                                                                                                    "cumulative_cardinality": 30000000,
                                                                                                    "operator_type": "PROJECTION",
                                                                                                    "operator_cardinality": 15000000,
                                                                                                    "cumulative_rows_scanned": 225000000,
                                                                                                    "operator_rows_scanned": 0,
                                                                                                    "operator_timing": 0.017454079999999997,
                                                                                                    "result_set_size": 60000000,
                                                                                                    "children": [
                                                                                                        {
                                                                                                            "operator_name": "READ_PARQUET ",
                                                                                                            "cpu_time": 0.48927907200000015,
                                                                                                            "extra_info": {
                                                                                                                "Function": "READ_PARQUET",
                                                                                                                "Projections": "o_orderkey",
                                                                                                                "Estimated Cardinality": "15000000"
                                                                                                            },
                                                                                                            "cumulative_cardinality": 15000000,
                                                                                                            "operator_type": "TABLE_SCAN",
                                                                                                            "operator_cardinality": 15000000,
                                                                                                            "cumulative_rows_scanned": 225000000,
                                                                                                            "operator_rows_scanned": 225000000,
                                                                                                            "operator_timing": 0.48927907200000015,
                                                                                                            "result_set_size": 120000000,
                                                                                                            "children": []
                                                                                                        }
                                                                                                    ]
                                                                                                }
                                                                                            ]
                                                                                        }
                                                                                    ]
                                                                                },
                                                                                {
                                                                                    "operator_name": "PROJECTION",
                                                                                    "cpu_time": 1.4225290579999998,
                                                                                    "extra_info": {
                                                                                        "Projections": [
                                                                                            "#0",
                                                                                            "__internal_decompress_integral_bigint(#1, 1)",
                                                                                            "#2"
                                                                                        ],
                                                                                        "Estimated Cardinality": "8000000"
                                                                                    },
                                                                                    "cumulative_cardinality": 44100000,
                                                                                    "operator_type": "PROJECTION",
                                                                                    "operator_cardinality": 8000000,
                                                                                    "cumulative_rows_scanned": 68100000,
                                                                                    "operator_rows_scanned": 0,
                                                                                    "operator_timing": 0.0047529589999999984,
                                                                                    "result_set_size": 320000000,
                                                                                    "children": [
                                                                                        {
                                                                                            "operator_name": "HASH_JOIN",
                                                                                            "cpu_time": 1.417776099,
                                                                                            "extra_info": {
                                                                                                "Join Type": "INNER",
                                                                                                "Conditions": "ps_partkey = p_partkey",
                                                                                                "Estimated Cardinality": "8000000"
                                                                                            },
                                                                                            "cumulative_cardinality": 36100000,
                                                                                            "operator_type": "HASH_JOIN",
                                                                                            "operator_cardinality": 8000000,
                                                                                            "cumulative_rows_scanned": 68100000,
                                                                                            "operator_rows_scanned": 0,
                                                                                            "operator_timing": 0.684795237,
                                                                                            "result_set_size": 288000000,
                                                                                            "children": [
                                                                                                {
                                                                                                    "operator_name": "PROJECTION",
                                                                                                    "cpu_time": 0.37151633599999995,
                                                                                                    "extra_info": {
                                                                                                        "Projections": [
                                                                                                            "__internal_compress_integral_uinteger(#0, 1)",
                                                                                                            "#1"
                                                                                                        ],
                                                                                                        "Estimated Cardinality": "8000000"
                                                                                                    },
                                                                                                    "cumulative_cardinality": 24100000,
                                                                                                    "operator_type": "PROJECTION",
                                                                                                    "operator_cardinality": 8000000,
                                                                                                    "cumulative_rows_scanned": 64100000,
                                                                                                    "operator_rows_scanned": 0,
                                                                                                    "operator_timing": 0.015004757,
                                                                                                    "result_set_size": 160000000,
                                                                                                    "children": [
                                                                                                        {
                                                                                                            "operator_name": "HASH_JOIN",
                                                                                                            "cpu_time": 0.35651157899999997,
                                                                                                            "extra_info": {
                                                                                                                "Join Type": "INNER",
                                                                                                                "Conditions": "ps_suppkey = s_suppkey",
                                                                                                                "Estimated Cardinality": "8000000"
                                                                                                            },
                                                                                                            "cumulative_cardinality": 16100000,
                                                                                                            "operator_type": "HASH_JOIN",
                                                                                                            "operator_cardinality": 8000000,
                                                                                                            "cumulative_rows_scanned": 64100000,
                                                                                                            "operator_rows_scanned": 0,
                                                                                                            "operator_timing": 0.039942393000000014,
                                                                                                            "result_set_size": 192000000,
                                                                                                            "children": [
                                                                                                                {
                                                                                                                    "operator_name": "READ_PARQUET ",
                                                                                                                    "cpu_time": 0.28141768699999997,
                                                                                                                    "extra_info": {
                                                                                                                        "Function": "READ_PARQUET",
                                                                                                                        "Projections": [
                                                                                                                            "ps_partkey",
                                                                                                                            "ps_suppkey"
                                                                                                                        ],
                                                                                                                        "Estimated Cardinality": "8000000"
                                                                                                                    },
                                                                                                                    "cumulative_cardinality": 8000000,
                                                                                                                    "operator_type": "TABLE_SCAN",
                                                                                                                    "operator_cardinality": 8000000,
                                                                                                                    "cumulative_rows_scanned": 64000000,
                                                                                                                    "operator_rows_scanned": 64000000,
                                                                                                                    "operator_timing": 0.28141768699999997,
                                                                                                                    "result_set_size": 128000000,
                                                                                                                    "children": []
                                                                                                                },
                                                                                                                {
                                                                                                                    "operator_name": "READ_PARQUET ",
                                                                                                                    "cpu_time": 0.03515149899999998,
                                                                                                                    "extra_info": {
                                                                                                                        "Function": "READ_PARQUET",
                                                                                                                        "Projections": [
                                                                                                                            "s_suppkey",
                                                                                                                            "s_name"
                                                                                                                        ],
                                                                                                                        "Estimated Cardinality": "100000"
                                                                                                                    },
                                                                                                                    "cumulative_cardinality": 100000,
                                                                                                                    "operator_type": "TABLE_SCAN",
                                                                                                                    "operator_cardinality": 100000,
                                                                                                                    "cumulative_rows_scanned": 100000,
                                                                                                                    "operator_rows_scanned": 100000,
                                                                                                                    "operator_timing": 0.03515149899999998,
                                                                                                                    "result_set_size": 2400000,
                                                                                                                    "children": []
                                                                                                                }
                                                                                                            ]
                                                                                                        }
                                                                                                    ]
                                                                                                },
                                                                                                {
                                                                                                    "operator_name": "PROJECTION",
                                                                                                    "cpu_time": 0.36146452600000006,
                                                                                                    "extra_info": {
                                                                                                        "Projections": [
                                                                                                            "__internal_compress_integral_uinteger(#0, 1)",
                                                                                                            "#1"
                                                                                                        ],
                                                                                                        "Estimated Cardinality": "2000000"
                                                                                                    },
                                                                                                    "cumulative_cardinality": 4000000,
                                                                                                    "operator_type": "PROJECTION",
                                                                                                    "operator_cardinality": 2000000,
                                                                                                    "cumulative_rows_scanned": 4000000,
                                                                                                    "operator_rows_scanned": 0,
                                                                                                    "operator_timing": 0.001912184000000002,
                                                                                                    "result_set_size": 40000000,
                                                                                                    "children": [
                                                                                                        {
                                                                                                            "operator_name": "READ_PARQUET ",
                                                                                                            "cpu_time": 0.3595523420000001,
                                                                                                            "extra_info": {
                                                                                                                "Function": "READ_PARQUET",
                                                                                                                "Projections": [
                                                                                                                    "p_partkey",
                                                                                                                    "p_name"
                                                                                                                ],
                                                                                                                "Estimated Cardinality": "2000000"
                                                                                                            },
                                                                                                            "cumulative_cardinality": 2000000,
                                                                                                            "operator_type": "TABLE_SCAN",
                                                                                                            "operator_cardinality": 2000000,
                                                                                                            "cumulative_rows_scanned": 4000000,
                                                                                                            "operator_rows_scanned": 4000000,
                                                                                                            "operator_timing": 0.3595523420000001,
                                                                                                            "result_set_size": 48000000,
                                                                                                            "children": []
                                                                                                        }
                                                                                                    ]
                                                                                                }
                                                                                            ]
                                                                                        }
                                                                                    ]
                                                                                }
                                                                            ]
                                                                        }
                                                                    ]
                                                                }
                                                            ]
                                                        }
                                                    ]
                                                }
                                            ]
                                        }
                                    ]
                                }
                            ]
                        }
                    ]
                }
            ]
        }
    ]
}