{
    "rows_returned": 0,
    "query_name": "SELECT COALESCE(ANY_VALUE(\"supplier\".\"s_name\"), ANY_VALUE(\"supplier\".\"s_name\")) AS \"SUPPLIER_NAME\", ANY_VALUE(\"part\".\"p_name\") AS \"PART_NAME\", ANY_VALUE(CONCAT('Supplier ', \"supplier\".\"s_name\", ' supplies ', \"part\".\"p_name\", ' with a price of ', CAST(\"partsupp\".\"ps_supplycost\" AS VARCHAR), ' per unit.')) AS \"DESCRIPTION\", ANY_VALUE(\"region\".\"r_name\") AS \"REGION_NAME\", COUNT(DISTINCT \"orders\".\"o_orderkey\") AS \"TOTAL_ORDERS\", SUM(\"lineitem\".\"l_quantity\") AS \"TOTAL_QUANTITY\", SUM(\"lineitem\".\"l_extendedprice\") AS \"TOTAL_REVENUE\", AVG(CASE WHEN \"lineitem\".\"l_discount\" > 0.00 THEN \"lineitem\".\"l_extendedprice\" * (1 - \"lineitem\".\"l_discount\") ELSE CAST(\"lineitem\".\"l_extendedprice\" AS DECIMAL(19, 4)) END) AS \"AVG_PRICE_AFTER_DISCOUNT\"\nFROM \"supplier\"\nINNER JOIN \"partsupp\" ON \"supplier\".\"s_suppkey\" = \"partsupp\".\"ps_suppkey\"\nINNER JOIN \"part\" ON \"partsupp\".\"ps_partkey\" = \"part\".\"p_partkey\"\nINNER JOIN \"lineitem\" ON \"part\".\"p_partkey\" = \"lineitem\".\"l_partkey\"\nINNER JOIN \"orders\" ON \"lineitem\".\"l_orderkey\" = \"orders\".\"o_orderkey\"\nINNER JOIN \"customer\" ON \"orders\".\"o_custkey\" = \"customer\".\"c_custkey\"\nINNER JOIN \"nation\" ON \"customer\".\"c_nationkey\" = \"nation\".\"n_nationkey\"\nINNER JOIN \"region\" ON \"nation\".\"n_regionkey\" = \"region\".\"r_regionkey\"\nWHERE \"region\".\"r_name\" LIKE 'Europ%'\nGROUP BY \"supplier\".\"s_name\", \"part\".\"p_name\", \"region\".\"r_name\", \"partsupp\".\"ps_supplycost\"",
    "blocked_thread_time": 0.0,
    "cpu_time": 5.929215896999999,
    "extra_info": {},
    "cumulative_cardinality": 52372409,
    "cumulative_rows_scanned": 3775291046,
    "result_set_size": 0,
    "latency": 0.699129882,
    "children": [
        {
            "operator_name": "PROJECTION",
            "cpu_time": 5.929215896999999,
            "extra_info": {
                "Projections": [
                    "SUPPLIER_NAME",
                    "PART_NAME",
                    "DESCRIPTION",
                    "REGION_NAME",
                    "TOTAL_ORDERS",
                    "TOTAL_QUANTITY",
                    "TOTAL_REVENUE",
                    "AVG_PRICE_AFTER_DISCOUNT"
                ],
                "Estimated Cardinality": "100000"
            },
            "cumulative_cardinality": 52372409,
            "operator_type": "PROJECTION",
            "operator_cardinality": 0,
            "cumulative_rows_scanned": 3775291046,
            "operator_rows_scanned": 0,
            "operator_timing": 0.0,
            "result_set_size": 0,
            "children": [
                {
                    "operator_name": "HASH_GROUP_BY",
                    "cpu_time": 5.929215896999999,
                    "extra_info": {
                        "Groups": [
                            "#0",
                            "#1",
                            "#2",
                            "#3"
                        ],
                        "Aggregates": [
                            "any_value(#4)",
                            "any_value(#5)",
                            "any_value(#6)",
                            "any_value(#7)",
                            "count(DISTINCT #8)",
                            "sum(#9)",
                            "sum(#10)",
                            "avg(#11)"
                        ],
                        "Estimated Cardinality": "100000"
                    },
                    "cumulative_cardinality": 52372409,
                    "operator_type": "HASH_GROUP_BY",
                    "operator_cardinality": 0,
                    "cumulative_rows_scanned": 3775291046,
                    "operator_rows_scanned": 0,
                    "operator_timing": 0.000001393,
                    "result_set_size": 0,
                    "children": [
                        {
                            "operator_name": "PROJECTION",
                            "cpu_time": 5.929214503999999,
                            "extra_info": {
                                "Projections": [
                                    "s_name",
                                    "p_name",
                                    "r_name",
                                    "ps_supplycost",
                                    "s_name",
                                    "p_name",
                                    "concat('Supplier ', s_name, ' supplies ', p_name, ' with a price of ', CAST(ps_supplycost AS VARCHAR), ' per unit.')",
                                    "r_name",
                                    "o_orderkey",
                                    "l_quantity",
                                    "l_extendedprice",
                                    "CASE  WHEN ((l_discount > 0.0)) THEN ((l_extendedprice * (1.0 - l_discount))) ELSE CAST(CAST(l_extendedprice AS DECIMAL(19,4)) AS DOUBLE) END"
                                ],
                                "Estimated Cardinality": "47988841"
                            },
                            "cumulative_cardinality": 52372409,
                            "operator_type": "PROJECTION",
                            "operator_cardinality": 0,
                            "cumulative_rows_scanned": 3775291046,
                            "operator_rows_scanned": 0,
                            "operator_timing": 0.0,
                            "result_set_size": 0,
                            "children": [
                                {
                                    "operator_name": "PROJECTION",
                                    "cpu_time": 5.929214503999999,
                                    "extra_info": {
                                        "Projections": [
                                            "#0",
                                            "#1",
                                            "#2",
                                            "#3",
                                            "#4",
                                            "#7",
                                            "#5",
                                            "#6"
                                        ],
                                        "Estimated Cardinality": "47988841"
                                    },
                                    "cumulative_cardinality": 52372409,
                                    "operator_type": "PROJECTION",
                                    "operator_cardinality": 0,
                                    "cumulative_rows_scanned": 3775291046,
                                    "operator_rows_scanned": 0,
                                    "operator_timing": 0.0,
                                    "result_set_size": 0,
                                    "children": [
                                        {
                                            "operator_name": "HASH_JOIN",
                                            "cpu_time": 5.929214503999999,
                                            "extra_info": {
                                                "Join Type": "INNER",
                                                "Conditions": "l_partkey = ps_partkey",
                                                "Estimated Cardinality": "47988841"
                                            },
                                            "cumulative_cardinality": 52372409,
                                            "operator_type": "HASH_JOIN",
                                            "operator_cardinality": 0,
                                            "cumulative_rows_scanned": 3775291046,
                                            "operator_rows_scanned": 0,
                                            "operator_timing": 2.155901191999999,
                                            "result_set_size": 0,
                                            "children": [
                                                {
                                                    "operator_name": "PROJECTION",
                                                    "cpu_time": 2.3458854060000003,
                                                    "extra_info": {
                                                        "Projections": [
                                                            "#0",
                                                            "__internal_compress_integral_uinteger(#1, 1)",
                                                            "#2",
                                                            "#3",
                                                            "#4",
                                                            "#5"
                                                        ],
                                                        "Estimated Cardinality": "11997210"
                                                    },
                                                    "cumulative_cardinality": 272409,
                                                    "operator_type": "PROJECTION",
                                                    "operator_cardinality": 0,
                                                    "cumulative_rows_scanned": 3707191046,
                                                    "operator_rows_scanned": 0,
                                                    "operator_timing": 0.0,
                                                    "result_set_size": 0,
                                                    "children": [
                                                        {
                                                            "operator_name": "PROJECTION",
                                                            "cpu_time": 2.3458854060000003,
                                                            "extra_info": {
                                                                "Projections": [
                                                                    "__internal_decompress_integral_bigint(#0, 1)",
                                                                    "#1",
                                                                    "#2",
                                                                    "#3",
                                                                    "#4",
                                                                    "#5"
                                                                ],
                                                                "Estimated Cardinality": "11997210"
                                                            },
                                                            "cumulative_cardinality": 272409,
                                                            "operator_type": "PROJECTION",
                                                            "operator_cardinality": 0,
                                                            "cumulative_rows_scanned": 3707191046,
                                                            "operator_rows_scanned": 0,
                                                            "operator_timing": 0.0,
                                                            "result_set_size": 0,
                                                            "children": [
                                                                {
                                                                    "operator_name": "HASH_JOIN",
                                                                    "cpu_time": 2.3458854060000003,
                                                                    "extra_info": {
                                                                        "Join Type": "INNER",
                                                                        "Conditions": "l_orderkey = o_orderkey",
                                                                        "Estimated Cardinality": "11997210"
                                                                    },
                                                                    "cumulative_cardinality": 272409,
                                                                    "operator_type": "HASH_JOIN",
                                                                    "operator_cardinality": 0,
                                                                    "cumulative_rows_scanned": 3707191046,
                                                                    "operator_rows_scanned": 0,
                                                                    "operator_timing": 0.001262429,
                                                                    "result_set_size": 0,
                                                                    "children": [
                                                                        {
                                                                            "operator_name": "PROJECTION",
                                                                            "cpu_time": 2.167025975,
                                                                            "extra_info": {
                                                                                "Projections": [
                                                                                    "__internal_compress_integral_uinteger(#0, 1)",
                                                                                    "#1",
                                                                                    "#2",
                                                                                    "#3",
                                                                                    "#4"
                                                                                ],
                                                                                "Estimated Cardinality": "59986052"
                                                                            },
                                                                            "cumulative_cardinality": 237568,
                                                                            "operator_type": "PROJECTION",
                                                                            "operator_cardinality": 118784,
                                                                            "cumulative_rows_scanned": 3479191016,
                                                                            "operator_rows_scanned": 0,
                                                                            "operator_timing": 0.0014593109999999998,
                                                                            "result_set_size": 4276224,
                                                                            "children": [
                                                                                {
                                                                                    "operator_name": "READ_PARQUET ",
                                                                                    "cpu_time": 2.165566664,
                                                                                    "extra_info": {
                                                                                        "Function": "READ_PARQUET",
                                                                                        "Projections": [
                                                                                            "l_orderkey",
                                                                                            "l_partkey",
                                                                                            "l_quantity",
                                                                                            "l_extendedprice",
                                                                                            "l_discount"
                                                                                        ],
                                                                                        "Estimated Cardinality": "59986052"
                                                                                    },
                                                                                    "cumulative_cardinality": 118784,
                                                                                    "operator_type": "TABLE_SCAN",
                                                                                    "operator_cardinality": 118784,
                                                                                    "cumulative_rows_scanned": 3479191016,
                                                                                    "operator_rows_scanned": 3479191016,
                                                                                    "operator_timing": 2.165566664,
                                                                                    "result_set_size": 4751360,
                                                                                    "children": []
                                                                                }
                                                                            ]
                                                                        },
                                                                        {
                                                                            "operator_name": "PROJECTION",
                                                                            "cpu_time": 0.17759700200000003,
                                                                            "extra_info": {
                                                                                "Projections": [
                                                                                    "__internal_compress_integral_uinteger(#0, 1)",
                                                                                    "#1"
                                                                                ],
                                                                                "Estimated Cardinality": "3000000"
                                                                            },
                                                                            "cumulative_cardinality": 34841,
                                                                            "operator_type": "PROJECTION",
                                                                            "operator_cardinality": 0,
                                                                            "cumulative_rows_scanned": 228000030,
                                                                            "operator_rows_scanned": 0,
                                                                            "operator_timing": 0.0,
                                                                            "result_set_size": 0,
                                                                            "children": [
                                                                                {
                                                                                    "operator_name": "HASH_JOIN",
                                                                                    "cpu_time": 0.17759700200000003,
                                                                                    "extra_info": {
                                                                                        "Join Type": "INNER",
                                                                                        "Conditions": "o_custkey = c_custkey",
                                                                                        "Estimated Cardinality": "3000000"
                                                                                    },
                                                                                    "cumulative_cardinality": 34841,
                                                                                    "operator_type": "HASH_JOIN",
                                                                                    "operator_cardinality": 0,
                                                                                    "cumulative_rows_scanned": 228000030,
                                                                                    "operator_rows_scanned": 0,
                                                                                    "operator_timing": 0.00017062100000000003,
                                                                                    "result_set_size": 0,
                                                                                    "children": [
                                                                                        {
                                                                                            "operator_name": "READ_PARQUET ",
                                                                                            "cpu_time": 0.16452544900000002,
                                                                                            "extra_info": {
                                                                                                "Function": "READ_PARQUET",
                                                                                                "Projections": [
                                                                                                    "o_orderkey",
                                                                                                    "o_custkey"
                                                                                                ],
                                                                                                "Estimated Cardinality": "15000000"
                                                                                            },
                                                                                            "cumulative_cardinality": 30720,
                                                                                            "operator_type": "TABLE_SCAN",
                                                                                            "operator_cardinality": 30720,
                                                                                            "cumulative_rows_scanned": 225000000,
                                                                                            "operator_rows_scanned": 225000000,
                                                                                            "operator_timing": 0.16452544900000002,
                                                                                            "result_set_size": 491520,
                                                                                            "children": []
                                                                                        },
                                                                                        {
                                                                                            "operator_name": "FILTER",
                                                                                            "cpu_time": 0.012900932,
                                                                                            "extra_info": {
                                                                                                "Expression": "(c_custkey <= 1499999)",
                                                                                                "Estimated Cardinality": "300000"
                                                                                            },
                                                                                            "cumulative_cardinality": 4121,
                                                                                            "operator_type": "FILTER",
                                                                                            "operator_cardinality": 0,
                                                                                            "cumulative_rows_scanned": 3000030,
                                                                                            "operator_rows_scanned": 0,
                                                                                            "operator_timing": 2.3e-7,
                                                                                            "result_set_size": 0,
                                                                                            "children": [
                                                                                                {
                                                                                                    "operator_name": "HASH_JOIN",
                                                                                                    "cpu_time": 0.012900702,
                                                                                                    "extra_info": {
                                                                                                        "Join Type": "INNER",
                                                                                                        "Conditions": "c_nationkey = n_nationkey",
                                                                                                        "Estimated Cardinality": "300000"
                                                                                                    },
                                                                                                    "cumulative_cardinality": 4121,
                                                                                                    "operator_type": "HASH_JOIN",
                                                                                                    "operator_cardinality": 0,
                                                                                                    "cumulative_rows_scanned": 3000030,
                                                                                                    "operator_rows_scanned": 0,
                                                                                                    "operator_timing": 0.000020458,
                                                                                                    "result_set_size": 0,
                                                                                                    "children": [
                                                                                                        {
                                                                                                            "operator_name": "READ_PARQUET ",
                                                                                                            "cpu_time": 0.011789935000000001,
                                                                                                            "extra_info": {
                                                                                                                "Function": "READ_PARQUET",
                                                                                                                "Projections": [
                                                                                                                    "c_custkey",
                                                                                                                    "c_nationkey"
                                                                                                                ],
                                                                                                                "Estimated Cardinality": "1500000"
                                                                                                            },
                                                                                                            "cumulative_cardinality": 4096,
                                                                                                            "operator_type": "TABLE_SCAN",
                                                                                                            "operator_cardinality": 4096,
                                                                                                            "cumulative_rows_scanned": 3000000,
                                                                                                            "operator_rows_scanned": 3000000,
                                                                                                            "operator_timing": 0.011789935000000001,
                                                                                                            "result_set_size": 65536,
                                                                                                            "children": []
                                                                                                        },
                                                                                                        {
                                                                                                            "operator_name": "HASH_JOIN",
                                                                                                            "cpu_time": 0.001090309,
                                                                                                            "extra_info": {
                                                                                                                "Join Type": "INNER",
                                                                                                                "Conditions": "n_regionkey = r_regionkey",
                                                                                                                "Estimated Cardinality": "5"
                                                                                                            },
                                                                                                            "cumulative_cardinality": 25,
                                                                                                            "operator_type": "HASH_JOIN",
                                                                                                            "operator_cardinality": 0,
                                                                                                            "cumulative_rows_scanned": 30,
                                                                                                            "operator_rows_scanned": 0,
                                                                                                            "operator_timing": 0.000031639,
                                                                                                            "result_set_size": 0,
                                                                                                            "children": [
                                                                                                                {
                                                                                                                    "operator_name": "READ_PARQUET ",
                                                                                                                    "cpu_time": 0.000621432,
                                                                                                                    "extra_info": {
                                                                                                                        "Function": "READ_PARQUET",
                                                                                                                        "Projections": [
                                                                                                                            "n_nationkey",
                                                                                                                            "n_regionkey"
                                                                                                                        ],
                                                                                                                        "Estimated Cardinality": "25"
                                                                                                                    },
                                                                                                                    "cumulative_cardinality": 25,
                                                                                                                    "operator_type": "TABLE_SCAN",
                                                                                                                    "operator_cardinality": 25,
                                                                                                                    "cumulative_rows_scanned": 25,
                                                                                                                    "operator_rows_scanned": 25,
                                                                                                                    "operator_timing": 0.000621432,
                                                                                                                    "result_set_size": 400,
                                                                                                                    "children": []
                                                                                                                },
                                                                                                                {
                                                                                                                    "operator_name": "FILTER",
                                                                                                                    "cpu_time": 0.000437238,
                                                                                                                    "extra_info": {
                                                                                                                        "Expression": "prefix(r_name, 'Europ')",
                                                                                                                        "Estimated Cardinality": "1"
                                                                                                                    },
                                                                                                                    "cumulative_cardinality": 0,
                                                                                                                    "operator_type": "FILTER",
                                                                                                                    "operator_cardinality": 0,
                                                                                                                    "cumulative_rows_scanned": 5,
                                                                                                                    "operator_rows_scanned": 0,
                                                                                                                    "operator_timing": 3.31e-7,
                                                                                                                    "result_set_size": 0,
                                                                                                                    "children": [
                                                                                                                        {
                                                                                                                            "operator_name": "READ_PARQUET ",
                                                                                                                            "cpu_time": 0.000436907,
                                                                                                                            "extra_info": {
                                                                                                                                "Function": "READ_PARQUET",
                                                                                                                                "Projections": [
                                                                                                                                    "r_regionkey",
                                                                                                                                    "r_name"
                                                                                                                                ],
                                                                                                                                "Filters": "r_name>='Europ' AND r_name<'Euroq'",
                                                                                                                                "Estimated Cardinality": "1"
                                                                                                                            },
                                                                                                                            "cumulative_cardinality": 0,
                                                                                                                            "operator_type": "TABLE_SCAN",
                                                                                                                            "operator_cardinality": 0,
                                                                                                                            "cumulative_rows_scanned": 5,
                                                                                                                            "operator_rows_scanned": 5,
                                                                                                                            "operator_timing": 0.000436907,
                                                                                                                            "result_set_size": 0,
                                                                                                                            "children": []
                                                                                                                        }
                                                                                                                    ]
                                                                                                                }
                                                                                                            ]
                                                                                                        }
                                                                                                    ]
                                                                                                }
                                                                                            ]
                                                                                        }
                                                                                    ]
                                                                                }
                                                                            ]
                                                                        }
                                                                    ]
                                                                }
                                                            ]
                                                        }
                                                    ]
                                                },
                                                {
                                                    "operator_name": "PROJECTION",
                                                    "cpu_time": 1.427427906,
                                                    "extra_info": {
                                                        "Projections": [
                                                            "__internal_compress_integral_uinteger(#0, 1)",
                                                            "#1",
                                                            "#2",
                                                            "#3"
                                                        ],
                                                        "Estimated Cardinality": "8000000"
                                                    },
                                                    "cumulative_cardinality": 52100000,
                                                    "operator_type": "PROJECTION",
                                                    "operator_cardinality": 8000000,
                                                    "cumulative_rows_scanned": 68100000,
                                                    "operator_rows_scanned": 0,
                                                    "operator_timing": 0.004364399999999998,
                                                    "result_set_size": 352000000,
                                                    "children": [
                                                        {
                                                            "operator_name": "HASH_JOIN",
                                                            "cpu_time": 1.4230635059999999,
                                                            "extra_info": {
                                                                "Join Type": "INNER",
                                                                "Conditions": "ps_suppkey = s_suppkey",
                                                                "Estimated Cardinality": "8000000"
                                                            },
                                                            "cumulative_cardinality": 44100000,
                                                            "operator_type": "HASH_JOIN",
                                                            "operator_cardinality": 8000000,
                                                            "cumulative_rows_scanned": 68100000,
                                                            "operator_rows_scanned": 0,
                                                            "operator_timing": 0.03399050600000001,
                                                            "result_set_size": 384000000,
                                                            "children": [
                                                                {
                                                                    "operator_name": "PROJECTION",
                                                                    "cpu_time": 1.3740490229999998,
                                                                    "extra_info": {
                                                                        "Projections": [
                                                                            "__internal_decompress_integral_bigint(#0, 1)",
                                                                            "#1",
                                                                            "#2",
                                                                            "#3"
                                                                        ],
                                                                        "Estimated Cardinality": "8000000"
                                                                    },
                                                                    "cumulative_cardinality": 36000000,
                                                                    "operator_type": "PROJECTION",
                                                                    "operator_cardinality": 8000000,
                                                                    "cumulative_rows_scanned": 68000000,
                                                                    "operator_rows_scanned": 0,
                                                                    "operator_timing": 0.010830081000000004,
                                                                    "result_set_size": 320000000,
                                                                    "children": [
                                                                        {
                                                                            "operator_name": "HASH_JOIN",
                                                                            "cpu_time": 1.3632189419999998,
                                                                            "extra_info": {
                                                                                "Join Type": "INNER",
                                                                                "Conditions": "ps_partkey = p_partkey",
                                                                                "Estimated Cardinality": "8000000"
                                                                            },
                                                                            "cumulative_cardinality": 28000000,
                                                                            "operator_type": "HASH_JOIN",
                                                                            "operator_cardinality": 8000000,
                                                                            "cumulative_rows_scanned": 68000000,
                                                                            "operator_rows_scanned": 0,
                                                                            "operator_timing": 0.6993897889999997,
                                                                            "result_set_size": 288000000,
                                                                            "children": [
                                                                                {
                                                                                    "operator_name": "PROJECTION",
                                                                                    "cpu_time": 0.35689943300000015,
                                                                                    "extra_info": {
                                                                                        "Projections": [
                                                                                            "__internal_compress_integral_uinteger(#0, 1)",
                                                                                            "#1",
                                                                                            "#2"
                                                                                        ],
                                                                                        "Estimated Cardinality": "8000000"
                                                                                    },
                                                                                    "cumulative_cardinality": 16000000,
                                                                                    "operator_type": "PROJECTION",
                                                                                    "operator_cardinality": 8000000,
                                                                                    "cumulative_rows_scanned": 64000000,
                                                                                    "operator_rows_scanned": 0,
                                                                                    "operator_timing": 0.014761898999999998,
                                                                                    "result_set_size": 160000000,
                                                                                    "children": [
                                                                                        {
                                                                                            "operator_name": "READ_PARQUET ",
                                                                                            "cpu_time": 0.34213753400000013,
                                                                                            "extra_info": {
                                                                                                "Function": "READ_PARQUET",
                                                                                                "Projections": [
                                                                                                    "ps_partkey",
                                                                                                    "ps_suppkey",
                                                                                                    "ps_supplycost"
                                                                                                ],
                                                                                                "Estimated Cardinality": "8000000"
                                                                                            },
                                                                                            "cumulative_cardinality": 8000000,
                                                                                            "operator_type": "TABLE_SCAN",
                                                                                            "operator_cardinality": 8000000,
                                                                                            "cumulative_rows_scanned": 64000000,
                                                                                            "operator_rows_scanned": 64000000,
                                                                                            "operator_timing": 0.34213753400000013,
                                                                                            "result_set_size": 192000000,
                                                                                            "children": []
                                                                                        }
                                                                                    ]
                                                                                },
                                                                                {
                                                                                    "operator_name": "PROJECTION",
                                                                                    "cpu_time": 0.30692972000000013,
                                                                                    "extra_info": {
                                                                                        "Projections": [
                                                                                            "__internal_compress_integral_uinteger(#0, 1)",
                                                                                            "#1"
                                                                                        ],
                                                                                        "Estimated Cardinality": "2000000"
                                                                                    },
                                                                                    "cumulative_cardinality": 4000000,
                                                                                    "operator_type": "PROJECTION",
                                                                                    "operator_cardinality": 2000000,
                                                                                    "cumulative_rows_scanned": 4000000,
                                                                                    "operator_rows_scanned": 0,
                                                                                    "operator_timing": 0.001625712,
                                                                                    "result_set_size": 40000000,
                                                                                    "children": [
                                                                                        {
                                                                                            "operator_name": "READ_PARQUET ",
                                                                                            "cpu_time": 0.3053040080000001,
                                                                                            "extra_info": {
                                                                                                "Function": "READ_PARQUET",
                                                                                                "Projections": [
                                                                                                    "p_partkey",
                                                                                                    "p_name"
                                                                                                ],
                                                                                                "Estimated Cardinality": "2000000"
                                                                                            },
                                                                                            "cumulative_cardinality": 2000000,
                                                                                            "operator_type": "TABLE_SCAN",
                                                                                            "operator_cardinality": 2000000,
                                                                                            "cumulative_rows_scanned": 4000000,
                                                                                            "operator_rows_scanned": 4000000,
                                                                                            "operator_timing": 0.3053040080000001,
                                                                                            "result_set_size": 48000000,
                                                                                            "children": []
                                                                                        }
                                                                                    ]
                                                                                }
                                                                            ]
                                                                        }
                                                                    ]
                                                                },
                                                                {
                                                                    "operator_name": "READ_PARQUET ",
                                                                    "cpu_time": 0.015023976999999997,
                                                                    "extra_info": {
                                                                        "Function": "READ_PARQUET",
                                                                        "Projections": [
                                                                            "s_suppkey",
                                                                            "s_name"
                                                                        ],
                                                                        "Estimated Cardinality": "100000"
                                                                    },
                                                                    "cumulative_cardinality": 100000,
                                                                    "operator_type": "TABLE_SCAN",
                                                                    "operator_cardinality": 100000,
                                                                    "cumulative_rows_scanned": 100000,
                                                                    "operator_rows_scanned": 100000,
                                                                    "operator_timing": 0.015023976999999997,
                                                                    "result_set_size": 2400000,
                                                                    "children": []
                                                                }
                                                            ]
                                                        }
                                                    ]
                                                }
                                            ]
                                        }
                                    ]
                                }
                            ]
                        }
                    ]
                }
            ]
        }
    ]
}