{
    "rows_returned": 0,
    "query_name": "SELECT \n    a.name AS aka_name, \n    t.title AS movie_title, \n    c.note AS cast_note, \n    k.keyword AS movie_keyword, \n    m.info AS movie_info, \n    n.name AS person_name, \n    r.role AS role_type\nFROM \n    aka_name a\nJOIN \n    cast_info c ON a.person_id = c.person_id\nJOIN \n    title t ON c.movie_id = t.id\nJOIN \n    movie_keyword mk ON t.id = mk.movie_id\nJOIN \n    keyword k ON mk.keyword_id = k.id\nJOIN \n    movie_info m ON t.id = m.movie_id\nJOIN \n    name n ON c.person_id = n.imdb_id\nJOIN \n    role_type r ON c.role_id = r.id\nORDER BY \n    t.production_year DESC, \n    a.name",
    "blocked_thread_time": 0.0,
    "cpu_time": 144.31813934800005,
    "extra_info": {},
    "cumulative_cardinality": 533956910,
    "cumulative_rows_scanned": 1538997915,
    "result_set_size": 0,
    "latency": 19.833640719,
    "children": [
        {
            "operator_name": "ORDER_BY",
            "cpu_time": 144.31813934800005,
            "extra_info": {
                "Order By": [
                    "#7 DESC",
                    "a.\"name\" ASC"
                ]
            },
            "cumulative_cardinality": 533956910,
            "operator_type": "ORDER_BY",
            "operator_cardinality": 0,
            "cumulative_rows_scanned": 1538997915,
            "operator_rows_scanned": 0,
            "operator_timing": 5.31e-7,
            "result_set_size": 0,
            "children": [
                {
                    "operator_name": "PROJECTION",
                    "cpu_time": 144.31813881700003,
                    "extra_info": {
                        "Projections": [
                            "#0",
                            "#1",
                            "#2",
                            "#3",
                            "#4",
                            "#5",
                            "#6",
                            "__internal_compress_integral_utinyint(#7, 1880)"
                        ],
                        "Estimated Cardinality": "1759494836"
                    },
                    "cumulative_cardinality": 533956910,
                    "operator_type": "PROJECTION",
                    "operator_cardinality": 0,
                    "cumulative_rows_scanned": 1538997915,
                    "operator_rows_scanned": 0,
                    "operator_timing": 0.0,
                    "result_set_size": 0,
                    "children": [
                        {
                            "operator_name": "PROJECTION",
                            "cpu_time": 144.31813881700003,
                            "extra_info": {
                                "Projections": [
                                    "aka_name",
                                    "movie_title",
                                    "cast_note",
                                    "movie_keyword",
                                    "movie_info",
                                    "person_name",
                                    "role_type",
                                    "production_year"
                                ],
                                "Estimated Cardinality": "1759494836"
                            },
                            "cumulative_cardinality": 533956910,
                            "operator_type": "PROJECTION",
                            "operator_cardinality": 0,
                            "cumulative_rows_scanned": 1538997915,
                            "operator_rows_scanned": 0,
                            "operator_timing": 0.0,
                            "result_set_size": 0,
                            "children": [
                                {
                                    "operator_name": "HASH_JOIN",
                                    "cpu_time": 144.31813881700003,
                                    "extra_info": {
                                        "Join Type": "INNER",
                                        "Conditions": "movie_id = movie_id",
                                        "Estimated Cardinality": "1759494836"
                                    },
                                    "cumulative_cardinality": 533956910,
                                    "operator_type": "HASH_JOIN",
                                    "operator_cardinality": 0,
                                    "cumulative_rows_scanned": 1538997915,
                                    "operator_rows_scanned": 0,
                                    "operator_timing": 126.83461678800002,
                                    "result_set_size": 0,
                                    "children": [
                                        {
                                            "operator_name": "FILTER",
                                            "cpu_time": 6.317595562999999,
                                            "extra_info": {
                                                "Expression": "(movie_id BETWEEN 2 AND 2525971)",
                                                "Estimated Cardinality": "167581017"
                                            },
                                            "cumulative_cardinality": 1116390,
                                            "operator_type": "FILTER",
                                            "operator_cardinality": 0,
                                            "cumulative_rows_scanned": 1286123359,
                                            "operator_rows_scanned": 0,
                                            "operator_timing": 3.81e-7,
                                            "result_set_size": 0,
                                            "children": [
                                                {
                                                    "operator_name": "HASH_JOIN",
                                                    "cpu_time": 6.317595181999999,
                                                    "extra_info": {
                                                        "Join Type": "INNER",
                                                        "Conditions": "person_id = person_id",
                                                        "Estimated Cardinality": "167581017"
                                                    },
                                                    "cumulative_cardinality": 1116390,
                                                    "operator_type": "HASH_JOIN",
                                                    "operator_cardinality": 0,
                                                    "cumulative_rows_scanned": 1286123359,
                                                    "operator_rows_scanned": 0,
                                                    "operator_timing": 0.0007473640000000003,
                                                    "result_set_size": 0,
                                                    "children": [
                                                        {
                                                            "operator_name": "FILTER",
                                                            "cpu_time": 6.055962692999999,
                                                            "extra_info": {
                                                                "Expression": "(person_id >= 4)",
                                                                "Estimated Cardinality": "36244344"
                                                            },
                                                            "cumulative_cardinality": 215047,
                                                            "operator_type": "FILTER",
                                                            "operator_cardinality": 71676,
                                                            "cumulative_rows_scanned": 1268552052,
                                                            "operator_rows_scanned": 0,
                                                            "operator_timing": 0.000494779,
                                                            "result_set_size": 3440448,
                                                            "children": [
                                                                {
                                                                    "operator_name": "HASH_JOIN",
                                                                    "cpu_time": 6.0554679139999985,
                                                                    "extra_info": {
                                                                        "Join Type": "INNER",
                                                                        "Conditions": "role_id = id",
                                                                        "Estimated Cardinality": "36244344"
                                                                    },
                                                                    "cumulative_cardinality": 143371,
                                                                    "operator_type": "HASH_JOIN",
                                                                    "operator_cardinality": 71680,
                                                                    "cumulative_rows_scanned": 1268552052,
                                                                    "operator_rows_scanned": 0,
                                                                    "operator_timing": 0.0009531300000000001,
                                                                    "result_set_size": 3440640,
                                                                    "children": [
                                                                        {
                                                                            "operator_name": "READ_PARQUET ",
                                                                            "cpu_time": 6.052498466999999,
                                                                            "extra_info": {
                                                                                "Function": "READ_PARQUET",
                                                                                "Projections": [
                                                                                    "person_id",
                                                                                    "movie_id",
                                                                                    "note",
                                                                                    "role_id"
                                                                                ],
                                                                                "Estimated Cardinality": "36244344"
                                                                            },
                                                                            "cumulative_cardinality": 71680,
                                                                            "operator_type": "TABLE_SCAN",
                                                                            "operator_cardinality": 71680,
                                                                            "cumulative_rows_scanned": 1268552040,
                                                                            "operator_rows_scanned": 1268552040,
                                                                            "operator_timing": 6.052498466999999,
                                                                            "result_set_size": 2867200,
                                                                            "children": []
                                                                        },
                                                                        {
                                                                            "operator_name": "READ_PARQUET ",
                                                                            "cpu_time": 0.002016317,
                                                                            "extra_info": {
                                                                                "Function": "READ_PARQUET",
                                                                                "Projections": [
                                                                                    "id",
                                                                                    "role"
                                                                                ],
                                                                                "Filters": "id<=11",
                                                                                "Estimated Cardinality": "12"
                                                                            },
                                                                            "cumulative_cardinality": 11,
                                                                            "operator_type": "TABLE_SCAN",
                                                                            "operator_cardinality": 11,
                                                                            "cumulative_rows_scanned": 12,
                                                                            "operator_rows_scanned": 12,
                                                                            "operator_timing": 0.002016317,
                                                                            "result_set_size": 264,
                                                                            "children": []
                                                                        }
                                                                    ]
                                                                }
                                                            ]
                                                        },
                                                        {
                                                            "operator_name": "FILTER",
                                                            "cpu_time": 0.26088512499999994,
                                                            "extra_info": {
                                                                "Expression": "(person_id <= 4061926)",
                                                                "Estimated Cardinality": "4167491"
                                                            },
                                                            "cumulative_cardinality": 901343,
                                                            "operator_type": "FILTER",
                                                            "operator_cardinality": 0,
                                                            "cumulative_rows_scanned": 17571307,
                                                            "operator_rows_scanned": 0,
                                                            "operator_timing": 7.21e-7,
                                                            "result_set_size": 0,
                                                            "children": [
                                                                {
                                                                    "operator_name": "HASH_JOIN",
                                                                    "cpu_time": 0.26088440399999996,
                                                                    "extra_info": {
                                                                        "Join Type": "INNER",
                                                                        "Conditions": "imdb_id = person_id",
                                                                        "Estimated Cardinality": "4167491"
                                                                    },
                                                                    "cumulative_cardinality": 901343,
                                                                    "operator_type": "HASH_JOIN",
                                                                    "operator_cardinality": 0,
                                                                    "cumulative_rows_scanned": 17571307,
                                                                    "operator_rows_scanned": 0,
                                                                    "operator_timing": 0.10441574499999999,
                                                                    "result_set_size": 0,
                                                                    "children": [
                                                                        {
                                                                            "operator_name": "READ_PARQUET ",
                                                                            "cpu_time": 0.043744699,
                                                                            "extra_info": {
                                                                                "Function": "READ_PARQUET",
                                                                                "Projections": [
                                                                                    "name",
                                                                                    "imdb_id"
                                                                                ],
                                                                                "Estimated Cardinality": "4167491"
                                                                            },
                                                                            "cumulative_cardinality": 0,
                                                                            "operator_type": "TABLE_SCAN",
                                                                            "operator_cardinality": 0,
                                                                            "cumulative_rows_scanned": 16669964,
                                                                            "operator_rows_scanned": 16669964,
                                                                            "operator_timing": 0.043744699,
                                                                            "result_set_size": 0,
                                                                            "children": []
                                                                        },
                                                                        {
                                                                            "operator_name": "READ_PARQUET ",
                                                                            "cpu_time": 0.11272395999999997,
                                                                            "extra_info": {
                                                                                "Function": "READ_PARQUET",
                                                                                "Projections": [
                                                                                    "person_id",
                                                                                    "name"
                                                                                ],
                                                                                "Estimated Cardinality": "901343"
                                                                            },
                                                                            "cumulative_cardinality": 901343,
                                                                            "operator_type": "TABLE_SCAN",
                                                                            "operator_cardinality": 901343,
                                                                            "cumulative_rows_scanned": 901343,
                                                                            "operator_rows_scanned": 901343,
                                                                            "operator_timing": 0.11272395999999997,
                                                                            "result_set_size": 21632232,
                                                                            "children": []
                                                                        }
                                                                    ]
                                                                }
                                                            ]
                                                        }
                                                    ]
                                                }
                                            ]
                                        },
                                        {
                                            "operator_name": "PROJECTION",
                                            "cpu_time": 11.16592646599999,
                                            "extra_info": {
                                                "Projections": [
                                                    "#0",
                                                    "#1",
                                                    "__internal_decompress_integral_bigint(#2, 2)",
                                                    "#3",
                                                    "__internal_decompress_integral_bigint(#4, 1880)"
                                                ],
                                                "Estimated Cardinality": "26545679"
                                            },
                                            "cumulative_cardinality": 532840520,
                                            "operator_type": "PROJECTION",
                                            "operator_cardinality": 235420417,
                                            "cumulative_rows_scanned": 252874556,
                                            "operator_rows_scanned": 0,
                                            "operator_timing": 0.28514523999999875,
                                            "result_set_size": 15066906688,
                                            "children": [
                                                {
                                                    "operator_name": "HASH_JOIN",
                                                    "cpu_time": 10.880781225999991,
                                                    "extra_info": {
                                                        "Join Type": "INNER",
                                                        "Conditions": "movie_id = id",
                                                        "Estimated Cardinality": "26545679"
                                                    },
                                                    "cumulative_cardinality": 297420103,
                                                    "operator_type": "HASH_JOIN",
                                                    "operator_cardinality": 235420417,
                                                    "cumulative_rows_scanned": 252874556,
                                                    "operator_rows_scanned": 0,
                                                    "operator_timing": 6.819240809999993,
                                                    "result_set_size": 12477282101,
                                                    "children": [
                                                        {
                                                            "operator_name": "PROJECTION",
                                                            "cpu_time": 2.7011852559999987,
                                                            "extra_info": {
                                                                "Projections": [
                                                                    "__internal_compress_integral_uinteger(#0, 2)",
                                                                    "#1"
                                                                ],
                                                                "Estimated Cardinality": "14835720"
                                                            },
                                                            "cumulative_cardinality": 29669996,
                                                            "operator_type": "PROJECTION",
                                                            "operator_cardinality": 14834998,
                                                            "cumulative_rows_scanned": 222535800,
                                                            "operator_rows_scanned": 0,
                                                            "operator_timing": 0.029082476999999995,
                                                            "result_set_size": 296699960,
                                                            "children": [
                                                                {
                                                                    "operator_name": "READ_PARQUET ",
                                                                    "cpu_time": 2.672102778999999,
                                                                    "extra_info": {
                                                                        "Function": "READ_PARQUET",
                                                                        "Projections": [
                                                                            "movie_id",
                                                                            "info"
                                                                        ],
                                                                        "Filters": "movie_id>=2 AND movie_id<=2525971",
                                                                        "Estimated Cardinality": "14835720"
                                                                    },
                                                                    "cumulative_cardinality": 14834998,
                                                                    "operator_type": "TABLE_SCAN",
                                                                    "operator_cardinality": 14834998,
                                                                    "cumulative_rows_scanned": 222535800,
                                                                    "operator_rows_scanned": 222535800,
                                                                    "operator_timing": 2.672102778999999,
                                                                    "result_set_size": 356039952,
                                                                    "children": []
                                                                }
                                                            ]
                                                        },
                                                        {
                                                            "operator_name": "PROJECTION",
                                                            "cpu_time": 1.3603551599999995,
                                                            "extra_info": {
                                                                "Projections": [
                                                                    "#0",
                                                                    "__internal_compress_integral_uinteger(#1, 2)",
                                                                    "#2",
                                                                    "__internal_compress_integral_utinyint(#3, 1880)"
                                                                ],
                                                                "Estimated Cardinality": "4523930"
                                                            },
                                                            "cumulative_cardinality": 32329690,
                                                            "operator_type": "PROJECTION",
                                                            "operator_cardinality": 4523930,
                                                            "cumulative_rows_scanned": 30338756,
                                                            "operator_rows_scanned": 0,
                                                            "operator_timing": 0.004795681999999999,
                                                            "result_set_size": 167385410,
                                                            "children": [
                                                                {
                                                                    "operator_name": "PROJECTION",
                                                                    "cpu_time": 1.3555594779999995,
                                                                    "extra_info": {
                                                                        "Projections": [
                                                                            "#0",
                                                                            "__internal_decompress_integral_bigint(#1, 2)",
                                                                            "#2",
                                                                            "__internal_decompress_integral_bigint(#3, 1880)"
                                                                        ],
                                                                        "Estimated Cardinality": "4523930"
                                                                    },
                                                                    "cumulative_cardinality": 27805760,
                                                                    "operator_type": "PROJECTION",
                                                                    "operator_cardinality": 4523930,
                                                                    "cumulative_rows_scanned": 30338756,
                                                                    "operator_rows_scanned": 0,
                                                                    "operator_timing": 0.005479531,
                                                                    "result_set_size": 217148640,
                                                                    "children": [
                                                                        {
                                                                            "operator_name": "HASH_JOIN",
                                                                            "cpu_time": 1.3500799469999996,
                                                                            "extra_info": {
                                                                                "Join Type": "INNER",
                                                                                "Conditions": "movie_id = id",
                                                                                "Estimated Cardinality": "4523930"
                                                                            },
                                                                            "cumulative_cardinality": 23281830,
                                                                            "operator_type": "HASH_JOIN",
                                                                            "operator_cardinality": 4523930,
                                                                            "cumulative_rows_scanned": 30338756,
                                                                            "operator_rows_scanned": 0,
                                                                            "operator_timing": 0.7708757319999997,
                                                                            "result_set_size": 167385410,
                                                                            "children": [
                                                                                {
                                                                                    "operator_name": "PROJECTION",
                                                                                    "cpu_time": 0.20684883800000003,
                                                                                    "extra_info": {
                                                                                        "Projections": [
                                                                                            "__internal_compress_integral_uinteger(#0, 2)",
                                                                                            "#1"
                                                                                        ],
                                                                                        "Estimated Cardinality": "4523930"
                                                                                    },
                                                                                    "cumulative_cardinality": 13705960,
                                                                                    "operator_type": "PROJECTION",
                                                                                    "operator_cardinality": 4523930,
                                                                                    "cumulative_rows_scanned": 22753820,
                                                                                    "operator_rows_scanned": 0,
                                                                                    "operator_timing": 0.009982413000000002,
                                                                                    "result_set_size": 90478600,
                                                                                    "children": [
                                                                                        {
                                                                                            "operator_name": "HASH_JOIN",
                                                                                            "cpu_time": 0.19686642500000004,
                                                                                            "extra_info": {
                                                                                                "Join Type": "INNER",
                                                                                                "Conditions": "keyword_id = id",
                                                                                                "Estimated Cardinality": "4523930"
                                                                                            },
                                                                                            "cumulative_cardinality": 9182030,
                                                                                            "operator_type": "HASH_JOIN",
                                                                                            "operator_cardinality": 4523930,
                                                                                            "cumulative_rows_scanned": 22753820,
                                                                                            "operator_rows_scanned": 0,
                                                                                            "operator_timing": 0.033203837,
                                                                                            "result_set_size": 108574320,
                                                                                            "children": [
                                                                                                {
                                                                                                    "operator_name": "READ_PARQUET ",
                                                                                                    "cpu_time": 0.14109054000000004,
                                                                                                    "extra_info": {
                                                                                                        "Function": "READ_PARQUET",
                                                                                                        "Projections": [
                                                                                                            "movie_id",
                                                                                                            "keyword_id"
                                                                                                        ],
                                                                                                        "Estimated Cardinality": "4523930"
                                                                                                    },
                                                                                                    "cumulative_cardinality": 4523930,
                                                                                                    "operator_type": "TABLE_SCAN",
                                                                                                    "operator_cardinality": 4523930,
                                                                                                    "cumulative_rows_scanned": 22619650,
                                                                                                    "operator_rows_scanned": 22619650,
                                                                                                    "operator_timing": 0.14109054000000004,
                                                                                                    "result_set_size": 72382880,
                                                                                                    "children": []
                                                                                                },
                                                                                                {
                                                                                                    "operator_name": "READ_PARQUET ",
                                                                                                    "cpu_time": 0.022572047999999994,
                                                                                                    "extra_info": {
                                                                                                        "Function": "READ_PARQUET",
                                                                                                        "Projections": [
                                                                                                            "id",
                                                                                                            "keyword"
                                                                                                        ],
                                                                                                        "Estimated Cardinality": "134170"
                                                                                                    },
                                                                                                    "cumulative_cardinality": 134170,
                                                                                                    "operator_type": "TABLE_SCAN",
                                                                                                    "operator_cardinality": 134170,
                                                                                                    "cumulative_rows_scanned": 134170,
                                                                                                    "operator_rows_scanned": 134170,
                                                                                                    "operator_timing": 0.022572047999999994,
                                                                                                    "result_set_size": 3220080,
                                                                                                    "children": []
                                                                                                }
                                                                                            ]
                                                                                        }
                                                                                    ]
                                                                                },
                                                                                {
                                                                                    "operator_name": "PROJECTION",
                                                                                    "cpu_time": 0.3723553769999998,
                                                                                    "extra_info": {
                                                                                        "Projections": [
                                                                                            "__internal_compress_integral_uinteger(#0, 2)",
                                                                                            "#1",
                                                                                            "__internal_compress_integral_utinyint(#2, 1880)"
                                                                                        ],
                                                                                        "Estimated Cardinality": "2528312"
                                                                                    },
                                                                                    "cumulative_cardinality": 5051940,
                                                                                    "operator_type": "PROJECTION",
                                                                                    "operator_cardinality": 2525970,
                                                                                    "cumulative_rows_scanned": 7584936,
                                                                                    "operator_rows_scanned": 0,
                                                                                    "operator_timing": 0.004590232999999996,
                                                                                    "result_set_size": 53045370,
                                                                                    "children": [
                                                                                        {
                                                                                            "operator_name": "READ_PARQUET ",
                                                                                            "cpu_time": 0.3677651439999998,
                                                                                            "extra_info": {
                                                                                                "Function": "READ_PARQUET",
                                                                                                "Projections": [
                                                                                                    "id",
                                                                                                    "title",
                                                                                                    "production_year"
                                                                                                ],
                                                                                                "Filters": "id>=2 AND id<=2525971",
                                                                                                "Estimated Cardinality": "2528312"
                                                                                            },
                                                                                            "cumulative_cardinality": 2525970,
                                                                                            "operator_type": "TABLE_SCAN",
                                                                                            "operator_cardinality": 2525970,
                                                                                            "cumulative_rows_scanned": 7584936,
                                                                                            "operator_rows_scanned": 7584936,
                                                                                            "operator_timing": 0.3677651439999998,
                                                                                            "result_set_size": 80831040,
                                                                                            "children": []
                                                                                        }
                                                                                    ]
                                                                                }
                                                                            ]
                                                                        }
                                                                    ]
                                                                }
                                                            ]
                                                        }
                                                    ]
                                                }
                                            ]
                                        }
                                    ]
                                }
                            ]
                        }
                    ]
                }
            ]
        }
    ]
}