{
    "rows_returned": 4574495,
    "query_name": "SELECT COALESCE(\"Posts\".\"Id\", \"Posts\".\"Id\") AS \"Id\", \"Posts\".\"PostTypeId\", \"Posts\".\"AcceptedAnswerId\", \"Posts\".\"ParentId\", \"Posts\".\"CreationDate\", \"Posts\".\"Score\", \"Posts\".\"ViewCount\", \"Posts\".\"Body\", \"Posts\".\"OwnerUserId\", \"Posts\".\"OwnerDisplayName\", \"Posts\".\"LastEditorUserId\", \"Posts\".\"LastEditorDisplayName\", \"Posts\".\"LastEditDate\", \"Posts\".\"LastActivityDate\", \"Posts\".\"Title\", \"Posts\".\"Tags\", \"Posts\".\"AnswerCount\", \"Posts\".\"CommentCount\", \"Posts\".\"FavoriteCount\", \"Posts\".\"ClosedDate\", \"Posts\".\"CommunityOwnedDate\", \"Posts\".\"ContentLicense\", \"Users\".\"Id\" AS \"Id0\", \"Users\".\"Reputation\", \"Users\".\"CreationDate\" AS \"CreationDate0\", \"Users\".\"DisplayName\", \"Users\".\"LastAccessDate\", \"Users\".\"WebsiteUrl\", \"Users\".\"Location\", \"Users\".\"AboutMe\", \"Users\".\"Views\", \"Users\".\"UpVotes\", \"Users\".\"DownVotes\", \"Users\".\"ProfileImageUrl\", \"Users\".\"AccountId\"\nFROM \"Posts\"\nRIGHT JOIN \"Users\" ON \"Posts\".\"OwnerUserId\" = \"Users\".\"Id\"",
    "blocked_thread_time": 0.0,
    "cpu_time": 10.349276885000005,
    "extra_info": {},
    "cumulative_cardinality": 19930321,
    "cumulative_rows_scanned": 17921884,
    "result_set_size": 1363199510,
    "latency": 32.216839698,
    "children": [
        {
            "operator_name": "PROJECTION",
            "cpu_time": 10.349276885000005,
            "extra_info": {
                "Projections": [
                    "Id",
                    "posttypeid",
                    "acceptedanswerid",
                    "parentid",
                    "creationdate",
                    "score",
                    "viewcount",
                    "body",
                    "owneruserid",
                    "ownerdisplayname",
                    "lasteditoruserid",
                    "lasteditordisplayname",
                    "lasteditdate",
                    "lastactivitydate",
                    "title",
                    "tags",
                    "answercount",
                    "commentcount",
                    "favoritecount",
                    "closeddate",
                    "communityowneddate",
                    "contentlicense",
                    "Id0",
                    "reputation",
                    "CreationDate0",
                    "displayname",
                    "lastaccessdate",
                    "websiteurl",
                    "location",
                    "aboutme",
                    "views",
                    "upvotes",
                    "downvotes",
                    "profileimageurl",
                    "accountid"
                ],
                "Estimated Cardinality": "3850116"
            },
            "cumulative_cardinality": 19930321,
            "operator_type": "PROJECTION",
            "operator_cardinality": 4574495,
            "cumulative_rows_scanned": 17921884,
            "operator_rows_scanned": 0,
            "operator_timing": 0.04701389599999999,
            "result_set_size": 1363199510,
            "children": [
                {
                    "operator_name": "PROJECTION",
                    "cpu_time": 10.302262989000006,
                    "extra_info": {
                        "Projections": [
                            "#0",
                            "#1",
                            "#2",
                            "#3",
                            "#4",
                            "#5",
                            "#6",
                            "#7",
                            "#8",
                            "#9",
                            "#10",
                            "#11",
                            "#12",
                            "#13",
                            "#14",
                            "#15",
                            "#16",
                            "#17",
                            "#18",
                            "#19",
                            "#20",
                            "#21",
                            "#22",
                            "#23",
                            "#24",
                            "#25",
                            "#26",
                            "#27",
                            "#28",
                            "#29",
                            "#30",
                            "#31",
                            "__internal_decompress_integral_integer(#32, 0)",
                            "#33",
                            "#34"
                        ],
                        "Estimated Cardinality": "3850116"
                    },
                    "cumulative_cardinality": 15355826,
                    "operator_type": "PROJECTION",
                    "operator_cardinality": 4574495,
                    "cumulative_rows_scanned": 17921884,
                    "operator_rows_scanned": 0,
                    "operator_timing": 0.014287965999999996,
                    "result_set_size": 1363199510,
                    "children": [
                        {
                            "operator_name": "HASH_JOIN",
                            "cpu_time": 10.287975023000007,
                            "extra_info": {
                                "Join Type": "RIGHT",
                                "Conditions": "owneruserid = id",
                                "Estimated Cardinality": "3850116"
                            },
                            "cumulative_cardinality": 10781331,
                            "operator_type": "HASH_JOIN",
                            "operator_cardinality": 4574495,
                            "cumulative_rows_scanned": 17921884,
                            "operator_rows_scanned": 0,
                            "operator_timing": 1.2135413980000014,
                            "result_set_size": 1354050520,
                            "children": [
                                {
                                    "operator_name": "READ_PARQUET ",
                                    "cpu_time": 8.514781266000005,
                                    "extra_info": {
                                        "Function": "READ_PARQUET",
                                        "Projections": [
                                            "id",
                                            "posttypeid",
                                            "acceptedanswerid",
                                            "parentid",
                                            "creationdate",
                                            "score",
                                            "viewcount",
                                            "body",
                                            "owneruserid",
                                            "ownerdisplayname",
                                            "lasteditoruserid",
                                            "lasteditordisplayname",
                                            "lasteditdate",
                                            "lastactivitydate",
                                            "title",
                                            "tags",
                                            "answercount",
                                            "commentcount",
                                            "favoritecount",
                                            "closeddate",
                                            "communityowneddate",
                                            "contentlicense"
                                        ],
                                        "Estimated Cardinality": "3850116"
                                    },
                                    "cumulative_cardinality": 3685416,
                                    "operator_type": "TABLE_SCAN",
                                    "operator_cardinality": 3685416,
                                    "cumulative_rows_scanned": 15400464,
                                    "operator_rows_scanned": 15400464,
                                    "operator_timing": 8.514781266000005,
                                    "result_set_size": 656004048,
                                    "children": []
                                },
                                {
                                    "operator_name": "PROJECTION",
                                    "cpu_time": 0.5596523590000001,
                                    "extra_info": {
                                        "Projections": [
                                            "#0",
                                            "#1",
                                            "#2",
                                            "#3",
                                            "#4",
                                            "#5",
                                            "#6",
                                            "#7",
                                            "#8",
                                            "#9",
                                            "__internal_compress_integral_usmallint(#10, 0)",
                                            "#11",
                                            "#12"
                                        ],
                                        "Estimated Cardinality": "1260710"
                                    },
                                    "cumulative_cardinality": 2521420,
                                    "operator_type": "PROJECTION",
                                    "operator_cardinality": 1260710,
                                    "cumulative_rows_scanned": 2521420,
                                    "operator_rows_scanned": 0,
                                    "operator_timing": 0.0016482069999999996,
                                    "result_set_size": 148763780,
                                    "children": [
                                        {
                                            "operator_name": "READ_PARQUET ",
                                            "cpu_time": 0.5580041520000001,
                                            "extra_info": {
                                                "Function": "READ_PARQUET",
                                                "Projections": [
                                                    "id",
                                                    "reputation",
                                                    "creationdate",
                                                    "displayname",
                                                    "lastaccessdate",
                                                    "websiteurl",
                                                    "location",
                                                    "aboutme",
                                                    "views",
                                                    "upvotes",
                                                    "downvotes",
                                                    "profileimageurl",
                                                    "accountid"
                                                ],
                                                "Estimated Cardinality": "1260710"
                                            },
                                            "cumulative_cardinality": 1260710,
                                            "operator_type": "TABLE_SCAN",
                                            "operator_cardinality": 1260710,
                                            "cumulative_rows_scanned": 2521420,
                                            "operator_rows_scanned": 2521420,
                                            "operator_timing": 0.5580041520000001,
                                            "result_set_size": 151285200,
                                            "children": []
                                        }
                                    ]
                                }
                            ]
                        }
                    ]
                }
            ]
        }
    ]
}