{
    "rows_returned": 5,
    "query_name": "WITH PostStats AS (\n    SELECT \n        p.Id AS PostId,\n        p.PostTypeId,\n        p.CreationDate,\n        p.ViewCount,\n        p.Score,\n        COUNT(DISTINCT c.Id) AS CommentCount,\n        COUNT(DISTINCT v.Id) AS VoteCount,\n        AVG(CASE WHEN v.VoteTypeId = 2 THEN 1 ELSE 0 END) AS UpVotes,\n        AVG(CASE WHEN v.VoteTypeId = 3 THEN 1 ELSE 0 END) AS DownVotes\n    FROM \n        Posts p\n    LEFT JOIN \n        Comments c ON p.Id = c.PostId\n    LEFT JOIN \n        Votes v ON p.Id = v.PostId\n    WHERE \n        p.CreationDate >= '2022-01-01'  \n    GROUP BY \n        p.Id, p.PostTypeId, p.CreationDate, p.ViewCount, p.Score\n),\nPostTypesStats AS (\n    SELECT \n        pt.Id AS PostTypeId,\n        pt.Name AS PostTypeName,\n        COUNT(ps.PostId) AS TotalPosts,\n        SUM(ps.ViewCount) AS TotalViews,\n        SUM(ps.Score) AS TotalScore,\n        SUM(ps.CommentCount) AS TotalComments,\n        SUM(ps.VoteCount) AS TotalVotes,\n        AVG(ps.UpVotes) AS AvgUpVotes,\n        AVG(ps.DownVotes) AS AvgDownVotes\n    FROM \n        PostStats ps\n    JOIN \n        PostTypes pt ON ps.PostTypeId = pt.Id\n    GROUP BY \n        pt.Id, pt.Name\n)\n\nSELECT \n    PostTypeId,\n    PostTypeName,\n    TotalPosts,\n    TotalViews,\n    TotalScore,\n    TotalComments,\n    TotalVotes,\n    AvgUpVotes,\n    AvgDownVotes\nFROM \n    PostTypesStats\nORDER BY \n    TotalPosts DESC;",
    "blocked_thread_time": 0.0,
    "cpu_time": 0.9144813690000002,
    "extra_info": {},
    "cumulative_cardinality": 19374799,
    "cumulative_rows_scanned": 23836039,
    "result_set_size": 530,
    "latency": 1.231780481,
    "children": [
        {
            "operator_name": "PROJECTION",
            "cpu_time": 0.9144813690000002,
            "extra_info": {
                "Projections": [
                    "__internal_decompress_integral_smallint(#0, 1)",
                    "#1",
                    "#2",
                    "#3",
                    "#4",
                    "#5",
                    "#6",
                    "#7",
                    "#8"
                ],
                "Estimated Cardinality": "1925058"
            },
            "cumulative_cardinality": 19374799,
            "operator_type": "PROJECTION",
            "operator_cardinality": 5,
            "cumulative_rows_scanned": 23836039,
            "operator_rows_scanned": 0,
            "operator_timing": 0.000001172,
            "result_set_size": 530,
            "children": [
                {
                    "operator_name": "ORDER_BY",
                    "cpu_time": 0.9144801970000002,
                    "extra_info": {
                        "Order By": "PostTypesStats.TotalPosts DESC"
                    },
                    "cumulative_cardinality": 19374794,
                    "operator_type": "ORDER_BY",
                    "operator_cardinality": 5,
                    "cumulative_rows_scanned": 23836039,
                    "operator_rows_scanned": 0,
                    "operator_timing": 0.000033864,
                    "result_set_size": 525,
                    "children": [
                        {
                            "operator_name": "PROJECTION",
                            "cpu_time": 0.9144463330000001,
                            "extra_info": {
                                "Projections": [
                                    "__internal_compress_integral_utinyint(#0, 1)",
                                    "#1",
                                    "#2",
                                    "#3",
                                    "#4",
                                    "#5",
                                    "#6",
                                    "#7",
                                    "#8"
                                ],
                                "Estimated Cardinality": "1925058"
                            },
                            "cumulative_cardinality": 19374789,
                            "operator_type": "PROJECTION",
                            "operator_cardinality": 5,
                            "cumulative_rows_scanned": 23836039,
                            "operator_rows_scanned": 0,
                            "operator_timing": 8.62e-7,
                            "result_set_size": 525,
                            "children": [
                                {
                                    "operator_name": "PROJECTION",
                                    "cpu_time": 0.9144454710000001,
                                    "extra_info": {
                                        "Projections": [
                                            "__internal_decompress_integral_smallint(#0, 1)",
                                            "#1",
                                            "#2",
                                            "#3",
                                            "#4",
                                            "#5",
                                            "#6",
                                            "#7",
                                            "#8"
                                        ],
                                        "Estimated Cardinality": "1925058"
                                    },
                                    "cumulative_cardinality": 19374784,
                                    "operator_type": "PROJECTION",
                                    "operator_cardinality": 5,
                                    "cumulative_rows_scanned": 23836039,
                                    "operator_rows_scanned": 0,
                                    "operator_timing": 0.000001483,
                                    "result_set_size": 530,
                                    "children": [
                                        {
                                            "operator_name": "HASH_GROUP_BY",
                                            "cpu_time": 0.914443988,
                                            "extra_info": {
                                                "Groups": [
                                                    "#0",
                                                    "#1"
                                                ],
                                                "Aggregates": [
                                                    "count_star()",
                                                    "sum(#2)",
                                                    "sum(#3)",
                                                    "sum(#4)",
                                                    "sum(#5)",
                                                    "avg(#6)",
                                                    "avg(#7)"
                                                ],
                                                "Estimated Cardinality": "1925058"
                                            },
                                            "cumulative_cardinality": 19374779,
                                            "operator_type": "HASH_GROUP_BY",
                                            "operator_cardinality": 5,
                                            "cumulative_rows_scanned": 23836039,
                                            "operator_rows_scanned": 0,
                                            "operator_timing": 0.015170965000000003,
                                            "result_set_size": 525,
                                            "children": [
                                                {
                                                    "operator_name": "PROJECTION",
                                                    "cpu_time": 0.899273023,
                                                    "extra_info": {
                                                        "Projections": [
                                                            "id",
                                                            "name",
                                                            "viewcount",
                                                            "score",
                                                            "CommentCount",
                                                            "VoteCount",
                                                            "UpVotes",
                                                            "DownVotes"
                                                        ],
                                                        "Estimated Cardinality": "3850116"
                                                    },
                                                    "cumulative_cardinality": 19374774,
                                                    "operator_type": "PROJECTION",
                                                    "operator_cardinality": 449512,
                                                    "cumulative_rows_scanned": 23836039,
                                                    "operator_rows_scanned": 0,
                                                    "operator_timing": 0.00006805500000000001,
                                                    "result_set_size": 25622184,
                                                    "children": [
                                                        {
                                                            "operator_name": "PROJECTION",
                                                            "cpu_time": 0.899204968,
                                                            "extra_info": {
                                                                "Projections": [
                                                                    "#0",
                                                                    "__internal_compress_integral_utinyint(#1, 1)",
                                                                    "#2",
                                                                    "#3",
                                                                    "#4",
                                                                    "#5",
                                                                    "#6",
                                                                    "#7",
                                                                    "#8"
                                                                ],
                                                                "Estimated Cardinality": "3850116"
                                                            },
                                                            "cumulative_cardinality": 18925262,
                                                            "operator_type": "PROJECTION",
                                                            "operator_cardinality": 449512,
                                                            "cumulative_rows_scanned": 23836039,
                                                            "operator_rows_scanned": 0,
                                                            "operator_timing": 0.00014051,
                                                            "result_set_size": 27420232,
                                                            "children": [
                                                                {
                                                                    "operator_name": "HASH_JOIN",
                                                                    "cpu_time": 0.899064458,
                                                                    "extra_info": {
                                                                        "Join Type": "INNER",
                                                                        "Conditions": "posttypeid = id",
                                                                        "Estimated Cardinality": "3850116"
                                                                    },
                                                                    "cumulative_cardinality": 18475750,
                                                                    "operator_type": "HASH_JOIN",
                                                                    "operator_cardinality": 449512,
                                                                    "cumulative_rows_scanned": 23836039,
                                                                    "operator_rows_scanned": 0,
                                                                    "operator_timing": 0.0009158919999999996,
                                                                    "result_set_size": 27869744,
                                                                    "children": [
                                                                        {
                                                                            "operator_name": "PROJECTION",
                                                                            "cpu_time": 0.897828578,
                                                                            "extra_info": {
                                                                                "Projections": [
                                                                                    "PostId",
                                                                                    "posttypeid",
                                                                                    "viewcount",
                                                                                    "score",
                                                                                    "CommentCount",
                                                                                    "VoteCount",
                                                                                    "UpVotes",
                                                                                    "DownVotes"
                                                                                ],
                                                                                "Estimated Cardinality": "3850116"
                                                                            },
                                                                            "cumulative_cardinality": 18026231,
                                                                            "operator_type": "PROJECTION",
                                                                            "operator_cardinality": 449512,
                                                                            "cumulative_rows_scanned": 23836031,
                                                                            "operator_rows_scanned": 0,
                                                                            "operator_timing": 0.00006682100000000003,
                                                                            "result_set_size": 20677552,
                                                                            "children": [
                                                                                {
                                                                                    "operator_name": "PROJECTION",
                                                                                    "cpu_time": 0.897761757,
                                                                                    "extra_info": {
                                                                                        "Projections": [
                                                                                            "#0",
                                                                                            "__internal_decompress_integral_smallint(#1, 1)",
                                                                                            "#2",
                                                                                            "#3",
                                                                                            "__internal_decompress_integral_integer(#4, -72)",
                                                                                            "#5",
                                                                                            "#6",
                                                                                            "#7",
                                                                                            "#8"
                                                                                        ],
                                                                                        "Estimated Cardinality": "3850116"
                                                                                    },
                                                                                    "cumulative_cardinality": 17576719,
                                                                                    "operator_type": "PROJECTION",
                                                                                    "operator_cardinality": 449512,
                                                                                    "cumulative_rows_scanned": 23836031,
                                                                                    "operator_rows_scanned": 0,
                                                                                    "operator_timing": 0.0002413320000000001,
                                                                                    "result_set_size": 24273648,
                                                                                    "children": [
                                                                                        {
                                                                                            "operator_name": "HASH_GROUP_BY",
                                                                                            "cpu_time": 0.8975204250000001,
                                                                                            "extra_info": {
                                                                                                "Groups": [
                                                                                                    "#0",
                                                                                                    "#1",
                                                                                                    "#2",
                                                                                                    "#3",
                                                                                                    "#4"
                                                                                                ],
                                                                                                "Aggregates": [
                                                                                                    "count(DISTINCT #5)",
                                                                                                    "count(DISTINCT #6)",
                                                                                                    "avg(#7)",
                                                                                                    "avg(#8)"
                                                                                                ],
                                                                                                "Estimated Cardinality": "3850116"
                                                                                            },
                                                                                            "cumulative_cardinality": 17127207,
                                                                                            "operator_type": "HASH_GROUP_BY",
                                                                                            "operator_cardinality": 449512,
                                                                                            "cumulative_rows_scanned": 23836031,
                                                                                            "operator_rows_scanned": 0,
                                                                                            "operator_timing": 0.523674628,
                                                                                            "result_set_size": 22925112,
                                                                                            "children": [
                                                                                                {
                                                                                                    "operator_name": "PROJECTION",
                                                                                                    "cpu_time": 0.3738457970000001,
                                                                                                    "extra_info": {
                                                                                                        "Projections": [
                                                                                                            "id",
                                                                                                            "posttypeid",
                                                                                                            "creationdate",
                                                                                                            "viewcount",
                                                                                                            "score",
                                                                                                            "id",
                                                                                                            "id",
                                                                                                            "CASE  WHEN ((votetypeid = 2)) THEN (1) ELSE 0 END",
                                                                                                            "CASE  WHEN ((votetypeid = 3)) THEN (1) ELSE 0 END"
                                                                                                        ],
                                                                                                        "Estimated Cardinality": "12744093"
                                                                                                    },
                                                                                                    "cumulative_cardinality": 16677695,
                                                                                                    "operator_type": "PROJECTION",
                                                                                                    "operator_cardinality": 2935135,
                                                                                                    "cumulative_rows_scanned": 23836031,
                                                                                                    "operator_rows_scanned": 0,
                                                                                                    "operator_timing": 0.022008675000000002,
                                                                                                    "result_set_size": 102729725,
                                                                                                    "children": [
                                                                                                        {
                                                                                                            "operator_name": "PROJECTION",
                                                                                                            "cpu_time": 0.3518371220000001,
                                                                                                            "extra_info": {
                                                                                                                "Projections": [
                                                                                                                    "#0",
                                                                                                                    "#1",
                                                                                                                    "#2",
                                                                                                                    "#3",
                                                                                                                    "__internal_compress_integral_utinyint(#4, 1)",
                                                                                                                    "#5",
                                                                                                                    "__internal_compress_integral_usmallint(#6, -72)",
                                                                                                                    "#7"
                                                                                                                ],
                                                                                                                "Estimated Cardinality": "12744093"
                                                                                                            },
                                                                                                            "cumulative_cardinality": 13742560,
                                                                                                            "operator_type": "PROJECTION",
                                                                                                            "operator_cardinality": 2935135,
                                                                                                            "cumulative_rows_scanned": 23836031,
                                                                                                            "operator_rows_scanned": 0,
                                                                                                            "operator_timing": 0.0019842130000000055,
                                                                                                            "result_set_size": 85118915,
                                                                                                            "children": [
                                                                                                                {
                                                                                                                    "operator_name": "PROJECTION",
                                                                                                                    "cpu_time": 0.3498529090000001,
                                                                                                                    "extra_info": {
                                                                                                                        "Projections": [
                                                                                                                            "#0",
                                                                                                                            "#1",
                                                                                                                            "#2",
                                                                                                                            "#3",
                                                                                                                            "__internal_decompress_integral_smallint(#4, 1)",
                                                                                                                            "#5",
                                                                                                                            "__internal_decompress_integral_integer(#6, -72)",
                                                                                                                            "#7"
                                                                                                                        ],
                                                                                                                        "Estimated Cardinality": "12744093"
                                                                                                                    },
                                                                                                                    "cumulative_cardinality": 10807425,
                                                                                                                    "operator_type": "PROJECTION",
                                                                                                                    "operator_cardinality": 2935135,
                                                                                                                    "cumulative_rows_scanned": 23836031,
                                                                                                                    "operator_rows_scanned": 0,
                                                                                                                    "operator_timing": 0.0021929500000000047,
                                                                                                                    "result_set_size": 93924320,
                                                                                                                    "children": [
                                                                                                                        {
                                                                                                                            "operator_name": "HASH_JOIN",
                                                                                                                            "cpu_time": 0.3476599590000001,
                                                                                                                            "extra_info": {
                                                                                                                                "Join Type": "RIGHT",
                                                                                                                                "Conditions": "postid = id",
                                                                                                                                "Estimated Cardinality": "12744093"
                                                                                                                            },
                                                                                                                            "cumulative_cardinality": 7872290,
                                                                                                                            "operator_type": "HASH_JOIN",
                                                                                                                            "operator_cardinality": 2935135,
                                                                                                                            "cumulative_rows_scanned": 23836031,
                                                                                                                            "operator_rows_scanned": 0,
                                                                                                                            "operator_timing": 0.1692766430000001,
                                                                                                                            "result_set_size": 85118915,
                                                                                                                            "children": [
                                                                                                                                {
                                                                                                                                    "operator_name": "READ_PARQUET ",
                                                                                                                                    "cpu_time": 0.048093368999999976,
                                                                                                                                    "extra_info": {
                                                                                                                                        "Function": "READ_PARQUET",
                                                                                                                                        "Projections": [
                                                                                                                                            "id",
                                                                                                                                            "postid",
                                                                                                                                            "votetypeid"
                                                                                                                                        ],
                                                                                                                                        "Estimated Cardinality": "12744093"
                                                                                                                                    },
                                                                                                                                    "cumulative_cardinality": 1338987,
                                                                                                                                    "operator_type": "TABLE_SCAN",
                                                                                                                                    "operator_cardinality": 1338987,
                                                                                                                                    "cumulative_rows_scanned": 12744093,
                                                                                                                                    "operator_rows_scanned": 12744093,
                                                                                                                                    "operator_timing": 0.048093368999999976,
                                                                                                                                    "result_set_size": 13389870,
                                                                                                                                    "children": []
                                                                                                                                },
                                                                                                                                {
                                                                                                                                    "operator_name": "PROJECTION",
                                                                                                                                    "cpu_time": 0.13028994700000002,
                                                                                                                                    "extra_info": {
                                                                                                                                        "Projections": [
                                                                                                                                            "#0",
                                                                                                                                            "#1",
                                                                                                                                            "__internal_compress_integral_utinyint(#2, 1)",
                                                                                                                                            "#3",
                                                                                                                                            "__internal_compress_integral_usmallint(#4, -72)",
                                                                                                                                            "#5"
                                                                                                                                        ],
                                                                                                                                        "Estimated Cardinality": "7241822"
                                                                                                                                    },
                                                                                                                                    "cumulative_cardinality": 3598168,
                                                                                                                                    "operator_type": "PROJECTION",
                                                                                                                                    "operator_cardinality": 1111027,
                                                                                                                                    "cumulative_rows_scanned": 11091938,
                                                                                                                                    "operator_rows_scanned": 0,
                                                                                                                                    "operator_timing": 0.0006060109999999992,
                                                                                                                                    "result_set_size": 25553621,
                                                                                                                                    "children": [
                                                                                                                                        {
                                                                                                                                            "operator_name": "HASH_JOIN",
                                                                                                                                            "cpu_time": 0.12968393600000003,
                                                                                                                                            "extra_info": {
                                                                                                                                                "Join Type": "RIGHT",
                                                                                                                                                "Conditions": "postid = id",
                                                                                                                                                "Estimated Cardinality": "7241822"
                                                                                                                                            },
                                                                                                                                            "cumulative_cardinality": 2487141,
                                                                                                                                            "operator_type": "HASH_JOIN",
                                                                                                                                            "operator_cardinality": 1111027,
                                                                                                                                            "cumulative_rows_scanned": 11091938,
                                                                                                                                            "operator_rows_scanned": 0,
                                                                                                                                            "operator_timing": 0.07036439400000004,
                                                                                                                                            "result_set_size": 28886702,
                                                                                                                                            "children": [
                                                                                                                                                {
                                                                                                                                                    "operator_name": "READ_PARQUET ",
                                                                                                                                                    "cpu_time": 0.02985580200000001,
                                                                                                                                                    "extra_info": {
                                                                                                                                                        "Function": "READ_PARQUET",
                                                                                                                                                        "Projections": [
                                                                                                                                                            "id",
                                                                                                                                                            "postid"
                                                                                                                                                        ],
                                                                                                                                                        "Estimated Cardinality": "7241822"
                                                                                                                                                    },
                                                                                                                                                    "cumulative_cardinality": 926602,
                                                                                                                                                    "operator_type": "TABLE_SCAN",
                                                                                                                                                    "operator_cardinality": 926602,
                                                                                                                                                    "cumulative_rows_scanned": 7241822,
                                                                                                                                                    "operator_rows_scanned": 7241822,
                                                                                                                                                    "operator_timing": 0.02985580200000001,
                                                                                                                                                    "result_set_size": 7412816,
                                                                                                                                                    "children": []
                                                                                                                                                },
                                                                                                                                                {
                                                                                                                                                    "operator_name": "READ_PARQUET ",
                                                                                                                                                    "cpu_time": 0.029463739999999985,
                                                                                                                                                    "extra_info": {
                                                                                                                                                        "Function": "READ_PARQUET",
                                                                                                                                                        "Projections": [
                                                                                                                                                            "id",
                                                                                                                                                            "posttypeid",
                                                                                                                                                            "creationdate",
                                                                                                                                                            "score",
                                                                                                                                                            "viewcount"
                                                                                                                                                        ],
                                                                                                                                                        "Filters": "creationdate>='2022-01-01 00:00:00'::TIMESTAMP",
                                                                                                                                                        "Estimated Cardinality": "770023"
                                                                                                                                                    },
                                                                                                                                                    "cumulative_cardinality": 449512,
                                                                                                                                                    "operator_type": "TABLE_SCAN",
                                                                                                                                                    "operator_cardinality": 449512,
                                                                                                                                                    "cumulative_rows_scanned": 3850116,
                                                                                                                                                    "operator_rows_scanned": 3850116,
                                                                                                                                                    "operator_timing": 0.029463739999999985,
                                                                                                                                                    "result_set_size": 9889264,
                                                                                                                                                    "children": []
                                                                                                                                                }
                                                                                                                                            ]
                                                                                                                                        }
                                                                                                                                    ]
                                                                                                                                }
                                                                                                                            ]
                                                                                                                        }
                                                                                                                    ]
                                                                                                                }
                                                                                                            ]
                                                                                                        }
                                                                                                    ]
                                                                                                }
                                                                                            ]
                                                                                        }
                                                                                    ]
                                                                                }
                                                                            ]
                                                                        },
                                                                        {
                                                                            "operator_name": "READ_PARQUET ",
                                                                            "cpu_time": 0.000319988,
                                                                            "extra_info": {
                                                                                "Function": "READ_PARQUET",
                                                                                "Projections": [
                                                                                    "id",
                                                                                    "name"
                                                                                ],
                                                                                "Filters": "id<=7",
                                                                                "Estimated Cardinality": "8"
                                                                            },
                                                                            "cumulative_cardinality": 7,
                                                                            "operator_type": "TABLE_SCAN",
                                                                            "operator_cardinality": 7,
                                                                            "cumulative_rows_scanned": 8,
                                                                            "operator_rows_scanned": 8,
                                                                            "operator_timing": 0.000319988,
                                                                            "result_set_size": 126,
                                                                            "children": []
                                                                        }
                                                                    ]
                                                                }
                                                            ]
                                                        }
                                                    ]
                                                }
                                            ]
                                        }
                                    ]
                                }
                            ]
                        }
                    ]
                }
            ]
        }
    ]
}