{
    "rows_returned": 100,
    "query_name": "\nWITH PostStats AS (\n    SELECT \n        Posts.Id AS PostId,\n        Posts.Title,\n        Posts.CreationDate,\n        Posts.Score,\n        Posts.ViewCount,\n        COUNT(Votes.Id) AS VoteCount,\n        COUNT(Comments.Id) AS CommentCount,\n        SUM(CASE WHEN Votes.VoteTypeId = 2 THEN 1 ELSE 0 END) AS UpVotes,\n        SUM(CASE WHEN Votes.VoteTypeId = 3 THEN 1 ELSE 0 END) AS DownVotes,\n        (SELECT COUNT(1) FROM Posts AS Answers WHERE Answers.ParentId = Posts.Id) AS AnswerCount\n    FROM \n        Posts\n    LEFT JOIN \n        Votes ON Posts.Id = Votes.PostId\n    LEFT JOIN \n        Comments ON Posts.Id = Comments.PostId\n    WHERE \n        Posts.PostTypeId = 1 \n    GROUP BY \n        Posts.Id, Posts.Title, Posts.CreationDate, Posts.Score, Posts.ViewCount\n), \nUserStats AS (\n    SELECT \n        Users.Id AS UserId,\n        Users.DisplayName,\n        COUNT(Badges.Id) AS BadgeCount,\n        SUM(Posts.ViewCount) AS TotalViews,\n        SUM(Posts.Score) AS TotalScore\n    FROM \n        Users\n    LEFT JOIN \n        Badges ON Users.Id = Badges.UserId\n    LEFT JOIN \n        Posts ON Users.Id = Posts.OwnerUserId\n    GROUP BY \n        Users.Id, Users.DisplayName\n)\nSELECT \n    PS.PostId,\n    PS.Title,\n    PS.CreationDate,\n    PS.Score,\n    PS.ViewCount,\n    PS.VoteCount,\n    PS.CommentCount,\n    PS.UpVotes,\n    PS.DownVotes,\n    PS.AnswerCount,\n    US.UserId,\n    US.DisplayName,\n    US.BadgeCount,\n    US.TotalViews,\n    US.TotalScore\nFROM \n    PostStats PS\nJOIN \n    UserStats US ON PS.PostId = US.UserId\nORDER BY \n    PS.Score DESC, PS.ViewCount DESC\nLIMIT 100;\n",
    "blocked_thread_time": 0.0,
    "cpu_time": 39.254675706000256,
    "extra_info": {},
    "cumulative_cardinality": 1871855721,
    "cumulative_rows_scanned": 35118697,
    "result_set_size": 15200,
    "latency": 42.588665432,
    "children": [
        {
            "operator_name": "STREAMING_LIMIT",
            "cpu_time": 39.254675706000256,
            "extra_info": {},
            "cumulative_cardinality": 1871855721,
            "operator_type": "STREAMING_LIMIT",
            "operator_cardinality": 100,
            "cumulative_rows_scanned": 35118697,
            "operator_rows_scanned": 0,
            "operator_timing": 0.000001803,
            "result_set_size": 15200,
            "children": [
                {
                    "operator_name": "PROJECTION",
                    "cpu_time": 39.25467390300025,
                    "extra_info": {
                        "Projections": [
                            "#0",
                            "#1",
                            "#2",
                            "__internal_decompress_integral_integer(#3, -72)",
                            "#4",
                            "#5",
                            "#6",
                            "#7",
                            "#8",
                            "#9",
                            "#10",
                            "#11",
                            "#12",
                            "#13",
                            "#14"
                        ],
                        "Estimated Cardinality": "3850116"
                    },
                    "cumulative_cardinality": 1871855621,
                    "operator_type": "PROJECTION",
                    "operator_cardinality": 4096,
                    "cumulative_rows_scanned": 35118697,
                    "operator_rows_scanned": 0,
                    "operator_timing": 0.000008657,
                    "result_set_size": 622592,
                    "children": [
                        {
                            "operator_name": "ORDER_BY",
                            "cpu_time": 39.25466524600025,
                            "extra_info": {
                                "Order By": [
                                    "PS.Score DESC",
                                    "PS.ViewCount DESC"
                                ]
                            },
                            "cumulative_cardinality": 1871851525,
                            "operator_type": "ORDER_BY",
                            "operator_cardinality": 4096,
                            "cumulative_rows_scanned": 35118697,
                            "operator_rows_scanned": 0,
                            "operator_timing": 0.04285409699999996,
                            "result_set_size": 614400,
                            "children": [
                                {
                                    "operator_name": "PROJECTION",
                                    "cpu_time": 39.21181114900025,
                                    "extra_info": {
                                        "Projections": [
                                            "#0",
                                            "#1",
                                            "#2",
                                            "__internal_compress_integral_usmallint(#3, -72)",
                                            "#4",
                                            "#5",
                                            "#6",
                                            "#7",
                                            "#8",
                                            "#9",
                                            "#10",
                                            "#11",
                                            "#12",
                                            "#13",
                                            "#14"
                                        ],
                                        "Estimated Cardinality": "3850116"
                                    },
                                    "cumulative_cardinality": 1871847429,
                                    "operator_type": "PROJECTION",
                                    "operator_cardinality": 410722,
                                    "cumulative_rows_scanned": 35118697,
                                    "operator_rows_scanned": 0,
                                    "operator_timing": 0.0006019980000000003,
                                    "result_set_size": 61608300,
                                    "children": [
                                        {
                                            "operator_name": "PROJECTION",
                                            "cpu_time": 39.21120915100025,
                                            "extra_info": {
                                                "Projections": [
                                                    "PostId",
                                                    "title",
                                                    "creationdate",
                                                    "score",
                                                    "viewcount",
                                                    "VoteCount",
                                                    "CommentCount",
                                                    "UpVotes",
                                                    "DownVotes",
                                                    "AnswerCount",
                                                    "UserId",
                                                    "displayname",
                                                    "BadgeCount",
                                                    "TotalViews",
                                                    "TotalScore"
                                                ],
                                                "Estimated Cardinality": "3850116"
                                            },
                                            "cumulative_cardinality": 1871436707,
                                            "operator_type": "PROJECTION",
                                            "operator_cardinality": 410722,
                                            "cumulative_rows_scanned": 35118697,
                                            "operator_rows_scanned": 0,
                                            "operator_timing": 0.00015330100000000003,
                                            "result_set_size": 62429744,
                                            "children": [
                                                {
                                                    "operator_name": "HASH_JOIN",
                                                    "cpu_time": 39.21105585000025,
                                                    "extra_info": {
                                                        "Join Type": "INNER",
                                                        "Conditions": "PostId = UserId",
                                                        "Estimated Cardinality": "3850116"
                                                    },
                                                    "cumulative_cardinality": 1871025985,
                                                    "operator_type": "HASH_JOIN",
                                                    "operator_cardinality": 410722,
                                                    "cumulative_rows_scanned": 35118697,
                                                    "operator_rows_scanned": 0,
                                                    "operator_timing": 0.12063651299999996,
                                                    "result_set_size": 60786856,
                                                    "children": [
                                                        {
                                                            "operator_name": "FILTER",
                                                            "cpu_time": 8.537243285000022,
                                                            "extra_info": {
                                                                "Expression": "(PostId <= 1416570)",
                                                                "Estimated Cardinality": "3850116"
                                                            },
                                                            "cumulative_cardinality": 100785840,
                                                            "operator_type": "FILTER",
                                                            "operator_cardinality": 462266,
                                                            "cumulative_rows_scanned": 27686147,
                                                            "operator_rows_scanned": 0,
                                                            "operator_timing": 0.002935733000000001,
                                                            "result_set_size": 42528472,
                                                            "children": [
                                                                {
                                                                    "operator_name": "LEFT_DELIM_JOIN",
                                                                    "cpu_time": 8.534307552000023,
                                                                    "extra_info": {
                                                                        "Join Type": "SINGLE",
                                                                        "Conditions": "id IS NOT DISTINCT FROM id",
                                                                        "Estimated Cardinality": "3850116",
                                                                        "Delim Index": "1"
                                                                    },
                                                                    "cumulative_cardinality": 100323574,
                                                                    "operator_type": "LEFT_DELIM_JOIN",
                                                                    "operator_cardinality": 0,
                                                                    "cumulative_rows_scanned": 27686147,
                                                                    "operator_rows_scanned": 0,
                                                                    "operator_timing": 0.1295186590000001,
                                                                    "result_set_size": 0,
                                                                    "children": [
                                                                        {
                                                                            "operator_name": "PROJECTION",
                                                                            "cpu_time": 7.801801179000024,
                                                                            "extra_info": {
                                                                                "Projections": [
                                                                                    "#0",
                                                                                    "#1",
                                                                                    "#2",
                                                                                    "__internal_decompress_integral_integer(#3, -72)",
                                                                                    "#4",
                                                                                    "#5",
                                                                                    "#6",
                                                                                    "#7",
                                                                                    "#8"
                                                                                ],
                                                                                "Estimated Cardinality": "3850116"
                                                                            },
                                                                            "cumulative_cardinality": 80250847,
                                                                            "operator_type": "PROJECTION",
                                                                            "operator_cardinality": 1668164,
                                                                            "cumulative_rows_scanned": 23836031,
                                                                            "operator_rows_scanned": 0,
                                                                            "operator_timing": 0.0007388560000000012,
                                                                            "result_set_size": 140125776,
                                                                            "children": [
                                                                                {
                                                                                    "operator_name": "HASH_GROUP_BY",
                                                                                    "cpu_time": 7.801062323000024,
                                                                                    "extra_info": {
                                                                                        "Groups": [
                                                                                            "#0",
                                                                                            "#1",
                                                                                            "#2",
                                                                                            "#3",
                                                                                            "#4"
                                                                                        ],
                                                                                        "Aggregates": [
                                                                                            "count(#5)",
                                                                                            "count(#6)",
                                                                                            "sum(#7)",
                                                                                            "sum(#8)"
                                                                                        ],
                                                                                        "Estimated Cardinality": "3850116"
                                                                                    },
                                                                                    "cumulative_cardinality": 78582683,
                                                                                    "operator_type": "HASH_GROUP_BY",
                                                                                    "operator_cardinality": 1668164,
                                                                                    "cumulative_rows_scanned": 23836031,
                                                                                    "operator_rows_scanned": 0,
                                                                                    "operator_timing": 1.7918489950000083,
                                                                                    "result_set_size": 136789448,
                                                                                    "children": [
                                                                                        {
                                                                                            "operator_name": "PROJECTION",
                                                                                            "cpu_time": 6.0092133280000155,
                                                                                            "extra_info": {
                                                                                                "Projections": [
                                                                                                    "id",
                                                                                                    "title",
                                                                                                    "creationdate",
                                                                                                    "score",
                                                                                                    "viewcount",
                                                                                                    "id",
                                                                                                    "id",
                                                                                                    "CASE  WHEN ((votetypeid = 2)) THEN (1) ELSE 0 END",
                                                                                                    "CASE  WHEN ((votetypeid = 3)) THEN (1) ELSE 0 END"
                                                                                                ],
                                                                                                "Estimated Cardinality": "12744093"
                                                                                            },
                                                                                            "cumulative_cardinality": 76914519,
                                                                                            "operator_type": "PROJECTION",
                                                                                            "operator_cardinality": 16904139,
                                                                                            "cumulative_rows_scanned": 23836031,
                                                                                            "operator_rows_scanned": 0,
                                                                                            "operator_timing": 0.1723754670000007,
                                                                                            "result_set_size": 845206950,
                                                                                            "children": [
                                                                                                {
                                                                                                    "operator_name": "PROJECTION",
                                                                                                    "cpu_time": 5.8368378610000144,
                                                                                                    "extra_info": {
                                                                                                        "Projections": [
                                                                                                            "#0",
                                                                                                            "#1",
                                                                                                            "#2",
                                                                                                            "#3",
                                                                                                            "__internal_compress_integral_usmallint(#4, -72)",
                                                                                                            "#5",
                                                                                                            "#6",
                                                                                                            "#7"
                                                                                                        ],
                                                                                                        "Estimated Cardinality": "12744093"
                                                                                                    },
                                                                                                    "cumulative_cardinality": 60010380,
                                                                                                    "operator_type": "PROJECTION",
                                                                                                    "operator_cardinality": 16904139,
                                                                                                    "cumulative_rows_scanned": 23836031,
                                                                                                    "operator_rows_scanned": 0,
                                                                                                    "operator_timing": 0.03125168900000012,
                                                                                                    "result_set_size": 743782116,
                                                                                                    "children": [
                                                                                                        {
                                                                                                            "operator_name": "HASH_JOIN",
                                                                                                            "cpu_time": 5.805586172000014,
                                                                                                            "extra_info": {
                                                                                                                "Join Type": "LEFT",
                                                                                                                "Conditions": "id = postid",
                                                                                                                "Estimated Cardinality": "12744093"
                                                                                                            },
                                                                                                            "cumulative_cardinality": 43106241,
                                                                                                            "operator_type": "HASH_JOIN",
                                                                                                            "operator_cardinality": 16904139,
                                                                                                            "cumulative_rows_scanned": 23836031,
                                                                                                            "operator_rows_scanned": 0,
                                                                                                            "operator_timing": 0.8801474340000001,
                                                                                                            "result_set_size": 777590394,
                                                                                                            "children": [
                                                                                                                {
                                                                                                                    "operator_name": "HASH_JOIN",
                                                                                                                    "cpu_time": 2.5940519580000077,
                                                                                                                    "extra_info": {
                                                                                                                        "Join Type": "RIGHT",
                                                                                                                        "Conditions": "postid = id",
                                                                                                                        "Estimated Cardinality": "12744093"
                                                                                                                    },
                                                                                                                    "cumulative_cardinality": 18960280,
                                                                                                                    "operator_type": "HASH_JOIN",
                                                                                                                    "operator_cardinality": 4548023,
                                                                                                                    "cumulative_rows_scanned": 16594209,
                                                                                                                    "operator_rows_scanned": 0,
                                                                                                                    "operator_timing": 0.705102453000005,
                                                                                                                    "result_set_size": 191016966,
                                                                                                                    "children": [
                                                                                                                        {
                                                                                                                            "operator_name": "READ_PARQUET ",
                                                                                                                            "cpu_time": 0.9624695360000034,
                                                                                                                            "extra_info": {
                                                                                                                                "Function": "READ_PARQUET",
                                                                                                                                "Projections": [
                                                                                                                                    "id",
                                                                                                                                    "postid",
                                                                                                                                    "votetypeid"
                                                                                                                                ],
                                                                                                                                "Estimated Cardinality": "12744093"
                                                                                                                            },
                                                                                                                            "cumulative_cardinality": 12744093,
                                                                                                                            "operator_type": "TABLE_SCAN",
                                                                                                                            "operator_cardinality": 12744093,
                                                                                                                            "cumulative_rows_scanned": 12744093,
                                                                                                                            "operator_rows_scanned": 12744093,
                                                                                                                            "operator_timing": 0.9624695360000034,
                                                                                                                            "result_set_size": 127440930,
                                                                                                                            "children": []
                                                                                                                        },
                                                                                                                        {
                                                                                                                            "operator_name": "READ_PARQUET ",
                                                                                                                            "cpu_time": 0.9264799689999992,
                                                                                                                            "extra_info": {
                                                                                                                                "Function": "READ_PARQUET",
                                                                                                                                "Projections": [
                                                                                                                                    "id",
                                                                                                                                    "creationdate",
                                                                                                                                    "score",
                                                                                                                                    "viewcount",
                                                                                                                                    "title"
                                                                                                                                ],
                                                                                                                                "Filters": "posttypeid=1",
                                                                                                                                "Estimated Cardinality": "770023"
                                                                                                                            },
                                                                                                                            "cumulative_cardinality": 1668164,
                                                                                                                            "operator_type": "TABLE_SCAN",
                                                                                                                            "operator_cardinality": 1668164,
                                                                                                                            "cumulative_rows_scanned": 3850116,
                                                                                                                            "operator_rows_scanned": 3850116,
                                                                                                                            "operator_timing": 0.9264799689999992,
                                                                                                                            "result_set_size": 60053904,
                                                                                                                            "children": []
                                                                                                                        }
                                                                                                                    ]
                                                                                                                },
                                                                                                                {
                                                                                                                    "operator_name": "READ_PARQUET ",
                                                                                                                    "cpu_time": 2.331386780000006,
                                                                                                                    "extra_info": {
                                                                                                                        "Function": "READ_PARQUET",
                                                                                                                        "Projections": [
                                                                                                                            "id",
                                                                                                                            "postid"
                                                                                                                        ],
                                                                                                                        "Estimated Cardinality": "7241822"
                                                                                                                    },
                                                                                                                    "cumulative_cardinality": 7241822,
                                                                                                                    "operator_type": "TABLE_SCAN",
                                                                                                                    "operator_cardinality": 7241822,
                                                                                                                    "cumulative_rows_scanned": 7241822,
                                                                                                                    "operator_rows_scanned": 7241822,
                                                                                                                    "operator_timing": 2.331386780000006,
                                                                                                                    "result_set_size": 57934576,
                                                                                                                    "children": []
                                                                                                                }
                                                                                                            ]
                                                                                                        }
                                                                                                    ]
                                                                                                }
                                                                                            ]
                                                                                        }
                                                                                    ]
                                                                                }
                                                                            ]
                                                                        },
                                                                        {
                                                                            "operator_name": "HASH_JOIN",
                                                                            "cpu_time": 0.5925476009999995,
                                                                            "extra_info": {
                                                                                "Join Type": "SINGLE",
                                                                                "Conditions": "id IS NOT DISTINCT FROM id",
                                                                                "Estimated Cardinality": "3850116"
                                                                            },
                                                                            "cumulative_cardinality": 16736399,
                                                                            "operator_type": "HASH_JOIN",
                                                                            "operator_cardinality": 1668164,
                                                                            "cumulative_rows_scanned": 3850116,
                                                                            "operator_rows_scanned": 0,
                                                                            "operator_timing": 0.12615596899999995,
                                                                            "result_set_size": 153471088,
                                                                            "children": [
                                                                                {
                                                                                    "operator_name": "COLUMN_DATA_SCAN",
                                                                                    "cpu_time": 0.005966118999999998,
                                                                                    "extra_info": {
                                                                                        "Estimated Cardinality": "3850116"
                                                                                    },
                                                                                    "cumulative_cardinality": 1668164,
                                                                                    "operator_type": "COLUMN_DATA_SCAN",
                                                                                    "operator_cardinality": 1668164,
                                                                                    "cumulative_rows_scanned": 0,
                                                                                    "operator_rows_scanned": 0,
                                                                                    "operator_timing": 0.005966118999999998,
                                                                                    "result_set_size": 140125776,
                                                                                    "children": []
                                                                                },
                                                                                {
                                                                                    "operator_name": "PROJECTION",
                                                                                    "cpu_time": 0.46042551299999956,
                                                                                    "extra_info": {
                                                                                        "Projections": [
                                                                                            "CASE  WHEN ((count(1) IS NULL)) THEN (0) ELSE count(1) END",
                                                                                            "id"
                                                                                        ],
                                                                                        "Estimated Cardinality": "1925058"
                                                                                    },
                                                                                    "cumulative_cardinality": 13400071,
                                                                                    "operator_type": "PROJECTION",
                                                                                    "operator_cardinality": 1668164,
                                                                                    "cumulative_rows_scanned": 3850116,
                                                                                    "operator_rows_scanned": 0,
                                                                                    "operator_timing": 0.002980719999999999,
                                                                                    "result_set_size": 20017968,
                                                                                    "children": [
                                                                                        {
                                                                                            "operator_name": "HASH_JOIN",
                                                                                            "cpu_time": 0.45744479299999957,
                                                                                            "extra_info": {
                                                                                                "Join Type": "LEFT",
                                                                                                "Conditions": "id IS NOT DISTINCT FROM #0",
                                                                                                "Estimated Cardinality": "1925058"
                                                                                            },
                                                                                            "cumulative_cardinality": 11731907,
                                                                                            "operator_type": "HASH_JOIN",
                                                                                            "operator_cardinality": 1668164,
                                                                                            "cumulative_rows_scanned": 3850116,
                                                                                            "operator_rows_scanned": 0,
                                                                                            "operator_timing": 0.11687221899999978,
                                                                                            "result_set_size": 20017968,
                                                                                            "children": [
                                                                                                {
                                                                                                    "operator_name": "DELIM_SCAN",
                                                                                                    "cpu_time": 0.0,
                                                                                                    "extra_info": {
                                                                                                        "Delim Index": "1",
                                                                                                        "Estimated Cardinality": "1925058"
                                                                                                    },
                                                                                                    "cumulative_cardinality": 0,
                                                                                                    "operator_type": "DELIM_SCAN",
                                                                                                    "operator_cardinality": 0,
                                                                                                    "cumulative_rows_scanned": 0,
                                                                                                    "operator_rows_scanned": 0,
                                                                                                    "operator_timing": 0.0,
                                                                                                    "result_set_size": 0,
                                                                                                    "children": []
                                                                                                },
                                                                                                {
                                                                                                    "operator_name": "HASH_GROUP_BY",
                                                                                                    "cpu_time": 0.3405725739999998,
                                                                                                    "extra_info": {
                                                                                                        "Groups": "#0",
                                                                                                        "Aggregates": "count_star()",
                                                                                                        "Estimated Cardinality": "962529"
                                                                                                    },
                                                                                                    "cumulative_cardinality": 10063743,
                                                                                                    "operator_type": "HASH_GROUP_BY",
                                                                                                    "operator_cardinality": 1354571,
                                                                                                    "cumulative_rows_scanned": 3850116,
                                                                                                    "operator_rows_scanned": 0,
                                                                                                    "operator_timing": 0.10279065499999997,
                                                                                                    "result_set_size": 16254852,
                                                                                                    "children": [
                                                                                                        {
                                                                                                            "operator_name": "PROJECTION",
                                                                                                            "cpu_time": 0.23778191899999984,
                                                                                                            "extra_info": {
                                                                                                                "Projections": "id",
                                                                                                                "Estimated Cardinality": "1925058"
                                                                                                            },
                                                                                                            "cumulative_cardinality": 8709172,
                                                                                                            "operator_type": "PROJECTION",
                                                                                                            "operator_cardinality": 2177293,
                                                                                                            "cumulative_rows_scanned": 3850116,
                                                                                                            "operator_rows_scanned": 0,
                                                                                                            "operator_timing": 0.00021311099999999858,
                                                                                                            "result_set_size": 8709172,
                                                                                                            "children": [
                                                                                                                {
                                                                                                                    "operator_name": "PROJECTION",
                                                                                                                    "cpu_time": 0.23756880799999985,
                                                                                                                    "extra_info": {
                                                                                                                        "Projections": "id",
                                                                                                                        "Estimated Cardinality": "1925058"
                                                                                                                    },
                                                                                                                    "cumulative_cardinality": 6531879,
                                                                                                                    "operator_type": "PROJECTION",
                                                                                                                    "operator_cardinality": 2177293,
                                                                                                                    "cumulative_rows_scanned": 3850116,
                                                                                                                    "operator_rows_scanned": 0,
                                                                                                                    "operator_timing": 0.00022835799999999725,
                                                                                                                    "result_set_size": 8709172,
                                                                                                                    "children": [
                                                                                                                        {
                                                                                                                            "operator_name": "HASH_JOIN",
                                                                                                                            "cpu_time": 0.23734044999999987,
                                                                                                                            "extra_info": {
                                                                                                                                "Join Type": "INNER",
                                                                                                                                "Conditions": "parentid = id",
                                                                                                                                "Estimated Cardinality": "1925058"
                                                                                                                            },
                                                                                                                            "cumulative_cardinality": 4354586,
                                                                                                                            "operator_type": "HASH_JOIN",
                                                                                                                            "operator_cardinality": 2177293,
                                                                                                                            "cumulative_rows_scanned": 3850116,
                                                                                                                            "operator_rows_scanned": 0,
                                                                                                                            "operator_timing": 0.1444325809999997,
                                                                                                                            "result_set_size": 17418344,
                                                                                                                            "children": [
                                                                                                                                {
                                                                                                                                    "operator_name": "READ_PARQUET ",
                                                                                                                                    "cpu_time": 0.09290786900000017,
                                                                                                                                    "extra_info": {
                                                                                                                                        "Function": "READ_PARQUET",
                                                                                                                                        "Projections": "parentid",
                                                                                                                                        "Estimated Cardinality": "3850116"
                                                                                                                                    },
                                                                                                                                    "cumulative_cardinality": 2177293,
                                                                                                                                    "operator_type": "TABLE_SCAN",
                                                                                                                                    "operator_cardinality": 2177293,
                                                                                                                                    "cumulative_rows_scanned": 3850116,
                                                                                                                                    "operator_rows_scanned": 3850116,
                                                                                                                                    "operator_timing": 0.09290786900000017,
                                                                                                                                    "result_set_size": 8709172,
                                                                                                                                    "children": []
                                                                                                                                },
                                                                                                                                {
                                                                                                                                    "operator_name": "DELIM_SCAN",
                                                                                                                                    "cpu_time": 0.0,
                                                                                                                                    "extra_info": {
                                                                                                                                        "Delim Index": "1",
                                                                                                                                        "Estimated Cardinality": "1925058"
                                                                                                                                    },
                                                                                                                                    "cumulative_cardinality": 0,
                                                                                                                                    "operator_type": "DELIM_SCAN",
                                                                                                                                    "operator_cardinality": 0,
                                                                                                                                    "cumulative_rows_scanned": 0,
                                                                                                                                    "operator_rows_scanned": 0,
                                                                                                                                    "operator_timing": 0.0,
                                                                                                                                    "result_set_size": 0,
                                                                                                                                    "children": []
                                                                                                                                }
                                                                                                                            ]
                                                                                                                        }
                                                                                                                    ]
                                                                                                                }
                                                                                                            ]
                                                                                                        }
                                                                                                    ]
                                                                                                }
                                                                                            ]
                                                                                        }
                                                                                    ]
                                                                                }
                                                                            ]
                                                                        },
                                                                        {
                                                                            "operator_name": "HASH_GROUP_BY",
                                                                            "cpu_time": 0.010440112999999987,
                                                                            "extra_info": {
                                                                                "Groups": "#0",
                                                                                "Aggregates": "",
                                                                                "Estimated Cardinality": "3850116"
                                                                            },
                                                                            "cumulative_cardinality": 3336328,
                                                                            "operator_type": "HASH_GROUP_BY",
                                                                            "operator_cardinality": 3336328,
                                                                            "cumulative_rows_scanned": 0,
                                                                            "operator_rows_scanned": 0,
                                                                            "operator_timing": 0.010440112999999987,
                                                                            "result_set_size": 13345312,
                                                                            "children": []
                                                                        }
                                                                    ]
                                                                }
                                                            ]
                                                        },
                                                        {
                                                            "operator_name": "HASH_GROUP_BY",
                                                            "cpu_time": 30.553176052000232,
                                                            "extra_info": {
                                                                "Groups": [
                                                                    "#0",
                                                                    "#1"
                                                                ],
                                                                "Aggregates": [
                                                                    "count(#2)",
                                                                    "sum(#3)",
                                                                    "sum(#4)"
                                                                ],
                                                                "Estimated Cardinality": "1260710"
                                                            },
                                                            "cumulative_cardinality": 1769829423,
                                                            "operator_type": "HASH_GROUP_BY",
                                                            "operator_cardinality": 1260709,
                                                            "cumulative_rows_scanned": 7432550,
                                                            "operator_rows_scanned": 0,
                                                            "operator_timing": 18.19043719000038,
                                                            "result_set_size": 75642540,
                                                            "children": [
                                                                {
                                                                    "operator_name": "PROJECTION",
                                                                    "cpu_time": 12.36273886199985,
                                                                    "extra_info": {
                                                                        "Projections": [
                                                                            "id",
                                                                            "displayname",
                                                                            "id",
                                                                            "viewcount",
                                                                            "score"
                                                                        ],
                                                                        "Estimated Cardinality": "3850116"
                                                                    },
                                                                    "cumulative_cardinality": 1768568714,
                                                                    "operator_type": "PROJECTION",
                                                                    "operator_cardinality": 586088951,
                                                                    "cumulative_rows_scanned": 7432550,
                                                                    "operator_rows_scanned": 0,
                                                                    "operator_timing": 0.0671442509999368,
                                                                    "result_set_size": 18754846432,
                                                                    "children": [
                                                                        {
                                                                            "operator_name": "FILTER",
                                                                            "cpu_time": 12.295594610999913,
                                                                            "extra_info": {
                                                                                "Expression": "(id >= 1)",
                                                                                "Estimated Cardinality": "3850116"
                                                                            },
                                                                            "cumulative_cardinality": 1182479763,
                                                                            "operator_type": "FILTER",
                                                                            "operator_cardinality": 586088951,
                                                                            "cumulative_rows_scanned": 7432550,
                                                                            "operator_rows_scanned": 0,
                                                                            "operator_timing": 0.7344391240000411,
                                                                            "result_set_size": 18754846432,
                                                                            "children": [
                                                                                {
                                                                                    "operator_name": "HASH_JOIN",
                                                                                    "cpu_time": 11.561155486999873,
                                                                                    "extra_info": {
                                                                                        "Join Type": "RIGHT",
                                                                                        "Conditions": "owneruserid = id",
                                                                                        "Estimated Cardinality": "3850116"
                                                                                    },
                                                                                    "cumulative_cardinality": 596390812,
                                                                                    "operator_type": "HASH_JOIN",
                                                                                    "operator_cardinality": 586089549,
                                                                                    "cumulative_rows_scanned": 7432550,
                                                                                    "operator_rows_scanned": 0,
                                                                                    "operator_timing": 9.183444235999874,
                                                                                    "result_set_size": 18754865568,
                                                                                    "children": [
                                                                                        {
                                                                                            "operator_name": "READ_PARQUET ",
                                                                                            "cpu_time": 0.21214010599999955,
                                                                                            "extra_info": {
                                                                                                "Function": "READ_PARQUET",
                                                                                                "Projections": [
                                                                                                    "score",
                                                                                                    "viewcount",
                                                                                                    "owneruserid"
                                                                                                ],
                                                                                                "Estimated Cardinality": "3850116"
                                                                                            },
                                                                                            "cumulative_cardinality": 3685416,
                                                                                            "operator_type": "TABLE_SCAN",
                                                                                            "operator_cardinality": 3685416,
                                                                                            "cumulative_rows_scanned": 3850116,
                                                                                            "operator_rows_scanned": 3850116,
                                                                                            "operator_timing": 0.21214010599999955,
                                                                                            "result_set_size": 44224992,
                                                                                            "children": []
                                                                                        },
                                                                                        {
                                                                                            "operator_name": "HASH_JOIN",
                                                                                            "cpu_time": 2.1655711449999995,
                                                                                            "extra_info": {
                                                                                                "Join Type": "RIGHT",
                                                                                                "Conditions": "userid = id",
                                                                                                "Estimated Cardinality": "2321724"
                                                                                            },
                                                                                            "cumulative_cardinality": 6615847,
                                                                                            "operator_type": "HASH_JOIN",
                                                                                            "operator_cardinality": 3033413,
                                                                                            "cumulative_rows_scanned": 3582434,
                                                                                            "operator_rows_scanned": 0,
                                                                                            "operator_timing": 0.27814869399999986,
                                                                                            "result_set_size": 72801912,
                                                                                            "children": [
                                                                                                {
                                                                                                    "operator_name": "READ_PARQUET ",
                                                                                                    "cpu_time": 0.580279653,
                                                                                                    "extra_info": {
                                                                                                        "Function": "READ_PARQUET",
                                                                                                        "Projections": [
                                                                                                            "id",
                                                                                                            "userid"
                                                                                                        ],
                                                                                                        "Estimated Cardinality": "2321724"
                                                                                                    },
                                                                                                    "cumulative_cardinality": 2321724,
                                                                                                    "operator_type": "TABLE_SCAN",
                                                                                                    "operator_cardinality": 2321724,
                                                                                                    "cumulative_rows_scanned": 2321724,
                                                                                                    "operator_rows_scanned": 2321724,
                                                                                                    "operator_timing": 0.580279653,
                                                                                                    "result_set_size": 18573792,
                                                                                                    "children": []
                                                                                                },
                                                                                                {
                                                                                                    "operator_name": "READ_PARQUET ",
                                                                                                    "cpu_time": 1.3071427979999994,
                                                                                                    "extra_info": {
                                                                                                        "Function": "READ_PARQUET",
                                                                                                        "Projections": [
                                                                                                            "id",
                                                                                                            "displayname"
                                                                                                        ],
                                                                                                        "Estimated Cardinality": "1260710"
                                                                                                    },
                                                                                                    "cumulative_cardinality": 1260710,
                                                                                                    "operator_type": "TABLE_SCAN",
                                                                                                    "operator_cardinality": 1260710,
                                                                                                    "cumulative_rows_scanned": 1260710,
                                                                                                    "operator_rows_scanned": 1260710,
                                                                                                    "operator_timing": 1.3071427979999994,
                                                                                                    "result_set_size": 25214200,
                                                                                                    "children": []
                                                                                                }
                                                                                            ]
                                                                                        }
                                                                                    ]
                                                                                }
                                                                            ]
                                                                        }
                                                                    ]
                                                                }
                                                            ]
                                                        }
                                                    ]
                                                }
                                            ]
                                        }
                                    ]
                                }
                            ]
                        }
                    ]
                }
            ]
        }
    ]
}