{
    "rows_returned": 10085680,
    "query_name": "WITH TopUsers AS (\n    SELECT \n        u.Id,\n        u.DisplayName,\n        u.Reputation,\n        COUNT(p.Id) AS PostCount,\n        SUM(COALESCE(vUp.VoteCount, 0)) AS TotalUpVotes,\n        SUM(COALESCE(vDown.VoteCount, 0)) AS TotalDownVotes\n    FROM Users u\n    LEFT JOIN Posts p ON u.Id = p.OwnerUserId\n    LEFT JOIN (\n        SELECT \n            PostId,\n            COUNT(*) AS VoteCount\n        FROM Votes\n        WHERE VoteTypeId = 2 \n        GROUP BY PostId\n    ) vUp ON p.Id = vUp.PostId\n    LEFT JOIN (\n        SELECT \n            PostId,\n            COUNT(*) AS VoteCount\n        FROM Votes\n        WHERE VoteTypeId = 3 \n        GROUP BY PostId\n    ) vDown ON p.Id = vDown.PostId\n    GROUP BY u.Id, u.DisplayName, u.Reputation\n),\nTopPostTypes AS (\n    SELECT \n        pt.Name AS PostTypeName,\n        COUNT(p.Id) AS PostCount,\n        SUM(p.Score) AS TotalScore\n    FROM PostTypes pt\n    LEFT JOIN Posts p ON pt.Id = p.PostTypeId\n    GROUP BY pt.Name\n),\nClosedPosts AS (\n    SELECT \n        COUNT(*) AS ClosedPostCount,\n        SUM(v.Score) AS TotalClosedScore\n    FROM Posts v\n    WHERE v.ClosedDate IS NOT NULL\n)\nSELECT \n    tu.DisplayName,\n    tu.Reputation,\n    tu.PostCount,\n    tu.TotalUpVotes,\n    tu.TotalDownVotes,\n    tpt.PostTypeName,\n    tpt.PostCount AS PostTypeCount,\n    tpt.TotalScore,\n    cp.ClosedPostCount,\n    cp.TotalClosedScore\nFROM TopUsers tu\nCROSS JOIN TopPostTypes tpt\nCROSS JOIN ClosedPosts cp\nORDER BY tu.Reputation DESC, tpt.PostCount DESC;",
    "blocked_thread_time": 0.0,
    "cpu_time": 4.139407342999997,
    "extra_info": {},
    "cumulative_cardinality": 86831406,
    "cumulative_rows_scanned": 38299252,
    "result_set_size": 1250624320,
    "latency": 34.87082606,
    "children": [
        {
            "operator_name": "ORDER_BY",
            "cpu_time": 4.139407342999997,
            "extra_info": {
                "Order By": [
                    "tu.Reputation DESC",
                    "tpt.PostCount DESC"
                ]
            },
            "cumulative_cardinality": 86831406,
            "operator_type": "ORDER_BY",
            "operator_cardinality": 10085680,
            "cumulative_rows_scanned": 38299252,
            "operator_rows_scanned": 0,
            "operator_timing": 1.396052610999997,
            "result_set_size": 1250624320,
            "children": [
                {
                    "operator_name": "CROSS_PRODUCT",
                    "cpu_time": 2.7433547319999994,
                    "extra_info": {},
                    "cumulative_cardinality": 76745726,
                    "operator_type": "CROSS_PRODUCT",
                    "operator_cardinality": 10085680,
                    "cumulative_rows_scanned": 38299252,
                    "operator_rows_scanned": 0,
                    "operator_timing": 0.010740876000000024,
                    "result_set_size": 1250624320,
                    "children": [
                        {
                            "operator_name": "PROJECTION",
                            "cpu_time": 2.4908650219999995,
                            "extra_info": {
                                "Projections": [
                                    "displayname",
                                    "reputation",
                                    "PostCount",
                                    "TotalUpVotes",
                                    "TotalDownVotes"
                                ],
                                "Estimated Cardinality": "1260710"
                            },
                            "cumulative_cardinality": 50924965,
                            "operator_type": "PROJECTION",
                            "operator_cardinality": 1260710,
                            "cumulative_rows_scanned": 30599012,
                            "operator_rows_scanned": 0,
                            "operator_timing": 0.00021452000000000005,
                            "result_set_size": 75642600,
                            "children": [
                                {
                                    "operator_name": "HASH_GROUP_BY",
                                    "cpu_time": 2.4906505019999994,
                                    "extra_info": {
                                        "Groups": [
                                            "#0",
                                            "#1",
                                            "#2"
                                        ],
                                        "Aggregates": [
                                            "count(#3)",
                                            "sum(#4)",
                                            "sum(#5)"
                                        ],
                                        "Estimated Cardinality": "1260710"
                                    },
                                    "cumulative_cardinality": 49664255,
                                    "operator_type": "HASH_GROUP_BY",
                                    "operator_cardinality": 1260710,
                                    "cumulative_rows_scanned": 30599012,
                                    "operator_rows_scanned": 0,
                                    "operator_timing": 0.5954022069999994,
                                    "result_set_size": 80685440,
                                    "children": [
                                        {
                                            "operator_name": "PROJECTION",
                                            "cpu_time": 1.8952482949999998,
                                            "extra_info": {
                                                "Projections": [
                                                    "id",
                                                    "displayname",
                                                    "reputation",
                                                    "id",
                                                    "COALESCE(VoteCount, 0)",
                                                    "COALESCE(VoteCount, 0)"
                                                ],
                                                "Estimated Cardinality": "3850116"
                                            },
                                            "cumulative_cardinality": 48403545,
                                            "operator_type": "PROJECTION",
                                            "operator_cardinality": 4574495,
                                            "cumulative_rows_scanned": 30599012,
                                            "operator_rows_scanned": 0,
                                            "operator_timing": 0.05320946599999995,
                                            "result_set_size": 201277780,
                                            "children": [
                                                {
                                                    "operator_name": "HASH_JOIN",
                                                    "cpu_time": 1.8420388289999998,
                                                    "extra_info": {
                                                        "Join Type": "LEFT",
                                                        "Conditions": "id = postid",
                                                        "Estimated Cardinality": "3850116"
                                                    },
                                                    "cumulative_cardinality": 43829050,
                                                    "operator_type": "HASH_JOIN",
                                                    "operator_cardinality": 4574495,
                                                    "cumulative_rows_scanned": 30599012,
                                                    "operator_rows_scanned": 0,
                                                    "operator_timing": 0.23246638000000047,
                                                    "result_set_size": 201277780,
                                                    "children": [
                                                        {
                                                            "operator_name": "HASH_JOIN",
                                                            "cpu_time": 1.3212610699999996,
                                                            "extra_info": {
                                                                "Join Type": "LEFT",
                                                                "Conditions": "id = postid",
                                                                "Estimated Cardinality": "3850116"
                                                            },
                                                            "cumulative_cardinality": 35801688,
                                                            "operator_type": "HASH_JOIN",
                                                            "operator_cardinality": 4574495,
                                                            "cumulative_rows_scanned": 17854919,
                                                            "operator_rows_scanned": 0,
                                                            "operator_timing": 0.3158672199999993,
                                                            "result_set_size": 164681820,
                                                            "children": [
                                                                {
                                                                    "operator_name": "HASH_JOIN",
                                                                    "cpu_time": 0.4019926140000004,
                                                                    "extra_info": {
                                                                        "Join Type": "RIGHT",
                                                                        "Conditions": "owneruserid = id",
                                                                        "Estimated Cardinality": "3850116"
                                                                    },
                                                                    "cumulative_cardinality": 9520621,
                                                                    "operator_type": "HASH_JOIN",
                                                                    "operator_cardinality": 4574495,
                                                                    "cumulative_rows_scanned": 5110826,
                                                                    "operator_rows_scanned": 0,
                                                                    "operator_timing": 0.2352349150000002,
                                                                    "result_set_size": 128085860,
                                                                    "children": [
                                                                        {
                                                                            "operator_name": "READ_PARQUET ",
                                                                            "cpu_time": 0.07851116000000007,
                                                                            "extra_info": {
                                                                                "Function": "READ_PARQUET",
                                                                                "Projections": [
                                                                                    "id",
                                                                                    "owneruserid"
                                                                                ],
                                                                                "Estimated Cardinality": "3850116"
                                                                            },
                                                                            "cumulative_cardinality": 3685416,
                                                                            "operator_type": "TABLE_SCAN",
                                                                            "operator_cardinality": 3685416,
                                                                            "cumulative_rows_scanned": 3850116,
                                                                            "operator_rows_scanned": 3850116,
                                                                            "operator_timing": 0.07851116000000007,
                                                                            "result_set_size": 29483328,
                                                                            "children": []
                                                                        },
                                                                        {
                                                                            "operator_name": "READ_PARQUET ",
                                                                            "cpu_time": 0.0882465390000001,
                                                                            "extra_info": {
                                                                                "Function": "READ_PARQUET",
                                                                                "Projections": [
                                                                                    "id",
                                                                                    "reputation",
                                                                                    "displayname"
                                                                                ],
                                                                                "Estimated Cardinality": "1260710"
                                                                            },
                                                                            "cumulative_cardinality": 1260710,
                                                                            "operator_type": "TABLE_SCAN",
                                                                            "operator_cardinality": 1260710,
                                                                            "cumulative_rows_scanned": 1260710,
                                                                            "operator_rows_scanned": 1260710,
                                                                            "operator_timing": 0.0882465390000001,
                                                                            "result_set_size": 30257040,
                                                                            "children": []
                                                                        }
                                                                    ]
                                                                },
                                                                {
                                                                    "operator_name": "HASH_GROUP_BY",
                                                                    "cpu_time": 0.6034012359999998,
                                                                    "extra_info": {
                                                                        "Groups": "#0",
                                                                        "Aggregates": "count_star()",
                                                                        "Estimated Cardinality": "1274409"
                                                                    },
                                                                    "cumulative_cardinality": 21706572,
                                                                    "operator_type": "HASH_GROUP_BY",
                                                                    "operator_cardinality": 3138638,
                                                                    "cumulative_rows_scanned": 12744093,
                                                                    "operator_rows_scanned": 0,
                                                                    "operator_timing": 0.34076628000000037,
                                                                    "result_set_size": 37663656,
                                                                    "children": [
                                                                        {
                                                                            "operator_name": "PROJECTION",
                                                                            "cpu_time": 0.26263495599999953,
                                                                            "extra_info": {
                                                                                "Projections": "postid",
                                                                                "Estimated Cardinality": "2548818"
                                                                            },
                                                                            "cumulative_cardinality": 18567934,
                                                                            "operator_type": "PROJECTION",
                                                                            "operator_cardinality": 9283967,
                                                                            "cumulative_rows_scanned": 12744093,
                                                                            "operator_rows_scanned": 0,
                                                                            "operator_timing": 0.0006551379999999885,
                                                                            "result_set_size": 37135868,
                                                                            "children": [
                                                                                {
                                                                                    "operator_name": "READ_PARQUET ",
                                                                                    "cpu_time": 0.26197981799999953,
                                                                                    "extra_info": {
                                                                                        "Function": "READ_PARQUET",
                                                                                        "Projections": "postid",
                                                                                        "Filters": "votetypeid=2",
                                                                                        "Estimated Cardinality": "2548818"
                                                                                    },
                                                                                    "cumulative_cardinality": 9283967,
                                                                                    "operator_type": "TABLE_SCAN",
                                                                                    "operator_cardinality": 9283967,
                                                                                    "cumulative_rows_scanned": 12744093,
                                                                                    "operator_rows_scanned": 12744093,
                                                                                    "operator_timing": 0.26197981799999953,
                                                                                    "result_set_size": 37135868,
                                                                                    "children": []
                                                                                }
                                                                            ]
                                                                        }
                                                                    ]
                                                                }
                                                            ]
                                                        },
                                                        {
                                                            "operator_name": "HASH_GROUP_BY",
                                                            "cpu_time": 0.2883113789999997,
                                                            "extra_info": {
                                                                "Groups": "#0",
                                                                "Aggregates": "count_star()",
                                                                "Estimated Cardinality": "1274409"
                                                            },
                                                            "cumulative_cardinality": 3452867,
                                                            "operator_type": "HASH_GROUP_BY",
                                                            "operator_cardinality": 765075,
                                                            "cumulative_rows_scanned": 12744093,
                                                            "operator_rows_scanned": 0,
                                                            "operator_timing": 0.05720857100000007,
                                                            "result_set_size": 9180900,
                                                            "children": [
                                                                {
                                                                    "operator_name": "PROJECTION",
                                                                    "cpu_time": 0.23110280799999963,
                                                                    "extra_info": {
                                                                        "Projections": "postid",
                                                                        "Estimated Cardinality": "2548818"
                                                                    },
                                                                    "cumulative_cardinality": 2687792,
                                                                    "operator_type": "PROJECTION",
                                                                    "operator_cardinality": 1343896,
                                                                    "cumulative_rows_scanned": 12744093,
                                                                    "operator_rows_scanned": 0,
                                                                    "operator_timing": 0.0005488090000000181,
                                                                    "result_set_size": 5375584,
                                                                    "children": [
                                                                        {
                                                                            "operator_name": "READ_PARQUET ",
                                                                            "cpu_time": 0.23055399899999962,
                                                                            "extra_info": {
                                                                                "Function": "READ_PARQUET",
                                                                                "Projections": "postid",
                                                                                "Filters": "votetypeid=3",
                                                                                "Estimated Cardinality": "2548818"
                                                                            },
                                                                            "cumulative_cardinality": 1343896,
                                                                            "operator_type": "TABLE_SCAN",
                                                                            "operator_cardinality": 1343896,
                                                                            "cumulative_rows_scanned": 12744093,
                                                                            "operator_rows_scanned": 12744093,
                                                                            "operator_timing": 0.23055399899999962,
                                                                            "result_set_size": 5375584,
                                                                            "children": []
                                                                        }
                                                                    ]
                                                                }
                                                            ]
                                                        }
                                                    ]
                                                }
                                            ]
                                        }
                                    ]
                                }
                            ]
                        },
                        {
                            "operator_name": "CROSS_PRODUCT",
                            "cpu_time": 0.24174883400000005,
                            "extra_info": {},
                            "cumulative_cardinality": 15735081,
                            "operator_type": "CROSS_PRODUCT",
                            "operator_cardinality": 8,
                            "cumulative_rows_scanned": 7700240,
                            "operator_rows_scanned": 0,
                            "operator_timing": 0.000045876,
                            "result_set_size": 512,
                            "children": [
                                {
                                    "operator_name": "HASH_GROUP_BY",
                                    "cpu_time": 0.20006694700000016,
                                    "extra_info": {
                                        "Groups": "#0",
                                        "Aggregates": [
                                            "count(#1)",
                                            "sum(#2)"
                                        ],
                                        "Estimated Cardinality": "8"
                                    },
                                    "cumulative_cardinality": 11550366,
                                    "operator_type": "HASH_GROUP_BY",
                                    "operator_cardinality": 8,
                                    "cumulative_rows_scanned": 3850124,
                                    "operator_rows_scanned": 0,
                                    "operator_timing": 0.06844776700000003,
                                    "result_set_size": 320,
                                    "children": [
                                        {
                                            "operator_name": "PROJECTION",
                                            "cpu_time": 0.13161918000000014,
                                            "extra_info": {
                                                "Projections": [
                                                    "name",
                                                    "id",
                                                    "score"
                                                ],
                                                "Estimated Cardinality": "3850116"
                                            },
                                            "cumulative_cardinality": 11550358,
                                            "operator_type": "PROJECTION",
                                            "operator_cardinality": 3850117,
                                            "cumulative_rows_scanned": 3850124,
                                            "operator_rows_scanned": 0,
                                            "operator_timing": 0.0003264240000000003,
                                            "result_set_size": 92402808,
                                            "children": [
                                                {
                                                    "operator_name": "HASH_JOIN",
                                                    "cpu_time": 0.13129275600000015,
                                                    "extra_info": {
                                                        "Join Type": "RIGHT",
                                                        "Conditions": "posttypeid = id",
                                                        "Estimated Cardinality": "3850116"
                                                    },
                                                    "cumulative_cardinality": 7700241,
                                                    "operator_type": "HASH_JOIN",
                                                    "operator_cardinality": 3850117,
                                                    "cumulative_rows_scanned": 3850124,
                                                    "operator_rows_scanned": 0,
                                                    "operator_timing": 0.053794571000000055,
                                                    "result_set_size": 92402808,
                                                    "children": [
                                                        {
                                                            "operator_name": "READ_PARQUET ",
                                                            "cpu_time": 0.07719494900000007,
                                                            "extra_info": {
                                                                "Function": "READ_PARQUET",
                                                                "Projections": [
                                                                    "id",
                                                                    "posttypeid",
                                                                    "score"
                                                                ],
                                                                "Estimated Cardinality": "3850116"
                                                            },
                                                            "cumulative_cardinality": 3850116,
                                                            "operator_type": "TABLE_SCAN",
                                                            "operator_cardinality": 3850116,
                                                            "cumulative_rows_scanned": 3850116,
                                                            "operator_rows_scanned": 3850116,
                                                            "operator_timing": 0.07719494900000007,
                                                            "result_set_size": 38501160,
                                                            "children": []
                                                        },
                                                        {
                                                            "operator_name": "READ_PARQUET ",
                                                            "cpu_time": 0.000303236,
                                                            "extra_info": {
                                                                "Function": "READ_PARQUET",
                                                                "Projections": [
                                                                    "id",
                                                                    "name"
                                                                ],
                                                                "Estimated Cardinality": "8"
                                                            },
                                                            "cumulative_cardinality": 8,
                                                            "operator_type": "TABLE_SCAN",
                                                            "operator_cardinality": 8,
                                                            "cumulative_rows_scanned": 8,
                                                            "operator_rows_scanned": 8,
                                                            "operator_timing": 0.000303236,
                                                            "result_set_size": 144,
                                                            "children": []
                                                        }
                                                    ]
                                                }
                                            ]
                                        }
                                    ]
                                },
                                {
                                    "operator_name": "UNGROUPED_AGGREGATE",
                                    "cpu_time": 0.041636010999999896,
                                    "extra_info": {
                                        "Aggregates": [
                                            "count_star()",
                                            "sum(#0)"
                                        ]
                                    },
                                    "cumulative_cardinality": 4184707,
                                    "operator_type": "UNGROUPED_AGGREGATE",
                                    "operator_cardinality": 1,
                                    "cumulative_rows_scanned": 3850116,
                                    "operator_rows_scanned": 0,
                                    "operator_timing": 0.00046058600000000046,
                                    "result_set_size": 24,
                                    "children": [
                                        {
                                            "operator_name": "PROJECTION",
                                            "cpu_time": 0.0411754249999999,
                                            "extra_info": {
                                                "Projections": "score",
                                                "Estimated Cardinality": "770023"
                                            },
                                            "cumulative_cardinality": 4184706,
                                            "operator_type": "PROJECTION",
                                            "operator_cardinality": 111530,
                                            "cumulative_rows_scanned": 3850116,
                                            "operator_rows_scanned": 0,
                                            "operator_timing": 0.00006634299999999969,
                                            "result_set_size": 446120,
                                            "children": [
                                                {
                                                    "operator_name": "PROJECTION",
                                                    "cpu_time": 0.0411090819999999,
                                                    "extra_info": {
                                                        "Projections": "#0",
                                                        "Estimated Cardinality": "770023"
                                                    },
                                                    "cumulative_cardinality": 4073176,
                                                    "operator_type": "PROJECTION",
                                                    "operator_cardinality": 111530,
                                                    "cumulative_rows_scanned": 3850116,
                                                    "operator_rows_scanned": 0,
                                                    "operator_timing": 0.00006885099999999978,
                                                    "result_set_size": 446120,
                                                    "children": [
                                                        {
                                                            "operator_name": "FILTER",
                                                            "cpu_time": 0.0410402309999999,
                                                            "extra_info": {
                                                                "Expression": "(closeddate IS NOT NULL)",
                                                                "Estimated Cardinality": "770023"
                                                            },
                                                            "cumulative_cardinality": 3961646,
                                                            "operator_type": "FILTER",
                                                            "operator_cardinality": 111530,
                                                            "cumulative_rows_scanned": 3850116,
                                                            "operator_rows_scanned": 0,
                                                            "operator_timing": 0.011279068999999971,
                                                            "result_set_size": 1338360,
                                                            "children": [
                                                                {
                                                                    "operator_name": "READ_PARQUET ",
                                                                    "cpu_time": 0.029761161999999928,
                                                                    "extra_info": {
                                                                        "Function": "READ_PARQUET",
                                                                        "Projections": [
                                                                            "score",
                                                                            "closeddate"
                                                                        ],
                                                                        "Estimated Cardinality": "3850116"
                                                                    },
                                                                    "cumulative_cardinality": 3850116,
                                                                    "operator_type": "TABLE_SCAN",
                                                                    "operator_cardinality": 3850116,
                                                                    "cumulative_rows_scanned": 3850116,
                                                                    "operator_rows_scanned": 3850116,
                                                                    "operator_timing": 0.029761161999999928,
                                                                    "result_set_size": 46201392,
                                                                    "children": []
                                                                }
                                                            ]
                                                        }
                                                    ]
                                                }
                                            ]
                                        }
                                    ]
                                }
                            ]
                        }
                    ]
                }
            ]
        }
    ]
}