{
    "rows_returned": 106976,
    "query_name": "WITH UserVoteSummary AS (\n    SELECT\n        U.Id AS UserId,\n        U.DisplayName,\n        SUM(CASE WHEN V.VoteTypeId = 2 THEN 1 ELSE 0 END) AS UpVotes,\n        SUM(CASE WHEN V.VoteTypeId = 3 THEN 1 ELSE 0 END) AS DownVotes,\n        COUNT(DISTINCT P.Id) AS PostCount\n    FROM\n        Users U\n    LEFT JOIN\n        Posts P ON U.Id = P.OwnerUserId\n    LEFT JOIN\n        Votes V ON P.Id = V.PostId\n    GROUP BY\n        U.Id, U.DisplayName\n),\nTopUsers AS (\n    SELECT\n        *,\n        (UpVotes - DownVotes) AS VoteBalance\n    FROM\n        UserVoteSummary\n    ORDER BY\n        VoteBalance DESC\n    LIMIT 10\n)\n\nSELECT\n    T.DisplayName,\n    T.UpVotes,\n    T.DownVotes,\n    T.VoteBalance,\n    P.CreationDate AS PostCreationDate,\n    P.Title AS PostTitle,\n    P.ViewCount,\n    P.Score\nFROM\n    TopUsers T\nJOIN\n    Posts P ON T.UserId = P.OwnerUserId\nORDER BY\n    T.VoteBalance DESC, P.ViewCount DESC;",
    "blocked_thread_time": 0.0,
    "cpu_time": 2.603174932999992,
    "extra_info": {},
    "cumulative_cardinality": 51541805,
    "cumulative_rows_scanned": 21705035,
    "result_set_size": 10269696,
    "latency": 3.080917492,
    "children": [
        {
            "operator_name": "PROJECTION",
            "cpu_time": 2.603174932999992,
            "extra_info": {
                "Projections": [
                    "#0",
                    "#1",
                    "#2",
                    "#3",
                    "#4",
                    "#5",
                    "#6",
                    "__internal_decompress_integral_integer(#7, -72)"
                ],
                "Estimated Cardinality": "30"
            },
            "cumulative_cardinality": 51541805,
            "operator_type": "PROJECTION",
            "operator_cardinality": 106976,
            "cumulative_rows_scanned": 21705035,
            "operator_rows_scanned": 0,
            "operator_timing": 0.00005299299999999999,
            "result_set_size": 10269696,
            "children": [
                {
                    "operator_name": "ORDER_BY",
                    "cpu_time": 2.603121939999992,
                    "extra_info": {
                        "Order By": [
                            "T.VoteBalance DESC",
                            "P.ViewCount DESC"
                        ]
                    },
                    "cumulative_cardinality": 51434829,
                    "operator_type": "ORDER_BY",
                    "operator_cardinality": 106976,
                    "cumulative_rows_scanned": 21705035,
                    "operator_rows_scanned": 0,
                    "operator_timing": 0.009698407000000003,
                    "result_set_size": 10055744,
                    "children": [
                        {
                            "operator_name": "PROJECTION",
                            "cpu_time": 2.5934235329999917,
                            "extra_info": {
                                "Projections": [
                                    "#0",
                                    "#1",
                                    "#2",
                                    "#3",
                                    "#4",
                                    "#5",
                                    "#6",
                                    "__internal_compress_integral_usmallint(#7, -72)"
                                ],
                                "Estimated Cardinality": "30"
                            },
                            "cumulative_cardinality": 51327853,
                            "operator_type": "PROJECTION",
                            "operator_cardinality": 106976,
                            "cumulative_rows_scanned": 21705035,
                            "operator_rows_scanned": 0,
                            "operator_timing": 0.0005014019999999999,
                            "result_set_size": 10055744,
                            "children": [
                                {
                                    "operator_name": "PROJECTION",
                                    "cpu_time": 2.592922130999992,
                                    "extra_info": {
                                        "Projections": [
                                            "displayname",
                                            "UpVotes",
                                            "DownVotes",
                                            "VoteBalance",
                                            "PostCreationDate",
                                            "PostTitle",
                                            "viewcount",
                                            "score"
                                        ],
                                        "Estimated Cardinality": "30"
                                    },
                                    "cumulative_cardinality": 51220877,
                                    "operator_type": "PROJECTION",
                                    "operator_cardinality": 106976,
                                    "cumulative_rows_scanned": 21705035,
                                    "operator_rows_scanned": 0,
                                    "operator_timing": 0.00020302799999999982,
                                    "result_set_size": 10269696,
                                    "children": [
                                        {
                                            "operator_name": "HASH_JOIN",
                                            "cpu_time": 2.592719102999992,
                                            "extra_info": {
                                                "Join Type": "INNER",
                                                "Conditions": "owneruserid = UserId",
                                                "Estimated Cardinality": "30"
                                            },
                                            "cumulative_cardinality": 51113901,
                                            "operator_type": "HASH_JOIN",
                                            "operator_cardinality": 106976,
                                            "cumulative_rows_scanned": 21705035,
                                            "operator_rows_scanned": 0,
                                            "operator_timing": 0.017575641000000024,
                                            "result_set_size": 10269696,
                                            "children": [
                                                {
                                                    "operator_name": "READ_PARQUET ",
                                                    "cpu_time": 0.4123207289999994,
                                                    "extra_info": {
                                                        "Function": "READ_PARQUET",
                                                        "Projections": [
                                                            "creationdate",
                                                            "score",
                                                            "viewcount",
                                                            "owneruserid",
                                                            "title"
                                                        ],
                                                        "Estimated Cardinality": "3850116"
                                                    },
                                                    "cumulative_cardinality": 2737025,
                                                    "operator_type": "TABLE_SCAN",
                                                    "operator_cardinality": 2737025,
                                                    "cumulative_rows_scanned": 3850116,
                                                    "operator_rows_scanned": 3850116,
                                                    "operator_timing": 0.4123207289999994,
                                                    "result_set_size": 98532900,
                                                    "children": []
                                                },
                                                {
                                                    "operator_name": "FILTER",
                                                    "cpu_time": 2.1628227329999925,
                                                    "extra_info": {
                                                        "Expression": "(UserId <= 1416539)",
                                                        "Estimated Cardinality": "10"
                                                    },
                                                    "cumulative_cardinality": 48269900,
                                                    "operator_type": "FILTER",
                                                    "operator_cardinality": 10,
                                                    "cumulative_rows_scanned": 17854919,
                                                    "operator_rows_scanned": 0,
                                                    "operator_timing": 0.000004749,
                                                    "result_set_size": 680,
                                                    "children": [
                                                        {
                                                            "operator_name": "STREAMING_LIMIT",
                                                            "cpu_time": 2.1628179839999926,
                                                            "extra_info": {},
                                                            "cumulative_cardinality": 48269890,
                                                            "operator_type": "STREAMING_LIMIT",
                                                            "operator_cardinality": 10,
                                                            "cumulative_rows_scanned": 17854919,
                                                            "operator_rows_scanned": 0,
                                                            "operator_timing": 0.000001664,
                                                            "result_set_size": 680,
                                                            "children": [
                                                                {
                                                                    "operator_name": "ORDER_BY",
                                                                    "cpu_time": 2.1628163199999926,
                                                                    "extra_info": {
                                                                        "Order By": "(UserVoteSummary.UpVotes - UserVoteSummary.DownVotes) DESC"
                                                                    },
                                                                    "cumulative_cardinality": 48269880,
                                                                    "operator_type": "ORDER_BY",
                                                                    "operator_cardinality": 4096,
                                                                    "cumulative_rows_scanned": 17854919,
                                                                    "operator_rows_scanned": 0,
                                                                    "operator_timing": 0.04754637600000002,
                                                                    "result_set_size": 278528,
                                                                    "children": [
                                                                        {
                                                                            "operator_name": "PROJECTION",
                                                                            "cpu_time": 2.1152699439999925,
                                                                            "extra_info": {
                                                                                "Projections": [
                                                                                    "UserId",
                                                                                    "displayname",
                                                                                    "UpVotes",
                                                                                    "DownVotes",
                                                                                    "VoteBalance"
                                                                                ],
                                                                                "Estimated Cardinality": "1260710"
                                                                            },
                                                                            "cumulative_cardinality": 48265784,
                                                                            "operator_type": "PROJECTION",
                                                                            "operator_cardinality": 1260710,
                                                                            "cumulative_rows_scanned": 17854919,
                                                                            "operator_rows_scanned": 0,
                                                                            "operator_timing": 0.006484085999999994,
                                                                            "result_set_size": 85728280,
                                                                            "children": [
                                                                                {
                                                                                    "operator_name": "HASH_GROUP_BY",
                                                                                    "cpu_time": 2.1087858579999925,
                                                                                    "extra_info": {
                                                                                        "Groups": [
                                                                                            "#0",
                                                                                            "#1"
                                                                                        ],
                                                                                        "Aggregates": [
                                                                                            "sum(#2)",
                                                                                            "sum(#3)"
                                                                                        ],
                                                                                        "Estimated Cardinality": "1260710"
                                                                                    },
                                                                                    "cumulative_cardinality": 47005074,
                                                                                    "operator_type": "HASH_GROUP_BY",
                                                                                    "operator_cardinality": 1260710,
                                                                                    "cumulative_rows_scanned": 17854919,
                                                                                    "operator_rows_scanned": 0,
                                                                                    "operator_timing": 0.6933642729999986,
                                                                                    "result_set_size": 65556920,
                                                                                    "children": [
                                                                                        {
                                                                                            "operator_name": "PROJECTION",
                                                                                            "cpu_time": 1.4154215849999938,
                                                                                            "extra_info": {
                                                                                                "Projections": [
                                                                                                    "id",
                                                                                                    "displayname",
                                                                                                    "CASE  WHEN ((votetypeid = 2)) THEN (1) ELSE 0 END",
                                                                                                    "CASE  WHEN ((votetypeid = 3)) THEN (1) ELSE 0 END"
                                                                                                ],
                                                                                                "Estimated Cardinality": "12744093"
                                                                                            },
                                                                                            "cumulative_cardinality": 45744364,
                                                                                            "operator_type": "PROJECTION",
                                                                                            "operator_cardinality": 11739825,
                                                                                            "cumulative_rows_scanned": 17854919,
                                                                                            "operator_rows_scanned": 0,
                                                                                            "operator_timing": 0.0737100699999996,
                                                                                            "result_set_size": 328715100,
                                                                                            "children": [
                                                                                                {
                                                                                                    "operator_name": "HASH_JOIN",
                                                                                                    "cpu_time": 1.3417115149999943,
                                                                                                    "extra_info": {
                                                                                                        "Join Type": "RIGHT",
                                                                                                        "Conditions": "postid = id",
                                                                                                        "Estimated Cardinality": "12744093"
                                                                                                    },
                                                                                                    "cumulative_cardinality": 34004539,
                                                                                                    "operator_type": "HASH_JOIN",
                                                                                                    "operator_cardinality": 11739825,
                                                                                                    "cumulative_rows_scanned": 17854919,
                                                                                                    "operator_rows_scanned": 0,
                                                                                                    "operator_timing": 0.715951625999994,
                                                                                                    "result_set_size": 258276150,
                                                                                                    "children": [
                                                                                                        {
                                                                                                            "operator_name": "READ_PARQUET ",
                                                                                                            "cpu_time": 0.2162888760000005,
                                                                                                            "extra_info": {
                                                                                                                "Function": "READ_PARQUET",
                                                                                                                "Projections": [
                                                                                                                    "postid",
                                                                                                                    "votetypeid"
                                                                                                                ],
                                                                                                                "Estimated Cardinality": "12744093"
                                                                                                            },
                                                                                                            "cumulative_cardinality": 12744093,
                                                                                                            "operator_type": "TABLE_SCAN",
                                                                                                            "operator_cardinality": 12744093,
                                                                                                            "cumulative_rows_scanned": 12744093,
                                                                                                            "operator_rows_scanned": 12744093,
                                                                                                            "operator_timing": 0.2162888760000005,
                                                                                                            "result_set_size": 76464558,
                                                                                                            "children": []
                                                                                                        },
                                                                                                        {
                                                                                                            "operator_name": "HASH_JOIN",
                                                                                                            "cpu_time": 0.409471013,
                                                                                                            "extra_info": {
                                                                                                                "Join Type": "RIGHT",
                                                                                                                "Conditions": "owneruserid = id",
                                                                                                                "Estimated Cardinality": "3850116"
                                                                                                            },
                                                                                                            "cumulative_cardinality": 9520621,
                                                                                                            "operator_type": "HASH_JOIN",
                                                                                                            "operator_cardinality": 4574495,
                                                                                                            "cumulative_rows_scanned": 5110826,
                                                                                                            "operator_rows_scanned": 0,
                                                                                                            "operator_timing": 0.25657893699999984,
                                                                                                            "result_set_size": 109787880,
                                                                                                            "children": [
                                                                                                                {
                                                                                                                    "operator_name": "READ_PARQUET ",
                                                                                                                    "cpu_time": 0.0743461110000001,
                                                                                                                    "extra_info": {
                                                                                                                        "Function": "READ_PARQUET",
                                                                                                                        "Projections": [
                                                                                                                            "id",
                                                                                                                            "owneruserid"
                                                                                                                        ],
                                                                                                                        "Estimated Cardinality": "3850116"
                                                                                                                    },
                                                                                                                    "cumulative_cardinality": 3685416,
                                                                                                                    "operator_type": "TABLE_SCAN",
                                                                                                                    "operator_cardinality": 3685416,
                                                                                                                    "cumulative_rows_scanned": 3850116,
                                                                                                                    "operator_rows_scanned": 3850116,
                                                                                                                    "operator_timing": 0.0743461110000001,
                                                                                                                    "result_set_size": 29483328,
                                                                                                                    "children": []
                                                                                                                },
                                                                                                                {
                                                                                                                    "operator_name": "READ_PARQUET ",
                                                                                                                    "cpu_time": 0.07854596500000005,
                                                                                                                    "extra_info": {
                                                                                                                        "Function": "READ_PARQUET",
                                                                                                                        "Projections": [
                                                                                                                            "id",
                                                                                                                            "displayname"
                                                                                                                        ],
                                                                                                                        "Estimated Cardinality": "1260710"
                                                                                                                    },
                                                                                                                    "cumulative_cardinality": 1260710,
                                                                                                                    "operator_type": "TABLE_SCAN",
                                                                                                                    "operator_cardinality": 1260710,
                                                                                                                    "cumulative_rows_scanned": 1260710,
                                                                                                                    "operator_rows_scanned": 1260710,
                                                                                                                    "operator_timing": 0.07854596500000005,
                                                                                                                    "result_set_size": 25214200,
                                                                                                                    "children": []
                                                                                                                }
                                                                                                            ]
                                                                                                        }
                                                                                                    ]
                                                                                                }
                                                                                            ]
                                                                                        }
                                                                                    ]
                                                                                }
                                                                            ]
                                                                        }
                                                                    ]
                                                                }
                                                            ]
                                                        }
                                                    ]
                                                }
                                            ]
                                        }
                                    ]
                                }
                            ]
                        }
                    ]
                }
            ]
        }
    ]
}