{
    "rows_returned": 7,
    "query_name": "WITH PostMetrics AS (\n    SELECT \n        pt.Name AS PostType,\n        AVG(p.Score) AS AverageScore,\n        AVG(p.ViewCount) AS AverageViewCount,\n        COUNT(c.Id) AS CommentsCount\n    FROM \n        Posts p\n    LEFT JOIN \n        PostTypes pt ON p.PostTypeId = pt.Id\n    LEFT JOIN \n        Comments c ON p.Id = c.PostId\n    GROUP BY \n        pt.Name\n)\n\n\n, TotalCounts AS (\n    SELECT \n        COUNT(DISTINCT p.Id) AS TotalPosts,\n        COUNT(DISTINCT u.Id) AS TotalUsers\n    FROM \n        Posts p\n    JOIN \n        Users u ON p.OwnerUserId = u.Id\n)\n\n\nSELECT \n    pm.PostType,\n    pm.AverageScore,\n    pm.AverageViewCount,\n    pm.CommentsCount,\n    tc.TotalPosts,\n    tc.TotalUsers\nFROM \n    PostMetrics pm,\n    TotalCounts tc\nORDER BY \n    pm.PostType;",
    "blocked_thread_time": 0.0,
    "cpu_time": 1.881372172999999,
    "extra_info": {},
    "cumulative_cardinality": 57893925,
    "cumulative_rows_scanned": 16202772,
    "result_set_size": 392,
    "latency": 2.006485746,
    "children": [
        {
            "operator_name": "ORDER_BY",
            "cpu_time": 1.881372172999999,
            "extra_info": {
                "Order By": "pm.PostType ASC"
            },
            "cumulative_cardinality": 57893925,
            "operator_type": "ORDER_BY",
            "operator_cardinality": 7,
            "cumulative_rows_scanned": 16202772,
            "operator_rows_scanned": 0,
            "operator_timing": 0.00015203299999999999,
            "result_set_size": 392,
            "children": [
                {
                    "operator_name": "CROSS_PRODUCT",
                    "cpu_time": 1.881220139999999,
                    "extra_info": {},
                    "cumulative_cardinality": 57893918,
                    "operator_type": "CROSS_PRODUCT",
                    "operator_cardinality": 7,
                    "cumulative_rows_scanned": 16202772,
                    "operator_rows_scanned": 0,
                    "operator_timing": 0.000048681,
                    "result_set_size": 392,
                    "children": [
                        {
                            "operator_name": "HASH_GROUP_BY",
                            "cpu_time": 1.086045256,
                            "extra_info": {
                                "Groups": "#0",
                                "Aggregates": [
                                    "avg(#1)",
                                    "avg(#2)",
                                    "count(#3)"
                                ],
                                "Estimated Cardinality": "3850116"
                            },
                            "cumulative_cardinality": 45576983,
                            "operator_type": "HASH_GROUP_BY",
                            "operator_cardinality": 7,
                            "cumulative_rows_scanned": 11091946,
                            "operator_rows_scanned": 0,
                            "operator_timing": 0.19631607900000003,
                            "result_set_size": 280,
                            "children": [
                                {
                                    "operator_name": "PROJECTION",
                                    "cpu_time": 0.889729177,
                                    "extra_info": {
                                        "Projections": [
                                            "name",
                                            "score",
                                            "viewcount",
                                            "id"
                                        ],
                                        "Estimated Cardinality": "7241822"
                                    },
                                    "cumulative_cardinality": 45576976,
                                    "operator_type": "PROJECTION",
                                    "operator_cardinality": 8928266,
                                    "cumulative_rows_scanned": 11091946,
                                    "operator_rows_scanned": 0,
                                    "operator_timing": 0.0009622500000000065,
                                    "result_set_size": 249991448,
                                    "children": [
                                        {
                                            "operator_name": "PROJECTION",
                                            "cpu_time": 0.8887669269999999,
                                            "extra_info": {
                                                "Projections": [
                                                    "#0",
                                                    "__internal_decompress_integral_integer(#1, -72)",
                                                    "#2",
                                                    "#3"
                                                ],
                                                "Estimated Cardinality": "7241822"
                                            },
                                            "cumulative_cardinality": 36648710,
                                            "operator_type": "PROJECTION",
                                            "operator_cardinality": 8928266,
                                            "cumulative_rows_scanned": 11091946,
                                            "operator_rows_scanned": 0,
                                            "operator_timing": 0.00265875700000001,
                                            "result_set_size": 249991448,
                                            "children": [
                                                {
                                                    "operator_name": "HASH_JOIN",
                                                    "cpu_time": 0.88610817,
                                                    "extra_info": {
                                                        "Join Type": "RIGHT",
                                                        "Conditions": "postid = id",
                                                        "Estimated Cardinality": "7241822"
                                                    },
                                                    "cumulative_cardinality": 27720444,
                                                    "operator_type": "HASH_JOIN",
                                                    "operator_cardinality": 8928266,
                                                    "cumulative_rows_scanned": 11091946,
                                                    "operator_rows_scanned": 0,
                                                    "operator_timing": 0.6439651299999998,
                                                    "result_set_size": 232134916,
                                                    "children": [
                                                        {
                                                            "operator_name": "READ_PARQUET ",
                                                            "cpu_time": 0.11202529300000004,
                                                            "extra_info": {
                                                                "Function": "READ_PARQUET",
                                                                "Projections": [
                                                                    "id",
                                                                    "postid"
                                                                ],
                                                                "Estimated Cardinality": "7241822"
                                                            },
                                                            "cumulative_cardinality": 7241822,
                                                            "operator_type": "TABLE_SCAN",
                                                            "operator_cardinality": 7241822,
                                                            "cumulative_rows_scanned": 7241822,
                                                            "operator_rows_scanned": 7241822,
                                                            "operator_timing": 0.11202529300000004,
                                                            "result_set_size": 57934576,
                                                            "children": []
                                                        },
                                                        {
                                                            "operator_name": "PROJECTION",
                                                            "cpu_time": 0.13011774700000006,
                                                            "extra_info": {
                                                                "Projections": [
                                                                    "#0",
                                                                    "__internal_compress_integral_usmallint(#1, -72)",
                                                                    "#2",
                                                                    "#3"
                                                                ],
                                                                "Estimated Cardinality": "3850116"
                                                            },
                                                            "cumulative_cardinality": 11550356,
                                                            "operator_type": "PROJECTION",
                                                            "operator_cardinality": 3850116,
                                                            "cumulative_rows_scanned": 3850124,
                                                            "operator_rows_scanned": 0,
                                                            "operator_timing": 0.001480279999999999,
                                                            "result_set_size": 100103016,
                                                            "children": [
                                                                {
                                                                    "operator_name": "HASH_JOIN",
                                                                    "cpu_time": 0.12863746700000006,
                                                                    "extra_info": {
                                                                        "Join Type": "LEFT",
                                                                        "Conditions": "posttypeid = id",
                                                                        "Estimated Cardinality": "3850116"
                                                                    },
                                                                    "cumulative_cardinality": 7700240,
                                                                    "operator_type": "HASH_JOIN",
                                                                    "operator_cardinality": 3850116,
                                                                    "cumulative_rows_scanned": 3850124,
                                                                    "operator_rows_scanned": 0,
                                                                    "operator_timing": 0.04973053699999998,
                                                                    "result_set_size": 107803248,
                                                                    "children": [
                                                                        {
                                                                            "operator_name": "READ_PARQUET ",
                                                                            "cpu_time": 0.07859308400000008,
                                                                            "extra_info": {
                                                                                "Function": "READ_PARQUET",
                                                                                "Projections": [
                                                                                    "id",
                                                                                    "posttypeid",
                                                                                    "score",
                                                                                    "viewcount"
                                                                                ],
                                                                                "Estimated Cardinality": "3850116"
                                                                            },
                                                                            "cumulative_cardinality": 3850116,
                                                                            "operator_type": "TABLE_SCAN",
                                                                            "operator_cardinality": 3850116,
                                                                            "cumulative_rows_scanned": 3850116,
                                                                            "operator_rows_scanned": 3850116,
                                                                            "operator_timing": 0.07859308400000008,
                                                                            "result_set_size": 53901624,
                                                                            "children": []
                                                                        },
                                                                        {
                                                                            "operator_name": "READ_PARQUET ",
                                                                            "cpu_time": 0.000313846,
                                                                            "extra_info": {
                                                                                "Function": "READ_PARQUET",
                                                                                "Projections": [
                                                                                    "id",
                                                                                    "name"
                                                                                ],
                                                                                "Estimated Cardinality": "8"
                                                                            },
                                                                            "cumulative_cardinality": 8,
                                                                            "operator_type": "TABLE_SCAN",
                                                                            "operator_cardinality": 8,
                                                                            "cumulative_rows_scanned": 8,
                                                                            "operator_rows_scanned": 8,
                                                                            "operator_timing": 0.000313846,
                                                                            "result_set_size": 144,
                                                                            "children": []
                                                                        }
                                                                    ]
                                                                }
                                                            ]
                                                        }
                                                    ]
                                                }
                                            ]
                                        }
                                    ]
                                }
                            ]
                        },
                        {
                            "operator_name": "UNGROUPED_AGGREGATE",
                            "cpu_time": 0.795126202999999,
                            "extra_info": {
                                "Aggregates": [
                                    "count(DISTINCT #0)",
                                    "count(DISTINCT #1)"
                                ]
                            },
                            "cumulative_cardinality": 12316928,
                            "operator_type": "UNGROUPED_AGGREGATE",
                            "operator_cardinality": 1,
                            "cumulative_rows_scanned": 5110826,
                            "operator_rows_scanned": 0,
                            "operator_timing": 0.5242713749999995,
                            "result_set_size": 16,
                            "children": [
                                {
                                    "operator_name": "PROJECTION",
                                    "cpu_time": 0.27085482799999955,
                                    "extra_info": {
                                        "Projections": [
                                            "id",
                                            "id"
                                        ],
                                        "Estimated Cardinality": "3850116"
                                    },
                                    "cumulative_cardinality": 12316927,
                                    "operator_type": "PROJECTION",
                                    "operator_cardinality": 3685416,
                                    "cumulative_rows_scanned": 5110826,
                                    "operator_rows_scanned": 0,
                                    "operator_timing": 0.00042044999999999843,
                                    "result_set_size": 29483328,
                                    "children": [
                                        {
                                            "operator_name": "HASH_JOIN",
                                            "cpu_time": 0.27043437799999953,
                                            "extra_info": {
                                                "Join Type": "INNER",
                                                "Conditions": "owneruserid = id",
                                                "Estimated Cardinality": "3850116"
                                            },
                                            "cumulative_cardinality": 8631511,
                                            "operator_type": "HASH_JOIN",
                                            "operator_cardinality": 3685416,
                                            "cumulative_rows_scanned": 5110826,
                                            "operator_rows_scanned": 0,
                                            "operator_timing": 0.17559791499999952,
                                            "result_set_size": 44224992,
                                            "children": [
                                                {
                                                    "operator_name": "READ_PARQUET ",
                                                    "cpu_time": 0.083411338,
                                                    "extra_info": {
                                                        "Function": "READ_PARQUET",
                                                        "Projections": [
                                                            "id",
                                                            "owneruserid"
                                                        ],
                                                        "Estimated Cardinality": "3850116"
                                                    },
                                                    "cumulative_cardinality": 3685416,
                                                    "operator_type": "TABLE_SCAN",
                                                    "operator_cardinality": 3685416,
                                                    "cumulative_rows_scanned": 3850116,
                                                    "operator_rows_scanned": 3850116,
                                                    "operator_timing": 0.083411338,
                                                    "result_set_size": 29483328,
                                                    "children": []
                                                },
                                                {
                                                    "operator_name": "READ_PARQUET ",
                                                    "cpu_time": 0.011425124999999979,
                                                    "extra_info": {
                                                        "Function": "READ_PARQUET",
                                                        "Projections": "id",
                                                        "Filters": "id<=1416539",
                                                        "Estimated Cardinality": "1260710"
                                                    },
                                                    "cumulative_cardinality": 1260679,
                                                    "operator_type": "TABLE_SCAN",
                                                    "operator_cardinality": 1260679,
                                                    "cumulative_rows_scanned": 1260710,
                                                    "operator_rows_scanned": 1260710,
                                                    "operator_timing": 0.011425124999999979,
                                                    "result_set_size": 5042716,
                                                    "children": []
                                                }
                                            ]
                                        }
                                    ]
                                }
                            ]
                        }
                    ]
                }
            ]
        }
    ]
}