{
    "rows_returned": 5,
    "query_name": "SELECT \n    pt.Name AS PostType,\n    COUNT(p.Id) AS TotalPosts,\n    AVG(p.Score) AS AverageScore,\n    SUM(p.ViewCount) AS TotalViews,\n    COUNT(DISTINCT u.Id) AS UniqueUsers\nFROM \n    Posts p\nJOIN \n    PostTypes pt ON p.PostTypeId = pt.Id\nJOIN \n    Users u ON p.OwnerUserId = u.Id\nWHERE \n    p.CreationDate >= '2023-01-01'  \nGROUP BY \n    pt.Name\nORDER BY \n    TotalPosts DESC;",
    "blocked_thread_time": 0.0,
    "cpu_time": 0.12641599,
    "extra_info": {},
    "cumulative_cardinality": 2306348,
    "cumulative_rows_scanned": 5110834,
    "result_set_size": 280,
    "latency": 0.13982134,
    "children": [
        {
            "operator_name": "ORDER_BY",
            "cpu_time": 0.12641599,
            "extra_info": {
                "Order By": "count(p.Id) DESC"
            },
            "cumulative_cardinality": 2306348,
            "operator_type": "ORDER_BY",
            "operator_cardinality": 5,
            "cumulative_rows_scanned": 5110834,
            "operator_rows_scanned": 0,
            "operator_timing": 0.000027733,
            "result_set_size": 280,
            "children": [
                {
                    "operator_name": "HASH_GROUP_BY",
                    "cpu_time": 0.126388257,
                    "extra_info": {
                        "Groups": "#0",
                        "Aggregates": [
                            "count_star()",
                            "avg(#1)",
                            "sum(#2)",
                            "count(DISTINCT #3)"
                        ],
                        "Estimated Cardinality": "385011"
                    },
                    "cumulative_cardinality": 2306343,
                    "operator_type": "HASH_GROUP_BY",
                    "operator_cardinality": 5,
                    "cumulative_rows_scanned": 5110834,
                    "operator_rows_scanned": 0,
                    "operator_timing": 0.015728704000000007,
                    "result_set_size": 280,
                    "children": [
                        {
                            "operator_name": "PROJECTION",
                            "cpu_time": 0.110659553,
                            "extra_info": {
                                "Projections": [
                                    "name",
                                    "score",
                                    "viewcount",
                                    "id"
                                ],
                                "Estimated Cardinality": "770023"
                            },
                            "cumulative_cardinality": 2306338,
                            "operator_type": "PROJECTION",
                            "operator_cardinality": 261413,
                            "cumulative_rows_scanned": 5110834,
                            "operator_rows_scanned": 0,
                            "operator_timing": 0.00004312299999999999,
                            "result_set_size": 7319564,
                            "children": [
                                {
                                    "operator_name": "HASH_JOIN",
                                    "cpu_time": 0.11061642999999999,
                                    "extra_info": {
                                        "Join Type": "INNER",
                                        "Conditions": "owneruserid = id",
                                        "Estimated Cardinality": "770023"
                                    },
                                    "cumulative_cardinality": 2044925,
                                    "operator_type": "HASH_JOIN",
                                    "operator_cardinality": 261413,
                                    "cumulative_rows_scanned": 5110834,
                                    "operator_rows_scanned": 0,
                                    "operator_timing": 0.06263479999999998,
                                    "result_set_size": 8365216,
                                    "children": [
                                        {
                                            "operator_name": "HASH_JOIN",
                                            "cpu_time": 0.03808073199999999,
                                            "extra_info": {
                                                "Join Type": "INNER",
                                                "Conditions": "posttypeid = id",
                                                "Estimated Cardinality": "770023"
                                            },
                                            "cumulative_cardinality": 522833,
                                            "operator_type": "HASH_JOIN",
                                            "operator_cardinality": 261413,
                                            "cumulative_rows_scanned": 3850124,
                                            "operator_rows_scanned": 0,
                                            "operator_timing": 0.0006487240000000002,
                                            "result_set_size": 7319564,
                                            "children": [
                                                {
                                                    "operator_name": "READ_PARQUET ",
                                                    "cpu_time": 0.03712408299999999,
                                                    "extra_info": {
                                                        "Function": "READ_PARQUET",
                                                        "Projections": [
                                                            "id",
                                                            "posttypeid",
                                                            "score",
                                                            "viewcount",
                                                            "owneruserid"
                                                        ],
                                                        "Filters": "creationdate>='2023-01-01 00:00:00'::TIMESTAMP",
                                                        "Estimated Cardinality": "770023"
                                                    },
                                                    "cumulative_cardinality": 261413,
                                                    "operator_type": "TABLE_SCAN",
                                                    "operator_cardinality": 261413,
                                                    "cumulative_rows_scanned": 3850116,
                                                    "operator_rows_scanned": 3850116,
                                                    "operator_timing": 0.03712408299999999,
                                                    "result_set_size": 4705434,
                                                    "children": []
                                                },
                                                {
                                                    "operator_name": "READ_PARQUET ",
                                                    "cpu_time": 0.000307925,
                                                    "extra_info": {
                                                        "Function": "READ_PARQUET",
                                                        "Projections": [
                                                            "id",
                                                            "name"
                                                        ],
                                                        "Filters": "id<=7",
                                                        "Estimated Cardinality": "8"
                                                    },
                                                    "cumulative_cardinality": 7,
                                                    "operator_type": "TABLE_SCAN",
                                                    "operator_cardinality": 7,
                                                    "cumulative_rows_scanned": 8,
                                                    "operator_rows_scanned": 8,
                                                    "operator_timing": 0.000307925,
                                                    "result_set_size": 126,
                                                    "children": []
                                                }
                                            ]
                                        },
                                        {
                                            "operator_name": "READ_PARQUET ",
                                            "cpu_time": 0.009900898000000012,
                                            "extra_info": {
                                                "Function": "READ_PARQUET",
                                                "Projections": "id",
                                                "Filters": "id<=1416539",
                                                "Estimated Cardinality": "1260710"
                                            },
                                            "cumulative_cardinality": 1260679,
                                            "operator_type": "TABLE_SCAN",
                                            "operator_cardinality": 1260679,
                                            "cumulative_rows_scanned": 1260710,
                                            "operator_rows_scanned": 1260710,
                                            "operator_timing": 0.009900898000000012,
                                            "result_set_size": 5042716,
                                            "children": []
                                        }
                                    ]
                                }
                            ]
                        }
                    ]
                }
            ]
        }
    ]
}