{
    "rows_returned": 1,
    "query_name": "WITH PostCounts AS (\n    SELECT \n        COUNT(*) AS TotalPosts,\n        COUNT(DISTINCT OwnerUserId) AS TotalUsers,\n        SUM(Score) AS TotalPostScore,\n        AVG(Score) AS AveragePostScore\n    FROM \n        Posts\n),\nVoteCounts AS (\n    SELECT \n        COUNT(*) AS TotalVotes,\n        SUM(CASE WHEN VoteTypeId = 2 THEN 1 ELSE 0 END) AS TotalUpVotes,\n        SUM(CASE WHEN VoteTypeId = 3 THEN 1 ELSE 0 END) AS TotalDownVotes\n    FROM \n        Votes\n)\nSELECT \n    p.TotalPosts,\n    p.TotalUsers,\n    p.TotalPostScore,\n    p.AveragePostScore,\n    v.TotalVotes,\n    v.TotalUpVotes,\n    v.TotalDownVotes\nFROM \n    PostCounts p, \n    VoteCounts v;",
    "blocked_thread_time": 0.0,
    "cpu_time": 0.32472515400000057,
    "extra_info": {},
    "cumulative_cardinality": 33188421,
    "cumulative_rows_scanned": 16594209,
    "result_set_size": 80,
    "latency": 0.381014235,
    "children": [
        {
            "operator_name": "CROSS_PRODUCT",
            "cpu_time": 0.32472515400000057,
            "extra_info": {},
            "cumulative_cardinality": 33188421,
            "operator_type": "CROSS_PRODUCT",
            "operator_cardinality": 1,
            "cumulative_rows_scanned": 16594209,
            "operator_rows_scanned": 0,
            "operator_timing": 0.000021821,
            "result_set_size": 80,
            "children": [
                {
                    "operator_name": "UNGROUPED_AGGREGATE",
                    "cpu_time": 0.14636591600000004,
                    "extra_info": {
                        "Aggregates": [
                            "count_star()",
                            "count(DISTINCT #0)",
                            "sum(#1)",
                            "avg(#2)"
                        ]
                    },
                    "cumulative_cardinality": 7700233,
                    "operator_type": "UNGROUPED_AGGREGATE",
                    "operator_cardinality": 1,
                    "cumulative_rows_scanned": 3850116,
                    "operator_rows_scanned": 0,
                    "operator_timing": 0.09966157400000007,
                    "result_set_size": 40,
                    "children": [
                        {
                            "operator_name": "PROJECTION",
                            "cpu_time": 0.04670434199999997,
                            "extra_info": {
                                "Projections": [
                                    "owneruserid",
                                    "score",
                                    "score"
                                ],
                                "Estimated Cardinality": "3850116"
                            },
                            "cumulative_cardinality": 7700232,
                            "operator_type": "PROJECTION",
                            "operator_cardinality": 3850116,
                            "cumulative_rows_scanned": 3850116,
                            "operator_rows_scanned": 0,
                            "operator_timing": 0.00036808500000000204,
                            "result_set_size": 46201392,
                            "children": [
                                {
                                    "operator_name": "READ_PARQUET ",
                                    "cpu_time": 0.046336256999999964,
                                    "extra_info": {
                                        "Function": "READ_PARQUET",
                                        "Projections": [
                                            "score",
                                            "owneruserid"
                                        ],
                                        "Estimated Cardinality": "3850116"
                                    },
                                    "cumulative_cardinality": 3850116,
                                    "operator_type": "TABLE_SCAN",
                                    "operator_cardinality": 3850116,
                                    "cumulative_rows_scanned": 3850116,
                                    "operator_rows_scanned": 3850116,
                                    "operator_timing": 0.046336256999999964,
                                    "result_set_size": 30800928,
                                    "children": []
                                }
                            ]
                        }
                    ]
                },
                {
                    "operator_name": "UNGROUPED_AGGREGATE",
                    "cpu_time": 0.17833741700000053,
                    "extra_info": {
                        "Aggregates": [
                            "count_star()",
                            "sum(#0)",
                            "sum(#1)"
                        ]
                    },
                    "cumulative_cardinality": 25488187,
                    "operator_type": "UNGROUPED_AGGREGATE",
                    "operator_cardinality": 1,
                    "cumulative_rows_scanned": 12744093,
                    "operator_rows_scanned": 0,
                    "operator_timing": 0.02600151500000045,
                    "result_set_size": 40,
                    "children": [
                        {
                            "operator_name": "PROJECTION",
                            "cpu_time": 0.15233590200000008,
                            "extra_info": {
                                "Projections": [
                                    "CASE  WHEN ((votetypeid = 2)) THEN (1) ELSE 0 END",
                                    "CASE  WHEN ((votetypeid = 3)) THEN (1) ELSE 0 END"
                                ],
                                "Estimated Cardinality": "12744093"
                            },
                            "cumulative_cardinality": 25488186,
                            "operator_type": "PROJECTION",
                            "operator_cardinality": 12744093,
                            "cumulative_rows_scanned": 12744093,
                            "operator_rows_scanned": 0,
                            "operator_timing": 0.09764543300000018,
                            "result_set_size": 101952744,
                            "children": [
                                {
                                    "operator_name": "READ_PARQUET ",
                                    "cpu_time": 0.05469046899999989,
                                    "extra_info": {
                                        "Function": "READ_PARQUET",
                                        "Projections": "votetypeid",
                                        "Estimated Cardinality": "12744093"
                                    },
                                    "cumulative_cardinality": 12744093,
                                    "operator_type": "TABLE_SCAN",
                                    "operator_cardinality": 12744093,
                                    "cumulative_rows_scanned": 12744093,
                                    "operator_rows_scanned": 12744093,
                                    "operator_timing": 0.05469046899999989,
                                    "result_set_size": 25488186,
                                    "children": []
                                }
                            ]
                        }
                    ]
                }
            ]
        }
    ]
}