{
    "rows_returned": 1024305,
    "query_name": "\nSELECT \n    p.Id AS PostId,\n    p.Title,\n    p.CreationDate AS PostCreationDate,\n    p.ViewCount,\n    p.Score,\n    u.Id AS UserId,\n    u.DisplayName AS UserDisplayName,\n    u.Reputation AS UserReputation,\n    COUNT(v.Id) AS VoteCount,\n    SUM(CASE WHEN v.VoteTypeId = 2 THEN 1 ELSE 0 END) AS UpVotes,\n    SUM(CASE WHEN v.VoteTypeId = 3 THEN 1 ELSE 0 END) AS DownVotes,\n    COUNT(c.Id) AS CommentCount,\n    COUNT(b.Id) AS BadgeCount\nFROM \n    Posts p\nJOIN \n    Users u ON p.OwnerUserId = u.Id\nLEFT JOIN \n    Votes v ON p.Id = v.PostId\nLEFT JOIN \n    Comments c ON p.Id = c.PostId\nLEFT JOIN \n    Badges b ON u.Id = b.UserId\nWHERE \n    p.CreationDate >= '2020-01-01'  \nGROUP BY \n    p.Id, p.Title, p.CreationDate, p.ViewCount, p.Score, \n    u.Id, u.DisplayName, u.Reputation\nORDER BY \n    p.Score DESC, p.ViewCount DESC;\n",
    "blocked_thread_time": 0.0,
    "cpu_time": 56.1634232680014,
    "extra_info": {},
    "cumulative_cardinality": 2442418724,
    "cumulative_rows_scanned": 27418465,
    "result_set_size": 118819380,
    "latency": 65.16167605,
    "children": [
        {
            "operator_name": "PROJECTION",
            "cpu_time": 56.1634232680014,
            "extra_info": {
                "Projections": [
                    "#0",
                    "#1",
                    "#2",
                    "#3",
                    "__internal_decompress_integral_integer(#4, -72)",
                    "#5",
                    "#6",
                    "#7",
                    "#8",
                    "#9",
                    "#10",
                    "#11",
                    "#12"
                ],
                "Estimated Cardinality": "3850116"
            },
            "cumulative_cardinality": 2442418724,
            "operator_type": "PROJECTION",
            "operator_cardinality": 1024305,
            "cumulative_rows_scanned": 27418465,
            "operator_rows_scanned": 0,
            "operator_timing": 0.0006473040000000003,
            "result_set_size": 118819380,
            "children": [
                {
                    "operator_name": "ORDER_BY",
                    "cpu_time": 56.162775964001405,
                    "extra_info": {
                        "Order By": [
                            "p.Score DESC",
                            "p.ViewCount DESC"
                        ]
                    },
                    "cumulative_cardinality": 2441394419,
                    "operator_type": "ORDER_BY",
                    "operator_cardinality": 1024305,
                    "cumulative_rows_scanned": 27418465,
                    "operator_rows_scanned": 0,
                    "operator_timing": 0.098423822,
                    "result_set_size": 116770770,
                    "children": [
                        {
                            "operator_name": "PROJECTION",
                            "cpu_time": 56.064352142001404,
                            "extra_info": {
                                "Projections": [
                                    "#0",
                                    "#1",
                                    "#2",
                                    "#3",
                                    "__internal_compress_integral_usmallint(#4, -72)",
                                    "#5",
                                    "#6",
                                    "#7",
                                    "#8",
                                    "#9",
                                    "#10",
                                    "#11",
                                    "#12"
                                ],
                                "Estimated Cardinality": "3850116"
                            },
                            "cumulative_cardinality": 2440370114,
                            "operator_type": "PROJECTION",
                            "operator_cardinality": 1024305,
                            "cumulative_rows_scanned": 27418465,
                            "operator_rows_scanned": 0,
                            "operator_timing": 0.0004265440000000009,
                            "result_set_size": 116770770,
                            "children": [
                                {
                                    "operator_name": "PROJECTION",
                                    "cpu_time": 56.063925598001404,
                                    "extra_info": {
                                        "Projections": [
                                            "#0",
                                            "#1",
                                            "#2",
                                            "#3",
                                            "__internal_decompress_integral_integer(#4, -72)",
                                            "#5",
                                            "#6",
                                            "#7",
                                            "#8",
                                            "#9",
                                            "#10",
                                            "#11",
                                            "#12"
                                        ],
                                        "Estimated Cardinality": "3850116"
                                    },
                                    "cumulative_cardinality": 2439345809,
                                    "operator_type": "PROJECTION",
                                    "operator_cardinality": 1024305,
                                    "cumulative_rows_scanned": 27418465,
                                    "operator_rows_scanned": 0,
                                    "operator_timing": 0.00047867299999999885,
                                    "result_set_size": 118819380,
                                    "children": [
                                        {
                                            "operator_name": "HASH_GROUP_BY",
                                            "cpu_time": 56.0634469250014,
                                            "extra_info": {
                                                "Groups": [
                                                    "#0",
                                                    "#1",
                                                    "#2",
                                                    "#3",
                                                    "#4",
                                                    "#5",
                                                    "#6",
                                                    "#7"
                                                ],
                                                "Aggregates": [
                                                    "count(#8)",
                                                    "sum(#9)",
                                                    "sum(#10)",
                                                    "count(#11)",
                                                    "count(#12)"
                                                ],
                                                "Estimated Cardinality": "3850116"
                                            },
                                            "cumulative_cardinality": 2438321504,
                                            "operator_type": "HASH_GROUP_BY",
                                            "operator_cardinality": 1024305,
                                            "cumulative_rows_scanned": 27418465,
                                            "operator_rows_scanned": 0,
                                            "operator_timing": 42.87788329200172,
                                            "result_set_size": 116770770,
                                            "children": [
                                                {
                                                    "operator_name": "PROJECTION",
                                                    "cpu_time": 13.185563632999685,
                                                    "extra_info": {
                                                        "Projections": [
                                                            "id",
                                                            "title",
                                                            "creationdate",
                                                            "viewcount",
                                                            "score",
                                                            "id",
                                                            "displayname",
                                                            "reputation",
                                                            "id",
                                                            "CASE  WHEN ((votetypeid = 2)) THEN (1) ELSE 0 END",
                                                            "CASE  WHEN ((votetypeid = 3)) THEN (1) ELSE 0 END",
                                                            "id",
                                                            "id"
                                                        ],
                                                        "Estimated Cardinality": "12744093"
                                                    },
                                                    "cumulative_cardinality": 2437297199,
                                                    "operator_type": "PROJECTION",
                                                    "operator_cardinality": 804218084,
                                                    "cumulative_rows_scanned": 27418465,
                                                    "operator_rows_scanned": 0,
                                                    "operator_timing": 4.129899914999982,
                                                    "result_set_size": 62729010552,
                                                    "children": [
                                                        {
                                                            "operator_name": "PROJECTION",
                                                            "cpu_time": 9.055663717999701,
                                                            "extra_info": {
                                                                "Projections": [
                                                                    "#0",
                                                                    "#1",
                                                                    "#2",
                                                                    "#3",
                                                                    "#4",
                                                                    "#5",
                                                                    "__internal_compress_integral_usmallint(#6, -72)",
                                                                    "#7",
                                                                    "#8",
                                                                    "#9",
                                                                    "#10",
                                                                    "#11"
                                                                ],
                                                                "Estimated Cardinality": "12744093"
                                                            },
                                                            "cumulative_cardinality": 1633079115,
                                                            "operator_type": "PROJECTION",
                                                            "operator_cardinality": 804218084,
                                                            "cumulative_rows_scanned": 27418465,
                                                            "operator_rows_scanned": 0,
                                                            "operator_timing": 0.822288731999877,
                                                            "result_set_size": 57903702048,
                                                            "children": [
                                                                {
                                                                    "operator_name": "HASH_JOIN",
                                                                    "cpu_time": 8.233374985999825,
                                                                    "extra_info": {
                                                                        "Join Type": "LEFT",
                                                                        "Conditions": "id = userid",
                                                                        "Estimated Cardinality": "12744093"
                                                                    },
                                                                    "cumulative_cardinality": 828861031,
                                                                    "operator_type": "HASH_JOIN",
                                                                    "operator_cardinality": 804218084,
                                                                    "cumulative_rows_scanned": 27418465,
                                                                    "operator_rows_scanned": 0,
                                                                    "operator_timing": 6.792316267999825,
                                                                    "result_set_size": 59512138216,
                                                                    "children": [
                                                                        {
                                                                            "operator_name": "HASH_JOIN",
                                                                            "cpu_time": 1.4184627339999998,
                                                                            "extra_info": {
                                                                                "Join Type": "LEFT",
                                                                                "Conditions": "id = postid",
                                                                                "Estimated Cardinality": "12744093"
                                                                            },
                                                                            "cumulative_cardinality": 22321223,
                                                                            "operator_type": "HASH_JOIN",
                                                                            "operator_cardinality": 6395276,
                                                                            "cumulative_rows_scanned": 25096741,
                                                                            "operator_rows_scanned": 0,
                                                                            "operator_timing": 0.47048291699999967,
                                                                            "result_set_size": 447669320,
                                                                            "children": [
                                                                                {
                                                                                    "operator_name": "HASH_JOIN",
                                                                                    "cpu_time": 0.8718195090000003,
                                                                                    "extra_info": {
                                                                                        "Join Type": "RIGHT",
                                                                                        "Conditions": "postid = id",
                                                                                        "Estimated Cardinality": "12744093"
                                                                                    },
                                                                                    "cumulative_cardinality": 8684125,
                                                                                    "operator_type": "HASH_JOIN",
                                                                                    "operator_cardinality": 2327390,
                                                                                    "cumulative_rows_scanned": 17854919,
                                                                                    "operator_rows_scanned": 0,
                                                                                    "operator_timing": 0.2987451050000001,
                                                                                    "result_set_size": 153607740,
                                                                                    "children": [
                                                                                        {
                                                                                            "operator_name": "READ_PARQUET ",
                                                                                            "cpu_time": 0.07514207500000002,
                                                                                            "extra_info": {
                                                                                                "Function": "READ_PARQUET",
                                                                                                "Projections": [
                                                                                                    "id",
                                                                                                    "postid",
                                                                                                    "votetypeid"
                                                                                                ],
                                                                                                "Estimated Cardinality": "12744093"
                                                                                            },
                                                                                            "cumulative_cardinality": 3009944,
                                                                                            "operator_type": "TABLE_SCAN",
                                                                                            "operator_cardinality": 3009944,
                                                                                            "cumulative_rows_scanned": 12744093,
                                                                                            "operator_rows_scanned": 12744093,
                                                                                            "operator_timing": 0.07514207500000002,
                                                                                            "result_set_size": 30099440,
                                                                                            "children": []
                                                                                        },
                                                                                        {
                                                                                            "operator_name": "HASH_JOIN",
                                                                                            "cpu_time": 0.49793232900000006,
                                                                                            "extra_info": {
                                                                                                "Join Type": "INNER",
                                                                                                "Conditions": "id = owneruserid",
                                                                                                "Estimated Cardinality": "770023"
                                                                                            },
                                                                                            "cumulative_cardinality": 3346791,
                                                                                            "operator_type": "HASH_JOIN",
                                                                                            "operator_cardinality": 1024305,
                                                                                            "cumulative_rows_scanned": 5110826,
                                                                                            "operator_rows_scanned": 0,
                                                                                            "operator_timing": 0.2099514790000001,
                                                                                            "result_set_size": 61458300,
                                                                                            "children": [
                                                                                                {
                                                                                                    "operator_name": "READ_PARQUET ",
                                                                                                    "cpu_time": 0.09784834699999995,
                                                                                                    "extra_info": {
                                                                                                        "Function": "READ_PARQUET",
                                                                                                        "Projections": [
                                                                                                            "id",
                                                                                                            "reputation",
                                                                                                            "displayname"
                                                                                                        ],
                                                                                                        "Filters": "id<=1416539",
                                                                                                        "Estimated Cardinality": "1260710"
                                                                                                    },
                                                                                                    "cumulative_cardinality": 1260679,
                                                                                                    "operator_type": "TABLE_SCAN",
                                                                                                    "operator_cardinality": 1260679,
                                                                                                    "cumulative_rows_scanned": 1260710,
                                                                                                    "operator_rows_scanned": 1260710,
                                                                                                    "operator_timing": 0.09784834699999995,
                                                                                                    "result_set_size": 30256296,
                                                                                                    "children": []
                                                                                                },
                                                                                                {
                                                                                                    "operator_name": "READ_PARQUET ",
                                                                                                    "cpu_time": 0.19013250299999998,
                                                                                                    "extra_info": {
                                                                                                        "Function": "READ_PARQUET",
                                                                                                        "Projections": [
                                                                                                            "id",
                                                                                                            "creationdate",
                                                                                                            "score",
                                                                                                            "viewcount",
                                                                                                            "owneruserid",
                                                                                                            "title"
                                                                                                        ],
                                                                                                        "Filters": "creationdate>='2020-01-01 00:00:00'::TIMESTAMP",
                                                                                                        "Estimated Cardinality": "770023"
                                                                                                    },
                                                                                                    "cumulative_cardinality": 1061807,
                                                                                                    "operator_type": "TABLE_SCAN",
                                                                                                    "operator_cardinality": 1061807,
                                                                                                    "cumulative_rows_scanned": 3850116,
                                                                                                    "operator_rows_scanned": 3850116,
                                                                                                    "operator_timing": 0.19013250299999998,
                                                                                                    "result_set_size": 42472280,
                                                                                                    "children": []
                                                                                                }
                                                                                            ]
                                                                                        }
                                                                                    ]
                                                                                },
                                                                                {
                                                                                    "operator_name": "READ_PARQUET ",
                                                                                    "cpu_time": 0.07616030799999997,
                                                                                    "extra_info": {
                                                                                        "Function": "READ_PARQUET",
                                                                                        "Projections": [
                                                                                            "id",
                                                                                            "postid"
                                                                                        ],
                                                                                        "Estimated Cardinality": "7241822"
                                                                                    },
                                                                                    "cumulative_cardinality": 7241822,
                                                                                    "operator_type": "TABLE_SCAN",
                                                                                    "operator_cardinality": 7241822,
                                                                                    "cumulative_rows_scanned": 7241822,
                                                                                    "operator_rows_scanned": 7241822,
                                                                                    "operator_timing": 0.07616030799999997,
                                                                                    "result_set_size": 57934576,
                                                                                    "children": []
                                                                                }
                                                                            ]
                                                                        },
                                                                        {
                                                                            "operator_name": "READ_PARQUET ",
                                                                            "cpu_time": 0.02259598399999997,
                                                                            "extra_info": {
                                                                                "Function": "READ_PARQUET",
                                                                                "Projections": [
                                                                                    "id",
                                                                                    "userid"
                                                                                ],
                                                                                "Estimated Cardinality": "2321724"
                                                                            },
                                                                            "cumulative_cardinality": 2321724,
                                                                            "operator_type": "TABLE_SCAN",
                                                                            "operator_cardinality": 2321724,
                                                                            "cumulative_rows_scanned": 2321724,
                                                                            "operator_rows_scanned": 2321724,
                                                                            "operator_timing": 0.02259598399999997,
                                                                            "result_set_size": 18573792,
                                                                            "children": []
                                                                        }
                                                                    ]
                                                                }
                                                            ]
                                                        }
                                                    ]
                                                }
                                            ]
                                        }
                                    ]
                                }
                            ]
                        }
                    ]
                }
            ]
        }
    ]
}