{
    "rows_returned": 100,
    "query_name": "\nSELECT \n    p.Id AS PostId,\n    p.Title,\n    p.CreationDate,\n    u.DisplayName AS OwnerDisplayName,\n    COUNT(c.Id) AS CommentCount,\n    COALESCE(SUM(CASE WHEN v.VoteTypeId = 2 THEN 1 ELSE 0 END), 0) AS UpVoteCount,\n    COALESCE(SUM(CASE WHEN v.VoteTypeId = 3 THEN 1 ELSE 0 END), 0) AS DownVoteCount,\n    COUNT(DISTINCT b.Id) AS BadgeCount,\n    MAX(p.LastActivityDate) AS LastActivity\nFROM \n    Posts p\nJOIN \n    Users u ON p.OwnerUserId = u.Id\nLEFT JOIN \n    Comments c ON p.Id = c.PostId\nLEFT JOIN \n    Votes v ON p.Id = v.PostId\nLEFT JOIN \n    Badges b ON u.Id = b.UserId\nWHERE \n    p.PostTypeId = 1 \nGROUP BY \n    p.Id, p.Title, p.CreationDate, u.DisplayName\nORDER BY \n    p.CreationDate DESC\nFETCH FIRST 100 ROWS ONLY;\n",
    "blocked_thread_time": 0.0,
    "cpu_time": 150.42477463100477,
    "extra_info": {},
    "cumulative_cardinality": 2492583259,
    "cumulative_rows_scanned": 27418465,
    "result_set_size": 10000,
    "latency": 168.195883262,
    "children": [
        {
            "operator_name": "STREAMING_LIMIT",
            "cpu_time": 150.42477463100477,
            "extra_info": {},
            "cumulative_cardinality": 2492583259,
            "operator_type": "STREAMING_LIMIT",
            "operator_cardinality": 100,
            "cumulative_rows_scanned": 27418465,
            "operator_rows_scanned": 0,
            "operator_timing": 0.000001573,
            "result_set_size": 10000,
            "children": [
                {
                    "operator_name": "ORDER_BY",
                    "cpu_time": 150.42477305800477,
                    "extra_info": {
                        "Order By": "p.CreationDate DESC"
                    },
                    "cumulative_cardinality": 2492583159,
                    "operator_type": "ORDER_BY",
                    "operator_cardinality": 4096,
                    "cumulative_rows_scanned": 27418465,
                    "operator_rows_scanned": 0,
                    "operator_timing": 0.09399590899999993,
                    "result_set_size": 409600,
                    "children": [
                        {
                            "operator_name": "PROJECTION",
                            "cpu_time": 150.33077714900477,
                            "extra_info": {
                                "Projections": [
                                    "PostId",
                                    "title",
                                    "creationdate",
                                    "OwnerDisplayName",
                                    "CommentCount",
                                    "UpVoteCount",
                                    "DownVoteCount",
                                    "BadgeCount",
                                    "LastActivity"
                                ],
                                "Estimated Cardinality": "3850116"
                            },
                            "cumulative_cardinality": 2492579063,
                            "operator_type": "PROJECTION",
                            "operator_cardinality": 1589663,
                            "cumulative_rows_scanned": 27418465,
                            "operator_rows_scanned": 0,
                            "operator_timing": 0.015312514000000032,
                            "result_set_size": 158966300,
                            "children": [
                                {
                                    "operator_name": "HASH_GROUP_BY",
                                    "cpu_time": 150.3154646350048,
                                    "extra_info": {
                                        "Groups": [
                                            "#0",
                                            "#1",
                                            "#2",
                                            "#3"
                                        ],
                                        "Aggregates": [
                                            "count(#4)",
                                            "sum(#5)",
                                            "sum(#6)",
                                            "count(DISTINCT #7)",
                                            "max(#8)"
                                        ],
                                        "Estimated Cardinality": "3850116"
                                    },
                                    "cumulative_cardinality": 2490989400,
                                    "operator_type": "HASH_GROUP_BY",
                                    "operator_cardinality": 1589663,
                                    "cumulative_rows_scanned": 27418465,
                                    "operator_rows_scanned": 0,
                                    "operator_timing": 131.59716244800418,
                                    "result_set_size": 158966300,
                                    "children": [
                                        {
                                            "operator_name": "PROJECTION",
                                            "cpu_time": 18.718302187000617,
                                            "extra_info": {
                                                "Projections": [
                                                    "id",
                                                    "title",
                                                    "creationdate",
                                                    "displayname",
                                                    "id",
                                                    "CASE  WHEN ((votetypeid = 2)) THEN (1) ELSE 0 END",
                                                    "CASE  WHEN ((votetypeid = 3)) THEN (1) ELSE 0 END",
                                                    "id",
                                                    "lastactivitydate"
                                                ],
                                                "Estimated Cardinality": "12744093"
                                            },
                                            "cumulative_cardinality": 2489399737,
                                            "operator_type": "PROJECTION",
                                            "operator_cardinality": 1206660448,
                                            "cumulative_rows_scanned": 27418465,
                                            "operator_rows_scanned": 0,
                                            "operator_timing": 5.721714335000338,
                                            "result_set_size": 82052910464,
                                            "children": [
                                                {
                                                    "operator_name": "HASH_JOIN",
                                                    "cpu_time": 12.99658785200028,
                                                    "extra_info": {
                                                        "Join Type": "LEFT",
                                                        "Conditions": "id = userid",
                                                        "Estimated Cardinality": "12744093"
                                                    },
                                                    "cumulative_cardinality": 1282739289,
                                                    "operator_type": "HASH_JOIN",
                                                    "operator_cardinality": 1206660448,
                                                    "cumulative_rows_scanned": 27418465,
                                                    "operator_rows_scanned": 0,
                                                    "operator_timing": 10.23451151000028,
                                                    "result_set_size": 74812947776,
                                                    "children": [
                                                        {
                                                            "operator_name": "PROJECTION",
                                                            "cpu_time": 2.734952953,
                                                            "extra_info": {
                                                                "Projections": [
                                                                    "#0",
                                                                    "#1",
                                                                    "#2",
                                                                    "#3",
                                                                    "#4",
                                                                    "#5",
                                                                    "#6",
                                                                    "__internal_decompress_integral_smallint(#7, 1)"
                                                                ],
                                                                "Estimated Cardinality": "12744093"
                                                            },
                                                            "cumulative_cardinality": 73757117,
                                                            "operator_type": "PROJECTION",
                                                            "operator_cardinality": 16029662,
                                                            "cumulative_rows_scanned": 25096741,
                                                            "operator_rows_scanned": 0,
                                                            "operator_timing": 0.01254103800000015,
                                                            "result_set_size": 993839044,
                                                            "children": [
                                                                {
                                                                    "operator_name": "HASH_JOIN",
                                                                    "cpu_time": 2.722411915,
                                                                    "extra_info": {
                                                                        "Join Type": "LEFT",
                                                                        "Conditions": "id = postid",
                                                                        "Estimated Cardinality": "12744093"
                                                                    },
                                                                    "cumulative_cardinality": 57727455,
                                                                    "operator_type": "HASH_JOIN",
                                                                    "operator_cardinality": 16029662,
                                                                    "cumulative_rows_scanned": 25096741,
                                                                    "operator_rows_scanned": 0,
                                                                    "operator_timing": 0.9874101410000033,
                                                                    "result_set_size": 977809382,
                                                                    "children": [
                                                                        {
                                                                            "operator_name": "HASH_JOIN",
                                                                            "cpu_time": 1.6028578919999967,
                                                                            "extra_info": {
                                                                                "Join Type": "RIGHT",
                                                                                "Conditions": "postid = id",
                                                                                "Estimated Cardinality": "7241822"
                                                                            },
                                                                            "cumulative_cardinality": 16209607,
                                                                            "operator_type": "HASH_JOIN",
                                                                            "operator_cardinality": 4449281,
                                                                            "cumulative_rows_scanned": 12352648,
                                                                            "operator_rows_scanned": 0,
                                                                            "operator_timing": 0.5742147189999975,
                                                                            "result_set_size": 266956860,
                                                                            "children": [
                                                                                {
                                                                                    "operator_name": "READ_PARQUET ",
                                                                                    "cpu_time": 0.14107286200000033,
                                                                                    "extra_info": {
                                                                                        "Function": "READ_PARQUET",
                                                                                        "Projections": [
                                                                                            "id",
                                                                                            "postid"
                                                                                        ],
                                                                                        "Estimated Cardinality": "7241822"
                                                                                    },
                                                                                    "cumulative_cardinality": 7241822,
                                                                                    "operator_type": "TABLE_SCAN",
                                                                                    "operator_cardinality": 7241822,
                                                                                    "cumulative_rows_scanned": 7241822,
                                                                                    "operator_rows_scanned": 7241822,
                                                                                    "operator_timing": 0.14107286200000033,
                                                                                    "result_set_size": 57934576,
                                                                                    "children": []
                                                                                },
                                                                                {
                                                                                    "operator_name": "HASH_JOIN",
                                                                                    "cpu_time": 0.8875703109999988,
                                                                                    "extra_info": {
                                                                                        "Join Type": "INNER",
                                                                                        "Conditions": "id = owneruserid",
                                                                                        "Estimated Cardinality": "770023"
                                                                                    },
                                                                                    "cumulative_cardinality": 4518504,
                                                                                    "operator_type": "HASH_JOIN",
                                                                                    "operator_cardinality": 1589663,
                                                                                    "cumulative_rows_scanned": 5110826,
                                                                                    "operator_rows_scanned": 0,
                                                                                    "operator_timing": 0.26817806599999977,
                                                                                    "result_set_size": 89021128,
                                                                                    "children": [
                                                                                        {
                                                                                            "operator_name": "READ_PARQUET ",
                                                                                            "cpu_time": 0.09309913699999998,
                                                                                            "extra_info": {
                                                                                                "Function": "READ_PARQUET",
                                                                                                "Projections": [
                                                                                                    "id",
                                                                                                    "displayname"
                                                                                                ],
                                                                                                "Filters": "id<=1416539",
                                                                                                "Estimated Cardinality": "1260710"
                                                                                            },
                                                                                            "cumulative_cardinality": 1260677,
                                                                                            "operator_type": "TABLE_SCAN",
                                                                                            "operator_cardinality": 1260677,
                                                                                            "cumulative_rows_scanned": 1260710,
                                                                                            "operator_rows_scanned": 1260710,
                                                                                            "operator_timing": 0.09309913699999998,
                                                                                            "result_set_size": 25213540,
                                                                                            "children": []
                                                                                        },
                                                                                        {
                                                                                            "operator_name": "READ_PARQUET ",
                                                                                            "cpu_time": 0.5262931079999991,
                                                                                            "extra_info": {
                                                                                                "Function": "READ_PARQUET",
                                                                                                "Projections": [
                                                                                                    "id",
                                                                                                    "creationdate",
                                                                                                    "owneruserid",
                                                                                                    "lastactivitydate",
                                                                                                    "title"
                                                                                                ],
                                                                                                "Filters": "posttypeid=1",
                                                                                                "Estimated Cardinality": "770023"
                                                                                            },
                                                                                            "cumulative_cardinality": 1668164,
                                                                                            "operator_type": "TABLE_SCAN",
                                                                                            "operator_cardinality": 1668164,
                                                                                            "cumulative_rows_scanned": 3850116,
                                                                                            "operator_rows_scanned": 3850116,
                                                                                            "operator_timing": 0.5262931079999991,
                                                                                            "result_set_size": 66726560,
                                                                                            "children": []
                                                                                        }
                                                                                    ]
                                                                                }
                                                                            ]
                                                                        },
                                                                        {
                                                                            "operator_name": "PROJECTION",
                                                                            "cpu_time": 0.13214388199999993,
                                                                            "extra_info": {
                                                                                "Projections": [
                                                                                    "#0",
                                                                                    "__internal_compress_integral_utinyint(#1, 1)"
                                                                                ],
                                                                                "Estimated Cardinality": "12744093"
                                                                            },
                                                                            "cumulative_cardinality": 25488186,
                                                                            "operator_type": "PROJECTION",
                                                                            "operator_cardinality": 12744093,
                                                                            "cumulative_rows_scanned": 12744093,
                                                                            "operator_rows_scanned": 0,
                                                                            "operator_timing": 0.0031731160000001007,
                                                                            "result_set_size": 63720465,
                                                                            "children": [
                                                                                {
                                                                                    "operator_name": "READ_PARQUET ",
                                                                                    "cpu_time": 0.12897076599999985,
                                                                                    "extra_info": {
                                                                                        "Function": "READ_PARQUET",
                                                                                        "Projections": [
                                                                                            "postid",
                                                                                            "votetypeid"
                                                                                        ],
                                                                                        "Estimated Cardinality": "12744093"
                                                                                    },
                                                                                    "cumulative_cardinality": 12744093,
                                                                                    "operator_type": "TABLE_SCAN",
                                                                                    "operator_cardinality": 12744093,
                                                                                    "cumulative_rows_scanned": 12744093,
                                                                                    "operator_rows_scanned": 12744093,
                                                                                    "operator_timing": 0.12897076599999985,
                                                                                    "result_set_size": 76464558,
                                                                                    "children": []
                                                                                }
                                                                            ]
                                                                        }
                                                                    ]
                                                                }
                                                            ]
                                                        },
                                                        {
                                                            "operator_name": "READ_PARQUET ",
                                                            "cpu_time": 0.027123388999999956,
                                                            "extra_info": {
                                                                "Function": "READ_PARQUET",
                                                                "Projections": [
                                                                    "id",
                                                                    "userid"
                                                                ],
                                                                "Estimated Cardinality": "2321724"
                                                            },
                                                            "cumulative_cardinality": 2321724,
                                                            "operator_type": "TABLE_SCAN",
                                                            "operator_cardinality": 2321724,
                                                            "cumulative_rows_scanned": 2321724,
                                                            "operator_rows_scanned": 2321724,
                                                            "operator_timing": 0.027123388999999956,
                                                            "result_set_size": 18573792,
                                                            "children": []
                                                        }
                                                    ]
                                                }
                                            ]
                                        }
                                    ]
                                }
                            ]
                        }
                    ]
                }
            ]
        }
    ]
}