{
    "rows_returned": 100,
    "query_name": "WITH PostDetails AS (\n    SELECT\n        p.Id AS PostId,\n        p.Title,\n        p.CreationDate,\n        p.OwnerUserId,\n        u.DisplayName AS OwnerDisplayName,\n        COUNT(c.Id) AS CommentCount,\n        COUNT(DISTINCT v.Id) AS VoteCount,\n        SUM(CASE WHEN vt.Name = 'UpMod' THEN 1 ELSE 0 END) AS UpVotes,\n        SUM(CASE WHEN vt.Name = 'DownMod' THEN 1 ELSE 0 END) AS DownVotes\n    FROM\n        Posts p\n    LEFT JOIN\n        Users u ON p.OwnerUserId = u.Id\n    LEFT JOIN\n        Comments c ON p.Id = c.PostId\n    LEFT JOIN\n        Votes v ON p.Id = v.PostId\n    LEFT JOIN\n        VoteTypes vt ON v.VoteTypeId = vt.Id\n    GROUP BY\n        p.Id, p.Title, p.CreationDate, p.OwnerUserId, u.DisplayName\n),\nUserStats AS (\n    SELECT\n        u.Id AS UserId,\n        u.DisplayName,\n        u.Reputation,\n        COUNT(b.Id) AS BadgeCount,\n        SUM(p.ViewCount) AS TotalPostViews,\n        SUM(p.AnswerCount) AS TotalAnswers\n    FROM\n        Users u\n    LEFT JOIN\n        Badges b ON u.Id = b.UserId\n    LEFT JOIN\n        Posts p ON u.Id = p.OwnerUserId\n    GROUP BY\n        u.Id, u.DisplayName, u.Reputation\n)\nSELECT\n    pd.PostId,\n    pd.Title,\n    pd.CreationDate,\n    pd.OwnerDisplayName,\n    us.UserId,\n    us.DisplayName AS UserDisplayName,\n    us.Reputation,\n    pd.CommentCount,\n    pd.VoteCount,\n    pd.UpVotes,\n    pd.DownVotes,\n    us.BadgeCount,\n    us.TotalPostViews,\n    us.TotalAnswers\nFROM\n    PostDetails pd\nJOIN\n    UserStats us ON pd.OwnerUserId = us.UserId\nORDER BY\n    pd.CreationDate DESC\nLIMIT 100;",
    "blocked_thread_time": 0.0,
    "cpu_time": 40.37272618499996,
    "extra_info": {},
    "cumulative_cardinality": 1972193262,
    "cumulative_rows_scanned": 32529306,
    "result_set_size": 15600,
    "latency": 47.407232768,
    "children": [
        {
            "operator_name": "STREAMING_LIMIT",
            "cpu_time": 40.37272618499996,
            "extra_info": {},
            "cumulative_cardinality": 1972193262,
            "operator_type": "STREAMING_LIMIT",
            "operator_cardinality": 100,
            "cumulative_rows_scanned": 32529306,
            "operator_rows_scanned": 0,
            "operator_timing": 0.000002494,
            "result_set_size": 15600,
            "children": [
                {
                    "operator_name": "ORDER_BY",
                    "cpu_time": 40.37272369099996,
                    "extra_info": {
                        "Order By": "pd.CreationDate DESC"
                    },
                    "cumulative_cardinality": 1972193162,
                    "operator_type": "ORDER_BY",
                    "operator_cardinality": 4096,
                    "cumulative_rows_scanned": 32529306,
                    "operator_rows_scanned": 0,
                    "operator_timing": 0.3364567339999996,
                    "result_set_size": 638976,
                    "children": [
                        {
                            "operator_name": "PROJECTION",
                            "cpu_time": 40.03626695699996,
                            "extra_info": {
                                "Projections": [
                                    "PostId",
                                    "title",
                                    "creationdate",
                                    "OwnerDisplayName",
                                    "UserId",
                                    "UserDisplayName",
                                    "reputation",
                                    "CommentCount",
                                    "VoteCount",
                                    "UpVotes",
                                    "DownVotes",
                                    "BadgeCount",
                                    "TotalPostViews",
                                    "TotalAnswers"
                                ],
                                "Estimated Cardinality": "3850116"
                            },
                            "cumulative_cardinality": 1972189066,
                            "operator_type": "PROJECTION",
                            "operator_cardinality": 3685416,
                            "cumulative_rows_scanned": 32529306,
                            "operator_rows_scanned": 0,
                            "operator_timing": 0.001454801000000004,
                            "result_set_size": 574924896,
                            "children": [
                                {
                                    "operator_name": "HASH_JOIN",
                                    "cpu_time": 40.03481215599996,
                                    "extra_info": {
                                        "Join Type": "INNER",
                                        "Conditions": "owneruserid = UserId",
                                        "Estimated Cardinality": "3850116"
                                    },
                                    "cumulative_cardinality": 1968503650,
                                    "operator_type": "HASH_JOIN",
                                    "operator_cardinality": 3685416,
                                    "cumulative_rows_scanned": 32529306,
                                    "operator_rows_scanned": 0,
                                    "operator_timing": 0.28458529500000007,
                                    "result_set_size": 589666560,
                                    "children": [
                                        {
                                            "operator_name": "HASH_GROUP_BY",
                                            "cpu_time": 11.449349018000005,
                                            "extra_info": {
                                                "Groups": [
                                                    "#0",
                                                    "#1",
                                                    "#2",
                                                    "#3",
                                                    "#4"
                                                ],
                                                "Aggregates": [
                                                    "count(#5)",
                                                    "count(DISTINCT #6)",
                                                    "sum(#7)",
                                                    "sum(#8)"
                                                ],
                                                "Estimated Cardinality": "3850116"
                                            },
                                            "cumulative_cardinality": 194987707,
                                            "operator_type": "HASH_GROUP_BY",
                                            "operator_cardinality": 3850116,
                                            "cumulative_rows_scanned": 25096756,
                                            "operator_rows_scanned": 0,
                                            "operator_timing": 7.638200551000014,
                                            "result_set_size": 369611136,
                                            "children": [
                                                {
                                                    "operator_name": "PROJECTION",
                                                    "cpu_time": 3.811148466999991,
                                                    "extra_info": {
                                                        "Projections": [
                                                            "id",
                                                            "title",
                                                            "creationdate",
                                                            "owneruserid",
                                                            "displayname",
                                                            "id",
                                                            "id",
                                                            "CASE  WHEN ((name = 'UpMod')) THEN (1) ELSE 0 END",
                                                            "CASE  WHEN ((name = 'DownMod')) THEN (1) ELSE 0 END"
                                                        ],
                                                        "Estimated Cardinality": "12744093"
                                                    },
                                                    "cumulative_cardinality": 191137591,
                                                    "operator_type": "PROJECTION",
                                                    "operator_cardinality": 35129590,
                                                    "cumulative_rows_scanned": 25096756,
                                                    "operator_rows_scanned": 0,
                                                    "operator_timing": 0.19362370599999895,
                                                    "result_set_size": 2248293760,
                                                    "children": [
                                                        {
                                                            "operator_name": "HASH_JOIN",
                                                            "cpu_time": 3.617524760999992,
                                                            "extra_info": {
                                                                "Join Type": "LEFT",
                                                                "Conditions": "votetypeid = id",
                                                                "Estimated Cardinality": "12744093"
                                                            },
                                                            "cumulative_cardinality": 156008001,
                                                            "operator_type": "HASH_JOIN",
                                                            "operator_cardinality": 35129590,
                                                            "cumulative_rows_scanned": 25096756,
                                                            "operator_rows_scanned": 0,
                                                            "operator_timing": 0.45373472799999914,
                                                            "result_set_size": 2529330480,
                                                            "children": [
                                                                {
                                                                    "operator_name": "PROJECTION",
                                                                    "cpu_time": 3.1632716639999927,
                                                                    "extra_info": {
                                                                        "Projections": [
                                                                            "#0",
                                                                            "#1",
                                                                            "#2",
                                                                            "#3",
                                                                            "#4",
                                                                            "#5",
                                                                            "#6",
                                                                            "__internal_decompress_integral_smallint(#7, 1)"
                                                                        ],
                                                                        "Estimated Cardinality": "12744093"
                                                                    },
                                                                    "cumulative_cardinality": 120878396,
                                                                    "operator_type": "PROJECTION",
                                                                    "operator_cardinality": 35129590,
                                                                    "cumulative_rows_scanned": 25096741,
                                                                    "operator_rows_scanned": 0,
                                                                    "operator_timing": 0.022105483999999925,
                                                                    "result_set_size": 2037516220,
                                                                    "children": [
                                                                        {
                                                                            "operator_name": "HASH_JOIN",
                                                                            "cpu_time": 3.141166179999993,
                                                                            "extra_info": {
                                                                                "Join Type": "LEFT",
                                                                                "Conditions": "id = postid",
                                                                                "Estimated Cardinality": "12744093"
                                                                            },
                                                                            "cumulative_cardinality": 85748806,
                                                                            "operator_type": "HASH_JOIN",
                                                                            "operator_cardinality": 35129590,
                                                                            "cumulative_rows_scanned": 25096741,
                                                                            "operator_rows_scanned": 0,
                                                                            "operator_timing": 1.196959178999997,
                                                                            "result_set_size": 2002386630,
                                                                            "children": [
                                                                                {
                                                                                    "operator_name": "HASH_JOIN",
                                                                                    "cpu_time": 1.7113866879999962,
                                                                                    "extra_info": {
                                                                                        "Join Type": "RIGHT",
                                                                                        "Conditions": "postid = id",
                                                                                        "Estimated Cardinality": "7241822"
                                                                                    },
                                                                                    "cumulative_cardinality": 25131030,
                                                                                    "operator_type": "HASH_JOIN",
                                                                                    "operator_cardinality": 8928266,
                                                                                    "cumulative_rows_scanned": 12352648,
                                                                                    "operator_rows_scanned": 0,
                                                                                    "operator_timing": 0.8426162969999955,
                                                                                    "result_set_size": 464269832,
                                                                                    "children": [
                                                                                        {
                                                                                            "operator_name": "READ_PARQUET ",
                                                                                            "cpu_time": 0.13620033000000048,
                                                                                            "extra_info": {
                                                                                                "Function": "READ_PARQUET",
                                                                                                "Projections": [
                                                                                                    "id",
                                                                                                    "postid"
                                                                                                ],
                                                                                                "Estimated Cardinality": "7241822"
                                                                                            },
                                                                                            "cumulative_cardinality": 7241822,
                                                                                            "operator_type": "TABLE_SCAN",
                                                                                            "operator_cardinality": 7241822,
                                                                                            "cumulative_rows_scanned": 7241822,
                                                                                            "operator_rows_scanned": 7241822,
                                                                                            "operator_timing": 0.13620033000000048,
                                                                                            "result_set_size": 57934576,
                                                                                            "children": []
                                                                                        },
                                                                                        {
                                                                                            "operator_name": "HASH_JOIN",
                                                                                            "cpu_time": 0.732570061,
                                                                                            "extra_info": {
                                                                                                "Join Type": "LEFT",
                                                                                                "Conditions": "owneruserid = id",
                                                                                                "Estimated Cardinality": "3850116"
                                                                                            },
                                                                                            "cumulative_cardinality": 8960942,
                                                                                            "operator_type": "HASH_JOIN",
                                                                                            "operator_cardinality": 3850116,
                                                                                            "cumulative_rows_scanned": 5110826,
                                                                                            "operator_rows_scanned": 0,
                                                                                            "operator_timing": 0.21218568400000024,
                                                                                            "result_set_size": 184805568,
                                                                                            "children": [
                                                                                                {
                                                                                                    "operator_name": "READ_PARQUET ",
                                                                                                    "cpu_time": 0.43154748599999965,
                                                                                                    "extra_info": {
                                                                                                        "Function": "READ_PARQUET",
                                                                                                        "Projections": [
                                                                                                            "id",
                                                                                                            "creationdate",
                                                                                                            "owneruserid",
                                                                                                            "title"
                                                                                                        ],
                                                                                                        "Estimated Cardinality": "3850116"
                                                                                                    },
                                                                                                    "cumulative_cardinality": 3850116,
                                                                                                    "operator_type": "TABLE_SCAN",
                                                                                                    "operator_cardinality": 3850116,
                                                                                                    "cumulative_rows_scanned": 3850116,
                                                                                                    "operator_rows_scanned": 3850116,
                                                                                                    "operator_timing": 0.43154748599999965,
                                                                                                    "result_set_size": 123203712,
                                                                                                    "children": []
                                                                                                },
                                                                                                {
                                                                                                    "operator_name": "READ_PARQUET ",
                                                                                                    "cpu_time": 0.08883689100000017,
                                                                                                    "extra_info": {
                                                                                                        "Function": "READ_PARQUET",
                                                                                                        "Projections": [
                                                                                                            "id",
                                                                                                            "displayname"
                                                                                                        ],
                                                                                                        "Estimated Cardinality": "1260710"
                                                                                                    },
                                                                                                    "cumulative_cardinality": 1260710,
                                                                                                    "operator_type": "TABLE_SCAN",
                                                                                                    "operator_cardinality": 1260710,
                                                                                                    "cumulative_rows_scanned": 1260710,
                                                                                                    "operator_rows_scanned": 1260710,
                                                                                                    "operator_timing": 0.08883689100000017,
                                                                                                    "result_set_size": 25214200,
                                                                                                    "children": []
                                                                                                }
                                                                                            ]
                                                                                        }
                                                                                    ]
                                                                                },
                                                                                {
                                                                                    "operator_name": "PROJECTION",
                                                                                    "cpu_time": 0.23282031299999928,
                                                                                    "extra_info": {
                                                                                        "Projections": [
                                                                                            "#0",
                                                                                            "#1",
                                                                                            "__internal_compress_integral_utinyint(#2, 1)"
                                                                                        ],
                                                                                        "Estimated Cardinality": "12744093"
                                                                                    },
                                                                                    "cumulative_cardinality": 25488186,
                                                                                    "operator_type": "PROJECTION",
                                                                                    "operator_cardinality": 12744093,
                                                                                    "cumulative_rows_scanned": 12744093,
                                                                                    "operator_rows_scanned": 0,
                                                                                    "operator_timing": 0.0037044700000000157,
                                                                                    "result_set_size": 114696837,
                                                                                    "children": [
                                                                                        {
                                                                                            "operator_name": "READ_PARQUET ",
                                                                                            "cpu_time": 0.22911584299999926,
                                                                                            "extra_info": {
                                                                                                "Function": "READ_PARQUET",
                                                                                                "Projections": [
                                                                                                    "id",
                                                                                                    "postid",
                                                                                                    "votetypeid"
                                                                                                ],
                                                                                                "Estimated Cardinality": "12744093"
                                                                                            },
                                                                                            "cumulative_cardinality": 12744093,
                                                                                            "operator_type": "TABLE_SCAN",
                                                                                            "operator_cardinality": 12744093,
                                                                                            "cumulative_rows_scanned": 12744093,
                                                                                            "operator_rows_scanned": 12744093,
                                                                                            "operator_timing": 0.22911584299999926,
                                                                                            "result_set_size": 127440930,
                                                                                            "children": []
                                                                                        }
                                                                                    ]
                                                                                }
                                                                            ]
                                                                        }
                                                                    ]
                                                                },
                                                                {
                                                                    "operator_name": "READ_PARQUET ",
                                                                    "cpu_time": 0.0005183690000000001,
                                                                    "extra_info": {
                                                                        "Function": "READ_PARQUET",
                                                                        "Projections": [
                                                                            "id",
                                                                            "name"
                                                                        ],
                                                                        "Estimated Cardinality": "15"
                                                                    },
                                                                    "cumulative_cardinality": 15,
                                                                    "operator_type": "TABLE_SCAN",
                                                                    "operator_cardinality": 15,
                                                                    "cumulative_rows_scanned": 15,
                                                                    "operator_rows_scanned": 15,
                                                                    "operator_timing": 0.0005183690000000001,
                                                                    "result_set_size": 270,
                                                                    "children": []
                                                                }
                                                            ]
                                                        }
                                                    ]
                                                }
                                            ]
                                        },
                                        {
                                            "operator_name": "HASH_GROUP_BY",
                                            "cpu_time": 28.300877842999952,
                                            "extra_info": {
                                                "Groups": [
                                                    "#0",
                                                    "#1",
                                                    "#2"
                                                ],
                                                "Aggregates": [
                                                    "count(#3)",
                                                    "sum(#4)",
                                                    "sum(#5)"
                                                ],
                                                "Estimated Cardinality": "1260710"
                                            },
                                            "cumulative_cardinality": 1769830527,
                                            "operator_type": "HASH_GROUP_BY",
                                            "operator_cardinality": 1260679,
                                            "cumulative_rows_scanned": 7432550,
                                            "operator_rows_scanned": 0,
                                            "operator_timing": 18.039813981999806,
                                            "result_set_size": 80683456,
                                            "children": [
                                                {
                                                    "operator_name": "PROJECTION",
                                                    "cpu_time": 10.261063861000146,
                                                    "extra_info": {
                                                        "Projections": [
                                                            "id",
                                                            "displayname",
                                                            "reputation",
                                                            "id",
                                                            "viewcount",
                                                            "answercount"
                                                        ],
                                                        "Estimated Cardinality": "3850116"
                                                    },
                                                    "cumulative_cardinality": 1768569848,
                                                    "operator_type": "PROJECTION",
                                                    "operator_cardinality": 586089518,
                                                    "cumulative_rows_scanned": 7432550,
                                                    "operator_rows_scanned": 0,
                                                    "operator_timing": 0.09060361100000904,
                                                    "result_set_size": 21099222648,
                                                    "children": [
                                                        {
                                                            "operator_name": "FILTER",
                                                            "cpu_time": 10.170460250000136,
                                                            "extra_info": {
                                                                "Expression": "(id <= 1416539)",
                                                                "Estimated Cardinality": "3850116"
                                                            },
                                                            "cumulative_cardinality": 1182480330,
                                                            "operator_type": "FILTER",
                                                            "operator_cardinality": 586089518,
                                                            "cumulative_rows_scanned": 7432550,
                                                            "operator_rows_scanned": 0,
                                                            "operator_timing": 0.7238591519999965,
                                                            "result_set_size": 21099222648,
                                                            "children": [
                                                                {
                                                                    "operator_name": "HASH_JOIN",
                                                                    "cpu_time": 9.44660109800014,
                                                                    "extra_info": {
                                                                        "Join Type": "RIGHT",
                                                                        "Conditions": "owneruserid = id",
                                                                        "Estimated Cardinality": "3850116"
                                                                    },
                                                                    "cumulative_cardinality": 596390812,
                                                                    "operator_type": "HASH_JOIN",
                                                                    "operator_cardinality": 586089549,
                                                                    "cumulative_rows_scanned": 7432550,
                                                                    "operator_rows_scanned": 0,
                                                                    "operator_timing": 9.01290296200014,
                                                                    "result_set_size": 21099223764,
                                                                    "children": [
                                                                        {
                                                                            "operator_name": "READ_PARQUET ",
                                                                            "cpu_time": 0.12227555400000024,
                                                                            "extra_info": {
                                                                                "Function": "READ_PARQUET",
                                                                                "Projections": [
                                                                                    "viewcount",
                                                                                    "owneruserid",
                                                                                    "answercount"
                                                                                ],
                                                                                "Estimated Cardinality": "3850116"
                                                                            },
                                                                            "cumulative_cardinality": 3685416,
                                                                            "operator_type": "TABLE_SCAN",
                                                                            "operator_cardinality": 3685416,
                                                                            "cumulative_rows_scanned": 3850116,
                                                                            "operator_rows_scanned": 3850116,
                                                                            "operator_timing": 0.12227555400000024,
                                                                            "result_set_size": 44224992,
                                                                            "children": []
                                                                        },
                                                                        {
                                                                            "operator_name": "HASH_JOIN",
                                                                            "cpu_time": 0.3114225820000003,
                                                                            "extra_info": {
                                                                                "Join Type": "RIGHT",
                                                                                "Conditions": "userid = id",
                                                                                "Estimated Cardinality": "2321724"
                                                                            },
                                                                            "cumulative_cardinality": 6615847,
                                                                            "operator_type": "HASH_JOIN",
                                                                            "operator_cardinality": 3033413,
                                                                            "cumulative_rows_scanned": 3582434,
                                                                            "operator_rows_scanned": 0,
                                                                            "operator_timing": 0.18234198500000032,
                                                                            "result_set_size": 84935564,
                                                                            "children": [
                                                                                {
                                                                                    "operator_name": "READ_PARQUET ",
                                                                                    "cpu_time": 0.04460705999999995,
                                                                                    "extra_info": {
                                                                                        "Function": "READ_PARQUET",
                                                                                        "Projections": [
                                                                                            "id",
                                                                                            "userid"
                                                                                        ],
                                                                                        "Estimated Cardinality": "2321724"
                                                                                    },
                                                                                    "cumulative_cardinality": 2321724,
                                                                                    "operator_type": "TABLE_SCAN",
                                                                                    "operator_cardinality": 2321724,
                                                                                    "cumulative_rows_scanned": 2321724,
                                                                                    "operator_rows_scanned": 2321724,
                                                                                    "operator_timing": 0.04460705999999995,
                                                                                    "result_set_size": 18573792,
                                                                                    "children": []
                                                                                },
                                                                                {
                                                                                    "operator_name": "READ_PARQUET ",
                                                                                    "cpu_time": 0.08447353699999999,
                                                                                    "extra_info": {
                                                                                        "Function": "READ_PARQUET",
                                                                                        "Projections": [
                                                                                            "id",
                                                                                            "reputation",
                                                                                            "displayname"
                                                                                        ],
                                                                                        "Estimated Cardinality": "1260710"
                                                                                    },
                                                                                    "cumulative_cardinality": 1260710,
                                                                                    "operator_type": "TABLE_SCAN",
                                                                                    "operator_cardinality": 1260710,
                                                                                    "cumulative_rows_scanned": 1260710,
                                                                                    "operator_rows_scanned": 1260710,
                                                                                    "operator_timing": 0.08447353699999999,
                                                                                    "result_set_size": 30257040,
                                                                                    "children": []
                                                                                }
                                                                            ]
                                                                        }
                                                                    ]
                                                                }
                                                            ]
                                                        }
                                                    ]
                                                }
                                            ]
                                        }
                                    ]
                                }
                            ]
                        }
                    ]
                }
            ]
        }
    ]
}