{
    "rows_returned": 1,
    "query_name": "WITH PostStats AS (\n    SELECT \n        COUNT(*) AS TotalPosts,\n        COUNT(DISTINCT OwnerUserId) AS TotalUsers,\n        AVG(ViewCount) AS AvgViewCount,\n        AVG(Score) AS AvgScore\n    FROM Posts\n),\nUserStats AS (\n    SELECT\n        COUNT(*) AS TotalUsers,\n        AVG(Reputation) AS AvgReputation,\n        AVG(UpVotes) AS AvgUpVotes,\n        AVG(DownVotes) AS AvgDownVotes\n    FROM Users\n),\nVoteStats AS (\n    SELECT\n        COUNT(*) AS TotalVotes,\n        COUNT(DISTINCT PostId) AS TotalPostVotes,\n        AVG(CASE WHEN VoteTypeId = 2 THEN 1 ELSE 0 END) AS AvgUpVotes,\n        AVG(CASE WHEN VoteTypeId = 3 THEN 1 ELSE 0 END) AS AvgDownVotes\n    FROM Votes\n)\n\nSELECT \n    p.TotalPosts,\n    p.TotalUsers AS UniquePostOwners,\n    p.AvgViewCount,\n    p.AvgScore,\n    u.TotalUsers AS UserCount,\n    u.AvgReputation,\n    u.AvgUpVotes AS UserAvgUpVotes,\n    u.AvgDownVotes AS UserAvgDownVotes,\n    v.TotalVotes,\n    v.TotalPostVotes,\n    v.AvgUpVotes AS VoteAvgUpVotes,\n    v.AvgDownVotes AS VoteAvgDownVotes\nFROM PostStats p\nJOIN UserStats u ON 1=1\nJOIN VoteStats v ON 1=1;",
    "blocked_thread_time": 0.0,
    "cpu_time": 0.9991821360000004,
    "extra_info": {},
    "cumulative_cardinality": 35709844,
    "cumulative_rows_scanned": 17854919,
    "result_set_size": 96,
    "latency": 1.093979276,
    "children": [
        {
            "operator_name": "PROJECTION",
            "cpu_time": 0.9991821360000004,
            "extra_info": {
                "Projections": [
                    "TotalPosts",
                    "UniquePostOwners",
                    "AvgViewCount",
                    "AvgScore",
                    "UserCount",
                    "AvgReputation",
                    "UserAvgUpVotes",
                    "UserAvgDownVotes",
                    "TotalVotes",
                    "TotalPostVotes",
                    "VoteAvgUpVotes",
                    "VoteAvgDownVotes"
                ],
                "Estimated Cardinality": "1"
            },
            "cumulative_cardinality": 35709844,
            "operator_type": "PROJECTION",
            "operator_cardinality": 1,
            "cumulative_rows_scanned": 17854919,
            "operator_rows_scanned": 0,
            "operator_timing": 0.000002155,
            "result_set_size": 96,
            "children": [
                {
                    "operator_name": "CROSS_PRODUCT",
                    "cpu_time": 0.9991799810000004,
                    "extra_info": {},
                    "cumulative_cardinality": 35709843,
                    "operator_type": "CROSS_PRODUCT",
                    "operator_cardinality": 1,
                    "cumulative_rows_scanned": 17854919,
                    "operator_rows_scanned": 0,
                    "operator_timing": 0.000024847,
                    "result_set_size": 96,
                    "children": [
                        {
                            "operator_name": "CROSS_PRODUCT",
                            "cpu_time": 0.8127100810000003,
                            "extra_info": {},
                            "cumulative_cardinality": 28009609,
                            "operator_type": "CROSS_PRODUCT",
                            "operator_cardinality": 1,
                            "cumulative_rows_scanned": 14004803,
                            "operator_rows_scanned": 0,
                            "operator_timing": 0.000067516,
                            "result_set_size": 64,
                            "children": [
                                {
                                    "operator_name": "UNGROUPED_AGGREGATE",
                                    "cpu_time": 0.03194869999999997,
                                    "extra_info": {
                                        "Aggregates": [
                                            "count_star()",
                                            "avg(#0)",
                                            "avg(#1)",
                                            "avg(#2)"
                                        ]
                                    },
                                    "cumulative_cardinality": 2521421,
                                    "operator_type": "UNGROUPED_AGGREGATE",
                                    "operator_cardinality": 1,
                                    "cumulative_rows_scanned": 1260710,
                                    "operator_rows_scanned": 0,
                                    "operator_timing": 0.014392041999999987,
                                    "result_set_size": 32,
                                    "children": [
                                        {
                                            "operator_name": "PROJECTION",
                                            "cpu_time": 0.017556657999999985,
                                            "extra_info": {
                                                "Projections": [
                                                    "reputation",
                                                    "upvotes",
                                                    "downvotes"
                                                ],
                                                "Estimated Cardinality": "1260710"
                                            },
                                            "cumulative_cardinality": 2521420,
                                            "operator_type": "PROJECTION",
                                            "operator_cardinality": 1260710,
                                            "cumulative_rows_scanned": 1260710,
                                            "operator_rows_scanned": 0,
                                            "operator_timing": 0.00009243099999999989,
                                            "result_set_size": 15128520,
                                            "children": [
                                                {
                                                    "operator_name": "READ_PARQUET ",
                                                    "cpu_time": 0.017464226999999985,
                                                    "extra_info": {
                                                        "Function": "READ_PARQUET",
                                                        "Projections": [
                                                            "reputation",
                                                            "upvotes",
                                                            "downvotes"
                                                        ],
                                                        "Estimated Cardinality": "1260710"
                                                    },
                                                    "cumulative_cardinality": 1260710,
                                                    "operator_type": "TABLE_SCAN",
                                                    "operator_cardinality": 1260710,
                                                    "cumulative_rows_scanned": 1260710,
                                                    "operator_rows_scanned": 1260710,
                                                    "operator_timing": 0.017464226999999985,
                                                    "result_set_size": 15128520,
                                                    "children": []
                                                }
                                            ]
                                        }
                                    ]
                                },
                                {
                                    "operator_name": "UNGROUPED_AGGREGATE",
                                    "cpu_time": 0.7806938650000004,
                                    "extra_info": {
                                        "Aggregates": [
                                            "count_star()",
                                            "count(DISTINCT #0)",
                                            "avg(#1)",
                                            "avg(#2)"
                                        ]
                                    },
                                    "cumulative_cardinality": 25488187,
                                    "operator_type": "UNGROUPED_AGGREGATE",
                                    "operator_cardinality": 1,
                                    "cumulative_rows_scanned": 12744093,
                                    "operator_rows_scanned": 0,
                                    "operator_timing": 0.5462844130000005,
                                    "result_set_size": 32,
                                    "children": [
                                        {
                                            "operator_name": "PROJECTION",
                                            "cpu_time": 0.2344094519999999,
                                            "extra_info": {
                                                "Projections": [
                                                    "postid",
                                                    "CASE  WHEN ((votetypeid = 2)) THEN (1) ELSE 0 END",
                                                    "CASE  WHEN ((votetypeid = 3)) THEN (1) ELSE 0 END"
                                                ],
                                                "Estimated Cardinality": "12744093"
                                            },
                                            "cumulative_cardinality": 25488186,
                                            "operator_type": "PROJECTION",
                                            "operator_cardinality": 12744093,
                                            "cumulative_rows_scanned": 12744093,
                                            "operator_rows_scanned": 0,
                                            "operator_timing": 0.10001206100000012,
                                            "result_set_size": 152929116,
                                            "children": [
                                                {
                                                    "operator_name": "READ_PARQUET ",
                                                    "cpu_time": 0.13439739099999978,
                                                    "extra_info": {
                                                        "Function": "READ_PARQUET",
                                                        "Projections": [
                                                            "postid",
                                                            "votetypeid"
                                                        ],
                                                        "Estimated Cardinality": "12744093"
                                                    },
                                                    "cumulative_cardinality": 12744093,
                                                    "operator_type": "TABLE_SCAN",
                                                    "operator_cardinality": 12744093,
                                                    "cumulative_rows_scanned": 12744093,
                                                    "operator_rows_scanned": 12744093,
                                                    "operator_timing": 0.13439739099999978,
                                                    "result_set_size": 76464558,
                                                    "children": []
                                                }
                                            ]
                                        }
                                    ]
                                }
                            ]
                        },
                        {
                            "operator_name": "UNGROUPED_AGGREGATE",
                            "cpu_time": 0.186445053,
                            "extra_info": {
                                "Aggregates": [
                                    "count_star()",
                                    "count(DISTINCT #0)",
                                    "avg(#1)",
                                    "avg(#2)"
                                ]
                            },
                            "cumulative_cardinality": 7700233,
                            "operator_type": "UNGROUPED_AGGREGATE",
                            "operator_cardinality": 1,
                            "cumulative_rows_scanned": 3850116,
                            "operator_rows_scanned": 0,
                            "operator_timing": 0.11716382800000005,
                            "result_set_size": 32,
                            "children": [
                                {
                                    "operator_name": "PROJECTION",
                                    "cpu_time": 0.06928122499999995,
                                    "extra_info": {
                                        "Projections": [
                                            "owneruserid",
                                            "viewcount",
                                            "score"
                                        ],
                                        "Estimated Cardinality": "3850116"
                                    },
                                    "cumulative_cardinality": 7700232,
                                    "operator_type": "PROJECTION",
                                    "operator_cardinality": 3850116,
                                    "cumulative_rows_scanned": 3850116,
                                    "operator_rows_scanned": 0,
                                    "operator_timing": 0.0003470070000000029,
                                    "result_set_size": 46201392,
                                    "children": [
                                        {
                                            "operator_name": "READ_PARQUET ",
                                            "cpu_time": 0.06893421799999995,
                                            "extra_info": {
                                                "Function": "READ_PARQUET",
                                                "Projections": [
                                                    "score",
                                                    "viewcount",
                                                    "owneruserid"
                                                ],
                                                "Estimated Cardinality": "3850116"
                                            },
                                            "cumulative_cardinality": 3850116,
                                            "operator_type": "TABLE_SCAN",
                                            "operator_cardinality": 3850116,
                                            "cumulative_rows_scanned": 3850116,
                                            "operator_rows_scanned": 3850116,
                                            "operator_timing": 0.06893421799999995,
                                            "result_set_size": 46201392,
                                            "children": []
                                        }
                                    ]
                                }
                            ]
                        }
                    ]
                }
            ]
        }
    ]
}