{
    "rows_returned": 100,
    "query_name": "WITH PostStats AS (\n    SELECT \n        p.Id AS PostId,\n        p.Title,\n        p.CreationDate,\n        p.Score,\n        p.ViewCount,\n        COALESCE(a.AnswerCount, 0) AS AnswerCount,\n        COALESCE(c.CommentCount, 0) AS CommentCount,\n        COALESCE(b.BadgeCount, 0) AS BadgeCount\n    FROM \n        Posts p\n    LEFT JOIN (\n        SELECT \n            ParentId, COUNT(*) AS AnswerCount\n        FROM \n            Posts\n        WHERE \n            PostTypeId = 2\n        GROUP BY \n            ParentId\n    ) a ON p.Id = a.ParentId\n    LEFT JOIN (\n        SELECT \n            PostId, COUNT(*) AS CommentCount\n        FROM \n            Comments\n        GROUP BY \n            PostId\n    ) c ON p.Id = c.PostId\n    LEFT JOIN (\n        SELECT \n            UserId, COUNT(*) AS BadgeCount\n        FROM \n            Badges\n        GROUP BY \n            UserId\n    ) b ON p.OwnerUserId = b.UserId\n    WHERE \n        p.PostTypeId = 1 \n)\n\nSELECT \n    Title,\n    CreationDate,\n    Score,\n    ViewCount,\n    AnswerCount,\n    CommentCount,\n    BadgeCount\nFROM \n    PostStats\nORDER BY \n    Score DESC, ViewCount DESC\nLIMIT 100;",
    "blocked_thread_time": 0.0,
    "cpu_time": 1.7666540599999987,
    "extra_info": {},
    "cumulative_cardinality": 37566218,
    "cumulative_rows_scanned": 17263778,
    "result_set_size": 5600,
    "latency": 2.013992354,
    "children": [
        {
            "operator_name": "STREAMING_LIMIT",
            "cpu_time": 1.7666540599999987,
            "extra_info": {},
            "cumulative_cardinality": 37566218,
            "operator_type": "STREAMING_LIMIT",
            "operator_cardinality": 100,
            "cumulative_rows_scanned": 17263778,
            "operator_rows_scanned": 0,
            "operator_timing": 0.0000012530000000000001,
            "result_set_size": 5600,
            "children": [
                {
                    "operator_name": "PROJECTION",
                    "cpu_time": 1.7666528069999987,
                    "extra_info": {
                        "Projections": [
                            "#0",
                            "#1",
                            "__internal_decompress_integral_integer(#2, -72)",
                            "#3",
                            "#4",
                            "#5",
                            "#6"
                        ],
                        "Estimated Cardinality": "3620911"
                    },
                    "cumulative_cardinality": 37566118,
                    "operator_type": "PROJECTION",
                    "operator_cardinality": 4096,
                    "cumulative_rows_scanned": 17263778,
                    "operator_rows_scanned": 0,
                    "operator_timing": 0.00000529,
                    "result_set_size": 229376,
                    "children": [
                        {
                            "operator_name": "ORDER_BY",
                            "cpu_time": 1.7666475169999987,
                            "extra_info": {
                                "Order By": [
                                    "PostStats.Score DESC",
                                    "PostStats.ViewCount DESC"
                                ]
                            },
                            "cumulative_cardinality": 37562022,
                            "operator_type": "ORDER_BY",
                            "operator_cardinality": 4096,
                            "cumulative_rows_scanned": 17263778,
                            "operator_rows_scanned": 0,
                            "operator_timing": 0.15848367299999983,
                            "result_set_size": 221184,
                            "children": [
                                {
                                    "operator_name": "PROJECTION",
                                    "cpu_time": 1.6081638439999988,
                                    "extra_info": {
                                        "Projections": [
                                            "#0",
                                            "#1",
                                            "__internal_compress_integral_usmallint(#2, -72)",
                                            "#3",
                                            "#4",
                                            "#5",
                                            "#6"
                                        ],
                                        "Estimated Cardinality": "3620911"
                                    },
                                    "cumulative_cardinality": 37557926,
                                    "operator_type": "PROJECTION",
                                    "operator_cardinality": 1668164,
                                    "cumulative_rows_scanned": 17263778,
                                    "operator_rows_scanned": 0,
                                    "operator_timing": 0.0026591849999999966,
                                    "result_set_size": 90080856,
                                    "children": [
                                        {
                                            "operator_name": "PROJECTION",
                                            "cpu_time": 1.6055046589999988,
                                            "extra_info": {
                                                "Projections": [
                                                    "title",
                                                    "creationdate",
                                                    "score",
                                                    "viewcount",
                                                    "AnswerCount",
                                                    "CommentCount",
                                                    "BadgeCount"
                                                ],
                                                "Estimated Cardinality": "3620911"
                                            },
                                            "cumulative_cardinality": 35889762,
                                            "operator_type": "PROJECTION",
                                            "operator_cardinality": 1668164,
                                            "cumulative_rows_scanned": 17263778,
                                            "operator_rows_scanned": 0,
                                            "operator_timing": 0.03522703800000004,
                                            "result_set_size": 93417184,
                                            "children": [
                                                {
                                                    "operator_name": "HASH_JOIN",
                                                    "cpu_time": 1.570277620999999,
                                                    "extra_info": {
                                                        "Join Type": "LEFT",
                                                        "Conditions": "owneruserid = userid",
                                                        "Estimated Cardinality": "3620911"
                                                    },
                                                    "cumulative_cardinality": 34221598,
                                                    "operator_type": "HASH_JOIN",
                                                    "operator_cardinality": 1668164,
                                                    "cumulative_rows_scanned": 17263778,
                                                    "operator_rows_scanned": 0,
                                                    "operator_timing": 0.08649399599999989,
                                                    "result_set_size": 93417184,
                                                    "children": [
                                                        {
                                                            "operator_name": "HASH_JOIN",
                                                            "cpu_time": 1.4096554279999989,
                                                            "extra_info": {
                                                                "Join Type": "RIGHT",
                                                                "Conditions": "postid = id",
                                                                "Estimated Cardinality": "3620911"
                                                            },
                                                            "cumulative_cardinality": 27360965,
                                                            "operator_type": "HASH_JOIN",
                                                            "operator_cardinality": 1668164,
                                                            "cumulative_rows_scanned": 14942054,
                                                            "operator_rows_scanned": 0,
                                                            "operator_timing": 0.29271387599999993,
                                                            "result_set_size": 86744528,
                                                            "children": [
                                                                {
                                                                    "operator_name": "HASH_GROUP_BY",
                                                                    "cpu_time": 0.26784234500000004,
                                                                    "extra_info": {
                                                                        "Groups": "#0",
                                                                        "Aggregates": "count_star()",
                                                                        "Estimated Cardinality": "3620911"
                                                                    },
                                                                    "cumulative_cardinality": 16647316,
                                                                    "operator_type": "HASH_GROUP_BY",
                                                                    "operator_cardinality": 2163672,
                                                                    "cumulative_rows_scanned": 7241822,
                                                                    "operator_rows_scanned": 0,
                                                                    "operator_timing": 0.22648121700000004,
                                                                    "result_set_size": 25964064,
                                                                    "children": [
                                                                        {
                                                                            "operator_name": "PROJECTION",
                                                                            "cpu_time": 0.041361128000000004,
                                                                            "extra_info": {
                                                                                "Projections": "postid",
                                                                                "Estimated Cardinality": "7241822"
                                                                            },
                                                                            "cumulative_cardinality": 14483644,
                                                                            "operator_type": "PROJECTION",
                                                                            "operator_cardinality": 7241822,
                                                                            "cumulative_rows_scanned": 7241822,
                                                                            "operator_rows_scanned": 0,
                                                                            "operator_timing": 0.00037872700000000193,
                                                                            "result_set_size": 28967288,
                                                                            "children": [
                                                                                {
                                                                                    "operator_name": "READ_PARQUET ",
                                                                                    "cpu_time": 0.040982401,
                                                                                    "extra_info": {
                                                                                        "Function": "READ_PARQUET",
                                                                                        "Projections": "postid",
                                                                                        "Estimated Cardinality": "7241822"
                                                                                    },
                                                                                    "cumulative_cardinality": 7241822,
                                                                                    "operator_type": "TABLE_SCAN",
                                                                                    "operator_cardinality": 7241822,
                                                                                    "cumulative_rows_scanned": 7241822,
                                                                                    "operator_rows_scanned": 7241822,
                                                                                    "operator_timing": 0.040982401,
                                                                                    "result_set_size": 28967288,
                                                                                    "children": []
                                                                                }
                                                                            ]
                                                                        }
                                                                    ]
                                                                },
                                                                {
                                                                    "operator_name": "HASH_JOIN",
                                                                    "cpu_time": 0.849099206999999,
                                                                    "extra_info": {
                                                                        "Join Type": "LEFT",
                                                                        "Conditions": "id = parentid",
                                                                        "Estimated Cardinality": "770023"
                                                                    },
                                                                    "cumulative_cardinality": 9045485,
                                                                    "operator_type": "HASH_JOIN",
                                                                    "operator_cardinality": 1668164,
                                                                    "cumulative_rows_scanned": 7700232,
                                                                    "operator_rows_scanned": 0,
                                                                    "operator_timing": 0.1322082359999994,
                                                                    "result_set_size": 80071872,
                                                                    "children": [
                                                                        {
                                                                            "operator_name": "READ_PARQUET ",
                                                                            "cpu_time": 0.5189470979999997,
                                                                            "extra_info": {
                                                                                "Function": "READ_PARQUET",
                                                                                "Projections": [
                                                                                    "id",
                                                                                    "creationdate",
                                                                                    "score",
                                                                                    "viewcount",
                                                                                    "owneruserid",
                                                                                    "title"
                                                                                ],
                                                                                "Filters": "posttypeid=1",
                                                                                "Estimated Cardinality": "770023"
                                                                            },
                                                                            "cumulative_cardinality": 1668164,
                                                                            "operator_type": "TABLE_SCAN",
                                                                            "operator_cardinality": 1668164,
                                                                            "cumulative_rows_scanned": 3850116,
                                                                            "operator_rows_scanned": 3850116,
                                                                            "operator_timing": 0.5189470979999997,
                                                                            "result_set_size": 66726560,
                                                                            "children": []
                                                                        },
                                                                        {
                                                                            "operator_name": "HASH_GROUP_BY",
                                                                            "cpu_time": 0.19794387299999983,
                                                                            "extra_info": {
                                                                                "Groups": "#0",
                                                                                "Aggregates": "count_star()",
                                                                                "Estimated Cardinality": "385011"
                                                                            },
                                                                            "cumulative_cardinality": 5709157,
                                                                            "operator_type": "HASH_GROUP_BY",
                                                                            "operator_cardinality": 1354571,
                                                                            "cumulative_rows_scanned": 3850116,
                                                                            "operator_rows_scanned": 0,
                                                                            "operator_timing": 0.10608222999999975,
                                                                            "result_set_size": 16254852,
                                                                            "children": [
                                                                                {
                                                                                    "operator_name": "PROJECTION",
                                                                                    "cpu_time": 0.09186164300000006,
                                                                                    "extra_info": {
                                                                                        "Projections": "parentid",
                                                                                        "Estimated Cardinality": "770023"
                                                                                    },
                                                                                    "cumulative_cardinality": 4354586,
                                                                                    "operator_type": "PROJECTION",
                                                                                    "operator_cardinality": 2177293,
                                                                                    "cumulative_rows_scanned": 3850116,
                                                                                    "operator_rows_scanned": 0,
                                                                                    "operator_timing": 0.00022317599999999843,
                                                                                    "result_set_size": 8709172,
                                                                                    "children": [
                                                                                        {
                                                                                            "operator_name": "READ_PARQUET ",
                                                                                            "cpu_time": 0.09163846700000007,
                                                                                            "extra_info": {
                                                                                                "Function": "READ_PARQUET",
                                                                                                "Projections": "parentid",
                                                                                                "Filters": "posttypeid=2",
                                                                                                "Estimated Cardinality": "770023"
                                                                                            },
                                                                                            "cumulative_cardinality": 2177293,
                                                                                            "operator_type": "TABLE_SCAN",
                                                                                            "operator_cardinality": 2177293,
                                                                                            "cumulative_rows_scanned": 3850116,
                                                                                            "operator_rows_scanned": 3850116,
                                                                                            "operator_timing": 0.09163846700000007,
                                                                                            "result_set_size": 8709172,
                                                                                            "children": []
                                                                                        }
                                                                                    ]
                                                                                }
                                                                            ]
                                                                        }
                                                                    ]
                                                                }
                                                            ]
                                                        },
                                                        {
                                                            "operator_name": "HASH_GROUP_BY",
                                                            "cpu_time": 0.07412819700000002,
                                                            "extra_info": {
                                                                "Groups": "#0",
                                                                "Aggregates": "count_star()",
                                                                "Estimated Cardinality": "1160862"
                                                            },
                                                            "cumulative_cardinality": 5192469,
                                                            "operator_type": "HASH_GROUP_BY",
                                                            "operator_cardinality": 549021,
                                                            "cumulative_rows_scanned": 2321724,
                                                            "operator_rows_scanned": 0,
                                                            "operator_timing": 0.059558401,
                                                            "result_set_size": 6588252,
                                                            "children": [
                                                                {
                                                                    "operator_name": "PROJECTION",
                                                                    "cpu_time": 0.01456979600000002,
                                                                    "extra_info": {
                                                                        "Projections": "userid",
                                                                        "Estimated Cardinality": "2321724"
                                                                    },
                                                                    "cumulative_cardinality": 4643448,
                                                                    "operator_type": "PROJECTION",
                                                                    "operator_cardinality": 2321724,
                                                                    "cumulative_rows_scanned": 2321724,
                                                                    "operator_rows_scanned": 0,
                                                                    "operator_timing": 0.0001590239999999993,
                                                                    "result_set_size": 9286896,
                                                                    "children": [
                                                                        {
                                                                            "operator_name": "READ_PARQUET ",
                                                                            "cpu_time": 0.014410772000000021,
                                                                            "extra_info": {
                                                                                "Function": "READ_PARQUET",
                                                                                "Projections": "userid",
                                                                                "Estimated Cardinality": "2321724"
                                                                            },
                                                                            "cumulative_cardinality": 2321724,
                                                                            "operator_type": "TABLE_SCAN",
                                                                            "operator_cardinality": 2321724,
                                                                            "cumulative_rows_scanned": 2321724,
                                                                            "operator_rows_scanned": 2321724,
                                                                            "operator_timing": 0.014410772000000021,
                                                                            "result_set_size": 9286896,
                                                                            "children": []
                                                                        }
                                                                    ]
                                                                }
                                                            ]
                                                        }
                                                    ]
                                                }
                                            ]
                                        }
                                    ]
                                }
                            ]
                        }
                    ]
                }
            ]
        }
    ]
}