{
    "rows_returned": 1,
    "query_name": "WITH PostStats AS (\n    SELECT \n        COUNT(*) AS TotalPosts,\n        COUNT(DISTINCT OwnerUserId) AS UniquePostOwners,\n        AVG(ViewCount) AS AverageViewCount\n    FROM Posts\n),\n\nUserStats AS (\n    SELECT \n        COUNT(*) AS TotalUsers,\n        AVG(Reputation) AS AverageReputation\n    FROM Users\n),\n\nCommentStats AS (\n    SELECT \n        COUNT(*) AS TotalComments,\n        AVG(Score) AS AverageCommentScore\n    FROM Comments\n),\n\nVoteStats AS (\n    SELECT \n        COUNT(*) AS TotalVotes,\n        AVG(BountyAmount) AS AverageBountyAmount\n    FROM Votes\n)\n\nSELECT \n    (SELECT TotalPosts FROM PostStats) AS TotalPosts,\n    (SELECT UniquePostOwners FROM PostStats) AS UniquePostOwners,\n    (SELECT AverageViewCount FROM PostStats) AS AverageViewCount,\n    (SELECT TotalUsers FROM UserStats) AS TotalUsers,\n    (SELECT AverageReputation FROM UserStats) AS AverageReputation,\n    (SELECT TotalComments FROM CommentStats) AS TotalComments,\n    (SELECT AverageCommentScore FROM CommentStats) AS AverageCommentScore,\n    (SELECT TotalVotes FROM VoteStats) AS TotalVotes,\n    (SELECT AverageBountyAmount FROM VoteStats) AS AverageBountyAmount;",
    "blocked_thread_time": 0.0,
    "cpu_time": 0.25065882499999964,
    "extra_info": {},
    "cumulative_cardinality": 50193540,
    "cumulative_rows_scanned": 25096741,
    "result_set_size": 72,
    "latency": 0.31399045,
    "children": [
        {
            "operator_name": "PROJECTION",
            "cpu_time": 0.25065882499999964,
            "extra_info": {
                "Projections": [
                    "TotalPosts",
                    "UniquePostOwners",
                    "AverageViewCount",
                    "TotalUsers",
                    "AverageReputation",
                    "TotalComments",
                    "AverageCommentScore",
                    "TotalVotes",
                    "AverageBountyAmount"
                ],
                "Estimated Cardinality": "1"
            },
            "cumulative_cardinality": 50193540,
            "operator_type": "PROJECTION",
            "operator_cardinality": 1,
            "cumulative_rows_scanned": 25096741,
            "operator_rows_scanned": 0,
            "operator_timing": 0.000001112,
            "result_set_size": 72,
            "children": [
                {
                    "operator_name": "CTE",
                    "cpu_time": 0.2506577129999996,
                    "extra_info": {
                        "CTE Name": "PostStats",
                        "Table Index": "0"
                    },
                    "cumulative_cardinality": 50193539,
                    "operator_type": "CTE",
                    "operator_cardinality": 0,
                    "cumulative_rows_scanned": 25096741,
                    "operator_rows_scanned": 0,
                    "operator_timing": 4.3e-7,
                    "result_set_size": 0,
                    "children": [
                        {
                            "operator_name": "UNGROUPED_AGGREGATE",
                            "cpu_time": 0.14315875900000014,
                            "extra_info": {
                                "Aggregates": [
                                    "count_star()",
                                    "count(DISTINCT #0)",
                                    "avg(#1)"
                                ]
                            },
                            "cumulative_cardinality": 7700233,
                            "operator_type": "UNGROUPED_AGGREGATE",
                            "operator_cardinality": 1,
                            "cumulative_rows_scanned": 3850116,
                            "operator_rows_scanned": 0,
                            "operator_timing": 0.09480092000000018,
                            "result_set_size": 24,
                            "children": [
                                {
                                    "operator_name": "PROJECTION",
                                    "cpu_time": 0.04835783899999995,
                                    "extra_info": {
                                        "Projections": [
                                            "owneruserid",
                                            "viewcount"
                                        ],
                                        "Estimated Cardinality": "3850116"
                                    },
                                    "cumulative_cardinality": 7700232,
                                    "operator_type": "PROJECTION",
                                    "operator_cardinality": 3850116,
                                    "cumulative_rows_scanned": 3850116,
                                    "operator_rows_scanned": 0,
                                    "operator_timing": 0.0002629899999999985,
                                    "result_set_size": 30800928,
                                    "children": [
                                        {
                                            "operator_name": "READ_PARQUET ",
                                            "cpu_time": 0.04809484899999995,
                                            "extra_info": {
                                                "Function": "READ_PARQUET",
                                                "Projections": [
                                                    "viewcount",
                                                    "owneruserid"
                                                ],
                                                "Estimated Cardinality": "3850116"
                                            },
                                            "cumulative_cardinality": 3850116,
                                            "operator_type": "TABLE_SCAN",
                                            "operator_cardinality": 3850116,
                                            "cumulative_rows_scanned": 3850116,
                                            "operator_rows_scanned": 3850116,
                                            "operator_timing": 0.04809484899999995,
                                            "result_set_size": 30800928,
                                            "children": []
                                        }
                                    ]
                                }
                            ]
                        },
                        {
                            "operator_name": "CTE",
                            "cpu_time": 0.10749852399999948,
                            "extra_info": {
                                "CTE Name": "UserStats",
                                "Table Index": "14"
                            },
                            "cumulative_cardinality": 42493306,
                            "operator_type": "CTE",
                            "operator_cardinality": 0,
                            "cumulative_rows_scanned": 21246625,
                            "operator_rows_scanned": 0,
                            "operator_timing": 0.000001914,
                            "result_set_size": 0,
                            "children": [
                                {
                                    "operator_name": "UNGROUPED_AGGREGATE",
                                    "cpu_time": 0.011911753000000011,
                                    "extra_info": {
                                        "Aggregates": [
                                            "count_star()",
                                            "avg(#0)"
                                        ]
                                    },
                                    "cumulative_cardinality": 2521421,
                                    "operator_type": "UNGROUPED_AGGREGATE",
                                    "operator_cardinality": 1,
                                    "cumulative_rows_scanned": 1260710,
                                    "operator_rows_scanned": 0,
                                    "operator_timing": 0.004839783000000013,
                                    "result_set_size": 16,
                                    "children": [
                                        {
                                            "operator_name": "PROJECTION",
                                            "cpu_time": 0.007071969999999999,
                                            "extra_info": {
                                                "Projections": "reputation",
                                                "Estimated Cardinality": "1260710"
                                            },
                                            "cumulative_cardinality": 2521420,
                                            "operator_type": "PROJECTION",
                                            "operator_cardinality": 1260710,
                                            "cumulative_rows_scanned": 1260710,
                                            "operator_rows_scanned": 0,
                                            "operator_timing": 0.000049912999999999825,
                                            "result_set_size": 5042840,
                                            "children": [
                                                {
                                                    "operator_name": "READ_PARQUET ",
                                                    "cpu_time": 0.007022056999999999,
                                                    "extra_info": {
                                                        "Function": "READ_PARQUET",
                                                        "Projections": "reputation",
                                                        "Estimated Cardinality": "1260710"
                                                    },
                                                    "cumulative_cardinality": 1260710,
                                                    "operator_type": "TABLE_SCAN",
                                                    "operator_cardinality": 1260710,
                                                    "cumulative_rows_scanned": 1260710,
                                                    "operator_rows_scanned": 1260710,
                                                    "operator_timing": 0.007022056999999999,
                                                    "result_set_size": 5042840,
                                                    "children": []
                                                }
                                            ]
                                        }
                                    ]
                                },
                                {
                                    "operator_name": "CTE",
                                    "cpu_time": 0.09558485699999947,
                                    "extra_info": {
                                        "CTE Name": "CommentStats",
                                        "Table Index": "28"
                                    },
                                    "cumulative_cardinality": 39971885,
                                    "operator_type": "CTE",
                                    "operator_cardinality": 0,
                                    "cumulative_rows_scanned": 19985915,
                                    "operator_rows_scanned": 0,
                                    "operator_timing": 3.5e-7,
                                    "result_set_size": 0,
                                    "children": [
                                        {
                                            "operator_name": "UNGROUPED_AGGREGATE",
                                            "cpu_time": 0.0625087779999999,
                                            "extra_info": {
                                                "Aggregates": [
                                                    "count_star()",
                                                    "avg(#0)"
                                                ]
                                            },
                                            "cumulative_cardinality": 14483645,
                                            "operator_type": "UNGROUPED_AGGREGATE",
                                            "operator_cardinality": 1,
                                            "cumulative_rows_scanned": 7241822,
                                            "operator_rows_scanned": 0,
                                            "operator_timing": 0.027731997999999945,
                                            "result_set_size": 16,
                                            "children": [
                                                {
                                                    "operator_name": "PROJECTION",
                                                    "cpu_time": 0.034776779999999965,
                                                    "extra_info": {
                                                        "Projections": "score",
                                                        "Estimated Cardinality": "7241822"
                                                    },
                                                    "cumulative_cardinality": 14483644,
                                                    "operator_type": "PROJECTION",
                                                    "operator_cardinality": 7241822,
                                                    "cumulative_rows_scanned": 7241822,
                                                    "operator_rows_scanned": 0,
                                                    "operator_timing": 0.00029451600000001565,
                                                    "result_set_size": 28967288,
                                                    "children": [
                                                        {
                                                            "operator_name": "READ_PARQUET ",
                                                            "cpu_time": 0.03448226399999995,
                                                            "extra_info": {
                                                                "Function": "READ_PARQUET",
                                                                "Projections": "score",
                                                                "Estimated Cardinality": "7241822"
                                                            },
                                                            "cumulative_cardinality": 7241822,
                                                            "operator_type": "TABLE_SCAN",
                                                            "operator_cardinality": 7241822,
                                                            "cumulative_rows_scanned": 7241822,
                                                            "operator_rows_scanned": 7241822,
                                                            "operator_timing": 0.03448226399999995,
                                                            "result_set_size": 28967288,
                                                            "children": []
                                                        }
                                                    ]
                                                }
                                            ]
                                        },
                                        {
                                            "operator_name": "CTE",
                                            "cpu_time": 0.03307572899999956,
                                            "extra_info": {
                                                "CTE Name": "VoteStats",
                                                "Table Index": "42"
                                            },
                                            "cumulative_cardinality": 25488240,
                                            "operator_type": "CTE",
                                            "operator_cardinality": 0,
                                            "cumulative_rows_scanned": 12744093,
                                            "operator_rows_scanned": 0,
                                            "operator_timing": 2.81e-7,
                                            "result_set_size": 0,
                                            "children": [
                                                {
                                                    "operator_name": "UNGROUPED_AGGREGATE",
                                                    "cpu_time": 0.03295402199999956,
                                                    "extra_info": {
                                                        "Aggregates": [
                                                            "count_star()",
                                                            "avg(#0)"
                                                        ]
                                                    },
                                                    "cumulative_cardinality": 25488187,
                                                    "operator_type": "UNGROUPED_AGGREGATE",
                                                    "operator_cardinality": 1,
                                                    "cumulative_rows_scanned": 12744093,
                                                    "operator_rows_scanned": 0,
                                                    "operator_timing": 0.009526355999999557,
                                                    "result_set_size": 16,
                                                    "children": [
                                                        {
                                                            "operator_name": "PROJECTION",
                                                            "cpu_time": 0.023427666000000003,
                                                            "extra_info": {
                                                                "Projections": "bountyamount",
                                                                "Estimated Cardinality": "12744093"
                                                            },
                                                            "cumulative_cardinality": 25488186,
                                                            "operator_type": "PROJECTION",
                                                            "operator_cardinality": 12744093,
                                                            "cumulative_rows_scanned": 12744093,
                                                            "operator_rows_scanned": 0,
                                                            "operator_timing": 0.00047740400000003357,
                                                            "result_set_size": 50976372,
                                                            "children": [
                                                                {
                                                                    "operator_name": "READ_PARQUET ",
                                                                    "cpu_time": 0.02295026199999997,
                                                                    "extra_info": {
                                                                        "Function": "READ_PARQUET",
                                                                        "Projections": "bountyamount",
                                                                        "Estimated Cardinality": "12744093"
                                                                    },
                                                                    "cumulative_cardinality": 12744093,
                                                                    "operator_type": "TABLE_SCAN",
                                                                    "operator_cardinality": 12744093,
                                                                    "cumulative_rows_scanned": 12744093,
                                                                    "operator_rows_scanned": 12744093,
                                                                    "operator_timing": 0.02295026199999997,
                                                                    "result_set_size": 50976372,
                                                                    "children": []
                                                                }
                                                            ]
                                                        }
                                                    ]
                                                },
                                                {
                                                    "operator_name": "CROSS_PRODUCT",
                                                    "cpu_time": 0.000121426,
                                                    "extra_info": {},
                                                    "cumulative_cardinality": 53,
                                                    "operator_type": "CROSS_PRODUCT",
                                                    "operator_cardinality": 1,
                                                    "cumulative_rows_scanned": 0,
                                                    "operator_rows_scanned": 0,
                                                    "operator_timing": 0.000009707,
                                                    "result_set_size": 72,
                                                    "children": [
                                                        {
                                                            "operator_name": "CROSS_PRODUCT",
                                                            "cpu_time": 0.000110035,
                                                            "extra_info": {},
                                                            "cumulative_cardinality": 47,
                                                            "operator_type": "CROSS_PRODUCT",
                                                            "operator_cardinality": 1,
                                                            "cumulative_rows_scanned": 0,
                                                            "operator_rows_scanned": 0,
                                                            "operator_timing": 0.000008296,
                                                            "result_set_size": 64,
                                                            "children": [
                                                                {
                                                                    "operator_name": "CROSS_PRODUCT",
                                                                    "cpu_time": 0.00009995699999999999,
                                                                    "extra_info": {},
                                                                    "cumulative_cardinality": 41,
                                                                    "operator_type": "CROSS_PRODUCT",
                                                                    "operator_cardinality": 1,
                                                                    "cumulative_rows_scanned": 0,
                                                                    "operator_rows_scanned": 0,
                                                                    "operator_timing": 0.00000637,
                                                                    "result_set_size": 56,
                                                                    "children": [
                                                                        {
                                                                            "operator_name": "CROSS_PRODUCT",
                                                                            "cpu_time": 0.000091744,
                                                                            "extra_info": {},
                                                                            "cumulative_cardinality": 35,
                                                                            "operator_type": "CROSS_PRODUCT",
                                                                            "operator_cardinality": 1,
                                                                            "cumulative_rows_scanned": 0,
                                                                            "operator_rows_scanned": 0,
                                                                            "operator_timing": 0.000016322,
                                                                            "result_set_size": 48,
                                                                            "children": [
                                                                                {
                                                                                    "operator_name": "CROSS_PRODUCT",
                                                                                    "cpu_time": 0.000045366,
                                                                                    "extra_info": {},
                                                                                    "cumulative_cardinality": 29,
                                                                                    "operator_type": "CROSS_PRODUCT",
                                                                                    "operator_cardinality": 1,
                                                                                    "cumulative_rows_scanned": 0,
                                                                                    "operator_rows_scanned": 0,
                                                                                    "operator_timing": 0.0000045790000000000005,
                                                                                    "result_set_size": 40,
                                                                                    "children": [
                                                                                        {
                                                                                            "operator_name": "CROSS_PRODUCT",
                                                                                            "cpu_time": 0.000029405,
                                                                                            "extra_info": {},
                                                                                            "cumulative_cardinality": 23,
                                                                                            "operator_type": "CROSS_PRODUCT",
                                                                                            "operator_cardinality": 1,
                                                                                            "cumulative_rows_scanned": 0,
                                                                                            "operator_rows_scanned": 0,
                                                                                            "operator_timing": 0.000004529,
                                                                                            "result_set_size": 32,
                                                                                            "children": [
                                                                                                {
                                                                                                    "operator_name": "CROSS_PRODUCT",
                                                                                                    "cpu_time": 0.000022852,
                                                                                                    "extra_info": {},
                                                                                                    "cumulative_cardinality": 17,
                                                                                                    "operator_type": "CROSS_PRODUCT",
                                                                                                    "operator_cardinality": 1,
                                                                                                    "cumulative_rows_scanned": 0,
                                                                                                    "operator_rows_scanned": 0,
                                                                                                    "operator_timing": 0.00000514,
                                                                                                    "result_set_size": 24,
                                                                                                    "children": [
                                                                                                        {
                                                                                                            "operator_name": "CROSS_PRODUCT",
                                                                                                            "cpu_time": 0.000015448,
                                                                                                            "extra_info": {},
                                                                                                            "cumulative_cardinality": 11,
                                                                                                            "operator_type": "CROSS_PRODUCT",
                                                                                                            "operator_cardinality": 1,
                                                                                                            "cumulative_rows_scanned": 0,
                                                                                                            "operator_rows_scanned": 0,
                                                                                                            "operator_timing": 0.000011320999999999999,
                                                                                                            "result_set_size": 16,
                                                                                                            "children": [
                                                                                                                {
                                                                                                                    "operator_name": "PROJECTION",
                                                                                                                    "cpu_time": 0.000002353,
                                                                                                                    "extra_info": {
                                                                                                                        "Projections": [
                                                                                                                            "CASE  WHEN ((#1 > 1)) THEN (error('More than one row returned by a subquery used as an expression - scalar subqueries can only return a single row.",
                                                                                                                            "Use \"SET scalar_subquery_error_on_multiple_rows=false\" to revert to previous behavior of returning a random row.')) ELSE #0 END"
                                                                                                                        ],
                                                                                                                        "Estimated Cardinality": "1"
                                                                                                                    },
                                                                                                                    "cumulative_cardinality": 5,
                                                                                                                    "operator_type": "PROJECTION",
                                                                                                                    "operator_cardinality": 1,
                                                                                                                    "cumulative_rows_scanned": 0,
                                                                                                                    "operator_rows_scanned": 0,
                                                                                                                    "operator_timing": 4.51e-7,
                                                                                                                    "result_set_size": 8,
                                                                                                                    "children": [
                                                                                                                        {
                                                                                                                            "operator_name": "UNGROUPED_AGGREGATE",
                                                                                                                            "cpu_time": 0.000001902,
                                                                                                                            "extra_info": {
                                                                                                                                "Aggregates": [
                                                                                                                                    "\"first\"(#0)",
                                                                                                                                    "count_star()"
                                                                                                                                ]
                                                                                                                            },
                                                                                                                            "cumulative_cardinality": 4,
                                                                                                                            "operator_type": "UNGROUPED_AGGREGATE",
                                                                                                                            "operator_cardinality": 1,
                                                                                                                            "cumulative_rows_scanned": 0,
                                                                                                                            "operator_rows_scanned": 0,
                                                                                                                            "operator_timing": 9.42e-7,
                                                                                                                            "result_set_size": 16,
                                                                                                                            "children": [
                                                                                                                                {
                                                                                                                                    "operator_name": "PROJECTION",
                                                                                                                                    "cpu_time": 9.6e-7,
                                                                                                                                    "extra_info": {
                                                                                                                                        "Projections": "#0",
                                                                                                                                        "Estimated Cardinality": "1"
                                                                                                                                    },
                                                                                                                                    "cumulative_cardinality": 3,
                                                                                                                                    "operator_type": "PROJECTION",
                                                                                                                                    "operator_cardinality": 1,
                                                                                                                                    "cumulative_rows_scanned": 0,
                                                                                                                                    "operator_rows_scanned": 0,
                                                                                                                                    "operator_timing": 8e-8,
                                                                                                                                    "result_set_size": 8,
                                                                                                                                    "children": [
                                                                                                                                        {
                                                                                                                                            "operator_name": "PROJECTION",
                                                                                                                                            "cpu_time": 8.799999999999999e-7,
                                                                                                                                            "extra_info": {
                                                                                                                                                "Projections": "TotalVotes",
                                                                                                                                                "Estimated Cardinality": "1"
                                                                                                                                            },
                                                                                                                                            "cumulative_cardinality": 2,
                                                                                                                                            "operator_type": "PROJECTION",
                                                                                                                                            "operator_cardinality": 1,
                                                                                                                                            "cumulative_rows_scanned": 0,
                                                                                                                                            "operator_rows_scanned": 0,
                                                                                                                                            "operator_timing": 2.9e-7,
                                                                                                                                            "result_set_size": 8,
                                                                                                                                            "children": [
                                                                                                                                                {
                                                                                                                                                    "operator_name": "CTE_SCAN",
                                                                                                                                                    "cpu_time": 5.9e-7,
                                                                                                                                                    "extra_info": {
                                                                                                                                                        "CTE Index": "42",
                                                                                                                                                        "Estimated Cardinality": "1"
                                                                                                                                                    },
                                                                                                                                                    "cumulative_cardinality": 1,
                                                                                                                                                    "operator_type": "CTE_SCAN",
                                                                                                                                                    "operator_cardinality": 1,
                                                                                                                                                    "cumulative_rows_scanned": 0,
                                                                                                                                                    "operator_rows_scanned": 0,
                                                                                                                                                    "operator_timing": 5.9e-7,
                                                                                                                                                    "result_set_size": 16,
                                                                                                                                                    "children": []
                                                                                                                                                }
                                                                                                                                            ]
                                                                                                                                        }
                                                                                                                                    ]
                                                                                                                                }
                                                                                                                            ]
                                                                                                                        }
                                                                                                                    ]
                                                                                                                },
                                                                                                                {
                                                                                                                    "operator_name": "PROJECTION",
                                                                                                                    "cpu_time": 0.0000017739999999999999,
                                                                                                                    "extra_info": {
                                                                                                                        "Projections": [
                                                                                                                            "CASE  WHEN ((#1 > 1)) THEN (error('More than one row returned by a subquery used as an expression - scalar subqueries can only return a single row.",
                                                                                                                            "Use \"SET scalar_subquery_error_on_multiple_rows=false\" to revert to previous behavior of returning a random row.')) ELSE #0 END"
                                                                                                                        ],
                                                                                                                        "Estimated Cardinality": "1"
                                                                                                                    },
                                                                                                                    "cumulative_cardinality": 5,
                                                                                                                    "operator_type": "PROJECTION",
                                                                                                                    "operator_cardinality": 1,
                                                                                                                    "cumulative_rows_scanned": 0,
                                                                                                                    "operator_rows_scanned": 0,
                                                                                                                    "operator_timing": 3.61e-7,
                                                                                                                    "result_set_size": 8,
                                                                                                                    "children": [
                                                                                                                        {
                                                                                                                            "operator_name": "UNGROUPED_AGGREGATE",
                                                                                                                            "cpu_time": 0.0000014129999999999999,
                                                                                                                            "extra_info": {
                                                                                                                                "Aggregates": [
                                                                                                                                    "\"first\"(#0)",
                                                                                                                                    "count_star()"
                                                                                                                                ]
                                                                                                                            },
                                                                                                                            "cumulative_cardinality": 4,
                                                                                                                            "operator_type": "UNGROUPED_AGGREGATE",
                                                                                                                            "operator_cardinality": 1,
                                                                                                                            "cumulative_rows_scanned": 0,
                                                                                                                            "operator_rows_scanned": 0,
                                                                                                                            "operator_timing": 6.909999999999999e-7,
                                                                                                                            "result_set_size": 16,
                                                                                                                            "children": [
                                                                                                                                {
                                                                                                                                    "operator_name": "PROJECTION",
                                                                                                                                    "cpu_time": 7.22e-7,
                                                                                                                                    "extra_info": {
                                                                                                                                        "Projections": "#0",
                                                                                                                                        "Estimated Cardinality": "1"
                                                                                                                                    },
                                                                                                                                    "cumulative_cardinality": 3,
                                                                                                                                    "operator_type": "PROJECTION",
                                                                                                                                    "operator_cardinality": 1,
                                                                                                                                    "cumulative_rows_scanned": 0,
                                                                                                                                    "operator_rows_scanned": 0,
                                                                                                                                    "operator_timing": 7.1e-8,
                                                                                                                                    "result_set_size": 8,
                                                                                                                                    "children": [
                                                                                                                                        {
                                                                                                                                            "operator_name": "PROJECTION",
                                                                                                                                            "cpu_time": 6.51e-7,
                                                                                                                                            "extra_info": {
                                                                                                                                                "Projections": "AverageBountyAmount",
                                                                                                                                                "Estimated Cardinality": "1"
                                                                                                                                            },
                                                                                                                                            "cumulative_cardinality": 2,
                                                                                                                                            "operator_type": "PROJECTION",
                                                                                                                                            "operator_cardinality": 1,
                                                                                                                                            "cumulative_rows_scanned": 0,
                                                                                                                                            "operator_rows_scanned": 0,
                                                                                                                                            "operator_timing": 1.1e-7,
                                                                                                                                            "result_set_size": 8,
                                                                                                                                            "children": [
                                                                                                                                                {
                                                                                                                                                    "operator_name": "CTE_SCAN",
                                                                                                                                                    "cpu_time": 5.41e-7,
                                                                                                                                                    "extra_info": {
                                                                                                                                                        "CTE Index": "42",
                                                                                                                                                        "Estimated Cardinality": "1"
                                                                                                                                                    },
                                                                                                                                                    "cumulative_cardinality": 1,
                                                                                                                                                    "operator_type": "CTE_SCAN",
                                                                                                                                                    "operator_cardinality": 1,
                                                                                                                                                    "cumulative_rows_scanned": 0,
                                                                                                                                                    "operator_rows_scanned": 0,
                                                                                                                                                    "operator_timing": 5.41e-7,
                                                                                                                                                    "result_set_size": 16,
                                                                                                                                                    "children": []
                                                                                                                                                }
                                                                                                                                            ]
                                                                                                                                        }
                                                                                                                                    ]
                                                                                                                                }
                                                                                                                            ]
                                                                                                                        }
                                                                                                                    ]
                                                                                                                }
                                                                                                            ]
                                                                                                        },
                                                                                                        {
                                                                                                            "operator_name": "PROJECTION",
                                                                                                            "cpu_time": 0.0000022640000000000003,
                                                                                                            "extra_info": {
                                                                                                                "Projections": [
                                                                                                                    "CASE  WHEN ((#1 > 1)) THEN (error('More than one row returned by a subquery used as an expression - scalar subqueries can only return a single row.",
                                                                                                                    "Use \"SET scalar_subquery_error_on_multiple_rows=false\" to revert to previous behavior of returning a random row.')) ELSE #0 END"
                                                                                                                ],
                                                                                                                "Estimated Cardinality": "1"
                                                                                                            },
                                                                                                            "cumulative_cardinality": 5,
                                                                                                            "operator_type": "PROJECTION",
                                                                                                            "operator_cardinality": 1,
                                                                                                            "cumulative_rows_scanned": 0,
                                                                                                            "operator_rows_scanned": 0,
                                                                                                            "operator_timing": 4.11e-7,
                                                                                                            "result_set_size": 8,
                                                                                                            "children": [
                                                                                                                {
                                                                                                                    "operator_name": "UNGROUPED_AGGREGATE",
                                                                                                                    "cpu_time": 0.000001853,
                                                                                                                    "extra_info": {
                                                                                                                        "Aggregates": [
                                                                                                                            "\"first\"(#0)",
                                                                                                                            "count_star()"
                                                                                                                        ]
                                                                                                                    },
                                                                                                                    "cumulative_cardinality": 4,
                                                                                                                    "operator_type": "UNGROUPED_AGGREGATE",
                                                                                                                    "operator_cardinality": 1,
                                                                                                                    "cumulative_rows_scanned": 0,
                                                                                                                    "operator_rows_scanned": 0,
                                                                                                                    "operator_timing": 8.419999999999999e-7,
                                                                                                                    "result_set_size": 16,
                                                                                                                    "children": [
                                                                                                                        {
                                                                                                                            "operator_name": "PROJECTION",
                                                                                                                            "cpu_time": 0.0000010110000000000001,
                                                                                                                            "extra_info": {
                                                                                                                                "Projections": "#0",
                                                                                                                                "Estimated Cardinality": "1"
                                                                                                                            },
                                                                                                                            "cumulative_cardinality": 3,
                                                                                                                            "operator_type": "PROJECTION",
                                                                                                                            "operator_cardinality": 1,
                                                                                                                            "cumulative_rows_scanned": 0,
                                                                                                                            "operator_rows_scanned": 0,
                                                                                                                            "operator_timing": 8e-8,
                                                                                                                            "result_set_size": 8,
                                                                                                                            "children": [
                                                                                                                                {
                                                                                                                                    "operator_name": "PROJECTION",
                                                                                                                                    "cpu_time": 9.310000000000001e-7,
                                                                                                                                    "extra_info": {
                                                                                                                                        "Projections": "AverageCommentScore",
                                                                                                                                        "Estimated Cardinality": "1"
                                                                                                                                    },
                                                                                                                                    "cumulative_cardinality": 2,
                                                                                                                                    "operator_type": "PROJECTION",
                                                                                                                                    "operator_cardinality": 1,
                                                                                                                                    "cumulative_rows_scanned": 0,
                                                                                                                                    "operator_rows_scanned": 0,
                                                                                                                                    "operator_timing": 1.5e-7,
                                                                                                                                    "result_set_size": 8,
                                                                                                                                    "children": [
                                                                                                                                        {
                                                                                                                                            "operator_name": "CTE_SCAN",
                                                                                                                                            "cpu_time": 7.81e-7,
                                                                                                                                            "extra_info": {
                                                                                                                                                "CTE Index": "28",
                                                                                                                                                "Estimated Cardinality": "1"
                                                                                                                                            },
                                                                                                                                            "cumulative_cardinality": 1,
                                                                                                                                            "operator_type": "CTE_SCAN",
                                                                                                                                            "operator_cardinality": 1,
                                                                                                                                            "cumulative_rows_scanned": 0,
                                                                                                                                            "operator_rows_scanned": 0,
                                                                                                                                            "operator_timing": 7.81e-7,
                                                                                                                                            "result_set_size": 16,
                                                                                                                                            "children": []
                                                                                                                                        }
                                                                                                                                    ]
                                                                                                                                }
                                                                                                                            ]
                                                                                                                        }
                                                                                                                    ]
                                                                                                                }
                                                                                                            ]
                                                                                                        }
                                                                                                    ]
                                                                                                },
                                                                                                {
                                                                                                    "operator_name": "PROJECTION",
                                                                                                    "cpu_time": 0.000002024,
                                                                                                    "extra_info": {
                                                                                                        "Projections": [
                                                                                                            "CASE  WHEN ((#1 > 1)) THEN (error('More than one row returned by a subquery used as an expression - scalar subqueries can only return a single row.",
                                                                                                            "Use \"SET scalar_subquery_error_on_multiple_rows=false\" to revert to previous behavior of returning a random row.')) ELSE #0 END"
                                                                                                        ],
                                                                                                        "Estimated Cardinality": "1"
                                                                                                    },
                                                                                                    "cumulative_cardinality": 5,
                                                                                                    "operator_type": "PROJECTION",
                                                                                                    "operator_cardinality": 1,
                                                                                                    "cumulative_rows_scanned": 0,
                                                                                                    "operator_rows_scanned": 0,
                                                                                                    "operator_timing": 3.3e-7,
                                                                                                    "result_set_size": 8,
                                                                                                    "children": [
                                                                                                        {
                                                                                                            "operator_name": "UNGROUPED_AGGREGATE",
                                                                                                            "cpu_time": 0.000001694,
                                                                                                            "extra_info": {
                                                                                                                "Aggregates": [
                                                                                                                    "\"first\"(#0)",
                                                                                                                    "count_star()"
                                                                                                                ]
                                                                                                            },
                                                                                                            "cumulative_cardinality": 4,
                                                                                                            "operator_type": "UNGROUPED_AGGREGATE",
                                                                                                            "operator_cardinality": 1,
                                                                                                            "cumulative_rows_scanned": 0,
                                                                                                            "operator_rows_scanned": 0,
                                                                                                            "operator_timing": 7.72e-7,
                                                                                                            "result_set_size": 16,
                                                                                                            "children": [
                                                                                                                {
                                                                                                                    "operator_name": "PROJECTION",
                                                                                                                    "cpu_time": 9.22e-7,
                                                                                                                    "extra_info": {
                                                                                                                        "Projections": "#0",
                                                                                                                        "Estimated Cardinality": "1"
                                                                                                                    },
                                                                                                                    "cumulative_cardinality": 3,
                                                                                                                    "operator_type": "PROJECTION",
                                                                                                                    "operator_cardinality": 1,
                                                                                                                    "cumulative_rows_scanned": 0,
                                                                                                                    "operator_rows_scanned": 0,
                                                                                                                    "operator_timing": 8e-8,
                                                                                                                    "result_set_size": 8,
                                                                                                                    "children": [
                                                                                                                        {
                                                                                                                            "operator_name": "PROJECTION",
                                                                                                                            "cpu_time": 8.42e-7,
                                                                                                                            "extra_info": {
                                                                                                                                "Projections": "TotalComments",
                                                                                                                                "Estimated Cardinality": "1"
                                                                                                                            },
                                                                                                                            "cumulative_cardinality": 2,
                                                                                                                            "operator_type": "PROJECTION",
                                                                                                                            "operator_cardinality": 1,
                                                                                                                            "cumulative_rows_scanned": 0,
                                                                                                                            "operator_rows_scanned": 0,
                                                                                                                            "operator_timing": 2.61e-7,
                                                                                                                            "result_set_size": 8,
                                                                                                                            "children": [
                                                                                                                                {
                                                                                                                                    "operator_name": "CTE_SCAN",
                                                                                                                                    "cpu_time": 5.81e-7,
                                                                                                                                    "extra_info": {
                                                                                                                                        "CTE Index": "28",
                                                                                                                                        "Estimated Cardinality": "1"
                                                                                                                                    },
                                                                                                                                    "cumulative_cardinality": 1,
                                                                                                                                    "operator_type": "CTE_SCAN",
                                                                                                                                    "operator_cardinality": 1,
                                                                                                                                    "cumulative_rows_scanned": 0,
                                                                                                                                    "operator_rows_scanned": 0,
                                                                                                                                    "operator_timing": 5.81e-7,
                                                                                                                                    "result_set_size": 16,
                                                                                                                                    "children": []
                                                                                                                                }
                                                                                                                            ]
                                                                                                                        }
                                                                                                                    ]
                                                                                                                }
                                                                                                            ]
                                                                                                        }
                                                                                                    ]
                                                                                                }
                                                                                            ]
                                                                                        },
                                                                                        {
                                                                                            "operator_name": "PROJECTION",
                                                                                            "cpu_time": 0.000011382,
                                                                                            "extra_info": {
                                                                                                "Projections": [
                                                                                                    "CASE  WHEN ((#1 > 1)) THEN (error('More than one row returned by a subquery used as an expression - scalar subqueries can only return a single row.",
                                                                                                    "Use \"SET scalar_subquery_error_on_multiple_rows=false\" to revert to previous behavior of returning a random row.')) ELSE #0 END"
                                                                                                ],
                                                                                                "Estimated Cardinality": "1"
                                                                                            },
                                                                                            "cumulative_cardinality": 5,
                                                                                            "operator_type": "PROJECTION",
                                                                                            "operator_cardinality": 1,
                                                                                            "cumulative_rows_scanned": 0,
                                                                                            "operator_rows_scanned": 0,
                                                                                            "operator_timing": 4.71e-7,
                                                                                            "result_set_size": 8,
                                                                                            "children": [
                                                                                                {
                                                                                                    "operator_name": "UNGROUPED_AGGREGATE",
                                                                                                    "cpu_time": 0.000010911000000000001,
                                                                                                    "extra_info": {
                                                                                                        "Aggregates": [
                                                                                                            "\"first\"(#0)",
                                                                                                            "count_star()"
                                                                                                        ]
                                                                                                    },
                                                                                                    "cumulative_cardinality": 4,
                                                                                                    "operator_type": "UNGROUPED_AGGREGATE",
                                                                                                    "operator_cardinality": 1,
                                                                                                    "cumulative_rows_scanned": 0,
                                                                                                    "operator_rows_scanned": 0,
                                                                                                    "operator_timing": 0.000009768,
                                                                                                    "result_set_size": 16,
                                                                                                    "children": [
                                                                                                        {
                                                                                                            "operator_name": "PROJECTION",
                                                                                                            "cpu_time": 0.000001143,
                                                                                                            "extra_info": {
                                                                                                                "Projections": "#0",
                                                                                                                "Estimated Cardinality": "1"
                                                                                                            },
                                                                                                            "cumulative_cardinality": 3,
                                                                                                            "operator_type": "PROJECTION",
                                                                                                            "operator_cardinality": 1,
                                                                                                            "cumulative_rows_scanned": 0,
                                                                                                            "operator_rows_scanned": 0,
                                                                                                            "operator_timing": 7e-8,
                                                                                                            "result_set_size": 8,
                                                                                                            "children": [
                                                                                                                {
                                                                                                                    "operator_name": "PROJECTION",
                                                                                                                    "cpu_time": 0.000001073,
                                                                                                                    "extra_info": {
                                                                                                                        "Projections": "AverageReputation",
                                                                                                                        "Estimated Cardinality": "1"
                                                                                                                    },
                                                                                                                    "cumulative_cardinality": 2,
                                                                                                                    "operator_type": "PROJECTION",
                                                                                                                    "operator_cardinality": 1,
                                                                                                                    "cumulative_rows_scanned": 0,
                                                                                                                    "operator_rows_scanned": 0,
                                                                                                                    "operator_timing": 1.5e-7,
                                                                                                                    "result_set_size": 8,
                                                                                                                    "children": [
                                                                                                                        {
                                                                                                                            "operator_name": "CTE_SCAN",
                                                                                                                            "cpu_time": 9.23e-7,
                                                                                                                            "extra_info": {
                                                                                                                                "CTE Index": "14",
                                                                                                                                "Estimated Cardinality": "1"
                                                                                                                            },
                                                                                                                            "cumulative_cardinality": 1,
                                                                                                                            "operator_type": "CTE_SCAN",
                                                                                                                            "operator_cardinality": 1,
                                                                                                                            "cumulative_rows_scanned": 0,
                                                                                                                            "operator_rows_scanned": 0,
                                                                                                                            "operator_timing": 9.23e-7,
                                                                                                                            "result_set_size": 16,
                                                                                                                            "children": []
                                                                                                                        }
                                                                                                                    ]
                                                                                                                }
                                                                                                            ]
                                                                                                        }
                                                                                                    ]
                                                                                                }
                                                                                            ]
                                                                                        }
                                                                                    ]
                                                                                },
                                                                                {
                                                                                    "operator_name": "PROJECTION",
                                                                                    "cpu_time": 0.000030055999999999998,
                                                                                    "extra_info": {
                                                                                        "Projections": [
                                                                                            "CASE  WHEN ((#1 > 1)) THEN (error('More than one row returned by a subquery used as an expression - scalar subqueries can only return a single row.",
                                                                                            "Use \"SET scalar_subquery_error_on_multiple_rows=false\" to revert to previous behavior of returning a random row.')) ELSE #0 END"
                                                                                        ],
                                                                                        "Estimated Cardinality": "1"
                                                                                    },
                                                                                    "cumulative_cardinality": 5,
                                                                                    "operator_type": "PROJECTION",
                                                                                    "operator_cardinality": 1,
                                                                                    "cumulative_rows_scanned": 0,
                                                                                    "operator_rows_scanned": 0,
                                                                                    "operator_timing": 0.000002806,
                                                                                    "result_set_size": 8,
                                                                                    "children": [
                                                                                        {
                                                                                            "operator_name": "UNGROUPED_AGGREGATE",
                                                                                            "cpu_time": 0.000027249999999999998,
                                                                                            "extra_info": {
                                                                                                "Aggregates": [
                                                                                                    "\"first\"(#0)",
                                                                                                    "count_star()"
                                                                                                ]
                                                                                            },
                                                                                            "cumulative_cardinality": 4,
                                                                                            "operator_type": "UNGROUPED_AGGREGATE",
                                                                                            "operator_cardinality": 1,
                                                                                            "cumulative_rows_scanned": 0,
                                                                                            "operator_rows_scanned": 0,
                                                                                            "operator_timing": 0.000024636,
                                                                                            "result_set_size": 16,
                                                                                            "children": [
                                                                                                {
                                                                                                    "operator_name": "PROJECTION",
                                                                                                    "cpu_time": 0.0000026140000000000003,
                                                                                                    "extra_info": {
                                                                                                        "Projections": "#0",
                                                                                                        "Estimated Cardinality": "1"
                                                                                                    },
                                                                                                    "cumulative_cardinality": 3,
                                                                                                    "operator_type": "PROJECTION",
                                                                                                    "operator_cardinality": 1,
                                                                                                    "cumulative_rows_scanned": 0,
                                                                                                    "operator_rows_scanned": 0,
                                                                                                    "operator_timing": 7e-8,
                                                                                                    "result_set_size": 8,
                                                                                                    "children": [
                                                                                                        {
                                                                                                            "operator_name": "PROJECTION",
                                                                                                            "cpu_time": 0.000002544,
                                                                                                            "extra_info": {
                                                                                                                "Projections": "TotalUsers",
                                                                                                                "Estimated Cardinality": "1"
                                                                                                            },
                                                                                                            "cumulative_cardinality": 2,
                                                                                                            "operator_type": "PROJECTION",
                                                                                                            "operator_cardinality": 1,
                                                                                                            "cumulative_rows_scanned": 0,
                                                                                                            "operator_rows_scanned": 0,
                                                                                                            "operator_timing": 3.4e-7,
                                                                                                            "result_set_size": 8,
                                                                                                            "children": [
                                                                                                                {
                                                                                                                    "operator_name": "CTE_SCAN",
                                                                                                                    "cpu_time": 0.000002204,
                                                                                                                    "extra_info": {
                                                                                                                        "CTE Index": "14",
                                                                                                                        "Estimated Cardinality": "1"
                                                                                                                    },
                                                                                                                    "cumulative_cardinality": 1,
                                                                                                                    "operator_type": "CTE_SCAN",
                                                                                                                    "operator_cardinality": 1,
                                                                                                                    "cumulative_rows_scanned": 0,
                                                                                                                    "operator_rows_scanned": 0,
                                                                                                                    "operator_timing": 0.000002204,
                                                                                                                    "result_set_size": 16,
                                                                                                                    "children": []
                                                                                                                }
                                                                                                            ]
                                                                                                        }
                                                                                                    ]
                                                                                                }
                                                                                            ]
                                                                                        }
                                                                                    ]
                                                                                }
                                                                            ]
                                                                        },
                                                                        {
                                                                            "operator_name": "PROJECTION",
                                                                            "cpu_time": 0.000001843,
                                                                            "extra_info": {
                                                                                "Projections": [
                                                                                    "CASE  WHEN ((#1 > 1)) THEN (error('More than one row returned by a subquery used as an expression - scalar subqueries can only return a single row.",
                                                                                    "Use \"SET scalar_subquery_error_on_multiple_rows=false\" to revert to previous behavior of returning a random row.')) ELSE #0 END"
                                                                                ],
                                                                                "Estimated Cardinality": "1"
                                                                            },
                                                                            "cumulative_cardinality": 5,
                                                                            "operator_type": "PROJECTION",
                                                                            "operator_cardinality": 1,
                                                                            "cumulative_rows_scanned": 0,
                                                                            "operator_rows_scanned": 0,
                                                                            "operator_timing": 3.2e-7,
                                                                            "result_set_size": 8,
                                                                            "children": [
                                                                                {
                                                                                    "operator_name": "UNGROUPED_AGGREGATE",
                                                                                    "cpu_time": 0.000001523,
                                                                                    "extra_info": {
                                                                                        "Aggregates": [
                                                                                            "\"first\"(#0)",
                                                                                            "count_star()"
                                                                                        ]
                                                                                    },
                                                                                    "cumulative_cardinality": 4,
                                                                                    "operator_type": "UNGROUPED_AGGREGATE",
                                                                                    "operator_cardinality": 1,
                                                                                    "cumulative_rows_scanned": 0,
                                                                                    "operator_rows_scanned": 0,
                                                                                    "operator_timing": 6.41e-7,
                                                                                    "result_set_size": 16,
                                                                                    "children": [
                                                                                        {
                                                                                            "operator_name": "PROJECTION",
                                                                                            "cpu_time": 8.82e-7,
                                                                                            "extra_info": {
                                                                                                "Projections": "#0",
                                                                                                "Estimated Cardinality": "1"
                                                                                            },
                                                                                            "cumulative_cardinality": 3,
                                                                                            "operator_type": "PROJECTION",
                                                                                            "operator_cardinality": 1,
                                                                                            "cumulative_rows_scanned": 0,
                                                                                            "operator_rows_scanned": 0,
                                                                                            "operator_timing": 7e-8,
                                                                                            "result_set_size": 8,
                                                                                            "children": [
                                                                                                {
                                                                                                    "operator_name": "PROJECTION",
                                                                                                    "cpu_time": 8.12e-7,
                                                                                                    "extra_info": {
                                                                                                        "Projections": "AverageViewCount",
                                                                                                        "Estimated Cardinality": "1"
                                                                                                    },
                                                                                                    "cumulative_cardinality": 2,
                                                                                                    "operator_type": "PROJECTION",
                                                                                                    "operator_cardinality": 1,
                                                                                                    "cumulative_rows_scanned": 0,
                                                                                                    "operator_rows_scanned": 0,
                                                                                                    "operator_timing": 9e-8,
                                                                                                    "result_set_size": 8,
                                                                                                    "children": [
                                                                                                        {
                                                                                                            "operator_name": "CTE_SCAN",
                                                                                                            "cpu_time": 7.22e-7,
                                                                                                            "extra_info": {
                                                                                                                "CTE Index": "0",
                                                                                                                "Estimated Cardinality": "1"
                                                                                                            },
                                                                                                            "cumulative_cardinality": 1,
                                                                                                            "operator_type": "CTE_SCAN",
                                                                                                            "operator_cardinality": 1,
                                                                                                            "cumulative_rows_scanned": 0,
                                                                                                            "operator_rows_scanned": 0,
                                                                                                            "operator_timing": 7.22e-7,
                                                                                                            "result_set_size": 24,
                                                                                                            "children": []
                                                                                                        }
                                                                                                    ]
                                                                                                }
                                                                                            ]
                                                                                        }
                                                                                    ]
                                                                                }
                                                                            ]
                                                                        }
                                                                    ]
                                                                },
                                                                {
                                                                    "operator_name": "PROJECTION",
                                                                    "cpu_time": 0.0000017819999999999996,
                                                                    "extra_info": {
                                                                        "Projections": [
                                                                            "CASE  WHEN ((#1 > 1)) THEN (error('More than one row returned by a subquery used as an expression - scalar subqueries can only return a single row.",
                                                                            "Use \"SET scalar_subquery_error_on_multiple_rows=false\" to revert to previous behavior of returning a random row.')) ELSE #0 END"
                                                                        ],
                                                                        "Estimated Cardinality": "1"
                                                                    },
                                                                    "cumulative_cardinality": 5,
                                                                    "operator_type": "PROJECTION",
                                                                    "operator_cardinality": 1,
                                                                    "cumulative_rows_scanned": 0,
                                                                    "operator_rows_scanned": 0,
                                                                    "operator_timing": 3.2e-7,
                                                                    "result_set_size": 8,
                                                                    "children": [
                                                                        {
                                                                            "operator_name": "UNGROUPED_AGGREGATE",
                                                                            "cpu_time": 0.0000014619999999999997,
                                                                            "extra_info": {
                                                                                "Aggregates": [
                                                                                    "\"first\"(#0)",
                                                                                    "count_star()"
                                                                                ]
                                                                            },
                                                                            "cumulative_cardinality": 4,
                                                                            "operator_type": "UNGROUPED_AGGREGATE",
                                                                            "operator_cardinality": 1,
                                                                            "cumulative_rows_scanned": 0,
                                                                            "operator_rows_scanned": 0,
                                                                            "operator_timing": 6.599999999999999e-7,
                                                                            "result_set_size": 16,
                                                                            "children": [
                                                                                {
                                                                                    "operator_name": "PROJECTION",
                                                                                    "cpu_time": 8.019999999999999e-7,
                                                                                    "extra_info": {
                                                                                        "Projections": "#0",
                                                                                        "Estimated Cardinality": "1"
                                                                                    },
                                                                                    "cumulative_cardinality": 3,
                                                                                    "operator_type": "PROJECTION",
                                                                                    "operator_cardinality": 1,
                                                                                    "cumulative_rows_scanned": 0,
                                                                                    "operator_rows_scanned": 0,
                                                                                    "operator_timing": 7e-8,
                                                                                    "result_set_size": 8,
                                                                                    "children": [
                                                                                        {
                                                                                            "operator_name": "PROJECTION",
                                                                                            "cpu_time": 7.319999999999999e-7,
                                                                                            "extra_info": {
                                                                                                "Projections": "UniquePostOwners",
                                                                                                "Estimated Cardinality": "1"
                                                                                            },
                                                                                            "cumulative_cardinality": 2,
                                                                                            "operator_type": "PROJECTION",
                                                                                            "operator_cardinality": 1,
                                                                                            "cumulative_rows_scanned": 0,
                                                                                            "operator_rows_scanned": 0,
                                                                                            "operator_timing": 1e-7,
                                                                                            "result_set_size": 8,
                                                                                            "children": [
                                                                                                {
                                                                                                    "operator_name": "CTE_SCAN",
                                                                                                    "cpu_time": 6.319999999999999e-7,
                                                                                                    "extra_info": {
                                                                                                        "CTE Index": "0",
                                                                                                        "Estimated Cardinality": "1"
                                                                                                    },
                                                                                                    "cumulative_cardinality": 1,
                                                                                                    "operator_type": "CTE_SCAN",
                                                                                                    "operator_cardinality": 1,
                                                                                                    "cumulative_rows_scanned": 0,
                                                                                                    "operator_rows_scanned": 0,
                                                                                                    "operator_timing": 6.319999999999999e-7,
                                                                                                    "result_set_size": 24,
                                                                                                    "children": []
                                                                                                }
                                                                                            ]
                                                                                        }
                                                                                    ]
                                                                                }
                                                                            ]
                                                                        }
                                                                    ]
                                                                }
                                                            ]
                                                        },
                                                        {
                                                            "operator_name": "PROJECTION",
                                                            "cpu_time": 0.0000016839999999999999,
                                                            "extra_info": {
                                                                "Projections": [
                                                                    "CASE  WHEN ((#1 > 1)) THEN (error('More than one row returned by a subquery used as an expression - scalar subqueries can only return a single row.",
                                                                    "Use \"SET scalar_subquery_error_on_multiple_rows=false\" to revert to previous behavior of returning a random row.')) ELSE #0 END"
                                                                ],
                                                                "Estimated Cardinality": "1"
                                                            },
                                                            "cumulative_cardinality": 5,
                                                            "operator_type": "PROJECTION",
                                                            "operator_cardinality": 1,
                                                            "cumulative_rows_scanned": 0,
                                                            "operator_rows_scanned": 0,
                                                            "operator_timing": 3.21e-7,
                                                            "result_set_size": 8,
                                                            "children": [
                                                                {
                                                                    "operator_name": "UNGROUPED_AGGREGATE",
                                                                    "cpu_time": 0.000001363,
                                                                    "extra_info": {
                                                                        "Aggregates": [
                                                                            "\"first\"(#0)",
                                                                            "count_star()"
                                                                        ]
                                                                    },
                                                                    "cumulative_cardinality": 4,
                                                                    "operator_type": "UNGROUPED_AGGREGATE",
                                                                    "operator_cardinality": 1,
                                                                    "cumulative_rows_scanned": 0,
                                                                    "operator_rows_scanned": 0,
                                                                    "operator_timing": 6.210000000000001e-7,
                                                                    "result_set_size": 16,
                                                                    "children": [
                                                                        {
                                                                            "operator_name": "PROJECTION",
                                                                            "cpu_time": 7.42e-7,
                                                                            "extra_info": {
                                                                                "Projections": "#0",
                                                                                "Estimated Cardinality": "1"
                                                                            },
                                                                            "cumulative_cardinality": 3,
                                                                            "operator_type": "PROJECTION",
                                                                            "operator_cardinality": 1,
                                                                            "cumulative_rows_scanned": 0,
                                                                            "operator_rows_scanned": 0,
                                                                            "operator_timing": 7e-8,
                                                                            "result_set_size": 8,
                                                                            "children": [
                                                                                {
                                                                                    "operator_name": "PROJECTION",
                                                                                    "cpu_time": 6.72e-7,
                                                                                    "extra_info": {
                                                                                        "Projections": "TotalPosts",
                                                                                        "Estimated Cardinality": "1"
                                                                                    },
                                                                                    "cumulative_cardinality": 2,
                                                                                    "operator_type": "PROJECTION",
                                                                                    "operator_cardinality": 1,
                                                                                    "cumulative_rows_scanned": 0,
                                                                                    "operator_rows_scanned": 0,
                                                                                    "operator_timing": 1.11e-7,
                                                                                    "result_set_size": 8,
                                                                                    "children": [
                                                                                        {
                                                                                            "operator_name": "CTE_SCAN",
                                                                                            "cpu_time": 5.61e-7,
                                                                                            "extra_info": {
                                                                                                "CTE Index": "0",
                                                                                                "Estimated Cardinality": "1"
                                                                                            },
                                                                                            "cumulative_cardinality": 1,
                                                                                            "operator_type": "CTE_SCAN",
                                                                                            "operator_cardinality": 1,
                                                                                            "cumulative_rows_scanned": 0,
                                                                                            "operator_rows_scanned": 0,
                                                                                            "operator_timing": 5.61e-7,
                                                                                            "result_set_size": 24,
                                                                                            "children": []
                                                                                        }
                                                                                    ]
                                                                                }
                                                                            ]
                                                                        }
                                                                    ]
                                                                }
                                                            ]
                                                        }
                                                    ]
                                                }
                                            ]
                                        }
                                    ]
                                }
                            ]
                        }
                    ]
                }
            ]
        }
    ]
}