{
    "rows_returned": 1,
    "query_name": "SELECT \n    (SELECT COUNT(DISTINCT OwnerUserId) FROM Posts WHERE PostTypeId = 1) AS TotalQuestions,\n    (SELECT COUNT(DISTINCT OwnerUserId) FROM Posts WHERE PostTypeId = 2) AS TotalAnswers\n;",
    "blocked_thread_time": 0.0,
    "cpu_time": 0.27664719999999987,
    "extra_info": {},
    "cumulative_cardinality": 7690923,
    "cumulative_rows_scanned": 7700232,
    "result_set_size": 16,
    "latency": 0.319526553,
    "children": [
        {
            "operator_name": "CROSS_PRODUCT",
            "cpu_time": 0.27664719999999987,
            "extra_info": {},
            "cumulative_cardinality": 7690923,
            "operator_type": "CROSS_PRODUCT",
            "operator_cardinality": 1,
            "cumulative_rows_scanned": 7700232,
            "operator_rows_scanned": 0,
            "operator_timing": 0.000023434,
            "result_set_size": 16,
            "children": [
                {
                    "operator_name": "PROJECTION",
                    "cpu_time": 0.14096196299999997,
                    "extra_info": {
                        "Projections": [
                            "CASE  WHEN ((#1 > 1)) THEN (error('More than one row returned by a subquery used as an expression - scalar subqueries can only return a single row.",
                            "Use \"SET scalar_subquery_error_on_multiple_rows=false\" to revert to previous behavior of returning a random row.')) ELSE #0 END"
                        ],
                        "Estimated Cardinality": "1"
                    },
                    "cumulative_cardinality": 3336332,
                    "operator_type": "PROJECTION",
                    "operator_cardinality": 1,
                    "cumulative_rows_scanned": 3850116,
                    "operator_rows_scanned": 0,
                    "operator_timing": 0.000001623,
                    "result_set_size": 8,
                    "children": [
                        {
                            "operator_name": "UNGROUPED_AGGREGATE",
                            "cpu_time": 0.14096033999999996,
                            "extra_info": {
                                "Aggregates": [
                                    "\"first\"(#0)",
                                    "count_star()"
                                ]
                            },
                            "cumulative_cardinality": 3336331,
                            "operator_type": "UNGROUPED_AGGREGATE",
                            "operator_cardinality": 1,
                            "cumulative_rows_scanned": 3850116,
                            "operator_rows_scanned": 0,
                            "operator_timing": 0.000001443,
                            "result_set_size": 16,
                            "children": [
                                {
                                    "operator_name": "PROJECTION",
                                    "cpu_time": 0.14095889699999997,
                                    "extra_info": {
                                        "Projections": "#0",
                                        "Estimated Cardinality": "1"
                                    },
                                    "cumulative_cardinality": 3336330,
                                    "operator_type": "PROJECTION",
                                    "operator_cardinality": 1,
                                    "cumulative_rows_scanned": 3850116,
                                    "operator_rows_scanned": 0,
                                    "operator_timing": 3.81e-7,
                                    "result_set_size": 8,
                                    "children": [
                                        {
                                            "operator_name": "UNGROUPED_AGGREGATE",
                                            "cpu_time": 0.14095851599999998,
                                            "extra_info": {
                                                "Aggregates": "count(DISTINCT #0)"
                                            },
                                            "cumulative_cardinality": 3336329,
                                            "operator_type": "UNGROUPED_AGGREGATE",
                                            "operator_cardinality": 1,
                                            "cumulative_rows_scanned": 3850116,
                                            "operator_rows_scanned": 0,
                                            "operator_timing": 0.04349823199999995,
                                            "result_set_size": 8,
                                            "children": [
                                                {
                                                    "operator_name": "PROJECTION",
                                                    "cpu_time": 0.09746028400000002,
                                                    "extra_info": {
                                                        "Projections": "owneruserid",
                                                        "Estimated Cardinality": "770023"
                                                    },
                                                    "cumulative_cardinality": 3336328,
                                                    "operator_type": "PROJECTION",
                                                    "operator_cardinality": 1668164,
                                                    "cumulative_rows_scanned": 3850116,
                                                    "operator_rows_scanned": 0,
                                                    "operator_timing": 0.0002545799999999979,
                                                    "result_set_size": 6672656,
                                                    "children": [
                                                        {
                                                            "operator_name": "READ_PARQUET ",
                                                            "cpu_time": 0.09720570400000002,
                                                            "extra_info": {
                                                                "Function": "READ_PARQUET",
                                                                "Projections": "owneruserid",
                                                                "Filters": "posttypeid=1",
                                                                "Estimated Cardinality": "770023"
                                                            },
                                                            "cumulative_cardinality": 1668164,
                                                            "operator_type": "TABLE_SCAN",
                                                            "operator_cardinality": 1668164,
                                                            "cumulative_rows_scanned": 3850116,
                                                            "operator_rows_scanned": 3850116,
                                                            "operator_timing": 0.09720570400000002,
                                                            "result_set_size": 6672656,
                                                            "children": []
                                                        }
                                                    ]
                                                }
                                            ]
                                        }
                                    ]
                                }
                            ]
                        }
                    ]
                },
                {
                    "operator_name": "PROJECTION",
                    "cpu_time": 0.13566180299999991,
                    "extra_info": {
                        "Projections": [
                            "CASE  WHEN ((#1 > 1)) THEN (error('More than one row returned by a subquery used as an expression - scalar subqueries can only return a single row.",
                            "Use \"SET scalar_subquery_error_on_multiple_rows=false\" to revert to previous behavior of returning a random row.')) ELSE #0 END"
                        ],
                        "Estimated Cardinality": "1"
                    },
                    "cumulative_cardinality": 4354590,
                    "operator_type": "PROJECTION",
                    "operator_cardinality": 1,
                    "cumulative_rows_scanned": 3850116,
                    "operator_rows_scanned": 0,
                    "operator_timing": 0.000006712,
                    "result_set_size": 8,
                    "children": [
                        {
                            "operator_name": "UNGROUPED_AGGREGATE",
                            "cpu_time": 0.13565509099999992,
                            "extra_info": {
                                "Aggregates": [
                                    "\"first\"(#0)",
                                    "count_star()"
                                ]
                            },
                            "cumulative_cardinality": 4354589,
                            "operator_type": "UNGROUPED_AGGREGATE",
                            "operator_cardinality": 1,
                            "cumulative_rows_scanned": 3850116,
                            "operator_rows_scanned": 0,
                            "operator_timing": 0.000015929,
                            "result_set_size": 16,
                            "children": [
                                {
                                    "operator_name": "PROJECTION",
                                    "cpu_time": 0.13563916199999992,
                                    "extra_info": {
                                        "Projections": "#0",
                                        "Estimated Cardinality": "1"
                                    },
                                    "cumulative_cardinality": 4354588,
                                    "operator_type": "PROJECTION",
                                    "operator_cardinality": 1,
                                    "cumulative_rows_scanned": 3850116,
                                    "operator_rows_scanned": 0,
                                    "operator_timing": 4.9e-7,
                                    "result_set_size": 8,
                                    "children": [
                                        {
                                            "operator_name": "UNGROUPED_AGGREGATE",
                                            "cpu_time": 0.13563867199999993,
                                            "extra_info": {
                                                "Aggregates": "count(DISTINCT #0)"
                                            },
                                            "cumulative_cardinality": 4354587,
                                            "operator_type": "UNGROUPED_AGGREGATE",
                                            "operator_cardinality": 1,
                                            "cumulative_rows_scanned": 3850116,
                                            "operator_rows_scanned": 0,
                                            "operator_timing": 0.035233409999999944,
                                            "result_set_size": 8,
                                            "children": [
                                                {
                                                    "operator_name": "PROJECTION",
                                                    "cpu_time": 0.10040526199999998,
                                                    "extra_info": {
                                                        "Projections": "owneruserid",
                                                        "Estimated Cardinality": "770023"
                                                    },
                                                    "cumulative_cardinality": 4354586,
                                                    "operator_type": "PROJECTION",
                                                    "operator_cardinality": 2177293,
                                                    "cumulative_rows_scanned": 3850116,
                                                    "operator_rows_scanned": 0,
                                                    "operator_timing": 0.00021875899999999817,
                                                    "result_set_size": 8709172,
                                                    "children": [
                                                        {
                                                            "operator_name": "READ_PARQUET ",
                                                            "cpu_time": 0.10018650299999998,
                                                            "extra_info": {
                                                                "Function": "READ_PARQUET",
                                                                "Projections": "owneruserid",
                                                                "Filters": "posttypeid=2",
                                                                "Estimated Cardinality": "770023"
                                                            },
                                                            "cumulative_cardinality": 2177293,
                                                            "operator_type": "TABLE_SCAN",
                                                            "operator_cardinality": 2177293,
                                                            "cumulative_rows_scanned": 3850116,
                                                            "operator_rows_scanned": 3850116,
                                                            "operator_timing": 0.10018650299999998,
                                                            "result_set_size": 8709172,
                                                            "children": []
                                                        }
                                                    ]
                                                }
                                            ]
                                        }
                                    ]
                                }
                            ]
                        }
                    ]
                }
            ]
        }
    ]
}