{
    "rows_returned": 100,
    "query_name": "\nWITH PostDetails AS (\n    SELECT \n        P.Id AS PostId,\n        P.Title,\n        P.Body,\n        U.DisplayName AS OwnerDisplayName,\n        P.CreationDate AS PostCreationDate,\n        P.Score,\n        P.ViewCount,\n        COUNT(CASE WHEN C.PostId IS NOT NULL THEN 1 END) AS CommentCount,\n        COUNT(PH.Id) AS HistoryCount\n    FROM \n        Posts P\n    LEFT JOIN \n        Users U ON P.OwnerUserId = U.Id\n    LEFT JOIN \n        Comments C ON P.Id = C.PostId\n    LEFT JOIN \n        PostHistory PH ON P.Id = PH.PostId\n    GROUP BY \n        P.Id, P.Title, P.Body, U.DisplayName,\n        P.CreationDate, P.Score, P.ViewCount\n),\nPostStatistics AS (\n    SELECT \n        PD.PostId,\n        PD.Title,\n        PD.OwnerDisplayName,\n        PD.PostCreationDate,\n        PD.Score,\n        PD.ViewCount,\n        PD.CommentCount,\n        PD.HistoryCount,\n        COUNT(V.Id) AS VoteCount\n    FROM \n        PostDetails PD\n    LEFT JOIN \n        Votes V ON PD.PostId = V.PostId\n    GROUP BY \n        PD.PostId, PD.Title, PD.OwnerDisplayName,\n        PD.PostCreationDate, PD.Score, PD.ViewCount, \n        PD.CommentCount, PD.HistoryCount\n)\n\nSELECT \n    PS.PostId,\n    PS.Title,\n    PS.OwnerDisplayName,\n    PS.PostCreationDate,\n    PS.Score,\n    PS.ViewCount,\n    PS.CommentCount,\n    PS.HistoryCount,\n    PS.VoteCount\nFROM \n    PostStatistics PS\nORDER BY \n    PS.Score DESC, PS.ViewCount DESC\nLIMIT 100;\n",
    "blocked_thread_time": 0.0,
    "cpu_time": 42.86435009700005,
    "extra_info": {},
    "cumulative_cardinality": 222695490,
    "cumulative_rows_scanned": 36891985,
    "result_set_size": 7600,
    "latency": 44.190695615,
    "children": [
        {
            "operator_name": "STREAMING_LIMIT",
            "cpu_time": 42.86435009700005,
            "extra_info": {},
            "cumulative_cardinality": 222695490,
            "operator_type": "STREAMING_LIMIT",
            "operator_cardinality": 100,
            "cumulative_rows_scanned": 36891985,
            "operator_rows_scanned": 0,
            "operator_timing": 0.000001833,
            "result_set_size": 7600,
            "children": [
                {
                    "operator_name": "PROJECTION",
                    "cpu_time": 42.86434826400005,
                    "extra_info": {
                        "Projections": [
                            "#0",
                            "#1",
                            "#2",
                            "#3",
                            "__internal_decompress_integral_integer(#4, -72)",
                            "#5",
                            "#6",
                            "#7",
                            "#8"
                        ],
                        "Estimated Cardinality": "3850116"
                    },
                    "cumulative_cardinality": 222695390,
                    "operator_type": "PROJECTION",
                    "operator_cardinality": 4096,
                    "cumulative_rows_scanned": 36891985,
                    "operator_rows_scanned": 0,
                    "operator_timing": 0.000007915,
                    "result_set_size": 311296,
                    "children": [
                        {
                            "operator_name": "ORDER_BY",
                            "cpu_time": 42.86434034900005,
                            "extra_info": {
                                "Order By": [
                                    "PS.Score DESC",
                                    "PS.ViewCount DESC"
                                ]
                            },
                            "cumulative_cardinality": 222691294,
                            "operator_type": "ORDER_BY",
                            "operator_cardinality": 4096,
                            "cumulative_rows_scanned": 36891985,
                            "operator_rows_scanned": 0,
                            "operator_timing": 0.2634103,
                            "result_set_size": 303104,
                            "children": [
                                {
                                    "operator_name": "PROJECTION",
                                    "cpu_time": 42.600930049000056,
                                    "extra_info": {
                                        "Projections": [
                                            "#0",
                                            "#1",
                                            "#2",
                                            "#3",
                                            "__internal_compress_integral_usmallint(#4, -72)",
                                            "#5",
                                            "#6",
                                            "#7",
                                            "#8"
                                        ],
                                        "Estimated Cardinality": "3850116"
                                    },
                                    "cumulative_cardinality": 222687198,
                                    "operator_type": "PROJECTION",
                                    "operator_cardinality": 3850116,
                                    "cumulative_rows_scanned": 36891985,
                                    "operator_rows_scanned": 0,
                                    "operator_timing": 0.001441735999999999,
                                    "result_set_size": 284908584,
                                    "children": [
                                        {
                                            "operator_name": "PROJECTION",
                                            "cpu_time": 42.59948831300006,
                                            "extra_info": {
                                                "Projections": [
                                                    "#0",
                                                    "#1",
                                                    "#2",
                                                    "#3",
                                                    "__internal_decompress_integral_integer(#4, -72)",
                                                    "#5",
                                                    "#6",
                                                    "#7",
                                                    "#8"
                                                ],
                                                "Estimated Cardinality": "3850116"
                                            },
                                            "cumulative_cardinality": 218837082,
                                            "operator_type": "PROJECTION",
                                            "operator_cardinality": 3850116,
                                            "cumulative_rows_scanned": 36891985,
                                            "operator_rows_scanned": 0,
                                            "operator_timing": 0.0016225510000000055,
                                            "result_set_size": 292608816,
                                            "children": [
                                                {
                                                    "operator_name": "HASH_GROUP_BY",
                                                    "cpu_time": 42.59786576200006,
                                                    "extra_info": {
                                                        "Groups": [
                                                            "#0",
                                                            "#1",
                                                            "#2",
                                                            "#3",
                                                            "#4",
                                                            "#5",
                                                            "#6",
                                                            "#7"
                                                        ],
                                                        "Aggregates": "count(#8)",
                                                        "Estimated Cardinality": "3850116"
                                                    },
                                                    "cumulative_cardinality": 214986966,
                                                    "operator_type": "HASH_GROUP_BY",
                                                    "operator_cardinality": 3850116,
                                                    "cumulative_rows_scanned": 36891985,
                                                    "operator_rows_scanned": 0,
                                                    "operator_timing": 2.809094065000004,
                                                    "result_set_size": 284908584,
                                                    "children": [
                                                        {
                                                            "operator_name": "PROJECTION",
                                                            "cpu_time": 39.78877169700006,
                                                            "extra_info": {
                                                                "Projections": [
                                                                    "PostId",
                                                                    "title",
                                                                    "OwnerDisplayName",
                                                                    "PostCreationDate",
                                                                    "score",
                                                                    "viewcount",
                                                                    "CommentCount",
                                                                    "HistoryCount",
                                                                    "id"
                                                                ],
                                                                "Estimated Cardinality": "12744093"
                                                            },
                                                            "cumulative_cardinality": 211136850,
                                                            "operator_type": "PROJECTION",
                                                            "operator_cardinality": 11356206,
                                                            "cumulative_rows_scanned": 36891985,
                                                            "operator_rows_scanned": 0,
                                                            "operator_timing": 0.003974209000000006,
                                                            "result_set_size": 794934420,
                                                            "children": [
                                                                {
                                                                    "operator_name": "PROJECTION",
                                                                    "cpu_time": 39.78479748800006,
                                                                    "extra_info": {
                                                                        "Projections": [
                                                                            "#0",
                                                                            "#1",
                                                                            "#2",
                                                                            "#3",
                                                                            "#4",
                                                                            "__internal_compress_integral_usmallint(#5, -72)",
                                                                            "#6",
                                                                            "#7",
                                                                            "#8"
                                                                        ],
                                                                        "Estimated Cardinality": "12744093"
                                                                    },
                                                                    "cumulative_cardinality": 199780644,
                                                                    "operator_type": "PROJECTION",
                                                                    "operator_cardinality": 11356206,
                                                                    "cumulative_rows_scanned": 36891985,
                                                                    "operator_rows_scanned": 0,
                                                                    "operator_timing": 0.008889601000000054,
                                                                    "result_set_size": 794934420,
                                                                    "children": [
                                                                        {
                                                                            "operator_name": "PROJECTION",
                                                                            "cpu_time": 39.77590788700006,
                                                                            "extra_info": {
                                                                                "Projections": [
                                                                                    "#0",
                                                                                    "#1",
                                                                                    "#2",
                                                                                    "#3",
                                                                                    "#4",
                                                                                    "__internal_decompress_integral_integer(#5, -72)",
                                                                                    "#6",
                                                                                    "#7",
                                                                                    "#8"
                                                                                ],
                                                                                "Estimated Cardinality": "12744093"
                                                                            },
                                                                            "cumulative_cardinality": 188424438,
                                                                            "operator_type": "PROJECTION",
                                                                            "operator_cardinality": 11356206,
                                                                            "cumulative_rows_scanned": 36891985,
                                                                            "operator_rows_scanned": 0,
                                                                            "operator_timing": 0.009704345000000014,
                                                                            "result_set_size": 817646832,
                                                                            "children": [
                                                                                {
                                                                                    "operator_name": "HASH_JOIN",
                                                                                    "cpu_time": 39.766203542000056,
                                                                                    "extra_info": {
                                                                                        "Join Type": "RIGHT",
                                                                                        "Conditions": "postid = PostId",
                                                                                        "Estimated Cardinality": "12744093"
                                                                                    },
                                                                                    "cumulative_cardinality": 177068232,
                                                                                    "operator_type": "HASH_JOIN",
                                                                                    "operator_cardinality": 11356206,
                                                                                    "cumulative_rows_scanned": 36891985,
                                                                                    "operator_rows_scanned": 0,
                                                                                    "operator_timing": 1.3510179970000005,
                                                                                    "result_set_size": 794934420,
                                                                                    "children": [
                                                                                        {
                                                                                            "operator_name": "READ_PARQUET ",
                                                                                            "cpu_time": 1.6705192859999993,
                                                                                            "extra_info": {
                                                                                                "Function": "READ_PARQUET",
                                                                                                "Projections": [
                                                                                                    "id",
                                                                                                    "postid"
                                                                                                ],
                                                                                                "Estimated Cardinality": "12744093"
                                                                                            },
                                                                                            "cumulative_cardinality": 12744093,
                                                                                            "operator_type": "TABLE_SCAN",
                                                                                            "operator_cardinality": 12744093,
                                                                                            "cumulative_rows_scanned": 12744093,
                                                                                            "operator_rows_scanned": 12744093,
                                                                                            "operator_timing": 1.6705192859999993,
                                                                                            "result_set_size": 101952744,
                                                                                            "children": []
                                                                                        },
                                                                                        {
                                                                                            "operator_name": "PROJECTION",
                                                                                            "cpu_time": 36.744666259000056,
                                                                                            "extra_info": {
                                                                                                "Projections": [
                                                                                                    "#0",
                                                                                                    "#1",
                                                                                                    "#2",
                                                                                                    "#3",
                                                                                                    "__internal_compress_integral_usmallint(#4, -72)",
                                                                                                    "#5",
                                                                                                    "#6",
                                                                                                    "#7"
                                                                                                ],
                                                                                                "Estimated Cardinality": "3850116"
                                                                                            },
                                                                                            "cumulative_cardinality": 152967933,
                                                                                            "operator_type": "PROJECTION",
                                                                                            "operator_cardinality": 3850116,
                                                                                            "cumulative_rows_scanned": 24147892,
                                                                                            "operator_rows_scanned": 0,
                                                                                            "operator_timing": 0.0014656699999999988,
                                                                                            "result_set_size": 254107656,
                                                                                            "children": [
                                                                                                {
                                                                                                    "operator_name": "PROJECTION",
                                                                                                    "cpu_time": 36.743200589000054,
                                                                                                    "extra_info": {
                                                                                                        "Projections": [
                                                                                                            "PostId",
                                                                                                            "title",
                                                                                                            "OwnerDisplayName",
                                                                                                            "PostCreationDate",
                                                                                                            "score",
                                                                                                            "viewcount",
                                                                                                            "CommentCount",
                                                                                                            "HistoryCount"
                                                                                                        ],
                                                                                                        "Estimated Cardinality": "3850116"
                                                                                                    },
                                                                                                    "cumulative_cardinality": 149117817,
                                                                                                    "operator_type": "PROJECTION",
                                                                                                    "operator_cardinality": 3850116,
                                                                                                    "cumulative_rows_scanned": 24147892,
                                                                                                    "operator_rows_scanned": 0,
                                                                                                    "operator_timing": 0.0005897720000000013,
                                                                                                    "result_set_size": 261807888,
                                                                                                    "children": [
                                                                                                        {
                                                                                                            "operator_name": "PROJECTION",
                                                                                                            "cpu_time": 36.742610817000056,
                                                                                                            "extra_info": {
                                                                                                                "Projections": [
                                                                                                                    "#0",
                                                                                                                    "#1",
                                                                                                                    "#2",
                                                                                                                    "#3",
                                                                                                                    "#4",
                                                                                                                    "__internal_decompress_integral_integer(#5, -72)",
                                                                                                                    "#6",
                                                                                                                    "#7",
                                                                                                                    "#8"
                                                                                                                ],
                                                                                                                "Estimated Cardinality": "3850116"
                                                                                                            },
                                                                                                            "cumulative_cardinality": 145267701,
                                                                                                            "operator_type": "PROJECTION",
                                                                                                            "operator_cardinality": 3850116,
                                                                                                            "cumulative_rows_scanned": 24147892,
                                                                                                            "operator_rows_scanned": 0,
                                                                                                            "operator_timing": 0.0017480490000000054,
                                                                                                            "result_set_size": 323409744,
                                                                                                            "children": [
                                                                                                                {
                                                                                                                    "operator_name": "HASH_GROUP_BY",
                                                                                                                    "cpu_time": 36.740862768000056,
                                                                                                                    "extra_info": {
                                                                                                                        "Groups": [
                                                                                                                            "#0",
                                                                                                                            "#1",
                                                                                                                            "#2",
                                                                                                                            "#3",
                                                                                                                            "#4",
                                                                                                                            "#5",
                                                                                                                            "#6"
                                                                                                                        ],
                                                                                                                        "Aggregates": [
                                                                                                                            "count(#7)",
                                                                                                                            "count(#8)"
                                                                                                                        ],
                                                                                                                        "Estimated Cardinality": "3850116"
                                                                                                                    },
                                                                                                                    "cumulative_cardinality": 141417585,
                                                                                                                    "operator_type": "HASH_GROUP_BY",
                                                                                                                    "operator_cardinality": 3850116,
                                                                                                                    "cumulative_rows_scanned": 24147892,
                                                                                                                    "operator_rows_scanned": 0,
                                                                                                                    "operator_timing": 16.389003272,
                                                                                                                    "result_set_size": 315709512,
                                                                                                                    "children": [
                                                                                                                        {
                                                                                                                            "operator_name": "PROJECTION",
                                                                                                                            "cpu_time": 20.35185949600006,
                                                                                                                            "extra_info": {
                                                                                                                                "Projections": [
                                                                                                                                    "id",
                                                                                                                                    "title",
                                                                                                                                    "body",
                                                                                                                                    "displayname",
                                                                                                                                    "creationdate",
                                                                                                                                    "score",
                                                                                                                                    "viewcount",
                                                                                                                                    "CASE  WHEN ((postid IS NOT NULL)) THEN (1) ELSE NULL END",
                                                                                                                                    "id"
                                                                                                                                ],
                                                                                                                                "Estimated Cardinality": "11795244"
                                                                                                                            },
                                                                                                                            "cumulative_cardinality": 137567469,
                                                                                                                            "operator_type": "PROJECTION",
                                                                                                                            "operator_cardinality": 33547065,
                                                                                                                            "cumulative_rows_scanned": 24147892,
                                                                                                                            "operator_rows_scanned": 0,
                                                                                                                            "operator_timing": 0.09242439499999916,
                                                                                                                            "result_set_size": 2482482810,
                                                                                                                            "children": [
                                                                                                                                {
                                                                                                                                    "operator_name": "PROJECTION",
                                                                                                                                    "cpu_time": 20.25943510100006,
                                                                                                                                    "extra_info": {
                                                                                                                                        "Projections": [
                                                                                                                                            "#0",
                                                                                                                                            "#1",
                                                                                                                                            "__internal_compress_integral_usmallint(#2, -72)",
                                                                                                                                            "#3",
                                                                                                                                            "#4",
                                                                                                                                            "#5",
                                                                                                                                            "#6",
                                                                                                                                            "#7",
                                                                                                                                            "#8"
                                                                                                                                        ],
                                                                                                                                        "Estimated Cardinality": "11795244"
                                                                                                                                    },
                                                                                                                                    "cumulative_cardinality": 104020404,
                                                                                                                                    "operator_type": "PROJECTION",
                                                                                                                                    "operator_cardinality": 33547065,
                                                                                                                                    "cumulative_rows_scanned": 24147892,
                                                                                                                                    "operator_rows_scanned": 0,
                                                                                                                                    "operator_timing": 0.03676675400000034,
                                                                                                                                    "result_set_size": 2482482810,
                                                                                                                                    "children": [
                                                                                                                                        {
                                                                                                                                            "operator_name": "HASH_JOIN",
                                                                                                                                            "cpu_time": 20.22266834700006,
                                                                                                                                            "extra_info": {
                                                                                                                                                "Join Type": "LEFT",
                                                                                                                                                "Conditions": "id = postid",
                                                                                                                                                "Estimated Cardinality": "11795244"
                                                                                                                                            },
                                                                                                                                            "cumulative_cardinality": 70473339,
                                                                                                                                            "operator_type": "HASH_JOIN",
                                                                                                                                            "operator_cardinality": 33547065,
                                                                                                                                            "cumulative_rows_scanned": 24147892,
                                                                                                                                            "operator_rows_scanned": 0,
                                                                                                                                            "operator_timing": 1.4352525970000023,
                                                                                                                                            "result_set_size": 2549576940,
                                                                                                                                            "children": [
                                                                                                                                                {
                                                                                                                                                    "operator_name": "HASH_JOIN",
                                                                                                                                                    "cpu_time": 18.64775464200006,
                                                                                                                                                    "extra_info": {
                                                                                                                                                        "Join Type": "LEFT",
                                                                                                                                                        "Conditions": "id = postid",
                                                                                                                                                        "Estimated Cardinality": "7241822"
                                                                                                                                                    },
                                                                                                                                                    "cumulative_cardinality": 25131030,
                                                                                                                                                    "operator_type": "HASH_JOIN",
                                                                                                                                                    "operator_cardinality": 8928266,
                                                                                                                                                    "cumulative_rows_scanned": 12352648,
                                                                                                                                                    "operator_rows_scanned": 0,
                                                                                                                                                    "operator_timing": 0.6996077130000017,
                                                                                                                                                    "result_set_size": 642835152,
                                                                                                                                                    "children": [
                                                                                                                                                        {
                                                                                                                                                            "operator_name": "HASH_JOIN",
                                                                                                                                                            "cpu_time": 17.907933587000056,
                                                                                                                                                            "extra_info": {
                                                                                                                                                                "Join Type": "LEFT",
                                                                                                                                                                "Conditions": "owneruserid = id",
                                                                                                                                                                "Estimated Cardinality": "3850116"
                                                                                                                                                            },
                                                                                                                                                            "cumulative_cardinality": 8960942,
                                                                                                                                                            "operator_type": "HASH_JOIN",
                                                                                                                                                            "operator_cardinality": 3850116,
                                                                                                                                                            "cumulative_rows_scanned": 5110826,
                                                                                                                                                            "operator_rows_scanned": 0,
                                                                                                                                                            "operator_timing": 0.34676557600000135,
                                                                                                                                                            "result_set_size": 261807888,
                                                                                                                                                            "children": [
                                                                                                                                                                {
                                                                                                                                                                    "operator_name": "READ_PARQUET ",
                                                                                                                                                                    "cpu_time": 17.483074713000054,
                                                                                                                                                                    "extra_info": {
                                                                                                                                                                        "Function": "READ_PARQUET",
                                                                                                                                                                        "Projections": [
                                                                                                                                                                            "id",
                                                                                                                                                                            "creationdate",
                                                                                                                                                                            "score",
                                                                                                                                                                            "viewcount",
                                                                                                                                                                            "body",
                                                                                                                                                                            "owneruserid",
                                                                                                                                                                            "title"
                                                                                                                                                                        ],
                                                                                                                                                                        "Estimated Cardinality": "3850116"
                                                                                                                                                                    },
                                                                                                                                                                    "cumulative_cardinality": 3850116,
                                                                                                                                                                    "operator_type": "TABLE_SCAN",
                                                                                                                                                                    "operator_cardinality": 3850116,
                                                                                                                                                                    "cumulative_rows_scanned": 3850116,
                                                                                                                                                                    "operator_rows_scanned": 3850116,
                                                                                                                                                                    "operator_timing": 17.483074713000054,
                                                                                                                                                                    "result_set_size": 215606496,
                                                                                                                                                                    "children": []
                                                                                                                                                                },
                                                                                                                                                                {
                                                                                                                                                                    "operator_name": "READ_PARQUET ",
                                                                                                                                                                    "cpu_time": 0.078093298,
                                                                                                                                                                    "extra_info": {
                                                                                                                                                                        "Function": "READ_PARQUET",
                                                                                                                                                                        "Projections": [
                                                                                                                                                                            "id",
                                                                                                                                                                            "displayname"
                                                                                                                                                                        ],
                                                                                                                                                                        "Estimated Cardinality": "1260710"
                                                                                                                                                                    },
                                                                                                                                                                    "cumulative_cardinality": 1260710,
                                                                                                                                                                    "operator_type": "TABLE_SCAN",
                                                                                                                                                                    "operator_cardinality": 1260710,
                                                                                                                                                                    "cumulative_rows_scanned": 1260710,
                                                                                                                                                                    "operator_rows_scanned": 1260710,
                                                                                                                                                                    "operator_timing": 0.078093298,
                                                                                                                                                                    "result_set_size": 25214200,
                                                                                                                                                                    "children": []
                                                                                                                                                                }
                                                                                                                                                            ]
                                                                                                                                                        },
                                                                                                                                                        {
                                                                                                                                                            "operator_name": "READ_PARQUET ",
                                                                                                                                                            "cpu_time": 0.040213341999999846,
                                                                                                                                                            "extra_info": {
                                                                                                                                                                "Function": "READ_PARQUET",
                                                                                                                                                                "Projections": "postid",
                                                                                                                                                                "Estimated Cardinality": "7241822"
                                                                                                                                                            },
                                                                                                                                                            "cumulative_cardinality": 7241822,
                                                                                                                                                            "operator_type": "TABLE_SCAN",
                                                                                                                                                            "operator_cardinality": 7241822,
                                                                                                                                                            "cumulative_rows_scanned": 7241822,
                                                                                                                                                            "operator_rows_scanned": 7241822,
                                                                                                                                                            "operator_timing": 0.040213341999999846,
                                                                                                                                                            "result_set_size": 28967288,
                                                                                                                                                            "children": []
                                                                                                                                                        }
                                                                                                                                                    ]
                                                                                                                                                },
                                                                                                                                                {
                                                                                                                                                    "operator_name": "READ_PARQUET ",
                                                                                                                                                    "cpu_time": 0.1396611080000002,
                                                                                                                                                    "extra_info": {
                                                                                                                                                        "Function": "READ_PARQUET",
                                                                                                                                                        "Projections": [
                                                                                                                                                            "id",
                                                                                                                                                            "postid"
                                                                                                                                                        ],
                                                                                                                                                        "Estimated Cardinality": "11795244"
                                                                                                                                                    },
                                                                                                                                                    "cumulative_cardinality": 11795244,
                                                                                                                                                    "operator_type": "TABLE_SCAN",
                                                                                                                                                    "operator_cardinality": 11795244,
                                                                                                                                                    "cumulative_rows_scanned": 11795244,
                                                                                                                                                    "operator_rows_scanned": 11795244,
                                                                                                                                                    "operator_timing": 0.1396611080000002,
                                                                                                                                                    "result_set_size": 94361952,
                                                                                                                                                    "children": []
                                                                                                                                                }
                                                                                                                                            ]
                                                                                                                                        }
                                                                                                                                    ]
                                                                                                                                }
                                                                                                                            ]
                                                                                                                        }
                                                                                                                    ]
                                                                                                                }
                                                                                                            ]
                                                                                                        }
                                                                                                    ]
                                                                                                }
                                                                                            ]
                                                                                        }
                                                                                    ]
                                                                                }
                                                                            ]
                                                                        }
                                                                    ]
                                                                }
                                                            ]
                                                        }
                                                    ]
                                                }
                                            ]
                                        }
                                    ]
                                }
                            ]
                        }
                    ]
                }
            ]
        }
    ]
}