{
    "rows_returned": 100,
    "query_name": "WITH PostCounts AS (\n    SELECT \n        OwnerUserId,\n        COUNT(*) AS PostCount,\n        SUM(ViewCount) AS TotalViewCount,\n        SUM(Score) AS TotalScore\n    FROM Posts\n    GROUP BY OwnerUserId\n),\nUserStats AS (\n    SELECT \n        U.Id,\n        U.DisplayName,\n        U.Reputation,\n        U.CreationDate,\n        U.LastAccessDate,\n        COALESCE(PC.PostCount, 0) AS PostCount,\n        COALESCE(PC.TotalViewCount, 0) AS TotalViewCount,\n        COALESCE(PC.TotalScore, 0) AS TotalScore\n    FROM Users U\n    LEFT JOIN PostCounts PC ON U.Id = PC.OwnerUserId\n)\nSELECT \n    Id,\n    DisplayName,\n    Reputation,\n    CreationDate,\n    LastAccessDate,\n    PostCount,\n    TotalViewCount,\n    TotalScore\nFROM UserStats\nORDER BY Reputation DESC\nLIMIT 100;",
    "blocked_thread_time": 0.0,
    "cpu_time": 0.5530891889999999,
    "extra_info": {},
    "cumulative_cardinality": 11858190,
    "cumulative_rows_scanned": 5110826,
    "result_set_size": 8000,
    "latency": 0.640415501,
    "children": [
        {
            "operator_name": "STREAMING_LIMIT",
            "cpu_time": 0.5530891889999999,
            "extra_info": {},
            "cumulative_cardinality": 11858190,
            "operator_type": "STREAMING_LIMIT",
            "operator_cardinality": 100,
            "cumulative_rows_scanned": 5110826,
            "operator_rows_scanned": 0,
            "operator_timing": 0.000001523,
            "result_set_size": 8000,
            "children": [
                {
                    "operator_name": "ORDER_BY",
                    "cpu_time": 0.5530876659999999,
                    "extra_info": {
                        "Order By": "UserStats.Reputation DESC"
                    },
                    "cumulative_cardinality": 11858090,
                    "operator_type": "ORDER_BY",
                    "operator_cardinality": 4096,
                    "cumulative_rows_scanned": 5110826,
                    "operator_rows_scanned": 0,
                    "operator_timing": 0.071262826,
                    "result_set_size": 327680,
                    "children": [
                        {
                            "operator_name": "PROJECTION",
                            "cpu_time": 0.48182484,
                            "extra_info": {
                                "Projections": [
                                    "id",
                                    "displayname",
                                    "reputation",
                                    "creationdate",
                                    "lastaccessdate",
                                    "PostCount",
                                    "TotalViewCount",
                                    "TotalScore"
                                ],
                                "Estimated Cardinality": "1925058"
                            },
                            "cumulative_cardinality": 11853994,
                            "operator_type": "PROJECTION",
                            "operator_cardinality": 1260710,
                            "cumulative_rows_scanned": 5110826,
                            "operator_rows_scanned": 0,
                            "operator_timing": 0.026258420999999983,
                            "result_set_size": 100856800,
                            "children": [
                                {
                                    "operator_name": "HASH_JOIN",
                                    "cpu_time": 0.455566419,
                                    "extra_info": {
                                        "Join Type": "RIGHT",
                                        "Conditions": "owneruserid = id",
                                        "Estimated Cardinality": "1925058"
                                    },
                                    "cumulative_cardinality": 10593284,
                                    "operator_type": "HASH_JOIN",
                                    "operator_cardinality": 1260710,
                                    "cumulative_rows_scanned": 5110826,
                                    "operator_rows_scanned": 0,
                                    "operator_timing": 0.13565508599999998,
                                    "result_set_size": 100856800,
                                    "children": [
                                        {
                                            "operator_name": "HASH_GROUP_BY",
                                            "cpu_time": 0.201480954,
                                            "extra_info": {
                                                "Groups": "#0",
                                                "Aggregates": [
                                                    "count_star()",
                                                    "sum(#1)",
                                                    "sum(#2)"
                                                ],
                                                "Estimated Cardinality": "1925058"
                                            },
                                            "cumulative_cardinality": 8071864,
                                            "operator_type": "HASH_GROUP_BY",
                                            "operator_cardinality": 371632,
                                            "cumulative_rows_scanned": 3850116,
                                            "operator_rows_scanned": 0,
                                            "operator_timing": 0.13358228699999994,
                                            "result_set_size": 16351808,
                                            "children": [
                                                {
                                                    "operator_name": "PROJECTION",
                                                    "cpu_time": 0.06789866700000007,
                                                    "extra_info": {
                                                        "Projections": [
                                                            "owneruserid",
                                                            "viewcount",
                                                            "score"
                                                        ],
                                                        "Estimated Cardinality": "3850116"
                                                    },
                                                    "cumulative_cardinality": 7700232,
                                                    "operator_type": "PROJECTION",
                                                    "operator_cardinality": 3850116,
                                                    "cumulative_rows_scanned": 3850116,
                                                    "operator_rows_scanned": 0,
                                                    "operator_timing": 0.0004220419999999968,
                                                    "result_set_size": 46201392,
                                                    "children": [
                                                        {
                                                            "operator_name": "READ_PARQUET ",
                                                            "cpu_time": 0.06747662500000007,
                                                            "extra_info": {
                                                                "Function": "READ_PARQUET",
                                                                "Projections": [
                                                                    "score",
                                                                    "viewcount",
                                                                    "owneruserid"
                                                                ],
                                                                "Estimated Cardinality": "3850116"
                                                            },
                                                            "cumulative_cardinality": 3850116,
                                                            "operator_type": "TABLE_SCAN",
                                                            "operator_cardinality": 3850116,
                                                            "cumulative_rows_scanned": 3850116,
                                                            "operator_rows_scanned": 3850116,
                                                            "operator_timing": 0.06747662500000007,
                                                            "result_set_size": 46201392,
                                                            "children": []
                                                        }
                                                    ]
                                                }
                                            ]
                                        },
                                        {
                                            "operator_name": "READ_PARQUET ",
                                            "cpu_time": 0.11843037900000002,
                                            "extra_info": {
                                                "Function": "READ_PARQUET",
                                                "Projections": [
                                                    "id",
                                                    "reputation",
                                                    "creationdate",
                                                    "displayname",
                                                    "lastaccessdate"
                                                ],
                                                "Estimated Cardinality": "1260710"
                                            },
                                            "cumulative_cardinality": 1260710,
                                            "operator_type": "TABLE_SCAN",
                                            "operator_cardinality": 1260710,
                                            "cumulative_rows_scanned": 1260710,
                                            "operator_rows_scanned": 1260710,
                                            "operator_timing": 0.11843037900000002,
                                            "result_set_size": 50428400,
                                            "children": []
                                        }
                                    ]
                                }
                            ]
                        }
                    ]
                }
            ]
        }
    ]
}