{
    "rows_returned": 76,
    "query_name": "\nWITH UserPostCounts AS (\n    SELECT \n        U.Id AS UserId,\n        U.DisplayName,\n        COUNT(P.Id) AS PostCount\n    FROM \n        Users U\n    LEFT JOIN \n        Posts P ON U.Id = P.OwnerUserId\n    GROUP BY \n        U.Id, U.DisplayName\n),\nTopUsers AS (\n    SELECT \n        UserId, \n        DisplayName, \n        PostCount\n    FROM \n        UserPostCounts\n    ORDER BY \n        PostCount DESC\n    LIMIT 10\n),\nPostStats AS (\n    SELECT \n        P.Id AS PostId,\n        P.Title,\n        P.CreationDate,\n        P.ViewCount,\n        P.Score,\n        U.DisplayName AS OwnerDisplayName,\n        (SELECT COUNT(*) FROM Comments C WHERE C.PostId = P.Id) AS CommentCount,\n        P.OwnerUserId\n    FROM \n        Posts P\n    JOIN \n        Users U ON P.OwnerUserId = U.Id\n    WHERE \n        P.CreationDate >= TIMESTAMP '2024-10-01 12:34:56' - INTERVAL '1 month'\n)\nSELECT \n    U.DisplayName AS TopUserDisplayName,\n    T.Title,\n    T.CreationDate,\n    T.ViewCount,\n    T.Score,\n    T.CommentCount\nFROM \n    TopUsers U\nJOIN \n    PostStats T ON U.UserId = T.OwnerUserId\nORDER BY \n    U.PostCount DESC, T.Score DESC;\n",
    "blocked_thread_time": 0.0,
    "cpu_time": 0.8630617129999999,
    "extra_info": {},
    "cumulative_cardinality": 16793417,
    "cumulative_rows_scanned": 17463474,
    "result_set_size": 4256,
    "latency": 0.935697609,
    "children": [
        {
            "operator_name": "PROJECTION",
            "cpu_time": 0.8630617129999999,
            "extra_info": {
                "Projections": [
                    "#0",
                    "#1",
                    "#2",
                    "#3",
                    "__internal_decompress_integral_integer(#4, -72)",
                    "#5"
                ],
                "Estimated Cardinality": "10"
            },
            "cumulative_cardinality": 16793417,
            "operator_type": "PROJECTION",
            "operator_cardinality": 76,
            "cumulative_rows_scanned": 17463474,
            "operator_rows_scanned": 0,
            "operator_timing": 0.000001793,
            "result_set_size": 4256,
            "children": [
                {
                    "operator_name": "ORDER_BY",
                    "cpu_time": 0.8630599199999999,
                    "extra_info": {
                        "Order By": [
                            "#6 DESC",
                            "T.Score DESC"
                        ]
                    },
                    "cumulative_cardinality": 16793341,
                    "operator_type": "ORDER_BY",
                    "operator_cardinality": 76,
                    "cumulative_rows_scanned": 17463474,
                    "operator_rows_scanned": 0,
                    "operator_timing": 0.000030897,
                    "result_set_size": 4104,
                    "children": [
                        {
                            "operator_name": "PROJECTION",
                            "cpu_time": 0.8630290229999998,
                            "extra_info": {
                                "Projections": [
                                    "#0",
                                    "#1",
                                    "#2",
                                    "#3",
                                    "__internal_compress_integral_usmallint(#4, -72)",
                                    "#5",
                                    "#6"
                                ],
                                "Estimated Cardinality": "10"
                            },
                            "cumulative_cardinality": 16793265,
                            "operator_type": "PROJECTION",
                            "operator_cardinality": 76,
                            "cumulative_rows_scanned": 17463474,
                            "operator_rows_scanned": 0,
                            "operator_timing": 0.000002044,
                            "result_set_size": 4712,
                            "children": [
                                {
                                    "operator_name": "PROJECTION",
                                    "cpu_time": 0.8630269789999998,
                                    "extra_info": {
                                        "Projections": [
                                            "TopUserDisplayName",
                                            "title",
                                            "creationdate",
                                            "viewcount",
                                            "score",
                                            "CommentCount",
                                            "PostCount"
                                        ],
                                        "Estimated Cardinality": "10"
                                    },
                                    "cumulative_cardinality": 16793189,
                                    "operator_type": "PROJECTION",
                                    "operator_cardinality": 76,
                                    "cumulative_rows_scanned": 17463474,
                                    "operator_rows_scanned": 0,
                                    "operator_timing": 6.82e-7,
                                    "result_set_size": 4864,
                                    "children": [
                                        {
                                            "operator_name": "HASH_JOIN",
                                            "cpu_time": 0.8630262969999998,
                                            "extra_info": {
                                                "Join Type": "INNER",
                                                "Conditions": "owneruserid = UserId",
                                                "Estimated Cardinality": "10"
                                            },
                                            "cumulative_cardinality": 16793113,
                                            "operator_type": "HASH_JOIN",
                                            "operator_cardinality": 76,
                                            "cumulative_rows_scanned": 17463474,
                                            "operator_rows_scanned": 0,
                                            "operator_timing": 0.000167021,
                                            "result_set_size": 4864,
                                            "children": [
                                                {
                                                    "operator_name": "PROJECTION",
                                                    "cpu_time": 0.13973489699999994,
                                                    "extra_info": {
                                                        "Projections": [
                                                            "title",
                                                            "creationdate",
                                                            "viewcount",
                                                            "score",
                                                            "CommentCount",
                                                            "owneruserid"
                                                        ],
                                                        "Estimated Cardinality": "770023"
                                                    },
                                                    "cumulative_cardinality": 1433095,
                                                    "operator_type": "PROJECTION",
                                                    "operator_cardinality": 9907,
                                                    "cumulative_rows_scanned": 12352648,
                                                    "operator_rows_scanned": 0,
                                                    "operator_timing": 0.000001544,
                                                    "result_set_size": 435908,
                                                    "children": [
                                                        {
                                                            "operator_name": "LEFT_DELIM_JOIN",
                                                            "cpu_time": 0.13973335299999995,
                                                            "extra_info": {
                                                                "Join Type": "SINGLE",
                                                                "Conditions": "id IS NOT DISTINCT FROM id",
                                                                "Estimated Cardinality": "770023",
                                                                "Delim Index": "1"
                                                            },
                                                            "cumulative_cardinality": 1423188,
                                                            "operator_type": "LEFT_DELIM_JOIN",
                                                            "operator_cardinality": 0,
                                                            "cumulative_rows_scanned": 12352648,
                                                            "operator_rows_scanned": 0,
                                                            "operator_timing": 0.0005829199999999999,
                                                            "result_set_size": 0,
                                                            "children": [
                                                                {
                                                                    "operator_name": "HASH_JOIN",
                                                                    "cpu_time": 0.12905159699999996,
                                                                    "extra_info": {
                                                                        "Join Type": "INNER",
                                                                        "Conditions": "owneruserid = id",
                                                                        "Estimated Cardinality": "770023"
                                                                    },
                                                                    "cumulative_cardinality": 1280493,
                                                                    "operator_type": "HASH_JOIN",
                                                                    "operator_cardinality": 9907,
                                                                    "cumulative_rows_scanned": 5110826,
                                                                    "operator_rows_scanned": 0,
                                                                    "operator_timing": 0.047820692,
                                                                    "result_set_size": 435908,
                                                                    "children": [
                                                                        {
                                                                            "operator_name": "READ_PARQUET ",
                                                                            "cpu_time": 0.07068665999999997,
                                                                            "extra_info": {
                                                                                "Function": "READ_PARQUET",
                                                                                "Projections": [
                                                                                    "id",
                                                                                    "creationdate",
                                                                                    "score",
                                                                                    "viewcount",
                                                                                    "owneruserid",
                                                                                    "title"
                                                                                ],
                                                                                "Filters": "creationdate>='2024-09-01 12:34:56'::TIMESTAMP",
                                                                                "Estimated Cardinality": "770023"
                                                                            },
                                                                            "cumulative_cardinality": 9907,
                                                                            "operator_type": "TABLE_SCAN",
                                                                            "operator_cardinality": 9907,
                                                                            "cumulative_rows_scanned": 3850116,
                                                                            "operator_rows_scanned": 3850116,
                                                                            "operator_timing": 0.07068665999999997,
                                                                            "result_set_size": 396280,
                                                                            "children": []
                                                                        },
                                                                        {
                                                                            "operator_name": "READ_PARQUET ",
                                                                            "cpu_time": 0.010544244999999999,
                                                                            "extra_info": {
                                                                                "Function": "READ_PARQUET",
                                                                                "Projections": "id",
                                                                                "Filters": "id<=1416539",
                                                                                "Estimated Cardinality": "1260710"
                                                                            },
                                                                            "cumulative_cardinality": 1260679,
                                                                            "operator_type": "TABLE_SCAN",
                                                                            "operator_cardinality": 1260679,
                                                                            "cumulative_rows_scanned": 1260710,
                                                                            "operator_rows_scanned": 1260710,
                                                                            "operator_timing": 0.010544244999999999,
                                                                            "result_set_size": 5042716,
                                                                            "children": []
                                                                        }
                                                                    ]
                                                                },
                                                                {
                                                                    "operator_name": "HASH_JOIN",
                                                                    "cpu_time": 0.010034677,
                                                                    "extra_info": {
                                                                        "Join Type": "SINGLE",
                                                                        "Conditions": "id IS NOT DISTINCT FROM id",
                                                                        "Estimated Cardinality": "770023"
                                                                    },
                                                                    "cumulative_cardinality": 122881,
                                                                    "operator_type": "HASH_JOIN",
                                                                    "operator_cardinality": 9907,
                                                                    "cumulative_rows_scanned": 7241822,
                                                                    "operator_rows_scanned": 0,
                                                                    "operator_timing": 0.00050799,
                                                                    "result_set_size": 435908,
                                                                    "children": [
                                                                        {
                                                                            "operator_name": "COLUMN_DATA_SCAN",
                                                                            "cpu_time": 0.00002123,
                                                                            "extra_info": {
                                                                                "Estimated Cardinality": "770023"
                                                                            },
                                                                            "cumulative_cardinality": 9907,
                                                                            "operator_type": "COLUMN_DATA_SCAN",
                                                                            "operator_cardinality": 9907,
                                                                            "cumulative_rows_scanned": 0,
                                                                            "operator_rows_scanned": 0,
                                                                            "operator_timing": 0.00002123,
                                                                            "result_set_size": 435908,
                                                                            "children": []
                                                                        },
                                                                        {
                                                                            "operator_name": "PROJECTION",
                                                                            "cpu_time": 0.009505457,
                                                                            "extra_info": {
                                                                                "Projections": [
                                                                                    "CASE  WHEN ((count_star() IS NULL)) THEN (0) ELSE count_star() END",
                                                                                    "id"
                                                                                ],
                                                                                "Estimated Cardinality": "385011"
                                                                            },
                                                                            "cumulative_cardinality": 103067,
                                                                            "operator_type": "PROJECTION",
                                                                            "operator_cardinality": 9907,
                                                                            "cumulative_rows_scanned": 7241822,
                                                                            "operator_rows_scanned": 0,
                                                                            "operator_timing": 0.000019457,
                                                                            "result_set_size": 118884,
                                                                            "children": [
                                                                                {
                                                                                    "operator_name": "HASH_JOIN",
                                                                                    "cpu_time": 0.009486,
                                                                                    "extra_info": {
                                                                                        "Join Type": "RIGHT",
                                                                                        "Conditions": "#0 IS NOT DISTINCT FROM id",
                                                                                        "Estimated Cardinality": "385011"
                                                                                    },
                                                                                    "cumulative_cardinality": 93160,
                                                                                    "operator_type": "HASH_JOIN",
                                                                                    "operator_cardinality": 9907,
                                                                                    "cumulative_rows_scanned": 7241822,
                                                                                    "operator_rows_scanned": 0,
                                                                                    "operator_timing": 0.00044884,
                                                                                    "result_set_size": 118884,
                                                                                    "children": [
                                                                                        {
                                                                                            "operator_name": "HASH_GROUP_BY",
                                                                                            "cpu_time": 0.009037159999999999,
                                                                                            "extra_info": {
                                                                                                "Groups": "#0",
                                                                                                "Aggregates": "count_star()",
                                                                                                "Estimated Cardinality": "362090"
                                                                                            },
                                                                                            "cumulative_cardinality": 83253,
                                                                                            "operator_type": "HASH_GROUP_BY",
                                                                                            "operator_cardinality": 5550,
                                                                                            "cumulative_rows_scanned": 7241822,
                                                                                            "operator_rows_scanned": 0,
                                                                                            "operator_timing": 0.0003759519999999999,
                                                                                            "result_set_size": 66600,
                                                                                            "children": [
                                                                                                {
                                                                                                    "operator_name": "PROJECTION",
                                                                                                    "cpu_time": 0.008661207999999998,
                                                                                                    "extra_info": {
                                                                                                        "Projections": "id",
                                                                                                        "Estimated Cardinality": "724181"
                                                                                                    },
                                                                                                    "cumulative_cardinality": 77703,
                                                                                                    "operator_type": "PROJECTION",
                                                                                                    "operator_cardinality": 19406,
                                                                                                    "cumulative_rows_scanned": 7241822,
                                                                                                    "operator_rows_scanned": 0,
                                                                                                    "operator_timing": 0.000001761,
                                                                                                    "result_set_size": 77624,
                                                                                                    "children": [
                                                                                                        {
                                                                                                            "operator_name": "PROJECTION",
                                                                                                            "cpu_time": 0.008659446999999999,
                                                                                                            "extra_info": {
                                                                                                                "Projections": "id",
                                                                                                                "Estimated Cardinality": "724181"
                                                                                                            },
                                                                                                            "cumulative_cardinality": 58297,
                                                                                                            "operator_type": "PROJECTION",
                                                                                                            "operator_cardinality": 19406,
                                                                                                            "cumulative_rows_scanned": 7241822,
                                                                                                            "operator_rows_scanned": 0,
                                                                                                            "operator_timing": 0.000002234,
                                                                                                            "result_set_size": 77624,
                                                                                                            "children": [
                                                                                                                {
                                                                                                                    "operator_name": "HASH_JOIN",
                                                                                                                    "cpu_time": 0.008657212999999999,
                                                                                                                    "extra_info": {
                                                                                                                        "Join Type": "INNER",
                                                                                                                        "Conditions": "postid = id",
                                                                                                                        "Estimated Cardinality": "724181"
                                                                                                                    },
                                                                                                                    "cumulative_cardinality": 38891,
                                                                                                                    "operator_type": "HASH_JOIN",
                                                                                                                    "operator_cardinality": 19406,
                                                                                                                    "cumulative_rows_scanned": 7241822,
                                                                                                                    "operator_rows_scanned": 0,
                                                                                                                    "operator_timing": 0.000263052,
                                                                                                                    "result_set_size": 155248,
                                                                                                                    "children": [
                                                                                                                        {
                                                                                                                            "operator_name": "READ_PARQUET ",
                                                                                                                            "cpu_time": 0.008394160999999999,
                                                                                                                            "extra_info": {
                                                                                                                                "Function": "READ_PARQUET",
                                                                                                                                "Projections": "postid",
                                                                                                                                "Estimated Cardinality": "7241822"
                                                                                                                            },
                                                                                                                            "cumulative_cardinality": 19485,
                                                                                                                            "operator_type": "TABLE_SCAN",
                                                                                                                            "operator_cardinality": 19485,
                                                                                                                            "cumulative_rows_scanned": 7241822,
                                                                                                                            "operator_rows_scanned": 7241822,
                                                                                                                            "operator_timing": 0.008394160999999999,
                                                                                                                            "result_set_size": 77940,
                                                                                                                            "children": []
                                                                                                                        },
                                                                                                                        {
                                                                                                                            "operator_name": "DELIM_SCAN",
                                                                                                                            "cpu_time": 0.0,
                                                                                                                            "extra_info": {
                                                                                                                                "Delim Index": "1",
                                                                                                                                "Estimated Cardinality": "385011"
                                                                                                                            },
                                                                                                                            "cumulative_cardinality": 0,
                                                                                                                            "operator_type": "DELIM_SCAN",
                                                                                                                            "operator_cardinality": 0,
                                                                                                                            "cumulative_rows_scanned": 0,
                                                                                                                            "operator_rows_scanned": 0,
                                                                                                                            "operator_timing": 0.0,
                                                                                                                            "result_set_size": 0,
                                                                                                                            "children": []
                                                                                                                        }
                                                                                                                    ]
                                                                                                                }
                                                                                                            ]
                                                                                                        }
                                                                                                    ]
                                                                                                }
                                                                                            ]
                                                                                        },
                                                                                        {
                                                                                            "operator_name": "DELIM_SCAN",
                                                                                            "cpu_time": 0.0,
                                                                                            "extra_info": {
                                                                                                "Delim Index": "1",
                                                                                                "Estimated Cardinality": "385011"
                                                                                            },
                                                                                            "cumulative_cardinality": 0,
                                                                                            "operator_type": "DELIM_SCAN",
                                                                                            "operator_cardinality": 0,
                                                                                            "cumulative_rows_scanned": 0,
                                                                                            "operator_rows_scanned": 0,
                                                                                            "operator_timing": 0.0,
                                                                                            "result_set_size": 0,
                                                                                            "children": []
                                                                                        }
                                                                                    ]
                                                                                }
                                                                            ]
                                                                        }
                                                                    ]
                                                                },
                                                                {
                                                                    "operator_name": "HASH_GROUP_BY",
                                                                    "cpu_time": 0.000064159,
                                                                    "extra_info": {
                                                                        "Groups": "#0",
                                                                        "Aggregates": "",
                                                                        "Estimated Cardinality": "770023"
                                                                    },
                                                                    "cumulative_cardinality": 19814,
                                                                    "operator_type": "HASH_GROUP_BY",
                                                                    "operator_cardinality": 19814,
                                                                    "cumulative_rows_scanned": 0,
                                                                    "operator_rows_scanned": 0,
                                                                    "operator_timing": 0.000064159,
                                                                    "result_set_size": 79256,
                                                                    "children": []
                                                                }
                                                            ]
                                                        }
                                                    ]
                                                },
                                                {
                                                    "operator_name": "FILTER",
                                                    "cpu_time": 0.7231243789999998,
                                                    "extra_info": {
                                                        "Expression": "(UserId <= 1416539)",
                                                        "Estimated Cardinality": "10"
                                                    },
                                                    "cumulative_cardinality": 15359942,
                                                    "operator_type": "FILTER",
                                                    "operator_cardinality": 10,
                                                    "cumulative_rows_scanned": 5110826,
                                                    "operator_rows_scanned": 0,
                                                    "operator_timing": 0.000006622,
                                                    "result_set_size": 280,
                                                    "children": [
                                                        {
                                                            "operator_name": "STREAMING_LIMIT",
                                                            "cpu_time": 0.7231177569999998,
                                                            "extra_info": {},
                                                            "cumulative_cardinality": 15359932,
                                                            "operator_type": "STREAMING_LIMIT",
                                                            "operator_cardinality": 10,
                                                            "cumulative_rows_scanned": 5110826,
                                                            "operator_rows_scanned": 0,
                                                            "operator_timing": 0.000002424,
                                                            "result_set_size": 280,
                                                            "children": [
                                                                {
                                                                    "operator_name": "ORDER_BY",
                                                                    "cpu_time": 0.7231153329999999,
                                                                    "extra_info": {
                                                                        "Order By": "UserPostCounts.PostCount DESC"
                                                                    },
                                                                    "cumulative_cardinality": 15359922,
                                                                    "operator_type": "ORDER_BY",
                                                                    "operator_cardinality": 4096,
                                                                    "cumulative_rows_scanned": 5110826,
                                                                    "operator_rows_scanned": 0,
                                                                    "operator_timing": 0.035390624999999974,
                                                                    "result_set_size": 114688,
                                                                    "children": [
                                                                        {
                                                                            "operator_name": "HASH_GROUP_BY",
                                                                            "cpu_time": 0.6877247079999999,
                                                                            "extra_info": {
                                                                                "Groups": [
                                                                                    "#0",
                                                                                    "#1"
                                                                                ],
                                                                                "Aggregates": "count(#2)",
                                                                                "Estimated Cardinality": "1260710"
                                                                            },
                                                                            "cumulative_cardinality": 15355826,
                                                                            "operator_type": "HASH_GROUP_BY",
                                                                            "operator_cardinality": 1260710,
                                                                            "cumulative_rows_scanned": 5110826,
                                                                            "operator_rows_scanned": 0,
                                                                            "operator_timing": 0.32984629699999973,
                                                                            "result_set_size": 35299880,
                                                                            "children": [
                                                                                {
                                                                                    "operator_name": "PROJECTION",
                                                                                    "cpu_time": 0.3578784110000001,
                                                                                    "extra_info": {
                                                                                        "Projections": [
                                                                                            "id",
                                                                                            "displayname",
                                                                                            "id"
                                                                                        ],
                                                                                        "Estimated Cardinality": "3850116"
                                                                                    },
                                                                                    "cumulative_cardinality": 14095116,
                                                                                    "operator_type": "PROJECTION",
                                                                                    "operator_cardinality": 4574495,
                                                                                    "cumulative_rows_scanned": 5110826,
                                                                                    "operator_rows_scanned": 0,
                                                                                    "operator_timing": 0.0005812799999999955,
                                                                                    "result_set_size": 109787880,
                                                                                    "children": [
                                                                                        {
                                                                                            "operator_name": "HASH_JOIN",
                                                                                            "cpu_time": 0.3572971310000001,
                                                                                            "extra_info": {
                                                                                                "Join Type": "RIGHT",
                                                                                                "Conditions": "owneruserid = id",
                                                                                                "Estimated Cardinality": "3850116"
                                                                                            },
                                                                                            "cumulative_cardinality": 9520621,
                                                                                            "operator_type": "HASH_JOIN",
                                                                                            "operator_cardinality": 4574495,
                                                                                            "cumulative_rows_scanned": 5110826,
                                                                                            "operator_rows_scanned": 0,
                                                                                            "operator_timing": 0.20667789099999995,
                                                                                            "result_set_size": 109787880,
                                                                                            "children": [
                                                                                                {
                                                                                                    "operator_name": "READ_PARQUET ",
                                                                                                    "cpu_time": 0.07485680000000018,
                                                                                                    "extra_info": {
                                                                                                        "Function": "READ_PARQUET",
                                                                                                        "Projections": [
                                                                                                            "id",
                                                                                                            "owneruserid"
                                                                                                        ],
                                                                                                        "Estimated Cardinality": "3850116"
                                                                                                    },
                                                                                                    "cumulative_cardinality": 3685416,
                                                                                                    "operator_type": "TABLE_SCAN",
                                                                                                    "operator_cardinality": 3685416,
                                                                                                    "cumulative_rows_scanned": 3850116,
                                                                                                    "operator_rows_scanned": 3850116,
                                                                                                    "operator_timing": 0.07485680000000018,
                                                                                                    "result_set_size": 29483328,
                                                                                                    "children": []
                                                                                                },
                                                                                                {
                                                                                                    "operator_name": "READ_PARQUET ",
                                                                                                    "cpu_time": 0.07576243999999999,
                                                                                                    "extra_info": {
                                                                                                        "Function": "READ_PARQUET",
                                                                                                        "Projections": [
                                                                                                            "id",
                                                                                                            "displayname"
                                                                                                        ],
                                                                                                        "Estimated Cardinality": "1260710"
                                                                                                    },
                                                                                                    "cumulative_cardinality": 1260710,
                                                                                                    "operator_type": "TABLE_SCAN",
                                                                                                    "operator_cardinality": 1260710,
                                                                                                    "cumulative_rows_scanned": 1260710,
                                                                                                    "operator_rows_scanned": 1260710,
                                                                                                    "operator_timing": 0.07576243999999999,
                                                                                                    "result_set_size": 25214200,
                                                                                                    "children": []
                                                                                                }
                                                                                            ]
                                                                                        }
                                                                                    ]
                                                                                }
                                                                            ]
                                                                        }
                                                                    ]
                                                                }
                                                            ]
                                                        }
                                                    ]
                                                }
                                            ]
                                        }
                                    ]
                                }
                            ]
                        }
                    ]
                }
            ]
        }
    ]
}