{
    "rows_returned": 597016,
    "query_name": "WITH PostMetrics AS (\n    SELECT \n        P.PostTypeId,\n        COUNT(*) AS TotalPosts,\n        SUM(CASE WHEN P.AcceptedAnswerId IS NOT NULL THEN 1 ELSE 0 END) AS AcceptedAnswers,\n        SUM(P.Score) AS TotalScore,\n        SUM(P.ViewCount) AS TotalViews\n    FROM \n        Posts P\n    GROUP BY \n        P.PostTypeId\n),\nUserMetrics AS (\n    SELECT \n        U.Reputation,\n        COUNT(DISTINCT U.Id) AS TotalUsers,\n        SUM(U.UpVotes) AS TotalUpVotes,\n        SUM(U.DownVotes) AS TotalDownVotes\n    FROM \n        Users U\n    GROUP BY \n        U.Reputation\n),\nVoteMetrics AS (\n    SELECT \n        V.VoteTypeId,\n        COUNT(*) AS TotalVotes\n    FROM \n        Votes V\n    GROUP BY \n        V.VoteTypeId\n)\n\nSELECT \n    PM.PostTypeId,\n    PM.TotalPosts,\n    PM.AcceptedAnswers,\n    PM.TotalScore,\n    PM.TotalViews,\n    UM.TotalUsers,\n    UM.TotalUpVotes,\n    UM.TotalDownVotes,\n    VM.VoteTypeId,\n    VM.TotalVotes\nFROM \n    PostMetrics PM\nCROSS JOIN \n    UserMetrics UM\nCROSS JOIN \n    VoteMetrics VM\nORDER BY \n    PM.PostTypeId, VM.VoteTypeId;",
    "blocked_thread_time": 0.0,
    "cpu_time": 0.4015364900000004,
    "extra_info": {},
    "cumulative_cardinality": 54746981,
    "cumulative_rows_scanned": 17854919,
    "result_set_size": 64477728,
    "latency": 2.604380261,
    "children": [
        {
            "operator_name": "PROJECTION",
            "cpu_time": 0.4015364900000004,
            "extra_info": {
                "Projections": [
                    "__internal_decompress_integral_smallint(#0, 1)",
                    "#1",
                    "#2",
                    "#3",
                    "#4",
                    "#5",
                    "#6",
                    "#7",
                    "__internal_decompress_integral_smallint(#8, 1)",
                    "#9"
                ],
                "Estimated Cardinality": "7732286249196517376"
            },
            "cumulative_cardinality": 54746981,
            "operator_type": "PROJECTION",
            "operator_cardinality": 597016,
            "cumulative_rows_scanned": 17854919,
            "operator_rows_scanned": 0,
            "operator_timing": 0.0004773720000000002,
            "result_set_size": 64477728,
            "children": [
                {
                    "operator_name": "ORDER_BY",
                    "cpu_time": 0.40105911800000044,
                    "extra_info": {
                        "Order By": [
                            "PM.PostTypeId ASC",
                            "VM.VoteTypeId ASC"
                        ]
                    },
                    "cumulative_cardinality": 54149965,
                    "operator_type": "ORDER_BY",
                    "operator_cardinality": 597016,
                    "cumulative_rows_scanned": 17854919,
                    "operator_rows_scanned": 0,
                    "operator_timing": 0.032448493999999994,
                    "result_set_size": 63283696,
                    "children": [
                        {
                            "operator_name": "PROJECTION",
                            "cpu_time": 0.36861062400000044,
                            "extra_info": {
                                "Projections": [
                                    "__internal_compress_integral_utinyint(#0, 1)",
                                    "#1",
                                    "#2",
                                    "#3",
                                    "#4",
                                    "#5",
                                    "#6",
                                    "#7",
                                    "__internal_compress_integral_utinyint(#8, 1)",
                                    "#9"
                                ],
                                "Estimated Cardinality": "7732286249196517376"
                            },
                            "cumulative_cardinality": 53552949,
                            "operator_type": "PROJECTION",
                            "operator_cardinality": 597016,
                            "cumulative_rows_scanned": 17854919,
                            "operator_rows_scanned": 0,
                            "operator_timing": 0.00021795899999999994,
                            "result_set_size": 63283696,
                            "children": [
                                {
                                    "operator_name": "CROSS_PRODUCT",
                                    "cpu_time": 0.36839266500000045,
                                    "extra_info": {},
                                    "cumulative_cardinality": 52955933,
                                    "operator_type": "CROSS_PRODUCT",
                                    "operator_cardinality": 597016,
                                    "cumulative_rows_scanned": 17854919,
                                    "operator_rows_scanned": 0,
                                    "operator_timing": 0.0002004270000000001,
                                    "result_set_size": 64477728,
                                    "children": [
                                        {
                                            "operator_name": "CROSS_PRODUCT",
                                            "cpu_time": 0.2517314220000001,
                                            "extra_info": {},
                                            "cumulative_cardinality": 14126610,
                                            "operator_type": "CROSS_PRODUCT",
                                            "operator_cardinality": 42644,
                                            "cumulative_rows_scanned": 5110826,
                                            "operator_rows_scanned": 0,
                                            "operator_timing": 0.000121977,
                                            "result_set_size": 4179112,
                                            "children": [
                                                {
                                                    "operator_name": "PROJECTION",
                                                    "cpu_time": 0.14602179400000004,
                                                    "extra_info": {
                                                        "Projections": [
                                                            "__internal_decompress_integral_smallint(#0, 1)",
                                                            "#1",
                                                            "#2",
                                                            "#3",
                                                            "#4"
                                                        ],
                                                        "Estimated Cardinality": "1925058"
                                                    },
                                                    "cumulative_cardinality": 11550362,
                                                    "operator_type": "PROJECTION",
                                                    "operator_cardinality": 7,
                                                    "cumulative_rows_scanned": 3850116,
                                                    "operator_rows_scanned": 0,
                                                    "operator_timing": 0.000001382,
                                                    "result_set_size": 406,
                                                    "children": [
                                                        {
                                                            "operator_name": "PERFECT_HASH_GROUP_BY",
                                                            "cpu_time": 0.14602041200000004,
                                                            "extra_info": {
                                                                "Groups": "#0",
                                                                "Aggregates": [
                                                                    "count_star()",
                                                                    "sum(#1)",
                                                                    "sum(#2)",
                                                                    "sum(#3)"
                                                                ]
                                                            },
                                                            "cumulative_cardinality": 11550355,
                                                            "operator_type": "PERFECT_HASH_GROUP_BY",
                                                            "operator_cardinality": 7,
                                                            "cumulative_rows_scanned": 3850116,
                                                            "operator_rows_scanned": 0,
                                                            "operator_timing": 0.05109455500000003,
                                                            "result_set_size": 399,
                                                            "children": [
                                                                {
                                                                    "operator_name": "PROJECTION",
                                                                    "cpu_time": 0.094925857,
                                                                    "extra_info": {
                                                                        "Projections": [
                                                                            "posttypeid",
                                                                            "CASE  WHEN ((acceptedanswerid IS NOT NULL)) THEN (1) ELSE 0 END",
                                                                            "score",
                                                                            "viewcount"
                                                                        ],
                                                                        "Estimated Cardinality": "3850116"
                                                                    },
                                                                    "cumulative_cardinality": 11550348,
                                                                    "operator_type": "PROJECTION",
                                                                    "operator_cardinality": 3850116,
                                                                    "cumulative_rows_scanned": 3850116,
                                                                    "operator_rows_scanned": 0,
                                                                    "operator_timing": 0.015292352000000002,
                                                                    "result_set_size": 50051508,
                                                                    "children": [
                                                                        {
                                                                            "operator_name": "PROJECTION",
                                                                            "cpu_time": 0.07963350500000001,
                                                                            "extra_info": {
                                                                                "Projections": [
                                                                                    "__internal_compress_integral_utinyint(#0, 1)",
                                                                                    "#1",
                                                                                    "#2",
                                                                                    "#3"
                                                                                ],
                                                                                "Estimated Cardinality": "3850116"
                                                                            },
                                                                            "cumulative_cardinality": 7700232,
                                                                            "operator_type": "PROJECTION",
                                                                            "operator_cardinality": 3850116,
                                                                            "cumulative_rows_scanned": 3850116,
                                                                            "operator_rows_scanned": 0,
                                                                            "operator_timing": 0.0010181189999999972,
                                                                            "result_set_size": 50051508,
                                                                            "children": [
                                                                                {
                                                                                    "operator_name": "READ_PARQUET ",
                                                                                    "cpu_time": 0.07861538600000001,
                                                                                    "extra_info": {
                                                                                        "Function": "READ_PARQUET",
                                                                                        "Projections": [
                                                                                            "posttypeid",
                                                                                            "acceptedanswerid",
                                                                                            "score",
                                                                                            "viewcount"
                                                                                        ],
                                                                                        "Estimated Cardinality": "3850116"
                                                                                    },
                                                                                    "cumulative_cardinality": 3850116,
                                                                                    "operator_type": "TABLE_SCAN",
                                                                                    "operator_cardinality": 3850116,
                                                                                    "cumulative_rows_scanned": 3850116,
                                                                                    "operator_rows_scanned": 3850116,
                                                                                    "operator_timing": 0.07861538600000001,
                                                                                    "result_set_size": 53901624,
                                                                                    "children": []
                                                                                }
                                                                            ]
                                                                        }
                                                                    ]
                                                                }
                                                            ]
                                                        }
                                                    ]
                                                },
                                                {
                                                    "operator_name": "PROJECTION",
                                                    "cpu_time": 0.10558765100000005,
                                                    "extra_info": {
                                                        "Projections": [
                                                            "TotalUsers",
                                                            "TotalUpVotes",
                                                            "TotalDownVotes"
                                                        ],
                                                        "Estimated Cardinality": "630355"
                                                    },
                                                    "cumulative_cardinality": 2533604,
                                                    "operator_type": "PROJECTION",
                                                    "operator_cardinality": 6092,
                                                    "cumulative_rows_scanned": 1260710,
                                                    "operator_rows_scanned": 0,
                                                    "operator_timing": 0.000001472,
                                                    "result_set_size": 243680,
                                                    "children": [
                                                        {
                                                            "operator_name": "HASH_GROUP_BY",
                                                            "cpu_time": 0.10558617900000004,
                                                            "extra_info": {
                                                                "Groups": "#0",
                                                                "Aggregates": [
                                                                    "count(DISTINCT #1)",
                                                                    "sum(#2)",
                                                                    "sum(#3)"
                                                                ],
                                                                "Estimated Cardinality": "630355"
                                                            },
                                                            "cumulative_cardinality": 2527512,
                                                            "operator_type": "HASH_GROUP_BY",
                                                            "operator_cardinality": 6092,
                                                            "cumulative_rows_scanned": 1260710,
                                                            "operator_rows_scanned": 0,
                                                            "operator_timing": 0.08083509400000007,
                                                            "result_set_size": 268048,
                                                            "children": [
                                                                {
                                                                    "operator_name": "PROJECTION",
                                                                    "cpu_time": 0.024751084999999978,
                                                                    "extra_info": {
                                                                        "Projections": [
                                                                            "reputation",
                                                                            "id",
                                                                            "upvotes",
                                                                            "downvotes"
                                                                        ],
                                                                        "Estimated Cardinality": "1260710"
                                                                    },
                                                                    "cumulative_cardinality": 2521420,
                                                                    "operator_type": "PROJECTION",
                                                                    "operator_cardinality": 1260710,
                                                                    "cumulative_rows_scanned": 1260710,
                                                                    "operator_rows_scanned": 0,
                                                                    "operator_timing": 0.00015152899999999996,
                                                                    "result_set_size": 20171360,
                                                                    "children": [
                                                                        {
                                                                            "operator_name": "READ_PARQUET ",
                                                                            "cpu_time": 0.024599555999999977,
                                                                            "extra_info": {
                                                                                "Function": "READ_PARQUET",
                                                                                "Projections": [
                                                                                    "id",
                                                                                    "reputation",
                                                                                    "upvotes",
                                                                                    "downvotes"
                                                                                ],
                                                                                "Estimated Cardinality": "1260710"
                                                                            },
                                                                            "cumulative_cardinality": 1260710,
                                                                            "operator_type": "TABLE_SCAN",
                                                                            "operator_cardinality": 1260710,
                                                                            "cumulative_rows_scanned": 1260710,
                                                                            "operator_rows_scanned": 1260710,
                                                                            "operator_timing": 0.024599555999999977,
                                                                            "result_set_size": 20171360,
                                                                            "children": []
                                                                        }
                                                                    ]
                                                                }
                                                            ]
                                                        }
                                                    ]
                                                }
                                            ]
                                        },
                                        {
                                            "operator_name": "PROJECTION",
                                            "cpu_time": 0.11646081600000033,
                                            "extra_info": {
                                                "Projections": [
                                                    "__internal_decompress_integral_smallint(#0, 1)",
                                                    "#1"
                                                ],
                                                "Estimated Cardinality": "6372046"
                                            },
                                            "cumulative_cardinality": 38232307,
                                            "operator_type": "PROJECTION",
                                            "operator_cardinality": 14,
                                            "cumulative_rows_scanned": 12744093,
                                            "operator_rows_scanned": 0,
                                            "operator_timing": 0.000001222,
                                            "result_set_size": 140,
                                            "children": [
                                                {
                                                    "operator_name": "PERFECT_HASH_GROUP_BY",
                                                    "cpu_time": 0.11645959400000033,
                                                    "extra_info": {
                                                        "Groups": "#0",
                                                        "Aggregates": "count_star()"
                                                    },
                                                    "cumulative_cardinality": 38232293,
                                                    "operator_type": "PERFECT_HASH_GROUP_BY",
                                                    "operator_cardinality": 14,
                                                    "cumulative_rows_scanned": 12744093,
                                                    "operator_rows_scanned": 0,
                                                    "operator_timing": 0.05913487900000037,
                                                    "result_set_size": 126,
                                                    "children": [
                                                        {
                                                            "operator_name": "PROJECTION",
                                                            "cpu_time": 0.057324714999999964,
                                                            "extra_info": {
                                                                "Projections": "votetypeid",
                                                                "Estimated Cardinality": "12744093"
                                                            },
                                                            "cumulative_cardinality": 38232279,
                                                            "operator_type": "PROJECTION",
                                                            "operator_cardinality": 12744093,
                                                            "cumulative_rows_scanned": 12744093,
                                                            "operator_rows_scanned": 0,
                                                            "operator_timing": 0.00046558700000003204,
                                                            "result_set_size": 12744093,
                                                            "children": [
                                                                {
                                                                    "operator_name": "PROJECTION",
                                                                    "cpu_time": 0.05685912799999993,
                                                                    "extra_info": {
                                                                        "Projections": "__internal_compress_integral_utinyint(#0, 1)",
                                                                        "Estimated Cardinality": "12744093"
                                                                    },
                                                                    "cumulative_cardinality": 25488186,
                                                                    "operator_type": "PROJECTION",
                                                                    "operator_cardinality": 12744093,
                                                                    "cumulative_rows_scanned": 12744093,
                                                                    "operator_rows_scanned": 0,
                                                                    "operator_timing": 0.0022596810000000416,
                                                                    "result_set_size": 12744093,
                                                                    "children": [
                                                                        {
                                                                            "operator_name": "READ_PARQUET ",
                                                                            "cpu_time": 0.05459944699999989,
                                                                            "extra_info": {
                                                                                "Function": "READ_PARQUET",
                                                                                "Projections": "votetypeid",
                                                                                "Estimated Cardinality": "12744093"
                                                                            },
                                                                            "cumulative_cardinality": 12744093,
                                                                            "operator_type": "TABLE_SCAN",
                                                                            "operator_cardinality": 12744093,
                                                                            "cumulative_rows_scanned": 12744093,
                                                                            "operator_rows_scanned": 12744093,
                                                                            "operator_timing": 0.05459944699999989,
                                                                            "result_set_size": 25488186,
                                                                            "children": []
                                                                        }
                                                                    ]
                                                                }
                                                            ]
                                                        }
                                                    ]
                                                }
                                            ]
                                        }
                                    ]
                                }
                            ]
                        }
                    ]
                }
            ]
        }
    ]
}