{
    "rows_returned": 100,
    "query_name": "\nWITH PostStats AS (\n    SELECT \n        p.Id AS PostId,\n        p.PostTypeId,\n        COUNT(c.Id) AS CommentCount,\n        COUNT(v.Id) AS VoteCount,\n        MAX(p.CreationDate) AS LastActivityDate,\n        SUM(CASE WHEN v.VoteTypeId = 2 THEN 1 ELSE 0 END) AS UpVotes,\n        SUM(CASE WHEN v.VoteTypeId = 3 THEN 1 ELSE 0 END) AS DownVotes\n    FROM \n        Posts p\n    LEFT JOIN \n        Comments c ON p.Id = c.PostId\n    LEFT JOIN \n        Votes v ON p.Id = v.PostId\n    GROUP BY \n        p.Id, p.PostTypeId\n),\nUserStats AS (\n    SELECT \n        u.Id AS UserId,\n        COUNT(b.Id) AS BadgeCount,\n        SUM(u.Reputation) AS TotalReputation,\n        COUNT(DISTINCT p.Id) AS PostCount\n    FROM \n        Users u\n    LEFT JOIN \n        Badges b ON u.Id = b.UserId\n    LEFT JOIN \n        Posts p ON u.Id = p.OwnerUserId\n    GROUP BY \n        u.Id\n)\nSELECT \n    ps.PostId,\n    ps.PostTypeId,\n    ps.CommentCount,\n    ps.VoteCount,\n    ps.LastActivityDate,\n    ps.UpVotes,\n    ps.DownVotes,\n    us.UserId,\n    us.BadgeCount,\n    us.TotalReputation,\n    us.PostCount\nFROM \n    PostStats ps\nJOIN \n    UserStats us ON ps.PostTypeId = us.UserId\nORDER BY \n    ps.VoteCount DESC, \n    ps.CommentCount DESC\nLIMIT 100;\n",
    "blocked_thread_time": 0.0,
    "cpu_time": 29.486772721000087,
    "extra_info": {},
    "cumulative_cardinality": 1390802804,
    "cumulative_rows_scanned": 31268581,
    "result_set_size": 9800,
    "latency": 34.806128427,
    "children": [
        {
            "operator_name": "STREAMING_LIMIT",
            "cpu_time": 29.486772721000087,
            "extra_info": {},
            "cumulative_cardinality": 1390802804,
            "operator_type": "STREAMING_LIMIT",
            "operator_cardinality": 100,
            "cumulative_rows_scanned": 31268581,
            "operator_rows_scanned": 0,
            "operator_timing": 0.000001573,
            "result_set_size": 9800,
            "children": [
                {
                    "operator_name": "PROJECTION",
                    "cpu_time": 29.486771148000088,
                    "extra_info": {
                        "Projections": [
                            "#0",
                            "__internal_decompress_integral_smallint(#1, 1)",
                            "#2",
                            "#3",
                            "#4",
                            "#5",
                            "#6",
                            "#7",
                            "#8",
                            "#9",
                            "#10"
                        ],
                        "Estimated Cardinality": "3850116"
                    },
                    "cumulative_cardinality": 1390802704,
                    "operator_type": "PROJECTION",
                    "operator_cardinality": 4096,
                    "cumulative_rows_scanned": 31268581,
                    "operator_rows_scanned": 0,
                    "operator_timing": 0.000006271,
                    "result_set_size": 401408,
                    "children": [
                        {
                            "operator_name": "ORDER_BY",
                            "cpu_time": 29.486764877000088,
                            "extra_info": {
                                "Order By": [
                                    "ps.VoteCount DESC",
                                    "ps.CommentCount DESC"
                                ]
                            },
                            "cumulative_cardinality": 1390798608,
                            "operator_type": "ORDER_BY",
                            "operator_cardinality": 4096,
                            "cumulative_rows_scanned": 31268581,
                            "operator_rows_scanned": 0,
                            "operator_timing": 0.10672792899999987,
                            "result_set_size": 397312,
                            "children": [
                                {
                                    "operator_name": "PROJECTION",
                                    "cpu_time": 29.380036948000086,
                                    "extra_info": {
                                        "Projections": [
                                            "#0",
                                            "__internal_compress_integral_utinyint(#1, 1)",
                                            "#2",
                                            "#3",
                                            "#4",
                                            "#5",
                                            "#6",
                                            "#7",
                                            "#8",
                                            "#9",
                                            "#10"
                                        ],
                                        "Estimated Cardinality": "3850116"
                                    },
                                    "cumulative_cardinality": 1390794512,
                                    "operator_type": "PROJECTION",
                                    "operator_cardinality": 2181952,
                                    "cumulative_rows_scanned": 31268581,
                                    "operator_rows_scanned": 0,
                                    "operator_timing": 0.003100881000000009,
                                    "result_set_size": 211649344,
                                    "children": [
                                        {
                                            "operator_name": "HASH_JOIN",
                                            "cpu_time": 29.376936067000084,
                                            "extra_info": {
                                                "Join Type": "INNER",
                                                "Conditions": "CAST(posttypeid AS INTEGER) = UserId",
                                                "Estimated Cardinality": "3850116"
                                            },
                                            "cumulative_cardinality": 1388612560,
                                            "operator_type": "HASH_JOIN",
                                            "operator_cardinality": 2181952,
                                            "cumulative_rows_scanned": 31268581,
                                            "operator_rows_scanned": 0,
                                            "operator_timing": 0.1069084880000002,
                                            "result_set_size": 213831296,
                                            "children": [
                                                {
                                                    "operator_name": "PROJECTION",
                                                    "cpu_time": 5.047536864000009,
                                                    "extra_info": {
                                                        "Projections": [
                                                            "#0",
                                                            "__internal_decompress_integral_smallint(#1, 1)",
                                                            "#2",
                                                            "#3",
                                                            "#4",
                                                            "#5",
                                                            "#6"
                                                        ],
                                                        "Estimated Cardinality": "3850116"
                                                    },
                                                    "cumulative_cardinality": 202689537,
                                                    "operator_type": "PROJECTION",
                                                    "operator_cardinality": 3850116,
                                                    "cumulative_rows_scanned": 23836031,
                                                    "operator_rows_scanned": 0,
                                                    "operator_timing": 0.0014388459999999969,
                                                    "result_set_size": 238707192,
                                                    "children": [
                                                        {
                                                            "operator_name": "HASH_GROUP_BY",
                                                            "cpu_time": 5.046098018000009,
                                                            "extra_info": {
                                                                "Groups": [
                                                                    "#0",
                                                                    "#1"
                                                                ],
                                                                "Aggregates": [
                                                                    "count(#2)",
                                                                    "count(#3)",
                                                                    "max(#4)",
                                                                    "sum(#5)",
                                                                    "sum(#6)"
                                                                ],
                                                                "Estimated Cardinality": "3850116"
                                                            },
                                                            "cumulative_cardinality": 198839421,
                                                            "operator_type": "HASH_GROUP_BY",
                                                            "operator_cardinality": 3850116,
                                                            "cumulative_rows_scanned": 23836031,
                                                            "operator_rows_scanned": 0,
                                                            "operator_timing": 1.861984149999999,
                                                            "result_set_size": 234857076,
                                                            "children": [
                                                                {
                                                                    "operator_name": "PROJECTION",
                                                                    "cpu_time": 3.1841138680000105,
                                                                    "extra_info": {
                                                                        "Projections": [
                                                                            "id",
                                                                            "posttypeid",
                                                                            "id",
                                                                            "id",
                                                                            "creationdate",
                                                                            "CASE  WHEN ((votetypeid = 2)) THEN (1) ELSE 0 END",
                                                                            "CASE  WHEN ((votetypeid = 3)) THEN (1) ELSE 0 END"
                                                                        ],
                                                                        "Estimated Cardinality": "12744093"
                                                                    },
                                                                    "cumulative_cardinality": 194989305,
                                                                    "operator_type": "PROJECTION",
                                                                    "operator_cardinality": 35129590,
                                                                    "cumulative_rows_scanned": 23836031,
                                                                    "operator_rows_scanned": 0,
                                                                    "operator_timing": 0.2581886569999988,
                                                                    "result_set_size": 1018758110,
                                                                    "children": [
                                                                        {
                                                                            "operator_name": "PROJECTION",
                                                                            "cpu_time": 2.9259252110000116,
                                                                            "extra_info": {
                                                                                "Projections": [
                                                                                    "#0",
                                                                                    "#1",
                                                                                    "#2",
                                                                                    "#3",
                                                                                    "__internal_compress_integral_utinyint(#4, 1)",
                                                                                    "#5"
                                                                                ],
                                                                                "Estimated Cardinality": "12744093"
                                                                            },
                                                                            "cumulative_cardinality": 159859715,
                                                                            "operator_type": "PROJECTION",
                                                                            "operator_cardinality": 35129590,
                                                                            "cumulative_rows_scanned": 23836031,
                                                                            "operator_rows_scanned": 0,
                                                                            "operator_timing": 0.03111036099999965,
                                                                            "result_set_size": 807980570,
                                                                            "children": [
                                                                                {
                                                                                    "operator_name": "PROJECTION",
                                                                                    "cpu_time": 2.894814850000012,
                                                                                    "extra_info": {
                                                                                        "Projections": [
                                                                                            "#0",
                                                                                            "#1",
                                                                                            "#2",
                                                                                            "#3",
                                                                                            "__internal_decompress_integral_smallint(#4, 1)",
                                                                                            "#5"
                                                                                        ],
                                                                                        "Estimated Cardinality": "12744093"
                                                                                    },
                                                                                    "cumulative_cardinality": 124730125,
                                                                                    "operator_type": "PROJECTION",
                                                                                    "operator_cardinality": 35129590,
                                                                                    "cumulative_rows_scanned": 23836031,
                                                                                    "operator_rows_scanned": 0,
                                                                                    "operator_timing": 0.08140496400000063,
                                                                                    "result_set_size": 843110160,
                                                                                    "children": [
                                                                                        {
                                                                                            "operator_name": "HASH_JOIN",
                                                                                            "cpu_time": 2.813409886000011,
                                                                                            "extra_info": {
                                                                                                "Join Type": "RIGHT",
                                                                                                "Conditions": "postid = id",
                                                                                                "Estimated Cardinality": "12744093"
                                                                                            },
                                                                                            "cumulative_cardinality": 89600535,
                                                                                            "operator_type": "HASH_JOIN",
                                                                                            "operator_cardinality": 35129590,
                                                                                            "cumulative_rows_scanned": 23836031,
                                                                                            "operator_rows_scanned": 0,
                                                                                            "operator_timing": 1.653332177000011,
                                                                                            "result_set_size": 807980570,
                                                                                            "children": [
                                                                                                {
                                                                                                    "operator_name": "READ_PARQUET ",
                                                                                                    "cpu_time": 0.3297577900000001,
                                                                                                    "extra_info": {
                                                                                                        "Function": "READ_PARQUET",
                                                                                                        "Projections": [
                                                                                                            "id",
                                                                                                            "postid",
                                                                                                            "votetypeid"
                                                                                                        ],
                                                                                                        "Estimated Cardinality": "12744093"
                                                                                                    },
                                                                                                    "cumulative_cardinality": 12744093,
                                                                                                    "operator_type": "TABLE_SCAN",
                                                                                                    "operator_cardinality": 12744093,
                                                                                                    "cumulative_rows_scanned": 12744093,
                                                                                                    "operator_rows_scanned": 12744093,
                                                                                                    "operator_timing": 0.3297577900000001,
                                                                                                    "result_set_size": 127440930,
                                                                                                    "children": []
                                                                                                },
                                                                                                {
                                                                                                    "operator_name": "PROJECTION",
                                                                                                    "cpu_time": 0.8303199190000002,
                                                                                                    "extra_info": {
                                                                                                        "Projections": [
                                                                                                            "#0",
                                                                                                            "#1",
                                                                                                            "__internal_compress_integral_utinyint(#2, 1)",
                                                                                                            "#3"
                                                                                                        ],
                                                                                                        "Estimated Cardinality": "7241822"
                                                                                                    },
                                                                                                    "cumulative_cardinality": 41726852,
                                                                                                    "operator_type": "PROJECTION",
                                                                                                    "operator_cardinality": 8928266,
                                                                                                    "cumulative_rows_scanned": 11091938,
                                                                                                    "operator_rows_scanned": 0,
                                                                                                    "operator_timing": 0.0026970920000000073,
                                                                                                    "result_set_size": 151780522,
                                                                                                    "children": [
                                                                                                        {
                                                                                                            "operator_name": "PROJECTION",
                                                                                                            "cpu_time": 0.8276228270000002,
                                                                                                            "extra_info": {
                                                                                                                "Projections": [
                                                                                                                    "#0",
                                                                                                                    "#1",
                                                                                                                    "__internal_decompress_integral_smallint(#2, 1)",
                                                                                                                    "#3"
                                                                                                                ],
                                                                                                                "Estimated Cardinality": "7241822"
                                                                                                            },
                                                                                                            "cumulative_cardinality": 32798586,
                                                                                                            "operator_type": "PROJECTION",
                                                                                                            "operator_cardinality": 8928266,
                                                                                                            "cumulative_rows_scanned": 11091938,
                                                                                                            "operator_rows_scanned": 0,
                                                                                                            "operator_timing": 0.003482895,
                                                                                                            "result_set_size": 160708788,
                                                                                                            "children": [
                                                                                                                {
                                                                                                                    "operator_name": "HASH_JOIN",
                                                                                                                    "cpu_time": 0.8241399320000002,
                                                                                                                    "extra_info": {
                                                                                                                        "Join Type": "RIGHT",
                                                                                                                        "Conditions": "postid = id",
                                                                                                                        "Estimated Cardinality": "7241822"
                                                                                                                    },
                                                                                                                    "cumulative_cardinality": 23870320,
                                                                                                                    "operator_type": "HASH_JOIN",
                                                                                                                    "operator_cardinality": 8928266,
                                                                                                                    "cumulative_rows_scanned": 11091938,
                                                                                                                    "operator_rows_scanned": 0,
                                                                                                                    "operator_timing": 0.6102981609999998,
                                                                                                                    "result_set_size": 151780522,
                                                                                                                    "children": [
                                                                                                                        {
                                                                                                                            "operator_name": "READ_PARQUET ",
                                                                                                                            "cpu_time": 0.12527737400000005,
                                                                                                                            "extra_info": {
                                                                                                                                "Function": "READ_PARQUET",
                                                                                                                                "Projections": [
                                                                                                                                    "id",
                                                                                                                                    "postid"
                                                                                                                                ],
                                                                                                                                "Estimated Cardinality": "7241822"
                                                                                                                            },
                                                                                                                            "cumulative_cardinality": 7241822,
                                                                                                                            "operator_type": "TABLE_SCAN",
                                                                                                                            "operator_cardinality": 7241822,
                                                                                                                            "cumulative_rows_scanned": 7241822,
                                                                                                                            "operator_rows_scanned": 7241822,
                                                                                                                            "operator_timing": 0.12527737400000005,
                                                                                                                            "result_set_size": 57934576,
                                                                                                                            "children": []
                                                                                                                        },
                                                                                                                        {
                                                                                                                            "operator_name": "PROJECTION",
                                                                                                                            "cpu_time": 0.08856439700000035,
                                                                                                                            "extra_info": {
                                                                                                                                "Projections": [
                                                                                                                                    "#0",
                                                                                                                                    "__internal_compress_integral_utinyint(#1, 1)",
                                                                                                                                    "#2"
                                                                                                                                ],
                                                                                                                                "Estimated Cardinality": "3850116"
                                                                                                                            },
                                                                                                                            "cumulative_cardinality": 7700232,
                                                                                                                            "operator_type": "PROJECTION",
                                                                                                                            "operator_cardinality": 3850116,
                                                                                                                            "cumulative_rows_scanned": 3850116,
                                                                                                                            "operator_rows_scanned": 0,
                                                                                                                            "operator_timing": 0.0012383509999999986,
                                                                                                                            "result_set_size": 50051508,
                                                                                                                            "children": [
                                                                                                                                {
                                                                                                                                    "operator_name": "READ_PARQUET ",
                                                                                                                                    "cpu_time": 0.08732604600000035,
                                                                                                                                    "extra_info": {
                                                                                                                                        "Function": "READ_PARQUET",
                                                                                                                                        "Projections": [
                                                                                                                                            "id",
                                                                                                                                            "posttypeid",
                                                                                                                                            "creationdate"
                                                                                                                                        ],
                                                                                                                                        "Estimated Cardinality": "3850116"
                                                                                                                                    },
                                                                                                                                    "cumulative_cardinality": 3850116,
                                                                                                                                    "operator_type": "TABLE_SCAN",
                                                                                                                                    "operator_cardinality": 3850116,
                                                                                                                                    "cumulative_rows_scanned": 3850116,
                                                                                                                                    "operator_rows_scanned": 3850116,
                                                                                                                                    "operator_timing": 0.08732604600000035,
                                                                                                                                    "result_set_size": 53901624,
                                                                                                                                    "children": []
                                                                                                                                }
                                                                                                                            ]
                                                                                                                        }
                                                                                                                    ]
                                                                                                                }
                                                                                                            ]
                                                                                                        }
                                                                                                    ]
                                                                                                }
                                                                                            ]
                                                                                        }
                                                                                    ]
                                                                                }
                                                                            ]
                                                                        }
                                                                    ]
                                                                }
                                                            ]
                                                        }
                                                    ]
                                                },
                                                {
                                                    "operator_name": "HASH_GROUP_BY",
                                                    "cpu_time": 24.222490715000074,
                                                    "extra_info": {
                                                        "Groups": "#0",
                                                        "Aggregates": [
                                                            "count(#1)",
                                                            "sum(#2)",
                                                            "count(DISTINCT #3)"
                                                        ],
                                                        "Estimated Cardinality": "1260710"
                                                    },
                                                    "cumulative_cardinality": 1183741071,
                                                    "operator_type": "HASH_GROUP_BY",
                                                    "operator_cardinality": 1260710,
                                                    "cumulative_rows_scanned": 7432550,
                                                    "operator_rows_scanned": 0,
                                                    "operator_timing": 16.226087377999715,
                                                    "result_set_size": 45385560,
                                                    "children": [
                                                        {
                                                            "operator_name": "PROJECTION",
                                                            "cpu_time": 7.99640333700036,
                                                            "extra_info": {
                                                                "Projections": [
                                                                    "id",
                                                                    "id",
                                                                    "reputation",
                                                                    "id"
                                                                ],
                                                                "Estimated Cardinality": "3850116"
                                                            },
                                                            "cumulative_cardinality": 1182480361,
                                                            "operator_type": "PROJECTION",
                                                            "operator_cardinality": 586089549,
                                                            "cumulative_rows_scanned": 7432550,
                                                            "operator_rows_scanned": 0,
                                                            "operator_timing": 0.08584539600001836,
                                                            "result_set_size": 9377432784,
                                                            "children": [
                                                                {
                                                                    "operator_name": "HASH_JOIN",
                                                                    "cpu_time": 7.9105579410003415,
                                                                    "extra_info": {
                                                                        "Join Type": "RIGHT",
                                                                        "Conditions": "owneruserid = id",
                                                                        "Estimated Cardinality": "3850116"
                                                                    },
                                                                    "cumulative_cardinality": 596390812,
                                                                    "operator_type": "HASH_JOIN",
                                                                    "operator_cardinality": 586089549,
                                                                    "cumulative_rows_scanned": 7432550,
                                                                    "operator_rows_scanned": 0,
                                                                    "operator_timing": 7.492441415000341,
                                                                    "result_set_size": 9377432784,
                                                                    "children": [
                                                                        {
                                                                            "operator_name": "READ_PARQUET ",
                                                                            "cpu_time": 0.14680214599999997,
                                                                            "extra_info": {
                                                                                "Function": "READ_PARQUET",
                                                                                "Projections": [
                                                                                    "id",
                                                                                    "owneruserid"
                                                                                ],
                                                                                "Estimated Cardinality": "3850116"
                                                                            },
                                                                            "cumulative_cardinality": 3685416,
                                                                            "operator_type": "TABLE_SCAN",
                                                                            "operator_cardinality": 3685416,
                                                                            "cumulative_rows_scanned": 3850116,
                                                                            "operator_rows_scanned": 3850116,
                                                                            "operator_timing": 0.14680214599999997,
                                                                            "result_set_size": 29483328,
                                                                            "children": []
                                                                        },
                                                                        {
                                                                            "operator_name": "HASH_JOIN",
                                                                            "cpu_time": 0.2713143800000002,
                                                                            "extra_info": {
                                                                                "Join Type": "RIGHT",
                                                                                "Conditions": "userid = id",
                                                                                "Estimated Cardinality": "2321724"
                                                                            },
                                                                            "cumulative_cardinality": 6615847,
                                                                            "operator_type": "HASH_JOIN",
                                                                            "operator_cardinality": 3033413,
                                                                            "cumulative_rows_scanned": 3582434,
                                                                            "operator_rows_scanned": 0,
                                                                            "operator_timing": 0.17707653300000034,
                                                                            "result_set_size": 36400956,
                                                                            "children": [
                                                                                {
                                                                                    "operator_name": "READ_PARQUET ",
                                                                                    "cpu_time": 0.04136529599999992,
                                                                                    "extra_info": {
                                                                                        "Function": "READ_PARQUET",
                                                                                        "Projections": [
                                                                                            "id",
                                                                                            "userid"
                                                                                        ],
                                                                                        "Estimated Cardinality": "2321724"
                                                                                    },
                                                                                    "cumulative_cardinality": 2321724,
                                                                                    "operator_type": "TABLE_SCAN",
                                                                                    "operator_cardinality": 2321724,
                                                                                    "cumulative_rows_scanned": 2321724,
                                                                                    "operator_rows_scanned": 2321724,
                                                                                    "operator_timing": 0.04136529599999992,
                                                                                    "result_set_size": 18573792,
                                                                                    "children": []
                                                                                },
                                                                                {
                                                                                    "operator_name": "READ_PARQUET ",
                                                                                    "cpu_time": 0.05287255099999996,
                                                                                    "extra_info": {
                                                                                        "Function": "READ_PARQUET",
                                                                                        "Projections": [
                                                                                            "id",
                                                                                            "reputation"
                                                                                        ],
                                                                                        "Estimated Cardinality": "1260710"
                                                                                    },
                                                                                    "cumulative_cardinality": 1260710,
                                                                                    "operator_type": "TABLE_SCAN",
                                                                                    "operator_cardinality": 1260710,
                                                                                    "cumulative_rows_scanned": 1260710,
                                                                                    "operator_rows_scanned": 1260710,
                                                                                    "operator_timing": 0.05287255099999996,
                                                                                    "result_set_size": 10085680,
                                                                                    "children": []
                                                                                }
                                                                            ]
                                                                        }
                                                                    ]
                                                                }
                                                            ]
                                                        }
                                                    ]
                                                }
                                            ]
                                        }
                                    ]
                                }
                            ]
                        }
                    ]
                }
            ]
        }
    ]
}