{
    "rows_returned": 100,
    "query_name": "WITH UserStatistics AS (\n    SELECT \n        u.Id AS UserId,\n        u.Reputation,\n        COUNT(DISTINCT p.Id) AS TotalPosts,\n        COUNT(c.Id) AS TotalComments,\n        COUNT(v.Id) AS TotalVotes\n    FROM \n        Users u\n    LEFT JOIN \n        Posts p ON u.Id = p.OwnerUserId\n    LEFT JOIN \n        Comments c ON p.Id = c.PostId\n    LEFT JOIN \n        Votes v ON p.Id = v.PostId\n    GROUP BY \n        u.Id, u.Reputation\n)\n\nSELECT \n    UserId, \n    Reputation, \n    TotalPosts, \n    TotalComments, \n    TotalVotes\nFROM \n    UserStatistics\nORDER BY \n    TotalPosts DESC, \n    TotalComments DESC, \n    TotalVotes DESC\nLIMIT 100;",
    "blocked_thread_time": 0.0,
    "cpu_time": 4.1859124099999905,
    "extra_info": {},
    "cumulative_cardinality": 109104090,
    "cumulative_rows_scanned": 25096741,
    "result_set_size": 3200,
    "latency": 4.997750595,
    "children": [
        {
            "operator_name": "STREAMING_LIMIT",
            "cpu_time": 4.1859124099999905,
            "extra_info": {},
            "cumulative_cardinality": 109104090,
            "operator_type": "STREAMING_LIMIT",
            "operator_cardinality": 100,
            "cumulative_rows_scanned": 25096741,
            "operator_rows_scanned": 0,
            "operator_timing": 0.000001793,
            "result_set_size": 3200,
            "children": [
                {
                    "operator_name": "ORDER_BY",
                    "cpu_time": 4.1859106169999905,
                    "extra_info": {
                        "Order By": [
                            "UserStatistics.TotalPosts DESC",
                            "UserStatistics.TotalComments DESC",
                            "UserStatistics.TotalVotes DESC"
                        ]
                    },
                    "cumulative_cardinality": 109103990,
                    "operator_type": "ORDER_BY",
                    "operator_cardinality": 4096,
                    "cumulative_rows_scanned": 25096741,
                    "operator_rows_scanned": 0,
                    "operator_timing": 0.041306077,
                    "result_set_size": 131072,
                    "children": [
                        {
                            "operator_name": "HASH_GROUP_BY",
                            "cpu_time": 4.144604539999991,
                            "extra_info": {
                                "Groups": [
                                    "#0",
                                    "#1"
                                ],
                                "Aggregates": [
                                    "count(DISTINCT #2)",
                                    "count(#3)",
                                    "count(#4)"
                                ],
                                "Estimated Cardinality": "1260710"
                            },
                            "cumulative_cardinality": 109099894,
                            "operator_type": "HASH_GROUP_BY",
                            "operator_cardinality": 1260710,
                            "cumulative_rows_scanned": 25096741,
                            "operator_rows_scanned": 0,
                            "operator_timing": 1.700712962999996,
                            "result_set_size": 40342720,
                            "children": [
                                {
                                    "operator_name": "PROJECTION",
                                    "cpu_time": 2.4438915769999943,
                                    "extra_info": {
                                        "Projections": [
                                            "id",
                                            "reputation",
                                            "id",
                                            "id",
                                            "id"
                                        ],
                                        "Estimated Cardinality": "12744093"
                                    },
                                    "cumulative_cardinality": 107839184,
                                    "operator_type": "PROJECTION",
                                    "operator_cardinality": 34453569,
                                    "cumulative_rows_scanned": 25096741,
                                    "operator_rows_scanned": 0,
                                    "operator_timing": 0.00591970300000024,
                                    "result_set_size": 689071380,
                                    "children": [
                                        {
                                            "operator_name": "HASH_JOIN",
                                            "cpu_time": 2.437971873999994,
                                            "extra_info": {
                                                "Join Type": "RIGHT",
                                                "Conditions": "postid = id",
                                                "Estimated Cardinality": "12744093"
                                            },
                                            "cumulative_cardinality": 73385615,
                                            "operator_type": "HASH_JOIN",
                                            "operator_cardinality": 34453569,
                                            "cumulative_rows_scanned": 25096741,
                                            "operator_rows_scanned": 0,
                                            "operator_timing": 1.2867966679999914,
                                            "result_set_size": 689071380,
                                            "children": [
                                                {
                                                    "operator_name": "READ_PARQUET ",
                                                    "cpu_time": 0.2198792650000007,
                                                    "extra_info": {
                                                        "Function": "READ_PARQUET",
                                                        "Projections": [
                                                            "id",
                                                            "postid"
                                                        ],
                                                        "Estimated Cardinality": "12744093"
                                                    },
                                                    "cumulative_cardinality": 12744093,
                                                    "operator_type": "TABLE_SCAN",
                                                    "operator_cardinality": 12744093,
                                                    "cumulative_rows_scanned": 12744093,
                                                    "operator_rows_scanned": 12744093,
                                                    "operator_timing": 0.2198792650000007,
                                                    "result_set_size": 101952744,
                                                    "children": []
                                                },
                                                {
                                                    "operator_name": "HASH_JOIN",
                                                    "cpu_time": 0.9312959410000016,
                                                    "extra_info": {
                                                        "Join Type": "RIGHT",
                                                        "Conditions": "postid = id",
                                                        "Estimated Cardinality": "7241822"
                                                    },
                                                    "cumulative_cardinality": 26187953,
                                                    "operator_type": "HASH_JOIN",
                                                    "operator_cardinality": 9425510,
                                                    "cumulative_rows_scanned": 12352648,
                                                    "operator_rows_scanned": 0,
                                                    "operator_timing": 0.5077983520000016,
                                                    "result_set_size": 150808160,
                                                    "children": [
                                                        {
                                                            "operator_name": "READ_PARQUET ",
                                                            "cpu_time": 0.12099889899999969,
                                                            "extra_info": {
                                                                "Function": "READ_PARQUET",
                                                                "Projections": [
                                                                    "id",
                                                                    "postid"
                                                                ],
                                                                "Estimated Cardinality": "7241822"
                                                            },
                                                            "cumulative_cardinality": 7241822,
                                                            "operator_type": "TABLE_SCAN",
                                                            "operator_cardinality": 7241822,
                                                            "cumulative_rows_scanned": 7241822,
                                                            "operator_rows_scanned": 7241822,
                                                            "operator_timing": 0.12099889899999969,
                                                            "result_set_size": 57934576,
                                                            "children": []
                                                        },
                                                        {
                                                            "operator_name": "HASH_JOIN",
                                                            "cpu_time": 0.3024986900000003,
                                                            "extra_info": {
                                                                "Join Type": "RIGHT",
                                                                "Conditions": "owneruserid = id",
                                                                "Estimated Cardinality": "3850116"
                                                            },
                                                            "cumulative_cardinality": 9520621,
                                                            "operator_type": "HASH_JOIN",
                                                            "operator_cardinality": 4574495,
                                                            "cumulative_rows_scanned": 5110826,
                                                            "operator_rows_scanned": 0,
                                                            "operator_timing": 0.19476069900000031,
                                                            "result_set_size": 54893940,
                                                            "children": [
                                                                {
                                                                    "operator_name": "READ_PARQUET ",
                                                                    "cpu_time": 0.09362893699999995,
                                                                    "extra_info": {
                                                                        "Function": "READ_PARQUET",
                                                                        "Projections": [
                                                                            "id",
                                                                            "owneruserid"
                                                                        ],
                                                                        "Estimated Cardinality": "3850116"
                                                                    },
                                                                    "cumulative_cardinality": 3685416,
                                                                    "operator_type": "TABLE_SCAN",
                                                                    "operator_cardinality": 3685416,
                                                                    "cumulative_rows_scanned": 3850116,
                                                                    "operator_rows_scanned": 3850116,
                                                                    "operator_timing": 0.09362893699999995,
                                                                    "result_set_size": 29483328,
                                                                    "children": []
                                                                },
                                                                {
                                                                    "operator_name": "READ_PARQUET ",
                                                                    "cpu_time": 0.014109054,
                                                                    "extra_info": {
                                                                        "Function": "READ_PARQUET",
                                                                        "Projections": [
                                                                            "id",
                                                                            "reputation"
                                                                        ],
                                                                        "Estimated Cardinality": "1260710"
                                                                    },
                                                                    "cumulative_cardinality": 1260710,
                                                                    "operator_type": "TABLE_SCAN",
                                                                    "operator_cardinality": 1260710,
                                                                    "cumulative_rows_scanned": 1260710,
                                                                    "operator_rows_scanned": 1260710,
                                                                    "operator_timing": 0.014109054,
                                                                    "result_set_size": 10085680,
                                                                    "children": []
                                                                }
                                                            ]
                                                        }
                                                    ]
                                                }
                                            ]
                                        }
                                    ]
                                }
                            ]
                        }
                    ]
                }
            ]
        }
    ]
}