{
    "rows_returned": 7,
    "query_name": "SELECT \n    PT.Name AS PostType,\n    COUNT(P.Id) AS TotalPosts,\n    SUM(CASE WHEN P.Score > 0 THEN 1 ELSE 0 END) AS PositiveScoredPosts,\n    SUM(P.ViewCount) AS TotalViews,\n    AVG(P.Score) AS AverageScore,\n    AVG(COALESCE(P.AnswerCount, 0)) AS AverageAnswerCount,\n    AVG(COALESCE(P.CommentCount, 0)) AS AverageCommentCount,\n    COUNT(DISTINCT P.OwnerUserId) AS UniquePostOwners,\n    AVG(UP.Reputation) AS AverageUserReputation\nFROM \n    Posts P\nJOIN \n    PostTypes PT ON P.PostTypeId = PT.Id\nJOIN \n    Users UP ON P.OwnerUserId = UP.Id\nGROUP BY \n    PT.Name\nORDER BY \n    TotalPosts DESC;",
    "blocked_thread_time": 0.0,
    "cpu_time": 0.7471837360000002,
    "extra_info": {},
    "cumulative_cardinality": 16002364,
    "cumulative_rows_scanned": 5110834,
    "result_set_size": 672,
    "latency": 0.805975597,
    "children": [
        {
            "operator_name": "ORDER_BY",
            "cpu_time": 0.7471837360000002,
            "extra_info": {
                "Order By": "count(P.Id) DESC"
            },
            "cumulative_cardinality": 16002364,
            "operator_type": "ORDER_BY",
            "operator_cardinality": 7,
            "cumulative_rows_scanned": 5110834,
            "operator_rows_scanned": 0,
            "operator_timing": 0.000026149,
            "result_set_size": 672,
            "children": [
                {
                    "operator_name": "HASH_GROUP_BY",
                    "cpu_time": 0.7471575870000002,
                    "extra_info": {
                        "Groups": "#0",
                        "Aggregates": [
                            "count_star()",
                            "sum(#1)",
                            "sum(#2)",
                            "avg(#3)",
                            "avg(#4)",
                            "avg(#5)",
                            "count(DISTINCT #6)",
                            "avg(#7)"
                        ],
                        "Estimated Cardinality": "1925058"
                    },
                    "cumulative_cardinality": 16002357,
                    "operator_type": "HASH_GROUP_BY",
                    "operator_cardinality": 7,
                    "cumulative_rows_scanned": 5110834,
                    "operator_rows_scanned": 0,
                    "operator_timing": 0.27898825800000004,
                    "result_set_size": 672,
                    "children": [
                        {
                            "operator_name": "PROJECTION",
                            "cpu_time": 0.46816932900000024,
                            "extra_info": {
                                "Projections": [
                                    "name",
                                    "CASE  WHEN ((score > 0)) THEN (1) ELSE 0 END",
                                    "viewcount",
                                    "score",
                                    "COALESCE(answercount, 0)",
                                    "commentcount",
                                    "owneruserid",
                                    "reputation"
                                ],
                                "Estimated Cardinality": "3850116"
                            },
                            "cumulative_cardinality": 16002350,
                            "operator_type": "PROJECTION",
                            "operator_cardinality": 3685416,
                            "cumulative_rows_scanned": 5110834,
                            "operator_rows_scanned": 0,
                            "operator_timing": 0.050436846999999965,
                            "result_set_size": 162158304,
                            "children": [
                                {
                                    "operator_name": "HASH_JOIN",
                                    "cpu_time": 0.4177324820000003,
                                    "extra_info": {
                                        "Join Type": "INNER",
                                        "Conditions": "owneruserid = id",
                                        "Estimated Cardinality": "3850116"
                                    },
                                    "cumulative_cardinality": 12316934,
                                    "operator_type": "HASH_JOIN",
                                    "operator_cardinality": 3685416,
                                    "cumulative_rows_scanned": 5110834,
                                    "operator_rows_scanned": 0,
                                    "operator_timing": 0.18697968100000006,
                                    "result_set_size": 147416640,
                                    "children": [
                                        {
                                            "operator_name": "HASH_JOIN",
                                            "cpu_time": 0.21267266600000023,
                                            "extra_info": {
                                                "Join Type": "INNER",
                                                "Conditions": "posttypeid = id",
                                                "Estimated Cardinality": "3850116"
                                            },
                                            "cumulative_cardinality": 7370839,
                                            "operator_type": "HASH_JOIN",
                                            "operator_cardinality": 3685416,
                                            "cumulative_rows_scanned": 3850124,
                                            "operator_rows_scanned": 0,
                                            "operator_timing": 0.008421741000000023,
                                            "result_set_size": 132674976,
                                            "children": [
                                                {
                                                    "operator_name": "READ_PARQUET ",
                                                    "cpu_time": 0.2039353960000002,
                                                    "extra_info": {
                                                        "Function": "READ_PARQUET",
                                                        "Projections": [
                                                            "id",
                                                            "posttypeid",
                                                            "score",
                                                            "viewcount",
                                                            "owneruserid",
                                                            "answercount",
                                                            "commentcount"
                                                        ],
                                                        "Estimated Cardinality": "3850116"
                                                    },
                                                    "cumulative_cardinality": 3685416,
                                                    "operator_type": "TABLE_SCAN",
                                                    "operator_cardinality": 3685416,
                                                    "cumulative_rows_scanned": 3850116,
                                                    "operator_rows_scanned": 3850116,
                                                    "operator_timing": 0.2039353960000002,
                                                    "result_set_size": 95820816,
                                                    "children": []
                                                },
                                                {
                                                    "operator_name": "READ_PARQUET ",
                                                    "cpu_time": 0.00031552900000000005,
                                                    "extra_info": {
                                                        "Function": "READ_PARQUET",
                                                        "Projections": [
                                                            "id",
                                                            "name"
                                                        ],
                                                        "Filters": "id<=7",
                                                        "Estimated Cardinality": "8"
                                                    },
                                                    "cumulative_cardinality": 7,
                                                    "operator_type": "TABLE_SCAN",
                                                    "operator_cardinality": 7,
                                                    "cumulative_rows_scanned": 8,
                                                    "operator_rows_scanned": 8,
                                                    "operator_timing": 0.00031552900000000005,
                                                    "result_set_size": 126,
                                                    "children": []
                                                }
                                            ]
                                        },
                                        {
                                            "operator_name": "READ_PARQUET ",
                                            "cpu_time": 0.018080134999999997,
                                            "extra_info": {
                                                "Function": "READ_PARQUET",
                                                "Projections": [
                                                    "id",
                                                    "reputation"
                                                ],
                                                "Filters": "id<=1416539",
                                                "Estimated Cardinality": "1260710"
                                            },
                                            "cumulative_cardinality": 1260679,
                                            "operator_type": "TABLE_SCAN",
                                            "operator_cardinality": 1260679,
                                            "cumulative_rows_scanned": 1260710,
                                            "operator_rows_scanned": 1260710,
                                            "operator_timing": 0.018080134999999997,
                                            "result_set_size": 10085432,
                                            "children": []
                                        }
                                    ]
                                }
                            ]
                        }
                    ]
                }
            ]
        }
    ]
}