{
    "rows_returned": 1260710,
    "query_name": "WITH PostCounts AS (\n    SELECT \n        p.OwnerUserId,\n        COUNT(p.Id) AS TotalPosts,\n        AVG(p.Score) AS AverageScore\n    FROM \n        Posts p\n    GROUP BY \n        p.OwnerUserId\n),\nCommentCounts AS (\n    SELECT \n        c.UserId,\n        COUNT(c.Id) AS TotalComments\n    FROM \n        Comments c\n    GROUP BY \n        c.UserId\n)\nSELECT \n    u.Id AS UserId,\n    u.Reputation,\n    COALESCE(pc.TotalPosts, 0) AS TotalPosts,\n    COALESCE(pc.AverageScore, 0) AS AverageScore,\n    COALESCE(cc.TotalComments, 0) AS TotalComments\nFROM \n    Users u\nLEFT JOIN \n    PostCounts pc ON u.Id = pc.OwnerUserId\nLEFT JOIN \n    CommentCounts cc ON u.Id = cc.UserId\nORDER BY \n    u.Reputation DESC;",
    "blocked_thread_time": 0.0,
    "cpu_time": 0.6212267759999999,
    "extra_info": {},
    "cumulative_cardinality": 29112150,
    "cumulative_rows_scanned": 12352648,
    "result_set_size": 40342720,
    "latency": 1.236869161,
    "children": [
        {
            "operator_name": "ORDER_BY",
            "cpu_time": 0.6212267759999999,
            "extra_info": {
                "Order By": "u.Reputation DESC"
            },
            "cumulative_cardinality": 29112150,
            "operator_type": "ORDER_BY",
            "operator_cardinality": 1260710,
            "cumulative_rows_scanned": 12352648,
            "operator_rows_scanned": 0,
            "operator_timing": 0.04743570900000002,
            "result_set_size": 40342720,
            "children": [
                {
                    "operator_name": "PROJECTION",
                    "cpu_time": 0.5737910669999998,
                    "extra_info": {
                        "Projections": [
                            "UserId",
                            "reputation",
                            "TotalPosts",
                            "AverageScore",
                            "TotalComments"
                        ],
                        "Estimated Cardinality": "3620911"
                    },
                    "cumulative_cardinality": 27851440,
                    "operator_type": "PROJECTION",
                    "operator_cardinality": 1260710,
                    "cumulative_rows_scanned": 12352648,
                    "operator_rows_scanned": 0,
                    "operator_timing": 0.020156645999999997,
                    "result_set_size": 40342720,
                    "children": [
                        {
                            "operator_name": "HASH_JOIN",
                            "cpu_time": 0.5536344209999998,
                            "extra_info": {
                                "Join Type": "RIGHT",
                                "Conditions": "userid = id",
                                "Estimated Cardinality": "3620911"
                            },
                            "cumulative_cardinality": 26590730,
                            "operator_type": "HASH_JOIN",
                            "operator_cardinality": 1260710,
                            "cumulative_rows_scanned": 12352648,
                            "operator_rows_scanned": 0,
                            "operator_timing": 0.09632458499999996,
                            "result_set_size": 40342720,
                            "children": [
                                {
                                    "operator_name": "HASH_GROUP_BY",
                                    "cpu_time": 0.1870431520000001,
                                    "extra_info": {
                                        "Groups": "#0",
                                        "Aggregates": "count_star()",
                                        "Estimated Cardinality": "3620911"
                                    },
                                    "cumulative_cardinality": 14736736,
                                    "operator_type": "HASH_GROUP_BY",
                                    "operator_cardinality": 253092,
                                    "cumulative_rows_scanned": 7241822,
                                    "operator_rows_scanned": 0,
                                    "operator_timing": 0.10955967300000015,
                                    "result_set_size": 3037104,
                                    "children": [
                                        {
                                            "operator_name": "PROJECTION",
                                            "cpu_time": 0.07748347899999994,
                                            "extra_info": {
                                                "Projections": "userid",
                                                "Estimated Cardinality": "7241822"
                                            },
                                            "cumulative_cardinality": 14483644,
                                            "operator_type": "PROJECTION",
                                            "operator_cardinality": 7241822,
                                            "cumulative_rows_scanned": 7241822,
                                            "operator_rows_scanned": 0,
                                            "operator_timing": 0.0003771300000000015,
                                            "result_set_size": 28967288,
                                            "children": [
                                                {
                                                    "operator_name": "READ_PARQUET ",
                                                    "cpu_time": 0.07710634899999994,
                                                    "extra_info": {
                                                        "Function": "READ_PARQUET",
                                                        "Projections": [
                                                            "id",
                                                            "userid"
                                                        ],
                                                        "Estimated Cardinality": "7241822"
                                                    },
                                                    "cumulative_cardinality": 7241822,
                                                    "operator_type": "TABLE_SCAN",
                                                    "operator_cardinality": 7241822,
                                                    "cumulative_rows_scanned": 7241822,
                                                    "operator_rows_scanned": 7241822,
                                                    "operator_timing": 0.07710634899999994,
                                                    "result_set_size": 57934576,
                                                    "children": []
                                                }
                                            ]
                                        }
                                    ]
                                },
                                {
                                    "operator_name": "HASH_JOIN",
                                    "cpu_time": 0.27026668399999976,
                                    "extra_info": {
                                        "Join Type": "RIGHT",
                                        "Conditions": "owneruserid = id",
                                        "Estimated Cardinality": "1925058"
                                    },
                                    "cumulative_cardinality": 10593284,
                                    "operator_type": "HASH_JOIN",
                                    "operator_cardinality": 1260710,
                                    "cumulative_rows_scanned": 5110826,
                                    "operator_rows_scanned": 0,
                                    "operator_timing": 0.08746206699999995,
                                    "result_set_size": 30257040,
                                    "children": [
                                        {
                                            "operator_name": "HASH_GROUP_BY",
                                            "cpu_time": 0.16858678899999982,
                                            "extra_info": {
                                                "Groups": "#0",
                                                "Aggregates": [
                                                    "count_star()",
                                                    "avg(#1)"
                                                ],
                                                "Estimated Cardinality": "1925058"
                                            },
                                            "cumulative_cardinality": 8071864,
                                            "operator_type": "HASH_GROUP_BY",
                                            "operator_cardinality": 371632,
                                            "cumulative_rows_scanned": 3850116,
                                            "operator_rows_scanned": 0,
                                            "operator_timing": 0.10855818299999988,
                                            "result_set_size": 7432640,
                                            "children": [
                                                {
                                                    "operator_name": "PROJECTION",
                                                    "cpu_time": 0.06002860599999994,
                                                    "extra_info": {
                                                        "Projections": [
                                                            "owneruserid",
                                                            "score"
                                                        ],
                                                        "Estimated Cardinality": "3850116"
                                                    },
                                                    "cumulative_cardinality": 7700232,
                                                    "operator_type": "PROJECTION",
                                                    "operator_cardinality": 3850116,
                                                    "cumulative_rows_scanned": 3850116,
                                                    "operator_rows_scanned": 0,
                                                    "operator_timing": 0.0003449030000000012,
                                                    "result_set_size": 30800928,
                                                    "children": [
                                                        {
                                                            "operator_name": "READ_PARQUET ",
                                                            "cpu_time": 0.05968370299999994,
                                                            "extra_info": {
                                                                "Function": "READ_PARQUET",
                                                                "Projections": [
                                                                    "id",
                                                                    "score",
                                                                    "owneruserid"
                                                                ],
                                                                "Estimated Cardinality": "3850116"
                                                            },
                                                            "cumulative_cardinality": 3850116,
                                                            "operator_type": "TABLE_SCAN",
                                                            "operator_cardinality": 3850116,
                                                            "cumulative_rows_scanned": 3850116,
                                                            "operator_rows_scanned": 3850116,
                                                            "operator_timing": 0.05968370299999994,
                                                            "result_set_size": 46201392,
                                                            "children": []
                                                        }
                                                    ]
                                                }
                                            ]
                                        },
                                        {
                                            "operator_name": "READ_PARQUET ",
                                            "cpu_time": 0.01421782800000001,
                                            "extra_info": {
                                                "Function": "READ_PARQUET",
                                                "Projections": [
                                                    "id",
                                                    "reputation"
                                                ],
                                                "Estimated Cardinality": "1260710"
                                            },
                                            "cumulative_cardinality": 1260710,
                                            "operator_type": "TABLE_SCAN",
                                            "operator_cardinality": 1260710,
                                            "cumulative_rows_scanned": 1260710,
                                            "operator_rows_scanned": 1260710,
                                            "operator_timing": 0.01421782800000001,
                                            "result_set_size": 10085680,
                                            "children": []
                                        }
                                    ]
                                }
                            ]
                        }
                    ]
                }
            ]
        }
    ]
}