{
    "rows_returned": 5,
    "query_name": "WITH PostStats AS (\n    SELECT \n        p.Id AS PostId,\n        p.PostTypeId,\n        p.CreationDate,\n        COUNT(c.Id) AS CommentCount,\n        COUNT(v.Id) AS VoteCount,\n        SUM(CASE WHEN v.VoteTypeId = 2 THEN 1 ELSE 0 END) AS UpVotes,\n        SUM(CASE WHEN v.VoteTypeId = 3 THEN 1 ELSE 0 END) AS DownVotes,\n        COUNT(DISTINCT b.Id) AS BadgeCount\n    FROM \n        Posts p\n    LEFT JOIN \n        Comments c ON p.Id = c.PostId\n    LEFT JOIN \n        Votes v ON p.Id = v.PostId\n    LEFT JOIN \n        Badges b ON p.OwnerUserId = b.UserId\n    WHERE \n        p.CreationDate > cast('2024-10-01 12:34:56' as timestamp) - INTERVAL '1 year' \n    GROUP BY \n        p.Id, p.PostTypeId, p.CreationDate\n),\nAverageStats AS (\n    SELECT \n        PostTypeId,\n        AVG(CommentCount) AS AvgCommentCount,\n        AVG(VoteCount) AS AvgVoteCount,\n        AVG(UpVotes) AS AvgUpVotes,\n        AVG(DownVotes) AS AvgDownVotes,\n        AVG(BadgeCount) AS AvgBadgeCount\n    FROM \n        PostStats\n    GROUP BY \n        PostTypeId\n)\n\nSELECT \n    pt.Name AS PostType,\n    AVG(AvgCommentCount) AS AvgCommentCount,\n    AVG(AvgVoteCount) AS AvgVoteCount,\n    AVG(AvgUpVotes) AS AvgUpVotes,\n    AVG(AvgDownVotes) AS AvgDownVotes,\n    AVG(AvgBadgeCount) AS AvgBadgeCount\nFROM \n    AverageStats as avg\nJOIN \n    PostTypes pt ON avg.PostTypeId = pt.Id\nGROUP BY \n    pt.Name\nORDER BY \n    pt.Name;",
    "blocked_thread_time": 0.0,
    "cpu_time": 7.5861338930000635,
    "extra_info": {},
    "cumulative_cardinality": 318931792,
    "cumulative_rows_scanned": 26157763,
    "result_set_size": 280,
    "latency": 9.522464839,
    "children": [
        {
            "operator_name": "ORDER_BY",
            "cpu_time": 7.5861338930000635,
            "extra_info": {
                "Order By": "pt.\"Name\" ASC"
            },
            "cumulative_cardinality": 318931792,
            "operator_type": "ORDER_BY",
            "operator_cardinality": 5,
            "cumulative_rows_scanned": 26157763,
            "operator_rows_scanned": 0,
            "operator_timing": 0.000029726,
            "result_set_size": 280,
            "children": [
                {
                    "operator_name": "HASH_GROUP_BY",
                    "cpu_time": 7.586104167000063,
                    "extra_info": {
                        "Groups": "#0",
                        "Aggregates": [
                            "avg(#1)",
                            "avg(#2)",
                            "avg(#3)",
                            "avg(#4)",
                            "avg(#5)"
                        ],
                        "Estimated Cardinality": "962529"
                    },
                    "cumulative_cardinality": 318931787,
                    "operator_type": "HASH_GROUP_BY",
                    "operator_cardinality": 5,
                    "cumulative_rows_scanned": 26157763,
                    "operator_rows_scanned": 0,
                    "operator_timing": 0.00006773599999999999,
                    "result_set_size": 280,
                    "children": [
                        {
                            "operator_name": "PROJECTION",
                            "cpu_time": 7.586036431000063,
                            "extra_info": {
                                "Projections": [
                                    "name",
                                    "AvgCommentCount",
                                    "AvgVoteCount",
                                    "AvgUpVotes",
                                    "AvgDownVotes",
                                    "AvgBadgeCount"
                                ],
                                "Estimated Cardinality": "1925058"
                            },
                            "cumulative_cardinality": 318931782,
                            "operator_type": "PROJECTION",
                            "operator_cardinality": 5,
                            "cumulative_rows_scanned": 26157763,
                            "operator_rows_scanned": 0,
                            "operator_timing": 3.41e-7,
                            "result_set_size": 280,
                            "children": [
                                {
                                    "operator_name": "HASH_JOIN",
                                    "cpu_time": 7.586036090000063,
                                    "extra_info": {
                                        "Join Type": "INNER",
                                        "Conditions": "posttypeid = id",
                                        "Estimated Cardinality": "1925058"
                                    },
                                    "cumulative_cardinality": 318931777,
                                    "operator_type": "HASH_JOIN",
                                    "operator_cardinality": 5,
                                    "cumulative_rows_scanned": 26157763,
                                    "operator_rows_scanned": 0,
                                    "operator_timing": 0.000072976,
                                    "result_set_size": 280,
                                    "children": [
                                        {
                                            "operator_name": "PROJECTION",
                                            "cpu_time": 7.585653785000063,
                                            "extra_info": {
                                                "Projections": [
                                                    "__internal_decompress_integral_smallint(#0, 1)",
                                                    "#1",
                                                    "#2",
                                                    "#3",
                                                    "#4",
                                                    "#5"
                                                ],
                                                "Estimated Cardinality": "1925058"
                                            },
                                            "cumulative_cardinality": 318931765,
                                            "operator_type": "PROJECTION",
                                            "operator_cardinality": 5,
                                            "cumulative_rows_scanned": 26157755,
                                            "operator_rows_scanned": 0,
                                            "operator_timing": 8.52e-7,
                                            "result_set_size": 210,
                                            "children": [
                                                {
                                                    "operator_name": "PERFECT_HASH_GROUP_BY",
                                                    "cpu_time": 7.585652933000063,
                                                    "extra_info": {
                                                        "Groups": "#0",
                                                        "Aggregates": [
                                                            "avg(#1)",
                                                            "avg(#2)",
                                                            "avg(#3)",
                                                            "avg(#4)",
                                                            "avg(#5)"
                                                        ]
                                                    },
                                                    "cumulative_cardinality": 318931760,
                                                    "operator_type": "PERFECT_HASH_GROUP_BY",
                                                    "operator_cardinality": 5,
                                                    "cumulative_rows_scanned": 26157755,
                                                    "operator_rows_scanned": 0,
                                                    "operator_timing": 0.003308936,
                                                    "result_set_size": 205,
                                                    "children": [
                                                        {
                                                            "operator_name": "PROJECTION",
                                                            "cpu_time": 7.582343997000063,
                                                            "extra_info": {
                                                                "Projections": [
                                                                    "posttypeid",
                                                                    "CommentCount",
                                                                    "VoteCount",
                                                                    "UpVotes",
                                                                    "DownVotes",
                                                                    "BadgeCount"
                                                                ],
                                                                "Estimated Cardinality": "3850116"
                                                            },
                                                            "cumulative_cardinality": 318931755,
                                                            "operator_type": "PROJECTION",
                                                            "operator_cardinality": 145542,
                                                            "cumulative_rows_scanned": 26157755,
                                                            "operator_rows_scanned": 0,
                                                            "operator_timing": 0.000018522999999999995,
                                                            "result_set_size": 8295894,
                                                            "children": [
                                                                {
                                                                    "operator_name": "PROJECTION",
                                                                    "cpu_time": 7.582325474000063,
                                                                    "extra_info": {
                                                                        "Projections": [
                                                                            "__internal_compress_integral_utinyint(#0, 1)",
                                                                            "#1",
                                                                            "#2",
                                                                            "#3",
                                                                            "#4",
                                                                            "#5"
                                                                        ],
                                                                        "Estimated Cardinality": "3850116"
                                                                    },
                                                                    "cumulative_cardinality": 318786213,
                                                                    "operator_type": "PROJECTION",
                                                                    "operator_cardinality": 145542,
                                                                    "cumulative_rows_scanned": 26157755,
                                                                    "operator_rows_scanned": 0,
                                                                    "operator_timing": 0.000039973000000000005,
                                                                    "result_set_size": 8295894,
                                                                    "children": [
                                                                        {
                                                                            "operator_name": "PROJECTION",
                                                                            "cpu_time": 7.582285501000063,
                                                                            "extra_info": {
                                                                                "Projections": [
                                                                                    "posttypeid",
                                                                                    "CommentCount",
                                                                                    "VoteCount",
                                                                                    "UpVotes",
                                                                                    "DownVotes",
                                                                                    "BadgeCount"
                                                                                ],
                                                                                "Estimated Cardinality": "3850116"
                                                                            },
                                                                            "cumulative_cardinality": 318640671,
                                                                            "operator_type": "PROJECTION",
                                                                            "operator_cardinality": 145542,
                                                                            "cumulative_rows_scanned": 26157755,
                                                                            "operator_rows_scanned": 0,
                                                                            "operator_timing": 0.00001963399999999999,
                                                                            "result_set_size": 8441436,
                                                                            "children": [
                                                                                {
                                                                                    "operator_name": "PROJECTION",
                                                                                    "cpu_time": 7.582265867000063,
                                                                                    "extra_info": {
                                                                                        "Projections": [
                                                                                            "#0",
                                                                                            "__internal_decompress_integral_smallint(#1, 1)",
                                                                                            "#2",
                                                                                            "#3",
                                                                                            "#4",
                                                                                            "#5",
                                                                                            "#6",
                                                                                            "#7"
                                                                                        ],
                                                                                        "Estimated Cardinality": "3850116"
                                                                                    },
                                                                                    "cumulative_cardinality": 318495129,
                                                                                    "operator_type": "PROJECTION",
                                                                                    "operator_cardinality": 145542,
                                                                                    "cumulative_rows_scanned": 26157755,
                                                                                    "operator_rows_scanned": 0,
                                                                                    "operator_timing": 0.000053962000000000043,
                                                                                    "result_set_size": 10187940,
                                                                                    "children": [
                                                                                        {
                                                                                            "operator_name": "HASH_GROUP_BY",
                                                                                            "cpu_time": 7.582211905000063,
                                                                                            "extra_info": {
                                                                                                "Groups": [
                                                                                                    "#0",
                                                                                                    "#1",
                                                                                                    "#2"
                                                                                                ],
                                                                                                "Aggregates": [
                                                                                                    "count(#3)",
                                                                                                    "count(#4)",
                                                                                                    "sum(#5)",
                                                                                                    "sum(#6)",
                                                                                                    "count(DISTINCT #7)"
                                                                                                ],
                                                                                                "Estimated Cardinality": "3850116"
                                                                                            },
                                                                                            "cumulative_cardinality": 318349587,
                                                                                            "operator_type": "HASH_GROUP_BY",
                                                                                            "operator_cardinality": 145542,
                                                                                            "cumulative_rows_scanned": 26157755,
                                                                                            "operator_rows_scanned": 0,
                                                                                            "operator_timing": 5.7798662730000565,
                                                                                            "result_set_size": 10042398,
                                                                                            "children": [
                                                                                                {
                                                                                                    "operator_name": "PROJECTION",
                                                                                                    "cpu_time": 1.8023456320000073,
                                                                                                    "extra_info": {
                                                                                                        "Projections": [
                                                                                                            "id",
                                                                                                            "posttypeid",
                                                                                                            "creationdate",
                                                                                                            "id",
                                                                                                            "id",
                                                                                                            "CASE  WHEN ((votetypeid = 2)) THEN (1) ELSE 0 END",
                                                                                                            "CASE  WHEN ((votetypeid = 3)) THEN (1) ELSE 0 END",
                                                                                                            "id"
                                                                                                        ],
                                                                                                        "Estimated Cardinality": "12744093"
                                                                                                    },
                                                                                                    "cumulative_cardinality": 318204045,
                                                                                                    "operator_type": "PROJECTION",
                                                                                                    "operator_cardinality": 104133083,
                                                                                                    "cumulative_rows_scanned": 26157755,
                                                                                                    "operator_rows_scanned": 0,
                                                                                                    "operator_timing": 0.5384724360000012,
                                                                                                    "result_set_size": 3436391739,
                                                                                                    "children": [
                                                                                                        {
                                                                                                            "operator_name": "PROJECTION",
                                                                                                            "cpu_time": 1.2638731960000062,
                                                                                                            "extra_info": {
                                                                                                                "Projections": [
                                                                                                                    "#3",
                                                                                                                    "__internal_compress_integral_utinyint(#4, 1)",
                                                                                                                    "#5",
                                                                                                                    "#2",
                                                                                                                    "#0",
                                                                                                                    "#1",
                                                                                                                    "#6"
                                                                                                                ],
                                                                                                                "Estimated Cardinality": "12744093"
                                                                                                            },
                                                                                                            "cumulative_cardinality": 214070962,
                                                                                                            "operator_type": "PROJECTION",
                                                                                                            "operator_cardinality": 104133083,
                                                                                                            "cumulative_rows_scanned": 26157755,
                                                                                                            "operator_rows_scanned": 0,
                                                                                                            "operator_timing": 0.09991748400000001,
                                                                                                            "result_set_size": 2811593241,
                                                                                                            "children": [
                                                                                                                {
                                                                                                                    "operator_name": "HASH_JOIN",
                                                                                                                    "cpu_time": 1.1639557120000061,
                                                                                                                    "extra_info": {
                                                                                                                        "Join Type": "LEFT",
                                                                                                                        "Conditions": "owneruserid = userid",
                                                                                                                        "Estimated Cardinality": "12744093"
                                                                                                                    },
                                                                                                                    "cumulative_cardinality": 109937879,
                                                                                                                    "operator_type": "HASH_JOIN",
                                                                                                                    "operator_cardinality": 104133083,
                                                                                                                    "cumulative_rows_scanned": 26157755,
                                                                                                                    "operator_rows_scanned": 0,
                                                                                                                    "operator_timing": 1.014894076000006,
                                                                                                                    "result_set_size": 2915726324,
                                                                                                                    "children": [
                                                                                                                        {
                                                                                                                            "operator_name": "PROJECTION",
                                                                                                                            "cpu_time": 0.12598091100000006,
                                                                                                                            "extra_info": {
                                                                                                                                "Projections": [
                                                                                                                                    "#0",
                                                                                                                                    "#1",
                                                                                                                                    "#2",
                                                                                                                                    "#3",
                                                                                                                                    "__internal_decompress_integral_smallint(#4, 1)",
                                                                                                                                    "#5",
                                                                                                                                    "#6"
                                                                                                                                ],
                                                                                                                                "Estimated Cardinality": "12744093"
                                                                                                                            },
                                                                                                                            "cumulative_cardinality": 3483072,
                                                                                                                            "operator_type": "PROJECTION",
                                                                                                                            "operator_cardinality": 954760,
                                                                                                                            "cumulative_rows_scanned": 23836031,
                                                                                                                            "operator_rows_scanned": 0,
                                                                                                                            "operator_timing": 0.0005710059999999999,
                                                                                                                            "result_set_size": 26733280,
                                                                                                                            "children": [
                                                                                                                                {
                                                                                                                                    "operator_name": "HASH_JOIN",
                                                                                                                                    "cpu_time": 0.12540990500000004,
                                                                                                                                    "extra_info": {
                                                                                                                                        "Join Type": "RIGHT",
                                                                                                                                        "Conditions": "postid = id",
                                                                                                                                        "Estimated Cardinality": "12744093"
                                                                                                                                    },
                                                                                                                                    "cumulative_cardinality": 2528312,
                                                                                                                                    "operator_type": "HASH_JOIN",
                                                                                                                                    "operator_cardinality": 954760,
                                                                                                                                    "cumulative_rows_scanned": 23836031,
                                                                                                                                    "operator_rows_scanned": 0,
                                                                                                                                    "operator_timing": 0.05130395700000003,
                                                                                                                                    "result_set_size": 25778520,
                                                                                                                                    "children": [
                                                                                                                                        {
                                                                                                                                            "operator_name": "READ_PARQUET ",
                                                                                                                                            "cpu_time": 0.026371373000000014,
                                                                                                                                            "extra_info": {
                                                                                                                                                "Function": "READ_PARQUET",
                                                                                                                                                "Projections": [
                                                                                                                                                    "id",
                                                                                                                                                    "postid",
                                                                                                                                                    "votetypeid"
                                                                                                                                                ],
                                                                                                                                                "Estimated Cardinality": "12744093"
                                                                                                                                            },
                                                                                                                                            "cumulative_cardinality": 442526,
                                                                                                                                            "operator_type": "TABLE_SCAN",
                                                                                                                                            "operator_cardinality": 442526,
                                                                                                                                            "cumulative_rows_scanned": 12744093,
                                                                                                                                            "operator_rows_scanned": 12744093,
                                                                                                                                            "operator_timing": 0.026371373000000014,
                                                                                                                                            "result_set_size": 4425260,
                                                                                                                                            "children": []
                                                                                                                                        },
                                                                                                                                        {
                                                                                                                                            "operator_name": "PROJECTION",
                                                                                                                                            "cpu_time": 0.047734575,
                                                                                                                                            "extra_info": {
                                                                                                                                                "Projections": [
                                                                                                                                                    "#0",
                                                                                                                                                    "#1",
                                                                                                                                                    "__internal_compress_integral_utinyint(#2, 1)",
                                                                                                                                                    "#3",
                                                                                                                                                    "#4"
                                                                                                                                                ],
                                                                                                                                                "Estimated Cardinality": "7241822"
                                                                                                                                            },
                                                                                                                                            "cumulative_cardinality": 1131026,
                                                                                                                                            "operator_type": "PROJECTION",
                                                                                                                                            "operator_cardinality": 349210,
                                                                                                                                            "cumulative_rows_scanned": 11091938,
                                                                                                                                            "operator_rows_scanned": 0,
                                                                                                                                            "operator_timing": 0.000108312,
                                                                                                                                            "result_set_size": 7333410,
                                                                                                                                            "children": [
                                                                                                                                                {
                                                                                                                                                    "operator_name": "HASH_JOIN",
                                                                                                                                                    "cpu_time": 0.047626263,
                                                                                                                                                    "extra_info": {
                                                                                                                                                        "Join Type": "RIGHT",
                                                                                                                                                        "Conditions": "postid = id",
                                                                                                                                                        "Estimated Cardinality": "7241822"
                                                                                                                                                    },
                                                                                                                                                    "cumulative_cardinality": 781816,
                                                                                                                                                    "operator_type": "HASH_JOIN",
                                                                                                                                                    "operator_cardinality": 349210,
                                                                                                                                                    "cumulative_rows_scanned": 11091938,
                                                                                                                                                    "operator_rows_scanned": 0,
                                                                                                                                                    "operator_timing": 0.012504563000000003,
                                                                                                                                                    "result_set_size": 7682620,
                                                                                                                                                    "children": [
                                                                                                                                                        {
                                                                                                                                                            "operator_name": "READ_PARQUET ",
                                                                                                                                                            "cpu_time": 0.013528798000000003,
                                                                                                                                                            "extra_info": {
                                                                                                                                                                "Function": "READ_PARQUET",
                                                                                                                                                                "Projections": [
                                                                                                                                                                    "id",
                                                                                                                                                                    "postid"
                                                                                                                                                                ],
                                                                                                                                                                "Estimated Cardinality": "7241822"
                                                                                                                                                            },
                                                                                                                                                            "cumulative_cardinality": 287064,
                                                                                                                                                            "operator_type": "TABLE_SCAN",
                                                                                                                                                            "operator_cardinality": 287064,
                                                                                                                                                            "cumulative_rows_scanned": 7241822,
                                                                                                                                                            "operator_rows_scanned": 7241822,
                                                                                                                                                            "operator_timing": 0.013528798000000003,
                                                                                                                                                            "result_set_size": 2296512,
                                                                                                                                                            "children": []
                                                                                                                                                        },
                                                                                                                                                        {
                                                                                                                                                            "operator_name": "READ_PARQUET ",
                                                                                                                                                            "cpu_time": 0.021592901999999994,
                                                                                                                                                            "extra_info": {
                                                                                                                                                                "Function": "READ_PARQUET",
                                                                                                                                                                "Projections": [
                                                                                                                                                                    "id",
                                                                                                                                                                    "posttypeid",
                                                                                                                                                                    "creationdate",
                                                                                                                                                                    "owneruserid"
                                                                                                                                                                ],
                                                                                                                                                                "Filters": "creationdate>'2023-10-01 12:34:56'::TIMESTAMP",
                                                                                                                                                                "Estimated Cardinality": "770023"
                                                                                                                                                            },
                                                                                                                                                            "cumulative_cardinality": 145542,
                                                                                                                                                            "operator_type": "TABLE_SCAN",
                                                                                                                                                            "operator_cardinality": 145542,
                                                                                                                                                            "cumulative_rows_scanned": 3850116,
                                                                                                                                                            "operator_rows_scanned": 3850116,
                                                                                                                                                            "operator_timing": 0.021592901999999994,
                                                                                                                                                            "result_set_size": 2619756,
                                                                                                                                                            "children": []
                                                                                                                                                        }
                                                                                                                                                    ]
                                                                                                                                                }
                                                                                                                                            ]
                                                                                                                                        }
                                                                                                                                    ]
                                                                                                                                }
                                                                                                                            ]
                                                                                                                        },
                                                                                                                        {
                                                                                                                            "operator_name": "READ_PARQUET ",
                                                                                                                            "cpu_time": 0.023080724999999958,
                                                                                                                            "extra_info": {
                                                                                                                                "Function": "READ_PARQUET",
                                                                                                                                "Projections": [
                                                                                                                                    "id",
                                                                                                                                    "userid"
                                                                                                                                ],
                                                                                                                                "Estimated Cardinality": "2321724"
                                                                                                                            },
                                                                                                                            "cumulative_cardinality": 2321724,
                                                                                                                            "operator_type": "TABLE_SCAN",
                                                                                                                            "operator_cardinality": 2321724,
                                                                                                                            "cumulative_rows_scanned": 2321724,
                                                                                                                            "operator_rows_scanned": 2321724,
                                                                                                                            "operator_timing": 0.023080724999999958,
                                                                                                                            "result_set_size": 18573792,
                                                                                                                            "children": []
                                                                                                                        }
                                                                                                                    ]
                                                                                                                }
                                                                                                            ]
                                                                                                        }
                                                                                                    ]
                                                                                                }
                                                                                            ]
                                                                                        }
                                                                                    ]
                                                                                }
                                                                            ]
                                                                        }
                                                                    ]
                                                                }
                                                            ]
                                                        }
                                                    ]
                                                }
                                            ]
                                        },
                                        {
                                            "operator_name": "READ_PARQUET ",
                                            "cpu_time": 0.000309329,
                                            "extra_info": {
                                                "Function": "READ_PARQUET",
                                                "Projections": [
                                                    "id",
                                                    "name"
                                                ],
                                                "Filters": "id<=7",
                                                "Estimated Cardinality": "8"
                                            },
                                            "cumulative_cardinality": 7,
                                            "operator_type": "TABLE_SCAN",
                                            "operator_cardinality": 7,
                                            "cumulative_rows_scanned": 8,
                                            "operator_rows_scanned": 8,
                                            "operator_timing": 0.000309329,
                                            "result_set_size": 126,
                                            "children": []
                                        }
                                    ]
                                }
                            ]
                        }
                    ]
                }
            ]
        }
    ]
}