{
    "rows_returned": 100,
    "query_name": "WITH UserPostActivity AS (\n    SELECT \n        u.Id AS UserId,\n        u.DisplayName,\n        COUNT(p.Id) AS TotalPosts,\n        SUM(CASE WHEN p.PostTypeId = 1 THEN 1 ELSE 0 END) AS Questions,\n        SUM(CASE WHEN p.PostTypeId = 2 THEN 1 ELSE 0 END) AS Answers,\n        MAX(p.CreationDate) AS LastPostDate\n    FROM \n        Users u\n    LEFT JOIN \n        Posts p ON u.Id = p.OwnerUserId\n    GROUP BY \n        u.Id, u.DisplayName\n),\n\nPostVoteStatistics AS (\n    SELECT \n        p.Id AS PostId,\n        COUNT(v.Id) AS TotalVotes,\n        SUM(CASE WHEN v.VoteTypeId = 2 THEN 1 ELSE 0 END) AS UpVotes,\n        SUM(CASE WHEN v.VoteTypeId = 3 THEN 1 ELSE 0 END) AS DownVotes\n    FROM \n        Posts p\n    LEFT JOIN \n        Votes v ON p.Id = v.PostId\n    GROUP BY \n        p.Id\n)\n\nSELECT \n    u.UserId,\n    u.DisplayName,\n    u.TotalPosts,\n    u.Questions,\n    u.Answers,\n    u.LastPostDate,\n    COALESCE(pvs.TotalVotes, 0) AS TotalVotes,\n    COALESCE(pvs.UpVotes, 0) AS UpVotes,\n    COALESCE(pvs.DownVotes, 0) AS DownVotes\nFROM \n    UserPostActivity u\nLEFT JOIN \n    PostVoteStatistics pvs ON u.UserId = pvs.PostId\nORDER BY \n    u.TotalPosts DESC\nLIMIT 100;",
    "blocked_thread_time": 0.0,
    "cpu_time": 3.6385873259999975,
    "extra_info": {},
    "cumulative_cardinality": 61038179,
    "cumulative_rows_scanned": 21705035,
    "result_set_size": 10800,
    "latency": 4.169208103,
    "children": [
        {
            "operator_name": "STREAMING_LIMIT",
            "cpu_time": 3.6385873259999975,
            "extra_info": {},
            "cumulative_cardinality": 61038179,
            "operator_type": "STREAMING_LIMIT",
            "operator_cardinality": 100,
            "cumulative_rows_scanned": 21705035,
            "operator_rows_scanned": 0,
            "operator_timing": 0.000001583,
            "result_set_size": 10800,
            "children": [
                {
                    "operator_name": "ORDER_BY",
                    "cpu_time": 3.6385857429999975,
                    "extra_info": {
                        "Order By": "u.TotalPosts DESC"
                    },
                    "cumulative_cardinality": 61038079,
                    "operator_type": "ORDER_BY",
                    "operator_cardinality": 4096,
                    "cumulative_rows_scanned": 21705035,
                    "operator_rows_scanned": 0,
                    "operator_timing": 0.15157786599999998,
                    "result_set_size": 442368,
                    "children": [
                        {
                            "operator_name": "PROJECTION",
                            "cpu_time": 3.4870078769999977,
                            "extra_info": {
                                "Projections": [
                                    "UserId",
                                    "displayname",
                                    "TotalPosts",
                                    "Questions",
                                    "Answers",
                                    "LastPostDate",
                                    "TotalVotes",
                                    "UpVotes",
                                    "DownVotes"
                                ],
                                "Estimated Cardinality": "3850116"
                            },
                            "cumulative_cardinality": 61033983,
                            "operator_type": "PROJECTION",
                            "operator_cardinality": 1260710,
                            "cumulative_rows_scanned": 21705035,
                            "operator_rows_scanned": 0,
                            "operator_timing": 0.035594188999999984,
                            "result_set_size": 136156680,
                            "children": [
                                {
                                    "operator_name": "HASH_JOIN",
                                    "cpu_time": 3.451413687999998,
                                    "extra_info": {
                                        "Join Type": "RIGHT",
                                        "Conditions": "PostId = UserId",
                                        "Estimated Cardinality": "3850116"
                                    },
                                    "cumulative_cardinality": 59773273,
                                    "operator_type": "HASH_JOIN",
                                    "operator_cardinality": 1260710,
                                    "cumulative_rows_scanned": 21705035,
                                    "operator_rows_scanned": 0,
                                    "operator_timing": 0.2415770720000002,
                                    "result_set_size": 141199520,
                                    "children": [
                                        {
                                            "operator_name": "HASH_GROUP_BY",
                                            "cpu_time": 2.031369426999997,
                                            "extra_info": {
                                                "Groups": "#0",
                                                "Aggregates": [
                                                    "count(#1)",
                                                    "sum(#2)",
                                                    "sum(#3)"
                                                ],
                                                "Estimated Cardinality": "3850116"
                                            },
                                            "cumulative_cardinality": 43156737,
                                            "operator_type": "HASH_GROUP_BY",
                                            "operator_cardinality": 3850116,
                                            "cumulative_rows_scanned": 16594209,
                                            "operator_rows_scanned": 0,
                                            "operator_timing": 0.9604897740000005,
                                            "result_set_size": 169405104,
                                            "children": [
                                                {
                                                    "operator_name": "PROJECTION",
                                                    "cpu_time": 1.0708796529999962,
                                                    "extra_info": {
                                                        "Projections": [
                                                            "id",
                                                            "id",
                                                            "CASE  WHEN ((votetypeid = 2)) THEN (1) ELSE 0 END",
                                                            "CASE  WHEN ((votetypeid = 3)) THEN (1) ELSE 0 END"
                                                        ],
                                                        "Estimated Cardinality": "12744093"
                                                    },
                                                    "cumulative_cardinality": 39306621,
                                                    "operator_type": "PROJECTION",
                                                    "operator_cardinality": 11356206,
                                                    "cumulative_rows_scanned": 16594209,
                                                    "operator_rows_scanned": 0,
                                                    "operator_timing": 0.0787504340000003,
                                                    "result_set_size": 181699296,
                                                    "children": [
                                                        {
                                                            "operator_name": "HASH_JOIN",
                                                            "cpu_time": 0.9921292189999958,
                                                            "extra_info": {
                                                                "Join Type": "RIGHT",
                                                                "Conditions": "postid = id",
                                                                "Estimated Cardinality": "12744093"
                                                            },
                                                            "cumulative_cardinality": 27950415,
                                                            "operator_type": "HASH_JOIN",
                                                            "operator_cardinality": 11356206,
                                                            "cumulative_rows_scanned": 16594209,
                                                            "operator_rows_scanned": 0,
                                                            "operator_timing": 0.6872104629999951,
                                                            "result_set_size": 113562060,
                                                            "children": [
                                                                {
                                                                    "operator_name": "READ_PARQUET ",
                                                                    "cpu_time": 0.2844379300000008,
                                                                    "extra_info": {
                                                                        "Function": "READ_PARQUET",
                                                                        "Projections": [
                                                                            "id",
                                                                            "postid",
                                                                            "votetypeid"
                                                                        ],
                                                                        "Estimated Cardinality": "12744093"
                                                                    },
                                                                    "cumulative_cardinality": 12744093,
                                                                    "operator_type": "TABLE_SCAN",
                                                                    "operator_cardinality": 12744093,
                                                                    "cumulative_rows_scanned": 12744093,
                                                                    "operator_rows_scanned": 12744093,
                                                                    "operator_timing": 0.2844379300000008,
                                                                    "result_set_size": 127440930,
                                                                    "children": []
                                                                },
                                                                {
                                                                    "operator_name": "READ_PARQUET ",
                                                                    "cpu_time": 0.020480825999999928,
                                                                    "extra_info": {
                                                                        "Function": "READ_PARQUET",
                                                                        "Projections": "id",
                                                                        "Estimated Cardinality": "3850116"
                                                                    },
                                                                    "cumulative_cardinality": 3850116,
                                                                    "operator_type": "TABLE_SCAN",
                                                                    "operator_cardinality": 3850116,
                                                                    "cumulative_rows_scanned": 3850116,
                                                                    "operator_rows_scanned": 3850116,
                                                                    "operator_timing": 0.020480825999999928,
                                                                    "result_set_size": 15400464,
                                                                    "children": []
                                                                }
                                                            ]
                                                        }
                                                    ]
                                                }
                                            ]
                                        },
                                        {
                                            "operator_name": "HASH_GROUP_BY",
                                            "cpu_time": 1.1784671890000011,
                                            "extra_info": {
                                                "Groups": [
                                                    "#0",
                                                    "#1"
                                                ],
                                                "Aggregates": [
                                                    "count(#2)",
                                                    "sum(#3)",
                                                    "sum(#4)",
                                                    "max(#5)"
                                                ],
                                                "Estimated Cardinality": "1260710"
                                            },
                                            "cumulative_cardinality": 15355826,
                                            "operator_type": "HASH_GROUP_BY",
                                            "operator_cardinality": 1260710,
                                            "cumulative_rows_scanned": 5110826,
                                            "operator_rows_scanned": 0,
                                            "operator_timing": 0.5940185510000002,
                                            "result_set_size": 85728280,
                                            "children": [
                                                {
                                                    "operator_name": "PROJECTION",
                                                    "cpu_time": 0.5844486380000009,
                                                    "extra_info": {
                                                        "Projections": [
                                                            "id",
                                                            "displayname",
                                                            "id",
                                                            "CASE  WHEN ((posttypeid = 1)) THEN (1) ELSE 0 END",
                                                            "CASE  WHEN ((posttypeid = 2)) THEN (1) ELSE 0 END",
                                                            "creationdate"
                                                        ],
                                                        "Estimated Cardinality": "3850116"
                                                    },
                                                    "cumulative_cardinality": 14095116,
                                                    "operator_type": "PROJECTION",
                                                    "operator_cardinality": 4574495,
                                                    "cumulative_rows_scanned": 5110826,
                                                    "operator_rows_scanned": 0,
                                                    "operator_timing": 0.0496284150000001,
                                                    "result_set_size": 182979800,
                                                    "children": [
                                                        {
                                                            "operator_name": "HASH_JOIN",
                                                            "cpu_time": 0.5348202230000008,
                                                            "extra_info": {
                                                                "Join Type": "RIGHT",
                                                                "Conditions": "owneruserid = id",
                                                                "Estimated Cardinality": "3850116"
                                                            },
                                                            "cumulative_cardinality": 9520621,
                                                            "operator_type": "HASH_JOIN",
                                                            "operator_cardinality": 4574495,
                                                            "cumulative_rows_scanned": 5110826,
                                                            "operator_rows_scanned": 0,
                                                            "operator_timing": 0.2657867870000011,
                                                            "result_set_size": 155532830,
                                                            "children": [
                                                                {
                                                                    "operator_name": "READ_PARQUET ",
                                                                    "cpu_time": 0.1790267919999996,
                                                                    "extra_info": {
                                                                        "Function": "READ_PARQUET",
                                                                        "Projections": [
                                                                            "id",
                                                                            "posttypeid",
                                                                            "creationdate",
                                                                            "owneruserid"
                                                                        ],
                                                                        "Estimated Cardinality": "3850116"
                                                                    },
                                                                    "cumulative_cardinality": 3685416,
                                                                    "operator_type": "TABLE_SCAN",
                                                                    "operator_cardinality": 3685416,
                                                                    "cumulative_rows_scanned": 3850116,
                                                                    "operator_rows_scanned": 3850116,
                                                                    "operator_timing": 0.1790267919999996,
                                                                    "result_set_size": 66337488,
                                                                    "children": []
                                                                },
                                                                {
                                                                    "operator_name": "READ_PARQUET ",
                                                                    "cpu_time": 0.09000664400000011,
                                                                    "extra_info": {
                                                                        "Function": "READ_PARQUET",
                                                                        "Projections": [
                                                                            "id",
                                                                            "displayname"
                                                                        ],
                                                                        "Estimated Cardinality": "1260710"
                                                                    },
                                                                    "cumulative_cardinality": 1260710,
                                                                    "operator_type": "TABLE_SCAN",
                                                                    "operator_cardinality": 1260710,
                                                                    "cumulative_rows_scanned": 1260710,
                                                                    "operator_rows_scanned": 1260710,
                                                                    "operator_timing": 0.09000664400000011,
                                                                    "result_set_size": 25214200,
                                                                    "children": []
                                                                }
                                                            ]
                                                        }
                                                    ]
                                                }
                                            ]
                                        }
                                    ]
                                }
                            ]
                        }
                    ]
                }
            ]
        }
    ]
}