{
    "rows_returned": 1260710,
    "query_name": "SELECT \n    u.Id AS UserId,\n    u.DisplayName,\n    COUNT(p.Id) AS TotalPosts,\n    SUM(CASE WHEN p.PostTypeId = 1 THEN 1 ELSE 0 END) AS TotalQuestions,\n    SUM(CASE WHEN p.PostTypeId = 2 THEN 1 ELSE 0 END) AS TotalAnswers,\n    MAX(p.CreationDate) AS MostRecentPost,\n    AVG(p.Score) AS AveragePostScore,\n    SUM(c.CommentCount) AS TotalComments,\n    SUM(v.VoteCount) AS TotalVotes\nFROM \n    Users u\nLEFT JOIN \n    Posts p ON u.Id = p.OwnerUserId\nLEFT JOIN \n    (SELECT PostId, COUNT(*) AS CommentCount FROM Comments GROUP BY PostId) c ON p.Id = c.PostId\nLEFT JOIN \n    (SELECT PostId, COUNT(*) AS VoteCount FROM Votes GROUP BY PostId) v ON p.Id = v.PostId\nGROUP BY \n    u.Id, u.DisplayName\nORDER BY \n    TotalPosts DESC;",
    "blocked_thread_time": 0.0,
    "cpu_time": 3.053039938000002,
    "extra_info": {},
    "cumulative_cardinality": 71866255,
    "cumulative_rows_scanned": 25096741,
    "result_set_size": 136156680,
    "latency": 5.64168996,
    "children": [
        {
            "operator_name": "ORDER_BY",
            "cpu_time": 3.053039938000002,
            "extra_info": {
                "Order By": "count(p.Id) DESC"
            },
            "cumulative_cardinality": 71866255,
            "operator_type": "ORDER_BY",
            "operator_cardinality": 1260710,
            "cumulative_rows_scanned": 25096741,
            "operator_rows_scanned": 0,
            "operator_timing": 0.092582688,
            "result_set_size": 136156680,
            "children": [
                {
                    "operator_name": "HASH_GROUP_BY",
                    "cpu_time": 2.9604572500000024,
                    "extra_info": {
                        "Groups": [
                            "#0",
                            "#1"
                        ],
                        "Aggregates": [
                            "count(#2)",
                            "sum(#3)",
                            "sum(#4)",
                            "max(#5)",
                            "avg(#6)",
                            "sum(#7)",
                            "sum(#8)"
                        ],
                        "Estimated Cardinality": "1260710"
                    },
                    "cumulative_cardinality": 70605545,
                    "operator_type": "HASH_GROUP_BY",
                    "operator_cardinality": 1260710,
                    "cumulative_rows_scanned": 25096741,
                    "operator_rows_scanned": 0,
                    "operator_timing": 0.8565356119999996,
                    "result_set_size": 136156680,
                    "children": [
                        {
                            "operator_name": "PROJECTION",
                            "cpu_time": 2.1039216380000028,
                            "extra_info": {
                                "Projections": [
                                    "id",
                                    "displayname",
                                    "id",
                                    "CASE  WHEN ((posttypeid = 1)) THEN (1) ELSE 0 END",
                                    "CASE  WHEN ((posttypeid = 2)) THEN (1) ELSE 0 END",
                                    "creationdate",
                                    "score",
                                    "CommentCount",
                                    "VoteCount"
                                ],
                                "Estimated Cardinality": "6372046"
                            },
                            "cumulative_cardinality": 69344835,
                            "operator_type": "PROJECTION",
                            "operator_cardinality": 4574495,
                            "cumulative_rows_scanned": 25096741,
                            "operator_rows_scanned": 0,
                            "operator_timing": 0.05787366300000026,
                            "result_set_size": 274469700,
                            "children": [
                                {
                                    "operator_name": "HASH_JOIN",
                                    "cpu_time": 2.0460479750000027,
                                    "extra_info": {
                                        "Join Type": "LEFT",
                                        "Conditions": "id = postid",
                                        "Estimated Cardinality": "6372046"
                                    },
                                    "cumulative_cardinality": 64770340,
                                    "operator_type": "HASH_JOIN",
                                    "operator_cardinality": 4574495,
                                    "cumulative_rows_scanned": 25096741,
                                    "operator_rows_scanned": 0,
                                    "operator_timing": 0.40566863400000147,
                                    "result_set_size": 247022730,
                                    "children": [
                                        {
                                            "operator_name": "HASH_JOIN",
                                            "cpu_time": 1.0393721510000011,
                                            "extra_info": {
                                                "Join Type": "LEFT",
                                                "Conditions": "id = postid",
                                                "Estimated Cardinality": "3850116"
                                            },
                                            "cumulative_cardinality": 30742432,
                                            "operator_type": "HASH_JOIN",
                                            "operator_cardinality": 4574495,
                                            "cumulative_rows_scanned": 12352648,
                                            "operator_rows_scanned": 0,
                                            "operator_timing": 0.24765115200000035,
                                            "result_set_size": 210426770,
                                            "children": [
                                                {
                                                    "operator_name": "HASH_JOIN",
                                                    "cpu_time": 0.5012416690000004,
                                                    "extra_info": {
                                                        "Join Type": "RIGHT",
                                                        "Conditions": "owneruserid = id",
                                                        "Estimated Cardinality": "3850116"
                                                    },
                                                    "cumulative_cardinality": 9520621,
                                                    "operator_type": "HASH_JOIN",
                                                    "operator_cardinality": 4574495,
                                                    "cumulative_rows_scanned": 5110826,
                                                    "operator_rows_scanned": 0,
                                                    "operator_timing": 0.2440406420000008,
                                                    "result_set_size": 173830810,
                                                    "children": [
                                                        {
                                                            "operator_name": "READ_PARQUET ",
                                                            "cpu_time": 0.17891817799999973,
                                                            "extra_info": {
                                                                "Function": "READ_PARQUET",
                                                                "Projections": [
                                                                    "id",
                                                                    "posttypeid",
                                                                    "creationdate",
                                                                    "score",
                                                                    "owneruserid"
                                                                ],
                                                                "Estimated Cardinality": "3850116"
                                                            },
                                                            "cumulative_cardinality": 3685416,
                                                            "operator_type": "TABLE_SCAN",
                                                            "operator_cardinality": 3685416,
                                                            "cumulative_rows_scanned": 3850116,
                                                            "operator_rows_scanned": 3850116,
                                                            "operator_timing": 0.17891817799999973,
                                                            "result_set_size": 81079152,
                                                            "children": []
                                                        },
                                                        {
                                                            "operator_name": "READ_PARQUET ",
                                                            "cpu_time": 0.07828284899999996,
                                                            "extra_info": {
                                                                "Function": "READ_PARQUET",
                                                                "Projections": [
                                                                    "id",
                                                                    "displayname"
                                                                ],
                                                                "Estimated Cardinality": "1260710"
                                                            },
                                                            "cumulative_cardinality": 1260710,
                                                            "operator_type": "TABLE_SCAN",
                                                            "operator_cardinality": 1260710,
                                                            "cumulative_rows_scanned": 1260710,
                                                            "operator_rows_scanned": 1260710,
                                                            "operator_timing": 0.07828284899999996,
                                                            "result_set_size": 25214200,
                                                            "children": []
                                                        }
                                                    ]
                                                },
                                                {
                                                    "operator_name": "HASH_GROUP_BY",
                                                    "cpu_time": 0.29047933000000026,
                                                    "extra_info": {
                                                        "Groups": "#0",
                                                        "Aggregates": "count_star()",
                                                        "Estimated Cardinality": "3620911"
                                                    },
                                                    "cumulative_cardinality": 16647316,
                                                    "operator_type": "HASH_GROUP_BY",
                                                    "operator_cardinality": 2163672,
                                                    "cumulative_rows_scanned": 7241822,
                                                    "operator_rows_scanned": 0,
                                                    "operator_timing": 0.24745450800000024,
                                                    "result_set_size": 25964064,
                                                    "children": [
                                                        {
                                                            "operator_name": "PROJECTION",
                                                            "cpu_time": 0.043024822000000046,
                                                            "extra_info": {
                                                                "Projections": "postid",
                                                                "Estimated Cardinality": "7241822"
                                                            },
                                                            "cumulative_cardinality": 14483644,
                                                            "operator_type": "PROJECTION",
                                                            "operator_cardinality": 7241822,
                                                            "cumulative_rows_scanned": 7241822,
                                                            "operator_rows_scanned": 0,
                                                            "operator_timing": 0.0003645790000000051,
                                                            "result_set_size": 28967288,
                                                            "children": [
                                                                {
                                                                    "operator_name": "READ_PARQUET ",
                                                                    "cpu_time": 0.04266024300000004,
                                                                    "extra_info": {
                                                                        "Function": "READ_PARQUET",
                                                                        "Projections": "postid",
                                                                        "Estimated Cardinality": "7241822"
                                                                    },
                                                                    "cumulative_cardinality": 7241822,
                                                                    "operator_type": "TABLE_SCAN",
                                                                    "operator_cardinality": 7241822,
                                                                    "cumulative_rows_scanned": 7241822,
                                                                    "operator_rows_scanned": 7241822,
                                                                    "operator_timing": 0.04266024300000004,
                                                                    "result_set_size": 28967288,
                                                                    "children": []
                                                                }
                                                            ]
                                                        }
                                                    ]
                                                }
                                            ]
                                        },
                                        {
                                            "operator_name": "HASH_GROUP_BY",
                                            "cpu_time": 0.60100719,
                                            "extra_info": {
                                                "Groups": "#0",
                                                "Aggregates": "count_star()",
                                                "Estimated Cardinality": "6372046"
                                            },
                                            "cumulative_cardinality": 29453413,
                                            "operator_type": "HASH_GROUP_BY",
                                            "operator_cardinality": 3965227,
                                            "cumulative_rows_scanned": 12744093,
                                            "operator_rows_scanned": 0,
                                            "operator_timing": 0.523577573,
                                            "result_set_size": 47582724,
                                            "children": [
                                                {
                                                    "operator_name": "PROJECTION",
                                                    "cpu_time": 0.07742961700000005,
                                                    "extra_info": {
                                                        "Projections": "postid",
                                                        "Estimated Cardinality": "12744093"
                                                    },
                                                    "cumulative_cardinality": 25488186,
                                                    "operator_type": "PROJECTION",
                                                    "operator_cardinality": 12744093,
                                                    "cumulative_rows_scanned": 12744093,
                                                    "operator_rows_scanned": 0,
                                                    "operator_timing": 0.0006864120000000056,
                                                    "result_set_size": 50976372,
                                                    "children": [
                                                        {
                                                            "operator_name": "READ_PARQUET ",
                                                            "cpu_time": 0.07674320500000004,
                                                            "extra_info": {
                                                                "Function": "READ_PARQUET",
                                                                "Projections": "postid",
                                                                "Estimated Cardinality": "12744093"
                                                            },
                                                            "cumulative_cardinality": 12744093,
                                                            "operator_type": "TABLE_SCAN",
                                                            "operator_cardinality": 12744093,
                                                            "cumulative_rows_scanned": 12744093,
                                                            "operator_rows_scanned": 12744093,
                                                            "operator_timing": 0.07674320500000004,
                                                            "result_set_size": 50976372,
                                                            "children": []
                                                        }
                                                    ]
                                                }
                                            ]
                                        }
                                    ]
                                }
                            ]
                        }
                    ]
                }
            ]
        }
    ]
}