{
    "rows_returned": 7,
    "query_name": "SELECT \n    pt.Name AS PostType,\n    COUNT(p.Id) AS PostCount,\n    AVG(p.Score) AS AverageScore,\n    SUM(c.CommentCount) AS TotalComments\nFROM \n    Posts p\nJOIN \n    PostTypes pt ON p.PostTypeId = pt.Id\nLEFT JOIN (\n    SELECT \n        PostId,\n        COUNT(*) AS CommentCount\n    FROM \n        Comments\n    GROUP BY \n        PostId\n) c ON p.Id = c.PostId\nGROUP BY \n    pt.Name\nORDER BY \n    PostCount DESC;",
    "blocked_thread_time": 0.0,
    "cpu_time": 0.6745338389999997,
    "extra_info": {},
    "cumulative_cardinality": 32047801,
    "cumulative_rows_scanned": 11091946,
    "result_set_size": 336,
    "latency": 0.72559094,
    "children": [
        {
            "operator_name": "ORDER_BY",
            "cpu_time": 0.6745338389999997,
            "extra_info": {
                "Order By": "count(p.Id) DESC"
            },
            "cumulative_cardinality": 32047801,
            "operator_type": "ORDER_BY",
            "operator_cardinality": 7,
            "cumulative_rows_scanned": 11091946,
            "operator_rows_scanned": 0,
            "operator_timing": 0.000023124,
            "result_set_size": 336,
            "children": [
                {
                    "operator_name": "HASH_GROUP_BY",
                    "cpu_time": 0.6745107149999997,
                    "extra_info": {
                        "Groups": "#0",
                        "Aggregates": [
                            "count_star()",
                            "avg(#1)",
                            "sum(#2)"
                        ],
                        "Estimated Cardinality": "1925058"
                    },
                    "cumulative_cardinality": 32047794,
                    "operator_type": "HASH_GROUP_BY",
                    "operator_cardinality": 7,
                    "cumulative_rows_scanned": 11091946,
                    "operator_rows_scanned": 0,
                    "operator_timing": 0.08370513299999979,
                    "result_set_size": 336,
                    "children": [
                        {
                            "operator_name": "PROJECTION",
                            "cpu_time": 0.5908055819999999,
                            "extra_info": {
                                "Projections": [
                                    "name",
                                    "score",
                                    "CommentCount"
                                ],
                                "Estimated Cardinality": "3850116"
                            },
                            "cumulative_cardinality": 32047787,
                            "operator_type": "PROJECTION",
                            "operator_cardinality": 3850116,
                            "cumulative_rows_scanned": 11091946,
                            "operator_rows_scanned": 0,
                            "operator_timing": 0.0007564920000000041,
                            "result_set_size": 107803248,
                            "children": [
                                {
                                    "operator_name": "HASH_JOIN",
                                    "cpu_time": 0.5900490899999998,
                                    "extra_info": {
                                        "Join Type": "LEFT",
                                        "Conditions": "id = postid",
                                        "Estimated Cardinality": "3850116"
                                    },
                                    "cumulative_cardinality": 28197671,
                                    "operator_type": "HASH_JOIN",
                                    "operator_cardinality": 3850116,
                                    "cumulative_rows_scanned": 11091946,
                                    "operator_rows_scanned": 0,
                                    "operator_timing": 0.22313023000000023,
                                    "result_set_size": 107803248,
                                    "children": [
                                        {
                                            "operator_name": "HASH_JOIN",
                                            "cpu_time": 0.08392612600000003,
                                            "extra_info": {
                                                "Join Type": "INNER",
                                                "Conditions": "posttypeid = id",
                                                "Estimated Cardinality": "3850116"
                                            },
                                            "cumulative_cardinality": 7700239,
                                            "operator_type": "HASH_JOIN",
                                            "operator_cardinality": 3850116,
                                            "cumulative_rows_scanned": 3850124,
                                            "operator_rows_scanned": 0,
                                            "operator_timing": 0.008057529000000016,
                                            "result_set_size": 92402784,
                                            "children": [
                                                {
                                                    "operator_name": "READ_PARQUET ",
                                                    "cpu_time": 0.07552488600000001,
                                                    "extra_info": {
                                                        "Function": "READ_PARQUET",
                                                        "Projections": [
                                                            "id",
                                                            "posttypeid",
                                                            "score"
                                                        ],
                                                        "Estimated Cardinality": "3850116"
                                                    },
                                                    "cumulative_cardinality": 3850116,
                                                    "operator_type": "TABLE_SCAN",
                                                    "operator_cardinality": 3850116,
                                                    "cumulative_rows_scanned": 3850116,
                                                    "operator_rows_scanned": 3850116,
                                                    "operator_timing": 0.07552488600000001,
                                                    "result_set_size": 38501160,
                                                    "children": []
                                                },
                                                {
                                                    "operator_name": "READ_PARQUET ",
                                                    "cpu_time": 0.000343711,
                                                    "extra_info": {
                                                        "Function": "READ_PARQUET",
                                                        "Projections": [
                                                            "id",
                                                            "name"
                                                        ],
                                                        "Filters": "id<=7",
                                                        "Estimated Cardinality": "8"
                                                    },
                                                    "cumulative_cardinality": 7,
                                                    "operator_type": "TABLE_SCAN",
                                                    "operator_cardinality": 7,
                                                    "cumulative_rows_scanned": 8,
                                                    "operator_rows_scanned": 8,
                                                    "operator_timing": 0.000343711,
                                                    "result_set_size": 126,
                                                    "children": []
                                                }
                                            ]
                                        },
                                        {
                                            "operator_name": "HASH_GROUP_BY",
                                            "cpu_time": 0.2829927339999996,
                                            "extra_info": {
                                                "Groups": "#0",
                                                "Aggregates": "count_star()",
                                                "Estimated Cardinality": "3620911"
                                            },
                                            "cumulative_cardinality": 16647316,
                                            "operator_type": "HASH_GROUP_BY",
                                            "operator_cardinality": 2163672,
                                            "cumulative_rows_scanned": 7241822,
                                            "operator_rows_scanned": 0,
                                            "operator_timing": 0.24279891999999964,
                                            "result_set_size": 25964064,
                                            "children": [
                                                {
                                                    "operator_name": "PROJECTION",
                                                    "cpu_time": 0.04019381399999991,
                                                    "extra_info": {
                                                        "Projections": "postid",
                                                        "Estimated Cardinality": "7241822"
                                                    },
                                                    "cumulative_cardinality": 14483644,
                                                    "operator_type": "PROJECTION",
                                                    "operator_cardinality": 7241822,
                                                    "cumulative_rows_scanned": 7241822,
                                                    "operator_rows_scanned": 0,
                                                    "operator_timing": 0.00034297900000000947,
                                                    "result_set_size": 28967288,
                                                    "children": [
                                                        {
                                                            "operator_name": "READ_PARQUET ",
                                                            "cpu_time": 0.039850834999999904,
                                                            "extra_info": {
                                                                "Function": "READ_PARQUET",
                                                                "Projections": "postid",
                                                                "Estimated Cardinality": "7241822"
                                                            },
                                                            "cumulative_cardinality": 7241822,
                                                            "operator_type": "TABLE_SCAN",
                                                            "operator_cardinality": 7241822,
                                                            "cumulative_rows_scanned": 7241822,
                                                            "operator_rows_scanned": 7241822,
                                                            "operator_timing": 0.039850834999999904,
                                                            "result_set_size": 28967288,
                                                            "children": []
                                                        }
                                                    ]
                                                }
                                            ]
                                        }
                                    ]
                                }
                            ]
                        }
                    ]
                }
            ]
        }
    ]
}