{
    "rows_returned": 1260710,
    "query_name": "\nWITH UserStats AS (\n    SELECT \n        U.Id AS UserId,\n        U.DisplayName,\n        U.Reputation,\n        COUNT(DISTINCT P.Id) AS TotalPosts,\n        SUM(CASE WHEN P.PostTypeId = 1 THEN 1 ELSE 0 END) AS Questions,\n        SUM(CASE WHEN P.PostTypeId = 2 THEN 1 ELSE 0 END) AS Answers,\n        SUM(CASE WHEN P.PostTypeId IN (4, 5) THEN 1 ELSE 0 END) AS TagWikis,\n        SUM(CASE WHEN C.Id IS NOT NULL THEN 1 ELSE 0 END) AS Comments\n    FROM Users U\n    LEFT JOIN Posts P ON U.Id = P.OwnerUserId\n    LEFT JOIN Comments C ON P.Id = C.PostId\n    GROUP BY U.Id, U.DisplayName, U.Reputation\n),\nPostStats AS (\n    SELECT \n        P.Id AS PostId,\n        P.Title,\n        P.CreationDate,\n        P.ViewCount,\n        P.Score,\n        PT.Name AS PostType,\n        P.OwnerUserId\n    FROM Posts P\n    JOIN PostTypes PT ON P.PostTypeId = PT.Id\n)\nSELECT \n    US.UserId,\n    US.DisplayName,\n    US.Reputation,\n    US.TotalPosts,\n    US.Questions,\n    US.Answers,\n    US.TagWikis,\n    US.Comments,\n    COUNT(DISTINCT PS.PostId) AS TotalPostStats,\n    SUM(PS.ViewCount) AS TotalViews,\n    SUM(PS.Score) AS TotalScore\nFROM UserStats US\nLEFT JOIN PostStats PS ON US.UserId = PS.OwnerUserId\nGROUP BY US.UserId, US.DisplayName, US.Reputation, \n         US.TotalPosts, US.Questions, US.Answers, US.TagWikis, US.Comments\nORDER BY US.Reputation DESC;\n",
    "blocked_thread_time": 0.0,
    "cpu_time": 6.159416618000002,
    "extra_info": {},
    "cumulative_cardinality": 73600843,
    "cumulative_rows_scanned": 16202772,
    "result_set_size": 171456560,
    "latency": 12.166256068,
    "children": [
        {
            "operator_name": "ORDER_BY",
            "cpu_time": 6.159416618000002,
            "extra_info": {
                "Order By": "US.Reputation DESC"
            },
            "cumulative_cardinality": 73600843,
            "operator_type": "ORDER_BY",
            "operator_cardinality": 1260710,
            "cumulative_rows_scanned": 16202772,
            "operator_rows_scanned": 0,
            "operator_timing": 0.11916607699999981,
            "result_set_size": 171456560,
            "children": [
                {
                    "operator_name": "HASH_GROUP_BY",
                    "cpu_time": 6.040250541000002,
                    "extra_info": {
                        "Groups": [
                            "#0",
                            "#1",
                            "#2",
                            "#3",
                            "#4",
                            "#5",
                            "#6",
                            "#7"
                        ],
                        "Aggregates": [
                            "count(DISTINCT #8)",
                            "sum(#9)",
                            "sum(#10)"
                        ],
                        "Estimated Cardinality": "1260710"
                    },
                    "cumulative_cardinality": 72340133,
                    "operator_type": "HASH_GROUP_BY",
                    "operator_cardinality": 1260710,
                    "cumulative_rows_scanned": 16202772,
                    "operator_rows_scanned": 0,
                    "operator_timing": 2.1426714879999986,
                    "result_set_size": 171456560,
                    "children": [
                        {
                            "operator_name": "PROJECTION",
                            "cpu_time": 3.897579053000003,
                            "extra_info": {
                                "Projections": [
                                    "UserId",
                                    "displayname",
                                    "reputation",
                                    "TotalPosts",
                                    "Questions",
                                    "Answers",
                                    "TagWikis",
                                    "Comments",
                                    "PostId",
                                    "viewcount",
                                    "score"
                                ],
                                "Estimated Cardinality": "3850116"
                            },
                            "cumulative_cardinality": 71079423,
                            "operator_type": "PROJECTION",
                            "operator_cardinality": 4574495,
                            "cumulative_rows_scanned": 16202772,
                            "operator_rows_scanned": 0,
                            "operator_timing": 0.001773263999999995,
                            "result_set_size": 494045460,
                            "children": [
                                {
                                    "operator_name": "HASH_JOIN",
                                    "cpu_time": 3.895805789000003,
                                    "extra_info": {
                                        "Join Type": "RIGHT",
                                        "Conditions": "owneruserid = UserId",
                                        "Estimated Cardinality": "3850116"
                                    },
                                    "cumulative_cardinality": 66504928,
                                    "operator_type": "HASH_JOIN",
                                    "operator_cardinality": 4574495,
                                    "cumulative_rows_scanned": 16202772,
                                    "operator_rows_scanned": 0,
                                    "operator_timing": 0.3881132410000011,
                                    "result_set_size": 494045460,
                                    "children": [
                                        {
                                            "operator_name": "PROJECTION",
                                            "cpu_time": 0.17993747500000035,
                                            "extra_info": {
                                                "Projections": [
                                                    "PostId",
                                                    "viewcount",
                                                    "score",
                                                    "owneruserid"
                                                ],
                                                "Estimated Cardinality": "3850116"
                                            },
                                            "cumulative_cardinality": 11056255,
                                            "operator_type": "PROJECTION",
                                            "operator_cardinality": 3685416,
                                            "cumulative_rows_scanned": 3850124,
                                            "operator_rows_scanned": 0,
                                            "operator_timing": 0.0006324679999999991,
                                            "result_set_size": 58966656,
                                            "children": [
                                                {
                                                    "operator_name": "HASH_JOIN",
                                                    "cpu_time": 0.17930500700000035,
                                                    "extra_info": {
                                                        "Join Type": "INNER",
                                                        "Conditions": "posttypeid = id",
                                                        "Estimated Cardinality": "3850116"
                                                    },
                                                    "cumulative_cardinality": 7370839,
                                                    "operator_type": "HASH_JOIN",
                                                    "operator_cardinality": 3685416,
                                                    "cumulative_rows_scanned": 3850124,
                                                    "operator_rows_scanned": 0,
                                                    "operator_timing": 0.008841113999999992,
                                                    "result_set_size": 66337488,
                                                    "children": [
                                                        {
                                                            "operator_name": "READ_PARQUET ",
                                                            "cpu_time": 0.17024785900000036,
                                                            "extra_info": {
                                                                "Function": "READ_PARQUET",
                                                                "Projections": [
                                                                    "id",
                                                                    "posttypeid",
                                                                    "score",
                                                                    "viewcount",
                                                                    "owneruserid"
                                                                ],
                                                                "Estimated Cardinality": "3850116"
                                                            },
                                                            "cumulative_cardinality": 3685416,
                                                            "operator_type": "TABLE_SCAN",
                                                            "operator_cardinality": 3685416,
                                                            "cumulative_rows_scanned": 3850116,
                                                            "operator_rows_scanned": 3850116,
                                                            "operator_timing": 0.17024785900000036,
                                                            "result_set_size": 66337488,
                                                            "children": []
                                                        },
                                                        {
                                                            "operator_name": "READ_PARQUET ",
                                                            "cpu_time": 0.00021603399999999999,
                                                            "extra_info": {
                                                                "Function": "READ_PARQUET",
                                                                "Projections": "id",
                                                                "Filters": "id<=7",
                                                                "Estimated Cardinality": "8"
                                                            },
                                                            "cumulative_cardinality": 7,
                                                            "operator_type": "TABLE_SCAN",
                                                            "operator_cardinality": 7,
                                                            "cumulative_rows_scanned": 8,
                                                            "operator_rows_scanned": 8,
                                                            "operator_timing": 0.00021603399999999999,
                                                            "result_set_size": 14,
                                                            "children": []
                                                        }
                                                    ]
                                                }
                                            ]
                                        },
                                        {
                                            "operator_name": "HASH_GROUP_BY",
                                            "cpu_time": 3.3277550730000014,
                                            "extra_info": {
                                                "Groups": [
                                                    "#0",
                                                    "#1",
                                                    "#2"
                                                ],
                                                "Aggregates": [
                                                    "count(DISTINCT #3)",
                                                    "sum(#4)",
                                                    "sum(#5)",
                                                    "sum(#6)",
                                                    "sum(#7)"
                                                ],
                                                "Estimated Cardinality": "1260710"
                                            },
                                            "cumulative_cardinality": 50874178,
                                            "operator_type": "HASH_GROUP_BY",
                                            "operator_cardinality": 1260710,
                                            "cumulative_rows_scanned": 12352648,
                                            "operator_rows_scanned": 0,
                                            "operator_timing": 1.8952252960000011,
                                            "result_set_size": 121028160,
                                            "children": [
                                                {
                                                    "operator_name": "PROJECTION",
                                                    "cpu_time": 1.4325297770000003,
                                                    "extra_info": {
                                                        "Projections": [
                                                            "id",
                                                            "displayname",
                                                            "reputation",
                                                            "id",
                                                            "CASE  WHEN ((posttypeid = 1)) THEN (1) ELSE 0 END",
                                                            "CASE  WHEN ((posttypeid = 2)) THEN (1) ELSE 0 END",
                                                            "CASE  WHEN ((posttypeid IN (4, 5))) THEN (1) ELSE 0 END",
                                                            "CASE  WHEN ((id IS NOT NULL)) THEN (1) ELSE 0 END"
                                                        ],
                                                        "Estimated Cardinality": "7241822"
                                                    },
                                                    "cumulative_cardinality": 49613468,
                                                    "operator_type": "PROJECTION",
                                                    "operator_cardinality": 9425510,
                                                    "cumulative_rows_scanned": 12352648,
                                                    "operator_rows_scanned": 0,
                                                    "operator_timing": 0.10661960099999986,
                                                    "result_set_size": 414722440,
                                                    "children": [
                                                        {
                                                            "operator_name": "PROJECTION",
                                                            "cpu_time": 1.3259101760000005,
                                                            "extra_info": {
                                                                "Projections": [
                                                                    "#0",
                                                                    "#1",
                                                                    "__internal_decompress_integral_smallint(#2, 1)",
                                                                    "#3",
                                                                    "#4",
                                                                    "#5"
                                                                ],
                                                                "Estimated Cardinality": "7241822"
                                                            },
                                                            "cumulative_cardinality": 40187958,
                                                            "operator_type": "PROJECTION",
                                                            "operator_cardinality": 9425510,
                                                            "cumulative_rows_scanned": 12352648,
                                                            "operator_rows_scanned": 0,
                                                            "operator_timing": 0.006156937999999987,
                                                            "result_set_size": 320467340,
                                                            "children": [
                                                                {
                                                                    "operator_name": "HASH_JOIN",
                                                                    "cpu_time": 1.3197532380000006,
                                                                    "extra_info": {
                                                                        "Join Type": "RIGHT",
                                                                        "Conditions": "postid = id",
                                                                        "Estimated Cardinality": "7241822"
                                                                    },
                                                                    "cumulative_cardinality": 30762448,
                                                                    "operator_type": "HASH_JOIN",
                                                                    "operator_cardinality": 9425510,
                                                                    "cumulative_rows_scanned": 12352648,
                                                                    "operator_rows_scanned": 0,
                                                                    "operator_timing": 0.7167867780000008,
                                                                    "result_set_size": 311041830,
                                                                    "children": [
                                                                        {
                                                                            "operator_name": "READ_PARQUET ",
                                                                            "cpu_time": 0.13033072699999998,
                                                                            "extra_info": {
                                                                                "Function": "READ_PARQUET",
                                                                                "Projections": [
                                                                                    "id",
                                                                                    "postid"
                                                                                ],
                                                                                "Estimated Cardinality": "7241822"
                                                                            },
                                                                            "cumulative_cardinality": 7241822,
                                                                            "operator_type": "TABLE_SCAN",
                                                                            "operator_cardinality": 7241822,
                                                                            "cumulative_rows_scanned": 7241822,
                                                                            "operator_rows_scanned": 7241822,
                                                                            "operator_timing": 0.13033072699999998,
                                                                            "result_set_size": 57934576,
                                                                            "children": []
                                                                        },
                                                                        {
                                                                            "operator_name": "PROJECTION",
                                                                            "cpu_time": 0.4726357329999997,
                                                                            "extra_info": {
                                                                                "Projections": [
                                                                                    "#0",
                                                                                    "__internal_compress_integral_utinyint(#1, 1)",
                                                                                    "#2",
                                                                                    "#3",
                                                                                    "#4"
                                                                                ],
                                                                                "Estimated Cardinality": "3850116"
                                                                            },
                                                                            "cumulative_cardinality": 14095116,
                                                                            "operator_type": "PROJECTION",
                                                                            "operator_cardinality": 4574495,
                                                                            "cumulative_rows_scanned": 5110826,
                                                                            "operator_rows_scanned": 0,
                                                                            "operator_timing": 0.004601842999999984,
                                                                            "result_set_size": 132660355,
                                                                            "children": [
                                                                                {
                                                                                    "operator_name": "HASH_JOIN",
                                                                                    "cpu_time": 0.46803388999999973,
                                                                                    "extra_info": {
                                                                                        "Join Type": "RIGHT",
                                                                                        "Conditions": "owneruserid = id",
                                                                                        "Estimated Cardinality": "3850116"
                                                                                    },
                                                                                    "cumulative_cardinality": 9520621,
                                                                                    "operator_type": "HASH_JOIN",
                                                                                    "operator_cardinality": 4574495,
                                                                                    "cumulative_rows_scanned": 5110826,
                                                                                    "operator_rows_scanned": 0,
                                                                                    "operator_timing": 0.2791048089999998,
                                                                                    "result_set_size": 137234850,
                                                                                    "children": [
                                                                                        {
                                                                                            "operator_name": "READ_PARQUET ",
                                                                                            "cpu_time": 0.10287071199999998,
                                                                                            "extra_info": {
                                                                                                "Function": "READ_PARQUET",
                                                                                                "Projections": [
                                                                                                    "id",
                                                                                                    "posttypeid",
                                                                                                    "owneruserid"
                                                                                                ],
                                                                                                "Estimated Cardinality": "3850116"
                                                                                            },
                                                                                            "cumulative_cardinality": 3685416,
                                                                                            "operator_type": "TABLE_SCAN",
                                                                                            "operator_cardinality": 3685416,
                                                                                            "cumulative_rows_scanned": 3850116,
                                                                                            "operator_rows_scanned": 3850116,
                                                                                            "operator_timing": 0.10287071199999998,
                                                                                            "result_set_size": 36854160,
                                                                                            "children": []
                                                                                        },
                                                                                        {
                                                                                            "operator_name": "READ_PARQUET ",
                                                                                            "cpu_time": 0.086058369,
                                                                                            "extra_info": {
                                                                                                "Function": "READ_PARQUET",
                                                                                                "Projections": [
                                                                                                    "id",
                                                                                                    "reputation",
                                                                                                    "displayname"
                                                                                                ],
                                                                                                "Estimated Cardinality": "1260710"
                                                                                            },
                                                                                            "cumulative_cardinality": 1260710,
                                                                                            "operator_type": "TABLE_SCAN",
                                                                                            "operator_cardinality": 1260710,
                                                                                            "cumulative_rows_scanned": 1260710,
                                                                                            "operator_rows_scanned": 1260710,
                                                                                            "operator_timing": 0.086058369,
                                                                                            "result_set_size": 30257040,
                                                                                            "children": []
                                                                                        }
                                                                                    ]
                                                                                }
                                                                            ]
                                                                        }
                                                                    ]
                                                                }
                                                            ]
                                                        }
                                                    ]
                                                }
                                            ]
                                        }
                                    ]
                                }
                            ]
                        }
                    ]
                }
            ]
        }
    ]
}