{
    "rows_returned": 2392469,
    "query_name": "\nSELECT \n    p.Id AS PostId,\n    p.Title,\n    p.CreationDate,\n    p.Score,\n    p.ViewCount,\n    p.AnswerCount,\n    p.CommentCount,\n    p.FavoriteCount,\n    u.DisplayName AS OwnerDisplayName,\n    u.Reputation AS OwnerReputation,\n    ph.PostHistoryTypeId,\n    ph.CreationDate AS PostHistoryDate,\n    COUNT(c.Id) AS CommentCountTotal,\n    COUNT(v.Id) AS VoteCount\nFROM \n    Posts p\nJOIN \n    Users u ON p.OwnerUserId = u.Id\nLEFT JOIN \n    PostHistory ph ON p.Id = ph.PostId\nLEFT JOIN \n    Comments c ON p.Id = c.PostId\nLEFT JOIN \n    Votes v ON p.Id = v.PostId\nWHERE \n    p.CreationDate >= DATE '2020-01-01' AND p.CreationDate < DATE '2023-01-01'  \nGROUP BY \n    p.Id, p.Title, p.CreationDate, p.Score, p.ViewCount, p.AnswerCount, p.CommentCount, p.FavoriteCount, \n    u.DisplayName, u.Reputation, ph.PostHistoryTypeId, ph.CreationDate\nORDER BY \n    p.CreationDate DESC;\n",
    "blocked_thread_time": 0.0,
    "cpu_time": 6.157258804999984,
    "extra_info": {},
    "cumulative_cardinality": 113530471,
    "cumulative_rows_scanned": 36891985,
    "result_set_size": 224892086,
    "latency": 10.329484422,
    "children": [
        {
            "operator_name": "PROJECTION",
            "cpu_time": 6.157258804999984,
            "extra_info": {
                "Projections": [
                    "#0",
                    "#1",
                    "#2",
                    "__internal_decompress_integral_integer(#3, -72)",
                    "#4",
                    "__internal_decompress_integral_integer(#5, 0)",
                    "__internal_decompress_integral_integer(#6, 0)",
                    "#7",
                    "#8",
                    "#9",
                    "__internal_decompress_integral_smallint(#10, 1)",
                    "#11",
                    "#12",
                    "#13"
                ],
                "Estimated Cardinality": "3850116"
            },
            "cumulative_cardinality": 113530471,
            "operator_type": "PROJECTION",
            "operator_cardinality": 2392469,
            "cumulative_rows_scanned": 36891985,
            "operator_rows_scanned": 0,
            "operator_timing": 0.006521607999999997,
            "result_set_size": 224892086,
            "children": [
                {
                    "operator_name": "ORDER_BY",
                    "cpu_time": 6.150737196999984,
                    "extra_info": {
                        "Order By": "p.CreationDate DESC"
                    },
                    "cumulative_cardinality": 111138002,
                    "operator_type": "ORDER_BY",
                    "operator_cardinality": 2392469,
                    "cumulative_rows_scanned": 36891985,
                    "operator_rows_scanned": 0,
                    "operator_timing": 0.313633603,
                    "result_set_size": 203359865,
                    "children": [
                        {
                            "operator_name": "PROJECTION",
                            "cpu_time": 5.837103593999983,
                            "extra_info": {
                                "Projections": [
                                    "#0",
                                    "#1",
                                    "#2",
                                    "__internal_compress_integral_usmallint(#3, -72)",
                                    "#4",
                                    "__internal_compress_integral_utinyint(#5, 0)",
                                    "__internal_compress_integral_utinyint(#6, 0)",
                                    "#7",
                                    "#8",
                                    "#9",
                                    "__internal_compress_integral_utinyint(#10, 1)",
                                    "#11",
                                    "#12",
                                    "#13"
                                ],
                                "Estimated Cardinality": "3850116"
                            },
                            "cumulative_cardinality": 108745533,
                            "operator_type": "PROJECTION",
                            "operator_cardinality": 2392469,
                            "cumulative_rows_scanned": 36891985,
                            "operator_rows_scanned": 0,
                            "operator_timing": 0.0077504359999999994,
                            "result_set_size": 203359865,
                            "children": [
                                {
                                    "operator_name": "PROJECTION",
                                    "cpu_time": 5.829353157999983,
                                    "extra_info": {
                                        "Projections": [
                                            "#0",
                                            "#1",
                                            "#2",
                                            "__internal_decompress_integral_integer(#3, -72)",
                                            "#4",
                                            "__internal_decompress_integral_integer(#5, 0)",
                                            "__internal_decompress_integral_integer(#6, 0)",
                                            "#7",
                                            "#8",
                                            "#9",
                                            "__internal_decompress_integral_smallint(#10, 1)",
                                            "#11",
                                            "#12",
                                            "#13"
                                        ],
                                        "Estimated Cardinality": "3850116"
                                    },
                                    "cumulative_cardinality": 106353064,
                                    "operator_type": "PROJECTION",
                                    "operator_cardinality": 2392469,
                                    "cumulative_rows_scanned": 36891985,
                                    "operator_rows_scanned": 0,
                                    "operator_timing": 0.007885930000000005,
                                    "result_set_size": 224892086,
                                    "children": [
                                        {
                                            "operator_name": "HASH_GROUP_BY",
                                            "cpu_time": 5.8214672279999835,
                                            "extra_info": {
                                                "Groups": [
                                                    "#0",
                                                    "#1",
                                                    "#2",
                                                    "#3",
                                                    "#4",
                                                    "#5",
                                                    "#6",
                                                    "#7",
                                                    "#8",
                                                    "#9",
                                                    "#10",
                                                    "#11"
                                                ],
                                                "Aggregates": [
                                                    "count(#12)",
                                                    "count(#13)"
                                                ],
                                                "Estimated Cardinality": "3850116"
                                            },
                                            "cumulative_cardinality": 103960595,
                                            "operator_type": "HASH_GROUP_BY",
                                            "operator_cardinality": 2392469,
                                            "cumulative_rows_scanned": 36891985,
                                            "operator_rows_scanned": 0,
                                            "operator_timing": 2.862213102999982,
                                            "result_set_size": 203359865,
                                            "children": [
                                                {
                                                    "operator_name": "PROJECTION",
                                                    "cpu_time": 2.9592541250000015,
                                                    "extra_info": {
                                                        "Projections": [
                                                            "id",
                                                            "title",
                                                            "creationdate",
                                                            "score",
                                                            "viewcount",
                                                            "answercount",
                                                            "commentcount",
                                                            "favoritecount",
                                                            "displayname",
                                                            "reputation",
                                                            "posthistorytypeid",
                                                            "creationdate",
                                                            "id",
                                                            "id"
                                                        ],
                                                        "Estimated Cardinality": "12744093"
                                                    },
                                                    "cumulative_cardinality": 101568126,
                                                    "operator_type": "PROJECTION",
                                                    "operator_cardinality": 22296094,
                                                    "cumulative_rows_scanned": 36891985,
                                                    "operator_rows_scanned": 0,
                                                    "operator_timing": 0.012555669000000125,
                                                    "result_set_size": 1716799238,
                                                    "children": [
                                                        {
                                                            "operator_name": "PROJECTION",
                                                            "cpu_time": 2.9466984560000014,
                                                            "extra_info": {
                                                                "Projections": [
                                                                    "__internal_compress_integral_utinyint(#0, 1)",
                                                                    "#1",
                                                                    "#2",
                                                                    "#3",
                                                                    "#4",
                                                                    "#5",
                                                                    "__internal_compress_integral_usmallint(#6, -72)",
                                                                    "#7",
                                                                    "#8",
                                                                    "__internal_compress_integral_utinyint(#9, 0)",
                                                                    "__internal_compress_integral_utinyint(#10, 0)",
                                                                    "#11",
                                                                    "#12",
                                                                    "#13"
                                                                ],
                                                                "Estimated Cardinality": "12744093"
                                                            },
                                                            "cumulative_cardinality": 79272032,
                                                            "operator_type": "PROJECTION",
                                                            "operator_cardinality": 22296094,
                                                            "cumulative_rows_scanned": 36891985,
                                                            "operator_rows_scanned": 0,
                                                            "operator_timing": 0.16257082100000067,
                                                            "result_set_size": 1716799238,
                                                            "children": [
                                                                {
                                                                    "operator_name": "HASH_JOIN",
                                                                    "cpu_time": 2.784127635000001,
                                                                    "extra_info": {
                                                                        "Join Type": "LEFT",
                                                                        "Conditions": "id = postid",
                                                                        "Estimated Cardinality": "12744093"
                                                                    },
                                                                    "cumulative_cardinality": 56975938,
                                                                    "operator_type": "HASH_JOIN",
                                                                    "operator_cardinality": 22296094,
                                                                    "cumulative_rows_scanned": 36891985,
                                                                    "operator_rows_scanned": 0,
                                                                    "operator_timing": 1.087490974,
                                                                    "result_set_size": 1917464084,
                                                                    "children": [
                                                                        {
                                                                            "operator_name": "HASH_JOIN",
                                                                            "cpu_time": 1.5153290980000005,
                                                                            "extra_info": {
                                                                                "Join Type": "LEFT",
                                                                                "Conditions": "id = postid",
                                                                                "Estimated Cardinality": "11795244"
                                                                            },
                                                                            "cumulative_cardinality": 21935751,
                                                                            "operator_type": "HASH_JOIN",
                                                                            "operator_cardinality": 7030629,
                                                                            "cumulative_rows_scanned": 24147892,
                                                                            "operator_rows_scanned": 0,
                                                                            "operator_timing": 0.5371096360000008,
                                                                            "result_set_size": 576511578,
                                                                            "children": [
                                                                                {
                                                                                    "operator_name": "HASH_JOIN",
                                                                                    "cpu_time": 0.9002586979999999,
                                                                                    "extra_info": {
                                                                                        "Join Type": "RIGHT",
                                                                                        "Conditions": "postid = id",
                                                                                        "Estimated Cardinality": "11795244"
                                                                                    },
                                                                                    "cumulative_cardinality": 7663300,
                                                                                    "operator_type": "HASH_JOIN",
                                                                                    "operator_cardinality": 2395701,
                                                                                    "cumulative_rows_scanned": 16906070,
                                                                                    "operator_rows_scanned": 0,
                                                                                    "operator_timing": 0.29958446400000055,
                                                                                    "result_set_size": 186864678,
                                                                                    "children": [
                                                                                        {
                                                                                            "operator_name": "READ_PARQUET ",
                                                                                            "cpu_time": 0.14464225499999975,
                                                                                            "extra_info": {
                                                                                                "Function": "READ_PARQUET",
                                                                                                "Projections": [
                                                                                                    "posthistorytypeid",
                                                                                                    "postid",
                                                                                                    "creationdate"
                                                                                                ],
                                                                                                "Estimated Cardinality": "11795244"
                                                                                            },
                                                                                            "cumulative_cardinality": 2516180,
                                                                                            "operator_type": "TABLE_SCAN",
                                                                                            "operator_cardinality": 2516180,
                                                                                            "cumulative_rows_scanned": 11795244,
                                                                                            "operator_rows_scanned": 11795244,
                                                                                            "operator_timing": 0.14464225499999975,
                                                                                            "result_set_size": 35226520,
                                                                                            "children": []
                                                                                        },
                                                                                        {
                                                                                            "operator_name": "HASH_JOIN",
                                                                                            "cpu_time": 0.4560319789999996,
                                                                                            "extra_info": {
                                                                                                "Join Type": "INNER",
                                                                                                "Conditions": "id = owneruserid",
                                                                                                "Estimated Cardinality": "770023"
                                                                                            },
                                                                                            "cumulative_cardinality": 2751419,
                                                                                            "operator_type": "HASH_JOIN",
                                                                                            "operator_cardinality": 762892,
                                                                                            "cumulative_rows_scanned": 5110826,
                                                                                            "operator_rows_scanned": 0,
                                                                                            "operator_timing": 0.17007028099999974,
                                                                                            "result_set_size": 51876656,
                                                                                            "children": [
                                                                                                {
                                                                                                    "operator_name": "READ_PARQUET ",
                                                                                                    "cpu_time": 0.09705055199999994,
                                                                                                    "extra_info": {
                                                                                                        "Function": "READ_PARQUET",
                                                                                                        "Projections": [
                                                                                                            "id",
                                                                                                            "reputation",
                                                                                                            "displayname"
                                                                                                        ],
                                                                                                        "Filters": "id<=1416539",
                                                                                                        "Estimated Cardinality": "1260710"
                                                                                                    },
                                                                                                    "cumulative_cardinality": 1191975,
                                                                                                    "operator_type": "TABLE_SCAN",
                                                                                                    "operator_cardinality": 1191975,
                                                                                                    "cumulative_rows_scanned": 1260710,
                                                                                                    "operator_rows_scanned": 1260710,
                                                                                                    "operator_timing": 0.09705055199999994,
                                                                                                    "result_set_size": 28607400,
                                                                                                    "children": []
                                                                                                },
                                                                                                {
                                                                                                    "operator_name": "READ_PARQUET ",
                                                                                                    "cpu_time": 0.18891114599999992,
                                                                                                    "extra_info": {
                                                                                                        "Function": "READ_PARQUET",
                                                                                                        "Projections": [
                                                                                                            "id",
                                                                                                            "creationdate",
                                                                                                            "score",
                                                                                                            "viewcount",
                                                                                                            "owneruserid",
                                                                                                            "title",
                                                                                                            "answercount",
                                                                                                            "commentcount",
                                                                                                            "favoritecount"
                                                                                                        ],
                                                                                                        "Filters": "creationdate>='2020-01-01 00:00:00'::TIMESTAMP AND creationdate<'2023-01-01 00:00:00'::TIMESTAMP",
                                                                                                        "Estimated Cardinality": "770023"
                                                                                                    },
                                                                                                    "cumulative_cardinality": 796552,
                                                                                                    "operator_type": "TABLE_SCAN",
                                                                                                    "operator_cardinality": 796552,
                                                                                                    "cumulative_rows_scanned": 3850116,
                                                                                                    "operator_rows_scanned": 3850116,
                                                                                                    "operator_timing": 0.18891114599999992,
                                                                                                    "result_set_size": 41420704,
                                                                                                    "children": []
                                                                                                }
                                                                                            ]
                                                                                        }
                                                                                    ]
                                                                                },
                                                                                {
                                                                                    "operator_name": "READ_PARQUET ",
                                                                                    "cpu_time": 0.0779607639999998,
                                                                                    "extra_info": {
                                                                                        "Function": "READ_PARQUET",
                                                                                        "Projections": [
                                                                                            "id",
                                                                                            "postid"
                                                                                        ],
                                                                                        "Estimated Cardinality": "7241822"
                                                                                    },
                                                                                    "cumulative_cardinality": 7241822,
                                                                                    "operator_type": "TABLE_SCAN",
                                                                                    "operator_cardinality": 7241822,
                                                                                    "cumulative_rows_scanned": 7241822,
                                                                                    "operator_rows_scanned": 7241822,
                                                                                    "operator_timing": 0.0779607639999998,
                                                                                    "result_set_size": 57934576,
                                                                                    "children": []
                                                                                }
                                                                            ]
                                                                        },
                                                                        {
                                                                            "operator_name": "READ_PARQUET ",
                                                                            "cpu_time": 0.1813075630000003,
                                                                            "extra_info": {
                                                                                "Function": "READ_PARQUET",
                                                                                "Projections": [
                                                                                    "id",
                                                                                    "postid"
                                                                                ],
                                                                                "Estimated Cardinality": "12744093"
                                                                            },
                                                                            "cumulative_cardinality": 12744093,
                                                                            "operator_type": "TABLE_SCAN",
                                                                            "operator_cardinality": 12744093,
                                                                            "cumulative_rows_scanned": 12744093,
                                                                            "operator_rows_scanned": 12744093,
                                                                            "operator_timing": 0.1813075630000003,
                                                                            "result_set_size": 101952744,
                                                                            "children": []
                                                                        }
                                                                    ]
                                                                }
                                                            ]
                                                        }
                                                    ]
                                                }
                                            ]
                                        }
                                    ]
                                }
                            ]
                        }
                    ]
                }
            ]
        }
    ]
}