{
    "rows_returned": 100,
    "query_name": "SELECT \n    u.Id AS UserId,\n    u.DisplayName,\n    u.Reputation,\n    COUNT(p.Id) AS PostCount,\n    SUM(CASE WHEN p.Score IS NOT NULL THEN p.Score ELSE 0 END) AS TotalScore,\n    COUNT(DISTINCT b.Id) AS BadgeCount\nFROM \n    Users u\nLEFT JOIN \n    Posts p ON u.Id = p.OwnerUserId\nLEFT JOIN \n    Badges b ON u.Id = b.UserId\nWHERE \n    u.Reputation > 0\nGROUP BY \n    u.Id, u.DisplayName, u.Reputation\nORDER BY \n    PostCount DESC, TotalScore DESC\nLIMIT 100;",
    "blocked_thread_time": 0.0,
    "cpu_time": 56.807889018998864,
    "extra_info": {},
    "cumulative_cardinality": 1185286349,
    "cumulative_rows_scanned": 7432550,
    "result_set_size": 5600,
    "latency": 61.858932384,
    "children": [
        {
            "operator_name": "STREAMING_LIMIT",
            "cpu_time": 56.807889018998864,
            "extra_info": {},
            "cumulative_cardinality": 1185286349,
            "operator_type": "STREAMING_LIMIT",
            "operator_cardinality": 100,
            "cumulative_rows_scanned": 7432550,
            "operator_rows_scanned": 0,
            "operator_timing": 0.0000015029999999999998,
            "result_set_size": 5600,
            "children": [
                {
                    "operator_name": "ORDER_BY",
                    "cpu_time": 56.807887515998864,
                    "extra_info": {
                        "Order By": [
                            "count(p.Id) DESC",
                            "sum(CASE  WHEN ((p.Score IS NOT NULL)) THEN (p.Score) ELSE 0 END) DESC"
                        ]
                    },
                    "cumulative_cardinality": 1185286249,
                    "operator_type": "ORDER_BY",
                    "operator_cardinality": 4096,
                    "cumulative_rows_scanned": 7432550,
                    "operator_rows_scanned": 0,
                    "operator_timing": 0.06029837400000006,
                    "result_set_size": 229376,
                    "children": [
                        {
                            "operator_name": "HASH_GROUP_BY",
                            "cpu_time": 56.747589141998866,
                            "extra_info": {
                                "Groups": [
                                    "#0",
                                    "#1",
                                    "#2"
                                ],
                                "Aggregates": [
                                    "count(#3)",
                                    "sum(#4)",
                                    "count(DISTINCT #5)"
                                ],
                                "Estimated Cardinality": "1260710"
                            },
                            "cumulative_cardinality": 1185282153,
                            "operator_type": "HASH_GROUP_BY",
                            "operator_cardinality": 1260710,
                            "cumulative_rows_scanned": 7432550,
                            "operator_rows_scanned": 0,
                            "operator_timing": 46.60092371099874,
                            "result_set_size": 70599760,
                            "children": [
                                {
                                    "operator_name": "PROJECTION",
                                    "cpu_time": 10.146665431000121,
                                    "extra_info": {
                                        "Projections": [
                                            "id",
                                            "displayname",
                                            "reputation",
                                            "id",
                                            "CASE  WHEN ((score IS NOT NULL)) THEN (score) ELSE 0 END",
                                            "id"
                                        ],
                                        "Estimated Cardinality": "3850116"
                                    },
                                    "cumulative_cardinality": 1184021443,
                                    "operator_type": "PROJECTION",
                                    "operator_cardinality": 586089549,
                                    "cumulative_rows_scanned": 7432550,
                                    "operator_rows_scanned": 0,
                                    "operator_timing": 1.220643890000159,
                                    "result_set_size": 21099223764,
                                    "children": [
                                        {
                                            "operator_name": "HASH_JOIN",
                                            "cpu_time": 8.926021540999962,
                                            "extra_info": {
                                                "Join Type": "LEFT",
                                                "Conditions": "id = userid",
                                                "Estimated Cardinality": "3850116"
                                            },
                                            "cumulative_cardinality": 597931894,
                                            "operator_type": "HASH_JOIN",
                                            "operator_cardinality": 586089549,
                                            "cumulative_rows_scanned": 7432550,
                                            "operator_rows_scanned": 0,
                                            "operator_timing": 8.336784956999962,
                                            "result_set_size": 21099223764,
                                            "children": [
                                                {
                                                    "operator_name": "HASH_JOIN",
                                                    "cpu_time": 0.5676185060000007,
                                                    "extra_info": {
                                                        "Join Type": "RIGHT",
                                                        "Conditions": "owneruserid = id",
                                                        "Estimated Cardinality": "3850116"
                                                    },
                                                    "cumulative_cardinality": 9520621,
                                                    "operator_type": "HASH_JOIN",
                                                    "operator_cardinality": 4574495,
                                                    "cumulative_rows_scanned": 5110826,
                                                    "operator_rows_scanned": 0,
                                                    "operator_timing": 0.34078301700000074,
                                                    "result_set_size": 146383840,
                                                    "children": [
                                                        {
                                                            "operator_name": "READ_PARQUET ",
                                                            "cpu_time": 0.14434126799999997,
                                                            "extra_info": {
                                                                "Function": "READ_PARQUET",
                                                                "Projections": [
                                                                    "id",
                                                                    "score",
                                                                    "owneruserid"
                                                                ],
                                                                "Estimated Cardinality": "3850116"
                                                            },
                                                            "cumulative_cardinality": 3685416,
                                                            "operator_type": "TABLE_SCAN",
                                                            "operator_cardinality": 3685416,
                                                            "cumulative_rows_scanned": 3850116,
                                                            "operator_rows_scanned": 3850116,
                                                            "operator_timing": 0.14434126799999997,
                                                            "result_set_size": 44224992,
                                                            "children": []
                                                        },
                                                        {
                                                            "operator_name": "READ_PARQUET ",
                                                            "cpu_time": 0.08249422100000006,
                                                            "extra_info": {
                                                                "Function": "READ_PARQUET",
                                                                "Projections": [
                                                                    "id",
                                                                    "reputation",
                                                                    "displayname"
                                                                ],
                                                                "Estimated Cardinality": "252142"
                                                            },
                                                            "cumulative_cardinality": 1260710,
                                                            "operator_type": "TABLE_SCAN",
                                                            "operator_cardinality": 1260710,
                                                            "cumulative_rows_scanned": 1260710,
                                                            "operator_rows_scanned": 1260710,
                                                            "operator_timing": 0.08249422100000006,
                                                            "result_set_size": 30257040,
                                                            "children": []
                                                        }
                                                    ]
                                                },
                                                {
                                                    "operator_name": "READ_PARQUET ",
                                                    "cpu_time": 0.021618077999999968,
                                                    "extra_info": {
                                                        "Function": "READ_PARQUET",
                                                        "Projections": [
                                                            "id",
                                                            "userid"
                                                        ],
                                                        "Estimated Cardinality": "2321724"
                                                    },
                                                    "cumulative_cardinality": 2321724,
                                                    "operator_type": "TABLE_SCAN",
                                                    "operator_cardinality": 2321724,
                                                    "cumulative_rows_scanned": 2321724,
                                                    "operator_rows_scanned": 2321724,
                                                    "operator_timing": 0.021618077999999968,
                                                    "result_set_size": 18573792,
                                                    "children": []
                                                }
                                            ]
                                        }
                                    ]
                                }
                            ]
                        }
                    ]
                }
            ]
        }
    ]
}