{
    "rows_returned": 1260710,
    "query_name": "\nSELECT \n    u.Id AS UserId,\n    u.DisplayName,\n    u.Reputation,\n    u.CreationDate,\n    COUNT(DISTINCT p.Id) AS TotalPosts,\n    COUNT(DISTINCT c.Id) AS TotalComments,\n    SUM(CASE WHEN p.PostTypeId = 1 THEN 1 ELSE 0 END) AS TotalQuestions,\n    SUM(CASE WHEN p.PostTypeId = 2 THEN 1 ELSE 0 END) AS TotalAnswers,\n    SUM(COALESCE(v.BountyAmount, 0)) AS TotalBounties,\n    SUM(CASE WHEN v.CreationDate IS NOT NULL THEN 1 ELSE 0 END) AS TotalVotes,\n    AVG(COALESCE(p.Score, 0)) AS AveragePostScore,\n    AVG(COALESCE(c.Score, 0)) AS AverageCommentScore\nFROM \n    Users u\nLEFT JOIN \n    Posts p ON u.Id = p.OwnerUserId\nLEFT JOIN \n    Comments c ON p.Id = c.PostId\nLEFT JOIN \n    Votes v ON p.Id = v.PostId\nGROUP BY \n    u.Id, u.DisplayName, u.Reputation, u.CreationDate;\n",
    "blocked_thread_time": 0.0,
    "cpu_time": 10.501838498000005,
    "extra_info": {},
    "cumulative_cardinality": 166978978,
    "cumulative_rows_scanned": 25096741,
    "result_set_size": 161370880,
    "latency": 16.595220461,
    "children": [
        {
            "operator_name": "HASH_GROUP_BY",
            "cpu_time": 10.501838498000005,
            "extra_info": {
                "Groups": [
                    "#0",
                    "#1",
                    "#2",
                    "#3"
                ],
                "Aggregates": [
                    "count(DISTINCT #4)",
                    "count(DISTINCT #5)",
                    "sum(#6)",
                    "sum(#7)",
                    "sum(#8)",
                    "sum(#9)",
                    "avg(#10)",
                    "avg(#11)"
                ],
                "Estimated Cardinality": "1260710"
            },
            "cumulative_cardinality": 166978978,
            "operator_type": "HASH_GROUP_BY",
            "operator_cardinality": 1260710,
            "cumulative_rows_scanned": 25096741,
            "operator_rows_scanned": 0,
            "operator_timing": 6.376271619000004,
            "result_set_size": 161370880,
            "children": [
                {
                    "operator_name": "PROJECTION",
                    "cpu_time": 4.125566879000002,
                    "extra_info": {
                        "Projections": [
                            "id",
                            "displayname",
                            "reputation",
                            "creationdate",
                            "id",
                            "id",
                            "CASE  WHEN ((posttypeid = 1)) THEN (1) ELSE 0 END",
                            "CASE  WHEN ((posttypeid = 2)) THEN (1) ELSE 0 END",
                            "COALESCE(bountyamount, 0)",
                            "CASE  WHEN ((creationdate IS NOT NULL)) THEN (1) ELSE 0 END",
                            "COALESCE(score, 0)",
                            "COALESCE(score, 0)"
                        ],
                        "Estimated Cardinality": "12744093"
                    },
                    "cumulative_cardinality": 165718268,
                    "operator_type": "PROJECTION",
                    "operator_cardinality": 34453569,
                    "cumulative_rows_scanned": 25096741,
                    "operator_rows_scanned": 0,
                    "operator_timing": 0.6591135800000021,
                    "result_set_size": 2205028416,
                    "children": [
                        {
                            "operator_name": "PROJECTION",
                            "cpu_time": 3.466453299,
                            "extra_info": {
                                "Projections": [
                                    "#0",
                                    "#1",
                                    "#2",
                                    "__internal_decompress_integral_integer(#3, 0)",
                                    "#4",
                                    "__internal_decompress_integral_smallint(#5, 1)",
                                    "__internal_decompress_integral_integer(#6, -72)",
                                    "#7",
                                    "#8",
                                    "#9",
                                    "#10"
                                ],
                                "Estimated Cardinality": "12744093"
                            },
                            "cumulative_cardinality": 131264699,
                            "operator_type": "PROJECTION",
                            "operator_cardinality": 34453569,
                            "cumulative_rows_scanned": 25096741,
                            "operator_rows_scanned": 0,
                            "operator_timing": 0.052832441000000126,
                            "result_set_size": 2136121278,
                            "children": [
                                {
                                    "operator_name": "HASH_JOIN",
                                    "cpu_time": 3.413620858,
                                    "extra_info": {
                                        "Join Type": "RIGHT",
                                        "Conditions": "postid = id",
                                        "Estimated Cardinality": "12744093"
                                    },
                                    "cumulative_cardinality": 96811130,
                                    "operator_type": "HASH_JOIN",
                                    "operator_cardinality": 34453569,
                                    "cumulative_rows_scanned": 25096741,
                                    "operator_rows_scanned": 0,
                                    "operator_timing": 1.8818530549999999,
                                    "result_set_size": 1963853433,
                                    "children": [
                                        {
                                            "operator_name": "READ_PARQUET ",
                                            "cpu_time": 0.25666571899999996,
                                            "extra_info": {
                                                "Function": "READ_PARQUET",
                                                "Projections": [
                                                    "postid",
                                                    "creationdate",
                                                    "bountyamount"
                                                ],
                                                "Estimated Cardinality": "12744093"
                                            },
                                            "cumulative_cardinality": 12744093,
                                            "operator_type": "TABLE_SCAN",
                                            "operator_cardinality": 12744093,
                                            "cumulative_rows_scanned": 12744093,
                                            "operator_rows_scanned": 12744093,
                                            "operator_timing": 0.25666571899999996,
                                            "result_set_size": 203905488,
                                            "children": []
                                        },
                                        {
                                            "operator_name": "PROJECTION",
                                            "cpu_time": 1.275102084,
                                            "extra_info": {
                                                "Projections": [
                                                    "#0",
                                                    "__internal_compress_integral_usmallint(#1, 0)",
                                                    "#2",
                                                    "__internal_compress_integral_utinyint(#3, 1)",
                                                    "__internal_compress_integral_usmallint(#4, -72)",
                                                    "#5",
                                                    "#6",
                                                    "#7",
                                                    "#8"
                                                ],
                                                "Estimated Cardinality": "7241822"
                                            },
                                            "cumulative_cardinality": 49613468,
                                            "operator_type": "PROJECTION",
                                            "operator_cardinality": 9425510,
                                            "cumulative_rows_scanned": 12352648,
                                            "operator_rows_scanned": 0,
                                            "operator_timing": 0.007634007000000005,
                                            "result_set_size": 424147950,
                                            "children": [
                                                {
                                                    "operator_name": "PROJECTION",
                                                    "cpu_time": 1.267468077,
                                                    "extra_info": {
                                                        "Projections": [
                                                            "#0",
                                                            "#1",
                                                            "#2",
                                                            "__internal_decompress_integral_smallint(#3, 1)",
                                                            "__internal_decompress_integral_integer(#4, -72)",
                                                            "#5",
                                                            "#6",
                                                            "#7",
                                                            "#8"
                                                        ],
                                                        "Estimated Cardinality": "7241822"
                                                    },
                                                    "cumulative_cardinality": 40187958,
                                                    "operator_type": "PROJECTION",
                                                    "operator_cardinality": 9425510,
                                                    "cumulative_rows_scanned": 12352648,
                                                    "operator_rows_scanned": 0,
                                                    "operator_timing": 0.006609678999999989,
                                                    "result_set_size": 471275500,
                                                    "children": [
                                                        {
                                                            "operator_name": "HASH_JOIN",
                                                            "cpu_time": 1.2608583979999999,
                                                            "extra_info": {
                                                                "Join Type": "RIGHT",
                                                                "Conditions": "postid = id",
                                                                "Estimated Cardinality": "7241822"
                                                            },
                                                            "cumulative_cardinality": 30762448,
                                                            "operator_type": "HASH_JOIN",
                                                            "operator_cardinality": 9425510,
                                                            "cumulative_rows_scanned": 12352648,
                                                            "operator_rows_scanned": 0,
                                                            "operator_timing": 0.6539969839999996,
                                                            "result_set_size": 442998970,
                                                            "children": [
                                                                {
                                                                    "operator_name": "READ_PARQUET ",
                                                                    "cpu_time": 0.15183400800000016,
                                                                    "extra_info": {
                                                                        "Function": "READ_PARQUET",
                                                                        "Projections": [
                                                                            "id",
                                                                            "postid",
                                                                            "score"
                                                                        ],
                                                                        "Estimated Cardinality": "7241822"
                                                                    },
                                                                    "cumulative_cardinality": 7241822,
                                                                    "operator_type": "TABLE_SCAN",
                                                                    "operator_cardinality": 7241822,
                                                                    "cumulative_rows_scanned": 7241822,
                                                                    "operator_rows_scanned": 7241822,
                                                                    "operator_timing": 0.15183400800000016,
                                                                    "result_set_size": 86901864,
                                                                    "children": []
                                                                },
                                                                {
                                                                    "operator_name": "PROJECTION",
                                                                    "cpu_time": 0.455027406,
                                                                    "extra_info": {
                                                                        "Projections": [
                                                                            "#0",
                                                                            "__internal_compress_integral_utinyint(#1, 1)",
                                                                            "__internal_compress_integral_usmallint(#2, -72)",
                                                                            "#3",
                                                                            "#4",
                                                                            "#5",
                                                                            "#6"
                                                                        ],
                                                                        "Estimated Cardinality": "3850116"
                                                                    },
                                                                    "cumulative_cardinality": 14095116,
                                                                    "operator_type": "PROJECTION",
                                                                    "operator_cardinality": 4574495,
                                                                    "cumulative_rows_scanned": 5110826,
                                                                    "operator_rows_scanned": 0,
                                                                    "operator_timing": 0.0035524700000000072,
                                                                    "result_set_size": 178405305,
                                                                    "children": [
                                                                        {
                                                                            "operator_name": "HASH_JOIN",
                                                                            "cpu_time": 0.451474936,
                                                                            "extra_info": {
                                                                                "Join Type": "RIGHT",
                                                                                "Conditions": "owneruserid = id",
                                                                                "Estimated Cardinality": "3850116"
                                                                            },
                                                                            "cumulative_cardinality": 9520621,
                                                                            "operator_type": "HASH_JOIN",
                                                                            "operator_cardinality": 4574495,
                                                                            "cumulative_rows_scanned": 5110826,
                                                                            "operator_rows_scanned": 0,
                                                                            "operator_timing": 0.2417645860000001,
                                                                            "result_set_size": 192128790,
                                                                            "children": [
                                                                                {
                                                                                    "operator_name": "READ_PARQUET ",
                                                                                    "cpu_time": 0.11181716799999993,
                                                                                    "extra_info": {
                                                                                        "Function": "READ_PARQUET",
                                                                                        "Projections": [
                                                                                            "id",
                                                                                            "posttypeid",
                                                                                            "score",
                                                                                            "owneruserid"
                                                                                        ],
                                                                                        "Estimated Cardinality": "3850116"
                                                                                    },
                                                                                    "cumulative_cardinality": 3685416,
                                                                                    "operator_type": "TABLE_SCAN",
                                                                                    "operator_cardinality": 3685416,
                                                                                    "cumulative_rows_scanned": 3850116,
                                                                                    "operator_rows_scanned": 3850116,
                                                                                    "operator_timing": 0.11181716799999993,
                                                                                    "result_set_size": 51595824,
                                                                                    "children": []
                                                                                },
                                                                                {
                                                                                    "operator_name": "READ_PARQUET ",
                                                                                    "cpu_time": 0.097893182,
                                                                                    "extra_info": {
                                                                                        "Function": "READ_PARQUET",
                                                                                        "Projections": [
                                                                                            "id",
                                                                                            "reputation",
                                                                                            "creationdate",
                                                                                            "displayname"
                                                                                        ],
                                                                                        "Estimated Cardinality": "1260710"
                                                                                    },
                                                                                    "cumulative_cardinality": 1260710,
                                                                                    "operator_type": "TABLE_SCAN",
                                                                                    "operator_cardinality": 1260710,
                                                                                    "cumulative_rows_scanned": 1260710,
                                                                                    "operator_rows_scanned": 1260710,
                                                                                    "operator_timing": 0.097893182,
                                                                                    "result_set_size": 40342720,
                                                                                    "children": []
                                                                                }
                                                                            ]
                                                                        }
                                                                    ]
                                                                }
                                                            ]
                                                        }
                                                    ]
                                                }
                                            ]
                                        }
                                    ]
                                }
                            ]
                        }
                    ]
                }
            ]
        }
    ]
}