{
    "rows_returned": 7,
    "query_name": "\nWITH PostStats AS (\n    SELECT \n        p.PostTypeId,\n        COUNT(*) AS TotalPosts,\n        SUM(CASE WHEN p.Score > 0 THEN 1 ELSE 0 END) AS PositiveScorePosts,\n        AVG(v.BountyAmount) AS AverageBountyAmount,\n        COUNT(c.Id) AS TotalComments\n    FROM \n        Posts p\n    LEFT JOIN \n        Votes v ON p.Id = v.PostId AND v.VoteTypeId IN (8, 9) \n    LEFT JOIN \n        Comments c ON p.Id = c.PostId\n    GROUP BY \n        p.PostTypeId\n),\nUserStats AS (\n    SELECT \n        u.Id AS UserId,\n        COUNT(b.Id) AS TotalBadges,\n        AVG(u.Reputation) AS AverageReputation\n    FROM \n        Users u\n    LEFT JOIN \n        Badges b ON u.Id = b.UserId\n    GROUP BY \n        u.Id\n)\nSELECT \n    ps.PostTypeId,\n    ps.TotalPosts,\n    ps.PositiveScorePosts,\n    ps.AverageBountyAmount,\n    ps.TotalComments,\n    COUNT(DISTINCT us.UserId) AS ActiveUsers,\n    AVG(us.AverageReputation) AS AverageUserReputation\nFROM \n    PostStats ps\nLEFT JOIN \n    UserStats us ON ps.TotalPosts > 0\nGROUP BY \n    ps.PostTypeId, ps.TotalPosts, ps.PositiveScorePosts, ps.AverageBountyAmount, ps.TotalComments\nORDER BY \n    ps.PostTypeId;\n",
    "blocked_thread_time": 0.0,
    "cpu_time": 2.9839277899999965,
    "extra_info": {},
    "cumulative_cardinality": 96262966,
    "cumulative_rows_scanned": 27418465,
    "result_set_size": 406,
    "latency": 3.739549144,
    "children": [
        {
            "operator_name": "PROJECTION",
            "cpu_time": 2.9839277899999965,
            "extra_info": {
                "Projections": [
                    "__internal_decompress_integral_smallint(#0, 1)",
                    "#1",
                    "#2",
                    "#3",
                    "#4",
                    "#5",
                    "#6"
                ],
                "Estimated Cardinality": "1925058"
            },
            "cumulative_cardinality": 96262966,
            "operator_type": "PROJECTION",
            "operator_cardinality": 7,
            "cumulative_rows_scanned": 27418465,
            "operator_rows_scanned": 0,
            "operator_timing": 0.000001162,
            "result_set_size": 406,
            "children": [
                {
                    "operator_name": "ORDER_BY",
                    "cpu_time": 2.9839266279999963,
                    "extra_info": {
                        "Order By": "ps.PostTypeId ASC"
                    },
                    "cumulative_cardinality": 96262959,
                    "operator_type": "ORDER_BY",
                    "operator_cardinality": 7,
                    "cumulative_rows_scanned": 27418465,
                    "operator_rows_scanned": 0,
                    "operator_timing": 0.000104686,
                    "result_set_size": 399,
                    "children": [
                        {
                            "operator_name": "PROJECTION",
                            "cpu_time": 2.9838219419999965,
                            "extra_info": {
                                "Projections": [
                                    "__internal_compress_integral_utinyint(#0, 1)",
                                    "#1",
                                    "#2",
                                    "#3",
                                    "#4",
                                    "#5",
                                    "#6"
                                ],
                                "Estimated Cardinality": "1925058"
                            },
                            "cumulative_cardinality": 96262952,
                            "operator_type": "PROJECTION",
                            "operator_cardinality": 7,
                            "cumulative_rows_scanned": 27418465,
                            "operator_rows_scanned": 0,
                            "operator_timing": 0.000001152,
                            "result_set_size": 399,
                            "children": [
                                {
                                    "operator_name": "PROJECTION",
                                    "cpu_time": 2.9838207899999967,
                                    "extra_info": {
                                        "Projections": [
                                            "__internal_decompress_integral_smallint(#0, 1)",
                                            "#1",
                                            "#2",
                                            "#3",
                                            "#4",
                                            "#5",
                                            "#6"
                                        ],
                                        "Estimated Cardinality": "1925058"
                                    },
                                    "cumulative_cardinality": 96262945,
                                    "operator_type": "PROJECTION",
                                    "operator_cardinality": 7,
                                    "cumulative_rows_scanned": 27418465,
                                    "operator_rows_scanned": 0,
                                    "operator_timing": 0.000004388,
                                    "result_set_size": 406,
                                    "children": [
                                        {
                                            "operator_name": "HASH_GROUP_BY",
                                            "cpu_time": 2.983816401999997,
                                            "extra_info": {
                                                "Groups": [
                                                    "#0",
                                                    "#1",
                                                    "#2",
                                                    "#3",
                                                    "#4"
                                                ],
                                                "Aggregates": [
                                                    "count(DISTINCT #5)",
                                                    "avg(#6)"
                                                ],
                                                "Estimated Cardinality": "1925058"
                                            },
                                            "cumulative_cardinality": 96262938,
                                            "operator_type": "HASH_GROUP_BY",
                                            "operator_cardinality": 7,
                                            "cumulative_rows_scanned": 27418465,
                                            "operator_rows_scanned": 0,
                                            "operator_timing": 1.3613482490000002,
                                            "result_set_size": 399,
                                            "children": [
                                                {
                                                    "operator_name": "PROJECTION",
                                                    "cpu_time": 1.622468152999997,
                                                    "extra_info": {
                                                        "Projections": [
                                                            "posttypeid",
                                                            "TotalPosts",
                                                            "PositiveScorePosts",
                                                            "AverageBountyAmount",
                                                            "TotalComments",
                                                            "UserId",
                                                            "AverageReputation"
                                                        ],
                                                        "Estimated Cardinality": "3850116"
                                                    },
                                                    "cumulative_cardinality": 96262931,
                                                    "operator_type": "PROJECTION",
                                                    "operator_cardinality": 8824970,
                                                    "cumulative_rows_scanned": 27418465,
                                                    "operator_rows_scanned": 0,
                                                    "operator_timing": 0.0019348989999999854,
                                                    "result_set_size": 467723410,
                                                    "children": [
                                                        {
                                                            "operator_name": "PROJECTION",
                                                            "cpu_time": 1.620533253999997,
                                                            "extra_info": {
                                                                "Projections": [
                                                                    "__internal_compress_integral_utinyint(#0, 1)",
                                                                    "#1",
                                                                    "#2",
                                                                    "#3",
                                                                    "#4",
                                                                    "#5",
                                                                    "#6"
                                                                ],
                                                                "Estimated Cardinality": "3850116"
                                                            },
                                                            "cumulative_cardinality": 87437961,
                                                            "operator_type": "PROJECTION",
                                                            "operator_cardinality": 8824970,
                                                            "cumulative_rows_scanned": 27418465,
                                                            "operator_rows_scanned": 0,
                                                            "operator_timing": 0.0036218929999999937,
                                                            "result_set_size": 467723410,
                                                            "children": [
                                                                {
                                                                    "operator_name": "BLOCKWISE_NL_JOIN",
                                                                    "cpu_time": 1.616911360999997,
                                                                    "extra_info": {
                                                                        "Join Type": "LEFT",
                                                                        "Condition": "(TotalPosts > 0)"
                                                                    },
                                                                    "cumulative_cardinality": 78612991,
                                                                    "operator_type": "BLOCKWISE_NL_JOIN",
                                                                    "operator_cardinality": 8824970,
                                                                    "cumulative_rows_scanned": 27418465,
                                                                    "operator_rows_scanned": 0,
                                                                    "operator_timing": 0.020231417999999952,
                                                                    "result_set_size": 476548380,
                                                                    "children": [
                                                                        {
                                                                            "operator_name": "PROJECTION",
                                                                            "cpu_time": 1.178295974999997,
                                                                            "extra_info": {
                                                                                "Projections": [
                                                                                    "__internal_decompress_integral_smallint(#0, 1)",
                                                                                    "#1",
                                                                                    "#2",
                                                                                    "#3",
                                                                                    "#4"
                                                                                ],
                                                                                "Estimated Cardinality": "3850116"
                                                                            },
                                                                            "cumulative_cardinality": 58878051,
                                                                            "operator_type": "PROJECTION",
                                                                            "operator_cardinality": 7,
                                                                            "cumulative_rows_scanned": 23836031,
                                                                            "operator_rows_scanned": 0,
                                                                            "operator_timing": 0.000001343,
                                                                            "result_set_size": 294,
                                                                            "children": [
                                                                                {
                                                                                    "operator_name": "PERFECT_HASH_GROUP_BY",
                                                                                    "cpu_time": 1.178294631999997,
                                                                                    "extra_info": {
                                                                                        "Groups": "#0",
                                                                                        "Aggregates": [
                                                                                            "count_star()",
                                                                                            "sum(#1)",
                                                                                            "avg(#2)",
                                                                                            "count(#3)"
                                                                                        ]
                                                                                    },
                                                                                    "cumulative_cardinality": 58878044,
                                                                                    "operator_type": "PERFECT_HASH_GROUP_BY",
                                                                                    "operator_cardinality": 7,
                                                                                    "cumulative_rows_scanned": 23836031,
                                                                                    "operator_rows_scanned": 0,
                                                                                    "operator_timing": 0.07778042400000007,
                                                                                    "result_set_size": 287,
                                                                                    "children": [
                                                                                        {
                                                                                            "operator_name": "PROJECTION",
                                                                                            "cpu_time": 1.100514207999997,
                                                                                            "extra_info": {
                                                                                                "Projections": [
                                                                                                    "posttypeid",
                                                                                                    "CASE  WHEN ((score > 0)) THEN (1) ELSE 0 END",
                                                                                                    "bountyamount",
                                                                                                    "id"
                                                                                                ],
                                                                                                "Estimated Cardinality": "7241822"
                                                                                            },
                                                                                            "cumulative_cardinality": 58878037,
                                                                                            "operator_type": "PROJECTION",
                                                                                            "operator_cardinality": 9005794,
                                                                                            "cumulative_rows_scanned": 23836031,
                                                                                            "operator_rows_scanned": 0,
                                                                                            "operator_timing": 0.0180515469999998,
                                                                                            "result_set_size": 117075322,
                                                                                            "children": [
                                                                                                {
                                                                                                    "operator_name": "PROJECTION",
                                                                                                    "cpu_time": 1.0824626609999972,
                                                                                                    "extra_info": {
                                                                                                        "Projections": [
                                                                                                            "#0",
                                                                                                            "__internal_compress_integral_utinyint(#1, 1)",
                                                                                                            "#2",
                                                                                                            "#3"
                                                                                                        ],
                                                                                                        "Estimated Cardinality": "7241822"
                                                                                                    },
                                                                                                    "cumulative_cardinality": 49872243,
                                                                                                    "operator_type": "PROJECTION",
                                                                                                    "operator_cardinality": 9005794,
                                                                                                    "cumulative_rows_scanned": 23836031,
                                                                                                    "operator_rows_scanned": 0,
                                                                                                    "operator_timing": 0.0027493330000000118,
                                                                                                    "result_set_size": 117075322,
                                                                                                    "children": [
                                                                                                        {
                                                                                                            "operator_name": "PROJECTION",
                                                                                                            "cpu_time": 1.0797133279999973,
                                                                                                            "extra_info": {
                                                                                                                "Projections": [
                                                                                                                    "#0",
                                                                                                                    "__internal_decompress_integral_smallint(#1, 1)",
                                                                                                                    "__internal_decompress_integral_integer(#2, -72)",
                                                                                                                    "__internal_decompress_integral_integer(#3, 0)"
                                                                                                                ],
                                                                                                                "Estimated Cardinality": "7241822"
                                                                                                            },
                                                                                                            "cumulative_cardinality": 40866449,
                                                                                                            "operator_type": "PROJECTION",
                                                                                                            "operator_cardinality": 9005794,
                                                                                                            "cumulative_rows_scanned": 23836031,
                                                                                                            "operator_rows_scanned": 0,
                                                                                                            "operator_timing": 0.008821657000000007,
                                                                                                            "result_set_size": 126081116,
                                                                                                            "children": [
                                                                                                                {
                                                                                                                    "operator_name": "HASH_JOIN",
                                                                                                                    "cpu_time": 1.0708916709999974,
                                                                                                                    "extra_info": {
                                                                                                                        "Join Type": "RIGHT",
                                                                                                                        "Conditions": "postid = id",
                                                                                                                        "Estimated Cardinality": "7241822"
                                                                                                                    },
                                                                                                                    "cumulative_cardinality": 31860655,
                                                                                                                    "operator_type": "HASH_JOIN",
                                                                                                                    "operator_cardinality": 9005794,
                                                                                                                    "cumulative_rows_scanned": 23836031,
                                                                                                                    "operator_rows_scanned": 0,
                                                                                                                    "operator_timing": 0.5690441659999975,
                                                                                                                    "result_set_size": 81052146,
                                                                                                                    "children": [
                                                                                                                        {
                                                                                                                            "operator_name": "READ_PARQUET ",
                                                                                                                            "cpu_time": 0.12860897200000018,
                                                                                                                            "extra_info": {
                                                                                                                                "Function": "READ_PARQUET",
                                                                                                                                "Projections": [
                                                                                                                                    "id",
                                                                                                                                    "postid"
                                                                                                                                ],
                                                                                                                                "Estimated Cardinality": "7241822"
                                                                                                                            },
                                                                                                                            "cumulative_cardinality": 7241822,
                                                                                                                            "operator_type": "TABLE_SCAN",
                                                                                                                            "operator_cardinality": 7241822,
                                                                                                                            "cumulative_rows_scanned": 7241822,
                                                                                                                            "operator_rows_scanned": 7241822,
                                                                                                                            "operator_timing": 0.12860897200000018,
                                                                                                                            "result_set_size": 57934576,
                                                                                                                            "children": []
                                                                                                                        },
                                                                                                                        {
                                                                                                                            "operator_name": "PROJECTION",
                                                                                                                            "cpu_time": 0.3732385329999996,
                                                                                                                            "extra_info": {
                                                                                                                                "Projections": [
                                                                                                                                    "#0",
                                                                                                                                    "__internal_compress_integral_utinyint(#1, 1)",
                                                                                                                                    "__internal_compress_integral_usmallint(#2, -72)",
                                                                                                                                    "__internal_compress_integral_usmallint(#3, 0)"
                                                                                                                                ],
                                                                                                                                "Estimated Cardinality": "3850116"
                                                                                                                            },
                                                                                                                            "cumulative_cardinality": 15613039,
                                                                                                                            "operator_type": "PROJECTION",
                                                                                                                            "operator_cardinality": 3867609,
                                                                                                                            "cumulative_rows_scanned": 16594209,
                                                                                                                            "operator_rows_scanned": 0,
                                                                                                                            "operator_timing": 0.004177167000000003,
                                                                                                                            "result_set_size": 34808481,
                                                                                                                            "children": [
                                                                                                                                {
                                                                                                                                    "operator_name": "PROJECTION",
                                                                                                                                    "cpu_time": 0.3690613659999996,
                                                                                                                                    "extra_info": {
                                                                                                                                        "Projections": [
                                                                                                                                            "#0",
                                                                                                                                            "#1",
                                                                                                                                            "#2",
                                                                                                                                            "__internal_decompress_integral_integer(#3, 0)"
                                                                                                                                        ],
                                                                                                                                        "Estimated Cardinality": "3850116"
                                                                                                                                    },
                                                                                                                                    "cumulative_cardinality": 11745430,
                                                                                                                                    "operator_type": "PROJECTION",
                                                                                                                                    "operator_cardinality": 3867609,
                                                                                                                                    "cumulative_rows_scanned": 16594209,
                                                                                                                                    "operator_rows_scanned": 0,
                                                                                                                                    "operator_timing": 0.0038029850000000074,
                                                                                                                                    "result_set_size": 54146526,
                                                                                                                                    "children": [
                                                                                                                                        {
                                                                                                                                            "operator_name": "HASH_JOIN",
                                                                                                                                            "cpu_time": 0.36525838099999963,
                                                                                                                                            "extra_info": {
                                                                                                                                                "Join Type": "LEFT",
                                                                                                                                                "Conditions": "id = postid",
                                                                                                                                                "Estimated Cardinality": "3850116"
                                                                                                                                            },
                                                                                                                                            "cumulative_cardinality": 7877821,
                                                                                                                                            "operator_type": "HASH_JOIN",
                                                                                                                                            "operator_cardinality": 3867609,
                                                                                                                                            "cumulative_rows_scanned": 16594209,
                                                                                                                                            "operator_rows_scanned": 0,
                                                                                                                                            "operator_timing": 0.09525391700000028,
                                                                                                                                            "result_set_size": 46411308,
                                                                                                                                            "children": [
                                                                                                                                                {
                                                                                                                                                    "operator_name": "READ_PARQUET ",
                                                                                                                                                    "cpu_time": 0.05113191399999992,
                                                                                                                                                    "extra_info": {
                                                                                                                                                        "Function": "READ_PARQUET",
                                                                                                                                                        "Projections": [
                                                                                                                                                            "id",
                                                                                                                                                            "posttypeid",
                                                                                                                                                            "score"
                                                                                                                                                        ],
                                                                                                                                                        "Estimated Cardinality": "3850116"
                                                                                                                                                    },
                                                                                                                                                    "cumulative_cardinality": 3850116,
                                                                                                                                                    "operator_type": "TABLE_SCAN",
                                                                                                                                                    "operator_cardinality": 3850116,
                                                                                                                                                    "cumulative_rows_scanned": 3850116,
                                                                                                                                                    "operator_rows_scanned": 3850116,
                                                                                                                                                    "operator_timing": 0.05113191399999992,
                                                                                                                                                    "result_set_size": 38501160,
                                                                                                                                                    "children": []
                                                                                                                                                },
                                                                                                                                                {
                                                                                                                                                    "operator_name": "PROJECTION",
                                                                                                                                                    "cpu_time": 0.21887254999999942,
                                                                                                                                                    "extra_info": {
                                                                                                                                                        "Projections": [
                                                                                                                                                            "#0",
                                                                                                                                                            "__internal_compress_integral_usmallint(#1, 0)"
                                                                                                                                                        ],
                                                                                                                                                        "Estimated Cardinality": "2548818"
                                                                                                                                                    },
                                                                                                                                                    "cumulative_cardinality": 160096,
                                                                                                                                                    "operator_type": "PROJECTION",
                                                                                                                                                    "operator_cardinality": 80048,
                                                                                                                                                    "cumulative_rows_scanned": 12744093,
                                                                                                                                                    "operator_rows_scanned": 0,
                                                                                                                                                    "operator_timing": 0.003267569999999991,
                                                                                                                                                    "result_set_size": 480288,
                                                                                                                                                    "children": [
                                                                                                                                                        {
                                                                                                                                                            "operator_name": "READ_PARQUET ",
                                                                                                                                                            "cpu_time": 0.21560497999999942,
                                                                                                                                                            "extra_info": {
                                                                                                                                                                "Function": "READ_PARQUET",
                                                                                                                                                                "Projections": [
                                                                                                                                                                    "postid",
                                                                                                                                                                    "bountyamount"
                                                                                                                                                                ],
                                                                                                                                                                "Filters": "votetypeid>=8 AND votetypeid<=9",
                                                                                                                                                                "Estimated Cardinality": "2548818"
                                                                                                                                                            },
                                                                                                                                                            "cumulative_cardinality": 80048,
                                                                                                                                                            "operator_type": "TABLE_SCAN",
                                                                                                                                                            "operator_cardinality": 80048,
                                                                                                                                                            "cumulative_rows_scanned": 12744093,
                                                                                                                                                            "operator_rows_scanned": 12744093,
                                                                                                                                                            "operator_timing": 0.21560497999999942,
                                                                                                                                                            "result_set_size": 640384,
                                                                                                                                                            "children": []
                                                                                                                                                        }
                                                                                                                                                    ]
                                                                                                                                                }
                                                                                                                                            ]
                                                                                                                                        }
                                                                                                                                    ]
                                                                                                                                }
                                                                                                                            ]
                                                                                                                        }
                                                                                                                    ]
                                                                                                                }
                                                                                                            ]
                                                                                                        }
                                                                                                    ]
                                                                                                }
                                                                                            ]
                                                                                        }
                                                                                    ]
                                                                                }
                                                                            ]
                                                                        },
                                                                        {
                                                                            "operator_name": "HASH_GROUP_BY",
                                                                            "cpu_time": 0.4183839679999999,
                                                                            "extra_info": {
                                                                                "Groups": "#0",
                                                                                "Aggregates": "avg(#1)",
                                                                                "Estimated Cardinality": "1260710"
                                                                            },
                                                                            "cumulative_cardinality": 10909970,
                                                                            "operator_type": "HASH_GROUP_BY",
                                                                            "operator_cardinality": 1260710,
                                                                            "cumulative_rows_scanned": 3582434,
                                                                            "operator_rows_scanned": 0,
                                                                            "operator_timing": 0.20805864199999996,
                                                                            "result_set_size": 15128520,
                                                                            "children": [
                                                                                {
                                                                                    "operator_name": "PROJECTION",
                                                                                    "cpu_time": 0.2103253259999999,
                                                                                    "extra_info": {
                                                                                        "Projections": [
                                                                                            "id",
                                                                                            "reputation"
                                                                                        ],
                                                                                        "Estimated Cardinality": "2321724"
                                                                                    },
                                                                                    "cumulative_cardinality": 9649260,
                                                                                    "operator_type": "PROJECTION",
                                                                                    "operator_cardinality": 3033413,
                                                                                    "cumulative_rows_scanned": 3582434,
                                                                                    "operator_rows_scanned": 0,
                                                                                    "operator_timing": 0.0003726789999999998,
                                                                                    "result_set_size": 24267304,
                                                                                    "children": [
                                                                                        {
                                                                                            "operator_name": "HASH_JOIN",
                                                                                            "cpu_time": 0.2099526469999999,
                                                                                            "extra_info": {
                                                                                                "Join Type": "RIGHT",
                                                                                                "Conditions": "userid = id",
                                                                                                "Estimated Cardinality": "2321724"
                                                                                            },
                                                                                            "cumulative_cardinality": 6615847,
                                                                                            "operator_type": "HASH_JOIN",
                                                                                            "operator_cardinality": 3033413,
                                                                                            "cumulative_rows_scanned": 3582434,
                                                                                            "operator_rows_scanned": 0,
                                                                                            "operator_timing": 0.16491892699999985,
                                                                                            "result_set_size": 36400956,
                                                                                            "children": [
                                                                                                {
                                                                                                    "operator_name": "READ_PARQUET ",
                                                                                                    "cpu_time": 0.031527956000000044,
                                                                                                    "extra_info": {
                                                                                                        "Function": "READ_PARQUET",
                                                                                                        "Projections": "userid",
                                                                                                        "Estimated Cardinality": "2321724"
                                                                                                    },
                                                                                                    "cumulative_cardinality": 2321724,
                                                                                                    "operator_type": "TABLE_SCAN",
                                                                                                    "operator_cardinality": 2321724,
                                                                                                    "cumulative_rows_scanned": 2321724,
                                                                                                    "operator_rows_scanned": 2321724,
                                                                                                    "operator_timing": 0.031527956000000044,
                                                                                                    "result_set_size": 9286896,
                                                                                                    "children": []
                                                                                                },
                                                                                                {
                                                                                                    "operator_name": "READ_PARQUET ",
                                                                                                    "cpu_time": 0.013505763999999998,
                                                                                                    "extra_info": {
                                                                                                        "Function": "READ_PARQUET",
                                                                                                        "Projections": [
                                                                                                            "id",
                                                                                                            "reputation"
                                                                                                        ],
                                                                                                        "Estimated Cardinality": "1260710"
                                                                                                    },
                                                                                                    "cumulative_cardinality": 1260710,
                                                                                                    "operator_type": "TABLE_SCAN",
                                                                                                    "operator_cardinality": 1260710,
                                                                                                    "cumulative_rows_scanned": 1260710,
                                                                                                    "operator_rows_scanned": 1260710,
                                                                                                    "operator_timing": 0.013505763999999998,
                                                                                                    "result_set_size": 10085680,
                                                                                                    "children": []
                                                                                                }
                                                                                            ]
                                                                                        }
                                                                                    ]
                                                                                }
                                                                            ]
                                                                        }
                                                                    ]
                                                                }
                                                            ]
                                                        }
                                                    ]
                                                }
                                            ]
                                        }
                                    ]
                                }
                            ]
                        }
                    ]
                }
            ]
        }
    ]
}