{
    "rows_returned": 5,
    "query_name": "SELECT \n    pt.Name AS PostType,\n    COUNT(p.Id) AS TotalPosts,\n    SUM(COALESCE(p.ViewCount, 0)) AS TotalViews,\n    AVG(p.Score) AS AverageScore,\n    COUNT(DISTINCT p.OwnerUserId) AS UniqueUsers,\n    SUM(CASE WHEN p.PostTypeId = 1 THEN 1 ELSE 0 END) AS TotalQuestions,\n    SUM(CASE WHEN p.PostTypeId = 2 THEN 1 ELSE 0 END) AS TotalAnswers,\n    SUM(CASE WHEN p.PostTypeId = 4 THEN 1 ELSE 0 END) AS TotalTagWikis,\n    SUM(CASE WHEN p.PostTypeId = 10 THEN 1 ELSE 0 END) AS TotalClosedPosts,\n    AVG(u.Reputation) AS AverageUserReputation\nFROM \n    Posts p\nJOIN \n    PostTypes pt ON p.PostTypeId = pt.Id\nJOIN \n    Users u ON p.OwnerUserId = u.Id\nWHERE \n    p.CreationDate >= cast('2024-10-01 12:34:56' as timestamp) - INTERVAL '1 year'\nGROUP BY \n    pt.Name\nORDER BY \n    TotalPosts DESC;",
    "blocked_thread_time": 0.0,
    "cpu_time": 0.09592010899999999,
    "extra_info": {},
    "cumulative_cardinality": 1839080,
    "cumulative_rows_scanned": 5110834,
    "result_set_size": 640,
    "latency": 0.138362234,
    "children": [
        {
            "operator_name": "ORDER_BY",
            "cpu_time": 0.09592010899999999,
            "extra_info": {
                "Order By": "count(p.Id) DESC"
            },
            "cumulative_cardinality": 1839080,
            "operator_type": "ORDER_BY",
            "operator_cardinality": 5,
            "cumulative_rows_scanned": 5110834,
            "operator_rows_scanned": 0,
            "operator_timing": 0.000025458,
            "result_set_size": 640,
            "children": [
                {
                    "operator_name": "HASH_GROUP_BY",
                    "cpu_time": 0.09589465099999998,
                    "extra_info": {
                        "Groups": "#0",
                        "Aggregates": [
                            "count_star()",
                            "sum(#1)",
                            "avg(#2)",
                            "count(DISTINCT #3)",
                            "sum(#4)",
                            "sum(#5)",
                            "sum(#6)",
                            "sum(#7)",
                            "avg(#8)"
                        ],
                        "Estimated Cardinality": "385011"
                    },
                    "cumulative_cardinality": 1839075,
                    "operator_type": "HASH_GROUP_BY",
                    "operator_cardinality": 5,
                    "cumulative_rows_scanned": 5110834,
                    "operator_rows_scanned": 0,
                    "operator_timing": 0.011664985000000004,
                    "result_set_size": 640,
                    "children": [
                        {
                            "operator_name": "PROJECTION",
                            "cpu_time": 0.08422966599999998,
                            "extra_info": {
                                "Projections": [
                                    "name",
                                    "COALESCE(viewcount, 0)",
                                    "score",
                                    "owneruserid",
                                    "CASE  WHEN ((posttypeid = 1)) THEN (1) ELSE 0 END",
                                    "CASE  WHEN ((posttypeid = 2)) THEN (1) ELSE 0 END",
                                    "CASE  WHEN ((posttypeid = 4)) THEN (1) ELSE 0 END",
                                    "CASE  WHEN (false) THEN (1) ELSE 0 END",
                                    "reputation"
                                ],
                                "Estimated Cardinality": "770023"
                            },
                            "cumulative_cardinality": 1839070,
                            "operator_type": "PROJECTION",
                            "operator_cardinality": 143650,
                            "cumulative_rows_scanned": 5110834,
                            "operator_rows_scanned": 0,
                            "operator_timing": 0.004223600000000001,
                            "result_set_size": 6895200,
                            "children": [
                                {
                                    "operator_name": "HASH_JOIN",
                                    "cpu_time": 0.08000606599999997,
                                    "extra_info": {
                                        "Join Type": "INNER",
                                        "Conditions": "id = owneruserid",
                                        "Estimated Cardinality": "770023"
                                    },
                                    "cumulative_cardinality": 1695420,
                                    "operator_type": "HASH_JOIN",
                                    "operator_cardinality": 143650,
                                    "cumulative_rows_scanned": 5110834,
                                    "operator_rows_scanned": 0,
                                    "operator_timing": 0.02416892399999998,
                                    "result_set_size": 4884100,
                                    "children": [
                                        {
                                            "operator_name": "READ_PARQUET ",
                                            "cpu_time": 0.022448822,
                                            "extra_info": {
                                                "Function": "READ_PARQUET",
                                                "Projections": [
                                                    "id",
                                                    "reputation"
                                                ],
                                                "Filters": "id<=1416539",
                                                "Estimated Cardinality": "1260710"
                                            },
                                            "cumulative_cardinality": 1260679,
                                            "operator_type": "TABLE_SCAN",
                                            "operator_cardinality": 1260679,
                                            "cumulative_rows_scanned": 1260710,
                                            "operator_rows_scanned": 1260710,
                                            "operator_timing": 0.022448822,
                                            "result_set_size": 10085432,
                                            "children": []
                                        },
                                        {
                                            "operator_name": "HASH_JOIN",
                                            "cpu_time": 0.03338831999999999,
                                            "extra_info": {
                                                "Join Type": "INNER",
                                                "Conditions": "posttypeid = id",
                                                "Estimated Cardinality": "770023"
                                            },
                                            "cumulative_cardinality": 291091,
                                            "operator_type": "HASH_JOIN",
                                            "operator_cardinality": 145542,
                                            "cumulative_rows_scanned": 3850124,
                                            "operator_rows_scanned": 0,
                                            "operator_timing": 0.00037166100000000007,
                                            "result_set_size": 4366260,
                                            "children": [
                                                {
                                                    "operator_name": "READ_PARQUET ",
                                                    "cpu_time": 0.03269249399999999,
                                                    "extra_info": {
                                                        "Function": "READ_PARQUET",
                                                        "Projections": [
                                                            "id",
                                                            "posttypeid",
                                                            "score",
                                                            "viewcount",
                                                            "owneruserid"
                                                        ],
                                                        "Filters": "creationdate>='2023-10-01 12:34:56'::TIMESTAMP",
                                                        "Estimated Cardinality": "770023"
                                                    },
                                                    "cumulative_cardinality": 145542,
                                                    "operator_type": "TABLE_SCAN",
                                                    "operator_cardinality": 145542,
                                                    "cumulative_rows_scanned": 3850116,
                                                    "operator_rows_scanned": 3850116,
                                                    "operator_timing": 0.03269249399999999,
                                                    "result_set_size": 2619756,
                                                    "children": []
                                                },
                                                {
                                                    "operator_name": "READ_PARQUET ",
                                                    "cpu_time": 0.00032416499999999996,
                                                    "extra_info": {
                                                        "Function": "READ_PARQUET",
                                                        "Projections": [
                                                            "id",
                                                            "name"
                                                        ],
                                                        "Filters": "id<=7",
                                                        "Estimated Cardinality": "8"
                                                    },
                                                    "cumulative_cardinality": 7,
                                                    "operator_type": "TABLE_SCAN",
                                                    "operator_cardinality": 7,
                                                    "cumulative_rows_scanned": 8,
                                                    "operator_rows_scanned": 8,
                                                    "operator_timing": 0.00032416499999999996,
                                                    "result_set_size": 126,
                                                    "children": []
                                                }
                                            ]
                                        }
                                    ]
                                }
                            ]
                        }
                    ]
                }
            ]
        }
    ]
}