{
    "rows_returned": 1260710,
    "query_name": "SELECT \n    u.Id AS UserId,\n    u.DisplayName,\n    COUNT(p.Id) AS TotalPosts,\n    COUNT(DISTINCT CASE WHEN p.PostTypeId = 1 THEN p.Id END) AS TotalQuestions,\n    COUNT(DISTINCT CASE WHEN p.PostTypeId = 2 THEN p.Id END) AS TotalAnswers,\n    SUM(COALESCE(p.Score, 0)) AS TotalScore,\n    SUM(COALESCE(p.ViewCount, 0)) AS TotalViews,\n    AVG(COALESCE(p.Score, 0)) AS AvgScorePerPost,\n    AVG(COALESCE(p.ViewCount, 0)) AS AvgViewsPerPost\nFROM \n    Users u\nLEFT JOIN \n    Posts p ON u.Id = p.OwnerUserId\nGROUP BY \n    u.Id, u.DisplayName\nORDER BY \n    TotalPosts DESC;",
    "blocked_thread_time": 0.0,
    "cpu_time": 2.504850206999999,
    "extra_info": {},
    "cumulative_cardinality": 21191031,
    "cumulative_rows_scanned": 5110826,
    "result_set_size": 115985320,
    "latency": 5.757822284,
    "children": [
        {
            "operator_name": "ORDER_BY",
            "cpu_time": 2.504850206999999,
            "extra_info": {
                "Order By": "count(p.Id) DESC"
            },
            "cumulative_cardinality": 21191031,
            "operator_type": "ORDER_BY",
            "operator_cardinality": 1260710,
            "cumulative_rows_scanned": 5110826,
            "operator_rows_scanned": 0,
            "operator_timing": 0.07699516500000002,
            "result_set_size": 115985320,
            "children": [
                {
                    "operator_name": "HASH_GROUP_BY",
                    "cpu_time": 2.427855041999999,
                    "extra_info": {
                        "Groups": [
                            "#0",
                            "#1"
                        ],
                        "Aggregates": [
                            "count(#2)",
                            "count(DISTINCT #3)",
                            "count(DISTINCT #4)",
                            "sum(#5)",
                            "sum(#6)",
                            "avg(#7)",
                            "avg(#8)"
                        ],
                        "Estimated Cardinality": "1260710"
                    },
                    "cumulative_cardinality": 19930321,
                    "operator_type": "HASH_GROUP_BY",
                    "operator_cardinality": 1260710,
                    "cumulative_rows_scanned": 5110826,
                    "operator_rows_scanned": 0,
                    "operator_timing": 1.771979549999999,
                    "result_set_size": 115985320,
                    "children": [
                        {
                            "operator_name": "PROJECTION",
                            "cpu_time": 0.6558754920000001,
                            "extra_info": {
                                "Projections": [
                                    "id",
                                    "displayname",
                                    "id",
                                    "CASE  WHEN ((posttypeid = 1)) THEN (id) ELSE NULL END",
                                    "CASE  WHEN ((posttypeid = 2)) THEN (id) ELSE NULL END",
                                    "#4",
                                    "#5",
                                    "#4",
                                    "#5"
                                ],
                                "Estimated Cardinality": "3850116"
                            },
                            "cumulative_cardinality": 18669611,
                            "operator_type": "PROJECTION",
                            "operator_cardinality": 4574495,
                            "cumulative_rows_scanned": 5110826,
                            "operator_rows_scanned": 0,
                            "operator_timing": 0.07012623400000005,
                            "result_set_size": 219575760,
                            "children": [
                                {
                                    "operator_name": "PROJECTION",
                                    "cpu_time": 0.585749258,
                                    "extra_info": {
                                        "Projections": [
                                            "id",
                                            "displayname",
                                            "id",
                                            "posttypeid",
                                            "COALESCE(score, 0)",
                                            "COALESCE(viewcount, 0)"
                                        ],
                                        "Estimated Cardinality": "3850116"
                                    },
                                    "cumulative_cardinality": 14095116,
                                    "operator_type": "PROJECTION",
                                    "operator_cardinality": 4574495,
                                    "cumulative_rows_scanned": 5110826,
                                    "operator_rows_scanned": 0,
                                    "operator_timing": 0.075776065,
                                    "result_set_size": 155532830,
                                    "children": [
                                        {
                                            "operator_name": "HASH_JOIN",
                                            "cpu_time": 0.509973193,
                                            "extra_info": {
                                                "Join Type": "RIGHT",
                                                "Conditions": "owneruserid = id",
                                                "Estimated Cardinality": "3850116"
                                            },
                                            "cumulative_cardinality": 9520621,
                                            "operator_type": "HASH_JOIN",
                                            "operator_cardinality": 4574495,
                                            "cumulative_rows_scanned": 5110826,
                                            "operator_rows_scanned": 0,
                                            "operator_timing": 0.2674445819999999,
                                            "result_set_size": 155532830,
                                            "children": [
                                                {
                                                    "operator_name": "READ_PARQUET ",
                                                    "cpu_time": 0.16376281100000012,
                                                    "extra_info": {
                                                        "Function": "READ_PARQUET",
                                                        "Projections": [
                                                            "id",
                                                            "posttypeid",
                                                            "score",
                                                            "viewcount",
                                                            "owneruserid"
                                                        ],
                                                        "Estimated Cardinality": "3850116"
                                                    },
                                                    "cumulative_cardinality": 3685416,
                                                    "operator_type": "TABLE_SCAN",
                                                    "operator_cardinality": 3685416,
                                                    "cumulative_rows_scanned": 3850116,
                                                    "operator_rows_scanned": 3850116,
                                                    "operator_timing": 0.16376281100000012,
                                                    "result_set_size": 66337488,
                                                    "children": []
                                                },
                                                {
                                                    "operator_name": "READ_PARQUET ",
                                                    "cpu_time": 0.07876580000000002,
                                                    "extra_info": {
                                                        "Function": "READ_PARQUET",
                                                        "Projections": [
                                                            "id",
                                                            "displayname"
                                                        ],
                                                        "Estimated Cardinality": "1260710"
                                                    },
                                                    "cumulative_cardinality": 1260710,
                                                    "operator_type": "TABLE_SCAN",
                                                    "operator_cardinality": 1260710,
                                                    "cumulative_rows_scanned": 1260710,
                                                    "operator_rows_scanned": 1260710,
                                                    "operator_timing": 0.07876580000000002,
                                                    "result_set_size": 25214200,
                                                    "children": []
                                                }
                                            ]
                                        }
                                    ]
                                }
                            ]
                        }
                    ]
                }
            ]
        }
    ]
}