{
    "rows_returned": 7,
    "query_name": "SELECT \n    pt.Name AS PostType,\n    COUNT(p.Id) AS TotalPosts,\n    AVG(p.Score) AS AvgScore,\n    AVG(p.ViewCount) AS AvgViewCount,\n    COUNT(DISTINCT v.UserId) AS TotalVoters\nFROM \n    Posts p\nJOIN \n    PostTypes pt ON p.PostTypeId = pt.Id\nLEFT JOIN \n    Votes v ON p.Id = v.PostId\nGROUP BY \n    pt.Name\nORDER BY \n    TotalPosts DESC;",
    "blocked_thread_time": 0.0,
    "cpu_time": 1.7317955149999957,
    "extra_info": {},
    "cumulative_cardinality": 58363080,
    "cumulative_rows_scanned": 16594217,
    "result_set_size": 336,
    "latency": 1.833454708,
    "children": [
        {
            "operator_name": "ORDER_BY",
            "cpu_time": 1.7317955149999957,
            "extra_info": {
                "Order By": "count(p.Id) DESC"
            },
            "cumulative_cardinality": 58363080,
            "operator_type": "ORDER_BY",
            "operator_cardinality": 7,
            "cumulative_rows_scanned": 16594217,
            "operator_rows_scanned": 0,
            "operator_timing": 0.000022915,
            "result_set_size": 336,
            "children": [
                {
                    "operator_name": "HASH_GROUP_BY",
                    "cpu_time": 1.7317725999999958,
                    "extra_info": {
                        "Groups": "#0",
                        "Aggregates": [
                            "count_star()",
                            "avg(#1)",
                            "avg(#2)",
                            "count(DISTINCT #3)"
                        ],
                        "Estimated Cardinality": "3850116"
                    },
                    "cumulative_cardinality": 58363073,
                    "operator_type": "HASH_GROUP_BY",
                    "operator_cardinality": 7,
                    "cumulative_rows_scanned": 16594217,
                    "operator_rows_scanned": 0,
                    "operator_timing": 0.446301005,
                    "result_set_size": 336,
                    "children": [
                        {
                            "operator_name": "PROJECTION",
                            "cpu_time": 1.2854715949999957,
                            "extra_info": {
                                "Projections": [
                                    "name",
                                    "score",
                                    "viewcount",
                                    "userid"
                                ],
                                "Estimated Cardinality": "12744093"
                            },
                            "cumulative_cardinality": 58363066,
                            "operator_type": "PROJECTION",
                            "operator_cardinality": 11356206,
                            "cumulative_rows_scanned": 16594217,
                            "operator_rows_scanned": 0,
                            "operator_timing": 0.0014673250000000015,
                            "result_set_size": 317973768,
                            "children": [
                                {
                                    "operator_name": "PROJECTION",
                                    "cpu_time": 1.2840042699999958,
                                    "extra_info": {
                                        "Projections": [
                                            "#0",
                                            "#1",
                                            "__internal_decompress_integral_integer(#2, -72)",
                                            "#3",
                                            "#4"
                                        ],
                                        "Estimated Cardinality": "12744093"
                                    },
                                    "cumulative_cardinality": 47006860,
                                    "operator_type": "PROJECTION",
                                    "operator_cardinality": 11356206,
                                    "cumulative_rows_scanned": 16594217,
                                    "operator_rows_scanned": 0,
                                    "operator_timing": 0.004446724000000005,
                                    "result_set_size": 363398592,
                                    "children": [
                                        {
                                            "operator_name": "HASH_JOIN",
                                            "cpu_time": 1.279557545999996,
                                            "extra_info": {
                                                "Join Type": "RIGHT",
                                                "Conditions": "postid = id",
                                                "Estimated Cardinality": "12744093"
                                            },
                                            "cumulative_cardinality": 35650654,
                                            "operator_type": "HASH_JOIN",
                                            "operator_cardinality": 11356206,
                                            "cumulative_rows_scanned": 16594217,
                                            "operator_rows_scanned": 0,
                                            "operator_timing": 0.9986615789999966,
                                            "result_set_size": 340686180,
                                            "children": [
                                                {
                                                    "operator_name": "READ_PARQUET ",
                                                    "cpu_time": 0.16770252599999966,
                                                    "extra_info": {
                                                        "Function": "READ_PARQUET",
                                                        "Projections": [
                                                            "postid",
                                                            "userid"
                                                        ],
                                                        "Estimated Cardinality": "12744093"
                                                    },
                                                    "cumulative_cardinality": 12744093,
                                                    "operator_type": "TABLE_SCAN",
                                                    "operator_cardinality": 12744093,
                                                    "cumulative_rows_scanned": 12744093,
                                                    "operator_rows_scanned": 12744093,
                                                    "operator_timing": 0.16770252599999966,
                                                    "result_set_size": 101952744,
                                                    "children": []
                                                },
                                                {
                                                    "operator_name": "PROJECTION",
                                                    "cpu_time": 0.11319344099999973,
                                                    "extra_info": {
                                                        "Projections": [
                                                            "#0",
                                                            "__internal_compress_integral_usmallint(#1, -72)",
                                                            "#2",
                                                            "#3"
                                                        ],
                                                        "Estimated Cardinality": "3850116"
                                                    },
                                                    "cumulative_cardinality": 11550355,
                                                    "operator_type": "PROJECTION",
                                                    "operator_cardinality": 3850116,
                                                    "cumulative_rows_scanned": 3850124,
                                                    "operator_rows_scanned": 0,
                                                    "operator_timing": 0.001327817000000003,
                                                    "result_set_size": 100103016,
                                                    "children": [
                                                        {
                                                            "operator_name": "HASH_JOIN",
                                                            "cpu_time": 0.11186562399999972,
                                                            "extra_info": {
                                                                "Join Type": "INNER",
                                                                "Conditions": "posttypeid = id",
                                                                "Estimated Cardinality": "3850116"
                                                            },
                                                            "cumulative_cardinality": 7700239,
                                                            "operator_type": "HASH_JOIN",
                                                            "operator_cardinality": 3850116,
                                                            "cumulative_rows_scanned": 3850124,
                                                            "operator_rows_scanned": 0,
                                                            "operator_timing": 0.007969164999999988,
                                                            "result_set_size": 107803248,
                                                            "children": [
                                                                {
                                                                    "operator_name": "READ_PARQUET ",
                                                                    "cpu_time": 0.10355308799999974,
                                                                    "extra_info": {
                                                                        "Function": "READ_PARQUET",
                                                                        "Projections": [
                                                                            "id",
                                                                            "posttypeid",
                                                                            "score",
                                                                            "viewcount"
                                                                        ],
                                                                        "Estimated Cardinality": "3850116"
                                                                    },
                                                                    "cumulative_cardinality": 3850116,
                                                                    "operator_type": "TABLE_SCAN",
                                                                    "operator_cardinality": 3850116,
                                                                    "cumulative_rows_scanned": 3850116,
                                                                    "operator_rows_scanned": 3850116,
                                                                    "operator_timing": 0.10355308799999974,
                                                                    "result_set_size": 53901624,
                                                                    "children": []
                                                                },
                                                                {
                                                                    "operator_name": "READ_PARQUET ",
                                                                    "cpu_time": 0.000343371,
                                                                    "extra_info": {
                                                                        "Function": "READ_PARQUET",
                                                                        "Projections": [
                                                                            "id",
                                                                            "name"
                                                                        ],
                                                                        "Filters": "id<=7",
                                                                        "Estimated Cardinality": "8"
                                                                    },
                                                                    "cumulative_cardinality": 7,
                                                                    "operator_type": "TABLE_SCAN",
                                                                    "operator_cardinality": 7,
                                                                    "cumulative_rows_scanned": 8,
                                                                    "operator_rows_scanned": 8,
                                                                    "operator_timing": 0.000343371,
                                                                    "result_set_size": 126,
                                                                    "children": []
                                                                }
                                                            ]
                                                        }
                                                    ]
                                                }
                                            ]
                                        }
                                    ]
                                }
                            ]
                        }
                    ]
                }
            ]
        }
    ]
}