{
    "rows_returned": 100,
    "query_name": "WITH UserPostStats AS (\n    SELECT \n        u.Id as UserId,\n        u.Reputation,\n        COUNT(p.Id) AS TotalPosts,\n        AVG(CASE WHEN p.PostTypeId = 2 AND p.AcceptedAnswerId IS NOT NULL THEN p.Score END) AS AvgAcceptedAnswerScore\n    FROM \n        Users u\n    LEFT JOIN \n        Posts p ON u.Id = p.OwnerUserId\n    GROUP BY \n        u.Id, u.Reputation\n)\n\n\nSELECT\n    UserId,\n    Reputation,\n    TotalPosts,\n    COALESCE(AvgAcceptedAnswerScore, 0) AS AvgAcceptedAnswerScore\nFROM \n    UserPostStats\nORDER BY \n    Reputation DESC, TotalPosts DESC\nLIMIT 100;",
    "blocked_thread_time": 0.0,
    "cpu_time": 0.6683298900000008,
    "extra_info": {},
    "cumulative_cardinality": 16620732,
    "cumulative_rows_scanned": 5110826,
    "result_set_size": 2400,
    "latency": 0.772171932,
    "children": [
        {
            "operator_name": "STREAMING_LIMIT",
            "cpu_time": 0.6683298900000008,
            "extra_info": {},
            "cumulative_cardinality": 16620732,
            "operator_type": "STREAMING_LIMIT",
            "operator_cardinality": 100,
            "cumulative_rows_scanned": 5110826,
            "operator_rows_scanned": 0,
            "operator_timing": 0.000002094,
            "result_set_size": 2400,
            "children": [
                {
                    "operator_name": "ORDER_BY",
                    "cpu_time": 0.6683277960000008,
                    "extra_info": {
                        "Order By": [
                            "UserPostStats.Reputation DESC",
                            "UserPostStats.TotalPosts DESC"
                        ]
                    },
                    "cumulative_cardinality": 16620632,
                    "operator_type": "ORDER_BY",
                    "operator_cardinality": 4096,
                    "cumulative_rows_scanned": 5110826,
                    "operator_rows_scanned": 0,
                    "operator_timing": 0.026299594999999985,
                    "result_set_size": 98304,
                    "children": [
                        {
                            "operator_name": "PROJECTION",
                            "cpu_time": 0.6420282010000008,
                            "extra_info": {
                                "Projections": [
                                    "UserId",
                                    "reputation",
                                    "TotalPosts",
                                    "AvgAcceptedAnswerScore"
                                ],
                                "Estimated Cardinality": "1260710"
                            },
                            "cumulative_cardinality": 16616536,
                            "operator_type": "PROJECTION",
                            "operator_cardinality": 1260710,
                            "cumulative_rows_scanned": 5110826,
                            "operator_rows_scanned": 0,
                            "operator_timing": 0.004599789999999997,
                            "result_set_size": 30257040,
                            "children": [
                                {
                                    "operator_name": "HASH_GROUP_BY",
                                    "cpu_time": 0.6374284110000008,
                                    "extra_info": {
                                        "Groups": [
                                            "#0",
                                            "#1"
                                        ],
                                        "Aggregates": [
                                            "count(#2)",
                                            "avg(#3)"
                                        ],
                                        "Estimated Cardinality": "1260710"
                                    },
                                    "cumulative_cardinality": 15355826,
                                    "operator_type": "HASH_GROUP_BY",
                                    "operator_cardinality": 1260710,
                                    "cumulative_rows_scanned": 5110826,
                                    "operator_rows_scanned": 0,
                                    "operator_timing": 0.2628692180000002,
                                    "result_set_size": 30257040,
                                    "children": [
                                        {
                                            "operator_name": "PROJECTION",
                                            "cpu_time": 0.3745591930000006,
                                            "extra_info": {
                                                "Projections": [
                                                    "id",
                                                    "reputation",
                                                    "id",
                                                    "CASE  WHEN (((acceptedanswerid IS NOT NULL) AND (posttypeid = 2))) THEN (score) ELSE NULL END"
                                                ],
                                                "Estimated Cardinality": "3850116"
                                            },
                                            "cumulative_cardinality": 14095116,
                                            "operator_type": "PROJECTION",
                                            "operator_cardinality": 4574495,
                                            "cumulative_rows_scanned": 5110826,
                                            "operator_rows_scanned": 0,
                                            "operator_timing": 0.022092172999999965,
                                            "result_set_size": 73191920,
                                            "children": [
                                                {
                                                    "operator_name": "HASH_JOIN",
                                                    "cpu_time": 0.3524670200000007,
                                                    "extra_info": {
                                                        "Join Type": "RIGHT",
                                                        "Conditions": "owneruserid = id",
                                                        "Estimated Cardinality": "3850116"
                                                    },
                                                    "cumulative_cardinality": 9520621,
                                                    "operator_type": "HASH_JOIN",
                                                    "operator_cardinality": 4574495,
                                                    "cumulative_rows_scanned": 5110826,
                                                    "operator_rows_scanned": 0,
                                                    "operator_timing": 0.1933546910000005,
                                                    "result_set_size": 100638890,
                                                    "children": [
                                                        {
                                                            "operator_name": "READ_PARQUET ",
                                                            "cpu_time": 0.13763922800000022,
                                                            "extra_info": {
                                                                "Function": "READ_PARQUET",
                                                                "Projections": [
                                                                    "id",
                                                                    "posttypeid",
                                                                    "acceptedanswerid",
                                                                    "score",
                                                                    "owneruserid"
                                                                ],
                                                                "Estimated Cardinality": "3850116"
                                                            },
                                                            "cumulative_cardinality": 3685416,
                                                            "operator_type": "TABLE_SCAN",
                                                            "operator_cardinality": 3685416,
                                                            "cumulative_rows_scanned": 3850116,
                                                            "operator_rows_scanned": 3850116,
                                                            "operator_timing": 0.13763922800000022,
                                                            "result_set_size": 66337488,
                                                            "children": []
                                                        },
                                                        {
                                                            "operator_name": "READ_PARQUET ",
                                                            "cpu_time": 0.021473100999999963,
                                                            "extra_info": {
                                                                "Function": "READ_PARQUET",
                                                                "Projections": [
                                                                    "id",
                                                                    "reputation"
                                                                ],
                                                                "Estimated Cardinality": "1260710"
                                                            },
                                                            "cumulative_cardinality": 1260710,
                                                            "operator_type": "TABLE_SCAN",
                                                            "operator_cardinality": 1260710,
                                                            "cumulative_rows_scanned": 1260710,
                                                            "operator_rows_scanned": 1260710,
                                                            "operator_timing": 0.021473100999999963,
                                                            "result_set_size": 10085680,
                                                            "children": []
                                                        }
                                                    ]
                                                }
                                            ]
                                        }
                                    ]
                                }
                            ]
                        }
                    ]
                }
            ]
        }
    ]
}