{
    "rows_returned": 7,
    "query_name": "WITH PostCounts AS (\n    SELECT \n        PostTypeId, \n        COUNT(*) AS TotalPosts\n    FROM \n        Posts\n    GROUP BY \n        PostTypeId\n),\nTopUsers AS (\n    SELECT \n        U.Id AS UserId, \n        U.DisplayName, \n        COUNT(P.Id) AS PostCount,\n        SUM(COALESCE(P.Score, 0)) AS TotalScore\n    FROM \n        Users U\n    LEFT JOIN \n        Posts P ON U.Id = P.OwnerUserId\n    GROUP BY \n        U.Id, U.DisplayName\n),\nBadgeCounts AS (\n    SELECT \n        UserId,\n        COUNT(*) AS TotalBadges\n    FROM \n        Badges\n    GROUP BY \n        UserId\n)\n\nSELECT \n    PCT.PostTypeId,\n    PCT.TotalPosts,\n    TU.DisplayName AS TopUser,\n    TU.PostCount AS UserPostCount,\n    TU.TotalScore AS UserTotalScore,\n    BC.TotalBadges AS UserTotalBadges\nFROM \n    PostCounts PCT\nJOIN \n    TopUsers TU ON TU.PostCount = (SELECT MAX(PostCount) FROM TopUsers)\nJOIN \n    BadgeCounts BC ON TU.UserId = BC.UserId\nORDER BY \n    PCT.TotalPosts DESC;",
    "blocked_thread_time": 0.0,
    "cpu_time": 1.0445348930000002,
    "extra_info": {},
    "cumulative_cardinality": 35880828,
    "cumulative_rows_scanned": 11282666,
    "result_set_size": 406,
    "latency": 1.120430818,
    "children": [
        {
            "operator_name": "PROJECTION",
            "cpu_time": 1.0445348930000002,
            "extra_info": {
                "Projections": [
                    "__internal_decompress_integral_smallint(#0, 1)",
                    "#1",
                    "#2",
                    "#3",
                    "#4",
                    "#5"
                ],
                "Estimated Cardinality": "1260710"
            },
            "cumulative_cardinality": 35880828,
            "operator_type": "PROJECTION",
            "operator_cardinality": 7,
            "cumulative_rows_scanned": 11282666,
            "operator_rows_scanned": 0,
            "operator_timing": 8.21e-7,
            "result_set_size": 406,
            "children": [
                {
                    "operator_name": "ORDER_BY",
                    "cpu_time": 1.0445340720000003,
                    "extra_info": {
                        "Order By": "PCT.TotalPosts DESC"
                    },
                    "cumulative_cardinality": 35880821,
                    "operator_type": "ORDER_BY",
                    "operator_cardinality": 7,
                    "cumulative_rows_scanned": 11282666,
                    "operator_rows_scanned": 0,
                    "operator_timing": 0.000036778000000000006,
                    "result_set_size": 399,
                    "children": [
                        {
                            "operator_name": "PROJECTION",
                            "cpu_time": 1.0444972940000004,
                            "extra_info": {
                                "Projections": [
                                    "__internal_compress_integral_utinyint(#0, 1)",
                                    "#1",
                                    "#2",
                                    "#3",
                                    "#4",
                                    "#5"
                                ],
                                "Estimated Cardinality": "1260710"
                            },
                            "cumulative_cardinality": 35880814,
                            "operator_type": "PROJECTION",
                            "operator_cardinality": 7,
                            "cumulative_rows_scanned": 11282666,
                            "operator_rows_scanned": 0,
                            "operator_timing": 7.42e-7,
                            "result_set_size": 399,
                            "children": [
                                {
                                    "operator_name": "PROJECTION",
                                    "cpu_time": 1.0444965520000002,
                                    "extra_info": {
                                        "Projections": [
                                            "posttypeid",
                                            "TotalPosts",
                                            "TopUser",
                                            "UserPostCount",
                                            "UserTotalScore",
                                            "UserTotalBadges"
                                        ],
                                        "Estimated Cardinality": "1260710"
                                    },
                                    "cumulative_cardinality": 35880807,
                                    "operator_type": "PROJECTION",
                                    "operator_cardinality": 7,
                                    "cumulative_rows_scanned": 11282666,
                                    "operator_rows_scanned": 0,
                                    "operator_timing": 8.52e-7,
                                    "result_set_size": 406,
                                    "children": [
                                        {
                                            "operator_name": "CTE",
                                            "cpu_time": 1.0444957000000001,
                                            "extra_info": {
                                                "CTE Name": "TopUsers",
                                                "Table Index": "0"
                                            },
                                            "cumulative_cardinality": 35880800,
                                            "operator_type": "CTE",
                                            "operator_cardinality": 0,
                                            "cumulative_rows_scanned": 11282666,
                                            "operator_rows_scanned": 0,
                                            "operator_timing": 0.017936845000000007,
                                            "result_set_size": 0,
                                            "children": [
                                                {
                                                    "operator_name": "HASH_GROUP_BY",
                                                    "cpu_time": 0.9051965350000002,
                                                    "extra_info": {
                                                        "Groups": [
                                                            "#0",
                                                            "#1"
                                                        ],
                                                        "Aggregates": [
                                                            "count(#2)",
                                                            "sum(#3)"
                                                        ],
                                                        "Estimated Cardinality": "1260710"
                                                    },
                                                    "cumulative_cardinality": 15355826,
                                                    "operator_type": "HASH_GROUP_BY",
                                                    "operator_cardinality": 1260710,
                                                    "cumulative_rows_scanned": 5110826,
                                                    "operator_rows_scanned": 0,
                                                    "operator_timing": 0.4187125520000001,
                                                    "result_set_size": 55471240,
                                                    "children": [
                                                        {
                                                            "operator_name": "PROJECTION",
                                                            "cpu_time": 0.486483983,
                                                            "extra_info": {
                                                                "Projections": [
                                                                    "id",
                                                                    "displayname",
                                                                    "id",
                                                                    "COALESCE(score, 0)"
                                                                ],
                                                                "Estimated Cardinality": "3850116"
                                                            },
                                                            "cumulative_cardinality": 14095116,
                                                            "operator_type": "PROJECTION",
                                                            "operator_cardinality": 4574495,
                                                            "cumulative_rows_scanned": 5110826,
                                                            "operator_rows_scanned": 0,
                                                            "operator_timing": 0.04532433499999995,
                                                            "result_set_size": 128085860,
                                                            "children": [
                                                                {
                                                                    "operator_name": "HASH_JOIN",
                                                                    "cpu_time": 0.44115964800000007,
                                                                    "extra_info": {
                                                                        "Join Type": "RIGHT",
                                                                        "Conditions": "owneruserid = id",
                                                                        "Estimated Cardinality": "3850116"
                                                                    },
                                                                    "cumulative_cardinality": 9520621,
                                                                    "operator_type": "HASH_JOIN",
                                                                    "operator_cardinality": 4574495,
                                                                    "cumulative_rows_scanned": 5110826,
                                                                    "operator_rows_scanned": 0,
                                                                    "operator_timing": 0.24958107800000004,
                                                                    "result_set_size": 128085860,
                                                                    "children": [
                                                                        {
                                                                            "operator_name": "READ_PARQUET ",
                                                                            "cpu_time": 0.11349410300000004,
                                                                            "extra_info": {
                                                                                "Function": "READ_PARQUET",
                                                                                "Projections": [
                                                                                    "id",
                                                                                    "score",
                                                                                    "owneruserid"
                                                                                ],
                                                                                "Estimated Cardinality": "3850116"
                                                                            },
                                                                            "cumulative_cardinality": 3685416,
                                                                            "operator_type": "TABLE_SCAN",
                                                                            "operator_cardinality": 3685416,
                                                                            "cumulative_rows_scanned": 3850116,
                                                                            "operator_rows_scanned": 3850116,
                                                                            "operator_timing": 0.11349410300000004,
                                                                            "result_set_size": 44224992,
                                                                            "children": []
                                                                        },
                                                                        {
                                                                            "operator_name": "READ_PARQUET ",
                                                                            "cpu_time": 0.078084467,
                                                                            "extra_info": {
                                                                                "Function": "READ_PARQUET",
                                                                                "Projections": [
                                                                                    "id",
                                                                                    "displayname"
                                                                                ],
                                                                                "Estimated Cardinality": "1260710"
                                                                            },
                                                                            "cumulative_cardinality": 1260710,
                                                                            "operator_type": "TABLE_SCAN",
                                                                            "operator_cardinality": 1260710,
                                                                            "cumulative_rows_scanned": 1260710,
                                                                            "operator_rows_scanned": 1260710,
                                                                            "operator_timing": 0.078084467,
                                                                            "result_set_size": 25214200,
                                                                            "children": []
                                                                        }
                                                                    ]
                                                                }
                                                            ]
                                                        }
                                                    ]
                                                },
                                                {
                                                    "operator_name": "CROSS_PRODUCT",
                                                    "cpu_time": 0.12136231999999988,
                                                    "extra_info": {},
                                                    "cumulative_cardinality": 20524974,
                                                    "operator_type": "CROSS_PRODUCT",
                                                    "operator_cardinality": 7,
                                                    "cumulative_rows_scanned": 6171840,
                                                    "operator_rows_scanned": 0,
                                                    "operator_timing": 0.000062646,
                                                    "result_set_size": 518,
                                                    "children": [
                                                        {
                                                            "operator_name": "PROJECTION",
                                                            "cpu_time": 0.03139657899999996,
                                                            "extra_info": {
                                                                "Projections": [
                                                                    "__internal_decompress_integral_smallint(#0, 1)",
                                                                    "#1"
                                                                ],
                                                                "Estimated Cardinality": "1925058"
                                                            },
                                                            "cumulative_cardinality": 11550362,
                                                            "operator_type": "PROJECTION",
                                                            "operator_cardinality": 7,
                                                            "cumulative_rows_scanned": 3850116,
                                                            "operator_rows_scanned": 0,
                                                            "operator_timing": 0.000001202,
                                                            "result_set_size": 70,
                                                            "children": [
                                                                {
                                                                    "operator_name": "PERFECT_HASH_GROUP_BY",
                                                                    "cpu_time": 0.03139537699999996,
                                                                    "extra_info": {
                                                                        "Groups": "#0",
                                                                        "Aggregates": "count_star()"
                                                                    },
                                                                    "cumulative_cardinality": 11550355,
                                                                    "operator_type": "PERFECT_HASH_GROUP_BY",
                                                                    "operator_cardinality": 7,
                                                                    "cumulative_rows_scanned": 3850116,
                                                                    "operator_rows_scanned": 0,
                                                                    "operator_timing": 0.016887412999999993,
                                                                    "result_set_size": 63,
                                                                    "children": [
                                                                        {
                                                                            "operator_name": "PROJECTION",
                                                                            "cpu_time": 0.014507963999999969,
                                                                            "extra_info": {
                                                                                "Projections": "posttypeid",
                                                                                "Estimated Cardinality": "3850116"
                                                                            },
                                                                            "cumulative_cardinality": 11550348,
                                                                            "operator_type": "PROJECTION",
                                                                            "operator_cardinality": 3850116,
                                                                            "cumulative_rows_scanned": 3850116,
                                                                            "operator_rows_scanned": 0,
                                                                            "operator_timing": 0.00015013200000000277,
                                                                            "result_set_size": 3850116,
                                                                            "children": [
                                                                                {
                                                                                    "operator_name": "PROJECTION",
                                                                                    "cpu_time": 0.014357831999999966,
                                                                                    "extra_info": {
                                                                                        "Projections": "__internal_compress_integral_utinyint(#0, 1)",
                                                                                        "Estimated Cardinality": "3850116"
                                                                                    },
                                                                                    "cumulative_cardinality": 7700232,
                                                                                    "operator_type": "PROJECTION",
                                                                                    "operator_cardinality": 3850116,
                                                                                    "cumulative_rows_scanned": 3850116,
                                                                                    "operator_rows_scanned": 0,
                                                                                    "operator_timing": 0.0006994970000000007,
                                                                                    "result_set_size": 3850116,
                                                                                    "children": [
                                                                                        {
                                                                                            "operator_name": "READ_PARQUET ",
                                                                                            "cpu_time": 0.013658334999999966,
                                                                                            "extra_info": {
                                                                                                "Function": "READ_PARQUET",
                                                                                                "Projections": "posttypeid",
                                                                                                "Estimated Cardinality": "3850116"
                                                                                            },
                                                                                            "cumulative_cardinality": 3850116,
                                                                                            "operator_type": "TABLE_SCAN",
                                                                                            "operator_cardinality": 3850116,
                                                                                            "cumulative_rows_scanned": 3850116,
                                                                                            "operator_rows_scanned": 3850116,
                                                                                            "operator_timing": 0.013658334999999966,
                                                                                            "result_set_size": 7700232,
                                                                                            "children": []
                                                                                        }
                                                                                    ]
                                                                                }
                                                                            ]
                                                                        }
                                                                    ]
                                                                }
                                                            ]
                                                        },
                                                        {
                                                            "operator_name": "HASH_JOIN",
                                                            "cpu_time": 0.08990309499999992,
                                                            "extra_info": {
                                                                "Join Type": "INNER",
                                                                "Conditions": "userid = UserId",
                                                                "Estimated Cardinality": "0"
                                                            },
                                                            "cumulative_cardinality": 8974605,
                                                            "operator_type": "HASH_JOIN",
                                                            "operator_cardinality": 1,
                                                            "cumulative_rows_scanned": 2321724,
                                                            "operator_rows_scanned": 0,
                                                            "operator_timing": 0.0018030829999999996,
                                                            "result_set_size": 64,
                                                            "children": [
                                                                {
                                                                    "operator_name": "HASH_GROUP_BY",
                                                                    "cpu_time": 0.07301118099999993,
                                                                    "extra_info": {
                                                                        "Groups": "#0",
                                                                        "Aggregates": "count_star()",
                                                                        "Estimated Cardinality": "1160862"
                                                                    },
                                                                    "cumulative_cardinality": 5192469,
                                                                    "operator_type": "HASH_GROUP_BY",
                                                                    "operator_cardinality": 549021,
                                                                    "cumulative_rows_scanned": 2321724,
                                                                    "operator_rows_scanned": 0,
                                                                    "operator_timing": 0.05936753699999992,
                                                                    "result_set_size": 6588252,
                                                                    "children": [
                                                                        {
                                                                            "operator_name": "PROJECTION",
                                                                            "cpu_time": 0.013643643999999998,
                                                                            "extra_info": {
                                                                                "Projections": "userid",
                                                                                "Estimated Cardinality": "2321724"
                                                                            },
                                                                            "cumulative_cardinality": 4643448,
                                                                            "operator_type": "PROJECTION",
                                                                            "operator_cardinality": 2321724,
                                                                            "cumulative_rows_scanned": 2321724,
                                                                            "operator_rows_scanned": 0,
                                                                            "operator_timing": 0.00017766499999999935,
                                                                            "result_set_size": 9286896,
                                                                            "children": [
                                                                                {
                                                                                    "operator_name": "READ_PARQUET ",
                                                                                    "cpu_time": 0.013465979,
                                                                                    "extra_info": {
                                                                                        "Function": "READ_PARQUET",
                                                                                        "Projections": "userid",
                                                                                        "Estimated Cardinality": "2321724"
                                                                                    },
                                                                                    "cumulative_cardinality": 2321724,
                                                                                    "operator_type": "TABLE_SCAN",
                                                                                    "operator_cardinality": 2321724,
                                                                                    "cumulative_rows_scanned": 2321724,
                                                                                    "operator_rows_scanned": 2321724,
                                                                                    "operator_timing": 0.013465979,
                                                                                    "result_set_size": 9286896,
                                                                                    "children": []
                                                                                }
                                                                            ]
                                                                        }
                                                                    ]
                                                                },
                                                                {
                                                                    "operator_name": "HASH_JOIN",
                                                                    "cpu_time": 0.015088830999999999,
                                                                    "extra_info": {
                                                                        "Join Type": "INNER",
                                                                        "Conditions": "PostCount = SUBQUERY",
                                                                        "Estimated Cardinality": "1"
                                                                    },
                                                                    "cumulative_cardinality": 3782135,
                                                                    "operator_type": "HASH_JOIN",
                                                                    "operator_cardinality": 1,
                                                                    "cumulative_rows_scanned": 0,
                                                                    "operator_rows_scanned": 0,
                                                                    "operator_timing": 0.006827947,
                                                                    "result_set_size": 52,
                                                                    "children": [
                                                                        {
                                                                            "operator_name": "CTE_SCAN",
                                                                            "cpu_time": 0.0035135300000000013,
                                                                            "extra_info": {
                                                                                "CTE Index": "0",
                                                                                "Estimated Cardinality": "1260710"
                                                                            },
                                                                            "cumulative_cardinality": 1260710,
                                                                            "operator_type": "CTE_SCAN",
                                                                            "operator_cardinality": 1260710,
                                                                            "cumulative_rows_scanned": 0,
                                                                            "operator_rows_scanned": 0,
                                                                            "operator_timing": 0.0035135300000000013,
                                                                            "result_set_size": 55471240,
                                                                            "children": []
                                                                        },
                                                                        {
                                                                            "operator_name": "PROJECTION",
                                                                            "cpu_time": 0.004747353999999997,
                                                                            "extra_info": {
                                                                                "Projections": [
                                                                                    "CASE  WHEN ((#1 > 1)) THEN (error('More than one row returned by a subquery used as an expression - scalar subqueries can only return a single row.",
                                                                                    "Use \"SET scalar_subquery_error_on_multiple_rows=false\" to revert to previous behavior of returning a random row.')) ELSE #0 END"
                                                                                ],
                                                                                "Estimated Cardinality": "1"
                                                                            },
                                                                            "cumulative_cardinality": 2521424,
                                                                            "operator_type": "PROJECTION",
                                                                            "operator_cardinality": 1,
                                                                            "cumulative_rows_scanned": 0,
                                                                            "operator_rows_scanned": 0,
                                                                            "operator_timing": 0.000003146,
                                                                            "result_set_size": 8,
                                                                            "children": [
                                                                                {
                                                                                    "operator_name": "UNGROUPED_AGGREGATE",
                                                                                    "cpu_time": 0.004744207999999997,
                                                                                    "extra_info": {
                                                                                        "Aggregates": [
                                                                                            "\"first\"(#0)",
                                                                                            "count_star()"
                                                                                        ]
                                                                                    },
                                                                                    "cumulative_cardinality": 2521423,
                                                                                    "operator_type": "UNGROUPED_AGGREGATE",
                                                                                    "operator_cardinality": 1,
                                                                                    "cumulative_rows_scanned": 0,
                                                                                    "operator_rows_scanned": 0,
                                                                                    "operator_timing": 0.000002225,
                                                                                    "result_set_size": 16,
                                                                                    "children": [
                                                                                        {
                                                                                            "operator_name": "PROJECTION",
                                                                                            "cpu_time": 0.004741982999999997,
                                                                                            "extra_info": {
                                                                                                "Projections": "#0",
                                                                                                "Estimated Cardinality": "1"
                                                                                            },
                                                                                            "cumulative_cardinality": 2521422,
                                                                                            "operator_type": "PROJECTION",
                                                                                            "operator_cardinality": 1,
                                                                                            "cumulative_rows_scanned": 0,
                                                                                            "operator_rows_scanned": 0,
                                                                                            "operator_timing": 1.3e-7,
                                                                                            "result_set_size": 8,
                                                                                            "children": [
                                                                                                {
                                                                                                    "operator_name": "UNGROUPED_AGGREGATE",
                                                                                                    "cpu_time": 0.004741852999999997,
                                                                                                    "extra_info": {
                                                                                                        "Aggregates": "max(#0)"
                                                                                                    },
                                                                                                    "cumulative_cardinality": 2521421,
                                                                                                    "operator_type": "UNGROUPED_AGGREGATE",
                                                                                                    "operator_cardinality": 1,
                                                                                                    "cumulative_rows_scanned": 0,
                                                                                                    "operator_rows_scanned": 0,
                                                                                                    "operator_timing": 0.0012268329999999992,
                                                                                                    "result_set_size": 8,
                                                                                                    "children": [
                                                                                                        {
                                                                                                            "operator_name": "PROJECTION",
                                                                                                            "cpu_time": 0.0035150199999999985,
                                                                                                            "extra_info": {
                                                                                                                "Projections": "PostCount",
                                                                                                                "Estimated Cardinality": "1260710"
                                                                                                            },
                                                                                                            "cumulative_cardinality": 2521420,
                                                                                                            "operator_type": "PROJECTION",
                                                                                                            "operator_cardinality": 1260710,
                                                                                                            "cumulative_rows_scanned": 0,
                                                                                                            "operator_rows_scanned": 0,
                                                                                                            "operator_timing": 0.00005211999999999982,
                                                                                                            "result_set_size": 10085680,
                                                                                                            "children": [
                                                                                                                {
                                                                                                                    "operator_name": "CTE_SCAN",
                                                                                                                    "cpu_time": 0.003462899999999999,
                                                                                                                    "extra_info": {
                                                                                                                        "CTE Index": "0",
                                                                                                                        "Estimated Cardinality": "1260710"
                                                                                                                    },
                                                                                                                    "cumulative_cardinality": 1260710,
                                                                                                                    "operator_type": "CTE_SCAN",
                                                                                                                    "operator_cardinality": 1260710,
                                                                                                                    "cumulative_rows_scanned": 0,
                                                                                                                    "operator_rows_scanned": 0,
                                                                                                                    "operator_timing": 0.003462899999999999,
                                                                                                                    "result_set_size": 55471240,
                                                                                                                    "children": []
                                                                                                                }
                                                                                                            ]
                                                                                                        }
                                                                                                    ]
                                                                                                }
                                                                                            ]
                                                                                        }
                                                                                    ]
                                                                                }
                                                                            ]
                                                                        }
                                                                    ]
                                                                }
                                                            ]
                                                        }
                                                    ]
                                                }
                                            ]
                                        }
                                    ]
                                }
                            ]
                        }
                    ]
                }
            ]
        }
    ]
}