{
    "rows_returned": 100,
    "query_name": "SELECT \n    p.Id AS PostId,\n    p.Title,\n    p.CreationDate,\n    u.DisplayName AS OwnerDisplayName,\n    COUNT(c.Id) AS CommentCount,\n    SUM(CASE WHEN v.VoteTypeId = 2 THEN 1 ELSE 0 END) AS UpVotes,\n    SUM(CASE WHEN v.VoteTypeId = 3 THEN 1 ELSE 0 END) AS DownVotes,\n    COUNT(DISTINCT b.Id) AS BadgeCount,\n    COUNT(DISTINCT pl.RelatedPostId) AS RelatedLinkCount\nFROM \n    Posts p\n    LEFT JOIN Users u ON p.OwnerUserId = u.Id\n    LEFT JOIN Comments c ON p.Id = c.PostId\n    LEFT JOIN Votes v ON p.Id = v.PostId\n    LEFT JOIN Badges b ON u.Id = b.UserId\n    LEFT JOIN PostLinks pl ON p.Id = pl.PostId\nGROUP BY \n    p.Id, p.Title, p.CreationDate, u.DisplayName\nORDER BY \n    p.CreationDate DESC\nLIMIT 100;",
    "blocked_thread_time": 0.0,
    "cpu_time": 1351.584739888223,
    "extra_info": {},
    "cumulative_cardinality": 25269754702,
    "cumulative_rows_scanned": 27831456,
    "result_set_size": 10000,
    "latency": 1522.742837097,
    "children": [
        {
            "operator_name": "STREAMING_LIMIT",
            "cpu_time": 1351.584739888223,
            "extra_info": {},
            "cumulative_cardinality": 25269754702,
            "operator_type": "STREAMING_LIMIT",
            "operator_cardinality": 100,
            "cumulative_rows_scanned": 27831456,
            "operator_rows_scanned": 0,
            "operator_timing": 0.0000028050000000000002,
            "result_set_size": 10000,
            "children": [
                {
                    "operator_name": "ORDER_BY",
                    "cpu_time": 1351.5847370832232,
                    "extra_info": {
                        "Order By": "p.CreationDate DESC"
                    },
                    "cumulative_cardinality": 25269754602,
                    "operator_type": "ORDER_BY",
                    "operator_cardinality": 4096,
                    "cumulative_rows_scanned": 27831456,
                    "operator_rows_scanned": 0,
                    "operator_timing": 0.23766292299999986,
                    "result_set_size": 409600,
                    "children": [
                        {
                            "operator_name": "HASH_GROUP_BY",
                            "cpu_time": 1351.3470741602232,
                            "extra_info": {
                                "Groups": [
                                    "#0",
                                    "#1",
                                    "#2",
                                    "#3"
                                ],
                                "Aggregates": [
                                    "count(#4)",
                                    "sum(#5)",
                                    "sum(#6)",
                                    "count(DISTINCT #7)",
                                    "count(DISTINCT #8)"
                                ],
                                "Estimated Cardinality": "3850116"
                            },
                            "cumulative_cardinality": 25269750506,
                            "operator_type": "HASH_GROUP_BY",
                            "operator_cardinality": 3850116,
                            "cumulative_rows_scanned": 27831456,
                            "operator_rows_scanned": 0,
                            "operator_timing": 1155.8472763530262,
                            "result_set_size": 385011600,
                            "children": [
                                {
                                    "operator_name": "PROJECTION",
                                    "cpu_time": 195.49979780719684,
                                    "extra_info": {
                                        "Projections": [
                                            "id",
                                            "title",
                                            "creationdate",
                                            "displayname",
                                            "id",
                                            "CASE  WHEN ((votetypeid = 2)) THEN (1) ELSE 0 END",
                                            "CASE  WHEN ((votetypeid = 3)) THEN (1) ELSE 0 END",
                                            "id",
                                            "relatedpostid"
                                        ],
                                        "Estimated Cardinality": "12744093"
                                    },
                                    "cumulative_cardinality": 25265900390,
                                    "operator_type": "PROJECTION",
                                    "operator_cardinality": 8613992369,
                                    "cumulative_rows_scanned": 27831456,
                                    "operator_rows_scanned": 0,
                                    "operator_timing": 43.084301271995656,
                                    "result_set_size": 551295511616,
                                    "children": [
                                        {
                                            "operator_name": "HASH_JOIN",
                                            "cpu_time": 152.41549653520119,
                                            "extra_info": {
                                                "Join Type": "LEFT",
                                                "Conditions": "id = postid",
                                                "Estimated Cardinality": "12744093"
                                            },
                                            "cumulative_cardinality": 16651908021,
                                            "operator_type": "HASH_JOIN",
                                            "operator_cardinality": 8613992369,
                                            "cumulative_rows_scanned": 27831456,
                                            "operator_rows_scanned": 0,
                                            "operator_timing": 82.33013915019527,
                                            "result_set_size": 499611557402,
                                            "children": [
                                                {
                                                    "operator_name": "HASH_JOIN",
                                                    "cpu_time": 70.03602028500592,
                                                    "extra_info": {
                                                        "Join Type": "LEFT",
                                                        "Conditions": "id = userid",
                                                        "Estimated Cardinality": "12744093"
                                                    },
                                                    "cumulative_cardinality": 8037502661,
                                                    "operator_type": "HASH_JOIN",
                                                    "operator_cardinality": 7914302541,
                                                    "cumulative_rows_scanned": 27418465,
                                                    "operator_rows_scanned": 0,
                                                    "operator_timing": 66.61884732400591,
                                                    "result_set_size": 427372337214,
                                                    "children": [
                                                        {
                                                            "operator_name": "PROJECTION",
                                                            "cpu_time": 3.3957812020000047,
                                                            "extra_info": {
                                                                "Projections": [
                                                                    "#0",
                                                                    "#1",
                                                                    "#2",
                                                                    "#3",
                                                                    "#4",
                                                                    "#5",
                                                                    "__internal_decompress_integral_smallint(#6, 1)"
                                                                ],
                                                                "Estimated Cardinality": "12744093"
                                                            },
                                                            "cumulative_cardinality": 120878396,
                                                            "operator_type": "PROJECTION",
                                                            "operator_cardinality": 35129590,
                                                            "cumulative_rows_scanned": 25096741,
                                                            "operator_rows_scanned": 0,
                                                            "operator_timing": 0.04208899599999971,
                                                            "result_set_size": 1896997860,
                                                            "children": [
                                                                {
                                                                    "operator_name": "HASH_JOIN",
                                                                    "cpu_time": 3.353692206000005,
                                                                    "extra_info": {
                                                                        "Join Type": "LEFT",
                                                                        "Conditions": "id = postid",
                                                                        "Estimated Cardinality": "12744093"
                                                                    },
                                                                    "cumulative_cardinality": 85748806,
                                                                    "operator_type": "HASH_JOIN",
                                                                    "operator_cardinality": 35129590,
                                                                    "cumulative_rows_scanned": 25096741,
                                                                    "operator_rows_scanned": 0,
                                                                    "operator_timing": 1.2707606820000021,
                                                                    "result_set_size": 1861868270,
                                                                    "children": [
                                                                        {
                                                                            "operator_name": "HASH_JOIN",
                                                                            "cpu_time": 1.9567846010000032,
                                                                            "extra_info": {
                                                                                "Join Type": "RIGHT",
                                                                                "Conditions": "postid = id",
                                                                                "Estimated Cardinality": "7241822"
                                                                            },
                                                                            "cumulative_cardinality": 25131030,
                                                                            "operator_type": "HASH_JOIN",
                                                                            "operator_cardinality": 8928266,
                                                                            "cumulative_rows_scanned": 12352648,
                                                                            "operator_rows_scanned": 0,
                                                                            "operator_timing": 1.1334232240000028,
                                                                            "result_set_size": 464269832,
                                                                            "children": [
                                                                                {
                                                                                    "operator_name": "READ_PARQUET ",
                                                                                    "cpu_time": 0.17665093999999998,
                                                                                    "extra_info": {
                                                                                        "Function": "READ_PARQUET",
                                                                                        "Projections": [
                                                                                            "id",
                                                                                            "postid"
                                                                                        ],
                                                                                        "Estimated Cardinality": "7241822"
                                                                                    },
                                                                                    "cumulative_cardinality": 7241822,
                                                                                    "operator_type": "TABLE_SCAN",
                                                                                    "operator_cardinality": 7241822,
                                                                                    "cumulative_rows_scanned": 7241822,
                                                                                    "operator_rows_scanned": 7241822,
                                                                                    "operator_timing": 0.17665093999999998,
                                                                                    "result_set_size": 57934576,
                                                                                    "children": []
                                                                                },
                                                                                {
                                                                                    "operator_name": "HASH_JOIN",
                                                                                    "cpu_time": 0.6467104370000003,
                                                                                    "extra_info": {
                                                                                        "Join Type": "LEFT",
                                                                                        "Conditions": "owneruserid = id",
                                                                                        "Estimated Cardinality": "3850116"
                                                                                    },
                                                                                    "cumulative_cardinality": 8960942,
                                                                                    "operator_type": "HASH_JOIN",
                                                                                    "operator_cardinality": 3850116,
                                                                                    "cumulative_rows_scanned": 5110826,
                                                                                    "operator_rows_scanned": 0,
                                                                                    "operator_timing": 0.20263352900000078,
                                                                                    "result_set_size": 184805568,
                                                                                    "children": [
                                                                                        {
                                                                                            "operator_name": "READ_PARQUET ",
                                                                                            "cpu_time": 0.3679674989999996,
                                                                                            "extra_info": {
                                                                                                "Function": "READ_PARQUET",
                                                                                                "Projections": [
                                                                                                    "id",
                                                                                                    "creationdate",
                                                                                                    "owneruserid",
                                                                                                    "title"
                                                                                                ],
                                                                                                "Estimated Cardinality": "3850116"
                                                                                            },
                                                                                            "cumulative_cardinality": 3850116,
                                                                                            "operator_type": "TABLE_SCAN",
                                                                                            "operator_cardinality": 3850116,
                                                                                            "cumulative_rows_scanned": 3850116,
                                                                                            "operator_rows_scanned": 3850116,
                                                                                            "operator_timing": 0.3679674989999996,
                                                                                            "result_set_size": 123203712,
                                                                                            "children": []
                                                                                        },
                                                                                        {
                                                                                            "operator_name": "READ_PARQUET ",
                                                                                            "cpu_time": 0.07610940899999995,
                                                                                            "extra_info": {
                                                                                                "Function": "READ_PARQUET",
                                                                                                "Projections": [
                                                                                                    "id",
                                                                                                    "displayname"
                                                                                                ],
                                                                                                "Estimated Cardinality": "1260710"
                                                                                            },
                                                                                            "cumulative_cardinality": 1260710,
                                                                                            "operator_type": "TABLE_SCAN",
                                                                                            "operator_cardinality": 1260710,
                                                                                            "cumulative_rows_scanned": 1260710,
                                                                                            "operator_rows_scanned": 1260710,
                                                                                            "operator_timing": 0.07610940899999995,
                                                                                            "result_set_size": 25214200,
                                                                                            "children": []
                                                                                        }
                                                                                    ]
                                                                                }
                                                                            ]
                                                                        },
                                                                        {
                                                                            "operator_name": "PROJECTION",
                                                                            "cpu_time": 0.12614692300000002,
                                                                            "extra_info": {
                                                                                "Projections": [
                                                                                    "#0",
                                                                                    "__internal_compress_integral_utinyint(#1, 1)"
                                                                                ],
                                                                                "Estimated Cardinality": "12744093"
                                                                            },
                                                                            "cumulative_cardinality": 25488186,
                                                                            "operator_type": "PROJECTION",
                                                                            "operator_cardinality": 12744093,
                                                                            "cumulative_rows_scanned": 12744093,
                                                                            "operator_rows_scanned": 0,
                                                                            "operator_timing": 0.002892766999999967,
                                                                            "result_set_size": 63720465,
                                                                            "children": [
                                                                                {
                                                                                    "operator_name": "READ_PARQUET ",
                                                                                    "cpu_time": 0.12325415600000006,
                                                                                    "extra_info": {
                                                                                        "Function": "READ_PARQUET",
                                                                                        "Projections": [
                                                                                            "postid",
                                                                                            "votetypeid"
                                                                                        ],
                                                                                        "Estimated Cardinality": "12744093"
                                                                                    },
                                                                                    "cumulative_cardinality": 12744093,
                                                                                    "operator_type": "TABLE_SCAN",
                                                                                    "operator_cardinality": 12744093,
                                                                                    "cumulative_rows_scanned": 12744093,
                                                                                    "operator_rows_scanned": 12744093,
                                                                                    "operator_timing": 0.12325415600000006,
                                                                                    "result_set_size": 76464558,
                                                                                    "children": []
                                                                                }
                                                                            ]
                                                                        }
                                                                    ]
                                                                }
                                                            ]
                                                        },
                                                        {
                                                            "operator_name": "READ_PARQUET ",
                                                            "cpu_time": 0.021391758999999996,
                                                            "extra_info": {
                                                                "Function": "READ_PARQUET",
                                                                "Projections": [
                                                                    "id",
                                                                    "userid"
                                                                ],
                                                                "Estimated Cardinality": "2321724"
                                                            },
                                                            "cumulative_cardinality": 2321724,
                                                            "operator_type": "TABLE_SCAN",
                                                            "operator_cardinality": 2321724,
                                                            "cumulative_rows_scanned": 2321724,
                                                            "operator_rows_scanned": 2321724,
                                                            "operator_timing": 0.021391758999999996,
                                                            "result_set_size": 18573792,
                                                            "children": []
                                                        }
                                                    ]
                                                },
                                                {
                                                    "operator_name": "READ_PARQUET ",
                                                    "cpu_time": 0.049337099999999974,
                                                    "extra_info": {
                                                        "Function": "READ_PARQUET",
                                                        "Projections": [
                                                            "postid",
                                                            "relatedpostid"
                                                        ],
                                                        "Estimated Cardinality": "412991"
                                                    },
                                                    "cumulative_cardinality": 412991,
                                                    "operator_type": "TABLE_SCAN",
                                                    "operator_cardinality": 412991,
                                                    "cumulative_rows_scanned": 412991,
                                                    "operator_rows_scanned": 412991,
                                                    "operator_timing": 0.049337099999999974,
                                                    "result_set_size": 3303928,
                                                    "children": []
                                                }
                                            ]
                                        }
                                    ]
                                }
                            ]
                        }
                    ]
                }
            ]
        }
    ]
}