{
    "rows_returned": 261413,
    "query_name": "WITH PostDetails AS (\n    SELECT \n        p.Id AS PostId,\n        p.Title,\n        p.CreationDate,\n        p.Score,\n        p.ViewCount,\n        p.OwnerUserId,\n        p.AnswerCount,\n        p.CommentCount,\n        p.FavoriteCount,\n        p.LastActivityDate,\n        u.Reputation AS OwnerReputation,\n        u.DisplayName AS OwnerDisplayName\n    FROM \n        Posts p\n    JOIN \n        Users u ON p.OwnerUserId = u.Id\n    WHERE \n        p.CreationDate >= '2023-01-01'\n),\nVoteStats AS (\n    SELECT \n        v.PostId,\n        COUNT(CASE WHEN v.VoteTypeId = 2 THEN 1 END) AS UpVoteCount,\n        COUNT(CASE WHEN v.VoteTypeId = 3 THEN 1 END) AS DownVoteCount\n    FROM \n        Votes v\n    GROUP BY \n        v.PostId\n),\nCommentCounts AS (\n    SELECT \n        c.PostId,\n        COUNT(c.Id) AS TotalComments\n    FROM \n        Comments c\n    GROUP BY \n        c.PostId\n)\nSELECT \n    pd.PostId,\n    pd.Title,\n    pd.CreationDate,\n    pd.Score,\n    pd.ViewCount,\n    pd.OwnerReputation,\n    pd.OwnerDisplayName,\n    COALESCE(vs.UpVoteCount, 0) AS UpVoteCount,\n    COALESCE(vs.DownVoteCount, 0) AS DownVoteCount,\n    COALESCE(cc.TotalComments, 0) AS TotalComments,\n    pd.AnswerCount,\n    pd.CommentCount,\n    pd.FavoriteCount,\n    pd.LastActivityDate\nFROM \n    PostDetails pd\nLEFT JOIN \n    VoteStats vs ON pd.PostId = vs.PostId\nLEFT JOIN \n    CommentCounts cc ON pd.PostId = cc.PostId\nORDER BY \n    pd.CreationDate DESC;",
    "blocked_thread_time": 0.0,
    "cpu_time": 1.7849734359999956,
    "extra_info": {},
    "cumulative_cardinality": 49714125,
    "cumulative_rows_scanned": 25096741,
    "result_set_size": 26141300,
    "latency": 2.290319104,
    "children": [
        {
            "operator_name": "PROJECTION",
            "cpu_time": 1.7849734359999956,
            "extra_info": {
                "Projections": [
                    "#0",
                    "#1",
                    "#2",
                    "__internal_decompress_integral_integer(#3, -72)",
                    "#4",
                    "#5",
                    "#6",
                    "#7",
                    "#8",
                    "#9",
                    "__internal_decompress_integral_integer(#10, 0)",
                    "__internal_decompress_integral_integer(#11, 0)",
                    "#12",
                    "#13"
                ],
                "Estimated Cardinality": "6372046"
            },
            "cumulative_cardinality": 49714125,
            "operator_type": "PROJECTION",
            "operator_cardinality": 261413,
            "cumulative_rows_scanned": 25096741,
            "operator_rows_scanned": 0,
            "operator_timing": 0.001109818,
            "result_set_size": 26141300,
            "children": [
                {
                    "operator_name": "ORDER_BY",
                    "cpu_time": 1.7838636179999956,
                    "extra_info": {
                        "Order By": "pd.CreationDate DESC"
                    },
                    "cumulative_cardinality": 49452712,
                    "operator_type": "ORDER_BY",
                    "operator_cardinality": 261413,
                    "cumulative_rows_scanned": 25096741,
                    "operator_rows_scanned": 0,
                    "operator_timing": 0.043570892000000014,
                    "result_set_size": 24049996,
                    "children": [
                        {
                            "operator_name": "PROJECTION",
                            "cpu_time": 1.7402927259999956,
                            "extra_info": {
                                "Projections": [
                                    "#0",
                                    "#1",
                                    "#2",
                                    "__internal_compress_integral_usmallint(#3, -72)",
                                    "#4",
                                    "#5",
                                    "#6",
                                    "#7",
                                    "#8",
                                    "#9",
                                    "__internal_compress_integral_utinyint(#10, 0)",
                                    "__internal_compress_integral_utinyint(#11, 0)",
                                    "#12",
                                    "#13"
                                ],
                                "Estimated Cardinality": "6372046"
                            },
                            "cumulative_cardinality": 49191299,
                            "operator_type": "PROJECTION",
                            "operator_cardinality": 261413,
                            "cumulative_rows_scanned": 25096741,
                            "operator_rows_scanned": 0,
                            "operator_timing": 0.0025672320000000018,
                            "result_set_size": 24049996,
                            "children": [
                                {
                                    "operator_name": "PROJECTION",
                                    "cpu_time": 1.7377254939999955,
                                    "extra_info": {
                                        "Projections": [
                                            "PostId",
                                            "title",
                                            "creationdate",
                                            "score",
                                            "viewcount",
                                            "OwnerReputation",
                                            "OwnerDisplayName",
                                            "UpVoteCount",
                                            "DownVoteCount",
                                            "TotalComments",
                                            "answercount",
                                            "commentcount",
                                            "favoritecount",
                                            "lastactivitydate"
                                        ],
                                        "Estimated Cardinality": "6372046"
                                    },
                                    "cumulative_cardinality": 48929886,
                                    "operator_type": "PROJECTION",
                                    "operator_cardinality": 261413,
                                    "cumulative_rows_scanned": 25096741,
                                    "operator_rows_scanned": 0,
                                    "operator_timing": 0.008288684999999997,
                                    "result_set_size": 26141300,
                                    "children": [
                                        {
                                            "operator_name": "HASH_JOIN",
                                            "cpu_time": 1.7294368089999956,
                                            "extra_info": {
                                                "Join Type": "LEFT",
                                                "Conditions": "PostId = postid",
                                                "Estimated Cardinality": "6372046"
                                            },
                                            "cumulative_cardinality": 48668473,
                                            "operator_type": "HASH_JOIN",
                                            "operator_cardinality": 261413,
                                            "cumulative_rows_scanned": 25096741,
                                            "operator_rows_scanned": 0,
                                            "operator_timing": 0.10724711099999996,
                                            "result_set_size": 26141300,
                                            "children": [
                                                {
                                                    "operator_name": "HASH_JOIN",
                                                    "cpu_time": 1.2997363159999957,
                                                    "extra_info": {
                                                        "Join Type": "RIGHT",
                                                        "Conditions": "postid = PostId",
                                                        "Estimated Cardinality": "6372046"
                                                    },
                                                    "cumulative_cardinality": 31759744,
                                                    "operator_type": "HASH_JOIN",
                                                    "operator_cardinality": 261413,
                                                    "cumulative_rows_scanned": 17854919,
                                                    "operator_rows_scanned": 0,
                                                    "operator_timing": 0.10361303399999992,
                                                    "result_set_size": 24049996,
                                                    "children": [
                                                        {
                                                            "operator_name": "HASH_GROUP_BY",
                                                            "cpu_time": 0.9148895709999958,
                                                            "extra_info": {
                                                                "Groups": "#0",
                                                                "Aggregates": [
                                                                    "count(#1)",
                                                                    "count(#2)"
                                                                ],
                                                                "Estimated Cardinality": "6372046"
                                                            },
                                                            "cumulative_cardinality": 29453413,
                                                            "operator_type": "HASH_GROUP_BY",
                                                            "operator_cardinality": 3965227,
                                                            "cumulative_rows_scanned": 12744093,
                                                            "operator_rows_scanned": 0,
                                                            "operator_timing": 0.6684980689999965,
                                                            "result_set_size": 79304540,
                                                            "children": [
                                                                {
                                                                    "operator_name": "PROJECTION",
                                                                    "cpu_time": 0.24639150199999932,
                                                                    "extra_info": {
                                                                        "Projections": [
                                                                            "postid",
                                                                            "CASE  WHEN ((votetypeid = 2)) THEN (1) ELSE NULL END",
                                                                            "CASE  WHEN ((votetypeid = 3)) THEN (1) ELSE NULL END"
                                                                        ],
                                                                        "Estimated Cardinality": "12744093"
                                                                    },
                                                                    "cumulative_cardinality": 25488186,
                                                                    "operator_type": "PROJECTION",
                                                                    "operator_cardinality": 12744093,
                                                                    "cumulative_rows_scanned": 12744093,
                                                                    "operator_rows_scanned": 0,
                                                                    "operator_timing": 0.1164749979999999,
                                                                    "result_set_size": 152929116,
                                                                    "children": [
                                                                        {
                                                                            "operator_name": "READ_PARQUET ",
                                                                            "cpu_time": 0.1299165039999994,
                                                                            "extra_info": {
                                                                                "Function": "READ_PARQUET",
                                                                                "Projections": [
                                                                                    "postid",
                                                                                    "votetypeid"
                                                                                ],
                                                                                "Estimated Cardinality": "12744093"
                                                                            },
                                                                            "cumulative_cardinality": 12744093,
                                                                            "operator_type": "TABLE_SCAN",
                                                                            "operator_cardinality": 12744093,
                                                                            "cumulative_rows_scanned": 12744093,
                                                                            "operator_rows_scanned": 12744093,
                                                                            "operator_timing": 0.1299165039999994,
                                                                            "result_set_size": 76464558,
                                                                            "children": []
                                                                        }
                                                                    ]
                                                                }
                                                            ]
                                                        },
                                                        {
                                                            "operator_name": "PROJECTION",
                                                            "cpu_time": 0.2812337110000001,
                                                            "extra_info": {
                                                                "Projections": [
                                                                    "PostId",
                                                                    "title",
                                                                    "creationdate",
                                                                    "score",
                                                                    "viewcount",
                                                                    "answercount",
                                                                    "commentcount",
                                                                    "favoritecount",
                                                                    "lastactivitydate",
                                                                    "OwnerReputation",
                                                                    "OwnerDisplayName"
                                                                ],
                                                                "Estimated Cardinality": "770023"
                                                            },
                                                            "cumulative_cardinality": 2044918,
                                                            "operator_type": "PROJECTION",
                                                            "operator_cardinality": 261413,
                                                            "cumulative_rows_scanned": 5110826,
                                                            "operator_rows_scanned": 0,
                                                            "operator_timing": 0.00010052899999999999,
                                                            "result_set_size": 19867388,
                                                            "children": [
                                                                {
                                                                    "operator_name": "HASH_JOIN",
                                                                    "cpu_time": 0.2811331820000001,
                                                                    "extra_info": {
                                                                        "Join Type": "INNER",
                                                                        "Conditions": "owneruserid = id",
                                                                        "Estimated Cardinality": "770023"
                                                                    },
                                                                    "cumulative_cardinality": 1783505,
                                                                    "operator_type": "HASH_JOIN",
                                                                    "operator_cardinality": 261413,
                                                                    "cumulative_rows_scanned": 5110826,
                                                                    "operator_rows_scanned": 0,
                                                                    "operator_timing": 0.08897083,
                                                                    "result_set_size": 19867388,
                                                                    "children": [
                                                                        {
                                                                            "operator_name": "READ_PARQUET ",
                                                                            "cpu_time": 0.09841682000000004,
                                                                            "extra_info": {
                                                                                "Function": "READ_PARQUET",
                                                                                "Projections": [
                                                                                    "id",
                                                                                    "creationdate",
                                                                                    "score",
                                                                                    "viewcount",
                                                                                    "owneruserid",
                                                                                    "lastactivitydate",
                                                                                    "title",
                                                                                    "answercount",
                                                                                    "commentcount",
                                                                                    "favoritecount"
                                                                                ],
                                                                                "Filters": "creationdate>='2023-01-01 00:00:00'::TIMESTAMP",
                                                                                "Estimated Cardinality": "770023"
                                                                            },
                                                                            "cumulative_cardinality": 261413,
                                                                            "operator_type": "TABLE_SCAN",
                                                                            "operator_cardinality": 261413,
                                                                            "cumulative_rows_scanned": 3850116,
                                                                            "operator_rows_scanned": 3850116,
                                                                            "operator_timing": 0.09841682000000004,
                                                                            "result_set_size": 15684780,
                                                                            "children": []
                                                                        },
                                                                        {
                                                                            "operator_name": "READ_PARQUET ",
                                                                            "cpu_time": 0.09374553200000005,
                                                                            "extra_info": {
                                                                                "Function": "READ_PARQUET",
                                                                                "Projections": [
                                                                                    "id",
                                                                                    "reputation",
                                                                                    "displayname"
                                                                                ],
                                                                                "Filters": "id<=1416539",
                                                                                "Estimated Cardinality": "1260710"
                                                                            },
                                                                            "cumulative_cardinality": 1260679,
                                                                            "operator_type": "TABLE_SCAN",
                                                                            "operator_cardinality": 1260679,
                                                                            "cumulative_rows_scanned": 1260710,
                                                                            "operator_rows_scanned": 1260710,
                                                                            "operator_timing": 0.09374553200000005,
                                                                            "result_set_size": 30256296,
                                                                            "children": []
                                                                        }
                                                                    ]
                                                                }
                                                            ]
                                                        }
                                                    ]
                                                },
                                                {
                                                    "operator_name": "HASH_GROUP_BY",
                                                    "cpu_time": 0.32245338200000007,
                                                    "extra_info": {
                                                        "Groups": "#0",
                                                        "Aggregates": "count_star()",
                                                        "Estimated Cardinality": "3620911"
                                                    },
                                                    "cumulative_cardinality": 16647316,
                                                    "operator_type": "HASH_GROUP_BY",
                                                    "operator_cardinality": 2163672,
                                                    "cumulative_rows_scanned": 7241822,
                                                    "operator_rows_scanned": 0,
                                                    "operator_timing": 0.24790193699999996,
                                                    "result_set_size": 25964064,
                                                    "children": [
                                                        {
                                                            "operator_name": "PROJECTION",
                                                            "cpu_time": 0.07455144500000009,
                                                            "extra_info": {
                                                                "Projections": "postid",
                                                                "Estimated Cardinality": "7241822"
                                                            },
                                                            "cumulative_cardinality": 14483644,
                                                            "operator_type": "PROJECTION",
                                                            "operator_cardinality": 7241822,
                                                            "cumulative_rows_scanned": 7241822,
                                                            "operator_rows_scanned": 0,
                                                            "operator_timing": 0.0004132979999999949,
                                                            "result_set_size": 28967288,
                                                            "children": [
                                                                {
                                                                    "operator_name": "READ_PARQUET ",
                                                                    "cpu_time": 0.0741381470000001,
                                                                    "extra_info": {
                                                                        "Function": "READ_PARQUET",
                                                                        "Projections": [
                                                                            "id",
                                                                            "postid"
                                                                        ],
                                                                        "Estimated Cardinality": "7241822"
                                                                    },
                                                                    "cumulative_cardinality": 7241822,
                                                                    "operator_type": "TABLE_SCAN",
                                                                    "operator_cardinality": 7241822,
                                                                    "cumulative_rows_scanned": 7241822,
                                                                    "operator_rows_scanned": 7241822,
                                                                    "operator_timing": 0.0741381470000001,
                                                                    "result_set_size": 57934576,
                                                                    "children": []
                                                                }
                                                            ]
                                                        }
                                                    ]
                                                }
                                            ]
                                        }
                                    ]
                                }
                            ]
                        }
                    ]
                }
            ]
        }
    ]
}