{
    "rows_returned": 8,
    "query_name": "SELECT\n    pt.Name AS PostType,\n    COUNT(p.Id) AS TotalPosts,\n    AVG(p.Score) AS AverageScore,\n    SUM(COALESCE(v.VoteCount, 0)) AS TotalVotes,\n    COUNT(DISTINCT u.Id) AS TotalUsers\nFROM \n    PostTypes pt\nLEFT JOIN \n    Posts p ON p.PostTypeId = pt.Id\nLEFT JOIN \n    (SELECT PostId, COUNT(Id) AS VoteCount FROM Votes GROUP BY PostId) v ON v.PostId = p.Id\nLEFT JOIN \n    Users u ON u.Id = p.OwnerUserId\nGROUP BY \n    pt.Name\nORDER BY \n    TotalPosts DESC;",
    "blocked_thread_time": 0.0,
    "cpu_time": 1.9026635059999986,
    "extra_info": {},
    "cumulative_cardinality": 57664965,
    "cumulative_rows_scanned": 17854927,
    "result_set_size": 448,
    "latency": 2.185508653,
    "children": [
        {
            "operator_name": "ORDER_BY",
            "cpu_time": 1.9026635059999986,
            "extra_info": {
                "Order By": "count(p.Id) DESC"
            },
            "cumulative_cardinality": 57664965,
            "operator_type": "ORDER_BY",
            "operator_cardinality": 8,
            "cumulative_rows_scanned": 17854927,
            "operator_rows_scanned": 0,
            "operator_timing": 0.000051827000000000004,
            "result_set_size": 448,
            "children": [
                {
                    "operator_name": "HASH_GROUP_BY",
                    "cpu_time": 1.9026116789999985,
                    "extra_info": {
                        "Groups": "#0",
                        "Aggregates": [
                            "count(#1)",
                            "avg(#2)",
                            "sum(#3)",
                            "count(DISTINCT #4)"
                        ],
                        "Estimated Cardinality": "8"
                    },
                    "cumulative_cardinality": 57664957,
                    "operator_type": "HASH_GROUP_BY",
                    "operator_cardinality": 8,
                    "cumulative_rows_scanned": 17854927,
                    "operator_rows_scanned": 0,
                    "operator_timing": 0.24547495599999963,
                    "result_set_size": 448,
                    "children": [
                        {
                            "operator_name": "PROJECTION",
                            "cpu_time": 1.657136722999999,
                            "extra_info": {
                                "Projections": [
                                    "name",
                                    "id",
                                    "score",
                                    "COALESCE(VoteCount, 0)",
                                    "id"
                                ],
                                "Estimated Cardinality": "6372046"
                            },
                            "cumulative_cardinality": 57664949,
                            "operator_type": "PROJECTION",
                            "operator_cardinality": 3850117,
                            "cumulative_rows_scanned": 17854927,
                            "operator_rows_scanned": 0,
                            "operator_timing": 0.041073271000000036,
                            "result_set_size": 138604212,
                            "children": [
                                {
                                    "operator_name": "HASH_JOIN",
                                    "cpu_time": 1.6160634519999988,
                                    "extra_info": {
                                        "Join Type": "LEFT",
                                        "Conditions": "owneruserid = id",
                                        "Estimated Cardinality": "6372046"
                                    },
                                    "cumulative_cardinality": 53814832,
                                    "operator_type": "HASH_JOIN",
                                    "operator_cardinality": 3850117,
                                    "cumulative_rows_scanned": 17854927,
                                    "operator_rows_scanned": 0,
                                    "operator_timing": 0.20982964100000018,
                                    "result_set_size": 138604212,
                                    "children": [
                                        {
                                            "operator_name": "PROJECTION",
                                            "cpu_time": 1.3992012929999986,
                                            "extra_info": {
                                                "Projections": [
                                                    "#0",
                                                    "#1",
                                                    "__internal_decompress_integral_integer(#2, -72)",
                                                    "#3",
                                                    "#4"
                                                ],
                                                "Estimated Cardinality": "6372046"
                                            },
                                            "cumulative_cardinality": 48704005,
                                            "operator_type": "PROJECTION",
                                            "operator_cardinality": 3850117,
                                            "cumulative_rows_scanned": 16594217,
                                            "operator_rows_scanned": 0,
                                            "operator_timing": 0.002155833000000006,
                                            "result_set_size": 138604212,
                                            "children": [
                                                {
                                                    "operator_name": "HASH_JOIN",
                                                    "cpu_time": 1.3970454599999986,
                                                    "extra_info": {
                                                        "Join Type": "RIGHT",
                                                        "Conditions": "postid = id",
                                                        "Estimated Cardinality": "6372046"
                                                    },
                                                    "cumulative_cardinality": 44853888,
                                                    "operator_type": "HASH_JOIN",
                                                    "operator_cardinality": 3850117,
                                                    "cumulative_rows_scanned": 16594217,
                                                    "operator_rows_scanned": 0,
                                                    "operator_timing": 0.48894619900000064,
                                                    "result_set_size": 130903978,
                                                    "children": [
                                                        {
                                                            "operator_name": "HASH_GROUP_BY",
                                                            "cpu_time": 0.725536370999998,
                                                            "extra_info": {
                                                                "Groups": "#0",
                                                                "Aggregates": "count_star()",
                                                                "Estimated Cardinality": "6372046"
                                                            },
                                                            "cumulative_cardinality": 29453413,
                                                            "operator_type": "HASH_GROUP_BY",
                                                            "operator_cardinality": 3965227,
                                                            "cumulative_rows_scanned": 12744093,
                                                            "operator_rows_scanned": 0,
                                                            "operator_timing": 0.5844217959999983,
                                                            "result_set_size": 47582724,
                                                            "children": [
                                                                {
                                                                    "operator_name": "PROJECTION",
                                                                    "cpu_time": 0.14111457499999971,
                                                                    "extra_info": {
                                                                        "Projections": "postid",
                                                                        "Estimated Cardinality": "12744093"
                                                                    },
                                                                    "cumulative_cardinality": 25488186,
                                                                    "operator_type": "PROJECTION",
                                                                    "operator_cardinality": 12744093,
                                                                    "cumulative_rows_scanned": 12744093,
                                                                    "operator_rows_scanned": 0,
                                                                    "operator_timing": 0.0007758620000000052,
                                                                    "result_set_size": 50976372,
                                                                    "children": [
                                                                        {
                                                                            "operator_name": "READ_PARQUET ",
                                                                            "cpu_time": 0.1403387129999997,
                                                                            "extra_info": {
                                                                                "Function": "READ_PARQUET",
                                                                                "Projections": [
                                                                                    "id",
                                                                                    "postid"
                                                                                ],
                                                                                "Estimated Cardinality": "12744093"
                                                                            },
                                                                            "cumulative_cardinality": 12744093,
                                                                            "operator_type": "TABLE_SCAN",
                                                                            "operator_cardinality": 12744093,
                                                                            "cumulative_rows_scanned": 12744093,
                                                                            "operator_rows_scanned": 12744093,
                                                                            "operator_timing": 0.1403387129999997,
                                                                            "result_set_size": 101952744,
                                                                            "children": []
                                                                        }
                                                                    ]
                                                                }
                                                            ]
                                                        },
                                                        {
                                                            "operator_name": "PROJECTION",
                                                            "cpu_time": 0.18256289000000012,
                                                            "extra_info": {
                                                                "Projections": [
                                                                    "#0",
                                                                    "__internal_compress_integral_usmallint(#1, -72)",
                                                                    "#2",
                                                                    "#3"
                                                                ],
                                                                "Estimated Cardinality": "3850116"
                                                            },
                                                            "cumulative_cardinality": 11550358,
                                                            "operator_type": "PROJECTION",
                                                            "operator_cardinality": 3850117,
                                                            "cumulative_rows_scanned": 3850124,
                                                            "operator_rows_scanned": 0,
                                                            "operator_timing": 0.0016669310000000026,
                                                            "result_set_size": 100103042,
                                                            "children": [
                                                                {
                                                                    "operator_name": "HASH_JOIN",
                                                                    "cpu_time": 0.1808959590000001,
                                                                    "extra_info": {
                                                                        "Join Type": "RIGHT",
                                                                        "Conditions": "posttypeid = id",
                                                                        "Estimated Cardinality": "3850116"
                                                                    },
                                                                    "cumulative_cardinality": 7700241,
                                                                    "operator_type": "HASH_JOIN",
                                                                    "operator_cardinality": 3850117,
                                                                    "cumulative_rows_scanned": 3850124,
                                                                    "operator_rows_scanned": 0,
                                                                    "operator_timing": 0.07294160900000003,
                                                                    "result_set_size": 107803276,
                                                                    "children": [
                                                                        {
                                                                            "operator_name": "READ_PARQUET ",
                                                                            "cpu_time": 0.10765563100000008,
                                                                            "extra_info": {
                                                                                "Function": "READ_PARQUET",
                                                                                "Projections": [
                                                                                    "id",
                                                                                    "posttypeid",
                                                                                    "score",
                                                                                    "owneruserid"
                                                                                ],
                                                                                "Estimated Cardinality": "3850116"
                                                                            },
                                                                            "cumulative_cardinality": 3850116,
                                                                            "operator_type": "TABLE_SCAN",
                                                                            "operator_cardinality": 3850116,
                                                                            "cumulative_rows_scanned": 3850116,
                                                                            "operator_rows_scanned": 3850116,
                                                                            "operator_timing": 0.10765563100000008,
                                                                            "result_set_size": 53901624,
                                                                            "children": []
                                                                        },
                                                                        {
                                                                            "operator_name": "READ_PARQUET ",
                                                                            "cpu_time": 0.00029871899999999997,
                                                                            "extra_info": {
                                                                                "Function": "READ_PARQUET",
                                                                                "Projections": [
                                                                                    "id",
                                                                                    "name"
                                                                                ],
                                                                                "Estimated Cardinality": "8"
                                                                            },
                                                                            "cumulative_cardinality": 8,
                                                                            "operator_type": "TABLE_SCAN",
                                                                            "operator_cardinality": 8,
                                                                            "cumulative_rows_scanned": 8,
                                                                            "operator_rows_scanned": 8,
                                                                            "operator_timing": 0.00029871899999999997,
                                                                            "result_set_size": 144,
                                                                            "children": []
                                                                        }
                                                                    ]
                                                                }
                                                            ]
                                                        }
                                                    ]
                                                }
                                            ]
                                        },
                                        {
                                            "operator_name": "READ_PARQUET ",
                                            "cpu_time": 0.007032518000000013,
                                            "extra_info": {
                                                "Function": "READ_PARQUET",
                                                "Projections": "id",
                                                "Estimated Cardinality": "1260710"
                                            },
                                            "cumulative_cardinality": 1260710,
                                            "operator_type": "TABLE_SCAN",
                                            "operator_cardinality": 1260710,
                                            "cumulative_rows_scanned": 1260710,
                                            "operator_rows_scanned": 1260710,
                                            "operator_timing": 0.007032518000000013,
                                            "result_set_size": 5042840,
                                            "children": []
                                        }
                                    ]
                                }
                            ]
                        }
                    ]
                }
            ]
        }
    ]
}