{
    "rows_returned": 3850116,
    "query_name": "WITH PostStats AS (\n    SELECT \n        p.Id AS PostId,\n        pt.Name AS PostType,\n        COUNT(c.Id) AS CommentCount,\n        COUNT(DISTINCT v.UserId) AS VoteCount,\n        AVG(u.Reputation) AS AvgUserReputation\n    FROM \n        Posts p\n    LEFT JOIN \n        PostTypes pt ON p.PostTypeId = pt.Id\n    LEFT JOIN \n        Comments c ON p.Id = c.PostId\n    LEFT JOIN \n        Votes v ON p.Id = v.PostId\n    LEFT JOIN \n        Users u ON v.UserId = u.Id\n    GROUP BY \n        p.Id, pt.Name\n),\nPostHistoryStats AS (\n    SELECT \n        ph.PostId,\n        COUNT(*) AS HistoryCount,\n        COUNT(CASE WHEN ph.PostHistoryTypeId = 10 THEN 1 END) AS CloseCount,\n        COUNT(CASE WHEN ph.PostHistoryTypeId = 11 THEN 1 END) AS ReopenCount\n    FROM \n        PostHistory ph\n    GROUP BY \n        ph.PostId\n)\nSELECT \n    ps.PostId,\n    ps.PostType,\n    ps.CommentCount,\n    ps.VoteCount,\n    ps.AvgUserReputation,\n    phs.HistoryCount,\n    phs.CloseCount,\n    phs.ReopenCount\nFROM \n    PostStats ps\nLEFT JOIN \n    PostHistoryStats phs ON ps.PostId = phs.PostId\nORDER BY \n    ps.VoteCount DESC, ps.CommentCount DESC;",
    "blocked_thread_time": 0.0,
    "cpu_time": 7.6590327670000145,
    "extra_info": {},
    "cumulative_cardinality": 186104969,
    "cumulative_rows_scanned": 36891993,
    "result_set_size": 261807888,
    "latency": 11.756955772,
    "children": [
        {
            "operator_name": "ORDER_BY",
            "cpu_time": 7.6590327670000145,
            "extra_info": {
                "Order By": [
                    "ps.VoteCount DESC",
                    "ps.CommentCount DESC"
                ]
            },
            "cumulative_cardinality": 186104969,
            "operator_type": "ORDER_BY",
            "operator_cardinality": 3850116,
            "cumulative_rows_scanned": 36891993,
            "operator_rows_scanned": 0,
            "operator_timing": 0.32540905399999986,
            "result_set_size": 261807888,
            "children": [
                {
                    "operator_name": "PROJECTION",
                    "cpu_time": 7.333623713000015,
                    "extra_info": {
                        "Projections": [
                            "PostId",
                            "PostType",
                            "CommentCount",
                            "VoteCount",
                            "AvgUserReputation",
                            "HistoryCount",
                            "CloseCount",
                            "ReopenCount"
                        ],
                        "Estimated Cardinality": "5897622"
                    },
                    "cumulative_cardinality": 182254853,
                    "operator_type": "PROJECTION",
                    "operator_cardinality": 3850116,
                    "cumulative_rows_scanned": 36891993,
                    "operator_rows_scanned": 0,
                    "operator_timing": 0.0010676710000000025,
                    "result_set_size": 261807888,
                    "children": [
                        {
                            "operator_name": "HASH_JOIN",
                            "cpu_time": 7.332556042000014,
                            "extra_info": {
                                "Join Type": "RIGHT",
                                "Conditions": "postid = PostId",
                                "Estimated Cardinality": "5897622"
                            },
                            "cumulative_cardinality": 178404737,
                            "operator_type": "HASH_JOIN",
                            "operator_cardinality": 3850116,
                            "cumulative_rows_scanned": 36891993,
                            "operator_rows_scanned": 0,
                            "operator_timing": 0.4662092960000005,
                            "result_set_size": 261807888,
                            "children": [
                                {
                                    "operator_name": "HASH_GROUP_BY",
                                    "cpu_time": 0.8527395389999983,
                                    "extra_info": {
                                        "Groups": "#0",
                                        "Aggregates": [
                                            "count_star()",
                                            "count(#1)",
                                            "count(#2)"
                                        ],
                                        "Estimated Cardinality": "5897622"
                                    },
                                    "cumulative_cardinality": 27440604,
                                    "operator_type": "HASH_GROUP_BY",
                                    "operator_cardinality": 3850116,
                                    "cumulative_rows_scanned": 11795244,
                                    "operator_rows_scanned": 0,
                                    "operator_timing": 0.6585722929999994,
                                    "result_set_size": 107803248,
                                    "children": [
                                        {
                                            "operator_name": "PROJECTION",
                                            "cpu_time": 0.19416724599999885,
                                            "extra_info": {
                                                "Projections": [
                                                    "postid",
                                                    "CASE  WHEN ((posthistorytypeid = 10)) THEN (1) ELSE NULL END",
                                                    "CASE  WHEN ((posthistorytypeid = 11)) THEN (1) ELSE NULL END"
                                                ],
                                                "Estimated Cardinality": "11795244"
                                            },
                                            "cumulative_cardinality": 23590488,
                                            "operator_type": "PROJECTION",
                                            "operator_cardinality": 11795244,
                                            "cumulative_rows_scanned": 11795244,
                                            "operator_rows_scanned": 0,
                                            "operator_timing": 0.07212919799999941,
                                            "result_set_size": 141542928,
                                            "children": [
                                                {
                                                    "operator_name": "READ_PARQUET ",
                                                    "cpu_time": 0.12203804799999943,
                                                    "extra_info": {
                                                        "Function": "READ_PARQUET",
                                                        "Projections": [
                                                            "posthistorytypeid",
                                                            "postid"
                                                        ],
                                                        "Estimated Cardinality": "11795244"
                                                    },
                                                    "cumulative_cardinality": 11795244,
                                                    "operator_type": "TABLE_SCAN",
                                                    "operator_cardinality": 11795244,
                                                    "cumulative_rows_scanned": 11795244,
                                                    "operator_rows_scanned": 11795244,
                                                    "operator_timing": 0.12203804799999943,
                                                    "result_set_size": 70771464,
                                                    "children": []
                                                }
                                            ]
                                        }
                                    ]
                                },
                                {
                                    "operator_name": "HASH_GROUP_BY",
                                    "cpu_time": 6.013607207000016,
                                    "extra_info": {
                                        "Groups": [
                                            "#0",
                                            "#1"
                                        ],
                                        "Aggregates": [
                                            "count(#2)",
                                            "count(DISTINCT #3)",
                                            "avg(#4)"
                                        ],
                                        "Estimated Cardinality": "3850116"
                                    },
                                    "cumulative_cardinality": 147114017,
                                    "operator_type": "HASH_GROUP_BY",
                                    "operator_cardinality": 3850116,
                                    "cumulative_rows_scanned": 25096749,
                                    "operator_rows_scanned": 0,
                                    "operator_timing": 3.241454520000009,
                                    "result_set_size": 169405104,
                                    "children": [
                                        {
                                            "operator_name": "PROJECTION",
                                            "cpu_time": 2.7721526870000064,
                                            "extra_info": {
                                                "Projections": [
                                                    "id",
                                                    "name",
                                                    "id",
                                                    "userid",
                                                    "reputation"
                                                ],
                                                "Estimated Cardinality": "12744093"
                                            },
                                            "cumulative_cardinality": 143263901,
                                            "operator_type": "PROJECTION",
                                            "operator_cardinality": 35129590,
                                            "cumulative_rows_scanned": 25096749,
                                            "operator_rows_scanned": 0,
                                            "operator_timing": 0.006510963000000244,
                                            "result_set_size": 1124146880,
                                            "children": [
                                                {
                                                    "operator_name": "HASH_JOIN",
                                                    "cpu_time": 2.765641724000006,
                                                    "extra_info": {
                                                        "Join Type": "LEFT",
                                                        "Conditions": "userid = id",
                                                        "Estimated Cardinality": "12744093"
                                                    },
                                                    "cumulative_cardinality": 108134311,
                                                    "operator_type": "HASH_JOIN",
                                                    "operator_cardinality": 35129590,
                                                    "cumulative_rows_scanned": 25096749,
                                                    "operator_rows_scanned": 0,
                                                    "operator_timing": 0.2782487470000025,
                                                    "result_set_size": 1124146880,
                                                    "children": [
                                                        {
                                                            "operator_name": "HASH_JOIN",
                                                            "cpu_time": 2.4732543360000037,
                                                            "extra_info": {
                                                                "Join Type": "RIGHT",
                                                                "Conditions": "postid = id",
                                                                "Estimated Cardinality": "12744093"
                                                            },
                                                            "cumulative_cardinality": 71744011,
                                                            "operator_type": "HASH_JOIN",
                                                            "operator_cardinality": 35129590,
                                                            "cumulative_rows_scanned": 23836039,
                                                            "operator_rows_scanned": 0,
                                                            "operator_timing": 1.520265020000004,
                                                            "result_set_size": 983628520,
                                                            "children": [
                                                                {
                                                                    "operator_name": "READ_PARQUET ",
                                                                    "cpu_time": 0.20319310400000057,
                                                                    "extra_info": {
                                                                        "Function": "READ_PARQUET",
                                                                        "Projections": [
                                                                            "postid",
                                                                            "userid"
                                                                        ],
                                                                        "Estimated Cardinality": "12744093"
                                                                    },
                                                                    "cumulative_cardinality": 12744093,
                                                                    "operator_type": "TABLE_SCAN",
                                                                    "operator_cardinality": 12744093,
                                                                    "cumulative_rows_scanned": 12744093,
                                                                    "operator_rows_scanned": 12744093,
                                                                    "operator_timing": 0.20319310400000057,
                                                                    "result_set_size": 101952744,
                                                                    "children": []
                                                                },
                                                                {
                                                                    "operator_name": "HASH_JOIN",
                                                                    "cpu_time": 0.7497962119999988,
                                                                    "extra_info": {
                                                                        "Join Type": "RIGHT",
                                                                        "Conditions": "postid = id",
                                                                        "Estimated Cardinality": "7241822"
                                                                    },
                                                                    "cumulative_cardinality": 23870328,
                                                                    "operator_type": "HASH_JOIN",
                                                                    "operator_cardinality": 8928266,
                                                                    "cumulative_rows_scanned": 11091946,
                                                                    "operator_rows_scanned": 0,
                                                                    "operator_timing": 0.5470556869999992,
                                                                    "result_set_size": 214278384,
                                                                    "children": [
                                                                        {
                                                                            "operator_name": "READ_PARQUET ",
                                                                            "cpu_time": 0.11504716199999965,
                                                                            "extra_info": {
                                                                                "Function": "READ_PARQUET",
                                                                                "Projections": [
                                                                                    "id",
                                                                                    "postid"
                                                                                ],
                                                                                "Estimated Cardinality": "7241822"
                                                                            },
                                                                            "cumulative_cardinality": 7241822,
                                                                            "operator_type": "TABLE_SCAN",
                                                                            "operator_cardinality": 7241822,
                                                                            "cumulative_rows_scanned": 7241822,
                                                                            "operator_rows_scanned": 7241822,
                                                                            "operator_timing": 0.11504716199999965,
                                                                            "result_set_size": 57934576,
                                                                            "children": []
                                                                        },
                                                                        {
                                                                            "operator_name": "HASH_JOIN",
                                                                            "cpu_time": 0.087693363,
                                                                            "extra_info": {
                                                                                "Join Type": "LEFT",
                                                                                "Conditions": "posttypeid = id",
                                                                                "Estimated Cardinality": "3850116"
                                                                            },
                                                                            "cumulative_cardinality": 7700240,
                                                                            "operator_type": "HASH_JOIN",
                                                                            "operator_cardinality": 3850116,
                                                                            "cumulative_rows_scanned": 3850124,
                                                                            "operator_rows_scanned": 0,
                                                                            "operator_timing": 0.041548706000000046,
                                                                            "result_set_size": 77002320,
                                                                            "children": [
                                                                                {
                                                                                    "operator_name": "READ_PARQUET ",
                                                                                    "cpu_time": 0.04583058099999996,
                                                                                    "extra_info": {
                                                                                        "Function": "READ_PARQUET",
                                                                                        "Projections": [
                                                                                            "id",
                                                                                            "posttypeid"
                                                                                        ],
                                                                                        "Estimated Cardinality": "3850116"
                                                                                    },
                                                                                    "cumulative_cardinality": 3850116,
                                                                                    "operator_type": "TABLE_SCAN",
                                                                                    "operator_cardinality": 3850116,
                                                                                    "cumulative_rows_scanned": 3850116,
                                                                                    "operator_rows_scanned": 3850116,
                                                                                    "operator_timing": 0.04583058099999996,
                                                                                    "result_set_size": 23100696,
                                                                                    "children": []
                                                                                },
                                                                                {
                                                                                    "operator_name": "READ_PARQUET ",
                                                                                    "cpu_time": 0.000314076,
                                                                                    "extra_info": {
                                                                                        "Function": "READ_PARQUET",
                                                                                        "Projections": [
                                                                                            "id",
                                                                                            "name"
                                                                                        ],
                                                                                        "Estimated Cardinality": "8"
                                                                                    },
                                                                                    "cumulative_cardinality": 8,
                                                                                    "operator_type": "TABLE_SCAN",
                                                                                    "operator_cardinality": 8,
                                                                                    "cumulative_rows_scanned": 8,
                                                                                    "operator_rows_scanned": 8,
                                                                                    "operator_timing": 0.000314076,
                                                                                    "result_set_size": 144,
                                                                                    "children": []
                                                                                }
                                                                            ]
                                                                        }
                                                                    ]
                                                                }
                                                            ]
                                                        },
                                                        {
                                                            "operator_name": "READ_PARQUET ",
                                                            "cpu_time": 0.01413864100000002,
                                                            "extra_info": {
                                                                "Function": "READ_PARQUET",
                                                                "Projections": [
                                                                    "id",
                                                                    "reputation"
                                                                ],
                                                                "Estimated Cardinality": "1260710"
                                                            },
                                                            "cumulative_cardinality": 1260710,
                                                            "operator_type": "TABLE_SCAN",
                                                            "operator_cardinality": 1260710,
                                                            "cumulative_rows_scanned": 1260710,
                                                            "operator_rows_scanned": 1260710,
                                                            "operator_timing": 0.01413864100000002,
                                                            "result_set_size": 10085680,
                                                            "children": []
                                                        }
                                                    ]
                                                }
                                            ]
                                        }
                                    ]
                                }
                            ]
                        }
                    ]
                }
            ]
        }
    ]
}