{
    "rows_returned": 1260710,
    "query_name": "\nWITH UserStats AS (\n    SELECT \n        u.Id AS UserId,\n        u.DisplayName,\n        u.Reputation,\n        COUNT(DISTINCT p.Id) AS TotalPosts,\n        SUM(CASE WHEN p.PostTypeId = 1 THEN 1 ELSE 0 END) AS TotalQuestions,\n        SUM(CASE WHEN p.PostTypeId = 2 THEN 1 ELSE 0 END) AS TotalAnswers,\n        SUM(CASE WHEN v.VoteTypeId = 2 THEN 1 ELSE 0 END) AS TotalUpvotes,\n        SUM(CASE WHEN v.VoteTypeId = 3 THEN 1 ELSE 0 END) AS TotalDownvotes\n    FROM \n        Users u\n    LEFT JOIN \n        Posts p ON u.Id = p.OwnerUserId\n    LEFT JOIN \n        Votes v ON p.Id = v.PostId\n    WHERE \n        u.Reputation > 0  \n    GROUP BY \n        u.Id, u.DisplayName, u.Reputation\n)\n\nSELECT \n    us.UserId,\n    us.DisplayName,\n    us.Reputation,\n    us.TotalPosts,\n    us.TotalQuestions,\n    us.TotalAnswers,\n    us.TotalUpvotes,\n    us.TotalDownvotes,\n    COALESCE(SUM(CASE WHEN ph.Comment IS NOT NULL THEN 1 ELSE 0 END), 0) AS TotalPostEdits\nFROM \n    UserStats us\nLEFT JOIN \n    PostHistory ph ON us.UserId = ph.UserId\nGROUP BY \n    us.UserId, us.DisplayName, us.Reputation, us.TotalPosts, us.TotalQuestions, us.TotalAnswers, us.TotalUpvotes, us.TotalDownvotes\nORDER BY \n    us.Reputation DESC;\n",
    "blocked_thread_time": 0.0,
    "cpu_time": 5.568944269999994,
    "extra_info": {},
    "cumulative_cardinality": 101798923,
    "cumulative_rows_scanned": 29650163,
    "result_set_size": 141199520,
    "latency": 10.188974697,
    "children": [
        {
            "operator_name": "ORDER_BY",
            "cpu_time": 5.568944269999994,
            "extra_info": {
                "Order By": "us.Reputation DESC"
            },
            "cumulative_cardinality": 101798923,
            "operator_type": "ORDER_BY",
            "operator_cardinality": 1260710,
            "cumulative_rows_scanned": 29650163,
            "operator_rows_scanned": 0,
            "operator_timing": 0.08213637999999995,
            "result_set_size": 141199520,
            "children": [
                {
                    "operator_name": "PROJECTION",
                    "cpu_time": 5.486807889999994,
                    "extra_info": {
                        "Projections": [
                            "UserId",
                            "displayname",
                            "reputation",
                            "TotalPosts",
                            "TotalQuestions",
                            "TotalAnswers",
                            "TotalUpvotes",
                            "TotalDownvotes",
                            "TotalPostEdits"
                        ],
                        "Estimated Cardinality": "1260710"
                    },
                    "cumulative_cardinality": 100538213,
                    "operator_type": "PROJECTION",
                    "operator_cardinality": 1260710,
                    "cumulative_rows_scanned": 29650163,
                    "operator_rows_scanned": 0,
                    "operator_timing": 0.006154296999999996,
                    "result_set_size": 141199520,
                    "children": [
                        {
                            "operator_name": "HASH_GROUP_BY",
                            "cpu_time": 5.480653592999994,
                            "extra_info": {
                                "Groups": [
                                    "#0",
                                    "#1",
                                    "#2",
                                    "#3",
                                    "#4",
                                    "#5",
                                    "#6",
                                    "#7"
                                ],
                                "Aggregates": "sum(#8)",
                                "Estimated Cardinality": "1260710"
                            },
                            "cumulative_cardinality": 99277503,
                            "operator_type": "HASH_GROUP_BY",
                            "operator_cardinality": 1260710,
                            "cumulative_rows_scanned": 29650163,
                            "operator_rows_scanned": 0,
                            "operator_timing": 1.0172968469999997,
                            "result_set_size": 141199520,
                            "children": [
                                {
                                    "operator_name": "PROJECTION",
                                    "cpu_time": 4.463356745999994,
                                    "extra_info": {
                                        "Projections": [
                                            "UserId",
                                            "displayname",
                                            "reputation",
                                            "TotalPosts",
                                            "TotalQuestions",
                                            "TotalAnswers",
                                            "TotalUpvotes",
                                            "TotalDownvotes",
                                            "CASE  WHEN ((comment IS NOT NULL)) THEN (1) ELSE 0 END"
                                        ],
                                        "Estimated Cardinality": "11795244"
                                    },
                                    "cumulative_cardinality": 98016793,
                                    "operator_type": "PROJECTION",
                                    "operator_cardinality": 11861331,
                                    "cumulative_rows_scanned": 29650163,
                                    "operator_rows_scanned": 0,
                                    "operator_timing": 0.05697132600000016,
                                    "result_set_size": 1186133100,
                                    "children": [
                                        {
                                            "operator_name": "HASH_JOIN",
                                            "cpu_time": 4.406385419999994,
                                            "extra_info": {
                                                "Join Type": "RIGHT",
                                                "Conditions": "userid = UserId",
                                                "Estimated Cardinality": "11795244"
                                            },
                                            "cumulative_cardinality": 86155462,
                                            "operator_type": "HASH_JOIN",
                                            "operator_cardinality": 11861331,
                                            "cumulative_rows_scanned": 29650163,
                                            "operator_rows_scanned": 0,
                                            "operator_timing": 0.5235812439999941,
                                            "result_set_size": 1328469072,
                                            "children": [
                                                {
                                                    "operator_name": "READ_PARQUET ",
                                                    "cpu_time": 0.4809811629999997,
                                                    "extra_info": {
                                                        "Function": "READ_PARQUET",
                                                        "Projections": [
                                                            "userid",
                                                            "comment"
                                                        ],
                                                        "Estimated Cardinality": "11795244"
                                                    },
                                                    "cumulative_cardinality": 10974737,
                                                    "operator_type": "TABLE_SCAN",
                                                    "operator_cardinality": 10974737,
                                                    "cumulative_rows_scanned": 11795244,
                                                    "operator_rows_scanned": 11795244,
                                                    "operator_timing": 0.4809811629999997,
                                                    "result_set_size": 219494740,
                                                    "children": []
                                                },
                                                {
                                                    "operator_name": "HASH_GROUP_BY",
                                                    "cpu_time": 3.401823013000001,
                                                    "extra_info": {
                                                        "Groups": [
                                                            "#0",
                                                            "#1",
                                                            "#2"
                                                        ],
                                                        "Aggregates": [
                                                            "count(DISTINCT #3)",
                                                            "sum(#4)",
                                                            "sum(#5)",
                                                            "sum(#6)",
                                                            "sum(#7)"
                                                        ],
                                                        "Estimated Cardinality": "1260710"
                                                    },
                                                    "cumulative_cardinality": 63319394,
                                                    "operator_type": "HASH_GROUP_BY",
                                                    "operator_cardinality": 1260710,
                                                    "cumulative_rows_scanned": 17854919,
                                                    "operator_rows_scanned": 0,
                                                    "operator_timing": 1.8378102900000015,
                                                    "result_set_size": 121028160,
                                                    "children": [
                                                        {
                                                            "operator_name": "PROJECTION",
                                                            "cpu_time": 1.5640127229999994,
                                                            "extra_info": {
                                                                "Projections": [
                                                                    "id",
                                                                    "displayname",
                                                                    "reputation",
                                                                    "id",
                                                                    "CASE  WHEN ((posttypeid = 1)) THEN (1) ELSE 0 END",
                                                                    "CASE  WHEN ((posttypeid = 2)) THEN (1) ELSE 0 END",
                                                                    "CASE  WHEN ((votetypeid = 2)) THEN (1) ELSE 0 END",
                                                                    "CASE  WHEN ((votetypeid = 3)) THEN (1) ELSE 0 END"
                                                                ],
                                                                "Estimated Cardinality": "12744093"
                                                            },
                                                            "cumulative_cardinality": 62058684,
                                                            "operator_type": "PROJECTION",
                                                            "operator_cardinality": 11739825,
                                                            "cumulative_rows_scanned": 17854919,
                                                            "operator_rows_scanned": 0,
                                                            "operator_timing": 0.12209529100000027,
                                                            "result_set_size": 516552300,
                                                            "children": [
                                                                {
                                                                    "operator_name": "PROJECTION",
                                                                    "cpu_time": 1.441917431999999,
                                                                    "extra_info": {
                                                                        "Projections": [
                                                                            "#0",
                                                                            "#1",
                                                                            "__internal_decompress_integral_smallint(#2, 1)",
                                                                            "#3",
                                                                            "#4",
                                                                            "#5"
                                                                        ],
                                                                        "Estimated Cardinality": "12744093"
                                                                    },
                                                                    "cumulative_cardinality": 50318859,
                                                                    "operator_type": "PROJECTION",
                                                                    "operator_cardinality": 11739825,
                                                                    "cumulative_rows_scanned": 17854919,
                                                                    "operator_rows_scanned": 0,
                                                                    "operator_timing": 0.006526459999999958,
                                                                    "result_set_size": 375674400,
                                                                    "children": [
                                                                        {
                                                                            "operator_name": "HASH_JOIN",
                                                                            "cpu_time": 1.435390971999999,
                                                                            "extra_info": {
                                                                                "Join Type": "RIGHT",
                                                                                "Conditions": "postid = id",
                                                                                "Estimated Cardinality": "12744093"
                                                                            },
                                                                            "cumulative_cardinality": 38579034,
                                                                            "operator_type": "HASH_JOIN",
                                                                            "operator_cardinality": 11739825,
                                                                            "cumulative_rows_scanned": 17854919,
                                                                            "operator_rows_scanned": 0,
                                                                            "operator_timing": 0.7771715399999988,
                                                                            "result_set_size": 363934575,
                                                                            "children": [
                                                                                {
                                                                                    "operator_name": "READ_PARQUET ",
                                                                                    "cpu_time": 0.2242462760000005,
                                                                                    "extra_info": {
                                                                                        "Function": "READ_PARQUET",
                                                                                        "Projections": [
                                                                                            "postid",
                                                                                            "votetypeid"
                                                                                        ],
                                                                                        "Estimated Cardinality": "12744093"
                                                                                    },
                                                                                    "cumulative_cardinality": 12744093,
                                                                                    "operator_type": "TABLE_SCAN",
                                                                                    "operator_cardinality": 12744093,
                                                                                    "cumulative_rows_scanned": 12744093,
                                                                                    "operator_rows_scanned": 12744093,
                                                                                    "operator_timing": 0.2242462760000005,
                                                                                    "result_set_size": 76464558,
                                                                                    "children": []
                                                                                },
                                                                                {
                                                                                    "operator_name": "PROJECTION",
                                                                                    "cpu_time": 0.4339731559999998,
                                                                                    "extra_info": {
                                                                                        "Projections": [
                                                                                            "#0",
                                                                                            "__internal_compress_integral_utinyint(#1, 1)",
                                                                                            "#2",
                                                                                            "#3",
                                                                                            "#4"
                                                                                        ],
                                                                                        "Estimated Cardinality": "3850116"
                                                                                    },
                                                                                    "cumulative_cardinality": 14095116,
                                                                                    "operator_type": "PROJECTION",
                                                                                    "operator_cardinality": 4574495,
                                                                                    "cumulative_rows_scanned": 5110826,
                                                                                    "operator_rows_scanned": 0,
                                                                                    "operator_timing": 0.003544522999999997,
                                                                                    "result_set_size": 132660355,
                                                                                    "children": [
                                                                                        {
                                                                                            "operator_name": "HASH_JOIN",
                                                                                            "cpu_time": 0.4304286329999998,
                                                                                            "extra_info": {
                                                                                                "Join Type": "RIGHT",
                                                                                                "Conditions": "owneruserid = id",
                                                                                                "Estimated Cardinality": "3850116"
                                                                                            },
                                                                                            "cumulative_cardinality": 9520621,
                                                                                            "operator_type": "HASH_JOIN",
                                                                                            "operator_cardinality": 4574495,
                                                                                            "cumulative_rows_scanned": 5110826,
                                                                                            "operator_rows_scanned": 0,
                                                                                            "operator_timing": 0.23663677899999974,
                                                                                            "result_set_size": 137234850,
                                                                                            "children": [
                                                                                                {
                                                                                                    "operator_name": "READ_PARQUET ",
                                                                                                    "cpu_time": 0.10481343500000015,
                                                                                                    "extra_info": {
                                                                                                        "Function": "READ_PARQUET",
                                                                                                        "Projections": [
                                                                                                            "id",
                                                                                                            "posttypeid",
                                                                                                            "owneruserid"
                                                                                                        ],
                                                                                                        "Estimated Cardinality": "3850116"
                                                                                                    },
                                                                                                    "cumulative_cardinality": 3685416,
                                                                                                    "operator_type": "TABLE_SCAN",
                                                                                                    "operator_cardinality": 3685416,
                                                                                                    "cumulative_rows_scanned": 3850116,
                                                                                                    "operator_rows_scanned": 3850116,
                                                                                                    "operator_timing": 0.10481343500000015,
                                                                                                    "result_set_size": 36854160,
                                                                                                    "children": []
                                                                                                },
                                                                                                {
                                                                                                    "operator_name": "READ_PARQUET ",
                                                                                                    "cpu_time": 0.08897841899999995,
                                                                                                    "extra_info": {
                                                                                                        "Function": "READ_PARQUET",
                                                                                                        "Projections": [
                                                                                                            "id",
                                                                                                            "reputation",
                                                                                                            "displayname"
                                                                                                        ],
                                                                                                        "Estimated Cardinality": "252142"
                                                                                                    },
                                                                                                    "cumulative_cardinality": 1260710,
                                                                                                    "operator_type": "TABLE_SCAN",
                                                                                                    "operator_cardinality": 1260710,
                                                                                                    "cumulative_rows_scanned": 1260710,
                                                                                                    "operator_rows_scanned": 1260710,
                                                                                                    "operator_timing": 0.08897841899999995,
                                                                                                    "result_set_size": 30257040,
                                                                                                    "children": []
                                                                                                }
                                                                                            ]
                                                                                        }
                                                                                    ]
                                                                                }
                                                                            ]
                                                                        }
                                                                    ]
                                                                }
                                                            ]
                                                        }
                                                    ]
                                                }
                                            ]
                                        }
                                    ]
                                }
                            ]
                        }
                    ]
                }
            ]
        }
    ]
}