{
    "rows_returned": 10059,
    "query_name": "WITH PostEngagement AS (\n    SELECT \n        p.Id AS PostId,\n        p.Title,\n        p.CreationDate,\n        COUNT(c.Id) AS CommentCount,\n        COUNT(v.Id) AS VoteCount,\n        SUM(CASE WHEN v.VoteTypeId = 2 THEN 1 ELSE 0 END) AS UpVotes,\n        SUM(CASE WHEN v.VoteTypeId = 3 THEN 1 ELSE 0 END) AS DownVotes,\n        COALESCE(a.AnswerCount, 0) AS AnswerCount\n    FROM \n        Posts p\n    LEFT JOIN \n        Comments c ON p.Id = c.PostId\n    LEFT JOIN \n        Votes v ON p.Id = v.PostId\n    LEFT JOIN \n        (SELECT \n            ParentId, \n            COUNT(*) AS AnswerCount \n        FROM \n            Posts \n        WHERE \n            PostTypeId = 2 \n        GROUP BY \n            ParentId) a ON p.Id = a.ParentId\n    WHERE \n        p.CreationDate >= cast('2024-10-01' as date) - INTERVAL '30 days'  \n    GROUP BY \n        p.Id, p.Title, p.CreationDate, a.AnswerCount\n)\nSELECT \n    pe.PostId,\n    pe.Title,\n    pe.CreationDate,\n    pe.CommentCount,\n    pe.VoteCount,\n    pe.UpVotes,\n    pe.DownVotes,\n    pe.AnswerCount,\n    CASE WHEN pe.VoteCount > 0 THEN ROUND((pe.UpVotes::decimal / pe.VoteCount) * 100, 2) ELSE 0 END AS UpVotePercentage\nFROM \n    PostEngagement pe\nORDER BY \n    pe.VoteCount DESC, pe.CreationDate DESC;",
    "blocked_thread_time": 0.0,
    "cpu_time": 0.3409933900000002,
    "extra_info": {},
    "cumulative_cardinality": 6043319,
    "cumulative_rows_scanned": 27686147,
    "result_set_size": 925428,
    "latency": 0.394168175,
    "children": [
        {
            "operator_name": "ORDER_BY",
            "cpu_time": 0.3409933900000002,
            "extra_info": {
                "Order By": [
                    "pe.VoteCount DESC",
                    "pe.CreationDate DESC"
                ]
            },
            "cumulative_cardinality": 6043319,
            "operator_type": "ORDER_BY",
            "operator_cardinality": 10059,
            "cumulative_rows_scanned": 27686147,
            "operator_rows_scanned": 0,
            "operator_timing": 0.000696061,
            "result_set_size": 925428,
            "children": [
                {
                    "operator_name": "PROJECTION",
                    "cpu_time": 0.34029732900000015,
                    "extra_info": {
                        "Projections": [
                            "PostId",
                            "title",
                            "creationdate",
                            "CommentCount",
                            "VoteCount",
                            "UpVotes",
                            "DownVotes",
                            "AnswerCount",
                            "UpVotePercentage"
                        ],
                        "Estimated Cardinality": "3850116"
                    },
                    "cumulative_cardinality": 6033260,
                    "operator_type": "PROJECTION",
                    "operator_cardinality": 10059,
                    "cumulative_rows_scanned": 27686147,
                    "operator_rows_scanned": 0,
                    "operator_timing": 0.000489524,
                    "result_set_size": 925428,
                    "children": [
                        {
                            "operator_name": "PROJECTION",
                            "cpu_time": 0.33980780500000013,
                            "extra_info": {
                                "Projections": [
                                    "PostId",
                                    "title",
                                    "creationdate",
                                    "CommentCount",
                                    "VoteCount",
                                    "UpVotes",
                                    "DownVotes",
                                    "AnswerCount"
                                ],
                                "Estimated Cardinality": "3850116"
                            },
                            "cumulative_cardinality": 6023201,
                            "operator_type": "PROJECTION",
                            "operator_cardinality": 10059,
                            "cumulative_rows_scanned": 27686147,
                            "operator_rows_scanned": 0,
                            "operator_timing": 0.000055944999999999994,
                            "result_set_size": 844956,
                            "children": [
                                {
                                    "operator_name": "HASH_GROUP_BY",
                                    "cpu_time": 0.3397518600000001,
                                    "extra_info": {
                                        "Groups": [
                                            "#0",
                                            "#1",
                                            "#2",
                                            "#3"
                                        ],
                                        "Aggregates": [
                                            "count(#4)",
                                            "count(#5)",
                                            "sum(#6)",
                                            "sum(#7)"
                                        ],
                                        "Estimated Cardinality": "3850116"
                                    },
                                    "cumulative_cardinality": 6013142,
                                    "operator_type": "HASH_GROUP_BY",
                                    "operator_cardinality": 10059,
                                    "cumulative_rows_scanned": 27686147,
                                    "operator_rows_scanned": 0,
                                    "operator_timing": 0.005815192999999999,
                                    "result_set_size": 844956,
                                    "children": [
                                        {
                                            "operator_name": "PROJECTION",
                                            "cpu_time": 0.33393666700000013,
                                            "extra_info": {
                                                "Projections": [
                                                    "id",
                                                    "title",
                                                    "creationdate",
                                                    "AnswerCount",
                                                    "id",
                                                    "id",
                                                    "CASE  WHEN ((votetypeid = 2)) THEN (1) ELSE 0 END",
                                                    "CASE  WHEN ((votetypeid = 3)) THEN (1) ELSE 0 END"
                                                ],
                                                "Estimated Cardinality": "12744093"
                                            },
                                            "cumulative_cardinality": 6003083,
                                            "operator_type": "PROJECTION",
                                            "operator_cardinality": 70205,
                                            "cumulative_rows_scanned": 27686147,
                                            "operator_rows_scanned": 0,
                                            "operator_timing": 0.0007284320000000002,
                                            "result_set_size": 3650660,
                                            "children": [
                                                {
                                                    "operator_name": "HASH_JOIN",
                                                    "cpu_time": 0.33320823500000013,
                                                    "extra_info": {
                                                        "Join Type": "LEFT",
                                                        "Conditions": "id = parentid",
                                                        "Estimated Cardinality": "12744093"
                                                    },
                                                    "cumulative_cardinality": 5932878,
                                                    "operator_type": "HASH_JOIN",
                                                    "operator_cardinality": 70205,
                                                    "cumulative_rows_scanned": 27686147,
                                                    "operator_rows_scanned": 0,
                                                    "operator_timing": 0.04979382099999999,
                                                    "result_set_size": 3229430,
                                                    "children": [
                                                        {
                                                            "operator_name": "HASH_JOIN",
                                                            "cpu_time": 0.09326100900000002,
                                                            "extra_info": {
                                                                "Join Type": "RIGHT",
                                                                "Conditions": "postid = id",
                                                                "Estimated Cardinality": "12744093"
                                                            },
                                                            "cumulative_cardinality": 153516,
                                                            "operator_type": "HASH_JOIN",
                                                            "operator_cardinality": 70205,
                                                            "cumulative_rows_scanned": 23836031,
                                                            "operator_rows_scanned": 0,
                                                            "operator_timing": 0.0040622440000000004,
                                                            "result_set_size": 2667790,
                                                            "children": [
                                                                {
                                                                    "operator_name": "READ_PARQUET ",
                                                                    "cpu_time": 0.02072561100000001,
                                                                    "extra_info": {
                                                                        "Function": "READ_PARQUET",
                                                                        "Projections": [
                                                                            "id",
                                                                            "postid",
                                                                            "votetypeid"
                                                                        ],
                                                                        "Estimated Cardinality": "12744093"
                                                                    },
                                                                    "cumulative_cardinality": 29396,
                                                                    "operator_type": "TABLE_SCAN",
                                                                    "operator_cardinality": 29396,
                                                                    "cumulative_rows_scanned": 12744093,
                                                                    "operator_rows_scanned": 12744093,
                                                                    "operator_timing": 0.02072561100000001,
                                                                    "result_set_size": 293960,
                                                                    "children": []
                                                                },
                                                                {
                                                                    "operator_name": "HASH_JOIN",
                                                                    "cpu_time": 0.06847315400000001,
                                                                    "extra_info": {
                                                                        "Join Type": "RIGHT",
                                                                        "Conditions": "postid = id",
                                                                        "Estimated Cardinality": "7241822"
                                                                    },
                                                                    "cumulative_cardinality": 53915,
                                                                    "operator_type": "HASH_JOIN",
                                                                    "operator_cardinality": 24140,
                                                                    "cumulative_rows_scanned": 11091938,
                                                                    "operator_rows_scanned": 0,
                                                                    "operator_timing": 0.00133563,
                                                                    "result_set_size": 772480,
                                                                    "children": [
                                                                        {
                                                                            "operator_name": "READ_PARQUET ",
                                                                            "cpu_time": 0.012585772,
                                                                            "extra_info": {
                                                                                "Function": "READ_PARQUET",
                                                                                "Projections": [
                                                                                    "id",
                                                                                    "postid"
                                                                                ],
                                                                                "Estimated Cardinality": "7241822"
                                                                            },
                                                                            "cumulative_cardinality": 19716,
                                                                            "operator_type": "TABLE_SCAN",
                                                                            "operator_cardinality": 19716,
                                                                            "cumulative_rows_scanned": 7241822,
                                                                            "operator_rows_scanned": 7241822,
                                                                            "operator_timing": 0.012585772,
                                                                            "result_set_size": 157728,
                                                                            "children": []
                                                                        },
                                                                        {
                                                                            "operator_name": "READ_PARQUET ",
                                                                            "cpu_time": 0.054551752,
                                                                            "extra_info": {
                                                                                "Function": "READ_PARQUET",
                                                                                "Projections": [
                                                                                    "id",
                                                                                    "creationdate",
                                                                                    "title"
                                                                                ],
                                                                                "Filters": "creationdate>='2024-09-01 00:00:00'::TIMESTAMP",
                                                                                "Estimated Cardinality": "770023"
                                                                            },
                                                                            "cumulative_cardinality": 10059,
                                                                            "operator_type": "TABLE_SCAN",
                                                                            "operator_cardinality": 10059,
                                                                            "cumulative_rows_scanned": 3850116,
                                                                            "operator_rows_scanned": 3850116,
                                                                            "operator_timing": 0.054551752,
                                                                            "result_set_size": 281652,
                                                                            "children": []
                                                                        }
                                                                    ]
                                                                }
                                                            ]
                                                        },
                                                        {
                                                            "operator_name": "HASH_GROUP_BY",
                                                            "cpu_time": 0.1901534050000001,
                                                            "extra_info": {
                                                                "Groups": "#0",
                                                                "Aggregates": "count_star()",
                                                                "Estimated Cardinality": "385011"
                                                            },
                                                            "cumulative_cardinality": 5709157,
                                                            "operator_type": "HASH_GROUP_BY",
                                                            "operator_cardinality": 1354571,
                                                            "cumulative_rows_scanned": 3850116,
                                                            "operator_rows_scanned": 0,
                                                            "operator_timing": 0.09858967600000018,
                                                            "result_set_size": 16254852,
                                                            "children": [
                                                                {
                                                                    "operator_name": "PROJECTION",
                                                                    "cpu_time": 0.09156372899999991,
                                                                    "extra_info": {
                                                                        "Projections": "parentid",
                                                                        "Estimated Cardinality": "770023"
                                                                    },
                                                                    "cumulative_cardinality": 4354586,
                                                                    "operator_type": "PROJECTION",
                                                                    "operator_cardinality": 2177293,
                                                                    "cumulative_rows_scanned": 3850116,
                                                                    "operator_rows_scanned": 0,
                                                                    "operator_timing": 0.00023547799999999784,
                                                                    "result_set_size": 8709172,
                                                                    "children": [
                                                                        {
                                                                            "operator_name": "READ_PARQUET ",
                                                                            "cpu_time": 0.09132825099999992,
                                                                            "extra_info": {
                                                                                "Function": "READ_PARQUET",
                                                                                "Projections": "parentid",
                                                                                "Filters": "posttypeid=2",
                                                                                "Estimated Cardinality": "770023"
                                                                            },
                                                                            "cumulative_cardinality": 2177293,
                                                                            "operator_type": "TABLE_SCAN",
                                                                            "operator_cardinality": 2177293,
                                                                            "cumulative_rows_scanned": 3850116,
                                                                            "operator_rows_scanned": 3850116,
                                                                            "operator_timing": 0.09132825099999992,
                                                                            "result_set_size": 8709172,
                                                                            "children": []
                                                                        }
                                                                    ]
                                                                }
                                                            ]
                                                        }
                                                    ]
                                                }
                                            ]
                                        }
                                    ]
                                }
                            ]
                        }
                    ]
                }
            ]
        }
    ]
}