{
    "rows_returned": 261413,
    "query_name": "SELECT \n    u.DisplayName AS UserDisplayName,\n    p.Title,\n    p.CreationDate AS PostCreationDate,\n    COUNT(c.Id) AS CommentCount,\n    SUM(voteCount) AS TotalVotes,\n    p.ViewCount,\n    p.Score,\n    CASE \n        WHEN p.PostTypeId = 1 THEN 'Question'\n        WHEN p.PostTypeId = 2 THEN 'Answer'\n        ELSE 'Other'\n    END AS PostType\nFROM \n    Posts p\nJOIN \n    Users u ON p.OwnerUserId = u.Id\nLEFT JOIN \n    Comments c ON p.Id = c.PostId\nLEFT JOIN \n    (SELECT PostId, COUNT(*) AS voteCount FROM Votes GROUP BY PostId) v ON v.PostId = p.Id\nWHERE \n    p.CreationDate >= '2023-01-01' \nGROUP BY \n    u.DisplayName, p.Title, p.CreationDate, p.ViewCount, p.Score, p.PostTypeId\nORDER BY \n    p.CreationDate DESC;",
    "blocked_thread_time": 0.0,
    "cpu_time": 1.2565312680000005,
    "extra_info": {},
    "cumulative_cardinality": 35929269,
    "cumulative_rows_scanned": 25096741,
    "result_set_size": 23004344,
    "latency": 1.714850866,
    "children": [
        {
            "operator_name": "PROJECTION",
            "cpu_time": 1.2565312680000005,
            "extra_info": {
                "Projections": [
                    "#0",
                    "#1",
                    "#2",
                    "#3",
                    "#4",
                    "#5",
                    "__internal_decompress_integral_integer(#6, -72)",
                    "__internal_decompress_string(#7)"
                ],
                "Estimated Cardinality": "3850116"
            },
            "cumulative_cardinality": 35929269,
            "operator_type": "PROJECTION",
            "operator_cardinality": 261413,
            "cumulative_rows_scanned": 25096741,
            "operator_rows_scanned": 0,
            "operator_timing": 0.0024999640000000004,
            "result_set_size": 23004344,
            "children": [
                {
                    "operator_name": "ORDER_BY",
                    "cpu_time": 1.2540313040000004,
                    "extra_info": {
                        "Order By": "p.CreationDate DESC"
                    },
                    "cumulative_cardinality": 35667856,
                    "operator_type": "ORDER_BY",
                    "operator_cardinality": 261413,
                    "cumulative_rows_scanned": 25096741,
                    "operator_rows_scanned": 0,
                    "operator_timing": 0.021446804,
                    "result_set_size": 22481518,
                    "children": [
                        {
                            "operator_name": "PROJECTION",
                            "cpu_time": 1.2325845000000004,
                            "extra_info": {
                                "Projections": [
                                    "#0",
                                    "#1",
                                    "#2",
                                    "#3",
                                    "#4",
                                    "#5",
                                    "__internal_compress_integral_usmallint(#6, -72)",
                                    "__internal_compress_string_hugeint(#7)"
                                ],
                                "Estimated Cardinality": "3850116"
                            },
                            "cumulative_cardinality": 35406443,
                            "operator_type": "PROJECTION",
                            "operator_cardinality": 261413,
                            "cumulative_rows_scanned": 25096741,
                            "operator_rows_scanned": 0,
                            "operator_timing": 0.002619907000000001,
                            "result_set_size": 22481518,
                            "children": [
                                {
                                    "operator_name": "PROJECTION",
                                    "cpu_time": 1.2299645930000005,
                                    "extra_info": {
                                        "Projections": [
                                            "UserDisplayName",
                                            "title",
                                            "PostCreationDate",
                                            "CommentCount",
                                            "TotalVotes",
                                            "viewcount",
                                            "score",
                                            "PostType"
                                        ],
                                        "Estimated Cardinality": "3850116"
                                    },
                                    "cumulative_cardinality": 35145030,
                                    "operator_type": "PROJECTION",
                                    "operator_cardinality": 261413,
                                    "cumulative_rows_scanned": 25096741,
                                    "operator_rows_scanned": 0,
                                    "operator_timing": 0.001163576,
                                    "result_set_size": 23004344,
                                    "children": [
                                        {
                                            "operator_name": "PROJECTION",
                                            "cpu_time": 1.2288010170000006,
                                            "extra_info": {
                                                "Projections": [
                                                    "#0",
                                                    "#1",
                                                    "#2",
                                                    "#3",
                                                    "__internal_decompress_integral_integer(#4, -72)",
                                                    "__internal_decompress_integral_smallint(#5, 1)",
                                                    "#6",
                                                    "#7"
                                                ],
                                                "Estimated Cardinality": "3850116"
                                            },
                                            "cumulative_cardinality": 34883617,
                                            "operator_type": "PROJECTION",
                                            "operator_cardinality": 261413,
                                            "cumulative_rows_scanned": 25096741,
                                            "operator_rows_scanned": 0,
                                            "operator_timing": 0.00016362399999999994,
                                            "result_set_size": 19344562,
                                            "children": [
                                                {
                                                    "operator_name": "HASH_GROUP_BY",
                                                    "cpu_time": 1.2286373930000005,
                                                    "extra_info": {
                                                        "Groups": [
                                                            "#0",
                                                            "#1",
                                                            "#2",
                                                            "#3",
                                                            "#4",
                                                            "#5"
                                                        ],
                                                        "Aggregates": [
                                                            "count(#6)",
                                                            "sum(#7)"
                                                        ],
                                                        "Estimated Cardinality": "3850116"
                                                    },
                                                    "cumulative_cardinality": 34622204,
                                                    "operator_type": "HASH_GROUP_BY",
                                                    "operator_cardinality": 261413,
                                                    "cumulative_rows_scanned": 25096741,
                                                    "operator_rows_scanned": 0,
                                                    "operator_timing": 0.11714487699999998,
                                                    "result_set_size": 18560323,
                                                    "children": [
                                                        {
                                                            "operator_name": "PROJECTION",
                                                            "cpu_time": 1.1114925160000004,
                                                            "extra_info": {
                                                                "Projections": [
                                                                    "displayname",
                                                                    "title",
                                                                    "creationdate",
                                                                    "viewcount",
                                                                    "score",
                                                                    "posttypeid",
                                                                    "id",
                                                                    "voteCount"
                                                                ],
                                                                "Estimated Cardinality": "7241822"
                                                            },
                                                            "cumulative_cardinality": 34360791,
                                                            "operator_type": "PROJECTION",
                                                            "operator_cardinality": 643779,
                                                            "cumulative_rows_scanned": 25096741,
                                                            "operator_rows_scanned": 0,
                                                            "operator_timing": 0.00028397999999999965,
                                                            "result_set_size": 37982961,
                                                            "children": [
                                                                {
                                                                    "operator_name": "PROJECTION",
                                                                    "cpu_time": 1.1112085360000004,
                                                                    "extra_info": {
                                                                        "Projections": [
                                                                            "__internal_compress_integral_utinyint(#2, 1)",
                                                                            "#3",
                                                                            "__internal_compress_integral_usmallint(#4, -72)",
                                                                            "#5",
                                                                            "#6",
                                                                            "#1",
                                                                            "#0",
                                                                            "#7"
                                                                        ],
                                                                        "Estimated Cardinality": "7241822"
                                                                    },
                                                                    "cumulative_cardinality": 33717012,
                                                                    "operator_type": "PROJECTION",
                                                                    "operator_cardinality": 643779,
                                                                    "cumulative_rows_scanned": 25096741,
                                                                    "operator_rows_scanned": 0,
                                                                    "operator_timing": 0.0017247049999999998,
                                                                    "result_set_size": 37982961,
                                                                    "children": [
                                                                        {
                                                                            "operator_name": "HASH_JOIN",
                                                                            "cpu_time": 1.1094838310000004,
                                                                            "extra_info": {
                                                                                "Join Type": "LEFT",
                                                                                "Conditions": "id = postid",
                                                                                "Estimated Cardinality": "7241822"
                                                                            },
                                                                            "cumulative_cardinality": 33073233,
                                                                            "operator_type": "HASH_JOIN",
                                                                            "operator_cardinality": 643779,
                                                                            "cumulative_rows_scanned": 25096741,
                                                                            "operator_rows_scanned": 0,
                                                                            "operator_timing": 0.19974677999999987,
                                                                            "result_set_size": 39914298,
                                                                            "children": [
                                                                                {
                                                                                    "operator_name": "HASH_JOIN",
                                                                                    "cpu_time": 0.32302801700000006,
                                                                                    "extra_info": {
                                                                                        "Join Type": "RIGHT",
                                                                                        "Conditions": "postid = id",
                                                                                        "Estimated Cardinality": "7241822"
                                                                                    },
                                                                                    "cumulative_cardinality": 2976041,
                                                                                    "operator_type": "HASH_JOIN",
                                                                                    "operator_cardinality": 643779,
                                                                                    "cumulative_rows_scanned": 12352648,
                                                                                    "operator_rows_scanned": 0,
                                                                                    "operator_timing": 0.06558689599999996,
                                                                                    "result_set_size": 37339182,
                                                                                    "children": [
                                                                                        {
                                                                                            "operator_name": "READ_PARQUET ",
                                                                                            "cpu_time": 0.016426139,
                                                                                            "extra_info": {
                                                                                                "Function": "READ_PARQUET",
                                                                                                "Projections": [
                                                                                                    "id",
                                                                                                    "postid"
                                                                                                ],
                                                                                                "Estimated Cardinality": "7241822"
                                                                                            },
                                                                                            "cumulative_cardinality": 544915,
                                                                                            "operator_type": "TABLE_SCAN",
                                                                                            "operator_cardinality": 544915,
                                                                                            "cumulative_rows_scanned": 7241822,
                                                                                            "operator_rows_scanned": 7241822,
                                                                                            "operator_timing": 0.016426139,
                                                                                            "result_set_size": 4359320,
                                                                                            "children": []
                                                                                        },
                                                                                        {
                                                                                            "operator_name": "HASH_JOIN",
                                                                                            "cpu_time": 0.2410149820000001,
                                                                                            "extra_info": {
                                                                                                "Join Type": "INNER",
                                                                                                "Conditions": "id = owneruserid",
                                                                                                "Estimated Cardinality": "770023"
                                                                                            },
                                                                                            "cumulative_cardinality": 1787347,
                                                                                            "operator_type": "HASH_JOIN",
                                                                                            "operator_cardinality": 261413,
                                                                                            "cumulative_rows_scanned": 5110826,
                                                                                            "operator_rows_scanned": 0,
                                                                                            "operator_timing": 0.07065485099999998,
                                                                                            "result_set_size": 14116302,
                                                                                            "children": [
                                                                                                {
                                                                                                    "operator_name": "READ_PARQUET ",
                                                                                                    "cpu_time": 0.08733500200000008,
                                                                                                    "extra_info": {
                                                                                                        "Function": "READ_PARQUET",
                                                                                                        "Projections": [
                                                                                                            "id",
                                                                                                            "displayname"
                                                                                                        ],
                                                                                                        "Filters": "id<=1416539",
                                                                                                        "Estimated Cardinality": "1260710"
                                                                                                    },
                                                                                                    "cumulative_cardinality": 1260679,
                                                                                                    "operator_type": "TABLE_SCAN",
                                                                                                    "operator_cardinality": 1260679,
                                                                                                    "cumulative_rows_scanned": 1260710,
                                                                                                    "operator_rows_scanned": 1260710,
                                                                                                    "operator_timing": 0.08733500200000008,
                                                                                                    "result_set_size": 25213580,
                                                                                                    "children": []
                                                                                                },
                                                                                                {
                                                                                                    "operator_name": "READ_PARQUET ",
                                                                                                    "cpu_time": 0.08302512900000002,
                                                                                                    "extra_info": {
                                                                                                        "Function": "READ_PARQUET",
                                                                                                        "Projections": [
                                                                                                            "id",
                                                                                                            "posttypeid",
                                                                                                            "creationdate",
                                                                                                            "score",
                                                                                                            "viewcount",
                                                                                                            "owneruserid",
                                                                                                            "title"
                                                                                                        ],
                                                                                                        "Filters": "creationdate>='2023-01-01 00:00:00'::TIMESTAMP",
                                                                                                        "Estimated Cardinality": "770023"
                                                                                                    },
                                                                                                    "cumulative_cardinality": 265255,
                                                                                                    "operator_type": "TABLE_SCAN",
                                                                                                    "operator_cardinality": 265255,
                                                                                                    "cumulative_rows_scanned": 3850116,
                                                                                                    "operator_rows_scanned": 3850116,
                                                                                                    "operator_timing": 0.08302512900000002,
                                                                                                    "result_set_size": 11140710,
                                                                                                    "children": []
                                                                                                }
                                                                                            ]
                                                                                        }
                                                                                    ]
                                                                                },
                                                                                {
                                                                                    "operator_name": "HASH_GROUP_BY",
                                                                                    "cpu_time": 0.5867090340000004,
                                                                                    "extra_info": {
                                                                                        "Groups": "#0",
                                                                                        "Aggregates": "count_star()",
                                                                                        "Estimated Cardinality": "6372046"
                                                                                    },
                                                                                    "cumulative_cardinality": 29453413,
                                                                                    "operator_type": "HASH_GROUP_BY",
                                                                                    "operator_cardinality": 3965227,
                                                                                    "cumulative_rows_scanned": 12744093,
                                                                                    "operator_rows_scanned": 0,
                                                                                    "operator_timing": 0.5113643050000003,
                                                                                    "result_set_size": 47582724,
                                                                                    "children": [
                                                                                        {
                                                                                            "operator_name": "PROJECTION",
                                                                                            "cpu_time": 0.07534472900000008,
                                                                                            "extra_info": {
                                                                                                "Projections": "postid",
                                                                                                "Estimated Cardinality": "12744093"
                                                                                            },
                                                                                            "cumulative_cardinality": 25488186,
                                                                                            "operator_type": "PROJECTION",
                                                                                            "operator_cardinality": 12744093,
                                                                                            "cumulative_rows_scanned": 12744093,
                                                                                            "operator_rows_scanned": 0,
                                                                                            "operator_timing": 0.0006975670000000006,
                                                                                            "result_set_size": 50976372,
                                                                                            "children": [
                                                                                                {
                                                                                                    "operator_name": "READ_PARQUET ",
                                                                                                    "cpu_time": 0.07464716200000009,
                                                                                                    "extra_info": {
                                                                                                        "Function": "READ_PARQUET",
                                                                                                        "Projections": "postid",
                                                                                                        "Estimated Cardinality": "12744093"
                                                                                                    },
                                                                                                    "cumulative_cardinality": 12744093,
                                                                                                    "operator_type": "TABLE_SCAN",
                                                                                                    "operator_cardinality": 12744093,
                                                                                                    "cumulative_rows_scanned": 12744093,
                                                                                                    "operator_rows_scanned": 12744093,
                                                                                                    "operator_timing": 0.07464716200000009,
                                                                                                    "result_set_size": 50976372,
                                                                                                    "children": []
                                                                                                }
                                                                                            ]
                                                                                        }
                                                                                    ]
                                                                                }
                                                                            ]
                                                                        }
                                                                    ]
                                                                }
                                                            ]
                                                        }
                                                    ]
                                                }
                                            ]
                                        }
                                    ]
                                }
                            ]
                        }
                    ]
                }
            ]
        }
    ]
}