{
    "rows_returned": 5,
    "query_name": "WITH PostStats AS (\n    SELECT \n        pt.Name AS PostTypeName,\n        COUNT(p.Id) AS TotalPosts,\n        AVG(p.Score) AS AverageScore,\n        COUNT(DISTINCT u.Id) AS TotalUsers\n    FROM \n        Posts p\n    JOIN \n        PostTypes pt ON p.PostTypeId = pt.Id\n    LEFT JOIN \n        Users u ON p.OwnerUserId = u.Id\n    WHERE \n        p.CreationDate >= '2023-01-01' \n    GROUP BY \n        pt.Name\n)\n\nSELECT \n    PostTypeName,\n    TotalPosts,\n    AverageScore,\n    TotalUsers\nFROM \n    PostStats\nORDER BY \n    TotalPosts DESC;",
    "blocked_thread_time": 0.0,
    "cpu_time": 0.107258267,
    "extra_info": {},
    "cumulative_cardinality": 2321747,
    "cumulative_rows_scanned": 5110834,
    "result_set_size": 200,
    "latency": 0.11976116,
    "children": [
        {
            "operator_name": "ORDER_BY",
            "cpu_time": 0.107258267,
            "extra_info": {
                "Order By": "PostStats.TotalPosts DESC"
            },
            "cumulative_cardinality": 2321747,
            "operator_type": "ORDER_BY",
            "operator_cardinality": 5,
            "cumulative_rows_scanned": 5110834,
            "operator_rows_scanned": 0,
            "operator_timing": 0.000023644999999999998,
            "result_set_size": 200,
            "children": [
                {
                    "operator_name": "HASH_GROUP_BY",
                    "cpu_time": 0.107234622,
                    "extra_info": {
                        "Groups": "#0",
                        "Aggregates": [
                            "count_star()",
                            "avg(#1)",
                            "count(DISTINCT #2)"
                        ],
                        "Estimated Cardinality": "630355"
                    },
                    "cumulative_cardinality": 2321742,
                    "operator_type": "HASH_GROUP_BY",
                    "operator_cardinality": 5,
                    "cumulative_rows_scanned": 5110834,
                    "operator_rows_scanned": 0,
                    "operator_timing": 0.015313948999999999,
                    "result_set_size": 200,
                    "children": [
                        {
                            "operator_name": "PROJECTION",
                            "cpu_time": 0.09192067300000001,
                            "extra_info": {
                                "Projections": [
                                    "name",
                                    "score",
                                    "id"
                                ],
                                "Estimated Cardinality": "1260710"
                            },
                            "cumulative_cardinality": 2321737,
                            "operator_type": "PROJECTION",
                            "operator_cardinality": 265255,
                            "cumulative_rows_scanned": 5110834,
                            "operator_rows_scanned": 0,
                            "operator_timing": 0.00004314499999999999,
                            "result_set_size": 6366120,
                            "children": [
                                {
                                    "operator_name": "HASH_JOIN",
                                    "cpu_time": 0.09187752800000001,
                                    "extra_info": {
                                        "Join Type": "LEFT",
                                        "Conditions": "owneruserid = id",
                                        "Estimated Cardinality": "1260710"
                                    },
                                    "cumulative_cardinality": 2056482,
                                    "operator_type": "HASH_JOIN",
                                    "operator_cardinality": 265255,
                                    "cumulative_rows_scanned": 5110834,
                                    "operator_rows_scanned": 0,
                                    "operator_timing": 0.05370646200000002,
                                    "result_set_size": 6366120,
                                    "children": [
                                        {
                                            "operator_name": "HASH_JOIN",
                                            "cpu_time": 0.030822102999999997,
                                            "extra_info": {
                                                "Join Type": "INNER",
                                                "Conditions": "posttypeid = id",
                                                "Estimated Cardinality": "770023"
                                            },
                                            "cumulative_cardinality": 530517,
                                            "operator_type": "HASH_JOIN",
                                            "operator_cardinality": 265255,
                                            "cumulative_rows_scanned": 3850124,
                                            "operator_rows_scanned": 0,
                                            "operator_timing": 0.0006723859999999998,
                                            "result_set_size": 6366120,
                                            "children": [
                                                {
                                                    "operator_name": "READ_PARQUET ",
                                                    "cpu_time": 0.029831291999999995,
                                                    "extra_info": {
                                                        "Function": "READ_PARQUET",
                                                        "Projections": [
                                                            "id",
                                                            "posttypeid",
                                                            "score",
                                                            "owneruserid"
                                                        ],
                                                        "Filters": "creationdate>='2023-01-01 00:00:00'::TIMESTAMP",
                                                        "Estimated Cardinality": "770023"
                                                    },
                                                    "cumulative_cardinality": 265255,
                                                    "operator_type": "TABLE_SCAN",
                                                    "operator_cardinality": 265255,
                                                    "cumulative_rows_scanned": 3850116,
                                                    "operator_rows_scanned": 3850116,
                                                    "operator_timing": 0.029831291999999995,
                                                    "result_set_size": 3713570,
                                                    "children": []
                                                },
                                                {
                                                    "operator_name": "READ_PARQUET ",
                                                    "cpu_time": 0.000318425,
                                                    "extra_info": {
                                                        "Function": "READ_PARQUET",
                                                        "Projections": [
                                                            "id",
                                                            "name"
                                                        ],
                                                        "Filters": "id<=7",
                                                        "Estimated Cardinality": "8"
                                                    },
                                                    "cumulative_cardinality": 7,
                                                    "operator_type": "TABLE_SCAN",
                                                    "operator_cardinality": 7,
                                                    "cumulative_rows_scanned": 8,
                                                    "operator_rows_scanned": 8,
                                                    "operator_timing": 0.000318425,
                                                    "result_set_size": 126,
                                                    "children": []
                                                }
                                            ]
                                        },
                                        {
                                            "operator_name": "READ_PARQUET ",
                                            "cpu_time": 0.007348963000000006,
                                            "extra_info": {
                                                "Function": "READ_PARQUET",
                                                "Projections": "id",
                                                "Estimated Cardinality": "1260710"
                                            },
                                            "cumulative_cardinality": 1260710,
                                            "operator_type": "TABLE_SCAN",
                                            "operator_cardinality": 1260710,
                                            "cumulative_rows_scanned": 1260710,
                                            "operator_rows_scanned": 1260710,
                                            "operator_timing": 0.007348963000000006,
                                            "result_set_size": 5042840,
                                            "children": []
                                        }
                                    ]
                                }
                            ]
                        }
                    ]
                }
            ]
        }
    ]
}