{
    "rows_returned": 1,
    "query_name": "WITH PostCount AS (\n    SELECT \n        COUNT(*) AS TotalPosts,\n        COUNT(DISTINCT OwnerUserId) AS TotalUsers,\n        SUM(CASE WHEN PostTypeId = 2 THEN 1 ELSE 0 END) AS TotalAnswers,\n        SUM(CASE WHEN PostTypeId = 1 THEN 1 ELSE 0 END) AS TotalQuestions\n    FROM \n        Posts\n),\nVoteCount AS (\n    SELECT \n        COUNT(*) AS TotalVotes,\n        SUM(CASE WHEN VoteTypeId = 2 THEN 1 ELSE 0 END) AS TotalUpVotes,\n        SUM(CASE WHEN VoteTypeId = 3 THEN 1 ELSE 0 END) AS TotalDownVotes\n    FROM \n        Votes\n),\nAvgResponseTime AS (\n    SELECT \n        AVG(EXTRACT(EPOCH FROM (FirstAnswer.CreationDate - Q.CreationDate))) AS AvgTimeToFirstAnswer\n    FROM \n        Posts Q\n    LEFT JOIN \n        Posts FirstAnswer ON Q.Id = FirstAnswer.ParentId\n    WHERE \n        Q.PostTypeId = 1\n)\n\nSELECT \n    PC.TotalPosts,\n    PC.TotalUsers,\n    PC.TotalQuestions,\n    PC.TotalAnswers,\n    VC.TotalVotes,\n    VC.TotalUpVotes,\n    VC.TotalDownVotes,\n    ART.AvgTimeToFirstAnswer\nFROM \n    PostCount PC,\n    VoteCount VC,\n    AvgResponseTime ART;",
    "blocked_thread_time": 0.0,
    "cpu_time": 0.8765709570000015,
    "extra_info": {},
    "cumulative_cardinality": 42015653,
    "cumulative_rows_scanned": 24294441,
    "result_set_size": 96,
    "latency": 0.996320384,
    "children": [
        {
            "operator_name": "PROJECTION",
            "cpu_time": 0.8765709570000015,
            "extra_info": {
                "Projections": [
                    "TotalPosts",
                    "TotalUsers",
                    "TotalQuestions",
                    "TotalAnswers",
                    "TotalVotes",
                    "TotalUpVotes",
                    "TotalDownVotes",
                    "AvgTimeToFirstAnswer"
                ],
                "Estimated Cardinality": "1"
            },
            "cumulative_cardinality": 42015653,
            "operator_type": "PROJECTION",
            "operator_cardinality": 1,
            "cumulative_rows_scanned": 24294441,
            "operator_rows_scanned": 0,
            "operator_timing": 6.82e-7,
            "result_set_size": 96,
            "children": [
                {
                    "operator_name": "CROSS_PRODUCT",
                    "cpu_time": 0.8765702750000015,
                    "extra_info": {},
                    "cumulative_cardinality": 42015652,
                    "operator_type": "CROSS_PRODUCT",
                    "operator_cardinality": 1,
                    "cumulative_rows_scanned": 24294441,
                    "operator_rows_scanned": 0,
                    "operator_timing": 0.000020199,
                    "result_set_size": 96,
                    "children": [
                        {
                            "operator_name": "UNGROUPED_AGGREGATE",
                            "cpu_time": 0.183830869,
                            "extra_info": {
                                "Aggregates": [
                                    "count_star()",
                                    "count(DISTINCT #0)",
                                    "sum(#1)",
                                    "sum(#2)"
                                ]
                            },
                            "cumulative_cardinality": 7700233,
                            "operator_type": "UNGROUPED_AGGREGATE",
                            "operator_cardinality": 1,
                            "cumulative_rows_scanned": 3850116,
                            "operator_rows_scanned": 0,
                            "operator_timing": 0.09973370400000008,
                            "result_set_size": 48,
                            "children": [
                                {
                                    "operator_name": "PROJECTION",
                                    "cpu_time": 0.08409716499999992,
                                    "extra_info": {
                                        "Projections": [
                                            "owneruserid",
                                            "CASE  WHEN ((posttypeid = 2)) THEN (1) ELSE 0 END",
                                            "CASE  WHEN ((posttypeid = 1)) THEN (1) ELSE 0 END"
                                        ],
                                        "Estimated Cardinality": "3850116"
                                    },
                                    "cumulative_cardinality": 7700232,
                                    "operator_type": "PROJECTION",
                                    "operator_cardinality": 3850116,
                                    "cumulative_rows_scanned": 3850116,
                                    "operator_rows_scanned": 0,
                                    "operator_timing": 0.04818325299999994,
                                    "result_set_size": 46201392,
                                    "children": [
                                        {
                                            "operator_name": "READ_PARQUET ",
                                            "cpu_time": 0.03591391199999998,
                                            "extra_info": {
                                                "Function": "READ_PARQUET",
                                                "Projections": [
                                                    "posttypeid",
                                                    "owneruserid"
                                                ],
                                                "Estimated Cardinality": "3850116"
                                            },
                                            "cumulative_cardinality": 3850116,
                                            "operator_type": "TABLE_SCAN",
                                            "operator_cardinality": 3850116,
                                            "cumulative_rows_scanned": 3850116,
                                            "operator_rows_scanned": 3850116,
                                            "operator_timing": 0.03591391199999998,
                                            "result_set_size": 23100696,
                                            "children": []
                                        }
                                    ]
                                }
                            ]
                        },
                        {
                            "operator_name": "CROSS_PRODUCT",
                            "cpu_time": 0.6927192070000016,
                            "extra_info": {},
                            "cumulative_cardinality": 34315418,
                            "operator_type": "CROSS_PRODUCT",
                            "operator_cardinality": 1,
                            "cumulative_rows_scanned": 20444325,
                            "operator_rows_scanned": 0,
                            "operator_timing": 0.000016219999999999997,
                            "result_set_size": 48,
                            "children": [
                                {
                                    "operator_name": "UNGROUPED_AGGREGATE",
                                    "cpu_time": 0.18261541900000147,
                                    "extra_info": {
                                        "Aggregates": [
                                            "count_star()",
                                            "sum(#0)",
                                            "sum(#1)"
                                        ]
                                    },
                                    "cumulative_cardinality": 25488187,
                                    "operator_type": "UNGROUPED_AGGREGATE",
                                    "operator_cardinality": 1,
                                    "cumulative_rows_scanned": 12744093,
                                    "operator_rows_scanned": 0,
                                    "operator_timing": 0.025900190000000965,
                                    "result_set_size": 40,
                                    "children": [
                                        {
                                            "operator_name": "PROJECTION",
                                            "cpu_time": 0.1567152290000005,
                                            "extra_info": {
                                                "Projections": [
                                                    "CASE  WHEN ((votetypeid = 2)) THEN (1) ELSE 0 END",
                                                    "CASE  WHEN ((votetypeid = 3)) THEN (1) ELSE 0 END"
                                                ],
                                                "Estimated Cardinality": "12744093"
                                            },
                                            "cumulative_cardinality": 25488186,
                                            "operator_type": "PROJECTION",
                                            "operator_cardinality": 12744093,
                                            "cumulative_rows_scanned": 12744093,
                                            "operator_rows_scanned": 0,
                                            "operator_timing": 0.09893291800000066,
                                            "result_set_size": 101952744,
                                            "children": [
                                                {
                                                    "operator_name": "READ_PARQUET ",
                                                    "cpu_time": 0.05778231099999985,
                                                    "extra_info": {
                                                        "Function": "READ_PARQUET",
                                                        "Projections": "votetypeid",
                                                        "Estimated Cardinality": "12744093"
                                                    },
                                                    "cumulative_cardinality": 12744093,
                                                    "operator_type": "TABLE_SCAN",
                                                    "operator_cardinality": 12744093,
                                                    "cumulative_rows_scanned": 12744093,
                                                    "operator_rows_scanned": 12744093,
                                                    "operator_timing": 0.05778231099999985,
                                                    "result_set_size": 25488186,
                                                    "children": []
                                                }
                                            ]
                                        }
                                    ]
                                },
                                {
                                    "operator_name": "UNGROUPED_AGGREGATE",
                                    "cpu_time": 0.5100875680000001,
                                    "extra_info": {
                                        "Aggregates": "avg(#0)"
                                    },
                                    "cumulative_cardinality": 8827230,
                                    "operator_type": "UNGROUPED_AGGREGATE",
                                    "operator_cardinality": 1,
                                    "cumulative_rows_scanned": 7700232,
                                    "operator_rows_scanned": 0,
                                    "operator_timing": 0.002414894999999997,
                                    "result_set_size": 8,
                                    "children": [
                                        {
                                            "operator_name": "PROJECTION",
                                            "cpu_time": 0.5076726730000001,
                                            "extra_info": {
                                                "Projections": "epoch((creationdate - creationdate))",
                                                "Estimated Cardinality": "3850116"
                                            },
                                            "cumulative_cardinality": 8827229,
                                            "operator_type": "PROJECTION",
                                            "operator_cardinality": 2490886,
                                            "cumulative_rows_scanned": 7700232,
                                            "operator_rows_scanned": 0,
                                            "operator_timing": 0.02349402399999998,
                                            "result_set_size": 19927088,
                                            "children": [
                                                {
                                                    "operator_name": "HASH_JOIN",
                                                    "cpu_time": 0.48417864900000007,
                                                    "extra_info": {
                                                        "Join Type": "RIGHT",
                                                        "Conditions": "parentid = id",
                                                        "Estimated Cardinality": "3850116"
                                                    },
                                                    "cumulative_cardinality": 6336343,
                                                    "operator_type": "HASH_JOIN",
                                                    "operator_cardinality": 2490886,
                                                    "cumulative_rows_scanned": 7700232,
                                                    "operator_rows_scanned": 0,
                                                    "operator_timing": 0.17876132999999983,
                                                    "result_set_size": 39854176,
                                                    "children": [
                                                        {
                                                            "operator_name": "READ_PARQUET ",
                                                            "cpu_time": 0.15299908999999987,
                                                            "extra_info": {
                                                                "Function": "READ_PARQUET",
                                                                "Projections": [
                                                                    "parentid",
                                                                    "creationdate"
                                                                ],
                                                                "Estimated Cardinality": "3850116"
                                                            },
                                                            "cumulative_cardinality": 2177293,
                                                            "operator_type": "TABLE_SCAN",
                                                            "operator_cardinality": 2177293,
                                                            "cumulative_rows_scanned": 3850116,
                                                            "operator_rows_scanned": 3850116,
                                                            "operator_timing": 0.15299908999999987,
                                                            "result_set_size": 26127516,
                                                            "children": []
                                                        },
                                                        {
                                                            "operator_name": "READ_PARQUET ",
                                                            "cpu_time": 0.15241822900000032,
                                                            "extra_info": {
                                                                "Function": "READ_PARQUET",
                                                                "Projections": [
                                                                    "id",
                                                                    "creationdate"
                                                                ],
                                                                "Filters": "posttypeid=1",
                                                                "Estimated Cardinality": "770023"
                                                            },
                                                            "cumulative_cardinality": 1668164,
                                                            "operator_type": "TABLE_SCAN",
                                                            "operator_cardinality": 1668164,
                                                            "cumulative_rows_scanned": 3850116,
                                                            "operator_rows_scanned": 3850116,
                                                            "operator_timing": 0.15241822900000032,
                                                            "result_set_size": 20017968,
                                                            "children": []
                                                        }
                                                    ]
                                                }
                                            ]
                                        }
                                    ]
                                }
                            ]
                        }
                    ]
                }
            ]
        }
    ]
}