{
    "rows_returned": 1260710,
    "query_name": "WITH UserMetrics AS (\n    SELECT \n        U.Id AS UserId,\n        U.Reputation,\n        U.Views,\n        U.UpVotes,\n        U.DownVotes,\n        COUNT(DISTINCT P.Id) AS PostCount,\n        SUM(CASE WHEN P.PostTypeId = 1 THEN 1 ELSE 0 END) AS QuestionCount,\n        SUM(CASE WHEN P.PostTypeId = 2 THEN 1 ELSE 0 END) AS AnswerCount,\n        COUNT(DISTINCT C.Id) AS CommentCount\n    FROM \n        Users U\n    LEFT JOIN \n        Posts P ON U.Id = P.OwnerUserId\n    LEFT JOIN \n        Comments C ON P.Id = C.PostId\n    GROUP BY \n        U.Id, U.Reputation, U.Views, U.UpVotes, U.DownVotes\n),\nPostHistoryMetrics AS (\n    SELECT \n        PH.UserId,\n        COUNT(DISTINCT PH.Id) AS EditCount,\n        SUM(CASE WHEN P.PostTypeId = 1 THEN 1 ELSE 0 END) AS QuestionEdits,\n        SUM(CASE WHEN P.PostTypeId = 2 THEN 1 ELSE 0 END) AS AnswerEdits\n    FROM \n        PostHistory PH\n    LEFT JOIN \n        Posts P ON PH.PostId = P.Id\n    GROUP BY \n        PH.UserId\n)\nSELECT \n    U.UserId,\n    U.Reputation,\n    U.Views,\n    U.UpVotes,\n    U.DownVotes,\n    U.PostCount,\n    U.QuestionCount,\n    U.AnswerCount,\n    U.CommentCount,\n    COALESCE(PHM.EditCount, 0) AS EditCount,\n    COALESCE(PHM.QuestionEdits, 0) AS QuestionEdits,\n    COALESCE(PHM.AnswerEdits, 0) AS AnswerEdits\nFROM \n    UserMetrics U\nLEFT JOIN \n    PostHistoryMetrics PHM ON U.UserId = PHM.UserId\nORDER BY \n    U.Reputation DESC;",
    "blocked_thread_time": 0.0,
    "cpu_time": 6.110848499999996,
    "extra_info": {},
    "cumulative_cardinality": 128193869,
    "cumulative_rows_scanned": 27998008,
    "result_set_size": 136156680,
    "latency": 11.239267163,
    "children": [
        {
            "operator_name": "PROJECTION",
            "cpu_time": 6.110848499999996,
            "extra_info": {
                "Projections": [
                    "#0",
                    "#1",
                    "#2",
                    "#3",
                    "__internal_decompress_integral_integer(#4, 0)",
                    "#5",
                    "#6",
                    "#7",
                    "#8",
                    "#9",
                    "#10",
                    "#11"
                ],
                "Estimated Cardinality": "5897622"
            },
            "cumulative_cardinality": 128193869,
            "operator_type": "PROJECTION",
            "operator_cardinality": 1260710,
            "cumulative_rows_scanned": 27998008,
            "operator_rows_scanned": 0,
            "operator_timing": 0.0005967669999999992,
            "result_set_size": 136156680,
            "children": [
                {
                    "operator_name": "ORDER_BY",
                    "cpu_time": 6.110251732999996,
                    "extra_info": {
                        "Order By": "U.Reputation DESC"
                    },
                    "cumulative_cardinality": 126933159,
                    "operator_type": "ORDER_BY",
                    "operator_cardinality": 1260710,
                    "cumulative_rows_scanned": 27998008,
                    "operator_rows_scanned": 0,
                    "operator_timing": 0.12158853100000003,
                    "result_set_size": 133635260,
                    "children": [
                        {
                            "operator_name": "PROJECTION",
                            "cpu_time": 5.988663201999995,
                            "extra_info": {
                                "Projections": [
                                    "#0",
                                    "#1",
                                    "#2",
                                    "#3",
                                    "__internal_compress_integral_usmallint(#4, 0)",
                                    "#5",
                                    "#6",
                                    "#7",
                                    "#8",
                                    "#9",
                                    "#10",
                                    "#11"
                                ],
                                "Estimated Cardinality": "5897622"
                            },
                            "cumulative_cardinality": 125672449,
                            "operator_type": "PROJECTION",
                            "operator_cardinality": 1260710,
                            "cumulative_rows_scanned": 27998008,
                            "operator_rows_scanned": 0,
                            "operator_timing": 0.00056576,
                            "result_set_size": 133635260,
                            "children": [
                                {
                                    "operator_name": "PROJECTION",
                                    "cpu_time": 5.9880974419999955,
                                    "extra_info": {
                                        "Projections": [
                                            "UserId",
                                            "reputation",
                                            "views",
                                            "upvotes",
                                            "downvotes",
                                            "PostCount",
                                            "QuestionCount",
                                            "AnswerCount",
                                            "CommentCount",
                                            "EditCount",
                                            "QuestionEdits",
                                            "AnswerEdits"
                                        ],
                                        "Estimated Cardinality": "5897622"
                                    },
                                    "cumulative_cardinality": 124411739,
                                    "operator_type": "PROJECTION",
                                    "operator_cardinality": 1260710,
                                    "cumulative_rows_scanned": 27998008,
                                    "operator_rows_scanned": 0,
                                    "operator_timing": 0.015584206,
                                    "result_set_size": 136156680,
                                    "children": [
                                        {
                                            "operator_name": "PROJECTION",
                                            "cpu_time": 5.972513235999996,
                                            "extra_info": {
                                                "Projections": [
                                                    "#0",
                                                    "#1",
                                                    "#2",
                                                    "#3",
                                                    "#4",
                                                    "#5",
                                                    "#6",
                                                    "__internal_decompress_integral_integer(#7, 0)",
                                                    "#8",
                                                    "#9",
                                                    "#10",
                                                    "#11"
                                                ],
                                                "Estimated Cardinality": "5897622"
                                            },
                                            "cumulative_cardinality": 123151029,
                                            "operator_type": "PROJECTION",
                                            "operator_cardinality": 1260710,
                                            "cumulative_rows_scanned": 27998008,
                                            "operator_rows_scanned": 0,
                                            "operator_timing": 0.0006364879999999999,
                                            "result_set_size": 136156680,
                                            "children": [
                                                {
                                                    "operator_name": "HASH_JOIN",
                                                    "cpu_time": 5.971876747999996,
                                                    "extra_info": {
                                                        "Join Type": "RIGHT",
                                                        "Conditions": "userid = UserId",
                                                        "Estimated Cardinality": "5897622"
                                                    },
                                                    "cumulative_cardinality": 121890319,
                                                    "operator_type": "HASH_JOIN",
                                                    "operator_cardinality": 1260710,
                                                    "cumulative_rows_scanned": 27998008,
                                                    "operator_rows_scanned": 0,
                                                    "operator_timing": 0.11072244500000002,
                                                    "result_set_size": 133635260,
                                                    "children": [
                                                        {
                                                            "operator_name": "HASH_GROUP_BY",
                                                            "cpu_time": 2.356304526999994,
                                                            "extra_info": {
                                                                "Groups": "#0",
                                                                "Aggregates": [
                                                                    "count(DISTINCT #1)",
                                                                    "sum(#2)",
                                                                    "sum(#3)"
                                                                ],
                                                                "Estimated Cardinality": "5897622"
                                                            },
                                                            "cumulative_cardinality": 51973296,
                                                            "operator_type": "HASH_GROUP_BY",
                                                            "operator_cardinality": 374116,
                                                            "cumulative_rows_scanned": 15645360,
                                                            "operator_rows_scanned": 0,
                                                            "operator_timing": 1.3948244809999961,
                                                            "result_set_size": 16461104,
                                                            "children": [
                                                                {
                                                                    "operator_name": "PROJECTION",
                                                                    "cpu_time": 0.961480045999998,
                                                                    "extra_info": {
                                                                        "Projections": [
                                                                            "userid",
                                                                            "id",
                                                                            "CASE  WHEN ((posttypeid = 1)) THEN (1) ELSE 0 END",
                                                                            "CASE  WHEN ((posttypeid = 2)) THEN (1) ELSE 0 END"
                                                                        ],
                                                                        "Estimated Cardinality": "11795244"
                                                                    },
                                                                    "cumulative_cardinality": 51599180,
                                                                    "operator_type": "PROJECTION",
                                                                    "operator_cardinality": 10974737,
                                                                    "cumulative_rows_scanned": 15645360,
                                                                    "operator_rows_scanned": 0,
                                                                    "operator_timing": 0.04362119499999973,
                                                                    "result_set_size": 175595792,
                                                                    "children": [
                                                                        {
                                                                            "operator_name": "PROJECTION",
                                                                            "cpu_time": 0.9178588509999983,
                                                                            "extra_info": {
                                                                                "Projections": [
                                                                                    "#0",
                                                                                    "#1",
                                                                                    "__internal_decompress_integral_smallint(#2, 1)"
                                                                                ],
                                                                                "Estimated Cardinality": "11795244"
                                                                            },
                                                                            "cumulative_cardinality": 40624443,
                                                                            "operator_type": "PROJECTION",
                                                                            "operator_cardinality": 10974737,
                                                                            "cumulative_rows_scanned": 15645360,
                                                                            "operator_rows_scanned": 0,
                                                                            "operator_timing": 0.003912565000000027,
                                                                            "result_set_size": 109747370,
                                                                            "children": [
                                                                                {
                                                                                    "operator_name": "HASH_JOIN",
                                                                                    "cpu_time": 0.9139462859999983,
                                                                                    "extra_info": {
                                                                                        "Join Type": "LEFT",
                                                                                        "Conditions": "postid = id",
                                                                                        "Estimated Cardinality": "11795244"
                                                                                    },
                                                                                    "cumulative_cardinality": 29649706,
                                                                                    "operator_type": "HASH_JOIN",
                                                                                    "operator_cardinality": 10974737,
                                                                                    "cumulative_rows_scanned": 15645360,
                                                                                    "operator_rows_scanned": 0,
                                                                                    "operator_timing": 0.543285780999998,
                                                                                    "result_set_size": 98772633,
                                                                                    "children": [
                                                                                        {
                                                                                            "operator_name": "READ_PARQUET ",
                                                                                            "cpu_time": 0.33551967600000027,
                                                                                            "extra_info": {
                                                                                                "Function": "READ_PARQUET",
                                                                                                "Projections": [
                                                                                                    "id",
                                                                                                    "postid",
                                                                                                    "userid"
                                                                                                ],
                                                                                                "Estimated Cardinality": "11795244"
                                                                                            },
                                                                                            "cumulative_cardinality": 10974737,
                                                                                            "operator_type": "TABLE_SCAN",
                                                                                            "operator_cardinality": 10974737,
                                                                                            "cumulative_rows_scanned": 11795244,
                                                                                            "operator_rows_scanned": 11795244,
                                                                                            "operator_timing": 0.33551967600000027,
                                                                                            "result_set_size": 131696844,
                                                                                            "children": []
                                                                                        },
                                                                                        {
                                                                                            "operator_name": "PROJECTION",
                                                                                            "cpu_time": 0.035140828999999985,
                                                                                            "extra_info": {
                                                                                                "Projections": [
                                                                                                    "#0",
                                                                                                    "__internal_compress_integral_utinyint(#1, 1)"
                                                                                                ],
                                                                                                "Estimated Cardinality": "3850116"
                                                                                            },
                                                                                            "cumulative_cardinality": 7700232,
                                                                                            "operator_type": "PROJECTION",
                                                                                            "operator_cardinality": 3850116,
                                                                                            "cumulative_rows_scanned": 3850116,
                                                                                            "operator_rows_scanned": 0,
                                                                                            "operator_timing": 0.0008792020000000095,
                                                                                            "result_set_size": 19250580,
                                                                                            "children": [
                                                                                                {
                                                                                                    "operator_name": "READ_PARQUET ",
                                                                                                    "cpu_time": 0.034261626999999975,
                                                                                                    "extra_info": {
                                                                                                        "Function": "READ_PARQUET",
                                                                                                        "Projections": [
                                                                                                            "id",
                                                                                                            "posttypeid"
                                                                                                        ],
                                                                                                        "Estimated Cardinality": "3850116"
                                                                                                    },
                                                                                                    "cumulative_cardinality": 3850116,
                                                                                                    "operator_type": "TABLE_SCAN",
                                                                                                    "operator_cardinality": 3850116,
                                                                                                    "cumulative_rows_scanned": 3850116,
                                                                                                    "operator_rows_scanned": 3850116,
                                                                                                    "operator_timing": 0.034261626999999975,
                                                                                                    "result_set_size": 23100696,
                                                                                                    "children": []
                                                                                                }
                                                                                            ]
                                                                                        }
                                                                                    ]
                                                                                }
                                                                            ]
                                                                        }
                                                                    ]
                                                                }
                                                            ]
                                                        },
                                                        {
                                                            "operator_name": "PROJECTION",
                                                            "cpu_time": 3.5048497760000017,
                                                            "extra_info": {
                                                                "Projections": [
                                                                    "#0",
                                                                    "#1",
                                                                    "#2",
                                                                    "#3",
                                                                    "__internal_compress_integral_usmallint(#4, 0)",
                                                                    "#5",
                                                                    "#6",
                                                                    "#7",
                                                                    "#8"
                                                                ],
                                                                "Estimated Cardinality": "1260710"
                                                            },
                                                            "cumulative_cardinality": 68656313,
                                                            "operator_type": "PROJECTION",
                                                            "operator_cardinality": 1260710,
                                                            "cumulative_rows_scanned": 12352648,
                                                            "operator_rows_scanned": 0,
                                                            "operator_timing": 0.0004641289999999998,
                                                            "result_set_size": 83206860,
                                                            "children": [
                                                                {
                                                                    "operator_name": "PROJECTION",
                                                                    "cpu_time": 3.5043856470000017,
                                                                    "extra_info": {
                                                                        "Projections": [
                                                                            "#0",
                                                                            "#1",
                                                                            "#2",
                                                                            "#3",
                                                                            "__internal_decompress_integral_integer(#4, 0)",
                                                                            "#5",
                                                                            "#6",
                                                                            "#7",
                                                                            "#8"
                                                                        ],
                                                                        "Estimated Cardinality": "1260710"
                                                                    },
                                                                    "cumulative_cardinality": 67395603,
                                                                    "operator_type": "PROJECTION",
                                                                    "operator_cardinality": 1260710,
                                                                    "cumulative_rows_scanned": 12352648,
                                                                    "operator_rows_scanned": 0,
                                                                    "operator_timing": 0.0005081129999999996,
                                                                    "result_set_size": 85728280,
                                                                    "children": [
                                                                        {
                                                                            "operator_name": "HASH_GROUP_BY",
                                                                            "cpu_time": 3.5038775340000017,
                                                                            "extra_info": {
                                                                                "Groups": [
                                                                                    "#0",
                                                                                    "#1",
                                                                                    "#2",
                                                                                    "#3",
                                                                                    "#4"
                                                                                ],
                                                                                "Aggregates": [
                                                                                    "count(DISTINCT #5)",
                                                                                    "sum(#6)",
                                                                                    "sum(#7)",
                                                                                    "count(DISTINCT #8)"
                                                                                ],
                                                                                "Estimated Cardinality": "1260710"
                                                                            },
                                                                            "cumulative_cardinality": 66134893,
                                                                            "operator_type": "HASH_GROUP_BY",
                                                                            "operator_cardinality": 1260710,
                                                                            "cumulative_rows_scanned": 12352648,
                                                                            "operator_rows_scanned": 0,
                                                                            "operator_timing": 2.3856266990000012,
                                                                            "result_set_size": 83206860,
                                                                            "children": [
                                                                                {
                                                                                    "operator_name": "PROJECTION",
                                                                                    "cpu_time": 1.1182508350000004,
                                                                                    "extra_info": {
                                                                                        "Projections": [
                                                                                            "id",
                                                                                            "reputation",
                                                                                            "views",
                                                                                            "upvotes",
                                                                                            "downvotes",
                                                                                            "id",
                                                                                            "CASE  WHEN ((posttypeid = 1)) THEN (1) ELSE 0 END",
                                                                                            "CASE  WHEN ((posttypeid = 2)) THEN (1) ELSE 0 END",
                                                                                            "id"
                                                                                        ],
                                                                                        "Estimated Cardinality": "7241822"
                                                                                    },
                                                                                    "cumulative_cardinality": 64874183,
                                                                                    "operator_type": "PROJECTION",
                                                                                    "operator_cardinality": 9425510,
                                                                                    "cumulative_rows_scanned": 12352648,
                                                                                    "operator_rows_scanned": 0,
                                                                                    "operator_timing": 0.036653275999999985,
                                                                                    "result_set_size": 320467340,
                                                                                    "children": [
                                                                                        {
                                                                                            "operator_name": "PROJECTION",
                                                                                            "cpu_time": 1.0815975590000004,
                                                                                            "extra_info": {
                                                                                                "Projections": [
                                                                                                    "#0",
                                                                                                    "#1",
                                                                                                    "#2",
                                                                                                    "#3",
                                                                                                    "#4",
                                                                                                    "#5",
                                                                                                    "#6",
                                                                                                    "__internal_compress_integral_usmallint(#7, 0)"
                                                                                                ],
                                                                                                "Estimated Cardinality": "7241822"
                                                                                            },
                                                                                            "cumulative_cardinality": 55448673,
                                                                                            "operator_type": "PROJECTION",
                                                                                            "operator_cardinality": 9425510,
                                                                                            "cumulative_rows_scanned": 12352648,
                                                                                            "operator_rows_scanned": 0,
                                                                                            "operator_timing": 0.004668869000000018,
                                                                                            "result_set_size": 263914280,
                                                                                            "children": [
                                                                                                {
                                                                                                    "operator_name": "PROJECTION",
                                                                                                    "cpu_time": 1.0769286900000004,
                                                                                                    "extra_info": {
                                                                                                        "Projections": [
                                                                                                            "#0",
                                                                                                            "#1",
                                                                                                            "__internal_decompress_integral_smallint(#2, 1)",
                                                                                                            "#3",
                                                                                                            "#4",
                                                                                                            "#5",
                                                                                                            "#6",
                                                                                                            "__internal_decompress_integral_integer(#7, 0)"
                                                                                                        ],
                                                                                                        "Estimated Cardinality": "7241822"
                                                                                                    },
                                                                                                    "cumulative_cardinality": 46023163,
                                                                                                    "operator_type": "PROJECTION",
                                                                                                    "operator_cardinality": 9425510,
                                                                                                    "cumulative_rows_scanned": 12352648,
                                                                                                    "operator_rows_scanned": 0,
                                                                                                    "operator_timing": 0.006568966000000009,
                                                                                                    "result_set_size": 282765300,
                                                                                                    "children": [
                                                                                                        {
                                                                                                            "operator_name": "HASH_JOIN",
                                                                                                            "cpu_time": 1.0703597240000005,
                                                                                                            "extra_info": {
                                                                                                                "Join Type": "RIGHT",
                                                                                                                "Conditions": "postid = id",
                                                                                                                "Estimated Cardinality": "7241822"
                                                                                                            },
                                                                                                            "cumulative_cardinality": 36597653,
                                                                                                            "operator_type": "HASH_JOIN",
                                                                                                            "operator_cardinality": 9425510,
                                                                                                            "cumulative_rows_scanned": 12352648,
                                                                                                            "operator_rows_scanned": 0,
                                                                                                            "operator_timing": 0.5846526750000006,
                                                                                                            "result_set_size": 254488770,
                                                                                                            "children": [
                                                                                                                {
                                                                                                                    "operator_name": "READ_PARQUET ",
                                                                                                                    "cpu_time": 0.12521880700000007,
                                                                                                                    "extra_info": {
                                                                                                                        "Function": "READ_PARQUET",
                                                                                                                        "Projections": [
                                                                                                                            "id",
                                                                                                                            "postid"
                                                                                                                        ],
                                                                                                                        "Estimated Cardinality": "7241822"
                                                                                                                    },
                                                                                                                    "cumulative_cardinality": 7241822,
                                                                                                                    "operator_type": "TABLE_SCAN",
                                                                                                                    "operator_cardinality": 7241822,
                                                                                                                    "cumulative_rows_scanned": 7241822,
                                                                                                                    "operator_rows_scanned": 7241822,
                                                                                                                    "operator_timing": 0.12521880700000007,
                                                                                                                    "result_set_size": 57934576,
                                                                                                                    "children": []
                                                                                                                },
                                                                                                                {
                                                                                                                    "operator_name": "PROJECTION",
                                                                                                                    "cpu_time": 0.36048824199999974,
                                                                                                                    "extra_info": {
                                                                                                                        "Projections": [
                                                                                                                            "#0",
                                                                                                                            "__internal_compress_integral_utinyint(#1, 1)",
                                                                                                                            "#2",
                                                                                                                            "#3",
                                                                                                                            "#4",
                                                                                                                            "#5",
                                                                                                                            "__internal_compress_integral_usmallint(#6, 0)"
                                                                                                                        ],
                                                                                                                        "Estimated Cardinality": "3850116"
                                                                                                                    },
                                                                                                                    "cumulative_cardinality": 19930321,
                                                                                                                    "operator_type": "PROJECTION",
                                                                                                                    "operator_cardinality": 4574495,
                                                                                                                    "cumulative_rows_scanned": 5110826,
                                                                                                                    "operator_rows_scanned": 0,
                                                                                                                    "operator_timing": 0.0029512420000000084,
                                                                                                                    "result_set_size": 105213385,
                                                                                                                    "children": [
                                                                                                                        {
                                                                                                                            "operator_name": "PROJECTION",
                                                                                                                            "cpu_time": 0.3575369999999997,
                                                                                                                            "extra_info": {
                                                                                                                                "Projections": [
                                                                                                                                    "#0",
                                                                                                                                    "#1",
                                                                                                                                    "#2",
                                                                                                                                    "#3",
                                                                                                                                    "#4",
                                                                                                                                    "#5",
                                                                                                                                    "__internal_decompress_integral_integer(#6, 0)"
                                                                                                                                ],
                                                                                                                                "Estimated Cardinality": "3850116"
                                                                                                                            },
                                                                                                                            "cumulative_cardinality": 15355826,
                                                                                                                            "operator_type": "PROJECTION",
                                                                                                                            "operator_cardinality": 4574495,
                                                                                                                            "cumulative_rows_scanned": 5110826,
                                                                                                                            "operator_rows_scanned": 0,
                                                                                                                            "operator_timing": 0.0020705360000000056,
                                                                                                                            "result_set_size": 118936870,
                                                                                                                            "children": [
                                                                                                                                {
                                                                                                                                    "operator_name": "HASH_JOIN",
                                                                                                                                    "cpu_time": 0.3554664639999997,
                                                                                                                                    "extra_info": {
                                                                                                                                        "Join Type": "RIGHT",
                                                                                                                                        "Conditions": "owneruserid = id",
                                                                                                                                        "Estimated Cardinality": "3850116"
                                                                                                                                    },
                                                                                                                                    "cumulative_cardinality": 10781331,
                                                                                                                                    "operator_type": "HASH_JOIN",
                                                                                                                                    "operator_cardinality": 4574495,
                                                                                                                                    "cumulative_rows_scanned": 5110826,
                                                                                                                                    "operator_rows_scanned": 0,
                                                                                                                                    "operator_timing": 0.22633534499999974,
                                                                                                                                    "result_set_size": 109787880,
                                                                                                                                    "children": [
                                                                                                                                        {
                                                                                                                                            "operator_name": "READ_PARQUET ",
                                                                                                                                            "cpu_time": 0.09718463199999995,
                                                                                                                                            "extra_info": {
                                                                                                                                                "Function": "READ_PARQUET",
                                                                                                                                                "Projections": [
                                                                                                                                                    "id",
                                                                                                                                                    "posttypeid",
                                                                                                                                                    "owneruserid"
                                                                                                                                                ],
                                                                                                                                                "Estimated Cardinality": "3850116"
                                                                                                                                            },
                                                                                                                                            "cumulative_cardinality": 3685416,
                                                                                                                                            "operator_type": "TABLE_SCAN",
                                                                                                                                            "operator_cardinality": 3685416,
                                                                                                                                            "cumulative_rows_scanned": 3850116,
                                                                                                                                            "operator_rows_scanned": 3850116,
                                                                                                                                            "operator_timing": 0.09718463199999995,
                                                                                                                                            "result_set_size": 36854160,
                                                                                                                                            "children": []
                                                                                                                                        },
                                                                                                                                        {
                                                                                                                                            "operator_name": "PROJECTION",
                                                                                                                                            "cpu_time": 0.031946487000000016,
                                                                                                                                            "extra_info": {
                                                                                                                                                "Projections": [
                                                                                                                                                    "#0",
                                                                                                                                                    "#1",
                                                                                                                                                    "#2",
                                                                                                                                                    "#3",
                                                                                                                                                    "__internal_compress_integral_usmallint(#4, 0)"
                                                                                                                                                ],
                                                                                                                                                "Estimated Cardinality": "1260710"
                                                                                                                                            },
                                                                                                                                            "cumulative_cardinality": 2521420,
                                                                                                                                            "operator_type": "PROJECTION",
                                                                                                                                            "operator_cardinality": 1260710,
                                                                                                                                            "cumulative_rows_scanned": 1260710,
                                                                                                                                            "operator_rows_scanned": 0,
                                                                                                                                            "operator_timing": 0.000472561,
                                                                                                                                            "result_set_size": 22692780,
                                                                                                                                            "children": [
                                                                                                                                                {
                                                                                                                                                    "operator_name": "READ_PARQUET ",
                                                                                                                                                    "cpu_time": 0.03147392600000001,
                                                                                                                                                    "extra_info": {
                                                                                                                                                        "Function": "READ_PARQUET",
                                                                                                                                                        "Projections": [
                                                                                                                                                            "id",
                                                                                                                                                            "reputation",
                                                                                                                                                            "views",
                                                                                                                                                            "upvotes",
                                                                                                                                                            "downvotes"
                                                                                                                                                        ],
                                                                                                                                                        "Estimated Cardinality": "1260710"
                                                                                                                                                    },
                                                                                                                                                    "cumulative_cardinality": 1260710,
                                                                                                                                                    "operator_type": "TABLE_SCAN",
                                                                                                                                                    "operator_cardinality": 1260710,
                                                                                                                                                    "cumulative_rows_scanned": 1260710,
                                                                                                                                                    "operator_rows_scanned": 1260710,
                                                                                                                                                    "operator_timing": 0.03147392600000001,
                                                                                                                                                    "result_set_size": 25214200,
                                                                                                                                                    "children": []
                                                                                                                                                }
                                                                                                                                            ]
                                                                                                                                        }
                                                                                                                                    ]
                                                                                                                                }
                                                                                                                            ]
                                                                                                                        }
                                                                                                                    ]
                                                                                                                }
                                                                                                            ]
                                                                                                        }
                                                                                                    ]
                                                                                                }
                                                                                            ]
                                                                                        }
                                                                                    ]
                                                                                }
                                                                            ]
                                                                        }
                                                                    ]
                                                                }
                                                            ]
                                                        }
                                                    ]
                                                }
                                            ]
                                        }
                                    ]
                                }
                            ]
                        }
                    ]
                }
            ]
        }
    ]
}