{
    "rows_returned": 10,
    "query_name": "WITH UserStats AS (\n    SELECT \n        u.Id AS UserId,\n        u.DisplayName,\n        COALESCE(SUM(CASE WHEN v.VoteTypeId = 2 THEN 1 ELSE 0 END), 0) AS UpVotes,\n        COALESCE(SUM(CASE WHEN v.VoteTypeId = 3 THEN 1 ELSE 0 END), 0) AS DownVotes,\n        COUNT(DISTINCT p.Id) AS PostCount,\n        AVG(EXTRACT(EPOCH FROM (cast('2024-10-01 12:34:56' as timestamp) - u.CreationDate))/3600) AS AvgAgeHours\n    FROM \n        Users u\n        LEFT JOIN Posts p ON u.Id = p.OwnerUserId\n        LEFT JOIN Votes v ON p.Id = v.PostId\n    GROUP BY \n        u.Id, u.DisplayName\n),\nRecentEdits AS (\n    SELECT \n        ph.UserId,\n        COUNT(*) AS EditCount,\n        MAX(ph.CreationDate) AS LastEditDate\n    FROM \n        PostHistory ph\n    WHERE \n        ph.PostHistoryTypeId IN (4, 5, 6)\n    GROUP BY \n        ph.UserId\n),\nUserBadges AS (\n    SELECT \n        b.UserId,\n        COUNT(*) AS BadgeCount,\n        MAX(b.Date) AS LastAwarded\n    FROM \n        Badges b\n    WHERE \n        b.Class = 1 \n    GROUP BY \n        b.UserId\n)\nSELECT \n    us.UserId,\n    us.DisplayName,\n    us.UpVotes,\n    us.DownVotes,\n    us.PostCount,\n    us.AvgAgeHours,\n    COALESCE(re.EditCount, 0) AS EditCount,\n    re.LastEditDate,\n    COALESCE(ub.BadgeCount, 0) AS GoldBadges,\n    COALESCE(ub.LastAwarded, NULL) AS LastGoldBadgeAwarded\nFROM \n    UserStats us\n    LEFT JOIN RecentEdits re ON us.UserId = re.UserId\n    LEFT JOIN UserBadges ub ON us.UserId = ub.UserId\nWHERE \n    us.UpVotes > us.DownVotes\nORDER BY \n    us.UpVotes DESC\nLIMIT 10;",
    "blocked_thread_time": 0.0,
    "cpu_time": 3.855749639999997,
    "extra_info": {},
    "cumulative_cardinality": 56270666,
    "cumulative_rows_scanned": 31971887,
    "result_set_size": 1000,
    "latency": 4.944381365,
    "children": [
        {
            "operator_name": "STREAMING_LIMIT",
            "cpu_time": 3.855749639999997,
            "extra_info": {},
            "cumulative_cardinality": 56270666,
            "operator_type": "STREAMING_LIMIT",
            "operator_cardinality": 10,
            "cumulative_rows_scanned": 31971887,
            "operator_rows_scanned": 0,
            "operator_timing": 0.0000016430000000000002,
            "result_set_size": 1000,
            "children": [
                {
                    "operator_name": "ORDER_BY",
                    "cpu_time": 3.855747996999997,
                    "extra_info": {
                        "Order By": "us.UpVotes DESC"
                    },
                    "cumulative_cardinality": 56270656,
                    "operator_type": "ORDER_BY",
                    "operator_cardinality": 4096,
                    "cumulative_rows_scanned": 31971887,
                    "operator_rows_scanned": 0,
                    "operator_timing": 0.019700065000000003,
                    "result_set_size": 409600,
                    "children": [
                        {
                            "operator_name": "PROJECTION",
                            "cpu_time": 3.836047931999997,
                            "extra_info": {
                                "Projections": [
                                    "UserId",
                                    "displayname",
                                    "UpVotes",
                                    "DownVotes",
                                    "PostCount",
                                    "AvgAgeHours",
                                    "EditCount",
                                    "LastEditDate",
                                    "GoldBadges",
                                    "LastGoldBadgeAwarded"
                                ],
                                "Estimated Cardinality": "1179524"
                            },
                            "cumulative_cardinality": 56266560,
                            "operator_type": "PROJECTION",
                            "operator_cardinality": 266507,
                            "cumulative_rows_scanned": 31971887,
                            "operator_rows_scanned": 0,
                            "operator_timing": 0.006280040999999999,
                            "result_set_size": 26650700,
                            "children": [
                                {
                                    "operator_name": "HASH_JOIN",
                                    "cpu_time": 3.829767890999997,
                                    "extra_info": {
                                        "Join Type": "LEFT",
                                        "Conditions": "UserId = userid",
                                        "Estimated Cardinality": "1179524"
                                    },
                                    "cumulative_cardinality": 56000053,
                                    "operator_type": "HASH_JOIN",
                                    "operator_cardinality": 266507,
                                    "cumulative_rows_scanned": 31971887,
                                    "operator_rows_scanned": 0,
                                    "operator_timing": 0.006276995000000002,
                                    "result_set_size": 28782756,
                                    "children": [
                                        {
                                            "operator_name": "HASH_JOIN",
                                            "cpu_time": 3.795309036999997,
                                            "extra_info": {
                                                "Join Type": "RIGHT",
                                                "Conditions": "userid = UserId",
                                                "Estimated Cardinality": "1179524"
                                            },
                                            "cumulative_cardinality": 55650565,
                                            "operator_type": "HASH_JOIN",
                                            "operator_cardinality": 266507,
                                            "cumulative_rows_scanned": 29650163,
                                            "operator_rows_scanned": 0,
                                            "operator_timing": 0.028494942000000006,
                                            "result_set_size": 23452616,
                                            "children": [
                                                {
                                                    "operator_name": "HASH_GROUP_BY",
                                                    "cpu_time": 0.5419555599999987,
                                                    "extra_info": {
                                                        "Groups": "#0",
                                                        "Aggregates": [
                                                            "count_star()",
                                                            "max(#1)"
                                                        ],
                                                        "Estimated Cardinality": "1179524"
                                                    },
                                                    "cumulative_cardinality": 7845970,
                                                    "operator_type": "HASH_GROUP_BY",
                                                    "operator_cardinality": 180706,
                                                    "cumulative_rows_scanned": 11795244,
                                                    "operator_rows_scanned": 0,
                                                    "operator_timing": 0.09451281900000019,
                                                    "result_set_size": 3614120,
                                                    "children": [
                                                        {
                                                            "operator_name": "PROJECTION",
                                                            "cpu_time": 0.4474427409999985,
                                                            "extra_info": {
                                                                "Projections": [
                                                                    "userid",
                                                                    "creationdate"
                                                                ],
                                                                "Estimated Cardinality": "2359048"
                                                            },
                                                            "cumulative_cardinality": 7665264,
                                                            "operator_type": "PROJECTION",
                                                            "operator_cardinality": 3832632,
                                                            "cumulative_rows_scanned": 11795244,
                                                            "operator_rows_scanned": 0,
                                                            "operator_timing": 0.0008611589999999993,
                                                            "result_set_size": 45991584,
                                                            "children": [
                                                                {
                                                                    "operator_name": "READ_PARQUET ",
                                                                    "cpu_time": 0.4465815819999985,
                                                                    "extra_info": {
                                                                        "Function": "READ_PARQUET",
                                                                        "Projections": [
                                                                            "creationdate",
                                                                            "userid"
                                                                        ],
                                                                        "Filters": "posthistorytypeid>=4 AND posthistorytypeid<=6",
                                                                        "Estimated Cardinality": "2359048"
                                                                    },
                                                                    "cumulative_cardinality": 3832632,
                                                                    "operator_type": "TABLE_SCAN",
                                                                    "operator_cardinality": 3832632,
                                                                    "cumulative_rows_scanned": 11795244,
                                                                    "operator_rows_scanned": 11795244,
                                                                    "operator_timing": 0.4465815819999985,
                                                                    "result_set_size": 45991584,
                                                                    "children": []
                                                                }
                                                            ]
                                                        }
                                                    ]
                                                },
                                                {
                                                    "operator_name": "PROJECTION",
                                                    "cpu_time": 3.2248585349999983,
                                                    "extra_info": {
                                                        "Projections": [
                                                            "UserId",
                                                            "displayname",
                                                            "UpVotes",
                                                            "DownVotes",
                                                            "PostCount",
                                                            "AvgAgeHours"
                                                        ],
                                                        "Estimated Cardinality": "252142"
                                                    },
                                                    "cumulative_cardinality": 47538088,
                                                    "operator_type": "PROJECTION",
                                                    "operator_cardinality": 266507,
                                                    "cumulative_rows_scanned": 17854919,
                                                    "operator_rows_scanned": 0,
                                                    "operator_timing": 0.0038084660000000004,
                                                    "result_set_size": 18122476,
                                                    "children": [
                                                        {
                                                            "operator_name": "FILTER",
                                                            "cpu_time": 3.221050068999998,
                                                            "extra_info": {
                                                                "Expression": "(COALESCE(sum(CASE  WHEN ((votetypeid = CAST(2 AS SMALLINT))) THEN (CAST(1 AS INTEGER)) ELSE CAST(0 AS INTEGER) END), 0) > COALESCE(sum(CASE  WHEN ((votetypeid = CAST(3 AS SMALLINT))) THEN (CAST(1 AS INTEGER)) ELSE CAST(0 AS INTEGER) END), 0))",
                                                                "Estimated Cardinality": "252142"
                                                            },
                                                            "cumulative_cardinality": 47271581,
                                                            "operator_type": "FILTER",
                                                            "operator_cardinality": 266507,
                                                            "cumulative_rows_scanned": 17854919,
                                                            "operator_rows_scanned": 0,
                                                            "operator_timing": 0.015843339000000005,
                                                            "result_set_size": 18122476,
                                                            "children": [
                                                                {
                                                                    "operator_name": "HASH_GROUP_BY",
                                                                    "cpu_time": 3.2052067299999982,
                                                                    "extra_info": {
                                                                        "Groups": [
                                                                            "#0",
                                                                            "#1"
                                                                        ],
                                                                        "Aggregates": [
                                                                            "sum(#2)",
                                                                            "sum(#3)",
                                                                            "count(DISTINCT #4)",
                                                                            "avg(#5)"
                                                                        ],
                                                                        "Estimated Cardinality": "1260710"
                                                                    },
                                                                    "cumulative_cardinality": 47005074,
                                                                    "operator_type": "HASH_GROUP_BY",
                                                                    "operator_cardinality": 1260710,
                                                                    "cumulative_rows_scanned": 17854919,
                                                                    "operator_rows_scanned": 0,
                                                                    "operator_timing": 1.5868476459999998,
                                                                    "result_set_size": 85728280,
                                                                    "children": [
                                                                        {
                                                                            "operator_name": "PROJECTION",
                                                                            "cpu_time": 1.6183590839999984,
                                                                            "extra_info": {
                                                                                "Projections": [
                                                                                    "id",
                                                                                    "displayname",
                                                                                    "CASE  WHEN ((votetypeid = 2)) THEN (1) ELSE 0 END",
                                                                                    "CASE  WHEN ((votetypeid = 3)) THEN (1) ELSE 0 END",
                                                                                    "id",
                                                                                    "(epoch(('2024-10-01 12:34:56'::TIMESTAMP - creationdate)) / 3600.0)"
                                                                                ],
                                                                                "Estimated Cardinality": "12744093"
                                                                            },
                                                                            "cumulative_cardinality": 45744364,
                                                                            "operator_type": "PROJECTION",
                                                                            "operator_cardinality": 11739825,
                                                                            "cumulative_rows_scanned": 17854919,
                                                                            "operator_rows_scanned": 0,
                                                                            "operator_timing": 0.2167873240000002,
                                                                            "result_set_size": 469593000,
                                                                            "children": [
                                                                                {
                                                                                    "operator_name": "HASH_JOIN",
                                                                                    "cpu_time": 1.4015717599999982,
                                                                                    "extra_info": {
                                                                                        "Join Type": "RIGHT",
                                                                                        "Conditions": "postid = id",
                                                                                        "Estimated Cardinality": "12744093"
                                                                                    },
                                                                                    "cumulative_cardinality": 34004539,
                                                                                    "operator_type": "HASH_JOIN",
                                                                                    "operator_cardinality": 11739825,
                                                                                    "cumulative_rows_scanned": 17854919,
                                                                                    "operator_rows_scanned": 0,
                                                                                    "operator_timing": 0.7699726459999977,
                                                                                    "result_set_size": 399154050,
                                                                                    "children": [
                                                                                        {
                                                                                            "operator_name": "READ_PARQUET ",
                                                                                            "cpu_time": 0.21266648300000032,
                                                                                            "extra_info": {
                                                                                                "Function": "READ_PARQUET",
                                                                                                "Projections": [
                                                                                                    "postid",
                                                                                                    "votetypeid"
                                                                                                ],
                                                                                                "Estimated Cardinality": "12744093"
                                                                                            },
                                                                                            "cumulative_cardinality": 12744093,
                                                                                            "operator_type": "TABLE_SCAN",
                                                                                            "operator_cardinality": 12744093,
                                                                                            "cumulative_rows_scanned": 12744093,
                                                                                            "operator_rows_scanned": 12744093,
                                                                                            "operator_timing": 0.21266648300000032,
                                                                                            "result_set_size": 76464558,
                                                                                            "children": []
                                                                                        },
                                                                                        {
                                                                                            "operator_name": "HASH_JOIN",
                                                                                            "cpu_time": 0.4189326310000002,
                                                                                            "extra_info": {
                                                                                                "Join Type": "RIGHT",
                                                                                                "Conditions": "owneruserid = id",
                                                                                                "Estimated Cardinality": "3850116"
                                                                                            },
                                                                                            "cumulative_cardinality": 9520621,
                                                                                            "operator_type": "HASH_JOIN",
                                                                                            "operator_cardinality": 4574495,
                                                                                            "cumulative_rows_scanned": 5110826,
                                                                                            "operator_rows_scanned": 0,
                                                                                            "operator_timing": 0.2418572020000002,
                                                                                            "result_set_size": 146383840,
                                                                                            "children": [
                                                                                                {
                                                                                                    "operator_name": "READ_PARQUET ",
                                                                                                    "cpu_time": 0.08559909800000004,
                                                                                                    "extra_info": {
                                                                                                        "Function": "READ_PARQUET",
                                                                                                        "Projections": [
                                                                                                            "id",
                                                                                                            "owneruserid"
                                                                                                        ],
                                                                                                        "Estimated Cardinality": "3850116"
                                                                                                    },
                                                                                                    "cumulative_cardinality": 3685416,
                                                                                                    "operator_type": "TABLE_SCAN",
                                                                                                    "operator_cardinality": 3685416,
                                                                                                    "cumulative_rows_scanned": 3850116,
                                                                                                    "operator_rows_scanned": 3850116,
                                                                                                    "operator_timing": 0.08559909800000004,
                                                                                                    "result_set_size": 29483328,
                                                                                                    "children": []
                                                                                                },
                                                                                                {
                                                                                                    "operator_name": "READ_PARQUET ",
                                                                                                    "cpu_time": 0.09147633099999994,
                                                                                                    "extra_info": {
                                                                                                        "Function": "READ_PARQUET",
                                                                                                        "Projections": [
                                                                                                            "id",
                                                                                                            "creationdate",
                                                                                                            "displayname"
                                                                                                        ],
                                                                                                        "Estimated Cardinality": "1260710"
                                                                                                    },
                                                                                                    "cumulative_cardinality": 1260710,
                                                                                                    "operator_type": "TABLE_SCAN",
                                                                                                    "operator_cardinality": 1260710,
                                                                                                    "cumulative_rows_scanned": 1260710,
                                                                                                    "operator_rows_scanned": 1260710,
                                                                                                    "operator_timing": 0.09147633099999994,
                                                                                                    "result_set_size": 35299880,
                                                                                                    "children": []
                                                                                                }
                                                                                            ]
                                                                                        }
                                                                                    ]
                                                                                }
                                                                            ]
                                                                        }
                                                                    ]
                                                                }
                                                            ]
                                                        }
                                                    ]
                                                }
                                            ]
                                        },
                                        {
                                            "operator_name": "HASH_GROUP_BY",
                                            "cpu_time": 0.028181858999999997,
                                            "extra_info": {
                                                "Groups": "#0",
                                                "Aggregates": [
                                                    "count_star()",
                                                    "max(#1)"
                                                ],
                                                "Estimated Cardinality": "232172"
                                            },
                                            "cumulative_cardinality": 82981,
                                            "operator_type": "HASH_GROUP_BY",
                                            "operator_cardinality": 17659,
                                            "cumulative_rows_scanned": 2321724,
                                            "operator_rows_scanned": 0,
                                            "operator_timing": 0.0014454119999999997,
                                            "result_set_size": 353180,
                                            "children": [
                                                {
                                                    "operator_name": "PROJECTION",
                                                    "cpu_time": 0.026736446999999997,
                                                    "extra_info": {
                                                        "Projections": [
                                                            "userid",
                                                            "date"
                                                        ],
                                                        "Estimated Cardinality": "464344"
                                                    },
                                                    "cumulative_cardinality": 65322,
                                                    "operator_type": "PROJECTION",
                                                    "operator_cardinality": 32661,
                                                    "cumulative_rows_scanned": 2321724,
                                                    "operator_rows_scanned": 0,
                                                    "operator_timing": 0.000007083999999999999,
                                                    "result_set_size": 391932,
                                                    "children": [
                                                        {
                                                            "operator_name": "READ_PARQUET ",
                                                            "cpu_time": 0.026729362999999996,
                                                            "extra_info": {
                                                                "Function": "READ_PARQUET",
                                                                "Projections": [
                                                                    "userid",
                                                                    "date"
                                                                ],
                                                                "Filters": "class=1",
                                                                "Estimated Cardinality": "464344"
                                                            },
                                                            "cumulative_cardinality": 32661,
                                                            "operator_type": "TABLE_SCAN",
                                                            "operator_cardinality": 32661,
                                                            "cumulative_rows_scanned": 2321724,
                                                            "operator_rows_scanned": 2321724,
                                                            "operator_timing": 0.026729362999999996,
                                                            "result_set_size": 391932,
                                                            "children": []
                                                        }
                                                    ]
                                                }
                                            ]
                                        }
                                    ]
                                }
                            ]
                        }
                    ]
                }
            ]
        }
    ]
}