{
    "rows_returned": 100,
    "query_name": "\nWITH UserStats AS (\n    SELECT \n        Users.Id AS UserId,\n        Users.DisplayName,\n        COUNT(DISTINCT Posts.Id) AS PostCount,\n        SUM(CASE WHEN Posts.PostTypeId = 1 THEN 1 ELSE 0 END) AS QuestionCount,\n        SUM(CASE WHEN Posts.PostTypeId = 2 THEN 1 ELSE 0 END) AS AnswerCount,\n        SUM(CASE WHEN Votes.VoteTypeId = 2 THEN 1 ELSE 0 END) AS Upvotes,\n        SUM(CASE WHEN Votes.VoteTypeId = 3 THEN 1 ELSE 0 END) AS Downvotes,\n        AVG(Users.Reputation) AS AvgReputation\n    FROM \n        Users\n    LEFT JOIN \n        Posts ON Users.Id = Posts.OwnerUserId\n    LEFT JOIN \n        Votes ON Posts.Id = Votes.PostId\n    GROUP BY \n        Users.Id, Users.DisplayName\n),\nPostStats AS (\n    SELECT \n        Posts.Id AS PostId,\n        Posts.Title,\n        Posts.CreationDate,\n        Posts.Score,\n        Posts.ViewCount,\n        Posts.AnswerCount,\n        Posts.CommentCount,\n        CASE \n            WHEN Posts.ClosedDate IS NOT NULL THEN 'Closed' \n            ELSE 'Open' \n        END AS Status\n    FROM \n        Posts\n)\nSELECT \n    u.UserId,\n    u.DisplayName,\n    u.PostCount,\n    u.QuestionCount,\n    u.AnswerCount,\n    u.Upvotes,\n    u.Downvotes,\n    u.AvgReputation,\n    p.PostId,\n    p.Title,\n    p.CreationDate,\n    p.Score,\n    p.ViewCount,\n    p.AnswerCount AS PostAnswerCount,\n    p.CommentCount AS PostCommentCount,\n    p.Status\nFROM \n    UserStats u\nJOIN \n    PostStats p ON u.UserId = p.PostId \nORDER BY \n    u.PostCount DESC, \n    u.AvgReputation DESC\nLIMIT 100;\n",
    "blocked_thread_time": 0.0,
    "cpu_time": 3.8659849069999956,
    "extra_info": {},
    "cumulative_cardinality": 80449286,
    "cumulative_rows_scanned": 21705035,
    "result_set_size": 16000,
    "latency": 5.242265558,
    "children": [
        {
            "operator_name": "STREAMING_LIMIT",
            "cpu_time": 3.8659849069999956,
            "extra_info": {},
            "cumulative_cardinality": 80449286,
            "operator_type": "STREAMING_LIMIT",
            "operator_cardinality": 100,
            "cumulative_rows_scanned": 21705035,
            "operator_rows_scanned": 0,
            "operator_timing": 0.000001944,
            "result_set_size": 16000,
            "children": [
                {
                    "operator_name": "PROJECTION",
                    "cpu_time": 3.8659829629999956,
                    "extra_info": {
                        "Projections": [
                            "#0",
                            "#1",
                            "#2",
                            "#3",
                            "#4",
                            "#5",
                            "#6",
                            "#7",
                            "#8",
                            "#9",
                            "#10",
                            "__internal_decompress_integral_integer(#11, -72)",
                            "#12",
                            "__internal_decompress_integral_integer(#13, 0)",
                            "__internal_decompress_integral_integer(#14, 0)",
                            "__internal_decompress_string(#15)"
                        ],
                        "Estimated Cardinality": "3850116"
                    },
                    "cumulative_cardinality": 80449186,
                    "operator_type": "PROJECTION",
                    "operator_cardinality": 4096,
                    "cumulative_rows_scanned": 21705035,
                    "operator_rows_scanned": 0,
                    "operator_timing": 0.000109063,
                    "result_set_size": 655360,
                    "children": [
                        {
                            "operator_name": "ORDER_BY",
                            "cpu_time": 3.8658738999999955,
                            "extra_info": {
                                "Order By": [
                                    "u.PostCount DESC",
                                    "u.AvgReputation DESC"
                                ]
                            },
                            "cumulative_cardinality": 80445090,
                            "operator_type": "ORDER_BY",
                            "operator_cardinality": 4096,
                            "cumulative_rows_scanned": 21705035,
                            "operator_rows_scanned": 0,
                            "operator_timing": 0.10928151299999993,
                            "result_set_size": 589824,
                            "children": [
                                {
                                    "operator_name": "PROJECTION",
                                    "cpu_time": 3.7565923869999955,
                                    "extra_info": {
                                        "Projections": [
                                            "#0",
                                            "#1",
                                            "#2",
                                            "#3",
                                            "#4",
                                            "#5",
                                            "#6",
                                            "#7",
                                            "#8",
                                            "#9",
                                            "#10",
                                            "__internal_compress_integral_usmallint(#11, -72)",
                                            "#12",
                                            "__internal_compress_integral_utinyint(#13, 0)",
                                            "__internal_compress_integral_utinyint(#14, 0)",
                                            "__internal_compress_string_ubigint(#15)"
                                        ],
                                        "Estimated Cardinality": "3850116"
                                    },
                                    "cumulative_cardinality": 80440994,
                                    "operator_type": "PROJECTION",
                                    "operator_cardinality": 1023784,
                                    "cumulative_rows_scanned": 21705035,
                                    "operator_rows_scanned": 0,
                                    "operator_timing": 0.012224221000000016,
                                    "result_set_size": 147424896,
                                    "children": [
                                        {
                                            "operator_name": "PROJECTION",
                                            "cpu_time": 3.7443681659999957,
                                            "extra_info": {
                                                "Projections": [
                                                    "UserId",
                                                    "displayname",
                                                    "PostCount",
                                                    "QuestionCount",
                                                    "AnswerCount",
                                                    "Upvotes",
                                                    "Downvotes",
                                                    "AvgReputation",
                                                    "PostId",
                                                    "title",
                                                    "creationdate",
                                                    "score",
                                                    "viewcount",
                                                    "PostAnswerCount",
                                                    "PostCommentCount",
                                                    "Status"
                                                ],
                                                "Estimated Cardinality": "3850116"
                                            },
                                            "cumulative_cardinality": 79417210,
                                            "operator_type": "PROJECTION",
                                            "operator_cardinality": 1023784,
                                            "cumulative_rows_scanned": 21705035,
                                            "operator_rows_scanned": 0,
                                            "operator_timing": 0.0005466760000000006,
                                            "result_set_size": 163805440,
                                            "children": [
                                                {
                                                    "operator_name": "HASH_JOIN",
                                                    "cpu_time": 3.7438214899999958,
                                                    "extra_info": {
                                                        "Join Type": "INNER",
                                                        "Conditions": "PostId = UserId",
                                                        "Estimated Cardinality": "3850116"
                                                    },
                                                    "cumulative_cardinality": 78393426,
                                                    "operator_type": "HASH_JOIN",
                                                    "operator_cardinality": 1023784,
                                                    "cumulative_rows_scanned": 21705035,
                                                    "operator_rows_scanned": 0,
                                                    "operator_timing": 0.18234704,
                                                    "result_set_size": 159710304,
                                                    "children": [
                                                        {
                                                            "operator_name": "PROJECTION",
                                                            "cpu_time": 0.1539329180000001,
                                                            "extra_info": {
                                                                "Projections": [
                                                                    "PostId",
                                                                    "title",
                                                                    "creationdate",
                                                                    "score",
                                                                    "viewcount",
                                                                    "answercount",
                                                                    "commentcount",
                                                                    "Status"
                                                                ],
                                                                "Estimated Cardinality": "3850116"
                                                            },
                                                            "cumulative_cardinality": 2312218,
                                                            "operator_type": "PROJECTION",
                                                            "operator_cardinality": 1156109,
                                                            "cumulative_rows_scanned": 3850116,
                                                            "operator_rows_scanned": 0,
                                                            "operator_timing": 0.004966170999999998,
                                                            "result_set_size": 69366540,
                                                            "children": [
                                                                {
                                                                    "operator_name": "READ_PARQUET ",
                                                                    "cpu_time": 0.14896674700000012,
                                                                    "extra_info": {
                                                                        "Function": "READ_PARQUET",
                                                                        "Projections": [
                                                                            "id",
                                                                            "creationdate",
                                                                            "score",
                                                                            "viewcount",
                                                                            "title",
                                                                            "answercount",
                                                                            "commentcount",
                                                                            "closeddate"
                                                                        ],
                                                                        "Filters": "id<=1416570",
                                                                        "Estimated Cardinality": "3850116"
                                                                    },
                                                                    "cumulative_cardinality": 1156109,
                                                                    "operator_type": "TABLE_SCAN",
                                                                    "operator_cardinality": 1156109,
                                                                    "cumulative_rows_scanned": 3850116,
                                                                    "operator_rows_scanned": 3850116,
                                                                    "operator_timing": 0.14896674700000012,
                                                                    "result_set_size": 60117668,
                                                                    "children": []
                                                                }
                                                            ]
                                                        },
                                                        {
                                                            "operator_name": "HASH_GROUP_BY",
                                                            "cpu_time": 3.4075415319999958,
                                                            "extra_info": {
                                                                "Groups": [
                                                                    "#0",
                                                                    "#1"
                                                                ],
                                                                "Aggregates": [
                                                                    "count(DISTINCT #2)",
                                                                    "sum(#3)",
                                                                    "sum(#4)",
                                                                    "sum(#5)",
                                                                    "sum(#6)",
                                                                    "avg(#7)"
                                                                ],
                                                                "Estimated Cardinality": "1260710"
                                                            },
                                                            "cumulative_cardinality": 75057424,
                                                            "operator_type": "HASH_GROUP_BY",
                                                            "operator_cardinality": 1260709,
                                                            "cumulative_rows_scanned": 17854919,
                                                            "operator_rows_scanned": 0,
                                                            "operator_timing": 1.8147971359999995,
                                                            "result_set_size": 126070900,
                                                            "children": [
                                                                {
                                                                    "operator_name": "PROJECTION",
                                                                    "cpu_time": 1.5927443959999963,
                                                                    "extra_info": {
                                                                        "Projections": [
                                                                            "id",
                                                                            "displayname",
                                                                            "id",
                                                                            "CASE  WHEN ((posttypeid = 1)) THEN (1) ELSE 0 END",
                                                                            "CASE  WHEN ((posttypeid = 2)) THEN (1) ELSE 0 END",
                                                                            "CASE  WHEN ((votetypeid = 2)) THEN (1) ELSE 0 END",
                                                                            "CASE  WHEN ((votetypeid = 3)) THEN (1) ELSE 0 END",
                                                                            "reputation"
                                                                        ],
                                                                        "Estimated Cardinality": "12744093"
                                                                    },
                                                                    "cumulative_cardinality": 73796715,
                                                                    "operator_type": "PROJECTION",
                                                                    "operator_cardinality": 11739227,
                                                                    "cumulative_rows_scanned": 17854919,
                                                                    "operator_rows_scanned": 0,
                                                                    "operator_timing": 0.12773258500000054,
                                                                    "result_set_size": 516525988,
                                                                    "children": [
                                                                        {
                                                                            "operator_name": "PROJECTION",
                                                                            "cpu_time": 1.4650118109999957,
                                                                            "extra_info": {
                                                                                "Projections": [
                                                                                    "#0",
                                                                                    "#1",
                                                                                    "__internal_decompress_integral_smallint(#2, 1)",
                                                                                    "#3",
                                                                                    "#4",
                                                                                    "#5"
                                                                                ],
                                                                                "Estimated Cardinality": "12744093"
                                                                            },
                                                                            "cumulative_cardinality": 62057488,
                                                                            "operator_type": "PROJECTION",
                                                                            "operator_cardinality": 11739227,
                                                                            "cumulative_rows_scanned": 17854919,
                                                                            "operator_rows_scanned": 0,
                                                                            "operator_timing": 0.006375520999999889,
                                                                            "result_set_size": 375655264,
                                                                            "children": [
                                                                                {
                                                                                    "operator_name": "FILTER",
                                                                                    "cpu_time": 1.4586362899999958,
                                                                                    "extra_info": {
                                                                                        "Expression": "(#3 >= 1)",
                                                                                        "Estimated Cardinality": "12744093"
                                                                                    },
                                                                                    "cumulative_cardinality": 50318261,
                                                                                    "operator_type": "FILTER",
                                                                                    "operator_cardinality": 11739227,
                                                                                    "cumulative_rows_scanned": 17854919,
                                                                                    "operator_rows_scanned": 0,
                                                                                    "operator_timing": 0.017642127000000094,
                                                                                    "result_set_size": 363916037,
                                                                                    "children": [
                                                                                        {
                                                                                            "operator_name": "HASH_JOIN",
                                                                                            "cpu_time": 1.4409941629999958,
                                                                                            "extra_info": {
                                                                                                "Join Type": "RIGHT",
                                                                                                "Conditions": "postid = id",
                                                                                                "Estimated Cardinality": "12744093"
                                                                                            },
                                                                                            "cumulative_cardinality": 38579034,
                                                                                            "operator_type": "HASH_JOIN",
                                                                                            "operator_cardinality": 11739825,
                                                                                            "cumulative_rows_scanned": 17854919,
                                                                                            "operator_rows_scanned": 0,
                                                                                            "operator_timing": 0.7922740269999954,
                                                                                            "result_set_size": 363934575,
                                                                                            "children": [
                                                                                                {
                                                                                                    "operator_name": "READ_PARQUET ",
                                                                                                    "cpu_time": 0.21229745400000002,
                                                                                                    "extra_info": {
                                                                                                        "Function": "READ_PARQUET",
                                                                                                        "Projections": [
                                                                                                            "postid",
                                                                                                            "votetypeid"
                                                                                                        ],
                                                                                                        "Estimated Cardinality": "12744093"
                                                                                                    },
                                                                                                    "cumulative_cardinality": 12744093,
                                                                                                    "operator_type": "TABLE_SCAN",
                                                                                                    "operator_cardinality": 12744093,
                                                                                                    "cumulative_rows_scanned": 12744093,
                                                                                                    "operator_rows_scanned": 12744093,
                                                                                                    "operator_timing": 0.21229745400000002,
                                                                                                    "result_set_size": 76464558,
                                                                                                    "children": []
                                                                                                },
                                                                                                {
                                                                                                    "operator_name": "PROJECTION",
                                                                                                    "cpu_time": 0.4364226820000003,
                                                                                                    "extra_info": {
                                                                                                        "Projections": [
                                                                                                            "#0",
                                                                                                            "__internal_compress_integral_utinyint(#1, 1)",
                                                                                                            "#2",
                                                                                                            "#3",
                                                                                                            "#4"
                                                                                                        ],
                                                                                                        "Estimated Cardinality": "3850116"
                                                                                                    },
                                                                                                    "cumulative_cardinality": 14095116,
                                                                                                    "operator_type": "PROJECTION",
                                                                                                    "operator_cardinality": 4574495,
                                                                                                    "cumulative_rows_scanned": 5110826,
                                                                                                    "operator_rows_scanned": 0,
                                                                                                    "operator_timing": 0.0022301550000000023,
                                                                                                    "result_set_size": 132660355,
                                                                                                    "children": [
                                                                                                        {
                                                                                                            "operator_name": "HASH_JOIN",
                                                                                                            "cpu_time": 0.4341925270000003,
                                                                                                            "extra_info": {
                                                                                                                "Join Type": "RIGHT",
                                                                                                                "Conditions": "owneruserid = id",
                                                                                                                "Estimated Cardinality": "3850116"
                                                                                                            },
                                                                                                            "cumulative_cardinality": 9520621,
                                                                                                            "operator_type": "HASH_JOIN",
                                                                                                            "operator_cardinality": 4574495,
                                                                                                            "cumulative_rows_scanned": 5110826,
                                                                                                            "operator_rows_scanned": 0,
                                                                                                            "operator_timing": 0.250122523,
                                                                                                            "result_set_size": 137234850,
                                                                                                            "children": [
                                                                                                                {
                                                                                                                    "operator_name": "READ_PARQUET ",
                                                                                                                    "cpu_time": 0.10173393300000015,
                                                                                                                    "extra_info": {
                                                                                                                        "Function": "READ_PARQUET",
                                                                                                                        "Projections": [
                                                                                                                            "id",
                                                                                                                            "posttypeid",
                                                                                                                            "owneruserid"
                                                                                                                        ],
                                                                                                                        "Estimated Cardinality": "3850116"
                                                                                                                    },
                                                                                                                    "cumulative_cardinality": 3685416,
                                                                                                                    "operator_type": "TABLE_SCAN",
                                                                                                                    "operator_cardinality": 3685416,
                                                                                                                    "cumulative_rows_scanned": 3850116,
                                                                                                                    "operator_rows_scanned": 3850116,
                                                                                                                    "operator_timing": 0.10173393300000015,
                                                                                                                    "result_set_size": 36854160,
                                                                                                                    "children": []
                                                                                                                },
                                                                                                                {
                                                                                                                    "operator_name": "READ_PARQUET ",
                                                                                                                    "cpu_time": 0.08233607100000011,
                                                                                                                    "extra_info": {
                                                                                                                        "Function": "READ_PARQUET",
                                                                                                                        "Projections": [
                                                                                                                            "id",
                                                                                                                            "reputation",
                                                                                                                            "displayname"
                                                                                                                        ],
                                                                                                                        "Estimated Cardinality": "1260710"
                                                                                                                    },
                                                                                                                    "cumulative_cardinality": 1260710,
                                                                                                                    "operator_type": "TABLE_SCAN",
                                                                                                                    "operator_cardinality": 1260710,
                                                                                                                    "cumulative_rows_scanned": 1260710,
                                                                                                                    "operator_rows_scanned": 1260710,
                                                                                                                    "operator_timing": 0.08233607100000011,
                                                                                                                    "result_set_size": 30257040,
                                                                                                                    "children": []
                                                                                                                }
                                                                                                            ]
                                                                                                        }
                                                                                                    ]
                                                                                                }
                                                                                            ]
                                                                                        }
                                                                                    ]
                                                                                }
                                                                            ]
                                                                        }
                                                                    ]
                                                                }
                                                            ]
                                                        }
                                                    ]
                                                }
                                            ]
                                        }
                                    ]
                                }
                            ]
                        }
                    ]
                }
            ]
        }
    ]
}