{
    "rows_returned": 100,
    "query_name": "\nSELECT \n    p.Id AS PostId,\n    p.Title,\n    p.Score,\n    p.ViewCount,\n    COALESCE(u.DisplayName, 'Community User') AS OwnerDisplayName,\n    u.Reputation AS OwnerReputation,\n    pt.Name AS PostTypeName,\n    COUNT(DISTINCT c.Id) AS CommentCount,\n    COUNT(DISTINCT a.Id) AS AnswerCount,\n    SUM(CASE WHEN v.VoteTypeId = 2 THEN 1 ELSE 0 END) AS UpVoteCount,\n    SUM(CASE WHEN v.VoteTypeId = 3 THEN 1 ELSE 0 END) AS DownVoteCount\nFROM \n    Posts p\nLEFT JOIN \n    Users u ON p.OwnerUserId = u.Id\nLEFT JOIN \n    PostTypes pt ON p.PostTypeId = pt.Id\nLEFT JOIN \n    Comments c ON p.Id = c.PostId\nLEFT JOIN \n    Posts a ON p.Id = a.ParentId\nLEFT JOIN \n    Votes v ON p.Id = v.PostId\nGROUP BY \n    p.Id, p.Title, p.Score, p.ViewCount, u.DisplayName, u.Reputation, pt.Name\nORDER BY \n    p.Score DESC, p.ViewCount DESC\nLIMIT 100;\n",
    "blocked_thread_time": 0.0,
    "cpu_time": 27.981540707000107,
    "extra_info": {},
    "cumulative_cardinality": 427167129,
    "cumulative_rows_scanned": 28946865,
    "result_set_size": 11200,
    "latency": 31.993781194,
    "children": [
        {
            "operator_name": "STREAMING_LIMIT",
            "cpu_time": 27.981540707000107,
            "extra_info": {},
            "cumulative_cardinality": 427167129,
            "operator_type": "STREAMING_LIMIT",
            "operator_cardinality": 100,
            "cumulative_rows_scanned": 28946865,
            "operator_rows_scanned": 0,
            "operator_timing": 0.000001813,
            "result_set_size": 11200,
            "children": [
                {
                    "operator_name": "PROJECTION",
                    "cpu_time": 27.981538894000106,
                    "extra_info": {
                        "Projections": [
                            "#0",
                            "#1",
                            "__internal_decompress_integral_integer(#2, -72)",
                            "#3",
                            "#4",
                            "#5",
                            "#6",
                            "#7",
                            "#8",
                            "#9",
                            "#10"
                        ],
                        "Estimated Cardinality": "3850116"
                    },
                    "cumulative_cardinality": 427167029,
                    "operator_type": "PROJECTION",
                    "operator_cardinality": 4096,
                    "cumulative_rows_scanned": 28946865,
                    "operator_rows_scanned": 0,
                    "operator_timing": 0.000008195,
                    "result_set_size": 458752,
                    "children": [
                        {
                            "operator_name": "ORDER_BY",
                            "cpu_time": 27.981530699000107,
                            "extra_info": {
                                "Order By": [
                                    "p.Score DESC",
                                    "p.ViewCount DESC"
                                ]
                            },
                            "cumulative_cardinality": 427162933,
                            "operator_type": "ORDER_BY",
                            "operator_cardinality": 4096,
                            "cumulative_rows_scanned": 28946865,
                            "operator_rows_scanned": 0,
                            "operator_timing": 0.25787642699999985,
                            "result_set_size": 450560,
                            "children": [
                                {
                                    "operator_name": "PROJECTION",
                                    "cpu_time": 27.723654272000108,
                                    "extra_info": {
                                        "Projections": [
                                            "#0",
                                            "#1",
                                            "__internal_compress_integral_usmallint(#2, -72)",
                                            "#3",
                                            "#4",
                                            "#5",
                                            "#6",
                                            "#7",
                                            "#8",
                                            "#9",
                                            "#10"
                                        ],
                                        "Estimated Cardinality": "3850116"
                                    },
                                    "cumulative_cardinality": 427158837,
                                    "operator_type": "PROJECTION",
                                    "operator_cardinality": 3850116,
                                    "cumulative_rows_scanned": 28946865,
                                    "operator_rows_scanned": 0,
                                    "operator_timing": 0.001819404999999998,
                                    "result_set_size": 423512760,
                                    "children": [
                                        {
                                            "operator_name": "PROJECTION",
                                            "cpu_time": 27.72183486700011,
                                            "extra_info": {
                                                "Projections": [
                                                    "PostId",
                                                    "title",
                                                    "score",
                                                    "viewcount",
                                                    "OwnerDisplayName",
                                                    "OwnerReputation",
                                                    "PostTypeName",
                                                    "CommentCount",
                                                    "AnswerCount",
                                                    "UpVoteCount",
                                                    "DownVoteCount"
                                                ],
                                                "Estimated Cardinality": "3850116"
                                            },
                                            "cumulative_cardinality": 423308721,
                                            "operator_type": "PROJECTION",
                                            "operator_cardinality": 3850116,
                                            "cumulative_rows_scanned": 28946865,
                                            "operator_rows_scanned": 0,
                                            "operator_timing": 0.01968243000000003,
                                            "result_set_size": 431212992,
                                            "children": [
                                                {
                                                    "operator_name": "PROJECTION",
                                                    "cpu_time": 27.70215243700011,
                                                    "extra_info": {
                                                        "Projections": [
                                                            "#0",
                                                            "#1",
                                                            "__internal_decompress_integral_integer(#2, -72)",
                                                            "#3",
                                                            "#4",
                                                            "#5",
                                                            "#6",
                                                            "#7",
                                                            "#8",
                                                            "#9",
                                                            "#10"
                                                        ],
                                                        "Estimated Cardinality": "3850116"
                                                    },
                                                    "cumulative_cardinality": 419458605,
                                                    "operator_type": "PROJECTION",
                                                    "operator_cardinality": 3850116,
                                                    "cumulative_rows_scanned": 28946865,
                                                    "operator_rows_scanned": 0,
                                                    "operator_timing": 0.0018957859999999998,
                                                    "result_set_size": 431212992,
                                                    "children": [
                                                        {
                                                            "operator_name": "HASH_GROUP_BY",
                                                            "cpu_time": 27.70025665100011,
                                                            "extra_info": {
                                                                "Groups": [
                                                                    "#0",
                                                                    "#1",
                                                                    "#2",
                                                                    "#3",
                                                                    "#4",
                                                                    "#5",
                                                                    "#6"
                                                                ],
                                                                "Aggregates": [
                                                                    "count(DISTINCT #7)",
                                                                    "count(DISTINCT #8)",
                                                                    "sum(#9)",
                                                                    "sum(#10)"
                                                                ],
                                                                "Estimated Cardinality": "3850116"
                                                            },
                                                            "cumulative_cardinality": 415608489,
                                                            "operator_type": "HASH_GROUP_BY",
                                                            "operator_cardinality": 3850116,
                                                            "cumulative_rows_scanned": 28946865,
                                                            "operator_rows_scanned": 0,
                                                            "operator_timing": 23.136416119000085,
                                                            "result_set_size": 423512760,
                                                            "children": [
                                                                {
                                                                    "operator_name": "PROJECTION",
                                                                    "cpu_time": 4.563840532000024,
                                                                    "extra_info": {
                                                                        "Projections": [
                                                                            "id",
                                                                            "title",
                                                                            "score",
                                                                            "viewcount",
                                                                            "displayname",
                                                                            "reputation",
                                                                            "name",
                                                                            "id",
                                                                            "id",
                                                                            "CASE  WHEN ((votetypeid = 2)) THEN (1) ELSE 0 END",
                                                                            "CASE  WHEN ((votetypeid = 3)) THEN (1) ELSE 0 END"
                                                                        ],
                                                                        "Estimated Cardinality": "12744093"
                                                                    },
                                                                    "cumulative_cardinality": 411758373,
                                                                    "operator_type": "PROJECTION",
                                                                    "operator_cardinality": 85472587,
                                                                    "cumulative_rows_scanned": 28946865,
                                                                    "operator_rows_scanned": 0,
                                                                    "operator_timing": 0.34142495800000466,
                                                                    "result_set_size": 6666861786,
                                                                    "children": [
                                                                        {
                                                                            "operator_name": "PROJECTION",
                                                                            "cpu_time": 4.22241557400002,
                                                                            "extra_info": {
                                                                                "Projections": [
                                                                                    "#0",
                                                                                    "__internal_compress_integral_usmallint(#1, -72)",
                                                                                    "#2",
                                                                                    "#3",
                                                                                    "#4",
                                                                                    "#5",
                                                                                    "#6",
                                                                                    "#7",
                                                                                    "#8",
                                                                                    "#9"
                                                                                ],
                                                                                "Estimated Cardinality": "12744093"
                                                                            },
                                                                            "cumulative_cardinality": 326285786,
                                                                            "operator_type": "PROJECTION",
                                                                            "operator_cardinality": 85472587,
                                                                            "cumulative_rows_scanned": 28946865,
                                                                            "operator_rows_scanned": 0,
                                                                            "operator_timing": 0.06788730399999922,
                                                                            "result_set_size": 6154026264,
                                                                            "children": [
                                                                                {
                                                                                    "operator_name": "PROJECTION",
                                                                                    "cpu_time": 4.154528270000021,
                                                                                    "extra_info": {
                                                                                        "Projections": [
                                                                                            "#0",
                                                                                            "#1",
                                                                                            "#2",
                                                                                            "#3",
                                                                                            "#4",
                                                                                            "#5",
                                                                                            "#6",
                                                                                            "#7",
                                                                                            "#8",
                                                                                            "__internal_decompress_integral_smallint(#9, 1)"
                                                                                        ],
                                                                                        "Estimated Cardinality": "12744093"
                                                                                    },
                                                                                    "cumulative_cardinality": 240813199,
                                                                                    "operator_type": "PROJECTION",
                                                                                    "operator_cardinality": 85472587,
                                                                                    "cumulative_rows_scanned": 28946865,
                                                                                    "operator_rows_scanned": 0,
                                                                                    "operator_timing": 0.056242560999997825,
                                                                                    "result_set_size": 6324971438,
                                                                                    "children": [
                                                                                        {
                                                                                            "operator_name": "HASH_JOIN",
                                                                                            "cpu_time": 4.098285709000023,
                                                                                            "extra_info": {
                                                                                                "Join Type": "LEFT",
                                                                                                "Conditions": "id = postid",
                                                                                                "Estimated Cardinality": "12744093"
                                                                                            },
                                                                                            "cumulative_cardinality": 155340612,
                                                                                            "operator_type": "HASH_JOIN",
                                                                                            "operator_cardinality": 85472587,
                                                                                            "cumulative_rows_scanned": 28946865,
                                                                                            "operator_rows_scanned": 0,
                                                                                            "operator_timing": 1.914379598000023,
                                                                                            "result_set_size": 6239498851,
                                                                                            "children": [
                                                                                                {
                                                                                                    "operator_name": "HASH_JOIN",
                                                                                                    "cpu_time": 2.052109683,
                                                                                                    "extra_info": {
                                                                                                        "Join Type": "LEFT",
                                                                                                        "Conditions": "id = parentid",
                                                                                                        "Estimated Cardinality": "7241822"
                                                                                                    },
                                                                                                    "cumulative_cardinality": 44379839,
                                                                                                    "operator_type": "HASH_JOIN",
                                                                                                    "operator_cardinality": 11548569,
                                                                                                    "cumulative_rows_scanned": 16202772,
                                                                                                    "operator_rows_scanned": 0,
                                                                                                    "operator_timing": 0.48246474700000075,
                                                                                                    "result_set_size": 831496968,
                                                                                                    "children": [
                                                                                                        {
                                                                                                            "operator_name": "HASH_JOIN",
                                                                                                            "cpu_time": 1.5184057109999987,
                                                                                                            "extra_info": {
                                                                                                                "Join Type": "LEFT",
                                                                                                                "Conditions": "id = postid",
                                                                                                                "Estimated Cardinality": "7241822"
                                                                                                            },
                                                                                                            "cumulative_cardinality": 28981154,
                                                                                                            "operator_type": "HASH_JOIN",
                                                                                                            "operator_cardinality": 8928266,
                                                                                                            "cumulative_rows_scanned": 12352656,
                                                                                                            "operator_rows_scanned": 0,
                                                                                                            "operator_timing": 0.585661638999999,
                                                                                                            "result_set_size": 607122088,
                                                                                                            "children": [
                                                                                                                {
                                                                                                                    "operator_name": "HASH_JOIN",
                                                                                                                    "cpu_time": 0.8582052959999996,
                                                                                                                    "extra_info": {
                                                                                                                        "Join Type": "LEFT",
                                                                                                                        "Conditions": "posttypeid = id",
                                                                                                                        "Estimated Cardinality": "3850116"
                                                                                                                    },
                                                                                                                    "cumulative_cardinality": 12811066,
                                                                                                                    "operator_type": "HASH_JOIN",
                                                                                                                    "operator_cardinality": 3850116,
                                                                                                                    "cumulative_rows_scanned": 5110834,
                                                                                                                    "operator_rows_scanned": 0,
                                                                                                                    "operator_timing": 0.07285098299999988,
                                                                                                                    "result_set_size": 246407424,
                                                                                                                    "children": [
                                                                                                                        {
                                                                                                                            "operator_name": "HASH_JOIN",
                                                                                                                            "cpu_time": 0.7850355879999997,
                                                                                                                            "extra_info": {
                                                                                                                                "Join Type": "LEFT",
                                                                                                                                "Conditions": "owneruserid = id",
                                                                                                                                "Estimated Cardinality": "3850116"
                                                                                                                            },
                                                                                                                            "cumulative_cardinality": 8960942,
                                                                                                                            "operator_type": "HASH_JOIN",
                                                                                                                            "operator_cardinality": 3850116,
                                                                                                                            "cumulative_rows_scanned": 5110826,
                                                                                                                            "operator_rows_scanned": 0,
                                                                                                                            "operator_timing": 0.26861701099999996,
                                                                                                                            "result_set_size": 192505800,
                                                                                                                            "children": [
                                                                                                                                {
                                                                                                                                    "operator_name": "READ_PARQUET ",
                                                                                                                                    "cpu_time": 0.43254193999999974,
                                                                                                                                    "extra_info": {
                                                                                                                                        "Function": "READ_PARQUET",
                                                                                                                                        "Projections": [
                                                                                                                                            "id",
                                                                                                                                            "posttypeid",
                                                                                                                                            "score",
                                                                                                                                            "viewcount",
                                                                                                                                            "owneruserid",
                                                                                                                                            "title"
                                                                                                                                        ],
                                                                                                                                        "Estimated Cardinality": "3850116"
                                                                                                                                    },
                                                                                                                                    "cumulative_cardinality": 3850116,
                                                                                                                                    "operator_type": "TABLE_SCAN",
                                                                                                                                    "operator_cardinality": 3850116,
                                                                                                                                    "cumulative_rows_scanned": 3850116,
                                                                                                                                    "operator_rows_scanned": 3850116,
                                                                                                                                    "operator_timing": 0.43254193999999974,
                                                                                                                                    "result_set_size": 130903944,
                                                                                                                                    "children": []
                                                                                                                                },
                                                                                                                                {
                                                                                                                                    "operator_name": "READ_PARQUET ",
                                                                                                                                    "cpu_time": 0.08387663700000003,
                                                                                                                                    "extra_info": {
                                                                                                                                        "Function": "READ_PARQUET",
                                                                                                                                        "Projections": [
                                                                                                                                            "id",
                                                                                                                                            "reputation",
                                                                                                                                            "displayname"
                                                                                                                                        ],
                                                                                                                                        "Estimated Cardinality": "1260710"
                                                                                                                                    },
                                                                                                                                    "cumulative_cardinality": 1260710,
                                                                                                                                    "operator_type": "TABLE_SCAN",
                                                                                                                                    "operator_cardinality": 1260710,
                                                                                                                                    "cumulative_rows_scanned": 1260710,
                                                                                                                                    "operator_rows_scanned": 1260710,
                                                                                                                                    "operator_timing": 0.08387663700000003,
                                                                                                                                    "result_set_size": 30257040,
                                                                                                                                    "children": []
                                                                                                                                }
                                                                                                                            ]
                                                                                                                        },
                                                                                                                        {
                                                                                                                            "operator_name": "READ_PARQUET ",
                                                                                                                            "cpu_time": 0.000318725,
                                                                                                                            "extra_info": {
                                                                                                                                "Function": "READ_PARQUET",
                                                                                                                                "Projections": [
                                                                                                                                    "id",
                                                                                                                                    "name"
                                                                                                                                ],
                                                                                                                                "Estimated Cardinality": "8"
                                                                                                                            },
                                                                                                                            "cumulative_cardinality": 8,
                                                                                                                            "operator_type": "TABLE_SCAN",
                                                                                                                            "operator_cardinality": 8,
                                                                                                                            "cumulative_rows_scanned": 8,
                                                                                                                            "operator_rows_scanned": 8,
                                                                                                                            "operator_timing": 0.000318725,
                                                                                                                            "result_set_size": 144,
                                                                                                                            "children": []
                                                                                                                        }
                                                                                                                    ]
                                                                                                                },
                                                                                                                {
                                                                                                                    "operator_name": "READ_PARQUET ",
                                                                                                                    "cpu_time": 0.07453877600000006,
                                                                                                                    "extra_info": {
                                                                                                                        "Function": "READ_PARQUET",
                                                                                                                        "Projections": [
                                                                                                                            "id",
                                                                                                                            "postid"
                                                                                                                        ],
                                                                                                                        "Estimated Cardinality": "7241822"
                                                                                                                    },
                                                                                                                    "cumulative_cardinality": 7241822,
                                                                                                                    "operator_type": "TABLE_SCAN",
                                                                                                                    "operator_cardinality": 7241822,
                                                                                                                    "cumulative_rows_scanned": 7241822,
                                                                                                                    "operator_rows_scanned": 7241822,
                                                                                                                    "operator_timing": 0.07453877600000006,
                                                                                                                    "result_set_size": 57934576,
                                                                                                                    "children": []
                                                                                                                }
                                                                                                            ]
                                                                                                        },
                                                                                                        {
                                                                                                            "operator_name": "READ_PARQUET ",
                                                                                                            "cpu_time": 0.05123922500000003,
                                                                                                            "extra_info": {
                                                                                                                "Function": "READ_PARQUET",
                                                                                                                "Projections": [
                                                                                                                    "id",
                                                                                                                    "parentid"
                                                                                                                ],
                                                                                                                "Estimated Cardinality": "3850116"
                                                                                                            },
                                                                                                            "cumulative_cardinality": 3850116,
                                                                                                            "operator_type": "TABLE_SCAN",
                                                                                                            "operator_cardinality": 3850116,
                                                                                                            "cumulative_rows_scanned": 3850116,
                                                                                                            "operator_rows_scanned": 3850116,
                                                                                                            "operator_timing": 0.05123922500000003,
                                                                                                            "result_set_size": 30800928,
                                                                                                            "children": []
                                                                                                        }
                                                                                                    ]
                                                                                                },
                                                                                                {
                                                                                                    "operator_name": "PROJECTION",
                                                                                                    "cpu_time": 0.131796428,
                                                                                                    "extra_info": {
                                                                                                        "Projections": [
                                                                                                            "#0",
                                                                                                            "__internal_compress_integral_utinyint(#1, 1)"
                                                                                                        ],
                                                                                                        "Estimated Cardinality": "12744093"
                                                                                                    },
                                                                                                    "cumulative_cardinality": 25488186,
                                                                                                    "operator_type": "PROJECTION",
                                                                                                    "operator_cardinality": 12744093,
                                                                                                    "cumulative_rows_scanned": 12744093,
                                                                                                    "operator_rows_scanned": 0,
                                                                                                    "operator_timing": 0.0030726570000000654,
                                                                                                    "result_set_size": 63720465,
                                                                                                    "children": [
                                                                                                        {
                                                                                                            "operator_name": "READ_PARQUET ",
                                                                                                            "cpu_time": 0.12872377099999993,
                                                                                                            "extra_info": {
                                                                                                                "Function": "READ_PARQUET",
                                                                                                                "Projections": [
                                                                                                                    "postid",
                                                                                                                    "votetypeid"
                                                                                                                ],
                                                                                                                "Estimated Cardinality": "12744093"
                                                                                                            },
                                                                                                            "cumulative_cardinality": 12744093,
                                                                                                            "operator_type": "TABLE_SCAN",
                                                                                                            "operator_cardinality": 12744093,
                                                                                                            "cumulative_rows_scanned": 12744093,
                                                                                                            "operator_rows_scanned": 12744093,
                                                                                                            "operator_timing": 0.12872377099999993,
                                                                                                            "result_set_size": 76464558,
                                                                                                            "children": []
                                                                                                        }
                                                                                                    ]
                                                                                                }
                                                                                            ]
                                                                                        }
                                                                                    ]
                                                                                }
                                                                            ]
                                                                        }
                                                                    ]
                                                                }
                                                            ]
                                                        }
                                                    ]
                                                }
                                            ]
                                        }
                                    ]
                                }
                            ]
                        }
                    ]
                }
            ]
        }
    ]
}