{
    "rows_returned": 7,
    "query_name": "SELECT \n    PT.Name AS PostTypeName,\n    COUNT(P.Id) AS TotalPosts,\n    AVG(P.Score) AS AverageScore,\n    COUNT(DISTINCT U.Id) AS TotalUsers,\n    COUNT(DISTINCT T.TagName) AS TotalTags\nFROM \n    Posts P\nJOIN \n    PostTypes PT ON P.PostTypeId = PT.Id\nLEFT JOIN \n    Users U ON P.OwnerUserId = U.Id\nLEFT JOIN \n    Tags T ON P.Tags LIKE '%' || T.TagName || '%'\nGROUP BY \n    PT.Name\nORDER BY \n    TotalPosts DESC;",
    "blocked_thread_time": 0.0,
    "cpu_time": 781.9751575438789,
    "extra_info": {},
    "cumulative_cardinality": 27448219,
    "cumulative_rows_scanned": 5112810,
    "result_set_size": 336,
    "latency": 792.336476863,
    "children": [
        {
            "operator_name": "ORDER_BY",
            "cpu_time": 781.9751575438789,
            "extra_info": {
                "Order By": "count(P.Id) DESC"
            },
            "cumulative_cardinality": 27448219,
            "operator_type": "ORDER_BY",
            "operator_cardinality": 7,
            "cumulative_rows_scanned": 5112810,
            "operator_rows_scanned": 0,
            "operator_timing": 0.000037949,
            "result_set_size": 336,
            "children": [
                {
                    "operator_name": "HASH_GROUP_BY",
                    "cpu_time": 781.975119594879,
                    "extra_info": {
                        "Groups": "#0",
                        "Aggregates": [
                            "count_star()",
                            "avg(#1)",
                            "count(DISTINCT #2)",
                            "count(DISTINCT #3)"
                        ],
                        "Estimated Cardinality": "1925058"
                    },
                    "cumulative_cardinality": 27448212,
                    "operator_type": "HASH_GROUP_BY",
                    "operator_cardinality": 7,
                    "cumulative_rows_scanned": 5112810,
                    "operator_rows_scanned": 0,
                    "operator_timing": 0.8138245050000015,
                    "result_set_size": 336,
                    "children": [
                        {
                            "operator_name": "PROJECTION",
                            "cpu_time": 781.161295089879,
                            "extra_info": {
                                "Projections": [
                                    "name",
                                    "score",
                                    "id",
                                    "tagname"
                                ],
                                "Estimated Cardinality": "3850116"
                            },
                            "cumulative_cardinality": 27448205,
                            "operator_type": "PROJECTION",
                            "operator_cardinality": 7317582,
                            "cumulative_rows_scanned": 5112810,
                            "operator_rows_scanned": 0,
                            "operator_timing": 0.0026302989999999974,
                            "result_set_size": 292703280,
                            "children": [
                                {
                                    "operator_name": "BLOCKWISE_NL_JOIN",
                                    "cpu_time": 781.158664790879,
                                    "extra_info": {
                                        "Join Type": "LEFT",
                                        "Condition": "(tags ~~ (('%' || tagname) || '%'))"
                                    },
                                    "cumulative_cardinality": 20130623,
                                    "operator_type": "BLOCKWISE_NL_JOIN",
                                    "operator_cardinality": 7317582,
                                    "cumulative_rows_scanned": 5112810,
                                    "operator_rows_scanned": 0,
                                    "operator_timing": 780.526231737879,
                                    "result_set_size": 409784592,
                                    "children": [
                                        {
                                            "operator_name": "HASH_JOIN",
                                            "cpu_time": 0.6321340850000007,
                                            "extra_info": {
                                                "Join Type": "LEFT",
                                                "Conditions": "owneruserid = id",
                                                "Estimated Cardinality": "3850116"
                                            },
                                            "cumulative_cardinality": 12811065,
                                            "operator_type": "HASH_JOIN",
                                            "operator_cardinality": 3850116,
                                            "cumulative_rows_scanned": 5110834,
                                            "operator_rows_scanned": 0,
                                            "operator_timing": 0.2840871560000007,
                                            "result_set_size": 154004640,
                                            "children": [
                                                {
                                                    "operator_name": "HASH_JOIN",
                                                    "cpu_time": 0.340837281,
                                                    "extra_info": {
                                                        "Join Type": "INNER",
                                                        "Conditions": "posttypeid = id",
                                                        "Estimated Cardinality": "3850116"
                                                    },
                                                    "cumulative_cardinality": 7700239,
                                                    "operator_type": "HASH_JOIN",
                                                    "operator_cardinality": 3850116,
                                                    "cumulative_rows_scanned": 3850124,
                                                    "operator_rows_scanned": 0,
                                                    "operator_timing": 0.010045584000000003,
                                                    "result_set_size": 154004640,
                                                    "children": [
                                                        {
                                                            "operator_name": "READ_PARQUET ",
                                                            "cpu_time": 0.330480707,
                                                            "extra_info": {
                                                                "Function": "READ_PARQUET",
                                                                "Projections": [
                                                                    "id",
                                                                    "posttypeid",
                                                                    "score",
                                                                    "owneruserid",
                                                                    "tags"
                                                                ],
                                                                "Estimated Cardinality": "3850116"
                                                            },
                                                            "cumulative_cardinality": 3850116,
                                                            "operator_type": "TABLE_SCAN",
                                                            "operator_cardinality": 3850116,
                                                            "cumulative_rows_scanned": 3850116,
                                                            "operator_rows_scanned": 3850116,
                                                            "operator_timing": 0.330480707,
                                                            "result_set_size": 115503480,
                                                            "children": []
                                                        },
                                                        {
                                                            "operator_name": "READ_PARQUET ",
                                                            "cpu_time": 0.00031099000000000003,
                                                            "extra_info": {
                                                                "Function": "READ_PARQUET",
                                                                "Projections": [
                                                                    "id",
                                                                    "name"
                                                                ],
                                                                "Filters": "id<=7",
                                                                "Estimated Cardinality": "8"
                                                            },
                                                            "cumulative_cardinality": 7,
                                                            "operator_type": "TABLE_SCAN",
                                                            "operator_cardinality": 7,
                                                            "cumulative_rows_scanned": 8,
                                                            "operator_rows_scanned": 8,
                                                            "operator_timing": 0.00031099000000000003,
                                                            "result_set_size": 126,
                                                            "children": []
                                                        }
                                                    ]
                                                },
                                                {
                                                    "operator_name": "READ_PARQUET ",
                                                    "cpu_time": 0.007209648000000014,
                                                    "extra_info": {
                                                        "Function": "READ_PARQUET",
                                                        "Projections": "id",
                                                        "Estimated Cardinality": "1260710"
                                                    },
                                                    "cumulative_cardinality": 1260710,
                                                    "operator_type": "TABLE_SCAN",
                                                    "operator_cardinality": 1260710,
                                                    "cumulative_rows_scanned": 1260710,
                                                    "operator_rows_scanned": 1260710,
                                                    "operator_timing": 0.007209648000000014,
                                                    "result_set_size": 5042840,
                                                    "children": []
                                                }
                                            ]
                                        },
                                        {
                                            "operator_name": "READ_PARQUET ",
                                            "cpu_time": 0.000298968,
                                            "extra_info": {
                                                "Function": "READ_PARQUET",
                                                "Projections": "tagname",
                                                "Estimated Cardinality": "1976"
                                            },
                                            "cumulative_cardinality": 1976,
                                            "operator_type": "TABLE_SCAN",
                                            "operator_cardinality": 1976,
                                            "cumulative_rows_scanned": 1976,
                                            "operator_rows_scanned": 1976,
                                            "operator_timing": 0.000298968,
                                            "result_set_size": 31616,
                                            "children": []
                                        }
                                    ]
                                }
                            ]
                        }
                    ]
                }
            ]
        }
    ]
}