{
    "rows_returned": 7827994,
    "query_name": "\nSELECT \n    p.Id AS PostId,\n    p.Title,\n    p.Score,\n    p.ViewCount,\n    COUNT(DISTINCT c.Id) AS CommentCount,\n    COUNT(DISTINCT a.Id) AS AnswerCount,\n    u.DisplayName AS OwnerDisplayName,\n    u.Reputation AS OwnerReputation,\n    MAX(v.CreationDate) AS LastVoteDate,\n    ph.CreationDate AS LastEditDate,\n    pt.Name AS PostType,\n    bt.Name AS BadgeName\nFROM \n    Posts p\nJOIN \n    Users u ON p.OwnerUserId = u.Id\nLEFT JOIN \n    Comments c ON p.Id = c.PostId\nLEFT JOIN \n    Posts a ON p.Id = a.ParentId AND a.PostTypeId = 2\nLEFT JOIN \n    Votes v ON p.Id = v.PostId\nLEFT JOIN \n    Badges b ON u.Id = b.UserId\nLEFT JOIN \n    PostHistory ph ON p.Id = ph.PostId\nLEFT JOIN \n    PostTypes pt ON p.PostTypeId = pt.Id\nLEFT JOIN \n    PostHistoryTypes pht ON ph.PostHistoryTypeId = pht.Id\nLEFT JOIN \n    Badges bt ON b.Id = bt.Id\nWHERE \n    p.CreationDate >= TIMESTAMP '2024-10-01 12:34:56' - INTERVAL '1 year'\nGROUP BY \n    p.Id, p.Title, p.Score, p.ViewCount, u.DisplayName, u.Reputation, ph.CreationDate, pt.Name, bt.Name\nORDER BY \n    p.Score DESC, p.ViewCount DESC;\n",
    "blocked_thread_time": 0.0,
    "cpu_time": 164.18794491100002,
    "extra_info": {},
    "cumulative_cardinality": 3571240666,
    "cumulative_rows_scanned": 45385591,
    "result_set_size": 876735328,
    "latency": 194.481582082,
    "children": [
        {
            "operator_name": "PROJECTION",
            "cpu_time": 164.18794491100002,
            "extra_info": {
                "Projections": [
                    "#0",
                    "#1",
                    "__internal_decompress_integral_integer(#2, -72)",
                    "#3",
                    "#4",
                    "#5",
                    "#6",
                    "#7",
                    "#8",
                    "#9",
                    "#10",
                    "#11"
                ],
                "Estimated Cardinality": "3850116"
            },
            "cumulative_cardinality": 3571240666,
            "operator_type": "PROJECTION",
            "operator_cardinality": 7827994,
            "cumulative_rows_scanned": 45385591,
            "operator_rows_scanned": 0,
            "operator_timing": 0.004665967000000005,
            "result_set_size": 876735328,
            "children": [
                {
                    "operator_name": "ORDER_BY",
                    "cpu_time": 164.18327894400002,
                    "extra_info": {
                        "Order By": [
                            "p.Score DESC",
                            "p.ViewCount DESC"
                        ]
                    },
                    "cumulative_cardinality": 3563412672,
                    "operator_type": "ORDER_BY",
                    "operator_cardinality": 7827994,
                    "cumulative_rows_scanned": 45385591,
                    "operator_rows_scanned": 0,
                    "operator_timing": 0.8997164949999972,
                    "result_set_size": 861079340,
                    "children": [
                        {
                            "operator_name": "PROJECTION",
                            "cpu_time": 163.28356244900002,
                            "extra_info": {
                                "Projections": [
                                    "#0",
                                    "#1",
                                    "__internal_compress_integral_usmallint(#2, -72)",
                                    "#3",
                                    "#4",
                                    "#5",
                                    "#6",
                                    "#7",
                                    "#8",
                                    "#9",
                                    "#10",
                                    "#11"
                                ],
                                "Estimated Cardinality": "3850116"
                            },
                            "cumulative_cardinality": 3555584678,
                            "operator_type": "PROJECTION",
                            "operator_cardinality": 7827994,
                            "cumulative_rows_scanned": 45385591,
                            "operator_rows_scanned": 0,
                            "operator_timing": 0.0039682770000000304,
                            "result_set_size": 861079340,
                            "children": [
                                {
                                    "operator_name": "PROJECTION",
                                    "cpu_time": 163.279594172,
                                    "extra_info": {
                                        "Projections": [
                                            "PostId",
                                            "title",
                                            "score",
                                            "viewcount",
                                            "CommentCount",
                                            "AnswerCount",
                                            "OwnerDisplayName",
                                            "OwnerReputation",
                                            "LastVoteDate",
                                            "LastEditDate",
                                            "PostType",
                                            "BadgeName"
                                        ],
                                        "Estimated Cardinality": "3850116"
                                    },
                                    "cumulative_cardinality": 3547756684,
                                    "operator_type": "PROJECTION",
                                    "operator_cardinality": 7827994,
                                    "cumulative_rows_scanned": 45385591,
                                    "operator_rows_scanned": 0,
                                    "operator_timing": 0.0020674369999999775,
                                    "result_set_size": 876735328,
                                    "children": [
                                        {
                                            "operator_name": "PROJECTION",
                                            "cpu_time": 163.277526735,
                                            "extra_info": {
                                                "Projections": [
                                                    "#0",
                                                    "#1",
                                                    "__internal_decompress_integral_integer(#2, -72)",
                                                    "#3",
                                                    "#4",
                                                    "#5",
                                                    "#6",
                                                    "#7",
                                                    "#8",
                                                    "#9",
                                                    "#10",
                                                    "#11"
                                                ],
                                                "Estimated Cardinality": "3850116"
                                            },
                                            "cumulative_cardinality": 3539928690,
                                            "operator_type": "PROJECTION",
                                            "operator_cardinality": 7827994,
                                            "cumulative_rows_scanned": 45385591,
                                            "operator_rows_scanned": 0,
                                            "operator_timing": 0.004343533999999992,
                                            "result_set_size": 876735328,
                                            "children": [
                                                {
                                                    "operator_name": "HASH_GROUP_BY",
                                                    "cpu_time": 163.27318320100002,
                                                    "extra_info": {
                                                        "Groups": [
                                                            "#0",
                                                            "#1",
                                                            "#2",
                                                            "#3",
                                                            "#4",
                                                            "#5",
                                                            "#6",
                                                            "#7",
                                                            "#8"
                                                        ],
                                                        "Aggregates": [
                                                            "count(DISTINCT #9)",
                                                            "count(DISTINCT #10)",
                                                            "max(#11)"
                                                        ],
                                                        "Estimated Cardinality": "3850116"
                                                    },
                                                    "cumulative_cardinality": 3532100696,
                                                    "operator_type": "HASH_GROUP_BY",
                                                    "operator_cardinality": 7827994,
                                                    "cumulative_rows_scanned": 45385591,
                                                    "operator_rows_scanned": 0,
                                                    "operator_timing": 128.046914817,
                                                    "result_set_size": 861079340,
                                                    "children": [
                                                        {
                                                            "operator_name": "PROJECTION",
                                                            "cpu_time": 35.226268384000036,
                                                            "extra_info": {
                                                                "Projections": [
                                                                    "id",
                                                                    "title",
                                                                    "score",
                                                                    "viewcount",
                                                                    "displayname",
                                                                    "reputation",
                                                                    "creationdate",
                                                                    "name",
                                                                    "name",
                                                                    "id",
                                                                    "id",
                                                                    "creationdate"
                                                                ],
                                                                "Estimated Cardinality": "12744093"
                                                            },
                                                            "cumulative_cardinality": 3524272702,
                                                            "operator_type": "PROJECTION",
                                                            "operator_cardinality": 479947108,
                                                            "cumulative_rows_scanned": 45385591,
                                                            "operator_rows_scanned": 0,
                                                            "operator_timing": 0.17206187200008535,
                                                            "result_set_size": 48954605016,
                                                            "children": [
                                                                {
                                                                    "operator_name": "PROJECTION",
                                                                    "cpu_time": 35.05420651199995,
                                                                    "extra_info": {
                                                                        "Projections": [
                                                                            "#0",
                                                                            "__internal_compress_integral_usmallint(#1, -72)",
                                                                            "#2",
                                                                            "#3",
                                                                            "#4",
                                                                            "#5",
                                                                            "#6",
                                                                            "#7",
                                                                            "#8",
                                                                            "#9",
                                                                            "#10",
                                                                            "#11"
                                                                        ],
                                                                        "Estimated Cardinality": "12744093"
                                                                    },
                                                                    "cumulative_cardinality": 3044325594,
                                                                    "operator_type": "PROJECTION",
                                                                    "operator_cardinality": 479947108,
                                                                    "cumulative_rows_scanned": 45385591,
                                                                    "operator_rows_scanned": 0,
                                                                    "operator_timing": 0.5644724780000318,
                                                                    "result_set_size": 48954605016,
                                                                    "children": [
                                                                        {
                                                                            "operator_name": "HASH_JOIN",
                                                                            "cpu_time": 34.489734033999916,
                                                                            "extra_info": {
                                                                                "Join Type": "LEFT",
                                                                                "Conditions": "id = id",
                                                                                "Estimated Cardinality": "12744093"
                                                                            },
                                                                            "cumulative_cardinality": 2564378486,
                                                                            "operator_type": "HASH_JOIN",
                                                                            "operator_cardinality": 479947108,
                                                                            "cumulative_rows_scanned": 45385591,
                                                                            "operator_rows_scanned": 0,
                                                                            "operator_timing": 9.95074847900054,
                                                                            "result_set_size": 49914499232,
                                                                            "children": [
                                                                                {
                                                                                    "operator_name": "HASH_JOIN",
                                                                                    "cpu_time": 24.520403675999372,
                                                                                    "extra_info": {
                                                                                        "Join Type": "LEFT",
                                                                                        "Conditions": "posthistorytypeid = id",
                                                                                        "Estimated Cardinality": "12744093"
                                                                                    },
                                                                                    "cumulative_cardinality": 2082109654,
                                                                                    "operator_type": "HASH_JOIN",
                                                                                    "operator_cardinality": 479947108,
                                                                                    "cumulative_rows_scanned": 43063867,
                                                                                    "operator_rows_scanned": 0,
                                                                                    "operator_timing": 7.543765065998931,
                                                                                    "result_set_size": 45115028152,
                                                                                    "children": [
                                                                                        {
                                                                                            "operator_name": "HASH_JOIN",
                                                                                            "cpu_time": 16.97645136000044,
                                                                                            "extra_info": {
                                                                                                "Join Type": "LEFT",
                                                                                                "Conditions": "posttypeid = id",
                                                                                                "Estimated Cardinality": "12744093"
                                                                                            },
                                                                                            "cumulative_cardinality": 1602162512,
                                                                                            "operator_type": "HASH_JOIN",
                                                                                            "operator_cardinality": 479947108,
                                                                                            "cumulative_rows_scanned": 43063833,
                                                                                            "operator_rows_scanned": 0,
                                                                                            "operator_timing": 7.173679269000173,
                                                                                            "result_set_size": 45115028152,
                                                                                            "children": [
                                                                                                {
                                                                                                    "operator_name": "PROJECTION",
                                                                                                    "cpu_time": 9.802455418000266,
                                                                                                    "extra_info": {
                                                                                                        "Projections": [
                                                                                                            "#3",
                                                                                                            "#4",
                                                                                                            "#5",
                                                                                                            "#6",
                                                                                                            "#7",
                                                                                                            "#1",
                                                                                                            "#2",
                                                                                                            "#0",
                                                                                                            "#8",
                                                                                                            "#9",
                                                                                                            "#10",
                                                                                                            "__internal_decompress_integral_smallint(#11, 1)",
                                                                                                            "#12"
                                                                                                        ],
                                                                                                        "Estimated Cardinality": "12744093"
                                                                                                    },
                                                                                                    "cumulative_cardinality": 1122215396,
                                                                                                    "operator_type": "PROJECTION",
                                                                                                    "operator_cardinality": 479947108,
                                                                                                    "cumulative_rows_scanned": 43063825,
                                                                                                    "operator_rows_scanned": 0,
                                                                                                    "operator_timing": 0.28947739900003505,
                                                                                                    "result_set_size": 38395768640,
                                                                                                    "children": [
                                                                                                        {
                                                                                                            "operator_name": "HASH_JOIN",
                                                                                                            "cpu_time": 9.512978019000231,
                                                                                                            "extra_info": {
                                                                                                                "Join Type": "LEFT",
                                                                                                                "Conditions": "id = postid",
                                                                                                                "Estimated Cardinality": "12744093"
                                                                                                            },
                                                                                                            "cumulative_cardinality": 642268288,
                                                                                                            "operator_type": "HASH_JOIN",
                                                                                                            "operator_cardinality": 479947108,
                                                                                                            "cumulative_rows_scanned": 43063825,
                                                                                                            "operator_rows_scanned": 0,
                                                                                                            "operator_timing": 6.391488749000216,
                                                                                                            "result_set_size": 37915821532,
                                                                                                            "children": [
                                                                                                                {
                                                                                                                    "operator_name": "HASH_JOIN",
                                                                                                                    "cpu_time": 2.842280191000015,
                                                                                                                    "extra_info": {
                                                                                                                        "Join Type": "LEFT",
                                                                                                                        "Conditions": "id = userid",
                                                                                                                        "Estimated Cardinality": "12744093"
                                                                                                                    },
                                                                                                                    "cumulative_cardinality": 138730692,
                                                                                                                    "operator_type": "HASH_JOIN",
                                                                                                                    "operator_cardinality": 117600684,
                                                                                                                    "cumulative_rows_scanned": 31268581,
                                                                                                                    "operator_rows_scanned": 0,
                                                                                                                    "operator_timing": 1.4029684490000156,
                                                                                                                    "result_set_size": 8232047880,
                                                                                                                    "children": [
                                                                                                                        {
                                                                                                                            "operator_name": "HASH_JOIN",
                                                                                                                            "cpu_time": 1.4083487909999997,
                                                                                                                            "extra_info": {
                                                                                                                                "Join Type": "LEFT",
                                                                                                                                "Conditions": "id = postid",
                                                                                                                                "Estimated Cardinality": "12744093"
                                                                                                                            },
                                                                                                                            "cumulative_cardinality": 18808284,
                                                                                                                            "operator_type": "HASH_JOIN",
                                                                                                                            "operator_cardinality": 1301088,
                                                                                                                            "cumulative_rows_scanned": 28946857,
                                                                                                                            "operator_rows_scanned": 0,
                                                                                                                            "operator_timing": 0.6884546950000001,
                                                                                                                            "result_set_size": 91076160,
                                                                                                                            "children": [
                                                                                                                                {
                                                                                                                                    "operator_name": "HASH_JOIN",
                                                                                                                                    "cpu_time": 0.5605613619999998,
                                                                                                                                    "extra_info": {
                                                                                                                                        "Join Type": "LEFT",
                                                                                                                                        "Conditions": "id = parentid",
                                                                                                                                        "Estimated Cardinality": "7241822"
                                                                                                                                    },
                                                                                                                                    "cumulative_cardinality": 4763103,
                                                                                                                                    "operator_type": "HASH_JOIN",
                                                                                                                                    "operator_cardinality": 405050,
                                                                                                                                    "cumulative_rows_scanned": 16202764,
                                                                                                                                    "operator_rows_scanned": 0,
                                                                                                                                    "operator_timing": 0.14686798900000012,
                                                                                                                                    "result_set_size": 25113100,
                                                                                                                                    "children": [
                                                                                                                                        {
                                                                                                                                            "operator_name": "HASH_JOIN",
                                                                                                                                            "cpu_time": 0.2843917469999998,
                                                                                                                                            "extra_info": {
                                                                                                                                                "Join Type": "RIGHT",
                                                                                                                                                "Conditions": "postid = id",
                                                                                                                                                "Estimated Cardinality": "7241822"
                                                                                                                                            },
                                                                                                                                            "cumulative_cardinality": 2180760,
                                                                                                                                            "operator_type": "HASH_JOIN",
                                                                                                                                            "operator_cardinality": 343825,
                                                                                                                                            "cumulative_rows_scanned": 12352648,
                                                                                                                                            "operator_rows_scanned": 0,
                                                                                                                                            "operator_timing": 0.051254080999999986,
                                                                                                                                            "result_set_size": 19941850,
                                                                                                                                            "children": [
                                                                                                                                                {
                                                                                                                                                    "operator_name": "READ_PARQUET ",
                                                                                                                                                    "cpu_time": 0.017760587999999994,
                                                                                                                                                    "extra_info": {
                                                                                                                                                        "Function": "READ_PARQUET",
                                                                                                                                                        "Projections": [
                                                                                                                                                            "id",
                                                                                                                                                            "postid"
                                                                                                                                                        ],
                                                                                                                                                        "Estimated Cardinality": "7241822"
                                                                                                                                                    },
                                                                                                                                                    "cumulative_cardinality": 287064,
                                                                                                                                                    "operator_type": "TABLE_SCAN",
                                                                                                                                                    "operator_cardinality": 287064,
                                                                                                                                                    "cumulative_rows_scanned": 7241822,
                                                                                                                                                    "operator_rows_scanned": 7241822,
                                                                                                                                                    "operator_timing": 0.017760587999999994,
                                                                                                                                                    "result_set_size": 2296512,
                                                                                                                                                    "children": []
                                                                                                                                                },
                                                                                                                                                {
                                                                                                                                                    "operator_name": "HASH_JOIN",
                                                                                                                                                    "cpu_time": 0.2153770779999998,
                                                                                                                                                    "extra_info": {
                                                                                                                                                        "Join Type": "INNER",
                                                                                                                                                        "Conditions": "id = owneruserid",
                                                                                                                                                        "Estimated Cardinality": "770023"
                                                                                                                                                    },
                                                                                                                                                    "cumulative_cardinality": 1549871,
                                                                                                                                                    "operator_type": "HASH_JOIN",
                                                                                                                                                    "operator_cardinality": 143650,
                                                                                                                                                    "cumulative_rows_scanned": 5110826,
                                                                                                                                                    "operator_rows_scanned": 0,
                                                                                                                                                    "operator_timing": 0.034915763999999946,
                                                                                                                                                    "result_set_size": 7757100,
                                                                                                                                                    "children": [
                                                                                                                                                        {
                                                                                                                                                            "operator_name": "READ_PARQUET ",
                                                                                                                                                            "cpu_time": 0.1003075669999999,
                                                                                                                                                            "extra_info": {
                                                                                                                                                                "Function": "READ_PARQUET",
                                                                                                                                                                "Projections": [
                                                                                                                                                                    "id",
                                                                                                                                                                    "reputation",
                                                                                                                                                                    "displayname"
                                                                                                                                                                ],
                                                                                                                                                                "Filters": "id<=1416539",
                                                                                                                                                                "Estimated Cardinality": "1260710"
                                                                                                                                                            },
                                                                                                                                                            "cumulative_cardinality": 1260679,
                                                                                                                                                            "operator_type": "TABLE_SCAN",
                                                                                                                                                            "operator_cardinality": 1260679,
                                                                                                                                                            "cumulative_rows_scanned": 1260710,
                                                                                                                                                            "operator_rows_scanned": 1260710,
                                                                                                                                                            "operator_timing": 0.1003075669999999,
                                                                                                                                                            "result_set_size": 30256296,
                                                                                                                                                            "children": []
                                                                                                                                                        },
                                                                                                                                                        {
                                                                                                                                                            "operator_name": "READ_PARQUET ",
                                                                                                                                                            "cpu_time": 0.08015374699999997,
                                                                                                                                                            "extra_info": {
                                                                                                                                                                "Function": "READ_PARQUET",
                                                                                                                                                                "Projections": [
                                                                                                                                                                    "id",
                                                                                                                                                                    "posttypeid",
                                                                                                                                                                    "score",
                                                                                                                                                                    "viewcount",
                                                                                                                                                                    "owneruserid",
                                                                                                                                                                    "title"
                                                                                                                                                                ],
                                                                                                                                                                "Filters": "creationdate>='2023-10-01 12:34:56'::TIMESTAMP",
                                                                                                                                                                "Estimated Cardinality": "770023"
                                                                                                                                                            },
                                                                                                                                                            "cumulative_cardinality": 145542,
                                                                                                                                                            "operator_type": "TABLE_SCAN",
                                                                                                                                                            "operator_cardinality": 145542,
                                                                                                                                                            "cumulative_rows_scanned": 3850116,
                                                                                                                                                            "operator_rows_scanned": 3850116,
                                                                                                                                                            "operator_timing": 0.08015374699999997,
                                                                                                                                                            "result_set_size": 4948428,
                                                                                                                                                            "children": []
                                                                                                                                                        }
                                                                                                                                                    ]
                                                                                                                                                }
                                                                                                                                            ]
                                                                                                                                        },
                                                                                                                                        {
                                                                                                                                            "operator_name": "READ_PARQUET ",
                                                                                                                                            "cpu_time": 0.12930162599999995,
                                                                                                                                            "extra_info": {
                                                                                                                                                "Function": "READ_PARQUET",
                                                                                                                                                "Projections": [
                                                                                                                                                    "id",
                                                                                                                                                    "parentid"
                                                                                                                                                ],
                                                                                                                                                "Filters": "posttypeid=2",
                                                                                                                                                "Estimated Cardinality": "770023"
                                                                                                                                            },
                                                                                                                                            "cumulative_cardinality": 2177293,
                                                                                                                                            "operator_type": "TABLE_SCAN",
                                                                                                                                            "operator_cardinality": 2177293,
                                                                                                                                            "cumulative_rows_scanned": 3850116,
                                                                                                                                            "operator_rows_scanned": 3850116,
                                                                                                                                            "operator_timing": 0.12930162599999995,
                                                                                                                                            "result_set_size": 17418344,
                                                                                                                                            "children": []
                                                                                                                                        }
                                                                                                                                    ]
                                                                                                                                },
                                                                                                                                {
                                                                                                                                    "operator_name": "READ_PARQUET ",
                                                                                                                                    "cpu_time": 0.15933273399999978,
                                                                                                                                    "extra_info": {
                                                                                                                                        "Function": "READ_PARQUET",
                                                                                                                                        "Projections": [
                                                                                                                                            "postid",
                                                                                                                                            "creationdate"
                                                                                                                                        ],
                                                                                                                                        "Estimated Cardinality": "12744093"
                                                                                                                                    },
                                                                                                                                    "cumulative_cardinality": 12744093,
                                                                                                                                    "operator_type": "TABLE_SCAN",
                                                                                                                                    "operator_cardinality": 12744093,
                                                                                                                                    "cumulative_rows_scanned": 12744093,
                                                                                                                                    "operator_rows_scanned": 12744093,
                                                                                                                                    "operator_timing": 0.15933273399999978,
                                                                                                                                    "result_set_size": 152929116,
                                                                                                                                    "children": []
                                                                                                                                }
                                                                                                                            ]
                                                                                                                        },
                                                                                                                        {
                                                                                                                            "operator_name": "READ_PARQUET ",
                                                                                                                            "cpu_time": 0.03096295099999996,
                                                                                                                            "extra_info": {
                                                                                                                                "Function": "READ_PARQUET",
                                                                                                                                "Projections": [
                                                                                                                                    "id",
                                                                                                                                    "userid"
                                                                                                                                ],
                                                                                                                                "Estimated Cardinality": "2321724"
                                                                                                                            },
                                                                                                                            "cumulative_cardinality": 2321724,
                                                                                                                            "operator_type": "TABLE_SCAN",
                                                                                                                            "operator_cardinality": 2321724,
                                                                                                                            "cumulative_rows_scanned": 2321724,
                                                                                                                            "operator_rows_scanned": 2321724,
                                                                                                                            "operator_timing": 0.03096295099999996,
                                                                                                                            "result_set_size": 18573792,
                                                                                                                            "children": []
                                                                                                                        }
                                                                                                                    ]
                                                                                                                },
                                                                                                                {
                                                                                                                    "operator_name": "PROJECTION",
                                                                                                                    "cpu_time": 0.2792090789999992,
                                                                                                                    "extra_info": {
                                                                                                                        "Projections": [
                                                                                                                            "__internal_compress_integral_utinyint(#0, 1)",
                                                                                                                            "#1",
                                                                                                                            "#2"
                                                                                                                        ],
                                                                                                                        "Estimated Cardinality": "11795244"
                                                                                                                    },
                                                                                                                    "cumulative_cardinality": 23590488,
                                                                                                                    "operator_type": "PROJECTION",
                                                                                                                    "operator_cardinality": 11795244,
                                                                                                                    "cumulative_rows_scanned": 11795244,
                                                                                                                    "operator_rows_scanned": 0,
                                                                                                                    "operator_timing": 0.0033111919999999325,
                                                                                                                    "result_set_size": 153338172,
                                                                                                                    "children": [
                                                                                                                        {
                                                                                                                            "operator_name": "READ_PARQUET ",
                                                                                                                            "cpu_time": 0.2758978869999993,
                                                                                                                            "extra_info": {
                                                                                                                                "Function": "READ_PARQUET",
                                                                                                                                "Projections": [
                                                                                                                                    "posthistorytypeid",
                                                                                                                                    "postid",
                                                                                                                                    "creationdate"
                                                                                                                                ],
                                                                                                                                "Estimated Cardinality": "11795244"
                                                                                                                            },
                                                                                                                            "cumulative_cardinality": 11795244,
                                                                                                                            "operator_type": "TABLE_SCAN",
                                                                                                                            "operator_cardinality": 11795244,
                                                                                                                            "cumulative_rows_scanned": 11795244,
                                                                                                                            "operator_rows_scanned": 11795244,
                                                                                                                            "operator_timing": 0.2758978869999993,
                                                                                                                            "result_set_size": 165133416,
                                                                                                                            "children": []
                                                                                                                        }
                                                                                                                    ]
                                                                                                                }
                                                                                                            ]
                                                                                                        }
                                                                                                    ]
                                                                                                },
                                                                                                {
                                                                                                    "operator_name": "READ_PARQUET ",
                                                                                                    "cpu_time": 0.000316673,
                                                                                                    "extra_info": {
                                                                                                        "Function": "READ_PARQUET",
                                                                                                        "Projections": [
                                                                                                            "id",
                                                                                                            "name"
                                                                                                        ],
                                                                                                        "Estimated Cardinality": "8"
                                                                                                    },
                                                                                                    "cumulative_cardinality": 8,
                                                                                                    "operator_type": "TABLE_SCAN",
                                                                                                    "operator_cardinality": 8,
                                                                                                    "cumulative_rows_scanned": 8,
                                                                                                    "operator_rows_scanned": 8,
                                                                                                    "operator_timing": 0.000316673,
                                                                                                    "result_set_size": 144,
                                                                                                    "children": []
                                                                                                }
                                                                                            ]
                                                                                        },
                                                                                        {
                                                                                            "operator_name": "READ_PARQUET ",
                                                                                            "cpu_time": 0.00018725,
                                                                                            "extra_info": {
                                                                                                "Function": "READ_PARQUET",
                                                                                                "Projections": "id",
                                                                                                "Estimated Cardinality": "34"
                                                                                            },
                                                                                            "cumulative_cardinality": 34,
                                                                                            "operator_type": "TABLE_SCAN",
                                                                                            "operator_cardinality": 34,
                                                                                            "cumulative_rows_scanned": 34,
                                                                                            "operator_rows_scanned": 34,
                                                                                            "operator_timing": 0.00018725,
                                                                                            "result_set_size": 68,
                                                                                            "children": []
                                                                                        }
                                                                                    ]
                                                                                },
                                                                                {
                                                                                    "operator_name": "READ_PARQUET ",
                                                                                    "cpu_time": 0.01858187900000004,
                                                                                    "extra_info": {
                                                                                        "Function": "READ_PARQUET",
                                                                                        "Projections": [
                                                                                            "id",
                                                                                            "name"
                                                                                        ],
                                                                                        "Estimated Cardinality": "2321724"
                                                                                    },
                                                                                    "cumulative_cardinality": 2321724,
                                                                                    "operator_type": "TABLE_SCAN",
                                                                                    "operator_cardinality": 2321724,
                                                                                    "cumulative_rows_scanned": 2321724,
                                                                                    "operator_rows_scanned": 2321724,
                                                                                    "operator_timing": 0.01858187900000004,
                                                                                    "result_set_size": 46434480,
                                                                                    "children": []
                                                                                }
                                                                            ]
                                                                        }
                                                                    ]
                                                                }
                                                            ]
                                                        }
                                                    ]
                                                }
                                            ]
                                        }
                                    ]
                                }
                            ]
                        }
                    ]
                }
            ]
        }
    ]
}