{
    "rows_returned": 100,
    "query_name": "\nSELECT \n    p.Title AS PostTitle,\n    u.DisplayName AS PostOwner,\n    p.CreationDate AS PostCreationDate,\n    COUNT(c.Id) AS CommentCount,\n    SUM(CASE WHEN v.VoteTypeId = 2 THEN 1 ELSE 0 END) AS UpVotes,\n    SUM(CASE WHEN v.VoteTypeId = 3 THEN 1 ELSE 0 END) AS DownVotes,\n    p.ViewCount,\n    (SELECT COUNT(*) FROM Posts p2 WHERE p2.ParentId = p.Id) AS AnswerCount\nFROM \n    Posts p\nLEFT JOIN \n    Users u ON p.OwnerUserId = u.Id\nLEFT JOIN \n    Comments c ON p.Id = c.PostId\nLEFT JOIN \n    Votes v ON p.Id = v.PostId\nWHERE \n    p.PostTypeId = 1 \nGROUP BY \n    p.Title, u.DisplayName, p.CreationDate, p.ViewCount, p.Id\nORDER BY \n    p.CreationDate DESC\nLIMIT 100;\n",
    "blocked_thread_time": 0.0,
    "cpu_time": 6.669349997999998,
    "extra_info": {},
    "cumulative_cardinality": 116130606,
    "cumulative_rows_scanned": 28946857,
    "result_set_size": 9200,
    "latency": 7.603481374,
    "children": [
        {
            "operator_name": "STREAMING_LIMIT",
            "cpu_time": 6.669349997999998,
            "extra_info": {},
            "cumulative_cardinality": 116130606,
            "operator_type": "STREAMING_LIMIT",
            "operator_cardinality": 100,
            "cumulative_rows_scanned": 28946857,
            "operator_rows_scanned": 0,
            "operator_timing": 0.000003668,
            "result_set_size": 9200,
            "children": [
                {
                    "operator_name": "ORDER_BY",
                    "cpu_time": 6.669346329999998,
                    "extra_info": {
                        "Order By": "p.CreationDate DESC"
                    },
                    "cumulative_cardinality": 116130506,
                    "operator_type": "ORDER_BY",
                    "operator_cardinality": 4096,
                    "cumulative_rows_scanned": 28946857,
                    "operator_rows_scanned": 0,
                    "operator_timing": 0.23684904399999981,
                    "result_set_size": 376832,
                    "children": [
                        {
                            "operator_name": "PROJECTION",
                            "cpu_time": 6.4324972859999985,
                            "extra_info": {
                                "Projections": [
                                    "PostTitle",
                                    "PostOwner",
                                    "PostCreationDate",
                                    "CommentCount",
                                    "UpVotes",
                                    "DownVotes",
                                    "viewcount",
                                    "AnswerCount"
                                ],
                                "Estimated Cardinality": "3850116"
                            },
                            "cumulative_cardinality": 116126410,
                            "operator_type": "PROJECTION",
                            "operator_cardinality": 1668164,
                            "cumulative_rows_scanned": 28946857,
                            "operator_rows_scanned": 0,
                            "operator_timing": 0.0004142079999999977,
                            "result_set_size": 153471088,
                            "children": [
                                {
                                    "operator_name": "LEFT_DELIM_JOIN",
                                    "cpu_time": 6.432083077999999,
                                    "extra_info": {
                                        "Join Type": "SINGLE",
                                        "Conditions": "id IS NOT DISTINCT FROM id",
                                        "Estimated Cardinality": "3850116",
                                        "Delim Index": "1"
                                    },
                                    "cumulative_cardinality": 114458246,
                                    "operator_type": "LEFT_DELIM_JOIN",
                                    "operator_cardinality": 0,
                                    "cumulative_rows_scanned": 28946857,
                                    "operator_rows_scanned": 0,
                                    "operator_timing": 0.17148973899999992,
                                    "result_set_size": 0,
                                    "children": [
                                        {
                                            "operator_name": "HASH_GROUP_BY",
                                            "cpu_time": 5.563520314,
                                            "extra_info": {
                                                "Groups": [
                                                    "#0",
                                                    "#1",
                                                    "#2",
                                                    "#3",
                                                    "#4"
                                                ],
                                                "Aggregates": [
                                                    "count(#5)",
                                                    "sum(#6)",
                                                    "sum(#7)"
                                                ],
                                                "Estimated Cardinality": "3850116"
                                            },
                                            "cumulative_cardinality": 94385519,
                                            "operator_type": "HASH_GROUP_BY",
                                            "operator_cardinality": 1668164,
                                            "cumulative_rows_scanned": 25096741,
                                            "operator_rows_scanned": 0,
                                            "operator_timing": 2.507886875000006,
                                            "result_set_size": 146798432,
                                            "children": [
                                                {
                                                    "operator_name": "PROJECTION",
                                                    "cpu_time": 3.0556334389999935,
                                                    "extra_info": {
                                                        "Projections": [
                                                            "title",
                                                            "displayname",
                                                            "creationdate",
                                                            "viewcount",
                                                            "id",
                                                            "id",
                                                            "CASE  WHEN ((votetypeid = 2)) THEN (1) ELSE 0 END",
                                                            "CASE  WHEN ((votetypeid = 3)) THEN (1) ELSE 0 END"
                                                        ],
                                                        "Estimated Cardinality": "12744093"
                                                    },
                                                    "cumulative_cardinality": 92717355,
                                                    "operator_type": "PROJECTION",
                                                    "operator_cardinality": 16904139,
                                                    "cumulative_rows_scanned": 25096741,
                                                    "operator_rows_scanned": 0,
                                                    "operator_timing": 0.09983913599999947,
                                                    "result_set_size": 1014248340,
                                                    "children": [
                                                        {
                                                            "operator_name": "PROJECTION",
                                                            "cpu_time": 2.955794302999994,
                                                            "extra_info": {
                                                                "Projections": [
                                                                    "#0",
                                                                    "#1",
                                                                    "#2",
                                                                    "#3",
                                                                    "#4",
                                                                    "#5",
                                                                    "__internal_decompress_integral_smallint(#6, 1)"
                                                                ],
                                                                "Estimated Cardinality": "12744093"
                                                            },
                                                            "cumulative_cardinality": 75813216,
                                                            "operator_type": "PROJECTION",
                                                            "operator_cardinality": 16904139,
                                                            "cumulative_rows_scanned": 25096741,
                                                            "operator_rows_scanned": 0,
                                                            "operator_timing": 0.01729885099999997,
                                                            "result_set_size": 912823506,
                                                            "children": [
                                                                {
                                                                    "operator_name": "HASH_JOIN",
                                                                    "cpu_time": 2.938495451999994,
                                                                    "extra_info": {
                                                                        "Join Type": "LEFT",
                                                                        "Conditions": "id = postid",
                                                                        "Estimated Cardinality": "12744093"
                                                                    },
                                                                    "cumulative_cardinality": 58909077,
                                                                    "operator_type": "HASH_JOIN",
                                                                    "operator_cardinality": 16904139,
                                                                    "cumulative_rows_scanned": 25096741,
                                                                    "operator_rows_scanned": 0,
                                                                    "operator_timing": 0.9875611789999957,
                                                                    "result_set_size": 895919367,
                                                                    "children": [
                                                                        {
                                                                            "operator_name": "HASH_JOIN",
                                                                            "cpu_time": 1.8038415939999988,
                                                                            "extra_info": {
                                                                                "Join Type": "RIGHT",
                                                                                "Conditions": "postid = id",
                                                                                "Estimated Cardinality": "7241822"
                                                                            },
                                                                            "cumulative_cardinality": 16516752,
                                                                            "operator_type": "HASH_JOIN",
                                                                            "operator_cardinality": 4677925,
                                                                            "cumulative_rows_scanned": 12352648,
                                                                            "operator_rows_scanned": 0,
                                                                            "operator_timing": 0.6759875519999992,
                                                                            "result_set_size": 243252100,
                                                                            "children": [
                                                                                {
                                                                                    "operator_name": "READ_PARQUET ",
                                                                                    "cpu_time": 0.19018432599999996,
                                                                                    "extra_info": {
                                                                                        "Function": "READ_PARQUET",
                                                                                        "Projections": [
                                                                                            "id",
                                                                                            "postid"
                                                                                        ],
                                                                                        "Estimated Cardinality": "7241822"
                                                                                    },
                                                                                    "cumulative_cardinality": 7241822,
                                                                                    "operator_type": "TABLE_SCAN",
                                                                                    "operator_cardinality": 7241822,
                                                                                    "cumulative_rows_scanned": 7241822,
                                                                                    "operator_rows_scanned": 7241822,
                                                                                    "operator_timing": 0.19018432599999996,
                                                                                    "result_set_size": 57934576,
                                                                                    "children": []
                                                                                },
                                                                                {
                                                                                    "operator_name": "HASH_JOIN",
                                                                                    "cpu_time": 0.9376697159999996,
                                                                                    "extra_info": {
                                                                                        "Join Type": "RIGHT",
                                                                                        "Conditions": "id = owneruserid",
                                                                                        "Estimated Cardinality": "1260710"
                                                                                    },
                                                                                    "cumulative_cardinality": 4597005,
                                                                                    "operator_type": "HASH_JOIN",
                                                                                    "operator_cardinality": 1668164,
                                                                                    "cumulative_rows_scanned": 5110826,
                                                                                    "operator_rows_scanned": 0,
                                                                                    "operator_timing": 0.29744153600000006,
                                                                                    "result_set_size": 80071872,
                                                                                    "children": [
                                                                                        {
                                                                                            "operator_name": "READ_PARQUET ",
                                                                                            "cpu_time": 0.0939106409999999,
                                                                                            "extra_info": {
                                                                                                "Function": "READ_PARQUET",
                                                                                                "Projections": [
                                                                                                    "id",
                                                                                                    "displayname"
                                                                                                ],
                                                                                                "Estimated Cardinality": "1260710"
                                                                                            },
                                                                                            "cumulative_cardinality": 1260677,
                                                                                            "operator_type": "TABLE_SCAN",
                                                                                            "operator_cardinality": 1260677,
                                                                                            "cumulative_rows_scanned": 1260710,
                                                                                            "operator_rows_scanned": 1260710,
                                                                                            "operator_timing": 0.0939106409999999,
                                                                                            "result_set_size": 25213540,
                                                                                            "children": []
                                                                                        },
                                                                                        {
                                                                                            "operator_name": "READ_PARQUET ",
                                                                                            "cpu_time": 0.5463175389999997,
                                                                                            "extra_info": {
                                                                                                "Function": "READ_PARQUET",
                                                                                                "Projections": [
                                                                                                    "id",
                                                                                                    "creationdate",
                                                                                                    "viewcount",
                                                                                                    "owneruserid",
                                                                                                    "title"
                                                                                                ],
                                                                                                "Filters": "posttypeid=1",
                                                                                                "Estimated Cardinality": "770023"
                                                                                            },
                                                                                            "cumulative_cardinality": 1668164,
                                                                                            "operator_type": "TABLE_SCAN",
                                                                                            "operator_cardinality": 1668164,
                                                                                            "cumulative_rows_scanned": 3850116,
                                                                                            "operator_rows_scanned": 3850116,
                                                                                            "operator_timing": 0.5463175389999997,
                                                                                            "result_set_size": 60053904,
                                                                                            "children": []
                                                                                        }
                                                                                    ]
                                                                                }
                                                                            ]
                                                                        },
                                                                        {
                                                                            "operator_name": "PROJECTION",
                                                                            "cpu_time": 0.14709267899999962,
                                                                            "extra_info": {
                                                                                "Projections": [
                                                                                    "#0",
                                                                                    "__internal_compress_integral_utinyint(#1, 1)"
                                                                                ],
                                                                                "Estimated Cardinality": "12744093"
                                                                            },
                                                                            "cumulative_cardinality": 25488186,
                                                                            "operator_type": "PROJECTION",
                                                                            "operator_cardinality": 12744093,
                                                                            "cumulative_rows_scanned": 12744093,
                                                                            "operator_rows_scanned": 0,
                                                                            "operator_timing": 0.0030842900000000876,
                                                                            "result_set_size": 63720465,
                                                                            "children": [
                                                                                {
                                                                                    "operator_name": "READ_PARQUET ",
                                                                                    "cpu_time": 0.14400838899999951,
                                                                                    "extra_info": {
                                                                                        "Function": "READ_PARQUET",
                                                                                        "Projections": [
                                                                                            "postid",
                                                                                            "votetypeid"
                                                                                        ],
                                                                                        "Estimated Cardinality": "12744093"
                                                                                    },
                                                                                    "cumulative_cardinality": 12744093,
                                                                                    "operator_type": "TABLE_SCAN",
                                                                                    "operator_cardinality": 12744093,
                                                                                    "cumulative_rows_scanned": 12744093,
                                                                                    "operator_rows_scanned": 12744093,
                                                                                    "operator_timing": 0.14400838899999951,
                                                                                    "result_set_size": 76464558,
                                                                                    "children": []
                                                                                }
                                                                            ]
                                                                        }
                                                                    ]
                                                                }
                                                            ]
                                                        }
                                                    ]
                                                }
                                            ]
                                        },
                                        {
                                            "operator_name": "HASH_JOIN",
                                            "cpu_time": 0.6843260629999998,
                                            "extra_info": {
                                                "Join Type": "SINGLE",
                                                "Conditions": "id IS NOT DISTINCT FROM id",
                                                "Estimated Cardinality": "3850116"
                                            },
                                            "cumulative_cardinality": 16736399,
                                            "operator_type": "HASH_JOIN",
                                            "operator_cardinality": 1668164,
                                            "cumulative_rows_scanned": 3850116,
                                            "operator_rows_scanned": 0,
                                            "operator_timing": 0.15214089400000022,
                                            "result_set_size": 166816400,
                                            "children": [
                                                {
                                                    "operator_name": "COLUMN_DATA_SCAN",
                                                    "cpu_time": 0.013681325999999994,
                                                    "extra_info": {
                                                        "Estimated Cardinality": "3850116"
                                                    },
                                                    "cumulative_cardinality": 1668164,
                                                    "operator_type": "COLUMN_DATA_SCAN",
                                                    "operator_cardinality": 1668164,
                                                    "cumulative_rows_scanned": 0,
                                                    "operator_rows_scanned": 0,
                                                    "operator_timing": 0.013681325999999994,
                                                    "result_set_size": 146798432,
                                                    "children": []
                                                },
                                                {
                                                    "operator_name": "PROJECTION",
                                                    "cpu_time": 0.5185038429999995,
                                                    "extra_info": {
                                                        "Projections": [
                                                            "CASE  WHEN ((count_star() IS NULL)) THEN (0) ELSE count_star() END",
                                                            "id"
                                                        ],
                                                        "Estimated Cardinality": "1925058"
                                                    },
                                                    "cumulative_cardinality": 13400071,
                                                    "operator_type": "PROJECTION",
                                                    "operator_cardinality": 1668164,
                                                    "cumulative_rows_scanned": 3850116,
                                                    "operator_rows_scanned": 0,
                                                    "operator_timing": 0.003228537999999997,
                                                    "result_set_size": 20017968,
                                                    "children": [
                                                        {
                                                            "operator_name": "HASH_JOIN",
                                                            "cpu_time": 0.5152753049999995,
                                                            "extra_info": {
                                                                "Join Type": "LEFT",
                                                                "Conditions": "id IS NOT DISTINCT FROM #0",
                                                                "Estimated Cardinality": "1925058"
                                                            },
                                                            "cumulative_cardinality": 11731907,
                                                            "operator_type": "HASH_JOIN",
                                                            "operator_cardinality": 1668164,
                                                            "cumulative_rows_scanned": 3850116,
                                                            "operator_rows_scanned": 0,
                                                            "operator_timing": 0.12951961599999953,
                                                            "result_set_size": 20017968,
                                                            "children": [
                                                                {
                                                                    "operator_name": "DELIM_SCAN",
                                                                    "cpu_time": 0.0,
                                                                    "extra_info": {
                                                                        "Delim Index": "1",
                                                                        "Estimated Cardinality": "1925058"
                                                                    },
                                                                    "cumulative_cardinality": 0,
                                                                    "operator_type": "DELIM_SCAN",
                                                                    "operator_cardinality": 0,
                                                                    "cumulative_rows_scanned": 0,
                                                                    "operator_rows_scanned": 0,
                                                                    "operator_timing": 0.0,
                                                                    "result_set_size": 0,
                                                                    "children": []
                                                                },
                                                                {
                                                                    "operator_name": "HASH_GROUP_BY",
                                                                    "cpu_time": 0.385755689,
                                                                    "extra_info": {
                                                                        "Groups": "#0",
                                                                        "Aggregates": "count_star()",
                                                                        "Estimated Cardinality": "962529"
                                                                    },
                                                                    "cumulative_cardinality": 10063743,
                                                                    "operator_type": "HASH_GROUP_BY",
                                                                    "operator_cardinality": 1354571,
                                                                    "cumulative_rows_scanned": 3850116,
                                                                    "operator_rows_scanned": 0,
                                                                    "operator_timing": 0.12443536800000013,
                                                                    "result_set_size": 16254852,
                                                                    "children": [
                                                                        {
                                                                            "operator_name": "PROJECTION",
                                                                            "cpu_time": 0.2613203209999999,
                                                                            "extra_info": {
                                                                                "Projections": "id",
                                                                                "Estimated Cardinality": "1925058"
                                                                            },
                                                                            "cumulative_cardinality": 8709172,
                                                                            "operator_type": "PROJECTION",
                                                                            "operator_cardinality": 2177293,
                                                                            "cumulative_rows_scanned": 3850116,
                                                                            "operator_rows_scanned": 0,
                                                                            "operator_timing": 0.00026521299999999814,
                                                                            "result_set_size": 8709172,
                                                                            "children": [
                                                                                {
                                                                                    "operator_name": "PROJECTION",
                                                                                    "cpu_time": 0.2610551079999999,
                                                                                    "extra_info": {
                                                                                        "Projections": "id",
                                                                                        "Estimated Cardinality": "1925058"
                                                                                    },
                                                                                    "cumulative_cardinality": 6531879,
                                                                                    "operator_type": "PROJECTION",
                                                                                    "operator_cardinality": 2177293,
                                                                                    "cumulative_rows_scanned": 3850116,
                                                                                    "operator_rows_scanned": 0,
                                                                                    "operator_timing": 0.0003097589999999979,
                                                                                    "result_set_size": 8709172,
                                                                                    "children": [
                                                                                        {
                                                                                            "operator_name": "HASH_JOIN",
                                                                                            "cpu_time": 0.2607453489999999,
                                                                                            "extra_info": {
                                                                                                "Join Type": "INNER",
                                                                                                "Conditions": "parentid = id",
                                                                                                "Estimated Cardinality": "1925058"
                                                                                            },
                                                                                            "cumulative_cardinality": 4354586,
                                                                                            "operator_type": "HASH_JOIN",
                                                                                            "operator_cardinality": 2177293,
                                                                                            "cumulative_rows_scanned": 3850116,
                                                                                            "operator_rows_scanned": 0,
                                                                                            "operator_timing": 0.164429087,
                                                                                            "result_set_size": 17418344,
                                                                                            "children": [
                                                                                                {
                                                                                                    "operator_name": "READ_PARQUET ",
                                                                                                    "cpu_time": 0.09631626199999992,
                                                                                                    "extra_info": {
                                                                                                        "Function": "READ_PARQUET",
                                                                                                        "Projections": "parentid",
                                                                                                        "Estimated Cardinality": "3850116"
                                                                                                    },
                                                                                                    "cumulative_cardinality": 2177293,
                                                                                                    "operator_type": "TABLE_SCAN",
                                                                                                    "operator_cardinality": 2177293,
                                                                                                    "cumulative_rows_scanned": 3850116,
                                                                                                    "operator_rows_scanned": 3850116,
                                                                                                    "operator_timing": 0.09631626199999992,
                                                                                                    "result_set_size": 8709172,
                                                                                                    "children": []
                                                                                                },
                                                                                                {
                                                                                                    "operator_name": "DELIM_SCAN",
                                                                                                    "cpu_time": 0.0,
                                                                                                    "extra_info": {
                                                                                                        "Delim Index": "1",
                                                                                                        "Estimated Cardinality": "1925058"
                                                                                                    },
                                                                                                    "cumulative_cardinality": 0,
                                                                                                    "operator_type": "DELIM_SCAN",
                                                                                                    "operator_cardinality": 0,
                                                                                                    "cumulative_rows_scanned": 0,
                                                                                                    "operator_rows_scanned": 0,
                                                                                                    "operator_timing": 0.0,
                                                                                                    "result_set_size": 0,
                                                                                                    "children": []
                                                                                                }
                                                                                            ]
                                                                                        }
                                                                                    ]
                                                                                }
                                                                            ]
                                                                        }
                                                                    ]
                                                                }
                                                            ]
                                                        }
                                                    ]
                                                }
                                            ]
                                        },
                                        {
                                            "operator_name": "HASH_GROUP_BY",
                                            "cpu_time": 0.012746962,
                                            "extra_info": {
                                                "Groups": "#4",
                                                "Aggregates": "",
                                                "Estimated Cardinality": "3850116"
                                            },
                                            "cumulative_cardinality": 3336328,
                                            "operator_type": "HASH_GROUP_BY",
                                            "operator_cardinality": 3336328,
                                            "cumulative_rows_scanned": 0,
                                            "operator_rows_scanned": 0,
                                            "operator_timing": 0.012746962,
                                            "result_set_size": 13345312,
                                            "children": []
                                        }
                                    ]
                                }
                            ]
                        }
                    ]
                }
            ]
        }
    ]
}