{
    "rows_returned": 5,
    "query_name": "WITH PostStats AS (\n    SELECT \n        p.Id AS PostId,\n        p.PostTypeId,\n        COUNT(c.Id) AS CommentCount,\n        COUNT(DISTINCT v.Id) AS VoteCount,\n        COUNT(DISTINCT b.Id) AS BadgeCount,\n        COUNT(DISTINCT ph.Id) AS HistoryCount,\n        AVG(u.Reputation) AS AvgUserReputation\n    FROM \n        Posts p\n    LEFT JOIN \n        Comments c ON p.Id = c.PostId\n    LEFT JOIN \n        Votes v ON p.Id = v.PostId\n    LEFT JOIN \n        Badges b ON p.OwnerUserId = b.UserId\n    LEFT JOIN \n        PostHistory ph ON p.Id = ph.PostId\n    LEFT JOIN \n        Users u ON p.OwnerUserId = u.Id \n    WHERE \n        p.CreationDate >= '2023-01-01'  \n    GROUP BY \n        p.Id, p.PostTypeId\n),\nPerformanceBenchmark AS (\n    SELECT \n        PostTypeId,\n        COUNT(*) AS PostCount,\n        SUM(CommentCount) AS TotalComments,\n        SUM(VoteCount) AS TotalVotes,\n        SUM(BadgeCount) AS TotalBadges,\n        SUM(HistoryCount) AS TotalHistories,\n        AVG(AvgUserReputation) AS AvgUserReputation\n    FROM \n        PostStats\n    GROUP BY \n        PostTypeId\n)\nSELECT \n    pt.Name AS PostType,\n    pb.PostCount,\n    pb.TotalComments,\n    pb.TotalVotes,\n    pb.TotalBadges,\n    pb.TotalHistories,\n    pb.AvgUserReputation\nFROM \n    PerformanceBenchmark pb\nJOIN \n    PostTypes pt ON pb.PostTypeId = pt.Id\nORDER BY \n    PostCount DESC;",
    "blocked_thread_time": 0.0,
    "cpu_time": 67.04846474000016,
    "extra_info": {},
    "cumulative_cardinality": 2679286780,
    "cumulative_rows_scanned": 39213717,
    "result_set_size": 480,
    "latency": 76.84178899,
    "children": [
        {
            "operator_name": "ORDER_BY",
            "cpu_time": 67.04846474000016,
            "extra_info": {
                "Order By": "pb.PostCount DESC"
            },
            "cumulative_cardinality": 2679286780,
            "operator_type": "ORDER_BY",
            "operator_cardinality": 5,
            "cumulative_rows_scanned": 39213717,
            "operator_rows_scanned": 0,
            "operator_timing": 0.000035566000000000005,
            "result_set_size": 480,
            "children": [
                {
                    "operator_name": "PROJECTION",
                    "cpu_time": 67.04842917400016,
                    "extra_info": {
                        "Projections": [
                            "PostType",
                            "PostCount",
                            "TotalComments",
                            "TotalVotes",
                            "TotalBadges",
                            "TotalHistories",
                            "AvgUserReputation"
                        ],
                        "Estimated Cardinality": "1925058"
                    },
                    "cumulative_cardinality": 2679286775,
                    "operator_type": "PROJECTION",
                    "operator_cardinality": 5,
                    "cumulative_rows_scanned": 39213717,
                    "operator_rows_scanned": 0,
                    "operator_timing": 4.91e-7,
                    "result_set_size": 480,
                    "children": [
                        {
                            "operator_name": "HASH_JOIN",
                            "cpu_time": 67.04842868300017,
                            "extra_info": {
                                "Join Type": "INNER",
                                "Conditions": "posttypeid = id",
                                "Estimated Cardinality": "1925058"
                            },
                            "cumulative_cardinality": 2679286770,
                            "operator_type": "HASH_JOIN",
                            "operator_cardinality": 5,
                            "cumulative_rows_scanned": 39213717,
                            "operator_rows_scanned": 0,
                            "operator_timing": 0.00009839400000000001,
                            "result_set_size": 480,
                            "children": [
                                {
                                    "operator_name": "PROJECTION",
                                    "cpu_time": 67.04801470000017,
                                    "extra_info": {
                                        "Projections": [
                                            "__internal_decompress_integral_smallint(#0, 1)",
                                            "#1",
                                            "#2",
                                            "#3",
                                            "#4",
                                            "#5",
                                            "#6"
                                        ],
                                        "Estimated Cardinality": "1925058"
                                    },
                                    "cumulative_cardinality": 2679286758,
                                    "operator_type": "PROJECTION",
                                    "operator_cardinality": 5,
                                    "cumulative_rows_scanned": 39213709,
                                    "operator_rows_scanned": 0,
                                    "operator_timing": 0.000001052,
                                    "result_set_size": 410,
                                    "children": [
                                        {
                                            "operator_name": "PERFECT_HASH_GROUP_BY",
                                            "cpu_time": 67.04801364800016,
                                            "extra_info": {
                                                "Groups": "#0",
                                                "Aggregates": [
                                                    "count_star()",
                                                    "sum(#1)",
                                                    "sum(#2)",
                                                    "sum(#3)",
                                                    "sum(#4)",
                                                    "avg(#5)"
                                                ]
                                            },
                                            "cumulative_cardinality": 2679286753,
                                            "operator_type": "PERFECT_HASH_GROUP_BY",
                                            "operator_cardinality": 5,
                                            "cumulative_rows_scanned": 39213709,
                                            "operator_rows_scanned": 0,
                                            "operator_timing": 0.0036137000000000014,
                                            "result_set_size": 405,
                                            "children": [
                                                {
                                                    "operator_name": "PROJECTION",
                                                    "cpu_time": 67.04439994800016,
                                                    "extra_info": {
                                                        "Projections": [
                                                            "posttypeid",
                                                            "CommentCount",
                                                            "VoteCount",
                                                            "BadgeCount",
                                                            "HistoryCount",
                                                            "AvgUserReputation"
                                                        ],
                                                        "Estimated Cardinality": "3850116"
                                                    },
                                                    "cumulative_cardinality": 2679286748,
                                                    "operator_type": "PROJECTION",
                                                    "operator_cardinality": 265255,
                                                    "cumulative_rows_scanned": 39213709,
                                                    "operator_rows_scanned": 0,
                                                    "operator_timing": 0.00003706400000000001,
                                                    "result_set_size": 10875455,
                                                    "children": [
                                                        {
                                                            "operator_name": "PROJECTION",
                                                            "cpu_time": 67.04436288400017,
                                                            "extra_info": {
                                                                "Projections": [
                                                                    "__internal_compress_integral_utinyint(#0, 1)",
                                                                    "#1",
                                                                    "#2",
                                                                    "#3",
                                                                    "#4",
                                                                    "#5"
                                                                ],
                                                                "Estimated Cardinality": "3850116"
                                                            },
                                                            "cumulative_cardinality": 2679021493,
                                                            "operator_type": "PROJECTION",
                                                            "operator_cardinality": 265255,
                                                            "cumulative_rows_scanned": 39213709,
                                                            "operator_rows_scanned": 0,
                                                            "operator_timing": 0.000076345,
                                                            "result_set_size": 10875455,
                                                            "children": [
                                                                {
                                                                    "operator_name": "PROJECTION",
                                                                    "cpu_time": 67.04428653900017,
                                                                    "extra_info": {
                                                                        "Projections": [
                                                                            "posttypeid",
                                                                            "CommentCount",
                                                                            "VoteCount",
                                                                            "BadgeCount",
                                                                            "HistoryCount",
                                                                            "AvgUserReputation"
                                                                        ],
                                                                        "Estimated Cardinality": "3850116"
                                                                    },
                                                                    "cumulative_cardinality": 2678756238,
                                                                    "operator_type": "PROJECTION",
                                                                    "operator_cardinality": 265255,
                                                                    "cumulative_rows_scanned": 39213709,
                                                                    "operator_rows_scanned": 0,
                                                                    "operator_timing": 0.000034865,
                                                                    "result_set_size": 11140710,
                                                                    "children": [
                                                                        {
                                                                            "operator_name": "PROJECTION",
                                                                            "cpu_time": 67.04425167400017,
                                                                            "extra_info": {
                                                                                "Projections": [
                                                                                    "#0",
                                                                                    "__internal_decompress_integral_smallint(#1, 1)",
                                                                                    "#2",
                                                                                    "#3",
                                                                                    "#4",
                                                                                    "#5",
                                                                                    "#6"
                                                                                ],
                                                                                "Estimated Cardinality": "3850116"
                                                                            },
                                                                            "cumulative_cardinality": 2678490983,
                                                                            "operator_type": "PROJECTION",
                                                                            "operator_cardinality": 265255,
                                                                            "cumulative_rows_scanned": 39213709,
                                                                            "operator_rows_scanned": 0,
                                                                            "operator_timing": 0.00009023900000000004,
                                                                            "result_set_size": 12201730,
                                                                            "children": [
                                                                                {
                                                                                    "operator_name": "HASH_GROUP_BY",
                                                                                    "cpu_time": 67.04416143500016,
                                                                                    "extra_info": {
                                                                                        "Groups": [
                                                                                            "#0",
                                                                                            "#1"
                                                                                        ],
                                                                                        "Aggregates": [
                                                                                            "count(#2)",
                                                                                            "count(DISTINCT #3)",
                                                                                            "count(DISTINCT #4)",
                                                                                            "count(DISTINCT #5)",
                                                                                            "avg(#6)"
                                                                                        ],
                                                                                        "Estimated Cardinality": "3850116"
                                                                                    },
                                                                                    "cumulative_cardinality": 2678225728,
                                                                                    "operator_type": "HASH_GROUP_BY",
                                                                                    "operator_cardinality": 265255,
                                                                                    "cumulative_rows_scanned": 39213709,
                                                                                    "operator_rows_scanned": 0,
                                                                                    "operator_timing": 44.73068814500028,
                                                                                    "result_set_size": 11936475,
                                                                                    "children": [
                                                                                        {
                                                                                            "operator_name": "PROJECTION",
                                                                                            "cpu_time": 22.313473289999887,
                                                                                            "extra_info": {
                                                                                                "Projections": [
                                                                                                    "id",
                                                                                                    "posttypeid",
                                                                                                    "id",
                                                                                                    "id",
                                                                                                    "id",
                                                                                                    "id",
                                                                                                    "reputation"
                                                                                                ],
                                                                                                "Estimated Cardinality": "12744093"
                                                                                            },
                                                                                            "cumulative_cardinality": 2677960473,
                                                                                            "operator_type": "PROJECTION",
                                                                                            "operator_cardinality": 618671931,
                                                                                            "cumulative_rows_scanned": 39213709,
                                                                                            "operator_rows_scanned": 0,
                                                                                            "operator_timing": 0.1367958860000138,
                                                                                            "result_set_size": 15466798275,
                                                                                            "children": [
                                                                                                {
                                                                                                    "operator_name": "PROJECTION",
                                                                                                    "cpu_time": 22.176677403999875,
                                                                                                    "extra_info": {
                                                                                                        "Projections": [
                                                                                                            "#2",
                                                                                                            "__internal_compress_integral_utinyint(#3, 1)",
                                                                                                            "#1",
                                                                                                            "#0",
                                                                                                            "#4",
                                                                                                            "#5",
                                                                                                            "#6"
                                                                                                        ],
                                                                                                        "Estimated Cardinality": "12744093"
                                                                                                    },
                                                                                                    "cumulative_cardinality": 2059288542,
                                                                                                    "operator_type": "PROJECTION",
                                                                                                    "operator_cardinality": 618671931,
                                                                                                    "cumulative_rows_scanned": 39213709,
                                                                                                    "operator_rows_scanned": 0,
                                                                                                    "operator_timing": 0.669353688000001,
                                                                                                    "result_set_size": 15466798275,
                                                                                                    "children": [
                                                                                                        {
                                                                                                            "operator_name": "HASH_JOIN",
                                                                                                            "cpu_time": 21.507323715999874,
                                                                                                            "extra_info": {
                                                                                                                "Join Type": "LEFT",
                                                                                                                "Conditions": "owneruserid = id",
                                                                                                                "Estimated Cardinality": "12744093"
                                                                                                            },
                                                                                                            "cumulative_cardinality": 1440616611,
                                                                                                            "operator_type": "HASH_JOIN",
                                                                                                            "operator_cardinality": 618671931,
                                                                                                            "cumulative_rows_scanned": 39213709,
                                                                                                            "operator_rows_scanned": 0,
                                                                                                            "operator_timing": 12.226062150999502,
                                                                                                            "result_set_size": 16085470206,
                                                                                                            "children": [
                                                                                                                {
                                                                                                                    "operator_name": "HASH_JOIN",
                                                                                                                    "cpu_time": 9.267684371000371,
                                                                                                                    "extra_info": {
                                                                                                                        "Join Type": "LEFT",
                                                                                                                        "Conditions": "id = postid",
                                                                                                                        "Estimated Cardinality": "12744093"
                                                                                                                    },
                                                                                                                    "cumulative_cardinality": 820683970,
                                                                                                                    "operator_type": "HASH_JOIN",
                                                                                                                    "operator_cardinality": 618671931,
                                                                                                                    "cumulative_rows_scanned": 37952999,
                                                                                                                    "operator_rows_scanned": 0,
                                                                                                                    "operator_timing": 7.123536656000368,
                                                                                                                    "result_set_size": 16085470206,
                                                                                                                    "children": [
                                                                                                                        {
                                                                                                                            "operator_name": "HASH_JOIN",
                                                                                                                            "cpu_time": 1.9975965800000026,
                                                                                                                            "extra_info": {
                                                                                                                                "Join Type": "LEFT",
                                                                                                                                "Conditions": "owneruserid = userid",
                                                                                                                                "Estimated Cardinality": "12744093"
                                                                                                                            },
                                                                                                                            "cumulative_cardinality": 190216795,
                                                                                                                            "operator_type": "HASH_JOIN",
                                                                                                                            "operator_cardinality": 181425993,
                                                                                                                            "cumulative_rows_scanned": 26157755,
                                                                                                                            "operator_rows_scanned": 0,
                                                                                                                            "operator_timing": 1.7881442860000027,
                                                                                                                            "result_set_size": 3991371846,
                                                                                                                            "children": [
                                                                                                                                {
                                                                                                                                    "operator_name": "PROJECTION",
                                                                                                                                    "cpu_time": 0.18706851999999996,
                                                                                                                                    "extra_info": {
                                                                                                                                        "Projections": [
                                                                                                                                            "#0",
                                                                                                                                            "#1",
                                                                                                                                            "#2",
                                                                                                                                            "__internal_decompress_integral_smallint(#3, 1)",
                                                                                                                                            "#4"
                                                                                                                                        ],
                                                                                                                                        "Estimated Cardinality": "12744093"
                                                                                                                                    },
                                                                                                                                    "cumulative_cardinality": 6469078,
                                                                                                                                    "operator_type": "PROJECTION",
                                                                                                                                    "operator_cardinality": 1773112,
                                                                                                                                    "cumulative_rows_scanned": 23836031,
                                                                                                                                    "operator_rows_scanned": 0,
                                                                                                                                    "operator_timing": 0.0012873769999999997,
                                                                                                                                    "result_set_size": 31916016,
                                                                                                                                    "children": [
                                                                                                                                        {
                                                                                                                                            "operator_name": "HASH_JOIN",
                                                                                                                                            "cpu_time": 0.18578114299999995,
                                                                                                                                            "extra_info": {
                                                                                                                                                "Join Type": "RIGHT",
                                                                                                                                                "Conditions": "postid = id",
                                                                                                                                                "Estimated Cardinality": "12744093"
                                                                                                                                            },
                                                                                                                                            "cumulative_cardinality": 4695966,
                                                                                                                                            "operator_type": "HASH_JOIN",
                                                                                                                                            "operator_cardinality": 1773112,
                                                                                                                                            "cumulative_rows_scanned": 23836031,
                                                                                                                                            "operator_rows_scanned": 0,
                                                                                                                                            "operator_timing": 0.09785035599999999,
                                                                                                                                            "result_set_size": 30142904,
                                                                                                                                            "children": [
                                                                                                                                                {
                                                                                                                                                    "operator_name": "READ_PARQUET ",
                                                                                                                                                    "cpu_time": 0.025221703,
                                                                                                                                                    "extra_info": {
                                                                                                                                                        "Function": "READ_PARQUET",
                                                                                                                                                        "Projections": [
                                                                                                                                                            "id",
                                                                                                                                                            "postid"
                                                                                                                                                        ],
                                                                                                                                                        "Estimated Cardinality": "12744093"
                                                                                                                                                    },
                                                                                                                                                    "cumulative_cardinality": 802778,
                                                                                                                                                    "operator_type": "TABLE_SCAN",
                                                                                                                                                    "operator_cardinality": 802778,
                                                                                                                                                    "cumulative_rows_scanned": 12744093,
                                                                                                                                                    "operator_rows_scanned": 12744093,
                                                                                                                                                    "operator_timing": 0.025221703,
                                                                                                                                                    "result_set_size": 6422224,
                                                                                                                                                    "children": []
                                                                                                                                                },
                                                                                                                                                {
                                                                                                                                                    "operator_name": "PROJECTION",
                                                                                                                                                    "cpu_time": 0.06270908399999997,
                                                                                                                                                    "extra_info": {
                                                                                                                                                        "Projections": [
                                                                                                                                                            "#0",
                                                                                                                                                            "#1",
                                                                                                                                                            "__internal_compress_integral_utinyint(#2, 1)",
                                                                                                                                                            "#3"
                                                                                                                                                        ],
                                                                                                                                                        "Estimated Cardinality": "7241822"
                                                                                                                                                    },
                                                                                                                                                    "cumulative_cardinality": 2120076,
                                                                                                                                                    "operator_type": "PROJECTION",
                                                                                                                                                    "operator_cardinality": 654953,
                                                                                                                                                    "cumulative_rows_scanned": 11091938,
                                                                                                                                                    "operator_rows_scanned": 0,
                                                                                                                                                    "operator_timing": 0.00046753599999999973,
                                                                                                                                                    "result_set_size": 8514389,
                                                                                                                                                    "children": [
                                                                                                                                                        {
                                                                                                                                                            "operator_name": "HASH_JOIN",
                                                                                                                                                            "cpu_time": 0.062241547999999966,
                                                                                                                                                            "extra_info": {
                                                                                                                                                                "Join Type": "RIGHT",
                                                                                                                                                                "Conditions": "postid = id",
                                                                                                                                                                "Estimated Cardinality": "7241822"
                                                                                                                                                            },
                                                                                                                                                            "cumulative_cardinality": 1465123,
                                                                                                                                                            "operator_type": "HASH_JOIN",
                                                                                                                                                            "operator_cardinality": 654953,
                                                                                                                                                            "cumulative_rows_scanned": 11091938,
                                                                                                                                                            "operator_rows_scanned": 0,
                                                                                                                                                            "operator_timing": 0.025612454999999965,
                                                                                                                                                            "result_set_size": 9169342,
                                                                                                                                                            "children": [
                                                                                                                                                                {
                                                                                                                                                                    "operator_name": "READ_PARQUET ",
                                                                                                                                                                    "cpu_time": 0.014448199000000005,
                                                                                                                                                                    "extra_info": {
                                                                                                                                                                        "Function": "READ_PARQUET",
                                                                                                                                                                        "Projections": [
                                                                                                                                                                            "id",
                                                                                                                                                                            "postid"
                                                                                                                                                                        ],
                                                                                                                                                                        "Estimated Cardinality": "7241822"
                                                                                                                                                                    },
                                                                                                                                                                    "cumulative_cardinality": 544915,
                                                                                                                                                                    "operator_type": "TABLE_SCAN",
                                                                                                                                                                    "operator_cardinality": 544915,
                                                                                                                                                                    "cumulative_rows_scanned": 7241822,
                                                                                                                                                                    "operator_rows_scanned": 7241822,
                                                                                                                                                                    "operator_timing": 0.014448199000000005,
                                                                                                                                                                    "result_set_size": 4359320,
                                                                                                                                                                    "children": []
                                                                                                                                                                },
                                                                                                                                                                {
                                                                                                                                                                    "operator_name": "READ_PARQUET ",
                                                                                                                                                                    "cpu_time": 0.022180893999999996,
                                                                                                                                                                    "extra_info": {
                                                                                                                                                                        "Function": "READ_PARQUET",
                                                                                                                                                                        "Projections": [
                                                                                                                                                                            "id",
                                                                                                                                                                            "posttypeid",
                                                                                                                                                                            "owneruserid"
                                                                                                                                                                        ],
                                                                                                                                                                        "Filters": "creationdate>='2023-01-01 00:00:00'::TIMESTAMP",
                                                                                                                                                                        "Estimated Cardinality": "770023"
                                                                                                                                                                    },
                                                                                                                                                                    "cumulative_cardinality": 265255,
                                                                                                                                                                    "operator_type": "TABLE_SCAN",
                                                                                                                                                                    "operator_cardinality": 265255,
                                                                                                                                                                    "cumulative_rows_scanned": 3850116,
                                                                                                                                                                    "operator_rows_scanned": 3850116,
                                                                                                                                                                    "operator_timing": 0.022180893999999996,
                                                                                                                                                                    "result_set_size": 2652550,
                                                                                                                                                                    "children": []
                                                                                                                                                                }
                                                                                                                                                            ]
                                                                                                                                                        }
                                                                                                                                                    ]
                                                                                                                                                }
                                                                                                                                            ]
                                                                                                                                        }
                                                                                                                                    ]
                                                                                                                                },
                                                                                                                                {
                                                                                                                                    "operator_name": "READ_PARQUET ",
                                                                                                                                    "cpu_time": 0.02238377399999998,
                                                                                                                                    "extra_info": {
                                                                                                                                        "Function": "READ_PARQUET",
                                                                                                                                        "Projections": [
                                                                                                                                            "id",
                                                                                                                                            "userid"
                                                                                                                                        ],
                                                                                                                                        "Estimated Cardinality": "2321724"
                                                                                                                                    },
                                                                                                                                    "cumulative_cardinality": 2321724,
                                                                                                                                    "operator_type": "TABLE_SCAN",
                                                                                                                                    "operator_cardinality": 2321724,
                                                                                                                                    "cumulative_rows_scanned": 2321724,
                                                                                                                                    "operator_rows_scanned": 2321724,
                                                                                                                                    "operator_timing": 0.02238377399999998,
                                                                                                                                    "result_set_size": 18573792,
                                                                                                                                    "children": []
                                                                                                                                }
                                                                                                                            ]
                                                                                                                        },
                                                                                                                        {
                                                                                                                            "operator_name": "READ_PARQUET ",
                                                                                                                            "cpu_time": 0.14655113499999955,
                                                                                                                            "extra_info": {
                                                                                                                                "Function": "READ_PARQUET",
                                                                                                                                "Projections": [
                                                                                                                                    "id",
                                                                                                                                    "postid"
                                                                                                                                ],
                                                                                                                                "Estimated Cardinality": "11795244"
                                                                                                                            },
                                                                                                                            "cumulative_cardinality": 11795244,
                                                                                                                            "operator_type": "TABLE_SCAN",
                                                                                                                            "operator_cardinality": 11795244,
                                                                                                                            "cumulative_rows_scanned": 11795244,
                                                                                                                            "operator_rows_scanned": 11795244,
                                                                                                                            "operator_timing": 0.14655113499999955,
                                                                                                                            "result_set_size": 94361952,
                                                                                                                            "children": []
                                                                                                                        }
                                                                                                                    ]
                                                                                                                },
                                                                                                                {
                                                                                                                    "operator_name": "READ_PARQUET ",
                                                                                                                    "cpu_time": 0.013577194000000002,
                                                                                                                    "extra_info": {
                                                                                                                        "Function": "READ_PARQUET",
                                                                                                                        "Projections": [
                                                                                                                            "id",
                                                                                                                            "reputation"
                                                                                                                        ],
                                                                                                                        "Estimated Cardinality": "1260710"
                                                                                                                    },
                                                                                                                    "cumulative_cardinality": 1260710,
                                                                                                                    "operator_type": "TABLE_SCAN",
                                                                                                                    "operator_cardinality": 1260710,
                                                                                                                    "cumulative_rows_scanned": 1260710,
                                                                                                                    "operator_rows_scanned": 1260710,
                                                                                                                    "operator_timing": 0.013577194000000002,
                                                                                                                    "result_set_size": 10085680,
                                                                                                                    "children": []
                                                                                                                }
                                                                                                            ]
                                                                                                        }
                                                                                                    ]
                                                                                                }
                                                                                            ]
                                                                                        }
                                                                                    ]
                                                                                }
                                                                            ]
                                                                        }
                                                                    ]
                                                                }
                                                            ]
                                                        }
                                                    ]
                                                }
                                            ]
                                        }
                                    ]
                                },
                                {
                                    "operator_name": "READ_PARQUET ",
                                    "cpu_time": 0.000315589,
                                    "extra_info": {
                                        "Function": "READ_PARQUET",
                                        "Projections": [
                                            "id",
                                            "name"
                                        ],
                                        "Filters": "id<=7",
                                        "Estimated Cardinality": "8"
                                    },
                                    "cumulative_cardinality": 7,
                                    "operator_type": "TABLE_SCAN",
                                    "operator_cardinality": 7,
                                    "cumulative_rows_scanned": 8,
                                    "operator_rows_scanned": 8,
                                    "operator_timing": 0.000315589,
                                    "result_set_size": 126,
                                    "children": []
                                }
                            ]
                        }
                    ]
                }
            ]
        }
    ]
}