{
    "rows_returned": 6046,
    "query_name": "SELECT \n    PT.Name AS PostType,\n    COUNT(P.Id) AS TotalPosts,\n    SUM(CASE WHEN P.ViewCount IS NOT NULL THEN P.ViewCount ELSE 0 END) AS TotalViews,\n    SUM(CASE WHEN P.Score IS NOT NULL THEN P.Score ELSE 0 END) AS TotalScore,\n    AVG(P.AnswerCount) AS AverageAnswers,\n    AVG(P.CommentCount) AS AverageComments,\n    AVG(P.FavoriteCount) AS AverageFavorites,\n    U.Reputation AS UserReputation,\n    COUNT(DISTINCT U.Id) AS ActiveUsers\nFROM \n    Posts P\nJOIN \n    PostTypes PT ON P.PostTypeId = PT.Id\nJOIN \n    Users U ON P.OwnerUserId = U.Id\nWHERE \n    P.CreationDate >= cast('2024-10-01 12:34:56' as timestamp) - INTERVAL '1 year'  \nGROUP BY \n    PT.Name, U.Reputation\nORDER BY \n    TotalPosts DESC;",
    "blocked_thread_time": 0.0,
    "cpu_time": 0.14506632600000002,
    "extra_info": {},
    "cumulative_cardinality": 1853424,
    "cumulative_rows_scanned": 5110834,
    "result_set_size": 556232,
    "latency": 0.168519524,
    "children": [
        {
            "operator_name": "ORDER_BY",
            "cpu_time": 0.14506632600000002,
            "extra_info": {
                "Order By": "count(P.Id) DESC"
            },
            "cumulative_cardinality": 1853424,
            "operator_type": "ORDER_BY",
            "operator_cardinality": 6046,
            "cumulative_rows_scanned": 5110834,
            "operator_rows_scanned": 0,
            "operator_timing": 0.00037773500000000003,
            "result_set_size": 556232,
            "children": [
                {
                    "operator_name": "PROJECTION",
                    "cpu_time": 0.14468859100000003,
                    "extra_info": {
                        "Projections": [
                            "PostType",
                            "TotalPosts",
                            "TotalViews",
                            "TotalScore",
                            "AverageAnswers",
                            "AverageComments",
                            "AverageFavorites",
                            "UserReputation",
                            "ActiveUsers"
                        ],
                        "Estimated Cardinality": "385011"
                    },
                    "cumulative_cardinality": 1847378,
                    "operator_type": "PROJECTION",
                    "operator_cardinality": 6046,
                    "cumulative_rows_scanned": 5110834,
                    "operator_rows_scanned": 0,
                    "operator_timing": 0.000002052,
                    "result_set_size": 556232,
                    "children": [
                        {
                            "operator_name": "HASH_GROUP_BY",
                            "cpu_time": 0.14468653900000003,
                            "extra_info": {
                                "Groups": [
                                    "#0",
                                    "#1"
                                ],
                                "Aggregates": [
                                    "count_star()",
                                    "sum(#2)",
                                    "sum(#3)",
                                    "avg(#4)",
                                    "avg(#5)",
                                    "avg(#6)",
                                    "count(DISTINCT #7)"
                                ],
                                "Estimated Cardinality": "385011"
                            },
                            "cumulative_cardinality": 1841332,
                            "operator_type": "HASH_GROUP_BY",
                            "operator_cardinality": 6046,
                            "cumulative_rows_scanned": 5110834,
                            "operator_rows_scanned": 0,
                            "operator_timing": 0.013005287000000008,
                            "result_set_size": 556232,
                            "children": [
                                {
                                    "operator_name": "PROJECTION",
                                    "cpu_time": 0.13168125200000003,
                                    "extra_info": {
                                        "Projections": [
                                            "name",
                                            "reputation",
                                            "CASE  WHEN ((viewcount IS NOT NULL)) THEN (viewcount) ELSE 0 END",
                                            "CASE  WHEN (true) THEN (score) ELSE 0 END",
                                            "answercount",
                                            "commentcount",
                                            "favoritecount",
                                            "id"
                                        ],
                                        "Estimated Cardinality": "770023"
                                    },
                                    "cumulative_cardinality": 1835286,
                                    "operator_type": "PROJECTION",
                                    "operator_cardinality": 143650,
                                    "cumulative_rows_scanned": 5110834,
                                    "operator_rows_scanned": 0,
                                    "operator_timing": 0.001398656,
                                    "result_set_size": 6320600,
                                    "children": [
                                        {
                                            "operator_name": "HASH_JOIN",
                                            "cpu_time": 0.13028259600000003,
                                            "extra_info": {
                                                "Join Type": "INNER",
                                                "Conditions": "owneruserid = id",
                                                "Estimated Cardinality": "770023"
                                            },
                                            "cumulative_cardinality": 1691636,
                                            "operator_type": "HASH_JOIN",
                                            "operator_cardinality": 143650,
                                            "cumulative_rows_scanned": 5110834,
                                            "operator_rows_scanned": 0,
                                            "operator_timing": 0.06394038700000002,
                                            "result_set_size": 6320600,
                                            "children": [
                                                {
                                                    "operator_name": "HASH_JOIN",
                                                    "cpu_time": 0.048137790000000014,
                                                    "extra_info": {
                                                        "Join Type": "INNER",
                                                        "Conditions": "posttypeid = id",
                                                        "Estimated Cardinality": "770023"
                                                    },
                                                    "cumulative_cardinality": 287307,
                                                    "operator_type": "HASH_JOIN",
                                                    "operator_cardinality": 143650,
                                                    "cumulative_rows_scanned": 3850124,
                                                    "operator_rows_scanned": 0,
                                                    "operator_timing": 0.00042288400000000005,
                                                    "result_set_size": 5746000,
                                                    "children": [
                                                        {
                                                            "operator_name": "READ_PARQUET ",
                                                            "cpu_time": 0.04736768700000001,
                                                            "extra_info": {
                                                                "Function": "READ_PARQUET",
                                                                "Projections": [
                                                                    "id",
                                                                    "posttypeid",
                                                                    "score",
                                                                    "viewcount",
                                                                    "owneruserid",
                                                                    "answercount",
                                                                    "commentcount",
                                                                    "favoritecount"
                                                                ],
                                                                "Filters": "creationdate>='2023-10-01 12:34:56'::TIMESTAMP",
                                                                "Estimated Cardinality": "770023"
                                                            },
                                                            "cumulative_cardinality": 143650,
                                                            "operator_type": "TABLE_SCAN",
                                                            "operator_cardinality": 143650,
                                                            "cumulative_rows_scanned": 3850116,
                                                            "operator_rows_scanned": 3850116,
                                                            "operator_timing": 0.04736768700000001,
                                                            "result_set_size": 4309500,
                                                            "children": []
                                                        },
                                                        {
                                                            "operator_name": "READ_PARQUET ",
                                                            "cpu_time": 0.000347219,
                                                            "extra_info": {
                                                                "Function": "READ_PARQUET",
                                                                "Projections": [
                                                                    "id",
                                                                    "name"
                                                                ],
                                                                "Filters": "id<=7",
                                                                "Estimated Cardinality": "8"
                                                            },
                                                            "cumulative_cardinality": 7,
                                                            "operator_type": "TABLE_SCAN",
                                                            "operator_cardinality": 7,
                                                            "cumulative_rows_scanned": 8,
                                                            "operator_rows_scanned": 8,
                                                            "operator_timing": 0.000347219,
                                                            "result_set_size": 126,
                                                            "children": []
                                                        }
                                                    ]
                                                },
                                                {
                                                    "operator_name": "READ_PARQUET ",
                                                    "cpu_time": 0.01820441900000001,
                                                    "extra_info": {
                                                        "Function": "READ_PARQUET",
                                                        "Projections": [
                                                            "id",
                                                            "reputation"
                                                        ],
                                                        "Filters": "id<=1416539",
                                                        "Estimated Cardinality": "1260710"
                                                    },
                                                    "cumulative_cardinality": 1260679,
                                                    "operator_type": "TABLE_SCAN",
                                                    "operator_cardinality": 1260679,
                                                    "cumulative_rows_scanned": 1260710,
                                                    "operator_rows_scanned": 1260710,
                                                    "operator_timing": 0.01820441900000001,
                                                    "result_set_size": 10085432,
                                                    "children": []
                                                }
                                            ]
                                        }
                                    ]
                                }
                            ]
                        }
                    ]
                }
            ]
        }
    ]
}