{
    "rows_returned": 100,
    "query_name": "SELECT \n    u.Id AS UserId,\n    u.DisplayName,\n    u.Reputation,\n    u.CreationDate,\n    u.LastAccessDate,\n    COUNT(DISTINCT p.Id) AS TotalPosts,\n    COUNT(DISTINCT CASE WHEN p.PostTypeId = 1 THEN p.Id END) AS TotalQuestions,\n    COUNT(DISTINCT CASE WHEN p.PostTypeId = 2 THEN p.Id END) AS TotalAnswers,\n    SUM(COALESCE(p.ViewCount, 0)) AS TotalViews,\n    SUM(COALESCE(p.Score, 0)) AS TotalScore,\n    COUNT(DISTINCT c.Id) AS TotalComments,\n    COUNT(DISTINCT b.Id) AS TotalBadges,\n    MAX(p.LastActivityDate) AS LastActivity\nFROM \n    Users u\nLEFT JOIN \n    Posts p ON u.Id = p.OwnerUserId\nLEFT JOIN \n    Comments c ON p.Id = c.PostId\nLEFT JOIN \n    Badges b ON u.Id = b.UserId\nGROUP BY \n    u.Id, u.DisplayName, u.Reputation, u.CreationDate, u.LastAccessDate\nORDER BY \n    TotalPosts DESC\nLIMIT 100;",
    "blocked_thread_time": 0.0,
    "cpu_time": 376.08382548499486,
    "extra_info": {},
    "cumulative_cardinality": 2653122633,
    "cumulative_rows_scanned": 14674372,
    "result_set_size": 12000,
    "latency": 401.465610067,
    "children": [
        {
            "operator_name": "STREAMING_LIMIT",
            "cpu_time": 376.08382548499486,
            "extra_info": {},
            "cumulative_cardinality": 2653122633,
            "operator_type": "STREAMING_LIMIT",
            "operator_cardinality": 100,
            "cumulative_rows_scanned": 14674372,
            "operator_rows_scanned": 0,
            "operator_timing": 0.000001753,
            "result_set_size": 12000,
            "children": [
                {
                    "operator_name": "ORDER_BY",
                    "cpu_time": 376.08382373199487,
                    "extra_info": {
                        "Order By": "count(DISTINCT p.Id) DESC"
                    },
                    "cumulative_cardinality": 2653122533,
                    "operator_type": "ORDER_BY",
                    "operator_cardinality": 4096,
                    "cumulative_rows_scanned": 14674372,
                    "operator_rows_scanned": 0,
                    "operator_timing": 0.07015252400000013,
                    "result_set_size": 491520,
                    "children": [
                        {
                            "operator_name": "HASH_GROUP_BY",
                            "cpu_time": 376.0136712079949,
                            "extra_info": {
                                "Groups": [
                                    "#0",
                                    "#1",
                                    "#2",
                                    "#3",
                                    "#4"
                                ],
                                "Aggregates": [
                                    "count(DISTINCT #5)",
                                    "count(DISTINCT #6)",
                                    "count(DISTINCT #7)",
                                    "sum(#8)",
                                    "sum(#9)",
                                    "count(DISTINCT #10)",
                                    "count(DISTINCT #11)",
                                    "max(#12)"
                                ],
                                "Estimated Cardinality": "1260710"
                            },
                            "cumulative_cardinality": 2653118437,
                            "operator_type": "HASH_GROUP_BY",
                            "operator_cardinality": 1260710,
                            "cumulative_rows_scanned": 14674372,
                            "operator_rows_scanned": 0,
                            "operator_timing": 322.9038813329969,
                            "result_set_size": 151285200,
                            "children": [
                                {
                                    "operator_name": "PROJECTION",
                                    "cpu_time": 53.10978987499801,
                                    "extra_info": {
                                        "Projections": [
                                            "id",
                                            "displayname",
                                            "reputation",
                                            "creationdate",
                                            "lastaccessdate",
                                            "id",
                                            "CASE  WHEN ((posttypeid = 1)) THEN (id) ELSE NULL END",
                                            "CASE  WHEN ((posttypeid = 2)) THEN (id) ELSE NULL END",
                                            "COALESCE(viewcount, 0)",
                                            "COALESCE(score, 0)",
                                            "id",
                                            "id",
                                            "lastactivitydate"
                                        ],
                                        "Estimated Cardinality": "7241822"
                                    },
                                    "cumulative_cardinality": 2651857727,
                                    "operator_type": "PROJECTION",
                                    "operator_cardinality": 1311674025,
                                    "cumulative_rows_scanned": 14674372,
                                    "operator_rows_scanned": 0,
                                    "operator_timing": 29.874920777998614,
                                    "result_set_size": 99687225900,
                                    "children": [
                                        {
                                            "operator_name": "HASH_JOIN",
                                            "cpu_time": 23.234869096999393,
                                            "extra_info": {
                                                "Join Type": "LEFT",
                                                "Conditions": "id = userid",
                                                "Estimated Cardinality": "7241822"
                                            },
                                            "cumulative_cardinality": 1340183702,
                                            "operator_type": "HASH_JOIN",
                                            "operator_cardinality": 1311674025,
                                            "cumulative_rows_scanned": 14674372,
                                            "operator_rows_scanned": 0,
                                            "operator_timing": 21.661971812999393,
                                            "result_set_size": 91817181750,
                                            "children": [
                                                {
                                                    "operator_name": "HASH_JOIN",
                                                    "cpu_time": 1.550689374,
                                                    "extra_info": {
                                                        "Join Type": "LEFT",
                                                        "Conditions": "id = postid",
                                                        "Estimated Cardinality": "7241822"
                                                    },
                                                    "cumulative_cardinality": 26187953,
                                                    "operator_type": "HASH_JOIN",
                                                    "operator_cardinality": 9425510,
                                                    "cumulative_rows_scanned": 12352648,
                                                    "operator_rows_scanned": 0,
                                                    "operator_timing": 0.6573471409999989,
                                                    "result_set_size": 622083660,
                                                    "children": [
                                                        {
                                                            "operator_name": "HASH_JOIN",
                                                            "cpu_time": 0.8238392240000011,
                                                            "extra_info": {
                                                                "Join Type": "RIGHT",
                                                                "Conditions": "owneruserid = id",
                                                                "Estimated Cardinality": "3850116"
                                                            },
                                                            "cumulative_cardinality": 9520621,
                                                            "operator_type": "HASH_JOIN",
                                                            "operator_cardinality": 4574495,
                                                            "cumulative_rows_scanned": 5110826,
                                                            "operator_rows_scanned": 0,
                                                            "operator_timing": 0.41657682100000065,
                                                            "result_set_size": 283618690,
                                                            "children": [
                                                                {
                                                                    "operator_name": "READ_PARQUET ",
                                                                    "cpu_time": 0.2964197830000005,
                                                                    "extra_info": {
                                                                        "Function": "READ_PARQUET",
                                                                        "Projections": [
                                                                            "id",
                                                                            "posttypeid",
                                                                            "score",
                                                                            "viewcount",
                                                                            "owneruserid",
                                                                            "lastactivitydate"
                                                                        ],
                                                                        "Estimated Cardinality": "3850116"
                                                                    },
                                                                    "cumulative_cardinality": 3685416,
                                                                    "operator_type": "TABLE_SCAN",
                                                                    "operator_cardinality": 3685416,
                                                                    "cumulative_rows_scanned": 3850116,
                                                                    "operator_rows_scanned": 3850116,
                                                                    "operator_timing": 0.2964197830000005,
                                                                    "result_set_size": 95820816,
                                                                    "children": []
                                                                },
                                                                {
                                                                    "operator_name": "READ_PARQUET ",
                                                                    "cpu_time": 0.11084262000000002,
                                                                    "extra_info": {
                                                                        "Function": "READ_PARQUET",
                                                                        "Projections": [
                                                                            "id",
                                                                            "reputation",
                                                                            "creationdate",
                                                                            "displayname",
                                                                            "lastaccessdate"
                                                                        ],
                                                                        "Estimated Cardinality": "1260710"
                                                                    },
                                                                    "cumulative_cardinality": 1260710,
                                                                    "operator_type": "TABLE_SCAN",
                                                                    "operator_cardinality": 1260710,
                                                                    "cumulative_rows_scanned": 1260710,
                                                                    "operator_rows_scanned": 1260710,
                                                                    "operator_timing": 0.11084262000000002,
                                                                    "result_set_size": 50428400,
                                                                    "children": []
                                                                }
                                                            ]
                                                        },
                                                        {
                                                            "operator_name": "READ_PARQUET ",
                                                            "cpu_time": 0.06950300900000006,
                                                            "extra_info": {
                                                                "Function": "READ_PARQUET",
                                                                "Projections": [
                                                                    "id",
                                                                    "postid"
                                                                ],
                                                                "Estimated Cardinality": "7241822"
                                                            },
                                                            "cumulative_cardinality": 7241822,
                                                            "operator_type": "TABLE_SCAN",
                                                            "operator_cardinality": 7241822,
                                                            "cumulative_rows_scanned": 7241822,
                                                            "operator_rows_scanned": 7241822,
                                                            "operator_timing": 0.06950300900000006,
                                                            "result_set_size": 57934576,
                                                            "children": []
                                                        }
                                                    ]
                                                },
                                                {
                                                    "operator_name": "READ_PARQUET ",
                                                    "cpu_time": 0.022207910000000008,
                                                    "extra_info": {
                                                        "Function": "READ_PARQUET",
                                                        "Projections": [
                                                            "id",
                                                            "userid"
                                                        ],
                                                        "Estimated Cardinality": "2321724"
                                                    },
                                                    "cumulative_cardinality": 2321724,
                                                    "operator_type": "TABLE_SCAN",
                                                    "operator_cardinality": 2321724,
                                                    "cumulative_rows_scanned": 2321724,
                                                    "operator_rows_scanned": 2321724,
                                                    "operator_timing": 0.022207910000000008,
                                                    "result_set_size": 18573792,
                                                    "children": []
                                                }
                                            ]
                                        }
                                    ]
                                }
                            ]
                        }
                    ]
                }
            ]
        }
    ]
}