{
    "rows_returned": 100,
    "query_name": "\nWITH PostStats AS (\n    SELECT \n        p.Id AS PostId,\n        p.Title,\n        p.Score,\n        p.ViewCount,\n        COUNT(c.Id) AS CommentCount,\n        COUNT(v.Id) AS VoteCount,\n        COALESCE(SUM(CASE WHEN v.VoteTypeId = 2 THEN 1 ELSE 0 END), 0) AS UpVotes,\n        COALESCE(SUM(CASE WHEN v.VoteTypeId = 3 THEN 1 ELSE 0 END), 0) AS DownVotes\n    FROM \n        Posts p\n    LEFT JOIN \n        Comments c ON p.Id = c.PostId\n    LEFT JOIN \n        Votes v ON p.Id = v.PostId\n    GROUP BY \n        p.Id, p.Title, p.Score, p.ViewCount\n),\nUserStats AS (\n    SELECT \n        u.Id AS UserId,\n        u.DisplayName,\n        u.Reputation,\n        COUNT(b.Id) AS BadgeCount,\n        SUM(p.ViewCount) AS TotalPostViews,\n        AVG(p.Score) AS AveragePostScore\n    FROM \n        Users u\n    LEFT JOIN \n        Badges b ON u.Id = b.UserId\n    LEFT JOIN \n        Posts p ON u.Id = p.OwnerUserId\n    GROUP BY \n        u.Id, u.DisplayName, u.Reputation\n)\nSELECT \n    ps.PostId,\n    ps.Title,\n    ps.Score AS PostScore,\n    ps.ViewCount,\n    ps.CommentCount,\n    ps.VoteCount,\n    ps.UpVotes,\n    ps.DownVotes,\n    us.UserId,\n    us.DisplayName AS PostOwner,\n    us.Reputation AS OwnerReputation,\n    us.BadgeCount,\n    us.TotalPostViews,\n    us.AveragePostScore\nFROM \n    PostStats ps\nJOIN \n    UserStats us ON ps.PostId = us.UserId\nORDER BY \n    ps.Score DESC, ps.ViewCount DESC\nLIMIT 100;\n",
    "blocked_thread_time": 0.0,
    "cpu_time": 37.03293575599977,
    "extra_info": {},
    "cumulative_cardinality": 1931415892,
    "cumulative_rows_scanned": 31268581,
    "result_set_size": 13200,
    "latency": 41.146225608,
    "children": [
        {
            "operator_name": "STREAMING_LIMIT",
            "cpu_time": 37.03293575599977,
            "extra_info": {},
            "cumulative_cardinality": 1931415892,
            "operator_type": "STREAMING_LIMIT",
            "operator_cardinality": 100,
            "cumulative_rows_scanned": 31268581,
            "operator_rows_scanned": 0,
            "operator_timing": 0.0000019540000000000003,
            "result_set_size": 13200,
            "children": [
                {
                    "operator_name": "PROJECTION",
                    "cpu_time": 37.032933801999775,
                    "extra_info": {
                        "Projections": [
                            "#0",
                            "#1",
                            "__internal_decompress_integral_integer(#2, -72)",
                            "#3",
                            "#4",
                            "#5",
                            "#6",
                            "#7",
                            "#8",
                            "#9",
                            "#10",
                            "#11",
                            "#12",
                            "#13"
                        ],
                        "Estimated Cardinality": "3850116"
                    },
                    "cumulative_cardinality": 1931415792,
                    "operator_type": "PROJECTION",
                    "operator_cardinality": 4096,
                    "cumulative_rows_scanned": 31268581,
                    "operator_rows_scanned": 0,
                    "operator_timing": 0.000008405,
                    "result_set_size": 540672,
                    "children": [
                        {
                            "operator_name": "ORDER_BY",
                            "cpu_time": 37.03292539699977,
                            "extra_info": {
                                "Order By": [
                                    "ps.Score DESC",
                                    "ps.ViewCount DESC"
                                ]
                            },
                            "cumulative_cardinality": 1931411696,
                            "operator_type": "ORDER_BY",
                            "operator_cardinality": 4096,
                            "cumulative_rows_scanned": 31268581,
                            "operator_rows_scanned": 0,
                            "operator_timing": 0.11500029599999992,
                            "result_set_size": 532480,
                            "children": [
                                {
                                    "operator_name": "PROJECTION",
                                    "cpu_time": 36.917925100999774,
                                    "extra_info": {
                                        "Projections": [
                                            "#0",
                                            "#1",
                                            "__internal_compress_integral_usmallint(#2, -72)",
                                            "#3",
                                            "#4",
                                            "#5",
                                            "#6",
                                            "#7",
                                            "#8",
                                            "#9",
                                            "#10",
                                            "#11",
                                            "#12",
                                            "#13"
                                        ],
                                        "Estimated Cardinality": "3850116"
                                    },
                                    "cumulative_cardinality": 1931407600,
                                    "operator_type": "PROJECTION",
                                    "operator_cardinality": 1023784,
                                    "cumulative_rows_scanned": 31268581,
                                    "operator_rows_scanned": 0,
                                    "operator_timing": 0.0012924830000000003,
                                    "result_set_size": 133091920,
                                    "children": [
                                        {
                                            "operator_name": "PROJECTION",
                                            "cpu_time": 36.916632617999774,
                                            "extra_info": {
                                                "Projections": [
                                                    "PostId",
                                                    "title",
                                                    "PostScore",
                                                    "viewcount",
                                                    "CommentCount",
                                                    "VoteCount",
                                                    "UpVotes",
                                                    "DownVotes",
                                                    "UserId",
                                                    "PostOwner",
                                                    "OwnerReputation",
                                                    "BadgeCount",
                                                    "TotalPostViews",
                                                    "AveragePostScore"
                                                ],
                                                "Estimated Cardinality": "3850116"
                                            },
                                            "cumulative_cardinality": 1930383816,
                                            "operator_type": "PROJECTION",
                                            "operator_cardinality": 1023784,
                                            "cumulative_rows_scanned": 31268581,
                                            "operator_rows_scanned": 0,
                                            "operator_timing": 0.00045330499999999993,
                                            "result_set_size": 135139488,
                                            "children": [
                                                {
                                                    "operator_name": "HASH_JOIN",
                                                    "cpu_time": 36.91617931299977,
                                                    "extra_info": {
                                                        "Join Type": "INNER",
                                                        "Conditions": "PostId = UserId",
                                                        "Estimated Cardinality": "3850116"
                                                    },
                                                    "cumulative_cardinality": 1929360032,
                                                    "operator_type": "HASH_JOIN",
                                                    "operator_cardinality": 1023784,
                                                    "cumulative_rows_scanned": 31268581,
                                                    "operator_rows_scanned": 0,
                                                    "operator_timing": 0.18665446699999994,
                                                    "result_set_size": 131044352,
                                                    "children": [
                                                        {
                                                            "operator_name": "PROJECTION",
                                                            "cpu_time": 5.069931089999972,
                                                            "extra_info": {
                                                                "Projections": [
                                                                    "PostId",
                                                                    "title",
                                                                    "score",
                                                                    "viewcount",
                                                                    "CommentCount",
                                                                    "VoteCount",
                                                                    "UpVotes",
                                                                    "DownVotes"
                                                                ],
                                                                "Estimated Cardinality": "3850116"
                                                            },
                                                            "cumulative_cardinality": 158506825,
                                                            "operator_type": "PROJECTION",
                                                            "operator_cardinality": 1156110,
                                                            "cumulative_rows_scanned": 23836031,
                                                            "operator_rows_scanned": 0,
                                                            "operator_timing": 0.011383202999999993,
                                                            "result_set_size": 87864360,
                                                            "children": [
                                                                {
                                                                    "operator_name": "PROJECTION",
                                                                    "cpu_time": 5.058547886999972,
                                                                    "extra_info": {
                                                                        "Projections": [
                                                                            "#0",
                                                                            "#1",
                                                                            "__internal_decompress_integral_integer(#2, -72)",
                                                                            "#3",
                                                                            "#4",
                                                                            "#5",
                                                                            "#6",
                                                                            "#7"
                                                                        ],
                                                                        "Estimated Cardinality": "3850116"
                                                                    },
                                                                    "cumulative_cardinality": 157350715,
                                                                    "operator_type": "PROJECTION",
                                                                    "operator_cardinality": 1156110,
                                                                    "cumulative_rows_scanned": 23836031,
                                                                    "operator_rows_scanned": 0,
                                                                    "operator_timing": 0.0005337929999999991,
                                                                    "result_set_size": 87864360,
                                                                    "children": [
                                                                        {
                                                                            "operator_name": "HASH_GROUP_BY",
                                                                            "cpu_time": 5.058014093999972,
                                                                            "extra_info": {
                                                                                "Groups": [
                                                                                    "#0",
                                                                                    "#1",
                                                                                    "#2",
                                                                                    "#3"
                                                                                ],
                                                                                "Aggregates": [
                                                                                    "count(#4)",
                                                                                    "count(#5)",
                                                                                    "sum(#6)",
                                                                                    "sum(#7)"
                                                                                ],
                                                                                "Estimated Cardinality": "3850116"
                                                                            },
                                                                            "cumulative_cardinality": 156194605,
                                                                            "operator_type": "HASH_GROUP_BY",
                                                                            "operator_cardinality": 1156110,
                                                                            "cumulative_rows_scanned": 23836031,
                                                                            "operator_rows_scanned": 0,
                                                                            "operator_timing": 1.1449306430000004,
                                                                            "result_set_size": 85552140,
                                                                            "children": [
                                                                                {
                                                                                    "operator_name": "PROJECTION",
                                                                                    "cpu_time": 3.913083450999972,
                                                                                    "extra_info": {
                                                                                        "Projections": [
                                                                                            "id",
                                                                                            "title",
                                                                                            "score",
                                                                                            "viewcount",
                                                                                            "id",
                                                                                            "id",
                                                                                            "CASE  WHEN ((votetypeid = 2)) THEN (1) ELSE 0 END",
                                                                                            "CASE  WHEN ((votetypeid = 3)) THEN (1) ELSE 0 END"
                                                                                        ],
                                                                                        "Estimated Cardinality": "12744093"
                                                                                    },
                                                                                    "cumulative_cardinality": 155038495,
                                                                                    "operator_type": "PROJECTION",
                                                                                    "operator_cardinality": 16359490,
                                                                                    "cumulative_rows_scanned": 23836031,
                                                                                    "operator_rows_scanned": 0,
                                                                                    "operator_timing": 0.1000473909999996,
                                                                                    "result_set_size": 687098580,
                                                                                    "children": [
                                                                                        {
                                                                                            "operator_name": "PROJECTION",
                                                                                            "cpu_time": 3.8130360599999724,
                                                                                            "extra_info": {
                                                                                                "Projections": [
                                                                                                    "#0",
                                                                                                    "#1",
                                                                                                    "#2",
                                                                                                    "#3",
                                                                                                    "__internal_compress_integral_usmallint(#4, -72)",
                                                                                                    "#5",
                                                                                                    "#6"
                                                                                                ],
                                                                                                "Estimated Cardinality": "12744093"
                                                                                            },
                                                                                            "cumulative_cardinality": 138679005,
                                                                                            "operator_type": "PROJECTION",
                                                                                            "operator_cardinality": 16359490,
                                                                                            "cumulative_rows_scanned": 23836031,
                                                                                            "operator_rows_scanned": 0,
                                                                                            "operator_timing": 0.007280448000000011,
                                                                                            "result_set_size": 588941640,
                                                                                            "children": [
                                                                                                {
                                                                                                    "operator_name": "PROJECTION",
                                                                                                    "cpu_time": 3.8057556119999725,
                                                                                                    "extra_info": {
                                                                                                        "Projections": [
                                                                                                            "#0",
                                                                                                            "#1",
                                                                                                            "#2",
                                                                                                            "#3",
                                                                                                            "__internal_decompress_integral_integer(#4, -72)",
                                                                                                            "#5",
                                                                                                            "#6"
                                                                                                        ],
                                                                                                        "Estimated Cardinality": "12744093"
                                                                                                    },
                                                                                                    "cumulative_cardinality": 122319515,
                                                                                                    "operator_type": "PROJECTION",
                                                                                                    "operator_cardinality": 16359490,
                                                                                                    "cumulative_rows_scanned": 23836031,
                                                                                                    "operator_rows_scanned": 0,
                                                                                                    "operator_timing": 0.007702198,
                                                                                                    "result_set_size": 621660620,
                                                                                                    "children": [
                                                                                                        {
                                                                                                            "operator_name": "FILTER",
                                                                                                            "cpu_time": 3.7980534139999724,
                                                                                                            "extra_info": {
                                                                                                                "Expression": "(#3 <= 1416570)",
                                                                                                                "Estimated Cardinality": "12744093"
                                                                                                            },
                                                                                                            "cumulative_cardinality": 105960025,
                                                                                                            "operator_type": "FILTER",
                                                                                                            "operator_cardinality": 16359490,
                                                                                                            "cumulative_rows_scanned": 23836031,
                                                                                                            "operator_rows_scanned": 0,
                                                                                                            "operator_timing": 0.06024775800000006,
                                                                                                            "result_set_size": 588941640,
                                                                                                            "children": [
                                                                                                                {
                                                                                                                    "operator_name": "HASH_JOIN",
                                                                                                                    "cpu_time": 3.7378056559999724,
                                                                                                                    "extra_info": {
                                                                                                                        "Join Type": "RIGHT",
                                                                                                                        "Conditions": "postid = id",
                                                                                                                        "Estimated Cardinality": "12744093"
                                                                                                                    },
                                                                                                                    "cumulative_cardinality": 89600535,
                                                                                                                    "operator_type": "HASH_JOIN",
                                                                                                                    "operator_cardinality": 35129590,
                                                                                                                    "cumulative_rows_scanned": 23836031,
                                                                                                                    "operator_rows_scanned": 0,
                                                                                                                    "operator_timing": 1.9720569279999707,
                                                                                                                    "result_set_size": 1264665240,
                                                                                                                    "children": [
                                                                                                                        {
                                                                                                                            "operator_name": "READ_PARQUET ",
                                                                                                                            "cpu_time": 0.5129007230000003,
                                                                                                                            "extra_info": {
                                                                                                                                "Function": "READ_PARQUET",
                                                                                                                                "Projections": [
                                                                                                                                    "id",
                                                                                                                                    "postid",
                                                                                                                                    "votetypeid"
                                                                                                                                ],
                                                                                                                                "Estimated Cardinality": "12744093"
                                                                                                                            },
                                                                                                                            "cumulative_cardinality": 12744093,
                                                                                                                            "operator_type": "TABLE_SCAN",
                                                                                                                            "operator_cardinality": 12744093,
                                                                                                                            "cumulative_rows_scanned": 12744093,
                                                                                                                            "operator_rows_scanned": 12744093,
                                                                                                                            "operator_timing": 0.5129007230000003,
                                                                                                                            "result_set_size": 127440930,
                                                                                                                            "children": []
                                                                                                                        },
                                                                                                                        {
                                                                                                                            "operator_name": "PROJECTION",
                                                                                                                            "cpu_time": 1.2528480050000015,
                                                                                                                            "extra_info": {
                                                                                                                                "Projections": [
                                                                                                                                    "#0",
                                                                                                                                    "#1",
                                                                                                                                    "__internal_compress_integral_usmallint(#2, -72)",
                                                                                                                                    "#3",
                                                                                                                                    "#4"
                                                                                                                                ],
                                                                                                                                "Estimated Cardinality": "7241822"
                                                                                                                            },
                                                                                                                            "cumulative_cardinality": 41726852,
                                                                                                                            "operator_type": "PROJECTION",
                                                                                                                            "operator_cardinality": 8928266,
                                                                                                                            "cumulative_rows_scanned": 11091938,
                                                                                                                            "operator_rows_scanned": 0,
                                                                                                                            "operator_timing": 0.0031913939999999915,
                                                                                                                            "result_set_size": 267847980,
                                                                                                                            "children": [
                                                                                                                                {
                                                                                                                                    "operator_name": "PROJECTION",
                                                                                                                                    "cpu_time": 1.2496566110000016,
                                                                                                                                    "extra_info": {
                                                                                                                                        "Projections": [
                                                                                                                                            "#0",
                                                                                                                                            "#1",
                                                                                                                                            "__internal_decompress_integral_integer(#2, -72)",
                                                                                                                                            "#3",
                                                                                                                                            "#4"
                                                                                                                                        ],
                                                                                                                                        "Estimated Cardinality": "7241822"
                                                                                                                                    },
                                                                                                                                    "cumulative_cardinality": 32798586,
                                                                                                                                    "operator_type": "PROJECTION",
                                                                                                                                    "operator_cardinality": 8928266,
                                                                                                                                    "cumulative_rows_scanned": 11091938,
                                                                                                                                    "operator_rows_scanned": 0,
                                                                                                                                    "operator_timing": 0.003524756999999999,
                                                                                                                                    "result_set_size": 285704512,
                                                                                                                                    "children": [
                                                                                                                                        {
                                                                                                                                            "operator_name": "HASH_JOIN",
                                                                                                                                            "cpu_time": 1.2461318540000015,
                                                                                                                                            "extra_info": {
                                                                                                                                                "Join Type": "RIGHT",
                                                                                                                                                "Conditions": "postid = id",
                                                                                                                                                "Estimated Cardinality": "7241822"
                                                                                                                                            },
                                                                                                                                            "cumulative_cardinality": 23870320,
                                                                                                                                            "operator_type": "HASH_JOIN",
                                                                                                                                            "operator_cardinality": 8928266,
                                                                                                                                            "cumulative_rows_scanned": 11091938,
                                                                                                                                            "operator_rows_scanned": 0,
                                                                                                                                            "operator_timing": 0.776757336000001,
                                                                                                                                            "result_set_size": 267847980,
                                                                                                                                            "children": [
                                                                                                                                                {
                                                                                                                                                    "operator_name": "READ_PARQUET ",
                                                                                                                                                    "cpu_time": 0.12267016599999976,
                                                                                                                                                    "extra_info": {
                                                                                                                                                        "Function": "READ_PARQUET",
                                                                                                                                                        "Projections": [
                                                                                                                                                            "id",
                                                                                                                                                            "postid"
                                                                                                                                                        ],
                                                                                                                                                        "Estimated Cardinality": "7241822"
                                                                                                                                                    },
                                                                                                                                                    "cumulative_cardinality": 7241822,
                                                                                                                                                    "operator_type": "TABLE_SCAN",
                                                                                                                                                    "operator_cardinality": 7241822,
                                                                                                                                                    "cumulative_rows_scanned": 7241822,
                                                                                                                                                    "operator_rows_scanned": 7241822,
                                                                                                                                                    "operator_timing": 0.12267016599999976,
                                                                                                                                                    "result_set_size": 57934576,
                                                                                                                                                    "children": []
                                                                                                                                                },
                                                                                                                                                {
                                                                                                                                                    "operator_name": "PROJECTION",
                                                                                                                                                    "cpu_time": 0.34670435200000077,
                                                                                                                                                    "extra_info": {
                                                                                                                                                        "Projections": [
                                                                                                                                                            "#0",
                                                                                                                                                            "__internal_compress_integral_usmallint(#1, -72)",
                                                                                                                                                            "#2",
                                                                                                                                                            "#3"
                                                                                                                                                        ],
                                                                                                                                                        "Estimated Cardinality": "3850116"
                                                                                                                                                    },
                                                                                                                                                    "cumulative_cardinality": 7700232,
                                                                                                                                                    "operator_type": "PROJECTION",
                                                                                                                                                    "operator_cardinality": 3850116,
                                                                                                                                                    "cumulative_rows_scanned": 3850116,
                                                                                                                                                    "operator_rows_scanned": 0,
                                                                                                                                                    "operator_timing": 0.001530524999999999,
                                                                                                                                                    "result_set_size": 100103016,
                                                                                                                                                    "children": [
                                                                                                                                                        {
                                                                                                                                                            "operator_name": "READ_PARQUET ",
                                                                                                                                                            "cpu_time": 0.34517382700000077,
                                                                                                                                                            "extra_info": {
                                                                                                                                                                "Function": "READ_PARQUET",
                                                                                                                                                                "Projections": [
                                                                                                                                                                    "id",
                                                                                                                                                                    "score",
                                                                                                                                                                    "viewcount",
                                                                                                                                                                    "title"
                                                                                                                                                                ],
                                                                                                                                                                "Estimated Cardinality": "3850116"
                                                                                                                                                            },
                                                                                                                                                            "cumulative_cardinality": 3850116,
                                                                                                                                                            "operator_type": "TABLE_SCAN",
                                                                                                                                                            "operator_cardinality": 3850116,
                                                                                                                                                            "cumulative_rows_scanned": 3850116,
                                                                                                                                                            "operator_rows_scanned": 3850116,
                                                                                                                                                            "operator_timing": 0.34517382700000077,
                                                                                                                                                            "result_set_size": 107803248,
                                                                                                                                                            "children": []
                                                                                                                                                        }
                                                                                                                                                    ]
                                                                                                                                                }
                                                                                                                                            ]
                                                                                                                                        }
                                                                                                                                    ]
                                                                                                                                }
                                                                                                                            ]
                                                                                                                        }
                                                                                                                    ]
                                                                                                                }
                                                                                                            ]
                                                                                                        }
                                                                                                    ]
                                                                                                }
                                                                                            ]
                                                                                        }
                                                                                    ]
                                                                                }
                                                                            ]
                                                                        }
                                                                    ]
                                                                }
                                                            ]
                                                        },
                                                        {
                                                            "operator_name": "HASH_GROUP_BY",
                                                            "cpu_time": 31.6595937559998,
                                                            "extra_info": {
                                                                "Groups": [
                                                                    "#0",
                                                                    "#1",
                                                                    "#2"
                                                                ],
                                                                "Aggregates": [
                                                                    "count(#3)",
                                                                    "sum(#4)",
                                                                    "avg(#5)"
                                                                ],
                                                                "Estimated Cardinality": "1260710"
                                                            },
                                                            "cumulative_cardinality": 1769829423,
                                                            "operator_type": "HASH_GROUP_BY",
                                                            "operator_cardinality": 1260709,
                                                            "cumulative_rows_scanned": 7432550,
                                                            "operator_rows_scanned": 0,
                                                            "operator_timing": 20.016639053000056,
                                                            "result_set_size": 70599704,
                                                            "children": [
                                                                {
                                                                    "operator_name": "PROJECTION",
                                                                    "cpu_time": 11.642954702999747,
                                                                    "extra_info": {
                                                                        "Projections": [
                                                                            "id",
                                                                            "displayname",
                                                                            "reputation",
                                                                            "id",
                                                                            "viewcount",
                                                                            "score"
                                                                        ],
                                                                        "Estimated Cardinality": "3850116"
                                                                    },
                                                                    "cumulative_cardinality": 1768568714,
                                                                    "operator_type": "PROJECTION",
                                                                    "operator_cardinality": 586088951,
                                                                    "cumulative_rows_scanned": 7432550,
                                                                    "operator_rows_scanned": 0,
                                                                    "operator_timing": 0.10293040200001094,
                                                                    "result_set_size": 21099202236,
                                                                    "children": [
                                                                        {
                                                                            "operator_name": "FILTER",
                                                                            "cpu_time": 11.540024300999736,
                                                                            "extra_info": {
                                                                                "Expression": "(id >= 1)",
                                                                                "Estimated Cardinality": "3850116"
                                                                            },
                                                                            "cumulative_cardinality": 1182479763,
                                                                            "operator_type": "FILTER",
                                                                            "operator_cardinality": 586088951,
                                                                            "cumulative_rows_scanned": 7432550,
                                                                            "operator_rows_scanned": 0,
                                                                            "operator_timing": 0.7317454680000508,
                                                                            "result_set_size": 21099202236,
                                                                            "children": [
                                                                                {
                                                                                    "operator_name": "HASH_JOIN",
                                                                                    "cpu_time": 10.808278832999685,
                                                                                    "extra_info": {
                                                                                        "Join Type": "RIGHT",
                                                                                        "Conditions": "owneruserid = id",
                                                                                        "Estimated Cardinality": "3850116"
                                                                                    },
                                                                                    "cumulative_cardinality": 596390812,
                                                                                    "operator_type": "HASH_JOIN",
                                                                                    "operator_cardinality": 586089549,
                                                                                    "cumulative_rows_scanned": 7432550,
                                                                                    "operator_rows_scanned": 0,
                                                                                    "operator_timing": 9.982130167999683,
                                                                                    "result_set_size": 21099223764,
                                                                                    "children": [
                                                                                        {
                                                                                            "operator_name": "READ_PARQUET ",
                                                                                            "cpu_time": 0.13086365100000028,
                                                                                            "extra_info": {
                                                                                                "Function": "READ_PARQUET",
                                                                                                "Projections": [
                                                                                                    "score",
                                                                                                    "viewcount",
                                                                                                    "owneruserid"
                                                                                                ],
                                                                                                "Estimated Cardinality": "3850116"
                                                                                            },
                                                                                            "cumulative_cardinality": 3685416,
                                                                                            "operator_type": "TABLE_SCAN",
                                                                                            "operator_cardinality": 3685416,
                                                                                            "cumulative_rows_scanned": 3850116,
                                                                                            "operator_rows_scanned": 3850116,
                                                                                            "operator_timing": 0.13086365100000028,
                                                                                            "result_set_size": 44224992,
                                                                                            "children": []
                                                                                        },
                                                                                        {
                                                                                            "operator_name": "HASH_JOIN",
                                                                                            "cpu_time": 0.6952850140000005,
                                                                                            "extra_info": {
                                                                                                "Join Type": "RIGHT",
                                                                                                "Conditions": "userid = id",
                                                                                                "Estimated Cardinality": "2321724"
                                                                                            },
                                                                                            "cumulative_cardinality": 6615847,
                                                                                            "operator_type": "HASH_JOIN",
                                                                                            "operator_cardinality": 3033413,
                                                                                            "cumulative_rows_scanned": 3582434,
                                                                                            "operator_rows_scanned": 0,
                                                                                            "operator_timing": 0.2299520950000001,
                                                                                            "result_set_size": 84935564,
                                                                                            "children": [
                                                                                                {
                                                                                                    "operator_name": "READ_PARQUET ",
                                                                                                    "cpu_time": 0.2805642700000004,
                                                                                                    "extra_info": {
                                                                                                        "Function": "READ_PARQUET",
                                                                                                        "Projections": [
                                                                                                            "id",
                                                                                                            "userid"
                                                                                                        ],
                                                                                                        "Estimated Cardinality": "2321724"
                                                                                                    },
                                                                                                    "cumulative_cardinality": 2321724,
                                                                                                    "operator_type": "TABLE_SCAN",
                                                                                                    "operator_cardinality": 2321724,
                                                                                                    "cumulative_rows_scanned": 2321724,
                                                                                                    "operator_rows_scanned": 2321724,
                                                                                                    "operator_timing": 0.2805642700000004,
                                                                                                    "result_set_size": 18573792,
                                                                                                    "children": []
                                                                                                },
                                                                                                {
                                                                                                    "operator_name": "READ_PARQUET ",
                                                                                                    "cpu_time": 0.18476864900000003,
                                                                                                    "extra_info": {
                                                                                                        "Function": "READ_PARQUET",
                                                                                                        "Projections": [
                                                                                                            "id",
                                                                                                            "reputation",
                                                                                                            "displayname"
                                                                                                        ],
                                                                                                        "Estimated Cardinality": "1260710"
                                                                                                    },
                                                                                                    "cumulative_cardinality": 1260710,
                                                                                                    "operator_type": "TABLE_SCAN",
                                                                                                    "operator_cardinality": 1260710,
                                                                                                    "cumulative_rows_scanned": 1260710,
                                                                                                    "operator_rows_scanned": 1260710,
                                                                                                    "operator_timing": 0.18476864900000003,
                                                                                                    "result_set_size": 30257040,
                                                                                                    "children": []
                                                                                                }
                                                                                            ]
                                                                                        }
                                                                                    ]
                                                                                }
                                                                            ]
                                                                        }
                                                                    ]
                                                                }
                                                            ]
                                                        }
                                                    ]
                                                }
                                            ]
                                        }
                                    ]
                                }
                            ]
                        }
                    ]
                }
            ]
        }
    ]
}