{
    "rows_returned": 371631,
    "query_name": "\nSELECT \n    u.DisplayName AS UserDisplayName,\n    COUNT(p.Id) AS TotalPosts,\n    SUM(CASE WHEN p.PostTypeId = 1 THEN 1 ELSE 0 END) AS TotalQuestions,\n    SUM(CASE WHEN p.PostTypeId = 2 THEN 1 ELSE 0 END) AS TotalAnswers,\n    SUM(p.ViewCount) AS TotalViews,\n    SUM(p.Score) AS TotalScore,\n    AVG(p.ViewCount) AS AvgViewsPerPost,\n    AVG(p.Score) AS AvgScorePerPost,\n    COUNT(DISTINCT c.Id) AS TotalComments \nFROM \n    Users u\nJOIN \n    Posts p ON p.OwnerUserId = u.Id\nLEFT JOIN \n    Comments c ON c.PostId = p.Id\nGROUP BY \n    u.DisplayName, u.Id\nHAVING \n    COUNT(p.Id) > 0\nORDER BY \n    TotalPosts DESC;\n",
    "blocked_thread_time": 0.0,
    "cpu_time": 3.1588107039999995,
    "extra_info": {},
    "cumulative_cardinality": 46654566,
    "cumulative_rows_scanned": 12352648,
    "result_set_size": 41622672,
    "latency": 5.78279244,
    "children": [
        {
            "operator_name": "ORDER_BY",
            "cpu_time": 3.1588107039999995,
            "extra_info": {
                "Order By": "count(p.Id) DESC"
            },
            "cumulative_cardinality": 46654566,
            "operator_type": "ORDER_BY",
            "operator_cardinality": 371631,
            "cumulative_rows_scanned": 12352648,
            "operator_rows_scanned": 0,
            "operator_timing": 0.027571811999999987,
            "result_set_size": 41622672,
            "children": [
                {
                    "operator_name": "PROJECTION",
                    "cpu_time": 3.1312388919999994,
                    "extra_info": {
                        "Projections": [
                            "#0",
                            "#2",
                            "#3",
                            "#4",
                            "#5",
                            "#6",
                            "#7",
                            "#8",
                            "#9"
                        ],
                        "Estimated Cardinality": "252142"
                    },
                    "cumulative_cardinality": 46282935,
                    "operator_type": "PROJECTION",
                    "operator_cardinality": 371631,
                    "cumulative_rows_scanned": 12352648,
                    "operator_rows_scanned": 0,
                    "operator_timing": 0.00008075900000000006,
                    "result_set_size": 41622672,
                    "children": [
                        {
                            "operator_name": "FILTER",
                            "cpu_time": 3.1311581329999996,
                            "extra_info": {
                                "Expression": "(count(id) > 0)",
                                "Estimated Cardinality": "252142"
                            },
                            "cumulative_cardinality": 45911304,
                            "operator_type": "FILTER",
                            "operator_cardinality": 371631,
                            "cumulative_rows_scanned": 12352648,
                            "operator_rows_scanned": 0,
                            "operator_timing": 0.000463989,
                            "result_set_size": 43109196,
                            "children": [
                                {
                                    "operator_name": "HASH_GROUP_BY",
                                    "cpu_time": 3.1306941439999996,
                                    "extra_info": {
                                        "Groups": [
                                            "#0",
                                            "#1"
                                        ],
                                        "Aggregates": [
                                            "count_star()",
                                            "sum(#2)",
                                            "sum(#3)",
                                            "sum(#4)",
                                            "sum(#5)",
                                            "avg(#6)",
                                            "avg(#7)",
                                            "count(DISTINCT #8)"
                                        ],
                                        "Estimated Cardinality": "1260710"
                                    },
                                    "cumulative_cardinality": 45539673,
                                    "operator_type": "HASH_GROUP_BY",
                                    "operator_cardinality": 371631,
                                    "cumulative_rows_scanned": 12352648,
                                    "operator_rows_scanned": 0,
                                    "operator_timing": 1.8153235189999994,
                                    "result_set_size": 43109196,
                                    "children": [
                                        {
                                            "operator_name": "PROJECTION",
                                            "cpu_time": 1.3153706250000003,
                                            "extra_info": {
                                                "Projections": [
                                                    "displayname",
                                                    "id",
                                                    "CASE  WHEN ((posttypeid = 1)) THEN (1) ELSE 0 END",
                                                    "CASE  WHEN ((posttypeid = 2)) THEN (1) ELSE 0 END",
                                                    "viewcount",
                                                    "score",
                                                    "viewcount",
                                                    "score",
                                                    "id"
                                                ],
                                                "Estimated Cardinality": "7241822"
                                            },
                                            "cumulative_cardinality": 45168042,
                                            "operator_type": "PROJECTION",
                                            "operator_cardinality": 8536431,
                                            "cumulative_rows_scanned": 12352648,
                                            "operator_rows_scanned": 0,
                                            "operator_timing": 0.03684905899999998,
                                            "result_set_size": 409748688,
                                            "children": [
                                                {
                                                    "operator_name": "PROJECTION",
                                                    "cpu_time": 1.2785215660000004,
                                                    "extra_info": {
                                                        "Projections": [
                                                            "#0",
                                                            "#1",
                                                            "__internal_decompress_integral_smallint(#2, 1)",
                                                            "__internal_decompress_integral_integer(#3, -72)",
                                                            "#4",
                                                            "#5",
                                                            "#6"
                                                        ],
                                                        "Estimated Cardinality": "7241822"
                                                    },
                                                    "cumulative_cardinality": 36631611,
                                                    "operator_type": "PROJECTION",
                                                    "operator_cardinality": 8536431,
                                                    "cumulative_rows_scanned": 12352648,
                                                    "operator_rows_scanned": 0,
                                                    "operator_timing": 0.006601645000000005,
                                                    "result_set_size": 324384378,
                                                    "children": [
                                                        {
                                                            "operator_name": "HASH_JOIN",
                                                            "cpu_time": 1.2719199210000005,
                                                            "extra_info": {
                                                                "Join Type": "RIGHT",
                                                                "Conditions": "postid = id",
                                                                "Estimated Cardinality": "7241822"
                                                            },
                                                            "cumulative_cardinality": 28095180,
                                                            "operator_type": "HASH_JOIN",
                                                            "operator_cardinality": 8536431,
                                                            "cumulative_rows_scanned": 12352648,
                                                            "operator_rows_scanned": 0,
                                                            "operator_timing": 0.6860961640000004,
                                                            "result_set_size": 298775085,
                                                            "children": [
                                                                {
                                                                    "operator_name": "READ_PARQUET ",
                                                                    "cpu_time": 0.12056935999999967,
                                                                    "extra_info": {
                                                                        "Function": "READ_PARQUET",
                                                                        "Projections": [
                                                                            "id",
                                                                            "postid"
                                                                        ],
                                                                        "Estimated Cardinality": "7241822"
                                                                    },
                                                                    "cumulative_cardinality": 7241822,
                                                                    "operator_type": "TABLE_SCAN",
                                                                    "operator_cardinality": 7241822,
                                                                    "cumulative_rows_scanned": 7241822,
                                                                    "operator_rows_scanned": 7241822,
                                                                    "operator_timing": 0.12056935999999967,
                                                                    "result_set_size": 57934576,
                                                                    "children": []
                                                                },
                                                                {
                                                                    "operator_name": "PROJECTION",
                                                                    "cpu_time": 0.46525439700000054,
                                                                    "extra_info": {
                                                                        "Projections": [
                                                                            "#0",
                                                                            "__internal_compress_integral_utinyint(#1, 1)",
                                                                            "__internal_compress_integral_usmallint(#2, -72)",
                                                                            "#3",
                                                                            "#4",
                                                                            "#5"
                                                                        ],
                                                                        "Estimated Cardinality": "3850116"
                                                                    },
                                                                    "cumulative_cardinality": 12316927,
                                                                    "operator_type": "PROJECTION",
                                                                    "operator_cardinality": 3685416,
                                                                    "cumulative_rows_scanned": 5110826,
                                                                    "operator_rows_scanned": 0,
                                                                    "operator_timing": 0.0034975150000000036,
                                                                    "result_set_size": 114247896,
                                                                    "children": [
                                                                        {
                                                                            "operator_name": "HASH_JOIN",
                                                                            "cpu_time": 0.46175688200000053,
                                                                            "extra_info": {
                                                                                "Join Type": "INNER",
                                                                                "Conditions": "owneruserid = id",
                                                                                "Estimated Cardinality": "3850116"
                                                                            },
                                                                            "cumulative_cardinality": 8631511,
                                                                            "operator_type": "HASH_JOIN",
                                                                            "operator_cardinality": 3685416,
                                                                            "cumulative_rows_scanned": 5110826,
                                                                            "operator_rows_scanned": 0,
                                                                            "operator_timing": 0.22485928300000024,
                                                                            "result_set_size": 125304144,
                                                                            "children": [
                                                                                {
                                                                                    "operator_name": "READ_PARQUET ",
                                                                                    "cpu_time": 0.15715207500000034,
                                                                                    "extra_info": {
                                                                                        "Function": "READ_PARQUET",
                                                                                        "Projections": [
                                                                                            "id",
                                                                                            "posttypeid",
                                                                                            "score",
                                                                                            "viewcount",
                                                                                            "owneruserid"
                                                                                        ],
                                                                                        "Estimated Cardinality": "3850116"
                                                                                    },
                                                                                    "cumulative_cardinality": 3685416,
                                                                                    "operator_type": "TABLE_SCAN",
                                                                                    "operator_cardinality": 3685416,
                                                                                    "cumulative_rows_scanned": 3850116,
                                                                                    "operator_rows_scanned": 3850116,
                                                                                    "operator_timing": 0.15715207500000034,
                                                                                    "result_set_size": 66337488,
                                                                                    "children": []
                                                                                },
                                                                                {
                                                                                    "operator_name": "READ_PARQUET ",
                                                                                    "cpu_time": 0.07974552399999997,
                                                                                    "extra_info": {
                                                                                        "Function": "READ_PARQUET",
                                                                                        "Projections": [
                                                                                            "id",
                                                                                            "displayname"
                                                                                        ],
                                                                                        "Filters": "id<=1416539",
                                                                                        "Estimated Cardinality": "1260710"
                                                                                    },
                                                                                    "cumulative_cardinality": 1260679,
                                                                                    "operator_type": "TABLE_SCAN",
                                                                                    "operator_cardinality": 1260679,
                                                                                    "cumulative_rows_scanned": 1260710,
                                                                                    "operator_rows_scanned": 1260710,
                                                                                    "operator_timing": 0.07974552399999997,
                                                                                    "result_set_size": 25213580,
                                                                                    "children": []
                                                                                }
                                                                            ]
                                                                        }
                                                                    ]
                                                                }
                                                            ]
                                                        }
                                                    ]
                                                }
                                            ]
                                        }
                                    ]
                                }
                            ]
                        }
                    ]
                }
            ]
        }
    ]
}