{
    "rows_returned": 7652460,
    "query_name": "SELECT \n    U.Id AS UserId,\n    U.DisplayName AS UserName,\n    U.Reputation,\n    P.Id AS PostId,\n    P.Title,\n    P.CreationDate AS PostCreationDate,\n    P.ViewCount,\n    P.Score AS PostScore,\n    PH.CreationDate AS PostHistoryDate,\n    PHT.Name AS PostHistoryType,\n    COUNT(COALESCE(CM.Id, 0)) AS CommentCount,\n    COUNT(COALESCE(V.Id, 0)) AS VoteCount\nFROM \n    Users U\nJOIN \n    Posts P ON U.Id = P.OwnerUserId\nLEFT JOIN \n    PostHistory PH ON P.Id = PH.PostId\nLEFT JOIN \n    PostHistoryTypes PHT ON PH.PostHistoryTypeId = PHT.Id\nLEFT JOIN \n    Comments CM ON P.Id = CM.PostId\nLEFT JOIN \n    Votes V ON P.Id = V.PostId\nWHERE \n    P.PostTypeId = 1  \nGROUP BY \n    U.Id, U.DisplayName, U.Reputation, P.Id, P.Title, P.CreationDate, P.ViewCount, P.Score, PH.CreationDate, PHT.Name\nORDER BY \n    U.Reputation DESC, P.CreationDate DESC;",
    "blocked_thread_time": 0.0,
    "cpu_time": 21.851442518999917,
    "extra_info": {},
    "cumulative_cardinality": 485046981,
    "cumulative_rows_scanned": 36892019,
    "result_set_size": 765246000,
    "latency": 36.433756344,
    "children": [
        {
            "operator_name": "PROJECTION",
            "cpu_time": 21.851442518999917,
            "extra_info": {
                "Projections": [
                    "#0",
                    "#1",
                    "#2",
                    "#3",
                    "#4",
                    "#5",
                    "#6",
                    "__internal_decompress_integral_integer(#7, -72)",
                    "#8",
                    "#9",
                    "#10",
                    "#11"
                ],
                "Estimated Cardinality": "3850116"
            },
            "cumulative_cardinality": 485046981,
            "operator_type": "PROJECTION",
            "operator_cardinality": 7652460,
            "cumulative_rows_scanned": 36892019,
            "operator_rows_scanned": 0,
            "operator_timing": 0.005105213000000015,
            "result_set_size": 765246000,
            "children": [
                {
                    "operator_name": "ORDER_BY",
                    "cpu_time": 21.846337305999917,
                    "extra_info": {
                        "Order By": [
                            "U.Reputation DESC",
                            "P.CreationDate DESC"
                        ]
                    },
                    "cumulative_cardinality": 477394521,
                    "operator_type": "ORDER_BY",
                    "operator_cardinality": 7652460,
                    "cumulative_rows_scanned": 36892019,
                    "operator_rows_scanned": 0,
                    "operator_timing": 0.8448285820000017,
                    "result_set_size": 749941080,
                    "children": [
                        {
                            "operator_name": "PROJECTION",
                            "cpu_time": 21.001508723999915,
                            "extra_info": {
                                "Projections": [
                                    "#0",
                                    "#1",
                                    "#2",
                                    "#3",
                                    "#4",
                                    "#5",
                                    "#6",
                                    "__internal_compress_integral_usmallint(#7, -72)",
                                    "#8",
                                    "#9",
                                    "#10",
                                    "#11"
                                ],
                                "Estimated Cardinality": "3850116"
                            },
                            "cumulative_cardinality": 469742061,
                            "operator_type": "PROJECTION",
                            "operator_cardinality": 7652460,
                            "cumulative_rows_scanned": 36892019,
                            "operator_rows_scanned": 0,
                            "operator_timing": 0.004084580999999995,
                            "result_set_size": 749941080,
                            "children": [
                                {
                                    "operator_name": "PROJECTION",
                                    "cpu_time": 20.997424142999915,
                                    "extra_info": {
                                        "Projections": [
                                            "#0",
                                            "#1",
                                            "#2",
                                            "#3",
                                            "#4",
                                            "#5",
                                            "#6",
                                            "__internal_decompress_integral_integer(#7, -72)",
                                            "#8",
                                            "#9",
                                            "#10",
                                            "#11"
                                        ],
                                        "Estimated Cardinality": "3850116"
                                    },
                                    "cumulative_cardinality": 462089601,
                                    "operator_type": "PROJECTION",
                                    "operator_cardinality": 7652460,
                                    "cumulative_rows_scanned": 36892019,
                                    "operator_rows_scanned": 0,
                                    "operator_timing": 0.004506352999999994,
                                    "result_set_size": 765246000,
                                    "children": [
                                        {
                                            "operator_name": "HASH_GROUP_BY",
                                            "cpu_time": 20.992917789999915,
                                            "extra_info": {
                                                "Groups": [
                                                    "#0",
                                                    "#1",
                                                    "#2",
                                                    "#3",
                                                    "#4",
                                                    "#5",
                                                    "#6",
                                                    "#7",
                                                    "#8",
                                                    "#9"
                                                ],
                                                "Aggregates": [
                                                    "count(#10)",
                                                    "count(#11)"
                                                ],
                                                "Estimated Cardinality": "3850116"
                                            },
                                            "cumulative_cardinality": 454437141,
                                            "operator_type": "HASH_GROUP_BY",
                                            "operator_cardinality": 7652460,
                                            "cumulative_rows_scanned": 36892019,
                                            "operator_rows_scanned": 0,
                                            "operator_timing": 13.270818979999836,
                                            "result_set_size": 749941080,
                                            "children": [
                                                {
                                                    "operator_name": "PROJECTION",
                                                    "cpu_time": 7.722098810000079,
                                                    "extra_info": {
                                                        "Projections": [
                                                            "id",
                                                            "displayname",
                                                            "reputation",
                                                            "id",
                                                            "title",
                                                            "creationdate",
                                                            "viewcount",
                                                            "score",
                                                            "creationdate",
                                                            "name",
                                                            "COALESCE(id, 0)",
                                                            "COALESCE(id, 0)"
                                                        ],
                                                        "Estimated Cardinality": "12744093"
                                                    },
                                                    "cumulative_cardinality": 446784681,
                                                    "operator_type": "PROJECTION",
                                                    "operator_cardinality": 123832352,
                                                    "cumulative_rows_scanned": 36892019,
                                                    "operator_rows_scanned": 0,
                                                    "operator_timing": 1.592511842999995,
                                                    "result_set_size": 11144911680,
                                                    "children": [
                                                        {
                                                            "operator_name": "PROJECTION",
                                                            "cpu_time": 6.129586967000084,
                                                            "extra_info": {
                                                                "Projections": [
                                                                    "#1",
                                                                    "#2",
                                                                    "#3",
                                                                    "#4",
                                                                    "#5",
                                                                    "__internal_compress_integral_usmallint(#6, -72)",
                                                                    "#7",
                                                                    "#8",
                                                                    "#0",
                                                                    "#9",
                                                                    "#10",
                                                                    "#11"
                                                                ],
                                                                "Estimated Cardinality": "12744093"
                                                            },
                                                            "cumulative_cardinality": 322952329,
                                                            "operator_type": "PROJECTION",
                                                            "operator_cardinality": 123832352,
                                                            "cumulative_rows_scanned": 36892019,
                                                            "operator_rows_scanned": 0,
                                                            "operator_timing": 0.3132218270000036,
                                                            "result_set_size": 11144911680,
                                                            "children": [
                                                                {
                                                                    "operator_name": "HASH_JOIN",
                                                                    "cpu_time": 5.81636514000008,
                                                                    "extra_info": {
                                                                        "Join Type": "LEFT",
                                                                        "Conditions": "id = postid",
                                                                        "Estimated Cardinality": "12744093"
                                                                    },
                                                                    "cumulative_cardinality": 199119977,
                                                                    "operator_type": "HASH_JOIN",
                                                                    "operator_cardinality": 123832352,
                                                                    "cumulative_rows_scanned": 36892019,
                                                                    "operator_rows_scanned": 0,
                                                                    "operator_timing": 2.5719298800000727,
                                                                    "result_set_size": 11392576384,
                                                                    "children": [
                                                                        {
                                                                            "operator_name": "HASH_JOIN",
                                                                            "cpu_time": 3.115976561000007,
                                                                            "extra_info": {
                                                                                "Join Type": "LEFT",
                                                                                "Conditions": "id = postid",
                                                                                "Estimated Cardinality": "11795244"
                                                                            },
                                                                            "cumulative_cardinality": 62543532,
                                                                            "operator_type": "HASH_JOIN",
                                                                            "operator_cardinality": 23648616,
                                                                            "cumulative_rows_scanned": 24147926,
                                                                            "operator_rows_scanned": 0,
                                                                            "operator_timing": 0.8546881220000069,
                                                                            "result_set_size": 2081078208,
                                                                            "children": [
                                                                                {
                                                                                    "operator_name": "HASH_JOIN",
                                                                                    "cpu_time": 2.1894945970000004,
                                                                                    "extra_info": {
                                                                                        "Join Type": "LEFT",
                                                                                        "Conditions": "posthistorytypeid = id",
                                                                                        "Estimated Cardinality": "11795244"
                                                                                    },
                                                                                    "cumulative_cardinality": 31653094,
                                                                                    "operator_type": "HASH_JOIN",
                                                                                    "operator_cardinality": 7669656,
                                                                                    "cumulative_rows_scanned": 16906104,
                                                                                    "operator_rows_scanned": 0,
                                                                                    "operator_timing": 0.1466711769999985,
                                                                                    "result_set_size": 644251104,
                                                                                    "children": [
                                                                                        {
                                                                                            "operator_name": "HASH_JOIN",
                                                                                            "cpu_time": 2.0424705420000016,
                                                                                            "extra_info": {
                                                                                                "Join Type": "RIGHT",
                                                                                                "Conditions": "postid = id",
                                                                                                "Estimated Cardinality": "11795244"
                                                                                            },
                                                                                            "cumulative_cardinality": 23983404,
                                                                                            "operator_type": "HASH_JOIN",
                                                                                            "operator_cardinality": 7669656,
                                                                                            "cumulative_rows_scanned": 16906070,
                                                                                            "operator_rows_scanned": 0,
                                                                                            "operator_timing": 0.8016613160000009,
                                                                                            "result_set_size": 536875920,
                                                                                            "children": [
                                                                                                {
                                                                                                    "operator_name": "READ_PARQUET ",
                                                                                                    "cpu_time": 0.36574045099999997,
                                                                                                    "extra_info": {
                                                                                                        "Function": "READ_PARQUET",
                                                                                                        "Projections": [
                                                                                                            "posthistorytypeid",
                                                                                                            "postid",
                                                                                                            "creationdate"
                                                                                                        ],
                                                                                                        "Estimated Cardinality": "11795244"
                                                                                                    },
                                                                                                    "cumulative_cardinality": 11795244,
                                                                                                    "operator_type": "TABLE_SCAN",
                                                                                                    "operator_cardinality": 11795244,
                                                                                                    "cumulative_rows_scanned": 11795244,
                                                                                                    "operator_rows_scanned": 11795244,
                                                                                                    "operator_timing": 0.36574045099999997,
                                                                                                    "result_set_size": 165133416,
                                                                                                    "children": []
                                                                                                },
                                                                                                {
                                                                                                    "operator_name": "HASH_JOIN",
                                                                                                    "cpu_time": 0.8750687750000008,
                                                                                                    "extra_info": {
                                                                                                        "Join Type": "INNER",
                                                                                                        "Conditions": "id = owneruserid",
                                                                                                        "Estimated Cardinality": "770023"
                                                                                                    },
                                                                                                    "cumulative_cardinality": 4518504,
                                                                                                    "operator_type": "HASH_JOIN",
                                                                                                    "operator_cardinality": 1589663,
                                                                                                    "cumulative_rows_scanned": 5110826,
                                                                                                    "operator_rows_scanned": 0,
                                                                                                    "operator_timing": 0.25514219899999996,
                                                                                                    "result_set_size": 95379780,
                                                                                                    "children": [
                                                                                                        {
                                                                                                            "operator_name": "READ_PARQUET ",
                                                                                                            "cpu_time": 0.10450730600000005,
                                                                                                            "extra_info": {
                                                                                                                "Function": "READ_PARQUET",
                                                                                                                "Projections": [
                                                                                                                    "id",
                                                                                                                    "reputation",
                                                                                                                    "displayname"
                                                                                                                ],
                                                                                                                "Filters": "id<=1416539",
                                                                                                                "Estimated Cardinality": "1260710"
                                                                                                            },
                                                                                                            "cumulative_cardinality": 1260677,
                                                                                                            "operator_type": "TABLE_SCAN",
                                                                                                            "operator_cardinality": 1260677,
                                                                                                            "cumulative_rows_scanned": 1260710,
                                                                                                            "operator_rows_scanned": 1260710,
                                                                                                            "operator_timing": 0.10450730600000005,
                                                                                                            "result_set_size": 30256248,
                                                                                                            "children": []
                                                                                                        },
                                                                                                        {
                                                                                                            "operator_name": "READ_PARQUET ",
                                                                                                            "cpu_time": 0.5154192700000008,
                                                                                                            "extra_info": {
                                                                                                                "Function": "READ_PARQUET",
                                                                                                                "Projections": [
                                                                                                                    "id",
                                                                                                                    "creationdate",
                                                                                                                    "score",
                                                                                                                    "viewcount",
                                                                                                                    "owneruserid",
                                                                                                                    "title"
                                                                                                                ],
                                                                                                                "Filters": "posttypeid=1",
                                                                                                                "Estimated Cardinality": "770023"
                                                                                                            },
                                                                                                            "cumulative_cardinality": 1668164,
                                                                                                            "operator_type": "TABLE_SCAN",
                                                                                                            "operator_cardinality": 1668164,
                                                                                                            "cumulative_rows_scanned": 3850116,
                                                                                                            "operator_rows_scanned": 3850116,
                                                                                                            "operator_timing": 0.5154192700000008,
                                                                                                            "result_set_size": 66726560,
                                                                                                            "children": []
                                                                                                        }
                                                                                                    ]
                                                                                                }
                                                                                            ]
                                                                                        },
                                                                                        {
                                                                                            "operator_name": "READ_PARQUET ",
                                                                                            "cpu_time": 0.000352878,
                                                                                            "extra_info": {
                                                                                                "Function": "READ_PARQUET",
                                                                                                "Projections": [
                                                                                                    "id",
                                                                                                    "name"
                                                                                                ],
                                                                                                "Estimated Cardinality": "34"
                                                                                            },
                                                                                            "cumulative_cardinality": 34,
                                                                                            "operator_type": "TABLE_SCAN",
                                                                                            "operator_cardinality": 34,
                                                                                            "cumulative_rows_scanned": 34,
                                                                                            "operator_rows_scanned": 34,
                                                                                            "operator_timing": 0.000352878,
                                                                                            "result_set_size": 612,
                                                                                            "children": []
                                                                                        }
                                                                                    ]
                                                                                },
                                                                                {
                                                                                    "operator_name": "READ_PARQUET ",
                                                                                    "cpu_time": 0.07179384199999979,
                                                                                    "extra_info": {
                                                                                        "Function": "READ_PARQUET",
                                                                                        "Projections": [
                                                                                            "id",
                                                                                            "postid"
                                                                                        ],
                                                                                        "Estimated Cardinality": "7241822"
                                                                                    },
                                                                                    "cumulative_cardinality": 7241822,
                                                                                    "operator_type": "TABLE_SCAN",
                                                                                    "operator_cardinality": 7241822,
                                                                                    "cumulative_rows_scanned": 7241822,
                                                                                    "operator_rows_scanned": 7241822,
                                                                                    "operator_timing": 0.07179384199999979,
                                                                                    "result_set_size": 57934576,
                                                                                    "children": []
                                                                                }
                                                                            ]
                                                                        },
                                                                        {
                                                                            "operator_name": "READ_PARQUET ",
                                                                            "cpu_time": 0.12845869900000007,
                                                                            "extra_info": {
                                                                                "Function": "READ_PARQUET",
                                                                                "Projections": [
                                                                                    "id",
                                                                                    "postid"
                                                                                ],
                                                                                "Estimated Cardinality": "12744093"
                                                                            },
                                                                            "cumulative_cardinality": 12744093,
                                                                            "operator_type": "TABLE_SCAN",
                                                                            "operator_cardinality": 12744093,
                                                                            "cumulative_rows_scanned": 12744093,
                                                                            "operator_rows_scanned": 12744093,
                                                                            "operator_timing": 0.12845869900000007,
                                                                            "result_set_size": 101952744,
                                                                            "children": []
                                                                        }
                                                                    ]
                                                                }
                                                            ]
                                                        }
                                                    ]
                                                }
                                            ]
                                        }
                                    ]
                                }
                            ]
                        }
                    ]
                }
            ]
        }
    ]
}