{
    "rows_returned": 1260710,
    "query_name": "WITH PostStats AS (\n    SELECT \n        p.OwnerUserId,\n        COUNT(p.Id) AS PostCount,\n        AVG(p.Score) AS AverageScore\n    FROM \n        Posts p\n    WHERE \n        p.CreationDate >= '2023-01-01' AND p.CreationDate < '2023-12-31'\n    GROUP BY \n        p.OwnerUserId\n),\nUserStats AS (\n    SELECT \n        u.Id AS UserId,\n        u.Reputation,\n        ps.PostCount,\n        ps.AverageScore\n    FROM \n        Users u\n    LEFT JOIN \n        PostStats ps ON u.Id = ps.OwnerUserId\n)\nSELECT \n    us.UserId,\n    us.Reputation,\n    COALESCE(us.PostCount, 0) AS TotalPosts,\n    COALESCE(us.AverageScore, 0) AS AvgPostScore\nFROM \n    UserStats us\nORDER BY \n    us.Reputation DESC;",
    "blocked_thread_time": 0.0,
    "cpu_time": 0.09703623600000003,
    "extra_info": {},
    "cumulative_cardinality": 5400042,
    "cumulative_rows_scanned": 5110826,
    "result_set_size": 30257040,
    "latency": 0.645375809,
    "children": [
        {
            "operator_name": "ORDER_BY",
            "cpu_time": 0.09703623600000003,
            "extra_info": {
                "Order By": "us.Reputation DESC"
            },
            "cumulative_cardinality": 5400042,
            "operator_type": "ORDER_BY",
            "operator_cardinality": 1260710,
            "cumulative_rows_scanned": 5110826,
            "operator_rows_scanned": 0,
            "operator_timing": 0.029301247000000016,
            "result_set_size": 30257040,
            "children": [
                {
                    "operator_name": "PROJECTION",
                    "cpu_time": 0.06773498900000001,
                    "extra_info": {
                        "Projections": [
                            "UserId",
                            "reputation",
                            "TotalPosts",
                            "AvgPostScore"
                        ],
                        "Estimated Cardinality": "1260710"
                    },
                    "cumulative_cardinality": 4139332,
                    "operator_type": "PROJECTION",
                    "operator_cardinality": 1260710,
                    "cumulative_rows_scanned": 5110826,
                    "operator_rows_scanned": 0,
                    "operator_timing": 0.010676628000000006,
                    "result_set_size": 30257040,
                    "children": [
                        {
                            "operator_name": "HASH_JOIN",
                            "cpu_time": 0.057058361,
                            "extra_info": {
                                "Join Type": "LEFT",
                                "Conditions": "id = owneruserid",
                                "Estimated Cardinality": "1260710"
                            },
                            "cumulative_cardinality": 2878622,
                            "operator_type": "HASH_JOIN",
                            "operator_cardinality": 1260710,
                            "cumulative_rows_scanned": 5110826,
                            "operator_rows_scanned": 0,
                            "operator_timing": 0.016552343999999986,
                            "result_set_size": 30257040,
                            "children": [
                                {
                                    "operator_name": "READ_PARQUET ",
                                    "cpu_time": 0.013352865,
                                    "extra_info": {
                                        "Function": "READ_PARQUET",
                                        "Projections": [
                                            "id",
                                            "reputation"
                                        ],
                                        "Estimated Cardinality": "1260710"
                                    },
                                    "cumulative_cardinality": 1260710,
                                    "operator_type": "TABLE_SCAN",
                                    "operator_cardinality": 1260710,
                                    "cumulative_rows_scanned": 1260710,
                                    "operator_rows_scanned": 1260710,
                                    "operator_timing": 0.013352865,
                                    "result_set_size": 10085680,
                                    "children": []
                                },
                                {
                                    "operator_name": "HASH_GROUP_BY",
                                    "cpu_time": 0.027153152000000014,
                                    "extra_info": {
                                        "Groups": "#0",
                                        "Aggregates": [
                                            "count_star()",
                                            "avg(#1)"
                                        ],
                                        "Estimated Cardinality": "385011"
                                    },
                                    "cumulative_cardinality": 357202,
                                    "operator_type": "HASH_GROUP_BY",
                                    "operator_cardinality": 34630,
                                    "cumulative_rows_scanned": 3850116,
                                    "operator_rows_scanned": 0,
                                    "operator_timing": 0.004670631,
                                    "result_set_size": 692600,
                                    "children": [
                                        {
                                            "operator_name": "PROJECTION",
                                            "cpu_time": 0.022482521000000012,
                                            "extra_info": {
                                                "Projections": [
                                                    "owneruserid",
                                                    "score"
                                                ],
                                                "Estimated Cardinality": "770023"
                                            },
                                            "cumulative_cardinality": 322572,
                                            "operator_type": "PROJECTION",
                                            "operator_cardinality": 161286,
                                            "cumulative_rows_scanned": 3850116,
                                            "operator_rows_scanned": 0,
                                            "operator_timing": 0.000014646000000000012,
                                            "result_set_size": 1290288,
                                            "children": [
                                                {
                                                    "operator_name": "READ_PARQUET ",
                                                    "cpu_time": 0.022467875000000012,
                                                    "extra_info": {
                                                        "Function": "READ_PARQUET",
                                                        "Projections": [
                                                            "id",
                                                            "score",
                                                            "owneruserid"
                                                        ],
                                                        "Filters": "creationdate>='2023-01-01 00:00:00'::TIMESTAMP AND creationdate<'2023-12-31 00:00:00'::TIMESTAMP",
                                                        "Estimated Cardinality": "770023"
                                                    },
                                                    "cumulative_cardinality": 161286,
                                                    "operator_type": "TABLE_SCAN",
                                                    "operator_cardinality": 161286,
                                                    "cumulative_rows_scanned": 3850116,
                                                    "operator_rows_scanned": 3850116,
                                                    "operator_timing": 0.022467875000000012,
                                                    "result_set_size": 1935432,
                                                    "children": []
                                                }
                                            ]
                                        }
                                    ]
                                }
                            ]
                        }
                    ]
                }
            ]
        }
    ]
}