{
    "rows_returned": 100,
    "query_name": "WITH UserReputation AS (\n    SELECT Id AS UserId, Reputation\n    FROM Users\n),\nPostCounts AS (\n    SELECT OwnerUserId AS UserId, COUNT(Id) AS TotalPosts\n    FROM Posts\n    GROUP BY OwnerUserId\n),\nVoteCounts AS (\n    SELECT PostId, COUNT(Id) AS TotalVotes\n    FROM Votes\n    GROUP BY PostId\n),\nTopPosts AS (\n    SELECT p.Id AS PostId, p.Title, p.CreationDate, pc.TotalPosts, uc.Reputation, COALESCE(vc.TotalVotes, 0) AS TotalVotes\n    FROM Posts p\n    JOIN PostCounts pc ON p.OwnerUserId = pc.UserId\n    JOIN UserReputation uc ON p.OwnerUserId = uc.UserId\n    LEFT JOIN VoteCounts vc ON p.Id = vc.PostId\n    WHERE p.CreationDate >= cast('2024-10-01 12:34:56' as timestamp) - INTERVAL '1 month' \n    ORDER BY TotalVotes DESC, p.CreationDate DESC\n    LIMIT 100\n)\nSELECT *\nFROM TopPosts;",
    "blocked_thread_time": 0.0,
    "cpu_time": 0.9517691859999996,
    "extra_info": {},
    "cumulative_cardinality": 38839687,
    "cumulative_rows_scanned": 21705035,
    "result_set_size": 4800,
    "latency": 1.009385544,
    "children": [
        {
            "operator_name": "STREAMING_LIMIT",
            "cpu_time": 0.9517691859999996,
            "extra_info": {},
            "cumulative_cardinality": 38839687,
            "operator_type": "STREAMING_LIMIT",
            "operator_cardinality": 100,
            "cumulative_rows_scanned": 21705035,
            "operator_rows_scanned": 0,
            "operator_timing": 0.000001083,
            "result_set_size": 4800,
            "children": [
                {
                    "operator_name": "ORDER_BY",
                    "cpu_time": 0.9517681029999996,
                    "extra_info": {
                        "Order By": [
                            "COALESCE(vc.TotalVotes, 0) DESC",
                            "p.CreationDate DESC"
                        ]
                    },
                    "cumulative_cardinality": 38839587,
                    "operator_type": "ORDER_BY",
                    "operator_cardinality": 4096,
                    "cumulative_rows_scanned": 21705035,
                    "operator_rows_scanned": 0,
                    "operator_timing": 0.00079721,
                    "result_set_size": 196608,
                    "children": [
                        {
                            "operator_name": "PROJECTION",
                            "cpu_time": 0.9509708929999996,
                            "extra_info": {
                                "Projections": [
                                    "PostId",
                                    "title",
                                    "creationdate",
                                    "TotalPosts",
                                    "reputation",
                                    "TotalVotes"
                                ],
                                "Estimated Cardinality": "6372046"
                            },
                            "cumulative_cardinality": 38835491,
                            "operator_type": "PROJECTION",
                            "operator_cardinality": 9907,
                            "cumulative_rows_scanned": 21705035,
                            "operator_rows_scanned": 0,
                            "operator_timing": 0.00028518500000000003,
                            "result_set_size": 475536,
                            "children": [
                                {
                                    "operator_name": "HASH_JOIN",
                                    "cpu_time": 0.9506857079999996,
                                    "extra_info": {
                                        "Join Type": "RIGHT",
                                        "Conditions": "postid = id",
                                        "Estimated Cardinality": "6372046"
                                    },
                                    "cumulative_cardinality": 38825584,
                                    "operator_type": "HASH_JOIN",
                                    "operator_cardinality": 9907,
                                    "cumulative_rows_scanned": 21705035,
                                    "operator_rows_scanned": 0,
                                    "operator_timing": 0.031038472000000022,
                                    "result_set_size": 475536,
                                    "children": [
                                        {
                                            "operator_name": "HASH_GROUP_BY",
                                            "cpu_time": 0.6604800229999996,
                                            "extra_info": {
                                                "Groups": "#0",
                                                "Aggregates": "count_star()",
                                                "Estimated Cardinality": "6372046"
                                            },
                                            "cumulative_cardinality": 29453413,
                                            "operator_type": "HASH_GROUP_BY",
                                            "operator_cardinality": 3965227,
                                            "cumulative_rows_scanned": 12744093,
                                            "operator_rows_scanned": 0,
                                            "operator_timing": 0.4852843260000006,
                                            "result_set_size": 47582724,
                                            "children": [
                                                {
                                                    "operator_name": "PROJECTION",
                                                    "cpu_time": 0.175195696999999,
                                                    "extra_info": {
                                                        "Projections": "postid",
                                                        "Estimated Cardinality": "12744093"
                                                    },
                                                    "cumulative_cardinality": 25488186,
                                                    "operator_type": "PROJECTION",
                                                    "operator_cardinality": 12744093,
                                                    "cumulative_rows_scanned": 12744093,
                                                    "operator_rows_scanned": 0,
                                                    "operator_timing": 0.0006985979999999939,
                                                    "result_set_size": 50976372,
                                                    "children": [
                                                        {
                                                            "operator_name": "READ_PARQUET ",
                                                            "cpu_time": 0.17449709899999902,
                                                            "extra_info": {
                                                                "Function": "READ_PARQUET",
                                                                "Projections": [
                                                                    "id",
                                                                    "postid"
                                                                ],
                                                                "Estimated Cardinality": "12744093"
                                                            },
                                                            "cumulative_cardinality": 12744093,
                                                            "operator_type": "TABLE_SCAN",
                                                            "operator_cardinality": 12744093,
                                                            "cumulative_rows_scanned": 12744093,
                                                            "operator_rows_scanned": 12744093,
                                                            "operator_timing": 0.17449709899999902,
                                                            "result_set_size": 101952744,
                                                            "children": []
                                                        }
                                                    ]
                                                }
                                            ]
                                        },
                                        {
                                            "operator_name": "HASH_JOIN",
                                            "cpu_time": 0.259167213,
                                            "extra_info": {
                                                "Join Type": "INNER",
                                                "Conditions": "UserId = owneruserid",
                                                "Estimated Cardinality": "1175796"
                                            },
                                            "cumulative_cardinality": 9362264,
                                            "operator_type": "HASH_JOIN",
                                            "operator_cardinality": 9907,
                                            "cumulative_rows_scanned": 8960942,
                                            "operator_rows_scanned": 0,
                                            "operator_timing": 0.003482669000000002,
                                            "result_set_size": 396280,
                                            "children": [
                                                {
                                                    "operator_name": "HASH_GROUP_BY",
                                                    "cpu_time": 0.12486791,
                                                    "extra_info": {
                                                        "Groups": "#0",
                                                        "Aggregates": "count_star()",
                                                        "Estimated Cardinality": "1925058"
                                                    },
                                                    "cumulative_cardinality": 8071864,
                                                    "operator_type": "HASH_GROUP_BY",
                                                    "operator_cardinality": 371632,
                                                    "cumulative_rows_scanned": 3850116,
                                                    "operator_rows_scanned": 0,
                                                    "operator_timing": 0.08415368200000006,
                                                    "result_set_size": 4459584,
                                                    "children": [
                                                        {
                                                            "operator_name": "PROJECTION",
                                                            "cpu_time": 0.040714227999999936,
                                                            "extra_info": {
                                                                "Projections": "owneruserid",
                                                                "Estimated Cardinality": "3850116"
                                                            },
                                                            "cumulative_cardinality": 7700232,
                                                            "operator_type": "PROJECTION",
                                                            "operator_cardinality": 3850116,
                                                            "cumulative_rows_scanned": 3850116,
                                                            "operator_rows_scanned": 0,
                                                            "operator_timing": 0.00027996099999999904,
                                                            "result_set_size": 15400464,
                                                            "children": [
                                                                {
                                                                    "operator_name": "READ_PARQUET ",
                                                                    "cpu_time": 0.040434266999999934,
                                                                    "extra_info": {
                                                                        "Function": "READ_PARQUET",
                                                                        "Projections": [
                                                                            "id",
                                                                            "owneruserid"
                                                                        ],
                                                                        "Estimated Cardinality": "3850116"
                                                                    },
                                                                    "cumulative_cardinality": 3850116,
                                                                    "operator_type": "TABLE_SCAN",
                                                                    "operator_cardinality": 3850116,
                                                                    "cumulative_rows_scanned": 3850116,
                                                                    "operator_rows_scanned": 3850116,
                                                                    "operator_timing": 0.040434266999999934,
                                                                    "result_set_size": 30800928,
                                                                    "children": []
                                                                }
                                                            ]
                                                        }
                                                    ]
                                                },
                                                {
                                                    "operator_name": "HASH_JOIN",
                                                    "cpu_time": 0.130816634,
                                                    "extra_info": {
                                                        "Join Type": "INNER",
                                                        "Conditions": "owneruserid = UserId",
                                                        "Estimated Cardinality": "770023"
                                                    },
                                                    "cumulative_cardinality": 1280493,
                                                    "operator_type": "HASH_JOIN",
                                                    "operator_cardinality": 9907,
                                                    "cumulative_rows_scanned": 5110826,
                                                    "operator_rows_scanned": 0,
                                                    "operator_timing": 0.049214862999999984,
                                                    "result_set_size": 356652,
                                                    "children": [
                                                        {
                                                            "operator_name": "READ_PARQUET ",
                                                            "cpu_time": 0.061006422,
                                                            "extra_info": {
                                                                "Function": "READ_PARQUET",
                                                                "Projections": [
                                                                    "id",
                                                                    "creationdate",
                                                                    "owneruserid",
                                                                    "title"
                                                                ],
                                                                "Filters": "creationdate>='2024-09-01 12:34:56'::TIMESTAMP",
                                                                "Estimated Cardinality": "770023"
                                                            },
                                                            "cumulative_cardinality": 9907,
                                                            "operator_type": "TABLE_SCAN",
                                                            "operator_cardinality": 9907,
                                                            "cumulative_rows_scanned": 3850116,
                                                            "operator_rows_scanned": 3850116,
                                                            "operator_timing": 0.061006422,
                                                            "result_set_size": 317024,
                                                            "children": []
                                                        },
                                                        {
                                                            "operator_name": "READ_PARQUET ",
                                                            "cpu_time": 0.020595349,
                                                            "extra_info": {
                                                                "Function": "READ_PARQUET",
                                                                "Projections": [
                                                                    "id",
                                                                    "reputation"
                                                                ],
                                                                "Filters": "id<=1416539",
                                                                "Estimated Cardinality": "1260710"
                                                            },
                                                            "cumulative_cardinality": 1260679,
                                                            "operator_type": "TABLE_SCAN",
                                                            "operator_cardinality": 1260679,
                                                            "cumulative_rows_scanned": 1260710,
                                                            "operator_rows_scanned": 1260710,
                                                            "operator_timing": 0.020595349,
                                                            "result_set_size": 10085432,
                                                            "children": []
                                                        }
                                                    ]
                                                }
                                            ]
                                        }
                                    ]
                                }
                            ]
                        }
                    ]
                }
            ]
        }
    ]
}