{
    "rows_returned": 7,
    "query_name": "WITH PostStats AS (\n    SELECT \n        pt.Name AS PostType,\n        COUNT(p.Id) AS TotalPosts,\n        SUM(CASE WHEN p.OwnerUserId IS NOT NULL THEN 1 ELSE 0 END) AS PostsByUsers,\n        SUM(CASE WHEN p.Score > 0 THEN 1 ELSE 0 END) AS PositiveScorePosts,\n        AVG(p.Score) AS AverageScore,\n        SUM(p.ViewCount) AS TotalViews\n    FROM \n        Posts p\n    JOIN \n        PostTypes pt ON p.PostTypeId = pt.Id\n    GROUP BY \n        pt.Name\n),\nUserStats AS (\n    SELECT \n        COUNT(Id) AS TotalUsers,\n        SUM(Reputation) AS TotalReputation,\n        AVG(Reputation) AS AverageReputation\n    FROM \n        Users\n),\nCommentStats AS (\n    SELECT \n        COUNT(Id) AS TotalComments,\n        AVG(Score) AS AverageCommentScore\n    FROM \n        Comments\n),\nVoteStats AS (\n    SELECT \n        COUNT(Id) AS TotalVotes,\n        SUM(CASE WHEN VoteTypeId = 2 THEN 1 ELSE 0 END) AS UpVotes,\n        SUM(CASE WHEN VoteTypeId = 3 THEN 1 ELSE 0 END) AS DownVotes\n    FROM \n        Votes\n)\n\nSELECT \n    ps.PostType,\n    ps.TotalPosts,\n    ps.PostsByUsers,\n    ps.PositiveScorePosts,\n    ps.AverageScore,\n    ps.TotalViews,\n    us.TotalUsers,\n    us.TotalReputation,\n    us.AverageReputation,\n    cs.TotalComments,\n    cs.AverageCommentScore,\n    vs.TotalVotes,\n    vs.UpVotes,\n    vs.DownVotes\nFROM \n    PostStats ps,\n    UserStats us,\n    CommentStats cs,\n    VoteStats vs\nORDER BY \n    ps.TotalPosts DESC;",
    "blocked_thread_time": 0.0,
    "cpu_time": 0.730031166,
    "extra_info": {},
    "cumulative_cardinality": 54043638,
    "cumulative_rows_scanned": 25096749,
    "result_set_size": 1176,
    "latency": 0.813901601,
    "children": [
        {
            "operator_name": "ORDER_BY",
            "cpu_time": 0.730031166,
            "extra_info": {
                "Order By": "ps.TotalPosts DESC"
            },
            "cumulative_cardinality": 54043638,
            "operator_type": "ORDER_BY",
            "operator_cardinality": 7,
            "cumulative_rows_scanned": 25096749,
            "operator_rows_scanned": 0,
            "operator_timing": 0.000032991,
            "result_set_size": 1176,
            "children": [
                {
                    "operator_name": "PROJECTION",
                    "cpu_time": 0.729998175,
                    "extra_info": {
                        "Projections": [
                            "PostType",
                            "TotalPosts",
                            "PostsByUsers",
                            "PositiveScorePosts",
                            "AverageScore",
                            "TotalViews",
                            "TotalUsers",
                            "TotalReputation",
                            "AverageReputation",
                            "TotalComments",
                            "AverageCommentScore",
                            "TotalVotes",
                            "UpVotes",
                            "DownVotes"
                        ],
                        "Estimated Cardinality": "1925058"
                    },
                    "cumulative_cardinality": 54043631,
                    "operator_type": "PROJECTION",
                    "operator_cardinality": 7,
                    "cumulative_rows_scanned": 25096749,
                    "operator_rows_scanned": 0,
                    "operator_timing": 0.000003918,
                    "result_set_size": 1176,
                    "children": [
                        {
                            "operator_name": "CROSS_PRODUCT",
                            "cpu_time": 0.729994257,
                            "extra_info": {},
                            "cumulative_cardinality": 54043624,
                            "operator_type": "CROSS_PRODUCT",
                            "operator_cardinality": 7,
                            "cumulative_rows_scanned": 25096749,
                            "operator_rows_scanned": 0,
                            "operator_timing": 0.000048571,
                            "result_set_size": 1176,
                            "children": [
                                {
                                    "operator_name": "HASH_GROUP_BY",
                                    "cpu_time": 0.3815536999999999,
                                    "extra_info": {
                                        "Groups": "#0",
                                        "Aggregates": [
                                            "count_star()",
                                            "sum(#1)",
                                            "sum(#2)",
                                            "avg(#3)",
                                            "sum(#4)"
                                        ],
                                        "Estimated Cardinality": "1925058"
                                    },
                                    "cumulative_cardinality": 11550362,
                                    "operator_type": "HASH_GROUP_BY",
                                    "operator_cardinality": 7,
                                    "cumulative_rows_scanned": 3850124,
                                    "operator_rows_scanned": 0,
                                    "operator_timing": 0.14116330900000007,
                                    "result_set_size": 560,
                                    "children": [
                                        {
                                            "operator_name": "PROJECTION",
                                            "cpu_time": 0.24039039099999981,
                                            "extra_info": {
                                                "Projections": [
                                                    "name",
                                                    "CASE  WHEN ((owneruserid IS NOT NULL)) THEN (1) ELSE 0 END",
                                                    "CASE  WHEN ((score > 0)) THEN (1) ELSE 0 END",
                                                    "score",
                                                    "viewcount"
                                                ],
                                                "Estimated Cardinality": "3850116"
                                            },
                                            "cumulative_cardinality": 11550355,
                                            "operator_type": "PROJECTION",
                                            "operator_cardinality": 3850116,
                                            "cumulative_rows_scanned": 3850124,
                                            "operator_rows_scanned": 0,
                                            "operator_timing": 0.02998280799999999,
                                            "result_set_size": 123203712,
                                            "children": [
                                                {
                                                    "operator_name": "HASH_JOIN",
                                                    "cpu_time": 0.21040758299999981,
                                                    "extra_info": {
                                                        "Join Type": "INNER",
                                                        "Conditions": "posttypeid = id",
                                                        "Estimated Cardinality": "3850116"
                                                    },
                                                    "cumulative_cardinality": 7700239,
                                                    "operator_type": "HASH_JOIN",
                                                    "operator_cardinality": 3850116,
                                                    "cumulative_rows_scanned": 3850124,
                                                    "operator_rows_scanned": 0,
                                                    "operator_timing": 0.008146447000000005,
                                                    "result_set_size": 107803248,
                                                    "children": [
                                                        {
                                                            "operator_name": "READ_PARQUET ",
                                                            "cpu_time": 0.2019494429999998,
                                                            "extra_info": {
                                                                "Function": "READ_PARQUET",
                                                                "Projections": [
                                                                    "id",
                                                                    "posttypeid",
                                                                    "score",
                                                                    "viewcount",
                                                                    "owneruserid"
                                                                ],
                                                                "Estimated Cardinality": "3850116"
                                                            },
                                                            "cumulative_cardinality": 3850116,
                                                            "operator_type": "TABLE_SCAN",
                                                            "operator_cardinality": 3850116,
                                                            "cumulative_rows_scanned": 3850116,
                                                            "operator_rows_scanned": 3850116,
                                                            "operator_timing": 0.2019494429999998,
                                                            "result_set_size": 69302088,
                                                            "children": []
                                                        },
                                                        {
                                                            "operator_name": "READ_PARQUET ",
                                                            "cpu_time": 0.000311693,
                                                            "extra_info": {
                                                                "Function": "READ_PARQUET",
                                                                "Projections": [
                                                                    "id",
                                                                    "name"
                                                                ],
                                                                "Filters": "id<=7",
                                                                "Estimated Cardinality": "8"
                                                            },
                                                            "cumulative_cardinality": 7,
                                                            "operator_type": "TABLE_SCAN",
                                                            "operator_cardinality": 7,
                                                            "cumulative_rows_scanned": 8,
                                                            "operator_rows_scanned": 8,
                                                            "operator_timing": 0.000311693,
                                                            "result_set_size": 126,
                                                            "children": []
                                                        }
                                                    ]
                                                }
                                            ]
                                        }
                                    ]
                                },
                                {
                                    "operator_name": "CROSS_PRODUCT",
                                    "cpu_time": 0.34839198600000004,
                                    "extra_info": {},
                                    "cumulative_cardinality": 42493255,
                                    "operator_type": "CROSS_PRODUCT",
                                    "operator_cardinality": 1,
                                    "cumulative_rows_scanned": 21246625,
                                    "operator_rows_scanned": 0,
                                    "operator_timing": 0.000015469,
                                    "result_set_size": 88,
                                    "children": [
                                        {
                                            "operator_name": "CROSS_PRODUCT",
                                            "cpu_time": 0.3273288610000001,
                                            "extra_info": {},
                                            "cumulative_cardinality": 39971833,
                                            "operator_type": "CROSS_PRODUCT",
                                            "operator_cardinality": 1,
                                            "cumulative_rows_scanned": 19985915,
                                            "operator_rows_scanned": 0,
                                            "operator_timing": 0.000022252,
                                            "result_set_size": 56,
                                            "children": [
                                                {
                                                    "operator_name": "UNGROUPED_AGGREGATE",
                                                    "cpu_time": 0.23376046100000025,
                                                    "extra_info": {
                                                        "Aggregates": [
                                                            "count_star()",
                                                            "sum(#0)",
                                                            "sum(#1)"
                                                        ]
                                                    },
                                                    "cumulative_cardinality": 25488187,
                                                    "operator_type": "UNGROUPED_AGGREGATE",
                                                    "operator_cardinality": 1,
                                                    "cumulative_rows_scanned": 12744093,
                                                    "operator_rows_scanned": 0,
                                                    "operator_timing": 0.025893671000000607,
                                                    "result_set_size": 40,
                                                    "children": [
                                                        {
                                                            "operator_name": "PROJECTION",
                                                            "cpu_time": 0.20786678999999963,
                                                            "extra_info": {
                                                                "Projections": [
                                                                    "CASE  WHEN ((votetypeid = 2)) THEN (1) ELSE 0 END",
                                                                    "CASE  WHEN ((votetypeid = 3)) THEN (1) ELSE 0 END"
                                                                ],
                                                                "Estimated Cardinality": "12744093"
                                                            },
                                                            "cumulative_cardinality": 25488186,
                                                            "operator_type": "PROJECTION",
                                                            "operator_cardinality": 12744093,
                                                            "cumulative_rows_scanned": 12744093,
                                                            "operator_rows_scanned": 0,
                                                            "operator_timing": 0.09747548100000027,
                                                            "result_set_size": 101952744,
                                                            "children": [
                                                                {
                                                                    "operator_name": "READ_PARQUET ",
                                                                    "cpu_time": 0.11039130899999937,
                                                                    "extra_info": {
                                                                        "Function": "READ_PARQUET",
                                                                        "Projections": [
                                                                            "id",
                                                                            "votetypeid"
                                                                        ],
                                                                        "Estimated Cardinality": "12744093"
                                                                    },
                                                                    "cumulative_cardinality": 12744093,
                                                                    "operator_type": "TABLE_SCAN",
                                                                    "operator_cardinality": 12744093,
                                                                    "cumulative_rows_scanned": 12744093,
                                                                    "operator_rows_scanned": 12744093,
                                                                    "operator_timing": 0.11039130899999937,
                                                                    "result_set_size": 76464558,
                                                                    "children": []
                                                                }
                                                            ]
                                                        }
                                                    ]
                                                },
                                                {
                                                    "operator_name": "UNGROUPED_AGGREGATE",
                                                    "cpu_time": 0.09354614799999982,
                                                    "extra_info": {
                                                        "Aggregates": [
                                                            "count_star()",
                                                            "avg(#0)"
                                                        ]
                                                    },
                                                    "cumulative_cardinality": 14483645,
                                                    "operator_type": "UNGROUPED_AGGREGATE",
                                                    "operator_cardinality": 1,
                                                    "cumulative_rows_scanned": 7241822,
                                                    "operator_rows_scanned": 0,
                                                    "operator_timing": 0.02780032499999997,
                                                    "result_set_size": 16,
                                                    "children": [
                                                        {
                                                            "operator_name": "PROJECTION",
                                                            "cpu_time": 0.06574582299999984,
                                                            "extra_info": {
                                                                "Projections": "score",
                                                                "Estimated Cardinality": "7241822"
                                                            },
                                                            "cumulative_cardinality": 14483644,
                                                            "operator_type": "PROJECTION",
                                                            "operator_cardinality": 7241822,
                                                            "cumulative_rows_scanned": 7241822,
                                                            "operator_rows_scanned": 0,
                                                            "operator_timing": 0.00028069800000001357,
                                                            "result_set_size": 28967288,
                                                            "children": [
                                                                {
                                                                    "operator_name": "READ_PARQUET ",
                                                                    "cpu_time": 0.06546512499999983,
                                                                    "extra_info": {
                                                                        "Function": "READ_PARQUET",
                                                                        "Projections": [
                                                                            "id",
                                                                            "score"
                                                                        ],
                                                                        "Estimated Cardinality": "7241822"
                                                                    },
                                                                    "cumulative_cardinality": 7241822,
                                                                    "operator_type": "TABLE_SCAN",
                                                                    "operator_cardinality": 7241822,
                                                                    "cumulative_rows_scanned": 7241822,
                                                                    "operator_rows_scanned": 7241822,
                                                                    "operator_timing": 0.06546512499999983,
                                                                    "result_set_size": 57934576,
                                                                    "children": []
                                                                }
                                                            ]
                                                        }
                                                    ]
                                                }
                                            ]
                                        },
                                        {
                                            "operator_name": "UNGROUPED_AGGREGATE",
                                            "cpu_time": 0.02104765599999999,
                                            "extra_info": {
                                                "Aggregates": [
                                                    "count_star()",
                                                    "sum(#0)",
                                                    "avg(#1)"
                                                ]
                                            },
                                            "cumulative_cardinality": 2521421,
                                            "operator_type": "UNGROUPED_AGGREGATE",
                                            "operator_cardinality": 1,
                                            "cumulative_rows_scanned": 1260710,
                                            "operator_rows_scanned": 0,
                                            "operator_timing": 0.007615485999999998,
                                            "result_set_size": 32,
                                            "children": [
                                                {
                                                    "operator_name": "PROJECTION",
                                                    "cpu_time": 0.013432169999999995,
                                                    "extra_info": {
                                                        "Projections": [
                                                            "reputation",
                                                            "reputation"
                                                        ],
                                                        "Estimated Cardinality": "1260710"
                                                    },
                                                    "cumulative_cardinality": 2521420,
                                                    "operator_type": "PROJECTION",
                                                    "operator_cardinality": 1260710,
                                                    "cumulative_rows_scanned": 1260710,
                                                    "operator_rows_scanned": 0,
                                                    "operator_timing": 0.00006592300000000007,
                                                    "result_set_size": 10085680,
                                                    "children": [
                                                        {
                                                            "operator_name": "READ_PARQUET ",
                                                            "cpu_time": 0.013366246999999994,
                                                            "extra_info": {
                                                                "Function": "READ_PARQUET",
                                                                "Projections": [
                                                                    "id",
                                                                    "reputation"
                                                                ],
                                                                "Estimated Cardinality": "1260710"
                                                            },
                                                            "cumulative_cardinality": 1260710,
                                                            "operator_type": "TABLE_SCAN",
                                                            "operator_cardinality": 1260710,
                                                            "cumulative_rows_scanned": 1260710,
                                                            "operator_rows_scanned": 1260710,
                                                            "operator_timing": 0.013366246999999994,
                                                            "result_set_size": 10085680,
                                                            "children": []
                                                        }
                                                    ]
                                                }
                                            ]
                                        }
                                    ]
                                }
                            ]
                        }
                    ]
                }
            ]
        }
    ]
}