{
    "rows_returned": 100,
    "query_name": "\nWITH UserStatistics AS (\n    SELECT \n        Id AS UserId,\n        Reputation,\n        CreationDate,\n        LastAccessDate,\n        Views,\n        UpVotes,\n        DownVotes\n    FROM \n        Users\n), \nPostStatistics AS (\n    SELECT \n        p.Id AS PostId,\n        p.PostTypeId,\n        p.CreationDate,\n        p.LastActivityDate,\n        p.Score,\n        p.ViewCount,\n        p.AnswerCount,\n        p.CommentCount,\n        p.FavoriteCount,\n        p.Tags,\n        u.DisplayName AS OwnerDisplayName,\n        p.OwnerUserId\n    FROM \n        Posts p\n    JOIN \n        Users u ON p.OwnerUserId = u.Id\n    WHERE \n        p.CreationDate >= '2022-01-01'\n), \nVoteStatistics AS (\n    SELECT \n        PostId,\n        COUNT(CASE WHEN VoteTypeId = 2 THEN 1 END) AS UpVotes,\n        COUNT(CASE WHEN VoteTypeId = 3 THEN 1 END) AS DownVotes\n    FROM \n        Votes\n    GROUP BY \n        PostId\n)\nSELECT \n    us.UserId,\n    us.Reputation,\n    ps.PostId,\n    ps.PostTypeId,\n    ps.CreationDate,\n    ps.LastActivityDate,\n    ps.Score,\n    ps.ViewCount,\n    ps.AnswerCount,\n    ps.CommentCount,\n    ps.FavoriteCount,\n    ps.Tags,\n    ps.OwnerDisplayName,\n    COALESCE(vs.UpVotes, 0) AS UpVotes,\n    COALESCE(vs.DownVotes, 0) AS DownVotes\nFROM \n    UserStatistics us\nJOIN \n    PostStatistics ps ON us.UserId = ps.OwnerUserId\nLEFT JOIN \n    VoteStatistics vs ON ps.PostId = vs.PostId\nORDER BY \n    ps.CreationDate DESC\nLIMIT 100;\n",
    "blocked_thread_time": 0.0,
    "cpu_time": 1.4637080280000014,
    "extra_info": {},
    "cumulative_cardinality": 35067914,
    "cumulative_rows_scanned": 19115629,
    "result_set_size": 9800,
    "latency": 1.613942546,
    "children": [
        {
            "operator_name": "STREAMING_LIMIT",
            "cpu_time": 1.4637080280000014,
            "extra_info": {},
            "cumulative_cardinality": 35067914,
            "operator_type": "STREAMING_LIMIT",
            "operator_cardinality": 100,
            "cumulative_rows_scanned": 19115629,
            "operator_rows_scanned": 0,
            "operator_timing": 0.000002305,
            "result_set_size": 9800,
            "children": [
                {
                    "operator_name": "PROJECTION",
                    "cpu_time": 1.4637057230000015,
                    "extra_info": {
                        "Projections": [
                            "#0",
                            "#1",
                            "#2",
                            "__internal_decompress_integral_smallint(#3, 1)",
                            "#4",
                            "#5",
                            "__internal_decompress_integral_integer(#6, -72)",
                            "#7",
                            "__internal_decompress_integral_integer(#8, 0)",
                            "__internal_decompress_integral_integer(#9, 0)",
                            "#10",
                            "#11",
                            "#12",
                            "#13",
                            "#14"
                        ],
                        "Estimated Cardinality": "6372046"
                    },
                    "cumulative_cardinality": 35067814,
                    "operator_type": "PROJECTION",
                    "operator_cardinality": 4096,
                    "cumulative_rows_scanned": 19115629,
                    "operator_rows_scanned": 0,
                    "operator_timing": 0.000029164,
                    "result_set_size": 401408,
                    "children": [
                        {
                            "operator_name": "ORDER_BY",
                            "cpu_time": 1.4636765590000014,
                            "extra_info": {
                                "Order By": "ps.CreationDate DESC"
                            },
                            "cumulative_cardinality": 35063718,
                            "operator_type": "ORDER_BY",
                            "operator_cardinality": 4096,
                            "cumulative_rows_scanned": 19115629,
                            "operator_rows_scanned": 0,
                            "operator_timing": 0.074426496,
                            "result_set_size": 364544,
                            "children": [
                                {
                                    "operator_name": "PROJECTION",
                                    "cpu_time": 1.3892500630000013,
                                    "extra_info": {
                                        "Projections": [
                                            "#0",
                                            "#1",
                                            "#2",
                                            "__internal_compress_integral_utinyint(#3, 1)",
                                            "#4",
                                            "#5",
                                            "__internal_compress_integral_usmallint(#6, -72)",
                                            "#7",
                                            "__internal_compress_integral_utinyint(#8, 0)",
                                            "__internal_compress_integral_utinyint(#9, 0)",
                                            "#10",
                                            "#11",
                                            "#12",
                                            "#13",
                                            "#14"
                                        ],
                                        "Estimated Cardinality": "6372046"
                                    },
                                    "cumulative_cardinality": 35059622,
                                    "operator_type": "PROJECTION",
                                    "operator_cardinality": 440693,
                                    "cumulative_rows_scanned": 19115629,
                                    "operator_rows_scanned": 0,
                                    "operator_timing": 0.002063922,
                                    "result_set_size": 39221677,
                                    "children": [
                                        {
                                            "operator_name": "PROJECTION",
                                            "cpu_time": 1.3871861410000013,
                                            "extra_info": {
                                                "Projections": [
                                                    "UserId",
                                                    "reputation",
                                                    "PostId",
                                                    "posttypeid",
                                                    "creationdate",
                                                    "lastactivitydate",
                                                    "score",
                                                    "viewcount",
                                                    "answercount",
                                                    "commentcount",
                                                    "favoritecount",
                                                    "tags",
                                                    "OwnerDisplayName",
                                                    "UpVotes",
                                                    "DownVotes"
                                                ],
                                                "Estimated Cardinality": "6372046"
                                            },
                                            "cumulative_cardinality": 34618929,
                                            "operator_type": "PROJECTION",
                                            "operator_cardinality": 440693,
                                            "cumulative_rows_scanned": 19115629,
                                            "operator_rows_scanned": 0,
                                            "operator_timing": 0.0077510339999999995,
                                            "result_set_size": 43187914,
                                            "children": [
                                                {
                                                    "operator_name": "HASH_JOIN",
                                                    "cpu_time": 1.3794351070000013,
                                                    "extra_info": {
                                                        "Join Type": "RIGHT",
                                                        "Conditions": "postid = PostId",
                                                        "Estimated Cardinality": "6372046"
                                                    },
                                                    "cumulative_cardinality": 34178236,
                                                    "operator_type": "HASH_JOIN",
                                                    "operator_cardinality": 440693,
                                                    "cumulative_rows_scanned": 19115629,
                                                    "operator_rows_scanned": 0,
                                                    "operator_timing": 0.14048120299999983,
                                                    "result_set_size": 43187914,
                                                    "children": [
                                                        {
                                                            "operator_name": "HASH_GROUP_BY",
                                                            "cpu_time": 0.8625783810000015,
                                                            "extra_info": {
                                                                "Groups": "#0",
                                                                "Aggregates": [
                                                                    "count(#1)",
                                                                    "count(#2)"
                                                                ],
                                                                "Estimated Cardinality": "6372046"
                                                            },
                                                            "cumulative_cardinality": 29453413,
                                                            "operator_type": "HASH_GROUP_BY",
                                                            "operator_cardinality": 3965227,
                                                            "cumulative_rows_scanned": 12744093,
                                                            "operator_rows_scanned": 0,
                                                            "operator_timing": 0.6159197530000018,
                                                            "result_set_size": 79304540,
                                                            "children": [
                                                                {
                                                                    "operator_name": "PROJECTION",
                                                                    "cpu_time": 0.2466586279999997,
                                                                    "extra_info": {
                                                                        "Projections": [
                                                                            "postid",
                                                                            "CASE  WHEN ((votetypeid = 2)) THEN (1) ELSE NULL END",
                                                                            "CASE  WHEN ((votetypeid = 3)) THEN (1) ELSE NULL END"
                                                                        ],
                                                                        "Estimated Cardinality": "12744093"
                                                                    },
                                                                    "cumulative_cardinality": 25488186,
                                                                    "operator_type": "PROJECTION",
                                                                    "operator_cardinality": 12744093,
                                                                    "cumulative_rows_scanned": 12744093,
                                                                    "operator_rows_scanned": 0,
                                                                    "operator_timing": 0.11597668999999979,
                                                                    "result_set_size": 152929116,
                                                                    "children": [
                                                                        {
                                                                            "operator_name": "READ_PARQUET ",
                                                                            "cpu_time": 0.13068193799999994,
                                                                            "extra_info": {
                                                                                "Function": "READ_PARQUET",
                                                                                "Projections": [
                                                                                    "postid",
                                                                                    "votetypeid"
                                                                                ],
                                                                                "Estimated Cardinality": "12744093"
                                                                            },
                                                                            "cumulative_cardinality": 12744093,
                                                                            "operator_type": "TABLE_SCAN",
                                                                            "operator_cardinality": 12744093,
                                                                            "cumulative_rows_scanned": 12744093,
                                                                            "operator_rows_scanned": 12744093,
                                                                            "operator_timing": 0.13068193799999994,
                                                                            "result_set_size": 76464558,
                                                                            "children": []
                                                                        }
                                                                    ]
                                                                }
                                                            ]
                                                        },
                                                        {
                                                            "operator_name": "HASH_JOIN",
                                                            "cpu_time": 0.376375523,
                                                            "extra_info": {
                                                                "Join Type": "INNER",
                                                                "Conditions": "owneruserid = UserId",
                                                                "Estimated Cardinality": "770023"
                                                            },
                                                            "cumulative_cardinality": 4284130,
                                                            "operator_type": "HASH_JOIN",
                                                            "operator_cardinality": 440693,
                                                            "cumulative_rows_scanned": 6371536,
                                                            "operator_rows_scanned": 0,
                                                            "operator_timing": 0.078970024,
                                                            "result_set_size": 36136826,
                                                            "children": [
                                                                {
                                                                    "operator_name": "PROJECTION",
                                                                    "cpu_time": 0.279031291,
                                                                    "extra_info": {
                                                                        "Projections": [
                                                                            "PostId",
                                                                            "posttypeid",
                                                                            "creationdate",
                                                                            "lastactivitydate",
                                                                            "score",
                                                                            "viewcount",
                                                                            "answercount",
                                                                            "commentcount",
                                                                            "favoritecount",
                                                                            "tags",
                                                                            "OwnerDisplayName",
                                                                            "owneruserid"
                                                                        ],
                                                                        "Estimated Cardinality": "770023"
                                                                    },
                                                                    "cumulative_cardinality": 2582758,
                                                                    "operator_type": "PROJECTION",
                                                                    "operator_cardinality": 440693,
                                                                    "cumulative_rows_scanned": 5110826,
                                                                    "operator_rows_scanned": 0,
                                                                    "operator_timing": 0.00016049599999999983,
                                                                    "result_set_size": 34374054,
                                                                    "children": [
                                                                        {
                                                                            "operator_name": "HASH_JOIN",
                                                                            "cpu_time": 0.278870795,
                                                                            "extra_info": {
                                                                                "Join Type": "INNER",
                                                                                "Conditions": "owneruserid = id",
                                                                                "Estimated Cardinality": "770023"
                                                                            },
                                                                            "cumulative_cardinality": 2142065,
                                                                            "operator_type": "HASH_JOIN",
                                                                            "operator_cardinality": 440693,
                                                                            "cumulative_rows_scanned": 5110826,
                                                                            "operator_rows_scanned": 0,
                                                                            "operator_timing": 0.10345237200000001,
                                                                            "result_set_size": 34374054,
                                                                            "children": [
                                                                                {
                                                                                    "operator_name": "READ_PARQUET ",
                                                                                    "cpu_time": 0.09413827100000002,
                                                                                    "extra_info": {
                                                                                        "Function": "READ_PARQUET",
                                                                                        "Projections": [
                                                                                            "id",
                                                                                            "posttypeid",
                                                                                            "creationdate",
                                                                                            "score",
                                                                                            "viewcount",
                                                                                            "owneruserid",
                                                                                            "lastactivitydate",
                                                                                            "tags",
                                                                                            "answercount",
                                                                                            "commentcount",
                                                                                            "favoritecount"
                                                                                        ],
                                                                                        "Filters": "creationdate>='2022-01-01 00:00:00'::TIMESTAMP",
                                                                                        "Estimated Cardinality": "770023"
                                                                                    },
                                                                                    "cumulative_cardinality": 440693,
                                                                                    "operator_type": "TABLE_SCAN",
                                                                                    "operator_cardinality": 440693,
                                                                                    "cumulative_rows_scanned": 3850116,
                                                                                    "operator_rows_scanned": 3850116,
                                                                                    "operator_timing": 0.09413827100000002,
                                                                                    "result_set_size": 27322966,
                                                                                    "children": []
                                                                                },
                                                                                {
                                                                                    "operator_name": "READ_PARQUET ",
                                                                                    "cpu_time": 0.08128015199999997,
                                                                                    "extra_info": {
                                                                                        "Function": "READ_PARQUET",
                                                                                        "Projections": [
                                                                                            "id",
                                                                                            "displayname"
                                                                                        ],
                                                                                        "Filters": "id<=1416539",
                                                                                        "Estimated Cardinality": "1260710"
                                                                                    },
                                                                                    "cumulative_cardinality": 1260679,
                                                                                    "operator_type": "TABLE_SCAN",
                                                                                    "operator_cardinality": 1260679,
                                                                                    "cumulative_rows_scanned": 1260710,
                                                                                    "operator_rows_scanned": 1260710,
                                                                                    "operator_timing": 0.08128015199999997,
                                                                                    "result_set_size": 25213580,
                                                                                    "children": []
                                                                                }
                                                                            ]
                                                                        }
                                                                    ]
                                                                },
                                                                {
                                                                    "operator_name": "READ_PARQUET ",
                                                                    "cpu_time": 0.018374208000000017,
                                                                    "extra_info": {
                                                                        "Function": "READ_PARQUET",
                                                                        "Projections": [
                                                                            "id",
                                                                            "reputation"
                                                                        ],
                                                                        "Filters": "id<=1416539",
                                                                        "Estimated Cardinality": "1260710"
                                                                    },
                                                                    "cumulative_cardinality": 1260679,
                                                                    "operator_type": "TABLE_SCAN",
                                                                    "operator_cardinality": 1260679,
                                                                    "cumulative_rows_scanned": 1260710,
                                                                    "operator_rows_scanned": 1260710,
                                                                    "operator_timing": 0.018374208000000017,
                                                                    "result_set_size": 10085432,
                                                                    "children": []
                                                                }
                                                            ]
                                                        }
                                                    ]
                                                }
                                            ]
                                        }
                                    ]
                                }
                            ]
                        }
                    ]
                }
            ]
        }
    ]
}