{
    "rows_returned": 4574495,
    "query_name": "\nWITH UserStats AS (\n    SELECT \n        U.Id AS UserId,\n        U.DisplayName,\n        U.Reputation,\n        COUNT(DISTINCT P.Id) AS PostCount,\n        SUM(CASE WHEN P.PostTypeId = 1 THEN 1 ELSE 0 END) AS QuestionCount,\n        SUM(CASE WHEN P.PostTypeId = 2 THEN 1 ELSE 0 END) AS AnswerCount,\n        SUM(CASE WHEN C.Id IS NOT NULL THEN 1 ELSE 0 END) AS CommentCount\n    FROM \n        Users U\n    LEFT JOIN \n        Posts P ON U.Id = P.OwnerUserId\n    LEFT JOIN \n        Comments C ON P.Id = C.PostId\n    WHERE \n        U.Reputation > 0 \n    GROUP BY \n        U.Id, U.DisplayName, U.Reputation\n),\nPostDetails AS (\n    SELECT \n        P.Id AS PostId,\n        P.Title,\n        P.CreationDate,\n        P.Score,\n        P.ViewCount,\n        PT.Name AS PostType,\n        PH.CreationDate AS HistoryDate,\n        P.OwnerUserId\n    FROM \n        Posts P\n    JOIN \n        PostTypes PT ON P.PostTypeId = PT.Id\n    LEFT JOIN \n        PostHistory PH ON P.Id = PH.PostId\n)\nSELECT \n    US.UserId,\n    US.DisplayName,\n    US.Reputation,\n    US.PostCount,\n    US.QuestionCount,\n    US.AnswerCount,\n    US.CommentCount,\n    PD.PostId,\n    PD.Title AS PostTitle,\n    PD.CreationDate AS PostCreationDate,\n    PD.Score AS PostScore,\n    PD.ViewCount AS PostViewCount,\n    PD.PostType,\n    COUNT(PD.HistoryDate) AS HistoryCount\nFROM \n    UserStats US\nLEFT JOIN \n    PostDetails PD ON US.UserId = PD.OwnerUserId\nGROUP BY \n    US.UserId, US.DisplayName, US.Reputation, US.PostCount, \n    US.QuestionCount, US.AnswerCount, US.CommentCount, \n    PD.PostId, PD.Title, PD.CreationDate, PD.Score, \n    PD.ViewCount, PD.PostType\nORDER BY \n    US.Reputation DESC, US.PostCount DESC;\n",
    "blocked_thread_time": 0.0,
    "cpu_time": 9.275518599000003,
    "extra_info": {},
    "cumulative_cardinality": 168894330,
    "cumulative_rows_scanned": 27998016,
    "result_set_size": 640429300,
    "latency": 24.085203052,
    "children": [
        {
            "operator_name": "PROJECTION",
            "cpu_time": 9.275518599000003,
            "extra_info": {
                "Projections": [
                    "#0",
                    "#1",
                    "#2",
                    "#3",
                    "#4",
                    "#5",
                    "#6",
                    "#7",
                    "#8",
                    "#9",
                    "__internal_decompress_integral_integer(#10, -72)",
                    "#11",
                    "#12",
                    "#13"
                ],
                "Estimated Cardinality": "1260710"
            },
            "cumulative_cardinality": 168894330,
            "operator_type": "PROJECTION",
            "operator_cardinality": 4574495,
            "cumulative_rows_scanned": 27998016,
            "operator_rows_scanned": 0,
            "operator_timing": 0.0036272350000000004,
            "result_set_size": 640429300,
            "children": [
                {
                    "operator_name": "ORDER_BY",
                    "cpu_time": 9.271891364000004,
                    "extra_info": {
                        "Order By": [
                            "US.Reputation DESC",
                            "US.PostCount DESC"
                        ]
                    },
                    "cumulative_cardinality": 164319835,
                    "operator_type": "ORDER_BY",
                    "operator_cardinality": 4574495,
                    "cumulative_rows_scanned": 27998016,
                    "operator_rows_scanned": 0,
                    "operator_timing": 0.548167772,
                    "result_set_size": 631280310,
                    "children": [
                        {
                            "operator_name": "PROJECTION",
                            "cpu_time": 8.723723592000004,
                            "extra_info": {
                                "Projections": [
                                    "#0",
                                    "#1",
                                    "#2",
                                    "#3",
                                    "#4",
                                    "#5",
                                    "#6",
                                    "#7",
                                    "#8",
                                    "#9",
                                    "__internal_compress_integral_usmallint(#10, -72)",
                                    "#11",
                                    "#12",
                                    "#13"
                                ],
                                "Estimated Cardinality": "1260710"
                            },
                            "cumulative_cardinality": 159745340,
                            "operator_type": "PROJECTION",
                            "operator_cardinality": 4574495,
                            "cumulative_rows_scanned": 27998016,
                            "operator_rows_scanned": 0,
                            "operator_timing": 0.002715308999999998,
                            "result_set_size": 631280310,
                            "children": [
                                {
                                    "operator_name": "PROJECTION",
                                    "cpu_time": 8.721008283000005,
                                    "extra_info": {
                                        "Projections": [
                                            "#0",
                                            "#1",
                                            "#2",
                                            "#3",
                                            "#4",
                                            "#5",
                                            "#6",
                                            "#7",
                                            "#8",
                                            "#9",
                                            "__internal_decompress_integral_integer(#10, -72)",
                                            "#11",
                                            "#12",
                                            "#13"
                                        ],
                                        "Estimated Cardinality": "1260710"
                                    },
                                    "cumulative_cardinality": 155170845,
                                    "operator_type": "PROJECTION",
                                    "operator_cardinality": 4574495,
                                    "cumulative_rows_scanned": 27998016,
                                    "operator_rows_scanned": 0,
                                    "operator_timing": 0.0029518529999999973,
                                    "result_set_size": 640429300,
                                    "children": [
                                        {
                                            "operator_name": "HASH_GROUP_BY",
                                            "cpu_time": 8.718056430000004,
                                            "extra_info": {
                                                "Groups": [
                                                    "#0",
                                                    "#1",
                                                    "#2",
                                                    "#3",
                                                    "#4",
                                                    "#5",
                                                    "#6",
                                                    "#7",
                                                    "#8",
                                                    "#9",
                                                    "#10",
                                                    "#11",
                                                    "#12"
                                                ],
                                                "Aggregates": "count(#13)",
                                                "Estimated Cardinality": "1260710"
                                            },
                                            "cumulative_cardinality": 150596350,
                                            "operator_type": "HASH_GROUP_BY",
                                            "operator_cardinality": 4574495,
                                            "cumulative_rows_scanned": 27998016,
                                            "operator_rows_scanned": 0,
                                            "operator_timing": 3.2374088700000003,
                                            "result_set_size": 631280310,
                                            "children": [
                                                {
                                                    "operator_name": "PROJECTION",
                                                    "cpu_time": 5.480647560000003,
                                                    "extra_info": {
                                                        "Projections": [
                                                            "UserId",
                                                            "displayname",
                                                            "reputation",
                                                            "PostCount",
                                                            "QuestionCount",
                                                            "AnswerCount",
                                                            "CommentCount",
                                                            "PostId",
                                                            "title",
                                                            "creationdate",
                                                            "score",
                                                            "viewcount",
                                                            "PostType",
                                                            "HistoryDate"
                                                        ],
                                                        "Estimated Cardinality": "11795244"
                                                    },
                                                    "cumulative_cardinality": 146021855,
                                                    "operator_type": "PROJECTION",
                                                    "operator_cardinality": 12138782,
                                                    "cumulative_rows_scanned": 27998016,
                                                    "operator_rows_scanned": 0,
                                                    "operator_timing": 0.004585066999999936,
                                                    "result_set_size": 1675151916,
                                                    "children": [
                                                        {
                                                            "operator_name": "PROJECTION",
                                                            "cpu_time": 5.476062493000003,
                                                            "extra_info": {
                                                                "Projections": [
                                                                    "#0",
                                                                    "#1",
                                                                    "#2",
                                                                    "__internal_compress_integral_usmallint(#3, -72)",
                                                                    "#4",
                                                                    "#5",
                                                                    "#6",
                                                                    "#7",
                                                                    "#8",
                                                                    "#9",
                                                                    "#10",
                                                                    "#11",
                                                                    "#12",
                                                                    "#13"
                                                                ],
                                                                "Estimated Cardinality": "11795244"
                                                            },
                                                            "cumulative_cardinality": 133883073,
                                                            "operator_type": "PROJECTION",
                                                            "operator_cardinality": 12138782,
                                                            "cumulative_rows_scanned": 27998016,
                                                            "operator_rows_scanned": 0,
                                                            "operator_timing": 0.029134723999999897,
                                                            "result_set_size": 1675151916,
                                                            "children": [
                                                                {
                                                                    "operator_name": "HASH_JOIN",
                                                                    "cpu_time": 5.446927769000004,
                                                                    "extra_info": {
                                                                        "Join Type": "RIGHT",
                                                                        "Conditions": "owneruserid = UserId",
                                                                        "Estimated Cardinality": "11795244"
                                                                    },
                                                                    "cumulative_cardinality": 121744291,
                                                                    "operator_type": "HASH_JOIN",
                                                                    "operator_cardinality": 12138782,
                                                                    "cumulative_rows_scanned": 27998016,
                                                                    "operator_rows_scanned": 0,
                                                                    "operator_timing": 0.6247166320000004,
                                                                    "result_set_size": 1699429480,
                                                                    "children": [
                                                                        {
                                                                            "operator_name": "PROJECTION",
                                                                            "cpu_time": 1.9385550270000038,
                                                                            "extra_info": {
                                                                                "Projections": [
                                                                                    "PostId",
                                                                                    "title",
                                                                                    "creationdate",
                                                                                    "score",
                                                                                    "viewcount",
                                                                                    "PostType",
                                                                                    "HistoryDate",
                                                                                    "owneruserid"
                                                                                ],
                                                                                "Estimated Cardinality": "11795244"
                                                                            },
                                                                            "cumulative_cardinality": 58731331,
                                                                            "operator_type": "PROJECTION",
                                                                            "operator_cardinality": 11795244,
                                                                            "cumulative_rows_scanned": 15645368,
                                                                            "operator_rows_scanned": 0,
                                                                            "operator_timing": 0.0029350439999999626,
                                                                            "result_set_size": 754895616,
                                                                            "children": [
                                                                                {
                                                                                    "operator_name": "PROJECTION",
                                                                                    "cpu_time": 1.9356199830000038,
                                                                                    "extra_info": {
                                                                                        "Projections": [
                                                                                            "#0",
                                                                                            "#1",
                                                                                            "#2",
                                                                                            "__internal_decompress_integral_integer(#3, -72)",
                                                                                            "#4",
                                                                                            "#5",
                                                                                            "#6",
                                                                                            "#7"
                                                                                        ],
                                                                                        "Estimated Cardinality": "11795244"
                                                                                    },
                                                                                    "cumulative_cardinality": 46936087,
                                                                                    "operator_type": "PROJECTION",
                                                                                    "operator_cardinality": 11795244,
                                                                                    "cumulative_rows_scanned": 15645368,
                                                                                    "operator_rows_scanned": 0,
                                                                                    "operator_timing": 0.03974428299999987,
                                                                                    "result_set_size": 754895616,
                                                                                    "children": [
                                                                                        {
                                                                                            "operator_name": "HASH_JOIN",
                                                                                            "cpu_time": 1.895875700000004,
                                                                                            "extra_info": {
                                                                                                "Join Type": "RIGHT",
                                                                                                "Conditions": "postid = id",
                                                                                                "Estimated Cardinality": "11795244"
                                                                                            },
                                                                                            "cumulative_cardinality": 35140843,
                                                                                            "operator_type": "HASH_JOIN",
                                                                                            "operator_cardinality": 11795244,
                                                                                            "cumulative_rows_scanned": 15645368,
                                                                                            "operator_rows_scanned": 0,
                                                                                            "operator_timing": 1.0873062350000042,
                                                                                            "result_set_size": 731305128,
                                                                                            "children": [
                                                                                                {
                                                                                                    "operator_name": "READ_PARQUET ",
                                                                                                    "cpu_time": 0.3320961799999993,
                                                                                                    "extra_info": {
                                                                                                        "Function": "READ_PARQUET",
                                                                                                        "Projections": [
                                                                                                            "postid",
                                                                                                            "creationdate"
                                                                                                        ],
                                                                                                        "Estimated Cardinality": "11795244"
                                                                                                    },
                                                                                                    "cumulative_cardinality": 11795244,
                                                                                                    "operator_type": "TABLE_SCAN",
                                                                                                    "operator_cardinality": 11795244,
                                                                                                    "cumulative_rows_scanned": 11795244,
                                                                                                    "operator_rows_scanned": 11795244,
                                                                                                    "operator_timing": 0.3320961799999993,
                                                                                                    "result_set_size": 141542928,
                                                                                                    "children": []
                                                                                                },
                                                                                                {
                                                                                                    "operator_name": "PROJECTION",
                                                                                                    "cpu_time": 0.4764732850000004,
                                                                                                    "extra_info": {
                                                                                                        "Projections": [
                                                                                                            "#0",
                                                                                                            "#1",
                                                                                                            "__internal_compress_integral_usmallint(#2, -72)",
                                                                                                            "#3",
                                                                                                            "#4",
                                                                                                            "#5",
                                                                                                            "#6"
                                                                                                        ],
                                                                                                        "Estimated Cardinality": "3850116"
                                                                                                    },
                                                                                                    "cumulative_cardinality": 11550355,
                                                                                                    "operator_type": "PROJECTION",
                                                                                                    "operator_cardinality": 3850116,
                                                                                                    "cumulative_rows_scanned": 3850124,
                                                                                                    "operator_rows_scanned": 0,
                                                                                                    "operator_timing": 0.0020426900000000037,
                                                                                                    "result_set_size": 207906264,
                                                                                                    "children": [
                                                                                                        {
                                                                                                            "operator_name": "HASH_JOIN",
                                                                                                            "cpu_time": 0.4744305950000004,
                                                                                                            "extra_info": {
                                                                                                                "Join Type": "INNER",
                                                                                                                "Conditions": "posttypeid = id",
                                                                                                                "Estimated Cardinality": "3850116"
                                                                                                            },
                                                                                                            "cumulative_cardinality": 7700239,
                                                                                                            "operator_type": "HASH_JOIN",
                                                                                                            "operator_cardinality": 3850116,
                                                                                                            "cumulative_rows_scanned": 3850124,
                                                                                                            "operator_rows_scanned": 0,
                                                                                                            "operator_timing": 0.008727849000000013,
                                                                                                            "result_set_size": 215606496,
                                                                                                            "children": [
                                                                                                                {
                                                                                                                    "operator_name": "READ_PARQUET ",
                                                                                                                    "cpu_time": 0.4653702850000004,
                                                                                                                    "extra_info": {
                                                                                                                        "Function": "READ_PARQUET",
                                                                                                                        "Projections": [
                                                                                                                            "id",
                                                                                                                            "posttypeid",
                                                                                                                            "creationdate",
                                                                                                                            "score",
                                                                                                                            "viewcount",
                                                                                                                            "owneruserid",
                                                                                                                            "title"
                                                                                                                        ],
                                                                                                                        "Estimated Cardinality": "3850116"
                                                                                                                    },
                                                                                                                    "cumulative_cardinality": 3850116,
                                                                                                                    "operator_type": "TABLE_SCAN",
                                                                                                                    "operator_cardinality": 3850116,
                                                                                                                    "cumulative_rows_scanned": 3850116,
                                                                                                                    "operator_rows_scanned": 3850116,
                                                                                                                    "operator_timing": 0.4653702850000004,
                                                                                                                    "result_set_size": 161704872,
                                                                                                                    "children": []
                                                                                                                },
                                                                                                                {
                                                                                                                    "operator_name": "READ_PARQUET ",
                                                                                                                    "cpu_time": 0.000332461,
                                                                                                                    "extra_info": {
                                                                                                                        "Function": "READ_PARQUET",
                                                                                                                        "Projections": [
                                                                                                                            "id",
                                                                                                                            "name"
                                                                                                                        ],
                                                                                                                        "Filters": "id<=7",
                                                                                                                        "Estimated Cardinality": "8"
                                                                                                                    },
                                                                                                                    "cumulative_cardinality": 7,
                                                                                                                    "operator_type": "TABLE_SCAN",
                                                                                                                    "operator_cardinality": 7,
                                                                                                                    "cumulative_rows_scanned": 8,
                                                                                                                    "operator_rows_scanned": 8,
                                                                                                                    "operator_timing": 0.000332461,
                                                                                                                    "result_set_size": 126,
                                                                                                                    "children": []
                                                                                                                }
                                                                                                            ]
                                                                                                        }
                                                                                                    ]
                                                                                                }
                                                                                            ]
                                                                                        }
                                                                                    ]
                                                                                }
                                                                            ]
                                                                        },
                                                                        {
                                                                            "operator_name": "HASH_GROUP_BY",
                                                                            "cpu_time": 2.8836561099999996,
                                                                            "extra_info": {
                                                                                "Groups": [
                                                                                    "#0",
                                                                                    "#1",
                                                                                    "#2"
                                                                                ],
                                                                                "Aggregates": [
                                                                                    "count(DISTINCT #3)",
                                                                                    "sum(#4)",
                                                                                    "sum(#5)",
                                                                                    "sum(#6)"
                                                                                ],
                                                                                "Estimated Cardinality": "1260710"
                                                                            },
                                                                            "cumulative_cardinality": 50874178,
                                                                            "operator_type": "HASH_GROUP_BY",
                                                                            "operator_cardinality": 1260710,
                                                                            "cumulative_rows_scanned": 12352648,
                                                                            "operator_rows_scanned": 0,
                                                                            "operator_timing": 1.6433362479999998,
                                                                            "result_set_size": 100856800,
                                                                            "children": [
                                                                                {
                                                                                    "operator_name": "PROJECTION",
                                                                                    "cpu_time": 1.2403198619999998,
                                                                                    "extra_info": {
                                                                                        "Projections": [
                                                                                            "id",
                                                                                            "displayname",
                                                                                            "reputation",
                                                                                            "id",
                                                                                            "CASE  WHEN ((posttypeid = 1)) THEN (1) ELSE 0 END",
                                                                                            "CASE  WHEN ((posttypeid = 2)) THEN (1) ELSE 0 END",
                                                                                            "CASE  WHEN ((id IS NOT NULL)) THEN (1) ELSE 0 END"
                                                                                        ],
                                                                                        "Estimated Cardinality": "7241822"
                                                                                    },
                                                                                    "cumulative_cardinality": 49613468,
                                                                                    "operator_type": "PROJECTION",
                                                                                    "operator_cardinality": 9425510,
                                                                                    "cumulative_rows_scanned": 12352648,
                                                                                    "operator_rows_scanned": 0,
                                                                                    "operator_timing": 0.05370843000000003,
                                                                                    "result_set_size": 377020400,
                                                                                    "children": [
                                                                                        {
                                                                                            "operator_name": "PROJECTION",
                                                                                            "cpu_time": 1.1866114319999996,
                                                                                            "extra_info": {
                                                                                                "Projections": [
                                                                                                    "#0",
                                                                                                    "#1",
                                                                                                    "__internal_decompress_integral_smallint(#2, 1)",
                                                                                                    "#3",
                                                                                                    "#4",
                                                                                                    "#5"
                                                                                                ],
                                                                                                "Estimated Cardinality": "7241822"
                                                                                            },
                                                                                            "cumulative_cardinality": 40187958,
                                                                                            "operator_type": "PROJECTION",
                                                                                            "operator_cardinality": 9425510,
                                                                                            "cumulative_rows_scanned": 12352648,
                                                                                            "operator_rows_scanned": 0,
                                                                                            "operator_timing": 0.004945476999999997,
                                                                                            "result_set_size": 320467340,
                                                                                            "children": [
                                                                                                {
                                                                                                    "operator_name": "HASH_JOIN",
                                                                                                    "cpu_time": 1.1816659549999997,
                                                                                                    "extra_info": {
                                                                                                        "Join Type": "RIGHT",
                                                                                                        "Conditions": "postid = id",
                                                                                                        "Estimated Cardinality": "7241822"
                                                                                                    },
                                                                                                    "cumulative_cardinality": 30762448,
                                                                                                    "operator_type": "HASH_JOIN",
                                                                                                    "operator_cardinality": 9425510,
                                                                                                    "cumulative_rows_scanned": 12352648,
                                                                                                    "operator_rows_scanned": 0,
                                                                                                    "operator_timing": 0.6365740630000005,
                                                                                                    "result_set_size": 311041830,
                                                                                                    "children": [
                                                                                                        {
                                                                                                            "operator_name": "READ_PARQUET ",
                                                                                                            "cpu_time": 0.11659798099999977,
                                                                                                            "extra_info": {
                                                                                                                "Function": "READ_PARQUET",
                                                                                                                "Projections": [
                                                                                                                    "id",
                                                                                                                    "postid"
                                                                                                                ],
                                                                                                                "Estimated Cardinality": "7241822"
                                                                                                            },
                                                                                                            "cumulative_cardinality": 7241822,
                                                                                                            "operator_type": "TABLE_SCAN",
                                                                                                            "operator_cardinality": 7241822,
                                                                                                            "cumulative_rows_scanned": 7241822,
                                                                                                            "operator_rows_scanned": 7241822,
                                                                                                            "operator_timing": 0.11659798099999977,
                                                                                                            "result_set_size": 57934576,
                                                                                                            "children": []
                                                                                                        },
                                                                                                        {
                                                                                                            "operator_name": "PROJECTION",
                                                                                                            "cpu_time": 0.42849391099999934,
                                                                                                            "extra_info": {
                                                                                                                "Projections": [
                                                                                                                    "#0",
                                                                                                                    "__internal_compress_integral_utinyint(#1, 1)",
                                                                                                                    "#2",
                                                                                                                    "#3",
                                                                                                                    "#4"
                                                                                                                ],
                                                                                                                "Estimated Cardinality": "3850116"
                                                                                                            },
                                                                                                            "cumulative_cardinality": 14095116,
                                                                                                            "operator_type": "PROJECTION",
                                                                                                            "operator_cardinality": 4574495,
                                                                                                            "cumulative_rows_scanned": 5110826,
                                                                                                            "operator_rows_scanned": 0,
                                                                                                            "operator_timing": 0.002196945000000003,
                                                                                                            "result_set_size": 132660355,
                                                                                                            "children": [
                                                                                                                {
                                                                                                                    "operator_name": "HASH_JOIN",
                                                                                                                    "cpu_time": 0.42629696599999933,
                                                                                                                    "extra_info": {
                                                                                                                        "Join Type": "RIGHT",
                                                                                                                        "Conditions": "owneruserid = id",
                                                                                                                        "Estimated Cardinality": "3850116"
                                                                                                                    },
                                                                                                                    "cumulative_cardinality": 9520621,
                                                                                                                    "operator_type": "HASH_JOIN",
                                                                                                                    "operator_cardinality": 4574495,
                                                                                                                    "cumulative_rows_scanned": 5110826,
                                                                                                                    "operator_rows_scanned": 0,
                                                                                                                    "operator_timing": 0.24440714899999963,
                                                                                                                    "result_set_size": 137234850,
                                                                                                                    "children": [
                                                                                                                        {
                                                                                                                            "operator_name": "READ_PARQUET ",
                                                                                                                            "cpu_time": 0.0988673829999998,
                                                                                                                            "extra_info": {
                                                                                                                                "Function": "READ_PARQUET",
                                                                                                                                "Projections": [
                                                                                                                                    "id",
                                                                                                                                    "posttypeid",
                                                                                                                                    "owneruserid"
                                                                                                                                ],
                                                                                                                                "Estimated Cardinality": "3850116"
                                                                                                                            },
                                                                                                                            "cumulative_cardinality": 3685416,
                                                                                                                            "operator_type": "TABLE_SCAN",
                                                                                                                            "operator_cardinality": 3685416,
                                                                                                                            "cumulative_rows_scanned": 3850116,
                                                                                                                            "operator_rows_scanned": 3850116,
                                                                                                                            "operator_timing": 0.0988673829999998,
                                                                                                                            "result_set_size": 36854160,
                                                                                                                            "children": []
                                                                                                                        },
                                                                                                                        {
                                                                                                                            "operator_name": "READ_PARQUET ",
                                                                                                                            "cpu_time": 0.08302243399999994,
                                                                                                                            "extra_info": {
                                                                                                                                "Function": "READ_PARQUET",
                                                                                                                                "Projections": [
                                                                                                                                    "id",
                                                                                                                                    "reputation",
                                                                                                                                    "displayname"
                                                                                                                                ],
                                                                                                                                "Estimated Cardinality": "252142"
                                                                                                                            },
                                                                                                                            "cumulative_cardinality": 1260710,
                                                                                                                            "operator_type": "TABLE_SCAN",
                                                                                                                            "operator_cardinality": 1260710,
                                                                                                                            "cumulative_rows_scanned": 1260710,
                                                                                                                            "operator_rows_scanned": 1260710,
                                                                                                                            "operator_timing": 0.08302243399999994,
                                                                                                                            "result_set_size": 30257040,
                                                                                                                            "children": []
                                                                                                                        }
                                                                                                                    ]
                                                                                                                }
                                                                                                            ]
                                                                                                        }
                                                                                                    ]
                                                                                                }
                                                                                            ]
                                                                                        }
                                                                                    ]
                                                                                }
                                                                            ]
                                                                        }
                                                                    ]
                                                                }
                                                            ]
                                                        }
                                                    ]
                                                }
                                            ]
                                        }
                                    ]
                                }
                            ]
                        }
                    ]
                }
            ]
        }
    ]
}