{
    "rows_returned": 7,
    "query_name": "\nSELECT\n    pt.Name AS PostType,\n    COUNT(p.Id) AS TotalPosts,\n    AVG(CASE WHEN p.PostTypeId = 1 THEN COALESCE(p.AnswerCount, 0) ELSE NULL END) AS AvgAnswersPerQuestion,\n    SUM(CASE WHEN v.VoteTypeId = 2 OR v.VoteTypeId = 3 THEN 1 ELSE 0 END) AS TotalVotes  \nFROM\n    Posts p\nJOIN\n    PostTypes pt ON p.PostTypeId = pt.Id\nLEFT JOIN\n    Votes v ON p.Id = v.PostId\nGROUP BY\n    pt.Name\nORDER BY\n    TotalPosts DESC;\n",
    "blocked_thread_time": 0.0,
    "cpu_time": 1.4640373460000036,
    "extra_info": {},
    "cumulative_cardinality": 58363080,
    "cumulative_rows_scanned": 16594217,
    "result_set_size": 336,
    "latency": 1.728987865,
    "children": [
        {
            "operator_name": "ORDER_BY",
            "cpu_time": 1.4640373460000036,
            "extra_info": {
                "Order By": "count(p.Id) DESC"
            },
            "cumulative_cardinality": 58363080,
            "operator_type": "ORDER_BY",
            "operator_cardinality": 7,
            "cumulative_rows_scanned": 16594217,
            "operator_rows_scanned": 0,
            "operator_timing": 0.000024737,
            "result_set_size": 336,
            "children": [
                {
                    "operator_name": "HASH_GROUP_BY",
                    "cpu_time": 1.4640126090000036,
                    "extra_info": {
                        "Groups": "#0",
                        "Aggregates": [
                            "count_star()",
                            "avg(#1)",
                            "sum(#2)"
                        ],
                        "Estimated Cardinality": "3850116"
                    },
                    "cumulative_cardinality": 58363073,
                    "operator_type": "HASH_GROUP_BY",
                    "operator_cardinality": 7,
                    "cumulative_rows_scanned": 16594217,
                    "operator_rows_scanned": 0,
                    "operator_timing": 0.22818361799999953,
                    "result_set_size": 336,
                    "children": [
                        {
                            "operator_name": "PROJECTION",
                            "cpu_time": 1.235828991000004,
                            "extra_info": {
                                "Projections": [
                                    "name",
                                    "CASE  WHEN ((posttypeid = 1)) THEN (COALESCE(answercount, 0)) ELSE NULL END",
                                    "CASE  WHEN (((votetypeid = 2) OR (votetypeid = 3))) THEN (1) ELSE 0 END"
                                ],
                                "Estimated Cardinality": "12744093"
                            },
                            "cumulative_cardinality": 58363066,
                            "operator_type": "PROJECTION",
                            "operator_cardinality": 11356206,
                            "cumulative_rows_scanned": 16594217,
                            "operator_rows_scanned": 0,
                            "operator_timing": 0.15042770599999966,
                            "result_set_size": 272548944,
                            "children": [
                                {
                                    "operator_name": "PROJECTION",
                                    "cpu_time": 1.0854012850000043,
                                    "extra_info": {
                                        "Projections": [
                                            "#0",
                                            "#1",
                                            "__internal_decompress_integral_smallint(#2, 1)",
                                            "__internal_decompress_integral_integer(#3, 0)",
                                            "#4"
                                        ],
                                        "Estimated Cardinality": "12744093"
                                    },
                                    "cumulative_cardinality": 47006860,
                                    "operator_type": "PROJECTION",
                                    "operator_cardinality": 11356206,
                                    "cumulative_rows_scanned": 16594217,
                                    "operator_rows_scanned": 0,
                                    "operator_timing": 0.024333920999999852,
                                    "result_set_size": 317973768,
                                    "children": [
                                        {
                                            "operator_name": "HASH_JOIN",
                                            "cpu_time": 1.0610673640000046,
                                            "extra_info": {
                                                "Join Type": "RIGHT",
                                                "Conditions": "postid = id",
                                                "Estimated Cardinality": "12744093"
                                            },
                                            "cumulative_cardinality": 35650654,
                                            "operator_type": "HASH_JOIN",
                                            "operator_cardinality": 11356206,
                                            "cumulative_rows_scanned": 16594217,
                                            "operator_rows_scanned": 0,
                                            "operator_timing": 0.7651588560000043,
                                            "result_set_size": 272548944,
                                            "children": [
                                                {
                                                    "operator_name": "READ_PARQUET ",
                                                    "cpu_time": 0.201213725,
                                                    "extra_info": {
                                                        "Function": "READ_PARQUET",
                                                        "Projections": [
                                                            "postid",
                                                            "votetypeid"
                                                        ],
                                                        "Estimated Cardinality": "12744093"
                                                    },
                                                    "cumulative_cardinality": 12744093,
                                                    "operator_type": "TABLE_SCAN",
                                                    "operator_cardinality": 12744093,
                                                    "cumulative_rows_scanned": 12744093,
                                                    "operator_rows_scanned": 12744093,
                                                    "operator_timing": 0.201213725,
                                                    "result_set_size": 76464558,
                                                    "children": []
                                                },
                                                {
                                                    "operator_name": "PROJECTION",
                                                    "cpu_time": 0.09469478300000013,
                                                    "extra_info": {
                                                        "Projections": [
                                                            "#0",
                                                            "__internal_compress_integral_utinyint(#1, 1)",
                                                            "__internal_compress_integral_utinyint(#2, 0)",
                                                            "#3"
                                                        ],
                                                        "Estimated Cardinality": "3850116"
                                                    },
                                                    "cumulative_cardinality": 11550355,
                                                    "operator_type": "PROJECTION",
                                                    "operator_cardinality": 3850116,
                                                    "cumulative_rows_scanned": 3850124,
                                                    "operator_rows_scanned": 0,
                                                    "operator_timing": 0.002184876999999997,
                                                    "result_set_size": 84702552,
                                                    "children": [
                                                        {
                                                            "operator_name": "HASH_JOIN",
                                                            "cpu_time": 0.09250990600000013,
                                                            "extra_info": {
                                                                "Join Type": "INNER",
                                                                "Conditions": "posttypeid = id",
                                                                "Estimated Cardinality": "3850116"
                                                            },
                                                            "cumulative_cardinality": 7700239,
                                                            "operator_type": "HASH_JOIN",
                                                            "operator_cardinality": 3850116,
                                                            "cumulative_rows_scanned": 3850124,
                                                            "operator_rows_scanned": 0,
                                                            "operator_timing": 0.007729461999999988,
                                                            "result_set_size": 100103016,
                                                            "children": [
                                                                {
                                                                    "operator_name": "READ_PARQUET ",
                                                                    "cpu_time": 0.08427112200000013,
                                                                    "extra_info": {
                                                                        "Function": "READ_PARQUET",
                                                                        "Projections": [
                                                                            "id",
                                                                            "posttypeid",
                                                                            "answercount"
                                                                        ],
                                                                        "Estimated Cardinality": "3850116"
                                                                    },
                                                                    "cumulative_cardinality": 3850116,
                                                                    "operator_type": "TABLE_SCAN",
                                                                    "operator_cardinality": 3850116,
                                                                    "cumulative_rows_scanned": 3850116,
                                                                    "operator_rows_scanned": 3850116,
                                                                    "operator_timing": 0.08427112200000013,
                                                                    "result_set_size": 38501160,
                                                                    "children": []
                                                                },
                                                                {
                                                                    "operator_name": "READ_PARQUET ",
                                                                    "cpu_time": 0.0005093220000000001,
                                                                    "extra_info": {
                                                                        "Function": "READ_PARQUET",
                                                                        "Projections": [
                                                                            "id",
                                                                            "name"
                                                                        ],
                                                                        "Filters": "id<=7",
                                                                        "Estimated Cardinality": "8"
                                                                    },
                                                                    "cumulative_cardinality": 7,
                                                                    "operator_type": "TABLE_SCAN",
                                                                    "operator_cardinality": 7,
                                                                    "cumulative_rows_scanned": 8,
                                                                    "operator_rows_scanned": 8,
                                                                    "operator_timing": 0.0005093220000000001,
                                                                    "result_set_size": 126,
                                                                    "children": []
                                                                }
                                                            ]
                                                        }
                                                    ]
                                                }
                                            ]
                                        }
                                    ]
                                }
                            ]
                        }
                    ]
                }
            ]
        }
    ]
}