{
    "rows_returned": 282,
    "query_name": "\nWITH PostStats AS (\n    SELECT \n        p.Id AS PostId,\n        p.Title,\n        p.CreationDate,\n        p.Score,\n        p.ViewCount,\n        p.AnswerCount,\n        COUNT(c.Id) AS CommentCount,\n        COALESCE(SUM(CASE WHEN v.VoteTypeId = 2 THEN 1 ELSE 0 END), 0) AS UpVotes,\n        COALESCE(SUM(CASE WHEN v.VoteTypeId = 3 THEN 1 ELSE 0 END), 0) AS DownVotes,\n        COALESCE(MAX(b.Id), 0) AS UserBadges\n    FROM \n        Posts p\n    LEFT JOIN \n        Votes v ON p.Id = v.PostId\n    LEFT JOIN \n        Comments c ON p.Id = c.PostId\n    LEFT JOIN \n        Badges b ON p.OwnerUserId = b.UserId\n    WHERE \n        p.CreationDate >= '2023-01-01' \n    GROUP BY \n        p.Id, p.Title, p.CreationDate, p.Score, p.ViewCount, p.AnswerCount\n),\nUserStats AS (\n    SELECT \n        u.Id AS UserId,\n        u.DisplayName,\n        SUM(CASE WHEN b.Class = 1 THEN 1 ELSE 0 END) AS GoldBadges,\n        SUM(CASE WHEN b.Class = 2 THEN 1 ELSE 0 END) AS SilverBadges,\n        SUM(CASE WHEN b.Class = 3 THEN 1 ELSE 0 END) AS BronzeBadges,\n        COUNT(DISTINCT p.Id) AS PostsCount\n    FROM \n        Users u\n    LEFT JOIN \n        Posts p ON u.Id = p.OwnerUserId\n    LEFT JOIN \n        Badges b ON u.Id = b.UserId\n    WHERE \n        u.CreationDate >= '2023-01-01' \n    GROUP BY \n        u.Id, u.DisplayName\n)\nSELECT \n    ps.PostId,\n    ps.Title,\n    ps.CreationDate,\n    ps.Score,\n    ps.ViewCount,\n    ps.AnswerCount,\n    ps.CommentCount,\n    ps.UpVotes,\n    ps.DownVotes,\n    us.UserId,\n    us.DisplayName,\n    us.GoldBadges,\n    us.SilverBadges,\n    us.BronzeBadges,\n    us.PostsCount\nFROM \n    PostStats ps\nJOIN \n    UserStats us ON ps.UserBadges = us.UserId\nORDER BY \n    ps.CreationDate DESC;\n",
    "blocked_thread_time": 0.0,
    "cpu_time": 10.733779577000004,
    "extra_info": {},
    "cumulative_cardinality": 566322286,
    "cumulative_rows_scanned": 33590305,
    "result_set_size": 43992,
    "latency": 12.341782804,
    "children": [
        {
            "operator_name": "PROJECTION",
            "cpu_time": 10.733779577000004,
            "extra_info": {
                "Projections": [
                    "#0",
                    "#1",
                    "#2",
                    "__internal_decompress_integral_integer(#3, -72)",
                    "#4",
                    "__internal_decompress_integral_integer(#5, 0)",
                    "#6",
                    "#7",
                    "#8",
                    "#9",
                    "#10",
                    "#11",
                    "#12",
                    "#13",
                    "#14"
                ],
                "Estimated Cardinality": "4853879742360"
            },
            "cumulative_cardinality": 566322286,
            "operator_type": "PROJECTION",
            "operator_cardinality": 282,
            "cumulative_rows_scanned": 33590305,
            "operator_rows_scanned": 0,
            "operator_timing": 0.000002655,
            "result_set_size": 43992,
            "children": [
                {
                    "operator_name": "ORDER_BY",
                    "cpu_time": 10.733776922000004,
                    "extra_info": {
                        "Order By": "ps.CreationDate DESC"
                    },
                    "cumulative_cardinality": 566322004,
                    "operator_type": "ORDER_BY",
                    "operator_cardinality": 282,
                    "cumulative_rows_scanned": 33590305,
                    "operator_rows_scanned": 0,
                    "operator_timing": 0.000104776,
                    "result_set_size": 42582,
                    "children": [
                        {
                            "operator_name": "PROJECTION",
                            "cpu_time": 10.733672146000004,
                            "extra_info": {
                                "Projections": [
                                    "#0",
                                    "#1",
                                    "#2",
                                    "__internal_compress_integral_usmallint(#3, -72)",
                                    "#4",
                                    "__internal_compress_integral_utinyint(#5, 0)",
                                    "#6",
                                    "#7",
                                    "#8",
                                    "#9",
                                    "#10",
                                    "#11",
                                    "#12",
                                    "#13",
                                    "#14"
                                ],
                                "Estimated Cardinality": "4853879742360"
                            },
                            "cumulative_cardinality": 566321722,
                            "operator_type": "PROJECTION",
                            "operator_cardinality": 282,
                            "cumulative_rows_scanned": 33590305,
                            "operator_rows_scanned": 0,
                            "operator_timing": 0.000008806,
                            "result_set_size": 42582,
                            "children": [
                                {
                                    "operator_name": "HASH_JOIN",
                                    "cpu_time": 10.733663340000003,
                                    "extra_info": {
                                        "Join Type": "INNER",
                                        "Conditions": "UserBadges = UserId",
                                        "Estimated Cardinality": "4853879742360"
                                    },
                                    "cumulative_cardinality": 566321440,
                                    "operator_type": "HASH_JOIN",
                                    "operator_cardinality": 282,
                                    "cumulative_rows_scanned": 33590305,
                                    "operator_rows_scanned": 0,
                                    "operator_timing": 0.012448517999999997,
                                    "result_set_size": 43992,
                                    "children": [
                                        {
                                            "operator_name": "PROJECTION",
                                            "cpu_time": 10.282193249000004,
                                            "extra_info": {
                                                "Projections": [
                                                    "PostId",
                                                    "title",
                                                    "creationdate",
                                                    "score",
                                                    "viewcount",
                                                    "answercount",
                                                    "CommentCount",
                                                    "UpVotes",
                                                    "DownVotes",
                                                    "UserBadges"
                                                ],
                                                "Estimated Cardinality": "3850116"
                                            },
                                            "cumulative_cardinality": 558099700,
                                            "operator_type": "PROJECTION",
                                            "operator_cardinality": 265255,
                                            "cumulative_rows_scanned": 26157755,
                                            "operator_rows_scanned": 0,
                                            "operator_timing": 0.0039119229999999994,
                                            "result_set_size": 22281420,
                                            "children": [
                                                {
                                                    "operator_name": "PROJECTION",
                                                    "cpu_time": 10.278281326000004,
                                                    "extra_info": {
                                                        "Projections": [
                                                            "#0",
                                                            "#1",
                                                            "#2",
                                                            "__internal_decompress_integral_integer(#3, -72)",
                                                            "#4",
                                                            "__internal_decompress_integral_integer(#5, 0)",
                                                            "#6",
                                                            "#7",
                                                            "#8",
                                                            "#9"
                                                        ],
                                                        "Estimated Cardinality": "3850116"
                                                    },
                                                    "cumulative_cardinality": 557834445,
                                                    "operator_type": "PROJECTION",
                                                    "operator_cardinality": 265255,
                                                    "cumulative_rows_scanned": 26157755,
                                                    "operator_rows_scanned": 0,
                                                    "operator_timing": 0.0008978849999999999,
                                                    "result_set_size": 22281420,
                                                    "children": [
                                                        {
                                                            "operator_name": "HASH_GROUP_BY",
                                                            "cpu_time": 10.277383441000003,
                                                            "extra_info": {
                                                                "Groups": [
                                                                    "#0",
                                                                    "#1",
                                                                    "#2",
                                                                    "#3",
                                                                    "#4",
                                                                    "#5"
                                                                ],
                                                                "Aggregates": [
                                                                    "count(#6)",
                                                                    "sum(#7)",
                                                                    "sum(#8)",
                                                                    "max(#9)"
                                                                ],
                                                                "Estimated Cardinality": "3850116"
                                                            },
                                                            "cumulative_cardinality": 557569190,
                                                            "operator_type": "HASH_GROUP_BY",
                                                            "operator_cardinality": 265255,
                                                            "cumulative_rows_scanned": 26157755,
                                                            "operator_rows_scanned": 0,
                                                            "operator_timing": 6.563399533000039,
                                                            "result_set_size": 20955145,
                                                            "children": [
                                                                {
                                                                    "operator_name": "PROJECTION",
                                                                    "cpu_time": 3.713983907999964,
                                                                    "extra_info": {
                                                                        "Projections": [
                                                                            "id",
                                                                            "title",
                                                                            "creationdate",
                                                                            "score",
                                                                            "viewcount",
                                                                            "answercount",
                                                                            "id",
                                                                            "CASE  WHEN ((votetypeid = 2)) THEN (1) ELSE 0 END",
                                                                            "CASE  WHEN ((votetypeid = 3)) THEN (1) ELSE 0 END",
                                                                            "id"
                                                                        ],
                                                                        "Estimated Cardinality": "12744093"
                                                                    },
                                                                    "cumulative_cardinality": 557303935,
                                                                    "operator_type": "PROJECTION",
                                                                    "operator_cardinality": 181425993,
                                                                    "cumulative_rows_scanned": 26157755,
                                                                    "operator_rows_scanned": 0,
                                                                    "operator_timing": 0.9273967839999825,
                                                                    "result_set_size": 9252725643,
                                                                    "children": [
                                                                        {
                                                                            "operator_name": "PROJECTION",
                                                                            "cpu_time": 2.7865871239999813,
                                                                            "extra_info": {
                                                                                "Projections": [
                                                                                    "#1",
                                                                                    "#2",
                                                                                    "__internal_compress_integral_usmallint(#3, -72)",
                                                                                    "#4",
                                                                                    "#5",
                                                                                    "__internal_compress_integral_utinyint(#6, 0)",
                                                                                    "#0",
                                                                                    "#7",
                                                                                    "#8"
                                                                                ],
                                                                                "Estimated Cardinality": "12744093"
                                                                            },
                                                                            "cumulative_cardinality": 375877942,
                                                                            "operator_type": "PROJECTION",
                                                                            "operator_cardinality": 181425993,
                                                                            "cumulative_rows_scanned": 26157755,
                                                                            "operator_rows_scanned": 0,
                                                                            "operator_timing": 0.5189491459999883,
                                                                            "result_set_size": 8164169685,
                                                                            "children": [
                                                                                {
                                                                                    "operator_name": "HASH_JOIN",
                                                                                    "cpu_time": 2.267637977999993,
                                                                                    "extra_info": {
                                                                                        "Join Type": "LEFT",
                                                                                        "Conditions": "owneruserid = userid",
                                                                                        "Estimated Cardinality": "12744093"
                                                                                    },
                                                                                    "cumulative_cardinality": 194451949,
                                                                                    "operator_type": "HASH_JOIN",
                                                                                    "operator_cardinality": 181425993,
                                                                                    "cumulative_rows_scanned": 26157755,
                                                                                    "operator_rows_scanned": 0,
                                                                                    "operator_timing": 1.613575946999993,
                                                                                    "result_set_size": 9071299650,
                                                                                    "children": [
                                                                                        {
                                                                                            "operator_name": "HASH_JOIN",
                                                                                            "cpu_time": 0.630227756,
                                                                                            "extra_info": {
                                                                                                "Join Type": "LEFT",
                                                                                                "Conditions": "id = postid",
                                                                                                "Estimated Cardinality": "12744093"
                                                                                            },
                                                                                            "cumulative_cardinality": 10704232,
                                                                                            "operator_type": "HASH_JOIN",
                                                                                            "operator_cardinality": 1773112,
                                                                                            "cumulative_rows_scanned": 23836031,
                                                                                            "operator_rows_scanned": 0,
                                                                                            "operator_timing": 0.38583648200000004,
                                                                                            "result_set_size": 88655600,
                                                                                            "children": [
                                                                                                {
                                                                                                    "operator_name": "HASH_JOIN",
                                                                                                    "cpu_time": 0.17146303600000004,
                                                                                                    "extra_info": {
                                                                                                        "Join Type": "RIGHT",
                                                                                                        "Conditions": "postid = id",
                                                                                                        "Estimated Cardinality": "12744093"
                                                                                                    },
                                                                                                    "cumulative_cardinality": 1689298,
                                                                                                    "operator_type": "HASH_JOIN",
                                                                                                    "operator_cardinality": 621265,
                                                                                                    "cumulative_rows_scanned": 16594209,
                                                                                                    "operator_rows_scanned": 0,
                                                                                                    "operator_timing": 0.068979474,
                                                                                                    "result_set_size": 28578190,
                                                                                                    "children": [
                                                                                                        {
                                                                                                            "operator_name": "READ_PARQUET ",
                                                                                                            "cpu_time": 0.02106258999999998,
                                                                                                            "extra_info": {
                                                                                                                "Function": "READ_PARQUET",
                                                                                                                "Projections": [
                                                                                                                    "postid",
                                                                                                                    "votetypeid"
                                                                                                                ],
                                                                                                                "Estimated Cardinality": "12744093"
                                                                                                            },
                                                                                                            "cumulative_cardinality": 802778,
                                                                                                            "operator_type": "TABLE_SCAN",
                                                                                                            "operator_cardinality": 802778,
                                                                                                            "cumulative_rows_scanned": 12744093,
                                                                                                            "operator_rows_scanned": 12744093,
                                                                                                            "operator_timing": 0.02106258999999998,
                                                                                                            "result_set_size": 4816668,
                                                                                                            "children": []
                                                                                                        },
                                                                                                        {
                                                                                                            "operator_name": "READ_PARQUET ",
                                                                                                            "cpu_time": 0.08142097200000006,
                                                                                                            "extra_info": {
                                                                                                                "Function": "READ_PARQUET",
                                                                                                                "Projections": [
                                                                                                                    "id",
                                                                                                                    "creationdate",
                                                                                                                    "score",
                                                                                                                    "viewcount",
                                                                                                                    "owneruserid",
                                                                                                                    "title",
                                                                                                                    "answercount"
                                                                                                                ],
                                                                                                                "Filters": "creationdate>='2023-01-01 00:00:00'::TIMESTAMP",
                                                                                                                "Estimated Cardinality": "770023"
                                                                                                            },
                                                                                                            "cumulative_cardinality": 265255,
                                                                                                            "operator_type": "TABLE_SCAN",
                                                                                                            "operator_cardinality": 265255,
                                                                                                            "cumulative_rows_scanned": 3850116,
                                                                                                            "operator_rows_scanned": 3850116,
                                                                                                            "operator_timing": 0.08142097200000006,
                                                                                                            "result_set_size": 11671220,
                                                                                                            "children": []
                                                                                                        }
                                                                                                    ]
                                                                                                },
                                                                                                {
                                                                                                    "operator_name": "READ_PARQUET ",
                                                                                                    "cpu_time": 0.0729282379999999,
                                                                                                    "extra_info": {
                                                                                                        "Function": "READ_PARQUET",
                                                                                                        "Projections": [
                                                                                                            "id",
                                                                                                            "postid"
                                                                                                        ],
                                                                                                        "Estimated Cardinality": "7241822"
                                                                                                    },
                                                                                                    "cumulative_cardinality": 7241822,
                                                                                                    "operator_type": "TABLE_SCAN",
                                                                                                    "operator_cardinality": 7241822,
                                                                                                    "cumulative_rows_scanned": 7241822,
                                                                                                    "operator_rows_scanned": 7241822,
                                                                                                    "operator_timing": 0.0729282379999999,
                                                                                                    "result_set_size": 57934576,
                                                                                                    "children": []
                                                                                                }
                                                                                            ]
                                                                                        },
                                                                                        {
                                                                                            "operator_name": "READ_PARQUET ",
                                                                                            "cpu_time": 0.023834274999999985,
                                                                                            "extra_info": {
                                                                                                "Function": "READ_PARQUET",
                                                                                                "Projections": [
                                                                                                    "id",
                                                                                                    "userid"
                                                                                                ],
                                                                                                "Estimated Cardinality": "2321724"
                                                                                            },
                                                                                            "cumulative_cardinality": 2321724,
                                                                                            "operator_type": "TABLE_SCAN",
                                                                                            "operator_cardinality": 2321724,
                                                                                            "cumulative_rows_scanned": 2321724,
                                                                                            "operator_rows_scanned": 2321724,
                                                                                            "operator_timing": 0.023834274999999985,
                                                                                            "result_set_size": 18573792,
                                                                                            "children": []
                                                                                        }
                                                                                    ]
                                                                                }
                                                                            ]
                                                                        }
                                                                    ]
                                                                }
                                                            ]
                                                        }
                                                    ]
                                                }
                                            ]
                                        },
                                        {
                                            "operator_name": "HASH_GROUP_BY",
                                            "cpu_time": 0.4390215730000001,
                                            "extra_info": {
                                                "Groups": [
                                                    "#0",
                                                    "#1"
                                                ],
                                                "Aggregates": [
                                                    "sum(#2)",
                                                    "sum(#3)",
                                                    "sum(#4)",
                                                    "count(DISTINCT #5)"
                                                ],
                                                "Estimated Cardinality": "1260710"
                                            },
                                            "cumulative_cardinality": 8221458,
                                            "operator_type": "HASH_GROUP_BY",
                                            "operator_cardinality": 275301,
                                            "cumulative_rows_scanned": 7432550,
                                            "operator_rows_scanned": 0,
                                            "operator_timing": 0.15257686800000006,
                                            "result_set_size": 20922876,
                                            "children": [
                                                {
                                                    "operator_name": "PROJECTION",
                                                    "cpu_time": 0.286444705,
                                                    "extra_info": {
                                                        "Projections": [
                                                            "id",
                                                            "displayname",
                                                            "CASE  WHEN ((class = 1)) THEN (1) ELSE 0 END",
                                                            "CASE  WHEN ((class = 2)) THEN (1) ELSE 0 END",
                                                            "CASE  WHEN ((class = 3)) THEN (1) ELSE 0 END",
                                                            "id"
                                                        ],
                                                        "Estimated Cardinality": "3850116"
                                                    },
                                                    "cumulative_cardinality": 7946157,
                                                    "operator_type": "PROJECTION",
                                                    "operator_cardinality": 882102,
                                                    "cumulative_rows_scanned": 7432550,
                                                    "operator_rows_scanned": 0,
                                                    "operator_timing": 0.004681685000000005,
                                                    "result_set_size": 31755672,
                                                    "children": [
                                                        {
                                                            "operator_name": "PROJECTION",
                                                            "cpu_time": 0.28176302000000003,
                                                            "extra_info": {
                                                                "Projections": [
                                                                    "#0",
                                                                    "#1",
                                                                    "#2",
                                                                    "__internal_decompress_integral_smallint(#3, 1)"
                                                                ],
                                                                "Estimated Cardinality": "3850116"
                                                            },
                                                            "cumulative_cardinality": 7064055,
                                                            "operator_type": "PROJECTION",
                                                            "operator_cardinality": 882102,
                                                            "cumulative_rows_scanned": 7432550,
                                                            "operator_rows_scanned": 0,
                                                            "operator_timing": 0.00044008899999999995,
                                                            "result_set_size": 22934652,
                                                            "children": [
                                                                {
                                                                    "operator_name": "HASH_JOIN",
                                                                    "cpu_time": 0.28132293100000005,
                                                                    "extra_info": {
                                                                        "Join Type": "LEFT",
                                                                        "Conditions": "id = userid",
                                                                        "Estimated Cardinality": "3850116"
                                                                    },
                                                                    "cumulative_cardinality": 6181953,
                                                                    "operator_type": "HASH_JOIN",
                                                                    "operator_cardinality": 882102,
                                                                    "cumulative_rows_scanned": 7432550,
                                                                    "operator_rows_scanned": 0,
                                                                    "operator_timing": 0.107604336,
                                                                    "result_set_size": 22052550,
                                                                    "children": [
                                                                        {
                                                                            "operator_name": "HASH_JOIN",
                                                                            "cpu_time": 0.15290942800000001,
                                                                            "extra_info": {
                                                                                "Join Type": "RIGHT",
                                                                                "Conditions": "owneruserid = id",
                                                                                "Estimated Cardinality": "3850116"
                                                                            },
                                                                            "cumulative_cardinality": 656403,
                                                                            "operator_type": "HASH_JOIN",
                                                                            "operator_cardinality": 316246,
                                                                            "cumulative_rows_scanned": 5110826,
                                                                            "operator_rows_scanned": 0,
                                                                            "operator_timing": 0.025469316999999998,
                                                                            "result_set_size": 7589904,
                                                                            "children": [
                                                                                {
                                                                                    "operator_name": "READ_PARQUET ",
                                                                                    "cpu_time": 0.056660399,
                                                                                    "extra_info": {
                                                                                        "Function": "READ_PARQUET",
                                                                                        "Projections": [
                                                                                            "id",
                                                                                            "owneruserid"
                                                                                        ],
                                                                                        "Estimated Cardinality": "3850116"
                                                                                    },
                                                                                    "cumulative_cardinality": 64856,
                                                                                    "operator_type": "TABLE_SCAN",
                                                                                    "operator_cardinality": 64856,
                                                                                    "cumulative_rows_scanned": 3850116,
                                                                                    "operator_rows_scanned": 3850116,
                                                                                    "operator_timing": 0.056660399,
                                                                                    "result_set_size": 518848,
                                                                                    "children": []
                                                                                },
                                                                                {
                                                                                    "operator_name": "READ_PARQUET ",
                                                                                    "cpu_time": 0.07077971200000004,
                                                                                    "extra_info": {
                                                                                        "Function": "READ_PARQUET",
                                                                                        "Projections": [
                                                                                            "id",
                                                                                            "displayname"
                                                                                        ],
                                                                                        "Filters": "creationdate>='2023-01-01 00:00:00'::TIMESTAMP",
                                                                                        "Estimated Cardinality": "252142"
                                                                                    },
                                                                                    "cumulative_cardinality": 275301,
                                                                                    "operator_type": "TABLE_SCAN",
                                                                                    "operator_cardinality": 275301,
                                                                                    "cumulative_rows_scanned": 1260710,
                                                                                    "operator_rows_scanned": 1260710,
                                                                                    "operator_timing": 0.07077971200000004,
                                                                                    "result_set_size": 5506020,
                                                                                    "children": []
                                                                                }
                                                                            ]
                                                                        },
                                                                        {
                                                                            "operator_name": "PROJECTION",
                                                                            "cpu_time": 0.02080916699999999,
                                                                            "extra_info": {
                                                                                "Projections": [
                                                                                    "#0",
                                                                                    "__internal_compress_integral_utinyint(#1, 1)"
                                                                                ],
                                                                                "Estimated Cardinality": "2321724"
                                                                            },
                                                                            "cumulative_cardinality": 4643448,
                                                                            "operator_type": "PROJECTION",
                                                                            "operator_cardinality": 2321724,
                                                                            "cumulative_rows_scanned": 2321724,
                                                                            "operator_rows_scanned": 0,
                                                                            "operator_timing": 0.0005857489999999994,
                                                                            "result_set_size": 11608620,
                                                                            "children": [
                                                                                {
                                                                                    "operator_name": "READ_PARQUET ",
                                                                                    "cpu_time": 0.02022341799999999,
                                                                                    "extra_info": {
                                                                                        "Function": "READ_PARQUET",
                                                                                        "Projections": [
                                                                                            "userid",
                                                                                            "class"
                                                                                        ],
                                                                                        "Estimated Cardinality": "2321724"
                                                                                    },
                                                                                    "cumulative_cardinality": 2321724,
                                                                                    "operator_type": "TABLE_SCAN",
                                                                                    "operator_cardinality": 2321724,
                                                                                    "cumulative_rows_scanned": 2321724,
                                                                                    "operator_rows_scanned": 2321724,
                                                                                    "operator_timing": 0.02022341799999999,
                                                                                    "result_set_size": 13930344,
                                                                                    "children": []
                                                                                }
                                                                            ]
                                                                        }
                                                                    ]
                                                                }
                                                            ]
                                                        }
                                                    ]
                                                }
                                            ]
                                        }
                                    ]
                                }
                            ]
                        }
                    ]
                }
            ]
        }
    ]
}