{
    "rows_returned": 100,
    "query_name": "WITH PostStats AS (\n    SELECT \n        p.Id AS PostId,\n        p.OwnerUserId,\n        COUNT(c.Id) AS CommentCount,\n        SUM(CASE WHEN v.VoteTypeId = 2 THEN 1 ELSE 0 END) AS UpVotes,\n        SUM(CASE WHEN v.VoteTypeId = 3 THEN 1 ELSE 0 END) AS DownVotes,\n        SUM(CASE WHEN v.VoteTypeId = 5 THEN 1 ELSE 0 END) AS Favorites,\n        SUM(CASE WHEN v.VoteTypeId = 6 THEN 1 ELSE 0 END) AS CloseVotes,\n        SUM(CASE WHEN v.VoteTypeId = 7 THEN 1 ELSE 0 END) AS ReopenVotes,\n        SUM(CASE WHEN ph.PostHistoryTypeId = 10 THEN 1 ELSE 0 END) AS TotalCloseReasons,\n        SUM(CASE WHEN ph.PostHistoryTypeId IN (12, 13) THEN 1 ELSE 0 END) AS TotalDeleteUndeleteEvents\n    FROM \n        Posts p\n    LEFT JOIN \n        Comments c ON c.PostId = p.Id\n    LEFT JOIN \n        Votes v ON v.PostId = p.Id\n    LEFT JOIN \n        PostHistory ph ON ph.PostId = p.Id\n    GROUP BY \n        p.Id, p.OwnerUserId\n)\n\nSELECT \n    u.Id AS UserId,\n    u.DisplayName,\n    COUNT(ps.PostId) AS TotalPosts,\n    SUM(ps.CommentCount) AS TotalComments,\n    SUM(ps.UpVotes) AS TotalUpVotes,\n    SUM(ps.DownVotes) AS TotalDownVotes,\n    SUM(ps.Favorites) AS TotalFavorites,\n    SUM(ps.CloseVotes) AS TotalCloseVotes,\n    SUM(ps.ReopenVotes) AS TotalReopenVotes,\n    SUM(ps.TotalCloseReasons) AS TotalCloseReasons,\n    SUM(ps.TotalDeleteUndeleteEvents) AS TotalDeleteUndeleteEvents\nFROM \n    Users u\nLEFT JOIN \n    PostStats ps ON ps.OwnerUserId = u.Id\nGROUP BY \n    u.Id, u.DisplayName\nORDER BY \n    TotalPosts DESC\nLIMIT 100;",
    "blocked_thread_time": 0.0,
    "cpu_time": 18.089968902000017,
    "extra_info": {},
    "cumulative_cardinality": 654980721,
    "cumulative_rows_scanned": 36891985,
    "result_set_size": 15600,
    "latency": 25.608803022,
    "children": [
        {
            "operator_name": "STREAMING_LIMIT",
            "cpu_time": 18.089968902000017,
            "extra_info": {},
            "cumulative_cardinality": 654980721,
            "operator_type": "STREAMING_LIMIT",
            "operator_cardinality": 100,
            "cumulative_rows_scanned": 36891985,
            "operator_rows_scanned": 0,
            "operator_timing": 0.000002154,
            "result_set_size": 15600,
            "children": [
                {
                    "operator_name": "ORDER_BY",
                    "cpu_time": 18.089966748000016,
                    "extra_info": {
                        "Order By": "count(ps.PostId) DESC"
                    },
                    "cumulative_cardinality": 654980621,
                    "operator_type": "ORDER_BY",
                    "operator_cardinality": 4096,
                    "cumulative_rows_scanned": 36891985,
                    "operator_rows_scanned": 0,
                    "operator_timing": 0.08284761699999998,
                    "result_set_size": 638976,
                    "children": [
                        {
                            "operator_name": "HASH_GROUP_BY",
                            "cpu_time": 18.007119131000017,
                            "extra_info": {
                                "Groups": [
                                    "#0",
                                    "#1"
                                ],
                                "Aggregates": [
                                    "count(#2)",
                                    "sum(#3)",
                                    "sum(#4)",
                                    "sum(#5)",
                                    "sum(#6)",
                                    "sum(#7)",
                                    "sum(#8)",
                                    "sum(#9)",
                                    "sum(#10)"
                                ],
                                "Estimated Cardinality": "1260710"
                            },
                            "cumulative_cardinality": 654976525,
                            "operator_type": "HASH_GROUP_BY",
                            "operator_cardinality": 1260710,
                            "cumulative_rows_scanned": 36891985,
                            "operator_rows_scanned": 0,
                            "operator_timing": 1.066075047,
                            "result_set_size": 196670760,
                            "children": [
                                {
                                    "operator_name": "PROJECTION",
                                    "cpu_time": 16.941044084000016,
                                    "extra_info": {
                                        "Projections": [
                                            "id",
                                            "displayname",
                                            "PostId",
                                            "CommentCount",
                                            "UpVotes",
                                            "DownVotes",
                                            "Favorites",
                                            "CloseVotes",
                                            "ReopenVotes",
                                            "TotalCloseReasons",
                                            "TotalDeleteUndeleteEvents"
                                        ],
                                        "Estimated Cardinality": "3850116"
                                    },
                                    "cumulative_cardinality": 653715815,
                                    "operator_type": "PROJECTION",
                                    "operator_cardinality": 4574495,
                                    "cumulative_rows_scanned": 36891985,
                                    "operator_rows_scanned": 0,
                                    "operator_timing": 0.0016202839999999977,
                                    "result_set_size": 658727280,
                                    "children": [
                                        {
                                            "operator_name": "HASH_JOIN",
                                            "cpu_time": 16.939423800000014,
                                            "extra_info": {
                                                "Join Type": "RIGHT",
                                                "Conditions": "owneruserid = id",
                                                "Estimated Cardinality": "3850116"
                                            },
                                            "cumulative_cardinality": 649141320,
                                            "operator_type": "HASH_JOIN",
                                            "operator_cardinality": 4574495,
                                            "cumulative_rows_scanned": 36891985,
                                            "operator_rows_scanned": 0,
                                            "operator_timing": 0.2389813439999997,
                                            "result_set_size": 658727280,
                                            "children": [
                                                {
                                                    "operator_name": "HASH_GROUP_BY",
                                                    "cpu_time": 16.621165927000014,
                                                    "extra_info": {
                                                        "Groups": [
                                                            "#0",
                                                            "#1"
                                                        ],
                                                        "Aggregates": [
                                                            "count(#2)",
                                                            "sum(#3)",
                                                            "sum(#4)",
                                                            "sum(#5)",
                                                            "sum(#6)",
                                                            "sum(#7)",
                                                            "sum(#8)",
                                                            "sum(#9)"
                                                        ],
                                                        "Estimated Cardinality": "3850116"
                                                    },
                                                    "cumulative_cardinality": 643306115,
                                                    "operator_type": "HASH_GROUP_BY",
                                                    "operator_cardinality": 3850116,
                                                    "cumulative_rows_scanned": 35631275,
                                                    "operator_rows_scanned": 0,
                                                    "operator_timing": 7.750087652999949,
                                                    "result_set_size": 492814848,
                                                    "children": [
                                                        {
                                                            "operator_name": "PROJECTION",
                                                            "cpu_time": 8.871078274000066,
                                                            "extra_info": {
                                                                "Projections": [
                                                                    "id",
                                                                    "owneruserid",
                                                                    "id",
                                                                    "CASE  WHEN ((votetypeid = 2)) THEN (1) ELSE 0 END",
                                                                    "CASE  WHEN ((votetypeid = 3)) THEN (1) ELSE 0 END",
                                                                    "CASE  WHEN ((votetypeid = 5)) THEN (1) ELSE 0 END",
                                                                    "CASE  WHEN ((votetypeid = 6)) THEN (1) ELSE 0 END",
                                                                    "CASE  WHEN ((votetypeid = 7)) THEN (1) ELSE 0 END",
                                                                    "CASE  WHEN ((posthistorytypeid = 10)) THEN (1) ELSE 0 END",
                                                                    "CASE  WHEN ((posthistorytypeid IN (12, 13))) THEN (1) ELSE 0 END"
                                                                ],
                                                                "Estimated Cardinality": "12744093"
                                                            },
                                                            "cumulative_cardinality": 639455999,
                                                            "operator_type": "PROJECTION",
                                                            "operator_cardinality": 182657208,
                                                            "cumulative_rows_scanned": 35631275,
                                                            "operator_rows_scanned": 0,
                                                            "operator_timing": 3.44375312700004,
                                                            "result_set_size": 7306288320,
                                                            "children": [
                                                                {
                                                                    "operator_name": "PROJECTION",
                                                                    "cpu_time": 5.427325147000026,
                                                                    "extra_info": {
                                                                        "Projections": [
                                                                            "#0",
                                                                            "#1",
                                                                            "#2",
                                                                            "#3",
                                                                            "__internal_decompress_integral_smallint(#4, 1)"
                                                                        ],
                                                                        "Estimated Cardinality": "12744093"
                                                                    },
                                                                    "cumulative_cardinality": 456798791,
                                                                    "operator_type": "PROJECTION",
                                                                    "operator_cardinality": 182657208,
                                                                    "cumulative_rows_scanned": 35631275,
                                                                    "operator_rows_scanned": 0,
                                                                    "operator_timing": 0.27854886099999837,
                                                                    "result_set_size": 2922515328,
                                                                    "children": [
                                                                        {
                                                                            "operator_name": "HASH_JOIN",
                                                                            "cpu_time": 5.148776286000028,
                                                                            "extra_info": {
                                                                                "Join Type": "LEFT",
                                                                                "Conditions": "id = postid",
                                                                                "Estimated Cardinality": "12744093"
                                                                            },
                                                                            "cumulative_cardinality": 274141583,
                                                                            "operator_type": "HASH_JOIN",
                                                                            "operator_cardinality": 182657208,
                                                                            "cumulative_rows_scanned": 35631275,
                                                                            "operator_rows_scanned": 0,
                                                                            "operator_timing": 2.6404055580000207,
                                                                            "result_set_size": 2739858120,
                                                                            "children": [
                                                                                {
                                                                                    "operator_name": "HASH_JOIN",
                                                                                    "cpu_time": 2.3372338940000077,
                                                                                    "extra_info": {
                                                                                        "Join Type": "RIGHT",
                                                                                        "Conditions": "postid = id",
                                                                                        "Estimated Cardinality": "12744093"
                                                                                    },
                                                                                    "cumulative_cardinality": 67893887,
                                                                                    "operator_type": "HASH_JOIN",
                                                                                    "operator_cardinality": 35129590,
                                                                                    "cumulative_rows_scanned": 23836031,
                                                                                    "operator_rows_scanned": 0,
                                                                                    "operator_timing": 1.4891610790000065,
                                                                                    "result_set_size": 491814260,
                                                                                    "children": [
                                                                                        {
                                                                                            "operator_name": "READ_PARQUET ",
                                                                                            "cpu_time": 0.22007731200000027,
                                                                                            "extra_info": {
                                                                                                "Function": "READ_PARQUET",
                                                                                                "Projections": [
                                                                                                    "postid",
                                                                                                    "votetypeid"
                                                                                                ],
                                                                                                "Estimated Cardinality": "12744093"
                                                                                            },
                                                                                            "cumulative_cardinality": 12744093,
                                                                                            "operator_type": "TABLE_SCAN",
                                                                                            "operator_cardinality": 12744093,
                                                                                            "cumulative_rows_scanned": 12744093,
                                                                                            "operator_rows_scanned": 12744093,
                                                                                            "operator_timing": 0.22007731200000027,
                                                                                            "result_set_size": 76464558,
                                                                                            "children": []
                                                                                        },
                                                                                        {
                                                                                            "operator_name": "HASH_JOIN",
                                                                                            "cpu_time": 0.6279955030000011,
                                                                                            "extra_info": {
                                                                                                "Join Type": "RIGHT",
                                                                                                "Conditions": "postid = id",
                                                                                                "Estimated Cardinality": "7241822"
                                                                                            },
                                                                                            "cumulative_cardinality": 20020204,
                                                                                            "operator_type": "HASH_JOIN",
                                                                                            "operator_cardinality": 8928266,
                                                                                            "cumulative_rows_scanned": 11091938,
                                                                                            "operator_rows_scanned": 0,
                                                                                            "operator_timing": 0.4671211530000011,
                                                                                            "result_set_size": 107139192,
                                                                                            "children": [
                                                                                                {
                                                                                                    "operator_name": "READ_PARQUET ",
                                                                                                    "cpu_time": 0.11777703599999985,
                                                                                                    "extra_info": {
                                                                                                        "Function": "READ_PARQUET",
                                                                                                        "Projections": [
                                                                                                            "id",
                                                                                                            "postid"
                                                                                                        ],
                                                                                                        "Estimated Cardinality": "7241822"
                                                                                                    },
                                                                                                    "cumulative_cardinality": 7241822,
                                                                                                    "operator_type": "TABLE_SCAN",
                                                                                                    "operator_cardinality": 7241822,
                                                                                                    "cumulative_rows_scanned": 7241822,
                                                                                                    "operator_rows_scanned": 7241822,
                                                                                                    "operator_timing": 0.11777703599999985,
                                                                                                    "result_set_size": 57934576,
                                                                                                    "children": []
                                                                                                },
                                                                                                {
                                                                                                    "operator_name": "READ_PARQUET ",
                                                                                                    "cpu_time": 0.04309731400000003,
                                                                                                    "extra_info": {
                                                                                                        "Function": "READ_PARQUET",
                                                                                                        "Projections": [
                                                                                                            "id",
                                                                                                            "owneruserid"
                                                                                                        ],
                                                                                                        "Estimated Cardinality": "3850116"
                                                                                                    },
                                                                                                    "cumulative_cardinality": 3850116,
                                                                                                    "operator_type": "TABLE_SCAN",
                                                                                                    "operator_cardinality": 3850116,
                                                                                                    "cumulative_rows_scanned": 3850116,
                                                                                                    "operator_rows_scanned": 3850116,
                                                                                                    "operator_timing": 0.04309731400000003,
                                                                                                    "result_set_size": 30800928,
                                                                                                    "children": []
                                                                                                }
                                                                                            ]
                                                                                        }
                                                                                    ]
                                                                                },
                                                                                {
                                                                                    "operator_name": "PROJECTION",
                                                                                    "cpu_time": 0.17113683399999968,
                                                                                    "extra_info": {
                                                                                        "Projections": [
                                                                                            "__internal_compress_integral_utinyint(#0, 1)",
                                                                                            "#1"
                                                                                        ],
                                                                                        "Estimated Cardinality": "11795244"
                                                                                    },
                                                                                    "cumulative_cardinality": 23590488,
                                                                                    "operator_type": "PROJECTION",
                                                                                    "operator_cardinality": 11795244,
                                                                                    "cumulative_rows_scanned": 11795244,
                                                                                    "operator_rows_scanned": 0,
                                                                                    "operator_timing": 0.003270460999999984,
                                                                                    "result_set_size": 58976220,
                                                                                    "children": [
                                                                                        {
                                                                                            "operator_name": "READ_PARQUET ",
                                                                                            "cpu_time": 0.1678663729999997,
                                                                                            "extra_info": {
                                                                                                "Function": "READ_PARQUET",
                                                                                                "Projections": [
                                                                                                    "posthistorytypeid",
                                                                                                    "postid"
                                                                                                ],
                                                                                                "Estimated Cardinality": "11795244"
                                                                                            },
                                                                                            "cumulative_cardinality": 11795244,
                                                                                            "operator_type": "TABLE_SCAN",
                                                                                            "operator_cardinality": 11795244,
                                                                                            "cumulative_rows_scanned": 11795244,
                                                                                            "operator_rows_scanned": 11795244,
                                                                                            "operator_timing": 0.1678663729999997,
                                                                                            "result_set_size": 70771464,
                                                                                            "children": []
                                                                                        }
                                                                                    ]
                                                                                }
                                                                            ]
                                                                        }
                                                                    ]
                                                                }
                                                            ]
                                                        }
                                                    ]
                                                },
                                                {
                                                    "operator_name": "READ_PARQUET ",
                                                    "cpu_time": 0.07927652899999993,
                                                    "extra_info": {
                                                        "Function": "READ_PARQUET",
                                                        "Projections": [
                                                            "id",
                                                            "displayname"
                                                        ],
                                                        "Estimated Cardinality": "1260710"
                                                    },
                                                    "cumulative_cardinality": 1260710,
                                                    "operator_type": "TABLE_SCAN",
                                                    "operator_cardinality": 1260710,
                                                    "cumulative_rows_scanned": 1260710,
                                                    "operator_rows_scanned": 1260710,
                                                    "operator_timing": 0.07927652899999993,
                                                    "result_set_size": 25214200,
                                                    "children": []
                                                }
                                            ]
                                        }
                                    ]
                                }
                            ]
                        }
                    ]
                }
            ]
        }
    ]
}