{
    "rows_returned": 135003,
    "query_name": "\nWITH UserReputation AS (\n    SELECT Id, Reputation, CreationDate, DisplayName, LastAccessDate, Views\n    FROM Users\n),\nPostStatistics AS (\n    SELECT \n        P.Id AS PostId,\n        P.Title,\n        P.CreationDate AS PostCreationDate,\n        P.Score,\n        P.ViewCount,\n        COUNT(CASE WHEN C.Id IS NOT NULL THEN 1 END) AS TotalComments,\n        COUNT(CASE WHEN A.Id IS NOT NULL THEN 1 END) AS TotalAnswers,\n        P.OwnerUserId\n    FROM Posts P\n    LEFT JOIN Comments C ON C.PostId = P.Id\n    LEFT JOIN Posts A ON A.ParentId = P.Id AND A.PostTypeId = 2\n    GROUP BY P.Id, P.Title, P.CreationDate, P.Score, P.ViewCount, P.OwnerUserId\n),\nTopActiveUsers AS (\n    SELECT \n        U.Id AS UserId,\n        U.DisplayName,\n        U.Reputation,\n        COUNT(DISTINCT P.Id) AS TotalPosts,\n        SUM(COALESCE(V.BountyAmount, 0)) AS TotalBounties\n    FROM Users U\n    JOIN Posts P ON P.OwnerUserId = U.Id\n    LEFT JOIN Votes V ON V.UserId = U.Id AND V.PostId = P.Id\n    GROUP BY U.Id, U.DisplayName, U.Reputation\n    ORDER BY TotalPosts DESC\n    LIMIT 10\n)\nSELECT \n    UA.UserId,\n    UA.DisplayName,\n    UA.Reputation,\n    PS.PostId,\n    PS.Title,\n    PS.PostCreationDate,\n    PS.Score,\n    PS.ViewCount,\n    PS.TotalComments,\n    PS.TotalAnswers,\n    COALESCE(TBA.TotalBounties, 0) AS TotalBounties\nFROM TopActiveUsers UA\nJOIN PostStatistics PS ON UA.UserId = PS.OwnerUserId\nLEFT JOIN (\n    SELECT \n        UserId,\n        SUM(BountyAmount) AS TotalBounties\n    FROM Votes\n    GROUP BY UserId\n) TBA ON TBA.UserId = UA.UserId\nORDER BY UA.Reputation DESC;\n",
    "blocked_thread_time": 0.0,
    "cpu_time": 3.971725961000001,
    "extra_info": {},
    "cumulative_cardinality": 91753514,
    "cumulative_rows_scanned": 45541066,
    "result_set_size": 12420276,
    "latency": 5.002117729,
    "children": [
        {
            "operator_name": "PROJECTION",
            "cpu_time": 3.971725961000001,
            "extra_info": {
                "Projections": [
                    "#0",
                    "#1",
                    "#2",
                    "#3",
                    "#4",
                    "#5",
                    "__internal_decompress_integral_integer(#6, -72)",
                    "#7",
                    "#8",
                    "#9",
                    "#10"
                ],
                "Estimated Cardinality": "6372046"
            },
            "cumulative_cardinality": 91753514,
            "operator_type": "PROJECTION",
            "operator_cardinality": 135003,
            "cumulative_rows_scanned": 45541066,
            "operator_rows_scanned": 0,
            "operator_timing": 0.00006754800000000001,
            "result_set_size": 12420276,
            "children": [
                {
                    "operator_name": "ORDER_BY",
                    "cpu_time": 3.971658413000001,
                    "extra_info": {
                        "Order By": "UA.Reputation DESC"
                    },
                    "cumulative_cardinality": 91618511,
                    "operator_type": "ORDER_BY",
                    "operator_cardinality": 135003,
                    "cumulative_rows_scanned": 45541066,
                    "operator_rows_scanned": 0,
                    "operator_timing": 0.012914141,
                    "result_set_size": 12150270,
                    "children": [
                        {
                            "operator_name": "PROJECTION",
                            "cpu_time": 3.958744272000001,
                            "extra_info": {
                                "Projections": [
                                    "#0",
                                    "#1",
                                    "#2",
                                    "#3",
                                    "#4",
                                    "#5",
                                    "__internal_compress_integral_usmallint(#6, -72)",
                                    "#7",
                                    "#8",
                                    "#9",
                                    "#10"
                                ],
                                "Estimated Cardinality": "6372046"
                            },
                            "cumulative_cardinality": 91483508,
                            "operator_type": "PROJECTION",
                            "operator_cardinality": 135003,
                            "cumulative_rows_scanned": 45541066,
                            "operator_rows_scanned": 0,
                            "operator_timing": 0.000066535,
                            "result_set_size": 12150270,
                            "children": [
                                {
                                    "operator_name": "PROJECTION",
                                    "cpu_time": 3.958677737000001,
                                    "extra_info": {
                                        "Projections": [
                                            "UserId",
                                            "displayname",
                                            "reputation",
                                            "PostId",
                                            "title",
                                            "PostCreationDate",
                                            "score",
                                            "viewcount",
                                            "TotalComments",
                                            "TotalAnswers",
                                            "TotalBounties"
                                        ],
                                        "Estimated Cardinality": "6372046"
                                    },
                                    "cumulative_cardinality": 91348505,
                                    "operator_type": "PROJECTION",
                                    "operator_cardinality": 135003,
                                    "cumulative_rows_scanned": 45541066,
                                    "operator_rows_scanned": 0,
                                    "operator_timing": 0.0007864259999999999,
                                    "result_set_size": 12420276,
                                    "children": [
                                        {
                                            "operator_name": "HASH_JOIN",
                                            "cpu_time": 3.957891311000001,
                                            "extra_info": {
                                                "Join Type": "RIGHT",
                                                "Conditions": "userid = UserId",
                                                "Estimated Cardinality": "6372046"
                                            },
                                            "cumulative_cardinality": 91213502,
                                            "operator_type": "HASH_JOIN",
                                            "operator_cardinality": 135003,
                                            "cumulative_rows_scanned": 45541066,
                                            "operator_rows_scanned": 0,
                                            "operator_timing": 0.02227999600000001,
                                            "result_set_size": 12420276,
                                            "children": [
                                                {
                                                    "operator_name": "HASH_GROUP_BY",
                                                    "cpu_time": 0.1048488979999998,
                                                    "extra_info": {
                                                        "Groups": "#0",
                                                        "Aggregates": "sum(#1)",
                                                        "Estimated Cardinality": "6372046"
                                                    },
                                                    "cumulative_cardinality": 25500329,
                                                    "operator_type": "HASH_GROUP_BY",
                                                    "operator_cardinality": 12143,
                                                    "cumulative_rows_scanned": 12744093,
                                                    "operator_rows_scanned": 0,
                                                    "operator_timing": 0.0593795239999999,
                                                    "result_set_size": 242860,
                                                    "children": [
                                                        {
                                                            "operator_name": "PROJECTION",
                                                            "cpu_time": 0.04546937399999991,
                                                            "extra_info": {
                                                                "Projections": [
                                                                    "userid",
                                                                    "bountyamount"
                                                                ],
                                                                "Estimated Cardinality": "12744093"
                                                            },
                                                            "cumulative_cardinality": 25488186,
                                                            "operator_type": "PROJECTION",
                                                            "operator_cardinality": 12744093,
                                                            "cumulative_rows_scanned": 12744093,
                                                            "operator_rows_scanned": 0,
                                                            "operator_timing": 0.000719714000000015,
                                                            "result_set_size": 101952744,
                                                            "children": [
                                                                {
                                                                    "operator_name": "READ_PARQUET ",
                                                                    "cpu_time": 0.04474965999999989,
                                                                    "extra_info": {
                                                                        "Function": "READ_PARQUET",
                                                                        "Projections": [
                                                                            "userid",
                                                                            "bountyamount"
                                                                        ],
                                                                        "Estimated Cardinality": "12744093"
                                                                    },
                                                                    "cumulative_cardinality": 12744093,
                                                                    "operator_type": "TABLE_SCAN",
                                                                    "operator_cardinality": 12744093,
                                                                    "cumulative_rows_scanned": 12744093,
                                                                    "operator_rows_scanned": 12744093,
                                                                    "operator_timing": 0.04474965999999989,
                                                                    "result_set_size": 101952744,
                                                                    "children": []
                                                                }
                                                            ]
                                                        }
                                                    ]
                                                },
                                                {
                                                    "operator_name": "HASH_JOIN",
                                                    "cpu_time": 3.830762417000001,
                                                    "extra_info": {
                                                        "Join Type": "INNER",
                                                        "Conditions": "owneruserid = UserId",
                                                        "Estimated Cardinality": "30"
                                                    },
                                                    "cumulative_cardinality": 65578170,
                                                    "operator_type": "HASH_JOIN",
                                                    "operator_cardinality": 135003,
                                                    "cumulative_rows_scanned": 32796973,
                                                    "operator_rows_scanned": 0,
                                                    "operator_timing": 0.010994038999999995,
                                                    "result_set_size": 10260228,
                                                    "children": [
                                                        {
                                                            "operator_name": "PROJECTION",
                                                            "cpu_time": 2.3950199970000017,
                                                            "extra_info": {
                                                                "Projections": [
                                                                    "PostId",
                                                                    "title",
                                                                    "PostCreationDate",
                                                                    "score",
                                                                    "viewcount",
                                                                    "TotalComments",
                                                                    "TotalAnswers",
                                                                    "owneruserid"
                                                                ],
                                                                "Estimated Cardinality": "3850116"
                                                            },
                                                            "cumulative_cardinality": 49022630,
                                                            "operator_type": "PROJECTION",
                                                            "operator_cardinality": 2637559,
                                                            "cumulative_rows_scanned": 14942054,
                                                            "operator_rows_scanned": 0,
                                                            "operator_timing": 0.00037598000000000145,
                                                            "result_set_size": 147703304,
                                                            "children": [
                                                                {
                                                                    "operator_name": "PROJECTION",
                                                                    "cpu_time": 2.394644017000002,
                                                                    "extra_info": {
                                                                        "Projections": [
                                                                            "#0",
                                                                            "#1",
                                                                            "#2",
                                                                            "__internal_decompress_integral_integer(#3, -72)",
                                                                            "#4",
                                                                            "#5",
                                                                            "#6",
                                                                            "#7"
                                                                        ],
                                                                        "Estimated Cardinality": "3850116"
                                                                    },
                                                                    "cumulative_cardinality": 46385071,
                                                                    "operator_type": "PROJECTION",
                                                                    "operator_cardinality": 2637559,
                                                                    "cumulative_rows_scanned": 14942054,
                                                                    "operator_rows_scanned": 0,
                                                                    "operator_timing": 0.0009651669999999963,
                                                                    "result_set_size": 147703304,
                                                                    "children": [
                                                                        {
                                                                            "operator_name": "HASH_GROUP_BY",
                                                                            "cpu_time": 2.393678850000002,
                                                                            "extra_info": {
                                                                                "Groups": [
                                                                                    "#0",
                                                                                    "#1",
                                                                                    "#2",
                                                                                    "#3",
                                                                                    "#4",
                                                                                    "#5"
                                                                                ],
                                                                                "Aggregates": [
                                                                                    "count(#6)",
                                                                                    "count(#7)"
                                                                                ],
                                                                                "Estimated Cardinality": "3850116"
                                                                            },
                                                                            "cumulative_cardinality": 43747512,
                                                                            "operator_type": "HASH_GROUP_BY",
                                                                            "operator_cardinality": 2637559,
                                                                            "cumulative_rows_scanned": 14942054,
                                                                            "operator_rows_scanned": 0,
                                                                            "operator_timing": 0.8020979710000006,
                                                                            "result_set_size": 142428186,
                                                                            "children": [
                                                                                {
                                                                                    "operator_name": "PROJECTION",
                                                                                    "cpu_time": 1.5915808790000012,
                                                                                    "extra_info": {
                                                                                        "Projections": [
                                                                                            "id",
                                                                                            "title",
                                                                                            "creationdate",
                                                                                            "score",
                                                                                            "viewcount",
                                                                                            "owneruserid",
                                                                                            "CASE  WHEN ((id IS NOT NULL)) THEN (1) ELSE NULL END",
                                                                                            "CASE  WHEN ((id IS NOT NULL)) THEN (1) ELSE NULL END"
                                                                                        ],
                                                                                        "Estimated Cardinality": "7241822"
                                                                                    },
                                                                                    "cumulative_cardinality": 41109953,
                                                                                    "operator_type": "PROJECTION",
                                                                                    "operator_cardinality": 7699514,
                                                                                    "cumulative_rows_scanned": 14942054,
                                                                                    "operator_rows_scanned": 0,
                                                                                    "operator_timing": 0.034051301999999846,
                                                                                    "result_set_size": 354177644,
                                                                                    "children": [
                                                                                        {
                                                                                            "operator_name": "PROJECTION",
                                                                                            "cpu_time": 1.5575295770000013,
                                                                                            "extra_info": {
                                                                                                "Projections": [
                                                                                                    "#0",
                                                                                                    "#1",
                                                                                                    "__internal_compress_integral_usmallint(#2, -72)",
                                                                                                    "#3",
                                                                                                    "#4",
                                                                                                    "#5",
                                                                                                    "#6",
                                                                                                    "#7"
                                                                                                ],
                                                                                                "Estimated Cardinality": "7241822"
                                                                                            },
                                                                                            "cumulative_cardinality": 33410439,
                                                                                            "operator_type": "PROJECTION",
                                                                                            "operator_cardinality": 7699514,
                                                                                            "cumulative_rows_scanned": 14942054,
                                                                                            "operator_rows_scanned": 0,
                                                                                            "operator_timing": 0.011697586000000098,
                                                                                            "result_set_size": 354177644,
                                                                                            "children": [
                                                                                                {
                                                                                                    "operator_name": "HASH_JOIN",
                                                                                                    "cpu_time": 1.5458319910000011,
                                                                                                    "extra_info": {
                                                                                                        "Join Type": "LEFT",
                                                                                                        "Conditions": "id = parentid",
                                                                                                        "Estimated Cardinality": "7241822"
                                                                                                    },
                                                                                                    "cumulative_cardinality": 25710925,
                                                                                                    "operator_type": "HASH_JOIN",
                                                                                                    "operator_cardinality": 7699514,
                                                                                                    "cumulative_rows_scanned": 14942054,
                                                                                                    "operator_rows_scanned": 0,
                                                                                                    "operator_timing": 0.3520145390000007,
                                                                                                    "result_set_size": 369576672,
                                                                                                    "children": [
                                                                                                        {
                                                                                                            "operator_name": "HASH_JOIN",
                                                                                                            "cpu_time": 1.0682113600000003,
                                                                                                            "extra_info": {
                                                                                                                "Join Type": "LEFT",
                                                                                                                "Conditions": "id = postid",
                                                                                                                "Estimated Cardinality": "7241822"
                                                                                                            },
                                                                                                            "cumulative_cardinality": 15834118,
                                                                                                            "operator_type": "HASH_JOIN",
                                                                                                            "operator_cardinality": 5954737,
                                                                                                            "cumulative_rows_scanned": 11091938,
                                                                                                            "operator_rows_scanned": 0,
                                                                                                            "operator_timing": 0.5343458080000004,
                                                                                                            "result_set_size": 262008428,
                                                                                                            "children": [
                                                                                                                {
                                                                                                                    "operator_name": "READ_PARQUET ",
                                                                                                                    "cpu_time": 0.45696128799999997,
                                                                                                                    "extra_info": {
                                                                                                                        "Function": "READ_PARQUET",
                                                                                                                        "Projections": [
                                                                                                                            "id",
                                                                                                                            "creationdate",
                                                                                                                            "score",
                                                                                                                            "viewcount",
                                                                                                                            "owneruserid",
                                                                                                                            "title"
                                                                                                                        ],
                                                                                                                        "Estimated Cardinality": "3850116"
                                                                                                                    },
                                                                                                                    "cumulative_cardinality": 2637559,
                                                                                                                    "operator_type": "TABLE_SCAN",
                                                                                                                    "operator_cardinality": 2637559,
                                                                                                                    "cumulative_rows_scanned": 3850116,
                                                                                                                    "operator_rows_scanned": 3850116,
                                                                                                                    "operator_timing": 0.45696128799999997,
                                                                                                                    "result_set_size": 105502360,
                                                                                                                    "children": []
                                                                                                                },
                                                                                                                {
                                                                                                                    "operator_name": "READ_PARQUET ",
                                                                                                                    "cpu_time": 0.07690426399999999,
                                                                                                                    "extra_info": {
                                                                                                                        "Function": "READ_PARQUET",
                                                                                                                        "Projections": [
                                                                                                                            "id",
                                                                                                                            "postid"
                                                                                                                        ],
                                                                                                                        "Estimated Cardinality": "7241822"
                                                                                                                    },
                                                                                                                    "cumulative_cardinality": 7241822,
                                                                                                                    "operator_type": "TABLE_SCAN",
                                                                                                                    "operator_cardinality": 7241822,
                                                                                                                    "cumulative_rows_scanned": 7241822,
                                                                                                                    "operator_rows_scanned": 7241822,
                                                                                                                    "operator_timing": 0.07690426399999999,
                                                                                                                    "result_set_size": 57934576,
                                                                                                                    "children": []
                                                                                                                }
                                                                                                            ]
                                                                                                        },
                                                                                                        {
                                                                                                            "operator_name": "READ_PARQUET ",
                                                                                                            "cpu_time": 0.1256060920000001,
                                                                                                            "extra_info": {
                                                                                                                "Function": "READ_PARQUET",
                                                                                                                "Projections": [
                                                                                                                    "id",
                                                                                                                    "parentid"
                                                                                                                ],
                                                                                                                "Filters": "posttypeid=2",
                                                                                                                "Estimated Cardinality": "770023"
                                                                                                            },
                                                                                                            "cumulative_cardinality": 2177293,
                                                                                                            "operator_type": "TABLE_SCAN",
                                                                                                            "operator_cardinality": 2177293,
                                                                                                            "cumulative_rows_scanned": 3850116,
                                                                                                            "operator_rows_scanned": 3850116,
                                                                                                            "operator_timing": 0.1256060920000001,
                                                                                                            "result_set_size": 17418344,
                                                                                                            "children": []
                                                                                                        }
                                                                                                    ]
                                                                                                }
                                                                                            ]
                                                                                        }
                                                                                    ]
                                                                                }
                                                                            ]
                                                                        }
                                                                    ]
                                                                }
                                                            ]
                                                        },
                                                        {
                                                            "operator_name": "STREAMING_LIMIT",
                                                            "cpu_time": 1.4247483809999997,
                                                            "extra_info": {},
                                                            "cumulative_cardinality": 16420537,
                                                            "operator_type": "STREAMING_LIMIT",
                                                            "operator_cardinality": 10,
                                                            "cumulative_rows_scanned": 17854919,
                                                            "operator_rows_scanned": 0,
                                                            "operator_timing": 0.000003196,
                                                            "result_set_size": 320,
                                                            "children": [
                                                                {
                                                                    "operator_name": "ORDER_BY",
                                                                    "cpu_time": 1.4247451849999997,
                                                                    "extra_info": {
                                                                        "Order By": "count(DISTINCT P.Id) DESC"
                                                                    },
                                                                    "cumulative_cardinality": 16420527,
                                                                    "operator_type": "ORDER_BY",
                                                                    "operator_cardinality": 4096,
                                                                    "cumulative_rows_scanned": 17854919,
                                                                    "operator_rows_scanned": 0,
                                                                    "operator_timing": 0.009896234,
                                                                    "result_set_size": 131072,
                                                                    "children": [
                                                                        {
                                                                            "operator_name": "HASH_GROUP_BY",
                                                                            "cpu_time": 1.4148489509999997,
                                                                            "extra_info": {
                                                                                "Groups": [
                                                                                    "#0",
                                                                                    "#1",
                                                                                    "#2"
                                                                                ],
                                                                                "Aggregates": "count(DISTINCT #3)",
                                                                                "Estimated Cardinality": "1260710"
                                                                            },
                                                                            "cumulative_cardinality": 16416431,
                                                                            "operator_type": "HASH_GROUP_BY",
                                                                            "operator_cardinality": 371631,
                                                                            "cumulative_rows_scanned": 17854919,
                                                                            "operator_rows_scanned": 0,
                                                                            "operator_timing": 0.5092497899999995,
                                                                            "result_set_size": 11892192,
                                                                            "children": [
                                                                                {
                                                                                    "operator_name": "PROJECTION",
                                                                                    "cpu_time": 0.9055991610000004,
                                                                                    "extra_info": {
                                                                                        "Projections": [
                                                                                            "id",
                                                                                            "displayname",
                                                                                            "reputation",
                                                                                            "id"
                                                                                        ],
                                                                                        "Estimated Cardinality": "12744093"
                                                                                    },
                                                                                    "cumulative_cardinality": 16044800,
                                                                                    "operator_type": "PROJECTION",
                                                                                    "operator_cardinality": 3686501,
                                                                                    "cumulative_rows_scanned": 17854919,
                                                                                    "operator_rows_scanned": 0,
                                                                                    "operator_timing": 0.0005441320000000036,
                                                                                    "result_set_size": 103222028,
                                                                                    "children": [
                                                                                        {
                                                                                            "operator_name": "HASH_JOIN",
                                                                                            "cpu_time": 0.9050550290000003,
                                                                                            "extra_info": {
                                                                                                "Join Type": "RIGHT",
                                                                                                "Conditions": [
                                                                                                    "userid = id",
                                                                                                    "postid = id"
                                                                                                ],
                                                                                                "Estimated Cardinality": "12744093"
                                                                                            },
                                                                                            "cumulative_cardinality": 12358299,
                                                                                            "operator_type": "HASH_JOIN",
                                                                                            "operator_cardinality": 3686501,
                                                                                            "cumulative_rows_scanned": 17854919,
                                                                                            "operator_rows_scanned": 0,
                                                                                            "operator_timing": 0.3344288250000003,
                                                                                            "result_set_size": 132714036,
                                                                                            "children": [
                                                                                                {
                                                                                                    "operator_name": "READ_PARQUET ",
                                                                                                    "cpu_time": 0.1708841349999999,
                                                                                                    "extra_info": {
                                                                                                        "Function": "READ_PARQUET",
                                                                                                        "Projections": [
                                                                                                            "postid",
                                                                                                            "userid"
                                                                                                        ],
                                                                                                        "Estimated Cardinality": "12744093"
                                                                                                    },
                                                                                                    "cumulative_cardinality": 40287,
                                                                                                    "operator_type": "TABLE_SCAN",
                                                                                                    "operator_cardinality": 40287,
                                                                                                    "cumulative_rows_scanned": 12744093,
                                                                                                    "operator_rows_scanned": 12744093,
                                                                                                    "operator_timing": 0.1708841349999999,
                                                                                                    "result_set_size": 322296,
                                                                                                    "children": []
                                                                                                },
                                                                                                {
                                                                                                    "operator_name": "HASH_JOIN",
                                                                                                    "cpu_time": 0.39974206900000003,
                                                                                                    "extra_info": {
                                                                                                        "Join Type": "INNER",
                                                                                                        "Conditions": "owneruserid = id",
                                                                                                        "Estimated Cardinality": "3850116"
                                                                                                    },
                                                                                                    "cumulative_cardinality": 8631511,
                                                                                                    "operator_type": "HASH_JOIN",
                                                                                                    "operator_cardinality": 3685416,
                                                                                                    "cumulative_rows_scanned": 5110826,
                                                                                                    "operator_rows_scanned": 0,
                                                                                                    "operator_timing": 0.2298467199999999,
                                                                                                    "result_set_size": 103191648,
                                                                                                    "children": [
                                                                                                        {
                                                                                                            "operator_name": "READ_PARQUET ",
                                                                                                            "cpu_time": 0.08107279800000003,
                                                                                                            "extra_info": {
                                                                                                                "Function": "READ_PARQUET",
                                                                                                                "Projections": [
                                                                                                                    "id",
                                                                                                                    "owneruserid"
                                                                                                                ],
                                                                                                                "Estimated Cardinality": "3850116"
                                                                                                            },
                                                                                                            "cumulative_cardinality": 3685416,
                                                                                                            "operator_type": "TABLE_SCAN",
                                                                                                            "operator_cardinality": 3685416,
                                                                                                            "cumulative_rows_scanned": 3850116,
                                                                                                            "operator_rows_scanned": 3850116,
                                                                                                            "operator_timing": 0.08107279800000003,
                                                                                                            "result_set_size": 29483328,
                                                                                                            "children": []
                                                                                                        },
                                                                                                        {
                                                                                                            "operator_name": "READ_PARQUET ",
                                                                                                            "cpu_time": 0.08882255100000008,
                                                                                                            "extra_info": {
                                                                                                                "Function": "READ_PARQUET",
                                                                                                                "Projections": [
                                                                                                                    "id",
                                                                                                                    "reputation",
                                                                                                                    "displayname"
                                                                                                                ],
                                                                                                                "Filters": "id<=1416539",
                                                                                                                "Estimated Cardinality": "1260710"
                                                                                                            },
                                                                                                            "cumulative_cardinality": 1260679,
                                                                                                            "operator_type": "TABLE_SCAN",
                                                                                                            "operator_cardinality": 1260679,
                                                                                                            "cumulative_rows_scanned": 1260710,
                                                                                                            "operator_rows_scanned": 1260710,
                                                                                                            "operator_timing": 0.08882255100000008,
                                                                                                            "result_set_size": 30256296,
                                                                                                            "children": []
                                                                                                        }
                                                                                                    ]
                                                                                                }
                                                                                            ]
                                                                                        }
                                                                                    ]
                                                                                }
                                                                            ]
                                                                        }
                                                                    ]
                                                                }
                                                            ]
                                                        }
                                                    ]
                                                }
                                            ]
                                        }
                                    ]
                                }
                            ]
                        }
                    ]
                }
            ]
        }
    ]
}