{
    "rows_returned": 100,
    "query_name": "SELECT \n    p.Id AS PostId,\n    p.Title,\n    p.Score,\n    p.ViewCount,\n    p.CreationDate,\n    u.DisplayName AS OwnerDisplayName,\n    COUNT(c.Id) AS CommentCount,\n    COUNT(DISTINCT v.Id) AS VoteCount,\n    MAX(ph.CreationDate) AS LastEditDate\nFROM \n    Posts p\nJOIN \n    Users u ON p.OwnerUserId = u.Id\nLEFT JOIN \n    Comments c ON p.Id = c.PostId\nLEFT JOIN \n    Votes v ON p.Id = v.PostId\nLEFT JOIN \n    PostHistory ph ON p.Id = ph.PostId\nGROUP BY \n    p.Id, p.Title, p.Score, p.ViewCount, p.CreationDate, u.DisplayName\nORDER BY \n    p.CreationDate DESC\nLIMIT 100;",
    "blocked_thread_time": 0.0,
    "cpu_time": 38.25137549099978,
    "extra_info": {},
    "cumulative_cardinality": 615711739,
    "cumulative_rows_scanned": 36891985,
    "result_set_size": 7600,
    "latency": 41.96995382,
    "children": [
        {
            "operator_name": "STREAMING_LIMIT",
            "cpu_time": 38.25137549099978,
            "extra_info": {},
            "cumulative_cardinality": 615711739,
            "operator_type": "STREAMING_LIMIT",
            "operator_cardinality": 100,
            "cumulative_rows_scanned": 36891985,
            "operator_rows_scanned": 0,
            "operator_timing": 0.000001813,
            "result_set_size": 7600,
            "children": [
                {
                    "operator_name": "PROJECTION",
                    "cpu_time": 38.25137367799978,
                    "extra_info": {
                        "Projections": [
                            "#0",
                            "#1",
                            "__internal_decompress_integral_integer(#2, -72)",
                            "#3",
                            "#4",
                            "#5",
                            "#6",
                            "#7",
                            "#8"
                        ],
                        "Estimated Cardinality": "3850116"
                    },
                    "cumulative_cardinality": 615711639,
                    "operator_type": "PROJECTION",
                    "operator_cardinality": 4096,
                    "cumulative_rows_scanned": 36891985,
                    "operator_rows_scanned": 0,
                    "operator_timing": 0.0000068819999999999995,
                    "result_set_size": 311296,
                    "children": [
                        {
                            "operator_name": "ORDER_BY",
                            "cpu_time": 38.25136679599978,
                            "extra_info": {
                                "Order By": "p.CreationDate DESC"
                            },
                            "cumulative_cardinality": 615707543,
                            "operator_type": "ORDER_BY",
                            "operator_cardinality": 4096,
                            "cumulative_rows_scanned": 36891985,
                            "operator_rows_scanned": 0,
                            "operator_timing": 0.30701151100000035,
                            "result_set_size": 303104,
                            "children": [
                                {
                                    "operator_name": "PROJECTION",
                                    "cpu_time": 37.94435528499978,
                                    "extra_info": {
                                        "Projections": [
                                            "#0",
                                            "#1",
                                            "__internal_compress_integral_usmallint(#2, -72)",
                                            "#3",
                                            "#4",
                                            "#5",
                                            "#6",
                                            "#7",
                                            "#8"
                                        ],
                                        "Estimated Cardinality": "3850116"
                                    },
                                    "cumulative_cardinality": 615703447,
                                    "operator_type": "PROJECTION",
                                    "operator_cardinality": 3685416,
                                    "cumulative_rows_scanned": 36891985,
                                    "operator_rows_scanned": 0,
                                    "operator_timing": 0.0015982429999999994,
                                    "result_set_size": 272720784,
                                    "children": [
                                        {
                                            "operator_name": "PROJECTION",
                                            "cpu_time": 37.94275704199978,
                                            "extra_info": {
                                                "Projections": [
                                                    "#0",
                                                    "#1",
                                                    "__internal_decompress_integral_integer(#2, -72)",
                                                    "#3",
                                                    "#4",
                                                    "#5",
                                                    "#6",
                                                    "#7",
                                                    "#8"
                                                ],
                                                "Estimated Cardinality": "3850116"
                                            },
                                            "cumulative_cardinality": 612018031,
                                            "operator_type": "PROJECTION",
                                            "operator_cardinality": 3685416,
                                            "cumulative_rows_scanned": 36891985,
                                            "operator_rows_scanned": 0,
                                            "operator_timing": 0.0017250480000000046,
                                            "result_set_size": 280091616,
                                            "children": [
                                                {
                                                    "operator_name": "HASH_GROUP_BY",
                                                    "cpu_time": 37.941031993999786,
                                                    "extra_info": {
                                                        "Groups": [
                                                            "#0",
                                                            "#1",
                                                            "#2",
                                                            "#3",
                                                            "#4",
                                                            "#5"
                                                        ],
                                                        "Aggregates": [
                                                            "count(#6)",
                                                            "count(DISTINCT #7)",
                                                            "max(#8)"
                                                        ],
                                                        "Estimated Cardinality": "3850116"
                                                    },
                                                    "cumulative_cardinality": 608332615,
                                                    "operator_type": "HASH_GROUP_BY",
                                                    "operator_cardinality": 3685416,
                                                    "cumulative_rows_scanned": 36891985,
                                                    "operator_rows_scanned": 0,
                                                    "operator_timing": 28.028085765999748,
                                                    "result_set_size": 272720784,
                                                    "children": [
                                                        {
                                                            "operator_name": "PROJECTION",
                                                            "cpu_time": 9.91294622800004,
                                                            "extra_info": {
                                                                "Projections": [
                                                                    "id",
                                                                    "title",
                                                                    "score",
                                                                    "viewcount",
                                                                    "creationdate",
                                                                    "displayname",
                                                                    "id",
                                                                    "id",
                                                                    "creationdate"
                                                                ],
                                                                "Estimated Cardinality": "12744093"
                                                            },
                                                            "cumulative_cardinality": 604647199,
                                                            "operator_type": "PROJECTION",
                                                            "operator_cardinality": 174044536,
                                                            "cumulative_rows_scanned": 36891985,
                                                            "operator_rows_scanned": 0,
                                                            "operator_timing": 0.04496837099999397,
                                                            "result_set_size": 11486939376,
                                                            "children": [
                                                                {
                                                                    "operator_name": "PROJECTION",
                                                                    "cpu_time": 9.867977857000046,
                                                                    "extra_info": {
                                                                        "Projections": [
                                                                            "#0",
                                                                            "#1",
                                                                            "__internal_compress_integral_usmallint(#2, -72)",
                                                                            "#3",
                                                                            "#4",
                                                                            "#5",
                                                                            "#6",
                                                                            "#7",
                                                                            "#8"
                                                                        ],
                                                                        "Estimated Cardinality": "12744093"
                                                                    },
                                                                    "cumulative_cardinality": 430602663,
                                                                    "operator_type": "PROJECTION",
                                                                    "operator_cardinality": 174044536,
                                                                    "cumulative_rows_scanned": 36891985,
                                                                    "operator_rows_scanned": 0,
                                                                    "operator_timing": 0.1151447239999991,
                                                                    "result_set_size": 11486939376,
                                                                    "children": [
                                                                        {
                                                                            "operator_name": "HASH_JOIN",
                                                                            "cpu_time": 9.752833133000047,
                                                                            "extra_info": {
                                                                                "Join Type": "LEFT",
                                                                                "Conditions": "id = postid",
                                                                                "Estimated Cardinality": "12744093"
                                                                            },
                                                                            "cumulative_cardinality": 256558127,
                                                                            "operator_type": "HASH_JOIN",
                                                                            "operator_cardinality": 174044536,
                                                                            "cumulative_rows_scanned": 36891985,
                                                                            "operator_rows_scanned": 0,
                                                                            "operator_timing": 3.4875517890000425,
                                                                            "result_set_size": 11835028448,
                                                                            "children": [
                                                                                {
                                                                                    "operator_name": "HASH_JOIN",
                                                                                    "cpu_time": 3.7145660759999997,
                                                                                    "extra_info": {
                                                                                        "Join Type": "LEFT",
                                                                                        "Conditions": "id = postid",
                                                                                        "Estimated Cardinality": "12744093"
                                                                                    },
                                                                                    "cumulative_cardinality": 70718347,
                                                                                    "operator_type": "HASH_JOIN",
                                                                                    "operator_cardinality": 33564490,
                                                                                    "cumulative_rows_scanned": 25096741,
                                                                                    "operator_rows_scanned": 0,
                                                                                    "operator_timing": 1.4764326860000014,
                                                                                    "result_set_size": 2013869400,
                                                                                    "children": [
                                                                                        {
                                                                                            "operator_name": "HASH_JOIN",
                                                                                            "cpu_time": 1.9874681979999995,
                                                                                            "extra_info": {
                                                                                                "Join Type": "LEFT",
                                                                                                "Conditions": "id = postid",
                                                                                                "Estimated Cardinality": "7241822"
                                                                                            },
                                                                                            "cumulative_cardinality": 24409764,
                                                                                            "operator_type": "HASH_JOIN",
                                                                                            "operator_cardinality": 8536431,
                                                                                            "cumulative_rows_scanned": 12352648,
                                                                                            "operator_rows_scanned": 0,
                                                                                            "operator_timing": 0.8302247869999997,
                                                                                            "result_set_size": 478040136,
                                                                                            "children": [
                                                                                                {
                                                                                                    "operator_name": "HASH_JOIN",
                                                                                                    "cpu_time": 1.0157863759999999,
                                                                                                    "extra_info": {
                                                                                                        "Join Type": "INNER",
                                                                                                        "Conditions": "owneruserid = id",
                                                                                                        "Estimated Cardinality": "3850116"
                                                                                                    },
                                                                                                    "cumulative_cardinality": 8631511,
                                                                                                    "operator_type": "HASH_JOIN",
                                                                                                    "operator_cardinality": 3685416,
                                                                                                    "cumulative_rows_scanned": 5110826,
                                                                                                    "operator_rows_scanned": 0,
                                                                                                    "operator_timing": 0.3080141380000001,
                                                                                                    "result_set_size": 191641632,
                                                                                                    "children": [
                                                                                                        {
                                                                                                            "operator_name": "READ_PARQUET ",
                                                                                                            "cpu_time": 0.5603373489999999,
                                                                                                            "extra_info": {
                                                                                                                "Function": "READ_PARQUET",
                                                                                                                "Projections": [
                                                                                                                    "id",
                                                                                                                    "creationdate",
                                                                                                                    "score",
                                                                                                                    "viewcount",
                                                                                                                    "owneruserid",
                                                                                                                    "title"
                                                                                                                ],
                                                                                                                "Estimated Cardinality": "3850116"
                                                                                                            },
                                                                                                            "cumulative_cardinality": 3685416,
                                                                                                            "operator_type": "TABLE_SCAN",
                                                                                                            "operator_cardinality": 3685416,
                                                                                                            "cumulative_rows_scanned": 3850116,
                                                                                                            "operator_rows_scanned": 3850116,
                                                                                                            "operator_timing": 0.5603373489999999,
                                                                                                            "result_set_size": 147416640,
                                                                                                            "children": []
                                                                                                        },
                                                                                                        {
                                                                                                            "operator_name": "READ_PARQUET ",
                                                                                                            "cpu_time": 0.14743488899999999,
                                                                                                            "extra_info": {
                                                                                                                "Function": "READ_PARQUET",
                                                                                                                "Projections": [
                                                                                                                    "id",
                                                                                                                    "displayname"
                                                                                                                ],
                                                                                                                "Filters": "id<=1416539",
                                                                                                                "Estimated Cardinality": "1260710"
                                                                                                            },
                                                                                                            "cumulative_cardinality": 1260679,
                                                                                                            "operator_type": "TABLE_SCAN",
                                                                                                            "operator_cardinality": 1260679,
                                                                                                            "cumulative_rows_scanned": 1260710,
                                                                                                            "operator_rows_scanned": 1260710,
                                                                                                            "operator_timing": 0.14743488899999999,
                                                                                                            "result_set_size": 25213580,
                                                                                                            "children": []
                                                                                                        }
                                                                                                    ]
                                                                                                },
                                                                                                {
                                                                                                    "operator_name": "READ_PARQUET ",
                                                                                                    "cpu_time": 0.14145703499999993,
                                                                                                    "extra_info": {
                                                                                                        "Function": "READ_PARQUET",
                                                                                                        "Projections": [
                                                                                                            "id",
                                                                                                            "postid"
                                                                                                        ],
                                                                                                        "Estimated Cardinality": "7241822"
                                                                                                    },
                                                                                                    "cumulative_cardinality": 7241822,
                                                                                                    "operator_type": "TABLE_SCAN",
                                                                                                    "operator_cardinality": 7241822,
                                                                                                    "cumulative_rows_scanned": 7241822,
                                                                                                    "operator_rows_scanned": 7241822,
                                                                                                    "operator_timing": 0.14145703499999993,
                                                                                                    "result_set_size": 57934576,
                                                                                                    "children": []
                                                                                                }
                                                                                            ]
                                                                                        },
                                                                                        {
                                                                                            "operator_name": "READ_PARQUET ",
                                                                                            "cpu_time": 0.25066519199999887,
                                                                                            "extra_info": {
                                                                                                "Function": "READ_PARQUET",
                                                                                                "Projections": [
                                                                                                    "id",
                                                                                                    "postid"
                                                                                                ],
                                                                                                "Estimated Cardinality": "12744093"
                                                                                            },
                                                                                            "cumulative_cardinality": 12744093,
                                                                                            "operator_type": "TABLE_SCAN",
                                                                                            "operator_cardinality": 12744093,
                                                                                            "cumulative_rows_scanned": 12744093,
                                                                                            "operator_rows_scanned": 12744093,
                                                                                            "operator_timing": 0.25066519199999887,
                                                                                            "result_set_size": 101952744,
                                                                                            "children": []
                                                                                        }
                                                                                    ]
                                                                                },
                                                                                {
                                                                                    "operator_name": "READ_PARQUET ",
                                                                                    "cpu_time": 2.5507152680000047,
                                                                                    "extra_info": {
                                                                                        "Function": "READ_PARQUET",
                                                                                        "Projections": [
                                                                                            "postid",
                                                                                            "creationdate"
                                                                                        ],
                                                                                        "Estimated Cardinality": "11795244"
                                                                                    },
                                                                                    "cumulative_cardinality": 11795244,
                                                                                    "operator_type": "TABLE_SCAN",
                                                                                    "operator_cardinality": 11795244,
                                                                                    "cumulative_rows_scanned": 11795244,
                                                                                    "operator_rows_scanned": 11795244,
                                                                                    "operator_timing": 2.5507152680000047,
                                                                                    "result_set_size": 141542928,
                                                                                    "children": []
                                                                                }
                                                                            ]
                                                                        }
                                                                    ]
                                                                }
                                                            ]
                                                        }
                                                    ]
                                                }
                                            ]
                                        }
                                    ]
                                }
                            ]
                        }
                    ]
                }
            ]
        }
    ]
}