{
    "rows_returned": 100,
    "query_name": "WITH UserStats AS (\n    SELECT \n        U.Id AS UserId,\n        U.Reputation,\n        U.CreationDate,\n        COUNT(DISTINCT B.Id) AS BadgeCount,\n        SUM(CASE WHEN V.VoteTypeId = 2 THEN 1 ELSE 0 END) AS UpVotes,\n        SUM(CASE WHEN V.VoteTypeId = 3 THEN 1 ELSE 0 END) AS DownVotes,\n        SUM(COALESCE(P.ViewCount, 0)) AS TotalViews,\n        SUM(COALESCE(P.Score, 0)) AS TotalScore\n    FROM Users U\n    LEFT JOIN Badges B ON U.Id = B.UserId\n    LEFT JOIN Votes V ON U.Id = V.UserId\n    LEFT JOIN Posts P ON U.Id = P.OwnerUserId\n    GROUP BY U.Id, U.Reputation, U.CreationDate\n),\nPostStats AS (\n    SELECT \n        P.Id AS PostId,\n        P.PostTypeId,\n        P.CreationDate,\n        P.AcceptedAnswerId,\n        P.ViewCount,\n        P.Score,\n        COUNT(DISTINCT C.Id) AS CommentCount,\n        SUM(CASE WHEN V.VoteTypeId = 2 THEN 1 ELSE 0 END) AS UpVotes,\n        SUM(CASE WHEN V.VoteTypeId = 3 THEN 1 ELSE 0 END) AS DownVotes\n    FROM Posts P\n    LEFT JOIN Comments C ON P.Id = C.PostId\n    LEFT JOIN Votes V ON P.Id = V.PostId\n    GROUP BY P.Id, P.PostTypeId, P.CreationDate, P.AcceptedAnswerId, P.ViewCount, P.Score\n)\n\n\nSELECT \n    U.UserId,\n    U.Reputation,\n    U.BadgeCount,\n    U.UpVotes AS UserUpVotes,\n    U.DownVotes AS UserDownVotes,\n    U.TotalViews AS UserTotalViews,\n    U.TotalScore AS UserTotalScore,\n    P.PostId,\n    P.PostTypeId,\n    P.CreationDate AS PostCreationDate,\n    P.ViewCount AS PostViewCount,\n    P.Score AS PostScore,\n    P.CommentCount AS PostCommentCount,\n    P.UpVotes AS PostUpVotes,\n    P.DownVotes AS PostDownVotes\nFROM UserStats U\nJOIN PostStats P ON U.UserId = P.AcceptedAnswerId\nORDER BY U.Reputation DESC, P.Score DESC\nLIMIT 100;",
    "blocked_thread_time": 0.0,
    "cpu_time": 341.3943012470541,
    "extra_info": {},
    "cumulative_cardinality": 22098846802,
    "cumulative_rows_scanned": 44012674,
    "result_set_size": 14200,
    "latency": 408.035179873,
    "children": [
        {
            "operator_name": "STREAMING_LIMIT",
            "cpu_time": 341.3943012470541,
            "extra_info": {},
            "cumulative_cardinality": 22098846802,
            "operator_type": "STREAMING_LIMIT",
            "operator_cardinality": 100,
            "cumulative_rows_scanned": 44012674,
            "operator_rows_scanned": 0,
            "operator_timing": 0.0000019940000000000003,
            "result_set_size": 14200,
            "children": [
                {
                    "operator_name": "PROJECTION",
                    "cpu_time": 341.3942992530541,
                    "extra_info": {
                        "Projections": [
                            "#0",
                            "#1",
                            "#2",
                            "#3",
                            "#4",
                            "#5",
                            "#6",
                            "#7",
                            "__internal_decompress_integral_smallint(#8, 1)",
                            "#9",
                            "#10",
                            "__internal_decompress_integral_integer(#11, -72)",
                            "#12",
                            "#13",
                            "#14"
                        ],
                        "Estimated Cardinality": "3850116"
                    },
                    "cumulative_cardinality": 22098846702,
                    "operator_type": "PROJECTION",
                    "operator_cardinality": 4096,
                    "cumulative_rows_scanned": 44012674,
                    "operator_rows_scanned": 0,
                    "operator_timing": 0.000009608,
                    "result_set_size": 581632,
                    "children": [
                        {
                            "operator_name": "ORDER_BY",
                            "cpu_time": 341.3942896450541,
                            "extra_info": {
                                "Order By": [
                                    "U.Reputation DESC",
                                    "P.Score DESC"
                                ]
                            },
                            "cumulative_cardinality": 22098842606,
                            "operator_type": "ORDER_BY",
                            "operator_cardinality": 4096,
                            "cumulative_rows_scanned": 44012674,
                            "operator_rows_scanned": 0,
                            "operator_timing": 0.012784908000000005,
                            "result_set_size": 569344,
                            "children": [
                                {
                                    "operator_name": "PROJECTION",
                                    "cpu_time": 341.38150473705406,
                                    "extra_info": {
                                        "Projections": [
                                            "#0",
                                            "#1",
                                            "#2",
                                            "#3",
                                            "#4",
                                            "#5",
                                            "#6",
                                            "#7",
                                            "__internal_compress_integral_utinyint(#8, 1)",
                                            "#9",
                                            "#10",
                                            "__internal_compress_integral_usmallint(#11, -72)",
                                            "#12",
                                            "#13",
                                            "#14"
                                        ],
                                        "Estimated Cardinality": "3850116"
                                    },
                                    "cumulative_cardinality": 22098838510,
                                    "operator_type": "PROJECTION",
                                    "operator_cardinality": 233755,
                                    "cumulative_rows_scanned": 44012674,
                                    "operator_rows_scanned": 0,
                                    "operator_timing": 0.0005156580000000001,
                                    "result_set_size": 32491945,
                                    "children": [
                                        {
                                            "operator_name": "PROJECTION",
                                            "cpu_time": 341.3809890790541,
                                            "extra_info": {
                                                "Projections": [
                                                    "UserId",
                                                    "reputation",
                                                    "BadgeCount",
                                                    "UserUpVotes",
                                                    "UserDownVotes",
                                                    "UserTotalViews",
                                                    "UserTotalScore",
                                                    "PostId",
                                                    "posttypeid",
                                                    "PostCreationDate",
                                                    "PostViewCount",
                                                    "PostScore",
                                                    "PostCommentCount",
                                                    "PostUpVotes",
                                                    "PostDownVotes"
                                                ],
                                                "Estimated Cardinality": "3850116"
                                            },
                                            "cumulative_cardinality": 22098604755,
                                            "operator_type": "PROJECTION",
                                            "operator_cardinality": 233755,
                                            "cumulative_rows_scanned": 44012674,
                                            "operator_rows_scanned": 0,
                                            "operator_timing": 0.00011481799999999997,
                                            "result_set_size": 33193210,
                                            "children": [
                                                {
                                                    "operator_name": "HASH_JOIN",
                                                    "cpu_time": 341.3808742610541,
                                                    "extra_info": {
                                                        "Join Type": "INNER",
                                                        "Conditions": "acceptedanswerid = UserId",
                                                        "Estimated Cardinality": "3850116"
                                                    },
                                                    "cumulative_cardinality": 22098371000,
                                                    "operator_type": "HASH_JOIN",
                                                    "operator_cardinality": 233755,
                                                    "cumulative_rows_scanned": 44012674,
                                                    "operator_rows_scanned": 0,
                                                    "operator_timing": 0.109312035,
                                                    "result_set_size": 33193210,
                                                    "children": [
                                                        {
                                                            "operator_name": "PROJECTION",
                                                            "cpu_time": 3.6406875729999864,
                                                            "extra_info": {
                                                                "Projections": [
                                                                    "#0",
                                                                    "__internal_decompress_integral_smallint(#1, 1)",
                                                                    "#2",
                                                                    "#3",
                                                                    "#4",
                                                                    "__internal_decompress_integral_integer(#5, -72)",
                                                                    "#6",
                                                                    "#7",
                                                                    "#8"
                                                                ],
                                                                "Estimated Cardinality": "3850116"
                                                            },
                                                            "cumulative_cardinality": 108061083,
                                                            "operator_type": "PROJECTION",
                                                            "operator_cardinality": 265752,
                                                            "cumulative_rows_scanned": 23836031,
                                                            "operator_rows_scanned": 0,
                                                            "operator_timing": 0.00020401899999999995,
                                                            "result_set_size": 17539632,
                                                            "children": [
                                                                {
                                                                    "operator_name": "HASH_GROUP_BY",
                                                                    "cpu_time": 3.6404835539999865,
                                                                    "extra_info": {
                                                                        "Groups": [
                                                                            "#0",
                                                                            "#1",
                                                                            "#2",
                                                                            "#3",
                                                                            "#4",
                                                                            "#5"
                                                                        ],
                                                                        "Aggregates": [
                                                                            "count(DISTINCT #6)",
                                                                            "sum(#7)",
                                                                            "sum(#8)"
                                                                        ],
                                                                        "Estimated Cardinality": "3850116"
                                                                    },
                                                                    "cumulative_cardinality": 107795331,
                                                                    "operator_type": "HASH_GROUP_BY",
                                                                    "operator_cardinality": 265752,
                                                                    "cumulative_rows_scanned": 23836031,
                                                                    "operator_rows_scanned": 0,
                                                                    "operator_timing": 0.4286303950000013,
                                                                    "result_set_size": 16742376,
                                                                    "children": [
                                                                        {
                                                                            "operator_name": "PROJECTION",
                                                                            "cpu_time": 3.2118531589999852,
                                                                            "extra_info": {
                                                                                "Projections": [
                                                                                    "id",
                                                                                    "posttypeid",
                                                                                    "creationdate",
                                                                                    "acceptedanswerid",
                                                                                    "viewcount",
                                                                                    "score",
                                                                                    "id",
                                                                                    "CASE  WHEN ((votetypeid = 2)) THEN (1) ELSE 0 END",
                                                                                    "CASE  WHEN ((votetypeid = 3)) THEN (1) ELSE 0 END"
                                                                                ],
                                                                                "Estimated Cardinality": "12744093"
                                                                            },
                                                                            "cumulative_cardinality": 107529579,
                                                                            "operator_type": "PROJECTION",
                                                                            "operator_cardinality": 4482261,
                                                                            "cumulative_rows_scanned": 23836031,
                                                                            "operator_rows_scanned": 0,
                                                                            "operator_timing": 0.039111748000000265,
                                                                            "result_set_size": 156879135,
                                                                            "children": [
                                                                                {
                                                                                    "operator_name": "PROJECTION",
                                                                                    "cpu_time": 3.172741410999985,
                                                                                    "extra_info": {
                                                                                        "Projections": [
                                                                                            "#0",
                                                                                            "#1",
                                                                                            "#2",
                                                                                            "__internal_compress_integral_utinyint(#3, 1)",
                                                                                            "#4",
                                                                                            "#5",
                                                                                            "__internal_compress_integral_usmallint(#6, -72)",
                                                                                            "#7"
                                                                                        ],
                                                                                        "Estimated Cardinality": "12744093"
                                                                                    },
                                                                                    "cumulative_cardinality": 103047318,
                                                                                    "operator_type": "PROJECTION",
                                                                                    "operator_cardinality": 4482261,
                                                                                    "cumulative_rows_scanned": 23836031,
                                                                                    "operator_rows_scanned": 0,
                                                                                    "operator_timing": 0.00873210500000003,
                                                                                    "result_set_size": 129985569,
                                                                                    "children": [
                                                                                        {
                                                                                            "operator_name": "PROJECTION",
                                                                                            "cpu_time": 3.164009305999985,
                                                                                            "extra_info": {
                                                                                                "Projections": [
                                                                                                    "#0",
                                                                                                    "#1",
                                                                                                    "#2",
                                                                                                    "__internal_decompress_integral_smallint(#3, 1)",
                                                                                                    "#4",
                                                                                                    "#5",
                                                                                                    "__internal_decompress_integral_integer(#6, -72)",
                                                                                                    "#7"
                                                                                                ],
                                                                                                "Estimated Cardinality": "12744093"
                                                                                            },
                                                                                            "cumulative_cardinality": 98565057,
                                                                                            "operator_type": "PROJECTION",
                                                                                            "operator_cardinality": 4482261,
                                                                                            "cumulative_rows_scanned": 23836031,
                                                                                            "operator_rows_scanned": 0,
                                                                                            "operator_timing": 0.015656085999999948,
                                                                                            "result_set_size": 143432352,
                                                                                            "children": [
                                                                                                {
                                                                                                    "operator_name": "FILTER",
                                                                                                    "cpu_time": 3.148353219999985,
                                                                                                    "extra_info": {
                                                                                                        "Expression": "(#4 <= 1416570)",
                                                                                                        "Estimated Cardinality": "12744093"
                                                                                                    },
                                                                                                    "cumulative_cardinality": 94082796,
                                                                                                    "operator_type": "FILTER",
                                                                                                    "operator_cardinality": 4482261,
                                                                                                    "cumulative_rows_scanned": 23836031,
                                                                                                    "operator_rows_scanned": 0,
                                                                                                    "operator_timing": 0.09198741299999934,
                                                                                                    "result_set_size": 129985569,
                                                                                                    "children": [
                                                                                                        {
                                                                                                            "operator_name": "HASH_JOIN",
                                                                                                            "cpu_time": 3.056365806999986,
                                                                                                            "extra_info": {
                                                                                                                "Join Type": "RIGHT",
                                                                                                                "Conditions": "postid = id",
                                                                                                                "Estimated Cardinality": "12744093"
                                                                                                            },
                                                                                                            "cumulative_cardinality": 89600535,
                                                                                                            "operator_type": "HASH_JOIN",
                                                                                                            "operator_cardinality": 35129590,
                                                                                                            "cumulative_rows_scanned": 23836031,
                                                                                                            "operator_rows_scanned": 0,
                                                                                                            "operator_timing": 1.8280945249999858,
                                                                                                            "result_set_size": 1018758110,
                                                                                                            "children": [
                                                                                                                {
                                                                                                                    "operator_name": "READ_PARQUET ",
                                                                                                                    "cpu_time": 0.21689860300000016,
                                                                                                                    "extra_info": {
                                                                                                                        "Function": "READ_PARQUET",
                                                                                                                        "Projections": [
                                                                                                                            "postid",
                                                                                                                            "votetypeid"
                                                                                                                        ],
                                                                                                                        "Estimated Cardinality": "12744093"
                                                                                                                    },
                                                                                                                    "cumulative_cardinality": 12744093,
                                                                                                                    "operator_type": "TABLE_SCAN",
                                                                                                                    "operator_cardinality": 12744093,
                                                                                                                    "cumulative_rows_scanned": 12744093,
                                                                                                                    "operator_rows_scanned": 12744093,
                                                                                                                    "operator_timing": 0.21689860300000016,
                                                                                                                    "result_set_size": 76464558,
                                                                                                                    "children": []
                                                                                                                },
                                                                                                                {
                                                                                                                    "operator_name": "PROJECTION",
                                                                                                                    "cpu_time": 1.011372679,
                                                                                                                    "extra_info": {
                                                                                                                        "Projections": [
                                                                                                                            "#0",
                                                                                                                            "#1",
                                                                                                                            "__internal_compress_integral_utinyint(#2, 1)",
                                                                                                                            "#3",
                                                                                                                            "#4",
                                                                                                                            "__internal_compress_integral_usmallint(#5, -72)",
                                                                                                                            "#6"
                                                                                                                        ],
                                                                                                                        "Estimated Cardinality": "7241822"
                                                                                                                    },
                                                                                                                    "cumulative_cardinality": 41726852,
                                                                                                                    "operator_type": "PROJECTION",
                                                                                                                    "operator_cardinality": 8928266,
                                                                                                                    "cumulative_rows_scanned": 11091938,
                                                                                                                    "operator_rows_scanned": 0,
                                                                                                                    "operator_timing": 0.004973697999999975,
                                                                                                                    "result_set_size": 241063182,
                                                                                                                    "children": [
                                                                                                                        {
                                                                                                                            "operator_name": "PROJECTION",
                                                                                                                            "cpu_time": 1.006398981,
                                                                                                                            "extra_info": {
                                                                                                                                "Projections": [
                                                                                                                                    "#0",
                                                                                                                                    "#1",
                                                                                                                                    "__internal_decompress_integral_smallint(#2, 1)",
                                                                                                                                    "#3",
                                                                                                                                    "#4",
                                                                                                                                    "__internal_decompress_integral_integer(#5, -72)",
                                                                                                                                    "#6"
                                                                                                                                ],
                                                                                                                                "Estimated Cardinality": "7241822"
                                                                                                                            },
                                                                                                                            "cumulative_cardinality": 32798586,
                                                                                                                            "operator_type": "PROJECTION",
                                                                                                                            "operator_cardinality": 8928266,
                                                                                                                            "cumulative_rows_scanned": 11091938,
                                                                                                                            "operator_rows_scanned": 0,
                                                                                                                            "operator_timing": 0.004966661999999986,
                                                                                                                            "result_set_size": 267847980,
                                                                                                                            "children": [
                                                                                                                                {
                                                                                                                                    "operator_name": "HASH_JOIN",
                                                                                                                                    "cpu_time": 1.001432319,
                                                                                                                                    "extra_info": {
                                                                                                                                        "Join Type": "RIGHT",
                                                                                                                                        "Conditions": "postid = id",
                                                                                                                                        "Estimated Cardinality": "7241822"
                                                                                                                                    },
                                                                                                                                    "cumulative_cardinality": 23870320,
                                                                                                                                    "operator_type": "HASH_JOIN",
                                                                                                                                    "operator_cardinality": 8928266,
                                                                                                                                    "cumulative_rows_scanned": 11091938,
                                                                                                                                    "operator_rows_scanned": 0,
                                                                                                                                    "operator_timing": 0.7086629539999999,
                                                                                                                                    "result_set_size": 241063182,
                                                                                                                                    "children": [
                                                                                                                                        {
                                                                                                                                            "operator_name": "READ_PARQUET ",
                                                                                                                                            "cpu_time": 0.13569444200000003,
                                                                                                                                            "extra_info": {
                                                                                                                                                "Function": "READ_PARQUET",
                                                                                                                                                "Projections": [
                                                                                                                                                    "id",
                                                                                                                                                    "postid"
                                                                                                                                                ],
                                                                                                                                                "Estimated Cardinality": "7241822"
                                                                                                                                            },
                                                                                                                                            "cumulative_cardinality": 7241822,
                                                                                                                                            "operator_type": "TABLE_SCAN",
                                                                                                                                            "operator_cardinality": 7241822,
                                                                                                                                            "cumulative_rows_scanned": 7241822,
                                                                                                                                            "operator_rows_scanned": 7241822,
                                                                                                                                            "operator_timing": 0.13569444200000003,
                                                                                                                                            "result_set_size": 57934576,
                                                                                                                                            "children": []
                                                                                                                                        },
                                                                                                                                        {
                                                                                                                                            "operator_name": "PROJECTION",
                                                                                                                                            "cpu_time": 0.15707492300000014,
                                                                                                                                            "extra_info": {
                                                                                                                                                "Projections": [
                                                                                                                                                    "#0",
                                                                                                                                                    "__internal_compress_integral_utinyint(#1, 1)",
                                                                                                                                                    "#2",
                                                                                                                                                    "#3",
                                                                                                                                                    "__internal_compress_integral_usmallint(#4, -72)",
                                                                                                                                                    "#5"
                                                                                                                                                ],
                                                                                                                                                "Estimated Cardinality": "3850116"
                                                                                                                                            },
                                                                                                                                            "cumulative_cardinality": 7700232,
                                                                                                                                            "operator_type": "PROJECTION",
                                                                                                                                            "operator_cardinality": 3850116,
                                                                                                                                            "cumulative_rows_scanned": 3850116,
                                                                                                                                            "operator_rows_scanned": 0,
                                                                                                                                            "operator_timing": 0.0021425540000000022,
                                                                                                                                            "result_set_size": 88552668,
                                                                                                                                            "children": [
                                                                                                                                                {
                                                                                                                                                    "operator_name": "READ_PARQUET ",
                                                                                                                                                    "cpu_time": 0.15493236900000015,
                                                                                                                                                    "extra_info": {
                                                                                                                                                        "Function": "READ_PARQUET",
                                                                                                                                                        "Projections": [
                                                                                                                                                            "id",
                                                                                                                                                            "posttypeid",
                                                                                                                                                            "acceptedanswerid",
                                                                                                                                                            "creationdate",
                                                                                                                                                            "score",
                                                                                                                                                            "viewcount"
                                                                                                                                                        ],
                                                                                                                                                        "Estimated Cardinality": "3850116"
                                                                                                                                                    },
                                                                                                                                                    "cumulative_cardinality": 3850116,
                                                                                                                                                    "operator_type": "TABLE_SCAN",
                                                                                                                                                    "operator_cardinality": 3850116,
                                                                                                                                                    "cumulative_rows_scanned": 3850116,
                                                                                                                                                    "operator_rows_scanned": 3850116,
                                                                                                                                                    "operator_timing": 0.15493236900000015,
                                                                                                                                                    "result_set_size": 100103016,
                                                                                                                                                    "children": []
                                                                                                                                                }
                                                                                                                                            ]
                                                                                                                                        }
                                                                                                                                    ]
                                                                                                                                }
                                                                                                                            ]
                                                                                                                        }
                                                                                                                    ]
                                                                                                                }
                                                                                                            ]
                                                                                                        }
                                                                                                    ]
                                                                                                }
                                                                                            ]
                                                                                        }
                                                                                    ]
                                                                                }
                                                                            ]
                                                                        }
                                                                    ]
                                                                }
                                                            ]
                                                        },
                                                        {
                                                            "operator_name": "PROJECTION",
                                                            "cpu_time": 337.6308746530541,
                                                            "extra_info": {
                                                                "Projections": [
                                                                    "UserId",
                                                                    "reputation",
                                                                    "BadgeCount",
                                                                    "UpVotes",
                                                                    "DownVotes",
                                                                    "TotalViews",
                                                                    "TotalScore"
                                                                ],
                                                                "Estimated Cardinality": "1260710"
                                                            },
                                                            "cumulative_cardinality": 21990076162,
                                                            "operator_type": "PROJECTION",
                                                            "operator_cardinality": 1260704,
                                                            "cumulative_rows_scanned": 20176643,
                                                            "operator_rows_scanned": 0,
                                                            "operator_timing": 0.00018341400000000048,
                                                            "result_set_size": 100856320,
                                                            "children": [
                                                                {
                                                                    "operator_name": "HASH_GROUP_BY",
                                                                    "cpu_time": 337.6306912390541,
                                                                    "extra_info": {
                                                                        "Groups": [
                                                                            "#0",
                                                                            "#1",
                                                                            "#2"
                                                                        ],
                                                                        "Aggregates": [
                                                                            "count(DISTINCT #3)",
                                                                            "sum(#4)",
                                                                            "sum(#5)",
                                                                            "sum(#6)",
                                                                            "sum(#7)"
                                                                        ],
                                                                        "Estimated Cardinality": "1260710"
                                                                    },
                                                                    "cumulative_cardinality": 21988815458,
                                                                    "operator_type": "HASH_GROUP_BY",
                                                                    "operator_cardinality": 1260704,
                                                                    "cumulative_rows_scanned": 20176643,
                                                                    "operator_rows_scanned": 0,
                                                                    "operator_timing": 212.18242468599766,
                                                                    "result_set_size": 110941952,
                                                                    "children": [
                                                                        {
                                                                            "operator_name": "PROJECTION",
                                                                            "cpu_time": 125.44826655305644,
                                                                            "extra_info": {
                                                                                "Projections": [
                                                                                    "id",
                                                                                    "reputation",
                                                                                    "creationdate",
                                                                                    "id",
                                                                                    "CASE  WHEN ((votetypeid = 2)) THEN (1) ELSE 0 END",
                                                                                    "CASE  WHEN ((votetypeid = 3)) THEN (1) ELSE 0 END",
                                                                                    "COALESCE(viewcount, 0)",
                                                                                    "COALESCE(score, 0)"
                                                                                ],
                                                                                "Estimated Cardinality": "12744093"
                                                                            },
                                                                            "cumulative_cardinality": 21987554754,
                                                                            "operator_type": "PROJECTION",
                                                                            "operator_cardinality": 5491252085,
                                                                            "cumulative_rows_scanned": 20176643,
                                                                            "operator_rows_scanned": 0,
                                                                            "operator_timing": 67.83664603902305,
                                                                            "result_set_size": 197685075060,
                                                                            "children": [
                                                                                {
                                                                                    "operator_name": "PROJECTION",
                                                                                    "cpu_time": 57.61162051403339,
                                                                                    "extra_info": {
                                                                                        "Projections": [
                                                                                            "#0",
                                                                                            "#1",
                                                                                            "#2",
                                                                                            "#3",
                                                                                            "#4",
                                                                                            "__internal_decompress_integral_integer(#5, -72)",
                                                                                            "#6"
                                                                                        ],
                                                                                        "Estimated Cardinality": "12744093"
                                                                                    },
                                                                                    "cumulative_cardinality": 16496302669,
                                                                                    "operator_type": "PROJECTION",
                                                                                    "operator_cardinality": 5491252085,
                                                                                    "cumulative_rows_scanned": 20176643,
                                                                                    "operator_rows_scanned": 0,
                                                                                    "operator_timing": 2.7047617570045164,
                                                                                    "result_set_size": 164737562550,
                                                                                    "children": [
                                                                                        {
                                                                                            "operator_name": "FILTER",
                                                                                            "cpu_time": 54.90685875702887,
                                                                                            "extra_info": {
                                                                                                "Expression": "(#2 >= 7)",
                                                                                                "Estimated Cardinality": "12744093"
                                                                                            },
                                                                                            "cumulative_cardinality": 11005050584,
                                                                                            "operator_type": "FILTER",
                                                                                            "operator_cardinality": 5491252085,
                                                                                            "cumulative_rows_scanned": 20176643,
                                                                                            "operator_rows_scanned": 0,
                                                                                            "operator_timing": 11.040005210021812,
                                                                                            "result_set_size": 153755058380,
                                                                                            "children": [
                                                                                                {
                                                                                                    "operator_name": "HASH_JOIN",
                                                                                                    "cpu_time": 43.86685354700706,
                                                                                                    "extra_info": {
                                                                                                        "Join Type": "LEFT",
                                                                                                        "Conditions": "id = owneruserid",
                                                                                                        "Estimated Cardinality": "12744093"
                                                                                                    },
                                                                                                    "cumulative_cardinality": 5513798499,
                                                                                                    "operator_type": "HASH_JOIN",
                                                                                                    "operator_cardinality": 5493340482,
                                                                                                    "cumulative_rows_scanned": 20176643,
                                                                                                    "operator_rows_scanned": 0,
                                                                                                    "operator_timing": 42.85104071200707,
                                                                                                    "result_set_size": 153813533496,
                                                                                                    "children": [
                                                                                                        {
                                                                                                            "operator_name": "HASH_JOIN",
                                                                                                            "cpu_time": 0.9478796979999967,
                                                                                                            "extra_info": {
                                                                                                                "Join Type": "RIGHT",
                                                                                                                "Conditions": "userid = id",
                                                                                                                "Estimated Cardinality": "12744093"
                                                                                                            },
                                                                                                            "cumulative_cardinality": 12757785,
                                                                                                            "operator_type": "HASH_JOIN",
                                                                                                            "operator_cardinality": 6101651,
                                                                                                            "cumulative_rows_scanned": 16326527,
                                                                                                            "operator_rows_scanned": 0,
                                                                                                            "operator_timing": 0.517602007999996,
                                                                                                            "result_set_size": 134236322,
                                                                                                            "children": [
                                                                                                                {
                                                                                                                    "operator_name": "READ_PARQUET ",
                                                                                                                    "cpu_time": 0.1549120890000003,
                                                                                                                    "extra_info": {
                                                                                                                        "Function": "READ_PARQUET",
                                                                                                                        "Projections": [
                                                                                                                            "votetypeid",
                                                                                                                            "userid"
                                                                                                                        ],
                                                                                                                        "Estimated Cardinality": "12744093"
                                                                                                                    },
                                                                                                                    "cumulative_cardinality": 40287,
                                                                                                                    "operator_type": "TABLE_SCAN",
                                                                                                                    "operator_cardinality": 40287,
                                                                                                                    "cumulative_rows_scanned": 12744093,
                                                                                                                    "operator_rows_scanned": 12744093,
                                                                                                                    "operator_timing": 0.1549120890000003,
                                                                                                                    "result_set_size": 241722,
                                                                                                                    "children": []
                                                                                                                },
                                                                                                                {
                                                                                                                    "operator_name": "HASH_JOIN",
                                                                                                                    "cpu_time": 0.2753656010000004,
                                                                                                                    "extra_info": {
                                                                                                                        "Join Type": "RIGHT",
                                                                                                                        "Conditions": "userid = id",
                                                                                                                        "Estimated Cardinality": "2321724"
                                                                                                                    },
                                                                                                                    "cumulative_cardinality": 6615847,
                                                                                                                    "operator_type": "HASH_JOIN",
                                                                                                                    "operator_cardinality": 3033413,
                                                                                                                    "cumulative_rows_scanned": 3582434,
                                                                                                                    "operator_rows_scanned": 0,
                                                                                                                    "operator_timing": 0.18724884600000036,
                                                                                                                    "result_set_size": 60668260,
                                                                                                                    "children": [
                                                                                                                        {
                                                                                                                            "operator_name": "READ_PARQUET ",
                                                                                                                            "cpu_time": 0.04037233600000006,
                                                                                                                            "extra_info": {
                                                                                                                                "Function": "READ_PARQUET",
                                                                                                                                "Projections": [
                                                                                                                                    "id",
                                                                                                                                    "userid"
                                                                                                                                ],
                                                                                                                                "Estimated Cardinality": "2321724"
                                                                                                                            },
                                                                                                                            "cumulative_cardinality": 2321724,
                                                                                                                            "operator_type": "TABLE_SCAN",
                                                                                                                            "operator_cardinality": 2321724,
                                                                                                                            "cumulative_rows_scanned": 2321724,
                                                                                                                            "operator_rows_scanned": 2321724,
                                                                                                                            "operator_timing": 0.04037233600000006,
                                                                                                                            "result_set_size": 18573792,
                                                                                                                            "children": []
                                                                                                                        },
                                                                                                                        {
                                                                                                                            "operator_name": "READ_PARQUET ",
                                                                                                                            "cpu_time": 0.04774441900000001,
                                                                                                                            "extra_info": {
                                                                                                                                "Function": "READ_PARQUET",
                                                                                                                                "Projections": [
                                                                                                                                    "id",
                                                                                                                                    "reputation",
                                                                                                                                    "creationdate"
                                                                                                                                ],
                                                                                                                                "Estimated Cardinality": "1260710"
                                                                                                                            },
                                                                                                                            "cumulative_cardinality": 1260710,
                                                                                                                            "operator_type": "TABLE_SCAN",
                                                                                                                            "operator_cardinality": 1260710,
                                                                                                                            "cumulative_rows_scanned": 1260710,
                                                                                                                            "operator_rows_scanned": 1260710,
                                                                                                                            "operator_timing": 0.04774441900000001,
                                                                                                                            "result_set_size": 20171360,
                                                                                                                            "children": []
                                                                                                                        }
                                                                                                                    ]
                                                                                                                }
                                                                                                            ]
                                                                                                        },
                                                                                                        {
                                                                                                            "operator_name": "PROJECTION",
                                                                                                            "cpu_time": 0.06793313699999995,
                                                                                                            "extra_info": {
                                                                                                                "Projections": [
                                                                                                                    "__internal_compress_integral_usmallint(#0, -72)",
                                                                                                                    "#1",
                                                                                                                    "#2"
                                                                                                                ],
                                                                                                                "Estimated Cardinality": "3850116"
                                                                                                            },
                                                                                                            "cumulative_cardinality": 7700232,
                                                                                                            "operator_type": "PROJECTION",
                                                                                                            "operator_cardinality": 3850116,
                                                                                                            "cumulative_rows_scanned": 3850116,
                                                                                                            "operator_rows_scanned": 0,
                                                                                                            "operator_timing": 0.001184518000000002,
                                                                                                            "result_set_size": 38501160,
                                                                                                            "children": [
                                                                                                                {
                                                                                                                    "operator_name": "READ_PARQUET ",
                                                                                                                    "cpu_time": 0.06674861899999995,
                                                                                                                    "extra_info": {
                                                                                                                        "Function": "READ_PARQUET",
                                                                                                                        "Projections": [
                                                                                                                            "score",
                                                                                                                            "viewcount",
                                                                                                                            "owneruserid"
                                                                                                                        ],
                                                                                                                        "Estimated Cardinality": "3850116"
                                                                                                                    },
                                                                                                                    "cumulative_cardinality": 3850116,
                                                                                                                    "operator_type": "TABLE_SCAN",
                                                                                                                    "operator_cardinality": 3850116,
                                                                                                                    "cumulative_rows_scanned": 3850116,
                                                                                                                    "operator_rows_scanned": 3850116,
                                                                                                                    "operator_timing": 0.06674861899999995,
                                                                                                                    "result_set_size": 46201392,
                                                                                                                    "children": []
                                                                                                                }
                                                                                                            ]
                                                                                                        }
                                                                                                    ]
                                                                                                }
                                                                                            ]
                                                                                        }
                                                                                    ]
                                                                                }
                                                                            ]
                                                                        }
                                                                    ]
                                                                }
                                                            ]
                                                        }
                                                    ]
                                                }
                                            ]
                                        }
                                    ]
                                }
                            ]
                        }
                    ]
                }
            ]
        }
    ]
}