{
    "rows_returned": 100,
    "query_name": "\nSELECT\n    p.Id AS PostId,\n    p.Title,\n    p.CreationDate,\n    p.ViewCount,\n    p.Score,\n    u.DisplayName AS OwnerDisplayName,\n    COUNT(c.Id) AS CommentCount,\n    COUNT(v.Id) AS VoteCount,\n    COUNT(ph.Id) AS PostHistoryCount,\n    t.TagName,\n    pt.Name AS PostTypeName\nFROM\n    Posts p\nJOIN\n    Users u ON p.OwnerUserId = u.Id\nLEFT JOIN\n    Comments c ON p.Id = c.PostId\nLEFT JOIN\n    Votes v ON p.Id = v.PostId\nLEFT JOIN\n    PostHistory ph ON p.Id = ph.PostId\nLEFT JOIN\n    Tags t ON t.ExcerptPostId = p.Id\nJOIN\n    PostTypes pt ON p.PostTypeId = pt.Id\nWHERE\n    p.CreationDate >= '2023-01-01'  \nGROUP BY\n    p.Id, p.Title, p.CreationDate, p.ViewCount, p.Score, u.DisplayName, t.TagName, pt.Name\nORDER BY\n    p.CreationDate DESC\nLIMIT 100;\n",
    "blocked_thread_time": 0.0,
    "cpu_time": 2.857943830999998,
    "extra_info": {},
    "cumulative_cardinality": 74317158,
    "cumulative_rows_scanned": 36893969,
    "result_set_size": 10800,
    "latency": 3.197567854,
    "children": [
        {
            "operator_name": "STREAMING_LIMIT",
            "cpu_time": 2.857943830999998,
            "extra_info": {},
            "cumulative_cardinality": 74317158,
            "operator_type": "STREAMING_LIMIT",
            "operator_cardinality": 100,
            "cumulative_rows_scanned": 36893969,
            "operator_rows_scanned": 0,
            "operator_timing": 0.000001442,
            "result_set_size": 10800,
            "children": [
                {
                    "operator_name": "PROJECTION",
                    "cpu_time": 2.857942388999998,
                    "extra_info": {
                        "Projections": [
                            "#0",
                            "#1",
                            "#2",
                            "#3",
                            "__internal_decompress_integral_integer(#4, -72)",
                            "#5",
                            "#6",
                            "#7",
                            "#8",
                            "#9",
                            "#10"
                        ],
                        "Estimated Cardinality": "3850116"
                    },
                    "cumulative_cardinality": 74317058,
                    "operator_type": "PROJECTION",
                    "operator_cardinality": 4096,
                    "cumulative_rows_scanned": 36893969,
                    "operator_rows_scanned": 0,
                    "operator_timing": 0.000005911,
                    "result_set_size": 442368,
                    "children": [
                        {
                            "operator_name": "ORDER_BY",
                            "cpu_time": 2.857936477999998,
                            "extra_info": {
                                "Order By": "p.CreationDate DESC"
                            },
                            "cumulative_cardinality": 74312962,
                            "operator_type": "ORDER_BY",
                            "operator_cardinality": 4096,
                            "cumulative_rows_scanned": 36893969,
                            "operator_rows_scanned": 0,
                            "operator_timing": 0.016095169000000003,
                            "result_set_size": 434176,
                            "children": [
                                {
                                    "operator_name": "PROJECTION",
                                    "cpu_time": 2.8418413089999977,
                                    "extra_info": {
                                        "Projections": [
                                            "#0",
                                            "#1",
                                            "#2",
                                            "#3",
                                            "__internal_compress_integral_usmallint(#4, -72)",
                                            "#5",
                                            "#6",
                                            "#7",
                                            "#8",
                                            "#9",
                                            "#10"
                                        ],
                                        "Estimated Cardinality": "3850116"
                                    },
                                    "cumulative_cardinality": 74308866,
                                    "operator_type": "PROJECTION",
                                    "operator_cardinality": 261413,
                                    "cumulative_rows_scanned": 36893969,
                                    "operator_rows_scanned": 0,
                                    "operator_timing": 0.00012504900000000002,
                                    "result_set_size": 27709778,
                                    "children": [
                                        {
                                            "operator_name": "PROJECTION",
                                            "cpu_time": 2.8417162599999974,
                                            "extra_info": {
                                                "Projections": [
                                                    "PostId",
                                                    "title",
                                                    "creationdate",
                                                    "viewcount",
                                                    "score",
                                                    "OwnerDisplayName",
                                                    "CommentCount",
                                                    "VoteCount",
                                                    "PostHistoryCount",
                                                    "tagname",
                                                    "PostTypeName"
                                                ],
                                                "Estimated Cardinality": "3850116"
                                            },
                                            "cumulative_cardinality": 74047453,
                                            "operator_type": "PROJECTION",
                                            "operator_cardinality": 261413,
                                            "cumulative_rows_scanned": 36893969,
                                            "operator_rows_scanned": 0,
                                            "operator_timing": 0.00006863899999999996,
                                            "result_set_size": 28232604,
                                            "children": [
                                                {
                                                    "operator_name": "PROJECTION",
                                                    "cpu_time": 2.8416476209999972,
                                                    "extra_info": {
                                                        "Projections": [
                                                            "#0",
                                                            "#1",
                                                            "#2",
                                                            "#3",
                                                            "__internal_decompress_integral_integer(#4, -72)",
                                                            "#5",
                                                            "#6",
                                                            "#7",
                                                            "#8",
                                                            "#9",
                                                            "#10"
                                                        ],
                                                        "Estimated Cardinality": "3850116"
                                                    },
                                                    "cumulative_cardinality": 73786040,
                                                    "operator_type": "PROJECTION",
                                                    "operator_cardinality": 261413,
                                                    "cumulative_rows_scanned": 36893969,
                                                    "operator_rows_scanned": 0,
                                                    "operator_timing": 0.00013876500000000006,
                                                    "result_set_size": 28232604,
                                                    "children": [
                                                        {
                                                            "operator_name": "HASH_GROUP_BY",
                                                            "cpu_time": 2.8415088559999973,
                                                            "extra_info": {
                                                                "Groups": [
                                                                    "#0",
                                                                    "#1",
                                                                    "#2",
                                                                    "#3",
                                                                    "#4",
                                                                    "#5",
                                                                    "#6",
                                                                    "#7"
                                                                ],
                                                                "Aggregates": [
                                                                    "count(#8)",
                                                                    "count(#9)",
                                                                    "count(#10)"
                                                                ],
                                                                "Estimated Cardinality": "3850116"
                                                            },
                                                            "cumulative_cardinality": 73524627,
                                                            "operator_type": "HASH_GROUP_BY",
                                                            "operator_cardinality": 261413,
                                                            "cumulative_rows_scanned": 36893969,
                                                            "operator_rows_scanned": 0,
                                                            "operator_timing": 0.866387612999999,
                                                            "result_set_size": 27709778,
                                                            "children": [
                                                                {
                                                                    "operator_name": "PROJECTION",
                                                                    "cpu_time": 1.975121242999998,
                                                                    "extra_info": {
                                                                        "Projections": [
                                                                            "id",
                                                                            "title",
                                                                            "creationdate",
                                                                            "viewcount",
                                                                            "score",
                                                                            "displayname",
                                                                            "tagname",
                                                                            "name",
                                                                            "id",
                                                                            "id",
                                                                            "id"
                                                                        ],
                                                                        "Estimated Cardinality": "12744093"
                                                                    },
                                                                    "cumulative_cardinality": 73263214,
                                                                    "operator_type": "PROJECTION",
                                                                    "operator_cardinality": 8800235,
                                                                    "cumulative_rows_scanned": 36893969,
                                                                    "operator_rows_scanned": 0,
                                                                    "operator_timing": 0.002867214000000001,
                                                                    "result_set_size": 827222090,
                                                                    "children": [
                                                                        {
                                                                            "operator_name": "PROJECTION",
                                                                            "cpu_time": 1.9722540289999981,
                                                                            "extra_info": {
                                                                                "Projections": [
                                                                                    "#2",
                                                                                    "#3",
                                                                                    "__internal_compress_integral_usmallint(#4, -72)",
                                                                                    "#5",
                                                                                    "#6",
                                                                                    "#1",
                                                                                    "#0",
                                                                                    "#7",
                                                                                    "#8",
                                                                                    "#9",
                                                                                    "#10"
                                                                                ],
                                                                                "Estimated Cardinality": "12744093"
                                                                            },
                                                                            "cumulative_cardinality": 64462979,
                                                                            "operator_type": "PROJECTION",
                                                                            "operator_cardinality": 8800235,
                                                                            "cumulative_rows_scanned": 36893969,
                                                                            "operator_rows_scanned": 0,
                                                                            "operator_timing": 0.01390489200000003,
                                                                            "result_set_size": 827222090,
                                                                            "children": [
                                                                                {
                                                                                    "operator_name": "HASH_JOIN",
                                                                                    "cpu_time": 1.9583491369999981,
                                                                                    "extra_info": {
                                                                                        "Join Type": "INNER",
                                                                                        "Conditions": "posttypeid = id",
                                                                                        "Estimated Cardinality": "12744093"
                                                                                    },
                                                                                    "cumulative_cardinality": 55662744,
                                                                                    "operator_type": "HASH_JOIN",
                                                                                    "operator_cardinality": 8800235,
                                                                                    "cumulative_rows_scanned": 36893969,
                                                                                    "operator_rows_scanned": 0,
                                                                                    "operator_timing": 0.017648670999999984,
                                                                                    "result_set_size": 844822560,
                                                                                    "children": [
                                                                                        {
                                                                                            "operator_name": "HASH_JOIN",
                                                                                            "cpu_time": 1.9403654099999983,
                                                                                            "extra_info": {
                                                                                                "Join Type": "LEFT",
                                                                                                "Conditions": "id = excerptpostid",
                                                                                                "Estimated Cardinality": "12744093"
                                                                                            },
                                                                                            "cumulative_cardinality": 46862502,
                                                                                            "operator_type": "HASH_JOIN",
                                                                                            "operator_cardinality": 8800235,
                                                                                            "cumulative_rows_scanned": 36893961,
                                                                                            "operator_rows_scanned": 0,
                                                                                            "operator_timing": 0.14099529100000016,
                                                                                            "result_set_size": 721619270,
                                                                                            "children": [
                                                                                                {
                                                                                                    "operator_name": "HASH_JOIN",
                                                                                                    "cpu_time": 1.7988142499999982,
                                                                                                    "extra_info": {
                                                                                                        "Join Type": "LEFT",
                                                                                                        "Conditions": "id = postid",
                                                                                                        "Estimated Cardinality": "12744093"
                                                                                                    },
                                                                                                    "cumulative_cardinality": 38060291,
                                                                                                    "operator_type": "HASH_JOIN",
                                                                                                    "operator_cardinality": 8800235,
                                                                                                    "cumulative_rows_scanned": 36891985,
                                                                                                    "operator_rows_scanned": 0,
                                                                                                    "operator_timing": 0.6398629859999992,
                                                                                                    "result_set_size": 580815510,
                                                                                                    "children": [
                                                                                                        {
                                                                                                            "operator_name": "HASH_JOIN",
                                                                                                            "cpu_time": 1.0272357969999992,
                                                                                                            "extra_info": {
                                                                                                                "Join Type": "LEFT",
                                                                                                                "Conditions": "id = postid",
                                                                                                                "Estimated Cardinality": "12744093"
                                                                                                            },
                                                                                                            "cumulative_cardinality": 17464812,
                                                                                                            "operator_type": "HASH_JOIN",
                                                                                                            "operator_cardinality": 1744678,
                                                                                                            "cumulative_rows_scanned": 25096741,
                                                                                                            "operator_rows_scanned": 0,
                                                                                                            "operator_timing": 0.5872955469999993,
                                                                                                            "result_set_size": 108170036,
                                                                                                            "children": [
                                                                                                                {
                                                                                                                    "operator_name": "HASH_JOIN",
                                                                                                                    "cpu_time": 0.302111279,
                                                                                                                    "extra_info": {
                                                                                                                        "Join Type": "RIGHT",
                                                                                                                        "Conditions": "postid = id",
                                                                                                                        "Estimated Cardinality": "7241822"
                                                                                                                    },
                                                                                                                    "cumulative_cardinality": 2976041,
                                                                                                                    "operator_type": "HASH_JOIN",
                                                                                                                    "operator_cardinality": 643779,
                                                                                                                    "cumulative_rows_scanned": 12352648,
                                                                                                                    "operator_rows_scanned": 0,
                                                                                                                    "operator_timing": 0.06598549799999998,
                                                                                                                    "result_set_size": 37339182,
                                                                                                                    "children": [
                                                                                                                        {
                                                                                                                            "operator_name": "READ_PARQUET ",
                                                                                                                            "cpu_time": 0.015095336999999999,
                                                                                                                            "extra_info": {
                                                                                                                                "Function": "READ_PARQUET",
                                                                                                                                "Projections": [
                                                                                                                                    "id",
                                                                                                                                    "postid"
                                                                                                                                ],
                                                                                                                                "Estimated Cardinality": "7241822"
                                                                                                                            },
                                                                                                                            "cumulative_cardinality": 544915,
                                                                                                                            "operator_type": "TABLE_SCAN",
                                                                                                                            "operator_cardinality": 544915,
                                                                                                                            "cumulative_rows_scanned": 7241822,
                                                                                                                            "operator_rows_scanned": 7241822,
                                                                                                                            "operator_timing": 0.015095336999999999,
                                                                                                                            "result_set_size": 4359320,
                                                                                                                            "children": []
                                                                                                                        },
                                                                                                                        {
                                                                                                                            "operator_name": "HASH_JOIN",
                                                                                                                            "cpu_time": 0.22103044400000005,
                                                                                                                            "extra_info": {
                                                                                                                                "Join Type": "INNER",
                                                                                                                                "Conditions": "id = owneruserid",
                                                                                                                                "Estimated Cardinality": "770023"
                                                                                                                            },
                                                                                                                            "cumulative_cardinality": 1787347,
                                                                                                                            "operator_type": "HASH_JOIN",
                                                                                                                            "operator_cardinality": 261413,
                                                                                                                            "cumulative_rows_scanned": 5110826,
                                                                                                                            "operator_rows_scanned": 0,
                                                                                                                            "operator_timing": 0.053754159999999995,
                                                                                                                            "result_set_size": 14116302,
                                                                                                                            "children": [
                                                                                                                                {
                                                                                                                                    "operator_name": "READ_PARQUET ",
                                                                                                                                    "cpu_time": 0.08795333099999998,
                                                                                                                                    "extra_info": {
                                                                                                                                        "Function": "READ_PARQUET",
                                                                                                                                        "Projections": [
                                                                                                                                            "id",
                                                                                                                                            "displayname"
                                                                                                                                        ],
                                                                                                                                        "Filters": "id<=1416539",
                                                                                                                                        "Estimated Cardinality": "1260710"
                                                                                                                                    },
                                                                                                                                    "cumulative_cardinality": 1260679,
                                                                                                                                    "operator_type": "TABLE_SCAN",
                                                                                                                                    "operator_cardinality": 1260679,
                                                                                                                                    "cumulative_rows_scanned": 1260710,
                                                                                                                                    "operator_rows_scanned": 1260710,
                                                                                                                                    "operator_timing": 0.08795333099999998,
                                                                                                                                    "result_set_size": 25213580,
                                                                                                                                    "children": []
                                                                                                                                },
                                                                                                                                {
                                                                                                                                    "operator_name": "READ_PARQUET ",
                                                                                                                                    "cpu_time": 0.07932295300000007,
                                                                                                                                    "extra_info": {
                                                                                                                                        "Function": "READ_PARQUET",
                                                                                                                                        "Projections": [
                                                                                                                                            "id",
                                                                                                                                            "posttypeid",
                                                                                                                                            "creationdate",
                                                                                                                                            "score",
                                                                                                                                            "viewcount",
                                                                                                                                            "owneruserid",
                                                                                                                                            "title"
                                                                                                                                        ],
                                                                                                                                        "Filters": "creationdate>='2023-01-01 00:00:00'::TIMESTAMP",
                                                                                                                                        "Estimated Cardinality": "770023"
                                                                                                                                    },
                                                                                                                                    "cumulative_cardinality": 265255,
                                                                                                                                    "operator_type": "TABLE_SCAN",
                                                                                                                                    "operator_cardinality": 265255,
                                                                                                                                    "cumulative_rows_scanned": 3850116,
                                                                                                                                    "operator_rows_scanned": 3850116,
                                                                                                                                    "operator_timing": 0.07932295300000007,
                                                                                                                                    "result_set_size": 11140710,
                                                                                                                                    "children": []
                                                                                                                                }
                                                                                                                            ]
                                                                                                                        }
                                                                                                                    ]
                                                                                                                },
                                                                                                                {
                                                                                                                    "operator_name": "READ_PARQUET ",
                                                                                                                    "cpu_time": 0.13782897099999988,
                                                                                                                    "extra_info": {
                                                                                                                        "Function": "READ_PARQUET",
                                                                                                                        "Projections": [
                                                                                                                            "id",
                                                                                                                            "postid"
                                                                                                                        ],
                                                                                                                        "Estimated Cardinality": "12744093"
                                                                                                                    },
                                                                                                                    "cumulative_cardinality": 12744093,
                                                                                                                    "operator_type": "TABLE_SCAN",
                                                                                                                    "operator_cardinality": 12744093,
                                                                                                                    "cumulative_rows_scanned": 12744093,
                                                                                                                    "operator_rows_scanned": 12744093,
                                                                                                                    "operator_timing": 0.13782897099999988,
                                                                                                                    "result_set_size": 101952744,
                                                                                                                    "children": []
                                                                                                                }
                                                                                                            ]
                                                                                                        },
                                                                                                        {
                                                                                                            "operator_name": "READ_PARQUET ",
                                                                                                            "cpu_time": 0.13171546699999973,
                                                                                                            "extra_info": {
                                                                                                                "Function": "READ_PARQUET",
                                                                                                                "Projections": [
                                                                                                                    "id",
                                                                                                                    "postid"
                                                                                                                ],
                                                                                                                "Estimated Cardinality": "11795244"
                                                                                                            },
                                                                                                            "cumulative_cardinality": 11795244,
                                                                                                            "operator_type": "TABLE_SCAN",
                                                                                                            "operator_cardinality": 11795244,
                                                                                                            "cumulative_rows_scanned": 11795244,
                                                                                                            "operator_rows_scanned": 11795244,
                                                                                                            "operator_timing": 0.13171546699999973,
                                                                                                            "result_set_size": 94361952,
                                                                                                            "children": []
                                                                                                        }
                                                                                                    ]
                                                                                                },
                                                                                                {
                                                                                                    "operator_name": "READ_PARQUET ",
                                                                                                    "cpu_time": 0.000555869,
                                                                                                    "extra_info": {
                                                                                                        "Function": "READ_PARQUET",
                                                                                                        "Projections": [
                                                                                                            "tagname",
                                                                                                            "excerptpostid"
                                                                                                        ],
                                                                                                        "Estimated Cardinality": "1976"
                                                                                                    },
                                                                                                    "cumulative_cardinality": 1976,
                                                                                                    "operator_type": "TABLE_SCAN",
                                                                                                    "operator_cardinality": 1976,
                                                                                                    "cumulative_rows_scanned": 1976,
                                                                                                    "operator_rows_scanned": 1976,
                                                                                                    "operator_timing": 0.000555869,
                                                                                                    "result_set_size": 39520,
                                                                                                    "children": []
                                                                                                }
                                                                                            ]
                                                                                        },
                                                                                        {
                                                                                            "operator_name": "READ_PARQUET ",
                                                                                            "cpu_time": 0.00033505599999999997,
                                                                                            "extra_info": {
                                                                                                "Function": "READ_PARQUET",
                                                                                                "Projections": [
                                                                                                    "id",
                                                                                                    "name"
                                                                                                ],
                                                                                                "Filters": "id<=7",
                                                                                                "Estimated Cardinality": "8"
                                                                                            },
                                                                                            "cumulative_cardinality": 7,
                                                                                            "operator_type": "TABLE_SCAN",
                                                                                            "operator_cardinality": 7,
                                                                                            "cumulative_rows_scanned": 8,
                                                                                            "operator_rows_scanned": 8,
                                                                                            "operator_timing": 0.00033505599999999997,
                                                                                            "result_set_size": 126,
                                                                                            "children": []
                                                                                        }
                                                                                    ]
                                                                                }
                                                                            ]
                                                                        }
                                                                    ]
                                                                }
                                                            ]
                                                        }
                                                    ]
                                                }
                                            ]
                                        }
                                    ]
                                }
                            ]
                        }
                    ]
                }
            ]
        }
    ]
}