{
    "rows_returned": 1,
    "query_name": "WITH PostStats AS (\n    SELECT \n        COUNT(*) AS TotalPosts,\n        AVG(Score) AS AveragePostScore,\n        COUNT(DISTINCT OwnerUserId) AS UniquePostOwners,\n        SUM(CASE WHEN PostTypeId = 1 THEN 1 ELSE 0 END) AS TotalQuestions,\n        SUM(CASE WHEN PostTypeId = 2 THEN 1 ELSE 0 END) AS TotalAnswers\n    FROM Posts\n),\nUserStats AS (\n    SELECT \n        COUNT(*) AS TotalUsers,\n        SUM(Reputation) AS TotalReputation,\n        AVG(Reputation) AS AverageUserReputation\n    FROM Users\n),\nVoteStats AS (\n    SELECT \n        COUNT(*) AS TotalVotes,\n        COUNT(DISTINCT PostId) AS UniqueVotedPosts\n    FROM Votes\n),\nCommentStats AS (\n    SELECT \n        COUNT(*) AS TotalComments,\n        COUNT(DISTINCT PostId) AS UniqueCommentedPosts\n    FROM Comments\n)\n\nSELECT \n    p.TotalPosts,\n    p.AveragePostScore,\n    p.UniquePostOwners,\n    p.TotalQuestions,\n    p.TotalAnswers,\n    u.TotalUsers,\n    u.TotalReputation,\n    u.AverageUserReputation,\n    v.TotalVotes,\n    v.UniqueVotedPosts,\n    c.TotalComments,\n    c.UniqueCommentedPosts\nFROM \n    PostStats p,\n    UserStats u,\n    VoteStats v,\n    CommentStats c;",
    "blocked_thread_time": 0.0,
    "cpu_time": 1.0416083419999986,
    "extra_info": {},
    "cumulative_cardinality": 50193490,
    "cumulative_rows_scanned": 25096741,
    "result_set_size": 120,
    "latency": 1.129370227,
    "children": [
        {
            "operator_name": "PROJECTION",
            "cpu_time": 1.0416083419999986,
            "extra_info": {
                "Projections": [
                    "TotalPosts",
                    "AveragePostScore",
                    "UniquePostOwners",
                    "TotalQuestions",
                    "TotalAnswers",
                    "TotalUsers",
                    "TotalReputation",
                    "AverageUserReputation",
                    "TotalVotes",
                    "UniqueVotedPosts",
                    "TotalComments",
                    "UniqueCommentedPosts"
                ],
                "Estimated Cardinality": "1"
            },
            "cumulative_cardinality": 50193490,
            "operator_type": "PROJECTION",
            "operator_cardinality": 1,
            "cumulative_rows_scanned": 25096741,
            "operator_rows_scanned": 0,
            "operator_timing": 0.000004268,
            "result_set_size": 120,
            "children": [
                {
                    "operator_name": "CROSS_PRODUCT",
                    "cpu_time": 1.0416040739999985,
                    "extra_info": {},
                    "cumulative_cardinality": 50193489,
                    "operator_type": "CROSS_PRODUCT",
                    "operator_cardinality": 1,
                    "cumulative_rows_scanned": 25096741,
                    "operator_rows_scanned": 0,
                    "operator_timing": 0.000042038,
                    "result_set_size": 120,
                    "children": [
                        {
                            "operator_name": "CROSS_PRODUCT",
                            "cpu_time": 0.8319198689999986,
                            "extra_info": {},
                            "cumulative_cardinality": 42493255,
                            "operator_type": "CROSS_PRODUCT",
                            "operator_cardinality": 1,
                            "cumulative_rows_scanned": 21246625,
                            "operator_rows_scanned": 0,
                            "operator_timing": 0.000018146,
                            "result_set_size": 64,
                            "children": [
                                {
                                    "operator_name": "CROSS_PRODUCT",
                                    "cpu_time": 0.8172594519999985,
                                    "extra_info": {},
                                    "cumulative_cardinality": 39971833,
                                    "operator_type": "CROSS_PRODUCT",
                                    "operator_cardinality": 1,
                                    "cumulative_rows_scanned": 19985915,
                                    "operator_rows_scanned": 0,
                                    "operator_timing": 0.000037559000000000004,
                                    "result_set_size": 32,
                                    "children": [
                                        {
                                            "operator_name": "UNGROUPED_AGGREGATE",
                                            "cpu_time": 0.5511877109999986,
                                            "extra_info": {
                                                "Aggregates": [
                                                    "count_star()",
                                                    "count(DISTINCT #0)"
                                                ]
                                            },
                                            "cumulative_cardinality": 25488187,
                                            "operator_type": "UNGROUPED_AGGREGATE",
                                            "operator_cardinality": 1,
                                            "cumulative_rows_scanned": 12744093,
                                            "operator_rows_scanned": 0,
                                            "operator_timing": 0.4743181819999987,
                                            "result_set_size": 16,
                                            "children": [
                                                {
                                                    "operator_name": "PROJECTION",
                                                    "cpu_time": 0.07686952899999998,
                                                    "extra_info": {
                                                        "Projections": "postid",
                                                        "Estimated Cardinality": "12744093"
                                                    },
                                                    "cumulative_cardinality": 25488186,
                                                    "operator_type": "PROJECTION",
                                                    "operator_cardinality": 12744093,
                                                    "cumulative_rows_scanned": 12744093,
                                                    "operator_rows_scanned": 0,
                                                    "operator_timing": 0.0006332779999999969,
                                                    "result_set_size": 50976372,
                                                    "children": [
                                                        {
                                                            "operator_name": "READ_PARQUET ",
                                                            "cpu_time": 0.07623625099999998,
                                                            "extra_info": {
                                                                "Function": "READ_PARQUET",
                                                                "Projections": "postid",
                                                                "Estimated Cardinality": "12744093"
                                                            },
                                                            "cumulative_cardinality": 12744093,
                                                            "operator_type": "TABLE_SCAN",
                                                            "operator_cardinality": 12744093,
                                                            "cumulative_rows_scanned": 12744093,
                                                            "operator_rows_scanned": 12744093,
                                                            "operator_timing": 0.07623625099999998,
                                                            "result_set_size": 50976372,
                                                            "children": []
                                                        }
                                                    ]
                                                }
                                            ]
                                        },
                                        {
                                            "operator_name": "UNGROUPED_AGGREGATE",
                                            "cpu_time": 0.2660341819999998,
                                            "extra_info": {
                                                "Aggregates": [
                                                    "count_star()",
                                                    "count(DISTINCT #0)"
                                                ]
                                            },
                                            "cumulative_cardinality": 14483645,
                                            "operator_type": "UNGROUPED_AGGREGATE",
                                            "operator_cardinality": 1,
                                            "cumulative_rows_scanned": 7241822,
                                            "operator_rows_scanned": 0,
                                            "operator_timing": 0.22354737299999977,
                                            "result_set_size": 16,
                                            "children": [
                                                {
                                                    "operator_name": "PROJECTION",
                                                    "cpu_time": 0.042486809,
                                                    "extra_info": {
                                                        "Projections": "postid",
                                                        "Estimated Cardinality": "7241822"
                                                    },
                                                    "cumulative_cardinality": 14483644,
                                                    "operator_type": "PROJECTION",
                                                    "operator_cardinality": 7241822,
                                                    "cumulative_rows_scanned": 7241822,
                                                    "operator_rows_scanned": 0,
                                                    "operator_timing": 0.0003464620000000102,
                                                    "result_set_size": 28967288,
                                                    "children": [
                                                        {
                                                            "operator_name": "READ_PARQUET ",
                                                            "cpu_time": 0.04214034699999999,
                                                            "extra_info": {
                                                                "Function": "READ_PARQUET",
                                                                "Projections": "postid",
                                                                "Estimated Cardinality": "7241822"
                                                            },
                                                            "cumulative_cardinality": 7241822,
                                                            "operator_type": "TABLE_SCAN",
                                                            "operator_cardinality": 7241822,
                                                            "cumulative_rows_scanned": 7241822,
                                                            "operator_rows_scanned": 7241822,
                                                            "operator_timing": 0.04214034699999999,
                                                            "result_set_size": 28967288,
                                                            "children": []
                                                        }
                                                    ]
                                                }
                                            ]
                                        }
                                    ]
                                },
                                {
                                    "operator_name": "UNGROUPED_AGGREGATE",
                                    "cpu_time": 0.014642271000000016,
                                    "extra_info": {
                                        "Aggregates": [
                                            "count_star()",
                                            "sum(#0)",
                                            "avg(#1)"
                                        ]
                                    },
                                    "cumulative_cardinality": 2521421,
                                    "operator_type": "UNGROUPED_AGGREGATE",
                                    "operator_cardinality": 1,
                                    "cumulative_rows_scanned": 1260710,
                                    "operator_rows_scanned": 0,
                                    "operator_timing": 0.007579604000000018,
                                    "result_set_size": 32,
                                    "children": [
                                        {
                                            "operator_name": "PROJECTION",
                                            "cpu_time": 0.0070626669999999964,
                                            "extra_info": {
                                                "Projections": [
                                                    "reputation",
                                                    "reputation"
                                                ],
                                                "Estimated Cardinality": "1260710"
                                            },
                                            "cumulative_cardinality": 2521420,
                                            "operator_type": "PROJECTION",
                                            "operator_cardinality": 1260710,
                                            "cumulative_rows_scanned": 1260710,
                                            "operator_rows_scanned": 0,
                                            "operator_timing": 0.00006743399999999986,
                                            "result_set_size": 10085680,
                                            "children": [
                                                {
                                                    "operator_name": "READ_PARQUET ",
                                                    "cpu_time": 0.0069952329999999965,
                                                    "extra_info": {
                                                        "Function": "READ_PARQUET",
                                                        "Projections": "reputation",
                                                        "Estimated Cardinality": "1260710"
                                                    },
                                                    "cumulative_cardinality": 1260710,
                                                    "operator_type": "TABLE_SCAN",
                                                    "operator_cardinality": 1260710,
                                                    "cumulative_rows_scanned": 1260710,
                                                    "operator_rows_scanned": 1260710,
                                                    "operator_timing": 0.0069952329999999965,
                                                    "result_set_size": 5042840,
                                                    "children": []
                                                }
                                            ]
                                        }
                                    ]
                                }
                            ]
                        },
                        {
                            "operator_name": "UNGROUPED_AGGREGATE",
                            "cpu_time": 0.20964216699999985,
                            "extra_info": {
                                "Aggregates": [
                                    "count_star()",
                                    "avg(#0)",
                                    "count(DISTINCT #1)",
                                    "sum(#2)",
                                    "sum(#3)"
                                ]
                            },
                            "cumulative_cardinality": 7700233,
                            "operator_type": "UNGROUPED_AGGREGATE",
                            "operator_cardinality": 1,
                            "cumulative_rows_scanned": 3850116,
                            "operator_rows_scanned": 0,
                            "operator_timing": 0.10392671199999988,
                            "result_set_size": 56,
                            "children": [
                                {
                                    "operator_name": "PROJECTION",
                                    "cpu_time": 0.10571545499999997,
                                    "extra_info": {
                                        "Projections": [
                                            "score",
                                            "owneruserid",
                                            "CASE  WHEN ((posttypeid = 1)) THEN (1) ELSE 0 END",
                                            "CASE  WHEN ((posttypeid = 2)) THEN (1) ELSE 0 END"
                                        ],
                                        "Estimated Cardinality": "3850116"
                                    },
                                    "cumulative_cardinality": 7700232,
                                    "operator_type": "PROJECTION",
                                    "operator_cardinality": 3850116,
                                    "cumulative_rows_scanned": 3850116,
                                    "operator_rows_scanned": 0,
                                    "operator_timing": 0.04890524699999998,
                                    "result_set_size": 61601856,
                                    "children": [
                                        {
                                            "operator_name": "READ_PARQUET ",
                                            "cpu_time": 0.056810207999999994,
                                            "extra_info": {
                                                "Function": "READ_PARQUET",
                                                "Projections": [
                                                    "posttypeid",
                                                    "score",
                                                    "owneruserid"
                                                ],
                                                "Estimated Cardinality": "3850116"
                                            },
                                            "cumulative_cardinality": 3850116,
                                            "operator_type": "TABLE_SCAN",
                                            "operator_cardinality": 3850116,
                                            "cumulative_rows_scanned": 3850116,
                                            "operator_rows_scanned": 3850116,
                                            "operator_timing": 0.056810207999999994,
                                            "result_set_size": 38501160,
                                            "children": []
                                        }
                                    ]
                                }
                            ]
                        }
                    ]
                }
            ]
        }
    ]
}