{
    "rows_returned": 1061807,
    "query_name": "\nSELECT \n    p.Id AS PostId,\n    p.Title,\n    p.Body,\n    p.CreationDate,\n    u.DisplayName AS OwnerDisplayName,\n    u.Reputation AS OwnerReputation,\n    COUNT(v.Id) AS VoteCount,\n    COUNT(c.Id) AS CommentCount,\n    COUNT(CASE WHEN p.PostTypeId = 1 THEN a.Id END) AS AnswerCount\nFROM \n    Posts p\nLEFT JOIN \n    Users u ON p.OwnerUserId = u.Id\nLEFT JOIN \n    Votes v ON p.Id = v.PostId\nLEFT JOIN \n    Comments c ON p.Id = c.PostId\nLEFT JOIN \n    Posts a ON p.Id = a.ParentId\nWHERE \n    p.CreationDate >= DATE '2020-01-01'  \nGROUP BY \n    p.Id, p.Title, p.Body, p.CreationDate, u.DisplayName, u.Reputation\nORDER BY \n    p.CreationDate DESC;\n",
    "blocked_thread_time": 0.0,
    "cpu_time": 14.182889784999983,
    "extra_info": {},
    "cumulative_cardinality": 46810891,
    "cumulative_rows_scanned": 28946857,
    "result_set_size": 93439016,
    "latency": 18.818754334,
    "children": [
        {
            "operator_name": "ORDER_BY",
            "cpu_time": 14.182889784999983,
            "extra_info": {
                "Order By": "p.CreationDate DESC"
            },
            "cumulative_cardinality": 46810891,
            "operator_type": "ORDER_BY",
            "operator_cardinality": 1061807,
            "cumulative_rows_scanned": 28946857,
            "operator_rows_scanned": 0,
            "operator_timing": 0.3147325179999997,
            "result_set_size": 93439016,
            "children": [
                {
                    "operator_name": "HASH_GROUP_BY",
                    "cpu_time": 13.868157266999983,
                    "extra_info": {
                        "Groups": [
                            "#0",
                            "#1",
                            "#2",
                            "#3",
                            "#4",
                            "#5"
                        ],
                        "Aggregates": [
                            "count(#6)",
                            "count(#7)",
                            "count(#8)"
                        ],
                        "Estimated Cardinality": "3850116"
                    },
                    "cumulative_cardinality": 45749084,
                    "operator_type": "HASH_GROUP_BY",
                    "operator_cardinality": 1061807,
                    "cumulative_rows_scanned": 28946857,
                    "operator_rows_scanned": 0,
                    "operator_timing": 5.422773405999987,
                    "result_set_size": 93439016,
                    "children": [
                        {
                            "operator_name": "PROJECTION",
                            "cpu_time": 8.445383860999996,
                            "extra_info": {
                                "Projections": [
                                    "id",
                                    "title",
                                    "body",
                                    "creationdate",
                                    "displayname",
                                    "reputation",
                                    "id",
                                    "id",
                                    "CASE  WHEN ((posttypeid = 1)) THEN (id) ELSE NULL END"
                                ],
                                "Estimated Cardinality": "12744093"
                            },
                            "cumulative_cardinality": 44687277,
                            "operator_type": "PROJECTION",
                            "operator_cardinality": 9084240,
                            "cumulative_rows_scanned": 28946857,
                            "operator_rows_scanned": 0,
                            "operator_timing": 0.03625435699999997,
                            "result_set_size": 690402240,
                            "children": [
                                {
                                    "operator_name": "HASH_JOIN",
                                    "cpu_time": 8.409129503999996,
                                    "extra_info": {
                                        "Join Type": "LEFT",
                                        "Conditions": "id = parentid",
                                        "Estimated Cardinality": "12744093"
                                    },
                                    "cumulative_cardinality": 35603037,
                                    "operator_type": "HASH_JOIN",
                                    "operator_cardinality": 9084240,
                                    "cumulative_rows_scanned": 28946857,
                                    "operator_rows_scanned": 0,
                                    "operator_timing": 0.3373236050000003,
                                    "result_set_size": 708570720,
                                    "children": [
                                        {
                                            "operator_name": "HASH_JOIN",
                                            "cpu_time": 8.020760373999996,
                                            "extra_info": {
                                                "Join Type": "LEFT",
                                                "Conditions": "id = postid",
                                                "Estimated Cardinality": "12744093"
                                            },
                                            "cumulative_cardinality": 22668681,
                                            "operator_type": "HASH_JOIN",
                                            "operator_cardinality": 6627177,
                                            "cumulative_rows_scanned": 25096741,
                                            "operator_rows_scanned": 0,
                                            "operator_timing": 0.5125341309999999,
                                            "result_set_size": 490411098,
                                            "children": [
                                                {
                                                    "operator_name": "HASH_JOIN",
                                                    "cpu_time": 7.4287729739999975,
                                                    "extra_info": {
                                                        "Join Type": "RIGHT",
                                                        "Conditions": "postid = id",
                                                        "Estimated Cardinality": "12744093"
                                                    },
                                                    "cumulative_cardinality": 8799682,
                                                    "operator_type": "HASH_JOIN",
                                                    "operator_cardinality": 2405445,
                                                    "cumulative_rows_scanned": 17854919,
                                                    "operator_rows_scanned": 0,
                                                    "operator_timing": 1.3580849129999977,
                                                    "result_set_size": 168381150,
                                                    "children": [
                                                        {
                                                            "operator_name": "READ_PARQUET ",
                                                            "cpu_time": 0.07315575099999999,
                                                            "extra_info": {
                                                                "Function": "READ_PARQUET",
                                                                "Projections": [
                                                                    "id",
                                                                    "postid"
                                                                ],
                                                                "Estimated Cardinality": "12744093"
                                                            },
                                                            "cumulative_cardinality": 3009944,
                                                            "operator_type": "TABLE_SCAN",
                                                            "operator_cardinality": 3009944,
                                                            "cumulative_rows_scanned": 12744093,
                                                            "operator_rows_scanned": 12744093,
                                                            "operator_timing": 0.07315575099999999,
                                                            "result_set_size": 24079552,
                                                            "children": []
                                                        },
                                                        {
                                                            "operator_name": "HASH_JOIN",
                                                            "cpu_time": 5.9975323099999995,
                                                            "extra_info": {
                                                                "Join Type": "RIGHT",
                                                                "Conditions": "id = owneruserid",
                                                                "Estimated Cardinality": "1260710"
                                                            },
                                                            "cumulative_cardinality": 3384293,
                                                            "operator_type": "HASH_JOIN",
                                                            "operator_cardinality": 1061807,
                                                            "cumulative_rows_scanned": 5110826,
                                                            "operator_rows_scanned": 0,
                                                            "operator_timing": 0.4782959450000003,
                                                            "result_set_size": 70079262,
                                                            "children": [
                                                                {
                                                                    "operator_name": "READ_PARQUET ",
                                                                    "cpu_time": 0.37813950599999985,
                                                                    "extra_info": {
                                                                        "Function": "READ_PARQUET",
                                                                        "Projections": [
                                                                            "id",
                                                                            "reputation",
                                                                            "displayname"
                                                                        ],
                                                                        "Estimated Cardinality": "1260710"
                                                                    },
                                                                    "cumulative_cardinality": 1260679,
                                                                    "operator_type": "TABLE_SCAN",
                                                                    "operator_cardinality": 1260679,
                                                                    "cumulative_rows_scanned": 1260710,
                                                                    "operator_rows_scanned": 1260710,
                                                                    "operator_timing": 0.37813950599999985,
                                                                    "result_set_size": 30256296,
                                                                    "children": []
                                                                },
                                                                {
                                                                    "operator_name": "READ_PARQUET ",
                                                                    "cpu_time": 5.141096858999999,
                                                                    "extra_info": {
                                                                        "Function": "READ_PARQUET",
                                                                        "Projections": [
                                                                            "id",
                                                                            "posttypeid",
                                                                            "creationdate",
                                                                            "body",
                                                                            "owneruserid",
                                                                            "title"
                                                                        ],
                                                                        "Filters": "creationdate>='2020-01-01 00:00:00'::TIMESTAMP",
                                                                        "Estimated Cardinality": "770023"
                                                                    },
                                                                    "cumulative_cardinality": 1061807,
                                                                    "operator_type": "TABLE_SCAN",
                                                                    "operator_cardinality": 1061807,
                                                                    "cumulative_rows_scanned": 3850116,
                                                                    "operator_rows_scanned": 3850116,
                                                                    "operator_timing": 5.141096858999999,
                                                                    "result_set_size": 53090350,
                                                                    "children": []
                                                                }
                                                            ]
                                                        }
                                                    ]
                                                },
                                                {
                                                    "operator_name": "READ_PARQUET ",
                                                    "cpu_time": 0.07945326900000002,
                                                    "extra_info": {
                                                        "Function": "READ_PARQUET",
                                                        "Projections": [
                                                            "id",
                                                            "postid"
                                                        ],
                                                        "Estimated Cardinality": "7241822"
                                                    },
                                                    "cumulative_cardinality": 7241822,
                                                    "operator_type": "TABLE_SCAN",
                                                    "operator_cardinality": 7241822,
                                                    "cumulative_rows_scanned": 7241822,
                                                    "operator_rows_scanned": 7241822,
                                                    "operator_timing": 0.07945326900000002,
                                                    "result_set_size": 57934576,
                                                    "children": []
                                                }
                                            ]
                                        },
                                        {
                                            "operator_name": "READ_PARQUET ",
                                            "cpu_time": 0.05104552500000008,
                                            "extra_info": {
                                                "Function": "READ_PARQUET",
                                                "Projections": [
                                                    "id",
                                                    "parentid"
                                                ],
                                                "Estimated Cardinality": "3850116"
                                            },
                                            "cumulative_cardinality": 3850116,
                                            "operator_type": "TABLE_SCAN",
                                            "operator_cardinality": 3850116,
                                            "cumulative_rows_scanned": 3850116,
                                            "operator_rows_scanned": 3850116,
                                            "operator_timing": 0.05104552500000008,
                                            "result_set_size": 30800928,
                                            "children": []
                                        }
                                    ]
                                }
                            ]
                        }
                    ]
                }
            ]
        }
    ]
}