{
    "rows_returned": 100,
    "query_name": "\nWITH UserEngagement AS (\n    SELECT \n        u.Id AS UserId,\n        u.DisplayName,\n        u.Reputation,\n        COUNT(DISTINCT p.Id) AS PostCount,\n        SUM(COALESCE(v.VoteCount, 0)) AS TotalVotes,\n        SUM(COALESCE(c.CommentCount, 0)) AS TotalComments,\n        SUM(COALESCE(b.BadgeCount, 0)) AS TotalBadges\n    FROM \n        Users u\n    LEFT JOIN \n        Posts p ON u.Id = p.OwnerUserId\n    LEFT JOIN (\n        SELECT \n            PostId,\n            COUNT(*) AS VoteCount\n        FROM \n            Votes\n        GROUP BY \n            PostId\n    ) v ON p.Id = v.PostId\n    LEFT JOIN (\n        SELECT \n            PostId,\n            COUNT(*) AS CommentCount\n        FROM \n            Comments\n        GROUP BY \n            PostId\n    ) c ON p.Id = c.PostId\n    LEFT JOIN (\n        SELECT \n            UserId,\n            COUNT(*) AS BadgeCount\n        FROM \n            Badges\n        GROUP BY \n            UserId\n    ) b ON u.Id = b.UserId\n    GROUP BY \n        u.Id, u.DisplayName, u.Reputation\n)\n\nSELECT \n    UserId,\n    DisplayName,\n    Reputation,\n    PostCount,\n    TotalVotes,\n    TotalComments,\n    TotalBadges\nFROM \n    UserEngagement\nORDER BY \n    Reputation DESC, PostCount DESC\nFETCH FIRST 100 ROWS ONLY;\n",
    "blocked_thread_time": 0.0,
    "cpu_time": 3.6647702329999996,
    "extra_info": {},
    "cumulative_cardinality": 80376705,
    "cumulative_rows_scanned": 27418465,
    "result_set_size": 8000,
    "latency": 4.951530817,
    "children": [
        {
            "operator_name": "STREAMING_LIMIT",
            "cpu_time": 3.6647702329999996,
            "extra_info": {},
            "cumulative_cardinality": 80376705,
            "operator_type": "STREAMING_LIMIT",
            "operator_cardinality": 100,
            "cumulative_rows_scanned": 27418465,
            "operator_rows_scanned": 0,
            "operator_timing": 0.0000017330000000000002,
            "result_set_size": 8000,
            "children": [
                {
                    "operator_name": "ORDER_BY",
                    "cpu_time": 3.6647684999999997,
                    "extra_info": {
                        "Order By": [
                            "UserEngagement.Reputation DESC",
                            "UserEngagement.PostCount DESC"
                        ]
                    },
                    "cumulative_cardinality": 80376605,
                    "operator_type": "ORDER_BY",
                    "operator_cardinality": 4096,
                    "cumulative_rows_scanned": 27418465,
                    "operator_rows_scanned": 0,
                    "operator_timing": 0.05720373599999995,
                    "result_set_size": 327680,
                    "children": [
                        {
                            "operator_name": "HASH_GROUP_BY",
                            "cpu_time": 3.6075647639999997,
                            "extra_info": {
                                "Groups": [
                                    "#0",
                                    "#1",
                                    "#2"
                                ],
                                "Aggregates": [
                                    "count(DISTINCT #3)",
                                    "sum(#4)",
                                    "sum(#5)",
                                    "sum(#6)"
                                ],
                                "Estimated Cardinality": "1260710"
                            },
                            "cumulative_cardinality": 80372509,
                            "operator_type": "HASH_GROUP_BY",
                            "operator_cardinality": 1260710,
                            "cumulative_rows_scanned": 27418465,
                            "operator_rows_scanned": 0,
                            "operator_timing": 1.1831880170000004,
                            "result_set_size": 100856800,
                            "children": [
                                {
                                    "operator_name": "PROJECTION",
                                    "cpu_time": 2.4243767469999993,
                                    "extra_info": {
                                        "Projections": [
                                            "id",
                                            "displayname",
                                            "reputation",
                                            "id",
                                            "COALESCE(VoteCount, 0)",
                                            "COALESCE(CommentCount, 0)",
                                            "COALESCE(BadgeCount, 0)"
                                        ],
                                        "Estimated Cardinality": "6372046"
                                    },
                                    "cumulative_cardinality": 79111799,
                                    "operator_type": "PROJECTION",
                                    "operator_cardinality": 4574495,
                                    "cumulative_rows_scanned": 27418465,
                                    "operator_rows_scanned": 0,
                                    "operator_timing": 0.120031647,
                                    "result_set_size": 237873740,
                                    "children": [
                                        {
                                            "operator_name": "HASH_JOIN",
                                            "cpu_time": 2.3043450999999995,
                                            "extra_info": {
                                                "Join Type": "LEFT",
                                                "Conditions": "id = userid",
                                                "Estimated Cardinality": "6372046"
                                            },
                                            "cumulative_cardinality": 74537304,
                                            "operator_type": "HASH_JOIN",
                                            "operator_cardinality": 4574495,
                                            "cumulative_rows_scanned": 27418465,
                                            "operator_rows_scanned": 0,
                                            "operator_timing": 0.2276486840000001,
                                            "result_set_size": 237873740,
                                            "children": [
                                                {
                                                    "operator_name": "HASH_JOIN",
                                                    "cpu_time": 2.0053150099999995,
                                                    "extra_info": {
                                                        "Join Type": "LEFT",
                                                        "Conditions": "id = postid",
                                                        "Estimated Cardinality": "6372046"
                                                    },
                                                    "cumulative_cardinality": 64770340,
                                                    "operator_type": "HASH_JOIN",
                                                    "operator_cardinality": 4574495,
                                                    "cumulative_rows_scanned": 25096741,
                                                    "operator_rows_scanned": 0,
                                                    "operator_timing": 0.25640749500000043,
                                                    "result_set_size": 201277780,
                                                    "children": [
                                                        {
                                                            "operator_name": "HASH_JOIN",
                                                            "cpu_time": 1.4774745169999994,
                                                            "extra_info": {
                                                                "Join Type": "RIGHT",
                                                                "Conditions": "postid = id",
                                                                "Estimated Cardinality": "6372046"
                                                            },
                                                            "cumulative_cardinality": 43548529,
                                                            "operator_type": "HASH_JOIN",
                                                            "operator_cardinality": 4574495,
                                                            "cumulative_rows_scanned": 17854919,
                                                            "operator_rows_scanned": 0,
                                                            "operator_timing": 0.46875626699999945,
                                                            "result_set_size": 164681820,
                                                            "children": [
                                                                {
                                                                    "operator_name": "HASH_GROUP_BY",
                                                                    "cpu_time": 0.5971556069999996,
                                                                    "extra_info": {
                                                                        "Groups": "#0",
                                                                        "Aggregates": "count_star()",
                                                                        "Estimated Cardinality": "6372046"
                                                                    },
                                                                    "cumulative_cardinality": 29453413,
                                                                    "operator_type": "HASH_GROUP_BY",
                                                                    "operator_cardinality": 3965227,
                                                                    "cumulative_rows_scanned": 12744093,
                                                                    "operator_rows_scanned": 0,
                                                                    "operator_timing": 0.5189515479999998,
                                                                    "result_set_size": 47582724,
                                                                    "children": [
                                                                        {
                                                                            "operator_name": "PROJECTION",
                                                                            "cpu_time": 0.07820405899999984,
                                                                            "extra_info": {
                                                                                "Projections": "postid",
                                                                                "Estimated Cardinality": "12744093"
                                                                            },
                                                                            "cumulative_cardinality": 25488186,
                                                                            "operator_type": "PROJECTION",
                                                                            "operator_cardinality": 12744093,
                                                                            "cumulative_rows_scanned": 12744093,
                                                                            "operator_rows_scanned": 0,
                                                                            "operator_timing": 0.0007516750000000034,
                                                                            "result_set_size": 50976372,
                                                                            "children": [
                                                                                {
                                                                                    "operator_name": "READ_PARQUET ",
                                                                                    "cpu_time": 0.07745238399999983,
                                                                                    "extra_info": {
                                                                                        "Function": "READ_PARQUET",
                                                                                        "Projections": "postid",
                                                                                        "Estimated Cardinality": "12744093"
                                                                                    },
                                                                                    "cumulative_cardinality": 12744093,
                                                                                    "operator_type": "TABLE_SCAN",
                                                                                    "operator_cardinality": 12744093,
                                                                                    "cumulative_rows_scanned": 12744093,
                                                                                    "operator_rows_scanned": 12744093,
                                                                                    "operator_timing": 0.07745238399999983,
                                                                                    "result_set_size": 50976372,
                                                                                    "children": []
                                                                                }
                                                                            ]
                                                                        }
                                                                    ]
                                                                },
                                                                {
                                                                    "operator_name": "HASH_JOIN",
                                                                    "cpu_time": 0.4115626430000003,
                                                                    "extra_info": {
                                                                        "Join Type": "RIGHT",
                                                                        "Conditions": "owneruserid = id",
                                                                        "Estimated Cardinality": "3850116"
                                                                    },
                                                                    "cumulative_cardinality": 9520621,
                                                                    "operator_type": "HASH_JOIN",
                                                                    "operator_cardinality": 4574495,
                                                                    "cumulative_rows_scanned": 5110826,
                                                                    "operator_rows_scanned": 0,
                                                                    "operator_timing": 0.23928289900000033,
                                                                    "result_set_size": 128085860,
                                                                    "children": [
                                                                        {
                                                                            "operator_name": "READ_PARQUET ",
                                                                            "cpu_time": 0.08750059800000003,
                                                                            "extra_info": {
                                                                                "Function": "READ_PARQUET",
                                                                                "Projections": [
                                                                                    "id",
                                                                                    "owneruserid"
                                                                                ],
                                                                                "Estimated Cardinality": "3850116"
                                                                            },
                                                                            "cumulative_cardinality": 3685416,
                                                                            "operator_type": "TABLE_SCAN",
                                                                            "operator_cardinality": 3685416,
                                                                            "cumulative_rows_scanned": 3850116,
                                                                            "operator_rows_scanned": 3850116,
                                                                            "operator_timing": 0.08750059800000003,
                                                                            "result_set_size": 29483328,
                                                                            "children": []
                                                                        },
                                                                        {
                                                                            "operator_name": "READ_PARQUET ",
                                                                            "cpu_time": 0.08477914599999993,
                                                                            "extra_info": {
                                                                                "Function": "READ_PARQUET",
                                                                                "Projections": [
                                                                                    "id",
                                                                                    "reputation",
                                                                                    "displayname"
                                                                                ],
                                                                                "Estimated Cardinality": "1260710"
                                                                            },
                                                                            "cumulative_cardinality": 1260710,
                                                                            "operator_type": "TABLE_SCAN",
                                                                            "operator_cardinality": 1260710,
                                                                            "cumulative_rows_scanned": 1260710,
                                                                            "operator_rows_scanned": 1260710,
                                                                            "operator_timing": 0.08477914599999993,
                                                                            "result_set_size": 30257040,
                                                                            "children": []
                                                                        }
                                                                    ]
                                                                }
                                                            ]
                                                        },
                                                        {
                                                            "operator_name": "HASH_GROUP_BY",
                                                            "cpu_time": 0.27143299799999987,
                                                            "extra_info": {
                                                                "Groups": "#0",
                                                                "Aggregates": "count_star()",
                                                                "Estimated Cardinality": "3620911"
                                                            },
                                                            "cumulative_cardinality": 16647316,
                                                            "operator_type": "HASH_GROUP_BY",
                                                            "operator_cardinality": 2163672,
                                                            "cumulative_rows_scanned": 7241822,
                                                            "operator_rows_scanned": 0,
                                                            "operator_timing": 0.228542635,
                                                            "result_set_size": 25964064,
                                                            "children": [
                                                                {
                                                                    "operator_name": "PROJECTION",
                                                                    "cpu_time": 0.042890362999999876,
                                                                    "extra_info": {
                                                                        "Projections": "postid",
                                                                        "Estimated Cardinality": "7241822"
                                                                    },
                                                                    "cumulative_cardinality": 14483644,
                                                                    "operator_type": "PROJECTION",
                                                                    "operator_cardinality": 7241822,
                                                                    "cumulative_rows_scanned": 7241822,
                                                                    "operator_rows_scanned": 0,
                                                                    "operator_timing": 0.0003997699999999985,
                                                                    "result_set_size": 28967288,
                                                                    "children": [
                                                                        {
                                                                            "operator_name": "READ_PARQUET ",
                                                                            "cpu_time": 0.042490592999999875,
                                                                            "extra_info": {
                                                                                "Function": "READ_PARQUET",
                                                                                "Projections": "postid",
                                                                                "Estimated Cardinality": "7241822"
                                                                            },
                                                                            "cumulative_cardinality": 7241822,
                                                                            "operator_type": "TABLE_SCAN",
                                                                            "operator_cardinality": 7241822,
                                                                            "cumulative_rows_scanned": 7241822,
                                                                            "operator_rows_scanned": 7241822,
                                                                            "operator_timing": 0.042490592999999875,
                                                                            "result_set_size": 28967288,
                                                                            "children": []
                                                                        }
                                                                    ]
                                                                }
                                                            ]
                                                        }
                                                    ]
                                                },
                                                {
                                                    "operator_name": "HASH_GROUP_BY",
                                                    "cpu_time": 0.07138140599999995,
                                                    "extra_info": {
                                                        "Groups": "#0",
                                                        "Aggregates": "count_star()",
                                                        "Estimated Cardinality": "1160862"
                                                    },
                                                    "cumulative_cardinality": 5192469,
                                                    "operator_type": "HASH_GROUP_BY",
                                                    "operator_cardinality": 549021,
                                                    "cumulative_rows_scanned": 2321724,
                                                    "operator_rows_scanned": 0,
                                                    "operator_timing": 0.05856870699999995,
                                                    "result_set_size": 6588252,
                                                    "children": [
                                                        {
                                                            "operator_name": "PROJECTION",
                                                            "cpu_time": 0.012812699000000004,
                                                            "extra_info": {
                                                                "Projections": "userid",
                                                                "Estimated Cardinality": "2321724"
                                                            },
                                                            "cumulative_cardinality": 4643448,
                                                            "operator_type": "PROJECTION",
                                                            "operator_cardinality": 2321724,
                                                            "cumulative_rows_scanned": 2321724,
                                                            "operator_rows_scanned": 0,
                                                            "operator_timing": 0.00016580999999999923,
                                                            "result_set_size": 9286896,
                                                            "children": [
                                                                {
                                                                    "operator_name": "READ_PARQUET ",
                                                                    "cpu_time": 0.012646889000000005,
                                                                    "extra_info": {
                                                                        "Function": "READ_PARQUET",
                                                                        "Projections": "userid",
                                                                        "Estimated Cardinality": "2321724"
                                                                    },
                                                                    "cumulative_cardinality": 2321724,
                                                                    "operator_type": "TABLE_SCAN",
                                                                    "operator_cardinality": 2321724,
                                                                    "cumulative_rows_scanned": 2321724,
                                                                    "operator_rows_scanned": 2321724,
                                                                    "operator_timing": 0.012646889000000005,
                                                                    "result_set_size": 9286896,
                                                                    "children": []
                                                                }
                                                            ]
                                                        }
                                                    ]
                                                }
                                            ]
                                        }
                                    ]
                                }
                            ]
                        }
                    ]
                }
            ]
        }
    ]
}