{
    "rows_returned": 7,
    "query_name": "SELECT \n    pt.Name AS PostType,\n    COUNT(p.Id) AS TotalPosts,\n    SUM(CASE WHEN v.VoteTypeId = 2 THEN 1 ELSE 0 END) AS TotalUpVotes,\n    SUM(CASE WHEN v.VoteTypeId = 3 THEN 1 ELSE 0 END) AS TotalDownVotes,\n    COUNT(DISTINCT c.Id) AS TotalComments\nFROM \n    Posts p\nJOIN \n    PostTypes pt ON p.PostTypeId = pt.Id\nLEFT JOIN \n    Votes v ON p.Id = v.PostId\nLEFT JOIN \n    Comments c ON p.Id = c.PostId\nGROUP BY \n    pt.Name\nORDER BY \n    TotalPosts DESC;",
    "blocked_thread_time": 0.0,
    "cpu_time": 5.541373397999999,
    "extra_info": {},
    "cumulative_cardinality": 109301554,
    "cumulative_rows_scanned": 23836039,
    "result_set_size": 448,
    "latency": 6.660077515,
    "children": [
        {
            "operator_name": "ORDER_BY",
            "cpu_time": 5.541373397999999,
            "extra_info": {
                "Order By": "count(p.Id) DESC"
            },
            "cumulative_cardinality": 109301554,
            "operator_type": "ORDER_BY",
            "operator_cardinality": 7,
            "cumulative_rows_scanned": 23836039,
            "operator_rows_scanned": 0,
            "operator_timing": 0.000046395999999999994,
            "result_set_size": 448,
            "children": [
                {
                    "operator_name": "HASH_GROUP_BY",
                    "cpu_time": 5.541327001999999,
                    "extra_info": {
                        "Groups": "#0",
                        "Aggregates": [
                            "count_star()",
                            "sum(#1)",
                            "sum(#2)",
                            "count(DISTINCT #3)"
                        ],
                        "Estimated Cardinality": "3850116"
                    },
                    "cumulative_cardinality": 109301547,
                    "operator_type": "HASH_GROUP_BY",
                    "operator_cardinality": 7,
                    "cumulative_rows_scanned": 23836039,
                    "operator_rows_scanned": 0,
                    "operator_timing": 2.5234875580000007,
                    "result_set_size": 448,
                    "children": [
                        {
                            "operator_name": "PROJECTION",
                            "cpu_time": 3.017839443999998,
                            "extra_info": {
                                "Projections": [
                                    "name",
                                    "CASE  WHEN ((votetypeid = 2)) THEN (1) ELSE 0 END",
                                    "CASE  WHEN ((votetypeid = 3)) THEN (1) ELSE 0 END",
                                    "id"
                                ],
                                "Estimated Cardinality": "12744093"
                            },
                            "cumulative_cardinality": 109301540,
                            "operator_type": "PROJECTION",
                            "operator_cardinality": 35129590,
                            "cumulative_rows_scanned": 23836039,
                            "operator_rows_scanned": 0,
                            "operator_timing": 0.2466226509999998,
                            "result_set_size": 983628520,
                            "children": [
                                {
                                    "operator_name": "HASH_JOIN",
                                    "cpu_time": 2.771216792999998,
                                    "extra_info": {
                                        "Join Type": "LEFT",
                                        "Conditions": "id = postid",
                                        "Estimated Cardinality": "12744093"
                                    },
                                    "cumulative_cardinality": 74171950,
                                    "operator_type": "HASH_JOIN",
                                    "operator_cardinality": 35129590,
                                    "cumulative_rows_scanned": 23836039,
                                    "operator_rows_scanned": 0,
                                    "operator_timing": 1.078122802999997,
                                    "result_set_size": 772850980,
                                    "children": [
                                        {
                                            "operator_name": "HASH_JOIN",
                                            "cpu_time": 1.4356592870000013,
                                            "extra_info": {
                                                "Join Type": "RIGHT",
                                                "Conditions": "postid = id",
                                                "Estimated Cardinality": "12744093"
                                            },
                                            "cumulative_cardinality": 31800538,
                                            "operator_type": "HASH_JOIN",
                                            "operator_cardinality": 11356206,
                                            "cumulative_rows_scanned": 16594217,
                                            "operator_rows_scanned": 0,
                                            "operator_timing": 0.916544445000002,
                                            "result_set_size": 249836532,
                                            "children": [
                                                {
                                                    "operator_name": "READ_PARQUET ",
                                                    "cpu_time": 0.23170049599999984,
                                                    "extra_info": {
                                                        "Function": "READ_PARQUET",
                                                        "Projections": [
                                                            "postid",
                                                            "votetypeid"
                                                        ],
                                                        "Estimated Cardinality": "12744093"
                                                    },
                                                    "cumulative_cardinality": 12744093,
                                                    "operator_type": "TABLE_SCAN",
                                                    "operator_cardinality": 12744093,
                                                    "cumulative_rows_scanned": 12744093,
                                                    "operator_rows_scanned": 12744093,
                                                    "operator_timing": 0.23170049599999984,
                                                    "result_set_size": 76464558,
                                                    "children": []
                                                },
                                                {
                                                    "operator_name": "HASH_JOIN",
                                                    "cpu_time": 0.2874143459999997,
                                                    "extra_info": {
                                                        "Join Type": "INNER",
                                                        "Conditions": "posttypeid = id",
                                                        "Estimated Cardinality": "3850116"
                                                    },
                                                    "cumulative_cardinality": 7700239,
                                                    "operator_type": "HASH_JOIN",
                                                    "operator_cardinality": 3850116,
                                                    "cumulative_rows_scanned": 3850124,
                                                    "operator_rows_scanned": 0,
                                                    "operator_timing": 0.011223742999999986,
                                                    "result_set_size": 77002320,
                                                    "children": [
                                                        {
                                                            "operator_name": "READ_PARQUET ",
                                                            "cpu_time": 0.2757716989999997,
                                                            "extra_info": {
                                                                "Function": "READ_PARQUET",
                                                                "Projections": [
                                                                    "id",
                                                                    "posttypeid"
                                                                ],
                                                                "Estimated Cardinality": "3850116"
                                                            },
                                                            "cumulative_cardinality": 3850116,
                                                            "operator_type": "TABLE_SCAN",
                                                            "operator_cardinality": 3850116,
                                                            "cumulative_rows_scanned": 3850116,
                                                            "operator_rows_scanned": 3850116,
                                                            "operator_timing": 0.2757716989999997,
                                                            "result_set_size": 23100696,
                                                            "children": []
                                                        },
                                                        {
                                                            "operator_name": "READ_PARQUET ",
                                                            "cpu_time": 0.000418904,
                                                            "extra_info": {
                                                                "Function": "READ_PARQUET",
                                                                "Projections": [
                                                                    "id",
                                                                    "name"
                                                                ],
                                                                "Filters": "id<=7",
                                                                "Estimated Cardinality": "8"
                                                            },
                                                            "cumulative_cardinality": 7,
                                                            "operator_type": "TABLE_SCAN",
                                                            "operator_cardinality": 7,
                                                            "cumulative_rows_scanned": 8,
                                                            "operator_rows_scanned": 8,
                                                            "operator_timing": 0.000418904,
                                                            "result_set_size": 126,
                                                            "children": []
                                                        }
                                                    ]
                                                }
                                            ]
                                        },
                                        {
                                            "operator_name": "READ_PARQUET ",
                                            "cpu_time": 0.25743470299999965,
                                            "extra_info": {
                                                "Function": "READ_PARQUET",
                                                "Projections": [
                                                    "id",
                                                    "postid"
                                                ],
                                                "Estimated Cardinality": "7241822"
                                            },
                                            "cumulative_cardinality": 7241822,
                                            "operator_type": "TABLE_SCAN",
                                            "operator_cardinality": 7241822,
                                            "cumulative_rows_scanned": 7241822,
                                            "operator_rows_scanned": 7241822,
                                            "operator_timing": 0.25743470299999965,
                                            "result_set_size": 57934576,
                                            "children": []
                                        }
                                    ]
                                }
                            ]
                        }
                    ]
                }
            ]
        }
    ]
}