{
    "rows_returned": 7,
    "query_name": "SELECT \n    pt.Name AS PostType,\n    COUNT(p.Id) AS TotalPosts,\n    SUM(v.VoteCount) AS TotalVotes,\n    AVG(p.Score) AS AverageScore,\n    (SELECT COUNT(DISTINCT u.Id) FROM Users u) AS TotalUsers,\n    AVG(u.Reputation) AS AverageReputation\nFROM \n    Posts p\nJOIN \n    PostTypes pt ON p.PostTypeId = pt.Id\nLEFT JOIN \n    (SELECT PostId, COUNT(*) AS VoteCount\n     FROM Votes\n     GROUP BY PostId) v ON p.Id = v.PostId\nLEFT JOIN \n    Users u ON p.OwnerUserId = u.Id\nGROUP BY \n    pt.Name\nORDER BY \n    TotalPosts DESC;",
    "blocked_thread_time": 0.0,
    "cpu_time": 1.5547996310000003,
    "extra_info": {},
    "cumulative_cardinality": 60186394,
    "cumulative_rows_scanned": 19115637,
    "result_set_size": 448,
    "latency": 1.701942828,
    "children": [
        {
            "operator_name": "ORDER_BY",
            "cpu_time": 1.5547996310000003,
            "extra_info": {
                "Order By": "count(p.Id) DESC"
            },
            "cumulative_cardinality": 60186394,
            "operator_type": "ORDER_BY",
            "operator_cardinality": 7,
            "cumulative_rows_scanned": 19115637,
            "operator_rows_scanned": 0,
            "operator_timing": 0.000022383,
            "result_set_size": 448,
            "children": [
                {
                    "operator_name": "PROJECTION",
                    "cpu_time": 1.5547772480000004,
                    "extra_info": {
                        "Projections": [
                            "PostType",
                            "TotalPosts",
                            "TotalVotes",
                            "AverageScore",
                            "TotalUsers",
                            "AverageReputation"
                        ],
                        "Estimated Cardinality": "3850116"
                    },
                    "cumulative_cardinality": 60186387,
                    "operator_type": "PROJECTION",
                    "operator_cardinality": 7,
                    "cumulative_rows_scanned": 19115637,
                    "operator_rows_scanned": 0,
                    "operator_timing": 6.51e-7,
                    "result_set_size": 448,
                    "children": [
                        {
                            "operator_name": "CROSS_PRODUCT",
                            "cpu_time": 1.5547765970000005,
                            "extra_info": {},
                            "cumulative_cardinality": 60186380,
                            "operator_type": "CROSS_PRODUCT",
                            "operator_cardinality": 7,
                            "cumulative_rows_scanned": 19115637,
                            "operator_rows_scanned": 0,
                            "operator_timing": 0.000024905,
                            "result_set_size": 448,
                            "children": [
                                {
                                    "operator_name": "HASH_GROUP_BY",
                                    "cpu_time": 1.4873485320000004,
                                    "extra_info": {
                                        "Groups": "#0",
                                        "Aggregates": [
                                            "count_star()",
                                            "sum(#1)",
                                            "avg(#2)",
                                            "avg(#3)"
                                        ],
                                        "Estimated Cardinality": "3850116"
                                    },
                                    "cumulative_cardinality": 57664949,
                                    "operator_type": "HASH_GROUP_BY",
                                    "operator_cardinality": 7,
                                    "cumulative_rows_scanned": 17854927,
                                    "operator_rows_scanned": 0,
                                    "operator_timing": 0.09750862399999971,
                                    "result_set_size": 392,
                                    "children": [
                                        {
                                            "operator_name": "PROJECTION",
                                            "cpu_time": 1.3898399080000008,
                                            "extra_info": {
                                                "Projections": [
                                                    "name",
                                                    "VoteCount",
                                                    "score",
                                                    "reputation"
                                                ],
                                                "Estimated Cardinality": "6372046"
                                            },
                                            "cumulative_cardinality": 57664942,
                                            "operator_type": "PROJECTION",
                                            "operator_cardinality": 3850116,
                                            "cumulative_rows_scanned": 17854927,
                                            "operator_rows_scanned": 0,
                                            "operator_timing": 0.001102133999999993,
                                            "result_set_size": 123203712,
                                            "children": [
                                                {
                                                    "operator_name": "HASH_JOIN",
                                                    "cpu_time": 1.3887377740000009,
                                                    "extra_info": {
                                                        "Join Type": "LEFT",
                                                        "Conditions": "owneruserid = id",
                                                        "Estimated Cardinality": "6372046"
                                                    },
                                                    "cumulative_cardinality": 53814826,
                                                    "operator_type": "HASH_JOIN",
                                                    "operator_cardinality": 3850116,
                                                    "cumulative_rows_scanned": 17854927,
                                                    "operator_rows_scanned": 0,
                                                    "operator_timing": 0.22000732100000098,
                                                    "result_set_size": 123203712,
                                                    "children": [
                                                        {
                                                            "operator_name": "PROJECTION",
                                                            "cpu_time": 1.1549268869999998,
                                                            "extra_info": {
                                                                "Projections": [
                                                                    "#0",
                                                                    "#1",
                                                                    "__internal_decompress_integral_integer(#2, -72)",
                                                                    "#3",
                                                                    "#4"
                                                                ],
                                                                "Estimated Cardinality": "6372046"
                                                            },
                                                            "cumulative_cardinality": 48704000,
                                                            "operator_type": "PROJECTION",
                                                            "operator_cardinality": 3850116,
                                                            "cumulative_rows_scanned": 16594217,
                                                            "operator_rows_scanned": 0,
                                                            "operator_timing": 0.0021034320000000084,
                                                            "result_set_size": 138604176,
                                                            "children": [
                                                                {
                                                                    "operator_name": "HASH_JOIN",
                                                                    "cpu_time": 1.1528234549999998,
                                                                    "extra_info": {
                                                                        "Join Type": "RIGHT",
                                                                        "Conditions": "postid = id",
                                                                        "Estimated Cardinality": "6372046"
                                                                    },
                                                                    "cumulative_cardinality": 44853884,
                                                                    "operator_type": "HASH_JOIN",
                                                                    "operator_cardinality": 3850116,
                                                                    "cumulative_rows_scanned": 16594217,
                                                                    "operator_rows_scanned": 0,
                                                                    "operator_timing": 0.45202564499999925,
                                                                    "result_set_size": 130903944,
                                                                    "children": [
                                                                        {
                                                                            "operator_name": "HASH_GROUP_BY",
                                                                            "cpu_time": 0.5676624980000006,
                                                                            "extra_info": {
                                                                                "Groups": "#0",
                                                                                "Aggregates": "count_star()",
                                                                                "Estimated Cardinality": "6372046"
                                                                            },
                                                                            "cumulative_cardinality": 29453413,
                                                                            "operator_type": "HASH_GROUP_BY",
                                                                            "operator_cardinality": 3965227,
                                                                            "cumulative_rows_scanned": 12744093,
                                                                            "operator_rows_scanned": 0,
                                                                            "operator_timing": 0.48909000700000077,
                                                                            "result_set_size": 47582724,
                                                                            "children": [
                                                                                {
                                                                                    "operator_name": "PROJECTION",
                                                                                    "cpu_time": 0.07857249099999979,
                                                                                    "extra_info": {
                                                                                        "Projections": "postid",
                                                                                        "Estimated Cardinality": "12744093"
                                                                                    },
                                                                                    "cumulative_cardinality": 25488186,
                                                                                    "operator_type": "PROJECTION",
                                                                                    "operator_cardinality": 12744093,
                                                                                    "cumulative_rows_scanned": 12744093,
                                                                                    "operator_rows_scanned": 0,
                                                                                    "operator_timing": 0.0008018450000000071,
                                                                                    "result_set_size": 50976372,
                                                                                    "children": [
                                                                                        {
                                                                                            "operator_name": "READ_PARQUET ",
                                                                                            "cpu_time": 0.07777064599999978,
                                                                                            "extra_info": {
                                                                                                "Function": "READ_PARQUET",
                                                                                                "Projections": "postid",
                                                                                                "Estimated Cardinality": "12744093"
                                                                                            },
                                                                                            "cumulative_cardinality": 12744093,
                                                                                            "operator_type": "TABLE_SCAN",
                                                                                            "operator_cardinality": 12744093,
                                                                                            "cumulative_rows_scanned": 12744093,
                                                                                            "operator_rows_scanned": 12744093,
                                                                                            "operator_timing": 0.07777064599999978,
                                                                                            "result_set_size": 50976372,
                                                                                            "children": []
                                                                                        }
                                                                                    ]
                                                                                }
                                                                            ]
                                                                        },
                                                                        {
                                                                            "operator_name": "PROJECTION",
                                                                            "cpu_time": 0.13313531199999998,
                                                                            "extra_info": {
                                                                                "Projections": [
                                                                                    "#0",
                                                                                    "__internal_compress_integral_usmallint(#1, -72)",
                                                                                    "#2",
                                                                                    "#3"
                                                                                ],
                                                                                "Estimated Cardinality": "3850116"
                                                                            },
                                                                            "cumulative_cardinality": 11550355,
                                                                            "operator_type": "PROJECTION",
                                                                            "operator_cardinality": 3850116,
                                                                            "cumulative_rows_scanned": 3850124,
                                                                            "operator_rows_scanned": 0,
                                                                            "operator_timing": 0.0015181900000000013,
                                                                            "result_set_size": 100103016,
                                                                            "children": [
                                                                                {
                                                                                    "operator_name": "HASH_JOIN",
                                                                                    "cpu_time": 0.13161712199999998,
                                                                                    "extra_info": {
                                                                                        "Join Type": "INNER",
                                                                                        "Conditions": "posttypeid = id",
                                                                                        "Estimated Cardinality": "3850116"
                                                                                    },
                                                                                    "cumulative_cardinality": 7700239,
                                                                                    "operator_type": "HASH_JOIN",
                                                                                    "operator_cardinality": 3850116,
                                                                                    "cumulative_rows_scanned": 3850124,
                                                                                    "operator_rows_scanned": 0,
                                                                                    "operator_timing": 0.017510631000000013,
                                                                                    "result_set_size": 107803248,
                                                                                    "children": [
                                                                                        {
                                                                                            "operator_name": "READ_PARQUET ",
                                                                                            "cpu_time": 0.11376555399999995,
                                                                                            "extra_info": {
                                                                                                "Function": "READ_PARQUET",
                                                                                                "Projections": [
                                                                                                    "id",
                                                                                                    "posttypeid",
                                                                                                    "score",
                                                                                                    "owneruserid"
                                                                                                ],
                                                                                                "Estimated Cardinality": "3850116"
                                                                                            },
                                                                                            "cumulative_cardinality": 3850116,
                                                                                            "operator_type": "TABLE_SCAN",
                                                                                            "operator_cardinality": 3850116,
                                                                                            "cumulative_rows_scanned": 3850116,
                                                                                            "operator_rows_scanned": 3850116,
                                                                                            "operator_timing": 0.11376555399999995,
                                                                                            "result_set_size": 53901624,
                                                                                            "children": []
                                                                                        },
                                                                                        {
                                                                                            "operator_name": "READ_PARQUET ",
                                                                                            "cpu_time": 0.000340937,
                                                                                            "extra_info": {
                                                                                                "Function": "READ_PARQUET",
                                                                                                "Projections": [
                                                                                                    "id",
                                                                                                    "name"
                                                                                                ],
                                                                                                "Filters": "id<=7",
                                                                                                "Estimated Cardinality": "8"
                                                                                            },
                                                                                            "cumulative_cardinality": 7,
                                                                                            "operator_type": "TABLE_SCAN",
                                                                                            "operator_cardinality": 7,
                                                                                            "cumulative_rows_scanned": 8,
                                                                                            "operator_rows_scanned": 8,
                                                                                            "operator_timing": 0.000340937,
                                                                                            "result_set_size": 126,
                                                                                            "children": []
                                                                                        }
                                                                                    ]
                                                                                }
                                                                            ]
                                                                        }
                                                                    ]
                                                                }
                                                            ]
                                                        },
                                                        {
                                                            "operator_name": "READ_PARQUET ",
                                                            "cpu_time": 0.013803565999999988,
                                                            "extra_info": {
                                                                "Function": "READ_PARQUET",
                                                                "Projections": [
                                                                    "id",
                                                                    "reputation"
                                                                ],
                                                                "Estimated Cardinality": "1260710"
                                                            },
                                                            "cumulative_cardinality": 1260710,
                                                            "operator_type": "TABLE_SCAN",
                                                            "operator_cardinality": 1260710,
                                                            "cumulative_rows_scanned": 1260710,
                                                            "operator_rows_scanned": 1260710,
                                                            "operator_timing": 0.013803565999999988,
                                                            "result_set_size": 10085680,
                                                            "children": []
                                                        }
                                                    ]
                                                }
                                            ]
                                        }
                                    ]
                                },
                                {
                                    "operator_name": "PROJECTION",
                                    "cpu_time": 0.06740316000000003,
                                    "extra_info": {
                                        "Projections": [
                                            "CASE  WHEN ((#1 > 1)) THEN (error('More than one row returned by a subquery used as an expression - scalar subqueries can only return a single row.",
                                            "Use \"SET scalar_subquery_error_on_multiple_rows=false\" to revert to previous behavior of returning a random row.')) ELSE #0 END"
                                        ],
                                        "Estimated Cardinality": "1"
                                    },
                                    "cumulative_cardinality": 2521424,
                                    "operator_type": "PROJECTION",
                                    "operator_cardinality": 1,
                                    "cumulative_rows_scanned": 1260710,
                                    "operator_rows_scanned": 0,
                                    "operator_timing": 0.000002475,
                                    "result_set_size": 8,
                                    "children": [
                                        {
                                            "operator_name": "UNGROUPED_AGGREGATE",
                                            "cpu_time": 0.06740068500000003,
                                            "extra_info": {
                                                "Aggregates": [
                                                    "\"first\"(#0)",
                                                    "count_star()"
                                                ]
                                            },
                                            "cumulative_cardinality": 2521423,
                                            "operator_type": "UNGROUPED_AGGREGATE",
                                            "operator_cardinality": 1,
                                            "cumulative_rows_scanned": 1260710,
                                            "operator_rows_scanned": 0,
                                            "operator_timing": 0.000001844,
                                            "result_set_size": 16,
                                            "children": [
                                                {
                                                    "operator_name": "PROJECTION",
                                                    "cpu_time": 0.06739884100000003,
                                                    "extra_info": {
                                                        "Projections": "#0",
                                                        "Estimated Cardinality": "1"
                                                    },
                                                    "cumulative_cardinality": 2521422,
                                                    "operator_type": "PROJECTION",
                                                    "operator_cardinality": 1,
                                                    "cumulative_rows_scanned": 1260710,
                                                    "operator_rows_scanned": 0,
                                                    "operator_timing": 6.71e-7,
                                                    "result_set_size": 8,
                                                    "children": [
                                                        {
                                                            "operator_name": "UNGROUPED_AGGREGATE",
                                                            "cpu_time": 0.06739817000000003,
                                                            "extra_info": {
                                                                "Aggregates": "count(DISTINCT #0)"
                                                            },
                                                            "cumulative_cardinality": 2521421,
                                                            "operator_type": "UNGROUPED_AGGREGATE",
                                                            "operator_cardinality": 1,
                                                            "cumulative_rows_scanned": 1260710,
                                                            "operator_rows_scanned": 0,
                                                            "operator_timing": 0.05968425100000003,
                                                            "result_set_size": 8,
                                                            "children": [
                                                                {
                                                                    "operator_name": "PROJECTION",
                                                                    "cpu_time": 0.007713919000000004,
                                                                    "extra_info": {
                                                                        "Projections": "id",
                                                                        "Estimated Cardinality": "1260710"
                                                                    },
                                                                    "cumulative_cardinality": 2521420,
                                                                    "operator_type": "PROJECTION",
                                                                    "operator_cardinality": 1260710,
                                                                    "cumulative_rows_scanned": 1260710,
                                                                    "operator_rows_scanned": 0,
                                                                    "operator_timing": 0.00010291499999999978,
                                                                    "result_set_size": 5042840,
                                                                    "children": [
                                                                        {
                                                                            "operator_name": "READ_PARQUET ",
                                                                            "cpu_time": 0.0076110040000000045,
                                                                            "extra_info": {
                                                                                "Function": "READ_PARQUET",
                                                                                "Projections": "id",
                                                                                "Estimated Cardinality": "1260710"
                                                                            },
                                                                            "cumulative_cardinality": 1260710,
                                                                            "operator_type": "TABLE_SCAN",
                                                                            "operator_cardinality": 1260710,
                                                                            "cumulative_rows_scanned": 1260710,
                                                                            "operator_rows_scanned": 1260710,
                                                                            "operator_timing": 0.0076110040000000045,
                                                                            "result_set_size": 5042840,
                                                                            "children": []
                                                                        }
                                                                    ]
                                                                }
                                                            ]
                                                        }
                                                    ]
                                                }
                                            ]
                                        }
                                    ]
                                }
                            ]
                        }
                    ]
                }
            ]
        }
    ]
}