{
    "rows_returned": 0,
    "query_name": "\nWITH PostStats AS (\n    SELECT \n        p.Id AS PostId,\n        p.PostTypeId,\n        COUNT(c.Id) AS CommentCount,\n        COUNT(v.Id) AS VoteCount,\n        p.Score,\n        p.ViewCount,\n        COUNT(DISTINCT b.Id) AS BadgeCount,\n        EXTRACT(EPOCH FROM (CURRENT_TIMESTAMP - p.CreationDate)) AS PostAgeInSeconds\n    FROM \n        Posts p\n    LEFT JOIN \n        Comments c ON p.Id = c.PostId\n    LEFT JOIN \n        Votes v ON p.Id = v.PostId\n    LEFT JOIN \n        Badges b ON p.OwnerUserId = b.UserId\n    WHERE \n        p.CreationDate > CURRENT_DATE - INTERVAL '30 days' \n    GROUP BY \n        p.Id, p.PostTypeId, p.Score, p.ViewCount, p.CreationDate\n)\n\nSELECT \n    pt.Name AS PostType,\n    COUNT(ps.PostId) AS TotalPosts,\n    AVG(ps.CommentCount) AS AvgCommentsPerPost,\n    AVG(ps.VoteCount) AS AvgVotesPerPost,\n    AVG(ps.Score) AS AvgScore,\n    AVG(ps.ViewCount) AS AvgViewCount,\n    AVG(ps.PostAgeInSeconds) AS AvgPostAgeInSeconds\nFROM \n    PostStats ps\nJOIN \n    PostTypes pt ON ps.PostTypeId = pt.Id\nGROUP BY \n    pt.Name\nORDER BY \n    TotalPosts DESC;\n",
    "blocked_thread_time": 0.0,
    "cpu_time": 0.09966875600000001,
    "extra_info": {},
    "cumulative_cardinality": 2325828,
    "cumulative_rows_scanned": 22307647,
    "result_set_size": 0,
    "latency": 0.111678157,
    "children": [
        {
            "operator_name": "ORDER_BY",
            "cpu_time": 0.09966875600000001,
            "extra_info": {
                "Order By": "count(ps.PostId) DESC"
            },
            "cumulative_cardinality": 2325828,
            "operator_type": "ORDER_BY",
            "operator_cardinality": 0,
            "cumulative_rows_scanned": 22307647,
            "operator_rows_scanned": 0,
            "operator_timing": 2e-7,
            "result_set_size": 0,
            "children": [
                {
                    "operator_name": "HASH_GROUP_BY",
                    "cpu_time": 0.099668556,
                    "extra_info": {
                        "Groups": "#0",
                        "Aggregates": [
                            "count(#1)",
                            "avg(#2)",
                            "avg(#3)",
                            "avg(#4)",
                            "avg(#5)",
                            "avg(#6)"
                        ],
                        "Estimated Cardinality": "1925058"
                    },
                    "cumulative_cardinality": 2325828,
                    "operator_type": "HASH_GROUP_BY",
                    "operator_cardinality": 0,
                    "cumulative_rows_scanned": 22307647,
                    "operator_rows_scanned": 0,
                    "operator_timing": 2.71e-7,
                    "result_set_size": 0,
                    "children": [
                        {
                            "operator_name": "PROJECTION",
                            "cpu_time": 0.09966828500000001,
                            "extra_info": {
                                "Projections": [
                                    "name",
                                    "PostId",
                                    "CommentCount",
                                    "VoteCount",
                                    "score",
                                    "viewcount",
                                    "PostAgeInSeconds"
                                ],
                                "Estimated Cardinality": "3850116"
                            },
                            "cumulative_cardinality": 2325828,
                            "operator_type": "PROJECTION",
                            "operator_cardinality": 0,
                            "cumulative_rows_scanned": 22307647,
                            "operator_rows_scanned": 0,
                            "operator_timing": 0.0,
                            "result_set_size": 0,
                            "children": [
                                {
                                    "operator_name": "HASH_JOIN",
                                    "cpu_time": 0.09966828500000001,
                                    "extra_info": {
                                        "Join Type": "INNER",
                                        "Conditions": "posttypeid = id",
                                        "Estimated Cardinality": "3850116"
                                    },
                                    "cumulative_cardinality": 2325828,
                                    "operator_type": "HASH_JOIN",
                                    "operator_cardinality": 0,
                                    "cumulative_rows_scanned": 22307647,
                                    "operator_rows_scanned": 0,
                                    "operator_timing": 0.000102441,
                                    "result_set_size": 0,
                                    "children": [
                                        {
                                            "operator_name": "PROJECTION",
                                            "cpu_time": 0.09925220800000001,
                                            "extra_info": {
                                                "Projections": [
                                                    "PostId",
                                                    "posttypeid",
                                                    "CommentCount",
                                                    "VoteCount",
                                                    "score",
                                                    "viewcount",
                                                    "PostAgeInSeconds"
                                                ],
                                                "Estimated Cardinality": "3850116"
                                            },
                                            "cumulative_cardinality": 2325820,
                                            "operator_type": "PROJECTION",
                                            "operator_cardinality": 0,
                                            "cumulative_rows_scanned": 22307639,
                                            "operator_rows_scanned": 0,
                                            "operator_timing": 0.0,
                                            "result_set_size": 0,
                                            "children": [
                                                {
                                                    "operator_name": "HASH_GROUP_BY",
                                                    "cpu_time": 0.09925220800000001,
                                                    "extra_info": {
                                                        "Groups": [
                                                            "#0",
                                                            "#1",
                                                            "#2",
                                                            "#3",
                                                            "#4"
                                                        ],
                                                        "Aggregates": [
                                                            "count(#5)",
                                                            "count(#6)"
                                                        ],
                                                        "Estimated Cardinality": "3850116"
                                                    },
                                                    "cumulative_cardinality": 2325820,
                                                    "operator_type": "HASH_GROUP_BY",
                                                    "operator_cardinality": 0,
                                                    "cumulative_rows_scanned": 22307639,
                                                    "operator_rows_scanned": 0,
                                                    "operator_timing": 9.82e-7,
                                                    "result_set_size": 0,
                                                    "children": [
                                                        {
                                                            "operator_name": "PROJECTION",
                                                            "cpu_time": 0.09925122600000001,
                                                            "extra_info": {
                                                                "Projections": [
                                                                    "id",
                                                                    "posttypeid",
                                                                    "score",
                                                                    "viewcount",
                                                                    "creationdate",
                                                                    "id",
                                                                    "id"
                                                                ],
                                                                "Estimated Cardinality": "12744093"
                                                            },
                                                            "cumulative_cardinality": 2325820,
                                                            "operator_type": "PROJECTION",
                                                            "operator_cardinality": 0,
                                                            "cumulative_rows_scanned": 22307639,
                                                            "operator_rows_scanned": 0,
                                                            "operator_timing": 0.0,
                                                            "result_set_size": 0,
                                                            "children": [
                                                                {
                                                                    "operator_name": "HASH_JOIN",
                                                                    "cpu_time": 0.09925122600000001,
                                                                    "extra_info": {
                                                                        "Join Type": "LEFT",
                                                                        "Conditions": "owneruserid = userid",
                                                                        "Estimated Cardinality": "12744093"
                                                                    },
                                                                    "cumulative_cardinality": 2325820,
                                                                    "operator_type": "HASH_JOIN",
                                                                    "operator_cardinality": 0,
                                                                    "cumulative_rows_scanned": 22307639,
                                                                    "operator_rows_scanned": 0,
                                                                    "operator_timing": 0.08310480600000003,
                                                                    "result_set_size": 0,
                                                                    "children": [
                                                                        {
                                                                            "operator_name": "HASH_JOIN",
                                                                            "cpu_time": 0.0039816090000000005,
                                                                            "extra_info": {
                                                                                "Join Type": "RIGHT",
                                                                                "Conditions": "postid = id",
                                                                                "Estimated Cardinality": "12744093"
                                                                            },
                                                                            "cumulative_cardinality": 4096,
                                                                            "operator_type": "HASH_JOIN",
                                                                            "operator_cardinality": 0,
                                                                            "cumulative_rows_scanned": 19985915,
                                                                            "operator_rows_scanned": 0,
                                                                            "operator_timing": 0.000028845,
                                                                            "result_set_size": 0,
                                                                            "children": [
                                                                                {
                                                                                    "operator_name": "READ_PARQUET ",
                                                                                    "cpu_time": 0.002035743,
                                                                                    "extra_info": {
                                                                                        "Function": "READ_PARQUET",
                                                                                        "Projections": [
                                                                                            "id",
                                                                                            "postid"
                                                                                        ],
                                                                                        "Estimated Cardinality": "12744093"
                                                                                    },
                                                                                    "cumulative_cardinality": 2048,
                                                                                    "operator_type": "TABLE_SCAN",
                                                                                    "operator_cardinality": 2048,
                                                                                    "cumulative_rows_scanned": 12744093,
                                                                                    "operator_rows_scanned": 12744093,
                                                                                    "operator_timing": 0.002035743,
                                                                                    "result_set_size": 16384,
                                                                                    "children": []
                                                                                },
                                                                                {
                                                                                    "operator_name": "HASH_JOIN",
                                                                                    "cpu_time": 0.001917021,
                                                                                    "extra_info": {
                                                                                        "Join Type": "RIGHT",
                                                                                        "Conditions": "postid = id",
                                                                                        "Estimated Cardinality": "7241822"
                                                                                    },
                                                                                    "cumulative_cardinality": 2048,
                                                                                    "operator_type": "HASH_JOIN",
                                                                                    "operator_cardinality": 0,
                                                                                    "cumulative_rows_scanned": 7241822,
                                                                                    "operator_rows_scanned": 0,
                                                                                    "operator_timing": 0.000017202,
                                                                                    "result_set_size": 0,
                                                                                    "children": [
                                                                                        {
                                                                                            "operator_name": "READ_PARQUET ",
                                                                                            "cpu_time": 0.001899579,
                                                                                            "extra_info": {
                                                                                                "Function": "READ_PARQUET",
                                                                                                "Projections": [
                                                                                                    "id",
                                                                                                    "postid"
                                                                                                ],
                                                                                                "Estimated Cardinality": "7241822"
                                                                                            },
                                                                                            "cumulative_cardinality": 2048,
                                                                                            "operator_type": "TABLE_SCAN",
                                                                                            "operator_cardinality": 2048,
                                                                                            "cumulative_rows_scanned": 7241822,
                                                                                            "operator_rows_scanned": 7241822,
                                                                                            "operator_timing": 0.001899579,
                                                                                            "result_set_size": 16384,
                                                                                            "children": []
                                                                                        },
                                                                                        {
                                                                                            "operator_name": "EMPTY_RESULT",
                                                                                            "cpu_time": 2.4e-7,
                                                                                            "extra_info": {},
                                                                                            "cumulative_cardinality": 0,
                                                                                            "operator_type": "EMPTY_RESULT",
                                                                                            "operator_cardinality": 0,
                                                                                            "cumulative_rows_scanned": 0,
                                                                                            "operator_rows_scanned": 0,
                                                                                            "operator_timing": 2.4e-7,
                                                                                            "result_set_size": 0,
                                                                                            "children": []
                                                                                        }
                                                                                    ]
                                                                                }
                                                                            ]
                                                                        },
                                                                        {
                                                                            "operator_name": "READ_PARQUET ",
                                                                            "cpu_time": 0.012164810999999984,
                                                                            "extra_info": {
                                                                                "Function": "READ_PARQUET",
                                                                                "Projections": "userid",
                                                                                "Estimated Cardinality": "2321724"
                                                                            },
                                                                            "cumulative_cardinality": 2321724,
                                                                            "operator_type": "TABLE_SCAN",
                                                                            "operator_cardinality": 2321724,
                                                                            "cumulative_rows_scanned": 2321724,
                                                                            "operator_rows_scanned": 2321724,
                                                                            "operator_timing": 0.012164810999999984,
                                                                            "result_set_size": 9286896,
                                                                            "children": []
                                                                        }
                                                                    ]
                                                                }
                                                            ]
                                                        }
                                                    ]
                                                }
                                            ]
                                        },
                                        {
                                            "operator_name": "READ_PARQUET ",
                                            "cpu_time": 0.000313636,
                                            "extra_info": {
                                                "Function": "READ_PARQUET",
                                                "Projections": [
                                                    "id",
                                                    "name"
                                                ],
                                                "Estimated Cardinality": "8"
                                            },
                                            "cumulative_cardinality": 8,
                                            "operator_type": "TABLE_SCAN",
                                            "operator_cardinality": 8,
                                            "cumulative_rows_scanned": 8,
                                            "operator_rows_scanned": 8,
                                            "operator_timing": 0.000313636,
                                            "result_set_size": 144,
                                            "children": []
                                        }
                                    ]
                                }
                            ]
                        }
                    ]
                }
            ]
        }
    ]
}