{
    "rows_returned": 312255,
    "query_name": "SELECT \n    P.Id AS PostId,\n    P.Title,\n    U.DisplayName AS OwnerDisplayName,\n    P.CreationDate,\n    P.ViewCount,\n    P.Score,\n    COUNT(CASE WHEN C.PostId = P.Id THEN 1 END) AS CommentCount,\n    COUNT(CASE WHEN V.PostId = P.Id THEN 1 END) AS VoteCount,\n    T.TagName,\n    PT.Name AS PostType,\n    BH.UserDisplayName AS LastEditedBy,\n    BH.CreationDate AS LastEditedDate\nFROM \n    Posts P\nJOIN \n    Users U ON P.OwnerUserId = U.Id\nLEFT JOIN \n    Comments C ON P.Id = C.PostId\nLEFT JOIN \n    Votes V ON P.Id = V.PostId\nLEFT JOIN \n    Tags T ON T.ExcerptPostId = P.Id\nLEFT JOIN \n    PostTypes PT ON P.PostTypeId = PT.Id\nLEFT JOIN \n    PostHistory BH ON P.Id = BH.PostId \nWHERE \n    P.CreationDate >= cast('2024-10-01 12:34:56' as timestamp) - INTERVAL '1 year' \nGROUP BY \n    P.Id, U.DisplayName, P.Title, P.CreationDate, P.ViewCount, P.Score, T.TagName, PT.Name, BH.UserDisplayName, BH.CreationDate\nORDER BY \n    P.CreationDate DESC;",
    "blocked_thread_time": 0.0,
    "cpu_time": 3.8617083119999998,
    "extra_info": {},
    "cumulative_cardinality": 45656830,
    "cumulative_rows_scanned": 36893969,
    "result_set_size": 38719620,
    "latency": 4.594889547,
    "children": [
        {
            "operator_name": "PROJECTION",
            "cpu_time": 3.8617083119999998,
            "extra_info": {
                "Projections": [
                    "#0",
                    "#1",
                    "#2",
                    "#3",
                    "#4",
                    "__internal_decompress_integral_integer(#5, -72)",
                    "#6",
                    "#7",
                    "#8",
                    "#9",
                    "#10",
                    "#11"
                ],
                "Estimated Cardinality": "3850116"
            },
            "cumulative_cardinality": 45656830,
            "operator_type": "PROJECTION",
            "operator_cardinality": 312255,
            "cumulative_rows_scanned": 36893969,
            "operator_rows_scanned": 0,
            "operator_timing": 0.000184698,
            "result_set_size": 38719620,
            "children": [
                {
                    "operator_name": "ORDER_BY",
                    "cpu_time": 3.8615236139999998,
                    "extra_info": {
                        "Order By": "P.CreationDate DESC"
                    },
                    "cumulative_cardinality": 45344575,
                    "operator_type": "ORDER_BY",
                    "operator_cardinality": 312255,
                    "cumulative_rows_scanned": 36893969,
                    "operator_rows_scanned": 0,
                    "operator_timing": 0.032591242,
                    "result_set_size": 38095110,
                    "children": [
                        {
                            "operator_name": "PROJECTION",
                            "cpu_time": 3.8289323719999997,
                            "extra_info": {
                                "Projections": [
                                    "#0",
                                    "#1",
                                    "#2",
                                    "#3",
                                    "#4",
                                    "__internal_compress_integral_usmallint(#5, -72)",
                                    "#6",
                                    "#7",
                                    "#8",
                                    "#9",
                                    "#10",
                                    "#11"
                                ],
                                "Estimated Cardinality": "3850116"
                            },
                            "cumulative_cardinality": 45032320,
                            "operator_type": "PROJECTION",
                            "operator_cardinality": 312255,
                            "cumulative_rows_scanned": 36893969,
                            "operator_rows_scanned": 0,
                            "operator_timing": 0.00012961199999999998,
                            "result_set_size": 38095110,
                            "children": [
                                {
                                    "operator_name": "PROJECTION",
                                    "cpu_time": 3.82880276,
                                    "extra_info": {
                                        "Projections": [
                                            "PostId",
                                            "title",
                                            "OwnerDisplayName",
                                            "creationdate",
                                            "viewcount",
                                            "score",
                                            "CommentCount",
                                            "VoteCount",
                                            "tagname",
                                            "PostType",
                                            "LastEditedBy",
                                            "LastEditedDate"
                                        ],
                                        "Estimated Cardinality": "3850116"
                                    },
                                    "cumulative_cardinality": 44720065,
                                    "operator_type": "PROJECTION",
                                    "operator_cardinality": 312255,
                                    "cumulative_rows_scanned": 36893969,
                                    "operator_rows_scanned": 0,
                                    "operator_timing": 0.00007988199999999996,
                                    "result_set_size": 38719620,
                                    "children": [
                                        {
                                            "operator_name": "PROJECTION",
                                            "cpu_time": 3.8287228779999998,
                                            "extra_info": {
                                                "Projections": [
                                                    "#0",
                                                    "#1",
                                                    "#2",
                                                    "#3",
                                                    "#4",
                                                    "__internal_decompress_integral_integer(#5, -72)",
                                                    "#6",
                                                    "#7",
                                                    "#8",
                                                    "#9",
                                                    "#10",
                                                    "#11"
                                                ],
                                                "Estimated Cardinality": "3850116"
                                            },
                                            "cumulative_cardinality": 44407810,
                                            "operator_type": "PROJECTION",
                                            "operator_cardinality": 312255,
                                            "cumulative_rows_scanned": 36893969,
                                            "operator_rows_scanned": 0,
                                            "operator_timing": 0.00016579599999999993,
                                            "result_set_size": 38719620,
                                            "children": [
                                                {
                                                    "operator_name": "HASH_GROUP_BY",
                                                    "cpu_time": 3.8285570819999997,
                                                    "extra_info": {
                                                        "Groups": [
                                                            "#0",
                                                            "#1",
                                                            "#2",
                                                            "#3",
                                                            "#4",
                                                            "#5",
                                                            "#6",
                                                            "#7",
                                                            "#8",
                                                            "#9"
                                                        ],
                                                        "Aggregates": [
                                                            "count(#10)",
                                                            "count(#11)"
                                                        ],
                                                        "Estimated Cardinality": "3850116"
                                                    },
                                                    "cumulative_cardinality": 44095555,
                                                    "operator_type": "HASH_GROUP_BY",
                                                    "operator_cardinality": 312255,
                                                    "cumulative_rows_scanned": 36893969,
                                                    "operator_rows_scanned": 0,
                                                    "operator_timing": 0.5644537579999998,
                                                    "result_set_size": 38095110,
                                                    "children": [
                                                        {
                                                            "operator_name": "PROJECTION",
                                                            "cpu_time": 3.264103324,
                                                            "extra_info": {
                                                                "Projections": [
                                                                    "id",
                                                                    "displayname",
                                                                    "title",
                                                                    "creationdate",
                                                                    "viewcount",
                                                                    "score",
                                                                    "tagname",
                                                                    "name",
                                                                    "userdisplayname",
                                                                    "creationdate",
                                                                    "CASE  WHEN ((postid = id)) THEN (1) ELSE NULL END",
                                                                    "CASE  WHEN ((postid = id)) THEN (1) ELSE NULL END"
                                                                ],
                                                                "Estimated Cardinality": "12744093"
                                                            },
                                                            "cumulative_cardinality": 43783300,
                                                            "operator_type": "PROJECTION",
                                                            "operator_cardinality": 4745781,
                                                            "cumulative_rows_scanned": 36893969,
                                                            "operator_rows_scanned": 0,
                                                            "operator_timing": 0.01816495300000001,
                                                            "result_set_size": 541019034,
                                                            "children": [
                                                                {
                                                                    "operator_name": "PROJECTION",
                                                                    "cpu_time": 3.2459383710000003,
                                                                    "extra_info": {
                                                                        "Projections": [
                                                                            "#2",
                                                                            "#3",
                                                                            "__internal_compress_integral_usmallint(#4, -72)",
                                                                            "#5",
                                                                            "#6",
                                                                            "#1",
                                                                            "#0",
                                                                            "#7",
                                                                            "#8",
                                                                            "#9",
                                                                            "#10",
                                                                            "#11"
                                                                        ],
                                                                        "Estimated Cardinality": "12744093"
                                                                    },
                                                                    "cumulative_cardinality": 39037519,
                                                                    "operator_type": "PROJECTION",
                                                                    "operator_cardinality": 4745781,
                                                                    "cumulative_rows_scanned": 36893969,
                                                                    "operator_rows_scanned": 0,
                                                                    "operator_timing": 0.006349982000000016,
                                                                    "result_set_size": 541019034,
                                                                    "children": [
                                                                        {
                                                                            "operator_name": "HASH_JOIN",
                                                                            "cpu_time": 3.239588389,
                                                                            "extra_info": {
                                                                                "Join Type": "LEFT",
                                                                                "Conditions": "id = postid",
                                                                                "Estimated Cardinality": "12744093"
                                                                            },
                                                                            "cumulative_cardinality": 34291738,
                                                                            "operator_type": "HASH_JOIN",
                                                                            "operator_cardinality": 4745781,
                                                                            "cumulative_rows_scanned": 36893969,
                                                                            "operator_rows_scanned": 0,
                                                                            "operator_timing": 0.9254240220000012,
                                                                            "result_set_size": 550510596,
                                                                            "children": [
                                                                                {
                                                                                    "operator_name": "HASH_JOIN",
                                                                                    "cpu_time": 1.2419304430000015,
                                                                                    "extra_info": {
                                                                                        "Join Type": "LEFT",
                                                                                        "Conditions": "posttypeid = id",
                                                                                        "Estimated Cardinality": "12744093"
                                                                                    },
                                                                                    "cumulative_cardinality": 17750713,
                                                                                    "operator_type": "HASH_JOIN",
                                                                                    "operator_cardinality": 941292,
                                                                                    "cumulative_rows_scanned": 25098725,
                                                                                    "operator_rows_scanned": 0,
                                                                                    "operator_timing": 0.01567975999999999,
                                                                                    "result_set_size": 86598864,
                                                                                    "children": [
                                                                                        {
                                                                                            "operator_name": "HASH_JOIN",
                                                                                            "cpu_time": 1.2256465340000016,
                                                                                            "extra_info": {
                                                                                                "Join Type": "LEFT",
                                                                                                "Conditions": "id = excerptpostid",
                                                                                                "Estimated Cardinality": "12744093"
                                                                                            },
                                                                                            "cumulative_cardinality": 16809413,
                                                                                            "operator_type": "HASH_JOIN",
                                                                                            "operator_cardinality": 941292,
                                                                                            "cumulative_rows_scanned": 25098717,
                                                                                            "operator_rows_scanned": 0,
                                                                                            "operator_timing": 0.015416789000000045,
                                                                                            "result_set_size": 73420776,
                                                                                            "children": [
                                                                                                {
                                                                                                    "operator_name": "HASH_JOIN",
                                                                                                    "cpu_time": 1.2092962610000015,
                                                                                                    "extra_info": {
                                                                                                        "Join Type": "LEFT",
                                                                                                        "Conditions": "id = postid",
                                                                                                        "Estimated Cardinality": "12744093"
                                                                                                    },
                                                                                                    "cumulative_cardinality": 15866145,
                                                                                                    "operator_type": "HASH_JOIN",
                                                                                                    "operator_cardinality": 941292,
                                                                                                    "cumulative_rows_scanned": 25096741,
                                                                                                    "operator_rows_scanned": 0,
                                                                                                    "operator_timing": 0.6957190720000013,
                                                                                                    "result_set_size": 58360104,
                                                                                                    "children": [
                                                                                                        {
                                                                                                            "operator_name": "HASH_JOIN",
                                                                                                            "cpu_time": 0.37792841200000005,
                                                                                                            "extra_info": {
                                                                                                                "Join Type": "RIGHT",
                                                                                                                "Conditions": "postid = id",
                                                                                                                "Estimated Cardinality": "7241822"
                                                                                                            },
                                                                                                            "cumulative_cardinality": 2180760,
                                                                                                            "operator_type": "HASH_JOIN",
                                                                                                            "operator_cardinality": 343825,
                                                                                                            "cumulative_rows_scanned": 12352648,
                                                                                                            "operator_rows_scanned": 0,
                                                                                                            "operator_timing": 0.048985795000000026,
                                                                                                            "result_set_size": 19941850,
                                                                                                            "children": [
                                                                                                                {
                                                                                                                    "operator_name": "READ_PARQUET ",
                                                                                                                    "cpu_time": 0.008750226999999996,
                                                                                                                    "extra_info": {
                                                                                                                        "Function": "READ_PARQUET",
                                                                                                                        "Projections": "postid",
                                                                                                                        "Estimated Cardinality": "7241822"
                                                                                                                    },
                                                                                                                    "cumulative_cardinality": 287064,
                                                                                                                    "operator_type": "TABLE_SCAN",
                                                                                                                    "operator_cardinality": 287064,
                                                                                                                    "cumulative_rows_scanned": 7241822,
                                                                                                                    "operator_rows_scanned": 7241822,
                                                                                                                    "operator_timing": 0.008750226999999996,
                                                                                                                    "result_set_size": 1148256,
                                                                                                                    "children": []
                                                                                                                },
                                                                                                                {
                                                                                                                    "operator_name": "HASH_JOIN",
                                                                                                                    "cpu_time": 0.32019239,
                                                                                                                    "extra_info": {
                                                                                                                        "Join Type": "INNER",
                                                                                                                        "Conditions": "id = owneruserid",
                                                                                                                        "Estimated Cardinality": "770023"
                                                                                                                    },
                                                                                                                    "cumulative_cardinality": 1549871,
                                                                                                                    "operator_type": "HASH_JOIN",
                                                                                                                    "operator_cardinality": 143650,
                                                                                                                    "cumulative_rows_scanned": 5110826,
                                                                                                                    "operator_rows_scanned": 0,
                                                                                                                    "operator_timing": 0.04893206299999996,
                                                                                                                    "result_set_size": 7757100,
                                                                                                                    "children": [
                                                                                                                        {
                                                                                                                            "operator_name": "READ_PARQUET ",
                                                                                                                            "cpu_time": 0.13885346399999998,
                                                                                                                            "extra_info": {
                                                                                                                                "Function": "READ_PARQUET",
                                                                                                                                "Projections": [
                                                                                                                                    "id",
                                                                                                                                    "displayname"
                                                                                                                                ],
                                                                                                                                "Filters": "id<=1416539",
                                                                                                                                "Estimated Cardinality": "1260710"
                                                                                                                            },
                                                                                                                            "cumulative_cardinality": 1260679,
                                                                                                                            "operator_type": "TABLE_SCAN",
                                                                                                                            "operator_cardinality": 1260679,
                                                                                                                            "cumulative_rows_scanned": 1260710,
                                                                                                                            "operator_rows_scanned": 1260710,
                                                                                                                            "operator_timing": 0.13885346399999998,
                                                                                                                            "result_set_size": 25213580,
                                                                                                                            "children": []
                                                                                                                        },
                                                                                                                        {
                                                                                                                            "operator_name": "READ_PARQUET ",
                                                                                                                            "cpu_time": 0.13240686300000004,
                                                                                                                            "extra_info": {
                                                                                                                                "Function": "READ_PARQUET",
                                                                                                                                "Projections": [
                                                                                                                                    "id",
                                                                                                                                    "posttypeid",
                                                                                                                                    "creationdate",
                                                                                                                                    "score",
                                                                                                                                    "viewcount",
                                                                                                                                    "owneruserid",
                                                                                                                                    "title"
                                                                                                                                ],
                                                                                                                                "Filters": "creationdate>='2023-10-01 12:34:56'::TIMESTAMP",
                                                                                                                                "Estimated Cardinality": "770023"
                                                                                                                            },
                                                                                                                            "cumulative_cardinality": 145542,
                                                                                                                            "operator_type": "TABLE_SCAN",
                                                                                                                            "operator_cardinality": 145542,
                                                                                                                            "cumulative_rows_scanned": 3850116,
                                                                                                                            "operator_rows_scanned": 3850116,
                                                                                                                            "operator_timing": 0.13240686300000004,
                                                                                                                            "result_set_size": 6112764,
                                                                                                                            "children": []
                                                                                                                        }
                                                                                                                    ]
                                                                                                                }
                                                                                                            ]
                                                                                                        },
                                                                                                        {
                                                                                                            "operator_name": "READ_PARQUET ",
                                                                                                            "cpu_time": 0.13564877700000033,
                                                                                                            "extra_info": {
                                                                                                                "Function": "READ_PARQUET",
                                                                                                                "Projections": "postid",
                                                                                                                "Estimated Cardinality": "12744093"
                                                                                                            },
                                                                                                            "cumulative_cardinality": 12744093,
                                                                                                            "operator_type": "TABLE_SCAN",
                                                                                                            "operator_cardinality": 12744093,
                                                                                                            "cumulative_rows_scanned": 12744093,
                                                                                                            "operator_rows_scanned": 12744093,
                                                                                                            "operator_timing": 0.13564877700000033,
                                                                                                            "result_set_size": 50976372,
                                                                                                            "children": []
                                                                                                        }
                                                                                                    ]
                                                                                                },
                                                                                                {
                                                                                                    "operator_name": "READ_PARQUET ",
                                                                                                    "cpu_time": 0.000933484,
                                                                                                    "extra_info": {
                                                                                                        "Function": "READ_PARQUET",
                                                                                                        "Projections": [
                                                                                                            "tagname",
                                                                                                            "excerptpostid"
                                                                                                        ],
                                                                                                        "Estimated Cardinality": "1976"
                                                                                                    },
                                                                                                    "cumulative_cardinality": 1976,
                                                                                                    "operator_type": "TABLE_SCAN",
                                                                                                    "operator_cardinality": 1976,
                                                                                                    "cumulative_rows_scanned": 1976,
                                                                                                    "operator_rows_scanned": 1976,
                                                                                                    "operator_timing": 0.000933484,
                                                                                                    "result_set_size": 39520,
                                                                                                    "children": []
                                                                                                }
                                                                                            ]
                                                                                        },
                                                                                        {
                                                                                            "operator_name": "READ_PARQUET ",
                                                                                            "cpu_time": 0.000604149,
                                                                                            "extra_info": {
                                                                                                "Function": "READ_PARQUET",
                                                                                                "Projections": [
                                                                                                    "id",
                                                                                                    "name"
                                                                                                ],
                                                                                                "Estimated Cardinality": "8"
                                                                                            },
                                                                                            "cumulative_cardinality": 8,
                                                                                            "operator_type": "TABLE_SCAN",
                                                                                            "operator_cardinality": 8,
                                                                                            "cumulative_rows_scanned": 8,
                                                                                            "operator_rows_scanned": 8,
                                                                                            "operator_timing": 0.000604149,
                                                                                            "result_set_size": 144,
                                                                                            "children": []
                                                                                        }
                                                                                    ]
                                                                                },
                                                                                {
                                                                                    "operator_name": "READ_PARQUET ",
                                                                                    "cpu_time": 1.0722339239999976,
                                                                                    "extra_info": {
                                                                                        "Function": "READ_PARQUET",
                                                                                        "Projections": [
                                                                                            "postid",
                                                                                            "creationdate",
                                                                                            "userdisplayname"
                                                                                        ],
                                                                                        "Estimated Cardinality": "11795244"
                                                                                    },
                                                                                    "cumulative_cardinality": 11795244,
                                                                                    "operator_type": "TABLE_SCAN",
                                                                                    "operator_cardinality": 11795244,
                                                                                    "cumulative_rows_scanned": 11795244,
                                                                                    "operator_rows_scanned": 11795244,
                                                                                    "operator_timing": 1.0722339239999976,
                                                                                    "result_set_size": 330266832,
                                                                                    "children": []
                                                                                }
                                                                            ]
                                                                        }
                                                                    ]
                                                                }
                                                            ]
                                                        }
                                                    ]
                                                }
                                            ]
                                        }
                                    ]
                                }
                            ]
                        }
                    ]
                }
            ]
        }
    ]
}