{
    "rows_returned": 371631,
    "query_name": "WITH UserPostCounts AS (\n    SELECT \n        OwnerUserId,\n        COUNT(*) AS PostCount,\n        SUM(CASE WHEN PostTypeId = 1 THEN 1 ELSE 0 END) AS QuestionCount,\n        SUM(CASE WHEN PostTypeId = 2 THEN 1 ELSE 0 END) AS AnswerCount\n    FROM \n        Posts\n    GROUP BY \n        OwnerUserId\n),\nActiveUsers AS (\n    SELECT \n        u.Id AS UserId,\n        u.DisplayName,\n        u.Reputation,\n        up.PostCount,\n        up.QuestionCount,\n        up.AnswerCount\n    FROM \n        Users u\n    JOIN \n        UserPostCounts up ON u.Id = up.OwnerUserId\n    WHERE \n        u.Reputation > 0\n)\nSELECT \n    au.UserId,\n    au.DisplayName,\n    au.Reputation,\n    au.PostCount,\n    au.QuestionCount,\n    au.AnswerCount,\n    COUNT(c.Id) AS CommentCount,\n    SUM(v.BountyAmount) AS TotalBountyAmount\nFROM \n    ActiveUsers au\nLEFT JOIN \n    Comments c ON c.UserId = au.UserId\nLEFT JOIN \n    Votes v ON v.UserId = au.UserId\nGROUP BY \n    au.UserId, au.DisplayName, au.Reputation, au.PostCount, au.QuestionCount, au.AnswerCount\nORDER BY \n    au.Reputation DESC, au.PostCount DESC;",
    "blocked_thread_time": 0.0,
    "cpu_time": 4.082118791999984,
    "extra_info": {},
    "cumulative_cardinality": 194390306,
    "cumulative_rows_scanned": 25096741,
    "result_set_size": 32703528,
    "latency": 5.061009104,
    "children": [
        {
            "operator_name": "ORDER_BY",
            "cpu_time": 4.082118791999984,
            "extra_info": {
                "Order By": [
                    "au.Reputation DESC",
                    "au.PostCount DESC"
                ]
            },
            "cumulative_cardinality": 194390306,
            "operator_type": "ORDER_BY",
            "operator_cardinality": 371631,
            "cumulative_rows_scanned": 25096741,
            "operator_rows_scanned": 0,
            "operator_timing": 0.021235765000000004,
            "result_set_size": 32703528,
            "children": [
                {
                    "operator_name": "HASH_GROUP_BY",
                    "cpu_time": 4.060883026999984,
                    "extra_info": {
                        "Groups": [
                            "#0",
                            "#1",
                            "#2",
                            "#3",
                            "#4",
                            "#5"
                        ],
                        "Aggregates": [
                            "count(#6)",
                            "sum(#7)"
                        ],
                        "Estimated Cardinality": "1260710"
                    },
                    "cumulative_cardinality": 194018675,
                    "operator_type": "HASH_GROUP_BY",
                    "operator_cardinality": 371631,
                    "cumulative_rows_scanned": 25096741,
                    "operator_rows_scanned": 0,
                    "operator_timing": 2.439535392999985,
                    "result_set_size": 32703528,
                    "children": [
                        {
                            "operator_name": "PROJECTION",
                            "cpu_time": 1.621347633999999,
                            "extra_info": {
                                "Projections": [
                                    "UserId",
                                    "displayname",
                                    "reputation",
                                    "PostCount",
                                    "QuestionCount",
                                    "AnswerCount",
                                    "id",
                                    "bountyamount"
                                ],
                                "Estimated Cardinality": "12744093"
                            },
                            "cumulative_cardinality": 193647044,
                            "operator_type": "PROJECTION",
                            "operator_cardinality": 48035988,
                            "cumulative_rows_scanned": 25096741,
                            "operator_rows_scanned": 0,
                            "operator_timing": 0.009853501999999185,
                            "result_set_size": 3458591136,
                            "children": [
                                {
                                    "operator_name": "PROJECTION",
                                    "cpu_time": 1.6114941319999998,
                                    "extra_info": {
                                        "Projections": [
                                            "#0",
                                            "#1",
                                            "#2",
                                            "#3",
                                            "#4",
                                            "#5",
                                            "#6",
                                            "__internal_decompress_integral_integer(#7, 0)"
                                        ],
                                        "Estimated Cardinality": "12744093"
                                    },
                                    "cumulative_cardinality": 145611056,
                                    "operator_type": "PROJECTION",
                                    "operator_cardinality": 48035988,
                                    "cumulative_rows_scanned": 25096741,
                                    "operator_rows_scanned": 0,
                                    "operator_timing": 0.024283763999998986,
                                    "result_set_size": 3458591136,
                                    "children": [
                                        {
                                            "operator_name": "HASH_JOIN",
                                            "cpu_time": 1.5872103680000007,
                                            "extra_info": {
                                                "Join Type": "LEFT",
                                                "Conditions": "UserId = userid",
                                                "Estimated Cardinality": "12744093"
                                            },
                                            "cumulative_cardinality": 97575068,
                                            "operator_type": "HASH_JOIN",
                                            "operator_cardinality": 48035988,
                                            "cumulative_rows_scanned": 25096741,
                                            "operator_rows_scanned": 0,
                                            "operator_timing": 0.6291785079999995,
                                            "result_set_size": 3362519160,
                                            "children": [
                                                {
                                                    "operator_name": "HASH_JOIN",
                                                    "cpu_time": 0.9110553520000012,
                                                    "extra_info": {
                                                        "Join Type": "RIGHT",
                                                        "Conditions": "userid = UserId",
                                                        "Estimated Cardinality": "7241822"
                                                    },
                                                    "cumulative_cardinality": 24050894,
                                                    "operator_type": "HASH_JOIN",
                                                    "operator_cardinality": 7044348,
                                                    "cumulative_rows_scanned": 12352648,
                                                    "operator_rows_scanned": 0,
                                                    "operator_timing": 0.3028450660000011,
                                                    "result_set_size": 479015664,
                                                    "children": [
                                                        {
                                                            "operator_name": "READ_PARQUET ",
                                                            "cpu_time": 0.19564305400000012,
                                                            "extra_info": {
                                                                "Function": "READ_PARQUET",
                                                                "Projections": [
                                                                    "id",
                                                                    "userid"
                                                                ],
                                                                "Estimated Cardinality": "7241822"
                                                            },
                                                            "cumulative_cardinality": 6930741,
                                                            "operator_type": "TABLE_SCAN",
                                                            "operator_cardinality": 6930741,
                                                            "cumulative_rows_scanned": 7241822,
                                                            "operator_rows_scanned": 7241822,
                                                            "operator_timing": 0.19564305400000012,
                                                            "result_set_size": 55445928,
                                                            "children": []
                                                        },
                                                        {
                                                            "operator_name": "PROJECTION",
                                                            "cpu_time": 0.412567232,
                                                            "extra_info": {
                                                                "Projections": [
                                                                    "UserId",
                                                                    "displayname",
                                                                    "reputation",
                                                                    "PostCount",
                                                                    "QuestionCount",
                                                                    "AnswerCount"
                                                                ],
                                                                "Estimated Cardinality": "385011"
                                                            },
                                                            "cumulative_cardinality": 10075805,
                                                            "operator_type": "PROJECTION",
                                                            "operator_cardinality": 371631,
                                                            "cumulative_rows_scanned": 5110826,
                                                            "operator_rows_scanned": 0,
                                                            "operator_timing": 0.00009157300000000001,
                                                            "result_set_size": 23784384,
                                                            "children": [
                                                                {
                                                                    "operator_name": "HASH_JOIN",
                                                                    "cpu_time": 0.412475659,
                                                                    "extra_info": {
                                                                        "Join Type": "INNER",
                                                                        "Conditions": "owneruserid = id",
                                                                        "Estimated Cardinality": "385011"
                                                                    },
                                                                    "cumulative_cardinality": 9704174,
                                                                    "operator_type": "HASH_JOIN",
                                                                    "operator_cardinality": 371631,
                                                                    "cumulative_rows_scanned": 5110826,
                                                                    "operator_rows_scanned": 0,
                                                                    "operator_timing": 0.091474609,
                                                                    "result_set_size": 23784384,
                                                                    "children": [
                                                                        {
                                                                            "operator_name": "HASH_GROUP_BY",
                                                                            "cpu_time": 0.21473757000000004,
                                                                            "extra_info": {
                                                                                "Groups": "#0",
                                                                                "Aggregates": [
                                                                                    "count_star()",
                                                                                    "sum(#1)",
                                                                                    "sum(#2)"
                                                                                ],
                                                                                "Estimated Cardinality": "1925058"
                                                                            },
                                                                            "cumulative_cardinality": 8071864,
                                                                            "operator_type": "HASH_GROUP_BY",
                                                                            "operator_cardinality": 371632,
                                                                            "cumulative_rows_scanned": 3850116,
                                                                            "operator_rows_scanned": 0,
                                                                            "operator_timing": 0.12847952900000006,
                                                                            "result_set_size": 16351808,
                                                                            "children": [
                                                                                {
                                                                                    "operator_name": "PROJECTION",
                                                                                    "cpu_time": 0.08625804099999997,
                                                                                    "extra_info": {
                                                                                        "Projections": [
                                                                                            "owneruserid",
                                                                                            "CASE  WHEN ((posttypeid = 1)) THEN (1) ELSE 0 END",
                                                                                            "CASE  WHEN ((posttypeid = 2)) THEN (1) ELSE 0 END"
                                                                                        ],
                                                                                        "Estimated Cardinality": "3850116"
                                                                                    },
                                                                                    "cumulative_cardinality": 7700232,
                                                                                    "operator_type": "PROJECTION",
                                                                                    "operator_cardinality": 3850116,
                                                                                    "cumulative_rows_scanned": 3850116,
                                                                                    "operator_rows_scanned": 0,
                                                                                    "operator_timing": 0.04867266599999999,
                                                                                    "result_set_size": 46201392,
                                                                                    "children": [
                                                                                        {
                                                                                            "operator_name": "READ_PARQUET ",
                                                                                            "cpu_time": 0.037585374999999976,
                                                                                            "extra_info": {
                                                                                                "Function": "READ_PARQUET",
                                                                                                "Projections": [
                                                                                                    "posttypeid",
                                                                                                    "owneruserid"
                                                                                                ],
                                                                                                "Estimated Cardinality": "3850116"
                                                                                            },
                                                                                            "cumulative_cardinality": 3850116,
                                                                                            "operator_type": "TABLE_SCAN",
                                                                                            "operator_cardinality": 3850116,
                                                                                            "cumulative_rows_scanned": 3850116,
                                                                                            "operator_rows_scanned": 3850116,
                                                                                            "operator_timing": 0.037585374999999976,
                                                                                            "result_set_size": 23100696,
                                                                                            "children": []
                                                                                        }
                                                                                    ]
                                                                                }
                                                                            ]
                                                                        },
                                                                        {
                                                                            "operator_name": "READ_PARQUET ",
                                                                            "cpu_time": 0.10626347999999995,
                                                                            "extra_info": {
                                                                                "Function": "READ_PARQUET",
                                                                                "Projections": [
                                                                                    "id",
                                                                                    "reputation",
                                                                                    "displayname"
                                                                                ],
                                                                                "Filters": "id<=1416539",
                                                                                "Estimated Cardinality": "252142"
                                                                            },
                                                                            "cumulative_cardinality": 1260679,
                                                                            "operator_type": "TABLE_SCAN",
                                                                            "operator_cardinality": 1260679,
                                                                            "cumulative_rows_scanned": 1260710,
                                                                            "operator_rows_scanned": 1260710,
                                                                            "operator_timing": 0.10626347999999995,
                                                                            "result_set_size": 30256296,
                                                                            "children": []
                                                                        }
                                                                    ]
                                                                }
                                                            ]
                                                        }
                                                    ]
                                                },
                                                {
                                                    "operator_name": "PROJECTION",
                                                    "cpu_time": 0.046976507999999896,
                                                    "extra_info": {
                                                        "Projections": [
                                                            "#0",
                                                            "__internal_compress_integral_usmallint(#1, 0)"
                                                        ],
                                                        "Estimated Cardinality": "12744093"
                                                    },
                                                    "cumulative_cardinality": 25488186,
                                                    "operator_type": "PROJECTION",
                                                    "operator_cardinality": 12744093,
                                                    "cumulative_rows_scanned": 12744093,
                                                    "operator_rows_scanned": 0,
                                                    "operator_timing": 0.002800184999999918,
                                                    "result_set_size": 76464558,
                                                    "children": [
                                                        {
                                                            "operator_name": "READ_PARQUET ",
                                                            "cpu_time": 0.044176322999999976,
                                                            "extra_info": {
                                                                "Function": "READ_PARQUET",
                                                                "Projections": [
                                                                    "userid",
                                                                    "bountyamount"
                                                                ],
                                                                "Estimated Cardinality": "12744093"
                                                            },
                                                            "cumulative_cardinality": 12744093,
                                                            "operator_type": "TABLE_SCAN",
                                                            "operator_cardinality": 12744093,
                                                            "cumulative_rows_scanned": 12744093,
                                                            "operator_rows_scanned": 12744093,
                                                            "operator_timing": 0.044176322999999976,
                                                            "result_set_size": 101952744,
                                                            "children": []
                                                        }
                                                    ]
                                                }
                                            ]
                                        }
                                    ]
                                }
                            ]
                        }
                    ]
                }
            ]
        }
    ]
}