{
    "rows_returned": 100,
    "query_name": "SELECT \n    p.Id AS PostId,\n    p.Title,\n    p.CreationDate,\n    p.ViewCount,\n    p.Score,\n    COALESCE(uv.UpVoteCount, 0) AS UpVoteCount,\n    COALESCE(dv.DownVoteCount, 0) AS DownVoteCount,\n    COALESCE(c.CommentCount, 0) AS CommentCount,\n    COALESCE(b.BadgeCount, 0) AS BadgeCount,\n    COALESCE(u.Reputation, 0) AS UserReputation\nFROM \n    Posts p\nLEFT JOIN \n    (SELECT PostId, COUNT(*) AS UpVoteCount \n     FROM Votes \n     WHERE VoteTypeId = 2 \n     GROUP BY PostId) uv ON p.Id = uv.PostId\nLEFT JOIN \n    (SELECT PostId, COUNT(*) AS DownVoteCount \n     FROM Votes \n     WHERE VoteTypeId = 3 \n     GROUP BY PostId) dv ON p.Id = dv.PostId\nLEFT JOIN \n    (SELECT PostId, COUNT(*) AS CommentCount \n     FROM Comments \n     GROUP BY PostId) c ON p.Id = c.PostId\nLEFT JOIN \n    (SELECT UserId, COUNT(*) AS BadgeCount \n     FROM Badges \n     GROUP BY UserId) b ON p.OwnerUserId = b.UserId\nLEFT JOIN \n    Users u ON p.OwnerUserId = u.Id\nWHERE \n    p.CreationDate >= cast('2024-10-01 12:34:56' as timestamp) - INTERVAL '1 year'\nORDER BY \n    p.CreationDate DESC\nLIMIT 100;",
    "blocked_thread_time": 0.0,
    "cpu_time": 1.7133795290000002,
    "extra_info": {},
    "cumulative_cardinality": 49723646,
    "cumulative_rows_scanned": 40162558,
    "result_set_size": 7200,
    "latency": 1.955973458,
    "children": [
        {
            "operator_name": "STREAMING_LIMIT",
            "cpu_time": 1.7133795290000002,
            "extra_info": {},
            "cumulative_cardinality": 49723646,
            "operator_type": "STREAMING_LIMIT",
            "operator_cardinality": 100,
            "cumulative_rows_scanned": 40162558,
            "operator_rows_scanned": 0,
            "operator_timing": 0.000001583,
            "result_set_size": 7200,
            "children": [
                {
                    "operator_name": "PROJECTION",
                    "cpu_time": 1.7133779460000003,
                    "extra_info": {
                        "Projections": [
                            "#0",
                            "#1",
                            "#2",
                            "#3",
                            "__internal_decompress_integral_integer(#4, -72)",
                            "#5",
                            "#6",
                            "#7",
                            "#8",
                            "#9"
                        ],
                        "Estimated Cardinality": "3620911"
                    },
                    "cumulative_cardinality": 49723546,
                    "operator_type": "PROJECTION",
                    "operator_cardinality": 4096,
                    "cumulative_rows_scanned": 40162558,
                    "operator_rows_scanned": 0,
                    "operator_timing": 0.000006813,
                    "result_set_size": 294912,
                    "children": [
                        {
                            "operator_name": "ORDER_BY",
                            "cpu_time": 1.7133711330000003,
                            "extra_info": {
                                "Order By": "p.CreationDate DESC"
                            },
                            "cumulative_cardinality": 49719450,
                            "operator_type": "ORDER_BY",
                            "operator_cardinality": 4096,
                            "cumulative_rows_scanned": 40162558,
                            "operator_rows_scanned": 0,
                            "operator_timing": 0.013691054999999999,
                            "result_set_size": 286720,
                            "children": [
                                {
                                    "operator_name": "PROJECTION",
                                    "cpu_time": 1.6996800780000003,
                                    "extra_info": {
                                        "Projections": [
                                            "#0",
                                            "#1",
                                            "#2",
                                            "#3",
                                            "__internal_compress_integral_usmallint(#4, -72)",
                                            "#5",
                                            "#6",
                                            "#7",
                                            "#8",
                                            "#9"
                                        ],
                                        "Estimated Cardinality": "3620911"
                                    },
                                    "cumulative_cardinality": 49715354,
                                    "operator_type": "PROJECTION",
                                    "operator_cardinality": 145542,
                                    "cumulative_rows_scanned": 40162558,
                                    "operator_rows_scanned": 0,
                                    "operator_timing": 0.000176177,
                                    "result_set_size": 10187940,
                                    "children": [
                                        {
                                            "operator_name": "PROJECTION",
                                            "cpu_time": 1.6995039010000004,
                                            "extra_info": {
                                                "Projections": [
                                                    "PostId",
                                                    "title",
                                                    "creationdate",
                                                    "viewcount",
                                                    "score",
                                                    "UpVoteCount",
                                                    "DownVoteCount",
                                                    "CommentCount",
                                                    "BadgeCount",
                                                    "UserReputation"
                                                ],
                                                "Estimated Cardinality": "3620911"
                                            },
                                            "cumulative_cardinality": 49569812,
                                            "operator_type": "PROJECTION",
                                            "operator_cardinality": 145542,
                                            "cumulative_rows_scanned": 40162558,
                                            "operator_rows_scanned": 0,
                                            "operator_timing": 0.005464073,
                                            "result_set_size": 10479024,
                                            "children": [
                                                {
                                                    "operator_name": "HASH_JOIN",
                                                    "cpu_time": 1.6940398280000004,
                                                    "extra_info": {
                                                        "Join Type": "LEFT",
                                                        "Conditions": "owneruserid = id",
                                                        "Estimated Cardinality": "3620911"
                                                    },
                                                    "cumulative_cardinality": 49424270,
                                                    "operator_type": "HASH_JOIN",
                                                    "operator_cardinality": 145542,
                                                    "cumulative_rows_scanned": 40162558,
                                                    "operator_rows_scanned": 0,
                                                    "operator_timing": 0.05928888400000001,
                                                    "result_set_size": 10479024,
                                                    "children": [
                                                        {
                                                            "operator_name": "HASH_JOIN",
                                                            "cpu_time": 1.6195138320000004,
                                                            "extra_info": {
                                                                "Join Type": "LEFT",
                                                                "Conditions": "owneruserid = userid",
                                                                "Estimated Cardinality": "3620911"
                                                            },
                                                            "cumulative_cardinality": 48018018,
                                                            "operator_type": "HASH_JOIN",
                                                            "operator_cardinality": 145542,
                                                            "cumulative_rows_scanned": 38901848,
                                                            "operator_rows_scanned": 0,
                                                            "operator_timing": 0.026660798000000003,
                                                            "result_set_size": 10479024,
                                                            "children": [
                                                                {
                                                                    "operator_name": "PROJECTION",
                                                                    "cpu_time": 1.5087137680000005,
                                                                    "extra_info": {
                                                                        "Projections": [
                                                                            "#0",
                                                                            "#1",
                                                                            "#2",
                                                                            "#3",
                                                                            "__internal_decompress_integral_integer(#4, -72)",
                                                                            "#5",
                                                                            "#6",
                                                                            "#7",
                                                                            "#8",
                                                                            "#9",
                                                                            "#10",
                                                                            "#11"
                                                                        ],
                                                                        "Estimated Cardinality": "3620911"
                                                                    },
                                                                    "cumulative_cardinality": 42680007,
                                                                    "operator_type": "PROJECTION",
                                                                    "operator_cardinality": 145542,
                                                                    "cumulative_rows_scanned": 36580124,
                                                                    "operator_rows_scanned": 0,
                                                                    "operator_timing": 0.00009936399999999999,
                                                                    "result_set_size": 11061192,
                                                                    "children": [
                                                                        {
                                                                            "operator_name": "HASH_JOIN",
                                                                            "cpu_time": 1.5086144040000005,
                                                                            "extra_info": {
                                                                                "Join Type": "RIGHT",
                                                                                "Conditions": "postid = id",
                                                                                "Estimated Cardinality": "3620911"
                                                                            },
                                                                            "cumulative_cardinality": 42534465,
                                                                            "operator_type": "HASH_JOIN",
                                                                            "operator_cardinality": 145542,
                                                                            "cumulative_rows_scanned": 36580124,
                                                                            "operator_rows_scanned": 0,
                                                                            "operator_timing": 0.045422817999999976,
                                                                            "result_set_size": 10770108,
                                                                            "children": [
                                                                                {
                                                                                    "operator_name": "HASH_GROUP_BY",
                                                                                    "cpu_time": 0.2737136670000002,
                                                                                    "extra_info": {
                                                                                        "Groups": "#0",
                                                                                        "Aggregates": "count_star()",
                                                                                        "Estimated Cardinality": "3620911"
                                                                                    },
                                                                                    "cumulative_cardinality": 16647316,
                                                                                    "operator_type": "HASH_GROUP_BY",
                                                                                    "operator_cardinality": 2163672,
                                                                                    "cumulative_rows_scanned": 7241822,
                                                                                    "operator_rows_scanned": 0,
                                                                                    "operator_timing": 0.2287841060000003,
                                                                                    "result_set_size": 25964064,
                                                                                    "children": [
                                                                                        {
                                                                                            "operator_name": "PROJECTION",
                                                                                            "cpu_time": 0.044929560999999944,
                                                                                            "extra_info": {
                                                                                                "Projections": "postid",
                                                                                                "Estimated Cardinality": "7241822"
                                                                                            },
                                                                                            "cumulative_cardinality": 14483644,
                                                                                            "operator_type": "PROJECTION",
                                                                                            "operator_cardinality": 7241822,
                                                                                            "cumulative_rows_scanned": 7241822,
                                                                                            "operator_rows_scanned": 0,
                                                                                            "operator_timing": 0.00040541899999999633,
                                                                                            "result_set_size": 28967288,
                                                                                            "children": [
                                                                                                {
                                                                                                    "operator_name": "READ_PARQUET ",
                                                                                                    "cpu_time": 0.04452414199999995,
                                                                                                    "extra_info": {
                                                                                                        "Function": "READ_PARQUET",
                                                                                                        "Projections": "postid",
                                                                                                        "Estimated Cardinality": "7241822"
                                                                                                    },
                                                                                                    "cumulative_cardinality": 7241822,
                                                                                                    "operator_type": "TABLE_SCAN",
                                                                                                    "operator_cardinality": 7241822,
                                                                                                    "cumulative_rows_scanned": 7241822,
                                                                                                    "operator_rows_scanned": 7241822,
                                                                                                    "operator_timing": 0.04452414199999995,
                                                                                                    "result_set_size": 28967288,
                                                                                                    "children": []
                                                                                                }
                                                                                            ]
                                                                                        }
                                                                                    ]
                                                                                },
                                                                                {
                                                                                    "operator_name": "PROJECTION",
                                                                                    "cpu_time": 1.1894779190000002,
                                                                                    "extra_info": {
                                                                                        "Projections": [
                                                                                            "#0",
                                                                                            "#1",
                                                                                            "__internal_compress_integral_usmallint(#2, -72)",
                                                                                            "#3",
                                                                                            "#4",
                                                                                            "#5",
                                                                                            "#6",
                                                                                            "#7",
                                                                                            "#8",
                                                                                            "#9"
                                                                                        ],
                                                                                        "Estimated Cardinality": "1274409"
                                                                                    },
                                                                                    "cumulative_cardinality": 25741607,
                                                                                    "operator_type": "PROJECTION",
                                                                                    "operator_cardinality": 145542,
                                                                                    "cumulative_rows_scanned": 29338302,
                                                                                    "operator_rows_scanned": 0,
                                                                                    "operator_timing": 0.00031043500000000007,
                                                                                    "result_set_size": 9023604,
                                                                                    "children": [
                                                                                        {
                                                                                            "operator_name": "HASH_JOIN",
                                                                                            "cpu_time": 1.1891674840000002,
                                                                                            "extra_info": {
                                                                                                "Join Type": "LEFT",
                                                                                                "Conditions": "id = postid",
                                                                                                "Estimated Cardinality": "1274409"
                                                                                            },
                                                                                            "cumulative_cardinality": 25596065,
                                                                                            "operator_type": "HASH_JOIN",
                                                                                            "operator_cardinality": 145542,
                                                                                            "cumulative_rows_scanned": 29338302,
                                                                                            "operator_rows_scanned": 0,
                                                                                            "operator_timing": 0.035816692,
                                                                                            "result_set_size": 9314688,
                                                                                            "children": [
                                                                                                {
                                                                                                    "operator_name": "HASH_JOIN",
                                                                                                    "cpu_time": 0.872406001,
                                                                                                    "extra_info": {
                                                                                                        "Join Type": "LEFT",
                                                                                                        "Conditions": "id = postid",
                                                                                                        "Estimated Cardinality": "1274409"
                                                                                                    },
                                                                                                    "cumulative_cardinality": 21997656,
                                                                                                    "operator_type": "HASH_JOIN",
                                                                                                    "operator_cardinality": 145542,
                                                                                                    "cumulative_rows_scanned": 16594209,
                                                                                                    "operator_rows_scanned": 0,
                                                                                                    "operator_timing": 0.1456050179999999,
                                                                                                    "result_set_size": 7568184,
                                                                                                    "children": [
                                                                                                        {
                                                                                                            "operator_name": "READ_PARQUET ",
                                                                                                            "cpu_time": 0.07485800199999998,
                                                                                                            "extra_info": {
                                                                                                                "Function": "READ_PARQUET",
                                                                                                                "Projections": [
                                                                                                                    "id",
                                                                                                                    "creationdate",
                                                                                                                    "score",
                                                                                                                    "viewcount",
                                                                                                                    "owneruserid",
                                                                                                                    "title"
                                                                                                                ],
                                                                                                                "Filters": "creationdate>='2023-10-01 12:34:56'::TIMESTAMP",
                                                                                                                "Estimated Cardinality": "770023"
                                                                                                            },
                                                                                                            "cumulative_cardinality": 145542,
                                                                                                            "operator_type": "TABLE_SCAN",
                                                                                                            "operator_cardinality": 145542,
                                                                                                            "cumulative_rows_scanned": 3850116,
                                                                                                            "operator_rows_scanned": 3850116,
                                                                                                            "operator_timing": 0.07485800199999998,
                                                                                                            "result_set_size": 5821680,
                                                                                                            "children": []
                                                                                                        },
                                                                                                        {
                                                                                                            "operator_name": "HASH_GROUP_BY",
                                                                                                            "cpu_time": 0.6519429810000001,
                                                                                                            "extra_info": {
                                                                                                                "Groups": "#0",
                                                                                                                "Aggregates": "count_star()",
                                                                                                                "Estimated Cardinality": "1274409"
                                                                                                            },
                                                                                                            "cumulative_cardinality": 21706572,
                                                                                                            "operator_type": "HASH_GROUP_BY",
                                                                                                            "operator_cardinality": 3138638,
                                                                                                            "cumulative_rows_scanned": 12744093,
                                                                                                            "operator_rows_scanned": 0,
                                                                                                            "operator_timing": 0.3504784059999997,
                                                                                                            "result_set_size": 37663656,
                                                                                                            "children": [
                                                                                                                {
                                                                                                                    "operator_name": "PROJECTION",
                                                                                                                    "cpu_time": 0.30146457500000046,
                                                                                                                    "extra_info": {
                                                                                                                        "Projections": "postid",
                                                                                                                        "Estimated Cardinality": "2548818"
                                                                                                                    },
                                                                                                                    "cumulative_cardinality": 18567934,
                                                                                                                    "operator_type": "PROJECTION",
                                                                                                                    "operator_cardinality": 9283967,
                                                                                                                    "cumulative_rows_scanned": 12744093,
                                                                                                                    "operator_rows_scanned": 0,
                                                                                                                    "operator_timing": 0.0009402470000000151,
                                                                                                                    "result_set_size": 37135868,
                                                                                                                    "children": [
                                                                                                                        {
                                                                                                                            "operator_name": "READ_PARQUET ",
                                                                                                                            "cpu_time": 0.30052432800000045,
                                                                                                                            "extra_info": {
                                                                                                                                "Function": "READ_PARQUET",
                                                                                                                                "Projections": "postid",
                                                                                                                                "Filters": "votetypeid=2",
                                                                                                                                "Estimated Cardinality": "2548818"
                                                                                                                            },
                                                                                                                            "cumulative_cardinality": 9283967,
                                                                                                                            "operator_type": "TABLE_SCAN",
                                                                                                                            "operator_cardinality": 9283967,
                                                                                                                            "cumulative_rows_scanned": 12744093,
                                                                                                                            "operator_rows_scanned": 12744093,
                                                                                                                            "operator_timing": 0.30052432800000045,
                                                                                                                            "result_set_size": 37135868,
                                                                                                                            "children": []
                                                                                                                        }
                                                                                                                    ]
                                                                                                                }
                                                                                                            ]
                                                                                                        }
                                                                                                    ]
                                                                                                },
                                                                                                {
                                                                                                    "operator_name": "HASH_GROUP_BY",
                                                                                                    "cpu_time": 0.28094479100000014,
                                                                                                    "extra_info": {
                                                                                                        "Groups": "#0",
                                                                                                        "Aggregates": "count_star()",
                                                                                                        "Estimated Cardinality": "1274409"
                                                                                                    },
                                                                                                    "cumulative_cardinality": 3452867,
                                                                                                    "operator_type": "HASH_GROUP_BY",
                                                                                                    "operator_cardinality": 765075,
                                                                                                    "cumulative_rows_scanned": 12744093,
                                                                                                    "operator_rows_scanned": 0,
                                                                                                    "operator_timing": 0.07144910500000004,
                                                                                                    "result_set_size": 9180900,
                                                                                                    "children": [
                                                                                                        {
                                                                                                            "operator_name": "PROJECTION",
                                                                                                            "cpu_time": 0.2094956860000001,
                                                                                                            "extra_info": {
                                                                                                                "Projections": "postid",
                                                                                                                "Estimated Cardinality": "2548818"
                                                                                                            },
                                                                                                            "cumulative_cardinality": 2687792,
                                                                                                            "operator_type": "PROJECTION",
                                                                                                            "operator_cardinality": 1343896,
                                                                                                            "cumulative_rows_scanned": 12744093,
                                                                                                            "operator_rows_scanned": 0,
                                                                                                            "operator_timing": 0.0005901110000000068,
                                                                                                            "result_set_size": 5375584,
                                                                                                            "children": [
                                                                                                                {
                                                                                                                    "operator_name": "READ_PARQUET ",
                                                                                                                    "cpu_time": 0.2089055750000001,
                                                                                                                    "extra_info": {
                                                                                                                        "Function": "READ_PARQUET",
                                                                                                                        "Projections": "postid",
                                                                                                                        "Filters": "votetypeid=3",
                                                                                                                        "Estimated Cardinality": "2548818"
                                                                                                                    },
                                                                                                                    "cumulative_cardinality": 1343896,
                                                                                                                    "operator_type": "TABLE_SCAN",
                                                                                                                    "operator_cardinality": 1343896,
                                                                                                                    "cumulative_rows_scanned": 12744093,
                                                                                                                    "operator_rows_scanned": 12744093,
                                                                                                                    "operator_timing": 0.2089055750000001,
                                                                                                                    "result_set_size": 5375584,
                                                                                                                    "children": []
                                                                                                                }
                                                                                                            ]
                                                                                                        }
                                                                                                    ]
                                                                                                }
                                                                                            ]
                                                                                        }
                                                                                    ]
                                                                                }
                                                                            ]
                                                                        }
                                                                    ]
                                                                },
                                                                {
                                                                    "operator_name": "HASH_GROUP_BY",
                                                                    "cpu_time": 0.084139266,
                                                                    "extra_info": {
                                                                        "Groups": "#0",
                                                                        "Aggregates": "count_star()",
                                                                        "Estimated Cardinality": "1160862"
                                                                    },
                                                                    "cumulative_cardinality": 5192469,
                                                                    "operator_type": "HASH_GROUP_BY",
                                                                    "operator_cardinality": 549021,
                                                                    "cumulative_rows_scanned": 2321724,
                                                                    "operator_rows_scanned": 0,
                                                                    "operator_timing": 0.07005348100000001,
                                                                    "result_set_size": 6588252,
                                                                    "children": [
                                                                        {
                                                                            "operator_name": "PROJECTION",
                                                                            "cpu_time": 0.014085784999999993,
                                                                            "extra_info": {
                                                                                "Projections": "userid",
                                                                                "Estimated Cardinality": "2321724"
                                                                            },
                                                                            "cumulative_cardinality": 4643448,
                                                                            "operator_type": "PROJECTION",
                                                                            "operator_cardinality": 2321724,
                                                                            "cumulative_rows_scanned": 2321724,
                                                                            "operator_rows_scanned": 0,
                                                                            "operator_timing": 0.0001774779999999995,
                                                                            "result_set_size": 9286896,
                                                                            "children": [
                                                                                {
                                                                                    "operator_name": "READ_PARQUET ",
                                                                                    "cpu_time": 0.013908306999999993,
                                                                                    "extra_info": {
                                                                                        "Function": "READ_PARQUET",
                                                                                        "Projections": "userid",
                                                                                        "Estimated Cardinality": "2321724"
                                                                                    },
                                                                                    "cumulative_cardinality": 2321724,
                                                                                    "operator_type": "TABLE_SCAN",
                                                                                    "operator_cardinality": 2321724,
                                                                                    "cumulative_rows_scanned": 2321724,
                                                                                    "operator_rows_scanned": 2321724,
                                                                                    "operator_timing": 0.013908306999999993,
                                                                                    "result_set_size": 9286896,
                                                                                    "children": []
                                                                                }
                                                                            ]
                                                                        }
                                                                    ]
                                                                }
                                                            ]
                                                        },
                                                        {
                                                            "operator_name": "READ_PARQUET ",
                                                            "cpu_time": 0.015237111999999994,
                                                            "extra_info": {
                                                                "Function": "READ_PARQUET",
                                                                "Projections": [
                                                                    "id",
                                                                    "reputation"
                                                                ],
                                                                "Estimated Cardinality": "1260710"
                                                            },
                                                            "cumulative_cardinality": 1260710,
                                                            "operator_type": "TABLE_SCAN",
                                                            "operator_cardinality": 1260710,
                                                            "cumulative_rows_scanned": 1260710,
                                                            "operator_rows_scanned": 1260710,
                                                            "operator_timing": 0.015237111999999994,
                                                            "result_set_size": 10085680,
                                                            "children": []
                                                        }
                                                    ]
                                                }
                                            ]
                                        }
                                    ]
                                }
                            ]
                        }
                    ]
                }
            ]
        }
    ]
}