{
    "rows_returned": 7,
    "query_name": "WITH PostStats AS (\n    SELECT \n        pt.Id AS PostTypeId,\n        pt.Name AS PostTypeName,\n        COUNT(p.Id) AS TotalPosts,\n        AVG(p.Score) AS AvgPostScore,\n        AVG(u.Reputation) AS AvgUserReputation\n    FROM \n        Posts p\n    JOIN \n        PostTypes pt ON p.PostTypeId = pt.Id\n    LEFT JOIN \n        Users u ON p.OwnerUserId = u.Id\n    GROUP BY \n        pt.Id, pt.Name\n),\nUserStats AS (\n    SELECT \n        COUNT(DISTINCT u.Id) AS TotalUsers,\n        SUM(u.Reputation) AS TotalReputation\n    FROM \n        Users u\n)\n\nSELECT \n    ps.PostTypeId,\n    ps.PostTypeName,\n    ps.TotalPosts,\n    ps.AvgPostScore,\n    us.TotalUsers,\n    us.TotalReputation,\n    ps.AvgUserReputation\nFROM \n    PostStats ps, UserStats us\nORDER BY \n    ps.PostTypeId;",
    "blocked_thread_time": 0.0,
    "cpu_time": 0.5471886330000002,
    "extra_info": {},
    "cumulative_cardinality": 23032767,
    "cumulative_rows_scanned": 6371544,
    "result_set_size": 462,
    "latency": 0.607041992,
    "children": [
        {
            "operator_name": "PROJECTION",
            "cpu_time": 0.5471886330000002,
            "extra_info": {
                "Projections": [
                    "__internal_decompress_integral_smallint(#0, 1)",
                    "#1",
                    "#2",
                    "#3",
                    "#4",
                    "#5",
                    "#6"
                ],
                "Estimated Cardinality": "1925058"
            },
            "cumulative_cardinality": 23032767,
            "operator_type": "PROJECTION",
            "operator_cardinality": 7,
            "cumulative_rows_scanned": 6371544,
            "operator_rows_scanned": 0,
            "operator_timing": 9.82e-7,
            "result_set_size": 462,
            "children": [
                {
                    "operator_name": "ORDER_BY",
                    "cpu_time": 0.5471876510000002,
                    "extra_info": {
                        "Order By": "ps.PostTypeId ASC"
                    },
                    "cumulative_cardinality": 23032760,
                    "operator_type": "ORDER_BY",
                    "operator_cardinality": 7,
                    "cumulative_rows_scanned": 6371544,
                    "operator_rows_scanned": 0,
                    "operator_timing": 0.029816811999999998,
                    "result_set_size": 455,
                    "children": [
                        {
                            "operator_name": "PROJECTION",
                            "cpu_time": 0.5173708390000002,
                            "extra_info": {
                                "Projections": [
                                    "__internal_compress_integral_utinyint(#0, 1)",
                                    "#1",
                                    "#2",
                                    "#3",
                                    "#4",
                                    "#5",
                                    "#6"
                                ],
                                "Estimated Cardinality": "1925058"
                            },
                            "cumulative_cardinality": 23032753,
                            "operator_type": "PROJECTION",
                            "operator_cardinality": 7,
                            "cumulative_rows_scanned": 6371544,
                            "operator_rows_scanned": 0,
                            "operator_timing": 9.62e-7,
                            "result_set_size": 455,
                            "children": [
                                {
                                    "operator_name": "PROJECTION",
                                    "cpu_time": 0.5173698770000003,
                                    "extra_info": {
                                        "Projections": [
                                            "PostTypeId",
                                            "PostTypeName",
                                            "TotalPosts",
                                            "AvgPostScore",
                                            "TotalUsers",
                                            "TotalReputation",
                                            "AvgUserReputation"
                                        ],
                                        "Estimated Cardinality": "1925058"
                                    },
                                    "cumulative_cardinality": 23032746,
                                    "operator_type": "PROJECTION",
                                    "operator_cardinality": 7,
                                    "cumulative_rows_scanned": 6371544,
                                    "operator_rows_scanned": 0,
                                    "operator_timing": 0.000001072,
                                    "result_set_size": 462,
                                    "children": [
                                        {
                                            "operator_name": "CROSS_PRODUCT",
                                            "cpu_time": 0.5173688050000003,
                                            "extra_info": {},
                                            "cumulative_cardinality": 23032739,
                                            "operator_type": "CROSS_PRODUCT",
                                            "operator_cardinality": 7,
                                            "cumulative_rows_scanned": 6371544,
                                            "operator_rows_scanned": 0,
                                            "operator_timing": 0.000036218,
                                            "result_set_size": 462,
                                            "children": [
                                                {
                                                    "operator_name": "PROJECTION",
                                                    "cpu_time": 0.43461272600000034,
                                                    "extra_info": {
                                                        "Projections": [
                                                            "__internal_decompress_integral_smallint(#0, 1)",
                                                            "#1",
                                                            "#2",
                                                            "#3",
                                                            "#4"
                                                        ],
                                                        "Estimated Cardinality": "1925058"
                                                    },
                                                    "cumulative_cardinality": 20511311,
                                                    "operator_type": "PROJECTION",
                                                    "operator_cardinality": 7,
                                                    "cumulative_rows_scanned": 5110834,
                                                    "operator_rows_scanned": 0,
                                                    "operator_timing": 0.000001734,
                                                    "result_set_size": 294,
                                                    "children": [
                                                        {
                                                            "operator_name": "HASH_GROUP_BY",
                                                            "cpu_time": 0.43461099200000036,
                                                            "extra_info": {
                                                                "Groups": [
                                                                    "#0",
                                                                    "#1"
                                                                ],
                                                                "Aggregates": [
                                                                    "count_star()",
                                                                    "avg(#2)",
                                                                    "avg(#3)"
                                                                ],
                                                                "Estimated Cardinality": "1925058"
                                                            },
                                                            "cumulative_cardinality": 20511304,
                                                            "operator_type": "HASH_GROUP_BY",
                                                            "operator_cardinality": 7,
                                                            "cumulative_rows_scanned": 5110834,
                                                            "operator_rows_scanned": 0,
                                                            "operator_timing": 0.10451057099999976,
                                                            "result_set_size": 287,
                                                            "children": [
                                                                {
                                                                    "operator_name": "PROJECTION",
                                                                    "cpu_time": 0.3301004210000006,
                                                                    "extra_info": {
                                                                        "Projections": [
                                                                            "id",
                                                                            "name",
                                                                            "score",
                                                                            "reputation"
                                                                        ],
                                                                        "Estimated Cardinality": "3850116"
                                                                    },
                                                                    "cumulative_cardinality": 20511297,
                                                                    "operator_type": "PROJECTION",
                                                                    "operator_cardinality": 3850116,
                                                                    "cumulative_rows_scanned": 5110834,
                                                                    "operator_rows_scanned": 0,
                                                                    "operator_timing": 0.0008003570000000005,
                                                                    "result_set_size": 96252900,
                                                                    "children": [
                                                                        {
                                                                            "operator_name": "PROJECTION",
                                                                            "cpu_time": 0.3293000640000006,
                                                                            "extra_info": {
                                                                                "Projections": [
                                                                                    "#0",
                                                                                    "__internal_compress_integral_utinyint(#1, 1)",
                                                                                    "#2",
                                                                                    "#3",
                                                                                    "#4"
                                                                                ],
                                                                                "Estimated Cardinality": "3850116"
                                                                            },
                                                                            "cumulative_cardinality": 16661181,
                                                                            "operator_type": "PROJECTION",
                                                                            "operator_cardinality": 3850116,
                                                                            "cumulative_rows_scanned": 5110834,
                                                                            "operator_rows_scanned": 0,
                                                                            "operator_timing": 0.002640045999999996,
                                                                            "result_set_size": 111653364,
                                                                            "children": [
                                                                                {
                                                                                    "operator_name": "HASH_JOIN",
                                                                                    "cpu_time": 0.3266600180000006,
                                                                                    "extra_info": {
                                                                                        "Join Type": "LEFT",
                                                                                        "Conditions": "owneruserid = id",
                                                                                        "Estimated Cardinality": "3850116"
                                                                                    },
                                                                                    "cumulative_cardinality": 12811065,
                                                                                    "operator_type": "HASH_JOIN",
                                                                                    "operator_cardinality": 3850116,
                                                                                    "cumulative_rows_scanned": 5110834,
                                                                                    "operator_rows_scanned": 0,
                                                                                    "operator_timing": 0.19553507900000058,
                                                                                    "result_set_size": 115503480,
                                                                                    "children": [
                                                                                        {
                                                                                            "operator_name": "HASH_JOIN",
                                                                                            "cpu_time": 0.11635105100000001,
                                                                                            "extra_info": {
                                                                                                "Join Type": "INNER",
                                                                                                "Conditions": "posttypeid = id",
                                                                                                "Estimated Cardinality": "3850116"
                                                                                            },
                                                                                            "cumulative_cardinality": 7700239,
                                                                                            "operator_type": "HASH_JOIN",
                                                                                            "operator_cardinality": 3850116,
                                                                                            "cumulative_rows_scanned": 3850124,
                                                                                            "operator_rows_scanned": 0,
                                                                                            "operator_timing": 0.008086207000000022,
                                                                                            "result_set_size": 115503480,
                                                                                            "children": [
                                                                                                {
                                                                                                    "operator_name": "READ_PARQUET ",
                                                                                                    "cpu_time": 0.10791290599999999,
                                                                                                    "extra_info": {
                                                                                                        "Function": "READ_PARQUET",
                                                                                                        "Projections": [
                                                                                                            "id",
                                                                                                            "posttypeid",
                                                                                                            "score",
                                                                                                            "owneruserid"
                                                                                                        ],
                                                                                                        "Estimated Cardinality": "3850116"
                                                                                                    },
                                                                                                    "cumulative_cardinality": 3850116,
                                                                                                    "operator_type": "TABLE_SCAN",
                                                                                                    "operator_cardinality": 3850116,
                                                                                                    "cumulative_rows_scanned": 3850116,
                                                                                                    "operator_rows_scanned": 3850116,
                                                                                                    "operator_timing": 0.10791290599999999,
                                                                                                    "result_set_size": 53901624,
                                                                                                    "children": []
                                                                                                },
                                                                                                {
                                                                                                    "operator_name": "READ_PARQUET ",
                                                                                                    "cpu_time": 0.00035193800000000004,
                                                                                                    "extra_info": {
                                                                                                        "Function": "READ_PARQUET",
                                                                                                        "Projections": [
                                                                                                            "id",
                                                                                                            "name"
                                                                                                        ],
                                                                                                        "Filters": "id<=7",
                                                                                                        "Estimated Cardinality": "8"
                                                                                                    },
                                                                                                    "cumulative_cardinality": 7,
                                                                                                    "operator_type": "TABLE_SCAN",
                                                                                                    "operator_cardinality": 7,
                                                                                                    "cumulative_rows_scanned": 8,
                                                                                                    "operator_rows_scanned": 8,
                                                                                                    "operator_timing": 0.00035193800000000004,
                                                                                                    "result_set_size": 126,
                                                                                                    "children": []
                                                                                                }
                                                                                            ]
                                                                                        },
                                                                                        {
                                                                                            "operator_name": "READ_PARQUET ",
                                                                                            "cpu_time": 0.014773887999999987,
                                                                                            "extra_info": {
                                                                                                "Function": "READ_PARQUET",
                                                                                                "Projections": [
                                                                                                    "id",
                                                                                                    "reputation"
                                                                                                ],
                                                                                                "Estimated Cardinality": "1260710"
                                                                                            },
                                                                                            "cumulative_cardinality": 1260710,
                                                                                            "operator_type": "TABLE_SCAN",
                                                                                            "operator_cardinality": 1260710,
                                                                                            "cumulative_rows_scanned": 1260710,
                                                                                            "operator_rows_scanned": 1260710,
                                                                                            "operator_timing": 0.014773887999999987,
                                                                                            "result_set_size": 10085680,
                                                                                            "children": []
                                                                                        }
                                                                                    ]
                                                                                }
                                                                            ]
                                                                        }
                                                                    ]
                                                                }
                                                            ]
                                                        }
                                                    ]
                                                },
                                                {
                                                    "operator_name": "UNGROUPED_AGGREGATE",
                                                    "cpu_time": 0.08271986099999994,
                                                    "extra_info": {
                                                        "Aggregates": [
                                                            "count(DISTINCT #0)",
                                                            "sum(#1)"
                                                        ]
                                                    },
                                                    "cumulative_cardinality": 2521421,
                                                    "operator_type": "UNGROUPED_AGGREGATE",
                                                    "operator_cardinality": 1,
                                                    "cumulative_rows_scanned": 1260710,
                                                    "operator_rows_scanned": 0,
                                                    "operator_timing": 0.06760929499999994,
                                                    "result_set_size": 24,
                                                    "children": [
                                                        {
                                                            "operator_name": "PROJECTION",
                                                            "cpu_time": 0.01511056599999999,
                                                            "extra_info": {
                                                                "Projections": [
                                                                    "id",
                                                                    "reputation"
                                                                ],
                                                                "Estimated Cardinality": "1260710"
                                                            },
                                                            "cumulative_cardinality": 2521420,
                                                            "operator_type": "PROJECTION",
                                                            "operator_cardinality": 1260710,
                                                            "cumulative_rows_scanned": 1260710,
                                                            "operator_rows_scanned": 0,
                                                            "operator_timing": 0.0001103639999999998,
                                                            "result_set_size": 10085680,
                                                            "children": [
                                                                {
                                                                    "operator_name": "READ_PARQUET ",
                                                                    "cpu_time": 0.01500020199999999,
                                                                    "extra_info": {
                                                                        "Function": "READ_PARQUET",
                                                                        "Projections": [
                                                                            "id",
                                                                            "reputation"
                                                                        ],
                                                                        "Estimated Cardinality": "1260710"
                                                                    },
                                                                    "cumulative_cardinality": 1260710,
                                                                    "operator_type": "TABLE_SCAN",
                                                                    "operator_cardinality": 1260710,
                                                                    "cumulative_rows_scanned": 1260710,
                                                                    "operator_rows_scanned": 1260710,
                                                                    "operator_timing": 0.01500020199999999,
                                                                    "result_set_size": 10085680,
                                                                    "children": []
                                                                }
                                                            ]
                                                        }
                                                    ]
                                                }
                                            ]
                                        }
                                    ]
                                }
                            ]
                        }
                    ]
                }
            ]
        }
    ]
}