{
    "rows_returned": 100,
    "query_name": "WITH UserActivity AS (\n    SELECT \n        U.Id AS UserId,\n        U.DisplayName,\n        U.Reputation,\n        COUNT(DISTINCT P.Id) AS PostCount,\n        COUNT(DISTINCT C.Id) AS CommentCount,\n        SUM(CASE WHEN V.VoteTypeId = 2 THEN 1 ELSE 0 END) AS UpVotes,\n        SUM(CASE WHEN V.VoteTypeId = 3 THEN 1 ELSE 0 END) AS DownVotes,\n        COUNT(DISTINCT B.Id) AS BadgeCount\n    FROM Users U\n    LEFT JOIN Posts P ON U.Id = P.OwnerUserId\n    LEFT JOIN Comments C ON P.Id = C.PostId\n    LEFT JOIN Votes V ON P.Id = V.PostId AND V.UserId = U.Id\n    LEFT JOIN Badges B ON U.Id = B.UserId\n    GROUP BY U.Id, U.DisplayName, U.Reputation\n)\n\nSELECT \n    UA.UserId,\n    UA.DisplayName,\n    UA.Reputation,\n    UA.PostCount,\n    UA.CommentCount,\n    UA.UpVotes,\n    UA.DownVotes,\n    UA.BadgeCount\nFROM UserActivity UA\nORDER BY UA.Reputation DESC, UA.PostCount DESC\nLIMIT 100;",
    "blocked_thread_time": 0.0,
    "cpu_time": 192.50261556000615,
    "extra_info": {},
    "cumulative_cardinality": 2664416144,
    "cumulative_rows_scanned": 27418465,
    "result_set_size": 8000,
    "latency": 210.957193978,
    "children": [
        {
            "operator_name": "STREAMING_LIMIT",
            "cpu_time": 192.50261556000615,
            "extra_info": {},
            "cumulative_cardinality": 2664416144,
            "operator_type": "STREAMING_LIMIT",
            "operator_cardinality": 100,
            "cumulative_rows_scanned": 27418465,
            "operator_rows_scanned": 0,
            "operator_timing": 0.000001702,
            "result_set_size": 8000,
            "children": [
                {
                    "operator_name": "ORDER_BY",
                    "cpu_time": 192.50261385800616,
                    "extra_info": {
                        "Order By": [
                            "UA.Reputation DESC",
                            "UA.PostCount DESC"
                        ]
                    },
                    "cumulative_cardinality": 2664416044,
                    "operator_type": "ORDER_BY",
                    "operator_cardinality": 4096,
                    "cumulative_rows_scanned": 27418465,
                    "operator_rows_scanned": 0,
                    "operator_timing": 0.06436760600000002,
                    "result_set_size": 327680,
                    "children": [
                        {
                            "operator_name": "HASH_GROUP_BY",
                            "cpu_time": 192.43824625200617,
                            "extra_info": {
                                "Groups": [
                                    "#0",
                                    "#1",
                                    "#2"
                                ],
                                "Aggregates": [
                                    "count(DISTINCT #3)",
                                    "count(DISTINCT #4)",
                                    "sum(#5)",
                                    "sum(#6)",
                                    "count(DISTINCT #7)"
                                ],
                                "Estimated Cardinality": "1260710"
                            },
                            "cumulative_cardinality": 2664411948,
                            "operator_type": "HASH_GROUP_BY",
                            "operator_cardinality": 1260710,
                            "cumulative_rows_scanned": 27418465,
                            "operator_rows_scanned": 0,
                            "operator_timing": 175.79991779600724,
                            "result_set_size": 100856800,
                            "children": [
                                {
                                    "operator_name": "PROJECTION",
                                    "cpu_time": 16.63832845599894,
                                    "extra_info": {
                                        "Projections": [
                                            "id",
                                            "displayname",
                                            "reputation",
                                            "id",
                                            "id",
                                            "CASE  WHEN ((votetypeid = 2)) THEN (1) ELSE 0 END",
                                            "CASE  WHEN ((votetypeid = 3)) THEN (1) ELSE 0 END",
                                            "id"
                                        ],
                                        "Estimated Cardinality": "12744093"
                                    },
                                    "cumulative_cardinality": 2663151238,
                                    "operator_type": "PROJECTION",
                                    "operator_cardinality": 1312584858,
                                    "cumulative_rows_scanned": 27418465,
                                    "operator_rows_scanned": 0,
                                    "operator_timing": 2.582700406999693,
                                    "result_set_size": 57753733752,
                                    "children": [
                                        {
                                            "operator_name": "HASH_JOIN",
                                            "cpu_time": 14.05562804899925,
                                            "extra_info": {
                                                "Join Type": "LEFT",
                                                "Conditions": "id = userid",
                                                "Estimated Cardinality": "12744093"
                                            },
                                            "cumulative_cardinality": 1350566380,
                                            "operator_type": "HASH_JOIN",
                                            "operator_cardinality": 1312584858,
                                            "cumulative_rows_scanned": 27418465,
                                            "operator_rows_scanned": 0,
                                            "operator_timing": 11.78267270699925,
                                            "result_set_size": 49878224604,
                                            "children": [
                                                {
                                                    "operator_name": "HASH_JOIN",
                                                    "cpu_time": 2.2494907929999997,
                                                    "extra_info": {
                                                        "Join Type": "RIGHT",
                                                        "Conditions": [
                                                            "postid = id",
                                                            "userid = id"
                                                        ],
                                                        "Estimated Cardinality": "12744093"
                                                    },
                                                    "cumulative_cardinality": 35659798,
                                                    "operator_type": "HASH_JOIN",
                                                    "operator_cardinality": 9431558,
                                                    "cumulative_rows_scanned": 25096741,
                                                    "operator_rows_scanned": 0,
                                                    "operator_timing": 0.8225430789999997,
                                                    "result_set_size": 320672972,
                                                    "children": [
                                                        {
                                                            "operator_name": "READ_PARQUET ",
                                                            "cpu_time": 0.2762371490000003,
                                                            "extra_info": {
                                                                "Function": "READ_PARQUET",
                                                                "Projections": [
                                                                    "postid",
                                                                    "votetypeid",
                                                                    "userid"
                                                                ],
                                                                "Estimated Cardinality": "12744093"
                                                            },
                                                            "cumulative_cardinality": 40287,
                                                            "operator_type": "TABLE_SCAN",
                                                            "operator_cardinality": 40287,
                                                            "cumulative_rows_scanned": 12744093,
                                                            "operator_rows_scanned": 12744093,
                                                            "operator_timing": 0.2762371490000003,
                                                            "result_set_size": 402870,
                                                            "children": []
                                                        },
                                                        {
                                                            "operator_name": "HASH_JOIN",
                                                            "cpu_time": 1.1507105649999998,
                                                            "extra_info": {
                                                                "Join Type": "RIGHT",
                                                                "Conditions": "postid = id",
                                                                "Estimated Cardinality": "7241822"
                                                            },
                                                            "cumulative_cardinality": 26187953,
                                                            "operator_type": "HASH_JOIN",
                                                            "operator_cardinality": 9425510,
                                                            "cumulative_rows_scanned": 12352648,
                                                            "operator_rows_scanned": 0,
                                                            "operator_timing": 0.6127077299999998,
                                                            "result_set_size": 301616320,
                                                            "children": [
                                                                {
                                                                    "operator_name": "READ_PARQUET ",
                                                                    "cpu_time": 0.12271143100000004,
                                                                    "extra_info": {
                                                                        "Function": "READ_PARQUET",
                                                                        "Projections": [
                                                                            "id",
                                                                            "postid"
                                                                        ],
                                                                        "Estimated Cardinality": "7241822"
                                                                    },
                                                                    "cumulative_cardinality": 7241822,
                                                                    "operator_type": "TABLE_SCAN",
                                                                    "operator_cardinality": 7241822,
                                                                    "cumulative_rows_scanned": 7241822,
                                                                    "operator_rows_scanned": 7241822,
                                                                    "operator_timing": 0.12271143100000004,
                                                                    "result_set_size": 57934576,
                                                                    "children": []
                                                                },
                                                                {
                                                                    "operator_name": "HASH_JOIN",
                                                                    "cpu_time": 0.4152914039999999,
                                                                    "extra_info": {
                                                                        "Join Type": "RIGHT",
                                                                        "Conditions": "owneruserid = id",
                                                                        "Estimated Cardinality": "3850116"
                                                                    },
                                                                    "cumulative_cardinality": 9520621,
                                                                    "operator_type": "HASH_JOIN",
                                                                    "operator_cardinality": 4574495,
                                                                    "cumulative_rows_scanned": 5110826,
                                                                    "operator_rows_scanned": 0,
                                                                    "operator_timing": 0.23882793200000005,
                                                                    "result_set_size": 128085860,
                                                                    "children": [
                                                                        {
                                                                            "operator_name": "READ_PARQUET ",
                                                                            "cpu_time": 0.0922627839999999,
                                                                            "extra_info": {
                                                                                "Function": "READ_PARQUET",
                                                                                "Projections": [
                                                                                    "id",
                                                                                    "owneruserid"
                                                                                ],
                                                                                "Estimated Cardinality": "3850116"
                                                                            },
                                                                            "cumulative_cardinality": 3685416,
                                                                            "operator_type": "TABLE_SCAN",
                                                                            "operator_cardinality": 3685416,
                                                                            "cumulative_rows_scanned": 3850116,
                                                                            "operator_rows_scanned": 3850116,
                                                                            "operator_timing": 0.0922627839999999,
                                                                            "result_set_size": 29483328,
                                                                            "children": []
                                                                        },
                                                                        {
                                                                            "operator_name": "READ_PARQUET ",
                                                                            "cpu_time": 0.08420068799999997,
                                                                            "extra_info": {
                                                                                "Function": "READ_PARQUET",
                                                                                "Projections": [
                                                                                    "id",
                                                                                    "reputation",
                                                                                    "displayname"
                                                                                ],
                                                                                "Estimated Cardinality": "1260710"
                                                                            },
                                                                            "cumulative_cardinality": 1260710,
                                                                            "operator_type": "TABLE_SCAN",
                                                                            "operator_cardinality": 1260710,
                                                                            "cumulative_rows_scanned": 1260710,
                                                                            "operator_rows_scanned": 1260710,
                                                                            "operator_timing": 0.08420068799999997,
                                                                            "result_set_size": 30257040,
                                                                            "children": []
                                                                        }
                                                                    ]
                                                                }
                                                            ]
                                                        }
                                                    ]
                                                },
                                                {
                                                    "operator_name": "READ_PARQUET ",
                                                    "cpu_time": 0.023464548999999963,
                                                    "extra_info": {
                                                        "Function": "READ_PARQUET",
                                                        "Projections": [
                                                            "id",
                                                            "userid"
                                                        ],
                                                        "Estimated Cardinality": "2321724"
                                                    },
                                                    "cumulative_cardinality": 2321724,
                                                    "operator_type": "TABLE_SCAN",
                                                    "operator_cardinality": 2321724,
                                                    "cumulative_rows_scanned": 2321724,
                                                    "operator_rows_scanned": 2321724,
                                                    "operator_timing": 0.023464548999999963,
                                                    "result_set_size": 18573792,
                                                    "children": []
                                                }
                                            ]
                                        }
                                    ]
                                }
                            ]
                        }
                    ]
                }
            ]
        }
    ]
}