{
    "rows_returned": 0,
    "query_name": "\nWITH UserStats AS (\n    SELECT \n        u.Id AS UserId,\n        u.DisplayName,\n        u.Reputation,\n        u.CreationDate,\n        DENSE_RANK() OVER (ORDER BY u.Reputation DESC) AS ReputationRank,\n        COUNT(DISTINCT p.Id) AS PostCount,\n        SUM(COALESCE(v.BountyAmount, 0)) AS TotalBounties,\n        SUM(u.UpVotes) AS TotalUpVotes,\n        SUM(u.DownVotes) AS TotalDownVotes\n    FROM \n        Users u\n    LEFT JOIN \n        Posts p ON p.OwnerUserId = u.Id\n    LEFT JOIN \n        Votes v ON v.UserId = u.Id\n    WHERE \n        u.Reputation > 0\n    GROUP BY \n        u.Id, u.DisplayName, u.Reputation, u.CreationDate\n),\nClosedPosts AS (\n    SELECT \n        p.Id AS PostId,\n        p.Title,\n        p.CreationDate,\n        ph.UserId AS LastEditorId,\n        ph.CreationDate AS LastEditDate,\n        ROW_NUMBER() OVER (PARTITION BY p.Id ORDER BY ph.CreationDate DESC) AS EditRank\n    FROM \n        Posts p\n    INNER JOIN \n        PostHistory ph ON p.Id = ph.PostId\n    WHERE \n        ph.PostHistoryTypeId = 10 \n),\nRecentClosedPosts AS (\n    SELECT \n        cp.*, \n        us.DisplayName AS LastEditorName,\n        us.Reputation AS LastEditorReputation\n    FROM \n        ClosedPosts cp\n    JOIN \n        Users us ON us.Id = cp.LastEditorId\n    WHERE \n        cp.LastEditDate >= TIMESTAMP '2024-10-01 12:34:56' - INTERVAL '30 days'\n),\nTopUsers AS (\n    SELECT \n        UserId,\n        SUM(CASE WHEN PostCount > 0 THEN 1 ELSE 0 END) AS ActivePostsCount,\n        MAX(Reputation) AS MaxReputation\n    FROM \n        UserStats\n    GROUP BY \n        UserId\n    HAVING \n        COUNT(*) > 1\n),\nFinalStats AS (\n    SELECT \n        us.UserId,\n        us.DisplayName,\n        us.Reputation,\n        us.PostCount,\n        us.TotalBounties,\n        rcp.Title AS RecentClosedPost,\n        rcp.LastEditorName,\n        rcp.LastEditorReputation\n    FROM \n        UserStats us\n    LEFT JOIN \n        RecentClosedPosts rcp ON us.UserId = rcp.LastEditorId\n    JOIN \n        TopUsers t ON us.UserId = t.UserId\n)\nSELECT \n    fs.UserId,\n    fs.DisplayName,\n    fs.Reputation,\n    fs.PostCount,\n    fs.TotalBounties,\n    fs.RecentClosedPost,\n    COALESCE(fs.LastEditorName, 'N/A') AS LastEditorName,\n    COALESCE(fs.LastEditorReputation, 0) AS LastEditorReputation\nFROM \n    FinalStats fs\nORDER BY \n    fs.Reputation DESC, \n    fs.PostCount DESC\nFETCH FIRST 10 ROWS ONLY;\n",
    "blocked_thread_time": 0.0,
    "cpu_time": 6.3149827290000005,
    "extra_info": {},
    "cumulative_cardinality": 85427524,
    "cumulative_rows_scanned": 34760989,
    "result_set_size": 0,
    "latency": 7.617823806,
    "children": [
        {
            "operator_name": "STREAMING_LIMIT",
            "cpu_time": 6.3149827290000005,
            "extra_info": {},
            "cumulative_cardinality": 85427524,
            "operator_type": "STREAMING_LIMIT",
            "operator_cardinality": 0,
            "cumulative_rows_scanned": 34760989,
            "operator_rows_scanned": 0,
            "operator_timing": 0.0,
            "result_set_size": 0,
            "children": [
                {
                    "operator_name": "ORDER_BY",
                    "cpu_time": 6.3149827290000005,
                    "extra_info": {
                        "Order By": [
                            "fs.Reputation DESC",
                            "fs.PostCount DESC"
                        ]
                    },
                    "cumulative_cardinality": 85427524,
                    "operator_type": "ORDER_BY",
                    "operator_cardinality": 0,
                    "cumulative_rows_scanned": 34760989,
                    "operator_rows_scanned": 0,
                    "operator_timing": 2.91e-7,
                    "result_set_size": 0,
                    "children": [
                        {
                            "operator_name": "PROJECTION",
                            "cpu_time": 6.314982438,
                            "extra_info": {
                                "Projections": [
                                    "UserId",
                                    "displayname",
                                    "reputation",
                                    "PostCount",
                                    "TotalBounties",
                                    "RecentClosedPost",
                                    "LastEditorName",
                                    "LastEditorReputation"
                                ],
                                "Estimated Cardinality": "1260710"
                            },
                            "cumulative_cardinality": 85427524,
                            "operator_type": "PROJECTION",
                            "operator_cardinality": 0,
                            "cumulative_rows_scanned": 34760989,
                            "operator_rows_scanned": 0,
                            "operator_timing": 0.0,
                            "result_set_size": 0,
                            "children": [
                                {
                                    "operator_name": "PROJECTION",
                                    "cpu_time": 6.314982438,
                                    "extra_info": {
                                        "Projections": [
                                            "UserId",
                                            "displayname",
                                            "reputation",
                                            "PostCount",
                                            "TotalBounties",
                                            "RecentClosedPost",
                                            "LastEditorName",
                                            "LastEditorReputation"
                                        ],
                                        "Estimated Cardinality": "1260710"
                                    },
                                    "cumulative_cardinality": 85427524,
                                    "operator_type": "PROJECTION",
                                    "operator_cardinality": 0,
                                    "cumulative_rows_scanned": 34760989,
                                    "operator_rows_scanned": 0,
                                    "operator_timing": 0.0,
                                    "result_set_size": 0,
                                    "children": [
                                        {
                                            "operator_name": "CTE",
                                            "cpu_time": 6.314982438,
                                            "extra_info": {
                                                "CTE Name": "UserStats",
                                                "Table Index": "0"
                                            },
                                            "cumulative_cardinality": 85427524,
                                            "operator_type": "CTE",
                                            "operator_cardinality": 0,
                                            "cumulative_rows_scanned": 34760989,
                                            "operator_rows_scanned": 0,
                                            "operator_timing": 0.030823770000000035,
                                            "result_set_size": 0,
                                            "children": [
                                                {
                                                    "operator_name": "PROJECTION",
                                                    "cpu_time": 4.892679668,
                                                    "extra_info": {
                                                        "Projections": [
                                                            "UserId",
                                                            "displayname",
                                                            "reputation",
                                                            "creationdate",
                                                            "ReputationRank",
                                                            "PostCount",
                                                            "TotalBounties",
                                                            "TotalUpVotes",
                                                            "TotalDownVotes"
                                                        ],
                                                        "Estimated Cardinality": "1260710"
                                                    },
                                                    "cumulative_cardinality": 76829258,
                                                    "operator_type": "PROJECTION",
                                                    "operator_cardinality": 1260710,
                                                    "cumulative_rows_scanned": 17854919,
                                                    "operator_rows_scanned": 0,
                                                    "operator_timing": 0.00020438100000000012,
                                                    "result_set_size": 121028160,
                                                    "children": [
                                                        {
                                                            "operator_name": "PROJECTION",
                                                            "cpu_time": 4.892475287000001,
                                                            "extra_info": {
                                                                "Projections": [
                                                                    "#0",
                                                                    "#1",
                                                                    "#2",
                                                                    "#3",
                                                                    "#4",
                                                                    "#5",
                                                                    "#6",
                                                                    "#7",
                                                                    "#8"
                                                                ],
                                                                "Estimated Cardinality": "1260710"
                                                            },
                                                            "cumulative_cardinality": 75568548,
                                                            "operator_type": "PROJECTION",
                                                            "operator_cardinality": 1260710,
                                                            "cumulative_rows_scanned": 17854919,
                                                            "operator_rows_scanned": 0,
                                                            "operator_timing": 0.00022017099999999972,
                                                            "result_set_size": 121028160,
                                                            "children": [
                                                                {
                                                                    "operator_name": "WINDOW",
                                                                    "cpu_time": 4.892255116000001,
                                                                    "extra_info": {
                                                                        "Projections": "RANK_DENSE() OVER (ORDER BY reputation DESC NULLS LAST)"
                                                                    },
                                                                    "cumulative_cardinality": 74307838,
                                                                    "operator_type": "WINDOW",
                                                                    "operator_cardinality": 1260710,
                                                                    "cumulative_rows_scanned": 17854919,
                                                                    "operator_rows_scanned": 0,
                                                                    "operator_timing": 0.11991747499999991,
                                                                    "result_set_size": 121028160,
                                                                    "children": [
                                                                        {
                                                                            "operator_name": "HASH_GROUP_BY",
                                                                            "cpu_time": 4.772337641000001,
                                                                            "extra_info": {
                                                                                "Groups": [
                                                                                    "#0",
                                                                                    "#1",
                                                                                    "#2",
                                                                                    "#3"
                                                                                ],
                                                                                "Aggregates": [
                                                                                    "count(DISTINCT #4)",
                                                                                    "sum(#5)",
                                                                                    "sum(#6)",
                                                                                    "sum(#7)"
                                                                                ],
                                                                                "Estimated Cardinality": "1260710"
                                                                            },
                                                                            "cumulative_cardinality": 73047128,
                                                                            "operator_type": "HASH_GROUP_BY",
                                                                            "operator_cardinality": 1260710,
                                                                            "cumulative_rows_scanned": 17854919,
                                                                            "operator_rows_scanned": 0,
                                                                            "operator_timing": 2.4945550510000087,
                                                                            "result_set_size": 110942480,
                                                                            "children": [
                                                                                {
                                                                                    "operator_name": "PROJECTION",
                                                                                    "cpu_time": 2.277782589999992,
                                                                                    "extra_info": {
                                                                                        "Projections": [
                                                                                            "id",
                                                                                            "displayname",
                                                                                            "reputation",
                                                                                            "creationdate",
                                                                                            "id",
                                                                                            "COALESCE(bountyamount, 0)",
                                                                                            "upvotes",
                                                                                            "downvotes"
                                                                                        ],
                                                                                        "Estimated Cardinality": "12744093"
                                                                                    },
                                                                                    "cumulative_cardinality": 71786418,
                                                                                    "operator_type": "PROJECTION",
                                                                                    "operator_cardinality": 19217005,
                                                                                    "cumulative_rows_scanned": 17854919,
                                                                                    "operator_rows_scanned": 0,
                                                                                    "operator_timing": 0.11553686600000007,
                                                                                    "result_set_size": 922416240,
                                                                                    "children": [
                                                                                        {
                                                                                            "operator_name": "PROJECTION",
                                                                                            "cpu_time": 2.162245723999992,
                                                                                            "extra_info": {
                                                                                                "Projections": [
                                                                                                    "#0",
                                                                                                    "#1",
                                                                                                    "#2",
                                                                                                    "#3",
                                                                                                    "#4",
                                                                                                    "#5",
                                                                                                    "#6",
                                                                                                    "__internal_decompress_integral_integer(#7, 0)"
                                                                                                ],
                                                                                                "Estimated Cardinality": "12744093"
                                                                                            },
                                                                                            "cumulative_cardinality": 52569413,
                                                                                            "operator_type": "PROJECTION",
                                                                                            "operator_cardinality": 19217005,
                                                                                            "cumulative_rows_scanned": 17854919,
                                                                                            "operator_rows_scanned": 0,
                                                                                            "operator_timing": 0.012167539999999817,
                                                                                            "result_set_size": 922416240,
                                                                                            "children": [
                                                                                                {
                                                                                                    "operator_name": "HASH_JOIN",
                                                                                                    "cpu_time": 2.1500781839999923,
                                                                                                    "extra_info": {
                                                                                                        "Join Type": "RIGHT",
                                                                                                        "Conditions": "userid = id",
                                                                                                        "Estimated Cardinality": "12744093"
                                                                                                    },
                                                                                                    "cumulative_cardinality": 33352408,
                                                                                                    "operator_type": "HASH_JOIN",
                                                                                                    "operator_cardinality": 19217005,
                                                                                                    "cumulative_rows_scanned": 17854919,
                                                                                                    "operator_rows_scanned": 0,
                                                                                                    "operator_timing": 1.539471011999992,
                                                                                                    "result_set_size": 883982230,
                                                                                                    "children": [
                                                                                                        {
                                                                                                            "operator_name": "READ_PARQUET ",
                                                                                                            "cpu_time": 0.12406147100000023,
                                                                                                            "extra_info": {
                                                                                                                "Function": "READ_PARQUET",
                                                                                                                "Projections": [
                                                                                                                    "userid",
                                                                                                                    "bountyamount"
                                                                                                                ],
                                                                                                                "Estimated Cardinality": "12744093"
                                                                                                            },
                                                                                                            "cumulative_cardinality": 40287,
                                                                                                            "operator_type": "TABLE_SCAN",
                                                                                                            "operator_cardinality": 40287,
                                                                                                            "cumulative_rows_scanned": 12744093,
                                                                                                            "operator_rows_scanned": 12744093,
                                                                                                            "operator_timing": 0.12406147100000023,
                                                                                                            "result_set_size": 322296,
                                                                                                            "children": []
                                                                                                        },
                                                                                                        {
                                                                                                            "operator_name": "PROJECTION",
                                                                                                            "cpu_time": 0.4865457009999999,
                                                                                                            "extra_info": {
                                                                                                                "Projections": [
                                                                                                                    "#0",
                                                                                                                    "#1",
                                                                                                                    "#2",
                                                                                                                    "#3",
                                                                                                                    "#4",
                                                                                                                    "#5",
                                                                                                                    "__internal_compress_integral_usmallint(#6, 0)"
                                                                                                                ],
                                                                                                                "Estimated Cardinality": "3850116"
                                                                                                            },
                                                                                                            "cumulative_cardinality": 14095116,
                                                                                                            "operator_type": "PROJECTION",
                                                                                                            "operator_cardinality": 4574495,
                                                                                                            "cumulative_rows_scanned": 5110826,
                                                                                                            "operator_rows_scanned": 0,
                                                                                                            "operator_timing": 0.002182062000000001,
                                                                                                            "result_set_size": 192128790,
                                                                                                            "children": [
                                                                                                                {
                                                                                                                    "operator_name": "HASH_JOIN",
                                                                                                                    "cpu_time": 0.4843636389999999,
                                                                                                                    "extra_info": {
                                                                                                                        "Join Type": "RIGHT",
                                                                                                                        "Conditions": "owneruserid = id",
                                                                                                                        "Estimated Cardinality": "3850116"
                                                                                                                    },
                                                                                                                    "cumulative_cardinality": 9520621,
                                                                                                                    "operator_type": "HASH_JOIN",
                                                                                                                    "operator_cardinality": 4574495,
                                                                                                                    "cumulative_rows_scanned": 5110826,
                                                                                                                    "operator_rows_scanned": 0,
                                                                                                                    "operator_timing": 0.28219561499999996,
                                                                                                                    "result_set_size": 201277780,
                                                                                                                    "children": [
                                                                                                                        {
                                                                                                                            "operator_name": "READ_PARQUET ",
                                                                                                                            "cpu_time": 0.08620135799999984,
                                                                                                                            "extra_info": {
                                                                                                                                "Function": "READ_PARQUET",
                                                                                                                                "Projections": [
                                                                                                                                    "id",
                                                                                                                                    "owneruserid"
                                                                                                                                ],
                                                                                                                                "Estimated Cardinality": "3850116"
                                                                                                                            },
                                                                                                                            "cumulative_cardinality": 3685416,
                                                                                                                            "operator_type": "TABLE_SCAN",
                                                                                                                            "operator_cardinality": 3685416,
                                                                                                                            "cumulative_rows_scanned": 3850116,
                                                                                                                            "operator_rows_scanned": 3850116,
                                                                                                                            "operator_timing": 0.08620135799999984,
                                                                                                                            "result_set_size": 29483328,
                                                                                                                            "children": []
                                                                                                                        },
                                                                                                                        {
                                                                                                                            "operator_name": "READ_PARQUET ",
                                                                                                                            "cpu_time": 0.1159666660000001,
                                                                                                                            "extra_info": {
                                                                                                                                "Function": "READ_PARQUET",
                                                                                                                                "Projections": [
                                                                                                                                    "id",
                                                                                                                                    "reputation",
                                                                                                                                    "creationdate",
                                                                                                                                    "displayname",
                                                                                                                                    "upvotes",
                                                                                                                                    "downvotes"
                                                                                                                                ],
                                                                                                                                "Estimated Cardinality": "252142"
                                                                                                                            },
                                                                                                                            "cumulative_cardinality": 1260710,
                                                                                                                            "operator_type": "TABLE_SCAN",
                                                                                                                            "operator_cardinality": 1260710,
                                                                                                                            "cumulative_rows_scanned": 1260710,
                                                                                                                            "operator_rows_scanned": 1260710,
                                                                                                                            "operator_timing": 0.1159666660000001,
                                                                                                                            "result_set_size": 50428400,
                                                                                                                            "children": []
                                                                                                                        }
                                                                                                                    ]
                                                                                                                }
                                                                                                            ]
                                                                                                        }
                                                                                                    ]
                                                                                                }
                                                                                            ]
                                                                                        }
                                                                                    ]
                                                                                }
                                                                            ]
                                                                        }
                                                                    ]
                                                                }
                                                            ]
                                                        }
                                                    ]
                                                },
                                                {
                                                    "operator_name": "HASH_JOIN",
                                                    "cpu_time": 1.3914789999999992,
                                                    "extra_info": {
                                                        "Join Type": "INNER",
                                                        "Conditions": "UserId = UserId",
                                                        "Estimated Cardinality": "126071"
                                                    },
                                                    "cumulative_cardinality": 8598266,
                                                    "operator_type": "HASH_JOIN",
                                                    "operator_cardinality": 0,
                                                    "cumulative_rows_scanned": 16906070,
                                                    "operator_rows_scanned": 0,
                                                    "operator_timing": 0.000034184000000000003,
                                                    "result_set_size": 0,
                                                    "children": [
                                                        {
                                                            "operator_name": "HASH_JOIN",
                                                            "cpu_time": 1.2715030229999993,
                                                            "extra_info": {
                                                                "Join Type": "LEFT",
                                                                "Conditions": "UserId = LastEditorId",
                                                                "Estimated Cardinality": "1260710"
                                                            },
                                                            "cumulative_cardinality": 4816136,
                                                            "operator_type": "HASH_JOIN",
                                                            "operator_cardinality": 146,
                                                            "cumulative_rows_scanned": 16906070,
                                                            "operator_rows_scanned": 0,
                                                            "operator_timing": 0.000259055,
                                                            "result_set_size": 23944,
                                                            "children": [
                                                                {
                                                                    "operator_name": "CTE_SCAN",
                                                                    "cpu_time": 0.000015319,
                                                                    "extra_info": {
                                                                        "CTE Index": "0",
                                                                        "Estimated Cardinality": "1260710"
                                                                    },
                                                                    "cumulative_cardinality": 2048,
                                                                    "operator_type": "CTE_SCAN",
                                                                    "operator_cardinality": 2048,
                                                                    "cumulative_rows_scanned": 0,
                                                                    "operator_rows_scanned": 0,
                                                                    "operator_timing": 0.000015319,
                                                                    "result_set_size": 196608,
                                                                    "children": []
                                                                },
                                                                {
                                                                    "operator_name": "PROJECTION",
                                                                    "cpu_time": 1.2712286489999993,
                                                                    "extra_info": {
                                                                        "Projections": [
                                                                            "PostId",
                                                                            "title",
                                                                            "creationdate",
                                                                            "LastEditorId",
                                                                            "LastEditDate",
                                                                            "EditRank",
                                                                            "LastEditorName",
                                                                            "LastEditorReputation"
                                                                        ],
                                                                        "Estimated Cardinality": "471809"
                                                                    },
                                                                    "cumulative_cardinality": 4813942,
                                                                    "operator_type": "PROJECTION",
                                                                    "operator_cardinality": 1049,
                                                                    "cumulative_rows_scanned": 16906070,
                                                                    "operator_rows_scanned": 0,
                                                                    "operator_timing": 0.000001743,
                                                                    "result_set_size": 71332,
                                                                    "children": [
                                                                        {
                                                                            "operator_name": "HASH_JOIN",
                                                                            "cpu_time": 1.2712269059999992,
                                                                            "extra_info": {
                                                                                "Join Type": "INNER",
                                                                                "Conditions": "id = LastEditorId",
                                                                                "Estimated Cardinality": "471809"
                                                                            },
                                                                            "cumulative_cardinality": 4812893,
                                                                            "operator_type": "HASH_JOIN",
                                                                            "operator_cardinality": 1049,
                                                                            "cumulative_rows_scanned": 16906070,
                                                                            "operator_rows_scanned": 0,
                                                                            "operator_timing": 0.0025406849999999983,
                                                                            "result_set_size": 71332,
                                                                            "children": [
                                                                                {
                                                                                    "operator_name": "READ_PARQUET ",
                                                                                    "cpu_time": 0.04198398699999999,
                                                                                    "extra_info": {
                                                                                        "Function": "READ_PARQUET",
                                                                                        "Projections": [
                                                                                            "id",
                                                                                            "reputation",
                                                                                            "displayname"
                                                                                        ],
                                                                                        "Filters": "id<=1416539",
                                                                                        "Estimated Cardinality": "1260710"
                                                                                    },
                                                                                    "cumulative_cardinality": 473801,
                                                                                    "operator_type": "TABLE_SCAN",
                                                                                    "operator_cardinality": 473801,
                                                                                    "cumulative_rows_scanned": 1260710,
                                                                                    "operator_rows_scanned": 1260710,
                                                                                    "operator_timing": 0.04198398699999999,
                                                                                    "result_set_size": 11371224,
                                                                                    "children": []
                                                                                },
                                                                                {
                                                                                    "operator_name": "PROJECTION",
                                                                                    "cpu_time": 1.2267022339999991,
                                                                                    "extra_info": {
                                                                                        "Projections": [
                                                                                            "PostId",
                                                                                            "title",
                                                                                            "creationdate",
                                                                                            "LastEditorId",
                                                                                            "LastEditDate",
                                                                                            "EditRank"
                                                                                        ],
                                                                                        "Estimated Cardinality": "471809"
                                                                                    },
                                                                                    "cumulative_cardinality": 4338043,
                                                                                    "operator_type": "PROJECTION",
                                                                                    "operator_cardinality": 1049,
                                                                                    "cumulative_rows_scanned": 15645360,
                                                                                    "operator_rows_scanned": 0,
                                                                                    "operator_timing": 5.11e-7,
                                                                                    "result_set_size": 50352,
                                                                                    "children": [
                                                                                        {
                                                                                            "operator_name": "FILTER",
                                                                                            "cpu_time": 1.226701722999999,
                                                                                            "extra_info": {
                                                                                                "Expression": "(LastEditDate >= '2024-09-01 12:34:56'::TIMESTAMP)",
                                                                                                "Estimated Cardinality": "471809"
                                                                                            },
                                                                                            "cumulative_cardinality": 4336994,
                                                                                            "operator_type": "FILTER",
                                                                                            "operator_cardinality": 1049,
                                                                                            "cumulative_rows_scanned": 15645360,
                                                                                            "operator_rows_scanned": 0,
                                                                                            "operator_timing": 0.0003254059999999999,
                                                                                            "result_set_size": 50352,
                                                                                            "children": [
                                                                                                {
                                                                                                    "operator_name": "PROJECTION",
                                                                                                    "cpu_time": 1.226376316999999,
                                                                                                    "extra_info": {
                                                                                                        "Projections": [
                                                                                                            "#0",
                                                                                                            "#1",
                                                                                                            "#2",
                                                                                                            "#3",
                                                                                                            "#4",
                                                                                                            "#5"
                                                                                                        ],
                                                                                                        "Estimated Cardinality": "2359048"
                                                                                                    },
                                                                                                    "cumulative_cardinality": 4335945,
                                                                                                    "operator_type": "PROJECTION",
                                                                                                    "operator_cardinality": 121464,
                                                                                                    "cumulative_rows_scanned": 15645360,
                                                                                                    "operator_rows_scanned": 0,
                                                                                                    "operator_timing": 0.000017148000000000003,
                                                                                                    "result_set_size": 5830272,
                                                                                                    "children": [
                                                                                                        {
                                                                                                            "operator_name": "WINDOW",
                                                                                                            "cpu_time": 1.226359168999999,
                                                                                                            "extra_info": {
                                                                                                                "Projections": "ROW_NUMBER() OVER (PARTITION BY id ORDER BY creationdate DESC NULLS LAST)"
                                                                                                            },
                                                                                                            "cumulative_cardinality": 4214481,
                                                                                                            "operator_type": "WINDOW",
                                                                                                            "operator_cardinality": 121464,
                                                                                                            "cumulative_rows_scanned": 15645360,
                                                                                                            "operator_rows_scanned": 0,
                                                                                                            "operator_timing": 0.045828790000000015,
                                                                                                            "result_set_size": 5830272,
                                                                                                            "children": [
                                                                                                                {
                                                                                                                    "operator_name": "HASH_JOIN",
                                                                                                                    "cpu_time": 1.180530378999999,
                                                                                                                    "extra_info": {
                                                                                                                        "Join Type": "INNER",
                                                                                                                        "Conditions": "id = postid",
                                                                                                                        "Estimated Cardinality": "2359048"
                                                                                                                    },
                                                                                                                    "cumulative_cardinality": 4093017,
                                                                                                                    "operator_type": "HASH_JOIN",
                                                                                                                    "operator_cardinality": 121464,
                                                                                                                    "cumulative_rows_scanned": 15645360,
                                                                                                                    "operator_rows_scanned": 0,
                                                                                                                    "operator_timing": 0.10066373100000009,
                                                                                                                    "result_set_size": 4858560,
                                                                                                                    "children": [
                                                                                                                        {
                                                                                                                            "operator_name": "READ_PARQUET ",
                                                                                                                            "cpu_time": 0.3793847760000001,
                                                                                                                            "extra_info": {
                                                                                                                                "Function": "READ_PARQUET",
                                                                                                                                "Projections": [
                                                                                                                                    "id",
                                                                                                                                    "creationdate",
                                                                                                                                    "title"
                                                                                                                                ],
                                                                                                                                "Estimated Cardinality": "3850116"
                                                                                                                            },
                                                                                                                            "cumulative_cardinality": 3850089,
                                                                                                                            "operator_type": "TABLE_SCAN",
                                                                                                                            "operator_cardinality": 3850089,
                                                                                                                            "cumulative_rows_scanned": 3850116,
                                                                                                                            "operator_rows_scanned": 3850116,
                                                                                                                            "operator_timing": 0.3793847760000001,
                                                                                                                            "result_set_size": 107802492,
                                                                                                                            "children": []
                                                                                                                        },
                                                                                                                        {
                                                                                                                            "operator_name": "READ_PARQUET ",
                                                                                                                            "cpu_time": 0.7004818719999989,
                                                                                                                            "extra_info": {
                                                                                                                                "Function": "READ_PARQUET",
                                                                                                                                "Projections": [
                                                                                                                                    "postid",
                                                                                                                                    "creationdate",
                                                                                                                                    "userid"
                                                                                                                                ],
                                                                                                                                "Filters": "posthistorytypeid=10",
                                                                                                                                "Estimated Cardinality": "2359048"
                                                                                                                            },
                                                                                                                            "cumulative_cardinality": 121464,
                                                                                                                            "operator_type": "TABLE_SCAN",
                                                                                                                            "operator_cardinality": 121464,
                                                                                                                            "cumulative_rows_scanned": 11795244,
                                                                                                                            "operator_rows_scanned": 11795244,
                                                                                                                            "operator_timing": 0.7004818719999989,
                                                                                                                            "result_set_size": 1943424,
                                                                                                                            "children": []
                                                                                                                        }
                                                                                                                    ]
                                                                                                                }
                                                                                                            ]
                                                                                                        }
                                                                                                    ]
                                                                                                }
                                                                                            ]
                                                                                        }
                                                                                    ]
                                                                                }
                                                                            ]
                                                                        }
                                                                    ]
                                                                }
                                                            ]
                                                        },
                                                        {
                                                            "operator_name": "PROJECTION",
                                                            "cpu_time": 0.11994179299999988,
                                                            "extra_info": {
                                                                "Projections": [
                                                                    "#0",
                                                                    "#2",
                                                                    "#3"
                                                                ],
                                                                "Estimated Cardinality": "126071"
                                                            },
                                                            "cumulative_cardinality": 3782130,
                                                            "operator_type": "PROJECTION",
                                                            "operator_cardinality": 0,
                                                            "cumulative_rows_scanned": 0,
                                                            "operator_rows_scanned": 0,
                                                            "operator_timing": 0.0,
                                                            "result_set_size": 0,
                                                            "children": [
                                                                {
                                                                    "operator_name": "FILTER",
                                                                    "cpu_time": 0.11994179299999988,
                                                                    "extra_info": {
                                                                        "Expression": "(count_star() > 1)",
                                                                        "Estimated Cardinality": "126071"
                                                                    },
                                                                    "cumulative_cardinality": 3782130,
                                                                    "operator_type": "FILTER",
                                                                    "operator_cardinality": 0,
                                                                    "cumulative_rows_scanned": 0,
                                                                    "operator_rows_scanned": 0,
                                                                    "operator_timing": 0.0017490570000000007,
                                                                    "result_set_size": 0,
                                                                    "children": [
                                                                        {
                                                                            "operator_name": "HASH_GROUP_BY",
                                                                            "cpu_time": 0.11819273599999988,
                                                                            "extra_info": {
                                                                                "Groups": "#0",
                                                                                "Aggregates": [
                                                                                    "count_star()",
                                                                                    "sum(#1)",
                                                                                    "max(#2)"
                                                                                ],
                                                                                "Estimated Cardinality": "630355"
                                                                            },
                                                                            "cumulative_cardinality": 3782130,
                                                                            "operator_type": "HASH_GROUP_BY",
                                                                            "operator_cardinality": 1260710,
                                                                            "cumulative_rows_scanned": 0,
                                                                            "operator_rows_scanned": 0,
                                                                            "operator_timing": 0.11111814199999988,
                                                                            "result_set_size": 40342720,
                                                                            "children": [
                                                                                {
                                                                                    "operator_name": "PROJECTION",
                                                                                    "cpu_time": 0.007074594000000004,
                                                                                    "extra_info": {
                                                                                        "Projections": [
                                                                                            "UserId",
                                                                                            "CASE  WHEN ((PostCount > 0)) THEN (1) ELSE 0 END",
                                                                                            "reputation"
                                                                                        ],
                                                                                        "Estimated Cardinality": "1260710"
                                                                                    },
                                                                                    "cumulative_cardinality": 2521420,
                                                                                    "operator_type": "PROJECTION",
                                                                                    "operator_cardinality": 1260710,
                                                                                    "cumulative_rows_scanned": 0,
                                                                                    "operator_rows_scanned": 0,
                                                                                    "operator_timing": 0.002248077000000003,
                                                                                    "result_set_size": 15128520,
                                                                                    "children": [
                                                                                        {
                                                                                            "operator_name": "CTE_SCAN",
                                                                                            "cpu_time": 0.0048265170000000015,
                                                                                            "extra_info": {
                                                                                                "CTE Index": "0",
                                                                                                "Estimated Cardinality": "1260710"
                                                                                            },
                                                                                            "cumulative_cardinality": 1260710,
                                                                                            "operator_type": "CTE_SCAN",
                                                                                            "operator_cardinality": 1260710,
                                                                                            "cumulative_rows_scanned": 0,
                                                                                            "operator_rows_scanned": 0,
                                                                                            "operator_timing": 0.0048265170000000015,
                                                                                            "result_set_size": 121028160,
                                                                                            "children": []
                                                                                        }
                                                                                    ]
                                                                                }
                                                                            ]
                                                                        }
                                                                    ]
                                                                }
                                                            ]
                                                        }
                                                    ]
                                                }
                                            ]
                                        }
                                    ]
                                }
                            ]
                        }
                    ]
                }
            ]
        }
    ]
}