{
    "rows_returned": 532328,
    "query_name": "\nSELECT \n    p.Id AS PostId,\n    p.Title,\n    p.CreationDate,\n    p.Score,\n    p.ViewCount,\n    u.DisplayName AS OwnerDisplayName,\n    u.Reputation,\n    COUNT(c.Id) AS CommentCount,\n    COUNT(v.Id) AS VoteCount,\n    t.TagName,\n    ph.PostHistoryTypeId,\n    ph.CreationDate AS HistoryCreationDate\nFROM \n    Posts p\nJOIN \n    Users u ON p.OwnerUserId = u.Id\nLEFT JOIN \n    Comments c ON p.Id = c.PostId\nLEFT JOIN \n    Votes v ON p.Id = v.PostId\nLEFT JOIN \n    Tags t ON t.ExcerptPostId = p.Id\nLEFT JOIN \n    PostHistory ph ON p.Id = ph.PostId\nWHERE \n    p.CreationDate >= DATE '2023-01-01' AND p.CreationDate < DATE '2024-01-01'\nGROUP BY \n    p.Id, p.Title, p.CreationDate, p.Score, p.ViewCount, \n    u.DisplayName, u.Reputation, \n    t.TagName, \n    ph.PostHistoryTypeId, ph.CreationDate\nORDER BY \n    p.Score DESC, p.ViewCount DESC;\n",
    "blocked_thread_time": 0.0,
    "cpu_time": 3.325537006000003,
    "extra_info": {},
    "cumulative_cardinality": 65273597,
    "cumulative_rows_scanned": 36893961,
    "result_set_size": 52168144,
    "latency": 4.309614552,
    "children": [
        {
            "operator_name": "PROJECTION",
            "cpu_time": 3.325537006000003,
            "extra_info": {
                "Projections": [
                    "#0",
                    "#1",
                    "#2",
                    "__internal_decompress_integral_integer(#3, -72)",
                    "#4",
                    "#5",
                    "#6",
                    "#7",
                    "#8",
                    "#9",
                    "__internal_decompress_integral_smallint(#10, 1)",
                    "#11"
                ],
                "Estimated Cardinality": "3850116"
            },
            "cumulative_cardinality": 65273597,
            "operator_type": "PROJECTION",
            "operator_cardinality": 532328,
            "cumulative_rows_scanned": 36893961,
            "operator_rows_scanned": 0,
            "operator_timing": 0.00042565299999999996,
            "result_set_size": 52168144,
            "children": [
                {
                    "operator_name": "ORDER_BY",
                    "cpu_time": 3.3251113530000027,
                    "extra_info": {
                        "Order By": [
                            "p.Score DESC",
                            "p.ViewCount DESC"
                        ]
                    },
                    "cumulative_cardinality": 64741269,
                    "operator_type": "ORDER_BY",
                    "operator_cardinality": 532328,
                    "cumulative_rows_scanned": 36893961,
                    "operator_rows_scanned": 0,
                    "operator_timing": 0.046583807,
                    "result_set_size": 50571160,
                    "children": [
                        {
                            "operator_name": "PROJECTION",
                            "cpu_time": 3.2785275460000025,
                            "extra_info": {
                                "Projections": [
                                    "#0",
                                    "#1",
                                    "#2",
                                    "__internal_compress_integral_usmallint(#3, -72)",
                                    "#4",
                                    "#5",
                                    "#6",
                                    "#7",
                                    "#8",
                                    "#9",
                                    "__internal_compress_integral_utinyint(#10, 1)",
                                    "#11"
                                ],
                                "Estimated Cardinality": "3850116"
                            },
                            "cumulative_cardinality": 64208941,
                            "operator_type": "PROJECTION",
                            "operator_cardinality": 532328,
                            "cumulative_rows_scanned": 36893961,
                            "operator_rows_scanned": 0,
                            "operator_timing": 0.00032413799999999997,
                            "result_set_size": 50571160,
                            "children": [
                                {
                                    "operator_name": "PROJECTION",
                                    "cpu_time": 3.2782034080000026,
                                    "extra_info": {
                                        "Projections": [
                                            "PostId",
                                            "title",
                                            "creationdate",
                                            "score",
                                            "viewcount",
                                            "OwnerDisplayName",
                                            "reputation",
                                            "CommentCount",
                                            "VoteCount",
                                            "tagname",
                                            "posthistorytypeid",
                                            "HistoryCreationDate"
                                        ],
                                        "Estimated Cardinality": "3850116"
                                    },
                                    "cumulative_cardinality": 63676613,
                                    "operator_type": "PROJECTION",
                                    "operator_cardinality": 532328,
                                    "cumulative_rows_scanned": 36893961,
                                    "operator_rows_scanned": 0,
                                    "operator_timing": 0.00012952499999999996,
                                    "result_set_size": 52168144,
                                    "children": [
                                        {
                                            "operator_name": "PROJECTION",
                                            "cpu_time": 3.2780738830000025,
                                            "extra_info": {
                                                "Projections": [
                                                    "#0",
                                                    "#1",
                                                    "#2",
                                                    "__internal_decompress_integral_integer(#3, -72)",
                                                    "#4",
                                                    "#5",
                                                    "#6",
                                                    "#7",
                                                    "__internal_decompress_integral_smallint(#8, 1)",
                                                    "#9",
                                                    "#10",
                                                    "#11"
                                                ],
                                                "Estimated Cardinality": "3850116"
                                            },
                                            "cumulative_cardinality": 63144285,
                                            "operator_type": "PROJECTION",
                                            "operator_cardinality": 532328,
                                            "cumulative_rows_scanned": 36893961,
                                            "operator_rows_scanned": 0,
                                            "operator_timing": 0.00035051000000000006,
                                            "result_set_size": 52168144,
                                            "children": [
                                                {
                                                    "operator_name": "HASH_GROUP_BY",
                                                    "cpu_time": 3.2777233730000024,
                                                    "extra_info": {
                                                        "Groups": [
                                                            "#0",
                                                            "#1",
                                                            "#2",
                                                            "#3",
                                                            "#4",
                                                            "#5",
                                                            "#6",
                                                            "#7",
                                                            "#8",
                                                            "#9"
                                                        ],
                                                        "Aggregates": [
                                                            "count(#10)",
                                                            "count(#11)"
                                                        ],
                                                        "Estimated Cardinality": "3850116"
                                                    },
                                                    "cumulative_cardinality": 62611957,
                                                    "operator_type": "HASH_GROUP_BY",
                                                    "operator_cardinality": 532328,
                                                    "cumulative_rows_scanned": 36893961,
                                                    "operator_rows_scanned": 0,
                                                    "operator_timing": 0.5884188950000006,
                                                    "result_set_size": 50571160,
                                                    "children": [
                                                        {
                                                            "operator_name": "PROJECTION",
                                                            "cpu_time": 2.6893044780000017,
                                                            "extra_info": {
                                                                "Projections": [
                                                                    "id",
                                                                    "title",
                                                                    "creationdate",
                                                                    "score",
                                                                    "viewcount",
                                                                    "displayname",
                                                                    "reputation",
                                                                    "tagname",
                                                                    "posthistorytypeid",
                                                                    "creationdate",
                                                                    "id",
                                                                    "id"
                                                                ],
                                                                "Estimated Cardinality": "12744093"
                                                            },
                                                            "cumulative_cardinality": 62079629,
                                                            "operator_type": "PROJECTION",
                                                            "operator_cardinality": 5335107,
                                                            "cumulative_rows_scanned": 36893961,
                                                            "operator_rows_scanned": 0,
                                                            "operator_timing": 0.0017230089999999932,
                                                            "result_set_size": 464154309,
                                                            "children": [
                                                                {
                                                                    "operator_name": "PROJECTION",
                                                                    "cpu_time": 2.6875814690000017,
                                                                    "extra_info": {
                                                                        "Projections": [
                                                                            "#0",
                                                                            "#1",
                                                                            "#2",
                                                                            "#3",
                                                                            "#4",
                                                                            "__internal_compress_integral_usmallint(#5, -72)",
                                                                            "#6",
                                                                            "#7",
                                                                            "#8",
                                                                            "#9",
                                                                            "__internal_compress_integral_utinyint(#10, 1)",
                                                                            "#11"
                                                                        ],
                                                                        "Estimated Cardinality": "12744093"
                                                                    },
                                                                    "cumulative_cardinality": 56744522,
                                                                    "operator_type": "PROJECTION",
                                                                    "operator_cardinality": 5335107,
                                                                    "cumulative_rows_scanned": 36893961,
                                                                    "operator_rows_scanned": 0,
                                                                    "operator_timing": 0.007542665999999985,
                                                                    "result_set_size": 464154309,
                                                                    "children": [
                                                                        {
                                                                            "operator_name": "PROJECTION",
                                                                            "cpu_time": 2.6800388030000017,
                                                                            "extra_info": {
                                                                                "Projections": [
                                                                                    "#0",
                                                                                    "#1",
                                                                                    "#2",
                                                                                    "#3",
                                                                                    "#4",
                                                                                    "#5",
                                                                                    "#6",
                                                                                    "#7",
                                                                                    "#8",
                                                                                    "#9",
                                                                                    "__internal_decompress_integral_smallint(#10, 1)",
                                                                                    "#11"
                                                                                ],
                                                                                "Estimated Cardinality": "12744093"
                                                                            },
                                                                            "cumulative_cardinality": 51409415,
                                                                            "operator_type": "PROJECTION",
                                                                            "operator_cardinality": 5335107,
                                                                            "cumulative_rows_scanned": 36893961,
                                                                            "operator_rows_scanned": 0,
                                                                            "operator_timing": 0.0035808110000000023,
                                                                            "result_set_size": 480159630,
                                                                            "children": [
                                                                                {
                                                                                    "operator_name": "HASH_JOIN",
                                                                                    "cpu_time": 2.676457992000002,
                                                                                    "extra_info": {
                                                                                        "Join Type": "LEFT",
                                                                                        "Conditions": "id = postid",
                                                                                        "Estimated Cardinality": "12744093"
                                                                                    },
                                                                                    "cumulative_cardinality": 46074308,
                                                                                    "operator_type": "HASH_JOIN",
                                                                                    "operator_cardinality": 5335107,
                                                                                    "cumulative_rows_scanned": 36893961,
                                                                                    "operator_rows_scanned": 0,
                                                                                    "operator_timing": 0.7040957650000004,
                                                                                    "result_set_size": 474824523,
                                                                                    "children": [
                                                                                        {
                                                                                            "operator_name": "HASH_JOIN",
                                                                                            "cpu_time": 1.7069502260000018,
                                                                                            "extra_info": {
                                                                                                "Join Type": "LEFT",
                                                                                                "Conditions": "id = excerptpostid",
                                                                                                "Estimated Cardinality": "12744093"
                                                                                            },
                                                                                            "cumulative_cardinality": 17148713,
                                                                                            "operator_type": "HASH_JOIN",
                                                                                            "operator_cardinality": 1058387,
                                                                                            "cumulative_rows_scanned": 25098717,
                                                                                            "operator_rows_scanned": 0,
                                                                                            "operator_timing": 0.018005558000000036,
                                                                                            "result_set_size": 84670960,
                                                                                            "children": [
                                                                                                {
                                                                                                    "operator_name": "HASH_JOIN",
                                                                                                    "cpu_time": 1.6884326420000018,
                                                                                                    "extra_info": {
                                                                                                        "Join Type": "LEFT",
                                                                                                        "Conditions": "id = postid",
                                                                                                        "Estimated Cardinality": "12744093"
                                                                                                    },
                                                                                                    "cumulative_cardinality": 16088350,
                                                                                                    "operator_type": "HASH_JOIN",
                                                                                                    "operator_cardinality": 1058387,
                                                                                                    "cumulative_rows_scanned": 25096741,
                                                                                                    "operator_rows_scanned": 0,
                                                                                                    "operator_timing": 0.6463117600000008,
                                                                                                    "result_set_size": 67736768,
                                                                                                    "children": [
                                                                                                        {
                                                                                                            "operator_name": "HASH_JOIN",
                                                                                                            "cpu_time": 0.5230228790000002,
                                                                                                            "extra_info": {
                                                                                                                "Join Type": "RIGHT",
                                                                                                                "Conditions": "postid = id",
                                                                                                                "Estimated Cardinality": "7241822"
                                                                                                            },
                                                                                                            "cumulative_cardinality": 2285870,
                                                                                                            "operator_type": "HASH_JOIN",
                                                                                                            "operator_cardinality": 398791,
                                                                                                            "cumulative_rows_scanned": 12352648,
                                                                                                            "operator_rows_scanned": 0,
                                                                                                            "operator_timing": 0.05335333700000001,
                                                                                                            "result_set_size": 23927460,
                                                                                                            "children": [
                                                                                                                {
                                                                                                                    "operator_name": "READ_PARQUET ",
                                                                                                                    "cpu_time": 0.14818910800000012,
                                                                                                                    "extra_info": {
                                                                                                                        "Function": "READ_PARQUET",
                                                                                                                        "Projections": [
                                                                                                                            "id",
                                                                                                                            "postid"
                                                                                                                        ],
                                                                                                                        "Estimated Cardinality": "7241822"
                                                                                                                    },
                                                                                                                    "cumulative_cardinality": 348969,
                                                                                                                    "operator_type": "TABLE_SCAN",
                                                                                                                    "operator_cardinality": 348969,
                                                                                                                    "cumulative_rows_scanned": 7241822,
                                                                                                                    "operator_rows_scanned": 7241822,
                                                                                                                    "operator_timing": 0.14818910800000012,
                                                                                                                    "result_set_size": 2791752,
                                                                                                                    "children": []
                                                                                                                },
                                                                                                                {
                                                                                                                    "operator_name": "HASH_JOIN",
                                                                                                                    "cpu_time": 0.32148043400000004,
                                                                                                                    "extra_info": {
                                                                                                                        "Join Type": "INNER",
                                                                                                                        "Conditions": "id = owneruserid",
                                                                                                                        "Estimated Cardinality": "770023"
                                                                                                                    },
                                                                                                                    "cumulative_cardinality": 1538110,
                                                                                                                    "operator_type": "HASH_JOIN",
                                                                                                                    "operator_cardinality": 159008,
                                                                                                                    "cumulative_rows_scanned": 5110826,
                                                                                                                    "operator_rows_scanned": 0,
                                                                                                                    "operator_timing": 0.05199523499999997,
                                                                                                                    "result_set_size": 8904448,
                                                                                                                    "children": [
                                                                                                                        {
                                                                                                                            "operator_name": "READ_PARQUET ",
                                                                                                                            "cpu_time": 0.14238409400000007,
                                                                                                                            "extra_info": {
                                                                                                                                "Function": "READ_PARQUET",
                                                                                                                                "Projections": [
                                                                                                                                    "id",
                                                                                                                                    "reputation",
                                                                                                                                    "displayname"
                                                                                                                                ],
                                                                                                                                "Filters": "id<=1416539",
                                                                                                                                "Estimated Cardinality": "1260710"
                                                                                                                            },
                                                                                                                            "cumulative_cardinality": 1217489,
                                                                                                                            "operator_type": "TABLE_SCAN",
                                                                                                                            "operator_cardinality": 1217489,
                                                                                                                            "cumulative_rows_scanned": 1260710,
                                                                                                                            "operator_rows_scanned": 1260710,
                                                                                                                            "operator_timing": 0.14238409400000007,
                                                                                                                            "result_set_size": 29219736,
                                                                                                                            "children": []
                                                                                                                        },
                                                                                                                        {
                                                                                                                            "operator_name": "READ_PARQUET ",
                                                                                                                            "cpu_time": 0.12710110500000002,
                                                                                                                            "extra_info": {
                                                                                                                                "Function": "READ_PARQUET",
                                                                                                                                "Projections": [
                                                                                                                                    "id",
                                                                                                                                    "creationdate",
                                                                                                                                    "score",
                                                                                                                                    "viewcount",
                                                                                                                                    "owneruserid",
                                                                                                                                    "title"
                                                                                                                                ],
                                                                                                                                "Filters": "creationdate>='2023-01-01 00:00:00'::TIMESTAMP AND creationdate<'2024-01-01 00:00:00'::TIMESTAMP",
                                                                                                                                "Estimated Cardinality": "770023"
                                                                                                                            },
                                                                                                                            "cumulative_cardinality": 161613,
                                                                                                                            "operator_type": "TABLE_SCAN",
                                                                                                                            "operator_cardinality": 161613,
                                                                                                                            "cumulative_rows_scanned": 3850116,
                                                                                                                            "operator_rows_scanned": 3850116,
                                                                                                                            "operator_timing": 0.12710110500000002,
                                                                                                                            "result_set_size": 6464520,
                                                                                                                            "children": []
                                                                                                                        }
                                                                                                                    ]
                                                                                                                }
                                                                                                            ]
                                                                                                        },
                                                                                                        {
                                                                                                            "operator_name": "READ_PARQUET ",
                                                                                                            "cpu_time": 0.5190980030000008,
                                                                                                            "extra_info": {
                                                                                                                "Function": "READ_PARQUET",
                                                                                                                "Projections": [
                                                                                                                    "id",
                                                                                                                    "postid"
                                                                                                                ],
                                                                                                                "Estimated Cardinality": "12744093"
                                                                                                            },
                                                                                                            "cumulative_cardinality": 12744093,
                                                                                                            "operator_type": "TABLE_SCAN",
                                                                                                            "operator_cardinality": 12744093,
                                                                                                            "cumulative_rows_scanned": 12744093,
                                                                                                            "operator_rows_scanned": 12744093,
                                                                                                            "operator_timing": 0.5190980030000008,
                                                                                                            "result_set_size": 101952744,
                                                                                                            "children": []
                                                                                                        }
                                                                                                    ]
                                                                                                },
                                                                                                {
                                                                                                    "operator_name": "READ_PARQUET ",
                                                                                                    "cpu_time": 0.0005120260000000001,
                                                                                                    "extra_info": {
                                                                                                        "Function": "READ_PARQUET",
                                                                                                        "Projections": [
                                                                                                            "tagname",
                                                                                                            "excerptpostid"
                                                                                                        ],
                                                                                                        "Estimated Cardinality": "1976"
                                                                                                    },
                                                                                                    "cumulative_cardinality": 1976,
                                                                                                    "operator_type": "TABLE_SCAN",
                                                                                                    "operator_cardinality": 1976,
                                                                                                    "cumulative_rows_scanned": 1976,
                                                                                                    "operator_rows_scanned": 1976,
                                                                                                    "operator_timing": 0.0005120260000000001,
                                                                                                    "result_set_size": 39520,
                                                                                                    "children": []
                                                                                                }
                                                                                            ]
                                                                                        },
                                                                                        {
                                                                                            "operator_name": "PROJECTION",
                                                                                            "cpu_time": 0.2654120009999997,
                                                                                            "extra_info": {
                                                                                                "Projections": [
                                                                                                    "__internal_compress_integral_utinyint(#0, 1)",
                                                                                                    "#1",
                                                                                                    "#2"
                                                                                                ],
                                                                                                "Estimated Cardinality": "11795244"
                                                                                            },
                                                                                            "cumulative_cardinality": 23590488,
                                                                                            "operator_type": "PROJECTION",
                                                                                            "operator_cardinality": 11795244,
                                                                                            "cumulative_rows_scanned": 11795244,
                                                                                            "operator_rows_scanned": 0,
                                                                                            "operator_timing": 0.0033819050000000305,
                                                                                            "result_set_size": 153338172,
                                                                                            "children": [
                                                                                                {
                                                                                                    "operator_name": "READ_PARQUET ",
                                                                                                    "cpu_time": 0.26203009599999966,
                                                                                                    "extra_info": {
                                                                                                        "Function": "READ_PARQUET",
                                                                                                        "Projections": [
                                                                                                            "posthistorytypeid",
                                                                                                            "postid",
                                                                                                            "creationdate"
                                                                                                        ],
                                                                                                        "Estimated Cardinality": "11795244"
                                                                                                    },
                                                                                                    "cumulative_cardinality": 11795244,
                                                                                                    "operator_type": "TABLE_SCAN",
                                                                                                    "operator_cardinality": 11795244,
                                                                                                    "cumulative_rows_scanned": 11795244,
                                                                                                    "operator_rows_scanned": 11795244,
                                                                                                    "operator_timing": 0.26203009599999966,
                                                                                                    "result_set_size": 165133416,
                                                                                                    "children": []
                                                                                                }
                                                                                            ]
                                                                                        }
                                                                                    ]
                                                                                }
                                                                            ]
                                                                        }
                                                                    ]
                                                                }
                                                            ]
                                                        }
                                                    ]
                                                }
                                            ]
                                        }
                                    ]
                                }
                            ]
                        }
                    ]
                }
            ]
        }
    ]
}