{
    "rows_returned": 2306311,
    "query_name": "\nWITH PostCounts AS (\n    SELECT \n        pt.Name AS PostType,\n        COUNT(p.Id) AS TotalPosts,\n        SUM(CASE WHEN p.Score > 0 THEN 1 ELSE 0 END) AS PositivePosts,\n        SUM(CASE WHEN p.Score < 0 THEN 1 ELSE 0 END) AS NegativePosts,\n        AVG(p.ViewCount) AS AvgViews,\n        AVG(p.AnswerCount) AS AvgAnswers\n    FROM \n        Posts p\n    JOIN \n        PostTypes pt ON p.PostTypeId = pt.Id\n    GROUP BY \n        pt.Name\n),\nUserActivity AS (\n    SELECT \n        u.DisplayName,\n        COUNT(CASE WHEN p.ViewCount > 0 THEN 1 END) AS PostsViewed,\n        SUM(COALESCE(v.BountyAmount, 0)) AS TotalBounty\n    FROM \n        Users u\n    LEFT JOIN \n        Posts p ON u.Id = p.OwnerUserId\n    LEFT JOIN \n        Votes v ON p.Id = v.PostId\n    GROUP BY \n        u.DisplayName, u.Id\n)\nSELECT \n    pc.PostType,\n    pc.TotalPosts,\n    pc.PositivePosts,\n    pc.NegativePosts,\n    pc.AvgViews,\n    pc.AvgAnswers,\n    ua.DisplayName,\n    ua.PostsViewed,\n    ua.TotalBounty\nFROM \n    PostCounts pc\nJOIN \n    UserActivity ua ON ua.PostsViewed > 0\nORDER BY \n    pc.TotalPosts DESC, \n    ua.TotalBounty DESC;\n",
    "blocked_thread_time": 0.0,
    "cpu_time": 3.3118929699999975,
    "extra_info": {},
    "cumulative_cardinality": 63827004,
    "cumulative_rows_scanned": 21705043,
    "result_set_size": 258306832,
    "latency": 8.694259117,
    "children": [
        {
            "operator_name": "ORDER_BY",
            "cpu_time": 3.3118929699999975,
            "extra_info": {
                "Order By": [
                    "pc.TotalPosts DESC",
                    "ua.TotalBounty DESC"
                ]
            },
            "cumulative_cardinality": 63827004,
            "operator_type": "ORDER_BY",
            "operator_cardinality": 2306311,
            "cumulative_rows_scanned": 21705043,
            "operator_rows_scanned": 0,
            "operator_timing": 0.26482803,
            "result_set_size": 258306832,
            "children": [
                {
                    "operator_name": "CROSS_PRODUCT",
                    "cpu_time": 3.0470649399999976,
                    "extra_info": {},
                    "cumulative_cardinality": 61520693,
                    "operator_type": "CROSS_PRODUCT",
                    "operator_cardinality": 2306311,
                    "cumulative_rows_scanned": 21705043,
                    "operator_rows_scanned": 0,
                    "operator_timing": 0.007054199000000002,
                    "result_set_size": 258306832,
                    "children": [
                        {
                            "operator_name": "HASH_GROUP_BY",
                            "cpu_time": 0.2736896659999998,
                            "extra_info": {
                                "Groups": "#0",
                                "Aggregates": [
                                    "count_star()",
                                    "sum(#1)",
                                    "sum(#2)",
                                    "avg(#3)",
                                    "avg(#4)"
                                ],
                                "Estimated Cardinality": "1925058"
                            },
                            "cumulative_cardinality": 11550362,
                            "operator_type": "HASH_GROUP_BY",
                            "operator_cardinality": 7,
                            "cumulative_rows_scanned": 3850124,
                            "operator_rows_scanned": 0,
                            "operator_timing": 0.10769597100000002,
                            "result_set_size": 504,
                            "children": [
                                {
                                    "operator_name": "PROJECTION",
                                    "cpu_time": 0.16599369499999977,
                                    "extra_info": {
                                        "Projections": [
                                            "name",
                                            "CASE  WHEN ((score > 0)) THEN (1) ELSE 0 END",
                                            "CASE  WHEN ((score < 0)) THEN (1) ELSE 0 END",
                                            "viewcount",
                                            "answercount"
                                        ],
                                        "Estimated Cardinality": "3850116"
                                    },
                                    "cumulative_cardinality": 11550355,
                                    "operator_type": "PROJECTION",
                                    "operator_cardinality": 3850116,
                                    "cumulative_rows_scanned": 3850124,
                                    "operator_rows_scanned": 0,
                                    "operator_timing": 0.03135613999999999,
                                    "result_set_size": 123203712,
                                    "children": [
                                        {
                                            "operator_name": "HASH_JOIN",
                                            "cpu_time": 0.1346375549999998,
                                            "extra_info": {
                                                "Join Type": "INNER",
                                                "Conditions": "posttypeid = id",
                                                "Estimated Cardinality": "3850116"
                                            },
                                            "cumulative_cardinality": 7700239,
                                            "operator_type": "HASH_JOIN",
                                            "operator_cardinality": 3850116,
                                            "cumulative_rows_scanned": 3850124,
                                            "operator_rows_scanned": 0,
                                            "operator_timing": 0.007862141999999994,
                                            "result_set_size": 107803248,
                                            "children": [
                                                {
                                                    "operator_name": "READ_PARQUET ",
                                                    "cpu_time": 0.12642198299999982,
                                                    "extra_info": {
                                                        "Function": "READ_PARQUET",
                                                        "Projections": [
                                                            "id",
                                                            "posttypeid",
                                                            "score",
                                                            "viewcount",
                                                            "answercount"
                                                        ],
                                                        "Estimated Cardinality": "3850116"
                                                    },
                                                    "cumulative_cardinality": 3850116,
                                                    "operator_type": "TABLE_SCAN",
                                                    "operator_cardinality": 3850116,
                                                    "cumulative_rows_scanned": 3850116,
                                                    "operator_rows_scanned": 3850116,
                                                    "operator_timing": 0.12642198299999982,
                                                    "result_set_size": 69302088,
                                                    "children": []
                                                },
                                                {
                                                    "operator_name": "READ_PARQUET ",
                                                    "cpu_time": 0.00035343,
                                                    "extra_info": {
                                                        "Function": "READ_PARQUET",
                                                        "Projections": [
                                                            "id",
                                                            "name"
                                                        ],
                                                        "Filters": "id<=7",
                                                        "Estimated Cardinality": "8"
                                                    },
                                                    "cumulative_cardinality": 7,
                                                    "operator_type": "TABLE_SCAN",
                                                    "operator_cardinality": 7,
                                                    "cumulative_rows_scanned": 8,
                                                    "operator_rows_scanned": 8,
                                                    "operator_timing": 0.00035343,
                                                    "result_set_size": 126,
                                                    "children": []
                                                }
                                            ]
                                        }
                                    ]
                                }
                            ]
                        },
                        {
                            "operator_name": "PROJECTION",
                            "cpu_time": 2.766321074999998,
                            "extra_info": {
                                "Projections": [
                                    "#0",
                                    "#2",
                                    "#3"
                                ],
                                "Estimated Cardinality": "252142"
                            },
                            "cumulative_cardinality": 47664020,
                            "operator_type": "PROJECTION",
                            "operator_cardinality": 329473,
                            "cumulative_rows_scanned": 17854919,
                            "operator_rows_scanned": 0,
                            "operator_timing": 0.000030318,
                            "result_set_size": 13178920,
                            "children": [
                                {
                                    "operator_name": "FILTER",
                                    "cpu_time": 2.766290756999998,
                                    "extra_info": {
                                        "Expression": "(PostsViewed > 0)",
                                        "Estimated Cardinality": "252142"
                                    },
                                    "cumulative_cardinality": 47334547,
                                    "operator_type": "FILTER",
                                    "operator_cardinality": 329473,
                                    "cumulative_rows_scanned": 17854919,
                                    "operator_rows_scanned": 0,
                                    "operator_timing": 0.0017359450000000009,
                                    "result_set_size": 14496812,
                                    "children": [
                                        {
                                            "operator_name": "HASH_GROUP_BY",
                                            "cpu_time": 2.764554811999998,
                                            "extra_info": {
                                                "Groups": [
                                                    "#0",
                                                    "#1"
                                                ],
                                                "Aggregates": [
                                                    "count(#2)",
                                                    "sum(#3)"
                                                ],
                                                "Estimated Cardinality": "1260710"
                                            },
                                            "cumulative_cardinality": 47005074,
                                            "operator_type": "HASH_GROUP_BY",
                                            "operator_cardinality": 1260710,
                                            "cumulative_rows_scanned": 17854919,
                                            "operator_rows_scanned": 0,
                                            "operator_timing": 0.7438198620000004,
                                            "result_set_size": 55471240,
                                            "children": [
                                                {
                                                    "operator_name": "PROJECTION",
                                                    "cpu_time": 2.0207349499999974,
                                                    "extra_info": {
                                                        "Projections": [
                                                            "displayname",
                                                            "id",
                                                            "CASE  WHEN (constant_or_null(true, viewcount, 0)) THEN (1) ELSE NULL END",
                                                            "COALESCE(bountyamount, 0)"
                                                        ],
                                                        "Estimated Cardinality": "12744093"
                                                    },
                                                    "cumulative_cardinality": 45744364,
                                                    "operator_type": "PROJECTION",
                                                    "operator_cardinality": 11739825,
                                                    "cumulative_rows_scanned": 17854919,
                                                    "operator_rows_scanned": 0,
                                                    "operator_timing": 0.11371020300000047,
                                                    "result_set_size": 328715100,
                                                    "children": [
                                                        {
                                                            "operator_name": "HASH_JOIN",
                                                            "cpu_time": 1.907024746999997,
                                                            "extra_info": {
                                                                "Join Type": "RIGHT",
                                                                "Conditions": "postid = id",
                                                                "Estimated Cardinality": "12744093"
                                                            },
                                                            "cumulative_cardinality": 34004539,
                                                            "operator_type": "HASH_JOIN",
                                                            "operator_cardinality": 11739825,
                                                            "cumulative_rows_scanned": 17854919,
                                                            "operator_rows_scanned": 0,
                                                            "operator_timing": 0.8583794779999956,
                                                            "result_set_size": 328715100,
                                                            "children": [
                                                                {
                                                                    "operator_name": "READ_PARQUET ",
                                                                    "cpu_time": 0.6006322500000012,
                                                                    "extra_info": {
                                                                        "Function": "READ_PARQUET",
                                                                        "Projections": [
                                                                            "postid",
                                                                            "bountyamount"
                                                                        ],
                                                                        "Estimated Cardinality": "12744093"
                                                                    },
                                                                    "cumulative_cardinality": 12744093,
                                                                    "operator_type": "TABLE_SCAN",
                                                                    "operator_cardinality": 12744093,
                                                                    "cumulative_rows_scanned": 12744093,
                                                                    "operator_rows_scanned": 12744093,
                                                                    "operator_timing": 0.6006322500000012,
                                                                    "result_set_size": 101952744,
                                                                    "children": []
                                                                },
                                                                {
                                                                    "operator_name": "HASH_JOIN",
                                                                    "cpu_time": 0.44801301900000023,
                                                                    "extra_info": {
                                                                        "Join Type": "RIGHT",
                                                                        "Conditions": "owneruserid = id",
                                                                        "Estimated Cardinality": "3850116"
                                                                    },
                                                                    "cumulative_cardinality": 9520621,
                                                                    "operator_type": "HASH_JOIN",
                                                                    "operator_cardinality": 4574495,
                                                                    "cumulative_rows_scanned": 5110826,
                                                                    "operator_rows_scanned": 0,
                                                                    "operator_timing": 0.24791487400000006,
                                                                    "result_set_size": 128085860,
                                                                    "children": [
                                                                        {
                                                                            "operator_name": "READ_PARQUET ",
                                                                            "cpu_time": 0.1140889430000001,
                                                                            "extra_info": {
                                                                                "Function": "READ_PARQUET",
                                                                                "Projections": [
                                                                                    "id",
                                                                                    "viewcount",
                                                                                    "owneruserid"
                                                                                ],
                                                                                "Estimated Cardinality": "3850116"
                                                                            },
                                                                            "cumulative_cardinality": 3685416,
                                                                            "operator_type": "TABLE_SCAN",
                                                                            "operator_cardinality": 3685416,
                                                                            "cumulative_rows_scanned": 3850116,
                                                                            "operator_rows_scanned": 3850116,
                                                                            "operator_timing": 0.1140889430000001,
                                                                            "result_set_size": 44224992,
                                                                            "children": []
                                                                        },
                                                                        {
                                                                            "operator_name": "READ_PARQUET ",
                                                                            "cpu_time": 0.08600920200000005,
                                                                            "extra_info": {
                                                                                "Function": "READ_PARQUET",
                                                                                "Projections": [
                                                                                    "id",
                                                                                    "displayname"
                                                                                ],
                                                                                "Estimated Cardinality": "1260710"
                                                                            },
                                                                            "cumulative_cardinality": 1260710,
                                                                            "operator_type": "TABLE_SCAN",
                                                                            "operator_cardinality": 1260710,
                                                                            "cumulative_rows_scanned": 1260710,
                                                                            "operator_rows_scanned": 1260710,
                                                                            "operator_timing": 0.08600920200000005,
                                                                            "result_set_size": 25214200,
                                                                            "children": []
                                                                        }
                                                                    ]
                                                                }
                                                            ]
                                                        }
                                                    ]
                                                }
                                            ]
                                        }
                                    ]
                                }
                            ]
                        }
                    ]
                }
            ]
        }
    ]
}