{
    "rows_returned": 100,
    "query_name": "\nWITH RecentPosts AS (\n    SELECT \n        p.Id AS PostId,\n        p.Title,\n        p.CreationDate AS PostCreationDate,\n        u.Id AS UserId,\n        u.DisplayName AS UserDisplayName,\n        COUNT(DISTINCT t.Id) AS TagCount,\n        SUM(CASE WHEN v.VoteTypeId = 2 THEN 1 ELSE 0 END) AS UpVotes,\n        SUM(CASE WHEN v.VoteTypeId = 3 THEN 1 ELSE 0 END) AS DownVotes,\n        SUM(CASE WHEN v.VoteTypeId = 10 THEN 1 ELSE 0 END) AS CloseVotes,\n        SUM(CASE WHEN v.VoteTypeId = 11 THEN 1 ELSE 0 END) AS OpenVotes\n    FROM \n        Posts p\n    JOIN \n        Users u ON p.OwnerUserId = u.Id\n    LEFT JOIN \n        Tags t ON t.ExcerptPostId = p.Id\n    LEFT JOIN \n        Votes v ON v.PostId = p.Id\n    WHERE \n        p.CreationDate >= TIMESTAMP '2024-10-01 12:34:56' - INTERVAL '30 days'  \n    GROUP BY \n        p.Id, p.Title, p.CreationDate, u.Id, u.DisplayName\n)\nSELECT \n    rp.PostId,\n    rp.Title,\n    rp.PostCreationDate,\n    rp.UserId,\n    rp.UserDisplayName,\n    rp.TagCount,\n    rp.UpVotes,\n    rp.DownVotes,\n    rp.CloseVotes,\n    rp.OpenVotes\nFROM \n    RecentPosts rp\nORDER BY \n    rp.PostCreationDate DESC\nLIMIT 100;\n",
    "blocked_thread_time": 0.0,
    "cpu_time": 0.19759454300000012,
    "extra_info": {},
    "cumulative_cardinality": 1383149,
    "cumulative_rows_scanned": 17856895,
    "result_set_size": 12000,
    "latency": 0.215359123,
    "children": [
        {
            "operator_name": "STREAMING_LIMIT",
            "cpu_time": 0.19759454300000012,
            "extra_info": {},
            "cumulative_cardinality": 1383149,
            "operator_type": "STREAMING_LIMIT",
            "operator_cardinality": 100,
            "cumulative_rows_scanned": 17856895,
            "operator_rows_scanned": 0,
            "operator_timing": 0.000001272,
            "result_set_size": 12000,
            "children": [
                {
                    "operator_name": "ORDER_BY",
                    "cpu_time": 0.19759327100000013,
                    "extra_info": {
                        "Order By": "rp.PostCreationDate DESC"
                    },
                    "cumulative_cardinality": 1383049,
                    "operator_type": "ORDER_BY",
                    "operator_cardinality": 4096,
                    "cumulative_rows_scanned": 17856895,
                    "operator_rows_scanned": 0,
                    "operator_timing": 0.0006772570000000001,
                    "result_set_size": 491520,
                    "children": [
                        {
                            "operator_name": "HASH_GROUP_BY",
                            "cpu_time": 0.19691601400000014,
                            "extra_info": {
                                "Groups": [
                                    "#0",
                                    "#1",
                                    "#2",
                                    "#3",
                                    "#4"
                                ],
                                "Aggregates": [
                                    "count(DISTINCT #5)",
                                    "sum(#6)",
                                    "sum(#7)",
                                    "sum(#8)",
                                    "sum(#9)"
                                ],
                                "Estimated Cardinality": "3850116"
                            },
                            "cumulative_cardinality": 1378953,
                            "operator_type": "HASH_GROUP_BY",
                            "operator_cardinality": 9907,
                            "cumulative_rows_scanned": 17856895,
                            "operator_rows_scanned": 0,
                            "operator_timing": 0.0070990770000000005,
                            "result_set_size": 1188840,
                            "children": [
                                {
                                    "operator_name": "PROJECTION",
                                    "cpu_time": 0.18981693700000013,
                                    "extra_info": {
                                        "Projections": [
                                            "id",
                                            "title",
                                            "creationdate",
                                            "id",
                                            "displayname",
                                            "id",
                                            "CASE  WHEN ((votetypeid = 2)) THEN (1) ELSE 0 END",
                                            "CASE  WHEN ((votetypeid = 3)) THEN (1) ELSE 0 END",
                                            "CASE  WHEN ((votetypeid = 10)) THEN (1) ELSE 0 END",
                                            "CASE  WHEN ((votetypeid = 11)) THEN (1) ELSE 0 END"
                                        ],
                                        "Estimated Cardinality": "12744093"
                                    },
                                    "cumulative_cardinality": 1369046,
                                    "operator_type": "PROJECTION",
                                    "operator_cardinality": 23878,
                                    "cumulative_rows_scanned": 17856895,
                                    "operator_rows_scanned": 0,
                                    "operator_timing": 0.0004871269999999999,
                                    "result_set_size": 1623704,
                                    "children": [
                                        {
                                            "operator_name": "HASH_JOIN",
                                            "cpu_time": 0.18932981000000013,
                                            "extra_info": {
                                                "Join Type": "RIGHT",
                                                "Conditions": "postid = id",
                                                "Estimated Cardinality": "12744093"
                                            },
                                            "cumulative_cardinality": 1345168,
                                            "operator_type": "HASH_JOIN",
                                            "operator_cardinality": 23878,
                                            "cumulative_rows_scanned": 17856895,
                                            "operator_rows_scanned": 0,
                                            "operator_timing": 0.0022005740000000003,
                                            "result_set_size": 1289412,
                                            "children": [
                                                {
                                                    "operator_name": "READ_PARQUET ",
                                                    "cpu_time": 0.016586215999999997,
                                                    "extra_info": {
                                                        "Function": "READ_PARQUET",
                                                        "Projections": [
                                                            "postid",
                                                            "votetypeid"
                                                        ],
                                                        "Estimated Cardinality": "12744093"
                                                    },
                                                    "cumulative_cardinality": 28894,
                                                    "operator_type": "TABLE_SCAN",
                                                    "operator_cardinality": 28894,
                                                    "cumulative_rows_scanned": 12744093,
                                                    "operator_rows_scanned": 12744093,
                                                    "operator_timing": 0.016586215999999997,
                                                    "result_set_size": 173364,
                                                    "children": []
                                                },
                                                {
                                                    "operator_name": "HASH_JOIN",
                                                    "cpu_time": 0.17054302000000013,
                                                    "extra_info": {
                                                        "Join Type": "LEFT",
                                                        "Conditions": "id = excerptpostid",
                                                        "Estimated Cardinality": "770023"
                                                    },
                                                    "cumulative_cardinality": 1292396,
                                                    "operator_type": "HASH_JOIN",
                                                    "operator_cardinality": 9907,
                                                    "cumulative_rows_scanned": 5112802,
                                                    "operator_rows_scanned": 0,
                                                    "operator_timing": 0.000489793,
                                                    "result_set_size": 515164,
                                                    "children": [
                                                        {
                                                            "operator_name": "HASH_JOIN",
                                                            "cpu_time": 0.16968717300000014,
                                                            "extra_info": {
                                                                "Join Type": "INNER",
                                                                "Conditions": "id = owneruserid",
                                                                "Estimated Cardinality": "770023"
                                                            },
                                                            "cumulative_cardinality": 1280513,
                                                            "operator_type": "HASH_JOIN",
                                                            "operator_cardinality": 9907,
                                                            "cumulative_rows_scanned": 5110826,
                                                            "operator_rows_scanned": 0,
                                                            "operator_timing": 0.011007970000000042,
                                                            "result_set_size": 475536,
                                                            "children": [
                                                                {
                                                                    "operator_name": "READ_PARQUET ",
                                                                    "cpu_time": 0.08631728600000006,
                                                                    "extra_info": {
                                                                        "Function": "READ_PARQUET",
                                                                        "Projections": [
                                                                            "id",
                                                                            "displayname"
                                                                        ],
                                                                        "Filters": "id<=1416539",
                                                                        "Estimated Cardinality": "1260710"
                                                                    },
                                                                    "cumulative_cardinality": 1260679,
                                                                    "operator_type": "TABLE_SCAN",
                                                                    "operator_cardinality": 1260679,
                                                                    "cumulative_rows_scanned": 1260710,
                                                                    "operator_rows_scanned": 1260710,
                                                                    "operator_timing": 0.08631728600000006,
                                                                    "result_set_size": 25213580,
                                                                    "children": []
                                                                },
                                                                {
                                                                    "operator_name": "READ_PARQUET ",
                                                                    "cpu_time": 0.07236191700000001,
                                                                    "extra_info": {
                                                                        "Function": "READ_PARQUET",
                                                                        "Projections": [
                                                                            "id",
                                                                            "creationdate",
                                                                            "owneruserid",
                                                                            "title"
                                                                        ],
                                                                        "Filters": "creationdate>='2024-09-01 12:34:56'::TIMESTAMP",
                                                                        "Estimated Cardinality": "770023"
                                                                    },
                                                                    "cumulative_cardinality": 9927,
                                                                    "operator_type": "TABLE_SCAN",
                                                                    "operator_cardinality": 9927,
                                                                    "cumulative_rows_scanned": 3850116,
                                                                    "operator_rows_scanned": 3850116,
                                                                    "operator_timing": 0.07236191700000001,
                                                                    "result_set_size": 317664,
                                                                    "children": []
                                                                }
                                                            ]
                                                        },
                                                        {
                                                            "operator_name": "READ_PARQUET ",
                                                            "cpu_time": 0.00036605400000000004,
                                                            "extra_info": {
                                                                "Function": "READ_PARQUET",
                                                                "Projections": [
                                                                    "id",
                                                                    "excerptpostid"
                                                                ],
                                                                "Estimated Cardinality": "1976"
                                                            },
                                                            "cumulative_cardinality": 1976,
                                                            "operator_type": "TABLE_SCAN",
                                                            "operator_cardinality": 1976,
                                                            "cumulative_rows_scanned": 1976,
                                                            "operator_rows_scanned": 1976,
                                                            "operator_timing": 0.00036605400000000004,
                                                            "result_set_size": 15808,
                                                            "children": []
                                                        }
                                                    ]
                                                }
                                            ]
                                        }
                                    ]
                                }
                            ]
                        }
                    ]
                }
            ]
        }
    ]
}