{
    "rows_returned": 3685416,
    "query_name": "\nWITH UserStats AS (\n    SELECT \n        U.Id AS UserId,\n        U.DisplayName,\n        AVG(P.Score) AS AvgPostScore,\n        COUNT(P.Id) AS TotalPosts,\n        COUNT(DISTINCT P.Tags) AS UniqueTagsUsed\n    FROM Users U\n    LEFT JOIN Posts P ON U.Id = P.OwnerUserId\n    GROUP BY U.Id, U.DisplayName\n),\n\nPostStats AS (\n    SELECT \n        P.Id AS PostId,\n        P.Title,\n        P.CreationDate,\n        PT.Name AS PostType,\n        COUNT(C.Id) AS CommentCount,\n        SUM(V.BountyAmount) AS TotalBounty,\n        P.OwnerUserId\n    FROM Posts P\n    LEFT JOIN PostTypes PT ON P.PostTypeId = PT.Id\n    LEFT JOIN Comments C ON P.Id = C.PostId\n    LEFT JOIN Votes V ON P.Id = V.PostId\n    GROUP BY P.Id, P.Title, P.CreationDate, PT.Name, P.OwnerUserId\n)\n\nSELECT \n    US.UserId,\n    US.DisplayName,\n    US.AvgPostScore,\n    US.TotalPosts,\n    US.UniqueTagsUsed,\n    PS.PostId,\n    PS.Title,\n    PS.CreationDate,\n    PS.PostType,\n    PS.CommentCount,\n    PS.TotalBounty\nFROM UserStats US\nJOIN PostStats PS ON US.UserId = PS.OwnerUserId\nORDER BY US.TotalPosts DESC, US.AvgPostScore DESC;\n",
    "blocked_thread_time": 0.0,
    "cpu_time": 9.36483452200001,
    "extra_info": {},
    "cumulative_cardinality": 193433992,
    "cumulative_rows_scanned": 28946865,
    "result_set_size": 412766592,
    "latency": 15.163153275,
    "children": [
        {
            "operator_name": "ORDER_BY",
            "cpu_time": 9.36483452200001,
            "extra_info": {
                "Order By": [
                    "US.TotalPosts DESC",
                    "US.AvgPostScore DESC"
                ]
            },
            "cumulative_cardinality": 193433992,
            "operator_type": "ORDER_BY",
            "operator_cardinality": 3685416,
            "cumulative_rows_scanned": 28946865,
            "operator_rows_scanned": 0,
            "operator_timing": 0.4568312959999997,
            "result_set_size": 412766592,
            "children": [
                {
                    "operator_name": "PROJECTION",
                    "cpu_time": 8.90800322600001,
                    "extra_info": {
                        "Projections": [
                            "UserId",
                            "displayname",
                            "AvgPostScore",
                            "TotalPosts",
                            "UniqueTagsUsed",
                            "PostId",
                            "title",
                            "creationdate",
                            "PostType",
                            "CommentCount",
                            "TotalBounty"
                        ],
                        "Estimated Cardinality": "3850116"
                    },
                    "cumulative_cardinality": 189748576,
                    "operator_type": "PROJECTION",
                    "operator_cardinality": 3685416,
                    "cumulative_rows_scanned": 28946865,
                    "operator_rows_scanned": 0,
                    "operator_timing": 0.0013467420000000015,
                    "result_set_size": 412766592,
                    "children": [
                        {
                            "operator_name": "HASH_JOIN",
                            "cpu_time": 8.90665648400001,
                            "extra_info": {
                                "Join Type": "INNER",
                                "Conditions": "owneruserid = UserId",
                                "Estimated Cardinality": "3850116"
                            },
                            "cumulative_cardinality": 186063160,
                            "operator_type": "HASH_JOIN",
                            "operator_cardinality": 3685416,
                            "cumulative_rows_scanned": 28946865,
                            "operator_rows_scanned": 0,
                            "operator_timing": 0.26124804499999993,
                            "result_set_size": 412766592,
                            "children": [
                                {
                                    "operator_name": "PROJECTION",
                                    "cpu_time": 6.964694220000009,
                                    "extra_info": {
                                        "Projections": [
                                            "PostId",
                                            "title",
                                            "creationdate",
                                            "PostType",
                                            "CommentCount",
                                            "TotalBounty",
                                            "owneruserid"
                                        ],
                                        "Estimated Cardinality": "3850116"
                                    },
                                    "cumulative_cardinality": 162447516,
                                    "operator_type": "PROJECTION",
                                    "operator_cardinality": 3850116,
                                    "cumulative_rows_scanned": 23836039,
                                    "operator_rows_scanned": 0,
                                    "operator_timing": 0.0007829149999999994,
                                    "result_set_size": 277208352,
                                    "children": [
                                        {
                                            "operator_name": "HASH_GROUP_BY",
                                            "cpu_time": 6.963911305000009,
                                            "extra_info": {
                                                "Groups": [
                                                    "#0",
                                                    "#1",
                                                    "#2",
                                                    "#3",
                                                    "#4"
                                                ],
                                                "Aggregates": [
                                                    "count(#5)",
                                                    "sum(#6)"
                                                ],
                                                "Estimated Cardinality": "3850116"
                                            },
                                            "cumulative_cardinality": 158597400,
                                            "operator_type": "HASH_GROUP_BY",
                                            "operator_cardinality": 3850116,
                                            "cumulative_rows_scanned": 23836039,
                                            "operator_rows_scanned": 0,
                                            "operator_timing": 3.4373905570000067,
                                            "result_set_size": 277208352,
                                            "children": [
                                                {
                                                    "operator_name": "PROJECTION",
                                                    "cpu_time": 3.5265207480000016,
                                                    "extra_info": {
                                                        "Projections": [
                                                            "id",
                                                            "title",
                                                            "creationdate",
                                                            "name",
                                                            "owneruserid",
                                                            "id",
                                                            "bountyamount"
                                                        ],
                                                        "Estimated Cardinality": "12744093"
                                                    },
                                                    "cumulative_cardinality": 154747284,
                                                    "operator_type": "PROJECTION",
                                                    "operator_cardinality": 35129590,
                                                    "cumulative_rows_scanned": 23836039,
                                                    "operator_rows_scanned": 0,
                                                    "operator_timing": 0.009210899000000123,
                                                    "result_set_size": 1967257040,
                                                    "children": [
                                                        {
                                                            "operator_name": "PROJECTION",
                                                            "cpu_time": 3.5173098490000014,
                                                            "extra_info": {
                                                                "Projections": [
                                                                    "#0",
                                                                    "#1",
                                                                    "#2",
                                                                    "#3",
                                                                    "#4",
                                                                    "#5",
                                                                    "__internal_decompress_integral_integer(#6, 0)"
                                                                ],
                                                                "Estimated Cardinality": "12744093"
                                                            },
                                                            "cumulative_cardinality": 119617694,
                                                            "operator_type": "PROJECTION",
                                                            "operator_cardinality": 35129590,
                                                            "cumulative_rows_scanned": 23836039,
                                                            "operator_rows_scanned": 0,
                                                            "operator_timing": 0.02937434599999965,
                                                            "result_set_size": 1967257040,
                                                            "children": [
                                                                {
                                                                    "operator_name": "HASH_JOIN",
                                                                    "cpu_time": 3.487935503000002,
                                                                    "extra_info": {
                                                                        "Join Type": "LEFT",
                                                                        "Conditions": "id = postid",
                                                                        "Estimated Cardinality": "12744093"
                                                                    },
                                                                    "cumulative_cardinality": 84488104,
                                                                    "operator_type": "HASH_JOIN",
                                                                    "operator_cardinality": 35129590,
                                                                    "cumulative_rows_scanned": 23836039,
                                                                    "operator_rows_scanned": 0,
                                                                    "operator_timing": 1.2887873609999991,
                                                                    "result_set_size": 1896997860,
                                                                    "children": [
                                                                        {
                                                                            "operator_name": "HASH_JOIN",
                                                                            "cpu_time": 2.0967840960000026,
                                                                            "extra_info": {
                                                                                "Join Type": "RIGHT",
                                                                                "Conditions": "postid = id",
                                                                                "Estimated Cardinality": "7241822"
                                                                            },
                                                                            "cumulative_cardinality": 23870328,
                                                                            "operator_type": "HASH_JOIN",
                                                                            "operator_cardinality": 8928266,
                                                                            "cumulative_rows_scanned": 11091946,
                                                                            "operator_rows_scanned": 0,
                                                                            "operator_timing": 0.8640208339999984,
                                                                            "result_set_size": 464269832,
                                                                            "children": [
                                                                                {
                                                                                    "operator_name": "READ_PARQUET ",
                                                                                    "cpu_time": 0.6247042810000037,
                                                                                    "extra_info": {
                                                                                        "Function": "READ_PARQUET",
                                                                                        "Projections": [
                                                                                            "id",
                                                                                            "postid"
                                                                                        ],
                                                                                        "Estimated Cardinality": "7241822"
                                                                                    },
                                                                                    "cumulative_cardinality": 7241822,
                                                                                    "operator_type": "TABLE_SCAN",
                                                                                    "operator_cardinality": 7241822,
                                                                                    "cumulative_rows_scanned": 7241822,
                                                                                    "operator_rows_scanned": 7241822,
                                                                                    "operator_timing": 0.6247042810000037,
                                                                                    "result_set_size": 57934576,
                                                                                    "children": []
                                                                                },
                                                                                {
                                                                                    "operator_name": "HASH_JOIN",
                                                                                    "cpu_time": 0.6080589810000006,
                                                                                    "extra_info": {
                                                                                        "Join Type": "LEFT",
                                                                                        "Conditions": "posttypeid = id",
                                                                                        "Estimated Cardinality": "3850116"
                                                                                    },
                                                                                    "cumulative_cardinality": 7700240,
                                                                                    "operator_type": "HASH_JOIN",
                                                                                    "operator_cardinality": 3850116,
                                                                                    "cumulative_rows_scanned": 3850124,
                                                                                    "operator_rows_scanned": 0,
                                                                                    "operator_timing": 0.052980932000000085,
                                                                                    "result_set_size": 184805568,
                                                                                    "children": [
                                                                                        {
                                                                                            "operator_name": "READ_PARQUET ",
                                                                                            "cpu_time": 0.5545673950000004,
                                                                                            "extra_info": {
                                                                                                "Function": "READ_PARQUET",
                                                                                                "Projections": [
                                                                                                    "id",
                                                                                                    "posttypeid",
                                                                                                    "creationdate",
                                                                                                    "owneruserid",
                                                                                                    "title"
                                                                                                ],
                                                                                                "Estimated Cardinality": "3850116"
                                                                                            },
                                                                                            "cumulative_cardinality": 3850116,
                                                                                            "operator_type": "TABLE_SCAN",
                                                                                            "operator_cardinality": 3850116,
                                                                                            "cumulative_rows_scanned": 3850116,
                                                                                            "operator_rows_scanned": 3850116,
                                                                                            "operator_timing": 0.5545673950000004,
                                                                                            "result_set_size": 130903944,
                                                                                            "children": []
                                                                                        },
                                                                                        {
                                                                                            "operator_name": "READ_PARQUET ",
                                                                                            "cpu_time": 0.0005106539999999999,
                                                                                            "extra_info": {
                                                                                                "Function": "READ_PARQUET",
                                                                                                "Projections": [
                                                                                                    "id",
                                                                                                    "name"
                                                                                                ],
                                                                                                "Estimated Cardinality": "8"
                                                                                            },
                                                                                            "cumulative_cardinality": 8,
                                                                                            "operator_type": "TABLE_SCAN",
                                                                                            "operator_cardinality": 8,
                                                                                            "cumulative_rows_scanned": 8,
                                                                                            "operator_rows_scanned": 8,
                                                                                            "operator_timing": 0.0005106539999999999,
                                                                                            "result_set_size": 144,
                                                                                            "children": []
                                                                                        }
                                                                                    ]
                                                                                }
                                                                            ]
                                                                        },
                                                                        {
                                                                            "operator_name": "PROJECTION",
                                                                            "cpu_time": 0.10236404599999996,
                                                                            "extra_info": {
                                                                                "Projections": [
                                                                                    "#0",
                                                                                    "__internal_compress_integral_usmallint(#1, 0)"
                                                                                ],
                                                                                "Estimated Cardinality": "12744093"
                                                                            },
                                                                            "cumulative_cardinality": 25488186,
                                                                            "operator_type": "PROJECTION",
                                                                            "operator_cardinality": 12744093,
                                                                            "cumulative_rows_scanned": 12744093,
                                                                            "operator_rows_scanned": 0,
                                                                            "operator_timing": 0.0031046600000000537,
                                                                            "result_set_size": 76464558,
                                                                            "children": [
                                                                                {
                                                                                    "operator_name": "READ_PARQUET ",
                                                                                    "cpu_time": 0.09925938599999991,
                                                                                    "extra_info": {
                                                                                        "Function": "READ_PARQUET",
                                                                                        "Projections": [
                                                                                            "postid",
                                                                                            "bountyamount"
                                                                                        ],
                                                                                        "Estimated Cardinality": "12744093"
                                                                                    },
                                                                                    "cumulative_cardinality": 12744093,
                                                                                    "operator_type": "TABLE_SCAN",
                                                                                    "operator_cardinality": 12744093,
                                                                                    "cumulative_rows_scanned": 12744093,
                                                                                    "operator_rows_scanned": 12744093,
                                                                                    "operator_timing": 0.09925938599999991,
                                                                                    "result_set_size": 101952744,
                                                                                    "children": []
                                                                                }
                                                                            ]
                                                                        }
                                                                    ]
                                                                }
                                                            ]
                                                        }
                                                    ]
                                                }
                                            ]
                                        }
                                    ]
                                },
                                {
                                    "operator_name": "HASH_GROUP_BY",
                                    "cpu_time": 1.6807142190000008,
                                    "extra_info": {
                                        "Groups": [
                                            "#0",
                                            "#1"
                                        ],
                                        "Aggregates": [
                                            "avg(#2)",
                                            "count(#3)",
                                            "count(DISTINCT #4)"
                                        ],
                                        "Estimated Cardinality": "1260710"
                                    },
                                    "cumulative_cardinality": 19930228,
                                    "operator_type": "HASH_GROUP_BY",
                                    "operator_cardinality": 1260679,
                                    "cumulative_rows_scanned": 5110826,
                                    "operator_rows_scanned": 0,
                                    "operator_timing": 1.0616467640000005,
                                    "result_set_size": 55469876,
                                    "children": [
                                        {
                                            "operator_name": "PROJECTION",
                                            "cpu_time": 0.6190674550000004,
                                            "extra_info": {
                                                "Projections": [
                                                    "id",
                                                    "displayname",
                                                    "score",
                                                    "id",
                                                    "tags"
                                                ],
                                                "Estimated Cardinality": "3850116"
                                            },
                                            "cumulative_cardinality": 18669549,
                                            "operator_type": "PROJECTION",
                                            "operator_cardinality": 4574464,
                                            "cumulative_rows_scanned": 5110826,
                                            "operator_rows_scanned": 0,
                                            "operator_timing": 0.0008228959999999969,
                                            "result_set_size": 201276416,
                                            "children": [
                                                {
                                                    "operator_name": "FILTER",
                                                    "cpu_time": 0.6182445590000004,
                                                    "extra_info": {
                                                        "Expression": "(id <= 1416539)",
                                                        "Estimated Cardinality": "3850116"
                                                    },
                                                    "cumulative_cardinality": 14095085,
                                                    "operator_type": "FILTER",
                                                    "operator_cardinality": 4574464,
                                                    "cumulative_rows_scanned": 5110826,
                                                    "operator_rows_scanned": 0,
                                                    "operator_timing": 0.005905248999999989,
                                                    "result_set_size": 201276416,
                                                    "children": [
                                                        {
                                                            "operator_name": "HASH_JOIN",
                                                            "cpu_time": 0.6123393100000004,
                                                            "extra_info": {
                                                                "Join Type": "RIGHT",
                                                                "Conditions": "owneruserid = id",
                                                                "Estimated Cardinality": "3850116"
                                                            },
                                                            "cumulative_cardinality": 9520621,
                                                            "operator_type": "HASH_JOIN",
                                                            "operator_cardinality": 4574495,
                                                            "cumulative_rows_scanned": 5110826,
                                                            "operator_rows_scanned": 0,
                                                            "operator_timing": 0.2541160970000004,
                                                            "result_set_size": 201277780,
                                                            "children": [
                                                                {
                                                                    "operator_name": "READ_PARQUET ",
                                                                    "cpu_time": 0.27909608400000024,
                                                                    "extra_info": {
                                                                        "Function": "READ_PARQUET",
                                                                        "Projections": [
                                                                            "id",
                                                                            "score",
                                                                            "owneruserid",
                                                                            "tags"
                                                                        ],
                                                                        "Estimated Cardinality": "3850116"
                                                                    },
                                                                    "cumulative_cardinality": 3685416,
                                                                    "operator_type": "TABLE_SCAN",
                                                                    "operator_cardinality": 3685416,
                                                                    "cumulative_rows_scanned": 3850116,
                                                                    "operator_rows_scanned": 3850116,
                                                                    "operator_timing": 0.27909608400000024,
                                                                    "result_set_size": 103191648,
                                                                    "children": []
                                                                },
                                                                {
                                                                    "operator_name": "READ_PARQUET ",
                                                                    "cpu_time": 0.0791271289999999,
                                                                    "extra_info": {
                                                                        "Function": "READ_PARQUET",
                                                                        "Projections": [
                                                                            "id",
                                                                            "displayname"
                                                                        ],
                                                                        "Estimated Cardinality": "1260710"
                                                                    },
                                                                    "cumulative_cardinality": 1260710,
                                                                    "operator_type": "TABLE_SCAN",
                                                                    "operator_cardinality": 1260710,
                                                                    "cumulative_rows_scanned": 1260710,
                                                                    "operator_rows_scanned": 1260710,
                                                                    "operator_timing": 0.0791271289999999,
                                                                    "result_set_size": 25214200,
                                                                    "children": []
                                                                }
                                                            ]
                                                        }
                                                    ]
                                                }
                                            ]
                                        }
                                    ]
                                }
                            ]
                        }
                    ]
                }
            ]
        }
    ]
}