{
    "rows_returned": 7,
    "query_name": "SELECT \n    p.PostTypeId,\n    COUNT(p.Id) AS TotalPosts,\n    SUM(p.ViewCount) AS TotalViews,\n    AVG(p.Score) AS AverageScore,\n    SUM(CASE WHEN v.VoteTypeId = 2 THEN 1 ELSE 0 END) AS TotalUpVotes,\n    SUM(CASE WHEN v.VoteTypeId = 3 THEN 1 ELSE 0 END) AS TotalDownVotes,\n    COUNT(DISTINCT u.Id) AS TotalUsers\nFROM \n    Posts p\nLEFT JOIN \n    Votes v ON p.Id = v.PostId\nLEFT JOIN \n    Users u ON p.OwnerUserId = u.Id\nGROUP BY \n    p.PostTypeId\nORDER BY \n    TotalPosts DESC;",
    "blocked_thread_time": 0.0,
    "cpu_time": 2.2275084779999883,
    "extra_info": {},
    "cumulative_cardinality": 78486100,
    "cumulative_rows_scanned": 17854919,
    "result_set_size": 518,
    "latency": 2.547912088,
    "children": [
        {
            "operator_name": "PROJECTION",
            "cpu_time": 2.2275084779999883,
            "extra_info": {
                "Projections": [
                    "__internal_decompress_integral_smallint(#0, 1)",
                    "#1",
                    "#2",
                    "#3",
                    "#4",
                    "#5",
                    "#6"
                ],
                "Estimated Cardinality": "3850116"
            },
            "cumulative_cardinality": 78486100,
            "operator_type": "PROJECTION",
            "operator_cardinality": 7,
            "cumulative_rows_scanned": 17854919,
            "operator_rows_scanned": 0,
            "operator_timing": 9.42e-7,
            "result_set_size": 518,
            "children": [
                {
                    "operator_name": "ORDER_BY",
                    "cpu_time": 2.2275075359999885,
                    "extra_info": {
                        "Order By": "count(p.Id) DESC"
                    },
                    "cumulative_cardinality": 78486093,
                    "operator_type": "ORDER_BY",
                    "operator_cardinality": 7,
                    "cumulative_rows_scanned": 17854919,
                    "operator_rows_scanned": 0,
                    "operator_timing": 0.000039574000000000004,
                    "result_set_size": 511,
                    "children": [
                        {
                            "operator_name": "PROJECTION",
                            "cpu_time": 2.2274679619999884,
                            "extra_info": {
                                "Projections": [
                                    "__internal_compress_integral_utinyint(#0, 1)",
                                    "#1",
                                    "#2",
                                    "#3",
                                    "#4",
                                    "#5",
                                    "#6"
                                ],
                                "Estimated Cardinality": "3850116"
                            },
                            "cumulative_cardinality": 78486086,
                            "operator_type": "PROJECTION",
                            "operator_cardinality": 7,
                            "cumulative_rows_scanned": 17854919,
                            "operator_rows_scanned": 0,
                            "operator_timing": 9.51e-7,
                            "result_set_size": 511,
                            "children": [
                                {
                                    "operator_name": "PROJECTION",
                                    "cpu_time": 2.2274670109999883,
                                    "extra_info": {
                                        "Projections": [
                                            "__internal_decompress_integral_smallint(#0, 1)",
                                            "#1",
                                            "#2",
                                            "#3",
                                            "#4",
                                            "#5",
                                            "#6"
                                        ],
                                        "Estimated Cardinality": "3850116"
                                    },
                                    "cumulative_cardinality": 78486079,
                                    "operator_type": "PROJECTION",
                                    "operator_cardinality": 7,
                                    "cumulative_rows_scanned": 17854919,
                                    "operator_rows_scanned": 0,
                                    "operator_timing": 0.000002174,
                                    "result_set_size": 518,
                                    "children": [
                                        {
                                            "operator_name": "HASH_GROUP_BY",
                                            "cpu_time": 2.2274648369999883,
                                            "extra_info": {
                                                "Groups": "#0",
                                                "Aggregates": [
                                                    "count_star()",
                                                    "sum(#1)",
                                                    "avg(#2)",
                                                    "sum(#3)",
                                                    "sum(#4)",
                                                    "count(DISTINCT #5)"
                                                ],
                                                "Estimated Cardinality": "3850116"
                                            },
                                            "cumulative_cardinality": 78486072,
                                            "operator_type": "HASH_GROUP_BY",
                                            "operator_cardinality": 7,
                                            "cumulative_rows_scanned": 17854919,
                                            "operator_rows_scanned": 0,
                                            "operator_timing": 0.576931300999999,
                                            "result_set_size": 511,
                                            "children": [
                                                {
                                                    "operator_name": "PROJECTION",
                                                    "cpu_time": 1.6505335359999893,
                                                    "extra_info": {
                                                        "Projections": [
                                                            "posttypeid",
                                                            "viewcount",
                                                            "score",
                                                            "CASE  WHEN ((votetypeid = 2)) THEN (1) ELSE 0 END",
                                                            "CASE  WHEN ((votetypeid = 3)) THEN (1) ELSE 0 END",
                                                            "id"
                                                        ],
                                                        "Estimated Cardinality": "12744093"
                                                    },
                                                    "cumulative_cardinality": 78486065,
                                                    "operator_type": "PROJECTION",
                                                    "operator_cardinality": 11356206,
                                                    "cumulative_rows_scanned": 17854919,
                                                    "operator_rows_scanned": 0,
                                                    "operator_timing": 0.08487080199999938,
                                                    "result_set_size": 238480326,
                                                    "children": [
                                                        {
                                                            "operator_name": "PROJECTION",
                                                            "cpu_time": 1.56566273399999,
                                                            "extra_info": {
                                                                "Projections": [
                                                                    "#1",
                                                                    "__internal_compress_integral_utinyint(#2, 1)",
                                                                    "#3",
                                                                    "#4",
                                                                    "#0",
                                                                    "#5"
                                                                ],
                                                                "Estimated Cardinality": "12744093"
                                                            },
                                                            "cumulative_cardinality": 67129859,
                                                            "operator_type": "PROJECTION",
                                                            "operator_cardinality": 11356206,
                                                            "cumulative_rows_scanned": 17854919,
                                                            "operator_rows_scanned": 0,
                                                            "operator_timing": 0.01526144399999983,
                                                            "result_set_size": 215767914,
                                                            "children": [
                                                                {
                                                                    "operator_name": "HASH_JOIN",
                                                                    "cpu_time": 1.5504012899999902,
                                                                    "extra_info": {
                                                                        "Join Type": "LEFT",
                                                                        "Conditions": "owneruserid = id",
                                                                        "Estimated Cardinality": "12744093"
                                                                    },
                                                                    "cumulative_cardinality": 55773653,
                                                                    "operator_type": "HASH_JOIN",
                                                                    "operator_cardinality": 11356206,
                                                                    "cumulative_rows_scanned": 17854919,
                                                                    "operator_rows_scanned": 0,
                                                                    "operator_timing": 0.44012210999999696,
                                                                    "result_set_size": 227124120,
                                                                    "children": [
                                                                        {
                                                                            "operator_name": "PROJECTION",
                                                                            "cpu_time": 1.0961032239999933,
                                                                            "extra_info": {
                                                                                "Projections": [
                                                                                    "#0",
                                                                                    "#1",
                                                                                    "__internal_decompress_integral_smallint(#2, 1)",
                                                                                    "__internal_decompress_integral_integer(#3, -72)",
                                                                                    "#4",
                                                                                    "#5"
                                                                                ],
                                                                                "Estimated Cardinality": "12744093"
                                                                            },
                                                                            "cumulative_cardinality": 43156737,
                                                                            "operator_type": "PROJECTION",
                                                                            "operator_cardinality": 11356206,
                                                                            "cumulative_rows_scanned": 16594209,
                                                                            "operator_rows_scanned": 0,
                                                                            "operator_timing": 0.009502803999999804,
                                                                            "result_set_size": 227124120,
                                                                            "children": [
                                                                                {
                                                                                    "operator_name": "HASH_JOIN",
                                                                                    "cpu_time": 1.0866004199999935,
                                                                                    "extra_info": {
                                                                                        "Join Type": "RIGHT",
                                                                                        "Conditions": "postid = id",
                                                                                        "Estimated Cardinality": "12744093"
                                                                                    },
                                                                                    "cumulative_cardinality": 31800531,
                                                                                    "operator_type": "HASH_JOIN",
                                                                                    "operator_cardinality": 11356206,
                                                                                    "cumulative_rows_scanned": 16594209,
                                                                                    "operator_rows_scanned": 0,
                                                                                    "operator_timing": 0.7643934939999937,
                                                                                    "result_set_size": 193055502,
                                                                                    "children": [
                                                                                        {
                                                                                            "operator_name": "READ_PARQUET ",
                                                                                            "cpu_time": 0.21809059899999975,
                                                                                            "extra_info": {
                                                                                                "Function": "READ_PARQUET",
                                                                                                "Projections": [
                                                                                                    "postid",
                                                                                                    "votetypeid"
                                                                                                ],
                                                                                                "Estimated Cardinality": "12744093"
                                                                                            },
                                                                                            "cumulative_cardinality": 12744093,
                                                                                            "operator_type": "TABLE_SCAN",
                                                                                            "operator_cardinality": 12744093,
                                                                                            "cumulative_rows_scanned": 12744093,
                                                                                            "operator_rows_scanned": 12744093,
                                                                                            "operator_timing": 0.21809059899999975,
                                                                                            "result_set_size": 76464558,
                                                                                            "children": []
                                                                                        },
                                                                                        {
                                                                                            "operator_name": "PROJECTION",
                                                                                            "cpu_time": 0.10411632700000006,
                                                                                            "extra_info": {
                                                                                                "Projections": [
                                                                                                    "#0",
                                                                                                    "__internal_compress_integral_utinyint(#1, 1)",
                                                                                                    "__internal_compress_integral_usmallint(#2, -72)",
                                                                                                    "#3",
                                                                                                    "#4"
                                                                                                ],
                                                                                                "Estimated Cardinality": "3850116"
                                                                                            },
                                                                                            "cumulative_cardinality": 7700232,
                                                                                            "operator_type": "PROJECTION",
                                                                                            "operator_cardinality": 3850116,
                                                                                            "cumulative_rows_scanned": 3850116,
                                                                                            "operator_rows_scanned": 0,
                                                                                            "operator_timing": 0.0024446690000000035,
                                                                                            "result_set_size": 57751740,
                                                                                            "children": [
                                                                                                {
                                                                                                    "operator_name": "READ_PARQUET ",
                                                                                                    "cpu_time": 0.10167165800000005,
                                                                                                    "extra_info": {
                                                                                                        "Function": "READ_PARQUET",
                                                                                                        "Projections": [
                                                                                                            "id",
                                                                                                            "posttypeid",
                                                                                                            "score",
                                                                                                            "viewcount",
                                                                                                            "owneruserid"
                                                                                                        ],
                                                                                                        "Estimated Cardinality": "3850116"
                                                                                                    },
                                                                                                    "cumulative_cardinality": 3850116,
                                                                                                    "operator_type": "TABLE_SCAN",
                                                                                                    "operator_cardinality": 3850116,
                                                                                                    "cumulative_rows_scanned": 3850116,
                                                                                                    "operator_rows_scanned": 3850116,
                                                                                                    "operator_timing": 0.10167165800000005,
                                                                                                    "result_set_size": 69302088,
                                                                                                    "children": []
                                                                                                }
                                                                                            ]
                                                                                        }
                                                                                    ]
                                                                                }
                                                                            ]
                                                                        },
                                                                        {
                                                                            "operator_name": "READ_PARQUET ",
                                                                            "cpu_time": 0.014175955999999941,
                                                                            "extra_info": {
                                                                                "Function": "READ_PARQUET",
                                                                                "Projections": "id",
                                                                                "Estimated Cardinality": "1260710"
                                                                            },
                                                                            "cumulative_cardinality": 1260710,
                                                                            "operator_type": "TABLE_SCAN",
                                                                            "operator_cardinality": 1260710,
                                                                            "cumulative_rows_scanned": 1260710,
                                                                            "operator_rows_scanned": 1260710,
                                                                            "operator_timing": 0.014175955999999941,
                                                                            "result_set_size": 5042840,
                                                                            "children": []
                                                                        }
                                                                    ]
                                                                }
                                                            ]
                                                        }
                                                    ]
                                                }
                                            ]
                                        }
                                    ]
                                }
                            ]
                        }
                    ]
                }
            ]
        }
    ]
}