{
    "rows_returned": 145542,
    "query_name": "\nWITH PostStatistics AS (\n    SELECT \n        p.Id AS PostId,\n        p.Title,\n        p.CreationDate,\n        COUNT(c.Id) AS CommentCount,\n        SUM(CASE WHEN v.VoteTypeId = 2 THEN 1 ELSE 0 END) AS UpVotes,\n        SUM(CASE WHEN v.VoteTypeId = 3 THEN 1 ELSE 0 END) AS DownVotes,\n        COUNT(DISTINCT b.Id) AS BadgeCount\n    FROM \n        Posts p\n    LEFT JOIN \n        Comments c ON p.Id = c.PostId\n    LEFT JOIN \n        Votes v ON p.Id = v.PostId\n    LEFT JOIN \n        Badges b ON p.OwnerUserId = b.UserId\n    WHERE \n        p.CreationDate >= CAST('2024-10-01 12:34:56' AS TIMESTAMP) - INTERVAL '1 year'  \n    GROUP BY \n        p.Id, p.Title, p.CreationDate\n),\nPostHistoryCounts AS (\n    SELECT\n        ph.PostId,\n        COUNT(*) AS HistoryCount\n    FROM\n        PostHistory ph\n    GROUP BY\n        ph.PostId\n)\nSELECT \n    ps.PostId,\n    ps.Title,\n    ps.CreationDate,\n    ps.CommentCount,\n    ps.UpVotes,\n    ps.DownVotes,\n    phc.HistoryCount\nFROM \n    PostStatistics ps\nLEFT JOIN \n    PostHistoryCounts phc ON ps.PostId = phc.PostId\nORDER BY \n    ps.UpVotes DESC, ps.CommentCount DESC;\n",
    "blocked_thread_time": 0.0,
    "cpu_time": 5.699155259000002,
    "extra_info": {},
    "cumulative_cardinality": 266644642,
    "cumulative_rows_scanned": 37952999,
    "result_set_size": 11061192,
    "latency": 6.84444049,
    "children": [
        {
            "operator_name": "ORDER_BY",
            "cpu_time": 5.699155259000002,
            "extra_info": {
                "Order By": [
                    "ps.UpVotes DESC",
                    "ps.CommentCount DESC"
                ]
            },
            "cumulative_cardinality": 266644642,
            "operator_type": "ORDER_BY",
            "operator_cardinality": 145542,
            "cumulative_rows_scanned": 37952999,
            "operator_rows_scanned": 0,
            "operator_timing": 0.011579294,
            "result_set_size": 11061192,
            "children": [
                {
                    "operator_name": "HASH_JOIN",
                    "cpu_time": 5.687575965000002,
                    "extra_info": {
                        "Join Type": "LEFT",
                        "Conditions": "PostId = postid",
                        "Estimated Cardinality": "5897622"
                    },
                    "cumulative_cardinality": 266499100,
                    "operator_type": "HASH_JOIN",
                    "operator_cardinality": 145542,
                    "cumulative_rows_scanned": 37952999,
                    "operator_rows_scanned": 0,
                    "operator_timing": 0.18323854200000006,
                    "result_set_size": 11061192,
                    "children": [
                        {
                            "operator_name": "HASH_GROUP_BY",
                            "cpu_time": 4.846213296000003,
                            "extra_info": {
                                "Groups": [
                                    "#0",
                                    "#1",
                                    "#2"
                                ],
                                "Aggregates": [
                                    "count(#3)",
                                    "sum(#4)",
                                    "sum(#5)"
                                ],
                                "Estimated Cardinality": "3850116"
                            },
                            "cumulative_cardinality": 238912954,
                            "operator_type": "HASH_GROUP_BY",
                            "operator_cardinality": 145542,
                            "cumulative_rows_scanned": 26157755,
                            "operator_rows_scanned": 0,
                            "operator_timing": 2.5060424180000056,
                            "result_set_size": 9896856,
                            "children": [
                                {
                                    "operator_name": "PROJECTION",
                                    "cpu_time": 2.3401708779999972,
                                    "extra_info": {
                                        "Projections": [
                                            "id",
                                            "title",
                                            "creationdate",
                                            "id",
                                            "CASE  WHEN ((votetypeid = 2)) THEN (1) ELSE 0 END",
                                            "CASE  WHEN ((votetypeid = 3)) THEN (1) ELSE 0 END"
                                        ],
                                        "Estimated Cardinality": "12744093"
                                    },
                                    "cumulative_cardinality": 238767412,
                                    "operator_type": "PROJECTION",
                                    "operator_cardinality": 104133083,
                                    "cumulative_rows_scanned": 26157755,
                                    "operator_rows_scanned": 0,
                                    "operator_timing": 0.4784090409999947,
                                    "result_set_size": 4165323320,
                                    "children": [
                                        {
                                            "operator_name": "HASH_JOIN",
                                            "cpu_time": 1.8617618370000024,
                                            "extra_info": {
                                                "Join Type": "LEFT",
                                                "Conditions": "owneruserid = userid",
                                                "Estimated Cardinality": "12744093"
                                            },
                                            "cumulative_cardinality": 134634329,
                                            "operator_type": "HASH_JOIN",
                                            "operator_cardinality": 104133083,
                                            "cumulative_rows_scanned": 26157755,
                                            "operator_rows_scanned": 0,
                                            "operator_timing": 0.8536484430000008,
                                            "result_set_size": 3957057154,
                                            "children": [
                                                {
                                                    "operator_name": "PROJECTION",
                                                    "cpu_time": 0.8845442190000016,
                                                    "extra_info": {
                                                        "Projections": [
                                                            "#0",
                                                            "#1",
                                                            "#2",
                                                            "#3",
                                                            "#4",
                                                            "__internal_decompress_integral_smallint(#5, 1)"
                                                        ],
                                                        "Estimated Cardinality": "12744093"
                                                    },
                                                    "cumulative_cardinality": 28179522,
                                                    "operator_type": "PROJECTION",
                                                    "operator_cardinality": 954760,
                                                    "cumulative_rows_scanned": 23836031,
                                                    "operator_rows_scanned": 0,
                                                    "operator_timing": 0.0006359920000000002,
                                                    "result_set_size": 36280880,
                                                    "children": [
                                                        {
                                                            "operator_name": "HASH_JOIN",
                                                            "cpu_time": 0.8839082270000016,
                                                            "extra_info": {
                                                                "Join Type": "LEFT",
                                                                "Conditions": "id = postid",
                                                                "Estimated Cardinality": "12744093"
                                                            },
                                                            "cumulative_cardinality": 27224762,
                                                            "operator_type": "HASH_JOIN",
                                                            "operator_cardinality": 954760,
                                                            "cumulative_rows_scanned": 23836031,
                                                            "operator_rows_scanned": 0,
                                                            "operator_timing": 0.6487908560000017,
                                                            "result_set_size": 35326120,
                                                            "children": [
                                                                {
                                                                    "operator_name": "HASH_JOIN",
                                                                    "cpu_time": 0.10364528599999999,
                                                                    "extra_info": {
                                                                        "Join Type": "RIGHT",
                                                                        "Conditions": "postid = id",
                                                                        "Estimated Cardinality": "7241822"
                                                                    },
                                                                    "cumulative_cardinality": 781816,
                                                                    "operator_type": "HASH_JOIN",
                                                                    "operator_cardinality": 349210,
                                                                    "cumulative_rows_scanned": 11091938,
                                                                    "operator_rows_scanned": 0,
                                                                    "operator_timing": 0.026155423000000014,
                                                                    "result_set_size": 12571560,
                                                                    "children": [
                                                                        {
                                                                            "operator_name": "READ_PARQUET ",
                                                                            "cpu_time": 0.013695931000000003,
                                                                            "extra_info": {
                                                                                "Function": "READ_PARQUET",
                                                                                "Projections": [
                                                                                    "id",
                                                                                    "postid"
                                                                                ],
                                                                                "Estimated Cardinality": "7241822"
                                                                            },
                                                                            "cumulative_cardinality": 287064,
                                                                            "operator_type": "TABLE_SCAN",
                                                                            "operator_cardinality": 287064,
                                                                            "cumulative_rows_scanned": 7241822,
                                                                            "operator_rows_scanned": 7241822,
                                                                            "operator_timing": 0.013695931000000003,
                                                                            "result_set_size": 2296512,
                                                                            "children": []
                                                                        },
                                                                        {
                                                                            "operator_name": "READ_PARQUET ",
                                                                            "cpu_time": 0.06379393199999997,
                                                                            "extra_info": {
                                                                                "Function": "READ_PARQUET",
                                                                                "Projections": [
                                                                                    "id",
                                                                                    "creationdate",
                                                                                    "owneruserid",
                                                                                    "title"
                                                                                ],
                                                                                "Filters": "creationdate>='2023-10-01 12:34:56'::TIMESTAMP",
                                                                                "Estimated Cardinality": "770023"
                                                                            },
                                                                            "cumulative_cardinality": 145542,
                                                                            "operator_type": "TABLE_SCAN",
                                                                            "operator_cardinality": 145542,
                                                                            "cumulative_rows_scanned": 3850116,
                                                                            "operator_rows_scanned": 3850116,
                                                                            "operator_timing": 0.06379393199999997,
                                                                            "result_set_size": 4657344,
                                                                            "children": []
                                                                        }
                                                                    ]
                                                                },
                                                                {
                                                                    "operator_name": "PROJECTION",
                                                                    "cpu_time": 0.13147208499999988,
                                                                    "extra_info": {
                                                                        "Projections": [
                                                                            "#0",
                                                                            "__internal_compress_integral_utinyint(#1, 1)"
                                                                        ],
                                                                        "Estimated Cardinality": "12744093"
                                                                    },
                                                                    "cumulative_cardinality": 25488186,
                                                                    "operator_type": "PROJECTION",
                                                                    "operator_cardinality": 12744093,
                                                                    "cumulative_rows_scanned": 12744093,
                                                                    "operator_rows_scanned": 0,
                                                                    "operator_timing": 0.003044999000000047,
                                                                    "result_set_size": 63720465,
                                                                    "children": [
                                                                        {
                                                                            "operator_name": "READ_PARQUET ",
                                                                            "cpu_time": 0.12842708599999983,
                                                                            "extra_info": {
                                                                                "Function": "READ_PARQUET",
                                                                                "Projections": [
                                                                                    "postid",
                                                                                    "votetypeid"
                                                                                ],
                                                                                "Estimated Cardinality": "12744093"
                                                                            },
                                                                            "cumulative_cardinality": 12744093,
                                                                            "operator_type": "TABLE_SCAN",
                                                                            "operator_cardinality": 12744093,
                                                                            "cumulative_rows_scanned": 12744093,
                                                                            "operator_rows_scanned": 12744093,
                                                                            "operator_timing": 0.12842708599999983,
                                                                            "result_set_size": 76464558,
                                                                            "children": []
                                                                        }
                                                                    ]
                                                                }
                                                            ]
                                                        }
                                                    ]
                                                },
                                                {
                                                    "operator_name": "READ_PARQUET ",
                                                    "cpu_time": 0.12356917500000006,
                                                    "extra_info": {
                                                        "Function": "READ_PARQUET",
                                                        "Projections": "userid",
                                                        "Estimated Cardinality": "2321724"
                                                    },
                                                    "cumulative_cardinality": 2321724,
                                                    "operator_type": "TABLE_SCAN",
                                                    "operator_cardinality": 2321724,
                                                    "cumulative_rows_scanned": 2321724,
                                                    "operator_rows_scanned": 2321724,
                                                    "operator_timing": 0.12356917500000006,
                                                    "result_set_size": 9286896,
                                                    "children": []
                                                }
                                            ]
                                        }
                                    ]
                                }
                            ]
                        },
                        {
                            "operator_name": "HASH_GROUP_BY",
                            "cpu_time": 0.6581241270000002,
                            "extra_info": {
                                "Groups": "#0",
                                "Aggregates": "count_star()",
                                "Estimated Cardinality": "5897622"
                            },
                            "cumulative_cardinality": 27440604,
                            "operator_type": "HASH_GROUP_BY",
                            "operator_cardinality": 3850116,
                            "cumulative_rows_scanned": 11795244,
                            "operator_rows_scanned": 0,
                            "operator_timing": 0.5789240130000003,
                            "result_set_size": 46201392,
                            "children": [
                                {
                                    "operator_name": "PROJECTION",
                                    "cpu_time": 0.07920011399999999,
                                    "extra_info": {
                                        "Projections": "postid",
                                        "Estimated Cardinality": "11795244"
                                    },
                                    "cumulative_cardinality": 23590488,
                                    "operator_type": "PROJECTION",
                                    "operator_cardinality": 11795244,
                                    "cumulative_rows_scanned": 11795244,
                                    "operator_rows_scanned": 0,
                                    "operator_timing": 0.0006819599999999946,
                                    "result_set_size": 47180976,
                                    "children": [
                                        {
                                            "operator_name": "READ_PARQUET ",
                                            "cpu_time": 0.07851815399999999,
                                            "extra_info": {
                                                "Function": "READ_PARQUET",
                                                "Projections": "postid",
                                                "Estimated Cardinality": "11795244"
                                            },
                                            "cumulative_cardinality": 11795244,
                                            "operator_type": "TABLE_SCAN",
                                            "operator_cardinality": 11795244,
                                            "cumulative_rows_scanned": 11795244,
                                            "operator_rows_scanned": 11795244,
                                            "operator_timing": 0.07851815399999999,
                                            "result_set_size": 47180976,
                                            "children": []
                                        }
                                    ]
                                }
                            ]
                        }
                    ]
                }
            ]
        }
    ]
}