{
    "rows_returned": 980,
    "query_name": "WITH PostStats AS (\n    SELECT \n        pt.Name AS PostType,\n        COUNT(p.Id) AS TotalPosts,\n        AVG(p.Score) AS AvgScore,\n        SUM(p.ViewCount) AS TotalViews,\n        SUM(p.AnswerCount) AS TotalAnswers\n    FROM Posts p\n    JOIN PostTypes pt ON p.PostTypeId = pt.Id\n    GROUP BY pt.Name\n),\nTopUsers AS (\n    SELECT \n        u.DisplayName,\n        COUNT(DISTINCT p.Id) AS PostsCreated,\n        SUM(u.UpVotes) AS TotalUpVotes,\n        SUM(u.DownVotes) AS TotalDownVotes,\n        AVG(u.Reputation) AS AvgReputation\n    FROM Users u\n    LEFT JOIN Posts p ON u.Id = p.OwnerUserId\n    GROUP BY u.DisplayName\n    ORDER BY PostsCreated DESC\n    LIMIT 10\n),\nVoteStats AS (\n    SELECT \n        vt.Name AS VoteType,\n        COUNT(v.Id) AS TotalVotes,\n        SUM(CASE WHEN v.VoteTypeId = 2 THEN 1 ELSE 0 END) AS UpVotes,\n        SUM(CASE WHEN v.VoteTypeId = 3 THEN 1 ELSE 0 END) AS DownVotes\n    FROM Votes v\n    JOIN VoteTypes vt ON v.VoteTypeId = vt.Id\n    GROUP BY vt.Name\n)\n\nSELECT \n    ps.PostType,\n    ps.TotalPosts,\n    ps.AvgScore,\n    ps.TotalViews,\n    ps.TotalAnswers,\n    tu.DisplayName AS TopUser,\n    tu.PostsCreated,\n    tu.TotalUpVotes,\n    tu.TotalDownVotes,\n    tu.AvgReputation,\n    vs.VoteType,\n    vs.TotalVotes,\n    vs.UpVotes,\n    vs.DownVotes\nFROM PostStats ps\nCROSS JOIN TopUsers tu\nCROSS JOIN VoteStats vs\nORDER BY ps.TotalPosts DESC;",
    "blocked_thread_time": 0.0,
    "cpu_time": 2.5900455539999996,
    "extra_info": {},
    "cumulative_cardinality": 70764863,
    "cumulative_rows_scanned": 21705058,
    "result_set_size": 180320,
    "latency": 3.352006748,
    "children": [
        {
            "operator_name": "ORDER_BY",
            "cpu_time": 2.5900455539999996,
            "extra_info": {
                "Order By": "ps.TotalPosts DESC"
            },
            "cumulative_cardinality": 70764863,
            "operator_type": "ORDER_BY",
            "operator_cardinality": 980,
            "cumulative_rows_scanned": 21705058,
            "operator_rows_scanned": 0,
            "operator_timing": 0.000203333,
            "result_set_size": 180320,
            "children": [
                {
                    "operator_name": "CROSS_PRODUCT",
                    "cpu_time": 2.5898422209999996,
                    "extra_info": {},
                    "cumulative_cardinality": 70763883,
                    "operator_type": "CROSS_PRODUCT",
                    "operator_cardinality": 980,
                    "cumulative_rows_scanned": 21705058,
                    "operator_rows_scanned": 0,
                    "operator_timing": 0.000045356000000000004,
                    "result_set_size": 180320,
                    "children": [
                        {
                            "operator_name": "CROSS_PRODUCT",
                            "cpu_time": 1.987560446,
                            "extra_info": {},
                            "cumulative_cardinality": 32530595,
                            "operator_type": "CROSS_PRODUCT",
                            "operator_cardinality": 70,
                            "cumulative_rows_scanned": 8960950,
                            "operator_rows_scanned": 0,
                            "operator_timing": 0.00009537799999999998,
                            "result_set_size": 8960,
                            "children": [
                                {
                                    "operator_name": "HASH_GROUP_BY",
                                    "cpu_time": 0.23492322299999968,
                                    "extra_info": {
                                        "Groups": "#0",
                                        "Aggregates": [
                                            "count_star()",
                                            "avg(#1)",
                                            "sum(#2)",
                                            "sum(#3)"
                                        ],
                                        "Estimated Cardinality": "1925058"
                                    },
                                    "cumulative_cardinality": 11550362,
                                    "operator_type": "HASH_GROUP_BY",
                                    "operator_cardinality": 7,
                                    "cumulative_rows_scanned": 3850124,
                                    "operator_rows_scanned": 0,
                                    "operator_timing": 0.10337856299999965,
                                    "result_set_size": 448,
                                    "children": [
                                        {
                                            "operator_name": "PROJECTION",
                                            "cpu_time": 0.13154466000000004,
                                            "extra_info": {
                                                "Projections": [
                                                    "name",
                                                    "score",
                                                    "viewcount",
                                                    "answercount"
                                                ],
                                                "Estimated Cardinality": "3850116"
                                            },
                                            "cumulative_cardinality": 11550355,
                                            "operator_type": "PROJECTION",
                                            "operator_cardinality": 3850116,
                                            "cumulative_rows_scanned": 3850124,
                                            "operator_rows_scanned": 0,
                                            "operator_timing": 0.0003372390000000018,
                                            "result_set_size": 107803248,
                                            "children": [
                                                {
                                                    "operator_name": "HASH_JOIN",
                                                    "cpu_time": 0.13120742100000005,
                                                    "extra_info": {
                                                        "Join Type": "INNER",
                                                        "Conditions": "posttypeid = id",
                                                        "Estimated Cardinality": "3850116"
                                                    },
                                                    "cumulative_cardinality": 7700239,
                                                    "operator_type": "HASH_JOIN",
                                                    "operator_cardinality": 3850116,
                                                    "cumulative_rows_scanned": 3850124,
                                                    "operator_rows_scanned": 0,
                                                    "operator_timing": 0.00762735199999995,
                                                    "result_set_size": 107803248,
                                                    "children": [
                                                        {
                                                            "operator_name": "READ_PARQUET ",
                                                            "cpu_time": 0.1232674050000001,
                                                            "extra_info": {
                                                                "Function": "READ_PARQUET",
                                                                "Projections": [
                                                                    "id",
                                                                    "posttypeid",
                                                                    "score",
                                                                    "viewcount",
                                                                    "answercount"
                                                                ],
                                                                "Estimated Cardinality": "3850116"
                                                            },
                                                            "cumulative_cardinality": 3850116,
                                                            "operator_type": "TABLE_SCAN",
                                                            "operator_cardinality": 3850116,
                                                            "cumulative_rows_scanned": 3850116,
                                                            "operator_rows_scanned": 3850116,
                                                            "operator_timing": 0.1232674050000001,
                                                            "result_set_size": 69302088,
                                                            "children": []
                                                        },
                                                        {
                                                            "operator_name": "READ_PARQUET ",
                                                            "cpu_time": 0.000312664,
                                                            "extra_info": {
                                                                "Function": "READ_PARQUET",
                                                                "Projections": [
                                                                    "id",
                                                                    "name"
                                                                ],
                                                                "Filters": "id<=7",
                                                                "Estimated Cardinality": "8"
                                                            },
                                                            "cumulative_cardinality": 7,
                                                            "operator_type": "TABLE_SCAN",
                                                            "operator_cardinality": 7,
                                                            "cumulative_rows_scanned": 8,
                                                            "operator_rows_scanned": 8,
                                                            "operator_timing": 0.000312664,
                                                            "result_set_size": 126,
                                                            "children": []
                                                        }
                                                    ]
                                                }
                                            ]
                                        }
                                    ]
                                },
                                {
                                    "operator_name": "STREAMING_LIMIT",
                                    "cpu_time": 1.7525418450000003,
                                    "extra_info": {},
                                    "cumulative_cardinality": 20980163,
                                    "operator_type": "STREAMING_LIMIT",
                                    "operator_cardinality": 10,
                                    "cumulative_rows_scanned": 5110826,
                                    "operator_rows_scanned": 0,
                                    "operator_timing": 0.0000026349999999999998,
                                    "result_set_size": 640,
                                    "children": [
                                        {
                                            "operator_name": "ORDER_BY",
                                            "cpu_time": 1.7525392100000003,
                                            "extra_info": {
                                                "Order By": "count(DISTINCT p.Id) DESC"
                                            },
                                            "cumulative_cardinality": 20980153,
                                            "operator_type": "ORDER_BY",
                                            "operator_cardinality": 4096,
                                            "cumulative_rows_scanned": 5110826,
                                            "operator_rows_scanned": 0,
                                            "operator_timing": 0.06042288100000011,
                                            "result_set_size": 262144,
                                            "children": [
                                                {
                                                    "operator_name": "HASH_GROUP_BY",
                                                    "cpu_time": 1.6921163290000003,
                                                    "extra_info": {
                                                        "Groups": "#0",
                                                        "Aggregates": [
                                                            "count(DISTINCT #1)",
                                                            "sum(#2)",
                                                            "sum(#3)",
                                                            "avg(#4)"
                                                        ],
                                                        "Estimated Cardinality": "1260710"
                                                    },
                                                    "cumulative_cardinality": 20976057,
                                                    "operator_type": "HASH_GROUP_BY",
                                                    "operator_cardinality": 1045736,
                                                    "cumulative_rows_scanned": 5110826,
                                                    "operator_rows_scanned": 0,
                                                    "operator_timing": 1.2169648249999996,
                                                    "result_set_size": 66927104,
                                                    "children": [
                                                        {
                                                            "operator_name": "PROJECTION",
                                                            "cpu_time": 0.47515150400000067,
                                                            "extra_info": {
                                                                "Projections": [
                                                                    "displayname",
                                                                    "id",
                                                                    "upvotes",
                                                                    "downvotes",
                                                                    "reputation"
                                                                ],
                                                                "Estimated Cardinality": "3850116"
                                                            },
                                                            "cumulative_cardinality": 19930321,
                                                            "operator_type": "PROJECTION",
                                                            "operator_cardinality": 4574495,
                                                            "cumulative_rows_scanned": 5110826,
                                                            "operator_rows_scanned": 0,
                                                            "operator_timing": 0.0008347279999999969,
                                                            "result_set_size": 146383840,
                                                            "children": [
                                                                {
                                                                    "operator_name": "PROJECTION",
                                                                    "cpu_time": 0.47431677600000066,
                                                                    "extra_info": {
                                                                        "Projections": [
                                                                            "#0",
                                                                            "#1",
                                                                            "#2",
                                                                            "#3",
                                                                            "__internal_decompress_integral_integer(#4, 0)"
                                                                        ],
                                                                        "Estimated Cardinality": "3850116"
                                                                    },
                                                                    "cumulative_cardinality": 15355826,
                                                                    "operator_type": "PROJECTION",
                                                                    "operator_cardinality": 4574495,
                                                                    "cumulative_rows_scanned": 5110826,
                                                                    "operator_rows_scanned": 0,
                                                                    "operator_timing": 0.0021753510000000085,
                                                                    "result_set_size": 146383840,
                                                                    "children": [
                                                                        {
                                                                            "operator_name": "HASH_JOIN",
                                                                            "cpu_time": 0.47214142500000067,
                                                                            "extra_info": {
                                                                                "Join Type": "RIGHT",
                                                                                "Conditions": "owneruserid = id",
                                                                                "Estimated Cardinality": "3850116"
                                                                            },
                                                                            "cumulative_cardinality": 10781331,
                                                                            "operator_type": "HASH_JOIN",
                                                                            "operator_cardinality": 4574495,
                                                                            "cumulative_rows_scanned": 5110826,
                                                                            "operator_rows_scanned": 0,
                                                                            "operator_timing": 0.2881126950000007,
                                                                            "result_set_size": 137234850,
                                                                            "children": [
                                                                                {
                                                                                    "operator_name": "READ_PARQUET ",
                                                                                    "cpu_time": 0.08780386599999992,
                                                                                    "extra_info": {
                                                                                        "Function": "READ_PARQUET",
                                                                                        "Projections": [
                                                                                            "id",
                                                                                            "owneruserid"
                                                                                        ],
                                                                                        "Estimated Cardinality": "3850116"
                                                                                    },
                                                                                    "cumulative_cardinality": 3685416,
                                                                                    "operator_type": "TABLE_SCAN",
                                                                                    "operator_cardinality": 3685416,
                                                                                    "cumulative_rows_scanned": 3850116,
                                                                                    "operator_rows_scanned": 3850116,
                                                                                    "operator_timing": 0.08780386599999992,
                                                                                    "result_set_size": 29483328,
                                                                                    "children": []
                                                                                },
                                                                                {
                                                                                    "operator_name": "PROJECTION",
                                                                                    "cpu_time": 0.09622486400000006,
                                                                                    "extra_info": {
                                                                                        "Projections": [
                                                                                            "#0",
                                                                                            "#1",
                                                                                            "#2",
                                                                                            "#3",
                                                                                            "__internal_compress_integral_usmallint(#4, 0)"
                                                                                        ],
                                                                                        "Estimated Cardinality": "1260710"
                                                                                    },
                                                                                    "cumulative_cardinality": 2521420,
                                                                                    "operator_type": "PROJECTION",
                                                                                    "operator_cardinality": 1260710,
                                                                                    "cumulative_rows_scanned": 1260710,
                                                                                    "operator_rows_scanned": 0,
                                                                                    "operator_timing": 0.0005343929999999999,
                                                                                    "result_set_size": 37821300,
                                                                                    "children": [
                                                                                        {
                                                                                            "operator_name": "READ_PARQUET ",
                                                                                            "cpu_time": 0.09569047100000007,
                                                                                            "extra_info": {
                                                                                                "Function": "READ_PARQUET",
                                                                                                "Projections": [
                                                                                                    "id",
                                                                                                    "reputation",
                                                                                                    "displayname",
                                                                                                    "upvotes",
                                                                                                    "downvotes"
                                                                                                ],
                                                                                                "Estimated Cardinality": "1260710"
                                                                                            },
                                                                                            "cumulative_cardinality": 1260710,
                                                                                            "operator_type": "TABLE_SCAN",
                                                                                            "operator_cardinality": 1260710,
                                                                                            "cumulative_rows_scanned": 1260710,
                                                                                            "operator_rows_scanned": 1260710,
                                                                                            "operator_timing": 0.09569047100000007,
                                                                                            "result_set_size": 40342720,
                                                                                            "children": []
                                                                                        }
                                                                                    ]
                                                                                }
                                                                            ]
                                                                        }
                                                                    ]
                                                                }
                                                            ]
                                                        }
                                                    ]
                                                }
                                            ]
                                        }
                                    ]
                                }
                            ]
                        },
                        {
                            "operator_name": "HASH_GROUP_BY",
                            "cpu_time": 0.6022364189999994,
                            "extra_info": {
                                "Groups": "#0",
                                "Aggregates": [
                                    "count_star()",
                                    "sum(#1)",
                                    "sum(#2)"
                                ],
                                "Estimated Cardinality": "6372046"
                            },
                            "cumulative_cardinality": 38232308,
                            "operator_type": "HASH_GROUP_BY",
                            "operator_cardinality": 14,
                            "cumulative_rows_scanned": 12744108,
                            "operator_rows_scanned": 0,
                            "operator_timing": 0.2706325359999993,
                            "result_set_size": 784,
                            "children": [
                                {
                                    "operator_name": "PROJECTION",
                                    "cpu_time": 0.33160388300000004,
                                    "extra_info": {
                                        "Projections": [
                                            "name",
                                            "CASE  WHEN ((votetypeid = 2)) THEN (1) ELSE 0 END",
                                            "CASE  WHEN ((votetypeid = 3)) THEN (1) ELSE 0 END"
                                        ],
                                        "Estimated Cardinality": "12744093"
                                    },
                                    "cumulative_cardinality": 38232294,
                                    "operator_type": "PROJECTION",
                                    "operator_cardinality": 12744093,
                                    "cumulative_rows_scanned": 12744108,
                                    "operator_rows_scanned": 0,
                                    "operator_timing": 0.10005737800000002,
                                    "result_set_size": 305858232,
                                    "children": [
                                        {
                                            "operator_name": "HASH_JOIN",
                                            "cpu_time": 0.23154650500000004,
                                            "extra_info": {
                                                "Join Type": "INNER",
                                                "Conditions": "votetypeid = id",
                                                "Estimated Cardinality": "12744093"
                                            },
                                            "cumulative_cardinality": 25488201,
                                            "operator_type": "HASH_JOIN",
                                            "operator_cardinality": 12744093,
                                            "cumulative_rows_scanned": 12744108,
                                            "operator_rows_scanned": 0,
                                            "operator_timing": 0.03462261800000007,
                                            "result_set_size": 229393674,
                                            "children": [
                                                {
                                                    "operator_name": "READ_PARQUET ",
                                                    "cpu_time": 0.19661379799999995,
                                                    "extra_info": {
                                                        "Function": "READ_PARQUET",
                                                        "Projections": [
                                                            "id",
                                                            "votetypeid"
                                                        ],
                                                        "Estimated Cardinality": "12744093"
                                                    },
                                                    "cumulative_cardinality": 12744093,
                                                    "operator_type": "TABLE_SCAN",
                                                    "operator_cardinality": 12744093,
                                                    "cumulative_rows_scanned": 12744093,
                                                    "operator_rows_scanned": 12744093,
                                                    "operator_timing": 0.19661379799999995,
                                                    "result_set_size": 76464558,
                                                    "children": []
                                                },
                                                {
                                                    "operator_name": "READ_PARQUET ",
                                                    "cpu_time": 0.000310089,
                                                    "extra_info": {
                                                        "Function": "READ_PARQUET",
                                                        "Projections": [
                                                            "id",
                                                            "name"
                                                        ],
                                                        "Estimated Cardinality": "15"
                                                    },
                                                    "cumulative_cardinality": 15,
                                                    "operator_type": "TABLE_SCAN",
                                                    "operator_cardinality": 15,
                                                    "cumulative_rows_scanned": 15,
                                                    "operator_rows_scanned": 15,
                                                    "operator_timing": 0.000310089,
                                                    "result_set_size": 270,
                                                    "children": []
                                                }
                                            ]
                                        }
                                    ]
                                }
                            ]
                        }
                    ]
                }
            ]
        }
    ]
}