{
    "rows_returned": 317145,
    "query_name": "\nSELECT \n    p.Id AS PostId,\n    p.Title,\n    p.CreationDate,\n    p.ViewCount,\n    p.Score,\n    COUNT(c.Id) AS CommentCount,\n    COUNT(v.Id) AS VoteCount,\n    u.Reputation AS OwnerReputation,\n    u.DisplayName AS OwnerDisplayName,\n    p.LastActivityDate,\n    p.AcceptedAnswerId,\n    ph.CreationDate AS PostHistoryDate,\n    p.Body\nFROM \n    Posts p\nLEFT JOIN \n    Comments c ON p.Id = c.PostId\nLEFT JOIN \n    Votes v ON p.Id = v.PostId\nLEFT JOIN \n    Users u ON p.OwnerUserId = u.Id\nLEFT JOIN \n    PostHistory ph ON p.Id = ph.PostId\nWHERE \n    p.CreationDate >= TIMESTAMP '2024-10-01 12:34:56' - INTERVAL '1 year'\nGROUP BY \n    p.Id, p.Title, p.CreationDate, p.ViewCount, p.Score, u.Reputation, u.DisplayName, \n    p.LastActivityDate, p.AcceptedAnswerId, ph.CreationDate, p.Body\nORDER BY \n    p.Score DESC;\n",
    "blocked_thread_time": 0.0,
    "cpu_time": 6.119783760000002,
    "extra_info": {},
    "cumulative_cardinality": 44881088,
    "cumulative_rows_scanned": 36891985,
    "result_set_size": 34251660,
    "latency": 7.813160562,
    "children": [
        {
            "operator_name": "PROJECTION",
            "cpu_time": 6.119783760000002,
            "extra_info": {
                "Projections": [
                    "#0",
                    "#1",
                    "#2",
                    "#3",
                    "__internal_decompress_integral_integer(#4, -72)",
                    "#5",
                    "#6",
                    "#7",
                    "#8",
                    "#9",
                    "#10",
                    "#11",
                    "#12"
                ],
                "Estimated Cardinality": "3850116"
            },
            "cumulative_cardinality": 44881088,
            "operator_type": "PROJECTION",
            "operator_cardinality": 317145,
            "cumulative_rows_scanned": 36891985,
            "operator_rows_scanned": 0,
            "operator_timing": 0.00027051300000000006,
            "result_set_size": 34251660,
            "children": [
                {
                    "operator_name": "ORDER_BY",
                    "cpu_time": 6.119513247000001,
                    "extra_info": {
                        "Order By": "p.Score DESC"
                    },
                    "cumulative_cardinality": 44563943,
                    "operator_type": "ORDER_BY",
                    "operator_cardinality": 317145,
                    "cumulative_rows_scanned": 36891985,
                    "operator_rows_scanned": 0,
                    "operator_timing": 0.09532550799999998,
                    "result_set_size": 33617370,
                    "children": [
                        {
                            "operator_name": "PROJECTION",
                            "cpu_time": 6.024187739000001,
                            "extra_info": {
                                "Projections": [
                                    "#0",
                                    "#1",
                                    "#2",
                                    "#3",
                                    "__internal_compress_integral_usmallint(#4, -72)",
                                    "#5",
                                    "#6",
                                    "#7",
                                    "#8",
                                    "#9",
                                    "#10",
                                    "#11",
                                    "#12"
                                ],
                                "Estimated Cardinality": "3850116"
                            },
                            "cumulative_cardinality": 44246798,
                            "operator_type": "PROJECTION",
                            "operator_cardinality": 317145,
                            "cumulative_rows_scanned": 36891985,
                            "operator_rows_scanned": 0,
                            "operator_timing": 0.00018984999999999987,
                            "result_set_size": 33617370,
                            "children": [
                                {
                                    "operator_name": "PROJECTION",
                                    "cpu_time": 6.023997889000001,
                                    "extra_info": {
                                        "Projections": [
                                            "PostId",
                                            "title",
                                            "creationdate",
                                            "viewcount",
                                            "score",
                                            "CommentCount",
                                            "VoteCount",
                                            "OwnerReputation",
                                            "OwnerDisplayName",
                                            "lastactivitydate",
                                            "acceptedanswerid",
                                            "PostHistoryDate",
                                            "body"
                                        ],
                                        "Estimated Cardinality": "3850116"
                                    },
                                    "cumulative_cardinality": 43929653,
                                    "operator_type": "PROJECTION",
                                    "operator_cardinality": 317145,
                                    "cumulative_rows_scanned": 36891985,
                                    "operator_rows_scanned": 0,
                                    "operator_timing": 0.00010024100000000006,
                                    "result_set_size": 34251660,
                                    "children": [
                                        {
                                            "operator_name": "PROJECTION",
                                            "cpu_time": 6.023897648000001,
                                            "extra_info": {
                                                "Projections": [
                                                    "#0",
                                                    "#1",
                                                    "#2",
                                                    "#3",
                                                    "__internal_decompress_integral_integer(#4, -72)",
                                                    "#5",
                                                    "#6",
                                                    "#7",
                                                    "#8",
                                                    "#9",
                                                    "#10",
                                                    "#11",
                                                    "#12"
                                                ],
                                                "Estimated Cardinality": "3850116"
                                            },
                                            "cumulative_cardinality": 43612508,
                                            "operator_type": "PROJECTION",
                                            "operator_cardinality": 317145,
                                            "cumulative_rows_scanned": 36891985,
                                            "operator_rows_scanned": 0,
                                            "operator_timing": 0.00021225000000000014,
                                            "result_set_size": 34251660,
                                            "children": [
                                                {
                                                    "operator_name": "HASH_GROUP_BY",
                                                    "cpu_time": 6.023685398000001,
                                                    "extra_info": {
                                                        "Groups": [
                                                            "#0",
                                                            "#1",
                                                            "#2",
                                                            "#3",
                                                            "#4",
                                                            "#5",
                                                            "#6",
                                                            "#7",
                                                            "#8",
                                                            "#9",
                                                            "#10"
                                                        ],
                                                        "Aggregates": [
                                                            "count(#11)",
                                                            "count(#12)"
                                                        ],
                                                        "Estimated Cardinality": "3850116"
                                                    },
                                                    "cumulative_cardinality": 43295363,
                                                    "operator_type": "HASH_GROUP_BY",
                                                    "operator_cardinality": 317145,
                                                    "cumulative_rows_scanned": 36891985,
                                                    "operator_rows_scanned": 0,
                                                    "operator_timing": 2.9103555090000013,
                                                    "result_set_size": 33617370,
                                                    "children": [
                                                        {
                                                            "operator_name": "PROJECTION",
                                                            "cpu_time": 3.113329889,
                                                            "extra_info": {
                                                                "Projections": [
                                                                    "id",
                                                                    "title",
                                                                    "creationdate",
                                                                    "viewcount",
                                                                    "score",
                                                                    "reputation",
                                                                    "displayname",
                                                                    "lastactivitydate",
                                                                    "acceptedanswerid",
                                                                    "creationdate",
                                                                    "body",
                                                                    "id",
                                                                    "id"
                                                                ],
                                                                "Estimated Cardinality": "12744093"
                                                            },
                                                            "cumulative_cardinality": 42978218,
                                                            "operator_type": "PROJECTION",
                                                            "operator_cardinality": 4828945,
                                                            "cumulative_rows_scanned": 36891985,
                                                            "operator_rows_scanned": 0,
                                                            "operator_timing": 0.0019835350000000024,
                                                            "result_set_size": 473236610,
                                                            "children": [
                                                                {
                                                                    "operator_name": "PROJECTION",
                                                                    "cpu_time": 3.111346354,
                                                                    "extra_info": {
                                                                        "Projections": [
                                                                            "#1",
                                                                            "#2",
                                                                            "#3",
                                                                            "__internal_compress_integral_usmallint(#4, -72)",
                                                                            "#5",
                                                                            "#6",
                                                                            "#7",
                                                                            "#8",
                                                                            "#0",
                                                                            "#9",
                                                                            "#10",
                                                                            "#11",
                                                                            "#12"
                                                                        ],
                                                                        "Estimated Cardinality": "12744093"
                                                                    },
                                                                    "cumulative_cardinality": 38149273,
                                                                    "operator_type": "PROJECTION",
                                                                    "operator_cardinality": 4828945,
                                                                    "cumulative_rows_scanned": 36891985,
                                                                    "operator_rows_scanned": 0,
                                                                    "operator_timing": 0.00872575299999999,
                                                                    "result_set_size": 473236610,
                                                                    "children": [
                                                                        {
                                                                            "operator_name": "HASH_JOIN",
                                                                            "cpu_time": 3.1026206010000004,
                                                                            "extra_info": {
                                                                                "Join Type": "LEFT",
                                                                                "Conditions": "id = postid",
                                                                                "Estimated Cardinality": "12744093"
                                                                            },
                                                                            "cumulative_cardinality": 33320328,
                                                                            "operator_type": "HASH_JOIN",
                                                                            "operator_cardinality": 4828945,
                                                                            "cumulative_rows_scanned": 36891985,
                                                                            "operator_rows_scanned": 0,
                                                                            "operator_timing": 0.6080773639999992,
                                                                            "result_set_size": 482894500,
                                                                            "children": [
                                                                                {
                                                                                    "operator_name": "HASH_JOIN",
                                                                                    "cpu_time": 2.280256810000001,
                                                                                    "extra_info": {
                                                                                        "Join Type": "LEFT",
                                                                                        "Conditions": "owneruserid = id",
                                                                                        "Estimated Cardinality": "12744093"
                                                                                    },
                                                                                    "cumulative_cardinality": 16696139,
                                                                                    "operator_type": "HASH_JOIN",
                                                                                    "operator_cardinality": 954760,
                                                                                    "cumulative_rows_scanned": 25096741,
                                                                                    "operator_rows_scanned": 0,
                                                                                    "operator_timing": 0.11393473900000001,
                                                                                    "result_set_size": 87837920,
                                                                                    "children": [
                                                                                        {
                                                                                            "operator_name": "HASH_JOIN",
                                                                                            "cpu_time": 2.080863768000001,
                                                                                            "extra_info": {
                                                                                                "Join Type": "LEFT",
                                                                                                "Conditions": "id = postid",
                                                                                                "Estimated Cardinality": "12744093"
                                                                                            },
                                                                                            "cumulative_cardinality": 14480669,
                                                                                            "operator_type": "HASH_JOIN",
                                                                                            "operator_cardinality": 954760,
                                                                                            "cumulative_rows_scanned": 23836031,
                                                                                            "operator_rows_scanned": 0,
                                                                                            "operator_timing": 0.5170242050000008,
                                                                                            "result_set_size": 72561760,
                                                                                            "children": [
                                                                                                {
                                                                                                    "operator_name": "HASH_JOIN",
                                                                                                    "cpu_time": 1.4211939229999997,
                                                                                                    "extra_info": {
                                                                                                        "Join Type": "RIGHT",
                                                                                                        "Conditions": "postid = id",
                                                                                                        "Estimated Cardinality": "7241822"
                                                                                                    },
                                                                                                    "cumulative_cardinality": 781816,
                                                                                                    "operator_type": "HASH_JOIN",
                                                                                                    "operator_cardinality": 349210,
                                                                                                    "cumulative_rows_scanned": 11091938,
                                                                                                    "operator_rows_scanned": 0,
                                                                                                    "operator_timing": 0.06694914100000002,
                                                                                                    "result_set_size": 25143120,
                                                                                                    "children": [
                                                                                                        {
                                                                                                            "operator_name": "READ_PARQUET ",
                                                                                                            "cpu_time": 0.014515560999999991,
                                                                                                            "extra_info": {
                                                                                                                "Function": "READ_PARQUET",
                                                                                                                "Projections": [
                                                                                                                    "id",
                                                                                                                    "postid"
                                                                                                                ],
                                                                                                                "Estimated Cardinality": "7241822"
                                                                                                            },
                                                                                                            "cumulative_cardinality": 287064,
                                                                                                            "operator_type": "TABLE_SCAN",
                                                                                                            "operator_cardinality": 287064,
                                                                                                            "cumulative_rows_scanned": 7241822,
                                                                                                            "operator_rows_scanned": 7241822,
                                                                                                            "operator_timing": 0.014515560999999991,
                                                                                                            "result_set_size": 2296512,
                                                                                                            "children": []
                                                                                                        },
                                                                                                        {
                                                                                                            "operator_name": "READ_PARQUET ",
                                                                                                            "cpu_time": 1.3397292209999996,
                                                                                                            "extra_info": {
                                                                                                                "Function": "READ_PARQUET",
                                                                                                                "Projections": [
                                                                                                                    "id",
                                                                                                                    "acceptedanswerid",
                                                                                                                    "creationdate",
                                                                                                                    "score",
                                                                                                                    "viewcount",
                                                                                                                    "body",
                                                                                                                    "owneruserid",
                                                                                                                    "lastactivitydate",
                                                                                                                    "title"
                                                                                                                ],
                                                                                                                "Filters": "creationdate>='2023-10-01 12:34:56'::TIMESTAMP",
                                                                                                                "Estimated Cardinality": "770023"
                                                                                                            },
                                                                                                            "cumulative_cardinality": 145542,
                                                                                                            "operator_type": "TABLE_SCAN",
                                                                                                            "operator_cardinality": 145542,
                                                                                                            "cumulative_rows_scanned": 3850116,
                                                                                                            "operator_rows_scanned": 3850116,
                                                                                                            "operator_timing": 1.3397292209999996,
                                                                                                            "result_set_size": 9896856,
                                                                                                            "children": []
                                                                                                        }
                                                                                                    ]
                                                                                                },
                                                                                                {
                                                                                                    "operator_name": "READ_PARQUET ",
                                                                                                    "cpu_time": 0.14264564000000052,
                                                                                                    "extra_info": {
                                                                                                        "Function": "READ_PARQUET",
                                                                                                        "Projections": [
                                                                                                            "id",
                                                                                                            "postid"
                                                                                                        ],
                                                                                                        "Estimated Cardinality": "12744093"
                                                                                                    },
                                                                                                    "cumulative_cardinality": 12744093,
                                                                                                    "operator_type": "TABLE_SCAN",
                                                                                                    "operator_cardinality": 12744093,
                                                                                                    "cumulative_rows_scanned": 12744093,
                                                                                                    "operator_rows_scanned": 12744093,
                                                                                                    "operator_timing": 0.14264564000000052,
                                                                                                    "result_set_size": 101952744,
                                                                                                    "children": []
                                                                                                }
                                                                                            ]
                                                                                        },
                                                                                        {
                                                                                            "operator_name": "READ_PARQUET ",
                                                                                            "cpu_time": 0.08545830300000003,
                                                                                            "extra_info": {
                                                                                                "Function": "READ_PARQUET",
                                                                                                "Projections": [
                                                                                                    "id",
                                                                                                    "reputation",
                                                                                                    "displayname"
                                                                                                ],
                                                                                                "Estimated Cardinality": "1260710"
                                                                                            },
                                                                                            "cumulative_cardinality": 1260710,
                                                                                            "operator_type": "TABLE_SCAN",
                                                                                            "operator_cardinality": 1260710,
                                                                                            "cumulative_rows_scanned": 1260710,
                                                                                            "operator_rows_scanned": 1260710,
                                                                                            "operator_timing": 0.08545830300000003,
                                                                                            "result_set_size": 30257040,
                                                                                            "children": []
                                                                                        }
                                                                                    ]
                                                                                },
                                                                                {
                                                                                    "operator_name": "READ_PARQUET ",
                                                                                    "cpu_time": 0.21428642700000003,
                                                                                    "extra_info": {
                                                                                        "Function": "READ_PARQUET",
                                                                                        "Projections": [
                                                                                            "postid",
                                                                                            "creationdate"
                                                                                        ],
                                                                                        "Estimated Cardinality": "11795244"
                                                                                    },
                                                                                    "cumulative_cardinality": 11795244,
                                                                                    "operator_type": "TABLE_SCAN",
                                                                                    "operator_cardinality": 11795244,
                                                                                    "cumulative_rows_scanned": 11795244,
                                                                                    "operator_rows_scanned": 11795244,
                                                                                    "operator_timing": 0.21428642700000003,
                                                                                    "result_set_size": 141542928,
                                                                                    "children": []
                                                                                }
                                                                            ]
                                                                        }
                                                                    ]
                                                                }
                                                            ]
                                                        }
                                                    ]
                                                }
                                            ]
                                        }
                                    ]
                                }
                            ]
                        }
                    ]
                }
            ]
        }
    ]
}