{
    "rows_returned": 1023784,
    "query_name": "WITH UserVoteStats AS (\n    SELECT \n        u.Id AS UserId,\n        u.DisplayName,\n        COUNT(v.Id) AS TotalVotes,\n        SUM(CASE WHEN v.VoteTypeId = 2 THEN 1 ELSE 0 END) AS UpVotes,\n        SUM(CASE WHEN v.VoteTypeId = 3 THEN 1 ELSE 0 END) AS DownVotes\n    FROM \n        Users u\n    LEFT JOIN \n        Votes v ON u.Id = v.UserId\n    GROUP BY \n        u.Id, u.DisplayName\n),\nPostStats AS (\n    SELECT \n        p.Id AS PostId,\n        p.Title,\n        p.Score,\n        p.ViewCount,\n        COUNT(c.Id) AS CommentCount,\n        SUM(CASE WHEN v.VoteTypeId = 2 THEN 1 ELSE 0 END) AS UpVotes,\n        SUM(CASE WHEN v.VoteTypeId = 3 THEN 1 ELSE 0 END) AS DownVotes\n    FROM \n        Posts p\n    LEFT JOIN \n        Comments c ON p.Id = c.PostId\n    LEFT JOIN \n        Votes v ON p.Id = v.PostId\n    GROUP BY \n        p.Id, p.Title, p.Score, p.ViewCount\n)\nSELECT \n    u.UserId,\n    u.DisplayName,\n    u.TotalVotes,\n    u.UpVotes AS UserUpVotes,\n    u.DownVotes AS UserDownVotes,\n    p.PostId,\n    p.Title AS PostTitle,\n    p.Score AS PostScore,\n    p.ViewCount AS PostViewCount,\n    p.CommentCount,\n    p.UpVotes AS PostUpVotes,\n    p.DownVotes AS PostDownVotes\nFROM \n    UserVoteStats u\nJOIN \n    PostStats p ON u.UserId = p.PostId \nORDER BY \n    u.TotalVotes DESC, p.Score DESC;",
    "blocked_thread_time": 0.0,
    "cpu_time": 5.531398307999986,
    "extra_info": {},
    "cumulative_cardinality": 168890922,
    "cumulative_rows_scanned": 37840834,
    "result_set_size": 131044352,
    "latency": 9.428181533,
    "children": [
        {
            "operator_name": "PROJECTION",
            "cpu_time": 5.531398307999986,
            "extra_info": {
                "Projections": [
                    "#0",
                    "#1",
                    "#2",
                    "#3",
                    "#4",
                    "#5",
                    "#6",
                    "__internal_decompress_integral_integer(#7, -72)",
                    "#8",
                    "#9",
                    "#10",
                    "#11"
                ],
                "Estimated Cardinality": "3850116"
            },
            "cumulative_cardinality": 168890922,
            "operator_type": "PROJECTION",
            "operator_cardinality": 1023784,
            "cumulative_rows_scanned": 37840834,
            "operator_rows_scanned": 0,
            "operator_timing": 0.0005787370000000003,
            "result_set_size": 131044352,
            "children": [
                {
                    "operator_name": "ORDER_BY",
                    "cpu_time": 5.530819570999986,
                    "extra_info": {
                        "Order By": [
                            "u.TotalVotes DESC",
                            "p.Score DESC"
                        ]
                    },
                    "cumulative_cardinality": 167867138,
                    "operator_type": "ORDER_BY",
                    "operator_cardinality": 1023784,
                    "cumulative_rows_scanned": 37840834,
                    "operator_rows_scanned": 0,
                    "operator_timing": 0.12920042699999992,
                    "result_set_size": 128996784,
                    "children": [
                        {
                            "operator_name": "PROJECTION",
                            "cpu_time": 5.401619143999986,
                            "extra_info": {
                                "Projections": [
                                    "#0",
                                    "#1",
                                    "#2",
                                    "#3",
                                    "#4",
                                    "#5",
                                    "#6",
                                    "__internal_compress_integral_usmallint(#7, -72)",
                                    "#8",
                                    "#9",
                                    "#10",
                                    "#11"
                                ],
                                "Estimated Cardinality": "3850116"
                            },
                            "cumulative_cardinality": 166843354,
                            "operator_type": "PROJECTION",
                            "operator_cardinality": 1023784,
                            "cumulative_rows_scanned": 37840834,
                            "operator_rows_scanned": 0,
                            "operator_timing": 0.0012668350000000004,
                            "result_set_size": 128996784,
                            "children": [
                                {
                                    "operator_name": "PROJECTION",
                                    "cpu_time": 5.400352308999986,
                                    "extra_info": {
                                        "Projections": [
                                            "UserId",
                                            "displayname",
                                            "TotalVotes",
                                            "UserUpVotes",
                                            "UserDownVotes",
                                            "PostId",
                                            "PostTitle",
                                            "PostScore",
                                            "PostViewCount",
                                            "CommentCount",
                                            "PostUpVotes",
                                            "PostDownVotes"
                                        ],
                                        "Estimated Cardinality": "3850116"
                                    },
                                    "cumulative_cardinality": 165819570,
                                    "operator_type": "PROJECTION",
                                    "operator_cardinality": 1023784,
                                    "cumulative_rows_scanned": 37840834,
                                    "operator_rows_scanned": 0,
                                    "operator_timing": 0.0004260450000000011,
                                    "result_set_size": 131044352,
                                    "children": [
                                        {
                                            "operator_name": "HASH_JOIN",
                                            "cpu_time": 5.399926263999986,
                                            "extra_info": {
                                                "Join Type": "INNER",
                                                "Conditions": "PostId = UserId",
                                                "Estimated Cardinality": "3850116"
                                            },
                                            "cumulative_cardinality": 164795786,
                                            "operator_type": "HASH_JOIN",
                                            "operator_cardinality": 1023784,
                                            "cumulative_rows_scanned": 37840834,
                                            "operator_rows_scanned": 0,
                                            "operator_timing": 0.14101044100000001,
                                            "result_set_size": 126949216,
                                            "children": [
                                                {
                                                    "operator_name": "PROJECTION",
                                                    "cpu_time": 4.510038561999986,
                                                    "extra_info": {
                                                        "Projections": [
                                                            "#0",
                                                            "#1",
                                                            "__internal_decompress_integral_integer(#2, -72)",
                                                            "#3",
                                                            "#4",
                                                            "#5",
                                                            "#6"
                                                        ],
                                                        "Estimated Cardinality": "3850116"
                                                    },
                                                    "cumulative_cardinality": 157350715,
                                                    "operator_type": "PROJECTION",
                                                    "operator_cardinality": 1156110,
                                                    "cumulative_rows_scanned": 23836031,
                                                    "operator_rows_scanned": 0,
                                                    "operator_timing": 0.0005855719999999995,
                                                    "result_set_size": 78615480,
                                                    "children": [
                                                        {
                                                            "operator_name": "HASH_GROUP_BY",
                                                            "cpu_time": 4.509452989999986,
                                                            "extra_info": {
                                                                "Groups": [
                                                                    "#0",
                                                                    "#1",
                                                                    "#2",
                                                                    "#3"
                                                                ],
                                                                "Aggregates": [
                                                                    "count(#4)",
                                                                    "sum(#5)",
                                                                    "sum(#6)"
                                                                ],
                                                                "Estimated Cardinality": "3850116"
                                                            },
                                                            "cumulative_cardinality": 156194605,
                                                            "operator_type": "HASH_GROUP_BY",
                                                            "operator_cardinality": 1156110,
                                                            "cumulative_rows_scanned": 23836031,
                                                            "operator_rows_scanned": 0,
                                                            "operator_timing": 1.0077724640000025,
                                                            "result_set_size": 76303260,
                                                            "children": [
                                                                {
                                                                    "operator_name": "PROJECTION",
                                                                    "cpu_time": 3.5016805259999826,
                                                                    "extra_info": {
                                                                        "Projections": [
                                                                            "id",
                                                                            "title",
                                                                            "score",
                                                                            "viewcount",
                                                                            "id",
                                                                            "CASE  WHEN ((votetypeid = 2)) THEN (1) ELSE 0 END",
                                                                            "CASE  WHEN ((votetypeid = 3)) THEN (1) ELSE 0 END"
                                                                        ],
                                                                        "Estimated Cardinality": "12744093"
                                                                    },
                                                                    "cumulative_cardinality": 155038495,
                                                                    "operator_type": "PROJECTION",
                                                                    "operator_cardinality": 16359490,
                                                                    "cumulative_rows_scanned": 23836031,
                                                                    "operator_rows_scanned": 0,
                                                                    "operator_timing": 0.10402820499999998,
                                                                    "result_set_size": 621660620,
                                                                    "children": [
                                                                        {
                                                                            "operator_name": "PROJECTION",
                                                                            "cpu_time": 3.3976523209999825,
                                                                            "extra_info": {
                                                                                "Projections": [
                                                                                    "#0",
                                                                                    "#1",
                                                                                    "#2",
                                                                                    "__internal_compress_integral_usmallint(#3, -72)",
                                                                                    "#4",
                                                                                    "#5"
                                                                                ],
                                                                                "Estimated Cardinality": "12744093"
                                                                            },
                                                                            "cumulative_cardinality": 138679005,
                                                                            "operator_type": "PROJECTION",
                                                                            "operator_cardinality": 16359490,
                                                                            "cumulative_rows_scanned": 23836031,
                                                                            "operator_rows_scanned": 0,
                                                                            "operator_timing": 0.007690753999999984,
                                                                            "result_set_size": 523503680,
                                                                            "children": [
                                                                                {
                                                                                    "operator_name": "PROJECTION",
                                                                                    "cpu_time": 3.3899615669999825,
                                                                                    "extra_info": {
                                                                                        "Projections": [
                                                                                            "#0",
                                                                                            "#1",
                                                                                            "#2",
                                                                                            "__internal_decompress_integral_integer(#3, -72)",
                                                                                            "#4",
                                                                                            "#5"
                                                                                        ],
                                                                                        "Estimated Cardinality": "12744093"
                                                                                    },
                                                                                    "cumulative_cardinality": 122319515,
                                                                                    "operator_type": "PROJECTION",
                                                                                    "operator_cardinality": 16359490,
                                                                                    "cumulative_rows_scanned": 23836031,
                                                                                    "operator_rows_scanned": 0,
                                                                                    "operator_timing": 0.008356874999999916,
                                                                                    "result_set_size": 556222660,
                                                                                    "children": [
                                                                                        {
                                                                                            "operator_name": "FILTER",
                                                                                            "cpu_time": 3.3816046919999825,
                                                                                            "extra_info": {
                                                                                                "Expression": "(#2 <= 1416570)",
                                                                                                "Estimated Cardinality": "12744093"
                                                                                            },
                                                                                            "cumulative_cardinality": 105960025,
                                                                                            "operator_type": "FILTER",
                                                                                            "operator_cardinality": 16359490,
                                                                                            "cumulative_rows_scanned": 23836031,
                                                                                            "operator_rows_scanned": 0,
                                                                                            "operator_timing": 0.05993571999999999,
                                                                                            "result_set_size": 523503680,
                                                                                            "children": [
                                                                                                {
                                                                                                    "operator_name": "HASH_JOIN",
                                                                                                    "cpu_time": 3.3216689719999826,
                                                                                                    "extra_info": {
                                                                                                        "Join Type": "RIGHT",
                                                                                                        "Conditions": "postid = id",
                                                                                                        "Estimated Cardinality": "12744093"
                                                                                                    },
                                                                                                    "cumulative_cardinality": 89600535,
                                                                                                    "operator_type": "HASH_JOIN",
                                                                                                    "operator_cardinality": 35129590,
                                                                                                    "cumulative_rows_scanned": 23836031,
                                                                                                    "operator_rows_scanned": 0,
                                                                                                    "operator_timing": 1.8849912499999841,
                                                                                                    "result_set_size": 1124146880,
                                                                                                    "children": [
                                                                                                        {
                                                                                                            "operator_name": "READ_PARQUET ",
                                                                                                            "cpu_time": 0.22542481199999934,
                                                                                                            "extra_info": {
                                                                                                                "Function": "READ_PARQUET",
                                                                                                                "Projections": [
                                                                                                                    "postid",
                                                                                                                    "votetypeid"
                                                                                                                ],
                                                                                                                "Estimated Cardinality": "12744093"
                                                                                                            },
                                                                                                            "cumulative_cardinality": 12744093,
                                                                                                            "operator_type": "TABLE_SCAN",
                                                                                                            "operator_cardinality": 12744093,
                                                                                                            "cumulative_rows_scanned": 12744093,
                                                                                                            "operator_rows_scanned": 12744093,
                                                                                                            "operator_timing": 0.22542481199999934,
                                                                                                            "result_set_size": 76464558,
                                                                                                            "children": []
                                                                                                        },
                                                                                                        {
                                                                                                            "operator_name": "PROJECTION",
                                                                                                            "cpu_time": 1.2112529099999991,
                                                                                                            "extra_info": {
                                                                                                                "Projections": [
                                                                                                                    "#0",
                                                                                                                    "#1",
                                                                                                                    "__internal_compress_integral_usmallint(#2, -72)",
                                                                                                                    "#3",
                                                                                                                    "#4"
                                                                                                                ],
                                                                                                                "Estimated Cardinality": "7241822"
                                                                                                            },
                                                                                                            "cumulative_cardinality": 41726852,
                                                                                                            "operator_type": "PROJECTION",
                                                                                                            "operator_cardinality": 8928266,
                                                                                                            "cumulative_rows_scanned": 11091938,
                                                                                                            "operator_rows_scanned": 0,
                                                                                                            "operator_timing": 0.003501556000000008,
                                                                                                            "result_set_size": 267847980,
                                                                                                            "children": [
                                                                                                                {
                                                                                                                    "operator_name": "PROJECTION",
                                                                                                                    "cpu_time": 1.207751353999999,
                                                                                                                    "extra_info": {
                                                                                                                        "Projections": [
                                                                                                                            "#0",
                                                                                                                            "#1",
                                                                                                                            "__internal_decompress_integral_integer(#2, -72)",
                                                                                                                            "#3",
                                                                                                                            "#4"
                                                                                                                        ],
                                                                                                                        "Estimated Cardinality": "7241822"
                                                                                                                    },
                                                                                                                    "cumulative_cardinality": 32798586,
                                                                                                                    "operator_type": "PROJECTION",
                                                                                                                    "operator_cardinality": 8928266,
                                                                                                                    "cumulative_rows_scanned": 11091938,
                                                                                                                    "operator_rows_scanned": 0,
                                                                                                                    "operator_timing": 0.003974759000000001,
                                                                                                                    "result_set_size": 285704512,
                                                                                                                    "children": [
                                                                                                                        {
                                                                                                                            "operator_name": "HASH_JOIN",
                                                                                                                            "cpu_time": 1.203776594999999,
                                                                                                                            "extra_info": {
                                                                                                                                "Join Type": "RIGHT",
                                                                                                                                "Conditions": "postid = id",
                                                                                                                                "Estimated Cardinality": "7241822"
                                                                                                                            },
                                                                                                                            "cumulative_cardinality": 23870320,
                                                                                                                            "operator_type": "HASH_JOIN",
                                                                                                                            "operator_cardinality": 8928266,
                                                                                                                            "cumulative_rows_scanned": 11091938,
                                                                                                                            "operator_rows_scanned": 0,
                                                                                                                            "operator_timing": 0.7090474919999991,
                                                                                                                            "result_set_size": 267847980,
                                                                                                                            "children": [
                                                                                                                                {
                                                                                                                                    "operator_name": "READ_PARQUET ",
                                                                                                                                    "cpu_time": 0.13058737599999995,
                                                                                                                                    "extra_info": {
                                                                                                                                        "Function": "READ_PARQUET",
                                                                                                                                        "Projections": [
                                                                                                                                            "id",
                                                                                                                                            "postid"
                                                                                                                                        ],
                                                                                                                                        "Estimated Cardinality": "7241822"
                                                                                                                                    },
                                                                                                                                    "cumulative_cardinality": 7241822,
                                                                                                                                    "operator_type": "TABLE_SCAN",
                                                                                                                                    "operator_cardinality": 7241822,
                                                                                                                                    "cumulative_rows_scanned": 7241822,
                                                                                                                                    "operator_rows_scanned": 7241822,
                                                                                                                                    "operator_timing": 0.13058737599999995,
                                                                                                                                    "result_set_size": 57934576,
                                                                                                                                    "children": []
                                                                                                                                },
                                                                                                                                {
                                                                                                                                    "operator_name": "PROJECTION",
                                                                                                                                    "cpu_time": 0.36414172699999997,
                                                                                                                                    "extra_info": {
                                                                                                                                        "Projections": [
                                                                                                                                            "#0",
                                                                                                                                            "__internal_compress_integral_usmallint(#1, -72)",
                                                                                                                                            "#2",
                                                                                                                                            "#3"
                                                                                                                                        ],
                                                                                                                                        "Estimated Cardinality": "3850116"
                                                                                                                                    },
                                                                                                                                    "cumulative_cardinality": 7700232,
                                                                                                                                    "operator_type": "PROJECTION",
                                                                                                                                    "operator_cardinality": 3850116,
                                                                                                                                    "cumulative_rows_scanned": 3850116,
                                                                                                                                    "operator_rows_scanned": 0,
                                                                                                                                    "operator_timing": 0.0017674040000000063,
                                                                                                                                    "result_set_size": 100103016,
                                                                                                                                    "children": [
                                                                                                                                        {
                                                                                                                                            "operator_name": "READ_PARQUET ",
                                                                                                                                            "cpu_time": 0.36237432299999994,
                                                                                                                                            "extra_info": {
                                                                                                                                                "Function": "READ_PARQUET",
                                                                                                                                                "Projections": [
                                                                                                                                                    "id",
                                                                                                                                                    "score",
                                                                                                                                                    "viewcount",
                                                                                                                                                    "title"
                                                                                                                                                ],
                                                                                                                                                "Estimated Cardinality": "3850116"
                                                                                                                                            },
                                                                                                                                            "cumulative_cardinality": 3850116,
                                                                                                                                            "operator_type": "TABLE_SCAN",
                                                                                                                                            "operator_cardinality": 3850116,
                                                                                                                                            "cumulative_rows_scanned": 3850116,
                                                                                                                                            "operator_rows_scanned": 3850116,
                                                                                                                                            "operator_timing": 0.36237432299999994,
                                                                                                                                            "result_set_size": 107803248,
                                                                                                                                            "children": []
                                                                                                                                        }
                                                                                                                                    ]
                                                                                                                                }
                                                                                                                            ]
                                                                                                                        }
                                                                                                                    ]
                                                                                                                }
                                                                                                            ]
                                                                                                        }
                                                                                                    ]
                                                                                                }
                                                                                            ]
                                                                                        }
                                                                                    ]
                                                                                }
                                                                            ]
                                                                        }
                                                                    ]
                                                                }
                                                            ]
                                                        }
                                                    ]
                                                },
                                                {
                                                    "operator_name": "HASH_GROUP_BY",
                                                    "cpu_time": 0.7488772610000003,
                                                    "extra_info": {
                                                        "Groups": [
                                                            "#0",
                                                            "#1"
                                                        ],
                                                        "Aggregates": [
                                                            "count(#2)",
                                                            "sum(#3)",
                                                            "sum(#4)"
                                                        ],
                                                        "Estimated Cardinality": "1260710"
                                                    },
                                                    "cumulative_cardinality": 6421287,
                                                    "operator_type": "HASH_GROUP_BY",
                                                    "operator_cardinality": 1260709,
                                                    "cumulative_rows_scanned": 14004803,
                                                    "operator_rows_scanned": 0,
                                                    "operator_timing": 0.3155751729999996,
                                                    "result_set_size": 75642540,
                                                    "children": [
                                                        {
                                                            "operator_name": "PROJECTION",
                                                            "cpu_time": 0.43330208800000075,
                                                            "extra_info": {
                                                                "Projections": [
                                                                    "id",
                                                                    "displayname",
                                                                    "id",
                                                                    "CASE  WHEN ((votetypeid = 2)) THEN (1) ELSE 0 END",
                                                                    "CASE  WHEN ((votetypeid = 3)) THEN (1) ELSE 0 END"
                                                                ],
                                                                "Estimated Cardinality": "12744093"
                                                            },
                                                            "cumulative_cardinality": 5160578,
                                                            "operator_type": "PROJECTION",
                                                            "operator_cardinality": 1285363,
                                                            "cumulative_rows_scanned": 14004803,
                                                            "operator_rows_scanned": 0,
                                                            "operator_timing": 0.0024523819999999995,
                                                            "result_set_size": 41131616,
                                                            "children": [
                                                                {
                                                                    "operator_name": "FILTER",
                                                                    "cpu_time": 0.4308497060000008,
                                                                    "extra_info": {
                                                                        "Expression": "(id >= 1)",
                                                                        "Estimated Cardinality": "12744093"
                                                                    },
                                                                    "cumulative_cardinality": 3875215,
                                                                    "operator_type": "FILTER",
                                                                    "operator_cardinality": 1285363,
                                                                    "cumulative_rows_scanned": 14004803,
                                                                    "operator_rows_scanned": 0,
                                                                    "operator_timing": 0.001693423000000002,
                                                                    "result_set_size": 33419438,
                                                                    "children": [
                                                                        {
                                                                            "operator_name": "HASH_JOIN",
                                                                            "cpu_time": 0.42915628300000075,
                                                                            "extra_info": {
                                                                                "Join Type": "RIGHT",
                                                                                "Conditions": "userid = id",
                                                                                "Estimated Cardinality": "12744093"
                                                                            },
                                                                            "cumulative_cardinality": 2589852,
                                                                            "operator_type": "HASH_JOIN",
                                                                            "operator_cardinality": 1288855,
                                                                            "cumulative_rows_scanned": 14004803,
                                                                            "operator_rows_scanned": 0,
                                                                            "operator_timing": 0.0981151040000007,
                                                                            "result_set_size": 33510230,
                                                                            "children": [
                                                                                {
                                                                                    "operator_name": "READ_PARQUET ",
                                                                                    "cpu_time": 0.2532174720000001,
                                                                                    "extra_info": {
                                                                                        "Function": "READ_PARQUET",
                                                                                        "Projections": [
                                                                                            "id",
                                                                                            "votetypeid",
                                                                                            "userid"
                                                                                        ],
                                                                                        "Estimated Cardinality": "12744093"
                                                                                    },
                                                                                    "cumulative_cardinality": 40287,
                                                                                    "operator_type": "TABLE_SCAN",
                                                                                    "operator_cardinality": 40287,
                                                                                    "cumulative_rows_scanned": 12744093,
                                                                                    "operator_rows_scanned": 12744093,
                                                                                    "operator_timing": 0.2532174720000001,
                                                                                    "result_set_size": 402870,
                                                                                    "children": []
                                                                                },
                                                                                {
                                                                                    "operator_name": "READ_PARQUET ",
                                                                                    "cpu_time": 0.07782370699999994,
                                                                                    "extra_info": {
                                                                                        "Function": "READ_PARQUET",
                                                                                        "Projections": [
                                                                                            "id",
                                                                                            "displayname"
                                                                                        ],
                                                                                        "Estimated Cardinality": "1260710"
                                                                                    },
                                                                                    "cumulative_cardinality": 1260710,
                                                                                    "operator_type": "TABLE_SCAN",
                                                                                    "operator_cardinality": 1260710,
                                                                                    "cumulative_rows_scanned": 1260710,
                                                                                    "operator_rows_scanned": 1260710,
                                                                                    "operator_timing": 0.07782370699999994,
                                                                                    "result_set_size": 25214200,
                                                                                    "children": []
                                                                                }
                                                                            ]
                                                                        }
                                                                    ]
                                                                }
                                                            ]
                                                        }
                                                    ]
                                                }
                                            ]
                                        }
                                    ]
                                }
                            ]
                        }
                    ]
                }
            ]
        }
    ]
}