{
    "rows_returned": 100,
    "query_name": "WITH PostActivity AS (\n    SELECT \n        p.Id AS PostId,\n        p.Title,\n        p.PostTypeId,\n        p.CreationDate,\n        p.Score,\n        p.ViewCount,\n        p.AnswerCount,\n        p.CommentCount,\n        p.FavoriteCount,\n        u.Id AS OwnerUserId,\n        u.Reputation AS OwnerReputation,\n        u.DisplayName AS OwnerDisplayName\n    FROM \n        Posts p\n    JOIN \n        Users u ON p.OwnerUserId = u.Id\n),\nVoteCounts AS (\n    SELECT \n        PostId,\n        COUNT(CASE WHEN VoteTypeId = 2 THEN 1 END) AS UpVotes,\n        COUNT(CASE WHEN VoteTypeId = 3 THEN 1 END) AS DownVotes,\n        COUNT(CASE WHEN VoteTypeId = 6 OR VoteTypeId = 10 THEN 1 END) AS CloseVotes\n    FROM \n        Votes\n    GROUP BY \n        PostId\n),\nCommentCounts AS (\n    SELECT \n        PostId,\n        COUNT(*) AS TotalComments\n    FROM \n        Comments\n    GROUP BY \n        PostId\n),\nFinalResults AS (\n    SELECT \n        pa.PostId,\n        pa.Title,\n        pa.CreationDate,\n        pa.Score,\n        pa.ViewCount,\n        pa.AnswerCount,\n        pa.CommentCount,\n        pa.FavoriteCount,\n        pa.OwnerUserId,\n        pa.OwnerReputation,\n        pa.OwnerDisplayName,\n        COALESCE(vc.UpVotes, 0) AS UpVotes,\n        COALESCE(vc.DownVotes, 0) AS DownVotes,\n        COALESCE(vc.CloseVotes, 0) AS CloseVotes,\n        COALESCE(cc.TotalComments, 0) AS TotalComments\n    FROM \n        PostActivity pa\n    LEFT JOIN \n        VoteCounts vc ON pa.PostId = vc.PostId\n    LEFT JOIN \n        CommentCounts cc ON pa.PostId = cc.PostId\n)\n\nSELECT \n    *,\n    (UpVotes - DownVotes) AS VoteBalance,\n    (Score + UpVotes - DownVotes + TotalComments) AS EngagementScore\nFROM \n    FinalResults\nORDER BY \n    EngagementScore DESC\nLIMIT 100;",
    "blocked_thread_time": 0.0,
    "cpu_time": 3.7385008570000022,
    "extra_info": {},
    "cumulative_cardinality": 76853028,
    "cumulative_rows_scanned": 25096741,
    "result_set_size": 12000,
    "latency": 4.577143938,
    "children": [
        {
            "operator_name": "STREAMING_LIMIT",
            "cpu_time": 3.7385008570000022,
            "extra_info": {},
            "cumulative_cardinality": 76853028,
            "operator_type": "STREAMING_LIMIT",
            "operator_cardinality": 100,
            "cumulative_rows_scanned": 25096741,
            "operator_rows_scanned": 0,
            "operator_timing": 0.000001612,
            "result_set_size": 12000,
            "children": [
                {
                    "operator_name": "PROJECTION",
                    "cpu_time": 3.738499245000002,
                    "extra_info": {
                        "Projections": [
                            "#0",
                            "#1",
                            "#2",
                            "__internal_decompress_integral_integer(#3, -72)",
                            "#4",
                            "__internal_decompress_integral_integer(#5, 0)",
                            "__internal_decompress_integral_integer(#6, 0)",
                            "#7",
                            "#8",
                            "#9",
                            "#10",
                            "#11",
                            "#12",
                            "#13",
                            "#14",
                            "#15",
                            "#16"
                        ],
                        "Estimated Cardinality": "6372046"
                    },
                    "cumulative_cardinality": 76852928,
                    "operator_type": "PROJECTION",
                    "operator_cardinality": 4096,
                    "cumulative_rows_scanned": 25096741,
                    "operator_rows_scanned": 0,
                    "operator_timing": 0.00002139,
                    "result_set_size": 491520,
                    "children": [
                        {
                            "operator_name": "ORDER_BY",
                            "cpu_time": 3.738477855000002,
                            "extra_info": {
                                "Order By": "(((FinalResults.Score + FinalResults.UpVotes) - FinalResults.DownVotes) + FinalResults.TotalComments) DESC"
                            },
                            "cumulative_cardinality": 76848832,
                            "operator_type": "ORDER_BY",
                            "operator_cardinality": 4096,
                            "cumulative_rows_scanned": 25096741,
                            "operator_rows_scanned": 0,
                            "operator_timing": 0.4778041589999985,
                            "result_set_size": 458752,
                            "children": [
                                {
                                    "operator_name": "PROJECTION",
                                    "cpu_time": 3.2606736960000036,
                                    "extra_info": {
                                        "Projections": [
                                            "#0",
                                            "#1",
                                            "#2",
                                            "__internal_compress_integral_usmallint(#3, -72)",
                                            "#4",
                                            "__internal_compress_integral_utinyint(#5, 0)",
                                            "__internal_compress_integral_utinyint(#6, 0)",
                                            "#7",
                                            "#8",
                                            "#9",
                                            "#10",
                                            "#11",
                                            "#12",
                                            "#13",
                                            "#14",
                                            "#15",
                                            "#16"
                                        ],
                                        "Estimated Cardinality": "6372046"
                                    },
                                    "cumulative_cardinality": 76844736,
                                    "operator_type": "PROJECTION",
                                    "operator_cardinality": 3685416,
                                    "cumulative_rows_scanned": 25096741,
                                    "operator_rows_scanned": 0,
                                    "operator_timing": 0.021341731000000023,
                                    "result_set_size": 412766592,
                                    "children": [
                                        {
                                            "operator_name": "PROJECTION",
                                            "cpu_time": 3.2393319650000034,
                                            "extra_info": {
                                                "Projections": [
                                                    "PostId",
                                                    "title",
                                                    "creationdate",
                                                    "score",
                                                    "viewcount",
                                                    "answercount",
                                                    "commentcount",
                                                    "favoritecount",
                                                    "OwnerUserId",
                                                    "OwnerReputation",
                                                    "OwnerDisplayName",
                                                    "UpVotes",
                                                    "DownVotes",
                                                    "CloseVotes",
                                                    "TotalComments",
                                                    "VoteBalance",
                                                    "EngagementScore"
                                                ],
                                                "Estimated Cardinality": "6372046"
                                            },
                                            "cumulative_cardinality": 73159320,
                                            "operator_type": "PROJECTION",
                                            "operator_cardinality": 3685416,
                                            "cumulative_rows_scanned": 25096741,
                                            "operator_rows_scanned": 0,
                                            "operator_timing": 0.06638328399999982,
                                            "result_set_size": 442249920,
                                            "children": [
                                                {
                                                    "operator_name": "PROJECTION",
                                                    "cpu_time": 3.172948681000004,
                                                    "extra_info": {
                                                        "Projections": [
                                                            "PostId",
                                                            "title",
                                                            "creationdate",
                                                            "score",
                                                            "viewcount",
                                                            "answercount",
                                                            "commentcount",
                                                            "favoritecount",
                                                            "OwnerUserId",
                                                            "OwnerReputation",
                                                            "OwnerDisplayName",
                                                            "UpVotes",
                                                            "DownVotes",
                                                            "CloseVotes",
                                                            "TotalComments"
                                                        ],
                                                        "Estimated Cardinality": "6372046"
                                                    },
                                                    "cumulative_cardinality": 69473904,
                                                    "operator_type": "PROJECTION",
                                                    "operator_cardinality": 3685416,
                                                    "cumulative_rows_scanned": 25096741,
                                                    "operator_rows_scanned": 0,
                                                    "operator_timing": 0.20021231700000025,
                                                    "result_set_size": 383283264,
                                                    "children": [
                                                        {
                                                            "operator_name": "HASH_JOIN",
                                                            "cpu_time": 2.9727363640000037,
                                                            "extra_info": {
                                                                "Join Type": "LEFT",
                                                                "Conditions": "PostId = postid",
                                                                "Estimated Cardinality": "6372046"
                                                            },
                                                            "cumulative_cardinality": 65788488,
                                                            "operator_type": "HASH_JOIN",
                                                            "operator_cardinality": 3685416,
                                                            "cumulative_rows_scanned": 25096741,
                                                            "operator_rows_scanned": 0,
                                                            "operator_timing": 0.3301665130000022,
                                                            "result_set_size": 383283264,
                                                            "children": [
                                                                {
                                                                    "operator_name": "HASH_JOIN",
                                                                    "cpu_time": 2.3754006940000014,
                                                                    "extra_info": {
                                                                        "Join Type": "LEFT",
                                                                        "Conditions": "PostId = postid",
                                                                        "Estimated Cardinality": "6372046"
                                                                    },
                                                                    "cumulative_cardinality": 45455756,
                                                                    "operator_type": "HASH_JOIN",
                                                                    "operator_cardinality": 3685416,
                                                                    "cumulative_rows_scanned": 17854919,
                                                                    "operator_rows_scanned": 0,
                                                                    "operator_timing": 0.49585619600000136,
                                                                    "result_set_size": 353799936,
                                                                    "children": [
                                                                        {
                                                                            "operator_name": "PROJECTION",
                                                                            "cpu_time": 0.9152436109999998,
                                                                            "extra_info": {
                                                                                "Projections": [
                                                                                    "PostId",
                                                                                    "title",
                                                                                    "creationdate",
                                                                                    "score",
                                                                                    "viewcount",
                                                                                    "answercount",
                                                                                    "commentcount",
                                                                                    "favoritecount",
                                                                                    "OwnerUserId",
                                                                                    "OwnerReputation",
                                                                                    "OwnerDisplayName"
                                                                                ],
                                                                                "Estimated Cardinality": "3850116"
                                                                            },
                                                                            "cumulative_cardinality": 12316927,
                                                                            "operator_type": "PROJECTION",
                                                                            "operator_cardinality": 3685416,
                                                                            "cumulative_rows_scanned": 5110826,
                                                                            "operator_rows_scanned": 0,
                                                                            "operator_timing": 0.0013358800000000009,
                                                                            "result_set_size": 265349952,
                                                                            "children": [
                                                                                {
                                                                                    "operator_name": "HASH_JOIN",
                                                                                    "cpu_time": 0.9139077309999999,
                                                                                    "extra_info": {
                                                                                        "Join Type": "INNER",
                                                                                        "Conditions": "owneruserid = id",
                                                                                        "Estimated Cardinality": "3850116"
                                                                                    },
                                                                                    "cumulative_cardinality": 8631511,
                                                                                    "operator_type": "HASH_JOIN",
                                                                                    "operator_cardinality": 3685416,
                                                                                    "cumulative_rows_scanned": 5110826,
                                                                                    "operator_rows_scanned": 0,
                                                                                    "operator_timing": 0.29010936599999965,
                                                                                    "result_set_size": 265349952,
                                                                                    "children": [
                                                                                        {
                                                                                            "operator_name": "READ_PARQUET ",
                                                                                            "cpu_time": 0.5311349920000004,
                                                                                            "extra_info": {
                                                                                                "Function": "READ_PARQUET",
                                                                                                "Projections": [
                                                                                                    "id",
                                                                                                    "creationdate",
                                                                                                    "score",
                                                                                                    "viewcount",
                                                                                                    "owneruserid",
                                                                                                    "title",
                                                                                                    "answercount",
                                                                                                    "commentcount",
                                                                                                    "favoritecount"
                                                                                                ],
                                                                                                "Estimated Cardinality": "3850116"
                                                                                            },
                                                                                            "cumulative_cardinality": 3685416,
                                                                                            "operator_type": "TABLE_SCAN",
                                                                                            "operator_cardinality": 3685416,
                                                                                            "cumulative_rows_scanned": 3850116,
                                                                                            "operator_rows_scanned": 3850116,
                                                                                            "operator_timing": 0.5311349920000004,
                                                                                            "result_set_size": 191641632,
                                                                                            "children": []
                                                                                        },
                                                                                        {
                                                                                            "operator_name": "READ_PARQUET ",
                                                                                            "cpu_time": 0.09266337299999988,
                                                                                            "extra_info": {
                                                                                                "Function": "READ_PARQUET",
                                                                                                "Projections": [
                                                                                                    "id",
                                                                                                    "reputation",
                                                                                                    "displayname"
                                                                                                ],
                                                                                                "Filters": "id<=1416539",
                                                                                                "Estimated Cardinality": "1260710"
                                                                                            },
                                                                                            "cumulative_cardinality": 1260679,
                                                                                            "operator_type": "TABLE_SCAN",
                                                                                            "operator_cardinality": 1260679,
                                                                                            "cumulative_rows_scanned": 1260710,
                                                                                            "operator_rows_scanned": 1260710,
                                                                                            "operator_timing": 0.09266337299999988,
                                                                                            "result_set_size": 30256296,
                                                                                            "children": []
                                                                                        }
                                                                                    ]
                                                                                }
                                                                            ]
                                                                        },
                                                                        {
                                                                            "operator_name": "HASH_GROUP_BY",
                                                                            "cpu_time": 0.9643008870000005,
                                                                            "extra_info": {
                                                                                "Groups": "#0",
                                                                                "Aggregates": [
                                                                                    "count(#1)",
                                                                                    "count(#2)",
                                                                                    "count(#3)"
                                                                                ],
                                                                                "Estimated Cardinality": "6372046"
                                                                            },
                                                                            "cumulative_cardinality": 29453413,
                                                                            "operator_type": "HASH_GROUP_BY",
                                                                            "operator_cardinality": 3965227,
                                                                            "cumulative_rows_scanned": 12744093,
                                                                            "operator_rows_scanned": 0,
                                                                            "operator_timing": 0.610532398000001,
                                                                            "result_set_size": 111026356,
                                                                            "children": [
                                                                                {
                                                                                    "operator_name": "PROJECTION",
                                                                                    "cpu_time": 0.35376848899999946,
                                                                                    "extra_info": {
                                                                                        "Projections": [
                                                                                            "postid",
                                                                                            "CASE  WHEN ((votetypeid = 2)) THEN (1) ELSE NULL END",
                                                                                            "CASE  WHEN ((votetypeid = 3)) THEN (1) ELSE NULL END",
                                                                                            "CASE  WHEN (((votetypeid = 6) OR (votetypeid = 10))) THEN (1) ELSE NULL END"
                                                                                        ],
                                                                                        "Estimated Cardinality": "12744093"
                                                                                    },
                                                                                    "cumulative_cardinality": 25488186,
                                                                                    "operator_type": "PROJECTION",
                                                                                    "operator_cardinality": 12744093,
                                                                                    "cumulative_rows_scanned": 12744093,
                                                                                    "operator_rows_scanned": 0,
                                                                                    "operator_timing": 0.2210004409999999,
                                                                                    "result_set_size": 203905488,
                                                                                    "children": [
                                                                                        {
                                                                                            "operator_name": "READ_PARQUET ",
                                                                                            "cpu_time": 0.13276804799999958,
                                                                                            "extra_info": {
                                                                                                "Function": "READ_PARQUET",
                                                                                                "Projections": [
                                                                                                    "postid",
                                                                                                    "votetypeid"
                                                                                                ],
                                                                                                "Estimated Cardinality": "12744093"
                                                                                            },
                                                                                            "cumulative_cardinality": 12744093,
                                                                                            "operator_type": "TABLE_SCAN",
                                                                                            "operator_cardinality": 12744093,
                                                                                            "cumulative_rows_scanned": 12744093,
                                                                                            "operator_rows_scanned": 12744093,
                                                                                            "operator_timing": 0.13276804799999958,
                                                                                            "result_set_size": 76464558,
                                                                                            "children": []
                                                                                        }
                                                                                    ]
                                                                                }
                                                                            ]
                                                                        }
                                                                    ]
                                                                },
                                                                {
                                                                    "operator_name": "HASH_GROUP_BY",
                                                                    "cpu_time": 0.267169157,
                                                                    "extra_info": {
                                                                        "Groups": "#0",
                                                                        "Aggregates": "count_star()",
                                                                        "Estimated Cardinality": "3620911"
                                                                    },
                                                                    "cumulative_cardinality": 16647316,
                                                                    "operator_type": "HASH_GROUP_BY",
                                                                    "operator_cardinality": 2163672,
                                                                    "cumulative_rows_scanned": 7241822,
                                                                    "operator_rows_scanned": 0,
                                                                    "operator_timing": 0.22375094099999993,
                                                                    "result_set_size": 25964064,
                                                                    "children": [
                                                                        {
                                                                            "operator_name": "PROJECTION",
                                                                            "cpu_time": 0.043418216000000065,
                                                                            "extra_info": {
                                                                                "Projections": "postid",
                                                                                "Estimated Cardinality": "7241822"
                                                                            },
                                                                            "cumulative_cardinality": 14483644,
                                                                            "operator_type": "PROJECTION",
                                                                            "operator_cardinality": 7241822,
                                                                            "cumulative_rows_scanned": 7241822,
                                                                            "operator_rows_scanned": 0,
                                                                            "operator_timing": 0.00040342500000000033,
                                                                            "result_set_size": 28967288,
                                                                            "children": [
                                                                                {
                                                                                    "operator_name": "READ_PARQUET ",
                                                                                    "cpu_time": 0.043014791000000066,
                                                                                    "extra_info": {
                                                                                        "Function": "READ_PARQUET",
                                                                                        "Projections": "postid",
                                                                                        "Estimated Cardinality": "7241822"
                                                                                    },
                                                                                    "cumulative_cardinality": 7241822,
                                                                                    "operator_type": "TABLE_SCAN",
                                                                                    "operator_cardinality": 7241822,
                                                                                    "cumulative_rows_scanned": 7241822,
                                                                                    "operator_rows_scanned": 7241822,
                                                                                    "operator_timing": 0.043014791000000066,
                                                                                    "result_set_size": 28967288,
                                                                                    "children": []
                                                                                }
                                                                            ]
                                                                        }
                                                                    ]
                                                                }
                                                            ]
                                                        }
                                                    ]
                                                }
                                            ]
                                        }
                                    ]
                                }
                            ]
                        }
                    ]
                }
            ]
        }
    ]
}