{
    "rows_returned": 84994,
    "query_name": "\nWITH PostStats AS (\n    SELECT \n        p.PostTypeId,\n        COUNT(CASE WHEN p.PostTypeId = 1 THEN 1 END) AS QuestionCount, \n        COUNT(CASE WHEN p.PostTypeId = 2 THEN 1 END) AS AnswerCount,\n        COUNT(CASE WHEN p.PostTypeId IN (4, 5) THEN 1 END) AS TagWikiCount,\n        SUM(p.Score) AS TotalScore,\n        SUM(p.ViewCount) AS TotalViewCount\n    FROM \n        Posts p\n    GROUP BY \n        p.PostTypeId\n),\nUserStats AS (\n    SELECT \n        u.Id AS UserId,\n        u.Reputation,\n        COUNT(b.Id) AS BadgeCount,\n        SUM(CASE WHEN v.CreationDate IS NOT NULL THEN 1 ELSE 0 END) AS VoteCount\n    FROM \n        Users u\n    LEFT JOIN \n        Badges b ON u.Id = b.UserId\n    LEFT JOIN \n        Votes v ON u.Id = v.UserId\n    GROUP BY \n        u.Id, u.Reputation\n)\n\nSELECT \n    pts.PostTypeId,\n    pts.QuestionCount,\n    pts.AnswerCount,\n    pts.TagWikiCount,\n    pts.TotalScore,\n    pts.TotalViewCount,\n    us.UserId,\n    us.Reputation,\n    us.BadgeCount,\n    us.VoteCount\nFROM \n    PostStats pts\nJOIN \n    UserStats us ON us.VoteCount > 0\nORDER BY \n    pts.TotalScore DESC, \n    us.Reputation DESC;\n",
    "blocked_thread_time": 0.0,
    "cpu_time": 1.2269595779999993,
    "extra_info": {},
    "cumulative_cardinality": 28172503,
    "cumulative_rows_scanned": 20176643,
    "result_set_size": 7649460,
    "latency": 1.501070449,
    "children": [
        {
            "operator_name": "PROJECTION",
            "cpu_time": 1.2269595779999993,
            "extra_info": {
                "Projections": [
                    "__internal_decompress_integral_smallint(#0, 1)",
                    "#1",
                    "#2",
                    "#3",
                    "#4",
                    "#5",
                    "#6",
                    "#7",
                    "#8",
                    "#9"
                ],
                "Estimated Cardinality": "485387974236"
            },
            "cumulative_cardinality": 28172503,
            "operator_type": "PROJECTION",
            "operator_cardinality": 84994,
            "cumulative_rows_scanned": 20176643,
            "operator_rows_scanned": 0,
            "operator_timing": 0.000036381,
            "result_set_size": 7649460,
            "children": [
                {
                    "operator_name": "ORDER_BY",
                    "cpu_time": 1.2269231969999994,
                    "extra_info": {
                        "Order By": [
                            "pts.TotalScore DESC",
                            "us.Reputation DESC"
                        ]
                    },
                    "cumulative_cardinality": 28087509,
                    "operator_type": "ORDER_BY",
                    "operator_cardinality": 84994,
                    "cumulative_rows_scanned": 20176643,
                    "operator_rows_scanned": 0,
                    "operator_timing": 0.0054896580000000006,
                    "result_set_size": 7564466,
                    "children": [
                        {
                            "operator_name": "PROJECTION",
                            "cpu_time": 1.2214335389999995,
                            "extra_info": {
                                "Projections": [
                                    "__internal_compress_integral_utinyint(#0, 1)",
                                    "#1",
                                    "#2",
                                    "#3",
                                    "#4",
                                    "#5",
                                    "#6",
                                    "#7",
                                    "#8",
                                    "#9"
                                ],
                                "Estimated Cardinality": "485387974236"
                            },
                            "cumulative_cardinality": 28002515,
                            "operator_type": "PROJECTION",
                            "operator_cardinality": 84994,
                            "cumulative_rows_scanned": 20176643,
                            "operator_rows_scanned": 0,
                            "operator_timing": 0.000027831000000000005,
                            "result_set_size": 7564466,
                            "children": [
                                {
                                    "operator_name": "CROSS_PRODUCT",
                                    "cpu_time": 1.2214057079999996,
                                    "extra_info": {},
                                    "cumulative_cardinality": 27917521,
                                    "operator_type": "CROSS_PRODUCT",
                                    "operator_cardinality": 84994,
                                    "cumulative_rows_scanned": 20176643,
                                    "operator_rows_scanned": 0,
                                    "operator_timing": 0.00017142900000000001,
                                    "result_set_size": 7649460,
                                    "children": [
                                        {
                                            "operator_name": "PERFECT_HASH_GROUP_BY",
                                            "cpu_time": 0.21690848600000007,
                                            "extra_info": {
                                                "Groups": "#0",
                                                "Aggregates": [
                                                    "count(#1)",
                                                    "count(#2)",
                                                    "count(#3)",
                                                    "sum(#4)",
                                                    "sum(#5)"
                                                ]
                                            },
                                            "cumulative_cardinality": 7700239,
                                            "operator_type": "PERFECT_HASH_GROUP_BY",
                                            "operator_cardinality": 7,
                                            "cumulative_rows_scanned": 3850116,
                                            "operator_rows_scanned": 0,
                                            "operator_timing": 0.06967981499999999,
                                            "result_set_size": 406,
                                            "children": [
                                                {
                                                    "operator_name": "PROJECTION",
                                                    "cpu_time": 0.1472286710000001,
                                                    "extra_info": {
                                                        "Projections": [
                                                            "posttypeid",
                                                            "CASE  WHEN ((posttypeid = 1)) THEN (1) ELSE NULL END",
                                                            "CASE  WHEN ((posttypeid = 2)) THEN (1) ELSE NULL END",
                                                            "CASE  WHEN ((posttypeid IN (4, 5))) THEN (1) ELSE NULL END",
                                                            "score",
                                                            "viewcount"
                                                        ],
                                                        "Estimated Cardinality": "3850116"
                                                    },
                                                    "cumulative_cardinality": 7700232,
                                                    "operator_type": "PROJECTION",
                                                    "operator_cardinality": 3850116,
                                                    "cumulative_rows_scanned": 3850116,
                                                    "operator_rows_scanned": 0,
                                                    "operator_timing": 0.084716963,
                                                    "result_set_size": 84702552,
                                                    "children": [
                                                        {
                                                            "operator_name": "READ_PARQUET ",
                                                            "cpu_time": 0.06251170800000007,
                                                            "extra_info": {
                                                                "Function": "READ_PARQUET",
                                                                "Projections": [
                                                                    "posttypeid",
                                                                    "score",
                                                                    "viewcount"
                                                                ],
                                                                "Estimated Cardinality": "3850116"
                                                            },
                                                            "cumulative_cardinality": 3850116,
                                                            "operator_type": "TABLE_SCAN",
                                                            "operator_cardinality": 3850116,
                                                            "cumulative_rows_scanned": 3850116,
                                                            "operator_rows_scanned": 3850116,
                                                            "operator_timing": 0.06251170800000007,
                                                            "result_set_size": 38501160,
                                                            "children": []
                                                        }
                                                    ]
                                                }
                                            ]
                                        },
                                        {
                                            "operator_name": "FILTER",
                                            "cpu_time": 1.0043257929999996,
                                            "extra_info": {
                                                "Expression": "(VoteCount > 0)",
                                                "Estimated Cardinality": "252142"
                                            },
                                            "cumulative_cardinality": 20132288,
                                            "operator_type": "FILTER",
                                            "operator_cardinality": 12142,
                                            "cumulative_rows_scanned": 16326527,
                                            "operator_rows_scanned": 0,
                                            "operator_timing": 0.002222631999999998,
                                            "result_set_size": 388544,
                                            "children": [
                                                {
                                                    "operator_name": "HASH_GROUP_BY",
                                                    "cpu_time": 1.0021031609999995,
                                                    "extra_info": {
                                                        "Groups": [
                                                            "#0",
                                                            "#1"
                                                        ],
                                                        "Aggregates": [
                                                            "count(#2)",
                                                            "sum(#3)"
                                                        ],
                                                        "Estimated Cardinality": "1260710"
                                                    },
                                                    "cumulative_cardinality": 20120146,
                                                    "operator_type": "HASH_GROUP_BY",
                                                    "operator_cardinality": 1260710,
                                                    "cumulative_rows_scanned": 16326527,
                                                    "operator_rows_scanned": 0,
                                                    "operator_timing": 0.321633198,
                                                    "result_set_size": 40342720,
                                                    "children": [
                                                        {
                                                            "operator_name": "PROJECTION",
                                                            "cpu_time": 0.6804699629999995,
                                                            "extra_info": {
                                                                "Projections": [
                                                                    "id",
                                                                    "reputation",
                                                                    "id",
                                                                    "CASE  WHEN ((creationdate IS NOT NULL)) THEN (1) ELSE 0 END"
                                                                ],
                                                                "Estimated Cardinality": "12744093"
                                                            },
                                                            "cumulative_cardinality": 18859436,
                                                            "operator_type": "PROJECTION",
                                                            "operator_cardinality": 6101651,
                                                            "cumulative_rows_scanned": 16326527,
                                                            "operator_rows_scanned": 0,
                                                            "operator_timing": 0.013976446000000023,
                                                            "result_set_size": 97626416,
                                                            "children": [
                                                                {
                                                                    "operator_name": "HASH_JOIN",
                                                                    "cpu_time": 0.6664935169999995,
                                                                    "extra_info": {
                                                                        "Join Type": "RIGHT",
                                                                        "Conditions": "userid = id",
                                                                        "Estimated Cardinality": "12744093"
                                                                    },
                                                                    "cumulative_cardinality": 12757785,
                                                                    "operator_type": "HASH_JOIN",
                                                                    "operator_cardinality": 6101651,
                                                                    "cumulative_rows_scanned": 16326527,
                                                                    "operator_rows_scanned": 0,
                                                                    "operator_timing": 0.30170826899999925,
                                                                    "result_set_size": 122033020,
                                                                    "children": [
                                                                        {
                                                                            "operator_name": "READ_PARQUET ",
                                                                            "cpu_time": 0.15071267699999993,
                                                                            "extra_info": {
                                                                                "Function": "READ_PARQUET",
                                                                                "Projections": [
                                                                                    "userid",
                                                                                    "creationdate"
                                                                                ],
                                                                                "Estimated Cardinality": "12744093"
                                                                            },
                                                                            "cumulative_cardinality": 40287,
                                                                            "operator_type": "TABLE_SCAN",
                                                                            "operator_cardinality": 40287,
                                                                            "cumulative_rows_scanned": 12744093,
                                                                            "operator_rows_scanned": 12744093,
                                                                            "operator_timing": 0.15071267699999993,
                                                                            "result_set_size": 483444,
                                                                            "children": []
                                                                        },
                                                                        {
                                                                            "operator_name": "HASH_JOIN",
                                                                            "cpu_time": 0.2140725710000003,
                                                                            "extra_info": {
                                                                                "Join Type": "RIGHT",
                                                                                "Conditions": "userid = id",
                                                                                "Estimated Cardinality": "2321724"
                                                                            },
                                                                            "cumulative_cardinality": 6615847,
                                                                            "operator_type": "HASH_JOIN",
                                                                            "operator_cardinality": 3033413,
                                                                            "cumulative_rows_scanned": 3582434,
                                                                            "operator_rows_scanned": 0,
                                                                            "operator_timing": 0.15837512400000028,
                                                                            "result_set_size": 36400956,
                                                                            "children": [
                                                                                {
                                                                                    "operator_name": "READ_PARQUET ",
                                                                                    "cpu_time": 0.041874868,
                                                                                    "extra_info": {
                                                                                        "Function": "READ_PARQUET",
                                                                                        "Projections": [
                                                                                            "id",
                                                                                            "userid"
                                                                                        ],
                                                                                        "Estimated Cardinality": "2321724"
                                                                                    },
                                                                                    "cumulative_cardinality": 2321724,
                                                                                    "operator_type": "TABLE_SCAN",
                                                                                    "operator_cardinality": 2321724,
                                                                                    "cumulative_rows_scanned": 2321724,
                                                                                    "operator_rows_scanned": 2321724,
                                                                                    "operator_timing": 0.041874868,
                                                                                    "result_set_size": 18573792,
                                                                                    "children": []
                                                                                },
                                                                                {
                                                                                    "operator_name": "READ_PARQUET ",
                                                                                    "cpu_time": 0.013822579000000012,
                                                                                    "extra_info": {
                                                                                        "Function": "READ_PARQUET",
                                                                                        "Projections": [
                                                                                            "id",
                                                                                            "reputation"
                                                                                        ],
                                                                                        "Estimated Cardinality": "1260710"
                                                                                    },
                                                                                    "cumulative_cardinality": 1260710,
                                                                                    "operator_type": "TABLE_SCAN",
                                                                                    "operator_cardinality": 1260710,
                                                                                    "cumulative_rows_scanned": 1260710,
                                                                                    "operator_rows_scanned": 1260710,
                                                                                    "operator_timing": 0.013822579000000012,
                                                                                    "result_set_size": 10085680,
                                                                                    "children": []
                                                                                }
                                                                            ]
                                                                        }
                                                                    ]
                                                                }
                                                            ]
                                                        }
                                                    ]
                                                }
                                            ]
                                        }
                                    ]
                                }
                            ]
                        }
                    ]
                }
            ]
        }
    ]
}