{
    "rows_returned": 100,
    "query_name": "\nWITH PostStats AS (\n    SELECT \n        p.Id AS PostId,\n        p.Title,\n        p.CreationDate,\n        p.ViewCount,\n        p.AnswerCount,\n        COUNT(DISTINCT c.Id) AS CommentCount,\n        p.Score,\n        COALESCE(u.DisplayName, 'Community User') AS OwnerDisplayName,\n        pt.Name AS PostType,\n        SUM(CASE WHEN v.VoteTypeId = 2 THEN 1 ELSE 0 END) AS UpVotes,\n        SUM(CASE WHEN v.VoteTypeId = 3 THEN 1 ELSE 0 END) AS DownVotes\n    FROM \n        Posts p\n    LEFT JOIN \n        Users u ON p.OwnerUserId = u.Id\n    LEFT JOIN \n        PostTypes pt ON p.PostTypeId = pt.Id\n    LEFT JOIN \n        Comments c ON p.Id = c.PostId\n    LEFT JOIN \n        Votes v ON p.Id = v.PostId\n    GROUP BY \n        p.Id, p.Title, p.CreationDate, p.ViewCount, p.AnswerCount, p.Score, u.DisplayName, pt.Name\n)\nSELECT \n    PostId,\n    Title,\n    CreationDate,\n    ViewCount,\n    AnswerCount,\n    CommentCount,\n    Score,\n    OwnerDisplayName,\n    PostType,\n    UpVotes,\n    DownVotes\nFROM \n    PostStats\nORDER BY \n    Score DESC, ViewCount DESC\nLIMIT 100;\n",
    "blocked_thread_time": 0.0,
    "cpu_time": 15.500061319000038,
    "extra_info": {},
    "cumulative_cardinality": 210396456,
    "cumulative_rows_scanned": 25096749,
    "result_set_size": 11200,
    "latency": 19.327458645,
    "children": [
        {
            "operator_name": "STREAMING_LIMIT",
            "cpu_time": 15.500061319000038,
            "extra_info": {},
            "cumulative_cardinality": 210396456,
            "operator_type": "STREAMING_LIMIT",
            "operator_cardinality": 100,
            "cumulative_rows_scanned": 25096749,
            "operator_rows_scanned": 0,
            "operator_timing": 0.000001833,
            "result_set_size": 11200,
            "children": [
                {
                    "operator_name": "PROJECTION",
                    "cpu_time": 15.500059486000037,
                    "extra_info": {
                        "Projections": [
                            "#0",
                            "#1",
                            "#2",
                            "#3",
                            "__internal_decompress_integral_integer(#4, 0)",
                            "#5",
                            "__internal_decompress_integral_integer(#6, -72)",
                            "#7",
                            "#8",
                            "#9",
                            "#10"
                        ],
                        "Estimated Cardinality": "3850116"
                    },
                    "cumulative_cardinality": 210396356,
                    "operator_type": "PROJECTION",
                    "operator_cardinality": 4096,
                    "cumulative_rows_scanned": 25096749,
                    "operator_rows_scanned": 0,
                    "operator_timing": 0.000020258,
                    "result_set_size": 458752,
                    "children": [
                        {
                            "operator_name": "ORDER_BY",
                            "cpu_time": 15.500039228000038,
                            "extra_info": {
                                "Order By": [
                                    "PostStats.Score DESC",
                                    "PostStats.ViewCount DESC"
                                ]
                            },
                            "cumulative_cardinality": 210392260,
                            "operator_type": "ORDER_BY",
                            "operator_cardinality": 4096,
                            "cumulative_rows_scanned": 25096749,
                            "operator_rows_scanned": 0,
                            "operator_timing": 0.34318575700000054,
                            "result_set_size": 438272,
                            "children": [
                                {
                                    "operator_name": "PROJECTION",
                                    "cpu_time": 15.156853471000037,
                                    "extra_info": {
                                        "Projections": [
                                            "#0",
                                            "#1",
                                            "#2",
                                            "#3",
                                            "__internal_compress_integral_utinyint(#4, 0)",
                                            "#5",
                                            "__internal_compress_integral_usmallint(#6, -72)",
                                            "#7",
                                            "#8",
                                            "#9",
                                            "#10"
                                        ],
                                        "Estimated Cardinality": "3850116"
                                    },
                                    "cumulative_cardinality": 210388164,
                                    "operator_type": "PROJECTION",
                                    "operator_cardinality": 3850116,
                                    "cumulative_rows_scanned": 25096749,
                                    "operator_rows_scanned": 0,
                                    "operator_timing": 0.013679857000000005,
                                    "result_set_size": 411962412,
                                    "children": [
                                        {
                                            "operator_name": "PROJECTION",
                                            "cpu_time": 15.143173614000037,
                                            "extra_info": {
                                                "Projections": [
                                                    "PostId",
                                                    "title",
                                                    "creationdate",
                                                    "viewcount",
                                                    "answercount",
                                                    "CommentCount",
                                                    "score",
                                                    "OwnerDisplayName",
                                                    "PostType",
                                                    "UpVotes",
                                                    "DownVotes"
                                                ],
                                                "Estimated Cardinality": "3850116"
                                            },
                                            "cumulative_cardinality": 206538048,
                                            "operator_type": "PROJECTION",
                                            "operator_cardinality": 3850116,
                                            "cumulative_rows_scanned": 25096749,
                                            "operator_rows_scanned": 0,
                                            "operator_timing": 0.029439120000000006,
                                            "result_set_size": 431212992,
                                            "children": [
                                                {
                                                    "operator_name": "PROJECTION",
                                                    "cpu_time": 15.113734494000038,
                                                    "extra_info": {
                                                        "Projections": [
                                                            "#0",
                                                            "#1",
                                                            "#2",
                                                            "#3",
                                                            "__internal_decompress_integral_integer(#4, 0)",
                                                            "__internal_decompress_integral_integer(#5, -72)",
                                                            "#6",
                                                            "#7",
                                                            "#8",
                                                            "#9",
                                                            "#10"
                                                        ],
                                                        "Estimated Cardinality": "3850116"
                                                    },
                                                    "cumulative_cardinality": 202687932,
                                                    "operator_type": "PROJECTION",
                                                    "operator_cardinality": 3850116,
                                                    "cumulative_rows_scanned": 25096749,
                                                    "operator_rows_scanned": 0,
                                                    "operator_timing": 0.013706589000000003,
                                                    "result_set_size": 431212992,
                                                    "children": [
                                                        {
                                                            "operator_name": "HASH_GROUP_BY",
                                                            "cpu_time": 15.100027905000038,
                                                            "extra_info": {
                                                                "Groups": [
                                                                    "#0",
                                                                    "#1",
                                                                    "#2",
                                                                    "#3",
                                                                    "#4",
                                                                    "#5",
                                                                    "#6",
                                                                    "#7"
                                                                ],
                                                                "Aggregates": [
                                                                    "count(DISTINCT #8)",
                                                                    "sum(#9)",
                                                                    "sum(#10)"
                                                                ],
                                                                "Estimated Cardinality": "3850116"
                                                            },
                                                            "cumulative_cardinality": 198837816,
                                                            "operator_type": "HASH_GROUP_BY",
                                                            "operator_cardinality": 3850116,
                                                            "cumulative_rows_scanned": 25096749,
                                                            "operator_rows_scanned": 0,
                                                            "operator_timing": 11.246929610000029,
                                                            "result_set_size": 411962412,
                                                            "children": [
                                                                {
                                                                    "operator_name": "PROJECTION",
                                                                    "cpu_time": 3.8530982950000094,
                                                                    "extra_info": {
                                                                        "Projections": [
                                                                            "id",
                                                                            "title",
                                                                            "creationdate",
                                                                            "viewcount",
                                                                            "answercount",
                                                                            "score",
                                                                            "displayname",
                                                                            "name",
                                                                            "id",
                                                                            "CASE  WHEN ((votetypeid = 2)) THEN (1) ELSE 0 END",
                                                                            "CASE  WHEN ((votetypeid = 3)) THEN (1) ELSE 0 END"
                                                                        ],
                                                                        "Estimated Cardinality": "12744093"
                                                                    },
                                                                    "cumulative_cardinality": 194987700,
                                                                    "operator_type": "PROJECTION",
                                                                    "operator_cardinality": 35129590,
                                                                    "cumulative_rows_scanned": 25096749,
                                                                    "operator_rows_scanned": 0,
                                                                    "operator_timing": 0.17061479000000035,
                                                                    "result_set_size": 2775237610,
                                                                    "children": [
                                                                        {
                                                                            "operator_name": "PROJECTION",
                                                                            "cpu_time": 3.682483505000009,
                                                                            "extra_info": {
                                                                                "Projections": [
                                                                                    "#0",
                                                                                    "#1",
                                                                                    "__internal_compress_integral_usmallint(#2, -72)",
                                                                                    "#3",
                                                                                    "#4",
                                                                                    "__internal_compress_integral_utinyint(#5, 0)",
                                                                                    "#6",
                                                                                    "#7",
                                                                                    "#8",
                                                                                    "#9"
                                                                                ],
                                                                                "Estimated Cardinality": "12744093"
                                                                            },
                                                                            "cumulative_cardinality": 159858110,
                                                                            "operator_type": "PROJECTION",
                                                                            "operator_cardinality": 35129590,
                                                                            "cumulative_rows_scanned": 25096749,
                                                                            "operator_rows_scanned": 0,
                                                                            "operator_timing": 0.06495052399999944,
                                                                            "result_set_size": 2564460070,
                                                                            "children": [
                                                                                {
                                                                                    "operator_name": "PROJECTION",
                                                                                    "cpu_time": 3.6175329810000094,
                                                                                    "extra_info": {
                                                                                        "Projections": [
                                                                                            "#0",
                                                                                            "#1",
                                                                                            "#2",
                                                                                            "#3",
                                                                                            "#4",
                                                                                            "#5",
                                                                                            "#6",
                                                                                            "#7",
                                                                                            "#8",
                                                                                            "__internal_decompress_integral_smallint(#9, 1)"
                                                                                        ],
                                                                                        "Estimated Cardinality": "12744093"
                                                                                    },
                                                                                    "cumulative_cardinality": 124728520,
                                                                                    "operator_type": "PROJECTION",
                                                                                    "operator_cardinality": 35129590,
                                                                                    "cumulative_rows_scanned": 25096749,
                                                                                    "operator_rows_scanned": 0,
                                                                                    "operator_timing": 0.07257243799999948,
                                                                                    "result_set_size": 2740108020,
                                                                                    "children": [
                                                                                        {
                                                                                            "operator_name": "HASH_JOIN",
                                                                                            "cpu_time": 3.54496054300001,
                                                                                            "extra_info": {
                                                                                                "Join Type": "LEFT",
                                                                                                "Conditions": "id = postid",
                                                                                                "Estimated Cardinality": "12744093"
                                                                                            },
                                                                                            "cumulative_cardinality": 89598930,
                                                                                            "operator_type": "HASH_JOIN",
                                                                                            "operator_cardinality": 35129590,
                                                                                            "cumulative_rows_scanned": 25096749,
                                                                                            "operator_rows_scanned": 0,
                                                                                            "operator_timing": 1.57183707600001,
                                                                                            "result_set_size": 2704978430,
                                                                                            "children": [
                                                                                                {
                                                                                                    "operator_name": "HASH_JOIN",
                                                                                                    "cpu_time": 1.8372670990000002,
                                                                                                    "extra_info": {
                                                                                                        "Join Type": "LEFT",
                                                                                                        "Conditions": "id = postid",
                                                                                                        "Estimated Cardinality": "7241822"
                                                                                                    },
                                                                                                    "cumulative_cardinality": 28981154,
                                                                                                    "operator_type": "HASH_JOIN",
                                                                                                    "operator_cardinality": 8928266,
                                                                                                    "cumulative_rows_scanned": 12352656,
                                                                                                    "operator_rows_scanned": 0,
                                                                                                    "operator_timing": 0.715500566000001,
                                                                                                    "result_set_size": 678548216,
                                                                                                    "children": [
                                                                                                        {
                                                                                                            "operator_name": "HASH_JOIN",
                                                                                                            "cpu_time": 1.0439918439999993,
                                                                                                            "extra_info": {
                                                                                                                "Join Type": "LEFT",
                                                                                                                "Conditions": "posttypeid = id",
                                                                                                                "Estimated Cardinality": "3850116"
                                                                                                            },
                                                                                                            "cumulative_cardinality": 12811066,
                                                                                                            "operator_type": "HASH_JOIN",
                                                                                                            "operator_cardinality": 3850116,
                                                                                                            "cumulative_rows_scanned": 5110834,
                                                                                                            "operator_rows_scanned": 0,
                                                                                                            "operator_timing": 0.1015541489999997,
                                                                                                            "result_set_size": 277208352,
                                                                                                            "children": [
                                                                                                                {
                                                                                                                    "operator_name": "HASH_JOIN",
                                                                                                                    "cpu_time": 0.9421241299999996,
                                                                                                                    "extra_info": {
                                                                                                                        "Join Type": "LEFT",
                                                                                                                        "Conditions": "owneruserid = id",
                                                                                                                        "Estimated Cardinality": "3850116"
                                                                                                                    },
                                                                                                                    "cumulative_cardinality": 8960942,
                                                                                                                    "operator_type": "HASH_JOIN",
                                                                                                                    "operator_cardinality": 3850116,
                                                                                                                    "cumulative_rows_scanned": 5110826,
                                                                                                                    "operator_rows_scanned": 0,
                                                                                                                    "operator_timing": 0.3320524489999996,
                                                                                                                    "result_set_size": 223306728,
                                                                                                                    "children": [
                                                                                                                        {
                                                                                                                            "operator_name": "READ_PARQUET ",
                                                                                                                            "cpu_time": 0.532188815,
                                                                                                                            "extra_info": {
                                                                                                                                "Function": "READ_PARQUET",
                                                                                                                                "Projections": [
                                                                                                                                    "id",
                                                                                                                                    "posttypeid",
                                                                                                                                    "creationdate",
                                                                                                                                    "score",
                                                                                                                                    "viewcount",
                                                                                                                                    "owneruserid",
                                                                                                                                    "title",
                                                                                                                                    "answercount"
                                                                                                                                ],
                                                                                                                                "Estimated Cardinality": "3850116"
                                                                                                                            },
                                                                                                                            "cumulative_cardinality": 3850116,
                                                                                                                            "operator_type": "TABLE_SCAN",
                                                                                                                            "operator_cardinality": 3850116,
                                                                                                                            "cumulative_rows_scanned": 3850116,
                                                                                                                            "operator_rows_scanned": 3850116,
                                                                                                                            "operator_timing": 0.532188815,
                                                                                                                            "result_set_size": 177105336,
                                                                                                                            "children": []
                                                                                                                        },
                                                                                                                        {
                                                                                                                            "operator_name": "READ_PARQUET ",
                                                                                                                            "cpu_time": 0.07788286599999998,
                                                                                                                            "extra_info": {
                                                                                                                                "Function": "READ_PARQUET",
                                                                                                                                "Projections": [
                                                                                                                                    "id",
                                                                                                                                    "displayname"
                                                                                                                                ],
                                                                                                                                "Estimated Cardinality": "1260710"
                                                                                                                            },
                                                                                                                            "cumulative_cardinality": 1260710,
                                                                                                                            "operator_type": "TABLE_SCAN",
                                                                                                                            "operator_cardinality": 1260710,
                                                                                                                            "cumulative_rows_scanned": 1260710,
                                                                                                                            "operator_rows_scanned": 1260710,
                                                                                                                            "operator_timing": 0.07788286599999998,
                                                                                                                            "result_set_size": 25214200,
                                                                                                                            "children": []
                                                                                                                        }
                                                                                                                    ]
                                                                                                                },
                                                                                                                {
                                                                                                                    "operator_name": "READ_PARQUET ",
                                                                                                                    "cpu_time": 0.00031356499999999997,
                                                                                                                    "extra_info": {
                                                                                                                        "Function": "READ_PARQUET",
                                                                                                                        "Projections": [
                                                                                                                            "id",
                                                                                                                            "name"
                                                                                                                        ],
                                                                                                                        "Estimated Cardinality": "8"
                                                                                                                    },
                                                                                                                    "cumulative_cardinality": 8,
                                                                                                                    "operator_type": "TABLE_SCAN",
                                                                                                                    "operator_cardinality": 8,
                                                                                                                    "cumulative_rows_scanned": 8,
                                                                                                                    "operator_rows_scanned": 8,
                                                                                                                    "operator_timing": 0.00031356499999999997,
                                                                                                                    "result_set_size": 144,
                                                                                                                    "children": []
                                                                                                                }
                                                                                                            ]
                                                                                                        },
                                                                                                        {
                                                                                                            "operator_name": "READ_PARQUET ",
                                                                                                            "cpu_time": 0.07777468899999981,
                                                                                                            "extra_info": {
                                                                                                                "Function": "READ_PARQUET",
                                                                                                                "Projections": [
                                                                                                                    "id",
                                                                                                                    "postid"
                                                                                                                ],
                                                                                                                "Estimated Cardinality": "7241822"
                                                                                                            },
                                                                                                            "cumulative_cardinality": 7241822,
                                                                                                            "operator_type": "TABLE_SCAN",
                                                                                                            "operator_cardinality": 7241822,
                                                                                                            "cumulative_rows_scanned": 7241822,
                                                                                                            "operator_rows_scanned": 7241822,
                                                                                                            "operator_timing": 0.07777468899999981,
                                                                                                            "result_set_size": 57934576,
                                                                                                            "children": []
                                                                                                        }
                                                                                                    ]
                                                                                                },
                                                                                                {
                                                                                                    "operator_name": "PROJECTION",
                                                                                                    "cpu_time": 0.1358563679999997,
                                                                                                    "extra_info": {
                                                                                                        "Projections": [
                                                                                                            "#0",
                                                                                                            "__internal_compress_integral_utinyint(#1, 1)"
                                                                                                        ],
                                                                                                        "Estimated Cardinality": "12744093"
                                                                                                    },
                                                                                                    "cumulative_cardinality": 25488186,
                                                                                                    "operator_type": "PROJECTION",
                                                                                                    "operator_cardinality": 12744093,
                                                                                                    "cumulative_rows_scanned": 12744093,
                                                                                                    "operator_rows_scanned": 0,
                                                                                                    "operator_timing": 0.0032932089999999953,
                                                                                                    "result_set_size": 63720465,
                                                                                                    "children": [
                                                                                                        {
                                                                                                            "operator_name": "READ_PARQUET ",
                                                                                                            "cpu_time": 0.1325631589999997,
                                                                                                            "extra_info": {
                                                                                                                "Function": "READ_PARQUET",
                                                                                                                "Projections": [
                                                                                                                    "postid",
                                                                                                                    "votetypeid"
                                                                                                                ],
                                                                                                                "Estimated Cardinality": "12744093"
                                                                                                            },
                                                                                                            "cumulative_cardinality": 12744093,
                                                                                                            "operator_type": "TABLE_SCAN",
                                                                                                            "operator_cardinality": 12744093,
                                                                                                            "cumulative_rows_scanned": 12744093,
                                                                                                            "operator_rows_scanned": 12744093,
                                                                                                            "operator_timing": 0.1325631589999997,
                                                                                                            "result_set_size": 76464558,
                                                                                                            "children": []
                                                                                                        }
                                                                                                    ]
                                                                                                }
                                                                                            ]
                                                                                        }
                                                                                    ]
                                                                                }
                                                                            ]
                                                                        }
                                                                    ]
                                                                }
                                                            ]
                                                        }
                                                    ]
                                                }
                                            ]
                                        }
                                    ]
                                }
                            ]
                        }
                    ]
                }
            ]
        }
    ]
}