{
    "rows_returned": 3850116,
    "query_name": "SELECT \n    ph.PostId,\n    COUNT(*) AS RevisionCount,\n    MIN(ph.CreationDate) AS FirstRevisionDate,\n    MAX(ph.CreationDate) AS LastRevisionDate,\n    STRING_AGG(DISTINCT p.Title, ', ') AS PostTitles,\n    COUNT(DISTINCT c.Id) AS CommentCount,\n    COUNT(DISTINCT v.Id) AS VoteCount,\n    SUM(CASE WHEN v.VoteTypeId = 2 THEN 1 ELSE 0 END) AS UpVoteCount,\n    SUM(CASE WHEN v.VoteTypeId = 3 THEN 1 ELSE 0 END) AS DownVoteCount\nFROM \n    PostHistory ph\nJOIN \n    Posts p ON ph.PostId = p.Id\nLEFT JOIN \n    Comments c ON p.Id = c.PostId\nLEFT JOIN \n    Votes v ON p.Id = v.PostId\nGROUP BY \n    ph.PostId\nORDER BY \n    RevisionCount DESC;\n",
    "blocked_thread_time": 0.0,
    "cpu_time": 34.21642727799998,
    "extra_info": {},
    "cumulative_cardinality": 649389533,
    "cumulative_rows_scanned": 35631275,
    "result_set_size": 354210672,
    "latency": 59.203034252,
    "children": [
        {
            "operator_name": "ORDER_BY",
            "cpu_time": 34.21642727799998,
            "extra_info": {
                "Order By": "count_star() DESC"
            },
            "cumulative_cardinality": 649389533,
            "operator_type": "ORDER_BY",
            "operator_cardinality": 3850116,
            "cumulative_rows_scanned": 35631275,
            "operator_rows_scanned": 0,
            "operator_timing": 0.357122003,
            "result_set_size": 354210672,
            "children": [
                {
                    "operator_name": "HASH_GROUP_BY",
                    "cpu_time": 33.85930527499998,
                    "extra_info": {
                        "Groups": "#0",
                        "Aggregates": [
                            "count_star()",
                            "min(#1)",
                            "max(#2)",
                            "string_agg(DISTINCT #3)",
                            "count(DISTINCT #4)",
                            "count(DISTINCT #5)",
                            "sum(#6)",
                            "sum(#7)"
                        ],
                        "Estimated Cardinality": "11795244"
                    },
                    "cumulative_cardinality": 645539417,
                    "operator_type": "HASH_GROUP_BY",
                    "operator_cardinality": 3850116,
                    "cumulative_rows_scanned": 35631275,
                    "operator_rows_scanned": 0,
                    "operator_timing": 24.87468477299993,
                    "result_set_size": 354210672,
                    "children": [
                        {
                            "operator_name": "PROJECTION",
                            "cpu_time": 8.98462050200005,
                            "extra_info": {
                                "Projections": [
                                    "postid",
                                    "creationdate",
                                    "creationdate",
                                    "title",
                                    "id",
                                    "id",
                                    "CASE  WHEN ((votetypeid = 2)) THEN (1) ELSE 0 END",
                                    "CASE  WHEN ((votetypeid = 3)) THEN (1) ELSE 0 END"
                                ],
                                "Estimated Cardinality": "12744093"
                            },
                            "cumulative_cardinality": 641689301,
                            "operator_type": "PROJECTION",
                            "operator_cardinality": 182657208,
                            "cumulative_rows_scanned": 35631275,
                            "operator_rows_scanned": 0,
                            "operator_timing": 0.8341454000000038,
                            "result_set_size": 9498174816,
                            "children": [
                                {
                                    "operator_name": "PROJECTION",
                                    "cpu_time": 8.150475102000046,
                                    "extra_info": {
                                        "Projections": [
                                            "#0",
                                            "#1",
                                            "#2",
                                            "#3",
                                            "#4",
                                            "__internal_decompress_integral_smallint(#5, 1)"
                                        ],
                                        "Estimated Cardinality": "12744093"
                                    },
                                    "cumulative_cardinality": 459032093,
                                    "operator_type": "PROJECTION",
                                    "operator_cardinality": 182657208,
                                    "cumulative_rows_scanned": 35631275,
                                    "operator_rows_scanned": 0,
                                    "operator_timing": 0.10811178200000034,
                                    "result_set_size": 6940973904,
                                    "children": [
                                        {
                                            "operator_name": "HASH_JOIN",
                                            "cpu_time": 8.042363320000046,
                                            "extra_info": {
                                                "Join Type": "LEFT",
                                                "Conditions": "id = postid",
                                                "Estimated Cardinality": "12744093"
                                            },
                                            "cumulative_cardinality": 276374885,
                                            "operator_type": "HASH_JOIN",
                                            "operator_cardinality": 182657208,
                                            "cumulative_rows_scanned": 35631275,
                                            "operator_rows_scanned": 0,
                                            "operator_timing": 4.50225118900003,
                                            "result_set_size": 6758316696,
                                            "children": [
                                                {
                                                    "operator_name": "HASH_JOIN",
                                                    "cpu_time": 3.3406246670000166,
                                                    "extra_info": {
                                                        "Join Type": "LEFT",
                                                        "Conditions": "id = postid",
                                                        "Estimated Cardinality": "11795244"
                                                    },
                                                    "cumulative_cardinality": 68229491,
                                                    "operator_type": "HASH_JOIN",
                                                    "operator_cardinality": 33547065,
                                                    "cumulative_rows_scanned": 22887182,
                                                    "operator_rows_scanned": 0,
                                                    "operator_timing": 1.32360624700002,
                                                    "result_set_size": 1073506080,
                                                    "children": [
                                                        {
                                                            "operator_name": "HASH_JOIN",
                                                            "cpu_time": 1.9444612259999967,
                                                            "extra_info": {
                                                                "Join Type": "INNER",
                                                                "Conditions": "postid = id",
                                                                "Estimated Cardinality": "11795244"
                                                            },
                                                            "cumulative_cardinality": 27440604,
                                                            "operator_type": "HASH_JOIN",
                                                            "operator_cardinality": 11795244,
                                                            "cumulative_rows_scanned": 15645360,
                                                            "operator_rows_scanned": 0,
                                                            "operator_timing": 0.8931099679999975,
                                                            "result_set_size": 330266832,
                                                            "children": [
                                                                {
                                                                    "operator_name": "READ_PARQUET ",
                                                                    "cpu_time": 0.7533302239999993,
                                                                    "extra_info": {
                                                                        "Function": "READ_PARQUET",
                                                                        "Projections": [
                                                                            "postid",
                                                                            "creationdate"
                                                                        ],
                                                                        "Estimated Cardinality": "11795244"
                                                                    },
                                                                    "cumulative_cardinality": 11795244,
                                                                    "operator_type": "TABLE_SCAN",
                                                                    "operator_cardinality": 11795244,
                                                                    "cumulative_rows_scanned": 11795244,
                                                                    "operator_rows_scanned": 11795244,
                                                                    "operator_timing": 0.7533302239999993,
                                                                    "result_set_size": 141542928,
                                                                    "children": []
                                                                },
                                                                {
                                                                    "operator_name": "READ_PARQUET ",
                                                                    "cpu_time": 0.29802103399999985,
                                                                    "extra_info": {
                                                                        "Function": "READ_PARQUET",
                                                                        "Projections": [
                                                                            "id",
                                                                            "title"
                                                                        ],
                                                                        "Estimated Cardinality": "3850116"
                                                                    },
                                                                    "cumulative_cardinality": 3850116,
                                                                    "operator_type": "TABLE_SCAN",
                                                                    "operator_cardinality": 3850116,
                                                                    "cumulative_rows_scanned": 3850116,
                                                                    "operator_rows_scanned": 3850116,
                                                                    "operator_timing": 0.29802103399999985,
                                                                    "result_set_size": 77002320,
                                                                    "children": []
                                                                }
                                                            ]
                                                        },
                                                        {
                                                            "operator_name": "READ_PARQUET ",
                                                            "cpu_time": 0.07255719400000002,
                                                            "extra_info": {
                                                                "Function": "READ_PARQUET",
                                                                "Projections": [
                                                                    "id",
                                                                    "postid"
                                                                ],
                                                                "Estimated Cardinality": "7241822"
                                                            },
                                                            "cumulative_cardinality": 7241822,
                                                            "operator_type": "TABLE_SCAN",
                                                            "operator_cardinality": 7241822,
                                                            "cumulative_rows_scanned": 7241822,
                                                            "operator_rows_scanned": 7241822,
                                                            "operator_timing": 0.07255719400000002,
                                                            "result_set_size": 57934576,
                                                            "children": []
                                                        }
                                                    ]
                                                },
                                                {
                                                    "operator_name": "PROJECTION",
                                                    "cpu_time": 0.19948746399999967,
                                                    "extra_info": {
                                                        "Projections": [
                                                            "#0",
                                                            "#1",
                                                            "__internal_compress_integral_utinyint(#2, 1)"
                                                        ],
                                                        "Estimated Cardinality": "12744093"
                                                    },
                                                    "cumulative_cardinality": 25488186,
                                                    "operator_type": "PROJECTION",
                                                    "operator_cardinality": 12744093,
                                                    "cumulative_rows_scanned": 12744093,
                                                    "operator_rows_scanned": 0,
                                                    "operator_timing": 0.0036497429999999844,
                                                    "result_set_size": 114696837,
                                                    "children": [
                                                        {
                                                            "operator_name": "READ_PARQUET ",
                                                            "cpu_time": 0.1958377209999997,
                                                            "extra_info": {
                                                                "Function": "READ_PARQUET",
                                                                "Projections": [
                                                                    "id",
                                                                    "postid",
                                                                    "votetypeid"
                                                                ],
                                                                "Estimated Cardinality": "12744093"
                                                            },
                                                            "cumulative_cardinality": 12744093,
                                                            "operator_type": "TABLE_SCAN",
                                                            "operator_cardinality": 12744093,
                                                            "cumulative_rows_scanned": 12744093,
                                                            "operator_rows_scanned": 12744093,
                                                            "operator_timing": 0.1958377209999997,
                                                            "result_set_size": 127440930,
                                                            "children": []
                                                        }
                                                    ]
                                                }
                                            ]
                                        }
                                    ]
                                }
                            ]
                        }
                    ]
                }
            ]
        }
    ]
}