{
    "rows_returned": 100,
    "query_name": "WITH UserStats AS (\n    SELECT \n        U.Id AS UserId,\n        U.DisplayName,\n        U.Reputation,\n        COUNT(DISTINCT P.Id) AS PostCount,\n        COUNT(DISTINCT C.Id) AS CommentCount,\n        SUM(CASE WHEN V.VoteTypeId = 2 THEN 1 ELSE 0 END) AS UpVotes,\n        SUM(CASE WHEN V.VoteTypeId = 3 THEN 1 ELSE 0 END) AS DownVotes\n    FROM \n        Users U\n    LEFT JOIN \n        Posts P ON U.Id = P.OwnerUserId\n    LEFT JOIN \n        Comments C ON P.Id = C.PostId\n    LEFT JOIN \n        Votes V ON P.Id = V.PostId\n    GROUP BY \n        U.Id, U.DisplayName, U.Reputation\n), PostStats AS (\n    SELECT \n        P.Id AS PostId,\n        P.Title,\n        P.CreationDate,\n        P.ViewCount,\n        P.Score,\n        COUNT(DISTINCT C.Id) AS CommentCount\n    FROM \n        Posts P\n    LEFT JOIN \n        Comments C ON P.Id = C.PostId\n    GROUP BY \n        P.Id, P.Title, P.CreationDate, P.ViewCount, P.Score\n)\n\nSELECT \n    U.UserId,\n    U.DisplayName,\n    U.Reputation,\n    U.PostCount,\n    U.CommentCount AS UserCommentCount,\n    U.UpVotes,\n    U.DownVotes,\n    P.PostId,\n    P.Title AS PostTitle,\n    P.CreationDate AS PostCreationDate,\n    P.ViewCount AS PostViewCount,\n    P.Score AS PostScore,\n    P.CommentCount AS PostCommentCount\nFROM \n    UserStats U\nJOIN \n    PostStats P ON U.UserId = P.PostId\nORDER BY \n    U.Reputation DESC, P.ViewCount DESC\nLIMIT 100;",
    "blocked_thread_time": 0.0,
    "cpu_time": 11.419386745000017,
    "extra_info": {},
    "cumulative_cardinality": 183481772,
    "cumulative_rows_scanned": 36188679,
    "result_set_size": 11600,
    "latency": 14.824619355,
    "children": [
        {
            "operator_name": "STREAMING_LIMIT",
            "cpu_time": 11.419386745000017,
            "extra_info": {},
            "cumulative_cardinality": 183481772,
            "operator_type": "STREAMING_LIMIT",
            "operator_cardinality": 100,
            "cumulative_rows_scanned": 36188679,
            "operator_rows_scanned": 0,
            "operator_timing": 0.000001733,
            "result_set_size": 11600,
            "children": [
                {
                    "operator_name": "PROJECTION",
                    "cpu_time": 11.419385012000017,
                    "extra_info": {
                        "Projections": [
                            "#0",
                            "#1",
                            "#2",
                            "#3",
                            "#4",
                            "#5",
                            "#6",
                            "#7",
                            "#8",
                            "#9",
                            "#10",
                            "__internal_decompress_integral_integer(#11, -72)",
                            "#12"
                        ],
                        "Estimated Cardinality": "3850116"
                    },
                    "cumulative_cardinality": 183481672,
                    "operator_type": "PROJECTION",
                    "operator_cardinality": 4096,
                    "cumulative_rows_scanned": 36188679,
                    "operator_rows_scanned": 0,
                    "operator_timing": 0.000008056,
                    "result_set_size": 475136,
                    "children": [
                        {
                            "operator_name": "ORDER_BY",
                            "cpu_time": 11.419376956000017,
                            "extra_info": {
                                "Order By": [
                                    "U.Reputation DESC",
                                    "P.ViewCount DESC"
                                ]
                            },
                            "cumulative_cardinality": 183477576,
                            "operator_type": "ORDER_BY",
                            "operator_cardinality": 4096,
                            "cumulative_rows_scanned": 36188679,
                            "operator_rows_scanned": 0,
                            "operator_timing": 0.10668879500000011,
                            "result_set_size": 466944,
                            "children": [
                                {
                                    "operator_name": "PROJECTION",
                                    "cpu_time": 11.312688161000017,
                                    "extra_info": {
                                        "Projections": [
                                            "#0",
                                            "#1",
                                            "#2",
                                            "#3",
                                            "#4",
                                            "#5",
                                            "#6",
                                            "#7",
                                            "#8",
                                            "#9",
                                            "#10",
                                            "__internal_compress_integral_usmallint(#11, -72)",
                                            "#12"
                                        ],
                                        "Estimated Cardinality": "3850116"
                                    },
                                    "cumulative_cardinality": 183473480,
                                    "operator_type": "PROJECTION",
                                    "operator_cardinality": 1023784,
                                    "cumulative_rows_scanned": 36188679,
                                    "operator_rows_scanned": 0,
                                    "operator_timing": 0.0013193519999999995,
                                    "result_set_size": 116711376,
                                    "children": [
                                        {
                                            "operator_name": "PROJECTION",
                                            "cpu_time": 11.311368809000017,
                                            "extra_info": {
                                                "Projections": [
                                                    "UserId",
                                                    "displayname",
                                                    "reputation",
                                                    "PostCount",
                                                    "UserCommentCount",
                                                    "UpVotes",
                                                    "DownVotes",
                                                    "PostId",
                                                    "PostTitle",
                                                    "PostCreationDate",
                                                    "PostViewCount",
                                                    "PostScore",
                                                    "PostCommentCount"
                                                ],
                                                "Estimated Cardinality": "3850116"
                                            },
                                            "cumulative_cardinality": 182449696,
                                            "operator_type": "PROJECTION",
                                            "operator_cardinality": 1023784,
                                            "cumulative_rows_scanned": 36188679,
                                            "operator_rows_scanned": 0,
                                            "operator_timing": 0.0004628359999999995,
                                            "result_set_size": 118758944,
                                            "children": [
                                                {
                                                    "operator_name": "HASH_JOIN",
                                                    "cpu_time": 11.310905973000017,
                                                    "extra_info": {
                                                        "Join Type": "INNER",
                                                        "Conditions": "PostId = UserId",
                                                        "Estimated Cardinality": "3850116"
                                                    },
                                                    "cumulative_cardinality": 181425912,
                                                    "operator_type": "HASH_JOIN",
                                                    "operator_cardinality": 1023784,
                                                    "cumulative_rows_scanned": 36188679,
                                                    "operator_rows_scanned": 0,
                                                    "operator_timing": 0.1966408700000001,
                                                    "result_set_size": 114663808,
                                                    "children": [
                                                        {
                                                            "operator_name": "PROJECTION",
                                                            "cpu_time": 1.7754173640000055,
                                                            "extra_info": {
                                                                "Projections": [
                                                                    "#0",
                                                                    "#1",
                                                                    "#2",
                                                                    "#3",
                                                                    "__internal_decompress_integral_integer(#4, -72)",
                                                                    "#5"
                                                                ],
                                                                "Estimated Cardinality": "3850116"
                                                            },
                                                            "cumulative_cardinality": 36849864,
                                                            "operator_type": "PROJECTION",
                                                            "operator_cardinality": 1156110,
                                                            "cumulative_rows_scanned": 11091938,
                                                            "operator_rows_scanned": 0,
                                                            "operator_timing": 0.0005301389999999998,
                                                            "result_set_size": 50868840,
                                                            "children": [
                                                                {
                                                                    "operator_name": "HASH_GROUP_BY",
                                                                    "cpu_time": 1.7748872250000054,
                                                                    "extra_info": {
                                                                        "Groups": [
                                                                            "#0",
                                                                            "#1",
                                                                            "#2",
                                                                            "#3",
                                                                            "#4"
                                                                        ],
                                                                        "Aggregates": "count(DISTINCT #5)",
                                                                        "Estimated Cardinality": "3850116"
                                                                    },
                                                                    "cumulative_cardinality": 35693754,
                                                                    "operator_type": "HASH_GROUP_BY",
                                                                    "operator_cardinality": 1156110,
                                                                    "cumulative_rows_scanned": 11091938,
                                                                    "operator_rows_scanned": 0,
                                                                    "operator_timing": 0.3990622109999999,
                                                                    "result_set_size": 48556620,
                                                                    "children": [
                                                                        {
                                                                            "operator_name": "PROJECTION",
                                                                            "cpu_time": 1.3758250140000055,
                                                                            "extra_info": {
                                                                                "Projections": [
                                                                                    "id",
                                                                                    "title",
                                                                                    "creationdate",
                                                                                    "viewcount",
                                                                                    "score",
                                                                                    "id"
                                                                                ],
                                                                                "Estimated Cardinality": "7241822"
                                                                            },
                                                                            "cumulative_cardinality": 34537644,
                                                                            "operator_type": "PROJECTION",
                                                                            "operator_cardinality": 2666831,
                                                                            "cumulative_rows_scanned": 11091938,
                                                                            "operator_rows_scanned": 0,
                                                                            "operator_timing": 0.0005559670000000044,
                                                                            "result_set_size": 101339578,
                                                                            "children": [
                                                                                {
                                                                                    "operator_name": "PROJECTION",
                                                                                    "cpu_time": 1.3752690470000055,
                                                                                    "extra_info": {
                                                                                        "Projections": [
                                                                                            "#0",
                                                                                            "#1",
                                                                                            "#2",
                                                                                            "__internal_compress_integral_usmallint(#3, -72)",
                                                                                            "#4",
                                                                                            "#5"
                                                                                        ],
                                                                                        "Estimated Cardinality": "7241822"
                                                                                    },
                                                                                    "cumulative_cardinality": 31870813,
                                                                                    "operator_type": "PROJECTION",
                                                                                    "operator_cardinality": 2666831,
                                                                                    "cumulative_rows_scanned": 11091938,
                                                                                    "operator_rows_scanned": 0,
                                                                                    "operator_timing": 0.0012847399999999988,
                                                                                    "result_set_size": 101339578,
                                                                                    "children": [
                                                                                        {
                                                                                            "operator_name": "PROJECTION",
                                                                                            "cpu_time": 1.3739843070000055,
                                                                                            "extra_info": {
                                                                                                "Projections": [
                                                                                                    "#0",
                                                                                                    "#1",
                                                                                                    "#2",
                                                                                                    "__internal_decompress_integral_integer(#3, -72)",
                                                                                                    "#4",
                                                                                                    "#5"
                                                                                                ],
                                                                                                "Estimated Cardinality": "7241822"
                                                                                            },
                                                                                            "cumulative_cardinality": 29203982,
                                                                                            "operator_type": "PROJECTION",
                                                                                            "operator_cardinality": 2666831,
                                                                                            "cumulative_rows_scanned": 11091938,
                                                                                            "operator_rows_scanned": 0,
                                                                                            "operator_timing": 0.0013888400000000023,
                                                                                            "result_set_size": 106673240,
                                                                                            "children": [
                                                                                                {
                                                                                                    "operator_name": "FILTER",
                                                                                                    "cpu_time": 1.3725954670000056,
                                                                                                    "extra_info": {
                                                                                                        "Expression": "(#1 <= 1416570)",
                                                                                                        "Estimated Cardinality": "7241822"
                                                                                                    },
                                                                                                    "cumulative_cardinality": 26537151,
                                                                                                    "operator_type": "FILTER",
                                                                                                    "operator_cardinality": 2666831,
                                                                                                    "cumulative_rows_scanned": 11091938,
                                                                                                    "operator_rows_scanned": 0,
                                                                                                    "operator_timing": 0.017633612999999874,
                                                                                                    "result_set_size": 101339578,
                                                                                                    "children": [
                                                                                                        {
                                                                                                            "operator_name": "HASH_JOIN",
                                                                                                            "cpu_time": 1.3549618540000057,
                                                                                                            "extra_info": {
                                                                                                                "Join Type": "RIGHT",
                                                                                                                "Conditions": "postid = id",
                                                                                                                "Estimated Cardinality": "7241822"
                                                                                                            },
                                                                                                            "cumulative_cardinality": 23870320,
                                                                                                            "operator_type": "HASH_JOIN",
                                                                                                            "operator_cardinality": 8928266,
                                                                                                            "cumulative_rows_scanned": 11091938,
                                                                                                            "operator_rows_scanned": 0,
                                                                                                            "operator_timing": 0.8221167180000046,
                                                                                                            "result_set_size": 339274108,
                                                                                                            "children": [
                                                                                                                {
                                                                                                                    "operator_name": "READ_PARQUET ",
                                                                                                                    "cpu_time": 0.1309933210000003,
                                                                                                                    "extra_info": {
                                                                                                                        "Function": "READ_PARQUET",
                                                                                                                        "Projections": [
                                                                                                                            "id",
                                                                                                                            "postid"
                                                                                                                        ],
                                                                                                                        "Estimated Cardinality": "7241822"
                                                                                                                    },
                                                                                                                    "cumulative_cardinality": 7241822,
                                                                                                                    "operator_type": "TABLE_SCAN",
                                                                                                                    "operator_cardinality": 7241822,
                                                                                                                    "cumulative_rows_scanned": 7241822,
                                                                                                                    "operator_rows_scanned": 7241822,
                                                                                                                    "operator_timing": 0.1309933210000003,
                                                                                                                    "result_set_size": 57934576,
                                                                                                                    "children": []
                                                                                                                },
                                                                                                                {
                                                                                                                    "operator_name": "PROJECTION",
                                                                                                                    "cpu_time": 0.40185181500000067,
                                                                                                                    "extra_info": {
                                                                                                                        "Projections": [
                                                                                                                            "#0",
                                                                                                                            "#1",
                                                                                                                            "__internal_compress_integral_usmallint(#2, -72)",
                                                                                                                            "#3",
                                                                                                                            "#4"
                                                                                                                        ],
                                                                                                                        "Estimated Cardinality": "3850116"
                                                                                                                    },
                                                                                                                    "cumulative_cardinality": 7700232,
                                                                                                                    "operator_type": "PROJECTION",
                                                                                                                    "operator_cardinality": 3850116,
                                                                                                                    "cumulative_rows_scanned": 3850116,
                                                                                                                    "operator_rows_scanned": 0,
                                                                                                                    "operator_timing": 0.003496307999999998,
                                                                                                                    "result_set_size": 130903944,
                                                                                                                    "children": [
                                                                                                                        {
                                                                                                                            "operator_name": "READ_PARQUET ",
                                                                                                                            "cpu_time": 0.39835550700000066,
                                                                                                                            "extra_info": {
                                                                                                                                "Function": "READ_PARQUET",
                                                                                                                                "Projections": [
                                                                                                                                    "id",
                                                                                                                                    "creationdate",
                                                                                                                                    "score",
                                                                                                                                    "viewcount",
                                                                                                                                    "title"
                                                                                                                                ],
                                                                                                                                "Estimated Cardinality": "3850116"
                                                                                                                            },
                                                                                                                            "cumulative_cardinality": 3850116,
                                                                                                                            "operator_type": "TABLE_SCAN",
                                                                                                                            "operator_cardinality": 3850116,
                                                                                                                            "cumulative_rows_scanned": 3850116,
                                                                                                                            "operator_rows_scanned": 3850116,
                                                                                                                            "operator_timing": 0.39835550700000066,
                                                                                                                            "result_set_size": 138604176,
                                                                                                                            "children": []
                                                                                                                        }
                                                                                                                    ]
                                                                                                                }
                                                                                                            ]
                                                                                                        }
                                                                                                    ]
                                                                                                }
                                                                                            ]
                                                                                        }
                                                                                    ]
                                                                                }
                                                                            ]
                                                                        }
                                                                    ]
                                                                }
                                                            ]
                                                        },
                                                        {
                                                            "operator_name": "HASH_GROUP_BY",
                                                            "cpu_time": 9.33884773900001,
                                                            "extra_info": {
                                                                "Groups": [
                                                                    "#0",
                                                                    "#1",
                                                                    "#2"
                                                                ],
                                                                "Aggregates": [
                                                                    "count(DISTINCT #3)",
                                                                    "count(DISTINCT #4)",
                                                                    "sum(#5)",
                                                                    "sum(#6)"
                                                                ],
                                                                "Estimated Cardinality": "1260710"
                                                            },
                                                            "cumulative_cardinality": 143552264,
                                                            "operator_type": "HASH_GROUP_BY",
                                                            "operator_cardinality": 1260709,
                                                            "cumulative_rows_scanned": 25096741,
                                                            "operator_rows_scanned": 0,
                                                            "operator_timing": 5.735704443000004,
                                                            "result_set_size": 90771048,
                                                            "children": [
                                                                {
                                                                    "operator_name": "PROJECTION",
                                                                    "cpu_time": 3.6031432960000074,
                                                                    "extra_info": {
                                                                        "Projections": [
                                                                            "id",
                                                                            "displayname",
                                                                            "reputation",
                                                                            "id",
                                                                            "id",
                                                                            "CASE  WHEN ((votetypeid = 2)) THEN (1) ELSE 0 END",
                                                                            "CASE  WHEN ((votetypeid = 3)) THEN (1) ELSE 0 END"
                                                                        ],
                                                                        "Estimated Cardinality": "12744093"
                                                                    },
                                                                    "cumulative_cardinality": 142291555,
                                                                    "operator_type": "PROJECTION",
                                                                    "operator_cardinality": 34452970,
                                                                    "cumulative_rows_scanned": 25096741,
                                                                    "operator_rows_scanned": 0,
                                                                    "operator_timing": 0.2372365399999993,
                                                                    "result_set_size": 1378118800,
                                                                    "children": [
                                                                        {
                                                                            "operator_name": "FILTER",
                                                                            "cpu_time": 3.365906756000008,
                                                                            "extra_info": {
                                                                                "Expression": "(id >= 1)",
                                                                                "Estimated Cardinality": "12744093"
                                                                            },
                                                                            "cumulative_cardinality": 107838585,
                                                                            "operator_type": "FILTER",
                                                                            "operator_cardinality": 34452970,
                                                                            "cumulative_rows_scanned": 25096741,
                                                                            "operator_rows_scanned": 0,
                                                                            "operator_timing": 0.05843163499999992,
                                                                            "result_set_size": 1171400980,
                                                                            "children": [
                                                                                {
                                                                                    "operator_name": "HASH_JOIN",
                                                                                    "cpu_time": 3.3074751210000084,
                                                                                    "extra_info": {
                                                                                        "Join Type": "RIGHT",
                                                                                        "Conditions": "postid = id",
                                                                                        "Estimated Cardinality": "12744093"
                                                                                    },
                                                                                    "cumulative_cardinality": 73385615,
                                                                                    "operator_type": "HASH_JOIN",
                                                                                    "operator_cardinality": 34453569,
                                                                                    "cumulative_rows_scanned": 25096741,
                                                                                    "operator_rows_scanned": 0,
                                                                                    "operator_timing": 1.7968655300000094,
                                                                                    "result_set_size": 1171421346,
                                                                                    "children": [
                                                                                        {
                                                                                            "operator_name": "READ_PARQUET ",
                                                                                            "cpu_time": 0.23588710000000018,
                                                                                            "extra_info": {
                                                                                                "Function": "READ_PARQUET",
                                                                                                "Projections": [
                                                                                                    "postid",
                                                                                                    "votetypeid"
                                                                                                ],
                                                                                                "Estimated Cardinality": "12744093"
                                                                                            },
                                                                                            "cumulative_cardinality": 12744093,
                                                                                            "operator_type": "TABLE_SCAN",
                                                                                            "operator_cardinality": 12744093,
                                                                                            "cumulative_rows_scanned": 12744093,
                                                                                            "operator_rows_scanned": 12744093,
                                                                                            "operator_timing": 0.23588710000000018,
                                                                                            "result_set_size": 76464558,
                                                                                            "children": []
                                                                                        },
                                                                                        {
                                                                                            "operator_name": "HASH_JOIN",
                                                                                            "cpu_time": 1.274722490999999,
                                                                                            "extra_info": {
                                                                                                "Join Type": "RIGHT",
                                                                                                "Conditions": "postid = id",
                                                                                                "Estimated Cardinality": "7241822"
                                                                                            },
                                                                                            "cumulative_cardinality": 26187953,
                                                                                            "operator_type": "HASH_JOIN",
                                                                                            "operator_cardinality": 9425510,
                                                                                            "cumulative_rows_scanned": 12352648,
                                                                                            "operator_rows_scanned": 0,
                                                                                            "operator_timing": 0.7102572150000002,
                                                                                            "result_set_size": 301616320,
                                                                                            "children": [
                                                                                                {
                                                                                                    "operator_name": "READ_PARQUET ",
                                                                                                    "cpu_time": 0.12106204799999985,
                                                                                                    "extra_info": {
                                                                                                        "Function": "READ_PARQUET",
                                                                                                        "Projections": [
                                                                                                            "id",
                                                                                                            "postid"
                                                                                                        ],
                                                                                                        "Estimated Cardinality": "7241822"
                                                                                                    },
                                                                                                    "cumulative_cardinality": 7241822,
                                                                                                    "operator_type": "TABLE_SCAN",
                                                                                                    "operator_cardinality": 7241822,
                                                                                                    "cumulative_rows_scanned": 7241822,
                                                                                                    "operator_rows_scanned": 7241822,
                                                                                                    "operator_timing": 0.12106204799999985,
                                                                                                    "result_set_size": 57934576,
                                                                                                    "children": []
                                                                                                },
                                                                                                {
                                                                                                    "operator_name": "HASH_JOIN",
                                                                                                    "cpu_time": 0.4434032279999991,
                                                                                                    "extra_info": {
                                                                                                        "Join Type": "RIGHT",
                                                                                                        "Conditions": "owneruserid = id",
                                                                                                        "Estimated Cardinality": "3850116"
                                                                                                    },
                                                                                                    "cumulative_cardinality": 9520621,
                                                                                                    "operator_type": "HASH_JOIN",
                                                                                                    "operator_cardinality": 4574495,
                                                                                                    "cumulative_rows_scanned": 5110826,
                                                                                                    "operator_rows_scanned": 0,
                                                                                                    "operator_timing": 0.2645109099999992,
                                                                                                    "result_set_size": 128085860,
                                                                                                    "children": [
                                                                                                        {
                                                                                                            "operator_name": "READ_PARQUET ",
                                                                                                            "cpu_time": 0.09346029699999986,
                                                                                                            "extra_info": {
                                                                                                                "Function": "READ_PARQUET",
                                                                                                                "Projections": [
                                                                                                                    "id",
                                                                                                                    "owneruserid"
                                                                                                                ],
                                                                                                                "Estimated Cardinality": "3850116"
                                                                                                            },
                                                                                                            "cumulative_cardinality": 3685416,
                                                                                                            "operator_type": "TABLE_SCAN",
                                                                                                            "operator_cardinality": 3685416,
                                                                                                            "cumulative_rows_scanned": 3850116,
                                                                                                            "operator_rows_scanned": 3850116,
                                                                                                            "operator_timing": 0.09346029699999986,
                                                                                                            "result_set_size": 29483328,
                                                                                                            "children": []
                                                                                                        },
                                                                                                        {
                                                                                                            "operator_name": "READ_PARQUET ",
                                                                                                            "cpu_time": 0.08543202100000002,
                                                                                                            "extra_info": {
                                                                                                                "Function": "READ_PARQUET",
                                                                                                                "Projections": [
                                                                                                                    "id",
                                                                                                                    "reputation",
                                                                                                                    "displayname"
                                                                                                                ],
                                                                                                                "Estimated Cardinality": "1260710"
                                                                                                            },
                                                                                                            "cumulative_cardinality": 1260710,
                                                                                                            "operator_type": "TABLE_SCAN",
                                                                                                            "operator_cardinality": 1260710,
                                                                                                            "cumulative_rows_scanned": 1260710,
                                                                                                            "operator_rows_scanned": 1260710,
                                                                                                            "operator_timing": 0.08543202100000002,
                                                                                                            "result_set_size": 30257040,
                                                                                                            "children": []
                                                                                                        }
                                                                                                    ]
                                                                                                }
                                                                                            ]
                                                                                        }
                                                                                    ]
                                                                                }
                                                                            ]
                                                                        }
                                                                    ]
                                                                }
                                                            ]
                                                        }
                                                    ]
                                                }
                                            ]
                                        }
                                    ]
                                }
                            ]
                        }
                    ]
                }
            ]
        }
    ]
}