{
    "rows_returned": 5,
    "query_name": "SELECT \n    pt.Name AS PostType,\n    COUNT(c.Id) AS CommentCount,\n    AVG(p.Score) AS AverageScore,\n    AVG(EXTRACT(EPOCH FROM (cast('2024-10-01 12:34:56' as timestamp) - p.CreationDate)) / 60) AS AverageResponseTimeInMinutes\nFROM \n    Posts p\nJOIN \n    PostTypes pt ON p.PostTypeId = pt.Id\nLEFT JOIN \n    Comments c ON p.Id = c.PostId\nWHERE \n    p.CreationDate >= cast('2024-10-01 12:34:56' as timestamp) - INTERVAL '1 year' \nGROUP BY \n    pt.Name\nORDER BY \n    CommentCount DESC, AverageScore DESC\nLIMIT 10;",
    "blocked_thread_time": 0.0,
    "cpu_time": 0.06622699100000001,
    "extra_info": {},
    "cumulative_cardinality": 1276590,
    "cumulative_rows_scanned": 11091946,
    "result_set_size": 200,
    "latency": 0.07372107,
    "children": [
        {
            "operator_name": "STREAMING_LIMIT",
            "cpu_time": 0.06622699100000001,
            "extra_info": {},
            "cumulative_cardinality": 1276590,
            "operator_type": "STREAMING_LIMIT",
            "operator_cardinality": 5,
            "cumulative_rows_scanned": 11091946,
            "operator_rows_scanned": 0,
            "operator_timing": 7.32e-7,
            "result_set_size": 200,
            "children": [
                {
                    "operator_name": "ORDER_BY",
                    "cpu_time": 0.06622625900000001,
                    "extra_info": {
                        "Order By": [
                            "count(c.Id) DESC",
                            "avg(p.Score) DESC"
                        ]
                    },
                    "cumulative_cardinality": 1276585,
                    "operator_type": "ORDER_BY",
                    "operator_cardinality": 5,
                    "cumulative_rows_scanned": 11091946,
                    "operator_rows_scanned": 0,
                    "operator_timing": 0.000027513,
                    "result_set_size": 200,
                    "children": [
                        {
                            "operator_name": "HASH_GROUP_BY",
                            "cpu_time": 0.066198746,
                            "extra_info": {
                                "Groups": "#0",
                                "Aggregates": [
                                    "count(#1)",
                                    "avg(#2)",
                                    "avg(#3)"
                                ],
                                "Estimated Cardinality": "3850116"
                            },
                            "cumulative_cardinality": 1276580,
                            "operator_type": "HASH_GROUP_BY",
                            "operator_cardinality": 5,
                            "cumulative_rows_scanned": 11091946,
                            "operator_rows_scanned": 0,
                            "operator_timing": 0.008196449000000001,
                            "result_set_size": 200,
                            "children": [
                                {
                                    "operator_name": "PROJECTION",
                                    "cpu_time": 0.058002296999999994,
                                    "extra_info": {
                                        "Projections": [
                                            "name",
                                            "id",
                                            "score",
                                            "(epoch(('2024-10-01 12:34:56'::TIMESTAMP - creationdate)) / 60.0)"
                                        ],
                                        "Estimated Cardinality": "7241822"
                                    },
                                    "cumulative_cardinality": 1276575,
                                    "operator_type": "PROJECTION",
                                    "operator_cardinality": 349210,
                                    "cumulative_rows_scanned": 11091946,
                                    "operator_rows_scanned": 0,
                                    "operator_timing": 0.004077213999999998,
                                    "result_set_size": 11174720,
                                    "children": [
                                        {
                                            "operator_name": "HASH_JOIN",
                                            "cpu_time": 0.053925083,
                                            "extra_info": {
                                                "Join Type": "RIGHT",
                                                "Conditions": "postid = id",
                                                "Estimated Cardinality": "7241822"
                                            },
                                            "cumulative_cardinality": 927365,
                                            "operator_type": "HASH_JOIN",
                                            "operator_cardinality": 349210,
                                            "cumulative_rows_scanned": 11091946,
                                            "operator_rows_scanned": 0,
                                            "operator_timing": 0.016640937,
                                            "result_set_size": 11174720,
                                            "children": [
                                                {
                                                    "operator_name": "READ_PARQUET ",
                                                    "cpu_time": 0.012499661999999998,
                                                    "extra_info": {
                                                        "Function": "READ_PARQUET",
                                                        "Projections": [
                                                            "id",
                                                            "postid"
                                                        ],
                                                        "Estimated Cardinality": "7241822"
                                                    },
                                                    "cumulative_cardinality": 287064,
                                                    "operator_type": "TABLE_SCAN",
                                                    "operator_cardinality": 287064,
                                                    "cumulative_rows_scanned": 7241822,
                                                    "operator_rows_scanned": 7241822,
                                                    "operator_timing": 0.012499661999999998,
                                                    "result_set_size": 2296512,
                                                    "children": []
                                                },
                                                {
                                                    "operator_name": "HASH_JOIN",
                                                    "cpu_time": 0.024784483999999996,
                                                    "extra_info": {
                                                        "Join Type": "INNER",
                                                        "Conditions": "posttypeid = id",
                                                        "Estimated Cardinality": "770023"
                                                    },
                                                    "cumulative_cardinality": 291091,
                                                    "operator_type": "HASH_JOIN",
                                                    "operator_cardinality": 145542,
                                                    "cumulative_rows_scanned": 3850124,
                                                    "operator_rows_scanned": 0,
                                                    "operator_timing": 0.00039723800000000017,
                                                    "result_set_size": 4657344,
                                                    "children": [
                                                        {
                                                            "operator_name": "READ_PARQUET ",
                                                            "cpu_time": 0.024053320999999996,
                                                            "extra_info": {
                                                                "Function": "READ_PARQUET",
                                                                "Projections": [
                                                                    "id",
                                                                    "posttypeid",
                                                                    "creationdate",
                                                                    "score"
                                                                ],
                                                                "Filters": "creationdate>='2023-10-01 12:34:56'::TIMESTAMP",
                                                                "Estimated Cardinality": "770023"
                                                            },
                                                            "cumulative_cardinality": 145542,
                                                            "operator_type": "TABLE_SCAN",
                                                            "operator_cardinality": 145542,
                                                            "cumulative_rows_scanned": 3850116,
                                                            "operator_rows_scanned": 3850116,
                                                            "operator_timing": 0.024053320999999996,
                                                            "result_set_size": 2619756,
                                                            "children": []
                                                        },
                                                        {
                                                            "operator_name": "READ_PARQUET ",
                                                            "cpu_time": 0.000333925,
                                                            "extra_info": {
                                                                "Function": "READ_PARQUET",
                                                                "Projections": [
                                                                    "id",
                                                                    "name"
                                                                ],
                                                                "Filters": "id<=7",
                                                                "Estimated Cardinality": "8"
                                                            },
                                                            "cumulative_cardinality": 7,
                                                            "operator_type": "TABLE_SCAN",
                                                            "operator_cardinality": 7,
                                                            "cumulative_rows_scanned": 8,
                                                            "operator_rows_scanned": 8,
                                                            "operator_timing": 0.000333925,
                                                            "result_set_size": 126,
                                                            "children": []
                                                        }
                                                    ]
                                                }
                                            ]
                                        }
                                    ]
                                }
                            ]
                        }
                    ]
                }
            ]
        }
    ]
}