{
    "rows_returned": 1320414,
    "query_name": "WITH UserPostStats AS (\n    SELECT \n        U.Id AS UserId,\n        U.DisplayName,\n        PT.Name AS PostType,\n        COUNT(P.Id) AS PostCount,\n        SUM(COALESCE(P.Score, 0)) AS TotalScore,\n        SUM(COALESCE(P.ViewCount, 0)) AS TotalViews,\n        SUM(COALESCE(P.AnswerCount, 0)) AS TotalAnswers,\n        SUM(COALESCE(P.CommentCount, 0)) AS TotalComments\n    FROM \n        Users U\n    LEFT JOIN \n        Posts P ON P.OwnerUserId = U.Id\n    LEFT JOIN \n        PostTypes PT ON P.PostTypeId = PT.Id\n    GROUP BY \n        U.Id, U.DisplayName, PT.Name\n)\nSELECT \n    UserId,\n    DisplayName,\n    PostType,\n    PostCount,\n    TotalScore,\n    TotalViews,\n    TotalAnswers,\n    TotalComments\nFROM \n    UserPostStats\nORDER BY \n    TotalScore DESC, PostCount DESC;",
    "blocked_thread_time": 0.0,
    "cpu_time": 1.5271846530000004,
    "extra_info": {},
    "cumulative_cardinality": 21310447,
    "cumulative_rows_scanned": 5110834,
    "result_set_size": 142604712,
    "latency": 4.906616852,
    "children": [
        {
            "operator_name": "ORDER_BY",
            "cpu_time": 1.5271846530000004,
            "extra_info": {
                "Order By": [
                    "UserPostStats.TotalScore DESC",
                    "UserPostStats.PostCount DESC"
                ]
            },
            "cumulative_cardinality": 21310447,
            "operator_type": "ORDER_BY",
            "operator_cardinality": 1320414,
            "cumulative_rows_scanned": 5110834,
            "operator_rows_scanned": 0,
            "operator_timing": 0.10015337699999996,
            "result_set_size": 142604712,
            "children": [
                {
                    "operator_name": "HASH_GROUP_BY",
                    "cpu_time": 1.4270312760000003,
                    "extra_info": {
                        "Groups": [
                            "#0",
                            "#1",
                            "#2"
                        ],
                        "Aggregates": [
                            "count(#3)",
                            "sum(#4)",
                            "sum(#5)",
                            "sum(#6)",
                            "sum(#7)"
                        ],
                        "Estimated Cardinality": "1260710"
                    },
                    "cumulative_cardinality": 19990033,
                    "operator_type": "HASH_GROUP_BY",
                    "operator_cardinality": 1320414,
                    "cumulative_rows_scanned": 5110834,
                    "operator_rows_scanned": 0,
                    "operator_timing": 0.7030194450000004,
                    "result_set_size": 142604712,
                    "children": [
                        {
                            "operator_name": "PROJECTION",
                            "cpu_time": 0.724011831,
                            "extra_info": {
                                "Projections": [
                                    "id",
                                    "displayname",
                                    "name",
                                    "id",
                                    "COALESCE(score, 0)",
                                    "COALESCE(viewcount, 0)",
                                    "COALESCE(answercount, 0)",
                                    "COALESCE(commentcount, 0)"
                                ],
                                "Estimated Cardinality": "3850116"
                            },
                            "cumulative_cardinality": 18669619,
                            "operator_type": "PROJECTION",
                            "operator_cardinality": 4574495,
                            "cumulative_rows_scanned": 5110834,
                            "operator_rows_scanned": 0,
                            "operator_timing": 0.09983163299999998,
                            "result_set_size": 256171720,
                            "children": [
                                {
                                    "operator_name": "HASH_JOIN",
                                    "cpu_time": 0.624180198,
                                    "extra_info": {
                                        "Join Type": "LEFT",
                                        "Conditions": "posttypeid = id",
                                        "Estimated Cardinality": "3850116"
                                    },
                                    "cumulative_cardinality": 14095124,
                                    "operator_type": "HASH_JOIN",
                                    "operator_cardinality": 4574495,
                                    "cumulative_rows_scanned": 5110834,
                                    "operator_rows_scanned": 0,
                                    "operator_timing": 0.06384897799999997,
                                    "result_set_size": 256171720,
                                    "children": [
                                        {
                                            "operator_name": "HASH_JOIN",
                                            "cpu_time": 0.560008277,
                                            "extra_info": {
                                                "Join Type": "RIGHT",
                                                "Conditions": "owneruserid = id",
                                                "Estimated Cardinality": "3850116"
                                            },
                                            "cumulative_cardinality": 9520621,
                                            "operator_type": "HASH_JOIN",
                                            "operator_cardinality": 4574495,
                                            "cumulative_rows_scanned": 5110826,
                                            "operator_rows_scanned": 0,
                                            "operator_timing": 0.29442530699999997,
                                            "result_set_size": 192128790,
                                            "children": [
                                                {
                                                    "operator_name": "READ_PARQUET ",
                                                    "cpu_time": 0.18733771800000001,
                                                    "extra_info": {
                                                        "Function": "READ_PARQUET",
                                                        "Projections": [
                                                            "id",
                                                            "posttypeid",
                                                            "score",
                                                            "viewcount",
                                                            "owneruserid",
                                                            "answercount",
                                                            "commentcount"
                                                        ],
                                                        "Estimated Cardinality": "3850116"
                                                    },
                                                    "cumulative_cardinality": 3685416,
                                                    "operator_type": "TABLE_SCAN",
                                                    "operator_cardinality": 3685416,
                                                    "cumulative_rows_scanned": 3850116,
                                                    "operator_rows_scanned": 3850116,
                                                    "operator_timing": 0.18733771800000001,
                                                    "result_set_size": 95820816,
                                                    "children": []
                                                },
                                                {
                                                    "operator_name": "READ_PARQUET ",
                                                    "cpu_time": 0.07824525199999997,
                                                    "extra_info": {
                                                        "Function": "READ_PARQUET",
                                                        "Projections": [
                                                            "id",
                                                            "displayname"
                                                        ],
                                                        "Estimated Cardinality": "1260710"
                                                    },
                                                    "cumulative_cardinality": 1260710,
                                                    "operator_type": "TABLE_SCAN",
                                                    "operator_cardinality": 1260710,
                                                    "cumulative_rows_scanned": 1260710,
                                                    "operator_rows_scanned": 1260710,
                                                    "operator_timing": 0.07824525199999997,
                                                    "result_set_size": 25214200,
                                                    "children": []
                                                }
                                            ]
                                        },
                                        {
                                            "operator_name": "READ_PARQUET ",
                                            "cpu_time": 0.000322943,
                                            "extra_info": {
                                                "Function": "READ_PARQUET",
                                                "Projections": [
                                                    "id",
                                                    "name"
                                                ],
                                                "Estimated Cardinality": "8"
                                            },
                                            "cumulative_cardinality": 8,
                                            "operator_type": "TABLE_SCAN",
                                            "operator_cardinality": 8,
                                            "cumulative_rows_scanned": 8,
                                            "operator_rows_scanned": 8,
                                            "operator_timing": 0.000322943,
                                            "result_set_size": 144,
                                            "children": []
                                        }
                                    ]
                                }
                            ]
                        }
                    ]
                }
            ]
        }
    ]
}