{
    "rows_returned": 5806,
    "query_name": "\nSELECT \n    u.Reputation AS UserReputation,\n    COUNT(DISTINCT p.Id) AS QuestionCount,\n    AVG(p.Score) AS AverageQuestionScore,\n    SUM(CASE WHEN v.VoteTypeId = 2 THEN 1 ELSE 0 END) AS TotalUpVotes,\n    SUM(CASE WHEN v.VoteTypeId = 3 THEN 1 ELSE 0 END) AS TotalDownVotes,\n    COUNT(a.Id) AS AnswerCount\nFROM \n    Users u\nJOIN \n    Posts p ON u.Id = p.OwnerUserId\nLEFT JOIN \n    Posts a ON a.ParentId = p.Id \nLEFT JOIN \n    Votes v ON v.PostId = p.Id\nWHERE \n    p.PostTypeId = 1 \nGROUP BY \n    u.Reputation\nORDER BY \n    u.Reputation DESC;\n",
    "blocked_thread_time": 0.0,
    "cpu_time": 1.935276284,
    "extra_info": {},
    "cumulative_cardinality": 54855065,
    "cumulative_rows_scanned": 21705035,
    "result_set_size": 348360,
    "latency": 2.223297061,
    "children": [
        {
            "operator_name": "ORDER_BY",
            "cpu_time": 1.935276284,
            "extra_info": {
                "Order By": "u.Reputation DESC"
            },
            "cumulative_cardinality": 54855065,
            "operator_type": "ORDER_BY",
            "operator_cardinality": 5806,
            "cumulative_rows_scanned": 21705035,
            "operator_rows_scanned": 0,
            "operator_timing": 0.000195556,
            "result_set_size": 348360,
            "children": [
                {
                    "operator_name": "HASH_GROUP_BY",
                    "cpu_time": 1.935080728,
                    "extra_info": {
                        "Groups": "#0",
                        "Aggregates": [
                            "count(DISTINCT #1)",
                            "avg(#2)",
                            "sum(#3)",
                            "sum(#4)",
                            "count(#5)"
                        ],
                        "Estimated Cardinality": "1260710"
                    },
                    "cumulative_cardinality": 54849259,
                    "operator_type": "HASH_GROUP_BY",
                    "operator_cardinality": 5806,
                    "cumulative_rows_scanned": 21705035,
                    "operator_rows_scanned": 0,
                    "operator_timing": 0.38791121999999906,
                    "result_set_size": 348360,
                    "children": [
                        {
                            "operator_name": "PROJECTION",
                            "cpu_time": 1.547169508000001,
                            "extra_info": {
                                "Projections": [
                                    "reputation",
                                    "id",
                                    "score",
                                    "CASE  WHEN ((votetypeid = 2)) THEN (1) ELSE 0 END",
                                    "CASE  WHEN ((votetypeid = 3)) THEN (1) ELSE 0 END",
                                    "id"
                                ],
                                "Estimated Cardinality": "12744093"
                            },
                            "cumulative_cardinality": 54843453,
                            "operator_type": "PROJECTION",
                            "operator_cardinality": 10223013,
                            "cumulative_rows_scanned": 21705035,
                            "operator_rows_scanned": 0,
                            "operator_timing": 0.06837294999999996,
                            "result_set_size": 245352312,
                            "children": [
                                {
                                    "operator_name": "PROJECTION",
                                    "cpu_time": 1.478796558000001,
                                    "extra_info": {
                                        "Projections": [
                                            "#0",
                                            "#1",
                                            "#2",
                                            "#3",
                                            "__internal_decompress_integral_integer(#4, -72)"
                                        ],
                                        "Estimated Cardinality": "12744093"
                                    },
                                    "cumulative_cardinality": 44620440,
                                    "operator_type": "PROJECTION",
                                    "operator_cardinality": 10223013,
                                    "cumulative_rows_scanned": 21705035,
                                    "operator_rows_scanned": 0,
                                    "operator_timing": 0.005458705999999911,
                                    "result_set_size": 184014234,
                                    "children": [
                                        {
                                            "operator_name": "HASH_JOIN",
                                            "cpu_time": 1.4733378520000011,
                                            "extra_info": {
                                                "Join Type": "RIGHT",
                                                "Conditions": "postid = id",
                                                "Estimated Cardinality": "12744093"
                                            },
                                            "cumulative_cardinality": 34397427,
                                            "operator_type": "HASH_JOIN",
                                            "operator_cardinality": 10223013,
                                            "cumulative_rows_scanned": 21705035,
                                            "operator_rows_scanned": 0,
                                            "operator_timing": 0.5612166460000013,
                                            "result_set_size": 163568208,
                                            "children": [
                                                {
                                                    "operator_name": "READ_PARQUET ",
                                                    "cpu_time": 0.20679061499999982,
                                                    "extra_info": {
                                                        "Function": "READ_PARQUET",
                                                        "Projections": [
                                                            "postid",
                                                            "votetypeid"
                                                        ],
                                                        "Estimated Cardinality": "12744093"
                                                    },
                                                    "cumulative_cardinality": 12744093,
                                                    "operator_type": "TABLE_SCAN",
                                                    "operator_cardinality": 12744093,
                                                    "cumulative_rows_scanned": 12744093,
                                                    "operator_rows_scanned": 12744093,
                                                    "operator_timing": 0.20679061499999982,
                                                    "result_set_size": 76464558,
                                                    "children": []
                                                },
                                                {
                                                    "operator_name": "PROJECTION",
                                                    "cpu_time": 0.705330591,
                                                    "extra_info": {
                                                        "Projections": [
                                                            "#0",
                                                            "#1",
                                                            "#2",
                                                            "__internal_compress_integral_usmallint(#3, -72)"
                                                        ],
                                                        "Estimated Cardinality": "3850116"
                                                    },
                                                    "cumulative_cardinality": 11430321,
                                                    "operator_type": "PROJECTION",
                                                    "operator_cardinality": 2367262,
                                                    "cumulative_rows_scanned": 8960942,
                                                    "operator_rows_scanned": 0,
                                                    "operator_timing": 0.0013607150000000004,
                                                    "result_set_size": 33141668,
                                                    "children": [
                                                        {
                                                            "operator_name": "HASH_JOIN",
                                                            "cpu_time": 0.7039698759999999,
                                                            "extra_info": {
                                                                "Join Type": "RIGHT",
                                                                "Conditions": "parentid = id",
                                                                "Estimated Cardinality": "3850116"
                                                            },
                                                            "cumulative_cardinality": 9063059,
                                                            "operator_type": "HASH_JOIN",
                                                            "operator_cardinality": 2367262,
                                                            "cumulative_rows_scanned": 8960942,
                                                            "operator_rows_scanned": 0,
                                                            "operator_timing": 0.21383957199999987,
                                                            "result_set_size": 37876192,
                                                            "children": [
                                                                {
                                                                    "operator_name": "READ_PARQUET ",
                                                                    "cpu_time": 0.13812306900000013,
                                                                    "extra_info": {
                                                                        "Function": "READ_PARQUET",
                                                                        "Projections": [
                                                                            "id",
                                                                            "parentid"
                                                                        ],
                                                                        "Estimated Cardinality": "3850116"
                                                                    },
                                                                    "cumulative_cardinality": 2177293,
                                                                    "operator_type": "TABLE_SCAN",
                                                                    "operator_cardinality": 2177293,
                                                                    "cumulative_rows_scanned": 3850116,
                                                                    "operator_rows_scanned": 3850116,
                                                                    "operator_timing": 0.13812306900000013,
                                                                    "result_set_size": 17418344,
                                                                    "children": []
                                                                },
                                                                {
                                                                    "operator_name": "HASH_JOIN",
                                                                    "cpu_time": 0.352007235,
                                                                    "extra_info": {
                                                                        "Join Type": "INNER",
                                                                        "Conditions": "id = owneruserid",
                                                                        "Estimated Cardinality": "770023"
                                                                    },
                                                                    "cumulative_cardinality": 4518504,
                                                                    "operator_type": "HASH_JOIN",
                                                                    "operator_cardinality": 1589663,
                                                                    "cumulative_rows_scanned": 5110826,
                                                                    "operator_rows_scanned": 0,
                                                                    "operator_timing": 0.1631123140000001,
                                                                    "result_set_size": 19075956,
                                                                    "children": [
                                                                        {
                                                                            "operator_name": "READ_PARQUET ",
                                                                            "cpu_time": 0.041008216000000014,
                                                                            "extra_info": {
                                                                                "Function": "READ_PARQUET",
                                                                                "Projections": [
                                                                                    "id",
                                                                                    "reputation"
                                                                                ],
                                                                                "Filters": "id<=1416539",
                                                                                "Estimated Cardinality": "1260710"
                                                                            },
                                                                            "cumulative_cardinality": 1260677,
                                                                            "operator_type": "TABLE_SCAN",
                                                                            "operator_cardinality": 1260677,
                                                                            "cumulative_rows_scanned": 1260710,
                                                                            "operator_rows_scanned": 1260710,
                                                                            "operator_timing": 0.041008216000000014,
                                                                            "result_set_size": 10085416,
                                                                            "children": []
                                                                        },
                                                                        {
                                                                            "operator_name": "READ_PARQUET ",
                                                                            "cpu_time": 0.14788670499999984,
                                                                            "extra_info": {
                                                                                "Function": "READ_PARQUET",
                                                                                "Projections": [
                                                                                    "id",
                                                                                    "score",
                                                                                    "owneruserid"
                                                                                ],
                                                                                "Filters": "posttypeid=1",
                                                                                "Estimated Cardinality": "770023"
                                                                            },
                                                                            "cumulative_cardinality": 1668164,
                                                                            "operator_type": "TABLE_SCAN",
                                                                            "operator_cardinality": 1668164,
                                                                            "cumulative_rows_scanned": 3850116,
                                                                            "operator_rows_scanned": 3850116,
                                                                            "operator_timing": 0.14788670499999984,
                                                                            "result_set_size": 20017968,
                                                                            "children": []
                                                                        }
                                                                    ]
                                                                }
                                                            ]
                                                        }
                                                    ]
                                                }
                                            ]
                                        }
                                    ]
                                }
                            ]
                        }
                    ]
                }
            ]
        }
    ]
}