{
    "rows_returned": 7,
    "query_name": "WITH PostStats AS (\n    SELECT \n        pt.Name AS PostType,\n        COUNT(p.Id) AS PostCount,\n        AVG(p.Score) AS AverageScore\n    FROM \n        Posts p\n    INNER JOIN \n        PostTypes pt ON p.PostTypeId = pt.Id\n    GROUP BY \n        pt.Name\n),\n\nBadgeStats AS (\n    SELECT \n        COUNT(DISTINCT b.UserId) AS UniqueUsersWithBadges\n    FROM \n        Badges b\n)\n\nSELECT \n    ps.PostType,\n    ps.PostCount,\n    ps.AverageScore,\n    bs.UniqueUsersWithBadges\nFROM \n    PostStats ps,\n    BadgeStats bs\nORDER BY \n    ps.PostType;",
    "blocked_thread_time": 0.0,
    "cpu_time": 0.44618216499999985,
    "extra_info": {},
    "cumulative_cardinality": 16193825,
    "cumulative_rows_scanned": 6171848,
    "result_set_size": 280,
    "latency": 0.484759144,
    "children": [
        {
            "operator_name": "ORDER_BY",
            "cpu_time": 0.44618216499999985,
            "extra_info": {
                "Order By": "ps.PostType ASC"
            },
            "cumulative_cardinality": 16193825,
            "operator_type": "ORDER_BY",
            "operator_cardinality": 7,
            "cumulative_rows_scanned": 6171848,
            "operator_rows_scanned": 0,
            "operator_timing": 0.000053159000000000004,
            "result_set_size": 280,
            "children": [
                {
                    "operator_name": "CROSS_PRODUCT",
                    "cpu_time": 0.44612900599999983,
                    "extra_info": {},
                    "cumulative_cardinality": 16193818,
                    "operator_type": "CROSS_PRODUCT",
                    "operator_cardinality": 7,
                    "cumulative_rows_scanned": 6171848,
                    "operator_rows_scanned": 0,
                    "operator_timing": 0.000034473,
                    "result_set_size": 280,
                    "children": [
                        {
                            "operator_name": "HASH_GROUP_BY",
                            "cpu_time": 0.3135893729999999,
                            "extra_info": {
                                "Groups": "#0",
                                "Aggregates": [
                                    "count_star()",
                                    "avg(#1)"
                                ],
                                "Estimated Cardinality": "1925058"
                            },
                            "cumulative_cardinality": 11550362,
                            "operator_type": "HASH_GROUP_BY",
                            "operator_cardinality": 7,
                            "cumulative_rows_scanned": 3850124,
                            "operator_rows_scanned": 0,
                            "operator_timing": 0.14459909299999998,
                            "result_set_size": 224,
                            "children": [
                                {
                                    "operator_name": "PROJECTION",
                                    "cpu_time": 0.16899027999999994,
                                    "extra_info": {
                                        "Projections": [
                                            "name",
                                            "score"
                                        ],
                                        "Estimated Cardinality": "3850116"
                                    },
                                    "cumulative_cardinality": 11550355,
                                    "operator_type": "PROJECTION",
                                    "operator_cardinality": 3850116,
                                    "cumulative_rows_scanned": 3850124,
                                    "operator_rows_scanned": 0,
                                    "operator_timing": 0.00042342000000000025,
                                    "result_set_size": 77002320,
                                    "children": [
                                        {
                                            "operator_name": "HASH_JOIN",
                                            "cpu_time": 0.16856685999999993,
                                            "extra_info": {
                                                "Join Type": "INNER",
                                                "Conditions": "posttypeid = id",
                                                "Estimated Cardinality": "3850116"
                                            },
                                            "cumulative_cardinality": 7700239,
                                            "operator_type": "HASH_JOIN",
                                            "operator_cardinality": 3850116,
                                            "cumulative_rows_scanned": 3850124,
                                            "operator_rows_scanned": 0,
                                            "operator_timing": 0.014877229999999998,
                                            "result_set_size": 77002320,
                                            "children": [
                                                {
                                                    "operator_name": "READ_PARQUET ",
                                                    "cpu_time": 0.15301214499999993,
                                                    "extra_info": {
                                                        "Function": "READ_PARQUET",
                                                        "Projections": [
                                                            "id",
                                                            "posttypeid",
                                                            "score"
                                                        ],
                                                        "Estimated Cardinality": "3850116"
                                                    },
                                                    "cumulative_cardinality": 3850116,
                                                    "operator_type": "TABLE_SCAN",
                                                    "operator_cardinality": 3850116,
                                                    "cumulative_rows_scanned": 3850116,
                                                    "operator_rows_scanned": 3850116,
                                                    "operator_timing": 0.15301214499999993,
                                                    "result_set_size": 38501160,
                                                    "children": []
                                                },
                                                {
                                                    "operator_name": "READ_PARQUET ",
                                                    "cpu_time": 0.000677485,
                                                    "extra_info": {
                                                        "Function": "READ_PARQUET",
                                                        "Projections": [
                                                            "id",
                                                            "name"
                                                        ],
                                                        "Filters": "id<=7",
                                                        "Estimated Cardinality": "8"
                                                    },
                                                    "cumulative_cardinality": 7,
                                                    "operator_type": "TABLE_SCAN",
                                                    "operator_cardinality": 7,
                                                    "cumulative_rows_scanned": 8,
                                                    "operator_rows_scanned": 8,
                                                    "operator_timing": 0.000677485,
                                                    "result_set_size": 126,
                                                    "children": []
                                                }
                                            ]
                                        }
                                    ]
                                }
                            ]
                        },
                        {
                            "operator_name": "UNGROUPED_AGGREGATE",
                            "cpu_time": 0.13250515999999996,
                            "extra_info": {
                                "Aggregates": "count(DISTINCT #0)"
                            },
                            "cumulative_cardinality": 4643449,
                            "operator_type": "UNGROUPED_AGGREGATE",
                            "operator_cardinality": 1,
                            "cumulative_rows_scanned": 2321724,
                            "operator_rows_scanned": 0,
                            "operator_timing": 0.09730435899999995,
                            "result_set_size": 8,
                            "children": [
                                {
                                    "operator_name": "PROJECTION",
                                    "cpu_time": 0.035200801,
                                    "extra_info": {
                                        "Projections": "userid",
                                        "Estimated Cardinality": "2321724"
                                    },
                                    "cumulative_cardinality": 4643448,
                                    "operator_type": "PROJECTION",
                                    "operator_cardinality": 2321724,
                                    "cumulative_rows_scanned": 2321724,
                                    "operator_rows_scanned": 0,
                                    "operator_timing": 0.0003434639999999998,
                                    "result_set_size": 9286896,
                                    "children": [
                                        {
                                            "operator_name": "READ_PARQUET ",
                                            "cpu_time": 0.034857336999999995,
                                            "extra_info": {
                                                "Function": "READ_PARQUET",
                                                "Projections": "userid",
                                                "Estimated Cardinality": "2321724"
                                            },
                                            "cumulative_cardinality": 2321724,
                                            "operator_type": "TABLE_SCAN",
                                            "operator_cardinality": 2321724,
                                            "cumulative_rows_scanned": 2321724,
                                            "operator_rows_scanned": 2321724,
                                            "operator_timing": 0.034857336999999995,
                                            "result_set_size": 9286896,
                                            "children": []
                                        }
                                    ]
                                }
                            ]
                        }
                    ]
                }
            ]
        }
    ]
}