{
    "rows_returned": 7,
    "query_name": "WITH PostStats AS (\n    SELECT \n        pt.Name AS PostType,\n        COUNT(p.Id) AS TotalPosts,\n        SUM(CASE WHEN p.PostTypeId = 1 THEN 1 ELSE 0 END) AS TotalQuestions,\n        SUM(CASE WHEN p.PostTypeId = 2 THEN 1 ELSE 0 END) AS TotalAnswers,\n        SUM(p.ViewCount) AS TotalViews,\n        AVG(p.Score) AS AvgScore,\n        AVG(p.AnswerCount) AS AvgAnswersPerQuestion\n    FROM \n        Posts p\n    JOIN \n        PostTypes pt ON p.PostTypeId = pt.Id\n    GROUP BY \n        pt.Name\n),\n\nUserStats AS (\n    SELECT \n        COUNT(u.Id) AS TotalUsers,\n        SUM(u.Reputation) AS TotalReputation,\n        AVG(u.Reputation) AS AvgReputation,\n        COUNT(DISTINCT CASE WHEN u.UpVotes > 0 THEN u.Id END) AS ActiveUsers,\n        SUM(CASE WHEN u.LastAccessDate > cast('2024-10-01' as date) - INTERVAL '30 days' THEN 1 ELSE 0 END) AS RecentUsers\n    FROM \n        Users u\n),\n\nCommentStats AS (\n    SELECT \n        COUNT(c.Id) AS TotalComments,\n        AVG(LENGTH(c.Text)) AS AvgCommentLength,\n        SUM(CASE WHEN c.Score > 0 THEN 1 ELSE 0 END) AS PositiveComments\n    FROM \n        Comments c\n)\n\nSELECT \n    ps.PostType,\n    ps.TotalPosts,\n    ps.TotalQuestions,\n    ps.TotalAnswers,\n    ps.TotalViews,\n    ps.AvgScore,\n    ps.AvgAnswersPerQuestion,\n    us.TotalUsers,\n    us.TotalReputation,\n    us.AvgReputation,\n    us.ActiveUsers,\n    us.RecentUsers,\n    cs.TotalComments,\n    cs.AvgCommentLength,\n    cs.PositiveComments\nFROM \n    PostStats ps,\n    UserStats us,\n    CommentStats cs\nORDER BY \n    ps.TotalPosts DESC;",
    "blocked_thread_time": 0.0,
    "cpu_time": 4.663444455000001,
    "extra_info": {},
    "cumulative_cardinality": 28555443,
    "cumulative_rows_scanned": 12352656,
    "result_set_size": 1232,
    "latency": 4.813906565,
    "children": [
        {
            "operator_name": "ORDER_BY",
            "cpu_time": 4.663444455000001,
            "extra_info": {
                "Order By": "ps.TotalPosts DESC"
            },
            "cumulative_cardinality": 28555443,
            "operator_type": "ORDER_BY",
            "operator_cardinality": 7,
            "cumulative_rows_scanned": 12352656,
            "operator_rows_scanned": 0,
            "operator_timing": 0.000057657,
            "result_set_size": 1232,
            "children": [
                {
                    "operator_name": "CROSS_PRODUCT",
                    "cpu_time": 4.663386798000001,
                    "extra_info": {},
                    "cumulative_cardinality": 28555436,
                    "operator_type": "CROSS_PRODUCT",
                    "operator_cardinality": 7,
                    "cumulative_rows_scanned": 12352656,
                    "operator_rows_scanned": 0,
                    "operator_timing": 0.000109706,
                    "result_set_size": 1232,
                    "children": [
                        {
                            "operator_name": "HASH_GROUP_BY",
                            "cpu_time": 1.031066447000001,
                            "extra_info": {
                                "Groups": "#0",
                                "Aggregates": [
                                    "count_star()",
                                    "sum(#1)",
                                    "sum(#2)",
                                    "sum(#3)",
                                    "avg(#4)",
                                    "avg(#5)"
                                ],
                                "Estimated Cardinality": "1925058"
                            },
                            "cumulative_cardinality": 11550362,
                            "operator_type": "HASH_GROUP_BY",
                            "operator_cardinality": 7,
                            "cumulative_rows_scanned": 3850124,
                            "operator_rows_scanned": 0,
                            "operator_timing": 0.2002515210000001,
                            "result_set_size": 616,
                            "children": [
                                {
                                    "operator_name": "PROJECTION",
                                    "cpu_time": 0.830814926000001,
                                    "extra_info": {
                                        "Projections": [
                                            "name",
                                            "CASE  WHEN ((posttypeid = 1)) THEN (1) ELSE 0 END",
                                            "CASE  WHEN ((posttypeid = 2)) THEN (1) ELSE 0 END",
                                            "viewcount",
                                            "score",
                                            "answercount"
                                        ],
                                        "Estimated Cardinality": "3850116"
                                    },
                                    "cumulative_cardinality": 11550355,
                                    "operator_type": "PROJECTION",
                                    "operator_cardinality": 3850116,
                                    "cumulative_rows_scanned": 3850124,
                                    "operator_rows_scanned": 0,
                                    "operator_timing": 0.0724763480000002,
                                    "result_set_size": 138604176,
                                    "children": [
                                        {
                                            "operator_name": "HASH_JOIN",
                                            "cpu_time": 0.7583385780000007,
                                            "extra_info": {
                                                "Join Type": "INNER",
                                                "Conditions": "posttypeid = id",
                                                "Estimated Cardinality": "3850116"
                                            },
                                            "cumulative_cardinality": 7700239,
                                            "operator_type": "HASH_JOIN",
                                            "operator_cardinality": 3850116,
                                            "cumulative_rows_scanned": 3850124,
                                            "operator_rows_scanned": 0,
                                            "operator_timing": 0.011744368999999992,
                                            "result_set_size": 115503480,
                                            "children": [
                                                {
                                                    "operator_name": "READ_PARQUET ",
                                                    "cpu_time": 0.7462314720000007,
                                                    "extra_info": {
                                                        "Function": "READ_PARQUET",
                                                        "Projections": [
                                                            "id",
                                                            "posttypeid",
                                                            "score",
                                                            "viewcount",
                                                            "answercount"
                                                        ],
                                                        "Estimated Cardinality": "3850116"
                                                    },
                                                    "cumulative_cardinality": 3850116,
                                                    "operator_type": "TABLE_SCAN",
                                                    "operator_cardinality": 3850116,
                                                    "cumulative_rows_scanned": 3850116,
                                                    "operator_rows_scanned": 3850116,
                                                    "operator_timing": 0.7462314720000007,
                                                    "result_set_size": 69302088,
                                                    "children": []
                                                },
                                                {
                                                    "operator_name": "READ_PARQUET ",
                                                    "cpu_time": 0.000362737,
                                                    "extra_info": {
                                                        "Function": "READ_PARQUET",
                                                        "Projections": [
                                                            "id",
                                                            "name"
                                                        ],
                                                        "Filters": "id<=7",
                                                        "Estimated Cardinality": "8"
                                                    },
                                                    "cumulative_cardinality": 7,
                                                    "operator_type": "TABLE_SCAN",
                                                    "operator_cardinality": 7,
                                                    "cumulative_rows_scanned": 8,
                                                    "operator_rows_scanned": 8,
                                                    "operator_timing": 0.000362737,
                                                    "result_set_size": 126,
                                                    "children": []
                                                }
                                            ]
                                        }
                                    ]
                                }
                            ]
                        },
                        {
                            "operator_name": "CROSS_PRODUCT",
                            "cpu_time": 3.6322106450000002,
                            "extra_info": {},
                            "cumulative_cardinality": 17005067,
                            "operator_type": "CROSS_PRODUCT",
                            "operator_cardinality": 1,
                            "cumulative_rows_scanned": 8502532,
                            "operator_rows_scanned": 0,
                            "operator_timing": 0.000039543000000000004,
                            "result_set_size": 88,
                            "children": [
                                {
                                    "operator_name": "UNGROUPED_AGGREGATE",
                                    "cpu_time": 0.13899015600000006,
                                    "extra_info": {
                                        "Aggregates": [
                                            "count_star()",
                                            "sum(#0)",
                                            "avg(#1)",
                                            "count(DISTINCT #2)",
                                            "sum(#3)"
                                        ]
                                    },
                                    "cumulative_cardinality": 2521421,
                                    "operator_type": "UNGROUPED_AGGREGATE",
                                    "operator_cardinality": 1,
                                    "cumulative_rows_scanned": 1260710,
                                    "operator_rows_scanned": 0,
                                    "operator_timing": 0.025851781000000018,
                                    "result_set_size": 56,
                                    "children": [
                                        {
                                            "operator_name": "PROJECTION",
                                            "cpu_time": 0.11313837500000004,
                                            "extra_info": {
                                                "Projections": [
                                                    "reputation",
                                                    "reputation",
                                                    "CASE  WHEN ((upvotes > 0)) THEN (id) ELSE NULL END",
                                                    "CASE  WHEN ((lastaccessdate > '2024-09-01 00:00:00'::TIMESTAMP)) THEN (1) ELSE 0 END"
                                                ],
                                                "Estimated Cardinality": "1260710"
                                            },
                                            "cumulative_cardinality": 2521420,
                                            "operator_type": "PROJECTION",
                                            "operator_cardinality": 1260710,
                                            "cumulative_rows_scanned": 1260710,
                                            "operator_rows_scanned": 0,
                                            "operator_timing": 0.009759856000000003,
                                            "result_set_size": 20171360,
                                            "children": [
                                                {
                                                    "operator_name": "READ_PARQUET ",
                                                    "cpu_time": 0.10337851900000004,
                                                    "extra_info": {
                                                        "Function": "READ_PARQUET",
                                                        "Projections": [
                                                            "id",
                                                            "reputation",
                                                            "lastaccessdate",
                                                            "upvotes"
                                                        ],
                                                        "Estimated Cardinality": "1260710"
                                                    },
                                                    "cumulative_cardinality": 1260710,
                                                    "operator_type": "TABLE_SCAN",
                                                    "operator_cardinality": 1260710,
                                                    "cumulative_rows_scanned": 1260710,
                                                    "operator_rows_scanned": 1260710,
                                                    "operator_timing": 0.10337851900000004,
                                                    "result_set_size": 25214200,
                                                    "children": []
                                                }
                                            ]
                                        }
                                    ]
                                },
                                {
                                    "operator_name": "UNGROUPED_AGGREGATE",
                                    "cpu_time": 3.4931809460000003,
                                    "extra_info": {
                                        "Aggregates": [
                                            "count_star()",
                                            "avg(#0)",
                                            "sum(#1)"
                                        ]
                                    },
                                    "cumulative_cardinality": 14483645,
                                    "operator_type": "UNGROUPED_AGGREGATE",
                                    "operator_cardinality": 1,
                                    "cumulative_rows_scanned": 7241822,
                                    "operator_rows_scanned": 0,
                                    "operator_timing": 0.01593065500000008,
                                    "result_set_size": 32,
                                    "children": [
                                        {
                                            "operator_name": "PROJECTION",
                                            "cpu_time": 3.4772502910000003,
                                            "extra_info": {
                                                "Projections": [
                                                    "length(text)",
                                                    "CASE  WHEN ((score > 0)) THEN (1) ELSE 0 END"
                                                ],
                                                "Estimated Cardinality": "7241822"
                                            },
                                            "cumulative_cardinality": 14483644,
                                            "operator_type": "PROJECTION",
                                            "operator_cardinality": 7241822,
                                            "cumulative_rows_scanned": 7241822,
                                            "operator_rows_scanned": 0,
                                            "operator_timing": 0.3774693289999992,
                                            "result_set_size": 86901864,
                                            "children": [
                                                {
                                                    "operator_name": "READ_PARQUET ",
                                                    "cpu_time": 3.099780962000001,
                                                    "extra_info": {
                                                        "Function": "READ_PARQUET",
                                                        "Projections": [
                                                            "id",
                                                            "score",
                                                            "text"
                                                        ],
                                                        "Estimated Cardinality": "7241822"
                                                    },
                                                    "cumulative_cardinality": 7241822,
                                                    "operator_type": "TABLE_SCAN",
                                                    "operator_cardinality": 7241822,
                                                    "cumulative_rows_scanned": 7241822,
                                                    "operator_rows_scanned": 7241822,
                                                    "operator_timing": 3.099780962000001,
                                                    "result_set_size": 173803728,
                                                    "children": []
                                                }
                                            ]
                                        }
                                    ]
                                }
                            ]
                        }
                    ]
                }
            ]
        }
    ]
}