{
    "rows_returned": 100,
    "query_name": "SELECT \n    p.Id AS PostId,\n    p.Title,\n    p.CreationDate,\n    p.Score,\n    p.ViewCount,\n    p.AnswerCount,\n    p.CommentCount,\n    u.DisplayName AS OwnerName,\n    u.Reputation AS OwnerReputation,\n    COALESCE(ph.RevisionCount, 0) AS PostHistoryCount,\n    COALESCE(c.CommentCount, 0) AS TotalComments\nFROM \n    Posts p\nJOIN \n    Users u ON p.OwnerUserId = u.Id\nLEFT JOIN \n    (SELECT PostId, COUNT(*) AS RevisionCount \n     FROM PostHistory \n     GROUP BY PostId) ph ON p.Id = ph.PostId\nLEFT JOIN \n    (SELECT PostId, COUNT(*) AS CommentCount \n     FROM Comments \n     GROUP BY PostId) c ON p.Id = c.PostId\nWHERE \n    p.CreationDate >= '2023-01-01' \nORDER BY \n    p.CreationDate DESC\nLIMIT 100;",
    "blocked_thread_time": 0.0,
    "cpu_time": 1.5337166300000005,
    "extra_info": {},
    "cumulative_cardinality": 46929211,
    "cumulative_rows_scanned": 24147892,
    "result_set_size": 8000,
    "latency": 1.647241566,
    "children": [
        {
            "operator_name": "STREAMING_LIMIT",
            "cpu_time": 1.5337166300000005,
            "extra_info": {},
            "cumulative_cardinality": 46929211,
            "operator_type": "STREAMING_LIMIT",
            "operator_cardinality": 100,
            "cumulative_rows_scanned": 24147892,
            "operator_rows_scanned": 0,
            "operator_timing": 0.0000017229999999999999,
            "result_set_size": 8000,
            "children": [
                {
                    "operator_name": "PROJECTION",
                    "cpu_time": 1.5337149070000005,
                    "extra_info": {
                        "Projections": [
                            "#0",
                            "#1",
                            "#2",
                            "__internal_decompress_integral_integer(#3, -72)",
                            "#4",
                            "__internal_decompress_integral_integer(#5, 0)",
                            "__internal_decompress_integral_integer(#6, 0)",
                            "#7",
                            "#8",
                            "#9",
                            "#10"
                        ],
                        "Estimated Cardinality": "5897622"
                    },
                    "cumulative_cardinality": 46929111,
                    "operator_type": "PROJECTION",
                    "operator_cardinality": 4096,
                    "cumulative_rows_scanned": 24147892,
                    "operator_rows_scanned": 0,
                    "operator_timing": 0.000024767,
                    "result_set_size": 327680,
                    "children": [
                        {
                            "operator_name": "ORDER_BY",
                            "cpu_time": 1.5336901400000005,
                            "extra_info": {
                                "Order By": "p.CreationDate DESC"
                            },
                            "cumulative_cardinality": 46925015,
                            "operator_type": "ORDER_BY",
                            "operator_cardinality": 4096,
                            "cumulative_rows_scanned": 24147892,
                            "operator_rows_scanned": 0,
                            "operator_timing": 0.029520718,
                            "result_set_size": 294912,
                            "children": [
                                {
                                    "operator_name": "PROJECTION",
                                    "cpu_time": 1.5041694220000006,
                                    "extra_info": {
                                        "Projections": [
                                            "#0",
                                            "#1",
                                            "#2",
                                            "__internal_compress_integral_usmallint(#3, -72)",
                                            "#4",
                                            "__internal_compress_integral_utinyint(#5, 0)",
                                            "__internal_compress_integral_utinyint(#6, 0)",
                                            "#7",
                                            "#8",
                                            "#9",
                                            "#10"
                                        ],
                                        "Estimated Cardinality": "5897622"
                                    },
                                    "cumulative_cardinality": 46920919,
                                    "operator_type": "PROJECTION",
                                    "operator_cardinality": 261413,
                                    "cumulative_rows_scanned": 24147892,
                                    "operator_rows_scanned": 0,
                                    "operator_timing": 0.0023315369999999985,
                                    "result_set_size": 18821736,
                                    "children": [
                                        {
                                            "operator_name": "PROJECTION",
                                            "cpu_time": 1.5018378850000005,
                                            "extra_info": {
                                                "Projections": [
                                                    "PostId",
                                                    "title",
                                                    "creationdate",
                                                    "score",
                                                    "viewcount",
                                                    "answercount",
                                                    "commentcount",
                                                    "OwnerName",
                                                    "OwnerReputation",
                                                    "PostHistoryCount",
                                                    "TotalComments"
                                                ],
                                                "Estimated Cardinality": "5897622"
                                            },
                                            "cumulative_cardinality": 46659506,
                                            "operator_type": "PROJECTION",
                                            "operator_cardinality": 261413,
                                            "cumulative_rows_scanned": 24147892,
                                            "operator_rows_scanned": 0,
                                            "operator_timing": 0.003694813000000002,
                                            "result_set_size": 20913040,
                                            "children": [
                                                {
                                                    "operator_name": "HASH_JOIN",
                                                    "cpu_time": 1.4981430720000004,
                                                    "extra_info": {
                                                        "Join Type": "LEFT",
                                                        "Conditions": "id = postid",
                                                        "Estimated Cardinality": "5897622"
                                                    },
                                                    "cumulative_cardinality": 46398093,
                                                    "operator_type": "HASH_JOIN",
                                                    "operator_cardinality": 261413,
                                                    "cumulative_rows_scanned": 24147892,
                                                    "operator_rows_scanned": 0,
                                                    "operator_timing": 0.10996715000000001,
                                                    "result_set_size": 20913040,
                                                    "children": [
                                                        {
                                                            "operator_name": "HASH_JOIN",
                                                            "cpu_time": 1.0966547160000002,
                                                            "extra_info": {
                                                                "Join Type": "RIGHT",
                                                                "Conditions": "postid = id",
                                                                "Estimated Cardinality": "5897622"
                                                            },
                                                            "cumulative_cardinality": 29489364,
                                                            "operator_type": "HASH_JOIN",
                                                            "operator_cardinality": 261413,
                                                            "cumulative_rows_scanned": 16906070,
                                                            "operator_rows_scanned": 0,
                                                            "operator_timing": 0.14820905200000029,
                                                            "result_set_size": 18821736,
                                                            "children": [
                                                                {
                                                                    "operator_name": "HASH_GROUP_BY",
                                                                    "cpu_time": 0.7069698819999999,
                                                                    "extra_info": {
                                                                        "Groups": "#0",
                                                                        "Aggregates": "count_star()",
                                                                        "Estimated Cardinality": "5897622"
                                                                    },
                                                                    "cumulative_cardinality": 27440604,
                                                                    "operator_type": "HASH_GROUP_BY",
                                                                    "operator_cardinality": 3850116,
                                                                    "cumulative_rows_scanned": 11795244,
                                                                    "operator_rows_scanned": 0,
                                                                    "operator_timing": 0.5948745169999992,
                                                                    "result_set_size": 46201392,
                                                                    "children": [
                                                                        {
                                                                            "operator_name": "PROJECTION",
                                                                            "cpu_time": 0.11209536500000067,
                                                                            "extra_info": {
                                                                                "Projections": "postid",
                                                                                "Estimated Cardinality": "11795244"
                                                                            },
                                                                            "cumulative_cardinality": 23590488,
                                                                            "operator_type": "PROJECTION",
                                                                            "operator_cardinality": 11795244,
                                                                            "cumulative_rows_scanned": 11795244,
                                                                            "operator_rows_scanned": 0,
                                                                            "operator_timing": 0.0007252889999999997,
                                                                            "result_set_size": 47180976,
                                                                            "children": [
                                                                                {
                                                                                    "operator_name": "READ_PARQUET ",
                                                                                    "cpu_time": 0.11137007600000066,
                                                                                    "extra_info": {
                                                                                        "Function": "READ_PARQUET",
                                                                                        "Projections": "postid",
                                                                                        "Estimated Cardinality": "11795244"
                                                                                    },
                                                                                    "cumulative_cardinality": 11795244,
                                                                                    "operator_type": "TABLE_SCAN",
                                                                                    "operator_cardinality": 11795244,
                                                                                    "cumulative_rows_scanned": 11795244,
                                                                                    "operator_rows_scanned": 11795244,
                                                                                    "operator_timing": 0.11137007600000066,
                                                                                    "result_set_size": 47180976,
                                                                                    "children": []
                                                                                }
                                                                            ]
                                                                        }
                                                                    ]
                                                                },
                                                                {
                                                                    "operator_name": "HASH_JOIN",
                                                                    "cpu_time": 0.24147578199999997,
                                                                    "extra_info": {
                                                                        "Join Type": "INNER",
                                                                        "Conditions": "id = owneruserid",
                                                                        "Estimated Cardinality": "770023"
                                                                    },
                                                                    "cumulative_cardinality": 1787347,
                                                                    "operator_type": "HASH_JOIN",
                                                                    "operator_cardinality": 261413,
                                                                    "cumulative_rows_scanned": 5110826,
                                                                    "operator_rows_scanned": 0,
                                                                    "operator_timing": 0.056914793,
                                                                    "result_set_size": 16730432,
                                                                    "children": [
                                                                        {
                                                                            "operator_name": "READ_PARQUET ",
                                                                            "cpu_time": 0.09794924899999996,
                                                                            "extra_info": {
                                                                                "Function": "READ_PARQUET",
                                                                                "Projections": [
                                                                                    "id",
                                                                                    "reputation",
                                                                                    "displayname"
                                                                                ],
                                                                                "Filters": "id<=1416539",
                                                                                "Estimated Cardinality": "1260710"
                                                                            },
                                                                            "cumulative_cardinality": 1260679,
                                                                            "operator_type": "TABLE_SCAN",
                                                                            "operator_cardinality": 1260679,
                                                                            "cumulative_rows_scanned": 1260710,
                                                                            "operator_rows_scanned": 1260710,
                                                                            "operator_timing": 0.09794924899999996,
                                                                            "result_set_size": 30256296,
                                                                            "children": []
                                                                        },
                                                                        {
                                                                            "operator_name": "READ_PARQUET ",
                                                                            "cpu_time": 0.08661174000000002,
                                                                            "extra_info": {
                                                                                "Function": "READ_PARQUET",
                                                                                "Projections": [
                                                                                    "id",
                                                                                    "creationdate",
                                                                                    "score",
                                                                                    "viewcount",
                                                                                    "owneruserid",
                                                                                    "title",
                                                                                    "answercount",
                                                                                    "commentcount"
                                                                                ],
                                                                                "Filters": "creationdate>='2023-01-01 00:00:00'::TIMESTAMP",
                                                                                "Estimated Cardinality": "770023"
                                                                            },
                                                                            "cumulative_cardinality": 265255,
                                                                            "operator_type": "TABLE_SCAN",
                                                                            "operator_cardinality": 265255,
                                                                            "cumulative_rows_scanned": 3850116,
                                                                            "operator_rows_scanned": 3850116,
                                                                            "operator_timing": 0.08661174000000002,
                                                                            "result_set_size": 12732240,
                                                                            "children": []
                                                                        }
                                                                    ]
                                                                }
                                                            ]
                                                        },
                                                        {
                                                            "operator_name": "HASH_GROUP_BY",
                                                            "cpu_time": 0.29152120600000014,
                                                            "extra_info": {
                                                                "Groups": "#0",
                                                                "Aggregates": "count_star()",
                                                                "Estimated Cardinality": "3620911"
                                                            },
                                                            "cumulative_cardinality": 16647316,
                                                            "operator_type": "HASH_GROUP_BY",
                                                            "operator_cardinality": 2163672,
                                                            "cumulative_rows_scanned": 7241822,
                                                            "operator_rows_scanned": 0,
                                                            "operator_timing": 0.248429024,
                                                            "result_set_size": 25964064,
                                                            "children": [
                                                                {
                                                                    "operator_name": "PROJECTION",
                                                                    "cpu_time": 0.043092182000000125,
                                                                    "extra_info": {
                                                                        "Projections": "postid",
                                                                        "Estimated Cardinality": "7241822"
                                                                    },
                                                                    "cumulative_cardinality": 14483644,
                                                                    "operator_type": "PROJECTION",
                                                                    "operator_cardinality": 7241822,
                                                                    "cumulative_rows_scanned": 7241822,
                                                                    "operator_rows_scanned": 0,
                                                                    "operator_timing": 0.00038152500000000376,
                                                                    "result_set_size": 28967288,
                                                                    "children": [
                                                                        {
                                                                            "operator_name": "READ_PARQUET ",
                                                                            "cpu_time": 0.042710657000000124,
                                                                            "extra_info": {
                                                                                "Function": "READ_PARQUET",
                                                                                "Projections": "postid",
                                                                                "Estimated Cardinality": "7241822"
                                                                            },
                                                                            "cumulative_cardinality": 7241822,
                                                                            "operator_type": "TABLE_SCAN",
                                                                            "operator_cardinality": 7241822,
                                                                            "cumulative_rows_scanned": 7241822,
                                                                            "operator_rows_scanned": 7241822,
                                                                            "operator_timing": 0.042710657000000124,
                                                                            "result_set_size": 28967288,
                                                                            "children": []
                                                                        }
                                                                    ]
                                                                }
                                                            ]
                                                        }
                                                    ]
                                                }
                                            ]
                                        }
                                    ]
                                }
                            ]
                        }
                    ]
                }
            ]
        }
    ]
}