{
    "rows_returned": 440553,
    "query_name": "SELECT \n    u.DisplayName AS UserName,\n    p.Title AS PostTitle,\n    p.CreationDate AS PostCreationDate,\n    p.ViewCount AS PostViewCount,\n    p.Score AS PostScore,\n    COUNT(c.Id) AS CommentCount,\n    COUNT(v.Id) AS VoteCount,\n    MIN(ph.CreationDate) AS FirstEditDate,\n    MAX(ph.CreationDate) AS LastEditDate\nFROM \n    Posts p\nJOIN \n    Users u ON p.OwnerUserId = u.Id\nLEFT JOIN \n    Comments c ON p.Id = c.PostId\nLEFT JOIN \n    Votes v ON p.Id = v.PostId\nLEFT JOIN \n    PostHistory ph ON p.Id = ph.PostId\nWHERE \n    p.CreationDate >= '2022-01-01' \nGROUP BY \n    u.DisplayName, p.Title, p.CreationDate, p.ViewCount, p.Score\nORDER BY \n    PostScore DESC, PostViewCount DESC;\n",
    "blocked_thread_time": 0.0,
    "cpu_time": 3.347839577999999,
    "extra_info": {},
    "cumulative_cardinality": 76588774,
    "cumulative_rows_scanned": 36891985,
    "result_set_size": 35244240,
    "latency": 4.112790737,
    "children": [
        {
            "operator_name": "PROJECTION",
            "cpu_time": 3.347839577999999,
            "extra_info": {
                "Projections": [
                    "#0",
                    "#1",
                    "#2",
                    "#3",
                    "__internal_decompress_integral_integer(#4, -72)",
                    "#5",
                    "#6",
                    "#7",
                    "#8"
                ],
                "Estimated Cardinality": "3850116"
            },
            "cumulative_cardinality": 76588774,
            "operator_type": "PROJECTION",
            "operator_cardinality": 440553,
            "cumulative_rows_scanned": 36891985,
            "operator_rows_scanned": 0,
            "operator_timing": 0.00022835199999999992,
            "result_set_size": 35244240,
            "children": [
                {
                    "operator_name": "ORDER_BY",
                    "cpu_time": 3.347611225999999,
                    "extra_info": {
                        "Order By": [
                            "p.Score DESC",
                            "p.ViewCount DESC"
                        ]
                    },
                    "cumulative_cardinality": 76148221,
                    "operator_type": "ORDER_BY",
                    "operator_cardinality": 440553,
                    "cumulative_rows_scanned": 36891985,
                    "operator_rows_scanned": 0,
                    "operator_timing": 0.03378721999999999,
                    "result_set_size": 34363134,
                    "children": [
                        {
                            "operator_name": "PROJECTION",
                            "cpu_time": 3.313824005999999,
                            "extra_info": {
                                "Projections": [
                                    "#0",
                                    "#1",
                                    "#2",
                                    "#3",
                                    "__internal_compress_integral_usmallint(#4, -72)",
                                    "#5",
                                    "#6",
                                    "#7",
                                    "#8"
                                ],
                                "Estimated Cardinality": "3850116"
                            },
                            "cumulative_cardinality": 75707668,
                            "operator_type": "PROJECTION",
                            "operator_cardinality": 440553,
                            "cumulative_rows_scanned": 36891985,
                            "operator_rows_scanned": 0,
                            "operator_timing": 0.00015644,
                            "result_set_size": 34363134,
                            "children": [
                                {
                                    "operator_name": "PROJECTION",
                                    "cpu_time": 3.313667565999999,
                                    "extra_info": {
                                        "Projections": [
                                            "#0",
                                            "#1",
                                            "#2",
                                            "#3",
                                            "__internal_decompress_integral_integer(#4, -72)",
                                            "#5",
                                            "#6",
                                            "#7",
                                            "#8"
                                        ],
                                        "Estimated Cardinality": "3850116"
                                    },
                                    "cumulative_cardinality": 75267115,
                                    "operator_type": "PROJECTION",
                                    "operator_cardinality": 440553,
                                    "cumulative_rows_scanned": 36891985,
                                    "operator_rows_scanned": 0,
                                    "operator_timing": 0.00018390800000000004,
                                    "result_set_size": 35244240,
                                    "children": [
                                        {
                                            "operator_name": "HASH_GROUP_BY",
                                            "cpu_time": 3.313483657999999,
                                            "extra_info": {
                                                "Groups": [
                                                    "#0",
                                                    "#1",
                                                    "#2",
                                                    "#3",
                                                    "#4"
                                                ],
                                                "Aggregates": [
                                                    "count(#5)",
                                                    "count(#6)",
                                                    "min(#7)",
                                                    "max(#8)"
                                                ],
                                                "Estimated Cardinality": "3850116"
                                            },
                                            "cumulative_cardinality": 74826562,
                                            "operator_type": "HASH_GROUP_BY",
                                            "operator_cardinality": 440553,
                                            "cumulative_rows_scanned": 36891985,
                                            "operator_rows_scanned": 0,
                                            "operator_timing": 1.0746011540000007,
                                            "result_set_size": 34363134,
                                            "children": [
                                                {
                                                    "operator_name": "PROJECTION",
                                                    "cpu_time": 2.2388825039999984,
                                                    "extra_info": {
                                                        "Projections": [
                                                            "displayname",
                                                            "title",
                                                            "creationdate",
                                                            "viewcount",
                                                            "score",
                                                            "id",
                                                            "id",
                                                            "creationdate",
                                                            "creationdate"
                                                        ],
                                                        "Estimated Cardinality": "12744093"
                                                    },
                                                    "cumulative_cardinality": 74386009,
                                                    "operator_type": "PROJECTION",
                                                    "operator_cardinality": 14270494,
                                                    "cumulative_rows_scanned": 36891985,
                                                    "operator_rows_scanned": 0,
                                                    "operator_timing": 0.003294251999999984,
                                                    "result_set_size": 998934580,
                                                    "children": [
                                                        {
                                                            "operator_name": "PROJECTION",
                                                            "cpu_time": 2.2355882519999986,
                                                            "extra_info": {
                                                                "Projections": [
                                                                    "#2",
                                                                    "__internal_compress_integral_usmallint(#3, -72)",
                                                                    "#4",
                                                                    "#5",
                                                                    "#1",
                                                                    "#0",
                                                                    "#6",
                                                                    "#7"
                                                                ],
                                                                "Estimated Cardinality": "12744093"
                                                            },
                                                            "cumulative_cardinality": 60115515,
                                                            "operator_type": "PROJECTION",
                                                            "operator_cardinality": 14270494,
                                                            "cumulative_rows_scanned": 36891985,
                                                            "operator_rows_scanned": 0,
                                                            "operator_timing": 0.015460607000000078,
                                                            "result_set_size": 884770628,
                                                            "children": [
                                                                {
                                                                    "operator_name": "HASH_JOIN",
                                                                    "cpu_time": 2.2201276449999985,
                                                                    "extra_info": {
                                                                        "Join Type": "LEFT",
                                                                        "Conditions": "id = postid",
                                                                        "Estimated Cardinality": "12744093"
                                                                    },
                                                                    "cumulative_cardinality": 45845021,
                                                                    "operator_type": "HASH_JOIN",
                                                                    "operator_cardinality": 14270494,
                                                                    "cumulative_rows_scanned": 36891985,
                                                                    "operator_rows_scanned": 0,
                                                                    "operator_timing": 0.7313592829999989,
                                                                    "result_set_size": 913311616,
                                                                    "children": [
                                                                        {
                                                                            "operator_name": "HASH_JOIN",
                                                                            "cpu_time": 1.245804736,
                                                                            "extra_info": {
                                                                                "Join Type": "LEFT",
                                                                                "Conditions": "id = postid",
                                                                                "Estimated Cardinality": "12744093"
                                                                            },
                                                                            "cumulative_cardinality": 19779283,
                                                                            "operator_type": "HASH_JOIN",
                                                                            "operator_cardinality": 2871769,
                                                                            "cumulative_rows_scanned": 25096741,
                                                                            "operator_rows_scanned": 0,
                                                                            "operator_timing": 0.624978143,
                                                                            "result_set_size": 172306140,
                                                                            "children": [
                                                                                {
                                                                                    "operator_name": "HASH_JOIN",
                                                                                    "cpu_time": 0.4406874460000002,
                                                                                    "extra_info": {
                                                                                        "Join Type": "RIGHT",
                                                                                        "Conditions": "postid = id",
                                                                                        "Estimated Cardinality": "7241822"
                                                                                    },
                                                                                    "cumulative_cardinality": 4163421,
                                                                                    "operator_type": "HASH_JOIN",
                                                                                    "operator_cardinality": 1085935,
                                                                                    "cumulative_rows_scanned": 12352648,
                                                                                    "operator_rows_scanned": 0,
                                                                                    "operator_timing": 0.11719798800000007,
                                                                                    "result_set_size": 60812360,
                                                                                    "children": [
                                                                                        {
                                                                                            "operator_name": "READ_PARQUET ",
                                                                                            "cpu_time": 0.029497655000000043,
                                                                                            "extra_info": {
                                                                                                "Function": "READ_PARQUET",
                                                                                                "Projections": [
                                                                                                    "id",
                                                                                                    "postid"
                                                                                                ],
                                                                                                "Estimated Cardinality": "7241822"
                                                                                            },
                                                                                            "cumulative_cardinality": 926602,
                                                                                            "operator_type": "TABLE_SCAN",
                                                                                            "operator_cardinality": 926602,
                                                                                            "cumulative_rows_scanned": 7241822,
                                                                                            "operator_rows_scanned": 7241822,
                                                                                            "operator_timing": 0.029497655000000043,
                                                                                            "result_set_size": 7412816,
                                                                                            "children": []
                                                                                        },
                                                                                        {
                                                                                            "operator_name": "HASH_JOIN",
                                                                                            "cpu_time": 0.2939918030000001,
                                                                                            "extra_info": {
                                                                                                "Join Type": "INNER",
                                                                                                "Conditions": "id = owneruserid",
                                                                                                "Estimated Cardinality": "770023"
                                                                                            },
                                                                                            "cumulative_cardinality": 2150884,
                                                                                            "operator_type": "HASH_JOIN",
                                                                                            "operator_cardinality": 440693,
                                                                                            "cumulative_rows_scanned": 5110826,
                                                                                            "operator_rows_scanned": 0,
                                                                                            "operator_timing": 0.09736855600000012,
                                                                                            "result_set_size": 22916036,
                                                                                            "children": [
                                                                                                {
                                                                                                    "operator_name": "READ_PARQUET ",
                                                                                                    "cpu_time": 0.09899525500000005,
                                                                                                    "extra_info": {
                                                                                                        "Function": "READ_PARQUET",
                                                                                                        "Projections": [
                                                                                                            "id",
                                                                                                            "displayname"
                                                                                                        ],
                                                                                                        "Filters": "id<=1416539",
                                                                                                        "Estimated Cardinality": "1260710"
                                                                                                    },
                                                                                                    "cumulative_cardinality": 1260679,
                                                                                                    "operator_type": "TABLE_SCAN",
                                                                                                    "operator_cardinality": 1260679,
                                                                                                    "cumulative_rows_scanned": 1260710,
                                                                                                    "operator_rows_scanned": 1260710,
                                                                                                    "operator_timing": 0.09899525500000005,
                                                                                                    "result_set_size": 25213580,
                                                                                                    "children": []
                                                                                                },
                                                                                                {
                                                                                                    "operator_name": "READ_PARQUET ",
                                                                                                    "cpu_time": 0.09762799199999996,
                                                                                                    "extra_info": {
                                                                                                        "Function": "READ_PARQUET",
                                                                                                        "Projections": [
                                                                                                            "id",
                                                                                                            "creationdate",
                                                                                                            "score",
                                                                                                            "viewcount",
                                                                                                            "owneruserid",
                                                                                                            "title"
                                                                                                        ],
                                                                                                        "Filters": "creationdate>='2022-01-01 00:00:00'::TIMESTAMP",
                                                                                                        "Estimated Cardinality": "770023"
                                                                                                    },
                                                                                                    "cumulative_cardinality": 449512,
                                                                                                    "operator_type": "TABLE_SCAN",
                                                                                                    "operator_cardinality": 449512,
                                                                                                    "cumulative_rows_scanned": 3850116,
                                                                                                    "operator_rows_scanned": 3850116,
                                                                                                    "operator_timing": 0.09762799199999996,
                                                                                                    "result_set_size": 17980480,
                                                                                                    "children": []
                                                                                                }
                                                                                            ]
                                                                                        }
                                                                                    ]
                                                                                },
                                                                                {
                                                                                    "operator_name": "READ_PARQUET ",
                                                                                    "cpu_time": 0.18013914699999972,
                                                                                    "extra_info": {
                                                                                        "Function": "READ_PARQUET",
                                                                                        "Projections": [
                                                                                            "id",
                                                                                            "postid"
                                                                                        ],
                                                                                        "Estimated Cardinality": "12744093"
                                                                                    },
                                                                                    "cumulative_cardinality": 12744093,
                                                                                    "operator_type": "TABLE_SCAN",
                                                                                    "operator_cardinality": 12744093,
                                                                                    "cumulative_rows_scanned": 12744093,
                                                                                    "operator_rows_scanned": 12744093,
                                                                                    "operator_timing": 0.18013914699999972,
                                                                                    "result_set_size": 101952744,
                                                                                    "children": []
                                                                                }
                                                                            ]
                                                                        },
                                                                        {
                                                                            "operator_name": "READ_PARQUET ",
                                                                            "cpu_time": 0.24296362599999954,
                                                                            "extra_info": {
                                                                                "Function": "READ_PARQUET",
                                                                                "Projections": [
                                                                                    "postid",
                                                                                    "creationdate"
                                                                                ],
                                                                                "Estimated Cardinality": "11795244"
                                                                            },
                                                                            "cumulative_cardinality": 11795244,
                                                                            "operator_type": "TABLE_SCAN",
                                                                            "operator_cardinality": 11795244,
                                                                            "cumulative_rows_scanned": 11795244,
                                                                            "operator_rows_scanned": 11795244,
                                                                            "operator_timing": 0.24296362599999954,
                                                                            "result_set_size": 141542928,
                                                                            "children": []
                                                                        }
                                                                    ]
                                                                }
                                                            ]
                                                        }
                                                    ]
                                                }
                                            ]
                                        }
                                    ]
                                }
                            ]
                        }
                    ]
                }
            ]
        }
    ]
}