{
    "rows_returned": 1260710,
    "query_name": "WITH PostStats AS (\n    SELECT \n        p.OwnerUserId,\n        COUNT(p.Id) AS TotalPosts,\n        AVG(p.Score) AS AvgScore,\n        AVG(c.CommentCount) AS AvgComments\n    FROM \n        Posts p\n    LEFT JOIN \n        (SELECT PostId, COUNT(Id) AS CommentCount\n         FROM Comments\n         GROUP BY PostId) c ON p.Id = c.PostId\n    GROUP BY \n        p.OwnerUserId\n),\nUserStats AS (\n    SELECT \n        u.Id,\n        u.DisplayName,\n        u.Reputation,\n        COALESCE(ps.TotalPosts, 0) AS TotalPosts,\n        COALESCE(ps.AvgScore, 0) AS AvgScore,\n        COALESCE(ps.AvgComments, 0) AS AvgComments\n    FROM \n        Users u\n    LEFT JOIN \n        PostStats ps ON u.Id = ps.OwnerUserId\n)\nSELECT \n    us.DisplayName,\n    us.Reputation,\n    us.TotalPosts,\n    us.AvgScore,\n    us.AvgComments\nFROM \n    UserStats us\nORDER BY \n    us.Reputation DESC;",
    "blocked_thread_time": 0.0,
    "cpu_time": 1.3994521740000003,
    "extra_info": {},
    "cumulative_cardinality": 33118035,
    "cumulative_rows_scanned": 12352648,
    "result_set_size": 55471240,
    "latency": 2.200503867,
    "children": [
        {
            "operator_name": "ORDER_BY",
            "cpu_time": 1.3994521740000003,
            "extra_info": {
                "Order By": "us.Reputation DESC"
            },
            "cumulative_cardinality": 33118035,
            "operator_type": "ORDER_BY",
            "operator_cardinality": 1260710,
            "cumulative_rows_scanned": 12352648,
            "operator_rows_scanned": 0,
            "operator_timing": 0.06589926799999998,
            "result_set_size": 55471240,
            "children": [
                {
                    "operator_name": "PROJECTION",
                    "cpu_time": 1.3335529060000004,
                    "extra_info": {
                        "Projections": [
                            "displayname",
                            "reputation",
                            "TotalPosts",
                            "AvgScore",
                            "AvgComments"
                        ],
                        "Estimated Cardinality": "1925058"
                    },
                    "cumulative_cardinality": 31857325,
                    "operator_type": "PROJECTION",
                    "operator_cardinality": 1260710,
                    "cumulative_rows_scanned": 12352648,
                    "operator_rows_scanned": 0,
                    "operator_timing": 0.022524959000000004,
                    "result_set_size": 55471240,
                    "children": [
                        {
                            "operator_name": "HASH_JOIN",
                            "cpu_time": 1.3110279470000004,
                            "extra_info": {
                                "Join Type": "RIGHT",
                                "Conditions": "owneruserid = id",
                                "Estimated Cardinality": "1925058"
                            },
                            "cumulative_cardinality": 30596615,
                            "operator_type": "HASH_JOIN",
                            "operator_cardinality": 1260710,
                            "cumulative_rows_scanned": 12352648,
                            "operator_rows_scanned": 0,
                            "operator_timing": 0.15681413499999997,
                            "result_set_size": 55471240,
                            "children": [
                                {
                                    "operator_name": "HASH_GROUP_BY",
                                    "cpu_time": 0.9984958340000004,
                                    "extra_info": {
                                        "Groups": "#0",
                                        "Aggregates": [
                                            "count_star()",
                                            "avg(#1)",
                                            "avg(#2)"
                                        ],
                                        "Estimated Cardinality": "1925058"
                                    },
                                    "cumulative_cardinality": 28075195,
                                    "operator_type": "HASH_GROUP_BY",
                                    "operator_cardinality": 371631,
                                    "cumulative_rows_scanned": 11091938,
                                    "operator_rows_scanned": 0,
                                    "operator_timing": 0.1511118880000003,
                                    "result_set_size": 10405668,
                                    "children": [
                                        {
                                            "operator_name": "PROJECTION",
                                            "cpu_time": 0.8473839460000001,
                                            "extra_info": {
                                                "Projections": [
                                                    "owneruserid",
                                                    "score",
                                                    "CommentCount"
                                                ],
                                                "Estimated Cardinality": "3850116"
                                            },
                                            "cumulative_cardinality": 27703564,
                                            "operator_type": "PROJECTION",
                                            "operator_cardinality": 3685416,
                                            "cumulative_rows_scanned": 11091938,
                                            "operator_rows_scanned": 0,
                                            "operator_timing": 0.0009956970000000022,
                                            "result_set_size": 58966656,
                                            "children": [
                                                {
                                                    "operator_name": "HASH_JOIN",
                                                    "cpu_time": 0.8463882490000001,
                                                    "extra_info": {
                                                        "Join Type": "LEFT",
                                                        "Conditions": "id = postid",
                                                        "Estimated Cardinality": "3850116"
                                                    },
                                                    "cumulative_cardinality": 24018148,
                                                    "operator_type": "HASH_JOIN",
                                                    "operator_cardinality": 3685416,
                                                    "cumulative_rows_scanned": 11091938,
                                                    "operator_rows_scanned": 0,
                                                    "operator_timing": 0.2913692119999999,
                                                    "result_set_size": 58966656,
                                                    "children": [
                                                        {
                                                            "operator_name": "READ_PARQUET ",
                                                            "cpu_time": 0.11455411699999987,
                                                            "extra_info": {
                                                                "Function": "READ_PARQUET",
                                                                "Projections": [
                                                                    "id",
                                                                    "score",
                                                                    "owneruserid"
                                                                ],
                                                                "Estimated Cardinality": "3850116"
                                                            },
                                                            "cumulative_cardinality": 3685416,
                                                            "operator_type": "TABLE_SCAN",
                                                            "operator_cardinality": 3685416,
                                                            "cumulative_rows_scanned": 3850116,
                                                            "operator_rows_scanned": 3850116,
                                                            "operator_timing": 0.11455411699999987,
                                                            "result_set_size": 44224992,
                                                            "children": []
                                                        },
                                                        {
                                                            "operator_name": "HASH_GROUP_BY",
                                                            "cpu_time": 0.4404649200000004,
                                                            "extra_info": {
                                                                "Groups": "#0",
                                                                "Aggregates": "count_star()",
                                                                "Estimated Cardinality": "3620911"
                                                            },
                                                            "cumulative_cardinality": 16647316,
                                                            "operator_type": "HASH_GROUP_BY",
                                                            "operator_cardinality": 2163672,
                                                            "cumulative_rows_scanned": 7241822,
                                                            "operator_rows_scanned": 0,
                                                            "operator_timing": 0.3299291550000003,
                                                            "result_set_size": 25964064,
                                                            "children": [
                                                                {
                                                                    "operator_name": "PROJECTION",
                                                                    "cpu_time": 0.1105357650000001,
                                                                    "extra_info": {
                                                                        "Projections": "postid",
                                                                        "Estimated Cardinality": "7241822"
                                                                    },
                                                                    "cumulative_cardinality": 14483644,
                                                                    "operator_type": "PROJECTION",
                                                                    "operator_cardinality": 7241822,
                                                                    "cumulative_rows_scanned": 7241822,
                                                                    "operator_rows_scanned": 0,
                                                                    "operator_timing": 0.0005805019999999996,
                                                                    "result_set_size": 28967288,
                                                                    "children": [
                                                                        {
                                                                            "operator_name": "READ_PARQUET ",
                                                                            "cpu_time": 0.10995526300000011,
                                                                            "extra_info": {
                                                                                "Function": "READ_PARQUET",
                                                                                "Projections": [
                                                                                    "id",
                                                                                    "postid"
                                                                                ],
                                                                                "Estimated Cardinality": "7241822"
                                                                            },
                                                                            "cumulative_cardinality": 7241822,
                                                                            "operator_type": "TABLE_SCAN",
                                                                            "operator_cardinality": 7241822,
                                                                            "cumulative_rows_scanned": 7241822,
                                                                            "operator_rows_scanned": 7241822,
                                                                            "operator_timing": 0.10995526300000011,
                                                                            "result_set_size": 57934576,
                                                                            "children": []
                                                                        }
                                                                    ]
                                                                }
                                                            ]
                                                        }
                                                    ]
                                                }
                                            ]
                                        }
                                    ]
                                },
                                {
                                    "operator_name": "READ_PARQUET ",
                                    "cpu_time": 0.155717978,
                                    "extra_info": {
                                        "Function": "READ_PARQUET",
                                        "Projections": [
                                            "id",
                                            "reputation",
                                            "displayname"
                                        ],
                                        "Estimated Cardinality": "1260710"
                                    },
                                    "cumulative_cardinality": 1260710,
                                    "operator_type": "TABLE_SCAN",
                                    "operator_cardinality": 1260710,
                                    "cumulative_rows_scanned": 1260710,
                                    "operator_rows_scanned": 1260710,
                                    "operator_timing": 0.155717978,
                                    "result_set_size": 30257040,
                                    "children": []
                                }
                            ]
                        }
                    ]
                }
            ]
        }
    ]
}