{
    "rows_returned": 100,
    "query_name": "\nSELECT \n    p.Id AS PostId,\n    p.Title,\n    p.CreationDate,\n    p.Score,\n    p.ViewCount,\n    u.DisplayName AS OwnerDisplayName,\n    pt.Name AS PostTypeName,\n    COUNT(c.Id) AS CommentCount,\n    COUNT(v.Id) AS VoteCount\nFROM \n    Posts p\nJOIN \n    Users u ON p.OwnerUserId = u.Id\nJOIN \n    PostTypes pt ON p.PostTypeId = pt.Id\nLEFT JOIN \n    Comments c ON p.Id = c.PostId\nLEFT JOIN \n    Votes v ON p.Id = v.PostId\nGROUP BY \n    p.Id, p.Title, p.CreationDate, p.Score, p.ViewCount, u.DisplayName, pt.Name\nORDER BY \n    p.CreationDate DESC\nLIMIT 100;\n",
    "blocked_thread_time": 0.0,
    "cpu_time": 7.387810144000008,
    "extra_info": {},
    "cumulative_cardinality": 152597290,
    "cumulative_rows_scanned": 25096749,
    "result_set_size": 8400,
    "latency": 8.303642031,
    "children": [
        {
            "operator_name": "STREAMING_LIMIT",
            "cpu_time": 7.387810144000008,
            "extra_info": {},
            "cumulative_cardinality": 152597290,
            "operator_type": "STREAMING_LIMIT",
            "operator_cardinality": 100,
            "cumulative_rows_scanned": 25096749,
            "operator_rows_scanned": 0,
            "operator_timing": 0.0000016949999999999999,
            "result_set_size": 8400,
            "children": [
                {
                    "operator_name": "PROJECTION",
                    "cpu_time": 7.387808449000008,
                    "extra_info": {
                        "Projections": [
                            "#0",
                            "#1",
                            "#2",
                            "__internal_decompress_integral_integer(#3, -72)",
                            "#4",
                            "#5",
                            "#6",
                            "#7",
                            "#8"
                        ],
                        "Estimated Cardinality": "3850116"
                    },
                    "cumulative_cardinality": 152597190,
                    "operator_type": "PROJECTION",
                    "operator_cardinality": 4096,
                    "cumulative_rows_scanned": 25096749,
                    "operator_rows_scanned": 0,
                    "operator_timing": 0.00000527,
                    "result_set_size": 344064,
                    "children": [
                        {
                            "operator_name": "ORDER_BY",
                            "cpu_time": 7.3878031790000085,
                            "extra_info": {
                                "Order By": "p.CreationDate DESC"
                            },
                            "cumulative_cardinality": 152593094,
                            "operator_type": "ORDER_BY",
                            "operator_cardinality": 4096,
                            "cumulative_rows_scanned": 25096749,
                            "operator_rows_scanned": 0,
                            "operator_timing": 0.27301263199999976,
                            "result_set_size": 335872,
                            "children": [
                                {
                                    "operator_name": "PROJECTION",
                                    "cpu_time": 7.114790547000009,
                                    "extra_info": {
                                        "Projections": [
                                            "#0",
                                            "#1",
                                            "#2",
                                            "__internal_compress_integral_usmallint(#3, -72)",
                                            "#4",
                                            "#5",
                                            "#6",
                                            "#7",
                                            "#8"
                                        ],
                                        "Estimated Cardinality": "3850116"
                                    },
                                    "cumulative_cardinality": 152588998,
                                    "operator_type": "PROJECTION",
                                    "operator_cardinality": 3685416,
                                    "cumulative_rows_scanned": 25096749,
                                    "operator_rows_scanned": 0,
                                    "operator_timing": 0.0017600840000000064,
                                    "result_set_size": 302204112,
                                    "children": [
                                        {
                                            "operator_name": "PROJECTION",
                                            "cpu_time": 7.113030463000009,
                                            "extra_info": {
                                                "Projections": [
                                                    "#0",
                                                    "#1",
                                                    "#2",
                                                    "__internal_decompress_integral_integer(#3, -72)",
                                                    "#4",
                                                    "#5",
                                                    "#6",
                                                    "#7",
                                                    "#8"
                                                ],
                                                "Estimated Cardinality": "3850116"
                                            },
                                            "cumulative_cardinality": 148903582,
                                            "operator_type": "PROJECTION",
                                            "operator_cardinality": 3685416,
                                            "cumulative_rows_scanned": 25096749,
                                            "operator_rows_scanned": 0,
                                            "operator_timing": 0.0018949560000000038,
                                            "result_set_size": 309574944,
                                            "children": [
                                                {
                                                    "operator_name": "HASH_GROUP_BY",
                                                    "cpu_time": 7.111135507000009,
                                                    "extra_info": {
                                                        "Groups": [
                                                            "#0",
                                                            "#1",
                                                            "#2",
                                                            "#3",
                                                            "#4",
                                                            "#5",
                                                            "#6"
                                                        ],
                                                        "Aggregates": [
                                                            "count(#7)",
                                                            "count(#8)"
                                                        ],
                                                        "Estimated Cardinality": "3850116"
                                                    },
                                                    "cumulative_cardinality": 145218166,
                                                    "operator_type": "HASH_GROUP_BY",
                                                    "operator_cardinality": 3685416,
                                                    "cumulative_rows_scanned": 25096749,
                                                    "operator_rows_scanned": 0,
                                                    "operator_timing": 3.833208736000014,
                                                    "result_set_size": 302204112,
                                                    "children": [
                                                        {
                                                            "operator_name": "PROJECTION",
                                                            "cpu_time": 3.277926770999995,
                                                            "extra_info": {
                                                                "Projections": [
                                                                    "id",
                                                                    "title",
                                                                    "creationdate",
                                                                    "score",
                                                                    "viewcount",
                                                                    "displayname",
                                                                    "name",
                                                                    "id",
                                                                    "id"
                                                                ],
                                                                "Estimated Cardinality": "12744093"
                                                            },
                                                            "cumulative_cardinality": 141532750,
                                                            "operator_type": "PROJECTION",
                                                            "operator_cardinality": 33564490,
                                                            "cumulative_rows_scanned": 25096749,
                                                            "operator_rows_scanned": 0,
                                                            "operator_timing": 0.01147905900000102,
                                                            "result_set_size": 2483772260,
                                                            "children": [
                                                                {
                                                                    "operator_name": "PROJECTION",
                                                                    "cpu_time": 3.266447711999994,
                                                                    "extra_info": {
                                                                        "Projections": [
                                                                            "#0",
                                                                            "#1",
                                                                            "__internal_compress_integral_usmallint(#2, -72)",
                                                                            "#3",
                                                                            "#4",
                                                                            "#5",
                                                                            "#6",
                                                                            "#7",
                                                                            "#8"
                                                                        ],
                                                                        "Estimated Cardinality": "12744093"
                                                                    },
                                                                    "cumulative_cardinality": 107968260,
                                                                    "operator_type": "PROJECTION",
                                                                    "operator_cardinality": 33564490,
                                                                    "cumulative_rows_scanned": 25096749,
                                                                    "operator_rows_scanned": 0,
                                                                    "operator_timing": 0.10004408800000025,
                                                                    "result_set_size": 2483772260,
                                                                    "children": [
                                                                        {
                                                                            "operator_name": "HASH_JOIN",
                                                                            "cpu_time": 3.1664036239999938,
                                                                            "extra_info": {
                                                                                "Join Type": "LEFT",
                                                                                "Conditions": "id = postid",
                                                                                "Estimated Cardinality": "12744093"
                                                                            },
                                                                            "cumulative_cardinality": 74403770,
                                                                            "operator_type": "HASH_JOIN",
                                                                            "operator_cardinality": 33564490,
                                                                            "cumulative_rows_scanned": 25096749,
                                                                            "operator_rows_scanned": 0,
                                                                            "operator_timing": 1.422522339999995,
                                                                            "result_set_size": 2550901240,
                                                                            "children": [
                                                                                {
                                                                                    "operator_name": "HASH_JOIN",
                                                                                    "cpu_time": 1.6050679259999998,
                                                                                    "extra_info": {
                                                                                        "Join Type": "LEFT",
                                                                                        "Conditions": "id = postid",
                                                                                        "Estimated Cardinality": "7241822"
                                                                                    },
                                                                                    "cumulative_cardinality": 28095187,
                                                                                    "operator_type": "HASH_JOIN",
                                                                                    "operator_cardinality": 8536431,
                                                                                    "cumulative_rows_scanned": 12352656,
                                                                                    "operator_rows_scanned": 0,
                                                                                    "operator_timing": 0.625297098,
                                                                                    "result_set_size": 614623032,
                                                                                    "children": [
                                                                                        {
                                                                                            "operator_name": "HASH_JOIN",
                                                                                            "cpu_time": 0.902523305,
                                                                                            "extra_info": {
                                                                                                "Join Type": "INNER",
                                                                                                "Conditions": "posttypeid = id",
                                                                                                "Estimated Cardinality": "3850116"
                                                                                            },
                                                                                            "cumulative_cardinality": 12316934,
                                                                                            "operator_type": "HASH_JOIN",
                                                                                            "operator_cardinality": 3685416,
                                                                                            "cumulative_rows_scanned": 5110834,
                                                                                            "operator_rows_scanned": 0,
                                                                                            "operator_timing": 0.009573571000000019,
                                                                                            "result_set_size": 250608288,
                                                                                            "children": [
                                                                                                {
                                                                                                    "operator_name": "HASH_JOIN",
                                                                                                    "cpu_time": 0.892604349,
                                                                                                    "extra_info": {
                                                                                                        "Join Type": "INNER",
                                                                                                        "Conditions": "owneruserid = id",
                                                                                                        "Estimated Cardinality": "3850116"
                                                                                                    },
                                                                                                    "cumulative_cardinality": 8631511,
                                                                                                    "operator_type": "HASH_JOIN",
                                                                                                    "operator_cardinality": 3685416,
                                                                                                    "cumulative_rows_scanned": 5110826,
                                                                                                    "operator_rows_scanned": 0,
                                                                                                    "operator_timing": 0.2676135509999997,
                                                                                                    "result_set_size": 199012464,
                                                                                                    "children": [
                                                                                                        {
                                                                                                            "operator_name": "READ_PARQUET ",
                                                                                                            "cpu_time": 0.5426924360000003,
                                                                                                            "extra_info": {
                                                                                                                "Function": "READ_PARQUET",
                                                                                                                "Projections": [
                                                                                                                    "id",
                                                                                                                    "posttypeid",
                                                                                                                    "creationdate",
                                                                                                                    "score",
                                                                                                                    "viewcount",
                                                                                                                    "owneruserid",
                                                                                                                    "title"
                                                                                                                ],
                                                                                                                "Estimated Cardinality": "3850116"
                                                                                                            },
                                                                                                            "cumulative_cardinality": 3685416,
                                                                                                            "operator_type": "TABLE_SCAN",
                                                                                                            "operator_cardinality": 3685416,
                                                                                                            "cumulative_rows_scanned": 3850116,
                                                                                                            "operator_rows_scanned": 3850116,
                                                                                                            "operator_timing": 0.5426924360000003,
                                                                                                            "result_set_size": 154787472,
                                                                                                            "children": []
                                                                                                        },
                                                                                                        {
                                                                                                            "operator_name": "READ_PARQUET ",
                                                                                                            "cpu_time": 0.08229836199999997,
                                                                                                            "extra_info": {
                                                                                                                "Function": "READ_PARQUET",
                                                                                                                "Projections": [
                                                                                                                    "id",
                                                                                                                    "displayname"
                                                                                                                ],
                                                                                                                "Filters": "id<=1416539",
                                                                                                                "Estimated Cardinality": "1260710"
                                                                                                            },
                                                                                                            "cumulative_cardinality": 1260679,
                                                                                                            "operator_type": "TABLE_SCAN",
                                                                                                            "operator_cardinality": 1260679,
                                                                                                            "cumulative_rows_scanned": 1260710,
                                                                                                            "operator_rows_scanned": 1260710,
                                                                                                            "operator_timing": 0.08229836199999997,
                                                                                                            "result_set_size": 25213580,
                                                                                                            "children": []
                                                                                                        }
                                                                                                    ]
                                                                                                },
                                                                                                {
                                                                                                    "operator_name": "READ_PARQUET ",
                                                                                                    "cpu_time": 0.00034538500000000003,
                                                                                                    "extra_info": {
                                                                                                        "Function": "READ_PARQUET",
                                                                                                        "Projections": [
                                                                                                            "id",
                                                                                                            "name"
                                                                                                        ],
                                                                                                        "Filters": "id<=7",
                                                                                                        "Estimated Cardinality": "8"
                                                                                                    },
                                                                                                    "cumulative_cardinality": 7,
                                                                                                    "operator_type": "TABLE_SCAN",
                                                                                                    "operator_cardinality": 7,
                                                                                                    "cumulative_rows_scanned": 8,
                                                                                                    "operator_rows_scanned": 8,
                                                                                                    "operator_timing": 0.00034538500000000003,
                                                                                                    "result_set_size": 126,
                                                                                                    "children": []
                                                                                                }
                                                                                            ]
                                                                                        },
                                                                                        {
                                                                                            "operator_name": "READ_PARQUET ",
                                                                                            "cpu_time": 0.07724752299999987,
                                                                                            "extra_info": {
                                                                                                "Function": "READ_PARQUET",
                                                                                                "Projections": [
                                                                                                    "id",
                                                                                                    "postid"
                                                                                                ],
                                                                                                "Estimated Cardinality": "7241822"
                                                                                            },
                                                                                            "cumulative_cardinality": 7241822,
                                                                                            "operator_type": "TABLE_SCAN",
                                                                                            "operator_cardinality": 7241822,
                                                                                            "cumulative_rows_scanned": 7241822,
                                                                                            "operator_rows_scanned": 7241822,
                                                                                            "operator_timing": 0.07724752299999987,
                                                                                            "result_set_size": 57934576,
                                                                                            "children": []
                                                                                        }
                                                                                    ]
                                                                                },
                                                                                {
                                                                                    "operator_name": "READ_PARQUET ",
                                                                                    "cpu_time": 0.13881335799999936,
                                                                                    "extra_info": {
                                                                                        "Function": "READ_PARQUET",
                                                                                        "Projections": [
                                                                                            "id",
                                                                                            "postid"
                                                                                        ],
                                                                                        "Estimated Cardinality": "12744093"
                                                                                    },
                                                                                    "cumulative_cardinality": 12744093,
                                                                                    "operator_type": "TABLE_SCAN",
                                                                                    "operator_cardinality": 12744093,
                                                                                    "cumulative_rows_scanned": 12744093,
                                                                                    "operator_rows_scanned": 12744093,
                                                                                    "operator_timing": 0.13881335799999936,
                                                                                    "result_set_size": 101952744,
                                                                                    "children": []
                                                                                }
                                                                            ]
                                                                        }
                                                                    ]
                                                                }
                                                            ]
                                                        }
                                                    ]
                                                }
                                            ]
                                        }
                                    ]
                                }
                            ]
                        }
                    ]
                }
            ]
        }
    ]
}