{
    "rows_returned": 5228680,
    "query_name": "WITH PostStatistics AS (\n    SELECT \n        Pt.Name AS PostType,\n        COUNT(P.Id) AS PostCount,\n        AVG(P.Score) AS AverageScore,\n        SUM(P.ViewCount) AS TotalViews\n    FROM \n        Posts P\n    INNER JOIN \n        PostTypes Pt ON P.PostTypeId = Pt.Id\n    WHERE \n        P.CreationDate >= cast('2024-10-01 12:34:56' as timestamp) - INTERVAL '1 year'  \n    GROUP BY \n        Pt.Name\n),\n\nUserStatistics AS (\n    SELECT \n        U.DisplayName,\n        COUNT(DISTINCT P.Id) AS PostsCreated,\n        SUM(V.BountyAmount) AS TotalBounty\n    FROM \n        Users U\n    LEFT JOIN \n        Posts P ON U.Id = P.OwnerUserId\n    LEFT JOIN \n        Votes V ON U.Id = V.UserId\n    GROUP BY \n        U.DisplayName\n)\n\nSELECT \n    PS.PostType,\n    PS.PostCount,\n    PS.AverageScore,\n    PS.TotalViews,\n    US.DisplayName,\n    US.PostsCreated,\n    US.TotalBounty\nFROM \n    PostStatistics PS\nCROSS JOIN \n    UserStatistics US\nORDER BY \n    PS.PostCount DESC, \n    US.PostsCreated DESC;",
    "blocked_thread_time": 0.0,
    "cpu_time": 4.326735977000008,
    "extra_info": {},
    "cumulative_cardinality": 65163332,
    "cumulative_rows_scanned": 21705043,
    "result_set_size": 460123840,
    "latency": 11.954273788,
    "children": [
        {
            "operator_name": "ORDER_BY",
            "cpu_time": 4.326735977000008,
            "extra_info": {
                "Order By": [
                    "PS.PostCount DESC",
                    "US.PostsCreated DESC"
                ]
            },
            "cumulative_cardinality": 65163332,
            "operator_type": "ORDER_BY",
            "operator_cardinality": 5228680,
            "cumulative_rows_scanned": 21705043,
            "operator_rows_scanned": 0,
            "operator_timing": 0.6936689800000008,
            "result_set_size": 460123840,
            "children": [
                {
                    "operator_name": "PROJECTION",
                    "cpu_time": 3.6330669970000073,
                    "extra_info": {
                        "Projections": [
                            "PostType",
                            "PostCount",
                            "AverageScore",
                            "TotalViews",
                            "displayname",
                            "PostsCreated",
                            "TotalBounty"
                        ],
                        "Estimated Cardinality": "485387217810"
                    },
                    "cumulative_cardinality": 59934652,
                    "operator_type": "PROJECTION",
                    "operator_cardinality": 5228680,
                    "cumulative_rows_scanned": 21705043,
                    "operator_rows_scanned": 0,
                    "operator_timing": 0.0009992599999999981,
                    "result_set_size": 460123840,
                    "children": [
                        {
                            "operator_name": "CROSS_PRODUCT",
                            "cpu_time": 3.6320677370000074,
                            "extra_info": {},
                            "cumulative_cardinality": 54705972,
                            "operator_type": "CROSS_PRODUCT",
                            "operator_cardinality": 5228680,
                            "cumulative_rows_scanned": 21705043,
                            "operator_rows_scanned": 0,
                            "operator_timing": 0.007673537000000018,
                            "result_set_size": 460123840,
                            "children": [
                                {
                                    "operator_name": "HASH_GROUP_BY",
                                    "cpu_time": 3.5904071490000073,
                                    "extra_info": {
                                        "Groups": "#0",
                                        "Aggregates": [
                                            "count(DISTINCT #1)",
                                            "sum(#2)"
                                        ],
                                        "Estimated Cardinality": "1260710"
                                    },
                                    "cumulative_cardinality": 49040654,
                                    "operator_type": "HASH_GROUP_BY",
                                    "operator_cardinality": 1045736,
                                    "cumulative_rows_scanned": 17854919,
                                    "operator_rows_scanned": 0,
                                    "operator_timing": 1.7476614159999984,
                                    "result_set_size": 41829440,
                                    "children": [
                                        {
                                            "operator_name": "PROJECTION",
                                            "cpu_time": 1.842745733000009,
                                            "extra_info": {
                                                "Projections": [
                                                    "displayname",
                                                    "id",
                                                    "bountyamount"
                                                ],
                                                "Estimated Cardinality": "12744093"
                                            },
                                            "cumulative_cardinality": 47994918,
                                            "operator_type": "PROJECTION",
                                            "operator_cardinality": 19217005,
                                            "cumulative_rows_scanned": 17854919,
                                            "operator_rows_scanned": 0,
                                            "operator_timing": 0.003359148000000048,
                                            "result_set_size": 461208120,
                                            "children": [
                                                {
                                                    "operator_name": "HASH_JOIN",
                                                    "cpu_time": 1.8393865850000088,
                                                    "extra_info": {
                                                        "Join Type": "RIGHT",
                                                        "Conditions": "userid = id",
                                                        "Estimated Cardinality": "12744093"
                                                    },
                                                    "cumulative_cardinality": 28777913,
                                                    "operator_type": "HASH_JOIN",
                                                    "operator_cardinality": 19217005,
                                                    "cumulative_rows_scanned": 17854919,
                                                    "operator_rows_scanned": 0,
                                                    "operator_timing": 1.257527676000008,
                                                    "result_set_size": 461208120,
                                                    "children": [
                                                        {
                                                            "operator_name": "READ_PARQUET ",
                                                            "cpu_time": 0.12064424400000041,
                                                            "extra_info": {
                                                                "Function": "READ_PARQUET",
                                                                "Projections": [
                                                                    "userid",
                                                                    "bountyamount"
                                                                ],
                                                                "Estimated Cardinality": "12744093"
                                                            },
                                                            "cumulative_cardinality": 40287,
                                                            "operator_type": "TABLE_SCAN",
                                                            "operator_cardinality": 40287,
                                                            "cumulative_rows_scanned": 12744093,
                                                            "operator_rows_scanned": 12744093,
                                                            "operator_timing": 0.12064424400000041,
                                                            "result_set_size": 322296,
                                                            "children": []
                                                        },
                                                        {
                                                            "operator_name": "HASH_JOIN",
                                                            "cpu_time": 0.46121466500000036,
                                                            "extra_info": {
                                                                "Join Type": "RIGHT",
                                                                "Conditions": "owneruserid = id",
                                                                "Estimated Cardinality": "3850116"
                                                            },
                                                            "cumulative_cardinality": 9520621,
                                                            "operator_type": "HASH_JOIN",
                                                            "operator_cardinality": 4574495,
                                                            "cumulative_rows_scanned": 5110826,
                                                            "operator_rows_scanned": 0,
                                                            "operator_timing": 0.2609287570000004,
                                                            "result_set_size": 109787880,
                                                            "children": [
                                                                {
                                                                    "operator_name": "READ_PARQUET ",
                                                                    "cpu_time": 0.12196378800000005,
                                                                    "extra_info": {
                                                                        "Function": "READ_PARQUET",
                                                                        "Projections": [
                                                                            "id",
                                                                            "owneruserid"
                                                                        ],
                                                                        "Estimated Cardinality": "3850116"
                                                                    },
                                                                    "cumulative_cardinality": 3685416,
                                                                    "operator_type": "TABLE_SCAN",
                                                                    "operator_cardinality": 3685416,
                                                                    "cumulative_rows_scanned": 3850116,
                                                                    "operator_rows_scanned": 3850116,
                                                                    "operator_timing": 0.12196378800000005,
                                                                    "result_set_size": 29483328,
                                                                    "children": []
                                                                },
                                                                {
                                                                    "operator_name": "READ_PARQUET ",
                                                                    "cpu_time": 0.07832211999999987,
                                                                    "extra_info": {
                                                                        "Function": "READ_PARQUET",
                                                                        "Projections": [
                                                                            "id",
                                                                            "displayname"
                                                                        ],
                                                                        "Estimated Cardinality": "1260710"
                                                                    },
                                                                    "cumulative_cardinality": 1260710,
                                                                    "operator_type": "TABLE_SCAN",
                                                                    "operator_cardinality": 1260710,
                                                                    "cumulative_rows_scanned": 1260710,
                                                                    "operator_rows_scanned": 1260710,
                                                                    "operator_timing": 0.07832211999999987,
                                                                    "result_set_size": 25214200,
                                                                    "children": []
                                                                }
                                                            ]
                                                        }
                                                    ]
                                                }
                                            ]
                                        }
                                    ]
                                },
                                {
                                    "operator_name": "HASH_GROUP_BY",
                                    "cpu_time": 0.03398705100000001,
                                    "extra_info": {
                                        "Groups": "#0",
                                        "Aggregates": [
                                            "count_star()",
                                            "avg(#1)",
                                            "sum(#2)"
                                        ],
                                        "Estimated Cardinality": "385011"
                                    },
                                    "cumulative_cardinality": 436638,
                                    "operator_type": "HASH_GROUP_BY",
                                    "operator_cardinality": 5,
                                    "cumulative_rows_scanned": 3850124,
                                    "operator_rows_scanned": 0,
                                    "operator_timing": 0.0037113909999999996,
                                    "result_set_size": 240,
                                    "children": [
                                        {
                                            "operator_name": "PROJECTION",
                                            "cpu_time": 0.030275660000000013,
                                            "extra_info": {
                                                "Projections": [
                                                    "name",
                                                    "score",
                                                    "viewcount"
                                                ],
                                                "Estimated Cardinality": "770023"
                                            },
                                            "cumulative_cardinality": 436633,
                                            "operator_type": "PROJECTION",
                                            "operator_cardinality": 145542,
                                            "cumulative_rows_scanned": 3850124,
                                            "operator_rows_scanned": 0,
                                            "operator_timing": 0.00001118300000000001,
                                            "result_set_size": 3493008,
                                            "children": [
                                                {
                                                    "operator_name": "HASH_JOIN",
                                                    "cpu_time": 0.030264477000000012,
                                                    "extra_info": {
                                                        "Join Type": "INNER",
                                                        "Conditions": "posttypeid = id",
                                                        "Estimated Cardinality": "770023"
                                                    },
                                                    "cumulative_cardinality": 291091,
                                                    "operator_type": "HASH_JOIN",
                                                    "operator_cardinality": 145542,
                                                    "cumulative_rows_scanned": 3850124,
                                                    "operator_rows_scanned": 0,
                                                    "operator_timing": 0.000351351,
                                                    "result_set_size": 3493008,
                                                    "children": [
                                                        {
                                                            "operator_name": "READ_PARQUET ",
                                                            "cpu_time": 0.029585775000000012,
                                                            "extra_info": {
                                                                "Function": "READ_PARQUET",
                                                                "Projections": [
                                                                    "id",
                                                                    "posttypeid",
                                                                    "score",
                                                                    "viewcount"
                                                                ],
                                                                "Filters": "creationdate>='2023-10-01 12:34:56'::TIMESTAMP",
                                                                "Estimated Cardinality": "770023"
                                                            },
                                                            "cumulative_cardinality": 145542,
                                                            "operator_type": "TABLE_SCAN",
                                                            "operator_cardinality": 145542,
                                                            "cumulative_rows_scanned": 3850116,
                                                            "operator_rows_scanned": 3850116,
                                                            "operator_timing": 0.029585775000000012,
                                                            "result_set_size": 2037588,
                                                            "children": []
                                                        },
                                                        {
                                                            "operator_name": "READ_PARQUET ",
                                                            "cpu_time": 0.000327351,
                                                            "extra_info": {
                                                                "Function": "READ_PARQUET",
                                                                "Projections": [
                                                                    "id",
                                                                    "name"
                                                                ],
                                                                "Filters": "id<=7",
                                                                "Estimated Cardinality": "8"
                                                            },
                                                            "cumulative_cardinality": 7,
                                                            "operator_type": "TABLE_SCAN",
                                                            "operator_cardinality": 7,
                                                            "cumulative_rows_scanned": 8,
                                                            "operator_rows_scanned": 8,
                                                            "operator_timing": 0.000327351,
                                                            "result_set_size": 126,
                                                            "children": []
                                                        }
                                                    ]
                                                }
                                            ]
                                        }
                                    ]
                                }
                            ]
                        }
                    ]
                }
            ]
        }
    ]
}