{
    "rows_returned": 7,
    "query_name": "SELECT \n    pt.Name AS PostTypeName,\n    COUNT(p.Id) AS TotalPosts,\n    AVG(p.ViewCount) AS AverageViews,\n    AVG(p.Score) AS AverageScore,\n    COUNT(DISTINCT c.Id) AS TotalComments,\n    COUNT(DISTINCT a.Id) AS TotalAnswers,\n    COUNT(DISTINCT v.Id) AS TotalVotes\nFROM \n    Posts p\nJOIN \n    PostTypes pt ON p.PostTypeId = pt.Id\nLEFT JOIN \n    Comments c ON p.Id = c.PostId\nLEFT JOIN \n    Posts a ON p.Id = a.ParentId\nLEFT JOIN \n    Votes v ON p.Id = v.PostId\nGROUP BY \n    pt.Name\nORDER BY \n    TotalPosts DESC;\n",
    "blocked_thread_time": 0.0,
    "cpu_time": 15.527158716000027,
    "extra_info": {},
    "cumulative_cardinality": 332757831,
    "cumulative_rows_scanned": 27686155,
    "result_set_size": 448,
    "latency": 17.928522543,
    "children": [
        {
            "operator_name": "ORDER_BY",
            "cpu_time": 15.527158716000027,
            "extra_info": {
                "Order By": "count(p.Id) DESC"
            },
            "cumulative_cardinality": 332757831,
            "operator_type": "ORDER_BY",
            "operator_cardinality": 7,
            "cumulative_rows_scanned": 27686155,
            "operator_rows_scanned": 0,
            "operator_timing": 0.000037912,
            "result_set_size": 448,
            "children": [
                {
                    "operator_name": "HASH_GROUP_BY",
                    "cpu_time": 15.527120804000027,
                    "extra_info": {
                        "Groups": "#0",
                        "Aggregates": [
                            "count_star()",
                            "avg(#1)",
                            "avg(#2)",
                            "count(DISTINCT #3)",
                            "count(DISTINCT #4)",
                            "count(DISTINCT #5)"
                        ],
                        "Estimated Cardinality": "3850116"
                    },
                    "cumulative_cardinality": 332757824,
                    "operator_type": "HASH_GROUP_BY",
                    "operator_cardinality": 7,
                    "cumulative_rows_scanned": 27686155,
                    "operator_rows_scanned": 0,
                    "operator_timing": 10.927067134000028,
                    "result_set_size": 448,
                    "children": [
                        {
                            "operator_name": "PROJECTION",
                            "cpu_time": 4.600053669999999,
                            "extra_info": {
                                "Projections": [
                                    "name",
                                    "viewcount",
                                    "score",
                                    "id",
                                    "id",
                                    "id"
                                ],
                                "Estimated Cardinality": "12744093"
                            },
                            "cumulative_cardinality": 332757817,
                            "operator_type": "PROJECTION",
                            "operator_cardinality": 85472587,
                            "cumulative_rows_scanned": 27686155,
                            "operator_rows_scanned": 0,
                            "operator_timing": 0.015153012000001522,
                            "result_set_size": 3077013132,
                            "children": [
                                {
                                    "operator_name": "PROJECTION",
                                    "cpu_time": 4.584900657999998,
                                    "extra_info": {
                                        "Projections": [
                                            "#0",
                                            "#1",
                                            "#2",
                                            "__internal_decompress_integral_integer(#3, -72)",
                                            "#4",
                                            "#5",
                                            "#6"
                                        ],
                                        "Estimated Cardinality": "12744093"
                                    },
                                    "cumulative_cardinality": 247285230,
                                    "operator_type": "PROJECTION",
                                    "operator_cardinality": 85472587,
                                    "cumulative_rows_scanned": 27686155,
                                    "operator_rows_scanned": 0,
                                    "operator_timing": 0.03742440699999878,
                                    "result_set_size": 3418903480,
                                    "children": [
                                        {
                                            "operator_name": "HASH_JOIN",
                                            "cpu_time": 4.547476250999999,
                                            "extra_info": {
                                                "Join Type": "RIGHT",
                                                "Conditions": "postid = id",
                                                "Estimated Cardinality": "12744093"
                                            },
                                            "cumulative_cardinality": 161812643,
                                            "operator_type": "HASH_JOIN",
                                            "operator_cardinality": 85472587,
                                            "cumulative_rows_scanned": 27686155,
                                            "operator_rows_scanned": 0,
                                            "operator_timing": 2.876157034999996,
                                            "result_set_size": 3247958306,
                                            "children": [
                                                {
                                                    "operator_name": "READ_PARQUET ",
                                                    "cpu_time": 0.25032172200000025,
                                                    "extra_info": {
                                                        "Function": "READ_PARQUET",
                                                        "Projections": [
                                                            "id",
                                                            "postid"
                                                        ],
                                                        "Estimated Cardinality": "12744093"
                                                    },
                                                    "cumulative_cardinality": 12744093,
                                                    "operator_type": "TABLE_SCAN",
                                                    "operator_cardinality": 12744093,
                                                    "cumulative_rows_scanned": 12744093,
                                                    "operator_rows_scanned": 12744093,
                                                    "operator_timing": 0.25032172200000025,
                                                    "result_set_size": 101952744,
                                                    "children": []
                                                },
                                                {
                                                    "operator_name": "PROJECTION",
                                                    "cpu_time": 1.4209974940000025,
                                                    "extra_info": {
                                                        "Projections": [
                                                            "#0",
                                                            "#1",
                                                            "__internal_compress_integral_usmallint(#2, -72)",
                                                            "#3",
                                                            "#4",
                                                            "#5"
                                                        ],
                                                        "Estimated Cardinality": "7241822"
                                                    },
                                                    "cumulative_cardinality": 63595963,
                                                    "operator_type": "PROJECTION",
                                                    "operator_cardinality": 11548569,
                                                    "cumulative_rows_scanned": 14942062,
                                                    "operator_rows_scanned": 0,
                                                    "operator_timing": 0.013281079999999796,
                                                    "result_set_size": 392651346,
                                                    "children": [
                                                        {
                                                            "operator_name": "HASH_JOIN",
                                                            "cpu_time": 1.4077164140000027,
                                                            "extra_info": {
                                                                "Join Type": "LEFT",
                                                                "Conditions": "id = parentid",
                                                                "Estimated Cardinality": "7241822"
                                                            },
                                                            "cumulative_cardinality": 52047394,
                                                            "operator_type": "HASH_JOIN",
                                                            "operator_cardinality": 11548569,
                                                            "cumulative_rows_scanned": 14942062,
                                                            "operator_rows_scanned": 0,
                                                            "operator_timing": 0.42977725800000155,
                                                            "result_set_size": 415748484,
                                                            "children": [
                                                                {
                                                                    "operator_name": "PROJECTION",
                                                                    "cpu_time": 0.926220135000001,
                                                                    "extra_info": {
                                                                        "Projections": [
                                                                            "#0",
                                                                            "#1",
                                                                            "__internal_decompress_integral_integer(#2, -72)",
                                                                            "#3",
                                                                            "#4"
                                                                        ],
                                                                        "Estimated Cardinality": "7241822"
                                                                    },
                                                                    "cumulative_cardinality": 36648709,
                                                                    "operator_type": "PROJECTION",
                                                                    "operator_cardinality": 8928266,
                                                                    "cumulative_rows_scanned": 11091946,
                                                                    "operator_rows_scanned": 0,
                                                                    "operator_timing": 0.003569545000000003,
                                                                    "result_set_size": 285704512,
                                                                    "children": [
                                                                        {
                                                                            "operator_name": "HASH_JOIN",
                                                                            "cpu_time": 0.922650590000001,
                                                                            "extra_info": {
                                                                                "Join Type": "RIGHT",
                                                                                "Conditions": "postid = id",
                                                                                "Estimated Cardinality": "7241822"
                                                                            },
                                                                            "cumulative_cardinality": 27720443,
                                                                            "operator_type": "HASH_JOIN",
                                                                            "operator_cardinality": 8928266,
                                                                            "cumulative_rows_scanned": 11091946,
                                                                            "operator_rows_scanned": 0,
                                                                            "operator_timing": 0.6637189820000012,
                                                                            "result_set_size": 267847980,
                                                                            "children": [
                                                                                {
                                                                                    "operator_name": "READ_PARQUET ",
                                                                                    "cpu_time": 0.12108431499999996,
                                                                                    "extra_info": {
                                                                                        "Function": "READ_PARQUET",
                                                                                        "Projections": [
                                                                                            "id",
                                                                                            "postid"
                                                                                        ],
                                                                                        "Estimated Cardinality": "7241822"
                                                                                    },
                                                                                    "cumulative_cardinality": 7241822,
                                                                                    "operator_type": "TABLE_SCAN",
                                                                                    "operator_cardinality": 7241822,
                                                                                    "cumulative_rows_scanned": 7241822,
                                                                                    "operator_rows_scanned": 7241822,
                                                                                    "operator_timing": 0.12108431499999996,
                                                                                    "result_set_size": 57934576,
                                                                                    "children": []
                                                                                },
                                                                                {
                                                                                    "operator_name": "PROJECTION",
                                                                                    "cpu_time": 0.1378472929999999,
                                                                                    "extra_info": {
                                                                                        "Projections": [
                                                                                            "#0",
                                                                                            "__internal_compress_integral_usmallint(#1, -72)",
                                                                                            "#2",
                                                                                            "#3"
                                                                                        ],
                                                                                        "Estimated Cardinality": "3850116"
                                                                                    },
                                                                                    "cumulative_cardinality": 11550355,
                                                                                    "operator_type": "PROJECTION",
                                                                                    "operator_cardinality": 3850116,
                                                                                    "cumulative_rows_scanned": 3850124,
                                                                                    "operator_rows_scanned": 0,
                                                                                    "operator_timing": 0.0013894290000000045,
                                                                                    "result_set_size": 100103016,
                                                                                    "children": [
                                                                                        {
                                                                                            "operator_name": "HASH_JOIN",
                                                                                            "cpu_time": 0.1364578639999999,
                                                                                            "extra_info": {
                                                                                                "Join Type": "INNER",
                                                                                                "Conditions": "posttypeid = id",
                                                                                                "Estimated Cardinality": "3850116"
                                                                                            },
                                                                                            "cumulative_cardinality": 7700239,
                                                                                            "operator_type": "HASH_JOIN",
                                                                                            "operator_cardinality": 3850116,
                                                                                            "cumulative_rows_scanned": 3850124,
                                                                                            "operator_rows_scanned": 0,
                                                                                            "operator_timing": 0.007987203999999986,
                                                                                            "result_set_size": 107803248,
                                                                                            "children": [
                                                                                                {
                                                                                                    "operator_name": "READ_PARQUET ",
                                                                                                    "cpu_time": 0.1281256249999999,
                                                                                                    "extra_info": {
                                                                                                        "Function": "READ_PARQUET",
                                                                                                        "Projections": [
                                                                                                            "id",
                                                                                                            "posttypeid",
                                                                                                            "score",
                                                                                                            "viewcount"
                                                                                                        ],
                                                                                                        "Estimated Cardinality": "3850116"
                                                                                                    },
                                                                                                    "cumulative_cardinality": 3850116,
                                                                                                    "operator_type": "TABLE_SCAN",
                                                                                                    "operator_cardinality": 3850116,
                                                                                                    "cumulative_rows_scanned": 3850116,
                                                                                                    "operator_rows_scanned": 3850116,
                                                                                                    "operator_timing": 0.1281256249999999,
                                                                                                    "result_set_size": 53901624,
                                                                                                    "children": []
                                                                                                },
                                                                                                {
                                                                                                    "operator_name": "READ_PARQUET ",
                                                                                                    "cpu_time": 0.000345035,
                                                                                                    "extra_info": {
                                                                                                        "Function": "READ_PARQUET",
                                                                                                        "Projections": [
                                                                                                            "id",
                                                                                                            "name"
                                                                                                        ],
                                                                                                        "Filters": "id<=7",
                                                                                                        "Estimated Cardinality": "8"
                                                                                                    },
                                                                                                    "cumulative_cardinality": 7,
                                                                                                    "operator_type": "TABLE_SCAN",
                                                                                                    "operator_cardinality": 7,
                                                                                                    "cumulative_rows_scanned": 8,
                                                                                                    "operator_rows_scanned": 8,
                                                                                                    "operator_timing": 0.000345035,
                                                                                                    "result_set_size": 126,
                                                                                                    "children": []
                                                                                                }
                                                                                            ]
                                                                                        }
                                                                                    ]
                                                                                }
                                                                            ]
                                                                        }
                                                                    ]
                                                                },
                                                                {
                                                                    "operator_name": "READ_PARQUET ",
                                                                    "cpu_time": 0.051719021,
                                                                    "extra_info": {
                                                                        "Function": "READ_PARQUET",
                                                                        "Projections": [
                                                                            "id",
                                                                            "parentid"
                                                                        ],
                                                                        "Estimated Cardinality": "3850116"
                                                                    },
                                                                    "cumulative_cardinality": 3850116,
                                                                    "operator_type": "TABLE_SCAN",
                                                                    "operator_cardinality": 3850116,
                                                                    "cumulative_rows_scanned": 3850116,
                                                                    "operator_rows_scanned": 3850116,
                                                                    "operator_timing": 0.051719021,
                                                                    "result_set_size": 30800928,
                                                                    "children": []
                                                                }
                                                            ]
                                                        }
                                                    ]
                                                }
                                            ]
                                        }
                                    ]
                                }
                            ]
                        }
                    ]
                }
            ]
        }
    ]
}