{
    "rows_returned": 371631,
    "query_name": "\nSELECT \n    U.Id AS UserId,\n    U.DisplayName,\n    COUNT(DISTINCT P.Id) AS PostCount,\n    SUM(P.ViewCount) AS TotalViews,\n    SUM(CASE WHEN V.UserId IS NOT NULL THEN 1 ELSE 0 END) AS TotalVotes,\n    SUM(CASE WHEN P.PostTypeId = 1 THEN P.AnswerCount ELSE 0 END) AS TotalAnswers,\n    SUM(CASE WHEN P.PostTypeId = 1 THEN P.CommentCount ELSE 0 END) AS TotalComments,\n    AVG(P.Score) AS AvgPostScore,\n    MAX(P.CreationDate) AS LastPostDate\nFROM \n    Users U\nLEFT JOIN \n    Posts P ON U.Id = P.OwnerUserId\nLEFT JOIN \n    Votes V ON P.Id = V.PostId\nGROUP BY \n    U.Id, U.DisplayName\nHAVING \n    COUNT(DISTINCT P.Id) > 0\nORDER BY \n    TotalViews DESC;\n",
    "blocked_thread_time": 0.0,
    "cpu_time": 4.182882418000005,
    "extra_info": {},
    "cumulative_cardinality": 64062656,
    "cumulative_rows_scanned": 17854919,
    "result_set_size": 40136148,
    "latency": 6.230178314,
    "children": [
        {
            "operator_name": "ORDER_BY",
            "cpu_time": 4.182882418000005,
            "extra_info": {
                "Order By": "sum(P.ViewCount) DESC"
            },
            "cumulative_cardinality": 64062656,
            "operator_type": "ORDER_BY",
            "operator_cardinality": 371631,
            "cumulative_rows_scanned": 17854919,
            "operator_rows_scanned": 0,
            "operator_timing": 0.034235349,
            "result_set_size": 40136148,
            "children": [
                {
                    "operator_name": "FILTER",
                    "cpu_time": 4.148647069000004,
                    "extra_info": {
                        "Expression": "(count(DISTINCT id) > 0)",
                        "Estimated Cardinality": "252142"
                    },
                    "cumulative_cardinality": 63691025,
                    "operator_type": "FILTER",
                    "operator_cardinality": 371631,
                    "cumulative_rows_scanned": 17854919,
                    "operator_rows_scanned": 0,
                    "operator_timing": 0.0048273199999999995,
                    "result_set_size": 40136148,
                    "children": [
                        {
                            "operator_name": "HASH_GROUP_BY",
                            "cpu_time": 4.143819749000004,
                            "extra_info": {
                                "Groups": [
                                    "#0",
                                    "#1"
                                ],
                                "Aggregates": [
                                    "count(DISTINCT #2)",
                                    "sum(#3)",
                                    "sum(#4)",
                                    "sum(#5)",
                                    "sum(#6)",
                                    "avg(#7)",
                                    "max(#8)"
                                ],
                                "Estimated Cardinality": "1260710"
                            },
                            "cumulative_cardinality": 63319394,
                            "operator_type": "HASH_GROUP_BY",
                            "operator_cardinality": 1260710,
                            "cumulative_rows_scanned": 17854919,
                            "operator_rows_scanned": 0,
                            "operator_timing": 2.1452878090000045,
                            "result_set_size": 136156680,
                            "children": [
                                {
                                    "operator_name": "PROJECTION",
                                    "cpu_time": 1.9985319399999992,
                                    "extra_info": {
                                        "Projections": [
                                            "id",
                                            "displayname",
                                            "id",
                                            "viewcount",
                                            "CASE  WHEN ((userid IS NOT NULL)) THEN (1) ELSE 0 END",
                                            "CASE  WHEN ((posttypeid = 1)) THEN (answercount) ELSE 0 END",
                                            "CASE  WHEN ((posttypeid = 1)) THEN (commentcount) ELSE 0 END",
                                            "score",
                                            "creationdate"
                                        ],
                                        "Estimated Cardinality": "12744093"
                                    },
                                    "cumulative_cardinality": 62058684,
                                    "operator_type": "PROJECTION",
                                    "operator_cardinality": 11739825,
                                    "cumulative_rows_scanned": 17854919,
                                    "operator_rows_scanned": 0,
                                    "operator_timing": 0.09483656300000003,
                                    "result_set_size": 610470900,
                                    "children": [
                                        {
                                            "operator_name": "PROJECTION",
                                            "cpu_time": 1.9036953769999991,
                                            "extra_info": {
                                                "Projections": [
                                                    "#0",
                                                    "#1",
                                                    "__internal_decompress_integral_smallint(#2, 1)",
                                                    "#3",
                                                    "__internal_decompress_integral_integer(#4, -72)",
                                                    "#5",
                                                    "__internal_decompress_integral_integer(#6, 0)",
                                                    "__internal_decompress_integral_integer(#7, 0)",
                                                    "#8",
                                                    "#9"
                                                ],
                                                "Estimated Cardinality": "12744093"
                                            },
                                            "cumulative_cardinality": 50318859,
                                            "operator_type": "PROJECTION",
                                            "operator_cardinality": 11739825,
                                            "cumulative_rows_scanned": 17854919,
                                            "operator_rows_scanned": 0,
                                            "operator_timing": 0.032727497000000105,
                                            "result_set_size": 633950550,
                                            "children": [
                                                {
                                                    "operator_name": "HASH_JOIN",
                                                    "cpu_time": 1.870967879999999,
                                                    "extra_info": {
                                                        "Join Type": "RIGHT",
                                                        "Conditions": "postid = id",
                                                        "Estimated Cardinality": "12744093"
                                                    },
                                                    "cumulative_cardinality": 38579034,
                                                    "operator_type": "HASH_JOIN",
                                                    "operator_cardinality": 11739825,
                                                    "cumulative_rows_scanned": 17854919,
                                                    "operator_rows_scanned": 0,
                                                    "operator_timing": 1.078875399999999,
                                                    "result_set_size": 528292125,
                                                    "children": [
                                                        {
                                                            "operator_name": "READ_PARQUET ",
                                                            "cpu_time": 0.18735555699999987,
                                                            "extra_info": {
                                                                "Function": "READ_PARQUET",
                                                                "Projections": [
                                                                    "postid",
                                                                    "userid"
                                                                ],
                                                                "Estimated Cardinality": "12744093"
                                                            },
                                                            "cumulative_cardinality": 12744093,
                                                            "operator_type": "TABLE_SCAN",
                                                            "operator_cardinality": 12744093,
                                                            "cumulative_rows_scanned": 12744093,
                                                            "operator_rows_scanned": 12744093,
                                                            "operator_timing": 0.18735555699999987,
                                                            "result_set_size": 101952744,
                                                            "children": []
                                                        },
                                                        {
                                                            "operator_name": "PROJECTION",
                                                            "cpu_time": 0.6047369230000003,
                                                            "extra_info": {
                                                                "Projections": [
                                                                    "#0",
                                                                    "__internal_compress_integral_utinyint(#1, 1)",
                                                                    "#2",
                                                                    "__internal_compress_integral_usmallint(#3, -72)",
                                                                    "#4",
                                                                    "__internal_compress_integral_utinyint(#5, 0)",
                                                                    "__internal_compress_integral_utinyint(#6, 0)",
                                                                    "#7",
                                                                    "#8"
                                                                ],
                                                                "Estimated Cardinality": "3850116"
                                                            },
                                                            "cumulative_cardinality": 14095116,
                                                            "operator_type": "PROJECTION",
                                                            "operator_cardinality": 4574495,
                                                            "cumulative_rows_scanned": 5110826,
                                                            "operator_rows_scanned": 0,
                                                            "operator_timing": 0.011359416000000004,
                                                            "result_set_size": 187554295,
                                                            "children": [
                                                                {
                                                                    "operator_name": "HASH_JOIN",
                                                                    "cpu_time": 0.5933775070000002,
                                                                    "extra_info": {
                                                                        "Join Type": "RIGHT",
                                                                        "Conditions": "owneruserid = id",
                                                                        "Estimated Cardinality": "3850116"
                                                                    },
                                                                    "cumulative_cardinality": 9520621,
                                                                    "operator_type": "HASH_JOIN",
                                                                    "operator_cardinality": 4574495,
                                                                    "cumulative_rows_scanned": 5110826,
                                                                    "operator_rows_scanned": 0,
                                                                    "operator_timing": 0.2607550170000003,
                                                                    "result_set_size": 228724750,
                                                                    "children": [
                                                                        {
                                                                            "operator_name": "READ_PARQUET ",
                                                                            "cpu_time": 0.2547163739999999,
                                                                            "extra_info": {
                                                                                "Function": "READ_PARQUET",
                                                                                "Projections": [
                                                                                    "id",
                                                                                    "posttypeid",
                                                                                    "creationdate",
                                                                                    "score",
                                                                                    "viewcount",
                                                                                    "owneruserid",
                                                                                    "answercount",
                                                                                    "commentcount"
                                                                                ],
                                                                                "Estimated Cardinality": "3850116"
                                                                            },
                                                                            "cumulative_cardinality": 3685416,
                                                                            "operator_type": "TABLE_SCAN",
                                                                            "operator_cardinality": 3685416,
                                                                            "cumulative_rows_scanned": 3850116,
                                                                            "operator_rows_scanned": 3850116,
                                                                            "operator_timing": 0.2547163739999999,
                                                                            "result_set_size": 125304144,
                                                                            "children": []
                                                                        },
                                                                        {
                                                                            "operator_name": "READ_PARQUET ",
                                                                            "cpu_time": 0.07790611600000003,
                                                                            "extra_info": {
                                                                                "Function": "READ_PARQUET",
                                                                                "Projections": [
                                                                                    "id",
                                                                                    "displayname"
                                                                                ],
                                                                                "Estimated Cardinality": "1260710"
                                                                            },
                                                                            "cumulative_cardinality": 1260710,
                                                                            "operator_type": "TABLE_SCAN",
                                                                            "operator_cardinality": 1260710,
                                                                            "cumulative_rows_scanned": 1260710,
                                                                            "operator_rows_scanned": 1260710,
                                                                            "operator_timing": 0.07790611600000003,
                                                                            "result_set_size": 25214200,
                                                                            "children": []
                                                                        }
                                                                    ]
                                                                }
                                                            ]
                                                        }
                                                    ]
                                                }
                                            ]
                                        }
                                    ]
                                }
                            ]
                        }
                    ]
                }
            ]
        }
    ]
}