{
    "rows_returned": 4,
    "query_name": "\nWITH PostAggregate AS (\n    SELECT \n        p.Id AS PostId,\n        p.PostTypeId,\n        COUNT(c.Id) AS CommentCount,\n        COUNT(v.Id) AS VoteCount,\n        SUM(CASE WHEN v.VoteTypeId = 2 THEN 1 ELSE 0 END) AS UpVoteCount,\n        SUM(CASE WHEN v.VoteTypeId = 3 THEN 1 ELSE 0 END) AS DownVoteCount,\n        COUNT(DISTINCT ba.Id) AS BadgeCount\n    FROM \n        Posts p\n    LEFT JOIN \n        Comments c ON p.Id = c.PostId\n    LEFT JOIN \n        Votes v ON p.Id = v.PostId\n    LEFT JOIN \n        Badges ba ON p.OwnerUserId = ba.UserId\n    WHERE \n        p.CreationDate >= TIMESTAMP '2024-10-01 12:34:56' - INTERVAL '30 days'  \n    GROUP BY \n        p.Id, p.PostTypeId\n),\nPostTypeAggregate AS (\n    SELECT \n        pt.Id AS PostTypeId,\n        pt.Name AS PostTypeName,\n        COUNT(*) AS TotalPosts,\n        SUM(CommentCount) AS TotalComments,\n        SUM(VoteCount) AS TotalVotes,\n        SUM(UpVoteCount) AS TotalUpVotes,\n        SUM(DownVoteCount) AS TotalDownVotes,\n        SUM(BadgeCount) AS TotalBadges\n    FROM \n        PostAggregate pa\n    JOIN \n        PostTypes pt ON pa.PostTypeId = pt.Id\n    GROUP BY \n        pt.Id, pt.Name\n)\nSELECT \n    pta.PostTypeId,\n    pta.PostTypeName,\n    pta.TotalPosts,\n    pta.TotalComments,\n    pta.TotalVotes,\n    pta.TotalUpVotes,\n    pta.TotalDownVotes,\n    pta.TotalBadges,\n    ROUND(COALESCE(pta.TotalVotes, 0)::DECIMAL / NULLIF(pta.TotalPosts, 0), 2) AS AvgVotesPerPost,\n    ROUND(COALESCE(pta.TotalComments, 0)::DECIMAL / NULLIF(pta.TotalPosts, 0), 2) AS AvgCommentsPerPost\nFROM \n    PostTypeAggregate pta\nORDER BY \n    pta.TotalPosts DESC;\n",
    "blocked_thread_time": 0.0,
    "cpu_time": 0.5362515590000003,
    "extra_info": {},
    "cumulative_cardinality": 23459854,
    "cumulative_rows_scanned": 26157763,
    "result_set_size": 488,
    "latency": 0.64141554,
    "children": [
        {
            "operator_name": "PROJECTION",
            "cpu_time": 0.5362515590000003,
            "extra_info": {
                "Projections": [
                    "__internal_decompress_integral_smallint(#0, 1)",
                    "#1",
                    "#2",
                    "#3",
                    "#4",
                    "#5",
                    "#6",
                    "#7",
                    "#8",
                    "#9"
                ],
                "Estimated Cardinality": "1925058"
            },
            "cumulative_cardinality": 23459854,
            "operator_type": "PROJECTION",
            "operator_cardinality": 4,
            "cumulative_rows_scanned": 26157763,
            "operator_rows_scanned": 0,
            "operator_timing": 9.52e-7,
            "result_set_size": 488,
            "children": [
                {
                    "operator_name": "ORDER_BY",
                    "cpu_time": 0.5362506070000003,
                    "extra_info": {
                        "Order By": "pta.TotalPosts DESC"
                    },
                    "cumulative_cardinality": 23459850,
                    "operator_type": "ORDER_BY",
                    "operator_cardinality": 4,
                    "cumulative_rows_scanned": 26157763,
                    "operator_rows_scanned": 0,
                    "operator_timing": 0.0000376,
                    "result_set_size": 484,
                    "children": [
                        {
                            "operator_name": "PROJECTION",
                            "cpu_time": 0.5362130070000003,
                            "extra_info": {
                                "Projections": [
                                    "__internal_compress_integral_utinyint(#0, 1)",
                                    "#1",
                                    "#2",
                                    "#3",
                                    "#4",
                                    "#5",
                                    "#6",
                                    "#7",
                                    "#8",
                                    "#9"
                                ],
                                "Estimated Cardinality": "1925058"
                            },
                            "cumulative_cardinality": 23459846,
                            "operator_type": "PROJECTION",
                            "operator_cardinality": 4,
                            "cumulative_rows_scanned": 26157763,
                            "operator_rows_scanned": 0,
                            "operator_timing": 7.21e-7,
                            "result_set_size": 484,
                            "children": [
                                {
                                    "operator_name": "PROJECTION",
                                    "cpu_time": 0.5362122860000003,
                                    "extra_info": {
                                        "Projections": [
                                            "PostTypeId",
                                            "PostTypeName",
                                            "TotalPosts",
                                            "TotalComments",
                                            "TotalVotes",
                                            "TotalUpVotes",
                                            "TotalDownVotes",
                                            "TotalBadges",
                                            "AvgVotesPerPost",
                                            "AvgCommentsPerPost"
                                        ],
                                        "Estimated Cardinality": "1925058"
                                    },
                                    "cumulative_cardinality": 23459842,
                                    "operator_type": "PROJECTION",
                                    "operator_cardinality": 4,
                                    "cumulative_rows_scanned": 26157763,
                                    "operator_rows_scanned": 0,
                                    "operator_timing": 0.000040145,
                                    "result_set_size": 488,
                                    "children": [
                                        {
                                            "operator_name": "PROJECTION",
                                            "cpu_time": 0.5361721410000002,
                                            "extra_info": {
                                                "Projections": [
                                                    "PostTypeId",
                                                    "PostTypeName",
                                                    "TotalPosts",
                                                    "TotalComments",
                                                    "TotalVotes",
                                                    "TotalUpVotes",
                                                    "TotalDownVotes",
                                                    "TotalBadges",
                                                    "CAST(CASE  WHEN ((TotalPosts = 0)) THEN (NULL) ELSE TotalPosts END AS DOUBLE)"
                                                ],
                                                "Estimated Cardinality": "1925058"
                                            },
                                            "cumulative_cardinality": 23459838,
                                            "operator_type": "PROJECTION",
                                            "operator_cardinality": 4,
                                            "cumulative_rows_scanned": 26157763,
                                            "operator_rows_scanned": 0,
                                            "operator_timing": 0.00000542,
                                            "result_set_size": 456,
                                            "children": [
                                                {
                                                    "operator_name": "PROJECTION",
                                                    "cpu_time": 0.5361667210000002,
                                                    "extra_info": {
                                                        "Projections": [
                                                            "__internal_decompress_integral_smallint(#0, 1)",
                                                            "#1",
                                                            "#2",
                                                            "#3",
                                                            "#4",
                                                            "#5",
                                                            "#6",
                                                            "#7"
                                                        ],
                                                        "Estimated Cardinality": "1925058"
                                                    },
                                                    "cumulative_cardinality": 23459834,
                                                    "operator_type": "PROJECTION",
                                                    "operator_cardinality": 4,
                                                    "cumulative_rows_scanned": 26157763,
                                                    "operator_rows_scanned": 0,
                                                    "operator_timing": 0.000001342,
                                                    "result_set_size": 424,
                                                    "children": [
                                                        {
                                                            "operator_name": "HASH_GROUP_BY",
                                                            "cpu_time": 0.5361653790000002,
                                                            "extra_info": {
                                                                "Groups": [
                                                                    "#0",
                                                                    "#1"
                                                                ],
                                                                "Aggregates": [
                                                                    "count_star()",
                                                                    "sum(#2)",
                                                                    "sum(#3)",
                                                                    "sum(#4)",
                                                                    "sum(#5)",
                                                                    "sum(#6)"
                                                                ],
                                                                "Estimated Cardinality": "1925058"
                                                            },
                                                            "cumulative_cardinality": 23459830,
                                                            "operator_type": "HASH_GROUP_BY",
                                                            "operator_cardinality": 4,
                                                            "cumulative_rows_scanned": 26157763,
                                                            "operator_rows_scanned": 0,
                                                            "operator_timing": 0.00045127399999999994,
                                                            "result_set_size": 420,
                                                            "children": [
                                                                {
                                                                    "operator_name": "PROJECTION",
                                                                    "cpu_time": 0.5357141050000002,
                                                                    "extra_info": {
                                                                        "Projections": [
                                                                            "id",
                                                                            "name",
                                                                            "CommentCount",
                                                                            "VoteCount",
                                                                            "UpVoteCount",
                                                                            "DownVoteCount",
                                                                            "BadgeCount"
                                                                        ],
                                                                        "Estimated Cardinality": "3850116"
                                                                    },
                                                                    "cumulative_cardinality": 23459826,
                                                                    "operator_type": "PROJECTION",
                                                                    "operator_cardinality": 9927,
                                                                    "cumulative_rows_scanned": 26157763,
                                                                    "operator_rows_scanned": 0,
                                                                    "operator_timing": 0.0000018439999999999998,
                                                                    "result_set_size": 724671,
                                                                    "children": [
                                                                        {
                                                                            "operator_name": "PROJECTION",
                                                                            "cpu_time": 0.5357122610000001,
                                                                            "extra_info": {
                                                                                "Projections": [
                                                                                    "__internal_compress_integral_utinyint(#0, 1)",
                                                                                    "#1",
                                                                                    "#2",
                                                                                    "#3",
                                                                                    "#4",
                                                                                    "#5",
                                                                                    "#6"
                                                                                ],
                                                                                "Estimated Cardinality": "3850116"
                                                                            },
                                                                            "cumulative_cardinality": 23449899,
                                                                            "operator_type": "PROJECTION",
                                                                            "operator_cardinality": 9927,
                                                                            "cumulative_rows_scanned": 26157763,
                                                                            "operator_rows_scanned": 0,
                                                                            "operator_timing": 0.0000044869999999999996,
                                                                            "result_set_size": 724671,
                                                                            "children": [
                                                                                {
                                                                                    "operator_name": "HASH_JOIN",
                                                                                    "cpu_time": 0.5357077740000001,
                                                                                    "extra_info": {
                                                                                        "Join Type": "INNER",
                                                                                        "Conditions": "posttypeid = id",
                                                                                        "Estimated Cardinality": "3850116"
                                                                                    },
                                                                                    "cumulative_cardinality": 23439972,
                                                                                    "operator_type": "HASH_JOIN",
                                                                                    "operator_cardinality": 9927,
                                                                                    "cumulative_rows_scanned": 26157763,
                                                                                    "operator_rows_scanned": 0,
                                                                                    "operator_timing": 0.00010674000000000001,
                                                                                    "result_set_size": 734598,
                                                                                    "children": [
                                                                                        {
                                                                                            "operator_name": "PROJECTION",
                                                                                            "cpu_time": 0.5352857850000001,
                                                                                            "extra_info": {
                                                                                                "Projections": [
                                                                                                    "posttypeid",
                                                                                                    "CommentCount",
                                                                                                    "VoteCount",
                                                                                                    "UpVoteCount",
                                                                                                    "DownVoteCount",
                                                                                                    "BadgeCount"
                                                                                                ],
                                                                                                "Estimated Cardinality": "3850116"
                                                                                            },
                                                                                            "cumulative_cardinality": 23430038,
                                                                                            "operator_type": "PROJECTION",
                                                                                            "operator_cardinality": 9927,
                                                                                            "cumulative_rows_scanned": 26157755,
                                                                                            "operator_rows_scanned": 0,
                                                                                            "operator_timing": 0.0000019229999999999996,
                                                                                            "result_set_size": 575766,
                                                                                            "children": [
                                                                                                {
                                                                                                    "operator_name": "PROJECTION",
                                                                                                    "cpu_time": 0.5352838620000001,
                                                                                                    "extra_info": {
                                                                                                        "Projections": [
                                                                                                            "#0",
                                                                                                            "__internal_decompress_integral_smallint(#1, 1)",
                                                                                                            "#2",
                                                                                                            "#3",
                                                                                                            "#4",
                                                                                                            "#5",
                                                                                                            "#6"
                                                                                                        ],
                                                                                                        "Estimated Cardinality": "3850116"
                                                                                                    },
                                                                                                    "cumulative_cardinality": 23420111,
                                                                                                    "operator_type": "PROJECTION",
                                                                                                    "operator_cardinality": 9927,
                                                                                                    "cumulative_rows_scanned": 26157755,
                                                                                                    "operator_rows_scanned": 0,
                                                                                                    "operator_timing": 0.000014387,
                                                                                                    "result_set_size": 615474,
                                                                                                    "children": [
                                                                                                        {
                                                                                                            "operator_name": "HASH_GROUP_BY",
                                                                                                            "cpu_time": 0.5352694750000001,
                                                                                                            "extra_info": {
                                                                                                                "Groups": [
                                                                                                                    "#0",
                                                                                                                    "#1"
                                                                                                                ],
                                                                                                                "Aggregates": [
                                                                                                                    "count(#2)",
                                                                                                                    "count(#3)",
                                                                                                                    "sum(#4)",
                                                                                                                    "sum(#5)",
                                                                                                                    "count(DISTINCT #6)"
                                                                                                                ],
                                                                                                                "Estimated Cardinality": "3850116"
                                                                                                            },
                                                                                                            "cumulative_cardinality": 23410184,
                                                                                                            "operator_type": "HASH_GROUP_BY",
                                                                                                            "operator_cardinality": 9927,
                                                                                                            "cumulative_rows_scanned": 26157755,
                                                                                                            "operator_rows_scanned": 0,
                                                                                                            "operator_timing": 0.24255472899999989,
                                                                                                            "result_set_size": 605547,
                                                                                                            "children": [
                                                                                                                {
                                                                                                                    "operator_name": "PROJECTION",
                                                                                                                    "cpu_time": 0.2927147460000002,
                                                                                                                    "extra_info": {
                                                                                                                        "Projections": [
                                                                                                                            "id",
                                                                                                                            "posttypeid",
                                                                                                                            "id",
                                                                                                                            "id",
                                                                                                                            "CASE  WHEN ((votetypeid = 2)) THEN (1) ELSE 0 END",
                                                                                                                            "CASE  WHEN ((votetypeid = 3)) THEN (1) ELSE 0 END",
                                                                                                                            "id"
                                                                                                                        ],
                                                                                                                        "Estimated Cardinality": "12744093"
                                                                                                                    },
                                                                                                                    "cumulative_cardinality": 23400257,
                                                                                                                    "operator_type": "PROJECTION",
                                                                                                                    "operator_cardinality": 6944785,
                                                                                                                    "cumulative_rows_scanned": 26157755,
                                                                                                                    "operator_rows_scanned": 0,
                                                                                                                    "operator_timing": 0.033739406000000145,
                                                                                                                    "result_set_size": 173619625,
                                                                                                                    "children": [
                                                                                                                        {
                                                                                                                            "operator_name": "PROJECTION",
                                                                                                                            "cpu_time": 0.25897534000000005,
                                                                                                                            "extra_info": {
                                                                                                                                "Projections": [
                                                                                                                                    "#3",
                                                                                                                                    "__internal_compress_integral_utinyint(#4, 1)",
                                                                                                                                    "#2",
                                                                                                                                    "#0",
                                                                                                                                    "#1",
                                                                                                                                    "#5"
                                                                                                                                ],
                                                                                                                                "Estimated Cardinality": "12744093"
                                                                                                                            },
                                                                                                                            "cumulative_cardinality": 16455472,
                                                                                                                            "operator_type": "PROJECTION",
                                                                                                                            "operator_cardinality": 6944785,
                                                                                                                            "cumulative_rows_scanned": 26157755,
                                                                                                                            "operator_rows_scanned": 0,
                                                                                                                            "operator_timing": 0.006417473000000048,
                                                                                                                            "result_set_size": 131950915,
                                                                                                                            "children": [
                                                                                                                                {
                                                                                                                                    "operator_name": "HASH_JOIN",
                                                                                                                                    "cpu_time": 0.252557867,
                                                                                                                                    "extra_info": {
                                                                                                                                        "Join Type": "LEFT",
                                                                                                                                        "Conditions": "owneruserid = userid",
                                                                                                                                        "Estimated Cardinality": "12744093"
                                                                                                                                    },
                                                                                                                                    "cumulative_cardinality": 9510687,
                                                                                                                                    "operator_type": "HASH_JOIN",
                                                                                                                                    "operator_cardinality": 6944785,
                                                                                                                                    "cumulative_rows_scanned": 26157755,
                                                                                                                                    "operator_rows_scanned": 0,
                                                                                                                                    "operator_timing": 0.148676625,
                                                                                                                                    "result_set_size": 138895700,
                                                                                                                                    "children": [
                                                                                                                                        {
                                                                                                                                            "operator_name": "PROJECTION",
                                                                                                                                            "cpu_time": 0.058815188,
                                                                                                                                            "extra_info": {
                                                                                                                                                "Projections": [
                                                                                                                                                    "#0",
                                                                                                                                                    "#1",
                                                                                                                                                    "#2",
                                                                                                                                                    "#3",
                                                                                                                                                    "__internal_decompress_integral_smallint(#4, 1)",
                                                                                                                                                    "#5"
                                                                                                                                                ],
                                                                                                                                                "Estimated Cardinality": "12744093"
                                                                                                                                            },
                                                                                                                                            "cumulative_cardinality": 244178,
                                                                                                                                            "operator_type": "PROJECTION",
                                                                                                                                            "operator_cardinality": 69092,
                                                                                                                                            "cumulative_rows_scanned": 23836031,
                                                                                                                                            "operator_rows_scanned": 0,
                                                                                                                                            "operator_timing": 0.00006924100000000001,
                                                                                                                                            "result_set_size": 1381840,
                                                                                                                                            "children": [
                                                                                                                                                {
                                                                                                                                                    "operator_name": "HASH_JOIN",
                                                                                                                                                    "cpu_time": 0.058745947,
                                                                                                                                                    "extra_info": {
                                                                                                                                                        "Join Type": "RIGHT",
                                                                                                                                                        "Conditions": "postid = id",
                                                                                                                                                        "Estimated Cardinality": "12744093"
                                                                                                                                                    },
                                                                                                                                                    "cumulative_cardinality": 175086,
                                                                                                                                                    "operator_type": "HASH_JOIN",
                                                                                                                                                    "operator_cardinality": 69092,
                                                                                                                                                    "cumulative_rows_scanned": 23836031,
                                                                                                                                                    "operator_rows_scanned": 0,
                                                                                                                                                    "operator_timing": 0.003357146000000001,
                                                                                                                                                    "result_set_size": 1312748,
                                                                                                                                                    "children": [
                                                                                                                                                        {
                                                                                                                                                            "operator_name": "READ_PARQUET ",
                                                                                                                                                            "cpu_time": 0.021800533,
                                                                                                                                                            "extra_info": {
                                                                                                                                                                "Function": "READ_PARQUET",
                                                                                                                                                                "Projections": [
                                                                                                                                                                    "id",
                                                                                                                                                                    "postid",
                                                                                                                                                                    "votetypeid"
                                                                                                                                                                ],
                                                                                                                                                                "Estimated Cardinality": "12744093"
                                                                                                                                                            },
                                                                                                                                                            "cumulative_cardinality": 28894,
                                                                                                                                                            "operator_type": "TABLE_SCAN",
                                                                                                                                                            "operator_cardinality": 28894,
                                                                                                                                                            "cumulative_rows_scanned": 12744093,
                                                                                                                                                            "operator_rows_scanned": 12744093,
                                                                                                                                                            "operator_timing": 0.021800533,
                                                                                                                                                            "result_set_size": 288940,
                                                                                                                                                            "children": []
                                                                                                                                                        },
                                                                                                                                                        {
                                                                                                                                                            "operator_name": "PROJECTION",
                                                                                                                                                            "cpu_time": 0.033588268,
                                                                                                                                                            "extra_info": {
                                                                                                                                                                "Projections": [
                                                                                                                                                                    "#0",
                                                                                                                                                                    "#1",
                                                                                                                                                                    "__internal_compress_integral_utinyint(#2, 1)",
                                                                                                                                                                    "#3"
                                                                                                                                                                ],
                                                                                                                                                                "Estimated Cardinality": "7241822"
                                                                                                                                                            },
                                                                                                                                                            "cumulative_cardinality": 77100,
                                                                                                                                                            "operator_type": "PROJECTION",
                                                                                                                                                            "operator_cardinality": 23844,
                                                                                                                                                            "cumulative_rows_scanned": 11091938,
                                                                                                                                                            "operator_rows_scanned": 0,
                                                                                                                                                            "operator_timing": 0.000016851000000000002,
                                                                                                                                                            "result_set_size": 309972,
                                                                                                                                                            "children": [
                                                                                                                                                                {
                                                                                                                                                                    "operator_name": "HASH_JOIN",
                                                                                                                                                                    "cpu_time": 0.033571417,
                                                                                                                                                                    "extra_info": {
                                                                                                                                                                        "Join Type": "RIGHT",
                                                                                                                                                                        "Conditions": "postid = id",
                                                                                                                                                                        "Estimated Cardinality": "7241822"
                                                                                                                                                                    },
                                                                                                                                                                    "cumulative_cardinality": 53256,
                                                                                                                                                                    "operator_type": "HASH_JOIN",
                                                                                                                                                                    "operator_cardinality": 23844,
                                                                                                                                                                    "cumulative_rows_scanned": 11091938,
                                                                                                                                                                    "operator_rows_scanned": 0,
                                                                                                                                                                    "operator_timing": 0.0009374429999999999,
                                                                                                                                                                    "result_set_size": 333816,
                                                                                                                                                                    "children": [
                                                                                                                                                                        {
                                                                                                                                                                            "operator_name": "READ_PARQUET ",
                                                                                                                                                                            "cpu_time": 0.011249935999999999,
                                                                                                                                                                            "extra_info": {
                                                                                                                                                                                "Function": "READ_PARQUET",
                                                                                                                                                                                "Projections": [
                                                                                                                                                                                    "id",
                                                                                                                                                                                    "postid"
                                                                                                                                                                                ],
                                                                                                                                                                                "Estimated Cardinality": "7241822"
                                                                                                                                                                            },
                                                                                                                                                                            "cumulative_cardinality": 19485,
                                                                                                                                                                            "operator_type": "TABLE_SCAN",
                                                                                                                                                                            "operator_cardinality": 19485,
                                                                                                                                                                            "cumulative_rows_scanned": 7241822,
                                                                                                                                                                            "operator_rows_scanned": 7241822,
                                                                                                                                                                            "operator_timing": 0.011249935999999999,
                                                                                                                                                                            "result_set_size": 155880,
                                                                                                                                                                            "children": []
                                                                                                                                                                        },
                                                                                                                                                                        {
                                                                                                                                                                            "operator_name": "READ_PARQUET ",
                                                                                                                                                                            "cpu_time": 0.021384038,
                                                                                                                                                                            "extra_info": {
                                                                                                                                                                                "Function": "READ_PARQUET",
                                                                                                                                                                                "Projections": [
                                                                                                                                                                                    "id",
                                                                                                                                                                                    "posttypeid",
                                                                                                                                                                                    "owneruserid"
                                                                                                                                                                                ],
                                                                                                                                                                                "Filters": "creationdate>='2024-09-01 12:34:56'::TIMESTAMP",
                                                                                                                                                                                "Estimated Cardinality": "770023"
                                                                                                                                                                            },
                                                                                                                                                                            "cumulative_cardinality": 9927,
                                                                                                                                                                            "operator_type": "TABLE_SCAN",
                                                                                                                                                                            "operator_cardinality": 9927,
                                                                                                                                                                            "cumulative_rows_scanned": 3850116,
                                                                                                                                                                            "operator_rows_scanned": 3850116,
                                                                                                                                                                            "operator_timing": 0.021384038,
                                                                                                                                                                            "result_set_size": 99270,
                                                                                                                                                                            "children": []
                                                                                                                                                                        }
                                                                                                                                                                    ]
                                                                                                                                                                }
                                                                                                                                                            ]
                                                                                                                                                        }
                                                                                                                                                    ]
                                                                                                                                                }
                                                                                                                                            ]
                                                                                                                                        },
                                                                                                                                        {
                                                                                                                                            "operator_name": "READ_PARQUET ",
                                                                                                                                            "cpu_time": 0.04506605399999999,
                                                                                                                                            "extra_info": {
                                                                                                                                                "Function": "READ_PARQUET",
                                                                                                                                                "Projections": [
                                                                                                                                                    "id",
                                                                                                                                                    "userid"
                                                                                                                                                ],
                                                                                                                                                "Estimated Cardinality": "2321724"
                                                                                                                                            },
                                                                                                                                            "cumulative_cardinality": 2321724,
                                                                                                                                            "operator_type": "TABLE_SCAN",
                                                                                                                                            "operator_cardinality": 2321724,
                                                                                                                                            "cumulative_rows_scanned": 2321724,
                                                                                                                                            "operator_rows_scanned": 2321724,
                                                                                                                                            "operator_timing": 0.04506605399999999,
                                                                                                                                            "result_set_size": 18573792,
                                                                                                                                            "children": []
                                                                                                                                        }
                                                                                                                                    ]
                                                                                                                                }
                                                                                                                            ]
                                                                                                                        }
                                                                                                                    ]
                                                                                                                }
                                                                                                            ]
                                                                                                        }
                                                                                                    ]
                                                                                                }
                                                                                            ]
                                                                                        },
                                                                                        {
                                                                                            "operator_name": "READ_PARQUET ",
                                                                                            "cpu_time": 0.000315249,
                                                                                            "extra_info": {
                                                                                                "Function": "READ_PARQUET",
                                                                                                "Projections": [
                                                                                                    "id",
                                                                                                    "name"
                                                                                                ],
                                                                                                "Filters": "id<=7",
                                                                                                "Estimated Cardinality": "8"
                                                                                            },
                                                                                            "cumulative_cardinality": 7,
                                                                                            "operator_type": "TABLE_SCAN",
                                                                                            "operator_cardinality": 7,
                                                                                            "cumulative_rows_scanned": 8,
                                                                                            "operator_rows_scanned": 8,
                                                                                            "operator_timing": 0.000315249,
                                                                                            "result_set_size": 126,
                                                                                            "children": []
                                                                                        }
                                                                                    ]
                                                                                }
                                                                            ]
                                                                        }
                                                                    ]
                                                                }
                                                            ]
                                                        }
                                                    ]
                                                }
                                            ]
                                        }
                                    ]
                                }
                            ]
                        }
                    ]
                }
            ]
        }
    ]
}