{
    "rows_returned": 5,
    "query_name": "SELECT \n    pt.Name AS PostType,\n    COUNT(p.Id) AS TotalPosts,\n    AVG(p.Score) AS AverageScore,\n    AVG(p.ViewCount) AS AverageViewCount,\n    COUNT(DISTINCT p.OwnerUserId) AS UniqueUsers\nFROM \n    Posts p\nJOIN \n    PostTypes pt ON p.PostTypeId = pt.Id\nWHERE \n    p.CreationDate >= cast('2024-10-01 12:34:56' as timestamp) - INTERVAL '1 year' \nGROUP BY \n    pt.Name\nORDER BY \n    TotalPosts DESC;",
    "blocked_thread_time": 0.0,
    "cpu_time": 0.043830989000000035,
    "extra_info": {},
    "cumulative_cardinality": 436643,
    "cumulative_rows_scanned": 3850124,
    "result_set_size": 240,
    "latency": 0.048794142,
    "children": [
        {
            "operator_name": "ORDER_BY",
            "cpu_time": 0.043830989000000035,
            "extra_info": {
                "Order By": "count(p.Id) DESC"
            },
            "cumulative_cardinality": 436643,
            "operator_type": "ORDER_BY",
            "operator_cardinality": 5,
            "cumulative_rows_scanned": 3850124,
            "operator_rows_scanned": 0,
            "operator_timing": 0.000029727,
            "result_set_size": 240,
            "children": [
                {
                    "operator_name": "HASH_GROUP_BY",
                    "cpu_time": 0.043801262000000035,
                    "extra_info": {
                        "Groups": "#0",
                        "Aggregates": [
                            "count_star()",
                            "avg(#1)",
                            "avg(#2)",
                            "count(DISTINCT #3)"
                        ],
                        "Estimated Cardinality": "385011"
                    },
                    "cumulative_cardinality": 436638,
                    "operator_type": "HASH_GROUP_BY",
                    "operator_cardinality": 5,
                    "cumulative_rows_scanned": 3850124,
                    "operator_rows_scanned": 0,
                    "operator_timing": 0.009426787000000002,
                    "result_set_size": 240,
                    "children": [
                        {
                            "operator_name": "PROJECTION",
                            "cpu_time": 0.03437447500000003,
                            "extra_info": {
                                "Projections": [
                                    "name",
                                    "score",
                                    "viewcount",
                                    "owneruserid"
                                ],
                                "Estimated Cardinality": "770023"
                            },
                            "cumulative_cardinality": 436633,
                            "operator_type": "PROJECTION",
                            "operator_cardinality": 145542,
                            "cumulative_rows_scanned": 3850124,
                            "operator_rows_scanned": 0,
                            "operator_timing": 0.000018595999999999996,
                            "result_set_size": 4075176,
                            "children": [
                                {
                                    "operator_name": "HASH_JOIN",
                                    "cpu_time": 0.03435587900000003,
                                    "extra_info": {
                                        "Join Type": "INNER",
                                        "Conditions": "posttypeid = id",
                                        "Estimated Cardinality": "770023"
                                    },
                                    "cumulative_cardinality": 291091,
                                    "operator_type": "HASH_JOIN",
                                    "operator_cardinality": 145542,
                                    "cumulative_rows_scanned": 3850124,
                                    "operator_rows_scanned": 0,
                                    "operator_timing": 0.000396179,
                                    "result_set_size": 4075176,
                                    "children": [
                                        {
                                            "operator_name": "READ_PARQUET ",
                                            "cpu_time": 0.03364103500000003,
                                            "extra_info": {
                                                "Function": "READ_PARQUET",
                                                "Projections": [
                                                    "id",
                                                    "posttypeid",
                                                    "score",
                                                    "viewcount",
                                                    "owneruserid"
                                                ],
                                                "Filters": "creationdate>='2023-10-01 12:34:56'::TIMESTAMP",
                                                "Estimated Cardinality": "770023"
                                            },
                                            "cumulative_cardinality": 145542,
                                            "operator_type": "TABLE_SCAN",
                                            "operator_cardinality": 145542,
                                            "cumulative_rows_scanned": 3850116,
                                            "operator_rows_scanned": 3850116,
                                            "operator_timing": 0.03364103500000003,
                                            "result_set_size": 2619756,
                                            "children": []
                                        },
                                        {
                                            "operator_name": "READ_PARQUET ",
                                            "cpu_time": 0.00031866500000000004,
                                            "extra_info": {
                                                "Function": "READ_PARQUET",
                                                "Projections": [
                                                    "id",
                                                    "name"
                                                ],
                                                "Filters": "id<=7",
                                                "Estimated Cardinality": "8"
                                            },
                                            "cumulative_cardinality": 7,
                                            "operator_type": "TABLE_SCAN",
                                            "operator_cardinality": 7,
                                            "cumulative_rows_scanned": 8,
                                            "operator_rows_scanned": 8,
                                            "operator_timing": 0.00031866500000000004,
                                            "result_set_size": 126,
                                            "children": []
                                        }
                                    ]
                                }
                            ]
                        }
                    ]
                }
            ]
        }
    ]
}