{
    "rows_returned": 2521420,
    "query_name": "WITH UserPostMetrics AS (\n    SELECT \n        U.Id AS UserId,\n        U.DisplayName,\n        COUNT(P.Id) AS TotalPosts,\n        COUNT(CASE WHEN P.PostTypeId = 1 THEN 1 END) AS Questions,\n        COUNT(CASE WHEN P.PostTypeId = 2 THEN 1 END) AS Answers,\n        SUM(COALESCE(P.ViewCount, 0)) AS TotalViews,\n        SUM(COALESCE(P.Score, 0)) AS TotalScore,\n        SUM(COALESCE(P.AnswerCount, 0)) AS TotalAnswers,\n        SUM(COALESCE(P.CommentCount, 0)) AS TotalComments\n    FROM \n        Users U\n    LEFT JOIN \n        Posts P ON U.Id = P.OwnerUserId\n    GROUP BY \n        U.Id, U.DisplayName\n),\nPostStatistics AS (\n    SELECT \n        PT.Name AS PostType,\n        COUNT(P.Id) AS PostCount,\n        SUM(P.ViewCount) AS TotalViews,\n        AVG(P.Score) AS AverageScore,\n        MIN(P.CreationDate) AS EarliestPost,\n        MAX(P.CreationDate) AS LatestPost\n    FROM \n        Posts P\n    JOIN \n        PostTypes PT ON P.PostTypeId = PT.Id\n    GROUP BY \n        PT.Name\n)\nSELECT \n    U.UserId,\n    U.DisplayName,\n    U.TotalPosts,\n    U.Questions,\n    U.Answers,\n    U.TotalViews,\n    U.TotalScore,\n    U.TotalAnswers,\n    U.TotalComments,\n    PS.PostType,\n    PS.PostCount,\n    PS.TotalViews,\n    PS.AverageScore,\n    PS.EarliestPost,\n    PS.LatestPost\nFROM \n    UserPostMetrics U\nLEFT JOIN \n    PostStatistics PS ON PS.PostType IN ('Question', 'Answer')\nORDER BY \n    U.TotalScore DESC, U.TotalPosts DESC;",
    "blocked_thread_time": 0.0,
    "cpu_time": 2.059470794,
    "extra_info": {},
    "cumulative_cardinality": 31935049,
    "cumulative_rows_scanned": 8960950,
    "result_set_size": 433684240,
    "latency": 28.1680634,
    "children": [
        {
            "operator_name": "ORDER_BY",
            "cpu_time": 2.059470794,
            "extra_info": {
                "Order By": [
                    "U.TotalScore DESC",
                    "U.TotalPosts DESC"
                ]
            },
            "cumulative_cardinality": 31935049,
            "operator_type": "ORDER_BY",
            "operator_cardinality": 2521420,
            "cumulative_rows_scanned": 8960950,
            "operator_rows_scanned": 0,
            "operator_timing": 0.34742969499999976,
            "result_set_size": 433684240,
            "children": [
                {
                    "operator_name": "BLOCKWISE_NL_JOIN",
                    "cpu_time": 1.7120410990000003,
                    "extra_info": {
                        "Join Type": "LEFT",
                        "Condition": "true"
                    },
                    "cumulative_cardinality": 29413629,
                    "operator_type": "BLOCKWISE_NL_JOIN",
                    "operator_cardinality": 2521420,
                    "cumulative_rows_scanned": 8960950,
                    "operator_rows_scanned": 0,
                    "operator_timing": 0.02353417500000002,
                    "result_set_size": 433684240,
                    "children": [
                        {
                            "operator_name": "HASH_GROUP_BY",
                            "cpu_time": 1.4012893300000007,
                            "extra_info": {
                                "Groups": [
                                    "#0",
                                    "#1"
                                ],
                                "Aggregates": [
                                    "count(#2)",
                                    "count(#3)",
                                    "count(#4)",
                                    "sum(#5)",
                                    "sum(#6)",
                                    "sum(#7)",
                                    "sum(#8)"
                                ],
                                "Estimated Cardinality": "1260710"
                            },
                            "cumulative_cardinality": 15355826,
                            "operator_type": "HASH_GROUP_BY",
                            "operator_cardinality": 1260710,
                            "cumulative_rows_scanned": 5110826,
                            "operator_rows_scanned": 0,
                            "operator_timing": 0.659858091,
                            "result_set_size": 136156680,
                            "children": [
                                {
                                    "operator_name": "PROJECTION",
                                    "cpu_time": 0.7414312390000006,
                                    "extra_info": {
                                        "Projections": [
                                            "id",
                                            "displayname",
                                            "id",
                                            "CASE  WHEN ((posttypeid = 1)) THEN (1) ELSE NULL END",
                                            "CASE  WHEN ((posttypeid = 2)) THEN (1) ELSE NULL END",
                                            "COALESCE(viewcount, 0)",
                                            "COALESCE(score, 0)",
                                            "COALESCE(answercount, 0)",
                                            "COALESCE(commentcount, 0)"
                                        ],
                                        "Estimated Cardinality": "3850116"
                                    },
                                    "cumulative_cardinality": 14095116,
                                    "operator_type": "PROJECTION",
                                    "operator_cardinality": 4574495,
                                    "cumulative_rows_scanned": 5110826,
                                    "operator_rows_scanned": 0,
                                    "operator_timing": 0.164417792,
                                    "result_set_size": 219575760,
                                    "children": [
                                        {
                                            "operator_name": "HASH_JOIN",
                                            "cpu_time": 0.5770134470000006,
                                            "extra_info": {
                                                "Join Type": "RIGHT",
                                                "Conditions": "owneruserid = id",
                                                "Estimated Cardinality": "3850116"
                                            },
                                            "cumulative_cardinality": 9520621,
                                            "operator_type": "HASH_JOIN",
                                            "operator_cardinality": 4574495,
                                            "cumulative_rows_scanned": 5110826,
                                            "operator_rows_scanned": 0,
                                            "operator_timing": 0.2764306970000005,
                                            "result_set_size": 192128790,
                                            "children": [
                                                {
                                                    "operator_name": "READ_PARQUET ",
                                                    "cpu_time": 0.22160054300000015,
                                                    "extra_info": {
                                                        "Function": "READ_PARQUET",
                                                        "Projections": [
                                                            "id",
                                                            "posttypeid",
                                                            "score",
                                                            "viewcount",
                                                            "owneruserid",
                                                            "answercount",
                                                            "commentcount"
                                                        ],
                                                        "Estimated Cardinality": "3850116"
                                                    },
                                                    "cumulative_cardinality": 3685416,
                                                    "operator_type": "TABLE_SCAN",
                                                    "operator_cardinality": 3685416,
                                                    "cumulative_rows_scanned": 3850116,
                                                    "operator_rows_scanned": 3850116,
                                                    "operator_timing": 0.22160054300000015,
                                                    "result_set_size": 95820816,
                                                    "children": []
                                                },
                                                {
                                                    "operator_name": "READ_PARQUET ",
                                                    "cpu_time": 0.07898220699999996,
                                                    "extra_info": {
                                                        "Function": "READ_PARQUET",
                                                        "Projections": [
                                                            "id",
                                                            "displayname"
                                                        ],
                                                        "Estimated Cardinality": "1260710"
                                                    },
                                                    "cumulative_cardinality": 1260710,
                                                    "operator_type": "TABLE_SCAN",
                                                    "operator_cardinality": 1260710,
                                                    "cumulative_rows_scanned": 1260710,
                                                    "operator_rows_scanned": 1260710,
                                                    "operator_timing": 0.07898220699999996,
                                                    "result_set_size": 25214200,
                                                    "children": []
                                                }
                                            ]
                                        }
                                    ]
                                }
                            ]
                        },
                        {
                            "operator_name": "HASH_GROUP_BY",
                            "cpu_time": 0.28721759399999963,
                            "extra_info": {
                                "Groups": "#0",
                                "Aggregates": [
                                    "count_star()",
                                    "sum(#1)",
                                    "avg(#2)",
                                    "min(#3)",
                                    "max(#4)"
                                ],
                                "Estimated Cardinality": "240632"
                            },
                            "cumulative_cardinality": 11536383,
                            "operator_type": "HASH_GROUP_BY",
                            "operator_cardinality": 2,
                            "cumulative_rows_scanned": 3850124,
                            "operator_rows_scanned": 0,
                            "operator_timing": 0.10293183799999997,
                            "result_set_size": 128,
                            "children": [
                                {
                                    "operator_name": "PROJECTION",
                                    "cpu_time": 0.18428575599999966,
                                    "extra_info": {
                                        "Projections": [
                                            "name",
                                            "viewcount",
                                            "score",
                                            "creationdate",
                                            "creationdate"
                                        ],
                                        "Estimated Cardinality": "481264"
                                    },
                                    "cumulative_cardinality": 11536381,
                                    "operator_type": "PROJECTION",
                                    "operator_cardinality": 3845457,
                                    "cumulative_rows_scanned": 3850124,
                                    "operator_rows_scanned": 0,
                                    "operator_timing": 0.0004190040000000008,
                                    "result_set_size": 153818280,
                                    "children": [
                                        {
                                            "operator_name": "HASH_JOIN",
                                            "cpu_time": 0.18386675199999966,
                                            "extra_info": {
                                                "Join Type": "INNER",
                                                "Conditions": "posttypeid = id",
                                                "Estimated Cardinality": "481264"
                                            },
                                            "cumulative_cardinality": 7690924,
                                            "operator_type": "HASH_JOIN",
                                            "operator_cardinality": 3845457,
                                            "cumulative_rows_scanned": 3850124,
                                            "operator_rows_scanned": 0,
                                            "operator_timing": 0.01671658000000002,
                                            "result_set_size": 123054624,
                                            "children": [
                                                {
                                                    "operator_name": "READ_PARQUET ",
                                                    "cpu_time": 0.16675773899999966,
                                                    "extra_info": {
                                                        "Function": "READ_PARQUET",
                                                        "Projections": [
                                                            "id",
                                                            "posttypeid",
                                                            "creationdate",
                                                            "score",
                                                            "viewcount"
                                                        ],
                                                        "Estimated Cardinality": "3850116"
                                                    },
                                                    "cumulative_cardinality": 3845457,
                                                    "operator_type": "TABLE_SCAN",
                                                    "operator_cardinality": 3845457,
                                                    "cumulative_rows_scanned": 3850116,
                                                    "operator_rows_scanned": 3850116,
                                                    "operator_timing": 0.16675773899999966,
                                                    "result_set_size": 84600054,
                                                    "children": []
                                                },
                                                {
                                                    "operator_name": "FILTER",
                                                    "cpu_time": 0.00039243300000000003,
                                                    "extra_info": {
                                                        "Expression": "((id <= 7) AND ((name = 'Question') OR (name = 'Answer')))",
                                                        "Estimated Cardinality": "1"
                                                    },
                                                    "cumulative_cardinality": 10,
                                                    "operator_type": "FILTER",
                                                    "operator_cardinality": 2,
                                                    "cumulative_rows_scanned": 8,
                                                    "operator_rows_scanned": 0,
                                                    "operator_timing": 0.000071734,
                                                    "result_set_size": 36,
                                                    "children": [
                                                        {
                                                            "operator_name": "READ_PARQUET ",
                                                            "cpu_time": 0.00032069900000000003,
                                                            "extra_info": {
                                                                "Function": "READ_PARQUET",
                                                                "Projections": [
                                                                    "id",
                                                                    "name"
                                                                ],
                                                                "Filters": "optional: name IN ('Question', 'Answer')",
                                                                "Estimated Cardinality": "8"
                                                            },
                                                            "cumulative_cardinality": 8,
                                                            "operator_type": "TABLE_SCAN",
                                                            "operator_cardinality": 8,
                                                            "cumulative_rows_scanned": 8,
                                                            "operator_rows_scanned": 8,
                                                            "operator_timing": 0.00032069900000000003,
                                                            "result_set_size": 144,
                                                            "children": []
                                                        }
                                                    ]
                                                }
                                            ]
                                        }
                                    ]
                                }
                            ]
                        }
                    ]
                }
            ]
        }
    ]
}