{
    "rows_returned": 3685416,
    "query_name": "WITH UserPosts AS (\n    SELECT \n        u.Id AS UserId,\n        COUNT(p.Id) AS PostCount,\n        SUM(CASE WHEN p.Score IS NOT NULL THEN p.Score ELSE 0 END) AS TotalScore,\n        SUM(CASE WHEN p.ViewCount IS NOT NULL THEN p.ViewCount ELSE 0 END) AS TotalViews,\n        AVG(CASE WHEN p.ViewCount IS NOT NULL THEN p.ViewCount ELSE 0 END) AS AvgViewsPerPost\n    FROM \n        Users u\n    LEFT JOIN \n        Posts p ON u.Id = p.OwnerUserId\n    GROUP BY \n        u.Id\n),\nPostHistoryAggregates AS (\n    SELECT \n        ph.PostId,\n        COUNT(*) AS HistoryCount,\n        MAX(ph.CreationDate) AS LastModified\n    FROM \n        PostHistory ph\n    GROUP BY \n        ph.PostId\n),\nPostsWithHistory AS (\n    SELECT \n        p.*, \n        pha.HistoryCount, \n        pha.LastModified\n    FROM \n        Posts p\n    LEFT JOIN \n        PostHistoryAggregates pha ON p.Id = pha.PostId\n)\n\nSELECT \n    u.DisplayName,\n    up.PostCount,\n    up.TotalScore,\n    up.TotalViews,\n    up.AvgViewsPerPost,\n    p.Title,\n    p.HistoryCount,\n    p.LastModified,\n    p.CreationDate AS PostCreationDate\nFROM \n    UserPosts up\nJOIN \n    Users u ON up.UserId = u.Id\nJOIN \n    PostsWithHistory p ON u.Id = p.OwnerUserId\nORDER BY \n    up.TotalScore DESC, \n    up.PostCount DESC;",
    "blocked_thread_time": 0.0,
    "cpu_time": 3.6743838229999994,
    "extra_info": {},
    "cumulative_cardinality": 69185125,
    "cumulative_rows_scanned": 22016896,
    "result_set_size": 383283264,
    "latency": 12.066533219,
    "children": [
        {
            "operator_name": "ORDER_BY",
            "cpu_time": 3.6743838229999994,
            "extra_info": {
                "Order By": [
                    "up.TotalScore DESC",
                    "up.PostCount DESC"
                ]
            },
            "cumulative_cardinality": 69185125,
            "operator_type": "ORDER_BY",
            "operator_cardinality": 3685416,
            "cumulative_rows_scanned": 22016896,
            "operator_rows_scanned": 0,
            "operator_timing": 0.5657424980000001,
            "result_set_size": 383283264,
            "children": [
                {
                    "operator_name": "PROJECTION",
                    "cpu_time": 3.1086413249999993,
                    "extra_info": {
                        "Projections": [
                            "displayname",
                            "PostCount",
                            "TotalScore",
                            "TotalViews",
                            "AvgViewsPerPost",
                            "title",
                            "HistoryCount",
                            "LastModified",
                            "PostCreationDate"
                        ],
                        "Estimated Cardinality": "5897622"
                    },
                    "cumulative_cardinality": 65499709,
                    "operator_type": "PROJECTION",
                    "operator_cardinality": 3685416,
                    "cumulative_rows_scanned": 22016896,
                    "operator_rows_scanned": 0,
                    "operator_timing": 0.0011067810000000016,
                    "result_set_size": 383283264,
                    "children": [
                        {
                            "operator_name": "HASH_JOIN",
                            "cpu_time": 3.1075345439999995,
                            "extra_info": {
                                "Join Type": "INNER",
                                "Conditions": "owneruserid = UserId",
                                "Estimated Cardinality": "5897622"
                            },
                            "cumulative_cardinality": 61814293,
                            "operator_type": "HASH_JOIN",
                            "operator_cardinality": 3685416,
                            "cumulative_rows_scanned": 22016896,
                            "operator_rows_scanned": 0,
                            "operator_timing": 0.2687646610000004,
                            "result_set_size": 383283264,
                            "children": [
                                {
                                    "operator_name": "PROJECTION",
                                    "cpu_time": 1.865997472999998,
                                    "extra_info": {
                                        "Projections": [
                                            "creationdate",
                                            "owneruserid",
                                            "title",
                                            "HistoryCount",
                                            "LastModified"
                                        ],
                                        "Estimated Cardinality": "5897622"
                                    },
                                    "cumulative_cardinality": 38990952,
                                    "operator_type": "PROJECTION",
                                    "operator_cardinality": 3850116,
                                    "cumulative_rows_scanned": 15645360,
                                    "operator_rows_scanned": 0,
                                    "operator_timing": 0.0007540620000000012,
                                    "result_set_size": 169405104,
                                    "children": [
                                        {
                                            "operator_name": "HASH_JOIN",
                                            "cpu_time": 1.865243410999998,
                                            "extra_info": {
                                                "Join Type": "RIGHT",
                                                "Conditions": "postid = id",
                                                "Estimated Cardinality": "5897622"
                                            },
                                            "cumulative_cardinality": 35140836,
                                            "operator_type": "HASH_JOIN",
                                            "operator_cardinality": 3850116,
                                            "cumulative_rows_scanned": 15645360,
                                            "operator_rows_scanned": 0,
                                            "operator_timing": 0.5625993819999997,
                                            "result_set_size": 169405104,
                                            "children": [
                                                {
                                                    "operator_name": "HASH_GROUP_BY",
                                                    "cpu_time": 0.9208855669999982,
                                                    "extra_info": {
                                                        "Groups": "#0",
                                                        "Aggregates": [
                                                            "count_star()",
                                                            "max(#1)"
                                                        ],
                                                        "Estimated Cardinality": "5897622"
                                                    },
                                                    "cumulative_cardinality": 27440604,
                                                    "operator_type": "HASH_GROUP_BY",
                                                    "operator_cardinality": 3850116,
                                                    "cumulative_rows_scanned": 11795244,
                                                    "operator_rows_scanned": 0,
                                                    "operator_timing": 0.6965519149999987,
                                                    "result_set_size": 77002320,
                                                    "children": [
                                                        {
                                                            "operator_name": "PROJECTION",
                                                            "cpu_time": 0.2243336519999996,
                                                            "extra_info": {
                                                                "Projections": [
                                                                    "postid",
                                                                    "creationdate"
                                                                ],
                                                                "Estimated Cardinality": "11795244"
                                                            },
                                                            "cumulative_cardinality": 23590488,
                                                            "operator_type": "PROJECTION",
                                                            "operator_cardinality": 11795244,
                                                            "cumulative_rows_scanned": 11795244,
                                                            "operator_rows_scanned": 0,
                                                            "operator_timing": 0.0009876190000000023,
                                                            "result_set_size": 141542928,
                                                            "children": [
                                                                {
                                                                    "operator_name": "READ_PARQUET ",
                                                                    "cpu_time": 0.2233460329999996,
                                                                    "extra_info": {
                                                                        "Function": "READ_PARQUET",
                                                                        "Projections": [
                                                                            "postid",
                                                                            "creationdate"
                                                                        ],
                                                                        "Estimated Cardinality": "11795244"
                                                                    },
                                                                    "cumulative_cardinality": 11795244,
                                                                    "operator_type": "TABLE_SCAN",
                                                                    "operator_cardinality": 11795244,
                                                                    "cumulative_rows_scanned": 11795244,
                                                                    "operator_rows_scanned": 11795244,
                                                                    "operator_timing": 0.2233460329999996,
                                                                    "result_set_size": 141542928,
                                                                    "children": []
                                                                }
                                                            ]
                                                        }
                                                    ]
                                                },
                                                {
                                                    "operator_name": "READ_PARQUET ",
                                                    "cpu_time": 0.38175846200000013,
                                                    "extra_info": {
                                                        "Function": "READ_PARQUET",
                                                        "Projections": [
                                                            "id",
                                                            "creationdate",
                                                            "owneruserid",
                                                            "title"
                                                        ],
                                                        "Estimated Cardinality": "3850116"
                                                    },
                                                    "cumulative_cardinality": 3850116,
                                                    "operator_type": "TABLE_SCAN",
                                                    "operator_cardinality": 3850116,
                                                    "cumulative_rows_scanned": 3850116,
                                                    "operator_rows_scanned": 3850116,
                                                    "operator_timing": 0.38175846200000013,
                                                    "result_set_size": 123203712,
                                                    "children": []
                                                }
                                            ]
                                        }
                                    ]
                                },
                                {
                                    "operator_name": "FILTER",
                                    "cpu_time": 0.972772410000001,
                                    "extra_info": {
                                        "Expression": "(UserId <= 1416539)",
                                        "Estimated Cardinality": "1260710"
                                    },
                                    "cumulative_cardinality": 19137925,
                                    "operator_type": "FILTER",
                                    "operator_cardinality": 1260679,
                                    "cumulative_rows_scanned": 6371536,
                                    "operator_rows_scanned": 0,
                                    "operator_timing": 0.0024167209999999993,
                                    "result_set_size": 85726172,
                                    "children": [
                                        {
                                            "operator_name": "HASH_JOIN",
                                            "cpu_time": 0.970355689000001,
                                            "extra_info": {
                                                "Join Type": "INNER",
                                                "Conditions": "UserId = id",
                                                "Estimated Cardinality": "1260710"
                                            },
                                            "cumulative_cardinality": 17877246,
                                            "operator_type": "HASH_JOIN",
                                            "operator_cardinality": 1260710,
                                            "cumulative_rows_scanned": 6371536,
                                            "operator_rows_scanned": 0,
                                            "operator_timing": 0.11140645699999992,
                                            "result_set_size": 85728280,
                                            "children": [
                                                {
                                                    "operator_name": "HASH_GROUP_BY",
                                                    "cpu_time": 0.781099306000001,
                                                    "extra_info": {
                                                        "Groups": "#0",
                                                        "Aggregates": [
                                                            "count(#1)",
                                                            "sum(#2)",
                                                            "sum(#3)",
                                                            "avg(#4)"
                                                        ],
                                                        "Estimated Cardinality": "1260710"
                                                    },
                                                    "cumulative_cardinality": 15355826,
                                                    "operator_type": "HASH_GROUP_BY",
                                                    "operator_cardinality": 1260710,
                                                    "cumulative_rows_scanned": 5110826,
                                                    "operator_rows_scanned": 0,
                                                    "operator_timing": 0.4052679520000002,
                                                    "result_set_size": 65556920,
                                                    "children": [
                                                        {
                                                            "operator_name": "PROJECTION",
                                                            "cpu_time": 0.3758313540000008,
                                                            "extra_info": {
                                                                "Projections": [
                                                                    "id",
                                                                    "id",
                                                                    "CASE  WHEN ((score IS NOT NULL)) THEN (score) ELSE 0 END",
                                                                    "CASE  WHEN ((viewcount IS NOT NULL)) THEN (viewcount) ELSE 0 END",
                                                                    "CASE  WHEN ((viewcount IS NOT NULL)) THEN (viewcount) ELSE 0 END"
                                                                ],
                                                                "Estimated Cardinality": "3850116"
                                                            },
                                                            "cumulative_cardinality": 14095116,
                                                            "operator_type": "PROJECTION",
                                                            "operator_cardinality": 4574495,
                                                            "cumulative_rows_scanned": 5110826,
                                                            "operator_rows_scanned": 0,
                                                            "operator_timing": 0.0556821410000001,
                                                            "result_set_size": 91489900,
                                                            "children": [
                                                                {
                                                                    "operator_name": "HASH_JOIN",
                                                                    "cpu_time": 0.32014921300000065,
                                                                    "extra_info": {
                                                                        "Join Type": "RIGHT",
                                                                        "Conditions": "owneruserid = id",
                                                                        "Estimated Cardinality": "3850116"
                                                                    },
                                                                    "cumulative_cardinality": 9520621,
                                                                    "operator_type": "HASH_JOIN",
                                                                    "operator_cardinality": 4574495,
                                                                    "cumulative_rows_scanned": 5110826,
                                                                    "operator_rows_scanned": 0,
                                                                    "operator_timing": 0.1870139150000006,
                                                                    "result_set_size": 73191920,
                                                                    "children": [
                                                                        {
                                                                            "operator_name": "READ_PARQUET ",
                                                                            "cpu_time": 0.12605745499999998,
                                                                            "extra_info": {
                                                                                "Function": "READ_PARQUET",
                                                                                "Projections": [
                                                                                    "id",
                                                                                    "score",
                                                                                    "viewcount",
                                                                                    "owneruserid"
                                                                                ],
                                                                                "Estimated Cardinality": "3850116"
                                                                            },
                                                                            "cumulative_cardinality": 3685416,
                                                                            "operator_type": "TABLE_SCAN",
                                                                            "operator_cardinality": 3685416,
                                                                            "cumulative_rows_scanned": 3850116,
                                                                            "operator_rows_scanned": 3850116,
                                                                            "operator_timing": 0.12605745499999998,
                                                                            "result_set_size": 58966656,
                                                                            "children": []
                                                                        },
                                                                        {
                                                                            "operator_name": "READ_PARQUET ",
                                                                            "cpu_time": 0.007077843000000013,
                                                                            "extra_info": {
                                                                                "Function": "READ_PARQUET",
                                                                                "Projections": "id",
                                                                                "Estimated Cardinality": "1260710"
                                                                            },
                                                                            "cumulative_cardinality": 1260710,
                                                                            "operator_type": "TABLE_SCAN",
                                                                            "operator_cardinality": 1260710,
                                                                            "cumulative_rows_scanned": 1260710,
                                                                            "operator_rows_scanned": 1260710,
                                                                            "operator_timing": 0.007077843000000013,
                                                                            "result_set_size": 5042840,
                                                                            "children": []
                                                                        }
                                                                    ]
                                                                }
                                                            ]
                                                        }
                                                    ]
                                                },
                                                {
                                                    "operator_name": "READ_PARQUET ",
                                                    "cpu_time": 0.07784992600000003,
                                                    "extra_info": {
                                                        "Function": "READ_PARQUET",
                                                        "Projections": [
                                                            "id",
                                                            "displayname"
                                                        ],
                                                        "Estimated Cardinality": "1260710"
                                                    },
                                                    "cumulative_cardinality": 1260710,
                                                    "operator_type": "TABLE_SCAN",
                                                    "operator_cardinality": 1260710,
                                                    "cumulative_rows_scanned": 1260710,
                                                    "operator_rows_scanned": 1260710,
                                                    "operator_timing": 0.07784992600000003,
                                                    "result_set_size": 25214200,
                                                    "children": []
                                                }
                                            ]
                                        }
                                    ]
                                }
                            ]
                        }
                    ]
                }
            ]
        }
    ]
}