{
    "rows_returned": 7,
    "query_name": "SELECT \n    pt.Name AS PostType,\n    COUNT(p.Id) AS TotalPosts,\n    AVG(p.Score) AS AverageScore,\n    SUM(COALESCE(c.CommentCount, 0)) AS TotalComments,\n    COUNT(v.Id) AS TotalVotes\nFROM \n    Posts p\nJOIN \n    PostTypes pt ON p.PostTypeId = pt.Id\nLEFT JOIN \n    (SELECT PostId, COUNT(*) AS CommentCount FROM Comments GROUP BY PostId) c ON p.Id = c.PostId\nLEFT JOIN \n    Votes v ON p.Id = v.PostId\nGROUP BY \n    pt.Name\nORDER BY \n    TotalPosts DESC;",
    "blocked_thread_time": 0.0,
    "cpu_time": 2.002596674999998,
    "extra_info": {},
    "cumulative_cardinality": 78860512,
    "cumulative_rows_scanned": 23836039,
    "result_set_size": 392,
    "latency": 2.156077762,
    "children": [
        {
            "operator_name": "ORDER_BY",
            "cpu_time": 2.002596674999998,
            "extra_info": {
                "Order By": "count(p.Id) DESC"
            },
            "cumulative_cardinality": 78860512,
            "operator_type": "ORDER_BY",
            "operator_cardinality": 7,
            "cumulative_rows_scanned": 23836039,
            "operator_rows_scanned": 0,
            "operator_timing": 0.00002715,
            "result_set_size": 392,
            "children": [
                {
                    "operator_name": "HASH_GROUP_BY",
                    "cpu_time": 2.002569524999998,
                    "extra_info": {
                        "Groups": "#0",
                        "Aggregates": [
                            "count_star()",
                            "avg(#1)",
                            "sum(#2)",
                            "count(#3)"
                        ],
                        "Estimated Cardinality": "3850116"
                    },
                    "cumulative_cardinality": 78860505,
                    "operator_type": "HASH_GROUP_BY",
                    "operator_cardinality": 7,
                    "cumulative_rows_scanned": 23836039,
                    "operator_rows_scanned": 0,
                    "operator_timing": 0.2597183979999997,
                    "result_set_size": 392,
                    "children": [
                        {
                            "operator_name": "PROJECTION",
                            "cpu_time": 1.7428511269999984,
                            "extra_info": {
                                "Projections": [
                                    "name",
                                    "score",
                                    "COALESCE(CommentCount, 0)",
                                    "id"
                                ],
                                "Estimated Cardinality": "12744093"
                            },
                            "cumulative_cardinality": 78860498,
                            "operator_type": "PROJECTION",
                            "operator_cardinality": 11356206,
                            "cumulative_rows_scanned": 23836039,
                            "operator_rows_scanned": 0,
                            "operator_timing": 0.0628279820000003,
                            "result_set_size": 363398592,
                            "children": [
                                {
                                    "operator_name": "PROJECTION",
                                    "cpu_time": 1.680023144999998,
                                    "extra_info": {
                                        "Projections": [
                                            "#0",
                                            "#1",
                                            "__internal_decompress_integral_integer(#2, -72)",
                                            "#3",
                                            "#4"
                                        ],
                                        "Estimated Cardinality": "12744093"
                                    },
                                    "cumulative_cardinality": 67504292,
                                    "operator_type": "PROJECTION",
                                    "operator_cardinality": 11356206,
                                    "cumulative_rows_scanned": 23836039,
                                    "operator_rows_scanned": 0,
                                    "operator_timing": 0.004344145000000047,
                                    "result_set_size": 408823416,
                                    "children": [
                                        {
                                            "operator_name": "HASH_JOIN",
                                            "cpu_time": 1.675678999999998,
                                            "extra_info": {
                                                "Join Type": "RIGHT",
                                                "Conditions": "postid = id",
                                                "Estimated Cardinality": "12744093"
                                            },
                                            "cumulative_cardinality": 56148086,
                                            "operator_type": "HASH_JOIN",
                                            "operator_cardinality": 11356206,
                                            "cumulative_rows_scanned": 23836039,
                                            "operator_rows_scanned": 0,
                                            "operator_timing": 0.8177464299999984,
                                            "result_set_size": 386111004,
                                            "children": [
                                                {
                                                    "operator_name": "READ_PARQUET ",
                                                    "cpu_time": 0.21175207900000018,
                                                    "extra_info": {
                                                        "Function": "READ_PARQUET",
                                                        "Projections": [
                                                            "id",
                                                            "postid"
                                                        ],
                                                        "Estimated Cardinality": "12744093"
                                                    },
                                                    "cumulative_cardinality": 12744093,
                                                    "operator_type": "TABLE_SCAN",
                                                    "operator_cardinality": 12744093,
                                                    "cumulative_rows_scanned": 12744093,
                                                    "operator_rows_scanned": 12744093,
                                                    "operator_timing": 0.21175207900000018,
                                                    "result_set_size": 101952744,
                                                    "children": []
                                                },
                                                {
                                                    "operator_name": "PROJECTION",
                                                    "cpu_time": 0.6461804909999993,
                                                    "extra_info": {
                                                        "Projections": [
                                                            "#0",
                                                            "__internal_compress_integral_usmallint(#1, -72)",
                                                            "#2",
                                                            "#3"
                                                        ],
                                                        "Estimated Cardinality": "3850116"
                                                    },
                                                    "cumulative_cardinality": 32047787,
                                                    "operator_type": "PROJECTION",
                                                    "operator_cardinality": 3850116,
                                                    "cumulative_rows_scanned": 11091946,
                                                    "operator_rows_scanned": 0,
                                                    "operator_timing": 0.003197062000000011,
                                                    "result_set_size": 115503480,
                                                    "children": [
                                                        {
                                                            "operator_name": "HASH_JOIN",
                                                            "cpu_time": 0.6429834289999993,
                                                            "extra_info": {
                                                                "Join Type": "LEFT",
                                                                "Conditions": "id = postid",
                                                                "Estimated Cardinality": "3850116"
                                                            },
                                                            "cumulative_cardinality": 28197671,
                                                            "operator_type": "HASH_JOIN",
                                                            "operator_cardinality": 3850116,
                                                            "cumulative_rows_scanned": 11091946,
                                                            "operator_rows_scanned": 0,
                                                            "operator_timing": 0.2585084389999995,
                                                            "result_set_size": 123203712,
                                                            "children": [
                                                                {
                                                                    "operator_name": "HASH_JOIN",
                                                                    "cpu_time": 0.08876229699999999,
                                                                    "extra_info": {
                                                                        "Join Type": "INNER",
                                                                        "Conditions": "posttypeid = id",
                                                                        "Estimated Cardinality": "3850116"
                                                                    },
                                                                    "cumulative_cardinality": 7700239,
                                                                    "operator_type": "HASH_JOIN",
                                                                    "operator_cardinality": 3850116,
                                                                    "cumulative_rows_scanned": 3850124,
                                                                    "operator_rows_scanned": 0,
                                                                    "operator_timing": 0.008476625000000024,
                                                                    "result_set_size": 92402784,
                                                                    "children": [
                                                                        {
                                                                            "operator_name": "READ_PARQUET ",
                                                                            "cpu_time": 0.07993054899999996,
                                                                            "extra_info": {
                                                                                "Function": "READ_PARQUET",
                                                                                "Projections": [
                                                                                    "id",
                                                                                    "posttypeid",
                                                                                    "score"
                                                                                ],
                                                                                "Estimated Cardinality": "3850116"
                                                                            },
                                                                            "cumulative_cardinality": 3850116,
                                                                            "operator_type": "TABLE_SCAN",
                                                                            "operator_cardinality": 3850116,
                                                                            "cumulative_rows_scanned": 3850116,
                                                                            "operator_rows_scanned": 3850116,
                                                                            "operator_timing": 0.07993054899999996,
                                                                            "result_set_size": 38501160,
                                                                            "children": []
                                                                        },
                                                                        {
                                                                            "operator_name": "READ_PARQUET ",
                                                                            "cpu_time": 0.000355123,
                                                                            "extra_info": {
                                                                                "Function": "READ_PARQUET",
                                                                                "Projections": [
                                                                                    "id",
                                                                                    "name"
                                                                                ],
                                                                                "Filters": "id<=7",
                                                                                "Estimated Cardinality": "8"
                                                                            },
                                                                            "cumulative_cardinality": 7,
                                                                            "operator_type": "TABLE_SCAN",
                                                                            "operator_cardinality": 7,
                                                                            "cumulative_rows_scanned": 8,
                                                                            "operator_rows_scanned": 8,
                                                                            "operator_timing": 0.000355123,
                                                                            "result_set_size": 126,
                                                                            "children": []
                                                                        }
                                                                    ]
                                                                },
                                                                {
                                                                    "operator_name": "HASH_GROUP_BY",
                                                                    "cpu_time": 0.2957126929999998,
                                                                    "extra_info": {
                                                                        "Groups": "#0",
                                                                        "Aggregates": "count_star()",
                                                                        "Estimated Cardinality": "3620911"
                                                                    },
                                                                    "cumulative_cardinality": 16647316,
                                                                    "operator_type": "HASH_GROUP_BY",
                                                                    "operator_cardinality": 2163672,
                                                                    "cumulative_rows_scanned": 7241822,
                                                                    "operator_rows_scanned": 0,
                                                                    "operator_timing": 0.2537696929999999,
                                                                    "result_set_size": 25964064,
                                                                    "children": [
                                                                        {
                                                                            "operator_name": "PROJECTION",
                                                                            "cpu_time": 0.0419429999999999,
                                                                            "extra_info": {
                                                                                "Projections": "postid",
                                                                                "Estimated Cardinality": "7241822"
                                                                            },
                                                                            "cumulative_cardinality": 14483644,
                                                                            "operator_type": "PROJECTION",
                                                                            "operator_cardinality": 7241822,
                                                                            "cumulative_rows_scanned": 7241822,
                                                                            "operator_rows_scanned": 0,
                                                                            "operator_timing": 0.000388607000000001,
                                                                            "result_set_size": 28967288,
                                                                            "children": [
                                                                                {
                                                                                    "operator_name": "READ_PARQUET ",
                                                                                    "cpu_time": 0.0415543929999999,
                                                                                    "extra_info": {
                                                                                        "Function": "READ_PARQUET",
                                                                                        "Projections": "postid",
                                                                                        "Estimated Cardinality": "7241822"
                                                                                    },
                                                                                    "cumulative_cardinality": 7241822,
                                                                                    "operator_type": "TABLE_SCAN",
                                                                                    "operator_cardinality": 7241822,
                                                                                    "cumulative_rows_scanned": 7241822,
                                                                                    "operator_rows_scanned": 7241822,
                                                                                    "operator_timing": 0.0415543929999999,
                                                                                    "result_set_size": 28967288,
                                                                                    "children": []
                                                                                }
                                                                            ]
                                                                        }
                                                                    ]
                                                                }
                                                            ]
                                                        }
                                                    ]
                                                }
                                            ]
                                        }
                                    ]
                                }
                            ]
                        }
                    ]
                }
            ]
        }
    ]
}