{
    "rows_returned": 143650,
    "query_name": "\nWITH UserStats AS (\n    SELECT \n        U.Id AS UserId,\n        U.Reputation,\n        COUNT(DISTINCT P.Id) AS PostCount,\n        SUM(CASE WHEN P.PostTypeId = 1 THEN 1 ELSE 0 END) AS QuestionCount,\n        SUM(CASE WHEN P.PostTypeId = 2 THEN 1 ELSE 0 END) AS AnswerCount,\n        SUM(P.ViewCount) AS TotalViews,\n        SUM(CASE WHEN V.CreationDate IS NOT NULL THEN 1 ELSE 0 END) AS VoteCount\n    FROM Users U\n    LEFT JOIN Posts P ON U.Id = P.OwnerUserId\n    LEFT JOIN Votes V ON P.Id = V.PostId\n    GROUP BY U.Id, U.Reputation\n),\nPostStats AS (\n    SELECT \n        P.Id AS PostId,\n        P.Title,\n        P.CreationDate,\n        P.ViewCount,\n        P.Score,\n        P.AnswerCount,\n        P.CommentCount,\n        P.FavoriteCount,\n        P.LastActivityDate,\n        P.OwnerUserId\n    FROM Posts P\n    WHERE P.CreationDate > CAST('2024-10-01 12:34:56' AS TIMESTAMP) - INTERVAL '1 year'\n),\nVoteSummary AS (\n    SELECT \n        PostId,\n        COUNT(*) AS TotalVotes,\n        SUM(CASE WHEN VoteTypeId = 2 THEN 1 ELSE 0 END) AS Upvotes,\n        SUM(CASE WHEN VoteTypeId = 3 THEN 1 ELSE 0 END) AS Downvotes\n    FROM Votes\n    GROUP BY PostId\n)\nSELECT \n    U.UserId,\n    U.Reputation,\n    U.PostCount,\n    U.QuestionCount,\n    U.AnswerCount,\n    U.TotalViews,\n    U.VoteCount,\n    P.PostId,\n    P.Title,\n    P.CreationDate,\n    P.ViewCount,\n    P.Score,\n    P.AnswerCount AS PostAnswerCount,\n    P.CommentCount,\n    P.FavoriteCount,\n    P.LastActivityDate,\n    V.TotalVotes,\n    V.Upvotes,\n    V.Downvotes\nFROM UserStats U\nJOIN PostStats P ON U.UserId = P.OwnerUserId\nLEFT JOIN VoteSummary V ON P.PostId = V.PostId\nORDER BY U.Reputation DESC, P.ViewCount DESC;\n",
    "blocked_thread_time": 0.0,
    "cpu_time": 4.013565806999991,
    "extra_info": {},
    "cumulative_cardinality": 105665492,
    "cumulative_rows_scanned": 34449128,
    "result_set_size": 25282400,
    "latency": 5.42467137,
    "children": [
        {
            "operator_name": "PROJECTION",
            "cpu_time": 4.013565806999991,
            "extra_info": {
                "Projections": [
                    "#0",
                    "#1",
                    "#2",
                    "#3",
                    "#4",
                    "#5",
                    "#6",
                    "#7",
                    "#8",
                    "#9",
                    "#10",
                    "__internal_decompress_integral_integer(#11, -72)",
                    "__internal_decompress_integral_integer(#12, 0)",
                    "__internal_decompress_integral_integer(#13, 0)",
                    "#14",
                    "#15",
                    "#16",
                    "#17",
                    "#18"
                ],
                "Estimated Cardinality": "6372046"
            },
            "cumulative_cardinality": 105665492,
            "operator_type": "PROJECTION",
            "operator_cardinality": 143650,
            "cumulative_rows_scanned": 34449128,
            "operator_rows_scanned": 0,
            "operator_timing": 0.00028286499999999993,
            "result_set_size": 25282400,
            "children": [
                {
                    "operator_name": "ORDER_BY",
                    "cpu_time": 4.013282941999991,
                    "extra_info": {
                        "Order By": [
                            "U.Reputation DESC",
                            "P.ViewCount DESC"
                        ]
                    },
                    "cumulative_cardinality": 105521842,
                    "operator_type": "ORDER_BY",
                    "operator_cardinality": 143650,
                    "cumulative_rows_scanned": 34449128,
                    "operator_rows_scanned": 0,
                    "operator_timing": 0.032487161,
                    "result_set_size": 24133200,
                    "children": [
                        {
                            "operator_name": "PROJECTION",
                            "cpu_time": 3.980795780999991,
                            "extra_info": {
                                "Projections": [
                                    "#0",
                                    "#1",
                                    "#2",
                                    "#3",
                                    "#4",
                                    "#5",
                                    "#6",
                                    "#7",
                                    "#8",
                                    "#9",
                                    "#10",
                                    "__internal_compress_integral_usmallint(#11, -72)",
                                    "__internal_compress_integral_utinyint(#12, 0)",
                                    "__internal_compress_integral_utinyint(#13, 0)",
                                    "#14",
                                    "#15",
                                    "#16",
                                    "#17",
                                    "#18"
                                ],
                                "Estimated Cardinality": "6372046"
                            },
                            "cumulative_cardinality": 105378192,
                            "operator_type": "PROJECTION",
                            "operator_cardinality": 143650,
                            "cumulative_rows_scanned": 34449128,
                            "operator_rows_scanned": 0,
                            "operator_timing": 0.0007047500000000001,
                            "result_set_size": 24133200,
                            "children": [
                                {
                                    "operator_name": "PROJECTION",
                                    "cpu_time": 3.980091030999991,
                                    "extra_info": {
                                        "Projections": [
                                            "UserId",
                                            "reputation",
                                            "PostCount",
                                            "QuestionCount",
                                            "AnswerCount",
                                            "TotalViews",
                                            "VoteCount",
                                            "PostId",
                                            "title",
                                            "creationdate",
                                            "viewcount",
                                            "score",
                                            "PostAnswerCount",
                                            "commentcount",
                                            "favoritecount",
                                            "lastactivitydate",
                                            "TotalVotes",
                                            "Upvotes",
                                            "Downvotes"
                                        ],
                                        "Estimated Cardinality": "6372046"
                                    },
                                    "cumulative_cardinality": 105234542,
                                    "operator_type": "PROJECTION",
                                    "operator_cardinality": 143650,
                                    "cumulative_rows_scanned": 34449128,
                                    "operator_rows_scanned": 0,
                                    "operator_timing": 0.00014801000000000001,
                                    "result_set_size": 25282400,
                                    "children": [
                                        {
                                            "operator_name": "HASH_JOIN",
                                            "cpu_time": 3.9799430209999906,
                                            "extra_info": {
                                                "Join Type": "RIGHT",
                                                "Conditions": "postid = PostId",
                                                "Estimated Cardinality": "6372046"
                                            },
                                            "cumulative_cardinality": 105090892,
                                            "operator_type": "HASH_JOIN",
                                            "operator_cardinality": 143650,
                                            "cumulative_rows_scanned": 34449128,
                                            "operator_rows_scanned": 0,
                                            "operator_timing": 0.07002141199999998,
                                            "result_set_size": 25282400,
                                            "children": [
                                                {
                                                    "operator_name": "HASH_GROUP_BY",
                                                    "cpu_time": 1.0292030150000002,
                                                    "extra_info": {
                                                        "Groups": "#0",
                                                        "Aggregates": [
                                                            "count_star()",
                                                            "sum(#1)",
                                                            "sum(#2)"
                                                        ],
                                                        "Estimated Cardinality": "6372046"
                                                    },
                                                    "cumulative_cardinality": 29453413,
                                                    "operator_type": "HASH_GROUP_BY",
                                                    "operator_cardinality": 3965227,
                                                    "cumulative_rows_scanned": 12744093,
                                                    "operator_rows_scanned": 0,
                                                    "operator_timing": 0.7954721770000003,
                                                    "result_set_size": 174469988,
                                                    "children": [
                                                        {
                                                            "operator_name": "PROJECTION",
                                                            "cpu_time": 0.23373083799999994,
                                                            "extra_info": {
                                                                "Projections": [
                                                                    "postid",
                                                                    "CASE  WHEN ((votetypeid = 2)) THEN (1) ELSE 0 END",
                                                                    "CASE  WHEN ((votetypeid = 3)) THEN (1) ELSE 0 END"
                                                                ],
                                                                "Estimated Cardinality": "12744093"
                                                            },
                                                            "cumulative_cardinality": 25488186,
                                                            "operator_type": "PROJECTION",
                                                            "operator_cardinality": 12744093,
                                                            "cumulative_rows_scanned": 12744093,
                                                            "operator_rows_scanned": 0,
                                                            "operator_timing": 0.10056601400000041,
                                                            "result_set_size": 152929116,
                                                            "children": [
                                                                {
                                                                    "operator_name": "READ_PARQUET ",
                                                                    "cpu_time": 0.13316482399999954,
                                                                    "extra_info": {
                                                                        "Function": "READ_PARQUET",
                                                                        "Projections": [
                                                                            "postid",
                                                                            "votetypeid"
                                                                        ],
                                                                        "Estimated Cardinality": "12744093"
                                                                    },
                                                                    "cumulative_cardinality": 12744093,
                                                                    "operator_type": "TABLE_SCAN",
                                                                    "operator_cardinality": 12744093,
                                                                    "cumulative_rows_scanned": 12744093,
                                                                    "operator_rows_scanned": 12744093,
                                                                    "operator_timing": 0.13316482399999954,
                                                                    "result_set_size": 76464558,
                                                                    "children": []
                                                                }
                                                            ]
                                                        }
                                                    ]
                                                },
                                                {
                                                    "operator_name": "HASH_JOIN",
                                                    "cpu_time": 2.8807185939999904,
                                                    "extra_info": {
                                                        "Join Type": "INNER",
                                                        "Conditions": "UserId = owneruserid",
                                                        "Estimated Cardinality": "770023"
                                                    },
                                                    "cumulative_cardinality": 75493829,
                                                    "operator_type": "HASH_JOIN",
                                                    "operator_cardinality": 143650,
                                                    "cumulative_rows_scanned": 21705035,
                                                    "operator_rows_scanned": 0,
                                                    "operator_timing": 0.036494124999999975,
                                                    "result_set_size": 19536400,
                                                    "children": [
                                                        {
                                                            "operator_name": "HASH_GROUP_BY",
                                                            "cpu_time": 2.7402065559999906,
                                                            "extra_info": {
                                                                "Groups": [
                                                                    "#0",
                                                                    "#1"
                                                                ],
                                                                "Aggregates": [
                                                                    "count(DISTINCT #2)",
                                                                    "sum(#3)",
                                                                    "sum(#4)",
                                                                    "sum(#5)",
                                                                    "sum(#6)"
                                                                ],
                                                                "Estimated Cardinality": "1260710"
                                                            },
                                                            "cumulative_cardinality": 75059095,
                                                            "operator_type": "HASH_GROUP_BY",
                                                            "operator_cardinality": 1260679,
                                                            "cumulative_rows_scanned": 17854919,
                                                            "operator_rows_scanned": 0,
                                                            "operator_timing": 1.3020598989999987,
                                                            "result_set_size": 100854320,
                                                            "children": [
                                                                {
                                                                    "operator_name": "PROJECTION",
                                                                    "cpu_time": 1.438146656999992,
                                                                    "extra_info": {
                                                                        "Projections": [
                                                                            "id",
                                                                            "reputation",
                                                                            "id",
                                                                            "CASE  WHEN ((posttypeid = 1)) THEN (1) ELSE 0 END",
                                                                            "CASE  WHEN ((posttypeid = 2)) THEN (1) ELSE 0 END",
                                                                            "viewcount",
                                                                            "CASE  WHEN ((creationdate IS NOT NULL)) THEN (1) ELSE 0 END"
                                                                        ],
                                                                        "Estimated Cardinality": "12744093"
                                                                    },
                                                                    "cumulative_cardinality": 73798416,
                                                                    "operator_type": "PROJECTION",
                                                                    "operator_cardinality": 11739794,
                                                                    "cumulative_rows_scanned": 17854919,
                                                                    "operator_rows_scanned": 0,
                                                                    "operator_timing": 0.07193173700000006,
                                                                    "result_set_size": 328714232,
                                                                    "children": [
                                                                        {
                                                                            "operator_name": "PROJECTION",
                                                                            "cpu_time": 1.3662149199999918,
                                                                            "extra_info": {
                                                                                "Projections": [
                                                                                    "#0",
                                                                                    "#1",
                                                                                    "__internal_decompress_integral_smallint(#2, 1)",
                                                                                    "#3",
                                                                                    "#4",
                                                                                    "#5"
                                                                                ],
                                                                                "Estimated Cardinality": "12744093"
                                                                            },
                                                                            "cumulative_cardinality": 62058622,
                                                                            "operator_type": "PROJECTION",
                                                                            "operator_cardinality": 11739794,
                                                                            "cumulative_rows_scanned": 17854919,
                                                                            "operator_rows_scanned": 0,
                                                                            "operator_timing": 0.005253946999999979,
                                                                            "result_set_size": 305234644,
                                                                            "children": [
                                                                                {
                                                                                    "operator_name": "FILTER",
                                                                                    "cpu_time": 1.3609609729999919,
                                                                                    "extra_info": {
                                                                                        "Expression": "(#4 <= 1416539)",
                                                                                        "Estimated Cardinality": "12744093"
                                                                                    },
                                                                                    "cumulative_cardinality": 50318828,
                                                                                    "operator_type": "FILTER",
                                                                                    "operator_cardinality": 11739794,
                                                                                    "cumulative_rows_scanned": 17854919,
                                                                                    "operator_rows_scanned": 0,
                                                                                    "operator_timing": 0.015239870999999903,
                                                                                    "result_set_size": 293494850,
                                                                                    "children": [
                                                                                        {
                                                                                            "operator_name": "HASH_JOIN",
                                                                                            "cpu_time": 1.345721101999992,
                                                                                            "extra_info": {
                                                                                                "Join Type": "RIGHT",
                                                                                                "Conditions": "postid = id",
                                                                                                "Estimated Cardinality": "12744093"
                                                                                            },
                                                                                            "cumulative_cardinality": 38579034,
                                                                                            "operator_type": "HASH_JOIN",
                                                                                            "operator_cardinality": 11739825,
                                                                                            "cumulative_rows_scanned": 17854919,
                                                                                            "operator_rows_scanned": 0,
                                                                                            "operator_timing": 0.7728226069999923,
                                                                                            "result_set_size": 293495625,
                                                                                            "children": [
                                                                                                {
                                                                                                    "operator_name": "READ_PARQUET ",
                                                                                                    "cpu_time": 0.2209952079999999,
                                                                                                    "extra_info": {
                                                                                                        "Function": "READ_PARQUET",
                                                                                                        "Projections": [
                                                                                                            "postid",
                                                                                                            "creationdate"
                                                                                                        ],
                                                                                                        "Estimated Cardinality": "12744093"
                                                                                                    },
                                                                                                    "cumulative_cardinality": 12744093,
                                                                                                    "operator_type": "TABLE_SCAN",
                                                                                                    "operator_cardinality": 12744093,
                                                                                                    "cumulative_rows_scanned": 12744093,
                                                                                                    "operator_rows_scanned": 12744093,
                                                                                                    "operator_timing": 0.2209952079999999,
                                                                                                    "result_set_size": 152929116,
                                                                                                    "children": []
                                                                                                },
                                                                                                {
                                                                                                    "operator_name": "PROJECTION",
                                                                                                    "cpu_time": 0.3519032869999998,
                                                                                                    "extra_info": {
                                                                                                        "Projections": [
                                                                                                            "#0",
                                                                                                            "__internal_compress_integral_utinyint(#1, 1)",
                                                                                                            "#2",
                                                                                                            "#3",
                                                                                                            "#4"
                                                                                                        ],
                                                                                                        "Estimated Cardinality": "3850116"
                                                                                                    },
                                                                                                    "cumulative_cardinality": 14095116,
                                                                                                    "operator_type": "PROJECTION",
                                                                                                    "operator_cardinality": 4574495,
                                                                                                    "cumulative_rows_scanned": 5110826,
                                                                                                    "operator_rows_scanned": 0,
                                                                                                    "operator_timing": 0.0019554630000000023,
                                                                                                    "result_set_size": 77766415,
                                                                                                    "children": [
                                                                                                        {
                                                                                                            "operator_name": "HASH_JOIN",
                                                                                                            "cpu_time": 0.3499478239999998,
                                                                                                            "extra_info": {
                                                                                                                "Join Type": "RIGHT",
                                                                                                                "Conditions": "owneruserid = id",
                                                                                                                "Estimated Cardinality": "3850116"
                                                                                                            },
                                                                                                            "cumulative_cardinality": 9520621,
                                                                                                            "operator_type": "HASH_JOIN",
                                                                                                            "operator_cardinality": 4574495,
                                                                                                            "cumulative_rows_scanned": 5110826,
                                                                                                            "operator_rows_scanned": 0,
                                                                                                            "operator_timing": 0.21259164599999988,
                                                                                                            "result_set_size": 82340910,
                                                                                                            "children": [
                                                                                                                {
                                                                                                                    "operator_name": "READ_PARQUET ",
                                                                                                                    "cpu_time": 0.12360177299999991,
                                                                                                                    "extra_info": {
                                                                                                                        "Function": "READ_PARQUET",
                                                                                                                        "Projections": [
                                                                                                                            "id",
                                                                                                                            "posttypeid",
                                                                                                                            "viewcount",
                                                                                                                            "owneruserid"
                                                                                                                        ],
                                                                                                                        "Estimated Cardinality": "3850116"
                                                                                                                    },
                                                                                                                    "cumulative_cardinality": 3685416,
                                                                                                                    "operator_type": "TABLE_SCAN",
                                                                                                                    "operator_cardinality": 3685416,
                                                                                                                    "cumulative_rows_scanned": 3850116,
                                                                                                                    "operator_rows_scanned": 3850116,
                                                                                                                    "operator_timing": 0.12360177299999991,
                                                                                                                    "result_set_size": 51595824,
                                                                                                                    "children": []
                                                                                                                },
                                                                                                                {
                                                                                                                    "operator_name": "READ_PARQUET ",
                                                                                                                    "cpu_time": 0.013754405000000004,
                                                                                                                    "extra_info": {
                                                                                                                        "Function": "READ_PARQUET",
                                                                                                                        "Projections": [
                                                                                                                            "id",
                                                                                                                            "reputation"
                                                                                                                        ],
                                                                                                                        "Estimated Cardinality": "1260710"
                                                                                                                    },
                                                                                                                    "cumulative_cardinality": 1260710,
                                                                                                                    "operator_type": "TABLE_SCAN",
                                                                                                                    "operator_cardinality": 1260710,
                                                                                                                    "cumulative_rows_scanned": 1260710,
                                                                                                                    "operator_rows_scanned": 1260710,
                                                                                                                    "operator_timing": 0.013754405000000004,
                                                                                                                    "result_set_size": 10085680,
                                                                                                                    "children": []
                                                                                                                }
                                                                                                            ]
                                                                                                        }
                                                                                                    ]
                                                                                                }
                                                                                            ]
                                                                                        }
                                                                                    ]
                                                                                }
                                                                            ]
                                                                        }
                                                                    ]
                                                                }
                                                            ]
                                                        },
                                                        {
                                                            "operator_name": "PROJECTION",
                                                            "cpu_time": 0.10401791299999999,
                                                            "extra_info": {
                                                                "Projections": [
                                                                    "PostId",
                                                                    "title",
                                                                    "creationdate",
                                                                    "viewcount",
                                                                    "score",
                                                                    "answercount",
                                                                    "commentcount",
                                                                    "favoritecount",
                                                                    "lastactivitydate",
                                                                    "owneruserid"
                                                                ],
                                                                "Estimated Cardinality": "770023"
                                                            },
                                                            "cumulative_cardinality": 291084,
                                                            "operator_type": "PROJECTION",
                                                            "operator_cardinality": 145542,
                                                            "cumulative_rows_scanned": 3850116,
                                                            "operator_rows_scanned": 0,
                                                            "operator_timing": 0.00004118700000000002,
                                                            "result_set_size": 8732520,
                                                            "children": [
                                                                {
                                                                    "operator_name": "READ_PARQUET ",
                                                                    "cpu_time": 0.10397672599999999,
                                                                    "extra_info": {
                                                                        "Function": "READ_PARQUET",
                                                                        "Projections": [
                                                                            "id",
                                                                            "creationdate",
                                                                            "score",
                                                                            "viewcount",
                                                                            "owneruserid",
                                                                            "lastactivitydate",
                                                                            "title",
                                                                            "answercount",
                                                                            "commentcount",
                                                                            "favoritecount"
                                                                        ],
                                                                        "Filters": "creationdate>'2023-10-01 12:34:56'::TIMESTAMP",
                                                                        "Estimated Cardinality": "770023"
                                                                    },
                                                                    "cumulative_cardinality": 145542,
                                                                    "operator_type": "TABLE_SCAN",
                                                                    "operator_cardinality": 145542,
                                                                    "cumulative_rows_scanned": 3850116,
                                                                    "operator_rows_scanned": 3850116,
                                                                    "operator_timing": 0.10397672599999999,
                                                                    "result_set_size": 8732520,
                                                                    "children": []
                                                                }
                                                            ]
                                                        }
                                                    ]
                                                }
                                            ]
                                        }
                                    ]
                                }
                            ]
                        }
                    ]
                }
            ]
        }
    ]
}