{
    "rows_returned": 10,
    "query_name": "WITH UserReputation AS (\n    SELECT \n        U.Id AS UserId,\n        U.DisplayName,\n        U.Reputation,\n        RANK() OVER (ORDER BY U.Reputation DESC) AS ReputationRank\n    FROM Users U\n),\nPostStatistics AS (\n    SELECT \n        P.OwnerUserId,\n        COUNT(CASE WHEN P.PostTypeId = 1 THEN 1 END) AS QuestionCount,\n        SUM(COALESCE(P.ViewCount, 0)) AS TotalViews,\n        SUM(COALESCE(P.Score, 0)) AS TotalScore,\n        COUNT(CASE WHEN P.AcceptedAnswerId IS NOT NULL THEN 1 END) AS AcceptedAnswerCount\n    FROM Posts P\n    GROUP BY P.OwnerUserId\n),\nUserBadgeCounts AS (\n    SELECT \n        B.UserId,\n        COUNT(B.Id) AS BadgeCount,\n        SUM(CASE WHEN B.Class = 1 THEN 1 ELSE 0 END) AS GoldBadges,\n        SUM(CASE WHEN B.Class = 2 THEN 1 ELSE 0 END) AS SilverBadges,\n        SUM(CASE WHEN B.Class = 3 THEN 1 ELSE 0 END) AS BronzeBadges\n    FROM Badges B\n    GROUP BY B.UserId\n)\nSELECT \n    UR.UserId,\n    UR.DisplayName,\n    UR.Reputation,\n    PS.QuestionCount,\n    PS.TotalViews,\n    PS.TotalScore,\n    COALESCE(UB.BadgeCount, 0) AS BadgeCount,\n    COALESCE(UB.GoldBadges, 0) AS GoldBadges,\n    COALESCE(UB.SilverBadges, 0) AS SilverBadges,\n    COALESCE(UB.BronzeBadges, 0) AS BronzeBadges\nFROM UserReputation UR\nLEFT JOIN PostStatistics PS ON UR.UserId = PS.OwnerUserId\nLEFT JOIN UserBadgeCounts UB ON UR.UserId = UB.UserId\nWHERE UR.Reputation > (SELECT AVG(Reputation) FROM Users)\nORDER BY UR.Reputation DESC, PS.TotalViews DESC\nLIMIT 10;",
    "blocked_thread_time": 0.0,
    "cpu_time": 0.8842895970000003,
    "extra_info": {},
    "cumulative_cardinality": 23752147,
    "cumulative_rows_scanned": 8693260,
    "result_set_size": 1200,
    "latency": 1.019130685,
    "children": [
        {
            "operator_name": "STREAMING_LIMIT",
            "cpu_time": 0.8842895970000003,
            "extra_info": {},
            "cumulative_cardinality": 23752147,
            "operator_type": "STREAMING_LIMIT",
            "operator_cardinality": 10,
            "cumulative_rows_scanned": 8693260,
            "operator_rows_scanned": 0,
            "operator_timing": 0.000002344,
            "result_set_size": 1200,
            "children": [
                {
                    "operator_name": "ORDER_BY",
                    "cpu_time": 0.8842872530000003,
                    "extra_info": {
                        "Order By": [
                            "UR.Reputation DESC",
                            "PS.TotalViews DESC"
                        ]
                    },
                    "cumulative_cardinality": 23752137,
                    "operator_type": "ORDER_BY",
                    "operator_cardinality": 4096,
                    "cumulative_rows_scanned": 8693260,
                    "operator_rows_scanned": 0,
                    "operator_timing": 0.019975437999999998,
                    "result_set_size": 491520,
                    "children": [
                        {
                            "operator_name": "PROJECTION",
                            "cpu_time": 0.8643118150000003,
                            "extra_info": {
                                "Projections": [
                                    "UserId",
                                    "displayname",
                                    "reputation",
                                    "QuestionCount",
                                    "TotalViews",
                                    "TotalScore",
                                    "BadgeCount",
                                    "GoldBadges",
                                    "SilverBadges",
                                    "BronzeBadges"
                                ],
                                "Estimated Cardinality": "3"
                            },
                            "cumulative_cardinality": 23748041,
                            "operator_type": "PROJECTION",
                            "operator_cardinality": 199012,
                            "cumulative_rows_scanned": 8693260,
                            "operator_rows_scanned": 0,
                            "operator_timing": 0.005725968999999999,
                            "result_set_size": 23881440,
                            "children": [
                                {
                                    "operator_name": "NESTED_LOOP_JOIN",
                                    "cpu_time": 0.8585858460000003,
                                    "extra_info": {
                                        "Join Type": "INNER",
                                        "Conditions": "CAST(reputation AS DOUBLE) > SUBQUERY",
                                        "Estimated Cardinality": "3"
                                    },
                                    "cumulative_cardinality": 23549029,
                                    "operator_type": "NESTED_LOOP_JOIN",
                                    "operator_cardinality": 199012,
                                    "cumulative_rows_scanned": 8693260,
                                    "operator_rows_scanned": 0,
                                    "operator_timing": 0.015904917,
                                    "result_set_size": 27065632,
                                    "children": [
                                        {
                                            "operator_name": "HASH_JOIN",
                                            "cpu_time": 0.8309533500000004,
                                            "extra_info": {
                                                "Join Type": "LEFT",
                                                "Conditions": "UserId = userid",
                                                "Estimated Cardinality": "1925058"
                                            },
                                            "cumulative_cardinality": 20828593,
                                            "operator_type": "HASH_JOIN",
                                            "operator_cardinality": 1260710,
                                            "cumulative_rows_scanned": 7432550,
                                            "operator_rows_scanned": 0,
                                            "operator_timing": 0.08119557799999999,
                                            "result_set_size": 161370880,
                                            "children": [
                                                {
                                                    "operator_name": "HASH_JOIN",
                                                    "cpu_time": 0.5392302160000002,
                                                    "extra_info": {
                                                        "Join Type": "RIGHT",
                                                        "Conditions": "owneruserid = UserId",
                                                        "Estimated Cardinality": "1925058"
                                                    },
                                                    "cumulative_cardinality": 14375414,
                                                    "operator_type": "HASH_JOIN",
                                                    "operator_cardinality": 1260710,
                                                    "cumulative_rows_scanned": 5110826,
                                                    "operator_rows_scanned": 0,
                                                    "operator_timing": 0.11538692700000004,
                                                    "result_set_size": 85728280,
                                                    "children": [
                                                        {
                                                            "operator_name": "HASH_GROUP_BY",
                                                            "cpu_time": 0.26979108800000007,
                                                            "extra_info": {
                                                                "Groups": "#0",
                                                                "Aggregates": [
                                                                    "count(#1)",
                                                                    "sum(#2)",
                                                                    "sum(#3)"
                                                                ],
                                                                "Estimated Cardinality": "1925058"
                                                            },
                                                            "cumulative_cardinality": 8071864,
                                                            "operator_type": "HASH_GROUP_BY",
                                                            "operator_cardinality": 371632,
                                                            "cumulative_rows_scanned": 3850116,
                                                            "operator_rows_scanned": 0,
                                                            "operator_timing": 0.12953687899999983,
                                                            "result_set_size": 16351808,
                                                            "children": [
                                                                {
                                                                    "operator_name": "PROJECTION",
                                                                    "cpu_time": 0.14025420900000024,
                                                                    "extra_info": {
                                                                        "Projections": [
                                                                            "owneruserid",
                                                                            "CASE  WHEN ((posttypeid = 1)) THEN (1) ELSE NULL END",
                                                                            "COALESCE(viewcount, 0)",
                                                                            "score"
                                                                        ],
                                                                        "Estimated Cardinality": "3850116"
                                                                    },
                                                                    "cumulative_cardinality": 7700232,
                                                                    "operator_type": "PROJECTION",
                                                                    "operator_cardinality": 3850116,
                                                                    "cumulative_rows_scanned": 3850116,
                                                                    "operator_rows_scanned": 0,
                                                                    "operator_timing": 0.059701957000000104,
                                                                    "result_set_size": 61601856,
                                                                    "children": [
                                                                        {
                                                                            "operator_name": "READ_PARQUET ",
                                                                            "cpu_time": 0.08055225200000013,
                                                                            "extra_info": {
                                                                                "Function": "READ_PARQUET",
                                                                                "Projections": [
                                                                                    "posttypeid",
                                                                                    "score",
                                                                                    "viewcount",
                                                                                    "owneruserid"
                                                                                ],
                                                                                "Estimated Cardinality": "3850116"
                                                                            },
                                                                            "cumulative_cardinality": 3850116,
                                                                            "operator_type": "TABLE_SCAN",
                                                                            "operator_cardinality": 3850116,
                                                                            "cumulative_rows_scanned": 3850116,
                                                                            "operator_rows_scanned": 3850116,
                                                                            "operator_timing": 0.08055225200000013,
                                                                            "result_set_size": 53901624,
                                                                            "children": []
                                                                        }
                                                                    ]
                                                                }
                                                            ]
                                                        },
                                                        {
                                                            "operator_name": "PROJECTION",
                                                            "cpu_time": 0.15405220100000008,
                                                            "extra_info": {
                                                                "Projections": [
                                                                    "UserId",
                                                                    "displayname",
                                                                    "reputation"
                                                                ],
                                                                "Estimated Cardinality": "1260710"
                                                            },
                                                            "cumulative_cardinality": 5042840,
                                                            "operator_type": "PROJECTION",
                                                            "operator_cardinality": 1260710,
                                                            "cumulative_rows_scanned": 1260710,
                                                            "operator_rows_scanned": 0,
                                                            "operator_timing": 0.00009854299999999956,
                                                            "result_set_size": 30257040,
                                                            "children": [
                                                                {
                                                                    "operator_name": "PROJECTION",
                                                                    "cpu_time": 0.15395365800000008,
                                                                    "extra_info": {
                                                                        "Projections": [
                                                                            "#0",
                                                                            "#1",
                                                                            "#2",
                                                                            "#3"
                                                                        ],
                                                                        "Estimated Cardinality": "1260710"
                                                                    },
                                                                    "cumulative_cardinality": 3782130,
                                                                    "operator_type": "PROJECTION",
                                                                    "operator_cardinality": 1260710,
                                                                    "cumulative_rows_scanned": 1260710,
                                                                    "operator_rows_scanned": 0,
                                                                    "operator_timing": 0.00014875099999999957,
                                                                    "result_set_size": 40342720,
                                                                    "children": [
                                                                        {
                                                                            "operator_name": "WINDOW",
                                                                            "cpu_time": 0.15380490700000007,
                                                                            "extra_info": {
                                                                                "Projections": "RANK() OVER (ORDER BY reputation DESC NULLS LAST)"
                                                                            },
                                                                            "cumulative_cardinality": 2521420,
                                                                            "operator_type": "WINDOW",
                                                                            "operator_cardinality": 1260710,
                                                                            "cumulative_rows_scanned": 1260710,
                                                                            "operator_rows_scanned": 0,
                                                                            "operator_timing": 0.06836146600000002,
                                                                            "result_set_size": 40342720,
                                                                            "children": [
                                                                                {
                                                                                    "operator_name": "READ_PARQUET ",
                                                                                    "cpu_time": 0.08544344100000005,
                                                                                    "extra_info": {
                                                                                        "Function": "READ_PARQUET",
                                                                                        "Projections": [
                                                                                            "id",
                                                                                            "reputation",
                                                                                            "displayname"
                                                                                        ],
                                                                                        "Estimated Cardinality": "1260710"
                                                                                    },
                                                                                    "cumulative_cardinality": 1260710,
                                                                                    "operator_type": "TABLE_SCAN",
                                                                                    "operator_cardinality": 1260710,
                                                                                    "cumulative_rows_scanned": 1260710,
                                                                                    "operator_rows_scanned": 1260710,
                                                                                    "operator_timing": 0.08544344100000005,
                                                                                    "result_set_size": 30257040,
                                                                                    "children": []
                                                                                }
                                                                            ]
                                                                        }
                                                                    ]
                                                                }
                                                            ]
                                                        }
                                                    ]
                                                },
                                                {
                                                    "operator_name": "HASH_GROUP_BY",
                                                    "cpu_time": 0.21052755600000012,
                                                    "extra_info": {
                                                        "Groups": "#0",
                                                        "Aggregates": [
                                                            "count_star()",
                                                            "sum(#1)",
                                                            "sum(#2)",
                                                            "sum(#3)"
                                                        ],
                                                        "Estimated Cardinality": "1160862"
                                                    },
                                                    "cumulative_cardinality": 5192469,
                                                    "operator_type": "HASH_GROUP_BY",
                                                    "operator_cardinality": 549021,
                                                    "cumulative_rows_scanned": 2321724,
                                                    "operator_rows_scanned": 0,
                                                    "operator_timing": 0.16428344100000006,
                                                    "result_set_size": 32941260,
                                                    "children": [
                                                        {
                                                            "operator_name": "PROJECTION",
                                                            "cpu_time": 0.04624411500000005,
                                                            "extra_info": {
                                                                "Projections": [
                                                                    "userid",
                                                                    "CASE  WHEN ((class = 1)) THEN (1) ELSE 0 END",
                                                                    "CASE  WHEN ((class = 2)) THEN (1) ELSE 0 END",
                                                                    "CASE  WHEN ((class = 3)) THEN (1) ELSE 0 END"
                                                                ],
                                                                "Estimated Cardinality": "2321724"
                                                            },
                                                            "cumulative_cardinality": 4643448,
                                                            "operator_type": "PROJECTION",
                                                            "operator_cardinality": 2321724,
                                                            "cumulative_rows_scanned": 2321724,
                                                            "operator_rows_scanned": 0,
                                                            "operator_timing": 0.01322907099999998,
                                                            "result_set_size": 37147584,
                                                            "children": [
                                                                {
                                                                    "operator_name": "READ_PARQUET ",
                                                                    "cpu_time": 0.03301504400000007,
                                                                    "extra_info": {
                                                                        "Function": "READ_PARQUET",
                                                                        "Projections": [
                                                                            "id",
                                                                            "userid",
                                                                            "class"
                                                                        ],
                                                                        "Estimated Cardinality": "2321724"
                                                                    },
                                                                    "cumulative_cardinality": 2321724,
                                                                    "operator_type": "TABLE_SCAN",
                                                                    "operator_cardinality": 2321724,
                                                                    "cumulative_rows_scanned": 2321724,
                                                                    "operator_rows_scanned": 2321724,
                                                                    "operator_timing": 0.03301504400000007,
                                                                    "result_set_size": 23217240,
                                                                    "children": []
                                                                }
                                                            ]
                                                        }
                                                    ]
                                                }
                                            ]
                                        },
                                        {
                                            "operator_name": "PROJECTION",
                                            "cpu_time": 0.011727578999999995,
                                            "extra_info": {
                                                "Projections": [
                                                    "CASE  WHEN ((#1 > 1)) THEN (error('More than one row returned by a subquery used as an expression - scalar subqueries can only return a single row.",
                                                    "Use \"SET scalar_subquery_error_on_multiple_rows=false\" to revert to previous behavior of returning a random row.')) ELSE #0 END"
                                                ],
                                                "Estimated Cardinality": "1"
                                            },
                                            "cumulative_cardinality": 2521424,
                                            "operator_type": "PROJECTION",
                                            "operator_cardinality": 1,
                                            "cumulative_rows_scanned": 1260710,
                                            "operator_rows_scanned": 0,
                                            "operator_timing": 0.000003065,
                                            "result_set_size": 8,
                                            "children": [
                                                {
                                                    "operator_name": "UNGROUPED_AGGREGATE",
                                                    "cpu_time": 0.011724513999999995,
                                                    "extra_info": {
                                                        "Aggregates": [
                                                            "\"first\"(#0)",
                                                            "count_star()"
                                                        ]
                                                    },
                                                    "cumulative_cardinality": 2521423,
                                                    "operator_type": "UNGROUPED_AGGREGATE",
                                                    "operator_cardinality": 1,
                                                    "cumulative_rows_scanned": 1260710,
                                                    "operator_rows_scanned": 0,
                                                    "operator_timing": 0.000002435,
                                                    "result_set_size": 16,
                                                    "children": [
                                                        {
                                                            "operator_name": "PROJECTION",
                                                            "cpu_time": 0.011722078999999995,
                                                            "extra_info": {
                                                                "Projections": "#0",
                                                                "Estimated Cardinality": "1"
                                                            },
                                                            "cumulative_cardinality": 2521422,
                                                            "operator_type": "PROJECTION",
                                                            "operator_cardinality": 1,
                                                            "cumulative_rows_scanned": 1260710,
                                                            "operator_rows_scanned": 0,
                                                            "operator_timing": 1.8e-7,
                                                            "result_set_size": 8,
                                                            "children": [
                                                                {
                                                                    "operator_name": "UNGROUPED_AGGREGATE",
                                                                    "cpu_time": 0.011721898999999994,
                                                                    "extra_info": {
                                                                        "Aggregates": "avg(#0)"
                                                                    },
                                                                    "cumulative_cardinality": 2521421,
                                                                    "operator_type": "UNGROUPED_AGGREGATE",
                                                                    "operator_cardinality": 1,
                                                                    "cumulative_rows_scanned": 1260710,
                                                                    "operator_rows_scanned": 0,
                                                                    "operator_timing": 0.004820341999999991,
                                                                    "result_set_size": 8,
                                                                    "children": [
                                                                        {
                                                                            "operator_name": "PROJECTION",
                                                                            "cpu_time": 0.006901557000000002,
                                                                            "extra_info": {
                                                                                "Projections": "reputation",
                                                                                "Estimated Cardinality": "1260710"
                                                                            },
                                                                            "cumulative_cardinality": 2521420,
                                                                            "operator_type": "PROJECTION",
                                                                            "operator_cardinality": 1260710,
                                                                            "cumulative_rows_scanned": 1260710,
                                                                            "operator_rows_scanned": 0,
                                                                            "operator_timing": 0.00004898699999999979,
                                                                            "result_set_size": 5042840,
                                                                            "children": [
                                                                                {
                                                                                    "operator_name": "READ_PARQUET ",
                                                                                    "cpu_time": 0.006852570000000002,
                                                                                    "extra_info": {
                                                                                        "Function": "READ_PARQUET",
                                                                                        "Projections": "reputation",
                                                                                        "Estimated Cardinality": "1260710"
                                                                                    },
                                                                                    "cumulative_cardinality": 1260710,
                                                                                    "operator_type": "TABLE_SCAN",
                                                                                    "operator_cardinality": 1260710,
                                                                                    "cumulative_rows_scanned": 1260710,
                                                                                    "operator_rows_scanned": 1260710,
                                                                                    "operator_timing": 0.006852570000000002,
                                                                                    "result_set_size": 5042840,
                                                                                    "children": []
                                                                                }
                                                                            ]
                                                                        }
                                                                    ]
                                                                }
                                                            ]
                                                        }
                                                    ]
                                                }
                                            ]
                                        }
                                    ]
                                }
                            ]
                        }
                    ]
                }
            ]
        }
    ]
}