{
    "rows_returned": 3729280,
    "query_name": "SELECT \n    ph.PostId,\n    COUNT(ph.Id) AS HistoryCount,\n    MIN(ph.CreationDate) AS FirstEditDate,\n    MAX(ph.CreationDate) AS LastEditDate,\n    STRING_AGG(DISTINCT p.Tags, ', ') AS TagsUsed,\n    SUM(CASE WHEN ph.PostHistoryTypeId IN (10, 11) THEN 1 ELSE 0 END) AS CloseReopenCount,\n    AVG(u.Reputation) AS AverageUserReputation\nFROM \n    PostHistory ph\nJOIN \n    Posts p ON ph.PostId = p.Id\nJOIN \n    Users u ON ph.UserId = u.Id\nGROUP BY \n    ph.PostId\nORDER BY \n    HistoryCount DESC;\n",
    "blocked_thread_time": 0.0,
    "cpu_time": 5.593809662000007,
    "extra_info": {},
    "cumulative_cardinality": 56468303,
    "cumulative_rows_scanned": 16906070,
    "result_set_size": 253591040,
    "latency": 11.450562004,
    "children": [
        {
            "operator_name": "ORDER_BY",
            "cpu_time": 5.593809662000007,
            "extra_info": {
                "Order By": "count(ph.Id) DESC"
            },
            "cumulative_cardinality": 56468303,
            "operator_type": "ORDER_BY",
            "operator_cardinality": 3729280,
            "cumulative_rows_scanned": 16906070,
            "operator_rows_scanned": 0,
            "operator_timing": 0.22290067300000005,
            "result_set_size": 253591040,
            "children": [
                {
                    "operator_name": "HASH_GROUP_BY",
                    "cpu_time": 5.370908989000007,
                    "extra_info": {
                        "Groups": "#0",
                        "Aggregates": [
                            "count_star()",
                            "min(#1)",
                            "max(#2)",
                            "string_agg(DISTINCT #3)",
                            "sum(#4)",
                            "avg(#5)"
                        ],
                        "Estimated Cardinality": "5897622"
                    },
                    "cumulative_cardinality": 52739023,
                    "operator_type": "HASH_GROUP_BY",
                    "operator_cardinality": 3729280,
                    "cumulative_rows_scanned": 16906070,
                    "operator_rows_scanned": 0,
                    "operator_timing": 3.2260979699999974,
                    "result_set_size": 253591040,
                    "children": [
                        {
                            "operator_name": "PROJECTION",
                            "cpu_time": 2.14481101900001,
                            "extra_info": {
                                "Projections": [
                                    "postid",
                                    "creationdate",
                                    "creationdate",
                                    "tags",
                                    "CASE  WHEN ((posthistorytypeid IN (10, 11))) THEN (1) ELSE 0 END",
                                    "reputation"
                                ],
                                "Estimated Cardinality": "11795244"
                            },
                            "cumulative_cardinality": 49009743,
                            "operator_type": "PROJECTION",
                            "operator_cardinality": 10974737,
                            "cumulative_rows_scanned": 16906070,
                            "operator_rows_scanned": 0,
                            "operator_timing": 0.09823861999999993,
                            "result_set_size": 482888428,
                            "children": [
                                {
                                    "operator_name": "HASH_JOIN",
                                    "cpu_time": 2.0465723990000098,
                                    "extra_info": {
                                        "Join Type": "INNER",
                                        "Conditions": "userid = id",
                                        "Estimated Cardinality": "11795244"
                                    },
                                    "cumulative_cardinality": 38035006,
                                    "operator_type": "HASH_JOIN",
                                    "operator_cardinality": 10974737,
                                    "cumulative_rows_scanned": 16906070,
                                    "operator_rows_scanned": 0,
                                    "operator_timing": 0.4101733109999997,
                                    "result_set_size": 373141058,
                                    "children": [
                                        {
                                            "operator_name": "HASH_JOIN",
                                            "cpu_time": 1.61801331200001,
                                            "extra_info": {
                                                "Join Type": "INNER",
                                                "Conditions": "postid = id",
                                                "Estimated Cardinality": "11795244"
                                            },
                                            "cumulative_cardinality": 25799590,
                                            "operator_type": "HASH_JOIN",
                                            "operator_cardinality": 10974737,
                                            "cumulative_rows_scanned": 15645360,
                                            "operator_rows_scanned": 0,
                                            "operator_timing": 0.812449013000009,
                                            "result_set_size": 373141058,
                                            "children": [
                                                {
                                                    "operator_name": "READ_PARQUET ",
                                                    "cpu_time": 0.6161109690000002,
                                                    "extra_info": {
                                                        "Function": "READ_PARQUET",
                                                        "Projections": [
                                                            "id",
                                                            "posthistorytypeid",
                                                            "postid",
                                                            "creationdate",
                                                            "userid"
                                                        ],
                                                        "Estimated Cardinality": "11795244"
                                                    },
                                                    "cumulative_cardinality": 10974737,
                                                    "operator_type": "TABLE_SCAN",
                                                    "operator_cardinality": 10974737,
                                                    "cumulative_rows_scanned": 11795244,
                                                    "operator_rows_scanned": 11795244,
                                                    "operator_timing": 0.6161109690000002,
                                                    "result_set_size": 241444214,
                                                    "children": []
                                                },
                                                {
                                                    "operator_name": "READ_PARQUET ",
                                                    "cpu_time": 0.18945333000000075,
                                                    "extra_info": {
                                                        "Function": "READ_PARQUET",
                                                        "Projections": [
                                                            "id",
                                                            "tags"
                                                        ],
                                                        "Estimated Cardinality": "3850116"
                                                    },
                                                    "cumulative_cardinality": 3850116,
                                                    "operator_type": "TABLE_SCAN",
                                                    "operator_cardinality": 3850116,
                                                    "cumulative_rows_scanned": 3850116,
                                                    "operator_rows_scanned": 3850116,
                                                    "operator_timing": 0.18945333000000075,
                                                    "result_set_size": 77002320,
                                                    "children": []
                                                }
                                            ]
                                        },
                                        {
                                            "operator_name": "READ_PARQUET ",
                                            "cpu_time": 0.018385776000000006,
                                            "extra_info": {
                                                "Function": "READ_PARQUET",
                                                "Projections": [
                                                    "id",
                                                    "reputation"
                                                ],
                                                "Filters": "id<=1416539",
                                                "Estimated Cardinality": "1260710"
                                            },
                                            "cumulative_cardinality": 1260679,
                                            "operator_type": "TABLE_SCAN",
                                            "operator_cardinality": 1260679,
                                            "cumulative_rows_scanned": 1260710,
                                            "operator_rows_scanned": 1260710,
                                            "operator_timing": 0.018385776000000006,
                                            "result_set_size": 10085432,
                                            "children": []
                                        }
                                    ]
                                }
                            ]
                        }
                    ]
                }
            ]
        }
    ]
}