{
    "rows_returned": 10,
    "query_name": "WITH UserPostStats AS (\n    SELECT \n        u.Id AS UserId,\n        u.DisplayName,\n        COUNT(p.Id) AS TotalPosts,\n        SUM(CASE WHEN p.PostTypeId = 1 THEN 1 ELSE 0 END) AS TotalQuestions,\n        SUM(CASE WHEN p.PostTypeId = 2 THEN 1 ELSE 0 END) AS TotalAnswers,\n        SUM(p.Score) AS TotalScore,\n        AVG(p.ViewCount) AS AvgViewCount,\n        COUNT(DISTINCT c.Id) AS TotalComments\n    FROM \n        Users u\n    LEFT JOIN \n        Posts p ON u.Id = p.OwnerUserId\n    LEFT JOIN \n        Comments c ON p.Id = c.PostId\n    GROUP BY \n        u.Id, u.DisplayName\n)\nSELECT \n    UserId,\n    DisplayName,\n    TotalPosts,\n    TotalQuestions,\n    TotalAnswers,\n    TotalScore,\n    AvgViewCount,\n    TotalComments\nFROM \n    UserPostStats\nWHERE \n    TotalPosts > 0\nORDER BY \n    TotalScore DESC\nLIMIT 10;",
    "blocked_thread_time": 0.0,
    "cpu_time": 3.905087054999998,
    "extra_info": {},
    "cumulative_cardinality": 51249915,
    "cumulative_rows_scanned": 12352648,
    "result_set_size": 920,
    "latency": 5.300248838,
    "children": [
        {
            "operator_name": "STREAMING_LIMIT",
            "cpu_time": 3.905087054999998,
            "extra_info": {},
            "cumulative_cardinality": 51249915,
            "operator_type": "STREAMING_LIMIT",
            "operator_cardinality": 10,
            "cumulative_rows_scanned": 12352648,
            "operator_rows_scanned": 0,
            "operator_timing": 0.000001613,
            "result_set_size": 920,
            "children": [
                {
                    "operator_name": "ORDER_BY",
                    "cpu_time": 3.905085441999998,
                    "extra_info": {
                        "Order By": "UserPostStats.TotalScore DESC"
                    },
                    "cumulative_cardinality": 51249905,
                    "operator_type": "ORDER_BY",
                    "operator_cardinality": 4096,
                    "cumulative_rows_scanned": 12352648,
                    "operator_rows_scanned": 0,
                    "operator_timing": 0.01895761600000002,
                    "result_set_size": 376832,
                    "children": [
                        {
                            "operator_name": "FILTER",
                            "cpu_time": 3.886127825999998,
                            "extra_info": {
                                "Expression": "(TotalPosts > 0)",
                                "Estimated Cardinality": "252142"
                            },
                            "cumulative_cardinality": 51245809,
                            "operator_type": "FILTER",
                            "operator_cardinality": 371631,
                            "cumulative_rows_scanned": 12352648,
                            "operator_rows_scanned": 0,
                            "operator_timing": 0.004143518999999998,
                            "result_set_size": 34190052,
                            "children": [
                                {
                                    "operator_name": "HASH_GROUP_BY",
                                    "cpu_time": 3.881984306999998,
                                    "extra_info": {
                                        "Groups": [
                                            "#0",
                                            "#1"
                                        ],
                                        "Aggregates": [
                                            "count(#2)",
                                            "sum(#3)",
                                            "sum(#4)",
                                            "sum(#5)",
                                            "avg(#6)",
                                            "count(DISTINCT #7)"
                                        ],
                                        "Estimated Cardinality": "1260710"
                                    },
                                    "cumulative_cardinality": 50874178,
                                    "operator_type": "HASH_GROUP_BY",
                                    "operator_cardinality": 1260710,
                                    "cumulative_rows_scanned": 12352648,
                                    "operator_rows_scanned": 0,
                                    "operator_timing": 2.4162042209999983,
                                    "result_set_size": 115985320,
                                    "children": [
                                        {
                                            "operator_name": "PROJECTION",
                                            "cpu_time": 1.4657800859999994,
                                            "extra_info": {
                                                "Projections": [
                                                    "id",
                                                    "displayname",
                                                    "id",
                                                    "CASE  WHEN ((posttypeid = 1)) THEN (1) ELSE 0 END",
                                                    "CASE  WHEN ((posttypeid = 2)) THEN (1) ELSE 0 END",
                                                    "score",
                                                    "viewcount",
                                                    "id"
                                                ],
                                                "Estimated Cardinality": "7241822"
                                            },
                                            "cumulative_cardinality": 49613468,
                                            "operator_type": "PROJECTION",
                                            "operator_cardinality": 9425510,
                                            "cumulative_rows_scanned": 12352648,
                                            "operator_rows_scanned": 0,
                                            "operator_timing": 0.039499486000000014,
                                            "result_set_size": 414722440,
                                            "children": [
                                                {
                                                    "operator_name": "PROJECTION",
                                                    "cpu_time": 1.4262805999999995,
                                                    "extra_info": {
                                                        "Projections": [
                                                            "#0",
                                                            "#1",
                                                            "__internal_decompress_integral_smallint(#2, 1)",
                                                            "__internal_decompress_integral_integer(#3, -72)",
                                                            "#4",
                                                            "#5",
                                                            "#6"
                                                        ],
                                                        "Estimated Cardinality": "7241822"
                                                    },
                                                    "cumulative_cardinality": 40187958,
                                                    "operator_type": "PROJECTION",
                                                    "operator_cardinality": 9425510,
                                                    "cumulative_rows_scanned": 12352648,
                                                    "operator_rows_scanned": 0,
                                                    "operator_timing": 0.007433309999999983,
                                                    "result_set_size": 358169380,
                                                    "children": [
                                                        {
                                                            "operator_name": "HASH_JOIN",
                                                            "cpu_time": 1.4188472899999995,
                                                            "extra_info": {
                                                                "Join Type": "RIGHT",
                                                                "Conditions": "postid = id",
                                                                "Estimated Cardinality": "7241822"
                                                            },
                                                            "cumulative_cardinality": 30762448,
                                                            "operator_type": "HASH_JOIN",
                                                            "operator_cardinality": 9425510,
                                                            "cumulative_rows_scanned": 12352648,
                                                            "operator_rows_scanned": 0,
                                                            "operator_timing": 0.7783791109999998,
                                                            "result_set_size": 329892850,
                                                            "children": [
                                                                {
                                                                    "operator_name": "READ_PARQUET ",
                                                                    "cpu_time": 0.12615240099999983,
                                                                    "extra_info": {
                                                                        "Function": "READ_PARQUET",
                                                                        "Projections": [
                                                                            "id",
                                                                            "postid"
                                                                        ],
                                                                        "Estimated Cardinality": "7241822"
                                                                    },
                                                                    "cumulative_cardinality": 7241822,
                                                                    "operator_type": "TABLE_SCAN",
                                                                    "operator_cardinality": 7241822,
                                                                    "cumulative_rows_scanned": 7241822,
                                                                    "operator_rows_scanned": 7241822,
                                                                    "operator_timing": 0.12615240099999983,
                                                                    "result_set_size": 57934576,
                                                                    "children": []
                                                                },
                                                                {
                                                                    "operator_name": "PROJECTION",
                                                                    "cpu_time": 0.5143157780000001,
                                                                    "extra_info": {
                                                                        "Projections": [
                                                                            "#0",
                                                                            "__internal_compress_integral_utinyint(#1, 1)",
                                                                            "__internal_compress_integral_usmallint(#2, -72)",
                                                                            "#3",
                                                                            "#4",
                                                                            "#5"
                                                                        ],
                                                                        "Estimated Cardinality": "3850116"
                                                                    },
                                                                    "cumulative_cardinality": 14095116,
                                                                    "operator_type": "PROJECTION",
                                                                    "operator_cardinality": 4574495,
                                                                    "cumulative_rows_scanned": 5110826,
                                                                    "operator_rows_scanned": 0,
                                                                    "operator_timing": 0.0040803570000000015,
                                                                    "result_set_size": 141809345,
                                                                    "children": [
                                                                        {
                                                                            "operator_name": "HASH_JOIN",
                                                                            "cpu_time": 0.5102354210000001,
                                                                            "extra_info": {
                                                                                "Join Type": "RIGHT",
                                                                                "Conditions": "owneruserid = id",
                                                                                "Estimated Cardinality": "3850116"
                                                                            },
                                                                            "cumulative_cardinality": 9520621,
                                                                            "operator_type": "HASH_JOIN",
                                                                            "operator_cardinality": 4574495,
                                                                            "cumulative_rows_scanned": 5110826,
                                                                            "operator_rows_scanned": 0,
                                                                            "operator_timing": 0.26154573700000006,
                                                                            "result_set_size": 155532830,
                                                                            "children": [
                                                                                {
                                                                                    "operator_name": "READ_PARQUET ",
                                                                                    "cpu_time": 0.16981230899999994,
                                                                                    "extra_info": {
                                                                                        "Function": "READ_PARQUET",
                                                                                        "Projections": [
                                                                                            "id",
                                                                                            "posttypeid",
                                                                                            "score",
                                                                                            "viewcount",
                                                                                            "owneruserid"
                                                                                        ],
                                                                                        "Estimated Cardinality": "3850116"
                                                                                    },
                                                                                    "cumulative_cardinality": 3685416,
                                                                                    "operator_type": "TABLE_SCAN",
                                                                                    "operator_cardinality": 3685416,
                                                                                    "cumulative_rows_scanned": 3850116,
                                                                                    "operator_rows_scanned": 3850116,
                                                                                    "operator_timing": 0.16981230899999994,
                                                                                    "result_set_size": 66337488,
                                                                                    "children": []
                                                                                },
                                                                                {
                                                                                    "operator_name": "READ_PARQUET ",
                                                                                    "cpu_time": 0.07887737500000004,
                                                                                    "extra_info": {
                                                                                        "Function": "READ_PARQUET",
                                                                                        "Projections": [
                                                                                            "id",
                                                                                            "displayname"
                                                                                        ],
                                                                                        "Estimated Cardinality": "1260710"
                                                                                    },
                                                                                    "cumulative_cardinality": 1260710,
                                                                                    "operator_type": "TABLE_SCAN",
                                                                                    "operator_cardinality": 1260710,
                                                                                    "cumulative_rows_scanned": 1260710,
                                                                                    "operator_rows_scanned": 1260710,
                                                                                    "operator_timing": 0.07887737500000004,
                                                                                    "result_set_size": 25214200,
                                                                                    "children": []
                                                                                }
                                                                            ]
                                                                        }
                                                                    ]
                                                                }
                                                            ]
                                                        }
                                                    ]
                                                }
                                            ]
                                        }
                                    ]
                                }
                            ]
                        }
                    ]
                }
            ]
        }
    ]
}