{
    "rows_returned": 20,
    "query_name": "\nWITH UserPostCounts AS (\n    SELECT \n        u.Id AS UserId, \n        u.DisplayName, \n        COUNT(p.Id) AS PostCount\n    FROM \n        Users u\n    LEFT JOIN \n        Posts p ON u.Id = p.OwnerUserId\n    GROUP BY \n        u.Id, u.DisplayName\n),\nTopUsers AS (\n    SELECT \n        UserId, \n        DisplayName, \n        PostCount\n    FROM \n        UserPostCounts\n    ORDER BY \n        PostCount DESC\n    LIMIT 10\n),\nRecentPosts AS (\n    SELECT \n        p.Id AS PostId, \n        p.Title, \n        p.CreationDate, \n        u.DisplayName AS Author\n    FROM \n        Posts p\n    JOIN \n        Users u ON p.OwnerUserId = u.Id\n    ORDER BY \n        p.CreationDate DESC\n    LIMIT 10\n)\n\nSELECT \n    u.DisplayName AS TopUser, \n    u.PostCount, \n    r.PostId, \n    r.Title AS RecentPostTitle, \n    r.CreationDate AS RecentPostDate, \n    r.Author\nFROM \n    TopUsers u\nFULL OUTER JOIN \n    RecentPosts r ON u.DisplayName = r.Author\nORDER BY \n    u.PostCount DESC, \n    r.CreationDate DESC;\n",
    "blocked_thread_time": 0.0,
    "cpu_time": 1.7605690909999985,
    "extra_info": {},
    "cumulative_cardinality": 28941735,
    "cumulative_rows_scanned": 10221652,
    "result_set_size": 1360,
    "latency": 2.355957259,
    "children": [
        {
            "operator_name": "ORDER_BY",
            "cpu_time": 1.7605690909999985,
            "extra_info": {
                "Order By": [
                    "u.PostCount DESC",
                    "r.CreationDate DESC"
                ]
            },
            "cumulative_cardinality": 28941735,
            "operator_type": "ORDER_BY",
            "operator_cardinality": 20,
            "cumulative_rows_scanned": 10221652,
            "operator_rows_scanned": 0,
            "operator_timing": 0.000099517,
            "result_set_size": 1360,
            "children": [
                {
                    "operator_name": "PROJECTION",
                    "cpu_time": 1.7604695739999985,
                    "extra_info": {
                        "Projections": [
                            "TopUser",
                            "PostCount",
                            "PostId",
                            "RecentPostTitle",
                            "RecentPostDate",
                            "Author"
                        ],
                        "Estimated Cardinality": "10"
                    },
                    "cumulative_cardinality": 28941715,
                    "operator_type": "PROJECTION",
                    "operator_cardinality": 20,
                    "cumulative_rows_scanned": 10221652,
                    "operator_rows_scanned": 0,
                    "operator_timing": 0.000002225,
                    "result_set_size": 1360,
                    "children": [
                        {
                            "operator_name": "HASH_JOIN",
                            "cpu_time": 1.7604673489999985,
                            "extra_info": {
                                "Join Type": "FULL",
                                "Conditions": "Author = displayname",
                                "Estimated Cardinality": "10"
                            },
                            "cumulative_cardinality": 28941695,
                            "operator_type": "HASH_JOIN",
                            "operator_cardinality": 20,
                            "cumulative_rows_scanned": 10221652,
                            "operator_rows_scanned": 0,
                            "operator_timing": 0.000248475,
                            "result_set_size": 1360,
                            "children": [
                                {
                                    "operator_name": "STREAMING_LIMIT",
                                    "cpu_time": 0.9441069499999988,
                                    "extra_info": {},
                                    "cumulative_cardinality": 12321033,
                                    "operator_type": "STREAMING_LIMIT",
                                    "operator_cardinality": 10,
                                    "cumulative_rows_scanned": 5110826,
                                    "operator_rows_scanned": 0,
                                    "operator_timing": 0.0000031060000000000004,
                                    "result_set_size": 440,
                                    "children": [
                                        {
                                            "operator_name": "ORDER_BY",
                                            "cpu_time": 0.9441038439999988,
                                            "extra_info": {
                                                "Order By": "p.CreationDate DESC"
                                            },
                                            "cumulative_cardinality": 12321023,
                                            "operator_type": "ORDER_BY",
                                            "operator_cardinality": 4096,
                                            "cumulative_rows_scanned": 5110826,
                                            "operator_rows_scanned": 0,
                                            "operator_timing": 0.2125638519999998,
                                            "result_set_size": 180224,
                                            "children": [
                                                {
                                                    "operator_name": "PROJECTION",
                                                    "cpu_time": 0.731539991999999,
                                                    "extra_info": {
                                                        "Projections": [
                                                            "PostId",
                                                            "title",
                                                            "creationdate",
                                                            "Author"
                                                        ],
                                                        "Estimated Cardinality": "3850116"
                                                    },
                                                    "cumulative_cardinality": 12316927,
                                                    "operator_type": "PROJECTION",
                                                    "operator_cardinality": 3685416,
                                                    "cumulative_rows_scanned": 5110826,
                                                    "operator_rows_scanned": 0,
                                                    "operator_timing": 0.000630206999999997,
                                                    "result_set_size": 162158304,
                                                    "children": [
                                                        {
                                                            "operator_name": "HASH_JOIN",
                                                            "cpu_time": 0.7309097849999989,
                                                            "extra_info": {
                                                                "Join Type": "INNER",
                                                                "Conditions": "owneruserid = id",
                                                                "Estimated Cardinality": "3850116"
                                                            },
                                                            "cumulative_cardinality": 8631511,
                                                            "operator_type": "HASH_JOIN",
                                                            "operator_cardinality": 3685416,
                                                            "cumulative_rows_scanned": 5110826,
                                                            "operator_rows_scanned": 0,
                                                            "operator_timing": 0.23581765999999962,
                                                            "result_set_size": 162158304,
                                                            "children": [
                                                                {
                                                                    "operator_name": "READ_PARQUET ",
                                                                    "cpu_time": 0.4113722239999994,
                                                                    "extra_info": {
                                                                        "Function": "READ_PARQUET",
                                                                        "Projections": [
                                                                            "id",
                                                                            "creationdate",
                                                                            "owneruserid",
                                                                            "title"
                                                                        ],
                                                                        "Estimated Cardinality": "3850116"
                                                                    },
                                                                    "cumulative_cardinality": 3685416,
                                                                    "operator_type": "TABLE_SCAN",
                                                                    "operator_cardinality": 3685416,
                                                                    "cumulative_rows_scanned": 3850116,
                                                                    "operator_rows_scanned": 3850116,
                                                                    "operator_timing": 0.4113722239999994,
                                                                    "result_set_size": 117933312,
                                                                    "children": []
                                                                },
                                                                {
                                                                    "operator_name": "READ_PARQUET ",
                                                                    "cpu_time": 0.0837199009999999,
                                                                    "extra_info": {
                                                                        "Function": "READ_PARQUET",
                                                                        "Projections": [
                                                                            "id",
                                                                            "displayname"
                                                                        ],
                                                                        "Filters": "id<=1416539",
                                                                        "Estimated Cardinality": "1260710"
                                                                    },
                                                                    "cumulative_cardinality": 1260679,
                                                                    "operator_type": "TABLE_SCAN",
                                                                    "operator_cardinality": 1260679,
                                                                    "cumulative_rows_scanned": 1260710,
                                                                    "operator_rows_scanned": 1260710,
                                                                    "operator_timing": 0.0837199009999999,
                                                                    "result_set_size": 25213580,
                                                                    "children": []
                                                                }
                                                            ]
                                                        }
                                                    ]
                                                }
                                            ]
                                        }
                                    ]
                                },
                                {
                                    "operator_name": "STREAMING_LIMIT",
                                    "cpu_time": 0.8161119239999997,
                                    "extra_info": {},
                                    "cumulative_cardinality": 16620642,
                                    "operator_type": "STREAMING_LIMIT",
                                    "operator_cardinality": 10,
                                    "cumulative_rows_scanned": 5110826,
                                    "operator_rows_scanned": 0,
                                    "operator_timing": 0.000002094,
                                    "result_set_size": 240,
                                    "children": [
                                        {
                                            "operator_name": "ORDER_BY",
                                            "cpu_time": 0.8161098299999997,
                                            "extra_info": {
                                                "Order By": "UserPostCounts.PostCount DESC"
                                            },
                                            "cumulative_cardinality": 16620632,
                                            "operator_type": "ORDER_BY",
                                            "operator_cardinality": 4096,
                                            "cumulative_rows_scanned": 5110826,
                                            "operator_rows_scanned": 0,
                                            "operator_timing": 0.034974650000000024,
                                            "result_set_size": 98304,
                                            "children": [
                                                {
                                                    "operator_name": "PROJECTION",
                                                    "cpu_time": 0.7811351799999997,
                                                    "extra_info": {
                                                        "Projections": [
                                                            "displayname",
                                                            "PostCount"
                                                        ],
                                                        "Estimated Cardinality": "1260710"
                                                    },
                                                    "cumulative_cardinality": 16616536,
                                                    "operator_type": "PROJECTION",
                                                    "operator_cardinality": 1260710,
                                                    "cumulative_rows_scanned": 5110826,
                                                    "operator_rows_scanned": 0,
                                                    "operator_timing": 0.00008942399999999977,
                                                    "result_set_size": 30257040,
                                                    "children": [
                                                        {
                                                            "operator_name": "HASH_GROUP_BY",
                                                            "cpu_time": 0.7810457559999997,
                                                            "extra_info": {
                                                                "Groups": [
                                                                    "#0",
                                                                    "#1"
                                                                ],
                                                                "Aggregates": "count(#2)",
                                                                "Estimated Cardinality": "1260710"
                                                            },
                                                            "cumulative_cardinality": 15355826,
                                                            "operator_type": "HASH_GROUP_BY",
                                                            "operator_cardinality": 1260710,
                                                            "cumulative_rows_scanned": 5110826,
                                                            "operator_rows_scanned": 0,
                                                            "operator_timing": 0.357887744,
                                                            "result_set_size": 35299880,
                                                            "children": [
                                                                {
                                                                    "operator_name": "PROJECTION",
                                                                    "cpu_time": 0.42315801199999975,
                                                                    "extra_info": {
                                                                        "Projections": [
                                                                            "id",
                                                                            "displayname",
                                                                            "id"
                                                                        ],
                                                                        "Estimated Cardinality": "3850116"
                                                                    },
                                                                    "cumulative_cardinality": 14095116,
                                                                    "operator_type": "PROJECTION",
                                                                    "operator_cardinality": 4574495,
                                                                    "cumulative_rows_scanned": 5110826,
                                                                    "operator_rows_scanned": 0,
                                                                    "operator_timing": 0.0007173950000000007,
                                                                    "result_set_size": 109787880,
                                                                    "children": [
                                                                        {
                                                                            "operator_name": "HASH_JOIN",
                                                                            "cpu_time": 0.42244061699999974,
                                                                            "extra_info": {
                                                                                "Join Type": "RIGHT",
                                                                                "Conditions": "owneruserid = id",
                                                                                "Estimated Cardinality": "3850116"
                                                                            },
                                                                            "cumulative_cardinality": 9520621,
                                                                            "operator_type": "HASH_JOIN",
                                                                            "operator_cardinality": 4574495,
                                                                            "cumulative_rows_scanned": 5110826,
                                                                            "operator_rows_scanned": 0,
                                                                            "operator_timing": 0.24533626800000002,
                                                                            "result_set_size": 109787880,
                                                                            "children": [
                                                                                {
                                                                                    "operator_name": "READ_PARQUET ",
                                                                                    "cpu_time": 0.09313869999999974,
                                                                                    "extra_info": {
                                                                                        "Function": "READ_PARQUET",
                                                                                        "Projections": [
                                                                                            "id",
                                                                                            "owneruserid"
                                                                                        ],
                                                                                        "Estimated Cardinality": "3850116"
                                                                                    },
                                                                                    "cumulative_cardinality": 3685416,
                                                                                    "operator_type": "TABLE_SCAN",
                                                                                    "operator_cardinality": 3685416,
                                                                                    "cumulative_rows_scanned": 3850116,
                                                                                    "operator_rows_scanned": 3850116,
                                                                                    "operator_timing": 0.09313869999999974,
                                                                                    "result_set_size": 29483328,
                                                                                    "children": []
                                                                                },
                                                                                {
                                                                                    "operator_name": "READ_PARQUET ",
                                                                                    "cpu_time": 0.08396564899999998,
                                                                                    "extra_info": {
                                                                                        "Function": "READ_PARQUET",
                                                                                        "Projections": [
                                                                                            "id",
                                                                                            "displayname"
                                                                                        ],
                                                                                        "Estimated Cardinality": "1260710"
                                                                                    },
                                                                                    "cumulative_cardinality": 1260710,
                                                                                    "operator_type": "TABLE_SCAN",
                                                                                    "operator_cardinality": 1260710,
                                                                                    "cumulative_rows_scanned": 1260710,
                                                                                    "operator_rows_scanned": 1260710,
                                                                                    "operator_timing": 0.08396564899999998,
                                                                                    "result_set_size": 25214200,
                                                                                    "children": []
                                                                                }
                                                                            ]
                                                                        }
                                                                    ]
                                                                }
                                                            ]
                                                        }
                                                    ]
                                                }
                                            ]
                                        }
                                    ]
                                }
                            ]
                        }
                    ]
                }
            ]
        }
    ]
}