{
    "rows_returned": 100,
    "query_name": "WITH UserStats AS (\n    SELECT \n        u.Id AS UserId,\n        u.Reputation,\n        COUNT(b.Id) AS BadgeCount,\n        SUM(v.BountyAmount) AS TotalBounty\n    FROM \n        Users u\n    LEFT JOIN \n        Badges b ON u.Id = b.UserId\n    LEFT JOIN \n        Votes v ON u.Id = v.UserId\n    GROUP BY \n        u.Id, u.Reputation\n),\nPostStats AS (\n    SELECT \n        p.OwnerUserId,\n        COUNT(p.Id) AS PostCount,\n        SUM(p.Score) AS TotalScore,\n        SUM(p.ViewCount) AS TotalViews,\n        AVG(p.AnswerCount) AS AvgAnswers\n    FROM \n        Posts p\n    GROUP BY \n        p.OwnerUserId\n)\nSELECT \n    u.Id,\n    u.DisplayName,\n    us.Reputation,\n    us.BadgeCount,\n    us.TotalBounty,\n    ps.PostCount,\n    ps.TotalScore,\n    ps.TotalViews,\n    ps.AvgAnswers\nFROM \n    Users u\nLEFT JOIN \n    UserStats us ON u.Id = us.UserId\nLEFT JOIN \n    PostStats ps ON u.Id = ps.OwnerUserId\nORDER BY \n    us.Reputation DESC, \n    ps.TotalScore DESC\nLIMIT 100;",
    "blocked_thread_time": 0.0,
    "cpu_time": 1.6299199940000013,
    "extra_info": {},
    "cumulative_cardinality": 33239046,
    "cumulative_rows_scanned": 21437353,
    "result_set_size": 9600,
    "latency": 1.859698318,
    "children": [
        {
            "operator_name": "STREAMING_LIMIT",
            "cpu_time": 1.6299199940000013,
            "extra_info": {},
            "cumulative_cardinality": 33239046,
            "operator_type": "STREAMING_LIMIT",
            "operator_cardinality": 100,
            "cumulative_rows_scanned": 21437353,
            "operator_rows_scanned": 0,
            "operator_timing": 0.000002835,
            "result_set_size": 9600,
            "children": [
                {
                    "operator_name": "ORDER_BY",
                    "cpu_time": 1.6299171590000012,
                    "extra_info": {
                        "Order By": [
                            "us.Reputation DESC",
                            "ps.TotalScore DESC"
                        ]
                    },
                    "cumulative_cardinality": 33238946,
                    "operator_type": "ORDER_BY",
                    "operator_cardinality": 4096,
                    "cumulative_rows_scanned": 21437353,
                    "operator_rows_scanned": 0,
                    "operator_timing": 0.10821367099999996,
                    "result_set_size": 393216,
                    "children": [
                        {
                            "operator_name": "PROJECTION",
                            "cpu_time": 1.5217034880000013,
                            "extra_info": {
                                "Projections": [
                                    "id",
                                    "displayname",
                                    "reputation",
                                    "BadgeCount",
                                    "TotalBounty",
                                    "PostCount",
                                    "TotalScore",
                                    "TotalViews",
                                    "AvgAnswers"
                                ],
                                "Estimated Cardinality": "1925058"
                            },
                            "cumulative_cardinality": 33234850,
                            "operator_type": "PROJECTION",
                            "operator_cardinality": 1260710,
                            "cumulative_rows_scanned": 21437353,
                            "operator_rows_scanned": 0,
                            "operator_timing": 0.000280498,
                            "result_set_size": 121028160,
                            "children": [
                                {
                                    "operator_name": "HASH_JOIN",
                                    "cpu_time": 1.5214229900000014,
                                    "extra_info": {
                                        "Join Type": "RIGHT",
                                        "Conditions": "owneruserid = id",
                                        "Estimated Cardinality": "1925058"
                                    },
                                    "cumulative_cardinality": 31974140,
                                    "operator_type": "HASH_JOIN",
                                    "operator_cardinality": 1260710,
                                    "cumulative_rows_scanned": 21437353,
                                    "operator_rows_scanned": 0,
                                    "operator_timing": 0.13355173899999997,
                                    "result_set_size": 131113840,
                                    "children": [
                                        {
                                            "operator_name": "HASH_GROUP_BY",
                                            "cpu_time": 0.2782513710000001,
                                            "extra_info": {
                                                "Groups": "#0",
                                                "Aggregates": [
                                                    "count_star()",
                                                    "sum(#1)",
                                                    "sum(#2)",
                                                    "avg(#3)"
                                                ],
                                                "Estimated Cardinality": "1925058"
                                            },
                                            "cumulative_cardinality": 8071864,
                                            "operator_type": "HASH_GROUP_BY",
                                            "operator_cardinality": 371632,
                                            "cumulative_rows_scanned": 3850116,
                                            "operator_rows_scanned": 0,
                                            "operator_timing": 0.1739216719999999,
                                            "result_set_size": 19324864,
                                            "children": [
                                                {
                                                    "operator_name": "PROJECTION",
                                                    "cpu_time": 0.1043296990000002,
                                                    "extra_info": {
                                                        "Projections": [
                                                            "owneruserid",
                                                            "score",
                                                            "viewcount",
                                                            "answercount"
                                                        ],
                                                        "Estimated Cardinality": "3850116"
                                                    },
                                                    "cumulative_cardinality": 7700232,
                                                    "operator_type": "PROJECTION",
                                                    "operator_cardinality": 3850116,
                                                    "cumulative_rows_scanned": 3850116,
                                                    "operator_rows_scanned": 0,
                                                    "operator_timing": 0.00048158899999999776,
                                                    "result_set_size": 61601856,
                                                    "children": [
                                                        {
                                                            "operator_name": "READ_PARQUET ",
                                                            "cpu_time": 0.1038481100000002,
                                                            "extra_info": {
                                                                "Function": "READ_PARQUET",
                                                                "Projections": [
                                                                    "id",
                                                                    "score",
                                                                    "viewcount",
                                                                    "owneruserid",
                                                                    "answercount"
                                                                ],
                                                                "Estimated Cardinality": "3850116"
                                                            },
                                                            "cumulative_cardinality": 3850116,
                                                            "operator_type": "TABLE_SCAN",
                                                            "operator_cardinality": 3850116,
                                                            "cumulative_rows_scanned": 3850116,
                                                            "operator_rows_scanned": 3850116,
                                                            "operator_timing": 0.1038481100000002,
                                                            "result_set_size": 77002320,
                                                            "children": []
                                                        }
                                                    ]
                                                }
                                            ]
                                        },
                                        {
                                            "operator_name": "HASH_JOIN",
                                            "cpu_time": 1.1096198800000012,
                                            "extra_info": {
                                                "Join Type": "RIGHT",
                                                "Conditions": "UserId = id",
                                                "Estimated Cardinality": "1260710"
                                            },
                                            "cumulative_cardinality": 22641566,
                                            "operator_type": "HASH_JOIN",
                                            "operator_cardinality": 1260710,
                                            "cumulative_rows_scanned": 17587237,
                                            "operator_rows_scanned": 0,
                                            "operator_timing": 0.1386787239999999,
                                            "result_set_size": 65556920,
                                            "children": [
                                                {
                                                    "operator_name": "HASH_GROUP_BY",
                                                    "cpu_time": 0.8929856480000014,
                                                    "extra_info": {
                                                        "Groups": [
                                                            "#0",
                                                            "#1"
                                                        ],
                                                        "Aggregates": [
                                                            "count(#2)",
                                                            "sum(#3)"
                                                        ],
                                                        "Estimated Cardinality": "1260710"
                                                    },
                                                    "cumulative_cardinality": 20120146,
                                                    "operator_type": "HASH_GROUP_BY",
                                                    "operator_cardinality": 1260710,
                                                    "cumulative_rows_scanned": 16326527,
                                                    "operator_rows_scanned": 0,
                                                    "operator_timing": 0.27815424400000005,
                                                    "result_set_size": 40342720,
                                                    "children": [
                                                        {
                                                            "operator_name": "PROJECTION",
                                                            "cpu_time": 0.6148314040000014,
                                                            "extra_info": {
                                                                "Projections": [
                                                                    "id",
                                                                    "reputation",
                                                                    "id",
                                                                    "bountyamount"
                                                                ],
                                                                "Estimated Cardinality": "12744093"
                                                            },
                                                            "cumulative_cardinality": 18859436,
                                                            "operator_type": "PROJECTION",
                                                            "operator_cardinality": 6101651,
                                                            "cumulative_rows_scanned": 16326527,
                                                            "operator_rows_scanned": 0,
                                                            "operator_timing": 0.001435041999999991,
                                                            "result_set_size": 97626416,
                                                            "children": [
                                                                {
                                                                    "operator_name": "HASH_JOIN",
                                                                    "cpu_time": 0.6133963620000014,
                                                                    "extra_info": {
                                                                        "Join Type": "RIGHT",
                                                                        "Conditions": "userid = id",
                                                                        "Estimated Cardinality": "12744093"
                                                                    },
                                                                    "cumulative_cardinality": 12757785,
                                                                    "operator_type": "HASH_JOIN",
                                                                    "operator_cardinality": 6101651,
                                                                    "cumulative_rows_scanned": 16326527,
                                                                    "operator_rows_scanned": 0,
                                                                    "operator_timing": 0.2843132990000009,
                                                                    "result_set_size": 97626416,
                                                                    "children": [
                                                                        {
                                                                            "operator_name": "READ_PARQUET ",
                                                                            "cpu_time": 0.10843117900000036,
                                                                            "extra_info": {
                                                                                "Function": "READ_PARQUET",
                                                                                "Projections": [
                                                                                    "userid",
                                                                                    "bountyamount"
                                                                                ],
                                                                                "Estimated Cardinality": "12744093"
                                                                            },
                                                                            "cumulative_cardinality": 40287,
                                                                            "operator_type": "TABLE_SCAN",
                                                                            "operator_cardinality": 40287,
                                                                            "cumulative_rows_scanned": 12744093,
                                                                            "operator_rows_scanned": 12744093,
                                                                            "operator_timing": 0.10843117900000036,
                                                                            "result_set_size": 322296,
                                                                            "children": []
                                                                        },
                                                                        {
                                                                            "operator_name": "HASH_JOIN",
                                                                            "cpu_time": 0.22065188400000002,
                                                                            "extra_info": {
                                                                                "Join Type": "RIGHT",
                                                                                "Conditions": "userid = id",
                                                                                "Estimated Cardinality": "2321724"
                                                                            },
                                                                            "cumulative_cardinality": 6615847,
                                                                            "operator_type": "HASH_JOIN",
                                                                            "operator_cardinality": 3033413,
                                                                            "cumulative_rows_scanned": 3582434,
                                                                            "operator_rows_scanned": 0,
                                                                            "operator_timing": 0.16589954100000004,
                                                                            "result_set_size": 36400956,
                                                                            "children": [
                                                                                {
                                                                                    "operator_name": "READ_PARQUET ",
                                                                                    "cpu_time": 0.040905989999999975,
                                                                                    "extra_info": {
                                                                                        "Function": "READ_PARQUET",
                                                                                        "Projections": [
                                                                                            "id",
                                                                                            "userid"
                                                                                        ],
                                                                                        "Estimated Cardinality": "2321724"
                                                                                    },
                                                                                    "cumulative_cardinality": 2321724,
                                                                                    "operator_type": "TABLE_SCAN",
                                                                                    "operator_cardinality": 2321724,
                                                                                    "cumulative_rows_scanned": 2321724,
                                                                                    "operator_rows_scanned": 2321724,
                                                                                    "operator_timing": 0.040905989999999975,
                                                                                    "result_set_size": 18573792,
                                                                                    "children": []
                                                                                },
                                                                                {
                                                                                    "operator_name": "READ_PARQUET ",
                                                                                    "cpu_time": 0.013846352999999997,
                                                                                    "extra_info": {
                                                                                        "Function": "READ_PARQUET",
                                                                                        "Projections": [
                                                                                            "id",
                                                                                            "reputation"
                                                                                        ],
                                                                                        "Estimated Cardinality": "1260710"
                                                                                    },
                                                                                    "cumulative_cardinality": 1260710,
                                                                                    "operator_type": "TABLE_SCAN",
                                                                                    "operator_cardinality": 1260710,
                                                                                    "cumulative_rows_scanned": 1260710,
                                                                                    "operator_rows_scanned": 1260710,
                                                                                    "operator_timing": 0.013846352999999997,
                                                                                    "result_set_size": 10085680,
                                                                                    "children": []
                                                                                }
                                                                            ]
                                                                        }
                                                                    ]
                                                                }
                                                            ]
                                                        }
                                                    ]
                                                },
                                                {
                                                    "operator_name": "READ_PARQUET ",
                                                    "cpu_time": 0.07795550800000008,
                                                    "extra_info": {
                                                        "Function": "READ_PARQUET",
                                                        "Projections": [
                                                            "id",
                                                            "displayname"
                                                        ],
                                                        "Estimated Cardinality": "1260710"
                                                    },
                                                    "cumulative_cardinality": 1260710,
                                                    "operator_type": "TABLE_SCAN",
                                                    "operator_cardinality": 1260710,
                                                    "cumulative_rows_scanned": 1260710,
                                                    "operator_rows_scanned": 1260710,
                                                    "operator_timing": 0.07795550800000008,
                                                    "result_set_size": 25214200,
                                                    "children": []
                                                }
                                            ]
                                        }
                                    ]
                                }
                            ]
                        }
                    ]
                }
            ]
        }
    ]
}