{
    "rows_returned": 3850116,
    "query_name": "\nWITH PostStatistics AS (\n    SELECT \n        P.Id AS PostId,\n        P.Title,\n        P.CreationDate,\n        U.DisplayName AS OwnerDisplayName,\n        P.ViewCount,\n        P.Score,\n        COUNT(CASE WHEN C.Id IS NOT NULL THEN 1 END) AS CommentCount,\n        COUNT(CASE WHEN V.Id IS NOT NULL THEN 1 END) AS VoteCount,\n        COUNT(PH.Id) AS EditCount\n    FROM Posts P\n    LEFT JOIN Users U ON P.OwnerUserId = U.Id\n    LEFT JOIN Comments C ON P.Id = C.PostId\n    LEFT JOIN Votes V ON P.Id = V.PostId\n    LEFT JOIN PostHistory PH ON P.Id = PH.PostId\n    GROUP BY P.Id, P.Title, P.CreationDate, U.DisplayName, P.ViewCount, P.Score\n),\nAveragePerformance AS (\n    SELECT \n        AVG(ViewCount) AS AvgViewCount,\n        AVG(Score) AS AvgScore,\n        AVG(CommentCount) AS AvgCommentCount,\n        AVG(VoteCount) AS AvgVoteCount,\n        AVG(EditCount) AS AvgEditCount\n    FROM PostStatistics\n)\nSELECT \n    PS.PostId,\n    PS.Title,\n    PS.CreationDate,\n    PS.OwnerDisplayName,\n    PS.ViewCount,\n    PS.Score,\n    PS.CommentCount,\n    PS.VoteCount,\n    PS.EditCount,\n    AP.AvgViewCount,\n    AP.AvgScore,\n    AP.AvgCommentCount,\n    AP.AvgVoteCount,\n    AP.AvgEditCount\nFROM PostStatistics PS\nCROSS JOIN AveragePerformance AP\nORDER BY PS.Score DESC, PS.ViewCount DESC;\n",
    "blocked_thread_time": 0.0,
    "cpu_time": 24.824635570000048,
    "extra_info": {},
    "cumulative_cardinality": 659722394,
    "cumulative_rows_scanned": 36891985,
    "result_set_size": 446613456,
    "latency": 33.024470481,
    "children": [
        {
            "operator_name": "ORDER_BY",
            "cpu_time": 24.824635570000048,
            "extra_info": {
                "Order By": [
                    "PS.Score DESC",
                    "PS.ViewCount DESC"
                ]
            },
            "cumulative_cardinality": 659722394,
            "operator_type": "ORDER_BY",
            "operator_cardinality": 3850116,
            "cumulative_rows_scanned": 36891985,
            "operator_rows_scanned": 0,
            "operator_timing": 0.5316934369999997,
            "result_set_size": 446613456,
            "children": [
                {
                    "operator_name": "CTE",
                    "cpu_time": 24.292942133000047,
                    "extra_info": {
                        "CTE Name": "PostStatistics",
                        "Table Index": "0"
                    },
                    "cumulative_cardinality": 655872278,
                    "operator_type": "CTE",
                    "operator_cardinality": 0,
                    "cumulative_rows_scanned": 36891985,
                    "operator_rows_scanned": 0,
                    "operator_timing": 0.15807492499999998,
                    "result_set_size": 0,
                    "children": [
                        {
                            "operator_name": "PROJECTION",
                            "cpu_time": 24.040227678000047,
                            "extra_info": {
                                "Projections": [
                                    "#0",
                                    "#1",
                                    "#2",
                                    "#3",
                                    "#4",
                                    "__internal_decompress_integral_integer(#5, -72)",
                                    "#6",
                                    "#7",
                                    "#8"
                                ],
                                "Estimated Cardinality": "3850116"
                            },
                            "cumulative_cardinality": 640471813,
                            "operator_type": "PROJECTION",
                            "operator_cardinality": 3850116,
                            "cumulative_rows_scanned": 36891985,
                            "operator_rows_scanned": 0,
                            "operator_timing": 0.0033341369999999987,
                            "result_set_size": 292608816,
                            "children": [
                                {
                                    "operator_name": "HASH_GROUP_BY",
                                    "cpu_time": 24.036893541000047,
                                    "extra_info": {
                                        "Groups": [
                                            "#0",
                                            "#1",
                                            "#2",
                                            "#3",
                                            "#4",
                                            "#5"
                                        ],
                                        "Aggregates": [
                                            "count(#6)",
                                            "count(#7)",
                                            "count(#8)"
                                        ],
                                        "Estimated Cardinality": "3850116"
                                    },
                                    "cumulative_cardinality": 636621697,
                                    "operator_type": "HASH_GROUP_BY",
                                    "operator_cardinality": 3850116,
                                    "cumulative_rows_scanned": 36891985,
                                    "operator_rows_scanned": 0,
                                    "operator_timing": 14.099469187000071,
                                    "result_set_size": 284908584,
                                    "children": [
                                        {
                                            "operator_name": "PROJECTION",
                                            "cpu_time": 9.937424353999976,
                                            "extra_info": {
                                                "Projections": [
                                                    "id",
                                                    "title",
                                                    "creationdate",
                                                    "displayname",
                                                    "viewcount",
                                                    "score",
                                                    "CASE  WHEN ((id IS NOT NULL)) THEN (1) ELSE NULL END",
                                                    "CASE  WHEN ((id IS NOT NULL)) THEN (1) ELSE NULL END",
                                                    "id"
                                                ],
                                                "Estimated Cardinality": "12744093"
                                            },
                                            "cumulative_cardinality": 632771581,
                                            "operator_type": "PROJECTION",
                                            "operator_cardinality": 182657208,
                                            "cumulative_rows_scanned": 36891985,
                                            "operator_rows_scanned": 0,
                                            "operator_timing": 0.8652391769999945,
                                            "result_set_size": 11324746896,
                                            "children": [
                                                {
                                                    "operator_name": "PROJECTION",
                                                    "cpu_time": 9.072185176999982,
                                                    "extra_info": {
                                                        "Projections": [
                                                            "#0",
                                                            "#1",
                                                            "__internal_compress_integral_usmallint(#2, -72)",
                                                            "#3",
                                                            "#4",
                                                            "#5",
                                                            "#6",
                                                            "#7",
                                                            "#8"
                                                        ],
                                                        "Estimated Cardinality": "12744093"
                                                    },
                                                    "cumulative_cardinality": 450114373,
                                                    "operator_type": "PROJECTION",
                                                    "operator_cardinality": 182657208,
                                                    "cumulative_rows_scanned": 36891985,
                                                    "operator_rows_scanned": 0,
                                                    "operator_timing": 0.41121029999999487,
                                                    "result_set_size": 11324746896,
                                                    "children": [
                                                        {
                                                            "operator_name": "HASH_JOIN",
                                                            "cpu_time": 8.660974876999987,
                                                            "extra_info": {
                                                                "Join Type": "LEFT",
                                                                "Conditions": "id = postid",
                                                                "Estimated Cardinality": "12744093"
                                                            },
                                                            "cumulative_cardinality": 267457165,
                                                            "operator_type": "HASH_JOIN",
                                                            "operator_cardinality": 182657208,
                                                            "cumulative_rows_scanned": 36891985,
                                                            "operator_rows_scanned": 0,
                                                            "operator_timing": 4.222170210999991,
                                                            "result_set_size": 11690061312,
                                                            "children": [
                                                                {
                                                                    "operator_name": "HASH_JOIN",
                                                                    "cpu_time": 3.565563390999995,
                                                                    "extra_info": {
                                                                        "Join Type": "LEFT",
                                                                        "Conditions": "id = postid",
                                                                        "Estimated Cardinality": "12744093"
                                                                    },
                                                                    "cumulative_cardinality": 73004713,
                                                                    "operator_type": "HASH_JOIN",
                                                                    "operator_cardinality": 35129590,
                                                                    "cumulative_rows_scanned": 25096741,
                                                                    "operator_rows_scanned": 0,
                                                                    "operator_timing": 1.5190823419999966,
                                                                    "result_set_size": 2107775400,
                                                                    "children": [
                                                                        {
                                                                            "operator_name": "HASH_JOIN",
                                                                            "cpu_time": 1.790014472999999,
                                                                            "extra_info": {
                                                                                "Join Type": "LEFT",
                                                                                "Conditions": "id = postid",
                                                                                "Estimated Cardinality": "7241822"
                                                                            },
                                                                            "cumulative_cardinality": 25131030,
                                                                            "operator_type": "HASH_JOIN",
                                                                            "operator_cardinality": 8928266,
                                                                            "cumulative_rows_scanned": 12352648,
                                                                            "operator_rows_scanned": 0,
                                                                            "operator_timing": 0.7339099429999991,
                                                                            "result_set_size": 499982896,
                                                                            "children": [
                                                                                {
                                                                                    "operator_name": "HASH_JOIN",
                                                                                    "cpu_time": 0.9330025499999993,
                                                                                    "extra_info": {
                                                                                        "Join Type": "LEFT",
                                                                                        "Conditions": "owneruserid = id",
                                                                                        "Estimated Cardinality": "3850116"
                                                                                    },
                                                                                    "cumulative_cardinality": 8960942,
                                                                                    "operator_type": "HASH_JOIN",
                                                                                    "operator_cardinality": 3850116,
                                                                                    "cumulative_rows_scanned": 5110826,
                                                                                    "operator_rows_scanned": 0,
                                                                                    "operator_timing": 0.3027794050000001,
                                                                                    "result_set_size": 200206032,
                                                                                    "children": [
                                                                                        {
                                                                                            "operator_name": "READ_PARQUET ",
                                                                                            "cpu_time": 0.5226323149999993,
                                                                                            "extra_info": {
                                                                                                "Function": "READ_PARQUET",
                                                                                                "Projections": [
                                                                                                    "id",
                                                                                                    "creationdate",
                                                                                                    "score",
                                                                                                    "viewcount",
                                                                                                    "owneruserid",
                                                                                                    "title"
                                                                                                ],
                                                                                                "Estimated Cardinality": "3850116"
                                                                                            },
                                                                                            "cumulative_cardinality": 3850116,
                                                                                            "operator_type": "TABLE_SCAN",
                                                                                            "operator_cardinality": 3850116,
                                                                                            "cumulative_rows_scanned": 3850116,
                                                                                            "operator_rows_scanned": 3850116,
                                                                                            "operator_timing": 0.5226323149999993,
                                                                                            "result_set_size": 154004640,
                                                                                            "children": []
                                                                                        },
                                                                                        {
                                                                                            "operator_name": "READ_PARQUET ",
                                                                                            "cpu_time": 0.10759082999999993,
                                                                                            "extra_info": {
                                                                                                "Function": "READ_PARQUET",
                                                                                                "Projections": [
                                                                                                    "id",
                                                                                                    "displayname"
                                                                                                ],
                                                                                                "Estimated Cardinality": "1260710"
                                                                                            },
                                                                                            "cumulative_cardinality": 1260710,
                                                                                            "operator_type": "TABLE_SCAN",
                                                                                            "operator_cardinality": 1260710,
                                                                                            "cumulative_rows_scanned": 1260710,
                                                                                            "operator_rows_scanned": 1260710,
                                                                                            "operator_timing": 0.10759082999999993,
                                                                                            "result_set_size": 25214200,
                                                                                            "children": []
                                                                                        }
                                                                                    ]
                                                                                },
                                                                                {
                                                                                    "operator_name": "READ_PARQUET ",
                                                                                    "cpu_time": 0.12310198000000042,
                                                                                    "extra_info": {
                                                                                        "Function": "READ_PARQUET",
                                                                                        "Projections": [
                                                                                            "id",
                                                                                            "postid"
                                                                                        ],
                                                                                        "Estimated Cardinality": "7241822"
                                                                                    },
                                                                                    "cumulative_cardinality": 7241822,
                                                                                    "operator_type": "TABLE_SCAN",
                                                                                    "operator_cardinality": 7241822,
                                                                                    "cumulative_rows_scanned": 7241822,
                                                                                    "operator_rows_scanned": 7241822,
                                                                                    "operator_timing": 0.12310198000000042,
                                                                                    "result_set_size": 57934576,
                                                                                    "children": []
                                                                                }
                                                                            ]
                                                                        },
                                                                        {
                                                                            "operator_name": "READ_PARQUET ",
                                                                            "cpu_time": 0.25646657599999945,
                                                                            "extra_info": {
                                                                                "Function": "READ_PARQUET",
                                                                                "Projections": [
                                                                                    "id",
                                                                                    "postid"
                                                                                ],
                                                                                "Estimated Cardinality": "12744093"
                                                                            },
                                                                            "cumulative_cardinality": 12744093,
                                                                            "operator_type": "TABLE_SCAN",
                                                                            "operator_cardinality": 12744093,
                                                                            "cumulative_rows_scanned": 12744093,
                                                                            "operator_rows_scanned": 12744093,
                                                                            "operator_timing": 0.25646657599999945,
                                                                            "result_set_size": 101952744,
                                                                            "children": []
                                                                        }
                                                                    ]
                                                                },
                                                                {
                                                                    "operator_name": "READ_PARQUET ",
                                                                    "cpu_time": 0.8732412750000002,
                                                                    "extra_info": {
                                                                        "Function": "READ_PARQUET",
                                                                        "Projections": [
                                                                            "id",
                                                                            "postid"
                                                                        ],
                                                                        "Estimated Cardinality": "11795244"
                                                                    },
                                                                    "cumulative_cardinality": 11795244,
                                                                    "operator_type": "TABLE_SCAN",
                                                                    "operator_cardinality": 11795244,
                                                                    "cumulative_rows_scanned": 11795244,
                                                                    "operator_rows_scanned": 11795244,
                                                                    "operator_timing": 0.8732412750000002,
                                                                    "result_set_size": 94361952,
                                                                    "children": []
                                                                }
                                                            ]
                                                        }
                                                    ]
                                                }
                                            ]
                                        }
                                    ]
                                }
                            ]
                        },
                        {
                            "operator_name": "CROSS_PRODUCT",
                            "cpu_time": 0.09463952999999999,
                            "extra_info": {},
                            "cumulative_cardinality": 15400465,
                            "operator_type": "CROSS_PRODUCT",
                            "operator_cardinality": 3850116,
                            "cumulative_rows_scanned": 0,
                            "operator_rows_scanned": 0,
                            "operator_timing": 0.006369746999999964,
                            "result_set_size": 446613456,
                            "children": [
                                {
                                    "operator_name": "CTE_SCAN",
                                    "cpu_time": 0.033753601,
                                    "extra_info": {
                                        "CTE Index": "0",
                                        "Estimated Cardinality": "3850116"
                                    },
                                    "cumulative_cardinality": 3850116,
                                    "operator_type": "CTE_SCAN",
                                    "operator_cardinality": 3850116,
                                    "cumulative_rows_scanned": 0,
                                    "operator_rows_scanned": 0,
                                    "operator_timing": 0.033753601,
                                    "result_set_size": 292608816,
                                    "children": []
                                },
                                {
                                    "operator_name": "UNGROUPED_AGGREGATE",
                                    "cpu_time": 0.054516182000000024,
                                    "extra_info": {
                                        "Aggregates": [
                                            "avg(#0)",
                                            "avg(#1)",
                                            "avg(#2)",
                                            "avg(#3)",
                                            "avg(#4)"
                                        ]
                                    },
                                    "cumulative_cardinality": 7700233,
                                    "operator_type": "UNGROUPED_AGGREGATE",
                                    "operator_cardinality": 1,
                                    "cumulative_rows_scanned": 0,
                                    "operator_rows_scanned": 0,
                                    "operator_timing": 0.02988159700000006,
                                    "result_set_size": 40,
                                    "children": [
                                        {
                                            "operator_name": "PROJECTION",
                                            "cpu_time": 0.02463458499999997,
                                            "extra_info": {
                                                "Projections": [
                                                    "viewcount",
                                                    "score",
                                                    "CommentCount",
                                                    "VoteCount",
                                                    "EditCount"
                                                ],
                                                "Estimated Cardinality": "3850116"
                                            },
                                            "cumulative_cardinality": 7700232,
                                            "operator_type": "PROJECTION",
                                            "operator_cardinality": 3850116,
                                            "cumulative_rows_scanned": 0,
                                            "operator_rows_scanned": 0,
                                            "operator_timing": 0.000350599000000004,
                                            "result_set_size": 123203712,
                                            "children": [
                                                {
                                                    "operator_name": "CTE_SCAN",
                                                    "cpu_time": 0.024283985999999966,
                                                    "extra_info": {
                                                        "CTE Index": "0",
                                                        "Estimated Cardinality": "3850116"
                                                    },
                                                    "cumulative_cardinality": 3850116,
                                                    "operator_type": "CTE_SCAN",
                                                    "operator_cardinality": 3850116,
                                                    "cumulative_rows_scanned": 0,
                                                    "operator_rows_scanned": 0,
                                                    "operator_timing": 0.024283985999999966,
                                                    "result_set_size": 292608816,
                                                    "children": []
                                                }
                                            ]
                                        }
                                    ]
                                }
                            ]
                        }
                    ]
                }
            ]
        }
    ]
}