{
    "rows_returned": 3685416,
    "query_name": "\nWITH UserPostCounts AS (\n    SELECT \n        u.Id AS UserId,\n        u.DisplayName,\n        COUNT(p.Id) AS PostCount,\n        SUM(p.Score) AS TotalScore,\n        SUM(CASE WHEN p.PostTypeId = 1 THEN 1 ELSE 0 END) AS QuestionCount,\n        SUM(CASE WHEN p.PostTypeId = 2 THEN 1 ELSE 0 END) AS AnswerCount\n    FROM \n        Users u\n    LEFT JOIN \n        Posts p ON u.Id = p.OwnerUserId\n    GROUP BY \n        u.Id, u.DisplayName\n),\nPostBenchmarking AS (\n    SELECT \n        p.Id AS PostId,\n        p.Title,\n        p.CreationDate,\n        p.Score,\n        p.ViewCount,\n        COALESCE(c.CommentCount, 0) AS CommentCount,\n        COALESCE(v.VoteCount, 0) AS VoteCount,\n        p.OwnerUserId\n    FROM \n        Posts p\n    LEFT JOIN (\n        SELECT PostId, COUNT(*) AS CommentCount\n        FROM Comments\n        GROUP BY PostId\n    ) c ON p.Id = c.PostId\n    LEFT JOIN (\n        SELECT PostId, COUNT(*) AS VoteCount\n        FROM Votes\n        GROUP BY PostId\n    ) v ON p.Id = v.PostId\n)\nSELECT \n    upc.DisplayName,\n    upc.PostCount,\n    upc.TotalScore,\n    upc.QuestionCount,\n    upc.AnswerCount,\n    pb.PostId,\n    pb.Title,\n    pb.CreationDate,\n    pb.Score,\n    pb.ViewCount,\n    pb.CommentCount,\n    pb.VoteCount\nFROM \n    UserPostCounts upc\nJOIN \n    PostBenchmarking pb ON upc.UserId = pb.OwnerUserId\nORDER BY \n    upc.TotalScore DESC, \n    upc.PostCount DESC;\n",
    "blocked_thread_time": 0.0,
    "cpu_time": 4.961578233000004,
    "extra_info": {},
    "cumulative_cardinality": 99199701,
    "cumulative_rows_scanned": 28946857,
    "result_set_size": 456991584,
    "latency": 15.513215711,
    "children": [
        {
            "operator_name": "PROJECTION",
            "cpu_time": 4.961578233000004,
            "extra_info": {
                "Projections": [
                    "#0",
                    "#1",
                    "#2",
                    "#3",
                    "#4",
                    "#5",
                    "#6",
                    "#7",
                    "__internal_decompress_integral_integer(#8, -72)",
                    "#9",
                    "#10",
                    "#11"
                ],
                "Estimated Cardinality": "6372046"
            },
            "cumulative_cardinality": 99199701,
            "operator_type": "PROJECTION",
            "operator_cardinality": 3685416,
            "cumulative_rows_scanned": 28946857,
            "operator_rows_scanned": 0,
            "operator_timing": 0.0023421930000000046,
            "result_set_size": 456991584,
            "children": [
                {
                    "operator_name": "ORDER_BY",
                    "cpu_time": 4.959236040000004,
                    "extra_info": {
                        "Order By": [
                            "upc.TotalScore DESC",
                            "upc.PostCount DESC"
                        ]
                    },
                    "cumulative_cardinality": 95514285,
                    "operator_type": "ORDER_BY",
                    "operator_cardinality": 3685416,
                    "cumulative_rows_scanned": 28946857,
                    "operator_rows_scanned": 0,
                    "operator_timing": 0.7351288640000011,
                    "result_set_size": 449620752,
                    "children": [
                        {
                            "operator_name": "PROJECTION",
                            "cpu_time": 4.224107176000003,
                            "extra_info": {
                                "Projections": [
                                    "#0",
                                    "#1",
                                    "#2",
                                    "#3",
                                    "#4",
                                    "#5",
                                    "#6",
                                    "#7",
                                    "__internal_compress_integral_usmallint(#8, -72)",
                                    "#9",
                                    "#10",
                                    "#11"
                                ],
                                "Estimated Cardinality": "6372046"
                            },
                            "cumulative_cardinality": 91828869,
                            "operator_type": "PROJECTION",
                            "operator_cardinality": 3685416,
                            "cumulative_rows_scanned": 28946857,
                            "operator_rows_scanned": 0,
                            "operator_timing": 0.01155930900000003,
                            "result_set_size": 449620752,
                            "children": [
                                {
                                    "operator_name": "PROJECTION",
                                    "cpu_time": 4.212547867000003,
                                    "extra_info": {
                                        "Projections": [
                                            "displayname",
                                            "PostCount",
                                            "TotalScore",
                                            "QuestionCount",
                                            "AnswerCount",
                                            "PostId",
                                            "title",
                                            "creationdate",
                                            "score",
                                            "viewcount",
                                            "CommentCount",
                                            "VoteCount"
                                        ],
                                        "Estimated Cardinality": "6372046"
                                    },
                                    "cumulative_cardinality": 88143453,
                                    "operator_type": "PROJECTION",
                                    "operator_cardinality": 3685416,
                                    "cumulative_rows_scanned": 28946857,
                                    "operator_rows_scanned": 0,
                                    "operator_timing": 0.005258622999999946,
                                    "result_set_size": 456991584,
                                    "children": [
                                        {
                                            "operator_name": "HASH_JOIN",
                                            "cpu_time": 4.207289244000004,
                                            "extra_info": {
                                                "Join Type": "INNER",
                                                "Conditions": "owneruserid = UserId",
                                                "Estimated Cardinality": "6372046"
                                            },
                                            "cumulative_cardinality": 84458037,
                                            "operator_type": "HASH_JOIN",
                                            "operator_cardinality": 3685416,
                                            "cumulative_rows_scanned": 28946857,
                                            "operator_rows_scanned": 0,
                                            "operator_timing": 0.4064310179999996,
                                            "result_set_size": 456991584,
                                            "children": [
                                                {
                                                    "operator_name": "PROJECTION",
                                                    "cpu_time": 2.3866950120000032,
                                                    "extra_info": {
                                                        "Projections": [
                                                            "PostId",
                                                            "title",
                                                            "creationdate",
                                                            "score",
                                                            "viewcount",
                                                            "CommentCount",
                                                            "VoteCount",
                                                            "owneruserid"
                                                        ],
                                                        "Estimated Cardinality": "6372046"
                                                    },
                                                    "cumulative_cardinality": 60842393,
                                                    "operator_type": "PROJECTION",
                                                    "operator_cardinality": 3685416,
                                                    "cumulative_rows_scanned": 23836031,
                                                    "operator_rows_scanned": 0,
                                                    "operator_timing": 0.12936095700000044,
                                                    "result_set_size": 206383296,
                                                    "children": [
                                                        {
                                                            "operator_name": "HASH_JOIN",
                                                            "cpu_time": 2.257334055000003,
                                                            "extra_info": {
                                                                "Join Type": "LEFT",
                                                                "Conditions": "id = postid",
                                                                "Estimated Cardinality": "6372046"
                                                            },
                                                            "cumulative_cardinality": 57156977,
                                                            "operator_type": "HASH_JOIN",
                                                            "operator_cardinality": 3685416,
                                                            "cumulative_rows_scanned": 23836031,
                                                            "operator_rows_scanned": 0,
                                                            "operator_timing": 0.4786692220000006,
                                                            "result_set_size": 206383296,
                                                            "children": [
                                                                {
                                                                    "operator_name": "HASH_JOIN",
                                                                    "cpu_time": 1.1456681410000011,
                                                                    "extra_info": {
                                                                        "Join Type": "LEFT",
                                                                        "Conditions": "id = postid",
                                                                        "Estimated Cardinality": "3850116"
                                                                    },
                                                                    "cumulative_cardinality": 24018148,
                                                                    "operator_type": "HASH_JOIN",
                                                                    "operator_cardinality": 3685416,
                                                                    "cumulative_rows_scanned": 11091938,
                                                                    "operator_rows_scanned": 0,
                                                                    "operator_timing": 0.2852030559999999,
                                                                    "result_set_size": 176899968,
                                                                    "children": [
                                                                        {
                                                                            "operator_name": "READ_PARQUET ",
                                                                            "cpu_time": 0.5714147790000013,
                                                                            "extra_info": {
                                                                                "Function": "READ_PARQUET",
                                                                                "Projections": [
                                                                                    "id",
                                                                                    "creationdate",
                                                                                    "score",
                                                                                    "viewcount",
                                                                                    "owneruserid",
                                                                                    "title"
                                                                                ],
                                                                                "Estimated Cardinality": "3850116"
                                                                            },
                                                                            "cumulative_cardinality": 3685416,
                                                                            "operator_type": "TABLE_SCAN",
                                                                            "operator_cardinality": 3685416,
                                                                            "cumulative_rows_scanned": 3850116,
                                                                            "operator_rows_scanned": 3850116,
                                                                            "operator_timing": 0.5714147790000013,
                                                                            "result_set_size": 147416640,
                                                                            "children": []
                                                                        },
                                                                        {
                                                                            "operator_name": "HASH_GROUP_BY",
                                                                            "cpu_time": 0.289050306,
                                                                            "extra_info": {
                                                                                "Groups": "#0",
                                                                                "Aggregates": "count_star()",
                                                                                "Estimated Cardinality": "3620911"
                                                                            },
                                                                            "cumulative_cardinality": 16647316,
                                                                            "operator_type": "HASH_GROUP_BY",
                                                                            "operator_cardinality": 2163672,
                                                                            "cumulative_rows_scanned": 7241822,
                                                                            "operator_rows_scanned": 0,
                                                                            "operator_timing": 0.24555402099999996,
                                                                            "result_set_size": 25964064,
                                                                            "children": [
                                                                                {
                                                                                    "operator_name": "PROJECTION",
                                                                                    "cpu_time": 0.043496285000000016,
                                                                                    "extra_info": {
                                                                                        "Projections": "postid",
                                                                                        "Estimated Cardinality": "7241822"
                                                                                    },
                                                                                    "cumulative_cardinality": 14483644,
                                                                                    "operator_type": "PROJECTION",
                                                                                    "operator_cardinality": 7241822,
                                                                                    "cumulative_rows_scanned": 7241822,
                                                                                    "operator_rows_scanned": 0,
                                                                                    "operator_timing": 0.0003766970000000066,
                                                                                    "result_set_size": 28967288,
                                                                                    "children": [
                                                                                        {
                                                                                            "operator_name": "READ_PARQUET ",
                                                                                            "cpu_time": 0.04311958800000001,
                                                                                            "extra_info": {
                                                                                                "Function": "READ_PARQUET",
                                                                                                "Projections": "postid",
                                                                                                "Estimated Cardinality": "7241822"
                                                                                            },
                                                                                            "cumulative_cardinality": 7241822,
                                                                                            "operator_type": "TABLE_SCAN",
                                                                                            "operator_cardinality": 7241822,
                                                                                            "cumulative_rows_scanned": 7241822,
                                                                                            "operator_rows_scanned": 7241822,
                                                                                            "operator_timing": 0.04311958800000001,
                                                                                            "result_set_size": 28967288,
                                                                                            "children": []
                                                                                        }
                                                                                    ]
                                                                                }
                                                                            ]
                                                                        }
                                                                    ]
                                                                },
                                                                {
                                                                    "operator_name": "HASH_GROUP_BY",
                                                                    "cpu_time": 0.632996692000001,
                                                                    "extra_info": {
                                                                        "Groups": "#0",
                                                                        "Aggregates": "count_star()",
                                                                        "Estimated Cardinality": "6372046"
                                                                    },
                                                                    "cumulative_cardinality": 29453413,
                                                                    "operator_type": "HASH_GROUP_BY",
                                                                    "operator_cardinality": 3965227,
                                                                    "cumulative_rows_scanned": 12744093,
                                                                    "operator_rows_scanned": 0,
                                                                    "operator_timing": 0.5407724570000005,
                                                                    "result_set_size": 47582724,
                                                                    "children": [
                                                                        {
                                                                            "operator_name": "PROJECTION",
                                                                            "cpu_time": 0.09222423500000042,
                                                                            "extra_info": {
                                                                                "Projections": "postid",
                                                                                "Estimated Cardinality": "12744093"
                                                                            },
                                                                            "cumulative_cardinality": 25488186,
                                                                            "operator_type": "PROJECTION",
                                                                            "operator_cardinality": 12744093,
                                                                            "cumulative_rows_scanned": 12744093,
                                                                            "operator_rows_scanned": 0,
                                                                            "operator_timing": 0.0006799630000000064,
                                                                            "result_set_size": 50976372,
                                                                            "children": [
                                                                                {
                                                                                    "operator_name": "READ_PARQUET ",
                                                                                    "cpu_time": 0.09154427200000041,
                                                                                    "extra_info": {
                                                                                        "Function": "READ_PARQUET",
                                                                                        "Projections": "postid",
                                                                                        "Estimated Cardinality": "12744093"
                                                                                    },
                                                                                    "cumulative_cardinality": 12744093,
                                                                                    "operator_type": "TABLE_SCAN",
                                                                                    "operator_cardinality": 12744093,
                                                                                    "cumulative_rows_scanned": 12744093,
                                                                                    "operator_rows_scanned": 12744093,
                                                                                    "operator_timing": 0.09154427200000041,
                                                                                    "result_set_size": 50976372,
                                                                                    "children": []
                                                                                }
                                                                            ]
                                                                        }
                                                                    ]
                                                                }
                                                            ]
                                                        }
                                                    ]
                                                },
                                                {
                                                    "operator_name": "HASH_GROUP_BY",
                                                    "cpu_time": 1.4141632140000002,
                                                    "extra_info": {
                                                        "Groups": [
                                                            "#0",
                                                            "#1"
                                                        ],
                                                        "Aggregates": [
                                                            "count(#2)",
                                                            "sum(#3)",
                                                            "sum(#4)",
                                                            "sum(#5)"
                                                        ],
                                                        "Estimated Cardinality": "1260710"
                                                    },
                                                    "cumulative_cardinality": 19930228,
                                                    "operator_type": "HASH_GROUP_BY",
                                                    "operator_cardinality": 1260679,
                                                    "cumulative_rows_scanned": 5110826,
                                                    "operator_rows_scanned": 0,
                                                    "operator_timing": 0.6884698850000002,
                                                    "result_set_size": 95811604,
                                                    "children": [
                                                        {
                                                            "operator_name": "PROJECTION",
                                                            "cpu_time": 0.7256933290000002,
                                                            "extra_info": {
                                                                "Projections": [
                                                                    "id",
                                                                    "displayname",
                                                                    "id",
                                                                    "score",
                                                                    "CASE  WHEN ((posttypeid = 1)) THEN (1) ELSE 0 END",
                                                                    "CASE  WHEN ((posttypeid = 2)) THEN (1) ELSE 0 END"
                                                                ],
                                                                "Estimated Cardinality": "3850116"
                                                            },
                                                            "cumulative_cardinality": 18669549,
                                                            "operator_type": "PROJECTION",
                                                            "operator_cardinality": 4574464,
                                                            "cumulative_rows_scanned": 5110826,
                                                            "operator_rows_scanned": 0,
                                                            "operator_timing": 0.07023119800000001,
                                                            "result_set_size": 164680704,
                                                            "children": [
                                                                {
                                                                    "operator_name": "FILTER",
                                                                    "cpu_time": 0.6554621310000002,
                                                                    "extra_info": {
                                                                        "Expression": "(id <= 1416539)",
                                                                        "Estimated Cardinality": "3850116"
                                                                    },
                                                                    "cumulative_cardinality": 14095085,
                                                                    "operator_type": "FILTER",
                                                                    "operator_cardinality": 4574464,
                                                                    "cumulative_rows_scanned": 5110826,
                                                                    "operator_rows_scanned": 0,
                                                                    "operator_timing": 0.00820068500000001,
                                                                    "result_set_size": 137233920,
                                                                    "children": [
                                                                        {
                                                                            "operator_name": "HASH_JOIN",
                                                                            "cpu_time": 0.6472614460000001,
                                                                            "extra_info": {
                                                                                "Join Type": "RIGHT",
                                                                                "Conditions": "owneruserid = id",
                                                                                "Estimated Cardinality": "3850116"
                                                                            },
                                                                            "cumulative_cardinality": 9520621,
                                                                            "operator_type": "HASH_JOIN",
                                                                            "operator_cardinality": 4574495,
                                                                            "cumulative_rows_scanned": 5110826,
                                                                            "operator_rows_scanned": 0,
                                                                            "operator_timing": 0.3480089530000002,
                                                                            "result_set_size": 137234850,
                                                                            "children": [
                                                                                {
                                                                                    "operator_name": "READ_PARQUET ",
                                                                                    "cpu_time": 0.18533959999999985,
                                                                                    "extra_info": {
                                                                                        "Function": "READ_PARQUET",
                                                                                        "Projections": [
                                                                                            "id",
                                                                                            "posttypeid",
                                                                                            "score",
                                                                                            "owneruserid"
                                                                                        ],
                                                                                        "Estimated Cardinality": "3850116"
                                                                                    },
                                                                                    "cumulative_cardinality": 3685416,
                                                                                    "operator_type": "TABLE_SCAN",
                                                                                    "operator_cardinality": 3685416,
                                                                                    "cumulative_rows_scanned": 3850116,
                                                                                    "operator_rows_scanned": 3850116,
                                                                                    "operator_timing": 0.18533959999999985,
                                                                                    "result_set_size": 51595824,
                                                                                    "children": []
                                                                                },
                                                                                {
                                                                                    "operator_name": "READ_PARQUET ",
                                                                                    "cpu_time": 0.11391289300000008,
                                                                                    "extra_info": {
                                                                                        "Function": "READ_PARQUET",
                                                                                        "Projections": [
                                                                                            "id",
                                                                                            "displayname"
                                                                                        ],
                                                                                        "Estimated Cardinality": "1260710"
                                                                                    },
                                                                                    "cumulative_cardinality": 1260710,
                                                                                    "operator_type": "TABLE_SCAN",
                                                                                    "operator_cardinality": 1260710,
                                                                                    "cumulative_rows_scanned": 1260710,
                                                                                    "operator_rows_scanned": 1260710,
                                                                                    "operator_timing": 0.11391289300000008,
                                                                                    "result_set_size": 25214200,
                                                                                    "children": []
                                                                                }
                                                                            ]
                                                                        }
                                                                    ]
                                                                }
                                                            ]
                                                        }
                                                    ]
                                                }
                                            ]
                                        }
                                    ]
                                }
                            ]
                        }
                    ]
                }
            ]
        }
    ]
}