{
    "rows_returned": 1189916,
    "query_name": "WITH PostStats AS (\n    SELECT \n        pt.Name AS PostType,\n        COUNT(p.Id) AS TotalPosts,\n        AVG(p.Score) AS AvgScore,\n        SUM(p.ViewCount) AS TotalViews,\n        SUM(CASE WHEN p.AcceptedAnswerId IS NOT NULL THEN 1 ELSE 0 END) AS TotalAcceptedAnswers\n    FROM \n        Posts p\n    JOIN \n        PostTypes pt ON p.PostTypeId = pt.Id\n    GROUP BY \n        pt.Name\n),\nUserStats AS (\n    SELECT \n        u.Id AS UserId,\n        u.DisplayName,\n        SUM(v.BountyAmount) AS TotalBounty,\n        COUNT(DISTINCT v.PostId) AS TotalVotes\n    FROM \n        Users u\n    LEFT JOIN \n        Votes v ON u.Id = v.UserId\n    GROUP BY \n        u.Id, u.DisplayName\n),\nVoteStats AS (\n    SELECT \n        vt.Name AS VoteType,\n        COUNT(v.Id) AS TotalVotes,\n        AVG(v.BountyAmount) AS AvgBounty\n    FROM \n        Votes v\n    JOIN \n        VoteTypes vt ON v.VoteTypeId = vt.Id\n    GROUP BY \n        vt.Name\n)\n\n\nSELECT \n    ps.PostType,\n    ps.TotalPosts,\n    ps.AvgScore,\n    ps.TotalViews,\n    ps.TotalAcceptedAnswers,\n    us.DisplayName AS UserDisplayName,\n    us.TotalBounty,\n    us.TotalVotes,\n    vs.VoteType,\n    vs.TotalVotes AS VoteCount,\n    vs.AvgBounty\nFROM \n    PostStats ps\nJOIN \n    UserStats us ON us.TotalVotes > 0  \nJOIN \n    VoteStats vs ON vs.TotalVotes > 0  \nORDER BY \n    ps.TotalPosts DESC;",
    "blocked_thread_time": 0.0,
    "cpu_time": 1.8020982699999997,
    "extra_info": {},
    "cumulative_cardinality": 58686121,
    "cumulative_rows_scanned": 30599035,
    "result_set_size": 161828576,
    "latency": 4.813639276,
    "children": [
        {
            "operator_name": "ORDER_BY",
            "cpu_time": 1.8020982699999997,
            "extra_info": {
                "Order By": "ps.TotalPosts DESC"
            },
            "cumulative_cardinality": 58686121,
            "operator_type": "ORDER_BY",
            "operator_cardinality": 1189916,
            "cumulative_rows_scanned": 30599035,
            "operator_rows_scanned": 0,
            "operator_timing": 0.1769751899999999,
            "result_set_size": 161828576,
            "children": [
                {
                    "operator_name": "PROJECTION",
                    "cpu_time": 1.6251230799999998,
                    "extra_info": {
                        "Projections": [
                            "PostType",
                            "TotalPosts",
                            "AvgScore",
                            "TotalViews",
                            "TotalAcceptedAnswers",
                            "UserDisplayName",
                            "TotalBounty",
                            "TotalVotes",
                            "VoteType",
                            "VoteCount",
                            "AvgBounty"
                        ],
                        "Estimated Cardinality": "618582802858126464"
                    },
                    "cumulative_cardinality": 57496205,
                    "operator_type": "PROJECTION",
                    "operator_cardinality": 1189916,
                    "cumulative_rows_scanned": 30599035,
                    "operator_rows_scanned": 0,
                    "operator_timing": 0.0002801430000000005,
                    "result_set_size": 161828576,
                    "children": [
                        {
                            "operator_name": "CROSS_PRODUCT",
                            "cpu_time": 1.624842937,
                            "extra_info": {},
                            "cumulative_cardinality": 56306289,
                            "operator_type": "CROSS_PRODUCT",
                            "operator_cardinality": 1189916,
                            "cumulative_rows_scanned": 30599035,
                            "operator_rows_scanned": 0,
                            "operator_timing": 0.0015243689999999996,
                            "result_set_size": 161828576,
                            "children": [
                                {
                                    "operator_name": "CROSS_PRODUCT",
                                    "cpu_time": 1.3537332059999998,
                                    "extra_info": {},
                                    "cumulative_cardinality": 43566011,
                                    "operator_type": "CROSS_PRODUCT",
                                    "operator_cardinality": 169988,
                                    "cumulative_rows_scanned": 26748911,
                                    "operator_rows_scanned": 0,
                                    "operator_timing": 0.00043459399999999995,
                                    "result_set_size": 12239136,
                                    "children": [
                                        {
                                            "operator_name": "FILTER",
                                            "cpu_time": 0.5098098440000002,
                                            "extra_info": {
                                                "Expression": "(TotalVotes > 0)",
                                                "Estimated Cardinality": "1274409"
                                            },
                                            "cumulative_cardinality": 38232322,
                                            "operator_type": "FILTER",
                                            "operator_cardinality": 14,
                                            "cumulative_rows_scanned": 12744108,
                                            "operator_rows_scanned": 0,
                                            "operator_timing": 0.000012924999999999999,
                                            "result_set_size": 448,
                                            "children": [
                                                {
                                                    "operator_name": "HASH_GROUP_BY",
                                                    "cpu_time": 0.5097969190000001,
                                                    "extra_info": {
                                                        "Groups": "#0",
                                                        "Aggregates": [
                                                            "count_star()",
                                                            "avg(#1)"
                                                        ],
                                                        "Estimated Cardinality": "6372046"
                                                    },
                                                    "cumulative_cardinality": 38232308,
                                                    "operator_type": "HASH_GROUP_BY",
                                                    "operator_cardinality": 14,
                                                    "cumulative_rows_scanned": 12744108,
                                                    "operator_rows_scanned": 0,
                                                    "operator_timing": 0.23869504299999977,
                                                    "result_set_size": 448,
                                                    "children": [
                                                        {
                                                            "operator_name": "PROJECTION",
                                                            "cpu_time": 0.27110187600000035,
                                                            "extra_info": {
                                                                "Projections": [
                                                                    "name",
                                                                    "bountyamount"
                                                                ],
                                                                "Estimated Cardinality": "12744093"
                                                            },
                                                            "cumulative_cardinality": 38232294,
                                                            "operator_type": "PROJECTION",
                                                            "operator_cardinality": 12744093,
                                                            "cumulative_rows_scanned": 12744108,
                                                            "operator_rows_scanned": 0,
                                                            "operator_timing": 0.0007809650000000052,
                                                            "result_set_size": 254881860,
                                                            "children": [
                                                                {
                                                                    "operator_name": "HASH_JOIN",
                                                                    "cpu_time": 0.27032091100000033,
                                                                    "extra_info": {
                                                                        "Join Type": "INNER",
                                                                        "Conditions": "votetypeid = id",
                                                                        "Estimated Cardinality": "12744093"
                                                                    },
                                                                    "cumulative_cardinality": 25488201,
                                                                    "operator_type": "HASH_JOIN",
                                                                    "operator_cardinality": 12744093,
                                                                    "cumulative_rows_scanned": 12744108,
                                                                    "operator_rows_scanned": 0,
                                                                    "operator_timing": 0.033429223000000646,
                                                                    "result_set_size": 254881860,
                                                                    "children": [
                                                                        {
                                                                            "operator_name": "READ_PARQUET ",
                                                                            "cpu_time": 0.23659956299999974,
                                                                            "extra_info": {
                                                                                "Function": "READ_PARQUET",
                                                                                "Projections": [
                                                                                    "id",
                                                                                    "votetypeid",
                                                                                    "bountyamount"
                                                                                ],
                                                                                "Estimated Cardinality": "12744093"
                                                                            },
                                                                            "cumulative_cardinality": 12744093,
                                                                            "operator_type": "TABLE_SCAN",
                                                                            "operator_cardinality": 12744093,
                                                                            "cumulative_rows_scanned": 12744093,
                                                                            "operator_rows_scanned": 12744093,
                                                                            "operator_timing": 0.23659956299999974,
                                                                            "result_set_size": 127440930,
                                                                            "children": []
                                                                        },
                                                                        {
                                                                            "operator_name": "READ_PARQUET ",
                                                                            "cpu_time": 0.000292125,
                                                                            "extra_info": {
                                                                                "Function": "READ_PARQUET",
                                                                                "Projections": [
                                                                                    "id",
                                                                                    "name"
                                                                                ],
                                                                                "Estimated Cardinality": "15"
                                                                            },
                                                                            "cumulative_cardinality": 15,
                                                                            "operator_type": "TABLE_SCAN",
                                                                            "operator_cardinality": 15,
                                                                            "cumulative_rows_scanned": 15,
                                                                            "operator_rows_scanned": 15,
                                                                            "operator_timing": 0.000292125,
                                                                            "result_set_size": 270,
                                                                            "children": []
                                                                        }
                                                                    ]
                                                                }
                                                            ]
                                                        }
                                                    ]
                                                }
                                            ]
                                        },
                                        {
                                            "operator_name": "PROJECTION",
                                            "cpu_time": 0.8434887679999996,
                                            "extra_info": {
                                                "Projections": [
                                                    "#1",
                                                    "#2",
                                                    "#3"
                                                ],
                                                "Estimated Cardinality": "252142"
                                            },
                                            "cumulative_cardinality": 5163701,
                                            "operator_type": "PROJECTION",
                                            "operator_cardinality": 12142,
                                            "cumulative_rows_scanned": 14004803,
                                            "operator_rows_scanned": 0,
                                            "operator_timing": 0.0000032769999999999997,
                                            "result_set_size": 485680,
                                            "children": [
                                                {
                                                    "operator_name": "FILTER",
                                                    "cpu_time": 0.8434854909999996,
                                                    "extra_info": {
                                                        "Expression": "(TotalVotes > 0)",
                                                        "Estimated Cardinality": "252142"
                                                    },
                                                    "cumulative_cardinality": 5151559,
                                                    "operator_type": "FILTER",
                                                    "operator_cardinality": 12142,
                                                    "cumulative_rows_scanned": 14004803,
                                                    "operator_rows_scanned": 0,
                                                    "operator_timing": 0.001966571999999999,
                                                    "result_set_size": 534248,
                                                    "children": [
                                                        {
                                                            "operator_name": "HASH_GROUP_BY",
                                                            "cpu_time": 0.8415189189999996,
                                                            "extra_info": {
                                                                "Groups": [
                                                                    "#0",
                                                                    "#1"
                                                                ],
                                                                "Aggregates": [
                                                                    "sum(#2)",
                                                                    "count(DISTINCT #3)"
                                                                ],
                                                                "Estimated Cardinality": "1260710"
                                                            },
                                                            "cumulative_cardinality": 5139417,
                                                            "operator_type": "HASH_GROUP_BY",
                                                            "operator_cardinality": 1260710,
                                                            "cumulative_rows_scanned": 14004803,
                                                            "operator_rows_scanned": 0,
                                                            "operator_timing": 0.44878770400000056,
                                                            "result_set_size": 55471240,
                                                            "children": [
                                                                {
                                                                    "operator_name": "PROJECTION",
                                                                    "cpu_time": 0.39273121499999913,
                                                                    "extra_info": {
                                                                        "Projections": [
                                                                            "id",
                                                                            "displayname",
                                                                            "bountyamount",
                                                                            "postid"
                                                                        ],
                                                                        "Estimated Cardinality": "12744093"
                                                                    },
                                                                    "cumulative_cardinality": 3878707,
                                                                    "operator_type": "PROJECTION",
                                                                    "operator_cardinality": 1288855,
                                                                    "cumulative_rows_scanned": 14004803,
                                                                    "operator_rows_scanned": 0,
                                                                    "operator_timing": 0.0002145849999999997,
                                                                    "result_set_size": 36087940,
                                                                    "children": [
                                                                        {
                                                                            "operator_name": "HASH_JOIN",
                                                                            "cpu_time": 0.39251662999999914,
                                                                            "extra_info": {
                                                                                "Join Type": "RIGHT",
                                                                                "Conditions": "userid = id",
                                                                                "Estimated Cardinality": "12744093"
                                                                            },
                                                                            "cumulative_cardinality": 2589852,
                                                                            "operator_type": "HASH_JOIN",
                                                                            "operator_cardinality": 1288855,
                                                                            "cumulative_rows_scanned": 14004803,
                                                                            "operator_rows_scanned": 0,
                                                                            "operator_timing": 0.13053950499999953,
                                                                            "result_set_size": 36087940,
                                                                            "children": [
                                                                                {
                                                                                    "operator_name": "READ_PARQUET ",
                                                                                    "cpu_time": 0.18185977799999956,
                                                                                    "extra_info": {
                                                                                        "Function": "READ_PARQUET",
                                                                                        "Projections": [
                                                                                            "postid",
                                                                                            "userid",
                                                                                            "bountyamount"
                                                                                        ],
                                                                                        "Estimated Cardinality": "12744093"
                                                                                    },
                                                                                    "cumulative_cardinality": 40287,
                                                                                    "operator_type": "TABLE_SCAN",
                                                                                    "operator_cardinality": 40287,
                                                                                    "cumulative_rows_scanned": 12744093,
                                                                                    "operator_rows_scanned": 12744093,
                                                                                    "operator_timing": 0.18185977799999956,
                                                                                    "result_set_size": 483444,
                                                                                    "children": []
                                                                                },
                                                                                {
                                                                                    "operator_name": "READ_PARQUET ",
                                                                                    "cpu_time": 0.08011734700000003,
                                                                                    "extra_info": {
                                                                                        "Function": "READ_PARQUET",
                                                                                        "Projections": [
                                                                                            "id",
                                                                                            "displayname"
                                                                                        ],
                                                                                        "Estimated Cardinality": "1260710"
                                                                                    },
                                                                                    "cumulative_cardinality": 1260710,
                                                                                    "operator_type": "TABLE_SCAN",
                                                                                    "operator_cardinality": 1260710,
                                                                                    "cumulative_rows_scanned": 1260710,
                                                                                    "operator_rows_scanned": 1260710,
                                                                                    "operator_timing": 0.08011734700000003,
                                                                                    "result_set_size": 25214200,
                                                                                    "children": []
                                                                                }
                                                                            ]
                                                                        }
                                                                    ]
                                                                }
                                                            ]
                                                        }
                                                    ]
                                                }
                                            ]
                                        }
                                    ]
                                },
                                {
                                    "operator_name": "HASH_GROUP_BY",
                                    "cpu_time": 0.26958536200000005,
                                    "extra_info": {
                                        "Groups": "#0",
                                        "Aggregates": [
                                            "count_star()",
                                            "avg(#1)",
                                            "sum(#2)",
                                            "sum(#3)"
                                        ],
                                        "Estimated Cardinality": "1925058"
                                    },
                                    "cumulative_cardinality": 11550362,
                                    "operator_type": "HASH_GROUP_BY",
                                    "operator_cardinality": 7,
                                    "cumulative_rows_scanned": 3850124,
                                    "operator_rows_scanned": 0,
                                    "operator_timing": 0.10759040800000018,
                                    "result_set_size": 448,
                                    "children": [
                                        {
                                            "operator_name": "PROJECTION",
                                            "cpu_time": 0.16199495399999989,
                                            "extra_info": {
                                                "Projections": [
                                                    "name",
                                                    "score",
                                                    "viewcount",
                                                    "CASE  WHEN ((acceptedanswerid IS NOT NULL)) THEN (1) ELSE 0 END"
                                                ],
                                                "Estimated Cardinality": "3850116"
                                            },
                                            "cumulative_cardinality": 11550355,
                                            "operator_type": "PROJECTION",
                                            "operator_cardinality": 3850116,
                                            "cumulative_rows_scanned": 3850124,
                                            "operator_rows_scanned": 0,
                                            "operator_timing": 0.015073170999999986,
                                            "result_set_size": 107803248,
                                            "children": [
                                                {
                                                    "operator_name": "HASH_JOIN",
                                                    "cpu_time": 0.1469217829999999,
                                                    "extra_info": {
                                                        "Join Type": "INNER",
                                                        "Conditions": "posttypeid = id",
                                                        "Estimated Cardinality": "3850116"
                                                    },
                                                    "cumulative_cardinality": 7700239,
                                                    "operator_type": "HASH_JOIN",
                                                    "operator_cardinality": 3850116,
                                                    "cumulative_rows_scanned": 3850124,
                                                    "operator_rows_scanned": 0,
                                                    "operator_timing": 0.007690879999999972,
                                                    "result_set_size": 107803248,
                                                    "children": [
                                                        {
                                                            "operator_name": "READ_PARQUET ",
                                                            "cpu_time": 0.13890072599999992,
                                                            "extra_info": {
                                                                "Function": "READ_PARQUET",
                                                                "Projections": [
                                                                    "id",
                                                                    "posttypeid",
                                                                    "acceptedanswerid",
                                                                    "score",
                                                                    "viewcount"
                                                                ],
                                                                "Estimated Cardinality": "3850116"
                                                            },
                                                            "cumulative_cardinality": 3850116,
                                                            "operator_type": "TABLE_SCAN",
                                                            "operator_cardinality": 3850116,
                                                            "cumulative_rows_scanned": 3850116,
                                                            "operator_rows_scanned": 3850116,
                                                            "operator_timing": 0.13890072599999992,
                                                            "result_set_size": 69302088,
                                                            "children": []
                                                        },
                                                        {
                                                            "operator_name": "READ_PARQUET ",
                                                            "cpu_time": 0.00033017699999999997,
                                                            "extra_info": {
                                                                "Function": "READ_PARQUET",
                                                                "Projections": [
                                                                    "id",
                                                                    "name"
                                                                ],
                                                                "Filters": "id<=7",
                                                                "Estimated Cardinality": "8"
                                                            },
                                                            "cumulative_cardinality": 7,
                                                            "operator_type": "TABLE_SCAN",
                                                            "operator_cardinality": 7,
                                                            "cumulative_rows_scanned": 8,
                                                            "operator_rows_scanned": 8,
                                                            "operator_timing": 0.00033017699999999997,
                                                            "result_set_size": 126,
                                                            "children": []
                                                        }
                                                    ]
                                                }
                                            ]
                                        }
                                    ]
                                }
                            ]
                        }
                    ]
                }
            ]
        }
    ]
}