{
    "rows_returned": 100,
    "query_name": "WITH RankedPosts AS (\n    SELECT \n        p.Id AS PostId,\n        p.Title,\n        p.CreationDate,\n        p.OwnerUserId,\n        COUNT(c.Id) AS CommentCount,\n        SUM(v.BountyAmount) AS TotalBounty,\n        ROW_NUMBER() OVER (PARTITION BY p.OwnerUserId ORDER BY p.CreationDate DESC) AS PostRank\n    FROM \n        Posts p\n    LEFT JOIN \n        Comments c ON p.Id = c.PostId\n    LEFT JOIN \n        Votes v ON p.Id = v.PostId AND v.VoteTypeId = 8 \n    WHERE \n        p.CreationDate >= cast('2024-10-01 12:34:56' as timestamp) - INTERVAL '1 year'\n    GROUP BY \n        p.Id, p.Title, p.CreationDate, p.OwnerUserId\n),\nUserReputation AS (\n    SELECT \n        u.Id AS UserId,\n        u.Reputation,\n        COUNT(DISTINCT p.Id) AS PostCount,\n        SUM(COALESCE(b.Class, 0)) AS TotalBadges\n    FROM \n        Users u\n    LEFT JOIN \n        Posts p ON u.Id = p.OwnerUserId\n    LEFT JOIN \n        Badges b ON u.Id = b.UserId\n    GROUP BY \n        u.Id, u.Reputation\n),\nActiveUsers AS (\n    SELECT \n        ur.UserId,\n        ur.Reputation,\n        ur.PostCount,\n        ur.TotalBadges,\n        ROW_NUMBER() OVER (ORDER BY ur.Reputation DESC) AS UserRank\n    FROM \n        UserReputation ur\n    WHERE \n        ur.PostCount > 5\n)\nSELECT \n    rp.PostId,\n    rp.Title,\n    rp.CreationDate,\n    ua.UserId,\n    ua.Reputation,\n    rp.CommentCount,\n    rp.TotalBounty,\n    ua.PostCount,\n    ua.TotalBadges\nFROM \n    RankedPosts rp\nJOIN \n    ActiveUsers ua ON rp.OwnerUserId = ua.UserId\nWHERE \n    rp.TotalBounty > 0\n   OR EXISTS (SELECT 1 FROM Comments c WHERE c.PostId = rp.PostId AND c.UserId IS NOT NULL)\nORDER BY \n    ua.Reputation DESC, rp.CreationDate DESC\nLIMIT 100;",
    "blocked_thread_time": 0.0,
    "cpu_time": 27.39437132000032,
    "extra_info": {},
    "cumulative_cardinality": 1778373491,
    "cumulative_rows_scanned": 38510403,
    "result_set_size": 8400,
    "latency": 31.194749152,
    "children": [
        {
            "operator_name": "STREAMING_LIMIT",
            "cpu_time": 27.39437132000032,
            "extra_info": {},
            "cumulative_cardinality": 1778373491,
            "operator_type": "STREAMING_LIMIT",
            "operator_cardinality": 100,
            "cumulative_rows_scanned": 38510403,
            "operator_rows_scanned": 0,
            "operator_timing": 0.000001372,
            "result_set_size": 8400,
            "children": [
                {
                    "operator_name": "ORDER_BY",
                    "cpu_time": 27.39436994800032,
                    "extra_info": {
                        "Order By": [
                            "ua.Reputation DESC",
                            "rp.CreationDate DESC"
                        ]
                    },
                    "cumulative_cardinality": 1778373391,
                    "operator_type": "ORDER_BY",
                    "operator_cardinality": 4096,
                    "cumulative_rows_scanned": 38510403,
                    "operator_rows_scanned": 0,
                    "operator_timing": 0.004588933000000001,
                    "result_set_size": 344064,
                    "children": [
                        {
                            "operator_name": "PROJECTION",
                            "cpu_time": 27.38978101500032,
                            "extra_info": {
                                "Projections": [
                                    "PostId",
                                    "title",
                                    "creationdate",
                                    "UserId",
                                    "reputation",
                                    "CommentCount",
                                    "TotalBounty",
                                    "PostCount",
                                    "TotalBadges"
                                ],
                                "Estimated Cardinality": "770023"
                            },
                            "cumulative_cardinality": 1778369295,
                            "operator_type": "PROJECTION",
                            "operator_cardinality": 63457,
                            "cumulative_rows_scanned": 38510403,
                            "operator_rows_scanned": 0,
                            "operator_timing": 0.000025409,
                            "result_set_size": 5330388,
                            "children": [
                                {
                                    "operator_name": "FILTER",
                                    "cpu_time": 27.38975560600032,
                                    "extra_info": {
                                        "Expression": "(SUBQUERY OR (TotalBounty > 0))",
                                        "Estimated Cardinality": "770023"
                                    },
                                    "cumulative_cardinality": 1778305838,
                                    "operator_type": "FILTER",
                                    "operator_cardinality": 63457,
                                    "cumulative_rows_scanned": 38510403,
                                    "operator_rows_scanned": 0,
                                    "operator_timing": 0.0011165309999999996,
                                    "result_set_size": 5647673,
                                    "children": [
                                        {
                                            "operator_name": "LEFT_DELIM_JOIN",
                                            "cpu_time": 27.38863907500032,
                                            "extra_info": {
                                                "Join Type": "MARK",
                                                "Conditions": "PostId IS NOT DISTINCT FROM PostId",
                                                "Estimated Cardinality": "770023",
                                                "Delim Index": "1"
                                            },
                                            "cumulative_cardinality": 1778242381,
                                            "operator_type": "LEFT_DELIM_JOIN",
                                            "operator_cardinality": 0,
                                            "cumulative_rows_scanned": 38510403,
                                            "operator_rows_scanned": 0,
                                            "operator_timing": 0.008155976999999998,
                                            "result_set_size": 0,
                                            "children": [
                                                {
                                                    "operator_name": "HASH_JOIN",
                                                    "cpu_time": 27.35507394500032,
                                                    "extra_info": {
                                                        "Join Type": "INNER",
                                                        "Conditions": "owneruserid = UserId",
                                                        "Estimated Cardinality": "770023"
                                                    },
                                                    "cumulative_cardinality": 1776614123,
                                                    "operator_type": "HASH_JOIN",
                                                    "operator_cardinality": 114973,
                                                    "cumulative_rows_scanned": 31268581,
                                                    "operator_rows_scanned": 0,
                                                    "operator_timing": 0.006396692000000002,
                                                    "result_set_size": 10117624,
                                                    "children": [
                                                        {
                                                            "operator_name": "PROJECTION",
                                                            "cpu_time": 0.39219087400000036,
                                                            "extra_info": {
                                                                "Projections": [
                                                                    "PostId",
                                                                    "title",
                                                                    "creationdate",
                                                                    "owneruserid",
                                                                    "CommentCount",
                                                                    "TotalBounty"
                                                                ],
                                                                "Estimated Cardinality": "3850116"
                                                            },
                                                            "cumulative_cardinality": 2492849,
                                                            "operator_type": "PROJECTION",
                                                            "operator_cardinality": 145542,
                                                            "cumulative_rows_scanned": 23836031,
                                                            "operator_rows_scanned": 0,
                                                            "operator_timing": 0.000026339999999999995,
                                                            "result_set_size": 8150352,
                                                            "children": [
                                                                {
                                                                    "operator_name": "PROJECTION",
                                                                    "cpu_time": 0.39216453400000034,
                                                                    "extra_info": {
                                                                        "Projections": [
                                                                            "#0",
                                                                            "#1",
                                                                            "#2",
                                                                            "#3",
                                                                            "#4",
                                                                            "#5",
                                                                            "#6"
                                                                        ],
                                                                        "Estimated Cardinality": "3850116"
                                                                    },
                                                                    "cumulative_cardinality": 2347307,
                                                                    "operator_type": "PROJECTION",
                                                                    "operator_cardinality": 145542,
                                                                    "cumulative_rows_scanned": 23836031,
                                                                    "operator_rows_scanned": 0,
                                                                    "operator_timing": 0.00003149800000000001,
                                                                    "result_set_size": 9314688,
                                                                    "children": [
                                                                        {
                                                                            "operator_name": "WINDOW",
                                                                            "cpu_time": 0.3921330360000003,
                                                                            "extra_info": {
                                                                                "Projections": "ROW_NUMBER() OVER (PARTITION BY owneruserid ORDER BY creationdate DESC NULLS LAST)"
                                                                            },
                                                                            "cumulative_cardinality": 2201765,
                                                                            "operator_type": "WINDOW",
                                                                            "operator_cardinality": 145542,
                                                                            "cumulative_rows_scanned": 23836031,
                                                                            "operator_rows_scanned": 0,
                                                                            "operator_timing": 0.041869184,
                                                                            "result_set_size": 9314688,
                                                                            "children": [
                                                                                {
                                                                                    "operator_name": "HASH_GROUP_BY",
                                                                                    "cpu_time": 0.3502638520000003,
                                                                                    "extra_info": {
                                                                                        "Groups": [
                                                                                            "#0",
                                                                                            "#1",
                                                                                            "#2",
                                                                                            "#3"
                                                                                        ],
                                                                                        "Aggregates": [
                                                                                            "count(#4)",
                                                                                            "sum(#5)"
                                                                                        ],
                                                                                        "Estimated Cardinality": "3850116"
                                                                                    },
                                                                                    "cumulative_cardinality": 2056223,
                                                                                    "operator_type": "HASH_GROUP_BY",
                                                                                    "operator_cardinality": 145542,
                                                                                    "cumulative_rows_scanned": 23836031,
                                                                                    "operator_rows_scanned": 0,
                                                                                    "operator_timing": 0.04161399200000001,
                                                                                    "result_set_size": 8150352,
                                                                                    "children": [
                                                                                        {
                                                                                            "operator_name": "PROJECTION",
                                                                                            "cpu_time": 0.30864986000000033,
                                                                                            "extra_info": {
                                                                                                "Projections": [
                                                                                                    "id",
                                                                                                    "title",
                                                                                                    "creationdate",
                                                                                                    "owneruserid",
                                                                                                    "id",
                                                                                                    "bountyamount"
                                                                                                ],
                                                                                                "Estimated Cardinality": "7241822"
                                                                                            },
                                                                                            "cumulative_cardinality": 1910681,
                                                                                            "operator_type": "PROJECTION",
                                                                                            "operator_cardinality": 349553,
                                                                                            "cumulative_rows_scanned": 23836031,
                                                                                            "operator_rows_scanned": 0,
                                                                                            "operator_timing": 0.00006664400000000003,
                                                                                            "result_set_size": 13982120,
                                                                                            "children": [
                                                                                                {
                                                                                                    "operator_name": "PROJECTION",
                                                                                                    "cpu_time": 0.3085832160000003,
                                                                                                    "extra_info": {
                                                                                                        "Projections": [
                                                                                                            "#0",
                                                                                                            "#1",
                                                                                                            "#2",
                                                                                                            "#3",
                                                                                                            "#4",
                                                                                                            "__internal_decompress_integral_integer(#5, 0)"
                                                                                                        ],
                                                                                                        "Estimated Cardinality": "7241822"
                                                                                                    },
                                                                                                    "cumulative_cardinality": 1561128,
                                                                                                    "operator_type": "PROJECTION",
                                                                                                    "operator_cardinality": 349553,
                                                                                                    "cumulative_rows_scanned": 23836031,
                                                                                                    "operator_rows_scanned": 0,
                                                                                                    "operator_timing": 0.00016531799999999994,
                                                                                                    "result_set_size": 13982120,
                                                                                                    "children": [
                                                                                                        {
                                                                                                            "operator_name": "HASH_JOIN",
                                                                                                            "cpu_time": 0.3084178980000003,
                                                                                                            "extra_info": {
                                                                                                                "Join Type": "LEFT",
                                                                                                                "Conditions": "id = postid",
                                                                                                                "Estimated Cardinality": "7241822"
                                                                                                            },
                                                                                                            "cumulative_cardinality": 1211575,
                                                                                                            "operator_type": "HASH_JOIN",
                                                                                                            "operator_cardinality": 349553,
                                                                                                            "cumulative_rows_scanned": 23836031,
                                                                                                            "operator_rows_scanned": 0,
                                                                                                            "operator_timing": 0.017903883000000016,
                                                                                                            "result_set_size": 13283014,
                                                                                                            "children": [
                                                                                                                {
                                                                                                                    "operator_name": "HASH_JOIN",
                                                                                                                    "cpu_time": 0.09946679899999998,
                                                                                                                    "extra_info": {
                                                                                                                        "Join Type": "RIGHT",
                                                                                                                        "Conditions": "postid = id",
                                                                                                                        "Estimated Cardinality": "7241822"
                                                                                                                    },
                                                                                                                    "cumulative_cardinality": 781816,
                                                                                                                    "operator_type": "HASH_JOIN",
                                                                                                                    "operator_cardinality": 349210,
                                                                                                                    "cumulative_rows_scanned": 11091938,
                                                                                                                    "operator_rows_scanned": 0,
                                                                                                                    "operator_timing": 0.020936912000000002,
                                                                                                                    "result_set_size": 12571560,
                                                                                                                    "children": [
                                                                                                                        {
                                                                                                                            "operator_name": "READ_PARQUET ",
                                                                                                                            "cpu_time": 0.012650047999999999,
                                                                                                                            "extra_info": {
                                                                                                                                "Function": "READ_PARQUET",
                                                                                                                                "Projections": [
                                                                                                                                    "id",
                                                                                                                                    "postid"
                                                                                                                                ],
                                                                                                                                "Estimated Cardinality": "7241822"
                                                                                                                            },
                                                                                                                            "cumulative_cardinality": 287064,
                                                                                                                            "operator_type": "TABLE_SCAN",
                                                                                                                            "operator_cardinality": 287064,
                                                                                                                            "cumulative_rows_scanned": 7241822,
                                                                                                                            "operator_rows_scanned": 7241822,
                                                                                                                            "operator_timing": 0.012650047999999999,
                                                                                                                            "result_set_size": 2296512,
                                                                                                                            "children": []
                                                                                                                        },
                                                                                                                        {
                                                                                                                            "operator_name": "READ_PARQUET ",
                                                                                                                            "cpu_time": 0.06587983899999998,
                                                                                                                            "extra_info": {
                                                                                                                                "Function": "READ_PARQUET",
                                                                                                                                "Projections": [
                                                                                                                                    "id",
                                                                                                                                    "creationdate",
                                                                                                                                    "owneruserid",
                                                                                                                                    "title"
                                                                                                                                ],
                                                                                                                                "Filters": "creationdate>='2023-10-01 12:34:56'::TIMESTAMP",
                                                                                                                                "Estimated Cardinality": "770023"
                                                                                                                            },
                                                                                                                            "cumulative_cardinality": 145542,
                                                                                                                            "operator_type": "TABLE_SCAN",
                                                                                                                            "operator_cardinality": 145542,
                                                                                                                            "cumulative_rows_scanned": 3850116,
                                                                                                                            "operator_rows_scanned": 3850116,
                                                                                                                            "operator_timing": 0.06587983899999998,
                                                                                                                            "result_set_size": 4657344,
                                                                                                                            "children": []
                                                                                                                        }
                                                                                                                    ]
                                                                                                                },
                                                                                                                {
                                                                                                                    "operator_name": "PROJECTION",
                                                                                                                    "cpu_time": 0.1910472160000003,
                                                                                                                    "extra_info": {
                                                                                                                        "Projections": [
                                                                                                                            "#0",
                                                                                                                            "__internal_compress_integral_usmallint(#1, 0)"
                                                                                                                        ],
                                                                                                                        "Estimated Cardinality": "2548818"
                                                                                                                    },
                                                                                                                    "cumulative_cardinality": 80206,
                                                                                                                    "operator_type": "PROJECTION",
                                                                                                                    "operator_cardinality": 40103,
                                                                                                                    "cumulative_rows_scanned": 12744093,
                                                                                                                    "operator_rows_scanned": 0,
                                                                                                                    "operator_timing": 0.00265434900000002,
                                                                                                                    "result_set_size": 240618,
                                                                                                                    "children": [
                                                                                                                        {
                                                                                                                            "operator_name": "READ_PARQUET ",
                                                                                                                            "cpu_time": 0.18839286700000027,
                                                                                                                            "extra_info": {
                                                                                                                                "Function": "READ_PARQUET",
                                                                                                                                "Projections": [
                                                                                                                                    "postid",
                                                                                                                                    "bountyamount"
                                                                                                                                ],
                                                                                                                                "Filters": "votetypeid=8",
                                                                                                                                "Estimated Cardinality": "2548818"
                                                                                                                            },
                                                                                                                            "cumulative_cardinality": 40103,
                                                                                                                            "operator_type": "TABLE_SCAN",
                                                                                                                            "operator_cardinality": 40103,
                                                                                                                            "cumulative_rows_scanned": 12744093,
                                                                                                                            "operator_rows_scanned": 12744093,
                                                                                                                            "operator_timing": 0.18839286700000027,
                                                                                                                            "result_set_size": 320824,
                                                                                                                            "children": []
                                                                                                                        }
                                                                                                                    ]
                                                                                                                }
                                                                                                            ]
                                                                                                        }
                                                                                                    ]
                                                                                                }
                                                                                            ]
                                                                                        }
                                                                                    ]
                                                                                }
                                                                            ]
                                                                        }
                                                                    ]
                                                                }
                                                            ]
                                                        },
                                                        {
                                                            "operator_name": "PROJECTION",
                                                            "cpu_time": 26.95648637900032,
                                                            "extra_info": {
                                                                "Projections": [
                                                                    "#0",
                                                                    "#1",
                                                                    "#2",
                                                                    "#3"
                                                                ],
                                                                "Estimated Cardinality": "252142"
                                                            },
                                                            "cumulative_cardinality": 1774006301,
                                                            "operator_type": "PROJECTION",
                                                            "operator_cardinality": 62575,
                                                            "cumulative_rows_scanned": 7432550,
                                                            "operator_rows_scanned": 0,
                                                            "operator_timing": 0.000006020999999999998,
                                                            "result_set_size": 2002400,
                                                            "children": [
                                                                {
                                                                    "operator_name": "FILTER",
                                                                    "cpu_time": 26.95648035800032,
                                                                    "extra_info": {
                                                                        "Expression": "(UserId <= 1416539)",
                                                                        "Estimated Cardinality": "252142"
                                                                    },
                                                                    "cumulative_cardinality": 1773943726,
                                                                    "operator_type": "FILTER",
                                                                    "operator_cardinality": 62575,
                                                                    "cumulative_rows_scanned": 7432550,
                                                                    "operator_rows_scanned": 0,
                                                                    "operator_timing": 0.000073647,
                                                                    "result_set_size": 2503000,
                                                                    "children": [
                                                                        {
                                                                            "operator_name": "PROJECTION",
                                                                            "cpu_time": 26.95640671100032,
                                                                            "extra_info": {
                                                                                "Projections": [
                                                                                    "#0",
                                                                                    "#1",
                                                                                    "#2",
                                                                                    "#3",
                                                                                    "#4"
                                                                                ],
                                                                                "Estimated Cardinality": "252142"
                                                                            },
                                                                            "cumulative_cardinality": 1773881151,
                                                                            "operator_type": "PROJECTION",
                                                                            "operator_cardinality": 62575,
                                                                            "cumulative_rows_scanned": 7432550,
                                                                            "operator_rows_scanned": 0,
                                                                            "operator_timing": 0.000007644,
                                                                            "result_set_size": 2503000,
                                                                            "children": [
                                                                                {
                                                                                    "operator_name": "WINDOW",
                                                                                    "cpu_time": 26.95639906700032,
                                                                                    "extra_info": {
                                                                                        "Projections": "ROW_NUMBER() OVER (ORDER BY reputation DESC NULLS LAST)"
                                                                                    },
                                                                                    "cumulative_cardinality": 1773818576,
                                                                                    "operator_type": "WINDOW",
                                                                                    "operator_cardinality": 62575,
                                                                                    "cumulative_rows_scanned": 7432550,
                                                                                    "operator_rows_scanned": 0,
                                                                                    "operator_timing": 0.0028227170000000006,
                                                                                    "result_set_size": 2503000,
                                                                                    "children": [
                                                                                        {
                                                                                            "operator_name": "FILTER",
                                                                                            "cpu_time": 26.95357635000032,
                                                                                            "extra_info": {
                                                                                                "Expression": "(PostCount > 5)",
                                                                                                "Estimated Cardinality": "252142"
                                                                                            },
                                                                                            "cumulative_cardinality": 1773756001,
                                                                                            "operator_type": "FILTER",
                                                                                            "operator_cardinality": 62575,
                                                                                            "cumulative_rows_scanned": 7432550,
                                                                                            "operator_rows_scanned": 0,
                                                                                            "operator_timing": 0.001723150000000001,
                                                                                            "result_set_size": 2002400,
                                                                                            "children": [
                                                                                                {
                                                                                                    "operator_name": "HASH_GROUP_BY",
                                                                                                    "cpu_time": 26.95185320000032,
                                                                                                    "extra_info": {
                                                                                                        "Groups": [
                                                                                                            "#0",
                                                                                                            "#1"
                                                                                                        ],
                                                                                                        "Aggregates": [
                                                                                                            "count(DISTINCT #2)",
                                                                                                            "sum(#3)"
                                                                                                        ],
                                                                                                        "Estimated Cardinality": "1260710"
                                                                                                    },
                                                                                                    "cumulative_cardinality": 1773693426,
                                                                                                    "operator_type": "HASH_GROUP_BY",
                                                                                                    "operator_cardinality": 1260710,
                                                                                                    "cumulative_rows_scanned": 7432550,
                                                                                                    "operator_rows_scanned": 0,
                                                                                                    "operator_timing": 18.58255872700013,
                                                                                                    "result_set_size": 40342720,
                                                                                                    "children": [
                                                                                                        {
                                                                                                            "operator_name": "PROJECTION",
                                                                                                            "cpu_time": 8.369294473000188,
                                                                                                            "extra_info": {
                                                                                                                "Projections": [
                                                                                                                    "id",
                                                                                                                    "reputation",
                                                                                                                    "id",
                                                                                                                    "COALESCE(class, 0)"
                                                                                                                ],
                                                                                                                "Estimated Cardinality": "3850116"
                                                                                                            },
                                                                                                            "cumulative_cardinality": 1772432716,
                                                                                                            "operator_type": "PROJECTION",
                                                                                                            "operator_cardinality": 586089549,
                                                                                                            "cumulative_rows_scanned": 7432550,
                                                                                                            "operator_rows_scanned": 0,
                                                                                                            "operator_timing": 3.0868111390001043,
                                                                                                            "result_set_size": 8205253686,
                                                                                                            "children": [
                                                                                                                {
                                                                                                                    "operator_name": "PROJECTION",
                                                                                                                    "cpu_time": 5.282483334000084,
                                                                                                                    "extra_info": {
                                                                                                                        "Projections": [
                                                                                                                            "#0",
                                                                                                                            "#1",
                                                                                                                            "#2",
                                                                                                                            "__internal_decompress_integral_smallint(#3, 1)"
                                                                                                                        ],
                                                                                                                        "Estimated Cardinality": "3850116"
                                                                                                                    },
                                                                                                                    "cumulative_cardinality": 1186343167,
                                                                                                                    "operator_type": "PROJECTION",
                                                                                                                    "operator_cardinality": 586089549,
                                                                                                                    "cumulative_rows_scanned": 7432550,
                                                                                                                    "operator_rows_scanned": 0,
                                                                                                                    "operator_timing": 0.1981442660000867,
                                                                                                                    "result_set_size": 8205253686,
                                                                                                                    "children": [
                                                                                                                        {
                                                                                                                            "operator_name": "HASH_JOIN",
                                                                                                                            "cpu_time": 5.084339067999997,
                                                                                                                            "extra_info": {
                                                                                                                                "Join Type": "LEFT",
                                                                                                                                "Conditions": "id = userid",
                                                                                                                                "Estimated Cardinality": "3850116"
                                                                                                                            },
                                                                                                                            "cumulative_cardinality": 600253618,
                                                                                                                            "operator_type": "HASH_JOIN",
                                                                                                                            "operator_cardinality": 586089549,
                                                                                                                            "cumulative_rows_scanned": 7432550,
                                                                                                                            "operator_rows_scanned": 0,
                                                                                                                            "operator_timing": 4.714554873999997,
                                                                                                                            "result_set_size": 7619164137,
                                                                                                                            "children": [
                                                                                                                                {
                                                                                                                                    "operator_name": "HASH_JOIN",
                                                                                                                                    "cpu_time": 0.3485373419999992,
                                                                                                                                    "extra_info": {
                                                                                                                                        "Join Type": "RIGHT",
                                                                                                                                        "Conditions": "owneruserid = id",
                                                                                                                                        "Estimated Cardinality": "3850116"
                                                                                                                                    },
                                                                                                                                    "cumulative_cardinality": 9520621,
                                                                                                                                    "operator_type": "HASH_JOIN",
                                                                                                                                    "operator_cardinality": 4574495,
                                                                                                                                    "cumulative_rows_scanned": 5110826,
                                                                                                                                    "operator_rows_scanned": 0,
                                                                                                                                    "operator_timing": 0.24327632199999938,
                                                                                                                                    "result_set_size": 54893940,
                                                                                                                                    "children": [
                                                                                                                                        {
                                                                                                                                            "operator_name": "READ_PARQUET ",
                                                                                                                                            "cpu_time": 0.09119948299999982,
                                                                                                                                            "extra_info": {
                                                                                                                                                "Function": "READ_PARQUET",
                                                                                                                                                "Projections": [
                                                                                                                                                    "id",
                                                                                                                                                    "owneruserid"
                                                                                                                                                ],
                                                                                                                                                "Estimated Cardinality": "3850116"
                                                                                                                                            },
                                                                                                                                            "cumulative_cardinality": 3685416,
                                                                                                                                            "operator_type": "TABLE_SCAN",
                                                                                                                                            "operator_cardinality": 3685416,
                                                                                                                                            "cumulative_rows_scanned": 3850116,
                                                                                                                                            "operator_rows_scanned": 3850116,
                                                                                                                                            "operator_timing": 0.09119948299999982,
                                                                                                                                            "result_set_size": 29483328,
                                                                                                                                            "children": []
                                                                                                                                        },
                                                                                                                                        {
                                                                                                                                            "operator_name": "READ_PARQUET ",
                                                                                                                                            "cpu_time": 0.014061536999999992,
                                                                                                                                            "extra_info": {
                                                                                                                                                "Function": "READ_PARQUET",
                                                                                                                                                "Projections": [
                                                                                                                                                    "id",
                                                                                                                                                    "reputation"
                                                                                                                                                ],
                                                                                                                                                "Estimated Cardinality": "1260710"
                                                                                                                                            },
                                                                                                                                            "cumulative_cardinality": 1260710,
                                                                                                                                            "operator_type": "TABLE_SCAN",
                                                                                                                                            "operator_cardinality": 1260710,
                                                                                                                                            "cumulative_rows_scanned": 1260710,
                                                                                                                                            "operator_rows_scanned": 1260710,
                                                                                                                                            "operator_timing": 0.014061536999999992,
                                                                                                                                            "result_set_size": 10085680,
                                                                                                                                            "children": []
                                                                                                                                        }
                                                                                                                                    ]
                                                                                                                                },
                                                                                                                                {
                                                                                                                                    "operator_name": "PROJECTION",
                                                                                                                                    "cpu_time": 0.02124685199999996,
                                                                                                                                    "extra_info": {
                                                                                                                                        "Projections": [
                                                                                                                                            "#0",
                                                                                                                                            "__internal_compress_integral_utinyint(#1, 1)"
                                                                                                                                        ],
                                                                                                                                        "Estimated Cardinality": "2321724"
                                                                                                                                    },
                                                                                                                                    "cumulative_cardinality": 4643448,
                                                                                                                                    "operator_type": "PROJECTION",
                                                                                                                                    "operator_cardinality": 2321724,
                                                                                                                                    "cumulative_rows_scanned": 2321724,
                                                                                                                                    "operator_rows_scanned": 0,
                                                                                                                                    "operator_timing": 0.000562277999999999,
                                                                                                                                    "result_set_size": 11608620,
                                                                                                                                    "children": [
                                                                                                                                        {
                                                                                                                                            "operator_name": "READ_PARQUET ",
                                                                                                                                            "cpu_time": 0.02068457399999996,
                                                                                                                                            "extra_info": {
                                                                                                                                                "Function": "READ_PARQUET",
                                                                                                                                                "Projections": [
                                                                                                                                                    "userid",
                                                                                                                                                    "class"
                                                                                                                                                ],
                                                                                                                                                "Estimated Cardinality": "2321724"
                                                                                                                                            },
                                                                                                                                            "cumulative_cardinality": 2321724,
                                                                                                                                            "operator_type": "TABLE_SCAN",
                                                                                                                                            "operator_cardinality": 2321724,
                                                                                                                                            "cumulative_rows_scanned": 2321724,
                                                                                                                                            "operator_rows_scanned": 2321724,
                                                                                                                                            "operator_timing": 0.02068457399999996,
                                                                                                                                            "result_set_size": 13930344,
                                                                                                                                            "children": []
                                                                                                                                        }
                                                                                                                                    ]
                                                                                                                                }
                                                                                                                            ]
                                                                                                                        }
                                                                                                                    ]
                                                                                                                }
                                                                                                            ]
                                                                                                        }
                                                                                                    ]
                                                                                                }
                                                                                            ]
                                                                                        }
                                                                                    ]
                                                                                }
                                                                            ]
                                                                        }
                                                                    ]
                                                                }
                                                            ]
                                                        }
                                                    ]
                                                },
                                                {
                                                    "operator_name": "HASH_JOIN",
                                                    "cpu_time": 0.025066731000000005,
                                                    "extra_info": {
                                                        "Join Type": "MARK",
                                                        "Conditions": "PostId IS NOT DISTINCT FROM PostId",
                                                        "Estimated Cardinality": "770023"
                                                    },
                                                    "cumulative_cardinality": 1513285,
                                                    "operator_type": "HASH_JOIN",
                                                    "operator_cardinality": 114973,
                                                    "cumulative_rows_scanned": 7241822,
                                                    "operator_rows_scanned": 0,
                                                    "operator_timing": 0.0074505990000000005,
                                                    "result_set_size": 10232597,
                                                    "children": [
                                                        {
                                                            "operator_name": "COLUMN_DATA_SCAN",
                                                            "cpu_time": 0.0005300399999999999,
                                                            "extra_info": {
                                                                "Estimated Cardinality": "770023"
                                                            },
                                                            "cumulative_cardinality": 114973,
                                                            "operator_type": "COLUMN_DATA_SCAN",
                                                            "operator_cardinality": 114973,
                                                            "cumulative_rows_scanned": 0,
                                                            "operator_rows_scanned": 0,
                                                            "operator_timing": 0.0005300399999999999,
                                                            "result_set_size": 10117624,
                                                            "children": []
                                                        },
                                                        {
                                                            "operator_name": "PROJECTION",
                                                            "cpu_time": 0.017086092000000004,
                                                            "extra_info": {
                                                                "Projections": "PostId",
                                                                "Estimated Cardinality": "144836"
                                                            },
                                                            "cumulative_cardinality": 1283339,
                                                            "operator_type": "PROJECTION",
                                                            "operator_cardinality": 214310,
                                                            "cumulative_rows_scanned": 7241822,
                                                            "operator_rows_scanned": 0,
                                                            "operator_timing": 0.00001550000000000004,
                                                            "result_set_size": 857240,
                                                            "children": [
                                                                {
                                                                    "operator_name": "HASH_JOIN",
                                                                    "cpu_time": 0.017070592000000002,
                                                                    "extra_info": {
                                                                        "Join Type": "INNER",
                                                                        "Conditions": "postid = PostId",
                                                                        "Estimated Cardinality": "144836"
                                                                    },
                                                                    "cumulative_cardinality": 1069029,
                                                                    "operator_type": "HASH_JOIN",
                                                                    "operator_cardinality": 214310,
                                                                    "cumulative_rows_scanned": 7241822,
                                                                    "operator_rows_scanned": 0,
                                                                    "operator_timing": 0.002804606,
                                                                    "result_set_size": 1714480,
                                                                    "children": [
                                                                        {
                                                                            "operator_name": "PROJECTION",
                                                                            "cpu_time": 0.014265986000000003,
                                                                            "extra_info": {
                                                                                "Projections": "#0",
                                                                                "Estimated Cardinality": "1448364"
                                                                            },
                                                                            "cumulative_cardinality": 854719,
                                                                            "operator_type": "PROJECTION",
                                                                            "operator_cardinality": 283829,
                                                                            "cumulative_rows_scanned": 7241822,
                                                                            "operator_rows_scanned": 0,
                                                                            "operator_timing": 0.00001599700000000003,
                                                                            "result_set_size": 1135316,
                                                                            "children": [
                                                                                {
                                                                                    "operator_name": "FILTER",
                                                                                    "cpu_time": 0.014249989000000003,
                                                                                    "extra_info": {
                                                                                        "Expression": "(userid IS NOT NULL)",
                                                                                        "Estimated Cardinality": "1448364"
                                                                                    },
                                                                                    "cumulative_cardinality": 570890,
                                                                                    "operator_type": "FILTER",
                                                                                    "operator_cardinality": 283829,
                                                                                    "cumulative_rows_scanned": 7241822,
                                                                                    "operator_rows_scanned": 0,
                                                                                    "operator_timing": 0.0012019040000000002,
                                                                                    "result_set_size": 2270632,
                                                                                    "children": [
                                                                                        {
                                                                                            "operator_name": "READ_PARQUET ",
                                                                                            "cpu_time": 0.013048085000000003,
                                                                                            "extra_info": {
                                                                                                "Function": "READ_PARQUET",
                                                                                                "Projections": [
                                                                                                    "postid",
                                                                                                    "userid"
                                                                                                ],
                                                                                                "Estimated Cardinality": "7241822"
                                                                                            },
                                                                                            "cumulative_cardinality": 287061,
                                                                                            "operator_type": "TABLE_SCAN",
                                                                                            "operator_cardinality": 287061,
                                                                                            "cumulative_rows_scanned": 7241822,
                                                                                            "operator_rows_scanned": 7241822,
                                                                                            "operator_timing": 0.013048085000000003,
                                                                                            "result_set_size": 2296488,
                                                                                            "children": []
                                                                                        }
                                                                                    ]
                                                                                }
                                                                            ]
                                                                        },
                                                                        {
                                                                            "operator_name": "DELIM_SCAN",
                                                                            "cpu_time": 0.0,
                                                                            "extra_info": {
                                                                                "Delim Index": "1",
                                                                                "Estimated Cardinality": "385011"
                                                                            },
                                                                            "cumulative_cardinality": 0,
                                                                            "operator_type": "DELIM_SCAN",
                                                                            "operator_cardinality": 0,
                                                                            "cumulative_rows_scanned": 0,
                                                                            "operator_rows_scanned": 0,
                                                                            "operator_timing": 0.0,
                                                                            "result_set_size": 0,
                                                                            "children": []
                                                                        }
                                                                    ]
                                                                }
                                                            ]
                                                        }
                                                    ]
                                                },
                                                {
                                                    "operator_name": "HASH_GROUP_BY",
                                                    "cpu_time": 0.000342422,
                                                    "extra_info": {
                                                        "Groups": "#0",
                                                        "Aggregates": "",
                                                        "Estimated Cardinality": "770023"
                                                    },
                                                    "cumulative_cardinality": 114973,
                                                    "operator_type": "HASH_GROUP_BY",
                                                    "operator_cardinality": 114973,
                                                    "cumulative_rows_scanned": 0,
                                                    "operator_rows_scanned": 0,
                                                    "operator_timing": 0.000342422,
                                                    "result_set_size": 459892,
                                                    "children": []
                                                }
                                            ]
                                        }
                                    ]
                                }
                            ]
                        }
                    ]
                }
            ]
        }
    ]
}