{
    "rows_returned": 8,
    "query_name": "SELECT\n    pt.Name AS PostType,\n    COUNT(p.Id) AS TotalPosts,\n    COALESCE(AVG(vote_count), 0) AS AvgVotes,\n    COALESCE(AVG(comment_count), 0) AS AvgComments,\n    COALESCE(AVG(answer_count), 0) AS AvgAnswers\nFROM\n    PostTypes pt\nLEFT JOIN\n    Posts p ON p.PostTypeId = pt.Id\nLEFT JOIN (\n    SELECT PostId, COUNT(*) AS vote_count\n    FROM Votes\n    GROUP BY PostId\n) v ON v.PostId = p.Id\nLEFT JOIN (\n    SELECT PostId, COUNT(*) AS comment_count\n    FROM Comments\n    GROUP BY PostId\n) c ON c.PostId = p.Id\nLEFT JOIN (\n    SELECT ParentId AS PostId, COUNT(*) AS answer_count\n    FROM Posts\n    WHERE PostTypeId = 2  \n    GROUP BY ParentId\n) a ON a.PostId = p.Id\nGROUP BY\n    pt.Name\nORDER BY\n    pt.Name;",
    "blocked_thread_time": 0.0,
    "cpu_time": 2.369581292000003,
    "extra_info": {},
    "cumulative_cardinality": 74910619,
    "cumulative_rows_scanned": 27686155,
    "result_set_size": 384,
    "latency": 2.578136129,
    "children": [
        {
            "operator_name": "ORDER_BY",
            "cpu_time": 2.369581292000003,
            "extra_info": {
                "Order By": "pt.\"Name\" ASC"
            },
            "cumulative_cardinality": 74910619,
            "operator_type": "ORDER_BY",
            "operator_cardinality": 8,
            "cumulative_rows_scanned": 27686155,
            "operator_rows_scanned": 0,
            "operator_timing": 0.00003828,
            "result_set_size": 384,
            "children": [
                {
                    "operator_name": "PROJECTION",
                    "cpu_time": 2.369543012000003,
                    "extra_info": {
                        "Projections": [
                            "PostType",
                            "TotalPosts",
                            "AvgVotes",
                            "AvgComments",
                            "AvgAnswers"
                        ],
                        "Estimated Cardinality": "8"
                    },
                    "cumulative_cardinality": 74910611,
                    "operator_type": "PROJECTION",
                    "operator_cardinality": 8,
                    "cumulative_rows_scanned": 27686155,
                    "operator_rows_scanned": 0,
                    "operator_timing": 0.00001087,
                    "result_set_size": 384,
                    "children": [
                        {
                            "operator_name": "HASH_GROUP_BY",
                            "cpu_time": 2.369532142000003,
                            "extra_info": {
                                "Groups": "#0",
                                "Aggregates": [
                                    "count(#1)",
                                    "avg(#2)",
                                    "avg(#3)",
                                    "avg(#4)"
                                ],
                                "Estimated Cardinality": "8"
                            },
                            "cumulative_cardinality": 74910603,
                            "operator_type": "HASH_GROUP_BY",
                            "operator_cardinality": 8,
                            "cumulative_rows_scanned": 27686155,
                            "operator_rows_scanned": 0,
                            "operator_timing": 0.09713434200000025,
                            "result_set_size": 384,
                            "children": [
                                {
                                    "operator_name": "PROJECTION",
                                    "cpu_time": 2.2723978000000025,
                                    "extra_info": {
                                        "Projections": [
                                            "name",
                                            "id",
                                            "vote_count",
                                            "comment_count",
                                            "answer_count"
                                        ],
                                        "Estimated Cardinality": "6372046"
                                    },
                                    "cumulative_cardinality": 74910595,
                                    "operator_type": "PROJECTION",
                                    "operator_cardinality": 3850117,
                                    "cumulative_rows_scanned": 27686155,
                                    "operator_rows_scanned": 0,
                                    "operator_timing": 0.002279262999999955,
                                    "result_set_size": 169405148,
                                    "children": [
                                        {
                                            "operator_name": "HASH_JOIN",
                                            "cpu_time": 2.2701185370000023,
                                            "extra_info": {
                                                "Join Type": "LEFT",
                                                "Conditions": "id = PostId",
                                                "Estimated Cardinality": "6372046"
                                            },
                                            "cumulative_cardinality": 71060478,
                                            "operator_type": "HASH_JOIN",
                                            "operator_cardinality": 3850117,
                                            "cumulative_rows_scanned": 27686155,
                                            "operator_rows_scanned": 0,
                                            "operator_timing": 0.23481521500000088,
                                            "result_set_size": 169405148,
                                            "children": [
                                                {
                                                    "operator_name": "HASH_JOIN",
                                                    "cpu_time": 1.8285219360000011,
                                                    "extra_info": {
                                                        "Join Type": "LEFT",
                                                        "Conditions": "id = postid",
                                                        "Estimated Cardinality": "6372046"
                                                    },
                                                    "cumulative_cardinality": 61501204,
                                                    "operator_type": "HASH_JOIN",
                                                    "operator_cardinality": 3850117,
                                                    "cumulative_rows_scanned": 23836039,
                                                    "operator_rows_scanned": 0,
                                                    "operator_timing": 0.27174905000000005,
                                                    "result_set_size": 138604212,
                                                    "children": [
                                                        {
                                                            "operator_name": "HASH_JOIN",
                                                            "cpu_time": 1.263109384000001,
                                                            "extra_info": {
                                                                "Join Type": "RIGHT",
                                                                "Conditions": "postid = id",
                                                                "Estimated Cardinality": "6372046"
                                                            },
                                                            "cumulative_cardinality": 41003771,
                                                            "operator_type": "HASH_JOIN",
                                                            "operator_cardinality": 3850117,
                                                            "cumulative_rows_scanned": 16594217,
                                                            "operator_rows_scanned": 0,
                                                            "operator_timing": 0.47534417699999937,
                                                            "result_set_size": 107803276,
                                                            "children": [
                                                                {
                                                                    "operator_name": "HASH_GROUP_BY",
                                                                    "cpu_time": 0.6798522490000013,
                                                                    "extra_info": {
                                                                        "Groups": "#0",
                                                                        "Aggregates": "count_star()",
                                                                        "Estimated Cardinality": "6372046"
                                                                    },
                                                                    "cumulative_cardinality": 29453413,
                                                                    "operator_type": "HASH_GROUP_BY",
                                                                    "operator_cardinality": 3965227,
                                                                    "cumulative_rows_scanned": 12744093,
                                                                    "operator_rows_scanned": 0,
                                                                    "operator_timing": 0.6007107140000009,
                                                                    "result_set_size": 47582724,
                                                                    "children": [
                                                                        {
                                                                            "operator_name": "PROJECTION",
                                                                            "cpu_time": 0.07914153500000039,
                                                                            "extra_info": {
                                                                                "Projections": "postid",
                                                                                "Estimated Cardinality": "12744093"
                                                                            },
                                                                            "cumulative_cardinality": 25488186,
                                                                            "operator_type": "PROJECTION",
                                                                            "operator_cardinality": 12744093,
                                                                            "cumulative_rows_scanned": 12744093,
                                                                            "operator_rows_scanned": 0,
                                                                            "operator_timing": 0.0007367510000000066,
                                                                            "result_set_size": 50976372,
                                                                            "children": [
                                                                                {
                                                                                    "operator_name": "READ_PARQUET ",
                                                                                    "cpu_time": 0.07840478400000038,
                                                                                    "extra_info": {
                                                                                        "Function": "READ_PARQUET",
                                                                                        "Projections": "postid",
                                                                                        "Estimated Cardinality": "12744093"
                                                                                    },
                                                                                    "cumulative_cardinality": 12744093,
                                                                                    "operator_type": "TABLE_SCAN",
                                                                                    "operator_cardinality": 12744093,
                                                                                    "cumulative_rows_scanned": 12744093,
                                                                                    "operator_rows_scanned": 12744093,
                                                                                    "operator_timing": 0.07840478400000038,
                                                                                    "result_set_size": 50976372,
                                                                                    "children": []
                                                                                }
                                                                            ]
                                                                        }
                                                                    ]
                                                                },
                                                                {
                                                                    "operator_name": "HASH_JOIN",
                                                                    "cpu_time": 0.10791295800000014,
                                                                    "extra_info": {
                                                                        "Join Type": "RIGHT",
                                                                        "Conditions": "posttypeid = id",
                                                                        "Estimated Cardinality": "3850116"
                                                                    },
                                                                    "cumulative_cardinality": 7700241,
                                                                    "operator_type": "HASH_JOIN",
                                                                    "operator_cardinality": 3850117,
                                                                    "cumulative_rows_scanned": 3850124,
                                                                    "operator_rows_scanned": 0,
                                                                    "operator_timing": 0.0512651880000001,
                                                                    "result_set_size": 77002340,
                                                                    "children": [
                                                                        {
                                                                            "operator_name": "READ_PARQUET ",
                                                                            "cpu_time": 0.056302135000000045,
                                                                            "extra_info": {
                                                                                "Function": "READ_PARQUET",
                                                                                "Projections": [
                                                                                    "id",
                                                                                    "posttypeid"
                                                                                ],
                                                                                "Estimated Cardinality": "3850116"
                                                                            },
                                                                            "cumulative_cardinality": 3850116,
                                                                            "operator_type": "TABLE_SCAN",
                                                                            "operator_cardinality": 3850116,
                                                                            "cumulative_rows_scanned": 3850116,
                                                                            "operator_rows_scanned": 3850116,
                                                                            "operator_timing": 0.056302135000000045,
                                                                            "result_set_size": 23100696,
                                                                            "children": []
                                                                        },
                                                                        {
                                                                            "operator_name": "READ_PARQUET ",
                                                                            "cpu_time": 0.00034563499999999995,
                                                                            "extra_info": {
                                                                                "Function": "READ_PARQUET",
                                                                                "Projections": [
                                                                                    "id",
                                                                                    "name"
                                                                                ],
                                                                                "Estimated Cardinality": "8"
                                                                            },
                                                                            "cumulative_cardinality": 8,
                                                                            "operator_type": "TABLE_SCAN",
                                                                            "operator_cardinality": 8,
                                                                            "cumulative_rows_scanned": 8,
                                                                            "operator_rows_scanned": 8,
                                                                            "operator_timing": 0.00034563499999999995,
                                                                            "result_set_size": 144,
                                                                            "children": []
                                                                        }
                                                                    ]
                                                                }
                                                            ]
                                                        },
                                                        {
                                                            "operator_name": "HASH_GROUP_BY",
                                                            "cpu_time": 0.29366350199999997,
                                                            "extra_info": {
                                                                "Groups": "#0",
                                                                "Aggregates": "count_star()",
                                                                "Estimated Cardinality": "3620911"
                                                            },
                                                            "cumulative_cardinality": 16647316,
                                                            "operator_type": "HASH_GROUP_BY",
                                                            "operator_cardinality": 2163672,
                                                            "cumulative_rows_scanned": 7241822,
                                                            "operator_rows_scanned": 0,
                                                            "operator_timing": 0.24878744200000003,
                                                            "result_set_size": 25964064,
                                                            "children": [
                                                                {
                                                                    "operator_name": "PROJECTION",
                                                                    "cpu_time": 0.04487605999999995,
                                                                    "extra_info": {
                                                                        "Projections": "postid",
                                                                        "Estimated Cardinality": "7241822"
                                                                    },
                                                                    "cumulative_cardinality": 14483644,
                                                                    "operator_type": "PROJECTION",
                                                                    "operator_cardinality": 7241822,
                                                                    "cumulative_rows_scanned": 7241822,
                                                                    "operator_rows_scanned": 0,
                                                                    "operator_timing": 0.0003746050000000057,
                                                                    "result_set_size": 28967288,
                                                                    "children": [
                                                                        {
                                                                            "operator_name": "READ_PARQUET ",
                                                                            "cpu_time": 0.04450145499999994,
                                                                            "extra_info": {
                                                                                "Function": "READ_PARQUET",
                                                                                "Projections": "postid",
                                                                                "Estimated Cardinality": "7241822"
                                                                            },
                                                                            "cumulative_cardinality": 7241822,
                                                                            "operator_type": "TABLE_SCAN",
                                                                            "operator_cardinality": 7241822,
                                                                            "cumulative_rows_scanned": 7241822,
                                                                            "operator_rows_scanned": 7241822,
                                                                            "operator_timing": 0.04450145499999994,
                                                                            "result_set_size": 28967288,
                                                                            "children": []
                                                                        }
                                                                    ]
                                                                }
                                                            ]
                                                        }
                                                    ]
                                                },
                                                {
                                                    "operator_name": "HASH_GROUP_BY",
                                                    "cpu_time": 0.2067813860000004,
                                                    "extra_info": {
                                                        "Groups": "#0",
                                                        "Aggregates": "count_star()",
                                                        "Estimated Cardinality": "385011"
                                                    },
                                                    "cumulative_cardinality": 5709157,
                                                    "operator_type": "HASH_GROUP_BY",
                                                    "operator_cardinality": 1354571,
                                                    "cumulative_rows_scanned": 3850116,
                                                    "operator_rows_scanned": 0,
                                                    "operator_timing": 0.1152958130000003,
                                                    "result_set_size": 16254852,
                                                    "children": [
                                                        {
                                                            "operator_name": "PROJECTION",
                                                            "cpu_time": 0.0914855730000001,
                                                            "extra_info": {
                                                                "Projections": "parentid",
                                                                "Estimated Cardinality": "770023"
                                                            },
                                                            "cumulative_cardinality": 4354586,
                                                            "operator_type": "PROJECTION",
                                                            "operator_cardinality": 2177293,
                                                            "cumulative_rows_scanned": 3850116,
                                                            "operator_rows_scanned": 0,
                                                            "operator_timing": 0.00023474999999999804,
                                                            "result_set_size": 8709172,
                                                            "children": [
                                                                {
                                                                    "operator_name": "READ_PARQUET ",
                                                                    "cpu_time": 0.0912508230000001,
                                                                    "extra_info": {
                                                                        "Function": "READ_PARQUET",
                                                                        "Projections": "parentid",
                                                                        "Filters": "posttypeid=2",
                                                                        "Estimated Cardinality": "770023"
                                                                    },
                                                                    "cumulative_cardinality": 2177293,
                                                                    "operator_type": "TABLE_SCAN",
                                                                    "operator_cardinality": 2177293,
                                                                    "cumulative_rows_scanned": 3850116,
                                                                    "operator_rows_scanned": 3850116,
                                                                    "operator_timing": 0.0912508230000001,
                                                                    "result_set_size": 8709172,
                                                                    "children": []
                                                                }
                                                            ]
                                                        }
                                                    ]
                                                }
                                            ]
                                        }
                                    ]
                                }
                            ]
                        }
                    ]
                }
            ]
        }
    ]
}