{
    "rows_returned": 100,
    "query_name": "WITH PostStats AS (\n    SELECT \n        p.Id AS PostId, \n        p.Title, \n        p.CreationDate, \n        p.Score, \n        p.ViewCount, \n        p.AnswerCount,\n        COALESCE(c.CommentCount, 0) AS CommentCount,\n        u.Reputation,\n        u.DisplayName\n    FROM \n        Posts p\n    LEFT JOIN (\n        SELECT \n            PostId, \n            COUNT(*) AS CommentCount \n        FROM \n            Comments \n        GROUP BY \n            PostId\n    ) c ON p.Id = c.PostId\n    LEFT JOIN \n        Users u ON p.OwnerUserId = u.Id\n    WHERE \n        p.PostTypeId IN (1, 2)  \n)\n\nSELECT \n    ps.PostId,\n    ps.Title,\n    ps.CreationDate,\n    ps.Score,\n    ps.ViewCount,\n    ps.AnswerCount,\n    ps.CommentCount,\n    ps.Reputation,\n    ps.DisplayName\nFROM \n    PostStats ps\nORDER BY \n    ps.Score DESC, \n    ps.ViewCount DESC\nLIMIT 100;",
    "blocked_thread_time": 0.0,
    "cpu_time": 2.676324206999998,
    "extra_info": {},
    "cumulative_cardinality": 37143603,
    "cumulative_rows_scanned": 12352648,
    "result_set_size": 6800,
    "latency": 3.338624733,
    "children": [
        {
            "operator_name": "STREAMING_LIMIT",
            "cpu_time": 2.676324206999998,
            "extra_info": {},
            "cumulative_cardinality": 37143603,
            "operator_type": "STREAMING_LIMIT",
            "operator_cardinality": 100,
            "cumulative_rows_scanned": 12352648,
            "operator_rows_scanned": 0,
            "operator_timing": 0.0000024039999999999998,
            "result_set_size": 6800,
            "children": [
                {
                    "operator_name": "PROJECTION",
                    "cpu_time": 2.6763218029999982,
                    "extra_info": {
                        "Projections": [
                            "#0",
                            "#1",
                            "#2",
                            "__internal_decompress_integral_integer(#3, -72)",
                            "#4",
                            "__internal_decompress_integral_integer(#5, 0)",
                            "#6",
                            "#7",
                            "#8"
                        ],
                        "Estimated Cardinality": "3620911"
                    },
                    "cumulative_cardinality": 37143503,
                    "operator_type": "PROJECTION",
                    "operator_cardinality": 4096,
                    "cumulative_rows_scanned": 12352648,
                    "operator_rows_scanned": 0,
                    "operator_timing": 0.000013565,
                    "result_set_size": 278528,
                    "children": [
                        {
                            "operator_name": "ORDER_BY",
                            "cpu_time": 2.676308237999998,
                            "extra_info": {
                                "Order By": [
                                    "ps.Score DESC",
                                    "ps.ViewCount DESC"
                                ]
                            },
                            "cumulative_cardinality": 37139407,
                            "operator_type": "ORDER_BY",
                            "operator_cardinality": 4096,
                            "cumulative_rows_scanned": 12352648,
                            "operator_rows_scanned": 0,
                            "operator_timing": 0.6153592170000003,
                            "result_set_size": 258048,
                            "children": [
                                {
                                    "operator_name": "PROJECTION",
                                    "cpu_time": 2.0609490209999977,
                                    "extra_info": {
                                        "Projections": [
                                            "#0",
                                            "#1",
                                            "#2",
                                            "__internal_compress_integral_usmallint(#3, -72)",
                                            "#4",
                                            "__internal_compress_integral_utinyint(#5, 0)",
                                            "#6",
                                            "#7",
                                            "#8"
                                        ],
                                        "Estimated Cardinality": "3620911"
                                    },
                                    "cumulative_cardinality": 37135311,
                                    "operator_type": "PROJECTION",
                                    "operator_cardinality": 3845457,
                                    "cumulative_rows_scanned": 12352648,
                                    "operator_rows_scanned": 0,
                                    "operator_timing": 0.028463954999999982,
                                    "result_set_size": 242263791,
                                    "children": [
                                        {
                                            "operator_name": "PROJECTION",
                                            "cpu_time": 2.032485065999998,
                                            "extra_info": {
                                                "Projections": [
                                                    "PostId",
                                                    "title",
                                                    "creationdate",
                                                    "score",
                                                    "viewcount",
                                                    "answercount",
                                                    "CommentCount",
                                                    "reputation",
                                                    "displayname"
                                                ],
                                                "Estimated Cardinality": "3620911"
                                            },
                                            "cumulative_cardinality": 33289854,
                                            "operator_type": "PROJECTION",
                                            "operator_cardinality": 3845457,
                                            "cumulative_rows_scanned": 12352648,
                                            "operator_rows_scanned": 0,
                                            "operator_timing": 0.03736870199999996,
                                            "result_set_size": 261491076,
                                            "children": [
                                                {
                                                    "operator_name": "HASH_JOIN",
                                                    "cpu_time": 1.9951163639999978,
                                                    "extra_info": {
                                                        "Join Type": "LEFT",
                                                        "Conditions": "owneruserid = id",
                                                        "Estimated Cardinality": "3620911"
                                                    },
                                                    "cumulative_cardinality": 29444397,
                                                    "operator_type": "HASH_JOIN",
                                                    "operator_cardinality": 3845457,
                                                    "cumulative_rows_scanned": 12352648,
                                                    "operator_rows_scanned": 0,
                                                    "operator_timing": 0.3274469020000002,
                                                    "result_set_size": 261491076,
                                                    "children": [
                                                        {
                                                            "operator_name": "HASH_JOIN",
                                                            "cpu_time": 1.5808695949999978,
                                                            "extra_info": {
                                                                "Join Type": "RIGHT",
                                                                "Conditions": "postid = id",
                                                                "Estimated Cardinality": "3620911"
                                                            },
                                                            "cumulative_cardinality": 24338230,
                                                            "operator_type": "HASH_JOIN",
                                                            "operator_cardinality": 3845457,
                                                            "cumulative_rows_scanned": 11091938,
                                                            "operator_rows_scanned": 0,
                                                            "operator_timing": 0.6788308349999995,
                                                            "result_set_size": 199963764,
                                                            "children": [
                                                                {
                                                                    "operator_name": "HASH_GROUP_BY",
                                                                    "cpu_time": 0.3442385609999993,
                                                                    "extra_info": {
                                                                        "Groups": "#0",
                                                                        "Aggregates": "count_star()",
                                                                        "Estimated Cardinality": "3620911"
                                                                    },
                                                                    "cumulative_cardinality": 16647316,
                                                                    "operator_type": "HASH_GROUP_BY",
                                                                    "operator_cardinality": 2163672,
                                                                    "cumulative_rows_scanned": 7241822,
                                                                    "operator_rows_scanned": 0,
                                                                    "operator_timing": 0.2935576919999995,
                                                                    "result_set_size": 25964064,
                                                                    "children": [
                                                                        {
                                                                            "operator_name": "PROJECTION",
                                                                            "cpu_time": 0.05068086899999978,
                                                                            "extra_info": {
                                                                                "Projections": "postid",
                                                                                "Estimated Cardinality": "7241822"
                                                                            },
                                                                            "cumulative_cardinality": 14483644,
                                                                            "operator_type": "PROJECTION",
                                                                            "operator_cardinality": 7241822,
                                                                            "cumulative_rows_scanned": 7241822,
                                                                            "operator_rows_scanned": 0,
                                                                            "operator_timing": 0.0004433999999999955,
                                                                            "result_set_size": 28967288,
                                                                            "children": [
                                                                                {
                                                                                    "operator_name": "READ_PARQUET ",
                                                                                    "cpu_time": 0.050237468999999785,
                                                                                    "extra_info": {
                                                                                        "Function": "READ_PARQUET",
                                                                                        "Projections": "postid",
                                                                                        "Estimated Cardinality": "7241822"
                                                                                    },
                                                                                    "cumulative_cardinality": 7241822,
                                                                                    "operator_type": "TABLE_SCAN",
                                                                                    "operator_cardinality": 7241822,
                                                                                    "cumulative_rows_scanned": 7241822,
                                                                                    "operator_rows_scanned": 7241822,
                                                                                    "operator_timing": 0.050237468999999785,
                                                                                    "result_set_size": 28967288,
                                                                                    "children": []
                                                                                }
                                                                            ]
                                                                        }
                                                                    ]
                                                                },
                                                                {
                                                                    "operator_name": "READ_PARQUET ",
                                                                    "cpu_time": 0.557800198999999,
                                                                    "extra_info": {
                                                                        "Function": "READ_PARQUET",
                                                                        "Projections": [
                                                                            "id",
                                                                            "creationdate",
                                                                            "score",
                                                                            "viewcount",
                                                                            "owneruserid",
                                                                            "title",
                                                                            "answercount"
                                                                        ],
                                                                        "Filters": "posttypeid>=1 AND posttypeid<=2",
                                                                        "Estimated Cardinality": "770023"
                                                                    },
                                                                    "cumulative_cardinality": 3845457,
                                                                    "operator_type": "TABLE_SCAN",
                                                                    "operator_cardinality": 3845457,
                                                                    "cumulative_rows_scanned": 3850116,
                                                                    "operator_rows_scanned": 3850116,
                                                                    "operator_timing": 0.557800198999999,
                                                                    "result_set_size": 169200108,
                                                                    "children": []
                                                                }
                                                            ]
                                                        },
                                                        {
                                                            "operator_name": "READ_PARQUET ",
                                                            "cpu_time": 0.0867998669999999,
                                                            "extra_info": {
                                                                "Function": "READ_PARQUET",
                                                                "Projections": [
                                                                    "id",
                                                                    "reputation",
                                                                    "displayname"
                                                                ],
                                                                "Estimated Cardinality": "1260710"
                                                            },
                                                            "cumulative_cardinality": 1260710,
                                                            "operator_type": "TABLE_SCAN",
                                                            "operator_cardinality": 1260710,
                                                            "cumulative_rows_scanned": 1260710,
                                                            "operator_rows_scanned": 1260710,
                                                            "operator_timing": 0.0867998669999999,
                                                            "result_set_size": 30257040,
                                                            "children": []
                                                        }
                                                    ]
                                                }
                                            ]
                                        }
                                    ]
                                }
                            ]
                        }
                    ]
                }
            ]
        }
    ]
}