{
    "rows_returned": 100,
    "query_name": "WITH UserVoteStats AS (\n    SELECT \n        u.Id AS UserId,\n        COUNT(v.Id) AS TotalVotes,\n        SUM(CASE WHEN v.VoteTypeId = 2 THEN 1 ELSE 0 END) AS UpVotes,\n        SUM(CASE WHEN v.VoteTypeId = 3 THEN 1 ELSE 0 END) AS DownVotes\n    FROM \n        Users u\n    LEFT JOIN \n        Votes v ON u.Id = v.UserId\n    GROUP BY \n        u.Id\n),\nPostStats AS (\n    SELECT \n        p.Id AS PostId,\n        COUNT(c.Id) AS TotalComments,\n        SUM(CASE WHEN p.PostTypeId = 1 THEN 1 ELSE 0 END) AS QuestionCount,\n        SUM(CASE WHEN p.PostTypeId = 2 THEN 1 ELSE 0 END) AS AnswerCount\n    FROM \n        Posts p\n    LEFT JOIN \n        Comments c ON p.Id = c.PostId\n    GROUP BY \n        p.Id\n),\nAggregatedData AS (\n    SELECT \n        u.Reputation,\n        u.CreationDate,\n        MAX(ps.TotalComments) AS MaxComments,\n        SUM(ps.QuestionCount) AS TotalQuestions,\n        SUM(ps.AnswerCount) AS TotalAnswers,\n        SUM(uvs.TotalVotes) AS TotalUserVotes,\n        SUM(uvs.UpVotes) AS TotalUserUpVotes,\n        SUM(uvs.DownVotes) AS TotalUserDownVotes\n    FROM \n        Users u\n    LEFT JOIN \n        UserVoteStats uvs ON u.Id = uvs.UserId\n    LEFT JOIN \n        PostStats ps ON u.Id = ps.PostId\n    GROUP BY \n        u.Reputation, u.CreationDate\n)\nSELECT \n    Reputation,\n    CreationDate,\n    MaxComments,\n    TotalQuestions,\n    TotalAnswers,\n    TotalUserVotes,\n    TotalUserUpVotes,\n    TotalUserDownVotes\nFROM \n    AggregatedData\nORDER BY \n    Reputation DESC\nLIMIT 100;",
    "blocked_thread_time": 0.0,
    "cpu_time": 3.148602616,
    "extra_info": {},
    "cumulative_cardinality": 57024123,
    "cumulative_rows_scanned": 26357451,
    "result_set_size": 10000,
    "latency": 3.56270243,
    "children": [
        {
            "operator_name": "STREAMING_LIMIT",
            "cpu_time": 3.148602616,
            "extra_info": {},
            "cumulative_cardinality": 57024123,
            "operator_type": "STREAMING_LIMIT",
            "operator_cardinality": 100,
            "cumulative_rows_scanned": 26357451,
            "operator_rows_scanned": 0,
            "operator_timing": 0.0000033580000000000003,
            "result_set_size": 10000,
            "children": [
                {
                    "operator_name": "ORDER_BY",
                    "cpu_time": 3.148599258,
                    "extra_info": {
                        "Order By": "AggregatedData.Reputation DESC"
                    },
                    "cumulative_cardinality": 57024023,
                    "operator_type": "ORDER_BY",
                    "operator_cardinality": 4096,
                    "cumulative_rows_scanned": 26357451,
                    "operator_rows_scanned": 0,
                    "operator_timing": 0.035958511000000005,
                    "result_set_size": 409600,
                    "children": [
                        {
                            "operator_name": "HASH_GROUP_BY",
                            "cpu_time": 3.112640747,
                            "extra_info": {
                                "Groups": [
                                    "#0",
                                    "#1"
                                ],
                                "Aggregates": [
                                    "max(#2)",
                                    "sum(#3)",
                                    "sum(#4)",
                                    "sum(#5)",
                                    "sum(#6)",
                                    "sum(#7)"
                                ],
                                "Estimated Cardinality": "1260710"
                            },
                            "cumulative_cardinality": 57019927,
                            "operator_type": "HASH_GROUP_BY",
                            "operator_cardinality": 1260702,
                            "cumulative_rows_scanned": 26357451,
                            "operator_rows_scanned": 0,
                            "operator_timing": 0.47683248600000006,
                            "result_set_size": 126070200,
                            "children": [
                                {
                                    "operator_name": "PROJECTION",
                                    "cpu_time": 2.6358082609999998,
                                    "extra_info": {
                                        "Projections": [
                                            "reputation",
                                            "creationdate",
                                            "TotalComments",
                                            "QuestionCount",
                                            "AnswerCount",
                                            "TotalVotes",
                                            "UpVotes",
                                            "DownVotes"
                                        ],
                                        "Estimated Cardinality": "3850116"
                                    },
                                    "cumulative_cardinality": 55759225,
                                    "operator_type": "PROJECTION",
                                    "operator_cardinality": 1260710,
                                    "cumulative_rows_scanned": 26357451,
                                    "operator_rows_scanned": 0,
                                    "operator_timing": 0.0003695600000000007,
                                    "result_set_size": 115985320,
                                    "children": [
                                        {
                                            "operator_name": "HASH_JOIN",
                                            "cpu_time": 2.6354387009999996,
                                            "extra_info": {
                                                "Join Type": "RIGHT",
                                                "Conditions": "PostId = id",
                                                "Estimated Cardinality": "3850116"
                                            },
                                            "cumulative_cardinality": 54498515,
                                            "operator_type": "HASH_JOIN",
                                            "operator_cardinality": 1260710,
                                            "cumulative_rows_scanned": 26357451,
                                            "operator_rows_scanned": 0,
                                            "operator_timing": 0.20871624900000035,
                                            "result_set_size": 115985320,
                                            "children": [
                                                {
                                                    "operator_name": "HASH_GROUP_BY",
                                                    "cpu_time": 1.745664683999998,
                                                    "extra_info": {
                                                        "Groups": "#0",
                                                        "Aggregates": [
                                                            "count(#1)",
                                                            "sum(#2)",
                                                            "sum(#3)"
                                                        ],
                                                        "Estimated Cardinality": "3850116"
                                                    },
                                                    "cumulative_cardinality": 45576968,
                                                    "operator_type": "HASH_GROUP_BY",
                                                    "operator_cardinality": 3850116,
                                                    "cumulative_rows_scanned": 11091938,
                                                    "operator_rows_scanned": 0,
                                                    "operator_timing": 1.0140152449999988,
                                                    "result_set_size": 169405104,
                                                    "children": [
                                                        {
                                                            "operator_name": "PROJECTION",
                                                            "cpu_time": 0.7316494389999992,
                                                            "extra_info": {
                                                                "Projections": [
                                                                    "id",
                                                                    "id",
                                                                    "CASE  WHEN ((posttypeid = 1)) THEN (1) ELSE 0 END",
                                                                    "CASE  WHEN ((posttypeid = 2)) THEN (1) ELSE 0 END"
                                                                ],
                                                                "Estimated Cardinality": "7241822"
                                                            },
                                                            "cumulative_cardinality": 41726852,
                                                            "operator_type": "PROJECTION",
                                                            "operator_cardinality": 8928266,
                                                            "cumulative_rows_scanned": 11091938,
                                                            "operator_rows_scanned": 0,
                                                            "operator_timing": 0.03509437799999999,
                                                            "result_set_size": 142852256,
                                                            "children": [
                                                                {
                                                                    "operator_name": "PROJECTION",
                                                                    "cpu_time": 0.6965550609999992,
                                                                    "extra_info": {
                                                                        "Projections": [
                                                                            "#0",
                                                                            "#1",
                                                                            "__internal_decompress_integral_smallint(#2, 1)"
                                                                        ],
                                                                        "Estimated Cardinality": "7241822"
                                                                    },
                                                                    "cumulative_cardinality": 32798586,
                                                                    "operator_type": "PROJECTION",
                                                                    "operator_cardinality": 8928266,
                                                                    "cumulative_rows_scanned": 11091938,
                                                                    "operator_rows_scanned": 0,
                                                                    "operator_timing": 0.0028310110000000035,
                                                                    "result_set_size": 89282660,
                                                                    "children": [
                                                                        {
                                                                            "operator_name": "HASH_JOIN",
                                                                            "cpu_time": 0.6937240499999991,
                                                                            "extra_info": {
                                                                                "Join Type": "RIGHT",
                                                                                "Conditions": "postid = id",
                                                                                "Estimated Cardinality": "7241822"
                                                                            },
                                                                            "cumulative_cardinality": 23870320,
                                                                            "operator_type": "HASH_JOIN",
                                                                            "operator_cardinality": 8928266,
                                                                            "cumulative_rows_scanned": 11091938,
                                                                            "operator_rows_scanned": 0,
                                                                            "operator_timing": 0.5264349049999993,
                                                                            "result_set_size": 80354394,
                                                                            "children": [
                                                                                {
                                                                                    "operator_name": "READ_PARQUET ",
                                                                                    "cpu_time": 0.1268315619999999,
                                                                                    "extra_info": {
                                                                                        "Function": "READ_PARQUET",
                                                                                        "Projections": [
                                                                                            "id",
                                                                                            "postid"
                                                                                        ],
                                                                                        "Estimated Cardinality": "7241822"
                                                                                    },
                                                                                    "cumulative_cardinality": 7241822,
                                                                                    "operator_type": "TABLE_SCAN",
                                                                                    "operator_cardinality": 7241822,
                                                                                    "cumulative_rows_scanned": 7241822,
                                                                                    "operator_rows_scanned": 7241822,
                                                                                    "operator_timing": 0.1268315619999999,
                                                                                    "result_set_size": 57934576,
                                                                                    "children": []
                                                                                },
                                                                                {
                                                                                    "operator_name": "PROJECTION",
                                                                                    "cpu_time": 0.040457582999999936,
                                                                                    "extra_info": {
                                                                                        "Projections": [
                                                                                            "#0",
                                                                                            "__internal_compress_integral_utinyint(#1, 1)"
                                                                                        ],
                                                                                        "Estimated Cardinality": "3850116"
                                                                                    },
                                                                                    "cumulative_cardinality": 7700232,
                                                                                    "operator_type": "PROJECTION",
                                                                                    "operator_cardinality": 3850116,
                                                                                    "cumulative_rows_scanned": 3850116,
                                                                                    "operator_rows_scanned": 0,
                                                                                    "operator_timing": 0.0009154640000000072,
                                                                                    "result_set_size": 19250580,
                                                                                    "children": [
                                                                                        {
                                                                                            "operator_name": "READ_PARQUET ",
                                                                                            "cpu_time": 0.03954211899999993,
                                                                                            "extra_info": {
                                                                                                "Function": "READ_PARQUET",
                                                                                                "Projections": [
                                                                                                    "id",
                                                                                                    "posttypeid"
                                                                                                ],
                                                                                                "Estimated Cardinality": "3850116"
                                                                                            },
                                                                                            "cumulative_cardinality": 3850116,
                                                                                            "operator_type": "TABLE_SCAN",
                                                                                            "operator_cardinality": 3850116,
                                                                                            "cumulative_rows_scanned": 3850116,
                                                                                            "operator_rows_scanned": 3850116,
                                                                                            "operator_timing": 0.03954211899999993,
                                                                                            "result_set_size": 23100696,
                                                                                            "children": []
                                                                                        }
                                                                                    ]
                                                                                }
                                                                            ]
                                                                        }
                                                                    ]
                                                                }
                                                            ]
                                                        }
                                                    ]
                                                },
                                                {
                                                    "operator_name": "HASH_JOIN",
                                                    "cpu_time": 0.6810577680000012,
                                                    "extra_info": {
                                                        "Join Type": "RIGHT",
                                                        "Conditions": "UserId = id",
                                                        "Estimated Cardinality": "1260710"
                                                    },
                                                    "cumulative_cardinality": 7660837,
                                                    "operator_type": "HASH_JOIN",
                                                    "operator_cardinality": 1260710,
                                                    "cumulative_rows_scanned": 15265513,
                                                    "operator_rows_scanned": 0,
                                                    "operator_timing": 0.116708287,
                                                    "result_set_size": 70599760,
                                                    "children": [
                                                        {
                                                            "operator_name": "HASH_GROUP_BY",
                                                            "cpu_time": 0.5334840780000012,
                                                            "extra_info": {
                                                                "Groups": "#0",
                                                                "Aggregates": [
                                                                    "count(#1)",
                                                                    "sum(#2)",
                                                                    "sum(#3)"
                                                                ],
                                                                "Estimated Cardinality": "1260710"
                                                            },
                                                            "cumulative_cardinality": 5139417,
                                                            "operator_type": "HASH_GROUP_BY",
                                                            "operator_cardinality": 1260710,
                                                            "cumulative_rows_scanned": 14004803,
                                                            "operator_rows_scanned": 0,
                                                            "operator_timing": 0.22468467799999997,
                                                            "result_set_size": 55471240,
                                                            "children": [
                                                                {
                                                                    "operator_name": "PROJECTION",
                                                                    "cpu_time": 0.3087994000000013,
                                                                    "extra_info": {
                                                                        "Projections": [
                                                                            "id",
                                                                            "id",
                                                                            "CASE  WHEN ((votetypeid = 2)) THEN (1) ELSE 0 END",
                                                                            "CASE  WHEN ((votetypeid = 3)) THEN (1) ELSE 0 END"
                                                                        ],
                                                                        "Estimated Cardinality": "12744093"
                                                                    },
                                                                    "cumulative_cardinality": 3878707,
                                                                    "operator_type": "PROJECTION",
                                                                    "operator_cardinality": 1288855,
                                                                    "cumulative_rows_scanned": 14004803,
                                                                    "operator_rows_scanned": 0,
                                                                    "operator_timing": 0.0022167949999999997,
                                                                    "result_set_size": 20621680,
                                                                    "children": [
                                                                        {
                                                                            "operator_name": "HASH_JOIN",
                                                                            "cpu_time": 0.3065826050000013,
                                                                            "extra_info": {
                                                                                "Join Type": "RIGHT",
                                                                                "Conditions": "userid = id",
                                                                                "Estimated Cardinality": "12744093"
                                                                            },
                                                                            "cumulative_cardinality": 2589852,
                                                                            "operator_type": "HASH_JOIN",
                                                                            "operator_cardinality": 1288855,
                                                                            "cumulative_rows_scanned": 14004803,
                                                                            "operator_rows_scanned": 0,
                                                                            "operator_timing": 0.09981207200000138,
                                                                            "result_set_size": 12888550,
                                                                            "children": [
                                                                                {
                                                                                    "operator_name": "READ_PARQUET ",
                                                                                    "cpu_time": 0.19904150699999987,
                                                                                    "extra_info": {
                                                                                        "Function": "READ_PARQUET",
                                                                                        "Projections": [
                                                                                            "id",
                                                                                            "votetypeid",
                                                                                            "userid"
                                                                                        ],
                                                                                        "Estimated Cardinality": "12744093"
                                                                                    },
                                                                                    "cumulative_cardinality": 40287,
                                                                                    "operator_type": "TABLE_SCAN",
                                                                                    "operator_cardinality": 40287,
                                                                                    "cumulative_rows_scanned": 12744093,
                                                                                    "operator_rows_scanned": 12744093,
                                                                                    "operator_timing": 0.19904150699999987,
                                                                                    "result_set_size": 402870,
                                                                                    "children": []
                                                                                },
                                                                                {
                                                                                    "operator_name": "READ_PARQUET ",
                                                                                    "cpu_time": 0.007729026000000011,
                                                                                    "extra_info": {
                                                                                        "Function": "READ_PARQUET",
                                                                                        "Projections": "id",
                                                                                        "Estimated Cardinality": "1260710"
                                                                                    },
                                                                                    "cumulative_cardinality": 1260710,
                                                                                    "operator_type": "TABLE_SCAN",
                                                                                    "operator_cardinality": 1260710,
                                                                                    "cumulative_rows_scanned": 1260710,
                                                                                    "operator_rows_scanned": 1260710,
                                                                                    "operator_timing": 0.007729026000000011,
                                                                                    "result_set_size": 5042840,
                                                                                    "children": []
                                                                                }
                                                                            ]
                                                                        }
                                                                    ]
                                                                }
                                                            ]
                                                        },
                                                        {
                                                            "operator_name": "READ_PARQUET ",
                                                            "cpu_time": 0.030865403000000013,
                                                            "extra_info": {
                                                                "Function": "READ_PARQUET",
                                                                "Projections": [
                                                                    "id",
                                                                    "reputation",
                                                                    "creationdate"
                                                                ],
                                                                "Estimated Cardinality": "1260710"
                                                            },
                                                            "cumulative_cardinality": 1260710,
                                                            "operator_type": "TABLE_SCAN",
                                                            "operator_cardinality": 1260710,
                                                            "cumulative_rows_scanned": 1260710,
                                                            "operator_rows_scanned": 1260710,
                                                            "operator_timing": 0.030865403000000013,
                                                            "result_set_size": 20171360,
                                                            "children": []
                                                        }
                                                    ]
                                                }
                                            ]
                                        }
                                    ]
                                }
                            ]
                        }
                    ]
                }
            ]
        }
    ]
}