{
    "rows_returned": 1,
    "query_name": "\nWITH Benchmark AS (\n    SELECT \n        p.Id AS PostId,\n        p.Title,\n        p.CreationDate,\n        p.Score,\n        p.ViewCount,\n        COUNT(c.Id) AS CommentCount,\n        SUM(CASE WHEN v.VoteTypeId = 2 THEN 1 ELSE 0 END) AS UpVotes,   \n        SUM(CASE WHEN v.VoteTypeId = 3 THEN 1 ELSE 0 END) AS DownVotes, \n        COALESCE(b.UserId, -1) AS BadgeOwnerId  \n    FROM \n        Posts p\n    LEFT JOIN \n        Comments c ON c.PostId = p.Id\n    LEFT JOIN \n        Votes v ON v.PostId = p.Id\n    LEFT JOIN \n        Badges b ON b.UserId = p.OwnerUserId\n    WHERE \n        p.CreationDate >= TIMESTAMP '2024-10-01 12:34:56' - INTERVAL '1 year'\n    GROUP BY \n        p.Id, p.Title, p.CreationDate, p.Score, p.ViewCount, b.UserId\n)\nSELECT \n    AVG(Score) AS AvgScore,\n    AVG(ViewCount) AS AvgViewCount,\n    AVG(CommentCount) AS AvgCommentCount,\n    AVG(UpVotes) AS AvgUpVotes,\n    AVG(DownVotes) AS AvgDownVotes,\n    COUNT(DISTINCT PostId) AS PostCount,\n    COUNT(DISTINCT BadgeOwnerId) AS UniqueBadgeOwners\nFROM \n    Benchmark;\n",
    "blocked_thread_time": 0.0,
    "cpu_time": 5.744374474000001,
    "extra_info": {},
    "cumulative_cardinality": 343482664,
    "cumulative_rows_scanned": 26157755,
    "result_set_size": 56,
    "latency": 6.606302807,
    "children": [
        {
            "operator_name": "UNGROUPED_AGGREGATE",
            "cpu_time": 5.744374474000001,
            "extra_info": {
                "Aggregates": [
                    "avg(#0)",
                    "avg(#1)",
                    "avg(#2)",
                    "avg(#3)",
                    "avg(#4)",
                    "count(DISTINCT #5)",
                    "count(DISTINCT #6)"
                ]
            },
            "cumulative_cardinality": 343482664,
            "operator_type": "UNGROUPED_AGGREGATE",
            "operator_cardinality": 1,
            "cumulative_rows_scanned": 26157755,
            "operator_rows_scanned": 0,
            "operator_timing": 0.010993531,
            "result_set_size": 56,
            "children": [
                {
                    "operator_name": "PROJECTION",
                    "cpu_time": 5.733380943,
                    "extra_info": {
                        "Projections": [
                            "score",
                            "viewcount",
                            "CommentCount",
                            "UpVotes",
                            "DownVotes",
                            "PostId",
                            "BadgeOwnerId"
                        ],
                        "Estimated Cardinality": "3850116"
                    },
                    "cumulative_cardinality": 343482663,
                    "operator_type": "PROJECTION",
                    "operator_cardinality": 145542,
                    "cumulative_rows_scanned": 26157755,
                    "operator_rows_scanned": 0,
                    "operator_timing": 0.00002716799999999999,
                    "result_set_size": 8150352,
                    "children": [
                        {
                            "operator_name": "PROJECTION",
                            "cpu_time": 5.733353775,
                            "extra_info": {
                                "Projections": [
                                    "PostId",
                                    "score",
                                    "viewcount",
                                    "CommentCount",
                                    "UpVotes",
                                    "DownVotes",
                                    "BadgeOwnerId"
                                ],
                                "Estimated Cardinality": "3850116"
                            },
                            "cumulative_cardinality": 343337121,
                            "operator_type": "PROJECTION",
                            "operator_cardinality": 145542,
                            "cumulative_rows_scanned": 26157755,
                            "operator_rows_scanned": 0,
                            "operator_timing": 0.0007581750000000001,
                            "result_set_size": 8150352,
                            "children": [
                                {
                                    "operator_name": "PROJECTION",
                                    "cpu_time": 5.732595600000001,
                                    "extra_info": {
                                        "Projections": [
                                            "#0",
                                            "#1",
                                            "#2",
                                            "__internal_decompress_integral_integer(#3, -72)",
                                            "#4",
                                            "#5",
                                            "#6",
                                            "#7",
                                            "#8"
                                        ],
                                        "Estimated Cardinality": "3850116"
                                    },
                                    "cumulative_cardinality": 343191579,
                                    "operator_type": "PROJECTION",
                                    "operator_cardinality": 145542,
                                    "cumulative_rows_scanned": 26157755,
                                    "operator_rows_scanned": 0,
                                    "operator_timing": 0.000069915,
                                    "result_set_size": 11643360,
                                    "children": [
                                        {
                                            "operator_name": "HASH_GROUP_BY",
                                            "cpu_time": 5.732525685000001,
                                            "extra_info": {
                                                "Groups": [
                                                    "#0",
                                                    "#1",
                                                    "#2",
                                                    "#3",
                                                    "#4",
                                                    "#5"
                                                ],
                                                "Aggregates": [
                                                    "count(#6)",
                                                    "sum(#7)",
                                                    "sum(#8)"
                                                ],
                                                "Estimated Cardinality": "3850116"
                                            },
                                            "cumulative_cardinality": 343046037,
                                            "operator_type": "HASH_GROUP_BY",
                                            "operator_cardinality": 145542,
                                            "cumulative_rows_scanned": 26157755,
                                            "operator_rows_scanned": 0,
                                            "operator_timing": 3.4077289010000062,
                                            "result_set_size": 11352276,
                                            "children": [
                                                {
                                                    "operator_name": "PROJECTION",
                                                    "cpu_time": 2.324796783999995,
                                                    "extra_info": {
                                                        "Projections": [
                                                            "id",
                                                            "title",
                                                            "creationdate",
                                                            "score",
                                                            "viewcount",
                                                            "userid",
                                                            "id",
                                                            "CASE  WHEN ((votetypeid = 2)) THEN (1) ELSE 0 END",
                                                            "CASE  WHEN ((votetypeid = 3)) THEN (1) ELSE 0 END"
                                                        ],
                                                        "Estimated Cardinality": "12744093"
                                                    },
                                                    "cumulative_cardinality": 342900495,
                                                    "operator_type": "PROJECTION",
                                                    "operator_cardinality": 104133083,
                                                    "cumulative_rows_scanned": 26157755,
                                                    "operator_rows_scanned": 0,
                                                    "operator_timing": 0.4835597039999989,
                                                    "result_set_size": 5206654150,
                                                    "children": [
                                                        {
                                                            "operator_name": "PROJECTION",
                                                            "cpu_time": 1.8412370799999958,
                                                            "extra_info": {
                                                                "Projections": [
                                                                    "#1",
                                                                    "#2",
                                                                    "__internal_compress_integral_usmallint(#3, -72)",
                                                                    "#4",
                                                                    "#5",
                                                                    "#0",
                                                                    "#6",
                                                                    "#7"
                                                                ],
                                                                "Estimated Cardinality": "12744093"
                                                            },
                                                            "cumulative_cardinality": 238767412,
                                                            "operator_type": "PROJECTION",
                                                            "operator_cardinality": 104133083,
                                                            "cumulative_rows_scanned": 26157755,
                                                            "operator_rows_scanned": 0,
                                                            "operator_timing": 0.0970565839999948,
                                                            "result_set_size": 4581855652,
                                                            "children": [
                                                                {
                                                                    "operator_name": "HASH_JOIN",
                                                                    "cpu_time": 1.744180496000001,
                                                                    "extra_info": {
                                                                        "Join Type": "LEFT",
                                                                        "Conditions": "owneruserid = userid",
                                                                        "Estimated Cardinality": "12744093"
                                                                    },
                                                                    "cumulative_cardinality": 134634329,
                                                                    "operator_type": "HASH_JOIN",
                                                                    "operator_cardinality": 104133083,
                                                                    "cumulative_rows_scanned": 26157755,
                                                                    "operator_rows_scanned": 0,
                                                                    "operator_timing": 0.8616532760000007,
                                                                    "result_set_size": 4790121818,
                                                                    "children": [
                                                                        {
                                                                            "operator_name": "PROJECTION",
                                                                            "cpu_time": 0.8688280620000001,
                                                                            "extra_info": {
                                                                                "Projections": [
                                                                                    "#0",
                                                                                    "#1",
                                                                                    "#2",
                                                                                    "#3",
                                                                                    "#4",
                                                                                    "#5",
                                                                                    "#6",
                                                                                    "__internal_decompress_integral_smallint(#7, 1)"
                                                                                ],
                                                                                "Estimated Cardinality": "12744093"
                                                                            },
                                                                            "cumulative_cardinality": 28179522,
                                                                            "operator_type": "PROJECTION",
                                                                            "operator_cardinality": 954760,
                                                                            "cumulative_rows_scanned": 23836031,
                                                                            "operator_rows_scanned": 0,
                                                                            "operator_timing": 0.0006723939999999998,
                                                                            "result_set_size": 43918960,
                                                                            "children": [
                                                                                {
                                                                                    "operator_name": "HASH_JOIN",
                                                                                    "cpu_time": 0.8681556680000001,
                                                                                    "extra_info": {
                                                                                        "Join Type": "LEFT",
                                                                                        "Conditions": "id = postid",
                                                                                        "Estimated Cardinality": "12744093"
                                                                                    },
                                                                                    "cumulative_cardinality": 27224762,
                                                                                    "operator_type": "HASH_JOIN",
                                                                                    "operator_cardinality": 954760,
                                                                                    "cumulative_rows_scanned": 23836031,
                                                                                    "operator_rows_scanned": 0,
                                                                                    "operator_timing": 0.6175979380000001,
                                                                                    "result_set_size": 42964200,
                                                                                    "children": [
                                                                                        {
                                                                                            "operator_name": "HASH_JOIN",
                                                                                            "cpu_time": 0.11677624599999997,
                                                                                            "extra_info": {
                                                                                                "Join Type": "RIGHT",
                                                                                                "Conditions": "postid = id",
                                                                                                "Estimated Cardinality": "7241822"
                                                                                            },
                                                                                            "cumulative_cardinality": 781816,
                                                                                            "operator_type": "HASH_JOIN",
                                                                                            "operator_cardinality": 349210,
                                                                                            "cumulative_rows_scanned": 11091938,
                                                                                            "operator_rows_scanned": 0,
                                                                                            "operator_timing": 0.029927974000000003,
                                                                                            "result_set_size": 15365240,
                                                                                            "children": [
                                                                                                {
                                                                                                    "operator_name": "READ_PARQUET ",
                                                                                                    "cpu_time": 0.013466753000000008,
                                                                                                    "extra_info": {
                                                                                                        "Function": "READ_PARQUET",
                                                                                                        "Projections": [
                                                                                                            "id",
                                                                                                            "postid"
                                                                                                        ],
                                                                                                        "Estimated Cardinality": "7241822"
                                                                                                    },
                                                                                                    "cumulative_cardinality": 287064,
                                                                                                    "operator_type": "TABLE_SCAN",
                                                                                                    "operator_cardinality": 287064,
                                                                                                    "cumulative_rows_scanned": 7241822,
                                                                                                    "operator_rows_scanned": 7241822,
                                                                                                    "operator_timing": 0.013466753000000008,
                                                                                                    "result_set_size": 2296512,
                                                                                                    "children": []
                                                                                                },
                                                                                                {
                                                                                                    "operator_name": "READ_PARQUET ",
                                                                                                    "cpu_time": 0.07338151899999996,
                                                                                                    "extra_info": {
                                                                                                        "Function": "READ_PARQUET",
                                                                                                        "Projections": [
                                                                                                            "id",
                                                                                                            "creationdate",
                                                                                                            "score",
                                                                                                            "viewcount",
                                                                                                            "owneruserid",
                                                                                                            "title"
                                                                                                        ],
                                                                                                        "Filters": "creationdate>='2023-10-01 12:34:56'::TIMESTAMP",
                                                                                                        "Estimated Cardinality": "770023"
                                                                                                    },
                                                                                                    "cumulative_cardinality": 145542,
                                                                                                    "operator_type": "TABLE_SCAN",
                                                                                                    "operator_cardinality": 145542,
                                                                                                    "cumulative_rows_scanned": 3850116,
                                                                                                    "operator_rows_scanned": 3850116,
                                                                                                    "operator_timing": 0.07338151899999996,
                                                                                                    "result_set_size": 5821680,
                                                                                                    "children": []
                                                                                                }
                                                                                            ]
                                                                                        },
                                                                                        {
                                                                                            "operator_name": "PROJECTION",
                                                                                            "cpu_time": 0.1337814840000001,
                                                                                            "extra_info": {
                                                                                                "Projections": [
                                                                                                    "#0",
                                                                                                    "__internal_compress_integral_utinyint(#1, 1)"
                                                                                                ],
                                                                                                "Estimated Cardinality": "12744093"
                                                                                            },
                                                                                            "cumulative_cardinality": 25488186,
                                                                                            "operator_type": "PROJECTION",
                                                                                            "operator_cardinality": 12744093,
                                                                                            "cumulative_rows_scanned": 12744093,
                                                                                            "operator_rows_scanned": 0,
                                                                                            "operator_timing": 0.0030129680000000442,
                                                                                            "result_set_size": 63720465,
                                                                                            "children": [
                                                                                                {
                                                                                                    "operator_name": "READ_PARQUET ",
                                                                                                    "cpu_time": 0.13076851600000006,
                                                                                                    "extra_info": {
                                                                                                        "Function": "READ_PARQUET",
                                                                                                        "Projections": [
                                                                                                            "postid",
                                                                                                            "votetypeid"
                                                                                                        ],
                                                                                                        "Estimated Cardinality": "12744093"
                                                                                                    },
                                                                                                    "cumulative_cardinality": 12744093,
                                                                                                    "operator_type": "TABLE_SCAN",
                                                                                                    "operator_cardinality": 12744093,
                                                                                                    "cumulative_rows_scanned": 12744093,
                                                                                                    "operator_rows_scanned": 12744093,
                                                                                                    "operator_timing": 0.13076851600000006,
                                                                                                    "result_set_size": 76464558,
                                                                                                    "children": []
                                                                                                }
                                                                                            ]
                                                                                        }
                                                                                    ]
                                                                                }
                                                                            ]
                                                                        },
                                                                        {
                                                                            "operator_name": "READ_PARQUET ",
                                                                            "cpu_time": 0.013699158000000015,
                                                                            "extra_info": {
                                                                                "Function": "READ_PARQUET",
                                                                                "Projections": "userid",
                                                                                "Estimated Cardinality": "2321724"
                                                                            },
                                                                            "cumulative_cardinality": 2321724,
                                                                            "operator_type": "TABLE_SCAN",
                                                                            "operator_cardinality": 2321724,
                                                                            "cumulative_rows_scanned": 2321724,
                                                                            "operator_rows_scanned": 2321724,
                                                                            "operator_timing": 0.013699158000000015,
                                                                            "result_set_size": 9286896,
                                                                            "children": []
                                                                        }
                                                                    ]
                                                                }
                                                            ]
                                                        }
                                                    ]
                                                }
                                            ]
                                        }
                                    ]
                                }
                            ]
                        }
                    ]
                }
            ]
        }
    ]
}