{
    "rows_returned": 1260710,
    "query_name": "SELECT \n    u.Id AS UserId,\n    u.DisplayName,\n    u.Reputation,\n    COUNT(DISTINCT p.Id) AS PostCount,\n    COALESCE(SUM(p.Score), 0) AS TotalScore,\n    COALESCE(SUM(p.ViewCount), 0) AS TotalViews,\n    MAX(p.CreationDate) AS MostRecentPostDate,\n    MIN(p.CreationDate) AS FirstPostDate\nFROM \n    Users u\nLEFT JOIN \n    Posts p ON u.Id = p.OwnerUserId\nGROUP BY \n    u.Id, u.DisplayName, u.Reputation\nORDER BY \n    u.Reputation DESC;",
    "blocked_thread_time": 0.0,
    "cpu_time": 2.105896712,
    "extra_info": {},
    "cumulative_cardinality": 17877246,
    "cumulative_rows_scanned": 5110826,
    "result_set_size": 100856800,
    "latency": 5.115493095,
    "children": [
        {
            "operator_name": "ORDER_BY",
            "cpu_time": 2.105896712,
            "extra_info": {
                "Order By": "u.Reputation DESC"
            },
            "cumulative_cardinality": 17877246,
            "operator_type": "ORDER_BY",
            "operator_cardinality": 1260710,
            "cumulative_rows_scanned": 5110826,
            "operator_rows_scanned": 0,
            "operator_timing": 0.092711763,
            "result_set_size": 100856800,
            "children": [
                {
                    "operator_name": "PROJECTION",
                    "cpu_time": 2.013184949,
                    "extra_info": {
                        "Projections": [
                            "UserId",
                            "displayname",
                            "reputation",
                            "PostCount",
                            "TotalScore",
                            "TotalViews",
                            "MostRecentPostDate",
                            "FirstPostDate"
                        ],
                        "Estimated Cardinality": "1260710"
                    },
                    "cumulative_cardinality": 16616536,
                    "operator_type": "PROJECTION",
                    "operator_cardinality": 1260710,
                    "cumulative_rows_scanned": 5110826,
                    "operator_rows_scanned": 0,
                    "operator_timing": 0.011565565999999994,
                    "result_set_size": 100856800,
                    "children": [
                        {
                            "operator_name": "HASH_GROUP_BY",
                            "cpu_time": 2.001619383,
                            "extra_info": {
                                "Groups": [
                                    "#0",
                                    "#1",
                                    "#2"
                                ],
                                "Aggregates": [
                                    "count(DISTINCT #3)",
                                    "sum(#4)",
                                    "sum(#5)",
                                    "max(#6)",
                                    "min(#7)"
                                ],
                                "Estimated Cardinality": "1260710"
                            },
                            "cumulative_cardinality": 15355826,
                            "operator_type": "HASH_GROUP_BY",
                            "operator_cardinality": 1260710,
                            "cumulative_rows_scanned": 5110826,
                            "operator_rows_scanned": 0,
                            "operator_timing": 1.454142477,
                            "result_set_size": 100856800,
                            "children": [
                                {
                                    "operator_name": "PROJECTION",
                                    "cpu_time": 0.5474769060000001,
                                    "extra_info": {
                                        "Projections": [
                                            "id",
                                            "displayname",
                                            "reputation",
                                            "id",
                                            "score",
                                            "viewcount",
                                            "creationdate",
                                            "creationdate"
                                        ],
                                        "Estimated Cardinality": "3850116"
                                    },
                                    "cumulative_cardinality": 14095116,
                                    "operator_type": "PROJECTION",
                                    "operator_cardinality": 4574495,
                                    "cumulative_rows_scanned": 5110826,
                                    "operator_rows_scanned": 0,
                                    "operator_timing": 0.0012541809999999987,
                                    "result_set_size": 237873740,
                                    "children": [
                                        {
                                            "operator_name": "HASH_JOIN",
                                            "cpu_time": 0.5462227250000001,
                                            "extra_info": {
                                                "Join Type": "RIGHT",
                                                "Conditions": "owneruserid = id",
                                                "Estimated Cardinality": "3850116"
                                            },
                                            "cumulative_cardinality": 9520621,
                                            "operator_type": "HASH_JOIN",
                                            "operator_cardinality": 4574495,
                                            "cumulative_rows_scanned": 5110826,
                                            "operator_rows_scanned": 0,
                                            "operator_timing": 0.26809500600000014,
                                            "result_set_size": 201277780,
                                            "children": [
                                                {
                                                    "operator_name": "READ_PARQUET ",
                                                    "cpu_time": 0.1939039439999999,
                                                    "extra_info": {
                                                        "Function": "READ_PARQUET",
                                                        "Projections": [
                                                            "id",
                                                            "creationdate",
                                                            "score",
                                                            "viewcount",
                                                            "owneruserid"
                                                        ],
                                                        "Estimated Cardinality": "3850116"
                                                    },
                                                    "cumulative_cardinality": 3685416,
                                                    "operator_type": "TABLE_SCAN",
                                                    "operator_cardinality": 3685416,
                                                    "cumulative_rows_scanned": 3850116,
                                                    "operator_rows_scanned": 3850116,
                                                    "operator_timing": 0.1939039439999999,
                                                    "result_set_size": 88449984,
                                                    "children": []
                                                },
                                                {
                                                    "operator_name": "READ_PARQUET ",
                                                    "cpu_time": 0.08422377500000011,
                                                    "extra_info": {
                                                        "Function": "READ_PARQUET",
                                                        "Projections": [
                                                            "id",
                                                            "reputation",
                                                            "displayname"
                                                        ],
                                                        "Estimated Cardinality": "1260710"
                                                    },
                                                    "cumulative_cardinality": 1260710,
                                                    "operator_type": "TABLE_SCAN",
                                                    "operator_cardinality": 1260710,
                                                    "cumulative_rows_scanned": 1260710,
                                                    "operator_rows_scanned": 1260710,
                                                    "operator_timing": 0.08422377500000011,
                                                    "result_set_size": 30257040,
                                                    "children": []
                                                }
                                            ]
                                        }
                                    ]
                                }
                            ]
                        }
                    ]
                }
            ]
        }
    ]
}