{
    "rows_returned": 100,
    "query_name": "\nWITH UserPostStats AS (\n    SELECT \n        u.Id AS UserId,\n        u.DisplayName,\n        u.Reputation,\n        COUNT(p.Id) AS TotalPosts,\n        SUM(CASE WHEN p.PostTypeId = 1 THEN 1 ELSE 0 END) AS TotalQuestions,\n        SUM(CASE WHEN p.PostTypeId = 2 THEN 1 ELSE 0 END) AS TotalAnswers,\n        SUM(p.Score) AS TotalScore,\n        COALESCE(SUM(p.ViewCount), 0) AS TotalViews,\n        COALESCE(SUM(p.FavoriteCount), 0) AS TotalFavorites\n    FROM \n        Users u\n    LEFT JOIN \n        Posts p ON u.Id = p.OwnerUserId\n    GROUP BY \n        u.Id, u.DisplayName, u.Reputation\n)\n\nSELECT \n    ups.UserId,\n    ups.DisplayName,\n    ups.Reputation,\n    ups.TotalPosts,\n    ups.TotalQuestions,\n    ups.TotalAnswers,\n    ups.TotalScore,\n    ups.TotalViews,\n    ups.TotalFavorites,\n    (SELECT COUNT(*) FROM Badges b WHERE b.UserId = ups.UserId) AS BadgeCount\nFROM \n    UserPostStats ups\nORDER BY \n    ups.Reputation DESC, \n    ups.TotalScore DESC\nFETCH FIRST 100 ROWS ONLY;\n",
    "blocked_thread_time": 0.0,
    "cpu_time": 1.8333368599999995,
    "extra_info": {},
    "cumulative_cardinality": 29377461,
    "cumulative_rows_scanned": 7432550,
    "result_set_size": 12000,
    "latency": 2.210619718,
    "children": [
        {
            "operator_name": "STREAMING_LIMIT",
            "cpu_time": 1.8333368599999995,
            "extra_info": {},
            "cumulative_cardinality": 29377461,
            "operator_type": "STREAMING_LIMIT",
            "operator_cardinality": 100,
            "cumulative_rows_scanned": 7432550,
            "operator_rows_scanned": 0,
            "operator_timing": 0.000003498,
            "result_set_size": 12000,
            "children": [
                {
                    "operator_name": "ORDER_BY",
                    "cpu_time": 1.8333333619999994,
                    "extra_info": {
                        "Order By": [
                            "ups.Reputation DESC",
                            "ups.TotalScore DESC"
                        ]
                    },
                    "cumulative_cardinality": 29377361,
                    "operator_type": "ORDER_BY",
                    "operator_cardinality": 4096,
                    "cumulative_rows_scanned": 7432550,
                    "operator_rows_scanned": 0,
                    "operator_timing": 0.1795183819999999,
                    "result_set_size": 491520,
                    "children": [
                        {
                            "operator_name": "PROJECTION",
                            "cpu_time": 1.6538149799999995,
                            "extra_info": {
                                "Projections": [
                                    "UserId",
                                    "displayname",
                                    "reputation",
                                    "TotalPosts",
                                    "TotalQuestions",
                                    "TotalAnswers",
                                    "TotalScore",
                                    "TotalViews",
                                    "TotalFavorites",
                                    "BadgeCount"
                                ],
                                "Estimated Cardinality": "1260710"
                            },
                            "cumulative_cardinality": 29373265,
                            "operator_type": "PROJECTION",
                            "operator_cardinality": 1260710,
                            "cumulative_rows_scanned": 7432550,
                            "operator_rows_scanned": 0,
                            "operator_timing": 0.00038106200000000026,
                            "result_set_size": 151285200,
                            "children": [
                                {
                                    "operator_name": "LEFT_DELIM_JOIN",
                                    "cpu_time": 1.6534339179999995,
                                    "extra_info": {
                                        "Join Type": "SINGLE",
                                        "Conditions": "UserId IS NOT DISTINCT FROM UserId",
                                        "Estimated Cardinality": "1260710",
                                        "Delim Index": "1"
                                    },
                                    "cumulative_cardinality": 28112555,
                                    "operator_type": "LEFT_DELIM_JOIN",
                                    "operator_cardinality": 0,
                                    "cumulative_rows_scanned": 7432550,
                                    "operator_rows_scanned": 0,
                                    "operator_timing": 0.10099259600000009,
                                    "result_set_size": 0,
                                    "children": [
                                        {
                                            "operator_name": "PROJECTION",
                                            "cpu_time": 1.3112298829999998,
                                            "extra_info": {
                                                "Projections": [
                                                    "UserId",
                                                    "displayname",
                                                    "reputation",
                                                    "TotalPosts",
                                                    "TotalQuestions",
                                                    "TotalAnswers",
                                                    "TotalScore",
                                                    "TotalViews",
                                                    "TotalFavorites"
                                                ],
                                                "Estimated Cardinality": "1260710"
                                            },
                                            "cumulative_cardinality": 16616536,
                                            "operator_type": "PROJECTION",
                                            "operator_cardinality": 1260710,
                                            "cumulative_rows_scanned": 5110826,
                                            "operator_rows_scanned": 0,
                                            "operator_timing": 0.011693105,
                                            "result_set_size": 141199520,
                                            "children": [
                                                {
                                                    "operator_name": "HASH_GROUP_BY",
                                                    "cpu_time": 1.2995367779999998,
                                                    "extra_info": {
                                                        "Groups": [
                                                            "#0",
                                                            "#1",
                                                            "#2"
                                                        ],
                                                        "Aggregates": [
                                                            "count(#3)",
                                                            "sum(#4)",
                                                            "sum(#5)",
                                                            "sum(#6)",
                                                            "sum(#7)",
                                                            "sum(#8)"
                                                        ],
                                                        "Estimated Cardinality": "1260710"
                                                    },
                                                    "cumulative_cardinality": 15355826,
                                                    "operator_type": "HASH_GROUP_BY",
                                                    "operator_cardinality": 1260710,
                                                    "cumulative_rows_scanned": 5110826,
                                                    "operator_rows_scanned": 0,
                                                    "operator_timing": 0.7470121930000002,
                                                    "result_set_size": 141199520,
                                                    "children": [
                                                        {
                                                            "operator_name": "PROJECTION",
                                                            "cpu_time": 0.5525245849999995,
                                                            "extra_info": {
                                                                "Projections": [
                                                                    "id",
                                                                    "displayname",
                                                                    "reputation",
                                                                    "id",
                                                                    "CASE  WHEN ((posttypeid = 1)) THEN (1) ELSE 0 END",
                                                                    "CASE  WHEN ((posttypeid = 2)) THEN (1) ELSE 0 END",
                                                                    "score",
                                                                    "viewcount",
                                                                    "favoritecount"
                                                                ],
                                                                "Estimated Cardinality": "3850116"
                                                            },
                                                            "cumulative_cardinality": 14095116,
                                                            "operator_type": "PROJECTION",
                                                            "operator_cardinality": 4574495,
                                                            "cumulative_rows_scanned": 5110826,
                                                            "operator_rows_scanned": 0,
                                                            "operator_timing": 0.04950695899999997,
                                                            "result_set_size": 219575760,
                                                            "children": [
                                                                {
                                                                    "operator_name": "HASH_JOIN",
                                                                    "cpu_time": 0.5030176259999994,
                                                                    "extra_info": {
                                                                        "Join Type": "RIGHT",
                                                                        "Conditions": "owneruserid = id",
                                                                        "Estimated Cardinality": "3850116"
                                                                    },
                                                                    "cumulative_cardinality": 9520621,
                                                                    "operator_type": "HASH_JOIN",
                                                                    "operator_cardinality": 4574495,
                                                                    "cumulative_rows_scanned": 5110826,
                                                                    "operator_rows_scanned": 0,
                                                                    "operator_timing": 0.2625967659999993,
                                                                    "result_set_size": 192128790,
                                                                    "children": [
                                                                        {
                                                                            "operator_name": "READ_PARQUET ",
                                                                            "cpu_time": 0.1562007260000002,
                                                                            "extra_info": {
                                                                                "Function": "READ_PARQUET",
                                                                                "Projections": [
                                                                                    "id",
                                                                                    "posttypeid",
                                                                                    "score",
                                                                                    "viewcount",
                                                                                    "owneruserid",
                                                                                    "favoritecount"
                                                                                ],
                                                                                "Estimated Cardinality": "3850116"
                                                                            },
                                                                            "cumulative_cardinality": 3685416,
                                                                            "operator_type": "TABLE_SCAN",
                                                                            "operator_cardinality": 3685416,
                                                                            "cumulative_rows_scanned": 3850116,
                                                                            "operator_rows_scanned": 3850116,
                                                                            "operator_timing": 0.1562007260000002,
                                                                            "result_set_size": 81079152,
                                                                            "children": []
                                                                        },
                                                                        {
                                                                            "operator_name": "READ_PARQUET ",
                                                                            "cpu_time": 0.084220134,
                                                                            "extra_info": {
                                                                                "Function": "READ_PARQUET",
                                                                                "Projections": [
                                                                                    "id",
                                                                                    "reputation",
                                                                                    "displayname"
                                                                                ],
                                                                                "Estimated Cardinality": "1260710"
                                                                            },
                                                                            "cumulative_cardinality": 1260710,
                                                                            "operator_type": "TABLE_SCAN",
                                                                            "operator_cardinality": 1260710,
                                                                            "cumulative_rows_scanned": 1260710,
                                                                            "operator_rows_scanned": 1260710,
                                                                            "operator_timing": 0.084220134,
                                                                            "result_set_size": 30257040,
                                                                            "children": []
                                                                        }
                                                                    ]
                                                                }
                                                            ]
                                                        }
                                                    ]
                                                }
                                            ]
                                        },
                                        {
                                            "operator_name": "HASH_JOIN",
                                            "cpu_time": 0.23563149799999994,
                                            "extra_info": {
                                                "Join Type": "SINGLE",
                                                "Conditions": "UserId IS NOT DISTINCT FROM UserId",
                                                "Estimated Cardinality": "1260710"
                                            },
                                            "cumulative_cardinality": 10235309,
                                            "operator_type": "HASH_JOIN",
                                            "operator_cardinality": 1260710,
                                            "cumulative_rows_scanned": 2321724,
                                            "operator_rows_scanned": 0,
                                            "operator_timing": 0.10205864600000002,
                                            "result_set_size": 156328040,
                                            "children": [
                                                {
                                                    "operator_name": "COLUMN_DATA_SCAN",
                                                    "cpu_time": 0.007394993999999992,
                                                    "extra_info": {
                                                        "Estimated Cardinality": "1260710"
                                                    },
                                                    "cumulative_cardinality": 1260710,
                                                    "operator_type": "COLUMN_DATA_SCAN",
                                                    "operator_cardinality": 1260710,
                                                    "cumulative_rows_scanned": 0,
                                                    "operator_rows_scanned": 0,
                                                    "operator_timing": 0.007394993999999992,
                                                    "result_set_size": 141199520,
                                                    "children": []
                                                },
                                                {
                                                    "operator_name": "PROJECTION",
                                                    "cpu_time": 0.12617785799999992,
                                                    "extra_info": {
                                                        "Projections": [
                                                            "CASE  WHEN ((count_star() IS NULL)) THEN (0) ELSE count_star() END",
                                                            "UserId"
                                                        ],
                                                        "Estimated Cardinality": "630355"
                                                    },
                                                    "cumulative_cardinality": 7713889,
                                                    "operator_type": "PROJECTION",
                                                    "operator_cardinality": 1260710,
                                                    "cumulative_rows_scanned": 2321724,
                                                    "operator_rows_scanned": 0,
                                                    "operator_timing": 0.0021094219999999958,
                                                    "result_set_size": 15128520,
                                                    "children": [
                                                        {
                                                            "operator_name": "HASH_JOIN",
                                                            "cpu_time": 0.12406843599999992,
                                                            "extra_info": {
                                                                "Join Type": "LEFT",
                                                                "Conditions": "UserId IS NOT DISTINCT FROM #0",
                                                                "Estimated Cardinality": "630355"
                                                            },
                                                            "cumulative_cardinality": 6453179,
                                                            "operator_type": "HASH_JOIN",
                                                            "operator_cardinality": 1260710,
                                                            "cumulative_rows_scanned": 2321724,
                                                            "operator_rows_scanned": 0,
                                                            "operator_timing": 0.05203987199999987,
                                                            "result_set_size": 15128520,
                                                            "children": [
                                                                {
                                                                    "operator_name": "DELIM_SCAN",
                                                                    "cpu_time": 0.0,
                                                                    "extra_info": {
                                                                        "Delim Index": "1",
                                                                        "Estimated Cardinality": "630355"
                                                                    },
                                                                    "cumulative_cardinality": 0,
                                                                    "operator_type": "DELIM_SCAN",
                                                                    "operator_cardinality": 0,
                                                                    "cumulative_rows_scanned": 0,
                                                                    "operator_rows_scanned": 0,
                                                                    "operator_timing": 0.0,
                                                                    "result_set_size": 0,
                                                                    "children": []
                                                                },
                                                                {
                                                                    "operator_name": "HASH_GROUP_BY",
                                                                    "cpu_time": 0.07202856400000004,
                                                                    "extra_info": {
                                                                        "Groups": "#0",
                                                                        "Aggregates": "count_star()",
                                                                        "Estimated Cardinality": "232172"
                                                                    },
                                                                    "cumulative_cardinality": 5192469,
                                                                    "operator_type": "HASH_GROUP_BY",
                                                                    "operator_cardinality": 549021,
                                                                    "cumulative_rows_scanned": 2321724,
                                                                    "operator_rows_scanned": 0,
                                                                    "operator_timing": 0.05877587700000003,
                                                                    "result_set_size": 6588252,
                                                                    "children": [
                                                                        {
                                                                            "operator_name": "PROJECTION",
                                                                            "cpu_time": 0.013252687000000018,
                                                                            "extra_info": {
                                                                                "Projections": "UserId",
                                                                                "Estimated Cardinality": "464344"
                                                                            },
                                                                            "cumulative_cardinality": 4643448,
                                                                            "operator_type": "PROJECTION",
                                                                            "operator_cardinality": 2321724,
                                                                            "cumulative_rows_scanned": 2321724,
                                                                            "operator_rows_scanned": 0,
                                                                            "operator_timing": 0.00016367499999999922,
                                                                            "result_set_size": 9286896,
                                                                            "children": [
                                                                                {
                                                                                    "operator_name": "READ_PARQUET ",
                                                                                    "cpu_time": 0.01308901200000002,
                                                                                    "extra_info": {
                                                                                        "Function": "READ_PARQUET",
                                                                                        "Projections": "userid",
                                                                                        "Estimated Cardinality": "464344"
                                                                                    },
                                                                                    "cumulative_cardinality": 2321724,
                                                                                    "operator_type": "TABLE_SCAN",
                                                                                    "operator_cardinality": 2321724,
                                                                                    "cumulative_rows_scanned": 2321724,
                                                                                    "operator_rows_scanned": 2321724,
                                                                                    "operator_timing": 0.01308901200000002,
                                                                                    "result_set_size": 9286896,
                                                                                    "children": []
                                                                                }
                                                                            ]
                                                                        }
                                                                    ]
                                                                }
                                                            ]
                                                        }
                                                    ]
                                                }
                                            ]
                                        },
                                        {
                                            "operator_name": "HASH_GROUP_BY",
                                            "cpu_time": 0.0055799409999999945,
                                            "extra_info": {
                                                "Groups": "#0",
                                                "Aggregates": "",
                                                "Estimated Cardinality": "1260710"
                                            },
                                            "cumulative_cardinality": 1260710,
                                            "operator_type": "HASH_GROUP_BY",
                                            "operator_cardinality": 1260710,
                                            "cumulative_rows_scanned": 0,
                                            "operator_rows_scanned": 0,
                                            "operator_timing": 0.0055799409999999945,
                                            "result_set_size": 5042840,
                                            "children": []
                                        }
                                    ]
                                }
                            ]
                        }
                    ]
                }
            ]
        }
    ]
}