{
    "rows_returned": 100,
    "query_name": "\nWITH PostMetrics AS (\n    SELECT \n        p.Id AS PostId,\n        p.Title,\n        p.CreationDate,\n        p.ViewCount,\n        COALESCE(COUNT(c.Id), 0) AS CommentCount,\n        COALESCE(SUM(CASE WHEN v.VoteTypeId = 2 THEN 1 ELSE 0 END), 0) AS UpVotes,\n        COALESCE(SUM(CASE WHEN v.VoteTypeId = 3 THEN 1 ELSE 0 END), 0) AS DownVotes\n    FROM \n        Posts p\n    LEFT JOIN \n        Comments c ON p.Id = c.PostId\n    LEFT JOIN \n        Votes v ON p.Id = v.PostId\n    GROUP BY \n        p.Id, p.Title, p.CreationDate, p.ViewCount\n),\nUserMetrics AS (\n    SELECT \n        u.Id AS UserId,\n        u.Reputation,\n        u.DisplayName,\n        COUNT(b.Id) AS BadgeCount,\n        SUM(p.ViewCount) AS TotalPostViews,\n        SUM(pm.ViewCount) AS PostMetricsViews\n    FROM \n        Users u\n    LEFT JOIN \n        Badges b ON u.Id = b.UserId\n    LEFT JOIN \n        Posts p ON u.Id = p.OwnerUserId\n    LEFT JOIN \n        PostMetrics pm ON p.Id = pm.PostId\n    GROUP BY \n        u.Id, u.Reputation, u.DisplayName\n)\nSELECT \n    um.UserId,\n    um.DisplayName,\n    um.Reputation,\n    um.BadgeCount,\n    um.TotalPostViews,\n    pm.PostId,\n    pm.Title,\n    pm.CreationDate,\n    pm.ViewCount,\n    pm.CommentCount,\n    pm.UpVotes,\n    pm.DownVotes\nFROM \n    UserMetrics um\nJOIN \n    PostMetrics pm ON um.UserId = pm.PostId\nORDER BY \n    um.Reputation DESC, pm.ViewCount DESC\nLIMIT 100;\n",
    "blocked_thread_time": 0.0,
    "cpu_time": 117.73860723099908,
    "extra_info": {},
    "cumulative_cardinality": 1938180008,
    "cumulative_rows_scanned": 31268581,
    "result_set_size": 12000,
    "latency": 124.429096551,
    "children": [
        {
            "operator_name": "STREAMING_LIMIT",
            "cpu_time": 117.73860723099908,
            "extra_info": {},
            "cumulative_cardinality": 1938180008,
            "operator_type": "STREAMING_LIMIT",
            "operator_cardinality": 100,
            "cumulative_rows_scanned": 31268581,
            "operator_rows_scanned": 0,
            "operator_timing": 0.0000028659999999999997,
            "result_set_size": 12000,
            "children": [
                {
                    "operator_name": "ORDER_BY",
                    "cpu_time": 117.73860436499908,
                    "extra_info": {
                        "Order By": [
                            "um.Reputation DESC",
                            "pm.ViewCount DESC"
                        ]
                    },
                    "cumulative_cardinality": 1938179908,
                    "operator_type": "ORDER_BY",
                    "operator_cardinality": 4096,
                    "cumulative_rows_scanned": 31268581,
                    "operator_rows_scanned": 0,
                    "operator_timing": 0.13005945400000007,
                    "result_set_size": 491520,
                    "children": [
                        {
                            "operator_name": "PROJECTION",
                            "cpu_time": 117.60854491099907,
                            "extra_info": {
                                "Projections": [
                                    "UserId",
                                    "displayname",
                                    "reputation",
                                    "BadgeCount",
                                    "TotalPostViews",
                                    "PostId",
                                    "title",
                                    "creationdate",
                                    "viewcount",
                                    "CommentCount",
                                    "UpVotes",
                                    "DownVotes"
                                ],
                                "Estimated Cardinality": "3850116"
                            },
                            "cumulative_cardinality": 1938175812,
                            "operator_type": "PROJECTION",
                            "operator_cardinality": 1023784,
                            "cumulative_rows_scanned": 31268581,
                            "operator_rows_scanned": 0,
                            "operator_timing": 0.00038561200000000013,
                            "result_set_size": 122854080,
                            "children": [
                                {
                                    "operator_name": "CTE",
                                    "cpu_time": 117.60815929899907,
                                    "extra_info": {
                                        "CTE Name": "PostMetrics",
                                        "Table Index": "0"
                                    },
                                    "cumulative_cardinality": 1937152028,
                                    "operator_type": "CTE",
                                    "operator_cardinality": 0,
                                    "cumulative_rows_scanned": 31268581,
                                    "operator_rows_scanned": 0,
                                    "operator_timing": 0.0909212040000001,
                                    "result_set_size": 0,
                                    "children": [
                                        {
                                            "operator_name": "PROJECTION",
                                            "cpu_time": 5.7685209739999985,
                                            "extra_info": {
                                                "Projections": [
                                                    "PostId",
                                                    "title",
                                                    "creationdate",
                                                    "viewcount",
                                                    "CommentCount",
                                                    "UpVotes",
                                                    "DownVotes"
                                                ],
                                                "Estimated Cardinality": "3850116"
                                            },
                                            "cumulative_cardinality": 158597392,
                                            "operator_type": "PROJECTION",
                                            "operator_cardinality": 3850116,
                                            "cumulative_rows_scanned": 23836031,
                                            "operator_rows_scanned": 0,
                                            "operator_timing": 0.055316751999999976,
                                            "result_set_size": 277208352,
                                            "children": [
                                                {
                                                    "operator_name": "HASH_GROUP_BY",
                                                    "cpu_time": 5.713204221999998,
                                                    "extra_info": {
                                                        "Groups": [
                                                            "#0",
                                                            "#1",
                                                            "#2",
                                                            "#3"
                                                        ],
                                                        "Aggregates": [
                                                            "count(#4)",
                                                            "sum(#5)",
                                                            "sum(#6)"
                                                        ],
                                                        "Estimated Cardinality": "3850116"
                                                    },
                                                    "cumulative_cardinality": 154747276,
                                                    "operator_type": "HASH_GROUP_BY",
                                                    "operator_cardinality": 3850116,
                                                    "cumulative_rows_scanned": 23836031,
                                                    "operator_rows_scanned": 0,
                                                    "operator_timing": 2.9694317119999987,
                                                    "result_set_size": 277208352,
                                                    "children": [
                                                        {
                                                            "operator_name": "PROJECTION",
                                                            "cpu_time": 2.74377251,
                                                            "extra_info": {
                                                                "Projections": [
                                                                    "id",
                                                                    "title",
                                                                    "creationdate",
                                                                    "viewcount",
                                                                    "id",
                                                                    "CASE  WHEN ((votetypeid = 2)) THEN (1) ELSE 0 END",
                                                                    "CASE  WHEN ((votetypeid = 3)) THEN (1) ELSE 0 END"
                                                                ],
                                                                "Estimated Cardinality": "12744093"
                                                            },
                                                            "cumulative_cardinality": 150897160,
                                                            "operator_type": "PROJECTION",
                                                            "operator_cardinality": 35129590,
                                                            "cumulative_rows_scanned": 23836031,
                                                            "operator_rows_scanned": 0,
                                                            "operator_timing": 0.14139655900000114,
                                                            "result_set_size": 1545701960,
                                                            "children": [
                                                                {
                                                                    "operator_name": "PROJECTION",
                                                                    "cpu_time": 2.6023759509999986,
                                                                    "extra_info": {
                                                                        "Projections": [
                                                                            "#0",
                                                                            "#1",
                                                                            "#2",
                                                                            "#3",
                                                                            "#4",
                                                                            "__internal_decompress_integral_smallint(#5, 1)"
                                                                        ],
                                                                        "Estimated Cardinality": "12744093"
                                                                    },
                                                                    "cumulative_cardinality": 115767570,
                                                                    "operator_type": "PROJECTION",
                                                                    "operator_cardinality": 35129590,
                                                                    "cumulative_rows_scanned": 23836031,
                                                                    "operator_rows_scanned": 0,
                                                                    "operator_timing": 0.01702259100000005,
                                                                    "result_set_size": 1334924420,
                                                                    "children": [
                                                                        {
                                                                            "operator_name": "HASH_JOIN",
                                                                            "cpu_time": 2.5853533599999987,
                                                                            "extra_info": {
                                                                                "Join Type": "LEFT",
                                                                                "Conditions": "id = postid",
                                                                                "Estimated Cardinality": "12744093"
                                                                            },
                                                                            "cumulative_cardinality": 80637980,
                                                                            "operator_type": "HASH_JOIN",
                                                                            "operator_cardinality": 35129590,
                                                                            "cumulative_rows_scanned": 23836031,
                                                                            "operator_rows_scanned": 0,
                                                                            "operator_timing": 1.1577755689999982,
                                                                            "result_set_size": 1299794830,
                                                                            "children": [
                                                                                {
                                                                                    "operator_name": "HASH_JOIN",
                                                                                    "cpu_time": 1.293774395000001,
                                                                                    "extra_info": {
                                                                                        "Join Type": "RIGHT",
                                                                                        "Conditions": "postid = id",
                                                                                        "Estimated Cardinality": "7241822"
                                                                                    },
                                                                                    "cumulative_cardinality": 20020204,
                                                                                    "operator_type": "HASH_JOIN",
                                                                                    "operator_cardinality": 8928266,
                                                                                    "cumulative_rows_scanned": 11091938,
                                                                                    "operator_rows_scanned": 0,
                                                                                    "operator_timing": 0.7748715410000013,
                                                                                    "result_set_size": 321417576,
                                                                                    "children": [
                                                                                        {
                                                                                            "operator_name": "READ_PARQUET ",
                                                                                            "cpu_time": 0.1500471329999999,
                                                                                            "extra_info": {
                                                                                                "Function": "READ_PARQUET",
                                                                                                "Projections": [
                                                                                                    "id",
                                                                                                    "postid"
                                                                                                ],
                                                                                                "Estimated Cardinality": "7241822"
                                                                                            },
                                                                                            "cumulative_cardinality": 7241822,
                                                                                            "operator_type": "TABLE_SCAN",
                                                                                            "operator_cardinality": 7241822,
                                                                                            "cumulative_rows_scanned": 7241822,
                                                                                            "operator_rows_scanned": 7241822,
                                                                                            "operator_timing": 0.1500471329999999,
                                                                                            "result_set_size": 57934576,
                                                                                            "children": []
                                                                                        },
                                                                                        {
                                                                                            "operator_name": "READ_PARQUET ",
                                                                                            "cpu_time": 0.3688557209999996,
                                                                                            "extra_info": {
                                                                                                "Function": "READ_PARQUET",
                                                                                                "Projections": [
                                                                                                    "id",
                                                                                                    "creationdate",
                                                                                                    "viewcount",
                                                                                                    "title"
                                                                                                ],
                                                                                                "Estimated Cardinality": "3850116"
                                                                                            },
                                                                                            "cumulative_cardinality": 3850116,
                                                                                            "operator_type": "TABLE_SCAN",
                                                                                            "operator_cardinality": 3850116,
                                                                                            "cumulative_rows_scanned": 3850116,
                                                                                            "operator_rows_scanned": 3850116,
                                                                                            "operator_timing": 0.3688557209999996,
                                                                                            "result_set_size": 123203712,
                                                                                            "children": []
                                                                                        }
                                                                                    ]
                                                                                },
                                                                                {
                                                                                    "operator_name": "PROJECTION",
                                                                                    "cpu_time": 0.13380339599999969,
                                                                                    "extra_info": {
                                                                                        "Projections": [
                                                                                            "#0",
                                                                                            "__internal_compress_integral_utinyint(#1, 1)"
                                                                                        ],
                                                                                        "Estimated Cardinality": "12744093"
                                                                                    },
                                                                                    "cumulative_cardinality": 25488186,
                                                                                    "operator_type": "PROJECTION",
                                                                                    "operator_cardinality": 12744093,
                                                                                    "cumulative_rows_scanned": 12744093,
                                                                                    "operator_rows_scanned": 0,
                                                                                    "operator_timing": 0.0029546139999999726,
                                                                                    "result_set_size": 63720465,
                                                                                    "children": [
                                                                                        {
                                                                                            "operator_name": "READ_PARQUET ",
                                                                                            "cpu_time": 0.13084878199999972,
                                                                                            "extra_info": {
                                                                                                "Function": "READ_PARQUET",
                                                                                                "Projections": [
                                                                                                    "postid",
                                                                                                    "votetypeid"
                                                                                                ],
                                                                                                "Estimated Cardinality": "12744093"
                                                                                            },
                                                                                            "cumulative_cardinality": 12744093,
                                                                                            "operator_type": "TABLE_SCAN",
                                                                                            "operator_cardinality": 12744093,
                                                                                            "cumulative_rows_scanned": 12744093,
                                                                                            "operator_rows_scanned": 12744093,
                                                                                            "operator_timing": 0.13084878199999972,
                                                                                            "result_set_size": 76464558,
                                                                                            "children": []
                                                                                        }
                                                                                    ]
                                                                                }
                                                                            ]
                                                                        }
                                                                    ]
                                                                }
                                                            ]
                                                        }
                                                    ]
                                                }
                                            ]
                                        },
                                        {
                                            "operator_name": "HASH_JOIN",
                                            "cpu_time": 111.74871712099907,
                                            "extra_info": {
                                                "Join Type": "INNER",
                                                "Conditions": "PostId = UserId",
                                                "Estimated Cardinality": "3850116"
                                            },
                                            "cumulative_cardinality": 1778554636,
                                            "operator_type": "HASH_JOIN",
                                            "operator_cardinality": 1023784,
                                            "cumulative_rows_scanned": 7432550,
                                            "operator_rows_scanned": 0,
                                            "operator_timing": 0.24192378800000006,
                                            "result_set_size": 139234624,
                                            "children": [
                                                {
                                                    "operator_name": "CTE_SCAN",
                                                    "cpu_time": 0.014350299,
                                                    "extra_info": {
                                                        "CTE Index": "0",
                                                        "Estimated Cardinality": "3850116"
                                                    },
                                                    "cumulative_cardinality": 3850116,
                                                    "operator_type": "CTE_SCAN",
                                                    "operator_cardinality": 3850116,
                                                    "cumulative_rows_scanned": 0,
                                                    "operator_rows_scanned": 0,
                                                    "operator_timing": 0.014350299,
                                                    "result_set_size": 277208352,
                                                    "children": []
                                                },
                                                {
                                                    "operator_name": "HASH_GROUP_BY",
                                                    "cpu_time": 111.49244303399908,
                                                    "extra_info": {
                                                        "Groups": [
                                                            "#0",
                                                            "#1",
                                                            "#2"
                                                        ],
                                                        "Aggregates": [
                                                            "count(#3)",
                                                            "sum(#4)",
                                                            "sum(#5)"
                                                        ],
                                                        "Estimated Cardinality": "1260710"
                                                    },
                                                    "cumulative_cardinality": 1773680736,
                                                    "operator_type": "HASH_GROUP_BY",
                                                    "operator_cardinality": 1260710,
                                                    "cumulative_rows_scanned": 7432550,
                                                    "operator_rows_scanned": 0,
                                                    "operator_timing": 32.946604647999514,
                                                    "result_set_size": 80685440,
                                                    "children": [
                                                        {
                                                            "operator_name": "PROJECTION",
                                                            "cpu_time": 78.54583838599956,
                                                            "extra_info": {
                                                                "Projections": [
                                                                    "id",
                                                                    "reputation",
                                                                    "displayname",
                                                                    "id",
                                                                    "viewcount",
                                                                    "viewcount"
                                                                ],
                                                                "Estimated Cardinality": "3850116"
                                                            },
                                                            "cumulative_cardinality": 1772420026,
                                                            "operator_type": "PROJECTION",
                                                            "operator_cardinality": 586089549,
                                                            "cumulative_rows_scanned": 7432550,
                                                            "operator_rows_scanned": 0,
                                                            "operator_timing": 0.11167315000003354,
                                                            "result_set_size": 21099223764,
                                                            "children": [
                                                                {
                                                                    "operator_name": "HASH_JOIN",
                                                                    "cpu_time": 78.43416523599953,
                                                                    "extra_info": {
                                                                        "Join Type": "RIGHT",
                                                                        "Conditions": "PostId = id",
                                                                        "Estimated Cardinality": "3850116"
                                                                    },
                                                                    "cumulative_cardinality": 1186330477,
                                                                    "operator_type": "HASH_JOIN",
                                                                    "operator_cardinality": 586089549,
                                                                    "cumulative_rows_scanned": 7432550,
                                                                    "operator_rows_scanned": 0,
                                                                    "operator_timing": 65.44094981099941,
                                                                    "result_set_size": 21099223764,
                                                                    "children": [
                                                                        {
                                                                            "operator_name": "CTE_SCAN",
                                                                            "cpu_time": 0.034492986000000045,
                                                                            "extra_info": {
                                                                                "CTE Index": "0",
                                                                                "Estimated Cardinality": "3850116"
                                                                            },
                                                                            "cumulative_cardinality": 3850116,
                                                                            "operator_type": "CTE_SCAN",
                                                                            "operator_cardinality": 3850116,
                                                                            "cumulative_rows_scanned": 0,
                                                                            "operator_rows_scanned": 0,
                                                                            "operator_timing": 0.034492986000000045,
                                                                            "result_set_size": 277208352,
                                                                            "children": []
                                                                        },
                                                                        {
                                                                            "operator_name": "HASH_JOIN",
                                                                            "cpu_time": 12.958722439000116,
                                                                            "extra_info": {
                                                                                "Join Type": "RIGHT",
                                                                                "Conditions": "owneruserid = id",
                                                                                "Estimated Cardinality": "3850116"
                                                                            },
                                                                            "cumulative_cardinality": 596390812,
                                                                            "operator_type": "HASH_JOIN",
                                                                            "operator_cardinality": 586089549,
                                                                            "cumulative_rows_scanned": 7432550,
                                                                            "operator_rows_scanned": 0,
                                                                            "operator_timing": 12.436759478000116,
                                                                            "result_set_size": 21099223764,
                                                                            "children": [
                                                                                {
                                                                                    "operator_name": "READ_PARQUET ",
                                                                                    "cpu_time": 0.17924159299999992,
                                                                                    "extra_info": {
                                                                                        "Function": "READ_PARQUET",
                                                                                        "Projections": [
                                                                                            "id",
                                                                                            "viewcount",
                                                                                            "owneruserid"
                                                                                        ],
                                                                                        "Estimated Cardinality": "3850116"
                                                                                    },
                                                                                    "cumulative_cardinality": 3685416,
                                                                                    "operator_type": "TABLE_SCAN",
                                                                                    "operator_cardinality": 3685416,
                                                                                    "cumulative_rows_scanned": 3850116,
                                                                                    "operator_rows_scanned": 3850116,
                                                                                    "operator_timing": 0.17924159299999992,
                                                                                    "result_set_size": 44224992,
                                                                                    "children": []
                                                                                },
                                                                                {
                                                                                    "operator_name": "HASH_JOIN",
                                                                                    "cpu_time": 0.34272136799999997,
                                                                                    "extra_info": {
                                                                                        "Join Type": "RIGHT",
                                                                                        "Conditions": "userid = id",
                                                                                        "Estimated Cardinality": "2321724"
                                                                                    },
                                                                                    "cumulative_cardinality": 6615847,
                                                                                    "operator_type": "HASH_JOIN",
                                                                                    "operator_cardinality": 3033413,
                                                                                    "cumulative_rows_scanned": 3582434,
                                                                                    "operator_rows_scanned": 0,
                                                                                    "operator_timing": 0.21437885400000006,
                                                                                    "result_set_size": 84935564,
                                                                                    "children": [
                                                                                        {
                                                                                            "operator_name": "READ_PARQUET ",
                                                                                            "cpu_time": 0.04323410799999993,
                                                                                            "extra_info": {
                                                                                                "Function": "READ_PARQUET",
                                                                                                "Projections": [
                                                                                                    "id",
                                                                                                    "userid"
                                                                                                ],
                                                                                                "Estimated Cardinality": "2321724"
                                                                                            },
                                                                                            "cumulative_cardinality": 2321724,
                                                                                            "operator_type": "TABLE_SCAN",
                                                                                            "operator_cardinality": 2321724,
                                                                                            "cumulative_rows_scanned": 2321724,
                                                                                            "operator_rows_scanned": 2321724,
                                                                                            "operator_timing": 0.04323410799999993,
                                                                                            "result_set_size": 18573792,
                                                                                            "children": []
                                                                                        },
                                                                                        {
                                                                                            "operator_name": "READ_PARQUET ",
                                                                                            "cpu_time": 0.08510840599999994,
                                                                                            "extra_info": {
                                                                                                "Function": "READ_PARQUET",
                                                                                                "Projections": [
                                                                                                    "id",
                                                                                                    "reputation",
                                                                                                    "displayname"
                                                                                                ],
                                                                                                "Estimated Cardinality": "1260710"
                                                                                            },
                                                                                            "cumulative_cardinality": 1260710,
                                                                                            "operator_type": "TABLE_SCAN",
                                                                                            "operator_cardinality": 1260710,
                                                                                            "cumulative_rows_scanned": 1260710,
                                                                                            "operator_rows_scanned": 1260710,
                                                                                            "operator_timing": 0.08510840599999994,
                                                                                            "result_set_size": 30257040,
                                                                                            "children": []
                                                                                        }
                                                                                    ]
                                                                                }
                                                                            ]
                                                                        }
                                                                    ]
                                                                }
                                                            ]
                                                        }
                                                    ]
                                                }
                                            ]
                                        }
                                    ]
                                }
                            ]
                        }
                    ]
                }
            ]
        }
    ]
}