{
    "rows_returned": 1260710,
    "query_name": "\nWITH UserStatistics AS (\n    SELECT \n        u.Id AS UserId,\n        u.DisplayName,\n        COUNT(DISTINCT p.Id) AS TotalPosts,\n        SUM(CASE WHEN p.PostTypeId = 1 THEN 1 ELSE 0 END) AS TotalQuestions,\n        SUM(CASE WHEN p.PostTypeId = 2 THEN 1 ELSE 0 END) AS TotalAnswers,\n        AVG(u.Reputation) AS AverageReputation\n    FROM \n        Users u\n    LEFT JOIN \n        Posts p ON u.Id = p.OwnerUserId\n    GROUP BY \n        u.Id, u.DisplayName\n),\nPostStatistics AS (\n    SELECT \n        p.OwnerUserId,\n        COUNT(DISTINCT p.Id) AS TotalPosts,\n        SUM(CASE WHEN p.AcceptedAnswerId IS NOT NULL THEN 1 ELSE 0 END) AS TotalAcceptedAnswers,\n        AVG(p.ViewCount) AS AverageViews,\n        AVG(p.Score) AS AverageScore\n    FROM \n        Posts p\n    GROUP BY \n        p.OwnerUserId\n),\nUserPostStats AS (\n    SELECT \n        us.UserId,\n        us.DisplayName,\n        us.TotalPosts,\n        us.TotalQuestions,\n        us.TotalAnswers,\n        us.AverageReputation,\n        ps.TotalPosts AS UserTotalPosts,\n        ps.TotalAcceptedAnswers,\n        ps.AverageViews,\n        ps.AverageScore\n    FROM \n        UserStatistics us\n    LEFT JOIN \n        PostStatistics ps ON us.UserId = ps.OwnerUserId\n)\nSELECT \n    ups.UserId,\n    ups.DisplayName,\n    ups.TotalPosts,\n    ups.TotalQuestions,\n    ups.TotalAnswers,\n    ups.AverageReputation,\n    COALESCE(ups.UserTotalPosts, 0) AS UserTotalPosts,\n    COALESCE(ups.TotalAcceptedAnswers, 0) AS TotalAcceptedAnswers,\n    COALESCE(ups.AverageViews, 0) AS AverageViews,\n    COALESCE(ups.AverageScore, 0) AS AverageScore\nFROM \n    UserPostStats ups\nORDER BY \n    ups.AverageReputation DESC, \n    ups.TotalPosts DESC;\n",
    "blocked_thread_time": 0.0,
    "cpu_time": 3.1673659370000014,
    "extra_info": {},
    "cumulative_cardinality": 28470530,
    "cumulative_rows_scanned": 8960942,
    "result_set_size": 136156680,
    "latency": 7.203407575,
    "children": [
        {
            "operator_name": "ORDER_BY",
            "cpu_time": 3.1673659370000014,
            "extra_info": {
                "Order By": [
                    "ups.AverageReputation DESC",
                    "ups.TotalPosts DESC"
                ]
            },
            "cumulative_cardinality": 28470530,
            "operator_type": "ORDER_BY",
            "operator_cardinality": 1260710,
            "cumulative_rows_scanned": 8960942,
            "operator_rows_scanned": 0,
            "operator_timing": 0.15619175200000002,
            "result_set_size": 136156680,
            "children": [
                {
                    "operator_name": "PROJECTION",
                    "cpu_time": 3.0111741850000016,
                    "extra_info": {
                        "Projections": [
                            "UserId",
                            "displayname",
                            "TotalPosts",
                            "TotalQuestions",
                            "TotalAnswers",
                            "AverageReputation",
                            "UserTotalPosts",
                            "TotalAcceptedAnswers",
                            "AverageViews",
                            "AverageScore"
                        ],
                        "Estimated Cardinality": "1925058"
                    },
                    "cumulative_cardinality": 27209820,
                    "operator_type": "PROJECTION",
                    "operator_cardinality": 1260710,
                    "cumulative_rows_scanned": 8960942,
                    "operator_rows_scanned": 0,
                    "operator_timing": 0.030255660000000004,
                    "result_set_size": 136156680,
                    "children": [
                        {
                            "operator_name": "PROJECTION",
                            "cpu_time": 2.9809185250000017,
                            "extra_info": {
                                "Projections": [
                                    "UserId",
                                    "displayname",
                                    "TotalPosts",
                                    "TotalQuestions",
                                    "TotalAnswers",
                                    "AverageReputation",
                                    "UserTotalPosts",
                                    "TotalAcceptedAnswers",
                                    "AverageViews",
                                    "AverageScore"
                                ],
                                "Estimated Cardinality": "1925058"
                            },
                            "cumulative_cardinality": 25949110,
                            "operator_type": "PROJECTION",
                            "operator_cardinality": 1260710,
                            "cumulative_rows_scanned": 8960942,
                            "operator_rows_scanned": 0,
                            "operator_timing": 0.0003458940000000002,
                            "result_set_size": 136156680,
                            "children": [
                                {
                                    "operator_name": "HASH_JOIN",
                                    "cpu_time": 2.9805726310000016,
                                    "extra_info": {
                                        "Join Type": "RIGHT",
                                        "Conditions": "owneruserid = UserId",
                                        "Estimated Cardinality": "1925058"
                                    },
                                    "cumulative_cardinality": 24688400,
                                    "operator_type": "HASH_JOIN",
                                    "operator_cardinality": 1260710,
                                    "cumulative_rows_scanned": 8960942,
                                    "operator_rows_scanned": 0,
                                    "operator_timing": 0.17919187099999997,
                                    "result_set_size": 136156680,
                                    "children": [
                                        {
                                            "operator_name": "HASH_GROUP_BY",
                                            "cpu_time": 0.7945577339999986,
                                            "extra_info": {
                                                "Groups": "#0",
                                                "Aggregates": [
                                                    "count(DISTINCT #1)",
                                                    "sum(#2)",
                                                    "avg(#3)",
                                                    "avg(#4)"
                                                ],
                                                "Estimated Cardinality": "1925058"
                                            },
                                            "cumulative_cardinality": 8071864,
                                            "operator_type": "HASH_GROUP_BY",
                                            "operator_cardinality": 371632,
                                            "cumulative_rows_scanned": 3850116,
                                            "operator_rows_scanned": 0,
                                            "operator_timing": 0.6593939349999987,
                                            "result_set_size": 16351808,
                                            "children": [
                                                {
                                                    "operator_name": "PROJECTION",
                                                    "cpu_time": 0.13516379899999995,
                                                    "extra_info": {
                                                        "Projections": [
                                                            "owneruserid",
                                                            "id",
                                                            "CASE  WHEN ((acceptedanswerid IS NOT NULL)) THEN (1) ELSE 0 END",
                                                            "viewcount",
                                                            "score"
                                                        ],
                                                        "Estimated Cardinality": "3850116"
                                                    },
                                                    "cumulative_cardinality": 7700232,
                                                    "operator_type": "PROJECTION",
                                                    "operator_cardinality": 3850116,
                                                    "cumulative_rows_scanned": 3850116,
                                                    "operator_rows_scanned": 0,
                                                    "operator_timing": 0.016102292000000015,
                                                    "result_set_size": 77002320,
                                                    "children": [
                                                        {
                                                            "operator_name": "READ_PARQUET ",
                                                            "cpu_time": 0.11906150699999994,
                                                            "extra_info": {
                                                                "Function": "READ_PARQUET",
                                                                "Projections": [
                                                                    "id",
                                                                    "acceptedanswerid",
                                                                    "score",
                                                                    "viewcount",
                                                                    "owneruserid"
                                                                ],
                                                                "Estimated Cardinality": "3850116"
                                                            },
                                                            "cumulative_cardinality": 3850116,
                                                            "operator_type": "TABLE_SCAN",
                                                            "operator_cardinality": 3850116,
                                                            "cumulative_rows_scanned": 3850116,
                                                            "operator_rows_scanned": 3850116,
                                                            "operator_timing": 0.11906150699999994,
                                                            "result_set_size": 77002320,
                                                            "children": []
                                                        }
                                                    ]
                                                }
                                            ]
                                        },
                                        {
                                            "operator_name": "HASH_GROUP_BY",
                                            "cpu_time": 2.006823026000003,
                                            "extra_info": {
                                                "Groups": [
                                                    "#0",
                                                    "#1"
                                                ],
                                                "Aggregates": [
                                                    "count(DISTINCT #2)",
                                                    "sum(#3)",
                                                    "sum(#4)",
                                                    "avg(#5)"
                                                ],
                                                "Estimated Cardinality": "1260710"
                                            },
                                            "cumulative_cardinality": 15355826,
                                            "operator_type": "HASH_GROUP_BY",
                                            "operator_cardinality": 1260710,
                                            "cumulative_rows_scanned": 5110826,
                                            "operator_rows_scanned": 0,
                                            "operator_timing": 1.4707919110000023,
                                            "result_set_size": 85728280,
                                            "children": [
                                                {
                                                    "operator_name": "PROJECTION",
                                                    "cpu_time": 0.5360311150000004,
                                                    "extra_info": {
                                                        "Projections": [
                                                            "id",
                                                            "displayname",
                                                            "id",
                                                            "CASE  WHEN ((posttypeid = 1)) THEN (1) ELSE 0 END",
                                                            "CASE  WHEN ((posttypeid = 2)) THEN (1) ELSE 0 END",
                                                            "reputation"
                                                        ],
                                                        "Estimated Cardinality": "3850116"
                                                    },
                                                    "cumulative_cardinality": 14095116,
                                                    "operator_type": "PROJECTION",
                                                    "operator_cardinality": 4574495,
                                                    "cumulative_rows_scanned": 5110826,
                                                    "operator_rows_scanned": 0,
                                                    "operator_timing": 0.04941420799999998,
                                                    "result_set_size": 164681820,
                                                    "children": [
                                                        {
                                                            "operator_name": "HASH_JOIN",
                                                            "cpu_time": 0.4866169070000005,
                                                            "extra_info": {
                                                                "Join Type": "RIGHT",
                                                                "Conditions": "owneruserid = id",
                                                                "Estimated Cardinality": "3850116"
                                                            },
                                                            "cumulative_cardinality": 9520621,
                                                            "operator_type": "HASH_JOIN",
                                                            "operator_cardinality": 4574495,
                                                            "cumulative_rows_scanned": 5110826,
                                                            "operator_rows_scanned": 0,
                                                            "operator_timing": 0.2825535300000004,
                                                            "result_set_size": 137234850,
                                                            "children": [
                                                                {
                                                                    "operator_name": "READ_PARQUET ",
                                                                    "cpu_time": 0.11793345800000007,
                                                                    "extra_info": {
                                                                        "Function": "READ_PARQUET",
                                                                        "Projections": [
                                                                            "id",
                                                                            "posttypeid",
                                                                            "owneruserid"
                                                                        ],
                                                                        "Estimated Cardinality": "3850116"
                                                                    },
                                                                    "cumulative_cardinality": 3685416,
                                                                    "operator_type": "TABLE_SCAN",
                                                                    "operator_cardinality": 3685416,
                                                                    "cumulative_rows_scanned": 3850116,
                                                                    "operator_rows_scanned": 3850116,
                                                                    "operator_timing": 0.11793345800000007,
                                                                    "result_set_size": 36854160,
                                                                    "children": []
                                                                },
                                                                {
                                                                    "operator_name": "READ_PARQUET ",
                                                                    "cpu_time": 0.086129919,
                                                                    "extra_info": {
                                                                        "Function": "READ_PARQUET",
                                                                        "Projections": [
                                                                            "id",
                                                                            "reputation",
                                                                            "displayname"
                                                                        ],
                                                                        "Estimated Cardinality": "1260710"
                                                                    },
                                                                    "cumulative_cardinality": 1260710,
                                                                    "operator_type": "TABLE_SCAN",
                                                                    "operator_cardinality": 1260710,
                                                                    "cumulative_rows_scanned": 1260710,
                                                                    "operator_rows_scanned": 1260710,
                                                                    "operator_timing": 0.086129919,
                                                                    "result_set_size": 30257040,
                                                                    "children": []
                                                                }
                                                            ]
                                                        }
                                                    ]
                                                }
                                            ]
                                        }
                                    ]
                                }
                            ]
                        }
                    ]
                }
            ]
        }
    ]
}