{
    "rows_returned": 64019,
    "query_name": "\nWITH PostStats AS (\n    SELECT \n        p.Id AS PostId,\n        p.Title,\n        COUNT(c.Id) AS CommentCount,\n        COUNT(v.Id) AS VoteCount,\n        SUM(CASE WHEN v.VoteTypeId = 2 THEN 1 ELSE 0 END) AS UpVoteCount,\n        SUM(CASE WHEN v.VoteTypeId = 3 THEN 1 ELSE 0 END) AS DownVoteCount,\n        MAX(p.CreationDate) AS LastActivityDate,\n        p.OwnerUserId\n    FROM Posts p\n    LEFT JOIN Comments c ON p.Id = c.PostId\n    LEFT JOIN Votes v ON p.Id = v.PostId\n    WHERE p.CreationDate >= '2023-01-01' \n    GROUP BY p.Id, p.Title, p.OwnerUserId\n),\nUserStats AS (\n    SELECT \n        u.Id AS UserId,\n        u.DisplayName,\n        COUNT(DISTINCT p.Id) AS PostCount,\n        SUM(CASE WHEN v.VoteTypeId = 2 THEN 1 ELSE 0 END) AS TotalUpVotes,\n        SUM(CASE WHEN v.VoteTypeId = 3 THEN 1 ELSE 0 END) AS TotalDownVotes\n    FROM Users u\n    LEFT JOIN Posts p ON u.Id = p.OwnerUserId\n    LEFT JOIN Votes v ON p.Id = v.PostId\n    WHERE u.CreationDate >= '2023-01-01' \n    GROUP BY u.Id, u.DisplayName\n)\nSELECT \n    ps.PostId,\n    ps.Title,\n    ps.CommentCount,\n    ps.VoteCount,\n    ps.UpVoteCount,\n    ps.DownVoteCount,\n    ps.LastActivityDate,\n    us.UserId,\n    us.DisplayName,\n    us.PostCount,\n    us.TotalUpVotes,\n    us.TotalDownVotes\nFROM PostStats ps\nJOIN UserStats us ON us.UserId = ps.OwnerUserId\nORDER BY ps.LastActivityDate DESC, ps.VoteCount DESC;\n",
    "blocked_thread_time": 0.0,
    "cpu_time": 1.069016731000001,
    "extra_info": {},
    "cumulative_cardinality": 20570531,
    "cumulative_rows_scanned": 41690950,
    "result_set_size": 8706584,
    "latency": 1.406429624,
    "children": [
        {
            "operator_name": "ORDER_BY",
            "cpu_time": 1.069016731000001,
            "extra_info": {
                "Order By": [
                    "ps.LastActivityDate DESC",
                    "ps.VoteCount DESC"
                ]
            },
            "cumulative_cardinality": 20570531,
            "operator_type": "ORDER_BY",
            "operator_cardinality": 64019,
            "cumulative_rows_scanned": 41690950,
            "operator_rows_scanned": 0,
            "operator_timing": 0.013500660000000006,
            "result_set_size": 8706584,
            "children": [
                {
                    "operator_name": "HASH_JOIN",
                    "cpu_time": 1.0555160710000009,
                    "extra_info": {
                        "Join Type": "INNER",
                        "Conditions": "owneruserid = UserId",
                        "Estimated Cardinality": "3850116"
                    },
                    "cumulative_cardinality": 20506512,
                    "operator_type": "HASH_JOIN",
                    "operator_cardinality": 64019,
                    "cumulative_rows_scanned": 41690950,
                    "operator_rows_scanned": 0,
                    "operator_timing": 0.011133262000000001,
                    "result_set_size": 8706584,
                    "children": [
                        {
                            "operator_name": "PROJECTION",
                            "cpu_time": 0.48153150199999994,
                            "extra_info": {
                                "Projections": [
                                    "PostId",
                                    "title",
                                    "CommentCount",
                                    "VoteCount",
                                    "UpVoteCount",
                                    "DownVoteCount",
                                    "LastActivityDate",
                                    "owneruserid"
                                ],
                                "Estimated Cardinality": "3850116"
                            },
                            "cumulative_cardinality": 6344635,
                            "operator_type": "PROJECTION",
                            "operator_cardinality": 265255,
                            "cumulative_rows_scanned": 23836031,
                            "operator_rows_scanned": 0,
                            "operator_timing": 0.00005484799999999998,
                            "result_set_size": 21220400,
                            "children": [
                                {
                                    "operator_name": "HASH_GROUP_BY",
                                    "cpu_time": 0.48147665399999995,
                                    "extra_info": {
                                        "Groups": [
                                            "#0",
                                            "#1",
                                            "#2"
                                        ],
                                        "Aggregates": [
                                            "count(#3)",
                                            "count(#4)",
                                            "sum(#5)",
                                            "sum(#6)",
                                            "max(#7)"
                                        ],
                                        "Estimated Cardinality": "3850116"
                                    },
                                    "cumulative_cardinality": 6079380,
                                    "operator_type": "HASH_GROUP_BY",
                                    "operator_cardinality": 265255,
                                    "cumulative_rows_scanned": 23836031,
                                    "operator_rows_scanned": 0,
                                    "operator_timing": 0.1767707109999999,
                                    "result_set_size": 21220400,
                                    "children": [
                                        {
                                            "operator_name": "PROJECTION",
                                            "cpu_time": 0.30470594300000003,
                                            "extra_info": {
                                                "Projections": [
                                                    "id",
                                                    "title",
                                                    "owneruserid",
                                                    "id",
                                                    "id",
                                                    "CASE  WHEN ((votetypeid = 2)) THEN (1) ELSE 0 END",
                                                    "CASE  WHEN ((votetypeid = 3)) THEN (1) ELSE 0 END",
                                                    "creationdate"
                                                ],
                                                "Estimated Cardinality": "12744093"
                                            },
                                            "cumulative_cardinality": 5814125,
                                            "operator_type": "PROJECTION",
                                            "operator_cardinality": 1773112,
                                            "cumulative_rows_scanned": 23836031,
                                            "operator_rows_scanned": 0,
                                            "operator_timing": 0.013490945000000002,
                                            "result_set_size": 85109376,
                                            "children": [
                                                {
                                                    "operator_name": "HASH_JOIN",
                                                    "cpu_time": 0.29121499800000006,
                                                    "extra_info": {
                                                        "Join Type": "RIGHT",
                                                        "Conditions": "postid = id",
                                                        "Estimated Cardinality": "12744093"
                                                    },
                                                    "cumulative_cardinality": 4041013,
                                                    "operator_type": "HASH_JOIN",
                                                    "operator_cardinality": 1773112,
                                                    "cumulative_rows_scanned": 23836031,
                                                    "operator_rows_scanned": 0,
                                                    "operator_timing": 0.13086815900000007,
                                                    "result_set_size": 74470704,
                                                    "children": [
                                                        {
                                                            "operator_name": "READ_PARQUET ",
                                                            "cpu_time": 0.028622343000000022,
                                                            "extra_info": {
                                                                "Function": "READ_PARQUET",
                                                                "Projections": [
                                                                    "id",
                                                                    "postid",
                                                                    "votetypeid"
                                                                ],
                                                                "Estimated Cardinality": "12744093"
                                                            },
                                                            "cumulative_cardinality": 802778,
                                                            "operator_type": "TABLE_SCAN",
                                                            "operator_cardinality": 802778,
                                                            "cumulative_rows_scanned": 12744093,
                                                            "operator_rows_scanned": 12744093,
                                                            "operator_timing": 0.028622343000000022,
                                                            "result_set_size": 8027780,
                                                            "children": []
                                                        },
                                                        {
                                                            "operator_name": "HASH_JOIN",
                                                            "cpu_time": 0.131724496,
                                                            "extra_info": {
                                                                "Join Type": "RIGHT",
                                                                "Conditions": "postid = id",
                                                                "Estimated Cardinality": "7241822"
                                                            },
                                                            "cumulative_cardinality": 1465123,
                                                            "operator_type": "HASH_JOIN",
                                                            "operator_cardinality": 654953,
                                                            "cumulative_rows_scanned": 11091938,
                                                            "operator_rows_scanned": 0,
                                                            "operator_timing": 0.04609033,
                                                            "result_set_size": 23578308,
                                                            "children": [
                                                                {
                                                                    "operator_name": "READ_PARQUET ",
                                                                    "cpu_time": 0.014904945999999994,
                                                                    "extra_info": {
                                                                        "Function": "READ_PARQUET",
                                                                        "Projections": [
                                                                            "id",
                                                                            "postid"
                                                                        ],
                                                                        "Estimated Cardinality": "7241822"
                                                                    },
                                                                    "cumulative_cardinality": 544915,
                                                                    "operator_type": "TABLE_SCAN",
                                                                    "operator_cardinality": 544915,
                                                                    "cumulative_rows_scanned": 7241822,
                                                                    "operator_rows_scanned": 7241822,
                                                                    "operator_timing": 0.014904945999999994,
                                                                    "result_set_size": 4359320,
                                                                    "children": []
                                                                },
                                                                {
                                                                    "operator_name": "READ_PARQUET ",
                                                                    "cpu_time": 0.07072922000000001,
                                                                    "extra_info": {
                                                                        "Function": "READ_PARQUET",
                                                                        "Projections": [
                                                                            "id",
                                                                            "creationdate",
                                                                            "owneruserid",
                                                                            "title"
                                                                        ],
                                                                        "Filters": "creationdate>='2023-01-01 00:00:00'::TIMESTAMP",
                                                                        "Estimated Cardinality": "770023"
                                                                    },
                                                                    "cumulative_cardinality": 265255,
                                                                    "operator_type": "TABLE_SCAN",
                                                                    "operator_cardinality": 265255,
                                                                    "cumulative_rows_scanned": 3850116,
                                                                    "operator_rows_scanned": 3850116,
                                                                    "operator_timing": 0.07072922000000001,
                                                                    "result_set_size": 8488160,
                                                                    "children": []
                                                                }
                                                            ]
                                                        }
                                                    ]
                                                }
                                            ]
                                        }
                                    ]
                                }
                            ]
                        },
                        {
                            "operator_name": "HASH_GROUP_BY",
                            "cpu_time": 0.562851307000001,
                            "extra_info": {
                                "Groups": [
                                    "#0",
                                    "#1"
                                ],
                                "Aggregates": [
                                    "count(DISTINCT #2)",
                                    "sum(#3)",
                                    "sum(#4)"
                                ],
                                "Estimated Cardinality": "1260710"
                            },
                            "cumulative_cardinality": 14097858,
                            "operator_type": "HASH_GROUP_BY",
                            "operator_cardinality": 275270,
                            "cumulative_rows_scanned": 17854919,
                            "operator_rows_scanned": 0,
                            "operator_timing": 0.10500938899999995,
                            "result_set_size": 16516200,
                            "children": [
                                {
                                    "operator_name": "PROJECTION",
                                    "cpu_time": 0.45784191800000107,
                                    "extra_info": {
                                        "Projections": [
                                            "id",
                                            "displayname",
                                            "id",
                                            "CASE  WHEN ((votetypeid = 2)) THEN (1) ELSE 0 END",
                                            "CASE  WHEN ((votetypeid = 3)) THEN (1) ELSE 0 END"
                                        ],
                                        "Estimated Cardinality": "12744093"
                                    },
                                    "cumulative_cardinality": 13822588,
                                    "operator_type": "PROJECTION",
                                    "operator_cardinality": 393385,
                                    "cumulative_rows_scanned": 17854919,
                                    "operator_rows_scanned": 0,
                                    "operator_timing": 0.0022867239999999995,
                                    "result_set_size": 12588320,
                                    "children": [
                                        {
                                            "operator_name": "FILTER",
                                            "cpu_time": 0.45555519400000105,
                                            "extra_info": {
                                                "Expression": "(id <= 1416539)",
                                                "Estimated Cardinality": "12744093"
                                            },
                                            "cumulative_cardinality": 13429203,
                                            "operator_type": "FILTER",
                                            "operator_cardinality": 393385,
                                            "cumulative_rows_scanned": 17854919,
                                            "operator_rows_scanned": 0,
                                            "operator_timing": 0.000708562,
                                            "result_set_size": 10228010,
                                            "children": [
                                                {
                                                    "operator_name": "HASH_JOIN",
                                                    "cpu_time": 0.454846632000001,
                                                    "extra_info": {
                                                        "Join Type": "RIGHT",
                                                        "Conditions": "postid = id",
                                                        "Estimated Cardinality": "12744093"
                                                    },
                                                    "cumulative_cardinality": 13035818,
                                                    "operator_type": "HASH_JOIN",
                                                    "operator_cardinality": 393416,
                                                    "cumulative_rows_scanned": 17854919,
                                                    "operator_rows_scanned": 0,
                                                    "operator_timing": 0.088597078,
                                                    "result_set_size": 10228816,
                                                    "children": [
                                                        {
                                                            "operator_name": "READ_PARQUET ",
                                                            "cpu_time": 0.21384898200000096,
                                                            "extra_info": {
                                                                "Function": "READ_PARQUET",
                                                                "Projections": [
                                                                    "postid",
                                                                    "votetypeid"
                                                                ],
                                                                "Estimated Cardinality": "12744093"
                                                            },
                                                            "cumulative_cardinality": 11985999,
                                                            "operator_type": "TABLE_SCAN",
                                                            "operator_cardinality": 11985999,
                                                            "cumulative_rows_scanned": 12744093,
                                                            "operator_rows_scanned": 12744093,
                                                            "operator_timing": 0.21384898200000096,
                                                            "result_set_size": 71915994,
                                                            "children": []
                                                        },
                                                        {
                                                            "operator_name": "HASH_JOIN",
                                                            "cpu_time": 0.15240057200000007,
                                                            "extra_info": {
                                                                "Join Type": "RIGHT",
                                                                "Conditions": "owneruserid = id",
                                                                "Estimated Cardinality": "3850116"
                                                            },
                                                            "cumulative_cardinality": 656403,
                                                            "operator_type": "HASH_JOIN",
                                                            "operator_cardinality": 316246,
                                                            "cumulative_rows_scanned": 5110826,
                                                            "operator_rows_scanned": 0,
                                                            "operator_timing": 0.020800911000000002,
                                                            "result_set_size": 7589904,
                                                            "children": [
                                                                {
                                                                    "operator_name": "READ_PARQUET ",
                                                                    "cpu_time": 0.05645847699999997,
                                                                    "extra_info": {
                                                                        "Function": "READ_PARQUET",
                                                                        "Projections": [
                                                                            "id",
                                                                            "owneruserid"
                                                                        ],
                                                                        "Estimated Cardinality": "3850116"
                                                                    },
                                                                    "cumulative_cardinality": 64856,
                                                                    "operator_type": "TABLE_SCAN",
                                                                    "operator_cardinality": 64856,
                                                                    "cumulative_rows_scanned": 3850116,
                                                                    "operator_rows_scanned": 3850116,
                                                                    "operator_timing": 0.05645847699999997,
                                                                    "result_set_size": 518848,
                                                                    "children": []
                                                                },
                                                                {
                                                                    "operator_name": "READ_PARQUET ",
                                                                    "cpu_time": 0.07514118400000011,
                                                                    "extra_info": {
                                                                        "Function": "READ_PARQUET",
                                                                        "Projections": [
                                                                            "id",
                                                                            "displayname"
                                                                        ],
                                                                        "Filters": "creationdate>='2023-01-01 00:00:00'::TIMESTAMP",
                                                                        "Estimated Cardinality": "252142"
                                                                    },
                                                                    "cumulative_cardinality": 275301,
                                                                    "operator_type": "TABLE_SCAN",
                                                                    "operator_cardinality": 275301,
                                                                    "cumulative_rows_scanned": 1260710,
                                                                    "operator_rows_scanned": 1260710,
                                                                    "operator_timing": 0.07514118400000011,
                                                                    "result_set_size": 5506020,
                                                                    "children": []
                                                                }
                                                            ]
                                                        }
                                                    ]
                                                }
                                            ]
                                        }
                                    ]
                                }
                            ]
                        }
                    ]
                }
            ]
        }
    ]
}