{
    "rows_returned": 193966,
    "query_name": "\nSELECT \n    p.Id AS PostId,\n    p.Title,\n    p.CreationDate,\n    p.Score,\n    p.ViewCount,\n    p.CommentCount,\n    p.AnswerCount,\n    u.Id AS UserId,\n    u.DisplayName AS UserDisplayName,\n    u.Reputation,\n    v.VoteTypeId,\n    COUNT(v.Id) AS VoteCount,\n    AVG(EXTRACT(EPOCH FROM (v.CreationDate - p.CreationDate))) AS AvgTimeToVote\nFROM \n    Posts p\nJOIN \n    Users u ON p.OwnerUserId = u.Id\nLEFT JOIN \n    Votes v ON p.Id = v.PostId\nWHERE \n    p.CreationDate >= CAST('2024-10-01 12:34:56' AS timestamp) - INTERVAL '1 year' \nGROUP BY \n    p.Id, p.Title, p.CreationDate, p.Score, p.ViewCount, \n    p.CommentCount, p.AnswerCount, u.Id, u.DisplayName, \n    u.Reputation, v.VoteTypeId\nORDER BY \n    p.CreationDate DESC;\n",
    "blocked_thread_time": 0.0,
    "cpu_time": 0.4270810729999998,
    "extra_info": {},
    "cumulative_cardinality": 3968694,
    "cumulative_rows_scanned": 17854919,
    "result_set_size": 16681076,
    "latency": 0.719480821,
    "children": [
        {
            "operator_name": "PROJECTION",
            "cpu_time": 0.4270810729999998,
            "extra_info": {
                "Projections": [
                    "#0",
                    "#1",
                    "#2",
                    "__internal_decompress_integral_integer(#3, -72)",
                    "#4",
                    "__internal_decompress_integral_integer(#5, 0)",
                    "__internal_decompress_integral_integer(#6, 0)",
                    "#7",
                    "#8",
                    "#9",
                    "__internal_decompress_integral_smallint(#10, 1)",
                    "#11",
                    "#12"
                ],
                "Estimated Cardinality": "3850116"
            },
            "cumulative_cardinality": 3968694,
            "operator_type": "PROJECTION",
            "operator_cardinality": 193966,
            "cumulative_rows_scanned": 17854919,
            "operator_rows_scanned": 0,
            "operator_timing": 0.001093387,
            "result_set_size": 16681076,
            "children": [
                {
                    "operator_name": "ORDER_BY",
                    "cpu_time": 0.4259876859999998,
                    "extra_info": {
                        "Order By": "p.CreationDate DESC"
                    },
                    "cumulative_cardinality": 3774728,
                    "operator_type": "ORDER_BY",
                    "operator_cardinality": 193966,
                    "cumulative_rows_scanned": 17854919,
                    "operator_rows_scanned": 0,
                    "operator_timing": 0.019080063,
                    "result_set_size": 14935382,
                    "children": [
                        {
                            "operator_name": "PROJECTION",
                            "cpu_time": 0.40690762299999983,
                            "extra_info": {
                                "Projections": [
                                    "#0",
                                    "#1",
                                    "#2",
                                    "__internal_compress_integral_usmallint(#3, -72)",
                                    "#4",
                                    "__internal_compress_integral_utinyint(#5, 0)",
                                    "__internal_compress_integral_utinyint(#6, 0)",
                                    "#7",
                                    "#8",
                                    "#9",
                                    "__internal_compress_integral_utinyint(#10, 1)",
                                    "#11",
                                    "#12"
                                ],
                                "Estimated Cardinality": "3850116"
                            },
                            "cumulative_cardinality": 3580762,
                            "operator_type": "PROJECTION",
                            "operator_cardinality": 193966,
                            "cumulative_rows_scanned": 17854919,
                            "operator_rows_scanned": 0,
                            "operator_timing": 0.0006847389999999997,
                            "result_set_size": 14935382,
                            "children": [
                                {
                                    "operator_name": "PROJECTION",
                                    "cpu_time": 0.40622288399999984,
                                    "extra_info": {
                                        "Projections": [
                                            "#0",
                                            "#1",
                                            "#2",
                                            "__internal_decompress_integral_integer(#3, -72)",
                                            "#4",
                                            "__internal_decompress_integral_integer(#5, 0)",
                                            "__internal_decompress_integral_integer(#6, 0)",
                                            "#7",
                                            "#8",
                                            "#9",
                                            "__internal_decompress_integral_smallint(#10, 1)",
                                            "#11",
                                            "#12"
                                        ],
                                        "Estimated Cardinality": "3850116"
                                    },
                                    "cumulative_cardinality": 3386796,
                                    "operator_type": "PROJECTION",
                                    "operator_cardinality": 193966,
                                    "cumulative_rows_scanned": 17854919,
                                    "operator_rows_scanned": 0,
                                    "operator_timing": 0.0007172050000000001,
                                    "result_set_size": 16681076,
                                    "children": [
                                        {
                                            "operator_name": "HASH_GROUP_BY",
                                            "cpu_time": 0.40550567899999984,
                                            "extra_info": {
                                                "Groups": [
                                                    "#0",
                                                    "#1",
                                                    "#2",
                                                    "#3",
                                                    "#4",
                                                    "#5",
                                                    "#6",
                                                    "#7",
                                                    "#8",
                                                    "#9",
                                                    "#10"
                                                ],
                                                "Aggregates": [
                                                    "count(#11)",
                                                    "avg(#12)"
                                                ],
                                                "Estimated Cardinality": "3850116"
                                            },
                                            "cumulative_cardinality": 3192830,
                                            "operator_type": "HASH_GROUP_BY",
                                            "operator_cardinality": 193966,
                                            "cumulative_rows_scanned": 17854919,
                                            "operator_rows_scanned": 0,
                                            "operator_timing": 0.08353511200000002,
                                            "result_set_size": 14935382,
                                            "children": [
                                                {
                                                    "operator_name": "PROJECTION",
                                                    "cpu_time": 0.3219705669999998,
                                                    "extra_info": {
                                                        "Projections": [
                                                            "id",
                                                            "title",
                                                            "creationdate",
                                                            "score",
                                                            "viewcount",
                                                            "commentcount",
                                                            "answercount",
                                                            "id",
                                                            "displayname",
                                                            "reputation",
                                                            "votetypeid",
                                                            "id",
                                                            "epoch((creationdate - creationdate))"
                                                        ],
                                                        "Estimated Cardinality": "12744093"
                                                    },
                                                    "cumulative_cardinality": 2998864,
                                                    "operator_type": "PROJECTION",
                                                    "operator_cardinality": 335489,
                                                    "cumulative_rows_scanned": 17854919,
                                                    "operator_rows_scanned": 0,
                                                    "operator_timing": 0.0036886420000000033,
                                                    "result_set_size": 24490697,
                                                    "children": [
                                                        {
                                                            "operator_name": "PROJECTION",
                                                            "cpu_time": 0.3182819249999998,
                                                            "extra_info": {
                                                                "Projections": [
                                                                    "#0",
                                                                    "__internal_compress_integral_utinyint(#1, 1)",
                                                                    "#2",
                                                                    "#3",
                                                                    "#4",
                                                                    "#5",
                                                                    "#6",
                                                                    "__internal_compress_integral_usmallint(#7, -72)",
                                                                    "#8",
                                                                    "#9",
                                                                    "#10",
                                                                    "__internal_compress_integral_utinyint(#11, 0)",
                                                                    "__internal_compress_integral_utinyint(#12, 0)"
                                                                ],
                                                                "Estimated Cardinality": "12744093"
                                                            },
                                                            "cumulative_cardinality": 2663375,
                                                            "operator_type": "PROJECTION",
                                                            "operator_cardinality": 335489,
                                                            "cumulative_rows_scanned": 17854919,
                                                            "operator_rows_scanned": 0,
                                                            "operator_timing": 0.001478685,
                                                            "result_set_size": 24490697,
                                                            "children": [
                                                                {
                                                                    "operator_name": "HASH_JOIN",
                                                                    "cpu_time": 0.3168032399999998,
                                                                    "extra_info": {
                                                                        "Join Type": "RIGHT",
                                                                        "Conditions": "postid = id",
                                                                        "Estimated Cardinality": "12744093"
                                                                    },
                                                                    "cumulative_cardinality": 2327886,
                                                                    "operator_type": "HASH_JOIN",
                                                                    "operator_cardinality": 335489,
                                                                    "cumulative_rows_scanned": 17854919,
                                                                    "operator_rows_scanned": 0,
                                                                    "operator_timing": 0.049759375999999966,
                                                                    "result_set_size": 27510098,
                                                                    "children": [
                                                                        {
                                                                            "operator_name": "READ_PARQUET ",
                                                                            "cpu_time": 0.053587613,
                                                                            "extra_info": {
                                                                                "Function": "READ_PARQUET",
                                                                                "Projections": [
                                                                                    "id",
                                                                                    "postid",
                                                                                    "votetypeid",
                                                                                    "creationdate"
                                                                                ],
                                                                                "Estimated Cardinality": "12744093"
                                                                            },
                                                                            "cumulative_cardinality": 442526,
                                                                            "operator_type": "TABLE_SCAN",
                                                                            "operator_cardinality": 442526,
                                                                            "cumulative_rows_scanned": 12744093,
                                                                            "operator_rows_scanned": 12744093,
                                                                            "operator_timing": 0.053587613,
                                                                            "result_set_size": 7965468,
                                                                            "children": []
                                                                        },
                                                                        {
                                                                            "operator_name": "HASH_JOIN",
                                                                            "cpu_time": 0.21345625099999987,
                                                                            "extra_info": {
                                                                                "Join Type": "INNER",
                                                                                "Conditions": "id = owneruserid",
                                                                                "Estimated Cardinality": "770023"
                                                                            },
                                                                            "cumulative_cardinality": 1549871,
                                                                            "operator_type": "HASH_JOIN",
                                                                            "operator_cardinality": 143650,
                                                                            "cumulative_rows_scanned": 5110826,
                                                                            "operator_rows_scanned": 0,
                                                                            "operator_timing": 0.03584847000000002,
                                                                            "result_set_size": 9768200,
                                                                            "children": [
                                                                                {
                                                                                    "operator_name": "READ_PARQUET ",
                                                                                    "cpu_time": 0.09644451299999988,
                                                                                    "extra_info": {
                                                                                        "Function": "READ_PARQUET",
                                                                                        "Projections": [
                                                                                            "id",
                                                                                            "reputation",
                                                                                            "displayname"
                                                                                        ],
                                                                                        "Filters": "id<=1416539",
                                                                                        "Estimated Cardinality": "1260710"
                                                                                    },
                                                                                    "cumulative_cardinality": 1260679,
                                                                                    "operator_type": "TABLE_SCAN",
                                                                                    "operator_cardinality": 1260679,
                                                                                    "cumulative_rows_scanned": 1260710,
                                                                                    "operator_rows_scanned": 1260710,
                                                                                    "operator_timing": 0.09644451299999988,
                                                                                    "result_set_size": 30256296,
                                                                                    "children": []
                                                                                },
                                                                                {
                                                                                    "operator_name": "READ_PARQUET ",
                                                                                    "cpu_time": 0.08116326799999996,
                                                                                    "extra_info": {
                                                                                        "Function": "READ_PARQUET",
                                                                                        "Projections": [
                                                                                            "id",
                                                                                            "creationdate",
                                                                                            "score",
                                                                                            "viewcount",
                                                                                            "owneruserid",
                                                                                            "title",
                                                                                            "answercount",
                                                                                            "commentcount"
                                                                                        ],
                                                                                        "Filters": "creationdate>='2023-10-01 12:34:56'::TIMESTAMP",
                                                                                        "Estimated Cardinality": "770023"
                                                                                    },
                                                                                    "cumulative_cardinality": 145542,
                                                                                    "operator_type": "TABLE_SCAN",
                                                                                    "operator_cardinality": 145542,
                                                                                    "cumulative_rows_scanned": 3850116,
                                                                                    "operator_rows_scanned": 3850116,
                                                                                    "operator_timing": 0.08116326799999996,
                                                                                    "result_set_size": 6986016,
                                                                                    "children": []
                                                                                }
                                                                            ]
                                                                        }
                                                                    ]
                                                                }
                                                            ]
                                                        }
                                                    ]
                                                }
                                            ]
                                        }
                                    ]
                                }
                            ]
                        }
                    ]
                }
            ]
        }
    ]
}