{
    "rows_returned": 73786472,
    "query_name": "WITH PostEngagement AS (\n    SELECT \n        P.Id AS PostId,\n        P.Title,\n        PT.Name AS PostTypeName,\n        U.DisplayName AS OwnerDisplayName,\n        P.CreationDate,\n        P.Score,\n        P.ViewCount,\n        COALESCE(C.CommentCount, 0) AS CommentCount,\n        COALESCE(V.UpVoteCount, 0) AS UpVoteCount,\n        COALESCE(V.DownVoteCount, 0) AS DownVoteCount\n    FROM \n        Posts P\n    JOIN \n        PostTypes PT ON P.PostTypeId = PT.Id\n    JOIN \n        Users U ON P.OwnerUserId = U.Id\n    LEFT JOIN (\n        SELECT PostId, COUNT(*) AS CommentCount\n        FROM Comments\n        GROUP BY PostId\n    ) C ON P.Id = C.PostId\n    LEFT JOIN (\n        SELECT \n            PostId, \n            SUM(CASE WHEN VoteTypeId = 2 THEN 1 ELSE 0 END) AS UpVoteCount,\n            SUM(CASE WHEN VoteTypeId = 3 THEN 1 ELSE 0 END) AS DownVoteCount\n        FROM Votes\n        GROUP BY PostId\n    ) V ON P.Id = V.PostId\n),\n\nUserEngagement AS (\n    SELECT \n        U.Id AS UserId,\n        U.DisplayName,\n        COUNT(DISTINCT P.Id) AS TotalPosts,\n        SUM(COALESCE(P.ViewCount, 0)) AS TotalViews,\n        SUM(COALESCE(P.Score, 0)) AS TotalScore,\n        SUM(COALESCE(C.CommentCount, 0)) AS TotalComments\n    FROM \n        Users U\n    LEFT JOIN \n        Posts P ON P.OwnerUserId = U.Id\n    LEFT JOIN (\n        SELECT PostId, COUNT(*) AS CommentCount\n        FROM Comments\n        GROUP BY PostId\n    ) C ON P.Id = C.PostId\n    GROUP BY \n        U.Id, U.DisplayName\n)\n\nSELECT \n    PE.PostId,\n    PE.Title,\n    PE.PostTypeName,\n    PE.OwnerDisplayName,\n    PE.CreationDate,\n    PE.Score,\n    PE.ViewCount,\n    PE.CommentCount,\n    PE.UpVoteCount,\n    PE.DownVoteCount,\n    UE.UserId,\n    UE.TotalPosts,\n    UE.TotalViews,\n    UE.TotalScore,\n    UE.TotalComments\nFROM \n    PostEngagement PE\nJOIN \n    UserEngagement UE ON PE.OwnerDisplayName = UE.DisplayName\nORDER BY \n    PE.Score DESC, PE.ViewCount DESC;",
    "blocked_thread_time": 0.0,
    "cpu_time": 31.485732100999975,
    "extra_info": {},
    "cumulative_cardinality": 401197436,
    "cumulative_rows_scanned": 37449397,
    "result_set_size": 12396127296,
    "latency": 843.332897116,
    "children": [
        {
            "operator_name": "PROJECTION",
            "cpu_time": 31.485732100999975,
            "extra_info": {
                "Projections": [
                    "#0",
                    "#1",
                    "#2",
                    "#3",
                    "#4",
                    "__internal_decompress_integral_integer(#5, -72)",
                    "#6",
                    "#7",
                    "#8",
                    "#9",
                    "#10",
                    "#11",
                    "#12",
                    "#13",
                    "#14"
                ],
                "Estimated Cardinality": "6372046"
            },
            "cumulative_cardinality": 401197436,
            "operator_type": "PROJECTION",
            "operator_cardinality": 73786472,
            "cumulative_rows_scanned": 37449397,
            "operator_rows_scanned": 0,
            "operator_timing": 0.04973897399999848,
            "result_set_size": 12396127296,
            "children": [
                {
                    "operator_name": "ORDER_BY",
                    "cpu_time": 31.43599312699998,
                    "extra_info": {
                        "Order By": [
                            "PE.Score DESC",
                            "PE.ViewCount DESC"
                        ]
                    },
                    "cumulative_cardinality": 327410964,
                    "operator_type": "ORDER_BY",
                    "operator_cardinality": 73786472,
                    "cumulative_rows_scanned": 37449397,
                    "operator_rows_scanned": 0,
                    "operator_timing": 21.924983645999948,
                    "result_set_size": 12248554352,
                    "children": [
                        {
                            "operator_name": "PROJECTION",
                            "cpu_time": 9.51100948100003,
                            "extra_info": {
                                "Projections": [
                                    "#0",
                                    "#1",
                                    "#2",
                                    "#3",
                                    "#4",
                                    "__internal_compress_integral_usmallint(#5, -72)",
                                    "#6",
                                    "#7",
                                    "#8",
                                    "#9",
                                    "#10",
                                    "#11",
                                    "#12",
                                    "#13",
                                    "#14"
                                ],
                                "Estimated Cardinality": "6372046"
                            },
                            "cumulative_cardinality": 253624492,
                            "operator_type": "PROJECTION",
                            "operator_cardinality": 73786472,
                            "cumulative_rows_scanned": 37449397,
                            "operator_rows_scanned": 0,
                            "operator_timing": 0.07708420199999753,
                            "result_set_size": 12248554352,
                            "children": [
                                {
                                    "operator_name": "HASH_JOIN",
                                    "cpu_time": 9.433925279000032,
                                    "extra_info": {
                                        "Join Type": "INNER",
                                        "Conditions": "OwnerDisplayName = displayname",
                                        "Estimated Cardinality": "6372046"
                                    },
                                    "cumulative_cardinality": 179838020,
                                    "operator_type": "HASH_JOIN",
                                    "operator_cardinality": 73786472,
                                    "cumulative_rows_scanned": 37449397,
                                    "operator_rows_scanned": 0,
                                    "operator_timing": 3.3466584510000295,
                                    "result_set_size": 12396127296,
                                    "children": [
                                        {
                                            "operator_name": "PROJECTION",
                                            "cpu_time": 3.5279761490000032,
                                            "extra_info": {
                                                "Projections": [
                                                    "PostId",
                                                    "title",
                                                    "PostTypeName",
                                                    "OwnerDisplayName",
                                                    "creationdate",
                                                    "score",
                                                    "viewcount",
                                                    "CommentCount",
                                                    "UpVoteCount",
                                                    "DownVoteCount"
                                                ],
                                                "Estimated Cardinality": "6372046"
                                            },
                                            "cumulative_cardinality": 69473911,
                                            "operator_type": "PROJECTION",
                                            "operator_cardinality": 3685416,
                                            "cumulative_rows_scanned": 25096749,
                                            "operator_rows_scanned": 0,
                                            "operator_timing": 0.22006938300000004,
                                            "result_set_size": 398024928,
                                            "children": [
                                                {
                                                    "operator_name": "HASH_JOIN",
                                                    "cpu_time": 3.307906766000003,
                                                    "extra_info": {
                                                        "Join Type": "LEFT",
                                                        "Conditions": "id = postid",
                                                        "Estimated Cardinality": "6372046"
                                                    },
                                                    "cumulative_cardinality": 65788495,
                                                    "operator_type": "HASH_JOIN",
                                                    "operator_cardinality": 3685416,
                                                    "cumulative_rows_scanned": 25096749,
                                                    "operator_rows_scanned": 0,
                                                    "operator_timing": 0.592887372000003,
                                                    "result_set_size": 398024928,
                                                    "children": [
                                                        {
                                                            "operator_name": "HASH_JOIN",
                                                            "cpu_time": 1.729460247,
                                                            "extra_info": {
                                                                "Join Type": "LEFT",
                                                                "Conditions": "id = postid",
                                                                "Estimated Cardinality": "3850116"
                                                            },
                                                            "cumulative_cardinality": 32649666,
                                                            "operator_type": "HASH_JOIN",
                                                            "operator_cardinality": 3685416,
                                                            "cumulative_rows_scanned": 12352656,
                                                            "operator_rows_scanned": 0,
                                                            "operator_timing": 0.35084219499999975,
                                                            "result_set_size": 280091616,
                                                            "children": [
                                                                {
                                                                    "operator_name": "HASH_JOIN",
                                                                    "cpu_time": 1.0981534800000001,
                                                                    "extra_info": {
                                                                        "Join Type": "INNER",
                                                                        "Conditions": "owneruserid = id",
                                                                        "Estimated Cardinality": "3850116"
                                                                    },
                                                                    "cumulative_cardinality": 12316934,
                                                                    "operator_type": "HASH_JOIN",
                                                                    "operator_cardinality": 3685416,
                                                                    "cumulative_rows_scanned": 5110834,
                                                                    "operator_rows_scanned": 0,
                                                                    "operator_timing": 0.35915254,
                                                                    "result_set_size": 250608288,
                                                                    "children": [
                                                                        {
                                                                            "operator_name": "HASH_JOIN",
                                                                            "cpu_time": 0.654962149,
                                                                            "extra_info": {
                                                                                "Join Type": "INNER",
                                                                                "Conditions": "posttypeid = id",
                                                                                "Estimated Cardinality": "3850116"
                                                                            },
                                                                            "cumulative_cardinality": 7370839,
                                                                            "operator_type": "HASH_JOIN",
                                                                            "operator_cardinality": 3685416,
                                                                            "cumulative_rows_scanned": 3850124,
                                                                            "operator_rows_scanned": 0,
                                                                            "operator_timing": 0.011342034,
                                                                            "result_set_size": 206383296,
                                                                            "children": [
                                                                                {
                                                                                    "operator_name": "READ_PARQUET ",
                                                                                    "cpu_time": 0.643150157,
                                                                                    "extra_info": {
                                                                                        "Function": "READ_PARQUET",
                                                                                        "Projections": [
                                                                                            "id",
                                                                                            "posttypeid",
                                                                                            "creationdate",
                                                                                            "score",
                                                                                            "viewcount",
                                                                                            "owneruserid",
                                                                                            "title"
                                                                                        ],
                                                                                        "Estimated Cardinality": "3850116"
                                                                                    },
                                                                                    "cumulative_cardinality": 3685416,
                                                                                    "operator_type": "TABLE_SCAN",
                                                                                    "operator_cardinality": 3685416,
                                                                                    "cumulative_rows_scanned": 3850116,
                                                                                    "operator_rows_scanned": 3850116,
                                                                                    "operator_timing": 0.643150157,
                                                                                    "result_set_size": 154787472,
                                                                                    "children": []
                                                                                },
                                                                                {
                                                                                    "operator_name": "READ_PARQUET ",
                                                                                    "cpu_time": 0.00046995800000000003,
                                                                                    "extra_info": {
                                                                                        "Function": "READ_PARQUET",
                                                                                        "Projections": [
                                                                                            "id",
                                                                                            "name"
                                                                                        ],
                                                                                        "Filters": "id<=7",
                                                                                        "Estimated Cardinality": "8"
                                                                                    },
                                                                                    "cumulative_cardinality": 7,
                                                                                    "operator_type": "TABLE_SCAN",
                                                                                    "operator_cardinality": 7,
                                                                                    "cumulative_rows_scanned": 8,
                                                                                    "operator_rows_scanned": 8,
                                                                                    "operator_timing": 0.00046995800000000003,
                                                                                    "result_set_size": 126,
                                                                                    "children": []
                                                                                }
                                                                            ]
                                                                        },
                                                                        {
                                                                            "operator_name": "READ_PARQUET ",
                                                                            "cpu_time": 0.08403879099999996,
                                                                            "extra_info": {
                                                                                "Function": "READ_PARQUET",
                                                                                "Projections": [
                                                                                    "id",
                                                                                    "displayname"
                                                                                ],
                                                                                "Filters": "id<=1416539",
                                                                                "Estimated Cardinality": "1260710"
                                                                            },
                                                                            "cumulative_cardinality": 1260679,
                                                                            "operator_type": "TABLE_SCAN",
                                                                            "operator_cardinality": 1260679,
                                                                            "cumulative_rows_scanned": 1260710,
                                                                            "operator_rows_scanned": 1260710,
                                                                            "operator_timing": 0.08403879099999996,
                                                                            "result_set_size": 25213580,
                                                                            "children": []
                                                                        }
                                                                    ]
                                                                },
                                                                {
                                                                    "operator_name": "HASH_GROUP_BY",
                                                                    "cpu_time": 0.280464572,
                                                                    "extra_info": {
                                                                        "Groups": "#0",
                                                                        "Aggregates": "count_star()",
                                                                        "Estimated Cardinality": "3620911"
                                                                    },
                                                                    "cumulative_cardinality": 16647316,
                                                                    "operator_type": "HASH_GROUP_BY",
                                                                    "operator_cardinality": 2163672,
                                                                    "cumulative_rows_scanned": 7241822,
                                                                    "operator_rows_scanned": 0,
                                                                    "operator_timing": 0.23792495900000005,
                                                                    "result_set_size": 25964064,
                                                                    "children": [
                                                                        {
                                                                            "operator_name": "PROJECTION",
                                                                            "cpu_time": 0.04253961299999998,
                                                                            "extra_info": {
                                                                                "Projections": "postid",
                                                                                "Estimated Cardinality": "7241822"
                                                                            },
                                                                            "cumulative_cardinality": 14483644,
                                                                            "operator_type": "PROJECTION",
                                                                            "operator_cardinality": 7241822,
                                                                            "cumulative_rows_scanned": 7241822,
                                                                            "operator_rows_scanned": 0,
                                                                            "operator_timing": 0.00038476500000000425,
                                                                            "result_set_size": 28967288,
                                                                            "children": [
                                                                                {
                                                                                    "operator_name": "READ_PARQUET ",
                                                                                    "cpu_time": 0.04215484799999998,
                                                                                    "extra_info": {
                                                                                        "Function": "READ_PARQUET",
                                                                                        "Projections": "postid",
                                                                                        "Estimated Cardinality": "7241822"
                                                                                    },
                                                                                    "cumulative_cardinality": 7241822,
                                                                                    "operator_type": "TABLE_SCAN",
                                                                                    "operator_cardinality": 7241822,
                                                                                    "cumulative_rows_scanned": 7241822,
                                                                                    "operator_rows_scanned": 7241822,
                                                                                    "operator_timing": 0.04215484799999998,
                                                                                    "result_set_size": 28967288,
                                                                                    "children": []
                                                                                }
                                                                            ]
                                                                        }
                                                                    ]
                                                                }
                                                            ]
                                                        },
                                                        {
                                                            "operator_name": "HASH_GROUP_BY",
                                                            "cpu_time": 0.9855591470000002,
                                                            "extra_info": {
                                                                "Groups": "#0",
                                                                "Aggregates": [
                                                                    "sum(#1)",
                                                                    "sum(#2)"
                                                                ],
                                                                "Estimated Cardinality": "6372046"
                                                            },
                                                            "cumulative_cardinality": 29453413,
                                                            "operator_type": "HASH_GROUP_BY",
                                                            "operator_cardinality": 3965227,
                                                            "cumulative_rows_scanned": 12744093,
                                                            "operator_rows_scanned": 0,
                                                            "operator_timing": 0.7466631710000003,
                                                            "result_set_size": 142748172,
                                                            "children": [
                                                                {
                                                                    "operator_name": "PROJECTION",
                                                                    "cpu_time": 0.23889597599999995,
                                                                    "extra_info": {
                                                                        "Projections": [
                                                                            "postid",
                                                                            "CASE  WHEN ((votetypeid = 2)) THEN (1) ELSE 0 END",
                                                                            "CASE  WHEN ((votetypeid = 3)) THEN (1) ELSE 0 END"
                                                                        ],
                                                                        "Estimated Cardinality": "12744093"
                                                                    },
                                                                    "cumulative_cardinality": 25488186,
                                                                    "operator_type": "PROJECTION",
                                                                    "operator_cardinality": 12744093,
                                                                    "cumulative_rows_scanned": 12744093,
                                                                    "operator_rows_scanned": 0,
                                                                    "operator_timing": 0.10359402600000028,
                                                                    "result_set_size": 152929116,
                                                                    "children": [
                                                                        {
                                                                            "operator_name": "READ_PARQUET ",
                                                                            "cpu_time": 0.13530194999999967,
                                                                            "extra_info": {
                                                                                "Function": "READ_PARQUET",
                                                                                "Projections": [
                                                                                    "postid",
                                                                                    "votetypeid"
                                                                                ],
                                                                                "Estimated Cardinality": "12744093"
                                                                            },
                                                                            "cumulative_cardinality": 12744093,
                                                                            "operator_type": "TABLE_SCAN",
                                                                            "operator_cardinality": 12744093,
                                                                            "cumulative_rows_scanned": 12744093,
                                                                            "operator_rows_scanned": 12744093,
                                                                            "operator_timing": 0.13530194999999967,
                                                                            "result_set_size": 76464558,
                                                                            "children": []
                                                                        }
                                                                    ]
                                                                }
                                                            ]
                                                        }
                                                    ]
                                                }
                                            ]
                                        },
                                        {
                                            "operator_name": "HASH_GROUP_BY",
                                            "cpu_time": 2.559290679000001,
                                            "extra_info": {
                                                "Groups": [
                                                    "#0",
                                                    "#1"
                                                ],
                                                "Aggregates": [
                                                    "count(DISTINCT #2)",
                                                    "sum(#3)",
                                                    "sum(#4)",
                                                    "sum(#5)"
                                                ],
                                                "Estimated Cardinality": "1260710"
                                            },
                                            "cumulative_cardinality": 36577637,
                                            "operator_type": "HASH_GROUP_BY",
                                            "operator_cardinality": 1260710,
                                            "cumulative_rows_scanned": 12352648,
                                            "operator_rows_scanned": 0,
                                            "operator_timing": 1.4234641380000008,
                                            "result_set_size": 95813960,
                                            "children": [
                                                {
                                                    "operator_name": "PROJECTION",
                                                    "cpu_time": 1.135826541,
                                                    "extra_info": {
                                                        "Projections": [
                                                            "id",
                                                            "displayname",
                                                            "id",
                                                            "COALESCE(viewcount, 0)",
                                                            "COALESCE(score, 0)",
                                                            "COALESCE(CommentCount, 0)"
                                                        ],
                                                        "Estimated Cardinality": "3850116"
                                                    },
                                                    "cumulative_cardinality": 35316927,
                                                    "operator_type": "PROJECTION",
                                                    "operator_cardinality": 4574495,
                                                    "cumulative_rows_scanned": 12352648,
                                                    "operator_rows_scanned": 0,
                                                    "operator_timing": 0.10026807699999989,
                                                    "result_set_size": 182979800,
                                                    "children": [
                                                        {
                                                            "operator_name": "HASH_JOIN",
                                                            "cpu_time": 1.035558464,
                                                            "extra_info": {
                                                                "Join Type": "LEFT",
                                                                "Conditions": "id = postid",
                                                                "Estimated Cardinality": "3850116"
                                                            },
                                                            "cumulative_cardinality": 30742432,
                                                            "operator_type": "HASH_JOIN",
                                                            "operator_cardinality": 4574495,
                                                            "cumulative_rows_scanned": 12352648,
                                                            "operator_rows_scanned": 0,
                                                            "operator_timing": 0.26690555200000005,
                                                            "result_set_size": 182979800,
                                                            "children": [
                                                                {
                                                                    "operator_name": "HASH_JOIN",
                                                                    "cpu_time": 0.48270049999999987,
                                                                    "extra_info": {
                                                                        "Join Type": "RIGHT",
                                                                        "Conditions": "owneruserid = id",
                                                                        "Estimated Cardinality": "3850116"
                                                                    },
                                                                    "cumulative_cardinality": 9520621,
                                                                    "operator_type": "HASH_JOIN",
                                                                    "operator_cardinality": 4574495,
                                                                    "cumulative_rows_scanned": 5110826,
                                                                    "operator_rows_scanned": 0,
                                                                    "operator_timing": 0.26662488099999954,
                                                                    "result_set_size": 146383840,
                                                                    "children": [
                                                                        {
                                                                            "operator_name": "READ_PARQUET ",
                                                                            "cpu_time": 0.1380993020000003,
                                                                            "extra_info": {
                                                                                "Function": "READ_PARQUET",
                                                                                "Projections": [
                                                                                    "id",
                                                                                    "score",
                                                                                    "viewcount",
                                                                                    "owneruserid"
                                                                                ],
                                                                                "Estimated Cardinality": "3850116"
                                                                            },
                                                                            "cumulative_cardinality": 3685416,
                                                                            "operator_type": "TABLE_SCAN",
                                                                            "operator_cardinality": 3685416,
                                                                            "cumulative_rows_scanned": 3850116,
                                                                            "operator_rows_scanned": 3850116,
                                                                            "operator_timing": 0.1380993020000003,
                                                                            "result_set_size": 58966656,
                                                                            "children": []
                                                                        },
                                                                        {
                                                                            "operator_name": "READ_PARQUET ",
                                                                            "cpu_time": 0.07797631700000003,
                                                                            "extra_info": {
                                                                                "Function": "READ_PARQUET",
                                                                                "Projections": [
                                                                                    "id",
                                                                                    "displayname"
                                                                                ],
                                                                                "Estimated Cardinality": "1260710"
                                                                            },
                                                                            "cumulative_cardinality": 1260710,
                                                                            "operator_type": "TABLE_SCAN",
                                                                            "operator_cardinality": 1260710,
                                                                            "cumulative_rows_scanned": 1260710,
                                                                            "operator_rows_scanned": 1260710,
                                                                            "operator_timing": 0.07797631700000003,
                                                                            "result_set_size": 25214200,
                                                                            "children": []
                                                                        }
                                                                    ]
                                                                },
                                                                {
                                                                    "operator_name": "HASH_GROUP_BY",
                                                                    "cpu_time": 0.2859524120000001,
                                                                    "extra_info": {
                                                                        "Groups": "#0",
                                                                        "Aggregates": "count_star()",
                                                                        "Estimated Cardinality": "3620911"
                                                                    },
                                                                    "cumulative_cardinality": 16647316,
                                                                    "operator_type": "HASH_GROUP_BY",
                                                                    "operator_cardinality": 2163672,
                                                                    "cumulative_rows_scanned": 7241822,
                                                                    "operator_rows_scanned": 0,
                                                                    "operator_timing": 0.24335927400000013,
                                                                    "result_set_size": 25964064,
                                                                    "children": [
                                                                        {
                                                                            "operator_name": "PROJECTION",
                                                                            "cpu_time": 0.04259313799999999,
                                                                            "extra_info": {
                                                                                "Projections": "postid",
                                                                                "Estimated Cardinality": "7241822"
                                                                            },
                                                                            "cumulative_cardinality": 14483644,
                                                                            "operator_type": "PROJECTION",
                                                                            "operator_cardinality": 7241822,
                                                                            "cumulative_rows_scanned": 7241822,
                                                                            "operator_rows_scanned": 0,
                                                                            "operator_timing": 0.00037739900000000363,
                                                                            "result_set_size": 28967288,
                                                                            "children": [
                                                                                {
                                                                                    "operator_name": "READ_PARQUET ",
                                                                                    "cpu_time": 0.04221573899999999,
                                                                                    "extra_info": {
                                                                                        "Function": "READ_PARQUET",
                                                                                        "Projections": "postid",
                                                                                        "Estimated Cardinality": "7241822"
                                                                                    },
                                                                                    "cumulative_cardinality": 7241822,
                                                                                    "operator_type": "TABLE_SCAN",
                                                                                    "operator_cardinality": 7241822,
                                                                                    "cumulative_rows_scanned": 7241822,
                                                                                    "operator_rows_scanned": 7241822,
                                                                                    "operator_timing": 0.04221573899999999,
                                                                                    "result_set_size": 28967288,
                                                                                    "children": []
                                                                                }
                                                                            ]
                                                                        }
                                                                    ]
                                                                }
                                                            ]
                                                        }
                                                    ]
                                                }
                                            ]
                                        }
                                    ]
                                }
                            ]
                        }
                    ]
                }
            ]
        }
    ]
}