{
    "rows_returned": 100,
    "query_name": "\nSELECT \n    p.Id AS PostId,\n    p.Title,\n    p.CreationDate,\n    p.Score,\n    COUNT(c.Id) AS CommentCount,\n    SUM(CASE WHEN v.VoteTypeId = 2 THEN 1 ELSE 0 END) AS UpVoteCount,\n    SUM(CASE WHEN v.VoteTypeId = 3 THEN 1 ELSE 0 END) AS DownVoteCount,\n    u.DisplayName AS OwnerDisplayName,\n    u.Reputation AS OwnerReputation,\n    (SELECT COUNT(*) FROM Posts AS a WHERE a.AcceptedAnswerId = p.Id) AS AcceptedAnswerCount\nFROM \n    Posts p\nJOIN \n    Users u ON p.OwnerUserId = u.Id\nLEFT JOIN \n    Comments c ON p.Id = c.PostId\nLEFT JOIN \n    Votes v ON p.Id = v.PostId\nWHERE \n    p.PostTypeId = 1 \nGROUP BY \n    p.Id, p.Title, p.CreationDate, p.Score, u.DisplayName, u.Reputation\nORDER BY \n    p.CreationDate DESC\nLIMIT 100;\n",
    "blocked_thread_time": 0.0,
    "cpu_time": 5.589884790000001,
    "extra_info": {},
    "cumulative_cardinality": 122591922,
    "cumulative_rows_scanned": 28946857,
    "result_set_size": 10000,
    "latency": 6.802310998,
    "children": [
        {
            "operator_name": "STREAMING_LIMIT",
            "cpu_time": 5.589884790000001,
            "extra_info": {},
            "cumulative_cardinality": 122591922,
            "operator_type": "STREAMING_LIMIT",
            "operator_cardinality": 100,
            "cumulative_rows_scanned": 28946857,
            "operator_rows_scanned": 0,
            "operator_timing": 0.000001753,
            "result_set_size": 10000,
            "children": [
                {
                    "operator_name": "PROJECTION",
                    "cpu_time": 5.589883037000001,
                    "extra_info": {
                        "Projections": [
                            "#0",
                            "#1",
                            "#2",
                            "__internal_decompress_integral_integer(#3, -72)",
                            "#4",
                            "#5",
                            "#6",
                            "#7",
                            "#8",
                            "#9"
                        ],
                        "Estimated Cardinality": "3850116"
                    },
                    "cumulative_cardinality": 122591822,
                    "operator_type": "PROJECTION",
                    "operator_cardinality": 4096,
                    "cumulative_rows_scanned": 28946857,
                    "operator_rows_scanned": 0,
                    "operator_timing": 0.000007214000000000001,
                    "result_set_size": 409600,
                    "children": [
                        {
                            "operator_name": "ORDER_BY",
                            "cpu_time": 5.589875823000001,
                            "extra_info": {
                                "Order By": "p.CreationDate DESC"
                            },
                            "cumulative_cardinality": 122587726,
                            "operator_type": "ORDER_BY",
                            "operator_cardinality": 4096,
                            "cumulative_rows_scanned": 28946857,
                            "operator_rows_scanned": 0,
                            "operator_timing": 0.14436327899999998,
                            "result_set_size": 401408,
                            "children": [
                                {
                                    "operator_name": "PROJECTION",
                                    "cpu_time": 5.4455125440000005,
                                    "extra_info": {
                                        "Projections": [
                                            "#0",
                                            "#1",
                                            "#2",
                                            "__internal_compress_integral_usmallint(#3, -72)",
                                            "#4",
                                            "#5",
                                            "#6",
                                            "#7",
                                            "#8",
                                            "#9"
                                        ],
                                        "Estimated Cardinality": "3850116"
                                    },
                                    "cumulative_cardinality": 122583630,
                                    "operator_type": "PROJECTION",
                                    "operator_cardinality": 1589663,
                                    "cumulative_rows_scanned": 28946857,
                                    "operator_rows_scanned": 0,
                                    "operator_timing": 0.0012308729999999986,
                                    "result_set_size": 155786974,
                                    "children": [
                                        {
                                            "operator_name": "PROJECTION",
                                            "cpu_time": 5.444281671000001,
                                            "extra_info": {
                                                "Projections": [
                                                    "PostId",
                                                    "title",
                                                    "creationdate",
                                                    "score",
                                                    "CommentCount",
                                                    "UpVoteCount",
                                                    "DownVoteCount",
                                                    "OwnerDisplayName",
                                                    "OwnerReputation",
                                                    "AcceptedAnswerCount"
                                                ],
                                                "Estimated Cardinality": "3850116"
                                            },
                                            "cumulative_cardinality": 120993967,
                                            "operator_type": "PROJECTION",
                                            "operator_cardinality": 1589663,
                                            "cumulative_rows_scanned": 28946857,
                                            "operator_rows_scanned": 0,
                                            "operator_timing": 0.00046877099999999863,
                                            "result_set_size": 158966300,
                                            "children": [
                                                {
                                                    "operator_name": "LEFT_DELIM_JOIN",
                                                    "cpu_time": 5.4438129,
                                                    "extra_info": {
                                                        "Join Type": "SINGLE",
                                                        "Conditions": "id IS NOT DISTINCT FROM id",
                                                        "Estimated Cardinality": "3850116",
                                                        "Delim Index": "1"
                                                    },
                                                    "cumulative_cardinality": 119404304,
                                                    "operator_type": "LEFT_DELIM_JOIN",
                                                    "operator_cardinality": 0,
                                                    "cumulative_rows_scanned": 28946857,
                                                    "operator_rows_scanned": 0,
                                                    "operator_timing": 0.17620529000000015,
                                                    "result_set_size": 0,
                                                    "children": [
                                                        {
                                                            "operator_name": "PROJECTION",
                                                            "cpu_time": 4.961146422,
                                                            "extra_info": {
                                                                "Projections": [
                                                                    "#0",
                                                                    "#1",
                                                                    "#2",
                                                                    "__internal_decompress_integral_integer(#3, -72)",
                                                                    "#4",
                                                                    "#5",
                                                                    "#6",
                                                                    "#7",
                                                                    "#8"
                                                                ],
                                                                "Estimated Cardinality": "3850116"
                                                            },
                                                            "cumulative_cardinality": 108995767,
                                                            "operator_type": "PROJECTION",
                                                            "operator_cardinality": 1589663,
                                                            "cumulative_rows_scanned": 25096741,
                                                            "operator_rows_scanned": 0,
                                                            "operator_timing": 0.003738293999999995,
                                                            "result_set_size": 146248996,
                                                            "children": [
                                                                {
                                                                    "operator_name": "HASH_GROUP_BY",
                                                                    "cpu_time": 4.957408128,
                                                                    "extra_info": {
                                                                        "Groups": [
                                                                            "#0",
                                                                            "#1",
                                                                            "#2",
                                                                            "#3",
                                                                            "#4",
                                                                            "#5"
                                                                        ],
                                                                        "Aggregates": [
                                                                            "count(#6)",
                                                                            "sum(#7)",
                                                                            "sum(#8)"
                                                                        ],
                                                                        "Estimated Cardinality": "3850116"
                                                                    },
                                                                    "cumulative_cardinality": 107406104,
                                                                    "operator_type": "HASH_GROUP_BY",
                                                                    "operator_cardinality": 1589663,
                                                                    "cumulative_rows_scanned": 25096741,
                                                                    "operator_rows_scanned": 0,
                                                                    "operator_timing": 1.9468854699999993,
                                                                    "result_set_size": 143069670,
                                                                    "children": [
                                                                        {
                                                                            "operator_name": "PROJECTION",
                                                                            "cpu_time": 3.0105226580000006,
                                                                            "extra_info": {
                                                                                "Projections": [
                                                                                    "id",
                                                                                    "title",
                                                                                    "creationdate",
                                                                                    "score",
                                                                                    "displayname",
                                                                                    "reputation",
                                                                                    "id",
                                                                                    "CASE  WHEN ((votetypeid = 2)) THEN (1) ELSE 0 END",
                                                                                    "CASE  WHEN ((votetypeid = 3)) THEN (1) ELSE 0 END"
                                                                                ],
                                                                                "Estimated Cardinality": "12744093"
                                                                            },
                                                                            "cumulative_cardinality": 105816441,
                                                                            "operator_type": "PROJECTION",
                                                                            "operator_cardinality": 16029662,
                                                                            "cumulative_rows_scanned": 25096741,
                                                                            "operator_rows_scanned": 0,
                                                                            "operator_timing": 0.07059188200000055,
                                                                            "result_set_size": 993839044,
                                                                            "children": [
                                                                                {
                                                                                    "operator_name": "PROJECTION",
                                                                                    "cpu_time": 2.939930776,
                                                                                    "extra_info": {
                                                                                        "Projections": [
                                                                                            "#0",
                                                                                            "#1",
                                                                                            "#2",
                                                                                            "#3",
                                                                                            "#4",
                                                                                            "__internal_compress_integral_usmallint(#5, -72)",
                                                                                            "#6",
                                                                                            "#7"
                                                                                        ],
                                                                                        "Estimated Cardinality": "12744093"
                                                                                    },
                                                                                    "cumulative_cardinality": 89786779,
                                                                                    "operator_type": "PROJECTION",
                                                                                    "operator_cardinality": 16029662,
                                                                                    "cumulative_rows_scanned": 25096741,
                                                                                    "operator_rows_scanned": 0,
                                                                                    "operator_timing": 0.02046471299999964,
                                                                                    "result_set_size": 897661072,
                                                                                    "children": [
                                                                                        {
                                                                                            "operator_name": "PROJECTION",
                                                                                            "cpu_time": 2.9194660630000007,
                                                                                            "extra_info": {
                                                                                                "Projections": [
                                                                                                    "#0",
                                                                                                    "#1",
                                                                                                    "#2",
                                                                                                    "#3",
                                                                                                    "#4",
                                                                                                    "#5",
                                                                                                    "#6",
                                                                                                    "__internal_decompress_integral_smallint(#7, 1)"
                                                                                                ],
                                                                                                "Estimated Cardinality": "12744093"
                                                                                            },
                                                                                            "cumulative_cardinality": 73757117,
                                                                                            "operator_type": "PROJECTION",
                                                                                            "operator_cardinality": 16029662,
                                                                                            "cumulative_rows_scanned": 25096741,
                                                                                            "operator_rows_scanned": 0,
                                                                                            "operator_timing": 0.011462310999999838,
                                                                                            "result_set_size": 929720396,
                                                                                            "children": [
                                                                                                {
                                                                                                    "operator_name": "HASH_JOIN",
                                                                                                    "cpu_time": 2.908003752000001,
                                                                                                    "extra_info": {
                                                                                                        "Join Type": "LEFT",
                                                                                                        "Conditions": "id = postid",
                                                                                                        "Estimated Cardinality": "12744093"
                                                                                                    },
                                                                                                    "cumulative_cardinality": 57727455,
                                                                                                    "operator_type": "HASH_JOIN",
                                                                                                    "operator_cardinality": 16029662,
                                                                                                    "cumulative_rows_scanned": 25096741,
                                                                                                    "operator_rows_scanned": 0,
                                                                                                    "operator_timing": 0.9625628699999995,
                                                                                                    "result_set_size": 913690734,
                                                                                                    "children": [
                                                                                                        {
                                                                                                            "operator_name": "HASH_JOIN",
                                                                                                            "cpu_time": 1.8047122000000013,
                                                                                                            "extra_info": {
                                                                                                                "Join Type": "RIGHT",
                                                                                                                "Conditions": "postid = id",
                                                                                                                "Estimated Cardinality": "7241822"
                                                                                                            },
                                                                                                            "cumulative_cardinality": 16209607,
                                                                                                            "operator_type": "HASH_JOIN",
                                                                                                            "operator_cardinality": 4449281,
                                                                                                            "cumulative_rows_scanned": 12352648,
                                                                                                            "operator_rows_scanned": 0,
                                                                                                            "operator_timing": 0.6001713800000018,
                                                                                                            "result_set_size": 249159736,
                                                                                                            "children": [
                                                                                                                {
                                                                                                                    "operator_name": "READ_PARQUET ",
                                                                                                                    "cpu_time": 0.13154773999999989,
                                                                                                                    "extra_info": {
                                                                                                                        "Function": "READ_PARQUET",
                                                                                                                        "Projections": [
                                                                                                                            "id",
                                                                                                                            "postid"
                                                                                                                        ],
                                                                                                                        "Estimated Cardinality": "7241822"
                                                                                                                    },
                                                                                                                    "cumulative_cardinality": 7241822,
                                                                                                                    "operator_type": "TABLE_SCAN",
                                                                                                                    "operator_cardinality": 7241822,
                                                                                                                    "cumulative_rows_scanned": 7241822,
                                                                                                                    "operator_rows_scanned": 7241822,
                                                                                                                    "operator_timing": 0.13154773999999989,
                                                                                                                    "result_set_size": 57934576,
                                                                                                                    "children": []
                                                                                                                },
                                                                                                                {
                                                                                                                    "operator_name": "HASH_JOIN",
                                                                                                                    "cpu_time": 1.0729930799999996,
                                                                                                                    "extra_info": {
                                                                                                                        "Join Type": "INNER",
                                                                                                                        "Conditions": "id = owneruserid",
                                                                                                                        "Estimated Cardinality": "770023"
                                                                                                                    },
                                                                                                                    "cumulative_cardinality": 4518504,
                                                                                                                    "operator_type": "HASH_JOIN",
                                                                                                                    "operator_cardinality": 1589663,
                                                                                                                    "cumulative_rows_scanned": 5110826,
                                                                                                                    "operator_rows_scanned": 0,
                                                                                                                    "operator_timing": 0.294393413,
                                                                                                                    "result_set_size": 82662476,
                                                                                                                    "children": [
                                                                                                                        {
                                                                                                                            "operator_name": "READ_PARQUET ",
                                                                                                                            "cpu_time": 0.11431806100000014,
                                                                                                                            "extra_info": {
                                                                                                                                "Function": "READ_PARQUET",
                                                                                                                                "Projections": [
                                                                                                                                    "id",
                                                                                                                                    "reputation",
                                                                                                                                    "displayname"
                                                                                                                                ],
                                                                                                                                "Filters": "id<=1416539",
                                                                                                                                "Estimated Cardinality": "1260710"
                                                                                                                            },
                                                                                                                            "cumulative_cardinality": 1260677,
                                                                                                                            "operator_type": "TABLE_SCAN",
                                                                                                                            "operator_cardinality": 1260677,
                                                                                                                            "cumulative_rows_scanned": 1260710,
                                                                                                                            "operator_rows_scanned": 1260710,
                                                                                                                            "operator_timing": 0.11431806100000014,
                                                                                                                            "result_set_size": 30256248,
                                                                                                                            "children": []
                                                                                                                        },
                                                                                                                        {
                                                                                                                            "operator_name": "READ_PARQUET ",
                                                                                                                            "cpu_time": 0.6642816059999994,
                                                                                                                            "extra_info": {
                                                                                                                                "Function": "READ_PARQUET",
                                                                                                                                "Projections": [
                                                                                                                                    "id",
                                                                                                                                    "creationdate",
                                                                                                                                    "score",
                                                                                                                                    "owneruserid",
                                                                                                                                    "title"
                                                                                                                                ],
                                                                                                                                "Filters": "posttypeid=1",
                                                                                                                                "Estimated Cardinality": "770023"
                                                                                                                            },
                                                                                                                            "cumulative_cardinality": 1668164,
                                                                                                                            "operator_type": "TABLE_SCAN",
                                                                                                                            "operator_cardinality": 1668164,
                                                                                                                            "cumulative_rows_scanned": 3850116,
                                                                                                                            "operator_rows_scanned": 3850116,
                                                                                                                            "operator_timing": 0.6642816059999994,
                                                                                                                            "result_set_size": 60053904,
                                                                                                                            "children": []
                                                                                                                        }
                                                                                                                    ]
                                                                                                                }
                                                                                                            ]
                                                                                                        },
                                                                                                        {
                                                                                                            "operator_name": "PROJECTION",
                                                                                                            "cpu_time": 0.14072868199999983,
                                                                                                            "extra_info": {
                                                                                                                "Projections": [
                                                                                                                    "#0",
                                                                                                                    "__internal_compress_integral_utinyint(#1, 1)"
                                                                                                                ],
                                                                                                                "Estimated Cardinality": "12744093"
                                                                                                            },
                                                                                                            "cumulative_cardinality": 25488186,
                                                                                                            "operator_type": "PROJECTION",
                                                                                                            "operator_cardinality": 12744093,
                                                                                                            "cumulative_rows_scanned": 12744093,
                                                                                                            "operator_rows_scanned": 0,
                                                                                                            "operator_timing": 0.0036193509999999755,
                                                                                                            "result_set_size": 63720465,
                                                                                                            "children": [
                                                                                                                {
                                                                                                                    "operator_name": "READ_PARQUET ",
                                                                                                                    "cpu_time": 0.13710933099999986,
                                                                                                                    "extra_info": {
                                                                                                                        "Function": "READ_PARQUET",
                                                                                                                        "Projections": [
                                                                                                                            "postid",
                                                                                                                            "votetypeid"
                                                                                                                        ],
                                                                                                                        "Estimated Cardinality": "12744093"
                                                                                                                    },
                                                                                                                    "cumulative_cardinality": 12744093,
                                                                                                                    "operator_type": "TABLE_SCAN",
                                                                                                                    "operator_cardinality": 12744093,
                                                                                                                    "cumulative_rows_scanned": 12744093,
                                                                                                                    "operator_rows_scanned": 12744093,
                                                                                                                    "operator_timing": 0.13710933099999986,
                                                                                                                    "result_set_size": 76464558,
                                                                                                                    "children": []
                                                                                                                }
                                                                                                            ]
                                                                                                        }
                                                                                                    ]
                                                                                                }
                                                                                            ]
                                                                                        }
                                                                                    ]
                                                                                }
                                                                            ]
                                                                        }
                                                                    ]
                                                                }
                                                            ]
                                                        },
                                                        {
                                                            "operator_name": "HASH_JOIN",
                                                            "cpu_time": 0.2945889429999998,
                                                            "extra_info": {
                                                                "Join Type": "SINGLE",
                                                                "Conditions": "id IS NOT DISTINCT FROM id",
                                                                "Estimated Cardinality": "3850116"
                                                            },
                                                            "cumulative_cardinality": 7229211,
                                                            "operator_type": "HASH_JOIN",
                                                            "operator_cardinality": 1589663,
                                                            "cumulative_rows_scanned": 3850116,
                                                            "operator_rows_scanned": 0,
                                                            "operator_timing": 0.1311297789999999,
                                                            "result_set_size": 158966300,
                                                            "children": [
                                                                {
                                                                    "operator_name": "COLUMN_DATA_SCAN",
                                                                    "cpu_time": 0.011332233999999998,
                                                                    "extra_info": {
                                                                        "Estimated Cardinality": "3850116"
                                                                    },
                                                                    "cumulative_cardinality": 1589663,
                                                                    "operator_type": "COLUMN_DATA_SCAN",
                                                                    "operator_cardinality": 1589663,
                                                                    "cumulative_rows_scanned": 0,
                                                                    "operator_rows_scanned": 0,
                                                                    "operator_timing": 0.011332233999999998,
                                                                    "result_set_size": 146248996,
                                                                    "children": []
                                                                },
                                                                {
                                                                    "operator_name": "PROJECTION",
                                                                    "cpu_time": 0.15212692999999997,
                                                                    "extra_info": {
                                                                        "Projections": [
                                                                            "CASE  WHEN ((count_star() IS NULL)) THEN (0) ELSE count_star() END",
                                                                            "id"
                                                                        ],
                                                                        "Estimated Cardinality": "1925058"
                                                                    },
                                                                    "cumulative_cardinality": 4049885,
                                                                    "operator_type": "PROJECTION",
                                                                    "operator_cardinality": 1589663,
                                                                    "cumulative_rows_scanned": 3850116,
                                                                    "operator_rows_scanned": 0,
                                                                    "operator_timing": 0.0017747190000000036,
                                                                    "result_set_size": 19075956,
                                                                    "children": [
                                                                        {
                                                                            "operator_name": "HASH_JOIN",
                                                                            "cpu_time": 0.15035221099999996,
                                                                            "extra_info": {
                                                                                "Join Type": "LEFT",
                                                                                "Conditions": "id IS NOT DISTINCT FROM #0",
                                                                                "Estimated Cardinality": "1925058"
                                                                            },
                                                                            "cumulative_cardinality": 2460222,
                                                                            "operator_type": "HASH_JOIN",
                                                                            "operator_cardinality": 1589663,
                                                                            "cumulative_rows_scanned": 3850116,
                                                                            "operator_rows_scanned": 0,
                                                                            "operator_timing": 0.0002062860000000002,
                                                                            "result_set_size": 19075956,
                                                                            "children": [
                                                                                {
                                                                                    "operator_name": "DELIM_SCAN",
                                                                                    "cpu_time": 0.0,
                                                                                    "extra_info": {
                                                                                        "Delim Index": "1",
                                                                                        "Estimated Cardinality": "1925058"
                                                                                    },
                                                                                    "cumulative_cardinality": 0,
                                                                                    "operator_type": "DELIM_SCAN",
                                                                                    "operator_cardinality": 0,
                                                                                    "cumulative_rows_scanned": 0,
                                                                                    "operator_rows_scanned": 0,
                                                                                    "operator_timing": 0.0,
                                                                                    "result_set_size": 0,
                                                                                    "children": []
                                                                                },
                                                                                {
                                                                                    "operator_name": "HASH_GROUP_BY",
                                                                                    "cpu_time": 0.15014592499999996,
                                                                                    "extra_info": {
                                                                                        "Groups": "#0",
                                                                                        "Aggregates": "count_star()",
                                                                                        "Estimated Cardinality": "962529"
                                                                                    },
                                                                                    "cumulative_cardinality": 870559,
                                                                                    "operator_type": "HASH_GROUP_BY",
                                                                                    "operator_cardinality": 0,
                                                                                    "cumulative_rows_scanned": 3850116,
                                                                                    "operator_rows_scanned": 0,
                                                                                    "operator_timing": 0.000001403,
                                                                                    "result_set_size": 0,
                                                                                    "children": [
                                                                                        {
                                                                                            "operator_name": "PROJECTION",
                                                                                            "cpu_time": 0.15014452199999995,
                                                                                            "extra_info": {
                                                                                                "Projections": "id",
                                                                                                "Estimated Cardinality": "1925058"
                                                                                            },
                                                                                            "cumulative_cardinality": 870559,
                                                                                            "operator_type": "PROJECTION",
                                                                                            "operator_cardinality": 0,
                                                                                            "cumulative_rows_scanned": 3850116,
                                                                                            "operator_rows_scanned": 0,
                                                                                            "operator_timing": 0.0,
                                                                                            "result_set_size": 0,
                                                                                            "children": [
                                                                                                {
                                                                                                    "operator_name": "PROJECTION",
                                                                                                    "cpu_time": 0.15014452199999995,
                                                                                                    "extra_info": {
                                                                                                        "Projections": "id",
                                                                                                        "Estimated Cardinality": "1925058"
                                                                                                    },
                                                                                                    "cumulative_cardinality": 870559,
                                                                                                    "operator_type": "PROJECTION",
                                                                                                    "operator_cardinality": 0,
                                                                                                    "cumulative_rows_scanned": 3850116,
                                                                                                    "operator_rows_scanned": 0,
                                                                                                    "operator_timing": 0.0,
                                                                                                    "result_set_size": 0,
                                                                                                    "children": [
                                                                                                        {
                                                                                                            "operator_name": "HASH_JOIN",
                                                                                                            "cpu_time": 0.15014452199999995,
                                                                                                            "extra_info": {
                                                                                                                "Join Type": "INNER",
                                                                                                                "Conditions": "acceptedanswerid = id",
                                                                                                                "Estimated Cardinality": "1925058"
                                                                                                            },
                                                                                                            "cumulative_cardinality": 870559,
                                                                                                            "operator_type": "HASH_JOIN",
                                                                                                            "operator_cardinality": 0,
                                                                                                            "cumulative_rows_scanned": 3850116,
                                                                                                            "operator_rows_scanned": 0,
                                                                                                            "operator_timing": 0.08557068599999997,
                                                                                                            "result_set_size": 0,
                                                                                                            "children": [
                                                                                                                {
                                                                                                                    "operator_name": "READ_PARQUET ",
                                                                                                                    "cpu_time": 0.06457383599999998,
                                                                                                                    "extra_info": {
                                                                                                                        "Function": "READ_PARQUET",
                                                                                                                        "Projections": "acceptedanswerid",
                                                                                                                        "Estimated Cardinality": "3850116"
                                                                                                                    },
                                                                                                                    "cumulative_cardinality": 870559,
                                                                                                                    "operator_type": "TABLE_SCAN",
                                                                                                                    "operator_cardinality": 870559,
                                                                                                                    "cumulative_rows_scanned": 3850116,
                                                                                                                    "operator_rows_scanned": 3850116,
                                                                                                                    "operator_timing": 0.06457383599999998,
                                                                                                                    "result_set_size": 3482236,
                                                                                                                    "children": []
                                                                                                                },
                                                                                                                {
                                                                                                                    "operator_name": "DELIM_SCAN",
                                                                                                                    "cpu_time": 0.0,
                                                                                                                    "extra_info": {
                                                                                                                        "Delim Index": "1",
                                                                                                                        "Estimated Cardinality": "1925058"
                                                                                                                    },
                                                                                                                    "cumulative_cardinality": 0,
                                                                                                                    "operator_type": "DELIM_SCAN",
                                                                                                                    "operator_cardinality": 0,
                                                                                                                    "cumulative_rows_scanned": 0,
                                                                                                                    "operator_rows_scanned": 0,
                                                                                                                    "operator_timing": 0.0,
                                                                                                                    "result_set_size": 0,
                                                                                                                    "children": []
                                                                                                                }
                                                                                                            ]
                                                                                                        }
                                                                                                    ]
                                                                                                }
                                                                                            ]
                                                                                        }
                                                                                    ]
                                                                                }
                                                                            ]
                                                                        }
                                                                    ]
                                                                }
                                                            ]
                                                        },
                                                        {
                                                            "operator_name": "HASH_GROUP_BY",
                                                            "cpu_time": 0.011872245000000003,
                                                            "extra_info": {
                                                                "Groups": "#0",
                                                                "Aggregates": "",
                                                                "Estimated Cardinality": "3850116"
                                                            },
                                                            "cumulative_cardinality": 3179326,
                                                            "operator_type": "HASH_GROUP_BY",
                                                            "operator_cardinality": 3179326,
                                                            "cumulative_rows_scanned": 0,
                                                            "operator_rows_scanned": 0,
                                                            "operator_timing": 0.011872245000000003,
                                                            "result_set_size": 12717304,
                                                            "children": []
                                                        }
                                                    ]
                                                }
                                            ]
                                        }
                                    ]
                                }
                            ]
                        }
                    ]
                }
            ]
        }
    ]
}