{
    "rows_returned": 7,
    "query_name": "WITH PostStats AS (\n    SELECT \n        P.PostTypeId,\n        COUNT(P.Id) AS PostCount,\n        AVG(P.Score) AS AvgScore,\n        AVG(P.ViewCount) AS AvgViewCount\n    FROM \n        Posts P\n    GROUP BY \n        P.PostTypeId\n),\nUserStats AS (\n    SELECT \n        P.PostTypeId,\n        U.Id AS UserId,\n        U.Reputation\n    FROM \n        Posts P\n    JOIN \n        Users U ON P.OwnerUserId = U.Id\n    WHERE \n        P.OwnerUserId IS NOT NULL\n)\nSELECT \n    P.Name AS PostTypeName,\n    PS.PostCount,\n    PS.AvgScore,\n    PS.AvgViewCount,\n    MAX(U.Reputation) AS HighestUserReputation\nFROM \n    PostStats PS\nJOIN \n    PostTypes P ON PS.PostTypeId = P.Id\nLEFT JOIN \n    UserStats U ON PS.PostTypeId = U.PostTypeId\nGROUP BY \n    P.Name, PS.PostCount, PS.AvgScore, PS.AvgViewCount\nORDER BY \n    PS.PostCount DESC;",
    "blocked_thread_time": 0.0,
    "cpu_time": 0.816814668,
    "extra_info": {},
    "cumulative_cardinality": 35088265,
    "cumulative_rows_scanned": 8960950,
    "result_set_size": 308,
    "latency": 0.887374518,
    "children": [
        {
            "operator_name": "ORDER_BY",
            "cpu_time": 0.816814668,
            "extra_info": {
                "Order By": "PS.PostCount DESC"
            },
            "cumulative_cardinality": 35088265,
            "operator_type": "ORDER_BY",
            "operator_cardinality": 7,
            "cumulative_rows_scanned": 8960950,
            "operator_rows_scanned": 0,
            "operator_timing": 0.000034384,
            "result_set_size": 308,
            "children": [
                {
                    "operator_name": "HASH_GROUP_BY",
                    "cpu_time": 0.816780284,
                    "extra_info": {
                        "Groups": [
                            "#0",
                            "#1",
                            "#2",
                            "#3"
                        ],
                        "Aggregates": "max(#4)",
                        "Estimated Cardinality": "962529"
                    },
                    "cumulative_cardinality": 35088258,
                    "operator_type": "HASH_GROUP_BY",
                    "operator_cardinality": 7,
                    "cumulative_rows_scanned": 8960950,
                    "operator_rows_scanned": 0,
                    "operator_timing": 0.12008391799999985,
                    "result_set_size": 308,
                    "children": [
                        {
                            "operator_name": "PROJECTION",
                            "cpu_time": 0.6966963660000002,
                            "extra_info": {
                                "Projections": [
                                    "name",
                                    "PostCount",
                                    "AvgScore",
                                    "AvgViewCount",
                                    "reputation"
                                ],
                                "Estimated Cardinality": "1925058"
                            },
                            "cumulative_cardinality": 35088251,
                            "operator_type": "PROJECTION",
                            "operator_cardinality": 3685416,
                            "cumulative_rows_scanned": 8960950,
                            "operator_rows_scanned": 0,
                            "operator_timing": 0.00035537100000000666,
                            "result_set_size": 162158304,
                            "children": [
                                {
                                    "operator_name": "HASH_JOIN",
                                    "cpu_time": 0.6963409950000001,
                                    "extra_info": {
                                        "Join Type": "LEFT",
                                        "Conditions": "posttypeid = posttypeid",
                                        "Estimated Cardinality": "1925058"
                                    },
                                    "cumulative_cardinality": 31402835,
                                    "operator_type": "HASH_JOIN",
                                    "operator_cardinality": 3685416,
                                    "cumulative_rows_scanned": 8960950,
                                    "operator_rows_scanned": 0,
                                    "operator_timing": 0.1638998009999999,
                                    "result_set_size": 162158304,
                                    "children": [
                                        {
                                            "operator_name": "HASH_JOIN",
                                            "cpu_time": 0.12485998699999998,
                                            "extra_info": {
                                                "Join Type": "INNER",
                                                "Conditions": "posttypeid = id",
                                                "Estimated Cardinality": "1925058"
                                            },
                                            "cumulative_cardinality": 11550376,
                                            "operator_type": "HASH_JOIN",
                                            "operator_cardinality": 7,
                                            "cumulative_rows_scanned": 3850124,
                                            "operator_rows_scanned": 0,
                                            "operator_timing": 0.00011732,
                                            "result_set_size": 294,
                                            "children": [
                                                {
                                                    "operator_name": "PROJECTION",
                                                    "cpu_time": 0.12435382099999998,
                                                    "extra_info": {
                                                        "Projections": [
                                                            "__internal_decompress_integral_smallint(#0, 1)",
                                                            "#1",
                                                            "#2",
                                                            "#3"
                                                        ],
                                                        "Estimated Cardinality": "1925058"
                                                    },
                                                    "cumulative_cardinality": 11550362,
                                                    "operator_type": "PROJECTION",
                                                    "operator_cardinality": 7,
                                                    "cumulative_rows_scanned": 3850116,
                                                    "operator_rows_scanned": 0,
                                                    "operator_timing": 0.000005381,
                                                    "result_set_size": 182,
                                                    "children": [
                                                        {
                                                            "operator_name": "PERFECT_HASH_GROUP_BY",
                                                            "cpu_time": 0.12434843999999998,
                                                            "extra_info": {
                                                                "Groups": "#0",
                                                                "Aggregates": [
                                                                    "count_star()",
                                                                    "avg(#1)",
                                                                    "avg(#2)"
                                                                ]
                                                            },
                                                            "cumulative_cardinality": 11550355,
                                                            "operator_type": "PERFECT_HASH_GROUP_BY",
                                                            "operator_cardinality": 7,
                                                            "cumulative_rows_scanned": 3850116,
                                                            "operator_rows_scanned": 0,
                                                            "operator_timing": 0.04869509699999999,
                                                            "result_set_size": 175,
                                                            "children": [
                                                                {
                                                                    "operator_name": "PROJECTION",
                                                                    "cpu_time": 0.07565334299999998,
                                                                    "extra_info": {
                                                                        "Projections": [
                                                                            "posttypeid",
                                                                            "score",
                                                                            "viewcount"
                                                                        ],
                                                                        "Estimated Cardinality": "3850116"
                                                                    },
                                                                    "cumulative_cardinality": 11550348,
                                                                    "operator_type": "PROJECTION",
                                                                    "operator_cardinality": 3850116,
                                                                    "cumulative_rows_scanned": 3850116,
                                                                    "operator_rows_scanned": 0,
                                                                    "operator_timing": 0.000250393999999995,
                                                                    "result_set_size": 34651044,
                                                                    "children": [
                                                                        {
                                                                            "operator_name": "PROJECTION",
                                                                            "cpu_time": 0.07540294899999998,
                                                                            "extra_info": {
                                                                                "Projections": [
                                                                                    "#0",
                                                                                    "__internal_compress_integral_utinyint(#1, 1)",
                                                                                    "#2",
                                                                                    "#3"
                                                                                ],
                                                                                "Estimated Cardinality": "3850116"
                                                                            },
                                                                            "cumulative_cardinality": 7700232,
                                                                            "operator_type": "PROJECTION",
                                                                            "operator_cardinality": 3850116,
                                                                            "cumulative_rows_scanned": 3850116,
                                                                            "operator_rows_scanned": 0,
                                                                            "operator_timing": 0.0009159620000000062,
                                                                            "result_set_size": 50051508,
                                                                            "children": [
                                                                                {
                                                                                    "operator_name": "READ_PARQUET ",
                                                                                    "cpu_time": 0.07448698699999998,
                                                                                    "extra_info": {
                                                                                        "Function": "READ_PARQUET",
                                                                                        "Projections": [
                                                                                            "id",
                                                                                            "posttypeid",
                                                                                            "score",
                                                                                            "viewcount"
                                                                                        ],
                                                                                        "Estimated Cardinality": "3850116"
                                                                                    },
                                                                                    "cumulative_cardinality": 3850116,
                                                                                    "operator_type": "TABLE_SCAN",
                                                                                    "operator_cardinality": 3850116,
                                                                                    "cumulative_rows_scanned": 3850116,
                                                                                    "operator_rows_scanned": 3850116,
                                                                                    "operator_timing": 0.07448698699999998,
                                                                                    "result_set_size": 53901624,
                                                                                    "children": []
                                                                                }
                                                                            ]
                                                                        }
                                                                    ]
                                                                }
                                                            ]
                                                        }
                                                    ]
                                                },
                                                {
                                                    "operator_name": "READ_PARQUET ",
                                                    "cpu_time": 0.000388846,
                                                    "extra_info": {
                                                        "Function": "READ_PARQUET",
                                                        "Projections": [
                                                            "id",
                                                            "name"
                                                        ],
                                                        "Filters": "id<=7",
                                                        "Estimated Cardinality": "8"
                                                    },
                                                    "cumulative_cardinality": 7,
                                                    "operator_type": "TABLE_SCAN",
                                                    "operator_cardinality": 7,
                                                    "cumulative_rows_scanned": 8,
                                                    "operator_rows_scanned": 8,
                                                    "operator_timing": 0.000388846,
                                                    "result_set_size": 126,
                                                    "children": []
                                                }
                                            ]
                                        },
                                        {
                                            "operator_name": "PROJECTION",
                                            "cpu_time": 0.40758120700000017,
                                            "extra_info": {
                                                "Projections": [
                                                    "posttypeid",
                                                    "reputation"
                                                ],
                                                "Estimated Cardinality": "770023"
                                            },
                                            "cumulative_cardinality": 16167043,
                                            "operator_type": "PROJECTION",
                                            "operator_cardinality": 3685416,
                                            "cumulative_rows_scanned": 5110826,
                                            "operator_rows_scanned": 0,
                                            "operator_timing": 0.0004034539999999951,
                                            "result_set_size": 22112496,
                                            "children": [
                                                {
                                                    "operator_name": "HASH_JOIN",
                                                    "cpu_time": 0.4071777530000002,
                                                    "extra_info": {
                                                        "Join Type": "INNER",
                                                        "Conditions": "id = owneruserid",
                                                        "Estimated Cardinality": "770023"
                                                    },
                                                    "cumulative_cardinality": 12481627,
                                                    "operator_type": "HASH_JOIN",
                                                    "operator_cardinality": 3685416,
                                                    "cumulative_rows_scanned": 5110826,
                                                    "operator_rows_scanned": 0,
                                                    "operator_timing": 0.32272869300000023,
                                                    "result_set_size": 22112496,
                                                    "children": [
                                                        {
                                                            "operator_name": "READ_PARQUET ",
                                                            "cpu_time": 0.024922210000000007,
                                                            "extra_info": {
                                                                "Function": "READ_PARQUET",
                                                                "Projections": [
                                                                    "id",
                                                                    "reputation"
                                                                ],
                                                                "Filters": "id<=1416539",
                                                                "Estimated Cardinality": "1260710"
                                                            },
                                                            "cumulative_cardinality": 1260679,
                                                            "operator_type": "TABLE_SCAN",
                                                            "operator_cardinality": 1260679,
                                                            "cumulative_rows_scanned": 1260710,
                                                            "operator_rows_scanned": 1260710,
                                                            "operator_timing": 0.024922210000000007,
                                                            "result_set_size": 10085432,
                                                            "children": []
                                                        },
                                                        {
                                                            "operator_name": "FILTER",
                                                            "cpu_time": 0.059526849999999985,
                                                            "extra_info": {
                                                                "Expression": "(owneruserid IS NOT NULL)",
                                                                "Estimated Cardinality": "770023"
                                                            },
                                                            "cumulative_cardinality": 7535532,
                                                            "operator_type": "FILTER",
                                                            "operator_cardinality": 3685416,
                                                            "cumulative_rows_scanned": 3850116,
                                                            "operator_rows_scanned": 0,
                                                            "operator_timing": 0.023029527000000015,
                                                            "result_set_size": 22112496,
                                                            "children": [
                                                                {
                                                                    "operator_name": "READ_PARQUET ",
                                                                    "cpu_time": 0.03649732299999997,
                                                                    "extra_info": {
                                                                        "Function": "READ_PARQUET",
                                                                        "Projections": [
                                                                            "posttypeid",
                                                                            "owneruserid"
                                                                        ],
                                                                        "Estimated Cardinality": "3850116"
                                                                    },
                                                                    "cumulative_cardinality": 3850116,
                                                                    "operator_type": "TABLE_SCAN",
                                                                    "operator_cardinality": 3850116,
                                                                    "cumulative_rows_scanned": 3850116,
                                                                    "operator_rows_scanned": 3850116,
                                                                    "operator_timing": 0.03649732299999997,
                                                                    "result_set_size": 23100696,
                                                                    "children": []
                                                                }
                                                            ]
                                                        }
                                                    ]
                                                }
                                            ]
                                        }
                                    ]
                                }
                            ]
                        }
                    ]
                }
            ]
        }
    ]
}