{
    "rows_returned": 1260710,
    "query_name": "WITH UserVoteCounts AS (\n    SELECT \n        V.UserId, \n        COUNT(CASE WHEN V.VoteTypeId IN (2, 3) THEN 1 END) AS VoteCount,\n        COUNT(CASE WHEN V.VoteTypeId = 2 THEN 1 END) AS UpvoteCount,\n        COUNT(CASE WHEN V.VoteTypeId = 3 THEN 1 END) AS DownvoteCount\n    FROM Votes V\n    GROUP BY V.UserId\n),\nPostStatistics AS (\n    SELECT \n        P.Id AS PostId,\n        P.OwnerUserId,\n        COUNT(CASE WHEN C.Id IS NOT NULL THEN 1 END) AS CommentCount,\n        SUM(P.ViewCount) AS TotalViews,\n        SUM(P.Score) AS TotalScore\n    FROM Posts P\n    LEFT JOIN Comments C ON P.Id = C.PostId\n    GROUP BY P.Id, P.OwnerUserId\n),\nUserPostStatistics AS (\n    SELECT \n        U.Id AS UserId,\n        COUNT(DISTINCT P.Id) AS PostCount,\n        SUM(PS.CommentCount) AS TotalComments,\n        SUM(PS.TotalViews) AS TotalViews,\n        SUM(PS.TotalScore) AS TotalScore\n    FROM Users U\n    LEFT JOIN PostStatistics PS ON U.Id = PS.OwnerUserId\n    LEFT JOIN Posts P ON U.Id = P.OwnerUserId\n    GROUP BY U.Id\n)\nSELECT \n    U.DisplayName,\n    U.Reputation,\n    UPC.PostCount,\n    UPC.TotalComments,\n    UPC.TotalViews,\n    UPC.TotalScore,\n    UVC.VoteCount,\n    UVC.UpvoteCount,\n    UVC.DownvoteCount\nFROM Users U\nJOIN UserPostStatistics UPC ON U.Id = UPC.UserId\nLEFT JOIN UserVoteCounts UVC ON U.Id = UVC.UserId\nORDER BY U.Reputation DESC;",
    "blocked_thread_time": 0.0,
    "cpu_time": 293.90107904599313,
    "extra_info": {},
    "cumulative_cardinality": 10846452576,
    "cumulative_rows_scanned": 30207567,
    "result_set_size": 126071000,
    "latency": 331.974688663,
    "children": [
        {
            "operator_name": "ORDER_BY",
            "cpu_time": 293.90107904599313,
            "extra_info": {
                "Order By": "U.Reputation DESC"
            },
            "cumulative_cardinality": 10846452576,
            "operator_type": "ORDER_BY",
            "operator_cardinality": 1260710,
            "cumulative_rows_scanned": 30207567,
            "operator_rows_scanned": 0,
            "operator_timing": 0.11253059799999995,
            "result_set_size": 126071000,
            "children": [
                {
                    "operator_name": "PROJECTION",
                    "cpu_time": 293.78854844799315,
                    "extra_info": {
                        "Projections": [
                            "displayname",
                            "reputation",
                            "PostCount",
                            "TotalComments",
                            "TotalViews",
                            "TotalScore",
                            "VoteCount",
                            "UpvoteCount",
                            "DownvoteCount"
                        ],
                        "Estimated Cardinality": "6372046"
                    },
                    "cumulative_cardinality": 10845191866,
                    "operator_type": "PROJECTION",
                    "operator_cardinality": 1260710,
                    "cumulative_rows_scanned": 30207567,
                    "operator_rows_scanned": 0,
                    "operator_timing": 0.0002691469999999998,
                    "result_set_size": 126071000,
                    "children": [
                        {
                            "operator_name": "HASH_JOIN",
                            "cpu_time": 293.78827930099317,
                            "extra_info": {
                                "Join Type": "RIGHT",
                                "Conditions": "userid = id",
                                "Estimated Cardinality": "6372046"
                            },
                            "cumulative_cardinality": 10843931156,
                            "operator_type": "HASH_JOIN",
                            "operator_cardinality": 1260710,
                            "cumulative_rows_scanned": 30207567,
                            "operator_rows_scanned": 0,
                            "operator_timing": 0.153414531,
                            "result_set_size": 126071000,
                            "children": [
                                {
                                    "operator_name": "HASH_GROUP_BY",
                                    "cpu_time": 0.4208699079999997,
                                    "extra_info": {
                                        "Groups": "#0",
                                        "Aggregates": [
                                            "count(#1)",
                                            "count(#2)",
                                            "count(#3)"
                                        ],
                                        "Estimated Cardinality": "6372046"
                                    },
                                    "cumulative_cardinality": 25500329,
                                    "operator_type": "HASH_GROUP_BY",
                                    "operator_cardinality": 12143,
                                    "cumulative_rows_scanned": 12744093,
                                    "operator_rows_scanned": 0,
                                    "operator_timing": 0.1218391459999998,
                                    "result_set_size": 340004,
                                    "children": [
                                        {
                                            "operator_name": "PROJECTION",
                                            "cpu_time": 0.2990307619999999,
                                            "extra_info": {
                                                "Projections": [
                                                    "userid",
                                                    "CASE  WHEN ((votetypeid IN (2, 3))) THEN (1) ELSE NULL END",
                                                    "CASE  WHEN ((votetypeid = 2)) THEN (1) ELSE NULL END",
                                                    "CASE  WHEN ((votetypeid = 3)) THEN (1) ELSE NULL END"
                                                ],
                                                "Estimated Cardinality": "12744093"
                                            },
                                            "cumulative_cardinality": 25488186,
                                            "operator_type": "PROJECTION",
                                            "operator_cardinality": 12744093,
                                            "cumulative_rows_scanned": 12744093,
                                            "operator_rows_scanned": 0,
                                            "operator_timing": 0.22242067999999976,
                                            "result_set_size": 203905488,
                                            "children": [
                                                {
                                                    "operator_name": "READ_PARQUET ",
                                                    "cpu_time": 0.07661008200000012,
                                                    "extra_info": {
                                                        "Function": "READ_PARQUET",
                                                        "Projections": [
                                                            "votetypeid",
                                                            "userid"
                                                        ],
                                                        "Estimated Cardinality": "12744093"
                                                    },
                                                    "cumulative_cardinality": 12744093,
                                                    "operator_type": "TABLE_SCAN",
                                                    "operator_cardinality": 12744093,
                                                    "cumulative_rows_scanned": 12744093,
                                                    "operator_rows_scanned": 12744093,
                                                    "operator_timing": 0.07661008200000012,
                                                    "result_set_size": 76464558,
                                                    "children": []
                                                }
                                            ]
                                        }
                                    ]
                                },
                                {
                                    "operator_name": "HASH_JOIN",
                                    "cpu_time": 293.21399486199317,
                                    "extra_info": {
                                        "Join Type": "INNER",
                                        "Conditions": "UserId = id",
                                        "Estimated Cardinality": "1260710"
                                    },
                                    "cumulative_cardinality": 10817170117,
                                    "operator_type": "HASH_JOIN",
                                    "operator_cardinality": 1260710,
                                    "cumulative_rows_scanned": 17463474,
                                    "operator_rows_scanned": 0,
                                    "operator_timing": 0.15302180799999981,
                                    "result_set_size": 100856800,
                                    "children": [
                                        {
                                            "operator_name": "HASH_GROUP_BY",
                                            "cpu_time": 292.97654216799316,
                                            "extra_info": {
                                                "Groups": "#0",
                                                "Aggregates": [
                                                    "count(DISTINCT #1)",
                                                    "sum(#2)",
                                                    "sum(#3)",
                                                    "sum(#4)"
                                                ],
                                                "Estimated Cardinality": "1260710"
                                            },
                                            "cumulative_cardinality": 10814648697,
                                            "operator_type": "HASH_GROUP_BY",
                                            "operator_cardinality": 1260710,
                                            "cumulative_rows_scanned": 16202764,
                                            "operator_rows_scanned": 0,
                                            "operator_timing": 214.13376878798687,
                                            "result_set_size": 75642600,
                                            "children": [
                                                {
                                                    "operator_name": "PROJECTION",
                                                    "cpu_time": 78.84277338000629,
                                                    "extra_info": {
                                                        "Projections": [
                                                            "id",
                                                            "id",
                                                            "CommentCount",
                                                            "TotalViews",
                                                            "TotalScore"
                                                        ],
                                                        "Estimated Cardinality": "3850116"
                                                    },
                                                    "cumulative_cardinality": 10813387987,
                                                    "operator_type": "PROJECTION",
                                                    "operator_cardinality": 5377137791,
                                                    "cumulative_rows_scanned": 16202764,
                                                    "operator_rows_scanned": 0,
                                                    "operator_timing": 0.8208478489979059,
                                                    "result_set_size": 258102613968,
                                                    "children": [
                                                        {
                                                            "operator_name": "HASH_JOIN",
                                                            "cpu_time": 78.02192553100839,
                                                            "extra_info": {
                                                                "Join Type": "LEFT",
                                                                "Conditions": "id = owneruserid",
                                                                "Estimated Cardinality": "3850116"
                                                            },
                                                            "cumulative_cardinality": 5436250196,
                                                            "operator_type": "HASH_JOIN",
                                                            "operator_cardinality": 5377137791,
                                                            "cumulative_rows_scanned": 16202764,
                                                            "operator_rows_scanned": 0,
                                                            "operator_timing": 75.48577733200838,
                                                            "result_set_size": 258102613968,
                                                            "children": [
                                                                {
                                                                    "operator_name": "HASH_JOIN",
                                                                    "cpu_time": 2.493721321000005,
                                                                    "extra_info": {
                                                                        "Join Type": "RIGHT",
                                                                        "Conditions": "owneruserid = id",
                                                                        "Estimated Cardinality": "3850116"
                                                                    },
                                                                    "cumulative_cardinality": 55262289,
                                                                    "operator_type": "HASH_JOIN",
                                                                    "operator_cardinality": 4574495,
                                                                    "cumulative_rows_scanned": 12352648,
                                                                    "operator_rows_scanned": 0,
                                                                    "operator_timing": 0.3374381330000003,
                                                                    "result_set_size": 201277780,
                                                                    "children": [
                                                                        {
                                                                            "operator_name": "PROJECTION",
                                                                            "cpu_time": 2.1160890270000046,
                                                                            "extra_info": {
                                                                                "Projections": [
                                                                                    "owneruserid",
                                                                                    "CommentCount",
                                                                                    "TotalViews",
                                                                                    "TotalScore"
                                                                                ],
                                                                                "Estimated Cardinality": "3850116"
                                                                            },
                                                                            "cumulative_cardinality": 49427084,
                                                                            "operator_type": "PROJECTION",
                                                                            "operator_cardinality": 3850116,
                                                                            "cumulative_rows_scanned": 11091938,
                                                                            "operator_rows_scanned": 0,
                                                                            "operator_timing": 0.0034860269999999983,
                                                                            "result_set_size": 169405104,
                                                                            "children": [
                                                                                {
                                                                                    "operator_name": "HASH_GROUP_BY",
                                                                                    "cpu_time": 2.1126030000000044,
                                                                                    "extra_info": {
                                                                                        "Groups": [
                                                                                            "#0",
                                                                                            "#1"
                                                                                        ],
                                                                                        "Aggregates": [
                                                                                            "count(#2)",
                                                                                            "sum(#3)",
                                                                                            "sum(#4)"
                                                                                        ],
                                                                                        "Estimated Cardinality": "3850116"
                                                                                    },
                                                                                    "cumulative_cardinality": 45576968,
                                                                                    "operator_type": "HASH_GROUP_BY",
                                                                                    "operator_cardinality": 3850116,
                                                                                    "cumulative_rows_scanned": 11091938,
                                                                                    "operator_rows_scanned": 0,
                                                                                    "operator_timing": 1.2391120320000004,
                                                                                    "result_set_size": 184805568,
                                                                                    "children": [
                                                                                        {
                                                                                            "operator_name": "PROJECTION",
                                                                                            "cpu_time": 0.8734909680000043,
                                                                                            "extra_info": {
                                                                                                "Projections": [
                                                                                                    "id",
                                                                                                    "owneruserid",
                                                                                                    "CASE  WHEN ((id IS NOT NULL)) THEN (1) ELSE NULL END",
                                                                                                    "viewcount",
                                                                                                    "score"
                                                                                                ],
                                                                                                "Estimated Cardinality": "7241822"
                                                                                            },
                                                                                            "cumulative_cardinality": 41726852,
                                                                                            "operator_type": "PROJECTION",
                                                                                            "operator_cardinality": 8928266,
                                                                                            "cumulative_rows_scanned": 11091938,
                                                                                            "operator_rows_scanned": 0,
                                                                                            "operator_timing": 0.016764224000000185,
                                                                                            "result_set_size": 178565320,
                                                                                            "children": [
                                                                                                {
                                                                                                    "operator_name": "PROJECTION",
                                                                                                    "cpu_time": 0.856726744000004,
                                                                                                    "extra_info": {
                                                                                                        "Projections": [
                                                                                                            "#0",
                                                                                                            "#1",
                                                                                                            "__internal_decompress_integral_integer(#2, -72)",
                                                                                                            "#3",
                                                                                                            "#4"
                                                                                                        ],
                                                                                                        "Estimated Cardinality": "7241822"
                                                                                                    },
                                                                                                    "cumulative_cardinality": 32798586,
                                                                                                    "operator_type": "PROJECTION",
                                                                                                    "operator_cardinality": 8928266,
                                                                                                    "cumulative_rows_scanned": 11091938,
                                                                                                    "operator_rows_scanned": 0,
                                                                                                    "operator_timing": 0.0036558260000000018,
                                                                                                    "result_set_size": 178565320,
                                                                                                    "children": [
                                                                                                        {
                                                                                                            "operator_name": "HASH_JOIN",
                                                                                                            "cpu_time": 0.853070918000004,
                                                                                                            "extra_info": {
                                                                                                                "Join Type": "RIGHT",
                                                                                                                "Conditions": "postid = id",
                                                                                                                "Estimated Cardinality": "7241822"
                                                                                                            },
                                                                                                            "cumulative_cardinality": 23870320,
                                                                                                            "operator_type": "HASH_JOIN",
                                                                                                            "operator_cardinality": 8928266,
                                                                                                            "cumulative_rows_scanned": 11091938,
                                                                                                            "operator_rows_scanned": 0,
                                                                                                            "operator_timing": 0.6420418060000036,
                                                                                                            "result_set_size": 160708788,
                                                                                                            "children": [
                                                                                                                {
                                                                                                                    "operator_name": "READ_PARQUET ",
                                                                                                                    "cpu_time": 0.12288132400000024,
                                                                                                                    "extra_info": {
                                                                                                                        "Function": "READ_PARQUET",
                                                                                                                        "Projections": [
                                                                                                                            "id",
                                                                                                                            "postid"
                                                                                                                        ],
                                                                                                                        "Estimated Cardinality": "7241822"
                                                                                                                    },
                                                                                                                    "cumulative_cardinality": 7241822,
                                                                                                                    "operator_type": "TABLE_SCAN",
                                                                                                                    "operator_cardinality": 7241822,
                                                                                                                    "cumulative_rows_scanned": 7241822,
                                                                                                                    "operator_rows_scanned": 7241822,
                                                                                                                    "operator_timing": 0.12288132400000024,
                                                                                                                    "result_set_size": 57934576,
                                                                                                                    "children": []
                                                                                                                },
                                                                                                                {
                                                                                                                    "operator_name": "PROJECTION",
                                                                                                                    "cpu_time": 0.08814778800000007,
                                                                                                                    "extra_info": {
                                                                                                                        "Projections": [
                                                                                                                            "#0",
                                                                                                                            "__internal_compress_integral_usmallint(#1, -72)",
                                                                                                                            "#2",
                                                                                                                            "#3"
                                                                                                                        ],
                                                                                                                        "Estimated Cardinality": "3850116"
                                                                                                                    },
                                                                                                                    "cumulative_cardinality": 7700232,
                                                                                                                    "operator_type": "PROJECTION",
                                                                                                                    "operator_cardinality": 3850116,
                                                                                                                    "cumulative_rows_scanned": 3850116,
                                                                                                                    "operator_rows_scanned": 0,
                                                                                                                    "operator_timing": 0.0013834140000000053,
                                                                                                                    "result_set_size": 53901624,
                                                                                                                    "children": [
                                                                                                                        {
                                                                                                                            "operator_name": "READ_PARQUET ",
                                                                                                                            "cpu_time": 0.08676437400000007,
                                                                                                                            "extra_info": {
                                                                                                                                "Function": "READ_PARQUET",
                                                                                                                                "Projections": [
                                                                                                                                    "id",
                                                                                                                                    "score",
                                                                                                                                    "viewcount",
                                                                                                                                    "owneruserid"
                                                                                                                                ],
                                                                                                                                "Estimated Cardinality": "3850116"
                                                                                                                            },
                                                                                                                            "cumulative_cardinality": 3850116,
                                                                                                                            "operator_type": "TABLE_SCAN",
                                                                                                                            "operator_cardinality": 3850116,
                                                                                                                            "cumulative_rows_scanned": 3850116,
                                                                                                                            "operator_rows_scanned": 3850116,
                                                                                                                            "operator_timing": 0.08676437400000007,
                                                                                                                            "result_set_size": 61601856,
                                                                                                                            "children": []
                                                                                                                        }
                                                                                                                    ]
                                                                                                                }
                                                                                                            ]
                                                                                                        }
                                                                                                    ]
                                                                                                }
                                                                                            ]
                                                                                        }
                                                                                    ]
                                                                                }
                                                                            ]
                                                                        },
                                                                        {
                                                                            "operator_name": "READ_PARQUET ",
                                                                            "cpu_time": 0.04019416099999995,
                                                                            "extra_info": {
                                                                                "Function": "READ_PARQUET",
                                                                                "Projections": "id",
                                                                                "Estimated Cardinality": "1260710"
                                                                            },
                                                                            "cumulative_cardinality": 1260710,
                                                                            "operator_type": "TABLE_SCAN",
                                                                            "operator_cardinality": 1260710,
                                                                            "cumulative_rows_scanned": 1260710,
                                                                            "operator_rows_scanned": 1260710,
                                                                            "operator_timing": 0.04019416099999995,
                                                                            "result_set_size": 5042840,
                                                                            "children": []
                                                                        }
                                                                    ]
                                                                },
                                                                {
                                                                    "operator_name": "READ_PARQUET ",
                                                                    "cpu_time": 0.042426878000000015,
                                                                    "extra_info": {
                                                                        "Function": "READ_PARQUET",
                                                                        "Projections": [
                                                                            "id",
                                                                            "owneruserid"
                                                                        ],
                                                                        "Estimated Cardinality": "3850116"
                                                                    },
                                                                    "cumulative_cardinality": 3850116,
                                                                    "operator_type": "TABLE_SCAN",
                                                                    "operator_cardinality": 3850116,
                                                                    "cumulative_rows_scanned": 3850116,
                                                                    "operator_rows_scanned": 3850116,
                                                                    "operator_timing": 0.042426878000000015,
                                                                    "result_set_size": 30800928,
                                                                    "children": []
                                                                }
                                                            ]
                                                        }
                                                    ]
                                                }
                                            ]
                                        },
                                        {
                                            "operator_name": "READ_PARQUET ",
                                            "cpu_time": 0.084430886,
                                            "extra_info": {
                                                "Function": "READ_PARQUET",
                                                "Projections": [
                                                    "id",
                                                    "reputation",
                                                    "displayname"
                                                ],
                                                "Estimated Cardinality": "1260710"
                                            },
                                            "cumulative_cardinality": 1260710,
                                            "operator_type": "TABLE_SCAN",
                                            "operator_cardinality": 1260710,
                                            "cumulative_rows_scanned": 1260710,
                                            "operator_rows_scanned": 1260710,
                                            "operator_timing": 0.084430886,
                                            "result_set_size": 30257040,
                                            "children": []
                                        }
                                    ]
                                }
                            ]
                        }
                    ]
                }
            ]
        }
    ]
}