{
    "rows_returned": 7,
    "query_name": "WITH PostStats AS (\n    SELECT\n        pt.Name AS PostType,\n        COUNT(p.Id) AS TotalPosts,\n        COALESCE(SUM(p.Score), 0) AS TotalScore,\n        COALESCE(SUM(p.ViewCount), 0) AS TotalViews,\n        COALESCE(SUM(CASE WHEN v.VoteTypeId = 2 THEN 1 ELSE 0 END), 0) AS TotalUpvotes,\n        COALESCE(SUM(CASE WHEN v.VoteTypeId = 3 THEN 1 ELSE 0 END), 0) AS TotalDownvotes\n    FROM Posts p\n    JOIN PostTypes pt ON p.PostTypeId = pt.Id\n    LEFT JOIN Votes v ON p.Id = v.PostId\n    GROUP BY pt.Name\n)\n\nSELECT \n    ps.PostType,\n    ps.TotalPosts,\n    ps.TotalScore,\n    ps.TotalViews,\n    ps.TotalUpvotes,\n    ps.TotalDownvotes,\n    ROUND(ps.TotalScore * 1.0 / NULLIF(ps.TotalPosts, 0), 2) AS AvgScorePerPost,\n    ROUND(ps.TotalViews * 1.0 / NULLIF(ps.TotalPosts, 0), 2) AS AvgViewsPerPost\nFROM PostStats ps\nORDER BY ps.TotalPosts DESC;",
    "blocked_thread_time": 0.0,
    "cpu_time": 1.6880359099999938,
    "extra_info": {},
    "cumulative_cardinality": 58363101,
    "cumulative_rows_scanned": 16594217,
    "result_set_size": 728,
    "latency": 1.882630925,
    "children": [
        {
            "operator_name": "ORDER_BY",
            "cpu_time": 1.6880359099999938,
            "extra_info": {
                "Order By": "ps.TotalPosts DESC"
            },
            "cumulative_cardinality": 58363101,
            "operator_type": "ORDER_BY",
            "operator_cardinality": 7,
            "cumulative_rows_scanned": 16594217,
            "operator_rows_scanned": 0,
            "operator_timing": 0.00005967200000000001,
            "result_set_size": 728,
            "children": [
                {
                    "operator_name": "PROJECTION",
                    "cpu_time": 1.6879762379999939,
                    "extra_info": {
                        "Projections": [
                            "PostType",
                            "TotalPosts",
                            "TotalScore",
                            "TotalViews",
                            "TotalUpvotes",
                            "TotalDownvotes",
                            "AvgScorePerPost",
                            "AvgViewsPerPost"
                        ],
                        "Estimated Cardinality": "3850116"
                    },
                    "cumulative_cardinality": 58363094,
                    "operator_type": "PROJECTION",
                    "operator_cardinality": 7,
                    "cumulative_rows_scanned": 16594217,
                    "operator_rows_scanned": 0,
                    "operator_timing": 0.000125164,
                    "result_set_size": 728,
                    "children": [
                        {
                            "operator_name": "PROJECTION",
                            "cpu_time": 1.687851073999994,
                            "extra_info": {
                                "Projections": [
                                    "PostType",
                                    "TotalPosts",
                                    "TotalScore",
                                    "TotalViews",
                                    "TotalUpvotes",
                                    "TotalDownvotes",
                                    "CAST(CASE  WHEN ((TotalPosts = 0)) THEN (NULL) ELSE TotalPosts END AS DOUBLE)"
                                ],
                                "Estimated Cardinality": "3850116"
                            },
                            "cumulative_cardinality": 58363087,
                            "operator_type": "PROJECTION",
                            "operator_cardinality": 7,
                            "cumulative_rows_scanned": 16594217,
                            "operator_rows_scanned": 0,
                            "operator_timing": 0.00003213,
                            "result_set_size": 672,
                            "children": [
                                {
                                    "operator_name": "PROJECTION",
                                    "cpu_time": 1.687818943999994,
                                    "extra_info": {
                                        "Projections": [
                                            "PostType",
                                            "TotalPosts",
                                            "TotalScore",
                                            "TotalViews",
                                            "TotalUpvotes",
                                            "TotalDownvotes"
                                        ],
                                        "Estimated Cardinality": "3850116"
                                    },
                                    "cumulative_cardinality": 58363080,
                                    "operator_type": "PROJECTION",
                                    "operator_cardinality": 7,
                                    "cumulative_rows_scanned": 16594217,
                                    "operator_rows_scanned": 0,
                                    "operator_timing": 0.000014768,
                                    "result_set_size": 616,
                                    "children": [
                                        {
                                            "operator_name": "HASH_GROUP_BY",
                                            "cpu_time": 1.687804175999994,
                                            "extra_info": {
                                                "Groups": "#0",
                                                "Aggregates": [
                                                    "count_star()",
                                                    "sum(#1)",
                                                    "sum(#2)",
                                                    "sum(#3)",
                                                    "sum(#4)"
                                                ],
                                                "Estimated Cardinality": "3850116"
                                            },
                                            "cumulative_cardinality": 58363073,
                                            "operator_type": "HASH_GROUP_BY",
                                            "operator_cardinality": 7,
                                            "cumulative_rows_scanned": 16594217,
                                            "operator_rows_scanned": 0,
                                            "operator_timing": 0.3162222849999995,
                                            "result_set_size": 616,
                                            "children": [
                                                {
                                                    "operator_name": "PROJECTION",
                                                    "cpu_time": 1.3715818909999944,
                                                    "extra_info": {
                                                        "Projections": [
                                                            "name",
                                                            "score",
                                                            "viewcount",
                                                            "CASE  WHEN ((votetypeid = 2)) THEN (1) ELSE 0 END",
                                                            "CASE  WHEN ((votetypeid = 3)) THEN (1) ELSE 0 END"
                                                        ],
                                                        "Estimated Cardinality": "12744093"
                                                    },
                                                    "cumulative_cardinality": 58363066,
                                                    "operator_type": "PROJECTION",
                                                    "operator_cardinality": 11356206,
                                                    "cumulative_rows_scanned": 16594217,
                                                    "operator_rows_scanned": 0,
                                                    "operator_timing": 0.0761115659999999,
                                                    "result_set_size": 363398592,
                                                    "children": [
                                                        {
                                                            "operator_name": "PROJECTION",
                                                            "cpu_time": 1.2954703249999946,
                                                            "extra_info": {
                                                                "Projections": [
                                                                    "#0",
                                                                    "#1",
                                                                    "__internal_decompress_integral_integer(#2, -72)",
                                                                    "#3",
                                                                    "#4"
                                                                ],
                                                                "Estimated Cardinality": "12744093"
                                                            },
                                                            "cumulative_cardinality": 47006860,
                                                            "operator_type": "PROJECTION",
                                                            "operator_cardinality": 11356206,
                                                            "cumulative_rows_scanned": 16594217,
                                                            "operator_rows_scanned": 0,
                                                            "operator_timing": 0.005097648999999994,
                                                            "result_set_size": 340686180,
                                                            "children": [
                                                                {
                                                                    "operator_name": "HASH_JOIN",
                                                                    "cpu_time": 1.2903726759999945,
                                                                    "extra_info": {
                                                                        "Join Type": "RIGHT",
                                                                        "Conditions": "postid = id",
                                                                        "Estimated Cardinality": "12744093"
                                                                    },
                                                                    "cumulative_cardinality": 35650654,
                                                                    "operator_type": "HASH_JOIN",
                                                                    "operator_cardinality": 11356206,
                                                                    "cumulative_rows_scanned": 16594217,
                                                                    "operator_rows_scanned": 0,
                                                                    "operator_timing": 0.918638950999995,
                                                                    "result_set_size": 317973768,
                                                                    "children": [
                                                                        {
                                                                            "operator_name": "READ_PARQUET ",
                                                                            "cpu_time": 0.24397878999999942,
                                                                            "extra_info": {
                                                                                "Function": "READ_PARQUET",
                                                                                "Projections": [
                                                                                    "postid",
                                                                                    "votetypeid"
                                                                                ],
                                                                                "Estimated Cardinality": "12744093"
                                                                            },
                                                                            "cumulative_cardinality": 12744093,
                                                                            "operator_type": "TABLE_SCAN",
                                                                            "operator_cardinality": 12744093,
                                                                            "cumulative_rows_scanned": 12744093,
                                                                            "operator_rows_scanned": 12744093,
                                                                            "operator_timing": 0.24397878999999942,
                                                                            "result_set_size": 76464558,
                                                                            "children": []
                                                                        },
                                                                        {
                                                                            "operator_name": "PROJECTION",
                                                                            "cpu_time": 0.1277549350000001,
                                                                            "extra_info": {
                                                                                "Projections": [
                                                                                    "#0",
                                                                                    "__internal_compress_integral_usmallint(#1, -72)",
                                                                                    "#2",
                                                                                    "#3"
                                                                                ],
                                                                                "Estimated Cardinality": "3850116"
                                                                            },
                                                                            "cumulative_cardinality": 11550355,
                                                                            "operator_type": "PROJECTION",
                                                                            "operator_cardinality": 3850116,
                                                                            "cumulative_rows_scanned": 3850124,
                                                                            "operator_rows_scanned": 0,
                                                                            "operator_timing": 0.0015322289999999976,
                                                                            "result_set_size": 100103016,
                                                                            "children": [
                                                                                {
                                                                                    "operator_name": "HASH_JOIN",
                                                                                    "cpu_time": 0.1262227060000001,
                                                                                    "extra_info": {
                                                                                        "Join Type": "INNER",
                                                                                        "Conditions": "posttypeid = id",
                                                                                        "Estimated Cardinality": "3850116"
                                                                                    },
                                                                                    "cumulative_cardinality": 7700239,
                                                                                    "operator_type": "HASH_JOIN",
                                                                                    "operator_cardinality": 3850116,
                                                                                    "cumulative_rows_scanned": 3850124,
                                                                                    "operator_rows_scanned": 0,
                                                                                    "operator_timing": 0.008233228,
                                                                                    "result_set_size": 107803248,
                                                                                    "children": [
                                                                                        {
                                                                                            "operator_name": "READ_PARQUET ",
                                                                                            "cpu_time": 0.1176602730000001,
                                                                                            "extra_info": {
                                                                                                "Function": "READ_PARQUET",
                                                                                                "Projections": [
                                                                                                    "id",
                                                                                                    "posttypeid",
                                                                                                    "score",
                                                                                                    "viewcount"
                                                                                                ],
                                                                                                "Estimated Cardinality": "3850116"
                                                                                            },
                                                                                            "cumulative_cardinality": 3850116,
                                                                                            "operator_type": "TABLE_SCAN",
                                                                                            "operator_cardinality": 3850116,
                                                                                            "cumulative_rows_scanned": 3850116,
                                                                                            "operator_rows_scanned": 3850116,
                                                                                            "operator_timing": 0.1176602730000001,
                                                                                            "result_set_size": 53901624,
                                                                                            "children": []
                                                                                        },
                                                                                        {
                                                                                            "operator_name": "READ_PARQUET ",
                                                                                            "cpu_time": 0.000329205,
                                                                                            "extra_info": {
                                                                                                "Function": "READ_PARQUET",
                                                                                                "Projections": [
                                                                                                    "id",
                                                                                                    "name"
                                                                                                ],
                                                                                                "Filters": "id<=7",
                                                                                                "Estimated Cardinality": "8"
                                                                                            },
                                                                                            "cumulative_cardinality": 7,
                                                                                            "operator_type": "TABLE_SCAN",
                                                                                            "operator_cardinality": 7,
                                                                                            "cumulative_rows_scanned": 8,
                                                                                            "operator_rows_scanned": 8,
                                                                                            "operator_timing": 0.000329205,
                                                                                            "result_set_size": 126,
                                                                                            "children": []
                                                                                        }
                                                                                    ]
                                                                                }
                                                                            ]
                                                                        }
                                                                    ]
                                                                }
                                                            ]
                                                        }
                                                    ]
                                                }
                                            ]
                                        }
                                    ]
                                }
                            ]
                        }
                    ]
                }
            ]
        }
    ]
}