{
    "rows_returned": 1429699,
    "query_name": "SELECT \n    u.DisplayName AS UserName,\n    p.Title AS PostTitle,\n    ph.CreationDate AS HistoryCreationDate,\n    ph.Comment AS HistoryComment,\n    ph2.UserDisplayName AS EditorName,\n    ph2.CreationDate AS EditCreationDate,\n    COUNT(v.Id) AS TotalVotes\nFROM \n    Posts p\nJOIN \n    Users u ON p.OwnerUserId = u.Id\nJOIN \n    PostHistory ph ON p.Id = ph.PostId\nJOIN \n    PostHistory ph2 ON ph.PostId = ph2.PostId AND ph2.PostHistoryTypeId IN (4, 5, 6)\nLEFT JOIN \n    Votes v ON p.Id = v.PostId\nWHERE \n    p.CreationDate >= '2023-01-01' \nGROUP BY \n    u.DisplayName, p.Title, ph.CreationDate, ph.Comment, ph2.UserDisplayName, ph2.CreationDate\nORDER BY \n    TotalVotes DESC, ph.CreationDate DESC;",
    "blocked_thread_time": 0.0,
    "cpu_time": 3.235352474999996,
    "extra_info": {},
    "cumulative_cardinality": 24818380,
    "cumulative_rows_scanned": 41445407,
    "result_set_size": 125813512,
    "latency": 5.229585782,
    "children": [
        {
            "operator_name": "ORDER_BY",
            "cpu_time": 3.235352474999996,
            "extra_info": {
                "Order By": [
                    "count(v.Id) DESC",
                    "ph.CreationDate DESC"
                ]
            },
            "cumulative_cardinality": 24818380,
            "operator_type": "ORDER_BY",
            "operator_cardinality": 1429699,
            "cumulative_rows_scanned": 41445407,
            "operator_rows_scanned": 0,
            "operator_timing": 0.17364433500000023,
            "result_set_size": 125813512,
            "children": [
                {
                    "operator_name": "HASH_GROUP_BY",
                    "cpu_time": 3.061708139999996,
                    "extra_info": {
                        "Groups": [
                            "#0",
                            "#1",
                            "#2",
                            "#3",
                            "#4",
                            "#5"
                        ],
                        "Aggregates": "count(#6)",
                        "Estimated Cardinality": "3850116"
                    },
                    "cumulative_cardinality": 23388681,
                    "operator_type": "HASH_GROUP_BY",
                    "operator_cardinality": 1429699,
                    "cumulative_rows_scanned": 41445407,
                    "operator_rows_scanned": 0,
                    "operator_timing": 1.5301527969999962,
                    "result_set_size": 125813512,
                    "children": [
                        {
                            "operator_name": "PROJECTION",
                            "cpu_time": 1.5315553429999997,
                            "extra_info": {
                                "Projections": [
                                    "displayname",
                                    "title",
                                    "creationdate",
                                    "comment",
                                    "userdisplayname",
                                    "creationdate",
                                    "id"
                                ],
                                "Estimated Cardinality": "12744093"
                            },
                            "cumulative_cardinality": 21958982,
                            "operator_type": "PROJECTION",
                            "operator_cardinality": 7882150,
                            "cumulative_rows_scanned": 41445407,
                            "operator_rows_scanned": 0,
                            "operator_timing": 0.0023836020000000107,
                            "result_set_size": 662100600,
                            "children": [
                                {
                                    "operator_name": "HASH_JOIN",
                                    "cpu_time": 1.5291717409999996,
                                    "extra_info": {
                                        "Join Type": "RIGHT",
                                        "Conditions": "postid = id",
                                        "Estimated Cardinality": "12744093"
                                    },
                                    "cumulative_cardinality": 14076832,
                                    "operator_type": "HASH_JOIN",
                                    "operator_cardinality": 7882150,
                                    "cumulative_rows_scanned": 41445407,
                                    "operator_rows_scanned": 0,
                                    "operator_timing": 0.7986681209999998,
                                    "result_set_size": 662100600,
                                    "children": [
                                        {
                                            "operator_name": "READ_PARQUET ",
                                            "cpu_time": 0.03301504499999998,
                                            "extra_info": {
                                                "Function": "READ_PARQUET",
                                                "Projections": [
                                                    "id",
                                                    "postid"
                                                ],
                                                "Estimated Cardinality": "12744093"
                                            },
                                            "cumulative_cardinality": 802778,
                                            "operator_type": "TABLE_SCAN",
                                            "operator_cardinality": 802778,
                                            "cumulative_rows_scanned": 12744093,
                                            "operator_rows_scanned": 12744093,
                                            "operator_timing": 0.03301504499999998,
                                            "result_set_size": 6422224,
                                            "children": []
                                        },
                                        {
                                            "operator_name": "HASH_JOIN",
                                            "cpu_time": 0.6974885749999998,
                                            "extra_info": {
                                                "Join Type": "INNER",
                                                "Conditions": "postid = id",
                                                "Estimated Cardinality": "1445439"
                                            },
                                            "cumulative_cardinality": 5391904,
                                            "operator_type": "HASH_JOIN",
                                            "operator_cardinality": 2077691,
                                            "cumulative_rows_scanned": 28701314,
                                            "operator_rows_scanned": 0,
                                            "operator_timing": 0.16923434400000006,
                                            "result_set_size": 174526044,
                                            "children": [
                                                {
                                                    "operator_name": "READ_PARQUET ",
                                                    "cpu_time": 0.10131857200000004,
                                                    "extra_info": {
                                                        "Function": "READ_PARQUET",
                                                        "Projections": [
                                                            "postid",
                                                            "creationdate",
                                                            "comment"
                                                        ],
                                                        "Estimated Cardinality": "11795244"
                                                    },
                                                    "cumulative_cardinality": 890508,
                                                    "operator_type": "TABLE_SCAN",
                                                    "operator_cardinality": 890508,
                                                    "cumulative_rows_scanned": 11795244,
                                                    "operator_rows_scanned": 11795244,
                                                    "operator_timing": 0.10131857200000004,
                                                    "result_set_size": 24934224,
                                                    "children": []
                                                },
                                                {
                                                    "operator_name": "HASH_JOIN",
                                                    "cpu_time": 0.42693565899999975,
                                                    "extra_info": {
                                                        "Join Type": "INNER",
                                                        "Conditions": "id = owneruserid",
                                                        "Estimated Cardinality": "471809"
                                                    },
                                                    "cumulative_cardinality": 2423705,
                                                    "operator_type": "HASH_JOIN",
                                                    "operator_cardinality": 295191,
                                                    "cumulative_rows_scanned": 16906070,
                                                    "operator_rows_scanned": 0,
                                                    "operator_timing": 0.09154589599999999,
                                                    "result_set_size": 17711460,
                                                    "children": [
                                                        {
                                                            "operator_name": "READ_PARQUET ",
                                                            "cpu_time": 0.11322601799999996,
                                                            "extra_info": {
                                                                "Function": "READ_PARQUET",
                                                                "Projections": [
                                                                    "id",
                                                                    "displayname"
                                                                ],
                                                                "Filters": "id<=1416539",
                                                                "Estimated Cardinality": "1260710"
                                                            },
                                                            "cumulative_cardinality": 1260597,
                                                            "operator_type": "TABLE_SCAN",
                                                            "operator_cardinality": 1260597,
                                                            "cumulative_rows_scanned": 1260710,
                                                            "operator_rows_scanned": 1260710,
                                                            "operator_timing": 0.11322601799999996,
                                                            "result_set_size": 25211940,
                                                            "children": []
                                                        },
                                                        {
                                                            "operator_name": "HASH_JOIN",
                                                            "cpu_time": 0.2221637449999998,
                                                            "extra_info": {
                                                                "Join Type": "INNER",
                                                                "Conditions": "postid = id",
                                                                "Estimated Cardinality": "471809"
                                                            },
                                                            "cumulative_cardinality": 867917,
                                                            "operator_type": "HASH_JOIN",
                                                            "operator_cardinality": 301331,
                                                            "cumulative_rows_scanned": 15645360,
                                                            "operator_rows_scanned": 0,
                                                            "operator_timing": 0.017697742000000002,
                                                            "result_set_size": 14463888,
                                                            "children": [
                                                                {
                                                                    "operator_name": "READ_PARQUET ",
                                                                    "cpu_time": 0.1348978739999998,
                                                                    "extra_info": {
                                                                        "Function": "READ_PARQUET",
                                                                        "Projections": [
                                                                            "postid",
                                                                            "creationdate",
                                                                            "userdisplayname"
                                                                        ],
                                                                        "Filters": "posthistorytypeid>=4 AND posthistorytypeid<=6",
                                                                        "Estimated Cardinality": "2359048"
                                                                    },
                                                                    "cumulative_cardinality": 301331,
                                                                    "operator_type": "TABLE_SCAN",
                                                                    "operator_cardinality": 301331,
                                                                    "cumulative_rows_scanned": 11795244,
                                                                    "operator_rows_scanned": 11795244,
                                                                    "operator_timing": 0.1348978739999998,
                                                                    "result_set_size": 8437268,
                                                                    "children": []
                                                                },
                                                                {
                                                                    "operator_name": "READ_PARQUET ",
                                                                    "cpu_time": 0.06956812899999999,
                                                                    "extra_info": {
                                                                        "Function": "READ_PARQUET",
                                                                        "Projections": [
                                                                            "id",
                                                                            "owneruserid",
                                                                            "title"
                                                                        ],
                                                                        "Filters": "creationdate>='2023-01-01 00:00:00'::TIMESTAMP",
                                                                        "Estimated Cardinality": "770023"
                                                                    },
                                                                    "cumulative_cardinality": 265255,
                                                                    "operator_type": "TABLE_SCAN",
                                                                    "operator_cardinality": 265255,
                                                                    "cumulative_rows_scanned": 3850116,
                                                                    "operator_rows_scanned": 3850116,
                                                                    "operator_timing": 0.06956812899999999,
                                                                    "result_set_size": 6366120,
                                                                    "children": []
                                                                }
                                                            ]
                                                        }
                                                    ]
                                                }
                                            ]
                                        }
                                    ]
                                }
                            ]
                        }
                    ]
                }
            ]
        }
    ]
}