{
    "rows_returned": 15868,
    "query_name": "\nWITH UserPostStats AS (\n    SELECT \n        U.Id AS UserId,\n        U.DisplayName,\n        COUNT(P.Id) AS PostCount,\n        SUM(COALESCE(P.Score, 0)) AS TotalScore,\n        SUM(COALESCE(P.ViewCount, 0)) AS TotalViews,\n        COUNT(CASE WHEN P.PostTypeId = 1 THEN 1 END) AS QuestionCount,\n        COUNT(CASE WHEN P.PostTypeId = 2 THEN 1 END) AS AnswerCount\n    FROM Users U\n    LEFT JOIN Posts P ON U.Id = P.OwnerUserId\n    GROUP BY U.Id, U.DisplayName\n),\nTopUsers AS (\n    SELECT * FROM UserPostStats\n    ORDER BY TotalScore DESC\n    LIMIT 10\n)\nSELECT \n    U.UserId,\n    U.DisplayName,\n    U.PostCount,\n    U.TotalScore,\n    U.TotalViews,\n    U.QuestionCount,\n    U.AnswerCount,\n    B.Name AS BadgeName,\n    B.Class AS BadgeClass\nFROM TopUsers U\nLEFT JOIN Badges B ON U.UserId = B.UserId\nORDER BY U.TotalScore DESC;\n",
    "blocked_thread_time": 0.0,
    "cpu_time": 1.376183234,
    "extra_info": {},
    "cumulative_cardinality": 16910982,
    "cumulative_rows_scanned": 7432550,
    "result_set_size": 1491592,
    "latency": 1.617900421,
    "children": [
        {
            "operator_name": "PROJECTION",
            "cpu_time": 1.376183234,
            "extra_info": {
                "Projections": [
                    "#0",
                    "#1",
                    "#2",
                    "#3",
                    "#4",
                    "#5",
                    "#6",
                    "#7",
                    "__internal_decompress_integral_smallint(#8, 1)"
                ],
                "Estimated Cardinality": "2321724"
            },
            "cumulative_cardinality": 16910982,
            "operator_type": "PROJECTION",
            "operator_cardinality": 15868,
            "cumulative_rows_scanned": 7432550,
            "operator_rows_scanned": 0,
            "operator_timing": 0.000008246,
            "result_set_size": 1491592,
            "children": [
                {
                    "operator_name": "ORDER_BY",
                    "cpu_time": 1.376174988,
                    "extra_info": {
                        "Order By": "U.TotalScore DESC"
                    },
                    "cumulative_cardinality": 16895114,
                    "operator_type": "ORDER_BY",
                    "operator_cardinality": 15868,
                    "cumulative_rows_scanned": 7432550,
                    "operator_rows_scanned": 0,
                    "operator_timing": 0.0013432020000000002,
                    "result_set_size": 1475724,
                    "children": [
                        {
                            "operator_name": "PROJECTION",
                            "cpu_time": 1.3748317860000001,
                            "extra_info": {
                                "Projections": [
                                    "#0",
                                    "#1",
                                    "#2",
                                    "#3",
                                    "#4",
                                    "#5",
                                    "#6",
                                    "#7",
                                    "__internal_compress_integral_utinyint(#8, 1)"
                                ],
                                "Estimated Cardinality": "2321724"
                            },
                            "cumulative_cardinality": 16879246,
                            "operator_type": "PROJECTION",
                            "operator_cardinality": 15868,
                            "cumulative_rows_scanned": 7432550,
                            "operator_rows_scanned": 0,
                            "operator_timing": 0.00006263599999999999,
                            "result_set_size": 1475724,
                            "children": [
                                {
                                    "operator_name": "PROJECTION",
                                    "cpu_time": 1.37476915,
                                    "extra_info": {
                                        "Projections": [
                                            "UserId",
                                            "displayname",
                                            "PostCount",
                                            "TotalScore",
                                            "TotalViews",
                                            "QuestionCount",
                                            "AnswerCount",
                                            "BadgeName",
                                            "BadgeClass"
                                        ],
                                        "Estimated Cardinality": "2321724"
                                    },
                                    "cumulative_cardinality": 16863378,
                                    "operator_type": "PROJECTION",
                                    "operator_cardinality": 15868,
                                    "cumulative_rows_scanned": 7432550,
                                    "operator_rows_scanned": 0,
                                    "operator_timing": 0.00003156500000000001,
                                    "result_set_size": 1491592,
                                    "children": [
                                        {
                                            "operator_name": "HASH_JOIN",
                                            "cpu_time": 1.374737585,
                                            "extra_info": {
                                                "Join Type": "RIGHT",
                                                "Conditions": "userid = UserId",
                                                "Estimated Cardinality": "2321724"
                                            },
                                            "cumulative_cardinality": 16847510,
                                            "operator_type": "HASH_JOIN",
                                            "operator_cardinality": 15868,
                                            "cumulative_rows_scanned": 7432550,
                                            "operator_rows_scanned": 0,
                                            "operator_timing": 0.008388542999999998,
                                            "result_set_size": 1491592,
                                            "children": [
                                                {
                                                    "operator_name": "READ_PARQUET ",
                                                    "cpu_time": 0.04795802099999999,
                                                    "extra_info": {
                                                        "Function": "READ_PARQUET",
                                                        "Projections": [
                                                            "userid",
                                                            "name",
                                                            "class"
                                                        ],
                                                        "Estimated Cardinality": "2321724"
                                                    },
                                                    "cumulative_cardinality": 1471710,
                                                    "operator_type": "TABLE_SCAN",
                                                    "operator_cardinality": 1471710,
                                                    "cumulative_rows_scanned": 2321724,
                                                    "operator_rows_scanned": 2321724,
                                                    "operator_timing": 0.04795802099999999,
                                                    "result_set_size": 32377620,
                                                    "children": []
                                                },
                                                {
                                                    "operator_name": "STREAMING_LIMIT",
                                                    "cpu_time": 1.318391021,
                                                    "extra_info": {},
                                                    "cumulative_cardinality": 15359932,
                                                    "operator_type": "STREAMING_LIMIT",
                                                    "operator_cardinality": 10,
                                                    "cumulative_rows_scanned": 5110826,
                                                    "operator_rows_scanned": 0,
                                                    "operator_timing": 0.000002414,
                                                    "result_set_size": 760,
                                                    "children": [
                                                        {
                                                            "operator_name": "ORDER_BY",
                                                            "cpu_time": 1.3183886070000002,
                                                            "extra_info": {
                                                                "Order By": "UserPostStats.TotalScore DESC"
                                                            },
                                                            "cumulative_cardinality": 15359922,
                                                            "operator_type": "ORDER_BY",
                                                            "operator_cardinality": 4096,
                                                            "cumulative_rows_scanned": 5110826,
                                                            "operator_rows_scanned": 0,
                                                            "operator_timing": 0.056739524999999964,
                                                            "result_set_size": 311296,
                                                            "children": [
                                                                {
                                                                    "operator_name": "HASH_GROUP_BY",
                                                                    "cpu_time": 1.2616490820000001,
                                                                    "extra_info": {
                                                                        "Groups": [
                                                                            "#0",
                                                                            "#1"
                                                                        ],
                                                                        "Aggregates": [
                                                                            "count(#2)",
                                                                            "sum(#3)",
                                                                            "sum(#4)",
                                                                            "count(#5)",
                                                                            "count(#6)"
                                                                        ],
                                                                        "Estimated Cardinality": "1260710"
                                                                    },
                                                                    "cumulative_cardinality": 15355826,
                                                                    "operator_type": "HASH_GROUP_BY",
                                                                    "operator_cardinality": 1260710,
                                                                    "cumulative_rows_scanned": 5110826,
                                                                    "operator_rows_scanned": 0,
                                                                    "operator_timing": 0.5931778150000004,
                                                                    "result_set_size": 95813960,
                                                                    "children": [
                                                                        {
                                                                            "operator_name": "PROJECTION",
                                                                            "cpu_time": 0.6684712669999997,
                                                                            "extra_info": {
                                                                                "Projections": [
                                                                                    "id",
                                                                                    "displayname",
                                                                                    "id",
                                                                                    "COALESCE(score, 0)",
                                                                                    "COALESCE(viewcount, 0)",
                                                                                    "CASE  WHEN ((posttypeid = 1)) THEN (1) ELSE NULL END",
                                                                                    "CASE  WHEN ((posttypeid = 2)) THEN (1) ELSE NULL END"
                                                                                ],
                                                                                "Estimated Cardinality": "3850116"
                                                                            },
                                                                            "cumulative_cardinality": 14095116,
                                                                            "operator_type": "PROJECTION",
                                                                            "operator_cardinality": 4574495,
                                                                            "cumulative_rows_scanned": 5110826,
                                                                            "operator_rows_scanned": 0,
                                                                            "operator_timing": 0.1384884440000002,
                                                                            "result_set_size": 182979800,
                                                                            "children": [
                                                                                {
                                                                                    "operator_name": "HASH_JOIN",
                                                                                    "cpu_time": 0.5299828229999995,
                                                                                    "extra_info": {
                                                                                        "Join Type": "RIGHT",
                                                                                        "Conditions": "owneruserid = id",
                                                                                        "Estimated Cardinality": "3850116"
                                                                                    },
                                                                                    "cumulative_cardinality": 9520621,
                                                                                    "operator_type": "HASH_JOIN",
                                                                                    "operator_cardinality": 4574495,
                                                                                    "cumulative_rows_scanned": 5110826,
                                                                                    "operator_rows_scanned": 0,
                                                                                    "operator_timing": 0.27037552799999987,
                                                                                    "result_set_size": 155532830,
                                                                                    "children": [
                                                                                        {
                                                                                            "operator_name": "READ_PARQUET ",
                                                                                            "cpu_time": 0.16788013099999963,
                                                                                            "extra_info": {
                                                                                                "Function": "READ_PARQUET",
                                                                                                "Projections": [
                                                                                                    "id",
                                                                                                    "posttypeid",
                                                                                                    "score",
                                                                                                    "viewcount",
                                                                                                    "owneruserid"
                                                                                                ],
                                                                                                "Estimated Cardinality": "3850116"
                                                                                            },
                                                                                            "cumulative_cardinality": 3685416,
                                                                                            "operator_type": "TABLE_SCAN",
                                                                                            "operator_cardinality": 3685416,
                                                                                            "cumulative_rows_scanned": 3850116,
                                                                                            "operator_rows_scanned": 3850116,
                                                                                            "operator_timing": 0.16788013099999963,
                                                                                            "result_set_size": 66337488,
                                                                                            "children": []
                                                                                        },
                                                                                        {
                                                                                            "operator_name": "READ_PARQUET ",
                                                                                            "cpu_time": 0.091727164,
                                                                                            "extra_info": {
                                                                                                "Function": "READ_PARQUET",
                                                                                                "Projections": [
                                                                                                    "id",
                                                                                                    "displayname"
                                                                                                ],
                                                                                                "Estimated Cardinality": "1260710"
                                                                                            },
                                                                                            "cumulative_cardinality": 1260710,
                                                                                            "operator_type": "TABLE_SCAN",
                                                                                            "operator_cardinality": 1260710,
                                                                                            "cumulative_rows_scanned": 1260710,
                                                                                            "operator_rows_scanned": 1260710,
                                                                                            "operator_timing": 0.091727164,
                                                                                            "result_set_size": 25214200,
                                                                                            "children": []
                                                                                        }
                                                                                    ]
                                                                                }
                                                                            ]
                                                                        }
                                                                    ]
                                                                }
                                                            ]
                                                        }
                                                    ]
                                                }
                                            ]
                                        }
                                    ]
                                }
                            ]
                        }
                    ]
                }
            ]
        }
    ]
}