{
    "rows_returned": 100,
    "query_name": "SELECT \n    U.DisplayName AS UserDisplayName,\n    P.Title AS PostTitle,\n    P.CreationDate AS PostCreationDate,\n    PH.CreationDate AS PostHistoryDate,\n    P.Body AS PostBody,\n    PH.Comment AS EditComment,\n    P.Score AS PostScore,\n    COUNT(CASE WHEN V.VoteTypeId = 2 THEN 1 END) AS UpVotes,\n    COUNT(CASE WHEN V.VoteTypeId = 3 THEN 1 END) AS DownVotes,\n    COUNT(CASE WHEN C.Id IS NOT NULL THEN 1 END) AS CommentCount\nFROM \n    Posts P\nJOIN \n    Users U ON P.OwnerUserId = U.Id\nLEFT JOIN \n    PostHistory PH ON P.Id = PH.PostId\nLEFT JOIN \n    Votes V ON P.Id = V.PostId\nLEFT JOIN \n    Comments C ON P.Id = C.PostId\nWHERE \n    PH.PostHistoryTypeId IN (4, 5, 6) \nGROUP BY \n    U.DisplayName, P.Title, P.CreationDate, PH.CreationDate, P.Body, PH.Comment, P.Score\nORDER BY \n    PH.CreationDate DESC\nLIMIT 100;",
    "blocked_thread_time": 0.0,
    "cpu_time": 67.26421329399989,
    "extra_info": {},
    "cumulative_cardinality": 326745891,
    "cumulative_rows_scanned": 36891985,
    "result_set_size": 10800,
    "latency": 69.433408691,
    "children": [
        {
            "operator_name": "STREAMING_LIMIT",
            "cpu_time": 67.26421329399989,
            "extra_info": {},
            "cumulative_cardinality": 326745891,
            "operator_type": "STREAMING_LIMIT",
            "operator_cardinality": 100,
            "cumulative_rows_scanned": 36891985,
            "operator_rows_scanned": 0,
            "operator_timing": 0.000002075,
            "result_set_size": 10800,
            "children": [
                {
                    "operator_name": "PROJECTION",
                    "cpu_time": 67.26421121899989,
                    "extra_info": {
                        "Projections": [
                            "#0",
                            "#1",
                            "#2",
                            "#3",
                            "#4",
                            "#5",
                            "__internal_decompress_integral_integer(#6, -72)",
                            "#7",
                            "#8",
                            "#9"
                        ],
                        "Estimated Cardinality": "3850116"
                    },
                    "cumulative_cardinality": 326745791,
                    "operator_type": "PROJECTION",
                    "operator_cardinality": 4096,
                    "cumulative_rows_scanned": 36891985,
                    "operator_rows_scanned": 0,
                    "operator_timing": 0.000009869,
                    "result_set_size": 442368,
                    "children": [
                        {
                            "operator_name": "ORDER_BY",
                            "cpu_time": 67.2642013499999,
                            "extra_info": {
                                "Order By": "PH.CreationDate DESC"
                            },
                            "cumulative_cardinality": 326741695,
                            "operator_type": "ORDER_BY",
                            "operator_cardinality": 4096,
                            "cumulative_rows_scanned": 36891985,
                            "operator_rows_scanned": 0,
                            "operator_timing": 0.9565734340000014,
                            "result_set_size": 434176,
                            "children": [
                                {
                                    "operator_name": "PROJECTION",
                                    "cpu_time": 66.30762791599989,
                                    "extra_info": {
                                        "Projections": [
                                            "#0",
                                            "#1",
                                            "#2",
                                            "#3",
                                            "#4",
                                            "#5",
                                            "__internal_compress_integral_usmallint(#6, -72)",
                                            "#7",
                                            "#8",
                                            "#9"
                                        ],
                                        "Estimated Cardinality": "3850116"
                                    },
                                    "cumulative_cardinality": 326737599,
                                    "operator_type": "PROJECTION",
                                    "operator_cardinality": 3234375,
                                    "cumulative_rows_scanned": 36891985,
                                    "operator_rows_scanned": 0,
                                    "operator_timing": 0.0016019310000000013,
                                    "result_set_size": 342843750,
                                    "children": [
                                        {
                                            "operator_name": "PROJECTION",
                                            "cpu_time": 66.30602598499989,
                                            "extra_info": {
                                                "Projections": [
                                                    "#0",
                                                    "#1",
                                                    "#2",
                                                    "#3",
                                                    "#4",
                                                    "#5",
                                                    "__internal_decompress_integral_integer(#6, -72)",
                                                    "#7",
                                                    "#8",
                                                    "#9"
                                                ],
                                                "Estimated Cardinality": "3850116"
                                            },
                                            "cumulative_cardinality": 323503224,
                                            "operator_type": "PROJECTION",
                                            "operator_cardinality": 3234375,
                                            "cumulative_rows_scanned": 36891985,
                                            "operator_rows_scanned": 0,
                                            "operator_timing": 0.0017083160000000012,
                                            "result_set_size": 349312500,
                                            "children": [
                                                {
                                                    "operator_name": "HASH_GROUP_BY",
                                                    "cpu_time": 66.30431766899989,
                                                    "extra_info": {
                                                        "Groups": [
                                                            "#0",
                                                            "#1",
                                                            "#2",
                                                            "#3",
                                                            "#4",
                                                            "#5",
                                                            "#6"
                                                        ],
                                                        "Aggregates": [
                                                            "count(#7)",
                                                            "count(#8)",
                                                            "count(#9)"
                                                        ],
                                                        "Estimated Cardinality": "3850116"
                                                    },
                                                    "cumulative_cardinality": 320268849,
                                                    "operator_type": "HASH_GROUP_BY",
                                                    "operator_cardinality": 3234375,
                                                    "cumulative_rows_scanned": 36891985,
                                                    "operator_rows_scanned": 0,
                                                    "operator_timing": 48.23807321099989,
                                                    "result_set_size": 342843750,
                                                    "children": [
                                                        {
                                                            "operator_name": "PROJECTION",
                                                            "cpu_time": 18.066244458,
                                                            "extra_info": {
                                                                "Projections": [
                                                                    "displayname",
                                                                    "title",
                                                                    "creationdate",
                                                                    "creationdate",
                                                                    "body",
                                                                    "comment",
                                                                    "score",
                                                                    "CASE  WHEN ((votetypeid = 2)) THEN (1) ELSE NULL END",
                                                                    "CASE  WHEN ((votetypeid = 3)) THEN (1) ELSE NULL END",
                                                                    "CASE  WHEN ((id IS NOT NULL)) THEN (1) ELSE NULL END"
                                                                ],
                                                                "Estimated Cardinality": "12744093"
                                                            },
                                                            "cumulative_cardinality": 317034474,
                                                            "operator_type": "PROJECTION",
                                                            "operator_cardinality": 81915093,
                                                            "cumulative_rows_scanned": 36891985,
                                                            "operator_rows_scanned": 0,
                                                            "operator_timing": 0.8223916589999938,
                                                            "result_set_size": 7700018742,
                                                            "children": [
                                                                {
                                                                    "operator_name": "PROJECTION",
                                                                    "cpu_time": 17.243852799000006,
                                                                    "extra_info": {
                                                                        "Projections": [
                                                                            "#1",
                                                                            "__internal_compress_integral_usmallint(#2, -72)",
                                                                            "#3",
                                                                            "#4",
                                                                            "#5",
                                                                            "#6",
                                                                            "#7",
                                                                            "#0",
                                                                            "#8"
                                                                        ],
                                                                        "Estimated Cardinality": "12744093"
                                                                    },
                                                                    "cumulative_cardinality": 235119381,
                                                                    "operator_type": "PROJECTION",
                                                                    "operator_cardinality": 81915093,
                                                                    "cumulative_rows_scanned": 36891985,
                                                                    "operator_rows_scanned": 0,
                                                                    "operator_timing": 0.16995918599999782,
                                                                    "result_set_size": 7208528184,
                                                                    "children": [
                                                                        {
                                                                            "operator_name": "HASH_JOIN",
                                                                            "cpu_time": 17.07389361300001,
                                                                            "extra_info": {
                                                                                "Join Type": "LEFT",
                                                                                "Conditions": "id = postid",
                                                                                "Estimated Cardinality": "12744093"
                                                                            },
                                                                            "cumulative_cardinality": 153204288,
                                                                            "operator_type": "HASH_JOIN",
                                                                            "operator_cardinality": 81915093,
                                                                            "cumulative_rows_scanned": 36891985,
                                                                            "operator_rows_scanned": 0,
                                                                            "operator_timing": 1.832767855000007,
                                                                            "result_set_size": 7372358370,
                                                                            "children": [
                                                                                {
                                                                                    "operator_name": "PROJECTION",
                                                                                    "cpu_time": 15.166556434000006,
                                                                                    "extra_info": {
                                                                                        "Projections": [
                                                                                            "#0",
                                                                                            "#1",
                                                                                            "#2",
                                                                                            "__internal_decompress_integral_integer(#3, -72)",
                                                                                            "#4",
                                                                                            "#5",
                                                                                            "#6",
                                                                                            "#7",
                                                                                            "#8"
                                                                                        ],
                                                                                        "Estimated Cardinality": "12744093"
                                                                                    },
                                                                                    "cumulative_cardinality": 64047373,
                                                                                    "operator_type": "PROJECTION",
                                                                                    "operator_cardinality": 15783918,
                                                                                    "cumulative_rows_scanned": 29650163,
                                                                                    "operator_rows_scanned": 0,
                                                                                    "operator_timing": 0.0344583949999999,
                                                                                    "result_set_size": 1420552620,
                                                                                    "children": [
                                                                                        {
                                                                                            "operator_name": "HASH_JOIN",
                                                                                            "cpu_time": 15.132098039000006,
                                                                                            "extra_info": {
                                                                                                "Join Type": "RIGHT",
                                                                                                "Conditions": "postid = id",
                                                                                                "Estimated Cardinality": "12744093"
                                                                                            },
                                                                                            "cumulative_cardinality": 48263455,
                                                                                            "operator_type": "HASH_JOIN",
                                                                                            "operator_cardinality": 15783918,
                                                                                            "cumulative_rows_scanned": 29650163,
                                                                                            "operator_rows_scanned": 0,
                                                                                            "operator_timing": 2.6443712620000057,
                                                                                            "result_set_size": 1388984784,
                                                                                            "children": [
                                                                                                {
                                                                                                    "operator_name": "READ_PARQUET ",
                                                                                                    "cpu_time": 0.2544421600000002,
                                                                                                    "extra_info": {
                                                                                                        "Function": "READ_PARQUET",
                                                                                                        "Projections": [
                                                                                                            "postid",
                                                                                                            "votetypeid"
                                                                                                        ],
                                                                                                        "Estimated Cardinality": "12744093"
                                                                                                    },
                                                                                                    "cumulative_cardinality": 12744093,
                                                                                                    "operator_type": "TABLE_SCAN",
                                                                                                    "operator_cardinality": 12744093,
                                                                                                    "cumulative_rows_scanned": 12744093,
                                                                                                    "operator_rows_scanned": 12744093,
                                                                                                    "operator_timing": 0.2544421600000002,
                                                                                                    "result_set_size": 76464558,
                                                                                                    "children": []
                                                                                                },
                                                                                                {
                                                                                                    "operator_name": "PROJECTION",
                                                                                                    "cpu_time": 12.233284617,
                                                                                                    "extra_info": {
                                                                                                        "Projections": [
                                                                                                            "#0",
                                                                                                            "#1",
                                                                                                            "__internal_compress_integral_usmallint(#2, -72)",
                                                                                                            "#3",
                                                                                                            "#4",
                                                                                                            "#5",
                                                                                                            "#6",
                                                                                                            "#7"
                                                                                                        ],
                                                                                                        "Estimated Cardinality": "2359048"
                                                                                                    },
                                                                                                    "cumulative_cardinality": 19735444,
                                                                                                    "operator_type": "PROJECTION",
                                                                                                    "operator_cardinality": 3652240,
                                                                                                    "cumulative_rows_scanned": 16906070,
                                                                                                    "operator_rows_scanned": 0,
                                                                                                    "operator_timing": 0.005024103000000015,
                                                                                                    "result_set_size": 314092640,
                                                                                                    "children": [
                                                                                                        {
                                                                                                            "operator_name": "HASH_JOIN",
                                                                                                            "cpu_time": 12.228260514,
                                                                                                            "extra_info": {
                                                                                                                "Join Type": "INNER",
                                                                                                                "Conditions": "owneruserid = id",
                                                                                                                "Estimated Cardinality": "2359048"
                                                                                                            },
                                                                                                            "cumulative_cardinality": 16083204,
                                                                                                            "operator_type": "HASH_JOIN",
                                                                                                            "operator_cardinality": 3652240,
                                                                                                            "cumulative_rows_scanned": 16906070,
                                                                                                            "operator_rows_scanned": 0,
                                                                                                            "operator_timing": 0.2628613049999993,
                                                                                                            "result_set_size": 321397120,
                                                                                                            "children": [
                                                                                                                {
                                                                                                                    "operator_name": "HASH_JOIN",
                                                                                                                    "cpu_time": 11.878817191000001,
                                                                                                                    "extra_info": {
                                                                                                                        "Join Type": "INNER",
                                                                                                                        "Conditions": "id = postid",
                                                                                                                        "Estimated Cardinality": "2359048"
                                                                                                                    },
                                                                                                                    "cumulative_cardinality": 11170285,
                                                                                                                    "operator_type": "HASH_JOIN",
                                                                                                                    "operator_cardinality": 3652240,
                                                                                                                    "cumulative_rows_scanned": 15645360,
                                                                                                                    "operator_rows_scanned": 0,
                                                                                                                    "operator_timing": 0.6543537259999997,
                                                                                                                    "result_set_size": 277570240,
                                                                                                                    "children": [
                                                                                                                        {
                                                                                                                            "operator_name": "READ_PARQUET ",
                                                                                                                            "cpu_time": 10.403837120999999,
                                                                                                                            "extra_info": {
                                                                                                                                "Function": "READ_PARQUET",
                                                                                                                                "Projections": [
                                                                                                                                    "id",
                                                                                                                                    "creationdate",
                                                                                                                                    "score",
                                                                                                                                    "body",
                                                                                                                                    "owneruserid",
                                                                                                                                    "title"
                                                                                                                                ],
                                                                                                                                "Estimated Cardinality": "3850116"
                                                                                                                            },
                                                                                                                            "cumulative_cardinality": 3685413,
                                                                                                                            "operator_type": "TABLE_SCAN",
                                                                                                                            "operator_cardinality": 3685413,
                                                                                                                            "cumulative_rows_scanned": 3850116,
                                                                                                                            "operator_rows_scanned": 3850116,
                                                                                                                            "operator_timing": 10.403837120999999,
                                                                                                                            "result_set_size": 191641476,
                                                                                                                            "children": []
                                                                                                                        },
                                                                                                                        {
                                                                                                                            "operator_name": "READ_PARQUET ",
                                                                                                                            "cpu_time": 0.820626344000002,
                                                                                                                            "extra_info": {
                                                                                                                                "Function": "READ_PARQUET",
                                                                                                                                "Projections": [
                                                                                                                                    "postid",
                                                                                                                                    "creationdate",
                                                                                                                                    "comment"
                                                                                                                                ],
                                                                                                                                "Filters": "posthistorytypeid>=4 AND posthistorytypeid<=6",
                                                                                                                                "Estimated Cardinality": "2359048"
                                                                                                                            },
                                                                                                                            "cumulative_cardinality": 3832632,
                                                                                                                            "operator_type": "TABLE_SCAN",
                                                                                                                            "operator_cardinality": 3832632,
                                                                                                                            "cumulative_rows_scanned": 11795244,
                                                                                                                            "operator_rows_scanned": 11795244,
                                                                                                                            "operator_timing": 0.820626344000002,
                                                                                                                            "result_set_size": 107313696,
                                                                                                                            "children": []
                                                                                                                        }
                                                                                                                    ]
                                                                                                                },
                                                                                                                {
                                                                                                                    "operator_name": "READ_PARQUET ",
                                                                                                                    "cpu_time": 0.08658201800000007,
                                                                                                                    "extra_info": {
                                                                                                                        "Function": "READ_PARQUET",
                                                                                                                        "Projections": [
                                                                                                                            "id",
                                                                                                                            "displayname"
                                                                                                                        ],
                                                                                                                        "Filters": "id<=1416539",
                                                                                                                        "Estimated Cardinality": "1260710"
                                                                                                                    },
                                                                                                                    "cumulative_cardinality": 1260679,
                                                                                                                    "operator_type": "TABLE_SCAN",
                                                                                                                    "operator_cardinality": 1260679,
                                                                                                                    "cumulative_rows_scanned": 1260710,
                                                                                                                    "operator_rows_scanned": 1260710,
                                                                                                                    "operator_timing": 0.08658201800000007,
                                                                                                                    "result_set_size": 25213580,
                                                                                                                    "children": []
                                                                                                                }
                                                                                                            ]
                                                                                                        }
                                                                                                    ]
                                                                                                }
                                                                                            ]
                                                                                        }
                                                                                    ]
                                                                                },
                                                                                {
                                                                                    "operator_name": "READ_PARQUET ",
                                                                                    "cpu_time": 0.07456932399999992,
                                                                                    "extra_info": {
                                                                                        "Function": "READ_PARQUET",
                                                                                        "Projections": [
                                                                                            "id",
                                                                                            "postid"
                                                                                        ],
                                                                                        "Estimated Cardinality": "7241822"
                                                                                    },
                                                                                    "cumulative_cardinality": 7241822,
                                                                                    "operator_type": "TABLE_SCAN",
                                                                                    "operator_cardinality": 7241822,
                                                                                    "cumulative_rows_scanned": 7241822,
                                                                                    "operator_rows_scanned": 7241822,
                                                                                    "operator_timing": 0.07456932399999992,
                                                                                    "result_set_size": 57934576,
                                                                                    "children": []
                                                                                }
                                                                            ]
                                                                        }
                                                                    ]
                                                                }
                                                            ]
                                                        }
                                                    ]
                                                }
                                            ]
                                        }
                                    ]
                                }
                            ]
                        }
                    ]
                }
            ]
        }
    ]
}