{
    "rows_returned": 7320152,
    "query_name": "WITH PostTypeCounts AS (\n    SELECT \n        pt.Name AS PostTypeName,\n        COUNT(p.Id) AS TotalPosts,\n        SUM(CASE WHEN p.Score > 0 THEN 1 ELSE 0 END) AS PositiveScorePosts,\n        AVG(p.ViewCount) AS AvgViewCount,\n        AVG(p.Score) AS AvgScore\n    FROM \n        Posts p\n    JOIN \n        PostTypes pt ON p.PostTypeId = pt.Id\n    GROUP BY \n        pt.Name\n),\nUserActivity AS (\n    SELECT \n        u.DisplayName AS UserName,\n        COUNT(p.Id) AS TotalPosts,\n        SUM(CASE WHEN p.Score > 0 THEN 1 ELSE 0 END) AS PositiveScorePosts,\n        AVG(p.ViewCount) AS AvgViewCount,\n        AVG(p.Score) AS AvgScore\n    FROM \n        Users u\n    LEFT JOIN \n        Posts p ON u.Id = p.OwnerUserId\n    GROUP BY \n        u.DisplayName\n)\nSELECT \n    ptc.PostTypeName,\n    ptc.TotalPosts,\n    ptc.PositiveScorePosts,\n    ptc.AvgViewCount,\n    ptc.AvgScore,\n    ua.UserName,\n    ua.TotalPosts AS UserTotalPosts,\n    ua.PositiveScorePosts AS UserPositiveScorePosts,\n    ua.AvgViewCount AS UserAvgViewCount,\n    ua.AvgScore AS UserAvgScore\nFROM \n    PostTypeCounts ptc\nCROSS JOIN \n    UserActivity ua\nORDER BY \n    ptc.PostTypeName, ua.UserName;",
    "blocked_thread_time": 0.0,
    "cpu_time": 2.699534101000001,
    "extra_info": {},
    "cumulative_cardinality": 41331518,
    "cumulative_rows_scanned": 8960950,
    "result_set_size": 819857024,
    "latency": 19.995118465,
    "children": [
        {
            "operator_name": "ORDER_BY",
            "cpu_time": 2.699534101000001,
            "extra_info": {
                "Order By": [
                    "ptc.PostTypeName ASC",
                    "ua.UserName ASC"
                ]
            },
            "cumulative_cardinality": 41331518,
            "operator_type": "ORDER_BY",
            "operator_cardinality": 7320152,
            "cumulative_rows_scanned": 8960950,
            "operator_rows_scanned": 0,
            "operator_timing": 1.3853796550000015,
            "result_set_size": 819857024,
            "children": [
                {
                    "operator_name": "CROSS_PRODUCT",
                    "cpu_time": 1.3141544459999996,
                    "extra_info": {},
                    "cumulative_cardinality": 34011366,
                    "operator_type": "CROSS_PRODUCT",
                    "operator_cardinality": 7320152,
                    "cumulative_rows_scanned": 8960950,
                    "operator_rows_scanned": 0,
                    "operator_timing": 0.04043595299999997,
                    "result_set_size": 819857024,
                    "children": [
                        {
                            "operator_name": "HASH_GROUP_BY",
                            "cpu_time": 0.24183147199999994,
                            "extra_info": {
                                "Groups": "#0",
                                "Aggregates": [
                                    "count_star()",
                                    "sum(#1)",
                                    "avg(#2)",
                                    "avg(#3)"
                                ],
                                "Estimated Cardinality": "1925058"
                            },
                            "cumulative_cardinality": 11550362,
                            "operator_type": "HASH_GROUP_BY",
                            "operator_cardinality": 7,
                            "cumulative_rows_scanned": 3850124,
                            "operator_rows_scanned": 0,
                            "operator_timing": 0.10657424000000003,
                            "result_set_size": 392,
                            "children": [
                                {
                                    "operator_name": "PROJECTION",
                                    "cpu_time": 0.1352572319999999,
                                    "extra_info": {
                                        "Projections": [
                                            "name",
                                            "CASE  WHEN ((score > 0)) THEN (1) ELSE 0 END",
                                            "viewcount",
                                            "score"
                                        ],
                                        "Estimated Cardinality": "3850116"
                                    },
                                    "cumulative_cardinality": 11550355,
                                    "operator_type": "PROJECTION",
                                    "operator_cardinality": 3850116,
                                    "cumulative_rows_scanned": 3850124,
                                    "operator_rows_scanned": 0,
                                    "operator_timing": 0.01909178099999997,
                                    "result_set_size": 107803248,
                                    "children": [
                                        {
                                            "operator_name": "HASH_JOIN",
                                            "cpu_time": 0.11616545099999992,
                                            "extra_info": {
                                                "Join Type": "INNER",
                                                "Conditions": "posttypeid = id",
                                                "Estimated Cardinality": "3850116"
                                            },
                                            "cumulative_cardinality": 7700239,
                                            "operator_type": "HASH_JOIN",
                                            "operator_cardinality": 3850116,
                                            "cumulative_rows_scanned": 3850124,
                                            "operator_rows_scanned": 0,
                                            "operator_timing": 0.007789597000000039,
                                            "result_set_size": 92402784,
                                            "children": [
                                                {
                                                    "operator_name": "READ_PARQUET ",
                                                    "cpu_time": 0.10802942699999989,
                                                    "extra_info": {
                                                        "Function": "READ_PARQUET",
                                                        "Projections": [
                                                            "id",
                                                            "posttypeid",
                                                            "score",
                                                            "viewcount"
                                                        ],
                                                        "Estimated Cardinality": "3850116"
                                                    },
                                                    "cumulative_cardinality": 3850116,
                                                    "operator_type": "TABLE_SCAN",
                                                    "operator_cardinality": 3850116,
                                                    "cumulative_rows_scanned": 3850116,
                                                    "operator_rows_scanned": 3850116,
                                                    "operator_timing": 0.10802942699999989,
                                                    "result_set_size": 53901624,
                                                    "children": []
                                                },
                                                {
                                                    "operator_name": "READ_PARQUET ",
                                                    "cpu_time": 0.000346427,
                                                    "extra_info": {
                                                        "Function": "READ_PARQUET",
                                                        "Projections": [
                                                            "id",
                                                            "name"
                                                        ],
                                                        "Filters": "id<=7",
                                                        "Estimated Cardinality": "8"
                                                    },
                                                    "cumulative_cardinality": 7,
                                                    "operator_type": "TABLE_SCAN",
                                                    "operator_cardinality": 7,
                                                    "cumulative_rows_scanned": 8,
                                                    "operator_rows_scanned": 8,
                                                    "operator_timing": 0.000346427,
                                                    "result_set_size": 126,
                                                    "children": []
                                                }
                                            ]
                                        }
                                    ]
                                }
                            ]
                        },
                        {
                            "operator_name": "HASH_GROUP_BY",
                            "cpu_time": 1.0318870209999997,
                            "extra_info": {
                                "Groups": "#0",
                                "Aggregates": [
                                    "count(#1)",
                                    "sum(#2)",
                                    "avg(#3)",
                                    "avg(#4)"
                                ],
                                "Estimated Cardinality": "1260710"
                            },
                            "cumulative_cardinality": 15140852,
                            "operator_type": "HASH_GROUP_BY",
                            "operator_cardinality": 1045736,
                            "cumulative_rows_scanned": 5110826,
                            "operator_rows_scanned": 0,
                            "operator_timing": 0.5375581939999996,
                            "result_set_size": 58561216,
                            "children": [
                                {
                                    "operator_name": "PROJECTION",
                                    "cpu_time": 0.49432882700000025,
                                    "extra_info": {
                                        "Projections": [
                                            "displayname",
                                            "id",
                                            "CASE  WHEN ((score > 0)) THEN (1) ELSE 0 END",
                                            "viewcount",
                                            "score"
                                        ],
                                        "Estimated Cardinality": "3850116"
                                    },
                                    "cumulative_cardinality": 14095116,
                                    "operator_type": "PROJECTION",
                                    "operator_cardinality": 4574495,
                                    "cumulative_rows_scanned": 5110826,
                                    "operator_rows_scanned": 0,
                                    "operator_timing": 0.020831858999999973,
                                    "result_set_size": 146383840,
                                    "children": [
                                        {
                                            "operator_name": "HASH_JOIN",
                                            "cpu_time": 0.4734969680000003,
                                            "extra_info": {
                                                "Join Type": "RIGHT",
                                                "Conditions": "owneruserid = id",
                                                "Estimated Cardinality": "3850116"
                                            },
                                            "cumulative_cardinality": 9520621,
                                            "operator_type": "HASH_JOIN",
                                            "operator_cardinality": 4574495,
                                            "cumulative_rows_scanned": 5110826,
                                            "operator_rows_scanned": 0,
                                            "operator_timing": 0.24966850000000065,
                                            "result_set_size": 128085860,
                                            "children": [
                                                {
                                                    "operator_name": "READ_PARQUET ",
                                                    "cpu_time": 0.14428722899999957,
                                                    "extra_info": {
                                                        "Function": "READ_PARQUET",
                                                        "Projections": [
                                                            "id",
                                                            "score",
                                                            "viewcount",
                                                            "owneruserid"
                                                        ],
                                                        "Estimated Cardinality": "3850116"
                                                    },
                                                    "cumulative_cardinality": 3685416,
                                                    "operator_type": "TABLE_SCAN",
                                                    "operator_cardinality": 3685416,
                                                    "cumulative_rows_scanned": 3850116,
                                                    "operator_rows_scanned": 3850116,
                                                    "operator_timing": 0.14428722899999957,
                                                    "result_set_size": 58966656,
                                                    "children": []
                                                },
                                                {
                                                    "operator_name": "READ_PARQUET ",
                                                    "cpu_time": 0.07954123900000008,
                                                    "extra_info": {
                                                        "Function": "READ_PARQUET",
                                                        "Projections": [
                                                            "id",
                                                            "displayname"
                                                        ],
                                                        "Estimated Cardinality": "1260710"
                                                    },
                                                    "cumulative_cardinality": 1260710,
                                                    "operator_type": "TABLE_SCAN",
                                                    "operator_cardinality": 1260710,
                                                    "cumulative_rows_scanned": 1260710,
                                                    "operator_rows_scanned": 1260710,
                                                    "operator_timing": 0.07954123900000008,
                                                    "result_set_size": 25214200,
                                                    "children": []
                                                }
                                            ]
                                        }
                                    ]
                                }
                            ]
                        }
                    ]
                }
            ]
        }
    ]
}