{
    "rows_returned": 135038,
    "query_name": "WITH UserPostCounts AS (\n    SELECT \n        u.Id AS UserId,\n        u.DisplayName,\n        COUNT(p.Id) AS PostCount\n    FROM \n        Users u\n    LEFT JOIN \n        Posts p ON u.Id = p.OwnerUserId\n    GROUP BY \n        u.Id, u.DisplayName\n), \nTopUsers AS (\n    SELECT \n        UserId,\n        DisplayName,\n        PostCount\n    FROM \n        UserPostCounts\n    ORDER BY \n        PostCount DESC\n    LIMIT 10\n), \nPostScores AS (\n    SELECT \n        p.Id AS PostId,\n        p.Title,\n        p.Score,\n        u.DisplayName AS OwnerDisplayName\n    FROM \n        Posts p\n    JOIN \n        Users u ON p.OwnerUserId = u.Id\n    WHERE \n        p.Score IS NOT NULL\n)\nSELECT \n    tu.DisplayName AS TopUser,\n    tu.PostCount,\n    ps.PostId,\n    ps.Title,\n    ps.Score\nFROM \n    TopUsers tu\nJOIN \n    PostScores ps ON ps.OwnerDisplayName = tu.DisplayName\nORDER BY \n    tu.PostCount DESC, ps.Score DESC;",
    "blocked_thread_time": 0.0,
    "cpu_time": 1.9273874669999995,
    "extra_info": {},
    "cumulative_cardinality": 27842585,
    "cumulative_rows_scanned": 10221652,
    "result_set_size": 6481824,
    "latency": 2.104646078,
    "children": [
        {
            "operator_name": "PROJECTION",
            "cpu_time": 1.9273874669999995,
            "extra_info": {
                "Projections": [
                    "#0",
                    "#1",
                    "#2",
                    "#3",
                    "__internal_decompress_integral_integer(#4, -72)"
                ],
                "Estimated Cardinality": "6"
            },
            "cumulative_cardinality": 27842585,
            "operator_type": "PROJECTION",
            "operator_cardinality": 135038,
            "cumulative_rows_scanned": 10221652,
            "operator_rows_scanned": 0,
            "operator_timing": 0.000049778000000000024,
            "result_set_size": 6481824,
            "children": [
                {
                    "operator_name": "ORDER_BY",
                    "cpu_time": 1.9273376889999996,
                    "extra_info": {
                        "Order By": [
                            "tu.PostCount DESC",
                            "ps.Score DESC"
                        ]
                    },
                    "cumulative_cardinality": 27707547,
                    "operator_type": "ORDER_BY",
                    "operator_cardinality": 135038,
                    "cumulative_rows_scanned": 10221652,
                    "operator_rows_scanned": 0,
                    "operator_timing": 0.007478748999999999,
                    "result_set_size": 6211748,
                    "children": [
                        {
                            "operator_name": "PROJECTION",
                            "cpu_time": 1.9198589399999997,
                            "extra_info": {
                                "Projections": [
                                    "#0",
                                    "#1",
                                    "#2",
                                    "#3",
                                    "__internal_compress_integral_usmallint(#4, -72)"
                                ],
                                "Estimated Cardinality": "6"
                            },
                            "cumulative_cardinality": 27572509,
                            "operator_type": "PROJECTION",
                            "operator_cardinality": 135038,
                            "cumulative_rows_scanned": 10221652,
                            "operator_rows_scanned": 0,
                            "operator_timing": 0.000196305,
                            "result_set_size": 6211748,
                            "children": [
                                {
                                    "operator_name": "PROJECTION",
                                    "cpu_time": 1.9196626349999997,
                                    "extra_info": {
                                        "Projections": [
                                            "TopUser",
                                            "PostCount",
                                            "PostId",
                                            "title",
                                            "score"
                                        ],
                                        "Estimated Cardinality": "6"
                                    },
                                    "cumulative_cardinality": 27437471,
                                    "operator_type": "PROJECTION",
                                    "operator_cardinality": 135038,
                                    "cumulative_rows_scanned": 10221652,
                                    "operator_rows_scanned": 0,
                                    "operator_timing": 0.00004574800000000001,
                                    "result_set_size": 6481824,
                                    "children": [
                                        {
                                            "operator_name": "HASH_JOIN",
                                            "cpu_time": 1.9196168869999997,
                                            "extra_info": {
                                                "Join Type": "INNER",
                                                "Conditions": "OwnerDisplayName = displayname",
                                                "Estimated Cardinality": "6"
                                            },
                                            "cumulative_cardinality": 27302433,
                                            "operator_type": "HASH_JOIN",
                                            "operator_cardinality": 135038,
                                            "cumulative_rows_scanned": 10221652,
                                            "operator_rows_scanned": 0,
                                            "operator_timing": 0.04587801699999996,
                                            "result_set_size": 6481824,
                                            "children": [
                                                {
                                                    "operator_name": "PROJECTION",
                                                    "cpu_time": 1.0672155250000002,
                                                    "extra_info": {
                                                        "Projections": [
                                                            "PostId",
                                                            "title",
                                                            "score",
                                                            "OwnerDisplayName"
                                                        ],
                                                        "Estimated Cardinality": "770023"
                                                    },
                                                    "cumulative_cardinality": 10546753,
                                                    "operator_type": "PROJECTION",
                                                    "operator_cardinality": 2868003,
                                                    "cumulative_rows_scanned": 5110826,
                                                    "operator_rows_scanned": 0,
                                                    "operator_timing": 0.0005062699999999991,
                                                    "result_set_size": 114720120,
                                                    "children": [
                                                        {
                                                            "operator_name": "HASH_JOIN",
                                                            "cpu_time": 1.0667092550000001,
                                                            "extra_info": {
                                                                "Join Type": "INNER",
                                                                "Conditions": "id = owneruserid",
                                                                "Estimated Cardinality": "770023"
                                                            },
                                                            "cumulative_cardinality": 7678750,
                                                            "operator_type": "HASH_JOIN",
                                                            "operator_cardinality": 2868003,
                                                            "cumulative_rows_scanned": 5110826,
                                                            "operator_rows_scanned": 0,
                                                            "operator_timing": 0.49056483900000025,
                                                            "result_set_size": 114720120,
                                                            "children": [
                                                                {
                                                                    "operator_name": "READ_PARQUET ",
                                                                    "cpu_time": 0.10547570299999992,
                                                                    "extra_info": {
                                                                        "Function": "READ_PARQUET",
                                                                        "Projections": [
                                                                            "id",
                                                                            "displayname"
                                                                        ],
                                                                        "Filters": "id<=1416539",
                                                                        "Estimated Cardinality": "1260710"
                                                                    },
                                                                    "cumulative_cardinality": 960631,
                                                                    "operator_type": "TABLE_SCAN",
                                                                    "operator_cardinality": 960631,
                                                                    "cumulative_rows_scanned": 1260710,
                                                                    "operator_rows_scanned": 1260710,
                                                                    "operator_timing": 0.10547570299999992,
                                                                    "result_set_size": 19212620,
                                                                    "children": []
                                                                },
                                                                {
                                                                    "operator_name": "READ_PARQUET ",
                                                                    "cpu_time": 0.4706687129999999,
                                                                    "extra_info": {
                                                                        "Function": "READ_PARQUET",
                                                                        "Projections": [
                                                                            "id",
                                                                            "score",
                                                                            "owneruserid",
                                                                            "title"
                                                                        ],
                                                                        "Estimated Cardinality": "770023"
                                                                    },
                                                                    "cumulative_cardinality": 3850116,
                                                                    "operator_type": "TABLE_SCAN",
                                                                    "operator_cardinality": 3850116,
                                                                    "cumulative_rows_scanned": 3850116,
                                                                    "operator_rows_scanned": 3850116,
                                                                    "operator_timing": 0.4706687129999999,
                                                                    "result_set_size": 107803248,
                                                                    "children": []
                                                                }
                                                            ]
                                                        }
                                                    ]
                                                },
                                                {
                                                    "operator_name": "STREAMING_LIMIT",
                                                    "cpu_time": 0.8065233449999994,
                                                    "extra_info": {},
                                                    "cumulative_cardinality": 16620642,
                                                    "operator_type": "STREAMING_LIMIT",
                                                    "operator_cardinality": 10,
                                                    "cumulative_rows_scanned": 5110826,
                                                    "operator_rows_scanned": 0,
                                                    "operator_timing": 0.000002695,
                                                    "result_set_size": 240,
                                                    "children": [
                                                        {
                                                            "operator_name": "ORDER_BY",
                                                            "cpu_time": 0.8065206499999994,
                                                            "extra_info": {
                                                                "Order By": "UserPostCounts.PostCount DESC"
                                                            },
                                                            "cumulative_cardinality": 16620632,
                                                            "operator_type": "ORDER_BY",
                                                            "operator_cardinality": 4096,
                                                            "cumulative_rows_scanned": 5110826,
                                                            "operator_rows_scanned": 0,
                                                            "operator_timing": 0.033266260999999984,
                                                            "result_set_size": 98304,
                                                            "children": [
                                                                {
                                                                    "operator_name": "PROJECTION",
                                                                    "cpu_time": 0.7732543889999994,
                                                                    "extra_info": {
                                                                        "Projections": [
                                                                            "displayname",
                                                                            "PostCount"
                                                                        ],
                                                                        "Estimated Cardinality": "1260710"
                                                                    },
                                                                    "cumulative_cardinality": 16616536,
                                                                    "operator_type": "PROJECTION",
                                                                    "operator_cardinality": 1260710,
                                                                    "cumulative_rows_scanned": 5110826,
                                                                    "operator_rows_scanned": 0,
                                                                    "operator_timing": 0.00010537899999999941,
                                                                    "result_set_size": 30257040,
                                                                    "children": [
                                                                        {
                                                                            "operator_name": "HASH_GROUP_BY",
                                                                            "cpu_time": 0.7731490099999995,
                                                                            "extra_info": {
                                                                                "Groups": [
                                                                                    "#0",
                                                                                    "#1"
                                                                                ],
                                                                                "Aggregates": "count(#2)",
                                                                                "Estimated Cardinality": "1260710"
                                                                            },
                                                                            "cumulative_cardinality": 15355826,
                                                                            "operator_type": "HASH_GROUP_BY",
                                                                            "operator_cardinality": 1260710,
                                                                            "cumulative_rows_scanned": 5110826,
                                                                            "operator_rows_scanned": 0,
                                                                            "operator_timing": 0.3575030039999998,
                                                                            "result_set_size": 35299880,
                                                                            "children": [
                                                                                {
                                                                                    "operator_name": "PROJECTION",
                                                                                    "cpu_time": 0.4156460059999997,
                                                                                    "extra_info": {
                                                                                        "Projections": [
                                                                                            "id",
                                                                                            "displayname",
                                                                                            "id"
                                                                                        ],
                                                                                        "Estimated Cardinality": "3850116"
                                                                                    },
                                                                                    "cumulative_cardinality": 14095116,
                                                                                    "operator_type": "PROJECTION",
                                                                                    "operator_cardinality": 4574495,
                                                                                    "cumulative_rows_scanned": 5110826,
                                                                                    "operator_rows_scanned": 0,
                                                                                    "operator_timing": 0.0006799440000000048,
                                                                                    "result_set_size": 109787880,
                                                                                    "children": [
                                                                                        {
                                                                                            "operator_name": "HASH_JOIN",
                                                                                            "cpu_time": 0.4149660619999997,
                                                                                            "extra_info": {
                                                                                                "Join Type": "RIGHT",
                                                                                                "Conditions": "owneruserid = id",
                                                                                                "Estimated Cardinality": "3850116"
                                                                                            },
                                                                                            "cumulative_cardinality": 9520621,
                                                                                            "operator_type": "HASH_JOIN",
                                                                                            "operator_cardinality": 4574495,
                                                                                            "cumulative_rows_scanned": 5110826,
                                                                                            "operator_rows_scanned": 0,
                                                                                            "operator_timing": 0.24362426499999976,
                                                                                            "result_set_size": 109787880,
                                                                                            "children": [
                                                                                                {
                                                                                                    "operator_name": "READ_PARQUET ",
                                                                                                    "cpu_time": 0.09232029700000004,
                                                                                                    "extra_info": {
                                                                                                        "Function": "READ_PARQUET",
                                                                                                        "Projections": [
                                                                                                            "id",
                                                                                                            "owneruserid"
                                                                                                        ],
                                                                                                        "Estimated Cardinality": "3850116"
                                                                                                    },
                                                                                                    "cumulative_cardinality": 3685416,
                                                                                                    "operator_type": "TABLE_SCAN",
                                                                                                    "operator_cardinality": 3685416,
                                                                                                    "cumulative_rows_scanned": 3850116,
                                                                                                    "operator_rows_scanned": 3850116,
                                                                                                    "operator_timing": 0.09232029700000004,
                                                                                                    "result_set_size": 29483328,
                                                                                                    "children": []
                                                                                                },
                                                                                                {
                                                                                                    "operator_name": "READ_PARQUET ",
                                                                                                    "cpu_time": 0.0790214999999999,
                                                                                                    "extra_info": {
                                                                                                        "Function": "READ_PARQUET",
                                                                                                        "Projections": [
                                                                                                            "id",
                                                                                                            "displayname"
                                                                                                        ],
                                                                                                        "Estimated Cardinality": "1260710"
                                                                                                    },
                                                                                                    "cumulative_cardinality": 1260710,
                                                                                                    "operator_type": "TABLE_SCAN",
                                                                                                    "operator_cardinality": 1260710,
                                                                                                    "cumulative_rows_scanned": 1260710,
                                                                                                    "operator_rows_scanned": 1260710,
                                                                                                    "operator_timing": 0.0790214999999999,
                                                                                                    "result_set_size": 25214200,
                                                                                                    "children": []
                                                                                                }
                                                                                            ]
                                                                                        }
                                                                                    ]
                                                                                }
                                                                            ]
                                                                        }
                                                                    ]
                                                                }
                                                            ]
                                                        }
                                                    ]
                                                }
                                            ]
                                        }
                                    ]
                                }
                            ]
                        }
                    ]
                }
            ]
        }
    ]
}