{
    "rows_returned": 100,
    "query_name": "SELECT \n    p.Id AS PostId,\n    p.Title,\n    p.CreationDate,\n    p.Score,\n    p.ViewCount,\n    u.DisplayName AS OwnerDisplayName,\n    u.Reputation AS OwnerReputation,\n    p.AnswerCount,\n    COALESCE(c.CommentCount, 0) AS CommentCount,\n    COALESCE(pl.LinksCount, 0) AS LinksCount,\n    COALESCE(ph.HistoryCount, 0) AS HistoryCount\nFROM \n    Posts p\nJOIN \n    Users u ON p.OwnerUserId = u.Id\nLEFT JOIN \n    (SELECT PostId, COUNT(*) AS CommentCount FROM Comments GROUP BY PostId) c ON p.Id = c.PostId\nLEFT JOIN \n    (SELECT PostId, COUNT(*) AS LinksCount FROM PostLinks GROUP BY PostId) pl ON p.Id = pl.PostId\nLEFT JOIN \n    (SELECT PostId, COUNT(*) AS HistoryCount FROM PostHistory GROUP BY PostId) ph ON p.Id = ph.PostId\nWHERE \n    p.CreationDate >= cast('2024-10-01' as date) - INTERVAL '1 year' \nORDER BY \n    p.Score DESC, \n    p.CreationDate DESC\nLIMIT 100;",
    "blocked_thread_time": 0.0,
    "cpu_time": 1.5680171959999993,
    "extra_info": {},
    "cumulative_cardinality": 47461602,
    "cumulative_rows_scanned": 24560883,
    "result_set_size": 8400,
    "latency": 1.698114637,
    "children": [
        {
            "operator_name": "STREAMING_LIMIT",
            "cpu_time": 1.5680171959999993,
            "extra_info": {},
            "cumulative_cardinality": 47461602,
            "operator_type": "STREAMING_LIMIT",
            "operator_cardinality": 100,
            "cumulative_rows_scanned": 24560883,
            "operator_rows_scanned": 0,
            "operator_timing": 0.000002175,
            "result_set_size": 8400,
            "children": [
                {
                    "operator_name": "PROJECTION",
                    "cpu_time": 1.5680150209999992,
                    "extra_info": {
                        "Projections": [
                            "#0",
                            "#1",
                            "#2",
                            "__internal_decompress_integral_integer(#3, -72)",
                            "#4",
                            "#5",
                            "#6",
                            "__internal_decompress_integral_integer(#7, 0)",
                            "#8",
                            "#9",
                            "#10"
                        ],
                        "Estimated Cardinality": "5897622"
                    },
                    "cumulative_cardinality": 47461502,
                    "operator_type": "PROJECTION",
                    "operator_cardinality": 4096,
                    "cumulative_rows_scanned": 24560883,
                    "operator_rows_scanned": 0,
                    "operator_timing": 0.000026299,
                    "result_set_size": 344064,
                    "children": [
                        {
                            "operator_name": "ORDER_BY",
                            "cpu_time": 1.5679887219999993,
                            "extra_info": {
                                "Order By": [
                                    "p.Score DESC",
                                    "p.CreationDate DESC"
                                ]
                            },
                            "cumulative_cardinality": 47457406,
                            "operator_type": "ORDER_BY",
                            "operator_cardinality": 4096,
                            "cumulative_rows_scanned": 24560883,
                            "operator_rows_scanned": 0,
                            "operator_timing": 0.019046210999999997,
                            "result_set_size": 323584,
                            "children": [
                                {
                                    "operator_name": "PROJECTION",
                                    "cpu_time": 1.5489425109999992,
                                    "extra_info": {
                                        "Projections": [
                                            "#0",
                                            "#1",
                                            "#2",
                                            "__internal_compress_integral_usmallint(#3, -72)",
                                            "#4",
                                            "#5",
                                            "#6",
                                            "__internal_compress_integral_utinyint(#7, 0)",
                                            "#8",
                                            "#9",
                                            "#10"
                                        ],
                                        "Estimated Cardinality": "5897622"
                                    },
                                    "cumulative_cardinality": 47453310,
                                    "operator_type": "PROJECTION",
                                    "operator_cardinality": 143825,
                                    "cumulative_rows_scanned": 24560883,
                                    "operator_rows_scanned": 0,
                                    "operator_timing": 0.001111821,
                                    "result_set_size": 11362175,
                                    "children": [
                                        {
                                            "operator_name": "PROJECTION",
                                            "cpu_time": 1.5478306899999992,
                                            "extra_info": {
                                                "Projections": [
                                                    "PostId",
                                                    "title",
                                                    "creationdate",
                                                    "score",
                                                    "viewcount",
                                                    "OwnerDisplayName",
                                                    "OwnerReputation",
                                                    "answercount",
                                                    "CommentCount",
                                                    "LinksCount",
                                                    "HistoryCount"
                                                ],
                                                "Estimated Cardinality": "5897622"
                                            },
                                            "cumulative_cardinality": 47309485,
                                            "operator_type": "PROJECTION",
                                            "operator_cardinality": 143825,
                                            "cumulative_rows_scanned": 24560883,
                                            "operator_rows_scanned": 0,
                                            "operator_timing": 0.0045848669999999985,
                                            "result_set_size": 12081300,
                                            "children": [
                                                {
                                                    "operator_name": "HASH_JOIN",
                                                    "cpu_time": 1.5432458229999992,
                                                    "extra_info": {
                                                        "Join Type": "LEFT",
                                                        "Conditions": "id = postid",
                                                        "Estimated Cardinality": "5897622"
                                                    },
                                                    "cumulative_cardinality": 47165660,
                                                    "operator_type": "HASH_JOIN",
                                                    "operator_cardinality": 143825,
                                                    "cumulative_rows_scanned": 24560883,
                                                    "operator_rows_scanned": 0,
                                                    "operator_timing": 0.20768057100000004,
                                                    "result_set_size": 12081300,
                                                    "children": [
                                                        {
                                                            "operator_name": "HASH_JOIN",
                                                            "cpu_time": 0.6165435689999995,
                                                            "extra_info": {
                                                                "Join Type": "LEFT",
                                                                "Conditions": "id = postid",
                                                                "Estimated Cardinality": "3620911"
                                                            },
                                                            "cumulative_cardinality": 19581231,
                                                            "operator_type": "HASH_JOIN",
                                                            "operator_cardinality": 143825,
                                                            "cumulative_rows_scanned": 12765639,
                                                            "operator_rows_scanned": 0,
                                                            "operator_timing": 0.017332961,
                                                            "result_set_size": 10930700,
                                                            "children": [
                                                                {
                                                                    "operator_name": "HASH_JOIN",
                                                                    "cpu_time": 0.5741601549999995,
                                                                    "extra_info": {
                                                                        "Join Type": "RIGHT",
                                                                        "Conditions": "postid = id",
                                                                        "Estimated Cardinality": "3620911"
                                                                    },
                                                                    "cumulative_cardinality": 18341366,
                                                                    "operator_type": "HASH_JOIN",
                                                                    "operator_cardinality": 143825,
                                                                    "cumulative_rows_scanned": 12352648,
                                                                    "operator_rows_scanned": 0,
                                                                    "operator_timing": 0.05995115,
                                                                    "result_set_size": 9780100,
                                                                    "children": [
                                                                        {
                                                                            "operator_name": "HASH_GROUP_BY",
                                                                            "cpu_time": 0.3002600269999995,
                                                                            "extra_info": {
                                                                                "Groups": "#0",
                                                                                "Aggregates": "count_star()",
                                                                                "Estimated Cardinality": "3620911"
                                                                            },
                                                                            "cumulative_cardinality": 16647316,
                                                                            "operator_type": "HASH_GROUP_BY",
                                                                            "operator_cardinality": 2163672,
                                                                            "cumulative_rows_scanned": 7241822,
                                                                            "operator_rows_scanned": 0,
                                                                            "operator_timing": 0.2582138969999994,
                                                                            "result_set_size": 25964064,
                                                                            "children": [
                                                                                {
                                                                                    "operator_name": "PROJECTION",
                                                                                    "cpu_time": 0.04204613000000006,
                                                                                    "extra_info": {
                                                                                        "Projections": "postid",
                                                                                        "Estimated Cardinality": "7241822"
                                                                                    },
                                                                                    "cumulative_cardinality": 14483644,
                                                                                    "operator_type": "PROJECTION",
                                                                                    "operator_cardinality": 7241822,
                                                                                    "cumulative_rows_scanned": 7241822,
                                                                                    "operator_rows_scanned": 0,
                                                                                    "operator_timing": 0.0003935909999999984,
                                                                                    "result_set_size": 28967288,
                                                                                    "children": [
                                                                                        {
                                                                                            "operator_name": "READ_PARQUET ",
                                                                                            "cpu_time": 0.041652539000000065,
                                                                                            "extra_info": {
                                                                                                "Function": "READ_PARQUET",
                                                                                                "Projections": "postid",
                                                                                                "Estimated Cardinality": "7241822"
                                                                                            },
                                                                                            "cumulative_cardinality": 7241822,
                                                                                            "operator_type": "TABLE_SCAN",
                                                                                            "operator_cardinality": 7241822,
                                                                                            "cumulative_rows_scanned": 7241822,
                                                                                            "operator_rows_scanned": 7241822,
                                                                                            "operator_timing": 0.041652539000000065,
                                                                                            "result_set_size": 28967288,
                                                                                            "children": []
                                                                                        }
                                                                                    ]
                                                                                }
                                                                            ]
                                                                        },
                                                                        {
                                                                            "operator_name": "HASH_JOIN",
                                                                            "cpu_time": 0.213948978,
                                                                            "extra_info": {
                                                                                "Join Type": "INNER",
                                                                                "Conditions": "id = owneruserid",
                                                                                "Estimated Cardinality": "770023"
                                                                            },
                                                                            "cumulative_cardinality": 1550225,
                                                                            "operator_type": "HASH_JOIN",
                                                                            "operator_cardinality": 143825,
                                                                            "cumulative_rows_scanned": 5110826,
                                                                            "operator_rows_scanned": 0,
                                                                            "operator_timing": 0.03586262299999999,
                                                                            "result_set_size": 8629500,
                                                                            "children": [
                                                                                {
                                                                                    "operator_name": "READ_PARQUET ",
                                                                                    "cpu_time": 0.09875482300000002,
                                                                                    "extra_info": {
                                                                                        "Function": "READ_PARQUET",
                                                                                        "Projections": [
                                                                                            "id",
                                                                                            "reputation",
                                                                                            "displayname"
                                                                                        ],
                                                                                        "Filters": "id<=1416539",
                                                                                        "Estimated Cardinality": "1260710"
                                                                                    },
                                                                                    "cumulative_cardinality": 1260679,
                                                                                    "operator_type": "TABLE_SCAN",
                                                                                    "operator_cardinality": 1260679,
                                                                                    "cumulative_rows_scanned": 1260710,
                                                                                    "operator_rows_scanned": 1260710,
                                                                                    "operator_timing": 0.09875482300000002,
                                                                                    "result_set_size": 30256296,
                                                                                    "children": []
                                                                                },
                                                                                {
                                                                                    "operator_name": "READ_PARQUET ",
                                                                                    "cpu_time": 0.079331532,
                                                                                    "extra_info": {
                                                                                        "Function": "READ_PARQUET",
                                                                                        "Projections": [
                                                                                            "id",
                                                                                            "creationdate",
                                                                                            "score",
                                                                                            "viewcount",
                                                                                            "owneruserid",
                                                                                            "title",
                                                                                            "answercount"
                                                                                        ],
                                                                                        "Filters": "creationdate>='2023-10-01 00:00:00'::TIMESTAMP",
                                                                                        "Estimated Cardinality": "770023"
                                                                                    },
                                                                                    "cumulative_cardinality": 145721,
                                                                                    "operator_type": "TABLE_SCAN",
                                                                                    "operator_cardinality": 145721,
                                                                                    "cumulative_rows_scanned": 3850116,
                                                                                    "operator_rows_scanned": 3850116,
                                                                                    "operator_timing": 0.079331532,
                                                                                    "result_set_size": 6411724,
                                                                                    "children": []
                                                                                }
                                                                            ]
                                                                        }
                                                                    ]
                                                                },
                                                                {
                                                                    "operator_name": "HASH_GROUP_BY",
                                                                    "cpu_time": 0.025050453000000004,
                                                                    "extra_info": {
                                                                        "Groups": "#0",
                                                                        "Aggregates": "count_star()",
                                                                        "Estimated Cardinality": "206495"
                                                                    },
                                                                    "cumulative_cardinality": 1096040,
                                                                    "operator_type": "HASH_GROUP_BY",
                                                                    "operator_cardinality": 270058,
                                                                    "cumulative_rows_scanned": 412991,
                                                                    "operator_rows_scanned": 0,
                                                                    "operator_timing": 0.021736858,
                                                                    "result_set_size": 3240696,
                                                                    "children": [
                                                                        {
                                                                            "operator_name": "PROJECTION",
                                                                            "cpu_time": 0.003313595000000004,
                                                                            "extra_info": {
                                                                                "Projections": "postid",
                                                                                "Estimated Cardinality": "412991"
                                                                            },
                                                                            "cumulative_cardinality": 825982,
                                                                            "operator_type": "PROJECTION",
                                                                            "operator_cardinality": 412991,
                                                                            "cumulative_rows_scanned": 412991,
                                                                            "operator_rows_scanned": 0,
                                                                            "operator_timing": 0.000027665999999999985,
                                                                            "result_set_size": 1651964,
                                                                            "children": [
                                                                                {
                                                                                    "operator_name": "READ_PARQUET ",
                                                                                    "cpu_time": 0.003285929000000004,
                                                                                    "extra_info": {
                                                                                        "Function": "READ_PARQUET",
                                                                                        "Projections": "postid",
                                                                                        "Estimated Cardinality": "412991"
                                                                                    },
                                                                                    "cumulative_cardinality": 412991,
                                                                                    "operator_type": "TABLE_SCAN",
                                                                                    "operator_cardinality": 412991,
                                                                                    "cumulative_rows_scanned": 412991,
                                                                                    "operator_rows_scanned": 412991,
                                                                                    "operator_timing": 0.003285929000000004,
                                                                                    "result_set_size": 1651964,
                                                                                    "children": []
                                                                                }
                                                                            ]
                                                                        }
                                                                    ]
                                                                }
                                                            ]
                                                        },
                                                        {
                                                            "operator_name": "HASH_GROUP_BY",
                                                            "cpu_time": 0.7190216829999997,
                                                            "extra_info": {
                                                                "Groups": "#0",
                                                                "Aggregates": "count_star()",
                                                                "Estimated Cardinality": "5897622"
                                                            },
                                                            "cumulative_cardinality": 27440604,
                                                            "operator_type": "HASH_GROUP_BY",
                                                            "operator_cardinality": 3850116,
                                                            "cumulative_rows_scanned": 11795244,
                                                            "operator_rows_scanned": 0,
                                                            "operator_timing": 0.6390686359999995,
                                                            "result_set_size": 46201392,
                                                            "children": [
                                                                {
                                                                    "operator_name": "PROJECTION",
                                                                    "cpu_time": 0.07995304700000012,
                                                                    "extra_info": {
                                                                        "Projections": "postid",
                                                                        "Estimated Cardinality": "11795244"
                                                                    },
                                                                    "cumulative_cardinality": 23590488,
                                                                    "operator_type": "PROJECTION",
                                                                    "operator_cardinality": 11795244,
                                                                    "cumulative_rows_scanned": 11795244,
                                                                    "operator_rows_scanned": 0,
                                                                    "operator_timing": 0.000776337000000004,
                                                                    "result_set_size": 47180976,
                                                                    "children": [
                                                                        {
                                                                            "operator_name": "READ_PARQUET ",
                                                                            "cpu_time": 0.07917671000000012,
                                                                            "extra_info": {
                                                                                "Function": "READ_PARQUET",
                                                                                "Projections": "postid",
                                                                                "Estimated Cardinality": "11795244"
                                                                            },
                                                                            "cumulative_cardinality": 11795244,
                                                                            "operator_type": "TABLE_SCAN",
                                                                            "operator_cardinality": 11795244,
                                                                            "cumulative_rows_scanned": 11795244,
                                                                            "operator_rows_scanned": 11795244,
                                                                            "operator_timing": 0.07917671000000012,
                                                                            "result_set_size": 47180976,
                                                                            "children": []
                                                                        }
                                                                    ]
                                                                }
                                                            ]
                                                        }
                                                    ]
                                                }
                                            ]
                                        }
                                    ]
                                }
                            ]
                        }
                    ]
                }
            ]
        }
    ]
}