{
    "rows_returned": 1023784,
    "query_name": "\nWITH UserVoteStats AS (\n    SELECT \n        u.Id AS UserId,\n        u.DisplayName,\n        COUNT(DISTINCT v.Id) AS TotalVotes,\n        SUM(CASE WHEN vt.Name = 'UpMod' THEN 1 ELSE 0 END) AS UpVotes,\n        SUM(CASE WHEN vt.Name = 'DownMod' THEN 1 ELSE 0 END) AS DownVotes\n    FROM Users u\n    LEFT JOIN Votes v ON u.Id = v.UserId\n    LEFT JOIN VoteTypes vt ON v.VoteTypeId = vt.Id\n    GROUP BY u.Id, u.DisplayName\n),\nPostActivityStats AS (\n    SELECT \n        p.Id AS PostId,\n        p.Title,\n        COUNT(DISTINCT c.Id) AS TotalComments,\n        COUNT(DISTINCT v.Id) AS TotalVotes,\n        SUM(CASE WHEN vt.Name = 'UpMod' THEN 1 ELSE 0 END) AS UpVotes,\n        SUM(CASE WHEN vt.Name = 'DownMod' THEN 1 ELSE 0 END) AS DownVotes\n    FROM Posts p\n    LEFT JOIN Comments c ON p.Id = c.PostId\n    LEFT JOIN Votes v ON p.Id = v.PostId\n    LEFT JOIN VoteTypes vt ON v.VoteTypeId = vt.Id\n    GROUP BY p.Id, p.Title\n),\nFinalStats AS (\n    SELECT \n        u.UserId,\n        u.DisplayName,\n        p.PostId,\n        p.Title,\n        us.TotalVotes AS UserTotalVotes,\n        ps.TotalVotes AS PostTotalVotes,\n        ps.TotalComments,\n        ps.UpVotes AS PostUpVotes,\n        ps.DownVotes AS PostDownVotes\n    FROM UserVoteStats u\n    JOIN PostActivityStats p ON u.UserId = p.PostId\n    JOIN UserVoteStats us ON u.UserId = us.UserId\n    JOIN PostActivityStats ps ON p.PostId = ps.PostId\n)\nSELECT \n    fs.DisplayName,\n    fs.Title,\n    fs.UserTotalVotes,\n    fs.PostTotalVotes,\n    fs.TotalComments,\n    fs.PostUpVotes,\n    fs.PostDownVotes\nFROM FinalStats fs\nORDER BY fs.UserTotalVotes DESC, fs.PostTotalVotes DESC;\n",
    "blocked_thread_time": 0.0,
    "cpu_time": 15.370767117999982,
    "extra_info": {},
    "cumulative_cardinality": 164008983,
    "cumulative_rows_scanned": 37840864,
    "result_set_size": 90092992,
    "latency": 21.554327176,
    "children": [
        {
            "operator_name": "ORDER_BY",
            "cpu_time": 15.370767117999982,
            "extra_info": {
                "Order By": [
                    "fs.UserTotalVotes DESC",
                    "fs.PostTotalVotes DESC"
                ]
            },
            "cumulative_cardinality": 164008983,
            "operator_type": "ORDER_BY",
            "operator_cardinality": 1023784,
            "cumulative_rows_scanned": 37840864,
            "operator_rows_scanned": 0,
            "operator_timing": 0.121965233,
            "result_set_size": 90092992,
            "children": [
                {
                    "operator_name": "PROJECTION",
                    "cpu_time": 15.248801884999983,
                    "extra_info": {
                        "Projections": [
                            "displayname",
                            "title",
                            "UserTotalVotes",
                            "PostTotalVotes",
                            "TotalComments",
                            "PostUpVotes",
                            "PostDownVotes"
                        ],
                        "Estimated Cardinality": "11757972"
                    },
                    "cumulative_cardinality": 162985199,
                    "operator_type": "PROJECTION",
                    "operator_cardinality": 1023784,
                    "cumulative_rows_scanned": 37840864,
                    "operator_rows_scanned": 0,
                    "operator_timing": 0.0002910239999999998,
                    "result_set_size": 90092992,
                    "children": [
                        {
                            "operator_name": "CTE",
                            "cpu_time": 15.248510860999984,
                            "extra_info": {
                                "CTE Name": "UserVoteStats",
                                "Table Index": "0"
                            },
                            "cumulative_cardinality": 161961415,
                            "operator_type": "CTE",
                            "operator_cardinality": 0,
                            "cumulative_rows_scanned": 37840864,
                            "operator_rows_scanned": 0,
                            "operator_timing": 0.044143955,
                            "result_set_size": 0,
                            "children": [
                                {
                                    "operator_name": "HASH_GROUP_BY",
                                    "cpu_time": 0.9440550270000001,
                                    "extra_info": {
                                        "Groups": [
                                            "#0",
                                            "#1"
                                        ],
                                        "Aggregates": [
                                            "count(DISTINCT #2)",
                                            "sum(#3)",
                                            "sum(#4)"
                                        ],
                                        "Estimated Cardinality": "1260710"
                                    },
                                    "cumulative_cardinality": 6428287,
                                    "operator_type": "HASH_GROUP_BY",
                                    "operator_cardinality": 1260710,
                                    "cumulative_rows_scanned": 14004818,
                                    "operator_rows_scanned": 0,
                                    "operator_timing": 0.53207755,
                                    "result_set_size": 75642600,
                                    "children": [
                                        {
                                            "operator_name": "PROJECTION",
                                            "cpu_time": 0.41197747700000004,
                                            "extra_info": {
                                                "Projections": [
                                                    "id",
                                                    "displayname",
                                                    "id",
                                                    "CASE  WHEN ((name = 'UpMod')) THEN (1) ELSE 0 END",
                                                    "CASE  WHEN ((name = 'DownMod')) THEN (1) ELSE 0 END"
                                                ],
                                                "Estimated Cardinality": "12744093"
                                            },
                                            "cumulative_cardinality": 5167577,
                                            "operator_type": "PROJECTION",
                                            "operator_cardinality": 1288855,
                                            "cumulative_rows_scanned": 14004818,
                                            "operator_rows_scanned": 0,
                                            "operator_timing": 0.0024441900000000015,
                                            "result_set_size": 41243360,
                                            "children": [
                                                {
                                                    "operator_name": "HASH_JOIN",
                                                    "cpu_time": 0.409533287,
                                                    "extra_info": {
                                                        "Join Type": "LEFT",
                                                        "Conditions": "votetypeid = id",
                                                        "Estimated Cardinality": "12744093"
                                                    },
                                                    "cumulative_cardinality": 3878722,
                                                    "operator_type": "HASH_JOIN",
                                                    "operator_cardinality": 1288855,
                                                    "cumulative_rows_scanned": 14004818,
                                                    "operator_rows_scanned": 0,
                                                    "operator_timing": 0.0033828610000000013,
                                                    "result_set_size": 51554200,
                                                    "children": [
                                                        {
                                                            "operator_name": "HASH_JOIN",
                                                            "cpu_time": 0.40583722,
                                                            "extra_info": {
                                                                "Join Type": "RIGHT",
                                                                "Conditions": "userid = id",
                                                                "Estimated Cardinality": "12744093"
                                                            },
                                                            "cumulative_cardinality": 2589852,
                                                            "operator_type": "HASH_JOIN",
                                                            "operator_cardinality": 1288855,
                                                            "cumulative_rows_scanned": 14004803,
                                                            "operator_rows_scanned": 0,
                                                            "operator_timing": 0.12034482899999999,
                                                            "result_set_size": 33510230,
                                                            "children": [
                                                                {
                                                                    "operator_name": "READ_PARQUET ",
                                                                    "cpu_time": 0.20022757900000004,
                                                                    "extra_info": {
                                                                        "Function": "READ_PARQUET",
                                                                        "Projections": [
                                                                            "id",
                                                                            "votetypeid",
                                                                            "userid"
                                                                        ],
                                                                        "Estimated Cardinality": "12744093"
                                                                    },
                                                                    "cumulative_cardinality": 40287,
                                                                    "operator_type": "TABLE_SCAN",
                                                                    "operator_cardinality": 40287,
                                                                    "cumulative_rows_scanned": 12744093,
                                                                    "operator_rows_scanned": 12744093,
                                                                    "operator_timing": 0.20022757900000004,
                                                                    "result_set_size": 402870,
                                                                    "children": []
                                                                },
                                                                {
                                                                    "operator_name": "READ_PARQUET ",
                                                                    "cpu_time": 0.08526481199999994,
                                                                    "extra_info": {
                                                                        "Function": "READ_PARQUET",
                                                                        "Projections": [
                                                                            "id",
                                                                            "displayname"
                                                                        ],
                                                                        "Estimated Cardinality": "1260710"
                                                                    },
                                                                    "cumulative_cardinality": 1260710,
                                                                    "operator_type": "TABLE_SCAN",
                                                                    "operator_cardinality": 1260710,
                                                                    "cumulative_rows_scanned": 1260710,
                                                                    "operator_rows_scanned": 1260710,
                                                                    "operator_timing": 0.08526481199999994,
                                                                    "result_set_size": 25214200,
                                                                    "children": []
                                                                }
                                                            ]
                                                        },
                                                        {
                                                            "operator_name": "READ_PARQUET ",
                                                            "cpu_time": 0.000313206,
                                                            "extra_info": {
                                                                "Function": "READ_PARQUET",
                                                                "Projections": [
                                                                    "id",
                                                                    "name"
                                                                ],
                                                                "Estimated Cardinality": "15"
                                                            },
                                                            "cumulative_cardinality": 15,
                                                            "operator_type": "TABLE_SCAN",
                                                            "operator_cardinality": 15,
                                                            "cumulative_rows_scanned": 15,
                                                            "operator_rows_scanned": 15,
                                                            "operator_timing": 0.000313206,
                                                            "result_set_size": 270,
                                                            "children": []
                                                        }
                                                    ]
                                                }
                                            ]
                                        }
                                    ]
                                },
                                {
                                    "operator_name": "CTE",
                                    "cpu_time": 14.260311878999984,
                                    "extra_info": {
                                        "CTE Name": "PostActivityStats",
                                        "Table Index": "28"
                                    },
                                    "cumulative_cardinality": 155533128,
                                    "operator_type": "CTE",
                                    "operator_cardinality": 0,
                                    "cumulative_rows_scanned": 23836046,
                                    "operator_rows_scanned": 0,
                                    "operator_timing": 0.10843652700000014,
                                    "result_set_size": 0,
                                    "children": [
                                        {
                                            "operator_name": "HASH_GROUP_BY",
                                            "cpu_time": 12.992822134999983,
                                            "extra_info": {
                                                "Groups": [
                                                    "#0",
                                                    "#1"
                                                ],
                                                "Aggregates": [
                                                    "count(DISTINCT #2)",
                                                    "count(DISTINCT #3)",
                                                    "sum(#4)",
                                                    "sum(#5)"
                                                ],
                                                "Estimated Cardinality": "3850116"
                                            },
                                            "cumulative_cardinality": 142003198,
                                            "operator_type": "HASH_GROUP_BY",
                                            "operator_cardinality": 3850116,
                                            "cumulative_rows_scanned": 23836046,
                                            "operator_rows_scanned": 0,
                                            "operator_timing": 8.887538006999987,
                                            "result_set_size": 261807888,
                                            "children": [
                                                {
                                                    "operator_name": "PROJECTION",
                                                    "cpu_time": 4.1052841279999965,
                                                    "extra_info": {
                                                        "Projections": [
                                                            "id",
                                                            "title",
                                                            "id",
                                                            "id",
                                                            "CASE  WHEN ((name = 'UpMod')) THEN (1) ELSE 0 END",
                                                            "CASE  WHEN ((name = 'DownMod')) THEN (1) ELSE 0 END"
                                                        ],
                                                        "Estimated Cardinality": "12744093"
                                                    },
                                                    "cumulative_cardinality": 138153082,
                                                    "operator_type": "PROJECTION",
                                                    "operator_cardinality": 35129590,
                                                    "cumulative_rows_scanned": 23836046,
                                                    "operator_rows_scanned": 0,
                                                    "operator_timing": 0.21515455700000108,
                                                    "result_set_size": 1264665240,
                                                    "children": [
                                                        {
                                                            "operator_name": "HASH_JOIN",
                                                            "cpu_time": 3.8901295709999952,
                                                            "extra_info": {
                                                                "Join Type": "LEFT",
                                                                "Conditions": "votetypeid = id",
                                                                "Estimated Cardinality": "12744093"
                                                            },
                                                            "cumulative_cardinality": 103023492,
                                                            "operator_type": "HASH_JOIN",
                                                            "operator_cardinality": 35129590,
                                                            "cumulative_rows_scanned": 23836046,
                                                            "operator_rows_scanned": 0,
                                                            "operator_timing": 0.6237915739999985,
                                                            "result_set_size": 1545701960,
                                                            "children": [
                                                                {
                                                                    "operator_name": "HASH_JOIN",
                                                                    "cpu_time": 3.2660167859999967,
                                                                    "extra_info": {
                                                                        "Join Type": "RIGHT",
                                                                        "Conditions": "postid = id",
                                                                        "Estimated Cardinality": "12744093"
                                                                    },
                                                                    "cumulative_cardinality": 67893887,
                                                                    "operator_type": "HASH_JOIN",
                                                                    "operator_cardinality": 35129590,
                                                                    "cumulative_rows_scanned": 23836031,
                                                                    "operator_rows_scanned": 0,
                                                                    "operator_timing": 1.8508454209999965,
                                                                    "result_set_size": 1053887700,
                                                                    "children": [
                                                                        {
                                                                            "operator_name": "READ_PARQUET ",
                                                                            "cpu_time": 0.32074374700000036,
                                                                            "extra_info": {
                                                                                "Function": "READ_PARQUET",
                                                                                "Projections": [
                                                                                    "id",
                                                                                    "postid",
                                                                                    "votetypeid"
                                                                                ],
                                                                                "Estimated Cardinality": "12744093"
                                                                            },
                                                                            "cumulative_cardinality": 12744093,
                                                                            "operator_type": "TABLE_SCAN",
                                                                            "operator_cardinality": 12744093,
                                                                            "cumulative_rows_scanned": 12744093,
                                                                            "operator_rows_scanned": 12744093,
                                                                            "operator_timing": 0.32074374700000036,
                                                                            "result_set_size": 127440930,
                                                                            "children": []
                                                                        },
                                                                        {
                                                                            "operator_name": "HASH_JOIN",
                                                                            "cpu_time": 1.0944276179999997,
                                                                            "extra_info": {
                                                                                "Join Type": "RIGHT",
                                                                                "Conditions": "postid = id",
                                                                                "Estimated Cardinality": "7241822"
                                                                            },
                                                                            "cumulative_cardinality": 20020204,
                                                                            "operator_type": "HASH_JOIN",
                                                                            "operator_cardinality": 8928266,
                                                                            "cumulative_rows_scanned": 11091938,
                                                                            "operator_rows_scanned": 0,
                                                                            "operator_timing": 0.6784867629999998,
                                                                            "result_set_size": 214278384,
                                                                            "children": [
                                                                                {
                                                                                    "operator_name": "READ_PARQUET ",
                                                                                    "cpu_time": 0.1247917329999999,
                                                                                    "extra_info": {
                                                                                        "Function": "READ_PARQUET",
                                                                                        "Projections": [
                                                                                            "id",
                                                                                            "postid"
                                                                                        ],
                                                                                        "Estimated Cardinality": "7241822"
                                                                                    },
                                                                                    "cumulative_cardinality": 7241822,
                                                                                    "operator_type": "TABLE_SCAN",
                                                                                    "operator_cardinality": 7241822,
                                                                                    "cumulative_rows_scanned": 7241822,
                                                                                    "operator_rows_scanned": 7241822,
                                                                                    "operator_timing": 0.1247917329999999,
                                                                                    "result_set_size": 57934576,
                                                                                    "children": []
                                                                                },
                                                                                {
                                                                                    "operator_name": "READ_PARQUET ",
                                                                                    "cpu_time": 0.2911491219999999,
                                                                                    "extra_info": {
                                                                                        "Function": "READ_PARQUET",
                                                                                        "Projections": [
                                                                                            "id",
                                                                                            "title"
                                                                                        ],
                                                                                        "Estimated Cardinality": "3850116"
                                                                                    },
                                                                                    "cumulative_cardinality": 3850116,
                                                                                    "operator_type": "TABLE_SCAN",
                                                                                    "operator_cardinality": 3850116,
                                                                                    "cumulative_rows_scanned": 3850116,
                                                                                    "operator_rows_scanned": 3850116,
                                                                                    "operator_timing": 0.2911491219999999,
                                                                                    "result_set_size": 77002320,
                                                                                    "children": []
                                                                                }
                                                                            ]
                                                                        }
                                                                    ]
                                                                },
                                                                {
                                                                    "operator_name": "READ_PARQUET ",
                                                                    "cpu_time": 0.000321211,
                                                                    "extra_info": {
                                                                        "Function": "READ_PARQUET",
                                                                        "Projections": [
                                                                            "id",
                                                                            "name"
                                                                        ],
                                                                        "Estimated Cardinality": "15"
                                                                    },
                                                                    "cumulative_cardinality": 15,
                                                                    "operator_type": "TABLE_SCAN",
                                                                    "operator_cardinality": 15,
                                                                    "cumulative_rows_scanned": 15,
                                                                    "operator_rows_scanned": 15,
                                                                    "operator_timing": 0.000321211,
                                                                    "result_set_size": 270,
                                                                    "children": []
                                                                }
                                                            ]
                                                        }
                                                    ]
                                                }
                                            ]
                                        },
                                        {
                                            "operator_name": "HASH_JOIN",
                                            "cpu_time": 1.1590532169999999,
                                            "extra_info": {
                                                "Join Type": "INNER",
                                                "Conditions": [
                                                    "UserId = PostId",
                                                    "PostId = PostId",
                                                    "UserId = PostId"
                                                ],
                                                "Estimated Cardinality": "11757972"
                                            },
                                            "cumulative_cardinality": 13529930,
                                            "operator_type": "HASH_JOIN",
                                            "operator_cardinality": 1023784,
                                            "cumulative_rows_scanned": 0,
                                            "operator_rows_scanned": 0,
                                            "operator_timing": 0.5808411099999997,
                                            "result_set_size": 262088704,
                                            "children": [
                                                {
                                                    "operator_name": "HASH_JOIN",
                                                    "cpu_time": 0.5629749420000001,
                                                    "extra_info": {
                                                        "Join Type": "INNER",
                                                        "Conditions": [
                                                            "PostId = UserId",
                                                            "PostId = UserId"
                                                        ],
                                                        "Estimated Cardinality": "3850116"
                                                    },
                                                    "cumulative_cardinality": 8656030,
                                                    "operator_type": "HASH_JOIN",
                                                    "operator_cardinality": 1023784,
                                                    "cumulative_rows_scanned": 0,
                                                    "operator_rows_scanned": 0,
                                                    "operator_timing": 0.38266178800000017,
                                                    "result_set_size": 192471392,
                                                    "children": [
                                                        {
                                                            "operator_name": "CTE_SCAN",
                                                            "cpu_time": 0.022283103000000005,
                                                            "extra_info": {
                                                                "CTE Index": "28",
                                                                "Estimated Cardinality": "3850116"
                                                            },
                                                            "cumulative_cardinality": 3850116,
                                                            "operator_type": "CTE_SCAN",
                                                            "operator_cardinality": 3850116,
                                                            "cumulative_rows_scanned": 0,
                                                            "operator_rows_scanned": 0,
                                                            "operator_timing": 0.022283103000000005,
                                                            "result_set_size": 261807888,
                                                            "children": []
                                                        },
                                                        {
                                                            "operator_name": "HASH_JOIN",
                                                            "cpu_time": 0.15803005099999984,
                                                            "extra_info": {
                                                                "Join Type": "INNER",
                                                                "Conditions": "UserId = UserId",
                                                                "Estimated Cardinality": "1260710"
                                                            },
                                                            "cumulative_cardinality": 3782130,
                                                            "operator_type": "HASH_JOIN",
                                                            "operator_cardinality": 1260710,
                                                            "cumulative_rows_scanned": 0,
                                                            "operator_rows_scanned": 0,
                                                            "operator_timing": 0.14302056899999985,
                                                            "result_set_size": 151285200,
                                                            "children": [
                                                                {
                                                                    "operator_name": "CTE_SCAN",
                                                                    "cpu_time": 0.009941389000000002,
                                                                    "extra_info": {
                                                                        "CTE Index": "0",
                                                                        "Estimated Cardinality": "1260710"
                                                                    },
                                                                    "cumulative_cardinality": 1260710,
                                                                    "operator_type": "CTE_SCAN",
                                                                    "operator_cardinality": 1260710,
                                                                    "cumulative_rows_scanned": 0,
                                                                    "operator_rows_scanned": 0,
                                                                    "operator_timing": 0.009941389000000002,
                                                                    "result_set_size": 75642600,
                                                                    "children": []
                                                                },
                                                                {
                                                                    "operator_name": "CTE_SCAN",
                                                                    "cpu_time": 0.005068093000000005,
                                                                    "extra_info": {
                                                                        "CTE Index": "0",
                                                                        "Estimated Cardinality": "1260710"
                                                                    },
                                                                    "cumulative_cardinality": 1260710,
                                                                    "operator_type": "CTE_SCAN",
                                                                    "operator_cardinality": 1260710,
                                                                    "cumulative_rows_scanned": 0,
                                                                    "operator_rows_scanned": 0,
                                                                    "operator_timing": 0.005068093000000005,
                                                                    "result_set_size": 75642600,
                                                                    "children": []
                                                                }
                                                            ]
                                                        }
                                                    ]
                                                },
                                                {
                                                    "operator_name": "CTE_SCAN",
                                                    "cpu_time": 0.015237165000000007,
                                                    "extra_info": {
                                                        "CTE Index": "28",
                                                        "Estimated Cardinality": "3850116"
                                                    },
                                                    "cumulative_cardinality": 3850116,
                                                    "operator_type": "CTE_SCAN",
                                                    "operator_cardinality": 3850116,
                                                    "cumulative_rows_scanned": 0,
                                                    "operator_rows_scanned": 0,
                                                    "operator_timing": 0.015237165000000007,
                                                    "result_set_size": 261807888,
                                                    "children": []
                                                }
                                            ]
                                        }
                                    ]
                                }
                            ]
                        }
                    ]
                }
            ]
        }
    ]
}