{
    "rows_returned": 1061807,
    "query_name": "SELECT \n    p.Id AS PostId,\n    p.Title,\n    p.CreationDate,\n    u.DisplayName AS OwnerDisplayName,\n    COUNT(c.Id) AS CommentCount,\n    COUNT(v.Id) AS VoteCount,\n    AVG(p.ViewCount) AS AvgViewCount,\n    SUM(CASE WHEN ph.PostHistoryTypeId = 10 THEN 1 ELSE 0 END) AS CloseCount,\n    SUM(CASE WHEN ph.PostHistoryTypeId = 11 THEN 1 ELSE 0 END) AS ReopenCount\nFROM \n    Posts p\nLEFT JOIN \n    Users u ON p.OwnerUserId = u.Id\nLEFT JOIN \n    Comments c ON p.Id = c.PostId\nLEFT JOIN \n    Votes v ON p.Id = v.PostId\nLEFT JOIN \n    PostHistory ph ON p.Id = ph.PostId\nWHERE \n    p.CreationDate >= '2020-01-01' \nGROUP BY \n    p.Id, p.Title, p.CreationDate, u.DisplayName\nORDER BY \n    p.CreationDate DESC;",
    "blocked_thread_time": 0.0,
    "cpu_time": 6.093970402000005,
    "extra_info": {},
    "cumulative_cardinality": 150284071,
    "cumulative_rows_scanned": 36891985,
    "result_set_size": 106180700,
    "latency": 9.049878038,
    "children": [
        {
            "operator_name": "ORDER_BY",
            "cpu_time": 6.093970402000005,
            "extra_info": {
                "Order By": "p.CreationDate DESC"
            },
            "cumulative_cardinality": 150284071,
            "operator_type": "ORDER_BY",
            "operator_cardinality": 1061807,
            "cumulative_rows_scanned": 36891985,
            "operator_rows_scanned": 0,
            "operator_timing": 0.10827019200000006,
            "result_set_size": 106180700,
            "children": [
                {
                    "operator_name": "HASH_GROUP_BY",
                    "cpu_time": 5.985700210000005,
                    "extra_info": {
                        "Groups": [
                            "#0",
                            "#1",
                            "#2",
                            "#3"
                        ],
                        "Aggregates": [
                            "count(#4)",
                            "count(#5)",
                            "avg(#6)",
                            "sum(#7)",
                            "sum(#8)"
                        ],
                        "Estimated Cardinality": "3850116"
                    },
                    "cumulative_cardinality": 149222264,
                    "operator_type": "HASH_GROUP_BY",
                    "operator_cardinality": 1061807,
                    "cumulative_rows_scanned": 36891985,
                    "operator_rows_scanned": 0,
                    "operator_timing": 2.864656086000006,
                    "result_set_size": 106180700,
                    "children": [
                        {
                            "operator_name": "PROJECTION",
                            "cpu_time": 3.1210441239999995,
                            "extra_info": {
                                "Projections": [
                                    "id",
                                    "title",
                                    "creationdate",
                                    "displayname",
                                    "id",
                                    "id",
                                    "viewcount",
                                    "CASE  WHEN ((posthistorytypeid = 10)) THEN (1) ELSE 0 END",
                                    "CASE  WHEN ((posthistorytypeid = 11)) THEN (1) ELSE 0 END"
                                ],
                                "Estimated Cardinality": "12744093"
                            },
                            "cumulative_cardinality": 148160457,
                            "operator_type": "PROJECTION",
                            "operator_cardinality": 32384570,
                            "cumulative_rows_scanned": 36891985,
                            "operator_rows_scanned": 0,
                            "operator_timing": 0.11588409099999969,
                            "result_set_size": 2072612480,
                            "children": [
                                {
                                    "operator_name": "PROJECTION",
                                    "cpu_time": 3.0051600329999997,
                                    "extra_info": {
                                        "Projections": [
                                            "#0",
                                            "#1",
                                            "#2",
                                            "#3",
                                            "#4",
                                            "#5",
                                            "#6",
                                            "__internal_decompress_integral_smallint(#7, 1)"
                                        ],
                                        "Estimated Cardinality": "12744093"
                                    },
                                    "cumulative_cardinality": 115775887,
                                    "operator_type": "PROJECTION",
                                    "operator_cardinality": 32384570,
                                    "cumulative_rows_scanned": 36891985,
                                    "operator_rows_scanned": 0,
                                    "operator_timing": 0.01787194500000021,
                                    "result_set_size": 1878305060,
                                    "children": [
                                        {
                                            "operator_name": "HASH_JOIN",
                                            "cpu_time": 2.9872880879999997,
                                            "extra_info": {
                                                "Join Type": "LEFT",
                                                "Conditions": "id = postid",
                                                "Estimated Cardinality": "12744093"
                                            },
                                            "cumulative_cardinality": 83391317,
                                            "operator_type": "HASH_JOIN",
                                            "operator_cardinality": 32384570,
                                            "cumulative_rows_scanned": 36891985,
                                            "operator_rows_scanned": 0,
                                            "operator_timing": 1.0916669219999988,
                                            "result_set_size": 1845920490,
                                            "children": [
                                                {
                                                    "operator_name": "HASH_JOIN",
                                                    "cpu_time": 1.6911755740000003,
                                                    "extra_info": {
                                                        "Join Type": "LEFT",
                                                        "Conditions": "id = postid",
                                                        "Estimated Cardinality": "12744093"
                                                    },
                                                    "cumulative_cardinality": 27416259,
                                                    "operator_type": "HASH_JOIN",
                                                    "operator_cardinality": 6627177,
                                                    "cumulative_rows_scanned": 25096741,
                                                    "operator_rows_scanned": 0,
                                                    "operator_timing": 0.7437807569999998,
                                                    "result_set_size": 371121912,
                                                    "children": [
                                                        {
                                                            "operator_name": "HASH_JOIN",
                                                            "cpu_time": 0.7988128530000003,
                                                            "extra_info": {
                                                                "Join Type": "RIGHT",
                                                                "Conditions": "postid = id",
                                                                "Estimated Cardinality": "7241822"
                                                            },
                                                            "cumulative_cardinality": 8044989,
                                                            "operator_type": "HASH_JOIN",
                                                            "operator_cardinality": 2554628,
                                                            "cumulative_rows_scanned": 12352648,
                                                            "operator_rows_scanned": 0,
                                                            "operator_timing": 0.273482105,
                                                            "result_set_size": 132840656,
                                                            "children": [
                                                                {
                                                                    "operator_name": "READ_PARQUET ",
                                                                    "cpu_time": 0.050868029000000016,
                                                                    "extra_info": {
                                                                        "Function": "READ_PARQUET",
                                                                        "Projections": [
                                                                            "id",
                                                                            "postid"
                                                                        ],
                                                                        "Estimated Cardinality": "7241822"
                                                                    },
                                                                    "cumulative_cardinality": 2106068,
                                                                    "operator_type": "TABLE_SCAN",
                                                                    "operator_cardinality": 2106068,
                                                                    "cumulative_rows_scanned": 7241822,
                                                                    "operator_rows_scanned": 7241822,
                                                                    "operator_timing": 0.050868029000000016,
                                                                    "result_set_size": 16848544,
                                                                    "children": []
                                                                },
                                                                {
                                                                    "operator_name": "HASH_JOIN",
                                                                    "cpu_time": 0.47446271900000025,
                                                                    "extra_info": {
                                                                        "Join Type": "RIGHT",
                                                                        "Conditions": "id = owneruserid",
                                                                        "Estimated Cardinality": "1260710"
                                                                    },
                                                                    "cumulative_cardinality": 3384293,
                                                                    "operator_type": "HASH_JOIN",
                                                                    "operator_cardinality": 1061807,
                                                                    "cumulative_rows_scanned": 5110826,
                                                                    "operator_rows_scanned": 0,
                                                                    "operator_timing": 0.20203735999999994,
                                                                    "result_set_size": 50966736,
                                                                    "children": [
                                                                        {
                                                                            "operator_name": "READ_PARQUET ",
                                                                            "cpu_time": 0.08704398800000006,
                                                                            "extra_info": {
                                                                                "Function": "READ_PARQUET",
                                                                                "Projections": [
                                                                                    "id",
                                                                                    "displayname"
                                                                                ],
                                                                                "Estimated Cardinality": "1260710"
                                                                            },
                                                                            "cumulative_cardinality": 1260679,
                                                                            "operator_type": "TABLE_SCAN",
                                                                            "operator_cardinality": 1260679,
                                                                            "cumulative_rows_scanned": 1260710,
                                                                            "operator_rows_scanned": 1260710,
                                                                            "operator_timing": 0.08704398800000006,
                                                                            "result_set_size": 25213580,
                                                                            "children": []
                                                                        },
                                                                        {
                                                                            "operator_name": "READ_PARQUET ",
                                                                            "cpu_time": 0.1853813710000002,
                                                                            "extra_info": {
                                                                                "Function": "READ_PARQUET",
                                                                                "Projections": [
                                                                                    "id",
                                                                                    "creationdate",
                                                                                    "viewcount",
                                                                                    "owneruserid",
                                                                                    "title"
                                                                                ],
                                                                                "Filters": "creationdate>='2020-01-01 00:00:00'::TIMESTAMP",
                                                                                "Estimated Cardinality": "770023"
                                                                            },
                                                                            "cumulative_cardinality": 1061807,
                                                                            "operator_type": "TABLE_SCAN",
                                                                            "operator_cardinality": 1061807,
                                                                            "cumulative_rows_scanned": 3850116,
                                                                            "operator_rows_scanned": 3850116,
                                                                            "operator_timing": 0.1853813710000002,
                                                                            "result_set_size": 38225052,
                                                                            "children": []
                                                                        }
                                                                    ]
                                                                }
                                                            ]
                                                        },
                                                        {
                                                            "operator_name": "READ_PARQUET ",
                                                            "cpu_time": 0.14858196400000023,
                                                            "extra_info": {
                                                                "Function": "READ_PARQUET",
                                                                "Projections": [
                                                                    "id",
                                                                    "postid"
                                                                ],
                                                                "Estimated Cardinality": "12744093"
                                                            },
                                                            "cumulative_cardinality": 12744093,
                                                            "operator_type": "TABLE_SCAN",
                                                            "operator_cardinality": 12744093,
                                                            "cumulative_rows_scanned": 12744093,
                                                            "operator_rows_scanned": 12744093,
                                                            "operator_timing": 0.14858196400000023,
                                                            "result_set_size": 101952744,
                                                            "children": []
                                                        }
                                                    ]
                                                },
                                                {
                                                    "operator_name": "PROJECTION",
                                                    "cpu_time": 0.20444559200000076,
                                                    "extra_info": {
                                                        "Projections": [
                                                            "__internal_compress_integral_utinyint(#0, 1)",
                                                            "#1"
                                                        ],
                                                        "Estimated Cardinality": "11795244"
                                                    },
                                                    "cumulative_cardinality": 23590488,
                                                    "operator_type": "PROJECTION",
                                                    "operator_cardinality": 11795244,
                                                    "cumulative_rows_scanned": 11795244,
                                                    "operator_rows_scanned": 0,
                                                    "operator_timing": 0.003336391999999994,
                                                    "result_set_size": 58976220,
                                                    "children": [
                                                        {
                                                            "operator_name": "READ_PARQUET ",
                                                            "cpu_time": 0.20110920000000077,
                                                            "extra_info": {
                                                                "Function": "READ_PARQUET",
                                                                "Projections": [
                                                                    "posthistorytypeid",
                                                                    "postid"
                                                                ],
                                                                "Estimated Cardinality": "11795244"
                                                            },
                                                            "cumulative_cardinality": 11795244,
                                                            "operator_type": "TABLE_SCAN",
                                                            "operator_cardinality": 11795244,
                                                            "cumulative_rows_scanned": 11795244,
                                                            "operator_rows_scanned": 11795244,
                                                            "operator_timing": 0.20110920000000077,
                                                            "result_set_size": 70771464,
                                                            "children": []
                                                        }
                                                    ]
                                                }
                                            ]
                                        }
                                    ]
                                }
                            ]
                        }
                    ]
                }
            ]
        }
    ]
}