{
    "rows_returned": 5189,
    "query_name": "\nWITH PostCounts AS (\n    SELECT\n        CAST(CreationDate AS DATE) AS PostDate,\n        COUNT(*) AS TotalPosts\n    FROM\n        Posts\n    GROUP BY\n        CAST(CreationDate AS DATE)\n),\nUserCounts AS (\n    SELECT\n        CAST(CreationDate AS DATE) AS UserDate,\n        COUNT(*) AS TotalUsers\n    FROM\n        Users\n    GROUP BY\n        CAST(CreationDate AS DATE)\n),\nVoteCounts AS (\n    SELECT\n        CAST(CreationDate AS DATE) AS VoteDate,\n        COUNT(*) AS TotalVotes\n    FROM\n        Votes\n    GROUP BY\n        CAST(CreationDate AS DATE)\n)\nSELECT\n    COALESCE(p.PostDate, u.UserDate, v.VoteDate) AS ActivityDate,\n    COALESCE(p.TotalPosts, 0) AS Posts,\n    COALESCE(u.TotalUsers, 0) AS Users,\n    COALESCE(v.TotalVotes, 0) AS Votes\nFROM\n    PostCounts p\nFULL OUTER JOIN\n    UserCounts u ON p.PostDate = u.UserDate\nFULL OUTER JOIN\n    VoteCounts v ON COALESCE(p.PostDate, u.UserDate) = v.VoteDate\nORDER BY\n    ActivityDate;\n",
    "blocked_thread_time": 0.0,
    "cpu_time": 0.4518186119999989,
    "extra_info": {},
    "cumulative_cardinality": 35746157,
    "cumulative_rows_scanned": 17854919,
    "result_set_size": 145292,
    "latency": 0.488847651,
    "children": [
        {
            "operator_name": "ORDER_BY",
            "cpu_time": 0.4518186119999989,
            "extra_info": {
                "Order By": "COALESCE(p.PostDate, u.UserDate, v.VoteDate) ASC"
            },
            "cumulative_cardinality": 35746157,
            "operator_type": "ORDER_BY",
            "operator_cardinality": 5189,
            "cumulative_rows_scanned": 17854919,
            "operator_rows_scanned": 0,
            "operator_timing": 0.000111037,
            "result_set_size": 145292,
            "children": [
                {
                    "operator_name": "PROJECTION",
                    "cpu_time": 0.4517075749999989,
                    "extra_info": {
                        "Projections": [
                            "ActivityDate",
                            "Posts",
                            "Users",
                            "Votes"
                        ],
                        "Estimated Cardinality": "6372046"
                    },
                    "cumulative_cardinality": 35740968,
                    "operator_type": "PROJECTION",
                    "operator_cardinality": 5189,
                    "cumulative_rows_scanned": 17854919,
                    "operator_rows_scanned": 0,
                    "operator_timing": 0.00014735600000000002,
                    "result_set_size": 145292,
                    "children": [
                        {
                            "operator_name": "HASH_JOIN",
                            "cpu_time": 0.45156021899999893,
                            "extra_info": {
                                "Join Type": "FULL",
                                "Conditions": "VoteDate = COALESCE(PostDate, UserDate)",
                                "Estimated Cardinality": "6372046"
                            },
                            "cumulative_cardinality": 35735779,
                            "operator_type": "HASH_JOIN",
                            "operator_cardinality": 5189,
                            "cumulative_rows_scanned": 17854919,
                            "operator_rows_scanned": 0,
                            "operator_timing": 0.00048832,
                            "result_set_size": 186804,
                            "children": [
                                {
                                    "operator_name": "HASH_GROUP_BY",
                                    "cpu_time": 0.20344999099999925,
                                    "extra_info": {
                                        "Groups": "#0",
                                        "Aggregates": "count_star()",
                                        "Estimated Cardinality": "6372046"
                                    },
                                    "cumulative_cardinality": 25493375,
                                    "operator_type": "HASH_GROUP_BY",
                                    "operator_cardinality": 5189,
                                    "cumulative_rows_scanned": 12744093,
                                    "operator_rows_scanned": 0,
                                    "operator_timing": 0.0920200439999998,
                                    "result_set_size": 62268,
                                    "children": [
                                        {
                                            "operator_name": "PROJECTION",
                                            "cpu_time": 0.11142994699999945,
                                            "extra_info": {
                                                "Projections": "CAST(creationdate AS DATE)",
                                                "Estimated Cardinality": "12744093"
                                            },
                                            "cumulative_cardinality": 25488186,
                                            "operator_type": "PROJECTION",
                                            "operator_cardinality": 12744093,
                                            "cumulative_rows_scanned": 12744093,
                                            "operator_rows_scanned": 0,
                                            "operator_timing": 0.04650419999999982,
                                            "result_set_size": 50976372,
                                            "children": [
                                                {
                                                    "operator_name": "READ_PARQUET ",
                                                    "cpu_time": 0.06492574699999963,
                                                    "extra_info": {
                                                        "Function": "READ_PARQUET",
                                                        "Projections": "creationdate",
                                                        "Estimated Cardinality": "12744093"
                                                    },
                                                    "cumulative_cardinality": 12744093,
                                                    "operator_type": "TABLE_SCAN",
                                                    "operator_cardinality": 12744093,
                                                    "cumulative_rows_scanned": 12744093,
                                                    "operator_rows_scanned": 12744093,
                                                    "operator_timing": 0.06492574699999963,
                                                    "result_set_size": 101952744,
                                                    "children": []
                                                }
                                            ]
                                        }
                                    ]
                                },
                                {
                                    "operator_name": "HASH_JOIN",
                                    "cpu_time": 0.2476219079999997,
                                    "extra_info": {
                                        "Join Type": "FULL",
                                        "Conditions": "PostDate = UserDate",
                                        "Estimated Cardinality": "1925058"
                                    },
                                    "cumulative_cardinality": 10237215,
                                    "operator_type": "HASH_JOIN",
                                    "operator_cardinality": 5189,
                                    "cumulative_rows_scanned": 5110826,
                                    "operator_rows_scanned": 0,
                                    "operator_timing": 0.000403683,
                                    "result_set_size": 124536,
                                    "children": [
                                        {
                                            "operator_name": "HASH_GROUP_BY",
                                            "cpu_time": 0.08983422100000014,
                                            "extra_info": {
                                                "Groups": "#0",
                                                "Aggregates": "count_star()",
                                                "Estimated Cardinality": "1925058"
                                            },
                                            "cumulative_cardinality": 7705421,
                                            "operator_type": "HASH_GROUP_BY",
                                            "operator_cardinality": 5189,
                                            "cumulative_rows_scanned": 3850116,
                                            "operator_rows_scanned": 0,
                                            "operator_timing": 0.023491919999999996,
                                            "result_set_size": 62268,
                                            "children": [
                                                {
                                                    "operator_name": "PROJECTION",
                                                    "cpu_time": 0.06634230100000015,
                                                    "extra_info": {
                                                        "Projections": "CAST(creationdate AS DATE)",
                                                        "Estimated Cardinality": "3850116"
                                                    },
                                                    "cumulative_cardinality": 7700232,
                                                    "operator_type": "PROJECTION",
                                                    "operator_cardinality": 3850116,
                                                    "cumulative_rows_scanned": 3850116,
                                                    "operator_rows_scanned": 0,
                                                    "operator_timing": 0.012638156999999931,
                                                    "result_set_size": 15400464,
                                                    "children": [
                                                        {
                                                            "operator_name": "READ_PARQUET ",
                                                            "cpu_time": 0.05370414400000022,
                                                            "extra_info": {
                                                                "Function": "READ_PARQUET",
                                                                "Projections": "creationdate",
                                                                "Estimated Cardinality": "3850116"
                                                            },
                                                            "cumulative_cardinality": 3850116,
                                                            "operator_type": "TABLE_SCAN",
                                                            "operator_cardinality": 3850116,
                                                            "cumulative_rows_scanned": 3850116,
                                                            "operator_rows_scanned": 3850116,
                                                            "operator_timing": 0.05370414400000022,
                                                            "result_set_size": 30800928,
                                                            "children": []
                                                        }
                                                    ]
                                                }
                                            ]
                                        },
                                        {
                                            "operator_name": "HASH_GROUP_BY",
                                            "cpu_time": 0.15738400399999955,
                                            "extra_info": {
                                                "Groups": "#0",
                                                "Aggregates": "count_star()",
                                                "Estimated Cardinality": "630355"
                                            },
                                            "cumulative_cardinality": 2526605,
                                            "operator_type": "HASH_GROUP_BY",
                                            "operator_cardinality": 5185,
                                            "cumulative_rows_scanned": 1260710,
                                            "operator_rows_scanned": 0,
                                            "operator_timing": 0.008923724000000006,
                                            "result_set_size": 62220,
                                            "children": [
                                                {
                                                    "operator_name": "PROJECTION",
                                                    "cpu_time": 0.14846027999999956,
                                                    "extra_info": {
                                                        "Projections": "CAST(creationdate AS DATE)",
                                                        "Estimated Cardinality": "1260710"
                                                    },
                                                    "cumulative_cardinality": 2521420,
                                                    "operator_type": "PROJECTION",
                                                    "operator_cardinality": 1260710,
                                                    "cumulative_rows_scanned": 1260710,
                                                    "operator_rows_scanned": 0,
                                                    "operator_timing": 0.004271208999999984,
                                                    "result_set_size": 5042840,
                                                    "children": [
                                                        {
                                                            "operator_name": "READ_PARQUET ",
                                                            "cpu_time": 0.14418907099999959,
                                                            "extra_info": {
                                                                "Function": "READ_PARQUET",
                                                                "Projections": "creationdate",
                                                                "Estimated Cardinality": "1260710"
                                                            },
                                                            "cumulative_cardinality": 1260710,
                                                            "operator_type": "TABLE_SCAN",
                                                            "operator_cardinality": 1260710,
                                                            "cumulative_rows_scanned": 1260710,
                                                            "operator_rows_scanned": 1260710,
                                                            "operator_timing": 0.14418907099999959,
                                                            "result_set_size": 10085680,
                                                            "children": []
                                                        }
                                                    ]
                                                }
                                            ]
                                        }
                                    ]
                                }
                            ]
                        }
                    ]
                }
            ]
        }
    ]
}