{
    "rows_returned": 34,
    "query_name": "WITH PostDetails AS (\n    SELECT \n        p.Id AS PostId,\n        p.Title,\n        p.CreationDate,\n        p.ViewCount,\n        p.Score,\n        p.AnswerCount,\n        p.CommentCount,\n        p.FavoriteCount,\n        u.DisplayName AS OwnerDisplayName,\n        t.TagName\n    FROM \n        Posts p\n    JOIN \n        Users u ON p.OwnerUserId = u.Id\n    JOIN \n        Tags t ON t.ExcerptPostId = p.Id\n    WHERE \n        p.CreationDate >= '2023-01-01'\n),\nVoteCounts AS (\n    SELECT \n        PostId,\n        COUNT(CASE WHEN VoteTypeId = 2 THEN 1 END) AS Upvotes,\n        COUNT(CASE WHEN VoteTypeId = 3 THEN 1 END) AS Downvotes\n    FROM \n        Votes\n    GROUP BY \n        PostId\n)\nSELECT \n    pd.PostId,\n    pd.Title,\n    pd.CreationDate,\n    pd.ViewCount,\n    pd.Score,\n    pd.AnswerCount,\n    pd.CommentCount,\n    pd.FavoriteCount,\n    pd.OwnerDisplayName,\n    COALESCE(vc.Upvotes, 0) AS Upvotes,\n    COALESCE(vc.Downvotes, 0) AS Downvotes,\n    pd.TagName\nFROM \n    PostDetails pd\nLEFT JOIN \n    VoteCounts vc ON pd.PostId = vc.PostId\nORDER BY \n    pd.Score DESC,\n    pd.ViewCount DESC\nLIMIT 100;",
    "blocked_thread_time": 0.0,
    "cpu_time": 1.2530072190000003,
    "extra_info": {},
    "cumulative_cardinality": 31502065,
    "cumulative_rows_scanned": 17856895,
    "result_set_size": 3264,
    "latency": 1.376393231,
    "children": [
        {
            "operator_name": "STREAMING_LIMIT",
            "cpu_time": 1.2530072190000003,
            "extra_info": {},
            "cumulative_cardinality": 31502065,
            "operator_type": "STREAMING_LIMIT",
            "operator_cardinality": 34,
            "cumulative_rows_scanned": 17856895,
            "operator_rows_scanned": 0,
            "operator_timing": 0.000001463,
            "result_set_size": 3264,
            "children": [
                {
                    "operator_name": "PROJECTION",
                    "cpu_time": 1.2530057560000003,
                    "extra_info": {
                        "Projections": [
                            "#0",
                            "#1",
                            "#2",
                            "#3",
                            "__internal_decompress_integral_integer(#4, -72)",
                            "__internal_decompress_integral_integer(#5, 0)",
                            "__internal_decompress_integral_integer(#6, 0)",
                            "#7",
                            "#8",
                            "#9",
                            "#10",
                            "#11"
                        ],
                        "Estimated Cardinality": "6372046"
                    },
                    "cumulative_cardinality": 31502031,
                    "operator_type": "PROJECTION",
                    "operator_cardinality": 34,
                    "cumulative_rows_scanned": 17856895,
                    "operator_rows_scanned": 0,
                    "operator_timing": 0.000004258,
                    "result_set_size": 3264,
                    "children": [
                        {
                            "operator_name": "ORDER_BY",
                            "cpu_time": 1.2530014980000004,
                            "extra_info": {
                                "Order By": [
                                    "pd.Score DESC",
                                    "pd.ViewCount DESC"
                                ]
                            },
                            "cumulative_cardinality": 31501997,
                            "operator_type": "ORDER_BY",
                            "operator_cardinality": 34,
                            "cumulative_rows_scanned": 17856895,
                            "operator_rows_scanned": 0,
                            "operator_timing": 0.000167541,
                            "result_set_size": 2992,
                            "children": [
                                {
                                    "operator_name": "PROJECTION",
                                    "cpu_time": 1.2528339570000004,
                                    "extra_info": {
                                        "Projections": [
                                            "#0",
                                            "#1",
                                            "#2",
                                            "#3",
                                            "__internal_compress_integral_usmallint(#4, -72)",
                                            "__internal_compress_integral_utinyint(#5, 0)",
                                            "__internal_compress_integral_utinyint(#6, 0)",
                                            "#7",
                                            "#8",
                                            "#9",
                                            "#10",
                                            "#11"
                                        ],
                                        "Estimated Cardinality": "6372046"
                                    },
                                    "cumulative_cardinality": 31501963,
                                    "operator_type": "PROJECTION",
                                    "operator_cardinality": 34,
                                    "cumulative_rows_scanned": 17856895,
                                    "operator_rows_scanned": 0,
                                    "operator_timing": 0.000012023,
                                    "result_set_size": 2992,
                                    "children": [
                                        {
                                            "operator_name": "PROJECTION",
                                            "cpu_time": 1.2528219340000004,
                                            "extra_info": {
                                                "Projections": [
                                                    "PostId",
                                                    "title",
                                                    "creationdate",
                                                    "viewcount",
                                                    "score",
                                                    "answercount",
                                                    "commentcount",
                                                    "favoritecount",
                                                    "OwnerDisplayName",
                                                    "Upvotes",
                                                    "Downvotes",
                                                    "tagname"
                                                ],
                                                "Estimated Cardinality": "6372046"
                                            },
                                            "cumulative_cardinality": 31501929,
                                            "operator_type": "PROJECTION",
                                            "operator_cardinality": 34,
                                            "cumulative_rows_scanned": 17856895,
                                            "operator_rows_scanned": 0,
                                            "operator_timing": 0.000329094,
                                            "result_set_size": 3264,
                                            "children": [
                                                {
                                                    "operator_name": "HASH_JOIN",
                                                    "cpu_time": 1.2524928400000004,
                                                    "extra_info": {
                                                        "Join Type": "RIGHT",
                                                        "Conditions": "postid = PostId",
                                                        "Estimated Cardinality": "6372046"
                                                    },
                                                    "cumulative_cardinality": 31501895,
                                                    "operator_type": "HASH_JOIN",
                                                    "operator_cardinality": 34,
                                                    "cumulative_rows_scanned": 17856895,
                                                    "operator_rows_scanned": 0,
                                                    "operator_timing": 0.013513906000000022,
                                                    "result_set_size": 3264,
                                                    "children": [
                                                        {
                                                            "operator_name": "HASH_GROUP_BY",
                                                            "cpu_time": 0.9864300880000004,
                                                            "extra_info": {
                                                                "Groups": "#0",
                                                                "Aggregates": [
                                                                    "count(#1)",
                                                                    "count(#2)"
                                                                ],
                                                                "Estimated Cardinality": "6372046"
                                                            },
                                                            "cumulative_cardinality": 29453413,
                                                            "operator_type": "HASH_GROUP_BY",
                                                            "operator_cardinality": 3965227,
                                                            "cumulative_rows_scanned": 12744093,
                                                            "operator_rows_scanned": 0,
                                                            "operator_timing": 0.7351500680000005,
                                                            "result_set_size": 79304540,
                                                            "children": [
                                                                {
                                                                    "operator_name": "PROJECTION",
                                                                    "cpu_time": 0.25128001999999994,
                                                                    "extra_info": {
                                                                        "Projections": [
                                                                            "postid",
                                                                            "CASE  WHEN ((votetypeid = 2)) THEN (1) ELSE NULL END",
                                                                            "CASE  WHEN ((votetypeid = 3)) THEN (1) ELSE NULL END"
                                                                        ],
                                                                        "Estimated Cardinality": "12744093"
                                                                    },
                                                                    "cumulative_cardinality": 25488186,
                                                                    "operator_type": "PROJECTION",
                                                                    "operator_cardinality": 12744093,
                                                                    "cumulative_rows_scanned": 12744093,
                                                                    "operator_rows_scanned": 0,
                                                                    "operator_timing": 0.11823748699999984,
                                                                    "result_set_size": 152929116,
                                                                    "children": [
                                                                        {
                                                                            "operator_name": "READ_PARQUET ",
                                                                            "cpu_time": 0.13304253300000007,
                                                                            "extra_info": {
                                                                                "Function": "READ_PARQUET",
                                                                                "Projections": [
                                                                                    "postid",
                                                                                    "votetypeid"
                                                                                ],
                                                                                "Estimated Cardinality": "12744093"
                                                                            },
                                                                            "cumulative_cardinality": 12744093,
                                                                            "operator_type": "TABLE_SCAN",
                                                                            "operator_cardinality": 12744093,
                                                                            "cumulative_rows_scanned": 12744093,
                                                                            "operator_rows_scanned": 12744093,
                                                                            "operator_timing": 0.13304253300000007,
                                                                            "result_set_size": 76464558,
                                                                            "children": []
                                                                        }
                                                                    ]
                                                                }
                                                            ]
                                                        },
                                                        {
                                                            "operator_name": "PROJECTION",
                                                            "cpu_time": 0.25254884599999994,
                                                            "extra_info": {
                                                                "Projections": [
                                                                    "PostId",
                                                                    "title",
                                                                    "creationdate",
                                                                    "viewcount",
                                                                    "score",
                                                                    "answercount",
                                                                    "commentcount",
                                                                    "favoritecount",
                                                                    "OwnerDisplayName",
                                                                    "tagname"
                                                                ],
                                                                "Estimated Cardinality": "770023"
                                                            },
                                                            "cumulative_cardinality": 2048448,
                                                            "operator_type": "PROJECTION",
                                                            "operator_cardinality": 34,
                                                            "cumulative_rows_scanned": 5112802,
                                                            "operator_rows_scanned": 0,
                                                            "operator_timing": 0.000003917,
                                                            "result_set_size": 2720,
                                                            "children": [
                                                                {
                                                                    "operator_name": "HASH_JOIN",
                                                                    "cpu_time": 0.2525449289999999,
                                                                    "extra_info": {
                                                                        "Join Type": "INNER",
                                                                        "Conditions": "id = excerptpostid",
                                                                        "Estimated Cardinality": "770023"
                                                                    },
                                                                    "cumulative_cardinality": 2048414,
                                                                    "operator_type": "HASH_JOIN",
                                                                    "operator_cardinality": 34,
                                                                    "cumulative_rows_scanned": 5112802,
                                                                    "operator_rows_scanned": 0,
                                                                    "operator_timing": 0.006823011999999999,
                                                                    "result_set_size": 2720,
                                                                    "children": [
                                                                        {
                                                                            "operator_name": "FILTER",
                                                                            "cpu_time": 0.24515511999999992,
                                                                            "extra_info": {
                                                                                "Expression": "(id BETWEEN 4433 AND 4975718)",
                                                                                "Estimated Cardinality": "770023"
                                                                            },
                                                                            "cumulative_cardinality": 2046404,
                                                                            "operator_type": "FILTER",
                                                                            "operator_cardinality": 259057,
                                                                            "cumulative_rows_scanned": 5110826,
                                                                            "operator_rows_scanned": 0,
                                                                            "operator_timing": 0.007318628999999995,
                                                                            "result_set_size": 16579648,
                                                                            "children": [
                                                                                {
                                                                                    "operator_name": "HASH_JOIN",
                                                                                    "cpu_time": 0.23783649099999993,
                                                                                    "extra_info": {
                                                                                        "Join Type": "INNER",
                                                                                        "Conditions": "id = owneruserid",
                                                                                        "Estimated Cardinality": "770023"
                                                                                    },
                                                                                    "cumulative_cardinality": 1787347,
                                                                                    "operator_type": "HASH_JOIN",
                                                                                    "operator_cardinality": 261413,
                                                                                    "cumulative_rows_scanned": 5110826,
                                                                                    "operator_rows_scanned": 0,
                                                                                    "operator_timing": 0.06124006399999993,
                                                                                    "result_set_size": 16730432,
                                                                                    "children": [
                                                                                        {
                                                                                            "operator_name": "READ_PARQUET ",
                                                                                            "cpu_time": 0.08797444600000004,
                                                                                            "extra_info": {
                                                                                                "Function": "READ_PARQUET",
                                                                                                "Projections": [
                                                                                                    "id",
                                                                                                    "displayname"
                                                                                                ],
                                                                                                "Filters": "id<=1416539",
                                                                                                "Estimated Cardinality": "1260710"
                                                                                            },
                                                                                            "cumulative_cardinality": 1260679,
                                                                                            "operator_type": "TABLE_SCAN",
                                                                                            "operator_cardinality": 1260679,
                                                                                            "cumulative_rows_scanned": 1260710,
                                                                                            "operator_rows_scanned": 1260710,
                                                                                            "operator_timing": 0.08797444600000004,
                                                                                            "result_set_size": 25213580,
                                                                                            "children": []
                                                                                        },
                                                                                        {
                                                                                            "operator_name": "READ_PARQUET ",
                                                                                            "cpu_time": 0.08862198099999996,
                                                                                            "extra_info": {
                                                                                                "Function": "READ_PARQUET",
                                                                                                "Projections": [
                                                                                                    "id",
                                                                                                    "creationdate",
                                                                                                    "score",
                                                                                                    "viewcount",
                                                                                                    "owneruserid",
                                                                                                    "title",
                                                                                                    "answercount",
                                                                                                    "commentcount",
                                                                                                    "favoritecount"
                                                                                                ],
                                                                                                "Filters": "creationdate>='2023-01-01 00:00:00'::TIMESTAMP",
                                                                                                "Estimated Cardinality": "770023"
                                                                                            },
                                                                                            "cumulative_cardinality": 265255,
                                                                                            "operator_type": "TABLE_SCAN",
                                                                                            "operator_cardinality": 265255,
                                                                                            "cumulative_rows_scanned": 3850116,
                                                                                            "operator_rows_scanned": 3850116,
                                                                                            "operator_timing": 0.08862198099999996,
                                                                                            "result_set_size": 13793260,
                                                                                            "children": []
                                                                                        }
                                                                                    ]
                                                                                }
                                                                            ]
                                                                        },
                                                                        {
                                                                            "operator_name": "READ_PARQUET ",
                                                                            "cpu_time": 0.0005667970000000001,
                                                                            "extra_info": {
                                                                                "Function": "READ_PARQUET",
                                                                                "Projections": [
                                                                                    "tagname",
                                                                                    "excerptpostid"
                                                                                ],
                                                                                "Estimated Cardinality": "1976"
                                                                            },
                                                                            "cumulative_cardinality": 1976,
                                                                            "operator_type": "TABLE_SCAN",
                                                                            "operator_cardinality": 1976,
                                                                            "cumulative_rows_scanned": 1976,
                                                                            "operator_rows_scanned": 1976,
                                                                            "operator_timing": 0.0005667970000000001,
                                                                            "result_set_size": 39520,
                                                                            "children": []
                                                                        }
                                                                    ]
                                                                }
                                                            ]
                                                        }
                                                    ]
                                                }
                                            ]
                                        }
                                    ]
                                }
                            ]
                        }
                    ]
                }
            ]
        }
    ]
}