{
    "rows_returned": 4,
    "query_name": "WITH Benchmark AS (\n    SELECT \n        PH.Id AS PostHistoryId,\n        PT.Name AS PostType,\n        P.Title AS PostTitle,\n        P.CreationDate AS PostCreationDate,\n        U.DisplayName AS UserDisplayName,\n        PH.CreationDate AS HistoryCreationDate,\n        PH.Comment AS HistoryComment,\n        PH.Text AS HistoryText\n    FROM \n        PostHistory PH\n    JOIN \n        Posts P ON PH.PostId = P.Id\n    JOIN \n        PostTypes PT ON P.PostTypeId = PT.Id\n    JOIN \n        Users U ON PH.UserId = U.Id\n    WHERE \n        PH.CreationDate >= cast('2024-10-01' as date) - INTERVAL '30 days'\n)\nSELECT \n    PostType,\n    COUNT(*) AS TotalHistoryEntries,\n    MIN(HistoryCreationDate) AS FirstEntryDate,\n    MAX(HistoryCreationDate) AS LastEntryDate,\n    AVG(EXTRACT(EPOCH FROM HistoryCreationDate - PostCreationDate)) AS AvgTimeToHistoryEntry\nFROM \n    Benchmark\nGROUP BY \n    PostType\nORDER BY \n    TotalHistoryEntries DESC;",
    "blocked_thread_time": 0.0,
    "cpu_time": 0.2328861720000003,
    "extra_info": {},
    "cumulative_cardinality": 5332460,
    "cumulative_rows_scanned": 16906078,
    "result_set_size": 192,
    "latency": 0.256022424,
    "children": [
        {
            "operator_name": "ORDER_BY",
            "cpu_time": 0.2328861720000003,
            "extra_info": {
                "Order By": "count_star() DESC"
            },
            "cumulative_cardinality": 5332460,
            "operator_type": "ORDER_BY",
            "operator_cardinality": 4,
            "cumulative_rows_scanned": 16906078,
            "operator_rows_scanned": 0,
            "operator_timing": 0.000034965,
            "result_set_size": 192,
            "children": [
                {
                    "operator_name": "HASH_GROUP_BY",
                    "cpu_time": 0.2328512070000003,
                    "extra_info": {
                        "Groups": "#0",
                        "Aggregates": [
                            "count_star()",
                            "min(#1)",
                            "max(#2)",
                            "avg(#3)"
                        ],
                        "Estimated Cardinality": "1179524"
                    },
                    "cumulative_cardinality": 5332456,
                    "operator_type": "HASH_GROUP_BY",
                    "operator_cardinality": 4,
                    "cumulative_rows_scanned": 16906078,
                    "operator_rows_scanned": 0,
                    "operator_timing": 0.0010345919999999998,
                    "result_set_size": 192,
                    "children": [
                        {
                            "operator_name": "PROJECTION",
                            "cpu_time": 0.2318166150000003,
                            "extra_info": {
                                "Projections": [
                                    "PostType",
                                    "HistoryCreationDate",
                                    "HistoryCreationDate",
                                    "epoch((HistoryCreationDate - PostCreationDate))"
                                ],
                                "Estimated Cardinality": "2359048"
                            },
                            "cumulative_cardinality": 5332452,
                            "operator_type": "PROJECTION",
                            "operator_cardinality": 36624,
                            "cumulative_rows_scanned": 16906078,
                            "operator_rows_scanned": 0,
                            "operator_timing": 0.0003906279999999999,
                            "result_set_size": 1464960,
                            "children": [
                                {
                                    "operator_name": "PROJECTION",
                                    "cpu_time": 0.2314259870000003,
                                    "extra_info": {
                                        "Projections": [
                                            "PostType",
                                            "PostCreationDate",
                                            "HistoryCreationDate"
                                        ],
                                        "Estimated Cardinality": "2359048"
                                    },
                                    "cumulative_cardinality": 5295828,
                                    "operator_type": "PROJECTION",
                                    "operator_cardinality": 36624,
                                    "cumulative_rows_scanned": 16906078,
                                    "operator_rows_scanned": 0,
                                    "operator_timing": 0.000007752000000000001,
                                    "result_set_size": 1171968,
                                    "children": [
                                        {
                                            "operator_name": "HASH_JOIN",
                                            "cpu_time": 0.2314182350000003,
                                            "extra_info": {
                                                "Join Type": "INNER",
                                                "Conditions": "posttypeid = id",
                                                "Estimated Cardinality": "2359048"
                                            },
                                            "cumulative_cardinality": 5259204,
                                            "operator_type": "HASH_JOIN",
                                            "operator_cardinality": 36624,
                                            "cumulative_rows_scanned": 16906078,
                                            "operator_rows_scanned": 0,
                                            "operator_timing": 0.0016019909999999999,
                                            "result_set_size": 1171968,
                                            "children": [
                                                {
                                                    "operator_name": "HASH_JOIN",
                                                    "cpu_time": 0.2294989810000003,
                                                    "extra_info": {
                                                        "Join Type": "INNER",
                                                        "Conditions": "userid = id",
                                                        "Estimated Cardinality": "2359048"
                                                    },
                                                    "cumulative_cardinality": 5222573,
                                                    "operator_type": "HASH_JOIN",
                                                    "operator_cardinality": 36624,
                                                    "cumulative_rows_scanned": 16906070,
                                                    "operator_rows_scanned": 0,
                                                    "operator_timing": 0.05548183600000001,
                                                    "result_set_size": 805728,
                                                    "children": [
                                                        {
                                                            "operator_name": "HASH_JOIN",
                                                            "cpu_time": 0.16362201800000029,
                                                            "extra_info": {
                                                                "Join Type": "INNER",
                                                                "Conditions": "id = postid",
                                                                "Estimated Cardinality": "2359048"
                                                            },
                                                            "cumulative_cardinality": 3925270,
                                                            "operator_type": "HASH_JOIN",
                                                            "operator_cardinality": 37872,
                                                            "cumulative_rows_scanned": 15645360,
                                                            "operator_rows_scanned": 0,
                                                            "operator_timing": 0.026548810999999988,
                                                            "result_set_size": 833184,
                                                            "children": [
                                                                {
                                                                    "operator_name": "READ_PARQUET ",
                                                                    "cpu_time": 0.1301012530000003,
                                                                    "extra_info": {
                                                                        "Function": "READ_PARQUET",
                                                                        "Projections": [
                                                                            "id",
                                                                            "posttypeid",
                                                                            "creationdate"
                                                                        ],
                                                                        "Estimated Cardinality": "3850116"
                                                                    },
                                                                    "cumulative_cardinality": 3849526,
                                                                    "operator_type": "TABLE_SCAN",
                                                                    "operator_cardinality": 3849526,
                                                                    "cumulative_rows_scanned": 3850116,
                                                                    "operator_rows_scanned": 3850116,
                                                                    "operator_timing": 0.1301012530000003,
                                                                    "result_set_size": 53893364,
                                                                    "children": []
                                                                },
                                                                {
                                                                    "operator_name": "READ_PARQUET ",
                                                                    "cpu_time": 0.006971954000000001,
                                                                    "extra_info": {
                                                                        "Function": "READ_PARQUET",
                                                                        "Projections": [
                                                                            "postid",
                                                                            "creationdate",
                                                                            "userid"
                                                                        ],
                                                                        "Filters": "creationdate>='2024-09-01 00:00:00'::TIMESTAMP",
                                                                        "Estimated Cardinality": "2359048"
                                                                    },
                                                                    "cumulative_cardinality": 37872,
                                                                    "operator_type": "TABLE_SCAN",
                                                                    "operator_cardinality": 37872,
                                                                    "cumulative_rows_scanned": 11795244,
                                                                    "operator_rows_scanned": 11795244,
                                                                    "operator_timing": 0.006971954000000001,
                                                                    "result_set_size": 605952,
                                                                    "children": []
                                                                }
                                                            ]
                                                        },
                                                        {
                                                            "operator_name": "READ_PARQUET ",
                                                            "cpu_time": 0.010395127000000004,
                                                            "extra_info": {
                                                                "Function": "READ_PARQUET",
                                                                "Projections": "id",
                                                                "Filters": "id<=1416539",
                                                                "Estimated Cardinality": "1260710"
                                                            },
                                                            "cumulative_cardinality": 1260679,
                                                            "operator_type": "TABLE_SCAN",
                                                            "operator_cardinality": 1260679,
                                                            "cumulative_rows_scanned": 1260710,
                                                            "operator_rows_scanned": 1260710,
                                                            "operator_timing": 0.010395127000000004,
                                                            "result_set_size": 5042716,
                                                            "children": []
                                                        }
                                                    ]
                                                },
                                                {
                                                    "operator_name": "READ_PARQUET ",
                                                    "cpu_time": 0.00031726300000000003,
                                                    "extra_info": {
                                                        "Function": "READ_PARQUET",
                                                        "Projections": [
                                                            "id",
                                                            "name"
                                                        ],
                                                        "Filters": "id<=7",
                                                        "Estimated Cardinality": "8"
                                                    },
                                                    "cumulative_cardinality": 7,
                                                    "operator_type": "TABLE_SCAN",
                                                    "operator_cardinality": 7,
                                                    "cumulative_rows_scanned": 8,
                                                    "operator_rows_scanned": 8,
                                                    "operator_timing": 0.00031726300000000003,
                                                    "result_set_size": 126,
                                                    "children": []
                                                }
                                            ]
                                        }
                                    ]
                                }
                            ]
                        }
                    ]
                }
            ]
        }
    ]
}