{
    "rows_returned": 100,
    "query_name": "WITH UserPostCounts AS (\n    SELECT \n        u.Id AS UserId,\n        COUNT(p.Id) AS PostCount,\n        SUM(CASE WHEN p.PostTypeId = 1 THEN 1 ELSE 0 END) AS QuestionCount,\n        SUM(CASE WHEN p.PostTypeId = 2 THEN 1 ELSE 0 END) AS AnswerCount\n    FROM Users u\n    LEFT JOIN Posts p ON u.Id = p.OwnerUserId\n    GROUP BY u.Id\n),\nBadgeCounts AS (\n    SELECT \n        b.UserId,\n        COUNT(b.Id) AS BadgeCount\n    FROM Badges b\n    GROUP BY b.UserId\n),\nUserStats AS (\n    SELECT \n        u.Id AS UserId,\n        u.DisplayName,\n        u.Reputation,\n        COALESCE(uc.PostCount, 0) AS PostCount,\n        COALESCE(uc.QuestionCount, 0) AS QuestionCount,\n        COALESCE(uc.AnswerCount, 0) AS AnswerCount,\n        COALESCE(bc.BadgeCount, 0) AS BadgeCount\n    FROM Users u\n    LEFT JOIN UserPostCounts uc ON u.Id = uc.UserId\n    LEFT JOIN BadgeCounts bc ON u.Id = bc.UserId\n)\nSELECT \n    UserId,\n    DisplayName,\n    Reputation,\n    PostCount,\n    QuestionCount,\n    AnswerCount,\n    BadgeCount\nFROM UserStats\nORDER BY Reputation DESC, PostCount DESC\nLIMIT 100;",
    "blocked_thread_time": 0.0,
    "cpu_time": 1.213122189,
    "extra_info": {},
    "cumulative_cardinality": 25595331,
    "cumulative_rows_scanned": 8693260,
    "result_set_size": 7200,
    "latency": 1.526131256,
    "children": [
        {
            "operator_name": "STREAMING_LIMIT",
            "cpu_time": 1.213122189,
            "extra_info": {},
            "cumulative_cardinality": 25595331,
            "operator_type": "STREAMING_LIMIT",
            "operator_cardinality": 100,
            "cumulative_rows_scanned": 8693260,
            "operator_rows_scanned": 0,
            "operator_timing": 0.000002435,
            "result_set_size": 7200,
            "children": [
                {
                    "operator_name": "ORDER_BY",
                    "cpu_time": 1.2131197539999998,
                    "extra_info": {
                        "Order By": [
                            "UserStats.Reputation DESC",
                            "UserStats.PostCount DESC"
                        ]
                    },
                    "cumulative_cardinality": 25595231,
                    "operator_type": "ORDER_BY",
                    "operator_cardinality": 4096,
                    "cumulative_rows_scanned": 8693260,
                    "operator_rows_scanned": 0,
                    "operator_timing": 0.07352428900000016,
                    "result_set_size": 294912,
                    "children": [
                        {
                            "operator_name": "PROJECTION",
                            "cpu_time": 1.1395954649999998,
                            "extra_info": {
                                "Projections": [
                                    "UserId",
                                    "displayname",
                                    "reputation",
                                    "PostCount",
                                    "QuestionCount",
                                    "AnswerCount",
                                    "BadgeCount"
                                ],
                                "Estimated Cardinality": "1260710"
                            },
                            "cumulative_cardinality": 25591135,
                            "operator_type": "PROJECTION",
                            "operator_cardinality": 1260710,
                            "cumulative_rows_scanned": 8693260,
                            "operator_rows_scanned": 0,
                            "operator_timing": 0.04793080400000006,
                            "result_set_size": 90771120,
                            "children": [
                                {
                                    "operator_name": "HASH_JOIN",
                                    "cpu_time": 1.0916646609999996,
                                    "extra_info": {
                                        "Join Type": "LEFT",
                                        "Conditions": "id = userid",
                                        "Estimated Cardinality": "1260710"
                                    },
                                    "cumulative_cardinality": 24330425,
                                    "operator_type": "HASH_JOIN",
                                    "operator_cardinality": 1260710,
                                    "cumulative_rows_scanned": 8693260,
                                    "operator_rows_scanned": 0,
                                    "operator_timing": 0.07706842699999998,
                                    "result_set_size": 90771120,
                                    "children": [
                                        {
                                            "operator_name": "HASH_JOIN",
                                            "cpu_time": 0.9240277479999998,
                                            "extra_info": {
                                                "Join Type": "RIGHT",
                                                "Conditions": "UserId = id",
                                                "Estimated Cardinality": "1260710"
                                            },
                                            "cumulative_cardinality": 17877246,
                                            "operator_type": "HASH_JOIN",
                                            "operator_cardinality": 1260710,
                                            "cumulative_rows_scanned": 6371536,
                                            "operator_rows_scanned": 0,
                                            "operator_timing": 0.1390569679999998,
                                            "result_set_size": 80685440,
                                            "children": [
                                                {
                                                    "operator_name": "HASH_GROUP_BY",
                                                    "cpu_time": 0.68126318,
                                                    "extra_info": {
                                                        "Groups": "#0",
                                                        "Aggregates": [
                                                            "count(#1)",
                                                            "sum(#2)",
                                                            "sum(#3)"
                                                        ],
                                                        "Estimated Cardinality": "1260710"
                                                    },
                                                    "cumulative_cardinality": 15355826,
                                                    "operator_type": "HASH_GROUP_BY",
                                                    "operator_cardinality": 1260710,
                                                    "cumulative_rows_scanned": 5110826,
                                                    "operator_rows_scanned": 0,
                                                    "operator_timing": 0.32290584300000014,
                                                    "result_set_size": 55471240,
                                                    "children": [
                                                        {
                                                            "operator_name": "PROJECTION",
                                                            "cpu_time": 0.35835733699999983,
                                                            "extra_info": {
                                                                "Projections": [
                                                                    "id",
                                                                    "id",
                                                                    "CASE  WHEN ((posttypeid = 1)) THEN (1) ELSE 0 END",
                                                                    "CASE  WHEN ((posttypeid = 2)) THEN (1) ELSE 0 END"
                                                                ],
                                                                "Estimated Cardinality": "3850116"
                                                            },
                                                            "cumulative_cardinality": 14095116,
                                                            "operator_type": "PROJECTION",
                                                            "operator_cardinality": 4574495,
                                                            "cumulative_rows_scanned": 5110826,
                                                            "operator_rows_scanned": 0,
                                                            "operator_timing": 0.04867507000000007,
                                                            "result_set_size": 73191920,
                                                            "children": [
                                                                {
                                                                    "operator_name": "HASH_JOIN",
                                                                    "cpu_time": 0.30968226699999973,
                                                                    "extra_info": {
                                                                        "Join Type": "RIGHT",
                                                                        "Conditions": "owneruserid = id",
                                                                        "Estimated Cardinality": "3850116"
                                                                    },
                                                                    "cumulative_cardinality": 9520621,
                                                                    "operator_type": "HASH_JOIN",
                                                                    "operator_cardinality": 4574495,
                                                                    "cumulative_rows_scanned": 5110826,
                                                                    "operator_rows_scanned": 0,
                                                                    "operator_timing": 0.20786487599999953,
                                                                    "result_set_size": 45744950,
                                                                    "children": [
                                                                        {
                                                                            "operator_name": "READ_PARQUET ",
                                                                            "cpu_time": 0.09533381500000024,
                                                                            "extra_info": {
                                                                                "Function": "READ_PARQUET",
                                                                                "Projections": [
                                                                                    "id",
                                                                                    "posttypeid",
                                                                                    "owneruserid"
                                                                                ],
                                                                                "Estimated Cardinality": "3850116"
                                                                            },
                                                                            "cumulative_cardinality": 3685416,
                                                                            "operator_type": "TABLE_SCAN",
                                                                            "operator_cardinality": 3685416,
                                                                            "cumulative_rows_scanned": 3850116,
                                                                            "operator_rows_scanned": 3850116,
                                                                            "operator_timing": 0.09533381500000024,
                                                                            "result_set_size": 36854160,
                                                                            "children": []
                                                                        },
                                                                        {
                                                                            "operator_name": "READ_PARQUET ",
                                                                            "cpu_time": 0.0064835760000000004,
                                                                            "extra_info": {
                                                                                "Function": "READ_PARQUET",
                                                                                "Projections": "id",
                                                                                "Estimated Cardinality": "1260710"
                                                                            },
                                                                            "cumulative_cardinality": 1260710,
                                                                            "operator_type": "TABLE_SCAN",
                                                                            "operator_cardinality": 1260710,
                                                                            "cumulative_rows_scanned": 1260710,
                                                                            "operator_rows_scanned": 1260710,
                                                                            "operator_timing": 0.0064835760000000004,
                                                                            "result_set_size": 5042840,
                                                                            "children": []
                                                                        }
                                                                    ]
                                                                }
                                                            ]
                                                        }
                                                    ]
                                                },
                                                {
                                                    "operator_name": "READ_PARQUET ",
                                                    "cpu_time": 0.10370759999999998,
                                                    "extra_info": {
                                                        "Function": "READ_PARQUET",
                                                        "Projections": [
                                                            "id",
                                                            "reputation",
                                                            "displayname"
                                                        ],
                                                        "Estimated Cardinality": "1260710"
                                                    },
                                                    "cumulative_cardinality": 1260710,
                                                    "operator_type": "TABLE_SCAN",
                                                    "operator_cardinality": 1260710,
                                                    "cumulative_rows_scanned": 1260710,
                                                    "operator_rows_scanned": 1260710,
                                                    "operator_timing": 0.10370759999999998,
                                                    "result_set_size": 30257040,
                                                    "children": []
                                                }
                                            ]
                                        },
                                        {
                                            "operator_name": "HASH_GROUP_BY",
                                            "cpu_time": 0.09056848599999986,
                                            "extra_info": {
                                                "Groups": "#0",
                                                "Aggregates": "count_star()",
                                                "Estimated Cardinality": "1160862"
                                            },
                                            "cumulative_cardinality": 5192469,
                                            "operator_type": "HASH_GROUP_BY",
                                            "operator_cardinality": 549021,
                                            "cumulative_rows_scanned": 2321724,
                                            "operator_rows_scanned": 0,
                                            "operator_timing": 0.06300375399999988,
                                            "result_set_size": 6588252,
                                            "children": [
                                                {
                                                    "operator_name": "PROJECTION",
                                                    "cpu_time": 0.027564731999999984,
                                                    "extra_info": {
                                                        "Projections": "userid",
                                                        "Estimated Cardinality": "2321724"
                                                    },
                                                    "cumulative_cardinality": 4643448,
                                                    "operator_type": "PROJECTION",
                                                    "operator_cardinality": 2321724,
                                                    "cumulative_rows_scanned": 2321724,
                                                    "operator_rows_scanned": 0,
                                                    "operator_timing": 0.00017170299999999926,
                                                    "result_set_size": 9286896,
                                                    "children": [
                                                        {
                                                            "operator_name": "READ_PARQUET ",
                                                            "cpu_time": 0.027393028999999985,
                                                            "extra_info": {
                                                                "Function": "READ_PARQUET",
                                                                "Projections": [
                                                                    "id",
                                                                    "userid"
                                                                ],
                                                                "Estimated Cardinality": "2321724"
                                                            },
                                                            "cumulative_cardinality": 2321724,
                                                            "operator_type": "TABLE_SCAN",
                                                            "operator_cardinality": 2321724,
                                                            "cumulative_rows_scanned": 2321724,
                                                            "operator_rows_scanned": 2321724,
                                                            "operator_timing": 0.027393028999999985,
                                                            "result_set_size": 18573792,
                                                            "children": []
                                                        }
                                                    ]
                                                }
                                            ]
                                        }
                                    ]
                                }
                            ]
                        }
                    ]
                }
            ]
        }
    ]
}