{
    "rows_returned": 4605389,
    "query_name": "WITH UserStats AS (\n    SELECT \n        U.Id AS UserId,\n        U.DisplayName,\n        COUNT(DISTINCT P.Id) AS TotalPosts,\n        SUM(CASE WHEN P.PostTypeId = 1 THEN 1 ELSE 0 END) AS Questions,\n        SUM(CASE WHEN P.PostTypeId = 2 THEN 1 ELSE 0 END) AS Answers,\n        SUM(CASE WHEN P.PostTypeId IN (4, 5) THEN 1 ELSE 0 END) AS WikiPosts,\n        SUM(P.Score) AS TotalScore,\n        AVG(P.ViewCount) AS AverageViews\n    FROM \n        Users U\n    LEFT JOIN \n        Posts P ON U.Id = P.OwnerUserId\n    GROUP BY \n        U.Id, U.DisplayName\n),\nTopPosts AS (\n    SELECT \n        P.Id,\n        P.Title,\n        P.CreationDate,\n        P.Score,\n        P.ViewCount,\n        U.DisplayName AS OwnerDisplayName\n    FROM \n        Posts P\n    JOIN \n        Users U ON P.OwnerUserId = U.Id\n    ORDER BY \n        P.Score DESC, P.ViewCount DESC\n    LIMIT 10\n)\nSELECT \n    U.UserId,\n    U.DisplayName,\n    U.TotalPosts,\n    U.Questions,\n    U.Answers,\n    U.WikiPosts,\n    U.TotalScore,\n    U.AverageViews,\n    T.Title AS TopPostTitle,\n    T.Score AS TopPostScore\nFROM \n    UserStats U\nLEFT JOIN \n    TopPosts T ON U.TotalPosts > 0\nORDER BY \n    U.TotalScore DESC;",
    "blocked_thread_time": 0.0,
    "cpu_time": 3.7174950930000006,
    "extra_info": {},
    "cumulative_cardinality": 54393316,
    "cumulative_rows_scanned": 10221652,
    "result_set_size": 552646680,
    "latency": 17.311647963,
    "children": [
        {
            "operator_name": "PROJECTION",
            "cpu_time": 3.7174950930000006,
            "extra_info": {
                "Projections": [
                    "#0",
                    "#1",
                    "#2",
                    "#3",
                    "#4",
                    "#5",
                    "#6",
                    "#7",
                    "#8",
                    "__internal_decompress_integral_integer(#9, -72)"
                ],
                "Estimated Cardinality": "1260710"
            },
            "cumulative_cardinality": 54393316,
            "operator_type": "PROJECTION",
            "operator_cardinality": 4605389,
            "cumulative_rows_scanned": 10221652,
            "operator_rows_scanned": 0,
            "operator_timing": 0.002558845000000003,
            "result_set_size": 552646680,
            "children": [
                {
                    "operator_name": "ORDER_BY",
                    "cpu_time": 3.7149362480000008,
                    "extra_info": {
                        "Order By": "U.TotalScore DESC"
                    },
                    "cumulative_cardinality": 49787927,
                    "operator_type": "ORDER_BY",
                    "operator_cardinality": 4605389,
                    "cumulative_rows_scanned": 10221652,
                    "operator_rows_scanned": 0,
                    "operator_timing": 0.6094331010000008,
                    "result_set_size": 543435902,
                    "children": [
                        {
                            "operator_name": "PROJECTION",
                            "cpu_time": 3.105503147,
                            "extra_info": {
                                "Projections": [
                                    "#0",
                                    "#1",
                                    "#2",
                                    "#3",
                                    "#4",
                                    "#5",
                                    "#6",
                                    "#7",
                                    "#8",
                                    "__internal_compress_integral_usmallint(#9, -72)"
                                ],
                                "Estimated Cardinality": "1260710"
                            },
                            "cumulative_cardinality": 45182538,
                            "operator_type": "PROJECTION",
                            "operator_cardinality": 4605389,
                            "cumulative_rows_scanned": 10221652,
                            "operator_rows_scanned": 0,
                            "operator_timing": 0.0022692730000000013,
                            "result_set_size": 543435902,
                            "children": [
                                {
                                    "operator_name": "PROJECTION",
                                    "cpu_time": 3.103233874,
                                    "extra_info": {
                                        "Projections": [
                                            "UserId",
                                            "displayname",
                                            "TotalPosts",
                                            "Questions",
                                            "Answers",
                                            "WikiPosts",
                                            "TotalScore",
                                            "AverageViews",
                                            "TopPostTitle",
                                            "TopPostScore"
                                        ],
                                        "Estimated Cardinality": "1260710"
                                    },
                                    "cumulative_cardinality": 40577149,
                                    "operator_type": "PROJECTION",
                                    "operator_cardinality": 4605389,
                                    "cumulative_rows_scanned": 10221652,
                                    "operator_rows_scanned": 0,
                                    "operator_timing": 0.0012397050000000015,
                                    "result_set_size": 552646680,
                                    "children": [
                                        {
                                            "operator_name": "BLOCKWISE_NL_JOIN",
                                            "cpu_time": 3.1019941689999997,
                                            "extra_info": {
                                                "Join Type": "LEFT",
                                                "Condition": "(TotalPosts > 0)"
                                            },
                                            "cumulative_cardinality": 35971760,
                                            "operator_type": "BLOCKWISE_NL_JOIN",
                                            "operator_cardinality": 4605389,
                                            "cumulative_rows_scanned": 10221652,
                                            "operator_rows_scanned": 0,
                                            "operator_timing": 0.04564013499999999,
                                            "result_set_size": 571068236,
                                            "children": [
                                                {
                                                    "operator_name": "HASH_GROUP_BY",
                                                    "cpu_time": 2.259890660999999,
                                                    "extra_info": {
                                                        "Groups": [
                                                            "#0",
                                                            "#1"
                                                        ],
                                                        "Aggregates": [
                                                            "count(DISTINCT #2)",
                                                            "sum(#3)",
                                                            "sum(#4)",
                                                            "sum(#5)",
                                                            "sum(#6)",
                                                            "avg(#7)"
                                                        ],
                                                        "Estimated Cardinality": "1260710"
                                                    },
                                                    "cumulative_cardinality": 15355826,
                                                    "operator_type": "HASH_GROUP_BY",
                                                    "operator_cardinality": 1260710,
                                                    "cumulative_rows_scanned": 5110826,
                                                    "operator_rows_scanned": 0,
                                                    "operator_timing": 1.6260281799999987,
                                                    "result_set_size": 126071000,
                                                    "children": [
                                                        {
                                                            "operator_name": "PROJECTION",
                                                            "cpu_time": 0.6338624810000004,
                                                            "extra_info": {
                                                                "Projections": [
                                                                    "id",
                                                                    "displayname",
                                                                    "id",
                                                                    "CASE  WHEN ((posttypeid = 1)) THEN (1) ELSE 0 END",
                                                                    "CASE  WHEN ((posttypeid = 2)) THEN (1) ELSE 0 END",
                                                                    "CASE  WHEN ((posttypeid IN (4, 5))) THEN (1) ELSE 0 END",
                                                                    "score",
                                                                    "viewcount"
                                                                ],
                                                                "Estimated Cardinality": "3850116"
                                                            },
                                                            "cumulative_cardinality": 14095116,
                                                            "operator_type": "PROJECTION",
                                                            "operator_cardinality": 4574495,
                                                            "cumulative_rows_scanned": 5110826,
                                                            "operator_rows_scanned": 0,
                                                            "operator_timing": 0.09659731299999992,
                                                            "result_set_size": 201277780,
                                                            "children": [
                                                                {
                                                                    "operator_name": "HASH_JOIN",
                                                                    "cpu_time": 0.5372651680000005,
                                                                    "extra_info": {
                                                                        "Join Type": "RIGHT",
                                                                        "Conditions": "owneruserid = id",
                                                                        "Estimated Cardinality": "3850116"
                                                                    },
                                                                    "cumulative_cardinality": 9520621,
                                                                    "operator_type": "HASH_JOIN",
                                                                    "operator_cardinality": 4574495,
                                                                    "cumulative_rows_scanned": 5110826,
                                                                    "operator_rows_scanned": 0,
                                                                    "operator_timing": 0.2827642150000002,
                                                                    "result_set_size": 155532830,
                                                                    "children": [
                                                                        {
                                                                            "operator_name": "READ_PARQUET ",
                                                                            "cpu_time": 0.17347014800000016,
                                                                            "extra_info": {
                                                                                "Function": "READ_PARQUET",
                                                                                "Projections": [
                                                                                    "id",
                                                                                    "posttypeid",
                                                                                    "score",
                                                                                    "viewcount",
                                                                                    "owneruserid"
                                                                                ],
                                                                                "Estimated Cardinality": "3850116"
                                                                            },
                                                                            "cumulative_cardinality": 3685416,
                                                                            "operator_type": "TABLE_SCAN",
                                                                            "operator_cardinality": 3685416,
                                                                            "cumulative_rows_scanned": 3850116,
                                                                            "operator_rows_scanned": 3850116,
                                                                            "operator_timing": 0.17347014800000016,
                                                                            "result_set_size": 66337488,
                                                                            "children": []
                                                                        },
                                                                        {
                                                                            "operator_name": "READ_PARQUET ",
                                                                            "cpu_time": 0.08103080500000011,
                                                                            "extra_info": {
                                                                                "Function": "READ_PARQUET",
                                                                                "Projections": [
                                                                                    "id",
                                                                                    "displayname"
                                                                                ],
                                                                                "Estimated Cardinality": "1260710"
                                                                            },
                                                                            "cumulative_cardinality": 1260710,
                                                                            "operator_type": "TABLE_SCAN",
                                                                            "operator_cardinality": 1260710,
                                                                            "cumulative_rows_scanned": 1260710,
                                                                            "operator_rows_scanned": 1260710,
                                                                            "operator_timing": 0.08103080500000011,
                                                                            "result_set_size": 25214200,
                                                                            "children": []
                                                                        }
                                                                    ]
                                                                }
                                                            ]
                                                        }
                                                    ]
                                                },
                                                {
                                                    "operator_name": "STREAMING_LIMIT",
                                                    "cpu_time": 0.7964633730000004,
                                                    "extra_info": {},
                                                    "cumulative_cardinality": 16010545,
                                                    "operator_type": "STREAMING_LIMIT",
                                                    "operator_cardinality": 10,
                                                    "cumulative_rows_scanned": 5110826,
                                                    "operator_rows_scanned": 0,
                                                    "operator_timing": 0.000001624,
                                                    "result_set_size": 240,
                                                    "children": [
                                                        {
                                                            "operator_name": "PROJECTION",
                                                            "cpu_time": 0.7964617490000003,
                                                            "extra_info": {
                                                                "Projections": [
                                                                    "#0",
                                                                    "__internal_decompress_integral_integer(#1, -72)",
                                                                    "#2"
                                                                ],
                                                                "Estimated Cardinality": "3850116"
                                                            },
                                                            "cumulative_cardinality": 16010535,
                                                            "operator_type": "PROJECTION",
                                                            "operator_cardinality": 4096,
                                                            "cumulative_rows_scanned": 5110826,
                                                            "operator_rows_scanned": 0,
                                                            "operator_timing": 0.000007745,
                                                            "result_set_size": 98304,
                                                            "children": [
                                                                {
                                                                    "operator_name": "ORDER_BY",
                                                                    "cpu_time": 0.7964540040000003,
                                                                    "extra_info": {
                                                                        "Order By": [
                                                                            "P.Score DESC",
                                                                            "P.ViewCount DESC"
                                                                        ]
                                                                    },
                                                                    "cumulative_cardinality": 16006439,
                                                                    "operator_type": "ORDER_BY",
                                                                    "operator_cardinality": 4096,
                                                                    "cumulative_rows_scanned": 5110826,
                                                                    "operator_rows_scanned": 0,
                                                                    "operator_timing": 0.18858542699999975,
                                                                    "result_set_size": 90112,
                                                                    "children": [
                                                                        {
                                                                            "operator_name": "PROJECTION",
                                                                            "cpu_time": 0.6078685770000006,
                                                                            "extra_info": {
                                                                                "Projections": [
                                                                                    "#0",
                                                                                    "__internal_compress_integral_usmallint(#1, -72)",
                                                                                    "#2"
                                                                                ],
                                                                                "Estimated Cardinality": "3850116"
                                                                            },
                                                                            "cumulative_cardinality": 16002343,
                                                                            "operator_type": "PROJECTION",
                                                                            "operator_cardinality": 3685416,
                                                                            "cumulative_rows_scanned": 5110826,
                                                                            "operator_rows_scanned": 0,
                                                                            "operator_timing": 0.0019094120000000066,
                                                                            "result_set_size": 81079152,
                                                                            "children": [
                                                                                {
                                                                                    "operator_name": "PROJECTION",
                                                                                    "cpu_time": 0.6059591650000006,
                                                                                    "extra_info": {
                                                                                        "Projections": [
                                                                                            "title",
                                                                                            "score",
                                                                                            "viewcount"
                                                                                        ],
                                                                                        "Estimated Cardinality": "3850116"
                                                                                    },
                                                                                    "cumulative_cardinality": 12316927,
                                                                                    "operator_type": "PROJECTION",
                                                                                    "operator_cardinality": 3685416,
                                                                                    "cumulative_rows_scanned": 5110826,
                                                                                    "operator_rows_scanned": 0,
                                                                                    "operator_timing": 0.0005687010000000029,
                                                                                    "result_set_size": 88449984,
                                                                                    "children": [
                                                                                        {
                                                                                            "operator_name": "HASH_JOIN",
                                                                                            "cpu_time": 0.6053904640000006,
                                                                                            "extra_info": {
                                                                                                "Join Type": "INNER",
                                                                                                "Conditions": "owneruserid = id",
                                                                                                "Estimated Cardinality": "3850116"
                                                                                            },
                                                                                            "cumulative_cardinality": 8631511,
                                                                                            "operator_type": "HASH_JOIN",
                                                                                            "operator_cardinality": 3685416,
                                                                                            "cumulative_rows_scanned": 5110826,
                                                                                            "operator_rows_scanned": 0,
                                                                                            "operator_timing": 0.20419959800000095,
                                                                                            "result_set_size": 103191648,
                                                                                            "children": [
                                                                                                {
                                                                                                    "operator_name": "READ_PARQUET ",
                                                                                                    "cpu_time": 0.3895333459999997,
                                                                                                    "extra_info": {
                                                                                                        "Function": "READ_PARQUET",
                                                                                                        "Projections": [
                                                                                                            "score",
                                                                                                            "viewcount",
                                                                                                            "owneruserid",
                                                                                                            "title"
                                                                                                        ],
                                                                                                        "Estimated Cardinality": "3850116"
                                                                                                    },
                                                                                                    "cumulative_cardinality": 3685416,
                                                                                                    "operator_type": "TABLE_SCAN",
                                                                                                    "operator_cardinality": 3685416,
                                                                                                    "cumulative_rows_scanned": 3850116,
                                                                                                    "operator_rows_scanned": 3850116,
                                                                                                    "operator_timing": 0.3895333459999997,
                                                                                                    "result_set_size": 103191648,
                                                                                                    "children": []
                                                                                                },
                                                                                                {
                                                                                                    "operator_name": "READ_PARQUET ",
                                                                                                    "cpu_time": 0.011657520000000022,
                                                                                                    "extra_info": {
                                                                                                        "Function": "READ_PARQUET",
                                                                                                        "Projections": "id",
                                                                                                        "Filters": "id<=1416539",
                                                                                                        "Estimated Cardinality": "1260710"
                                                                                                    },
                                                                                                    "cumulative_cardinality": 1260679,
                                                                                                    "operator_type": "TABLE_SCAN",
                                                                                                    "operator_cardinality": 1260679,
                                                                                                    "cumulative_rows_scanned": 1260710,
                                                                                                    "operator_rows_scanned": 1260710,
                                                                                                    "operator_timing": 0.011657520000000022,
                                                                                                    "result_set_size": 5042716,
                                                                                                    "children": []
                                                                                                }
                                                                                            ]
                                                                                        }
                                                                                    ]
                                                                                }
                                                                            ]
                                                                        }
                                                                    ]
                                                                }
                                                            ]
                                                        }
                                                    ]
                                                }
                                            ]
                                        }
                                    ]
                                }
                            ]
                        }
                    ]
                }
            ]
        }
    ]
}