{
    "rows_returned": 217,
    "query_name": "WITH PostTypeStats AS (\n    SELECT \n        pt.Name AS PostTypeName,\n        COUNT(p.Id) AS PostCount,\n        AVG(u.Reputation) AS AverageUserReputation\n    FROM \n        Posts p\n    JOIN \n        PostTypes pt ON p.PostTypeId = pt.Id\n    JOIN \n        Users u ON p.OwnerUserId = u.Id\n    GROUP BY \n        pt.Name\n),\nPostHistoryStats AS (\n    SELECT \n        pht.Name AS PostHistoryTypeName,\n        COUNT(ph.Id) AS HistoryCount\n    FROM \n        PostHistory ph\n    JOIN \n        PostHistoryTypes pht ON ph.PostHistoryTypeId = pht.Id\n    GROUP BY \n        pht.Name\n)\n\nSELECT \n    pts.PostTypeName,\n    pts.PostCount,\n    pts.AverageUserReputation,\n    phs.PostHistoryTypeName,\n    phs.HistoryCount\nFROM \n    PostTypeStats pts\nLEFT JOIN \n    PostHistoryStats phs ON phs.PostHistoryTypeName IS NOT NULL\nORDER BY \n    pts.PostCount DESC;",
    "blocked_thread_time": 0.0,
    "cpu_time": 0.8676723730000004,
    "extra_info": {},
    "cumulative_cardinality": 51388588,
    "cumulative_rows_scanned": 16906112,
    "result_set_size": 12152,
    "latency": 0.93435334,
    "children": [
        {
            "operator_name": "ORDER_BY",
            "cpu_time": 0.8676723730000004,
            "extra_info": {
                "Order By": "pts.PostCount DESC"
            },
            "cumulative_cardinality": 51388588,
            "operator_type": "ORDER_BY",
            "operator_cardinality": 217,
            "cumulative_rows_scanned": 16906112,
            "operator_rows_scanned": 0,
            "operator_timing": 0.000052158,
            "result_set_size": 12152,
            "children": [
                {
                    "operator_name": "BLOCKWISE_NL_JOIN",
                    "cpu_time": 0.8676202150000004,
                    "extra_info": {
                        "Join Type": "LEFT",
                        "Condition": "true"
                    },
                    "cumulative_cardinality": 51388371,
                    "operator_type": "BLOCKWISE_NL_JOIN",
                    "operator_cardinality": 217,
                    "cumulative_rows_scanned": 16906112,
                    "operator_rows_scanned": 0,
                    "operator_timing": 0.00011338100000000002,
                    "result_set_size": 12152,
                    "children": [
                        {
                            "operator_name": "HASH_GROUP_BY",
                            "cpu_time": 0.39683658500000035,
                            "extra_info": {
                                "Groups": "#0",
                                "Aggregates": [
                                    "count_star()",
                                    "avg(#1)"
                                ],
                                "Estimated Cardinality": "1925058"
                            },
                            "cumulative_cardinality": 16002357,
                            "operator_type": "HASH_GROUP_BY",
                            "operator_cardinality": 7,
                            "cumulative_rows_scanned": 5110834,
                            "operator_rows_scanned": 0,
                            "operator_timing": 0.07168641699999988,
                            "result_set_size": 224,
                            "children": [
                                {
                                    "operator_name": "PROJECTION",
                                    "cpu_time": 0.32515016800000046,
                                    "extra_info": {
                                        "Projections": [
                                            "name",
                                            "reputation"
                                        ],
                                        "Estimated Cardinality": "3850116"
                                    },
                                    "cumulative_cardinality": 16002350,
                                    "operator_type": "PROJECTION",
                                    "operator_cardinality": 3685416,
                                    "cumulative_rows_scanned": 5110834,
                                    "operator_rows_scanned": 0,
                                    "operator_timing": 0.0004414379999999952,
                                    "result_set_size": 73708320,
                                    "children": [
                                        {
                                            "operator_name": "HASH_JOIN",
                                            "cpu_time": 0.32470873000000045,
                                            "extra_info": {
                                                "Join Type": "INNER",
                                                "Conditions": "owneruserid = id",
                                                "Estimated Cardinality": "3850116"
                                            },
                                            "cumulative_cardinality": 12316934,
                                            "operator_type": "HASH_JOIN",
                                            "operator_cardinality": 3685416,
                                            "cumulative_rows_scanned": 5110834,
                                            "operator_rows_scanned": 0,
                                            "operator_timing": 0.17705537000000032,
                                            "result_set_size": 73708320,
                                            "children": [
                                                {
                                                    "operator_name": "HASH_JOIN",
                                                    "cpu_time": 0.12681564000000012,
                                                    "extra_info": {
                                                        "Join Type": "INNER",
                                                        "Conditions": "posttypeid = id",
                                                        "Estimated Cardinality": "3850116"
                                                    },
                                                    "cumulative_cardinality": 7370839,
                                                    "operator_type": "HASH_JOIN",
                                                    "operator_cardinality": 3685416,
                                                    "cumulative_rows_scanned": 3850124,
                                                    "operator_rows_scanned": 0,
                                                    "operator_timing": 0.008051957999999996,
                                                    "result_set_size": 73708320,
                                                    "children": [
                                                        {
                                                            "operator_name": "READ_PARQUET ",
                                                            "cpu_time": 0.11845280100000012,
                                                            "extra_info": {
                                                                "Function": "READ_PARQUET",
                                                                "Projections": [
                                                                    "id",
                                                                    "posttypeid",
                                                                    "owneruserid"
                                                                ],
                                                                "Estimated Cardinality": "3850116"
                                                            },
                                                            "cumulative_cardinality": 3685416,
                                                            "operator_type": "TABLE_SCAN",
                                                            "operator_cardinality": 3685416,
                                                            "cumulative_rows_scanned": 3850116,
                                                            "operator_rows_scanned": 3850116,
                                                            "operator_timing": 0.11845280100000012,
                                                            "result_set_size": 36854160,
                                                            "children": []
                                                        },
                                                        {
                                                            "operator_name": "READ_PARQUET ",
                                                            "cpu_time": 0.000310881,
                                                            "extra_info": {
                                                                "Function": "READ_PARQUET",
                                                                "Projections": [
                                                                    "id",
                                                                    "name"
                                                                ],
                                                                "Filters": "id<=7",
                                                                "Estimated Cardinality": "8"
                                                            },
                                                            "cumulative_cardinality": 7,
                                                            "operator_type": "TABLE_SCAN",
                                                            "operator_cardinality": 7,
                                                            "cumulative_rows_scanned": 8,
                                                            "operator_rows_scanned": 8,
                                                            "operator_timing": 0.000310881,
                                                            "result_set_size": 126,
                                                            "children": []
                                                        }
                                                    ]
                                                },
                                                {
                                                    "operator_name": "READ_PARQUET ",
                                                    "cpu_time": 0.02083771999999999,
                                                    "extra_info": {
                                                        "Function": "READ_PARQUET",
                                                        "Projections": [
                                                            "id",
                                                            "reputation"
                                                        ],
                                                        "Filters": "id<=1416539",
                                                        "Estimated Cardinality": "1260710"
                                                    },
                                                    "cumulative_cardinality": 1260679,
                                                    "operator_type": "TABLE_SCAN",
                                                    "operator_cardinality": 1260679,
                                                    "cumulative_rows_scanned": 1260710,
                                                    "operator_rows_scanned": 1260710,
                                                    "operator_timing": 0.02083771999999999,
                                                    "result_set_size": 10085432,
                                                    "children": []
                                                }
                                            ]
                                        }
                                    ]
                                }
                            ]
                        },
                        {
                            "operator_name": "HASH_GROUP_BY",
                            "cpu_time": 0.47067024900000004,
                            "extra_info": {
                                "Groups": "#0",
                                "Aggregates": "count_star()",
                                "Estimated Cardinality": "1040756"
                            },
                            "cumulative_cardinality": 35385797,
                            "operator_type": "HASH_GROUP_BY",
                            "operator_cardinality": 31,
                            "cumulative_rows_scanned": 11795278,
                            "operator_rows_scanned": 0,
                            "operator_timing": 0.24674813900000012,
                            "result_set_size": 744,
                            "children": [
                                {
                                    "operator_name": "PROJECTION",
                                    "cpu_time": 0.22392210999999992,
                                    "extra_info": {
                                        "Projections": "name",
                                        "Estimated Cardinality": "2081513"
                                    },
                                    "cumulative_cardinality": 35385766,
                                    "operator_type": "PROJECTION",
                                    "operator_cardinality": 11795244,
                                    "cumulative_rows_scanned": 11795278,
                                    "operator_rows_scanned": 0,
                                    "operator_timing": 0.0005209160000000209,
                                    "result_set_size": 188723904,
                                    "children": [
                                        {
                                            "operator_name": "HASH_JOIN",
                                            "cpu_time": 0.22340119399999991,
                                            "extra_info": {
                                                "Join Type": "INNER",
                                                "Conditions": "posthistorytypeid = id",
                                                "Estimated Cardinality": "2081513"
                                            },
                                            "cumulative_cardinality": 23590522,
                                            "operator_type": "HASH_JOIN",
                                            "operator_cardinality": 11795244,
                                            "cumulative_rows_scanned": 11795278,
                                            "operator_rows_scanned": 0,
                                            "operator_timing": 0.03973735199999971,
                                            "result_set_size": 259495368,
                                            "children": [
                                                {
                                                    "operator_name": "READ_PARQUET ",
                                                    "cpu_time": 0.1833545450000002,
                                                    "extra_info": {
                                                        "Function": "READ_PARQUET",
                                                        "Projections": [
                                                            "id",
                                                            "posthistorytypeid"
                                                        ],
                                                        "Estimated Cardinality": "11795244"
                                                    },
                                                    "cumulative_cardinality": 11795244,
                                                    "operator_type": "TABLE_SCAN",
                                                    "operator_cardinality": 11795244,
                                                    "cumulative_rows_scanned": 11795244,
                                                    "operator_rows_scanned": 11795244,
                                                    "operator_timing": 0.1833545450000002,
                                                    "result_set_size": 70771464,
                                                    "children": []
                                                },
                                                {
                                                    "operator_name": "READ_PARQUET ",
                                                    "cpu_time": 0.000309297,
                                                    "extra_info": {
                                                        "Function": "READ_PARQUET",
                                                        "Projections": [
                                                            "id",
                                                            "name"
                                                        ],
                                                        "Estimated Cardinality": "6"
                                                    },
                                                    "cumulative_cardinality": 34,
                                                    "operator_type": "TABLE_SCAN",
                                                    "operator_cardinality": 34,
                                                    "cumulative_rows_scanned": 34,
                                                    "operator_rows_scanned": 34,
                                                    "operator_timing": 0.000309297,
                                                    "result_set_size": 612,
                                                    "children": []
                                                }
                                            ]
                                        }
                                    ]
                                }
                            ]
                        }
                    ]
                }
            ]
        }
    ]
}