{
    "rows_returned": 70,
    "query_name": "WITH PostCounts AS (\n    SELECT \n        PostTypeId,\n        COUNT(*) AS TotalPosts,\n        AVG(ViewCount) AS AvgViewCount,\n        AVG(Score) AS AvgScore\n    FROM \n        Posts\n    GROUP BY \n        PostTypeId\n),\nUserReputation AS (\n    SELECT \n        AVG(Reputation) AS AvgReputation,\n        COUNT(*) AS TotalUsers\n    FROM \n        Users\n),\nPopularTags AS (\n    SELECT \n        Tags,\n        COUNT(*) AS TagCount\n    FROM \n        Posts\n    WHERE \n        PostTypeId = 1 \n    GROUP BY \n        Tags\n    ORDER BY \n        TagCount DESC\n    LIMIT 10\n)\nSELECT \n    p.PostTypeId,\n    p.TotalPosts,\n    p.AvgViewCount,\n    p.AvgScore,\n    u.AvgReputation,\n    u.TotalUsers,\n    t.Tags,\n    t.TagCount\nFROM \n    PostCounts p,\n    UserReputation u,\n    PopularTags t;",
    "blocked_thread_time": 0.0,
    "cpu_time": 0.4800000520000004,
    "extra_info": {},
    "cumulative_cardinality": 17815842,
    "cumulative_rows_scanned": 8960942,
    "result_set_size": 4620,
    "latency": 0.541845151,
    "children": [
        {
            "operator_name": "PROJECTION",
            "cpu_time": 0.4800000520000004,
            "extra_info": {
                "Projections": [
                    "posttypeid",
                    "TotalPosts",
                    "AvgViewCount",
                    "AvgScore",
                    "AvgReputation",
                    "TotalUsers",
                    "tags",
                    "TagCount"
                ],
                "Estimated Cardinality": "19250580"
            },
            "cumulative_cardinality": 17815842,
            "operator_type": "PROJECTION",
            "operator_cardinality": 70,
            "cumulative_rows_scanned": 8960942,
            "operator_rows_scanned": 0,
            "operator_timing": 4.51e-7,
            "result_set_size": 4620,
            "children": [
                {
                    "operator_name": "CROSS_PRODUCT",
                    "cpu_time": 0.4799996010000004,
                    "extra_info": {},
                    "cumulative_cardinality": 17815772,
                    "operator_type": "CROSS_PRODUCT",
                    "operator_cardinality": 70,
                    "cumulative_rows_scanned": 8960942,
                    "operator_rows_scanned": 0,
                    "operator_timing": 0.000050375000000000005,
                    "result_set_size": 4620,
                    "children": [
                        {
                            "operator_name": "PROJECTION",
                            "cpu_time": 0.11073134900000005,
                            "extra_info": {
                                "Projections": [
                                    "__internal_decompress_integral_smallint(#0, 1)",
                                    "#1",
                                    "#2",
                                    "#3"
                                ],
                                "Estimated Cardinality": "1925058"
                            },
                            "cumulative_cardinality": 11550362,
                            "operator_type": "PROJECTION",
                            "operator_cardinality": 7,
                            "cumulative_rows_scanned": 3850116,
                            "operator_rows_scanned": 0,
                            "operator_timing": 0.000001723,
                            "result_set_size": 182,
                            "children": [
                                {
                                    "operator_name": "PERFECT_HASH_GROUP_BY",
                                    "cpu_time": 0.11072962600000005,
                                    "extra_info": {
                                        "Groups": "#0",
                                        "Aggregates": [
                                            "count_star()",
                                            "avg(#1)",
                                            "avg(#2)"
                                        ]
                                    },
                                    "cumulative_cardinality": 11550355,
                                    "operator_type": "PERFECT_HASH_GROUP_BY",
                                    "operator_cardinality": 7,
                                    "cumulative_rows_scanned": 3850116,
                                    "operator_rows_scanned": 0,
                                    "operator_timing": 0.04835862800000006,
                                    "result_set_size": 175,
                                    "children": [
                                        {
                                            "operator_name": "PROJECTION",
                                            "cpu_time": 0.062370998,
                                            "extra_info": {
                                                "Projections": [
                                                    "posttypeid",
                                                    "viewcount",
                                                    "score"
                                                ],
                                                "Estimated Cardinality": "3850116"
                                            },
                                            "cumulative_cardinality": 11550348,
                                            "operator_type": "PROJECTION",
                                            "operator_cardinality": 3850116,
                                            "cumulative_rows_scanned": 3850116,
                                            "operator_rows_scanned": 0,
                                            "operator_timing": 0.0002811739999999971,
                                            "result_set_size": 34651044,
                                            "children": [
                                                {
                                                    "operator_name": "PROJECTION",
                                                    "cpu_time": 0.062089824,
                                                    "extra_info": {
                                                        "Projections": [
                                                            "__internal_compress_integral_utinyint(#0, 1)",
                                                            "#1",
                                                            "#2"
                                                        ],
                                                        "Estimated Cardinality": "3850116"
                                                    },
                                                    "cumulative_cardinality": 7700232,
                                                    "operator_type": "PROJECTION",
                                                    "operator_cardinality": 3850116,
                                                    "cumulative_rows_scanned": 3850116,
                                                    "operator_rows_scanned": 0,
                                                    "operator_timing": 0.0008805250000000105,
                                                    "result_set_size": 34651044,
                                                    "children": [
                                                        {
                                                            "operator_name": "READ_PARQUET ",
                                                            "cpu_time": 0.061209298999999995,
                                                            "extra_info": {
                                                                "Function": "READ_PARQUET",
                                                                "Projections": [
                                                                    "posttypeid",
                                                                    "score",
                                                                    "viewcount"
                                                                ],
                                                                "Estimated Cardinality": "3850116"
                                                            },
                                                            "cumulative_cardinality": 3850116,
                                                            "operator_type": "TABLE_SCAN",
                                                            "operator_cardinality": 3850116,
                                                            "cumulative_rows_scanned": 3850116,
                                                            "operator_rows_scanned": 3850116,
                                                            "operator_timing": 0.061209298999999995,
                                                            "result_set_size": 38501160,
                                                            "children": []
                                                        }
                                                    ]
                                                }
                                            ]
                                        }
                                    ]
                                }
                            ]
                        },
                        {
                            "operator_name": "CROSS_PRODUCT",
                            "cpu_time": 0.3692178770000003,
                            "extra_info": {},
                            "cumulative_cardinality": 6265340,
                            "operator_type": "CROSS_PRODUCT",
                            "operator_cardinality": 10,
                            "cumulative_rows_scanned": 5110826,
                            "operator_rows_scanned": 0,
                            "operator_timing": 0.000020479,
                            "result_set_size": 400,
                            "children": [
                                {
                                    "operator_name": "STREAMING_LIMIT",
                                    "cpu_time": 0.3575452180000003,
                                    "extra_info": {},
                                    "cumulative_cardinality": 3743909,
                                    "operator_type": "STREAMING_LIMIT",
                                    "operator_cardinality": 10,
                                    "cumulative_rows_scanned": 3850116,
                                    "operator_rows_scanned": 0,
                                    "operator_timing": 0.000002144,
                                    "result_set_size": 240,
                                    "children": [
                                        {
                                            "operator_name": "ORDER_BY",
                                            "cpu_time": 0.3575430740000003,
                                            "extra_info": {
                                                "Order By": "count_star() DESC"
                                            },
                                            "cumulative_cardinality": 3743899,
                                            "operator_type": "ORDER_BY",
                                            "operator_cardinality": 4096,
                                            "cumulative_rows_scanned": 3850116,
                                            "operator_rows_scanned": 0,
                                            "operator_timing": 0.013972030999999996,
                                            "result_set_size": 98304,
                                            "children": [
                                                {
                                                    "operator_name": "HASH_GROUP_BY",
                                                    "cpu_time": 0.3435710430000003,
                                                    "extra_info": {
                                                        "Groups": "#0",
                                                        "Aggregates": "count_star()",
                                                        "Estimated Cardinality": "385011"
                                                    },
                                                    "cumulative_cardinality": 3739803,
                                                    "operator_type": "HASH_GROUP_BY",
                                                    "operator_cardinality": 403475,
                                                    "cumulative_rows_scanned": 3850116,
                                                    "operator_rows_scanned": 0,
                                                    "operator_timing": 0.11287126899999995,
                                                    "result_set_size": 9683400,
                                                    "children": [
                                                        {
                                                            "operator_name": "PROJECTION",
                                                            "cpu_time": 0.23069977400000033,
                                                            "extra_info": {
                                                                "Projections": "tags",
                                                                "Estimated Cardinality": "770023"
                                                            },
                                                            "cumulative_cardinality": 3336328,
                                                            "operator_type": "PROJECTION",
                                                            "operator_cardinality": 1668164,
                                                            "cumulative_rows_scanned": 3850116,
                                                            "operator_rows_scanned": 0,
                                                            "operator_timing": 0.00030038500000000164,
                                                            "result_set_size": 26690624,
                                                            "children": [
                                                                {
                                                                    "operator_name": "READ_PARQUET ",
                                                                    "cpu_time": 0.23039938900000032,
                                                                    "extra_info": {
                                                                        "Function": "READ_PARQUET",
                                                                        "Projections": "tags",
                                                                        "Filters": "posttypeid=1",
                                                                        "Estimated Cardinality": "770023"
                                                                    },
                                                                    "cumulative_cardinality": 1668164,
                                                                    "operator_type": "TABLE_SCAN",
                                                                    "operator_cardinality": 1668164,
                                                                    "cumulative_rows_scanned": 3850116,
                                                                    "operator_rows_scanned": 3850116,
                                                                    "operator_timing": 0.23039938900000032,
                                                                    "result_set_size": 26690624,
                                                                    "children": []
                                                                }
                                                            ]
                                                        }
                                                    ]
                                                }
                                            ]
                                        }
                                    ]
                                },
                                {
                                    "operator_name": "UNGROUPED_AGGREGATE",
                                    "cpu_time": 0.011652180000000005,
                                    "extra_info": {
                                        "Aggregates": [
                                            "avg(#0)",
                                            "count_star()"
                                        ]
                                    },
                                    "cumulative_cardinality": 2521421,
                                    "operator_type": "UNGROUPED_AGGREGATE",
                                    "operator_cardinality": 1,
                                    "cumulative_rows_scanned": 1260710,
                                    "operator_rows_scanned": 0,
                                    "operator_timing": 0.004866642000000003,
                                    "result_set_size": 16,
                                    "children": [
                                        {
                                            "operator_name": "PROJECTION",
                                            "cpu_time": 0.0067855380000000015,
                                            "extra_info": {
                                                "Projections": "reputation",
                                                "Estimated Cardinality": "1260710"
                                            },
                                            "cumulative_cardinality": 2521420,
                                            "operator_type": "PROJECTION",
                                            "operator_cardinality": 1260710,
                                            "cumulative_rows_scanned": 1260710,
                                            "operator_rows_scanned": 0,
                                            "operator_timing": 0.000048502999999999756,
                                            "result_set_size": 5042840,
                                            "children": [
                                                {
                                                    "operator_name": "READ_PARQUET ",
                                                    "cpu_time": 0.0067370350000000015,
                                                    "extra_info": {
                                                        "Function": "READ_PARQUET",
                                                        "Projections": "reputation",
                                                        "Estimated Cardinality": "1260710"
                                                    },
                                                    "cumulative_cardinality": 1260710,
                                                    "operator_type": "TABLE_SCAN",
                                                    "operator_cardinality": 1260710,
                                                    "cumulative_rows_scanned": 1260710,
                                                    "operator_rows_scanned": 1260710,
                                                    "operator_timing": 0.0067370350000000015,
                                                    "result_set_size": 5042840,
                                                    "children": []
                                                }
                                            ]
                                        }
                                    ]
                                }
                            ]
                        }
                    ]
                }
            ]
        }
    ]
}