{
    "rows_returned": 1024016,
    "query_name": "\nSELECT \n    u.DisplayName AS UserDisplayName,\n    p.Title AS PostTitle,\n    p.CreationDate AS PostCreationDate,\n    p.Score AS PostScore,\n    COUNT(c.Id) AS CommentCount,\n    SUM(CASE WHEN v.VoteTypeId = 2 THEN 1 ELSE 0 END) AS UpVoteCount,\n    SUM(CASE WHEN v.VoteTypeId = 3 THEN 1 ELSE 0 END) AS DownVoteCount,\n    STRING_AGG(t.TagName, ',') AS Tags\nFROM \n    Users u\nJOIN \n    Posts p ON u.Id = p.OwnerUserId\nLEFT JOIN \n    Comments c ON p.Id = c.PostId\nLEFT JOIN \n    Votes v ON p.Id = v.PostId\nLEFT JOIN \n    PostLinks pl ON pl.PostId = p.Id\nLEFT JOIN \n    Tags t ON t.Id = pl.RelatedPostId\nWHERE \n    p.CreationDate >= '2020-01-01'\nGROUP BY \n    u.DisplayName, p.Title, p.CreationDate, p.Score\nORDER BY \n    p.Score DESC, p.CreationDate DESC;\n",
    "blocked_thread_time": 0.0,
    "cpu_time": 3.229431834000002,
    "extra_info": {},
    "cumulative_cardinality": 80963659,
    "cumulative_rows_scanned": 25511708,
    "result_set_size": 102401600,
    "latency": 5.954975582,
    "children": [
        {
            "operator_name": "PROJECTION",
            "cpu_time": 3.229431834000002,
            "extra_info": {
                "Projections": [
                    "#0",
                    "#1",
                    "#2",
                    "__internal_decompress_integral_integer(#3, -72)",
                    "#4",
                    "#5",
                    "#6",
                    "#7"
                ],
                "Estimated Cardinality": "3850116"
            },
            "cumulative_cardinality": 80963659,
            "operator_type": "PROJECTION",
            "operator_cardinality": 1024016,
            "cumulative_rows_scanned": 25511708,
            "operator_rows_scanned": 0,
            "operator_timing": 0.0005353210000000003,
            "result_set_size": 102401600,
            "children": [
                {
                    "operator_name": "ORDER_BY",
                    "cpu_time": 3.228896513000002,
                    "extra_info": {
                        "Order By": [
                            "p.Score DESC",
                            "p.CreationDate DESC"
                        ]
                    },
                    "cumulative_cardinality": 79939643,
                    "operator_type": "ORDER_BY",
                    "operator_cardinality": 1024016,
                    "cumulative_rows_scanned": 25511708,
                    "operator_rows_scanned": 0,
                    "operator_timing": 0.09010268299999998,
                    "result_set_size": 100353568,
                    "children": [
                        {
                            "operator_name": "PROJECTION",
                            "cpu_time": 3.138793830000002,
                            "extra_info": {
                                "Projections": [
                                    "#0",
                                    "#1",
                                    "#2",
                                    "__internal_compress_integral_usmallint(#3, -72)",
                                    "#4",
                                    "#5",
                                    "#6",
                                    "#7"
                                ],
                                "Estimated Cardinality": "3850116"
                            },
                            "cumulative_cardinality": 78915627,
                            "operator_type": "PROJECTION",
                            "operator_cardinality": 1024016,
                            "cumulative_rows_scanned": 25511708,
                            "operator_rows_scanned": 0,
                            "operator_timing": 0.00042609399999999985,
                            "result_set_size": 100353568,
                            "children": [
                                {
                                    "operator_name": "PROJECTION",
                                    "cpu_time": 3.138367736000002,
                                    "extra_info": {
                                        "Projections": [
                                            "#0",
                                            "#1",
                                            "#2",
                                            "__internal_decompress_integral_integer(#3, -72)",
                                            "#4",
                                            "#5",
                                            "#6",
                                            "#7"
                                        ],
                                        "Estimated Cardinality": "3850116"
                                    },
                                    "cumulative_cardinality": 77891611,
                                    "operator_type": "PROJECTION",
                                    "operator_cardinality": 1024016,
                                    "cumulative_rows_scanned": 25511708,
                                    "operator_rows_scanned": 0,
                                    "operator_timing": 0.0004777609999999998,
                                    "result_set_size": 102401600,
                                    "children": [
                                        {
                                            "operator_name": "HASH_GROUP_BY",
                                            "cpu_time": 3.137889975000002,
                                            "extra_info": {
                                                "Groups": [
                                                    "#0",
                                                    "#1",
                                                    "#2",
                                                    "#3"
                                                ],
                                                "Aggregates": [
                                                    "count(#4)",
                                                    "sum(#5)",
                                                    "sum(#6)",
                                                    "string_agg(#7)"
                                                ],
                                                "Estimated Cardinality": "3850116"
                                            },
                                            "cumulative_cardinality": 76867595,
                                            "operator_type": "HASH_GROUP_BY",
                                            "operator_cardinality": 1024016,
                                            "cumulative_rows_scanned": 25511708,
                                            "operator_rows_scanned": 0,
                                            "operator_timing": 0.9690387520000012,
                                            "result_set_size": 100353568,
                                            "children": [
                                                {
                                                    "operator_name": "PROJECTION",
                                                    "cpu_time": 2.1688512230000008,
                                                    "extra_info": {
                                                        "Projections": [
                                                            "displayname",
                                                            "title",
                                                            "creationdate",
                                                            "score",
                                                            "id",
                                                            "CASE  WHEN ((votetypeid = 2)) THEN (1) ELSE 0 END",
                                                            "CASE  WHEN ((votetypeid = 3)) THEN (1) ELSE 0 END",
                                                            "tagname"
                                                        ],
                                                        "Estimated Cardinality": "12744093"
                                                    },
                                                    "cumulative_cardinality": 75843579,
                                                    "operator_type": "PROJECTION",
                                                    "operator_cardinality": 7309400,
                                                    "cumulative_rows_scanned": 25511708,
                                                    "operator_rows_scanned": 0,
                                                    "operator_timing": 0.05916169099999978,
                                                    "result_set_size": 511658000,
                                                    "children": [
                                                        {
                                                            "operator_name": "PROJECTION",
                                                            "cpu_time": 2.109689532000001,
                                                            "extra_info": {
                                                                "Projections": [
                                                                    "#1",
                                                                    "#2",
                                                                    "__internal_compress_integral_usmallint(#3, -72)",
                                                                    "#4",
                                                                    "#0",
                                                                    "#5",
                                                                    "#6"
                                                                ],
                                                                "Estimated Cardinality": "12744093"
                                                            },
                                                            "cumulative_cardinality": 68534179,
                                                            "operator_type": "PROJECTION",
                                                            "operator_cardinality": 7309400,
                                                            "cumulative_rows_scanned": 25511708,
                                                            "operator_rows_scanned": 0,
                                                            "operator_timing": 0.01579176600000003,
                                                            "result_set_size": 467801600,
                                                            "children": [
                                                                {
                                                                    "operator_name": "HASH_JOIN",
                                                                    "cpu_time": 2.093897766000001,
                                                                    "extra_info": {
                                                                        "Join Type": "LEFT",
                                                                        "Conditions": "relatedpostid = id",
                                                                        "Estimated Cardinality": "12744093"
                                                                    },
                                                                    "cumulative_cardinality": 61224779,
                                                                    "operator_type": "HASH_JOIN",
                                                                    "operator_cardinality": 7309400,
                                                                    "cumulative_rows_scanned": 25511708,
                                                                    "operator_rows_scanned": 0,
                                                                    "operator_timing": 0.09568120400000027,
                                                                    "result_set_size": 482420400,
                                                                    "children": [
                                                                        {
                                                                            "operator_name": "HASH_JOIN",
                                                                            "cpu_time": 1.9977388100000006,
                                                                            "extra_info": {
                                                                                "Join Type": "LEFT",
                                                                                "Conditions": "id = postid",
                                                                                "Estimated Cardinality": "12744093"
                                                                            },
                                                                            "cumulative_cardinality": 53913403,
                                                                            "operator_type": "HASH_JOIN",
                                                                            "operator_cardinality": 7309400,
                                                                            "cumulative_rows_scanned": 25509732,
                                                                            "operator_rows_scanned": 0,
                                                                            "operator_timing": 0.20846719700000169,
                                                                            "result_set_size": 394707600,
                                                                            "children": [
                                                                                {
                                                                                    "operator_name": "PROJECTION",
                                                                                    "cpu_time": 1.783719729999999,
                                                                                    "extra_info": {
                                                                                        "Projections": [
                                                                                            "#0",
                                                                                            "#1",
                                                                                            "#2",
                                                                                            "#3",
                                                                                            "#4",
                                                                                            "#5",
                                                                                            "__internal_decompress_integral_smallint(#6, 1)"
                                                                                        ],
                                                                                        "Estimated Cardinality": "12744093"
                                                                                    },
                                                                                    "cumulative_cardinality": 46191012,
                                                                                    "operator_type": "PROJECTION",
                                                                                    "operator_cardinality": 6395276,
                                                                                    "cumulative_rows_scanned": 25096741,
                                                                                    "operator_rows_scanned": 0,
                                                                                    "operator_timing": 0.007329595999999986,
                                                                                    "result_set_size": 345344904,
                                                                                    "children": [
                                                                                        {
                                                                                            "operator_name": "HASH_JOIN",
                                                                                            "cpu_time": 1.776390133999999,
                                                                                            "extra_info": {
                                                                                                "Join Type": "LEFT",
                                                                                                "Conditions": "id = postid",
                                                                                                "Estimated Cardinality": "12744093"
                                                                                            },
                                                                                            "cumulative_cardinality": 39795736,
                                                                                            "operator_type": "HASH_JOIN",
                                                                                            "operator_cardinality": 6395276,
                                                                                            "cumulative_rows_scanned": 25096741,
                                                                                            "operator_rows_scanned": 0,
                                                                                            "operator_timing": 0.8052286959999992,
                                                                                            "result_set_size": 338949628,
                                                                                            "children": [
                                                                                                {
                                                                                                    "operator_name": "HASH_JOIN",
                                                                                                    "cpu_time": 0.8333787389999999,
                                                                                                    "extra_info": {
                                                                                                        "Join Type": "RIGHT",
                                                                                                        "Conditions": "postid = id",
                                                                                                        "Estimated Cardinality": "7241822"
                                                                                                    },
                                                                                                    "cumulative_cardinality": 7912274,
                                                                                                    "operator_type": "HASH_JOIN",
                                                                                                    "operator_cardinality": 2459415,
                                                                                                    "cumulative_rows_scanned": 12352648,
                                                                                                    "operator_rows_scanned": 0,
                                                                                                    "operator_timing": 0.27923169899999994,
                                                                                                    "result_set_size": 127889580,
                                                                                                    "children": [
                                                                                                        {
                                                                                                            "operator_name": "READ_PARQUET ",
                                                                                                            "cpu_time": 0.05492521900000001,
                                                                                                            "extra_info": {
                                                                                                                "Function": "READ_PARQUET",
                                                                                                                "Projections": [
                                                                                                                    "id",
                                                                                                                    "postid"
                                                                                                                ],
                                                                                                                "Estimated Cardinality": "7241822"
                                                                                                            },
                                                                                                            "cumulative_cardinality": 2106068,
                                                                                                            "operator_type": "TABLE_SCAN",
                                                                                                            "operator_cardinality": 2106068,
                                                                                                            "cumulative_rows_scanned": 7241822,
                                                                                                            "operator_rows_scanned": 7241822,
                                                                                                            "operator_timing": 0.05492521900000001,
                                                                                                            "result_set_size": 16848544,
                                                                                                            "children": []
                                                                                                        },
                                                                                                        {
                                                                                                            "operator_name": "HASH_JOIN",
                                                                                                            "cpu_time": 0.49922182099999995,
                                                                                                            "extra_info": {
                                                                                                                "Join Type": "INNER",
                                                                                                                "Conditions": "id = owneruserid",
                                                                                                                "Estimated Cardinality": "770023"
                                                                                                            },
                                                                                                            "cumulative_cardinality": 3346791,
                                                                                                            "operator_type": "HASH_JOIN",
                                                                                                            "operator_cardinality": 1024305,
                                                                                                            "cumulative_rows_scanned": 5110826,
                                                                                                            "operator_rows_scanned": 0,
                                                                                                            "operator_timing": 0.19787341299999983,
                                                                                                            "result_set_size": 49166640,
                                                                                                            "children": [
                                                                                                                {
                                                                                                                    "operator_name": "READ_PARQUET ",
                                                                                                                    "cpu_time": 0.10244169000000007,
                                                                                                                    "extra_info": {
                                                                                                                        "Function": "READ_PARQUET",
                                                                                                                        "Projections": [
                                                                                                                            "id",
                                                                                                                            "displayname"
                                                                                                                        ],
                                                                                                                        "Filters": "id<=1416539",
                                                                                                                        "Estimated Cardinality": "1260710"
                                                                                                                    },
                                                                                                                    "cumulative_cardinality": 1260679,
                                                                                                                    "operator_type": "TABLE_SCAN",
                                                                                                                    "operator_cardinality": 1260679,
                                                                                                                    "cumulative_rows_scanned": 1260710,
                                                                                                                    "operator_rows_scanned": 1260710,
                                                                                                                    "operator_timing": 0.10244169000000007,
                                                                                                                    "result_set_size": 25213580,
                                                                                                                    "children": []
                                                                                                                },
                                                                                                                {
                                                                                                                    "operator_name": "READ_PARQUET ",
                                                                                                                    "cpu_time": 0.19890671800000004,
                                                                                                                    "extra_info": {
                                                                                                                        "Function": "READ_PARQUET",
                                                                                                                        "Projections": [
                                                                                                                            "id",
                                                                                                                            "creationdate",
                                                                                                                            "score",
                                                                                                                            "owneruserid",
                                                                                                                            "title"
                                                                                                                        ],
                                                                                                                        "Filters": "creationdate>='2020-01-01 00:00:00'::TIMESTAMP",
                                                                                                                        "Estimated Cardinality": "770023"
                                                                                                                    },
                                                                                                                    "cumulative_cardinality": 1061807,
                                                                                                                    "operator_type": "TABLE_SCAN",
                                                                                                                    "operator_cardinality": 1061807,
                                                                                                                    "cumulative_rows_scanned": 3850116,
                                                                                                                    "operator_rows_scanned": 3850116,
                                                                                                                    "operator_timing": 0.19890671800000004,
                                                                                                                    "result_set_size": 38225052,
                                                                                                                    "children": []
                                                                                                                }
                                                                                                            ]
                                                                                                        }
                                                                                                    ]
                                                                                                },
                                                                                                {
                                                                                                    "operator_name": "PROJECTION",
                                                                                                    "cpu_time": 0.1377826989999999,
                                                                                                    "extra_info": {
                                                                                                        "Projections": [
                                                                                                            "#0",
                                                                                                            "__internal_compress_integral_utinyint(#1, 1)"
                                                                                                        ],
                                                                                                        "Estimated Cardinality": "12744093"
                                                                                                    },
                                                                                                    "cumulative_cardinality": 25488186,
                                                                                                    "operator_type": "PROJECTION",
                                                                                                    "operator_cardinality": 12744093,
                                                                                                    "cumulative_rows_scanned": 12744093,
                                                                                                    "operator_rows_scanned": 0,
                                                                                                    "operator_timing": 0.0031419660000001006,
                                                                                                    "result_set_size": 63720465,
                                                                                                    "children": [
                                                                                                        {
                                                                                                            "operator_name": "READ_PARQUET ",
                                                                                                            "cpu_time": 0.1346407329999998,
                                                                                                            "extra_info": {
                                                                                                                "Function": "READ_PARQUET",
                                                                                                                "Projections": [
                                                                                                                    "postid",
                                                                                                                    "votetypeid"
                                                                                                                ],
                                                                                                                "Estimated Cardinality": "12744093"
                                                                                                            },
                                                                                                            "cumulative_cardinality": 12744093,
                                                                                                            "operator_type": "TABLE_SCAN",
                                                                                                            "operator_cardinality": 12744093,
                                                                                                            "cumulative_rows_scanned": 12744093,
                                                                                                            "operator_rows_scanned": 12744093,
                                                                                                            "operator_timing": 0.1346407329999998,
                                                                                                            "result_set_size": 76464558,
                                                                                                            "children": []
                                                                                                        }
                                                                                                    ]
                                                                                                }
                                                                                            ]
                                                                                        }
                                                                                    ]
                                                                                },
                                                                                {
                                                                                    "operator_name": "READ_PARQUET ",
                                                                                    "cpu_time": 0.0055518830000000005,
                                                                                    "extra_info": {
                                                                                        "Function": "READ_PARQUET",
                                                                                        "Projections": [
                                                                                            "postid",
                                                                                            "relatedpostid"
                                                                                        ],
                                                                                        "Estimated Cardinality": "412991"
                                                                                    },
                                                                                    "cumulative_cardinality": 412991,
                                                                                    "operator_type": "TABLE_SCAN",
                                                                                    "operator_cardinality": 412991,
                                                                                    "cumulative_rows_scanned": 412991,
                                                                                    "operator_rows_scanned": 412991,
                                                                                    "operator_timing": 0.0055518830000000005,
                                                                                    "result_set_size": 3303928,
                                                                                    "children": []
                                                                                }
                                                                            ]
                                                                        },
                                                                        {
                                                                            "operator_name": "READ_PARQUET ",
                                                                            "cpu_time": 0.000477752,
                                                                            "extra_info": {
                                                                                "Function": "READ_PARQUET",
                                                                                "Projections": [
                                                                                    "id",
                                                                                    "tagname"
                                                                                ],
                                                                                "Estimated Cardinality": "1976"
                                                                            },
                                                                            "cumulative_cardinality": 1976,
                                                                            "operator_type": "TABLE_SCAN",
                                                                            "operator_cardinality": 1976,
                                                                            "cumulative_rows_scanned": 1976,
                                                                            "operator_rows_scanned": 1976,
                                                                            "operator_timing": 0.000477752,
                                                                            "result_set_size": 39520,
                                                                            "children": []
                                                                        }
                                                                    ]
                                                                }
                                                            ]
                                                        }
                                                    ]
                                                }
                                            ]
                                        }
                                    ]
                                }
                            ]
                        }
                    ]
                }
            ]
        }
    ]
}