{
    "rows_returned": 98,
    "query_name": "WITH PostDetails AS (\n    SELECT \n        pt.Name AS PostTypeName,\n        COUNT(p.Id) AS PostCount,\n        AVG(p.Score) AS AvgScore,\n        COUNT(DISTINCT v.UserId) AS UserCount\n    FROM \n        Posts p\n    JOIN \n        PostTypes pt ON p.PostTypeId = pt.Id\n    LEFT JOIN \n        Votes v ON p.Id = v.PostId\n    GROUP BY \n        pt.Name\n), \nVoteDetails AS (\n    SELECT \n        vt.Name AS VoteTypeName,\n        COUNT(v.Id) AS VoteCount\n    FROM \n        Votes v\n    JOIN \n        VoteTypes vt ON v.VoteTypeId = vt.Id\n    GROUP BY \n        vt.Name\n)\n\nSELECT \n    pd.PostTypeName,\n    pd.PostCount,\n    pd.AvgScore,\n    pd.UserCount,\n    vd.VoteTypeName,\n    vd.VoteCount\nFROM \n    PostDetails pd\nCROSS JOIN \n    VoteDetails vd\nORDER BY \n    pd.PostTypeName, vd.VoteTypeName;",
    "blocked_thread_time": 0.0,
    "cpu_time": 2.073881613000004,
    "extra_info": {},
    "cumulative_cardinality": 96595675,
    "cumulative_rows_scanned": 29338325,
    "result_set_size": 6272,
    "latency": 2.248255618,
    "children": [
        {
            "operator_name": "ORDER_BY",
            "cpu_time": 2.073881613000004,
            "extra_info": {
                "Order By": [
                    "pd.PostTypeName ASC",
                    "vd.VoteTypeName ASC"
                ]
            },
            "cumulative_cardinality": 96595675,
            "operator_type": "ORDER_BY",
            "operator_cardinality": 98,
            "cumulative_rows_scanned": 29338325,
            "operator_rows_scanned": 0,
            "operator_timing": 0.00004321,
            "result_set_size": 6272,
            "children": [
                {
                    "operator_name": "PROJECTION",
                    "cpu_time": 2.0738384030000043,
                    "extra_info": {
                        "Projections": [
                            "PostTypeName",
                            "PostCount",
                            "AvgScore",
                            "UserCount",
                            "VoteTypeName",
                            "VoteCount"
                        ],
                        "Estimated Cardinality": "24533116257336"
                    },
                    "cumulative_cardinality": 96595577,
                    "operator_type": "PROJECTION",
                    "operator_cardinality": 98,
                    "cumulative_rows_scanned": 29338325,
                    "operator_rows_scanned": 0,
                    "operator_timing": 0.000001352,
                    "result_set_size": 6272,
                    "children": [
                        {
                            "operator_name": "CROSS_PRODUCT",
                            "cpu_time": 2.0738370510000044,
                            "extra_info": {},
                            "cumulative_cardinality": 96595479,
                            "operator_type": "CROSS_PRODUCT",
                            "operator_cardinality": 98,
                            "cumulative_rows_scanned": 29338325,
                            "operator_rows_scanned": 0,
                            "operator_timing": 0.000057969,
                            "result_set_size": 6272,
                            "children": [
                                {
                                    "operator_name": "HASH_GROUP_BY",
                                    "cpu_time": 0.46728309300000065,
                                    "extra_info": {
                                        "Groups": "#0",
                                        "Aggregates": "count_star()",
                                        "Estimated Cardinality": "6372046"
                                    },
                                    "cumulative_cardinality": 38232308,
                                    "operator_type": "HASH_GROUP_BY",
                                    "operator_cardinality": 14,
                                    "cumulative_rows_scanned": 12744108,
                                    "operator_rows_scanned": 0,
                                    "operator_timing": 0.2199752859999999,
                                    "result_set_size": 336,
                                    "children": [
                                        {
                                            "operator_name": "PROJECTION",
                                            "cpu_time": 0.24730780700000074,
                                            "extra_info": {
                                                "Projections": "name",
                                                "Estimated Cardinality": "12744093"
                                            },
                                            "cumulative_cardinality": 38232294,
                                            "operator_type": "PROJECTION",
                                            "operator_cardinality": 12744093,
                                            "cumulative_rows_scanned": 12744108,
                                            "operator_rows_scanned": 0,
                                            "operator_timing": 0.0006206349999999971,
                                            "result_set_size": 203905488,
                                            "children": [
                                                {
                                                    "operator_name": "HASH_JOIN",
                                                    "cpu_time": 0.24668717200000073,
                                                    "extra_info": {
                                                        "Join Type": "INNER",
                                                        "Conditions": "votetypeid = id",
                                                        "Estimated Cardinality": "12744093"
                                                    },
                                                    "cumulative_cardinality": 25488201,
                                                    "operator_type": "HASH_JOIN",
                                                    "operator_cardinality": 12744093,
                                                    "cumulative_rows_scanned": 12744108,
                                                    "operator_rows_scanned": 0,
                                                    "operator_timing": 0.04154305600000022,
                                                    "result_set_size": 280370046,
                                                    "children": [
                                                        {
                                                            "operator_name": "READ_PARQUET ",
                                                            "cpu_time": 0.2048430920000005,
                                                            "extra_info": {
                                                                "Function": "READ_PARQUET",
                                                                "Projections": [
                                                                    "id",
                                                                    "votetypeid"
                                                                ],
                                                                "Estimated Cardinality": "12744093"
                                                            },
                                                            "cumulative_cardinality": 12744093,
                                                            "operator_type": "TABLE_SCAN",
                                                            "operator_cardinality": 12744093,
                                                            "cumulative_rows_scanned": 12744093,
                                                            "operator_rows_scanned": 12744093,
                                                            "operator_timing": 0.2048430920000005,
                                                            "result_set_size": 76464558,
                                                            "children": []
                                                        },
                                                        {
                                                            "operator_name": "READ_PARQUET ",
                                                            "cpu_time": 0.000301024,
                                                            "extra_info": {
                                                                "Function": "READ_PARQUET",
                                                                "Projections": [
                                                                    "id",
                                                                    "name"
                                                                ],
                                                                "Estimated Cardinality": "15"
                                                            },
                                                            "cumulative_cardinality": 15,
                                                            "operator_type": "TABLE_SCAN",
                                                            "operator_cardinality": 15,
                                                            "cumulative_rows_scanned": 15,
                                                            "operator_rows_scanned": 15,
                                                            "operator_timing": 0.000301024,
                                                            "result_set_size": 270,
                                                            "children": []
                                                        }
                                                    ]
                                                }
                                            ]
                                        }
                                    ]
                                },
                                {
                                    "operator_name": "HASH_GROUP_BY",
                                    "cpu_time": 1.606495989000004,
                                    "extra_info": {
                                        "Groups": "#0",
                                        "Aggregates": [
                                            "count_star()",
                                            "avg(#1)",
                                            "count(DISTINCT #2)"
                                        ],
                                        "Estimated Cardinality": "3850116"
                                    },
                                    "cumulative_cardinality": 58363073,
                                    "operator_type": "HASH_GROUP_BY",
                                    "operator_cardinality": 7,
                                    "cumulative_rows_scanned": 16594217,
                                    "operator_rows_scanned": 0,
                                    "operator_timing": 0.48756545000000046,
                                    "result_set_size": 280,
                                    "children": [
                                        {
                                            "operator_name": "PROJECTION",
                                            "cpu_time": 1.1189305390000035,
                                            "extra_info": {
                                                "Projections": [
                                                    "name",
                                                    "score",
                                                    "userid"
                                                ],
                                                "Estimated Cardinality": "12744093"
                                            },
                                            "cumulative_cardinality": 58363066,
                                            "operator_type": "PROJECTION",
                                            "operator_cardinality": 11356206,
                                            "cumulative_rows_scanned": 16594217,
                                            "operator_rows_scanned": 0,
                                            "operator_timing": 0.0015480260000000111,
                                            "result_set_size": 272548944,
                                            "children": [
                                                {
                                                    "operator_name": "PROJECTION",
                                                    "cpu_time": 1.1173825130000035,
                                                    "extra_info": {
                                                        "Projections": [
                                                            "#0",
                                                            "#1",
                                                            "__internal_decompress_integral_integer(#2, -72)",
                                                            "#3"
                                                        ],
                                                        "Estimated Cardinality": "12744093"
                                                    },
                                                    "cumulative_cardinality": 47006860,
                                                    "operator_type": "PROJECTION",
                                                    "operator_cardinality": 11356206,
                                                    "cumulative_rows_scanned": 16594217,
                                                    "operator_rows_scanned": 0,
                                                    "operator_timing": 0.005313772999999996,
                                                    "result_set_size": 317973768,
                                                    "children": [
                                                        {
                                                            "operator_name": "HASH_JOIN",
                                                            "cpu_time": 1.1120687400000036,
                                                            "extra_info": {
                                                                "Join Type": "RIGHT",
                                                                "Conditions": "postid = id",
                                                                "Estimated Cardinality": "12744093"
                                                            },
                                                            "cumulative_cardinality": 35650654,
                                                            "operator_type": "HASH_JOIN",
                                                            "operator_cardinality": 11356206,
                                                            "cumulative_rows_scanned": 16594217,
                                                            "operator_rows_scanned": 0,
                                                            "operator_timing": 0.8087927900000038,
                                                            "result_set_size": 295261356,
                                                            "children": [
                                                                {
                                                                    "operator_name": "READ_PARQUET ",
                                                                    "cpu_time": 0.1992513589999997,
                                                                    "extra_info": {
                                                                        "Function": "READ_PARQUET",
                                                                        "Projections": [
                                                                            "postid",
                                                                            "userid"
                                                                        ],
                                                                        "Estimated Cardinality": "12744093"
                                                                    },
                                                                    "cumulative_cardinality": 12744093,
                                                                    "operator_type": "TABLE_SCAN",
                                                                    "operator_cardinality": 12744093,
                                                                    "cumulative_rows_scanned": 12744093,
                                                                    "operator_rows_scanned": 12744093,
                                                                    "operator_timing": 0.1992513589999997,
                                                                    "result_set_size": 101952744,
                                                                    "children": []
                                                                },
                                                                {
                                                                    "operator_name": "PROJECTION",
                                                                    "cpu_time": 0.10402459099999989,
                                                                    "extra_info": {
                                                                        "Projections": [
                                                                            "#0",
                                                                            "__internal_compress_integral_usmallint(#1, -72)",
                                                                            "#2"
                                                                        ],
                                                                        "Estimated Cardinality": "3850116"
                                                                    },
                                                                    "cumulative_cardinality": 11550355,
                                                                    "operator_type": "PROJECTION",
                                                                    "operator_cardinality": 3850116,
                                                                    "cumulative_rows_scanned": 3850124,
                                                                    "operator_rows_scanned": 0,
                                                                    "operator_timing": 0.001372113000000004,
                                                                    "result_set_size": 84702552,
                                                                    "children": [
                                                                        {
                                                                            "operator_name": "HASH_JOIN",
                                                                            "cpu_time": 0.10265247799999988,
                                                                            "extra_info": {
                                                                                "Join Type": "INNER",
                                                                                "Conditions": "posttypeid = id",
                                                                                "Estimated Cardinality": "3850116"
                                                                            },
                                                                            "cumulative_cardinality": 7700239,
                                                                            "operator_type": "HASH_JOIN",
                                                                            "operator_cardinality": 3850116,
                                                                            "cumulative_rows_scanned": 3850124,
                                                                            "operator_rows_scanned": 0,
                                                                            "operator_timing": 0.008076865000000015,
                                                                            "result_set_size": 92402784,
                                                                            "children": [
                                                                                {
                                                                                    "operator_name": "READ_PARQUET ",
                                                                                    "cpu_time": 0.09425704699999986,
                                                                                    "extra_info": {
                                                                                        "Function": "READ_PARQUET",
                                                                                        "Projections": [
                                                                                            "id",
                                                                                            "posttypeid",
                                                                                            "score"
                                                                                        ],
                                                                                        "Estimated Cardinality": "3850116"
                                                                                    },
                                                                                    "cumulative_cardinality": 3850116,
                                                                                    "operator_type": "TABLE_SCAN",
                                                                                    "operator_cardinality": 3850116,
                                                                                    "cumulative_rows_scanned": 3850116,
                                                                                    "operator_rows_scanned": 3850116,
                                                                                    "operator_timing": 0.09425704699999986,
                                                                                    "result_set_size": 38501160,
                                                                                    "children": []
                                                                                },
                                                                                {
                                                                                    "operator_name": "READ_PARQUET ",
                                                                                    "cpu_time": 0.000318566,
                                                                                    "extra_info": {
                                                                                        "Function": "READ_PARQUET",
                                                                                        "Projections": [
                                                                                            "id",
                                                                                            "name"
                                                                                        ],
                                                                                        "Filters": "id<=7",
                                                                                        "Estimated Cardinality": "8"
                                                                                    },
                                                                                    "cumulative_cardinality": 7,
                                                                                    "operator_type": "TABLE_SCAN",
                                                                                    "operator_cardinality": 7,
                                                                                    "cumulative_rows_scanned": 8,
                                                                                    "operator_rows_scanned": 8,
                                                                                    "operator_timing": 0.000318566,
                                                                                    "result_set_size": 126,
                                                                                    "children": []
                                                                                }
                                                                            ]
                                                                        }
                                                                    ]
                                                                }
                                                            ]
                                                        }
                                                    ]
                                                }
                                            ]
                                        }
                                    ]
                                }
                            ]
                        }
                    ]
                }
            ]
        }
    ]
}