{
    "rows_returned": 309964,
    "query_name": "\nWITH UserStats AS (\n    SELECT \n        u.Id AS UserId,\n        u.DisplayName,\n        COUNT(DISTINCT p.Id) AS PostCount,\n        SUM(CASE WHEN p.PostTypeId = 1 THEN 1 ELSE 0 END) AS QuestionCount,\n        SUM(CASE WHEN p.PostTypeId = 2 THEN 1 ELSE 0 END) AS AnswerCount,\n        SUM(CASE WHEN v.VoteTypeId = 2 THEN 1 ELSE 0 END) AS UpVoteCount,\n        SUM(CASE WHEN v.VoteTypeId = 3 THEN 1 ELSE 0 END) AS DownVoteCount,\n        AVG(p.Score) AS AverageScore\n    FROM Users u\n    LEFT JOIN Posts p ON u.Id = p.OwnerUserId\n    LEFT JOIN Votes v ON p.Id = v.PostId\n    GROUP BY u.Id, u.DisplayName\n),\nPostHistoryStats AS (\n    SELECT \n        p.Id AS PostId,\n        COUNT(ph.Id) AS HistoryCount,\n        MAX(ph.CreationDate) AS LastEditDate\n    FROM Posts p\n    LEFT JOIN PostHistory ph ON p.Id = ph.PostId\n    GROUP BY p.Id\n)\nSELECT \n    us.UserId, \n    us.DisplayName,\n    us.PostCount,\n    us.QuestionCount,\n    us.AnswerCount,\n    us.UpVoteCount,\n    us.DownVoteCount,\n    us.AverageScore,\n    phs.HistoryCount,\n    phs.LastEditDate\nFROM UserStats us\nJOIN PostHistoryStats phs ON us.PostCount > 0 AND us.UserId = phs.PostId\nORDER BY us.PostCount DESC;\n",
    "blocked_thread_time": 0.0,
    "cpu_time": 5.418446719000006,
    "extra_info": {},
    "cumulative_cardinality": 111965892,
    "cumulative_rows_scanned": 33500279,
    "result_set_size": 35955824,
    "latency": 7.665557341,
    "children": [
        {
            "operator_name": "ORDER_BY",
            "cpu_time": 5.418446719000006,
            "extra_info": {
                "Order By": "us.PostCount DESC"
            },
            "cumulative_cardinality": 111965892,
            "operator_type": "ORDER_BY",
            "operator_cardinality": 309964,
            "cumulative_rows_scanned": 33500279,
            "operator_rows_scanned": 0,
            "operator_timing": 0.025991056000000016,
            "result_set_size": 35955824,
            "children": [
                {
                    "operator_name": "PROJECTION",
                    "cpu_time": 5.392455663000006,
                    "extra_info": {
                        "Projections": [
                            "UserId",
                            "displayname",
                            "PostCount",
                            "QuestionCount",
                            "AnswerCount",
                            "UpVoteCount",
                            "DownVoteCount",
                            "AverageScore",
                            "HistoryCount",
                            "LastEditDate"
                        ],
                        "Estimated Cardinality": "770023"
                    },
                    "cumulative_cardinality": 111655928,
                    "operator_type": "PROJECTION",
                    "operator_cardinality": 309964,
                    "cumulative_rows_scanned": 33500279,
                    "operator_rows_scanned": 0,
                    "operator_timing": 0.0003492849999999999,
                    "result_set_size": 35955824,
                    "children": [
                        {
                            "operator_name": "HASH_JOIN",
                            "cpu_time": 5.392106378000006,
                            "extra_info": {
                                "Join Type": "INNER",
                                "Conditions": "PostId = UserId",
                                "Estimated Cardinality": "770023"
                            },
                            "cumulative_cardinality": 111345964,
                            "operator_type": "HASH_JOIN",
                            "operator_cardinality": 309964,
                            "cumulative_rows_scanned": 33500279,
                            "operator_rows_scanned": 0,
                            "operator_timing": 0.0771510400000001,
                            "result_set_size": 35955824,
                            "children": [
                                {
                                    "operator_name": "HASH_GROUP_BY",
                                    "cpu_time": 1.3042024200000004,
                                    "extra_info": {
                                        "Groups": "#0",
                                        "Aggregates": [
                                            "count(#1)",
                                            "max(#2)"
                                        ],
                                        "Estimated Cardinality": "3850116"
                                    },
                                    "cumulative_cardinality": 35606946,
                                    "operator_type": "HASH_GROUP_BY",
                                    "operator_cardinality": 1156110,
                                    "cumulative_rows_scanned": 15645360,
                                    "operator_rows_scanned": 0,
                                    "operator_timing": 0.18896518000000012,
                                    "result_set_size": 23122200,
                                    "children": [
                                        {
                                            "operator_name": "PROJECTION",
                                            "cpu_time": 1.1152372400000004,
                                            "extra_info": {
                                                "Projections": [
                                                    "id",
                                                    "id",
                                                    "creationdate"
                                                ],
                                                "Estimated Cardinality": "11795244"
                                            },
                                            "cumulative_cardinality": 34450836,
                                            "operator_type": "PROJECTION",
                                            "operator_cardinality": 3505116,
                                            "cumulative_rows_scanned": 15645360,
                                            "operator_rows_scanned": 0,
                                            "operator_timing": 0.0005064689999999939,
                                            "result_set_size": 56081856,
                                            "children": [
                                                {
                                                    "operator_name": "FILTER",
                                                    "cpu_time": 1.1147307710000003,
                                                    "extra_info": {
                                                        "Expression": "(id <= 1416570)",
                                                        "Estimated Cardinality": "11795244"
                                                    },
                                                    "cumulative_cardinality": 30945720,
                                                    "operator_type": "FILTER",
                                                    "operator_cardinality": 3505116,
                                                    "cumulative_rows_scanned": 15645360,
                                                    "operator_rows_scanned": 0,
                                                    "operator_timing": 0.02477502199999997,
                                                    "result_set_size": 56081856,
                                                    "children": [
                                                        {
                                                            "operator_name": "HASH_JOIN",
                                                            "cpu_time": 1.0899557490000003,
                                                            "extra_info": {
                                                                "Join Type": "RIGHT",
                                                                "Conditions": "postid = id",
                                                                "Estimated Cardinality": "11795244"
                                                            },
                                                            "cumulative_cardinality": 27440604,
                                                            "operator_type": "HASH_JOIN",
                                                            "operator_cardinality": 11795244,
                                                            "cumulative_rows_scanned": 15645360,
                                                            "operator_rows_scanned": 0,
                                                            "operator_timing": 0.6996742839999999,
                                                            "result_set_size": 188723904,
                                                            "children": [
                                                                {
                                                                    "operator_name": "READ_PARQUET ",
                                                                    "cpu_time": 0.3707027980000003,
                                                                    "extra_info": {
                                                                        "Function": "READ_PARQUET",
                                                                        "Projections": [
                                                                            "id",
                                                                            "postid",
                                                                            "creationdate"
                                                                        ],
                                                                        "Estimated Cardinality": "11795244"
                                                                    },
                                                                    "cumulative_cardinality": 11795244,
                                                                    "operator_type": "TABLE_SCAN",
                                                                    "operator_cardinality": 11795244,
                                                                    "cumulative_rows_scanned": 11795244,
                                                                    "operator_rows_scanned": 11795244,
                                                                    "operator_timing": 0.3707027980000003,
                                                                    "result_set_size": 188723904,
                                                                    "children": []
                                                                },
                                                                {
                                                                    "operator_name": "READ_PARQUET ",
                                                                    "cpu_time": 0.019578666999999935,
                                                                    "extra_info": {
                                                                        "Function": "READ_PARQUET",
                                                                        "Projections": "id",
                                                                        "Estimated Cardinality": "3850116"
                                                                    },
                                                                    "cumulative_cardinality": 3850116,
                                                                    "operator_type": "TABLE_SCAN",
                                                                    "operator_cardinality": 3850116,
                                                                    "cumulative_rows_scanned": 3850116,
                                                                    "operator_rows_scanned": 3850116,
                                                                    "operator_timing": 0.019578666999999935,
                                                                    "result_set_size": 15400464,
                                                                    "children": []
                                                                }
                                                            ]
                                                        }
                                                    ]
                                                }
                                            ]
                                        }
                                    ]
                                },
                                {
                                    "operator_name": "FILTER",
                                    "cpu_time": 4.010752918000005,
                                    "extra_info": {
                                        "Expression": "(PostCount > 0)",
                                        "Estimated Cardinality": "252142"
                                    },
                                    "cumulative_cardinality": 75429054,
                                    "operator_type": "FILTER",
                                    "operator_cardinality": 371630,
                                    "cumulative_rows_scanned": 17854919,
                                    "operator_rows_scanned": 0,
                                    "operator_timing": 0.003885728999999998,
                                    "result_set_size": 37163000,
                                    "children": [
                                        {
                                            "operator_name": "HASH_GROUP_BY",
                                            "cpu_time": 4.006867189000005,
                                            "extra_info": {
                                                "Groups": [
                                                    "#0",
                                                    "#1"
                                                ],
                                                "Aggregates": [
                                                    "count(DISTINCT #2)",
                                                    "sum(#3)",
                                                    "sum(#4)",
                                                    "sum(#5)",
                                                    "sum(#6)",
                                                    "avg(#7)"
                                                ],
                                                "Estimated Cardinality": "1260710"
                                            },
                                            "cumulative_cardinality": 75057424,
                                            "operator_type": "HASH_GROUP_BY",
                                            "operator_cardinality": 1260709,
                                            "cumulative_rows_scanned": 17854919,
                                            "operator_rows_scanned": 0,
                                            "operator_timing": 2.1942018870000015,
                                            "result_set_size": 126070900,
                                            "children": [
                                                {
                                                    "operator_name": "PROJECTION",
                                                    "cpu_time": 1.8126653020000032,
                                                    "extra_info": {
                                                        "Projections": [
                                                            "id",
                                                            "displayname",
                                                            "id",
                                                            "CASE  WHEN ((posttypeid = 1)) THEN (1) ELSE 0 END",
                                                            "CASE  WHEN ((posttypeid = 2)) THEN (1) ELSE 0 END",
                                                            "CASE  WHEN ((votetypeid = 2)) THEN (1) ELSE 0 END",
                                                            "CASE  WHEN ((votetypeid = 3)) THEN (1) ELSE 0 END",
                                                            "score"
                                                        ],
                                                        "Estimated Cardinality": "12744093"
                                                    },
                                                    "cumulative_cardinality": 73796715,
                                                    "operator_type": "PROJECTION",
                                                    "operator_cardinality": 11739227,
                                                    "cumulative_rows_scanned": 17854919,
                                                    "operator_rows_scanned": 0,
                                                    "operator_timing": 0.12937469500000026,
                                                    "result_set_size": 516525988,
                                                    "children": [
                                                        {
                                                            "operator_name": "PROJECTION",
                                                            "cpu_time": 1.6832906070000029,
                                                            "extra_info": {
                                                                "Projections": [
                                                                    "#0",
                                                                    "#1",
                                                                    "__internal_decompress_integral_smallint(#2, 1)",
                                                                    "__internal_decompress_integral_integer(#3, -72)",
                                                                    "#4",
                                                                    "#5"
                                                                ],
                                                                "Estimated Cardinality": "12744093"
                                                            },
                                                            "cumulative_cardinality": 62057488,
                                                            "operator_type": "PROJECTION",
                                                            "operator_cardinality": 11739227,
                                                            "cumulative_rows_scanned": 17854919,
                                                            "operator_rows_scanned": 0,
                                                            "operator_timing": 0.014275957999999842,
                                                            "result_set_size": 375655264,
                                                            "children": [
                                                                {
                                                                    "operator_name": "FILTER",
                                                                    "cpu_time": 1.669014649000003,
                                                                    "extra_info": {
                                                                        "Expression": "(#4 >= 1)",
                                                                        "Estimated Cardinality": "12744093"
                                                                    },
                                                                    "cumulative_cardinality": 50318261,
                                                                    "operator_type": "FILTER",
                                                                    "operator_cardinality": 11739227,
                                                                    "cumulative_rows_scanned": 17854919,
                                                                    "operator_rows_scanned": 0,
                                                                    "operator_timing": 0.03640359699999992,
                                                                    "result_set_size": 340437583,
                                                                    "children": [
                                                                        {
                                                                            "operator_name": "HASH_JOIN",
                                                                            "cpu_time": 1.6326110520000032,
                                                                            "extra_info": {
                                                                                "Join Type": "RIGHT",
                                                                                "Conditions": "postid = id",
                                                                                "Estimated Cardinality": "12744093"
                                                                            },
                                                                            "cumulative_cardinality": 38579034,
                                                                            "operator_type": "HASH_JOIN",
                                                                            "operator_cardinality": 11739825,
                                                                            "cumulative_rows_scanned": 17854919,
                                                                            "operator_rows_scanned": 0,
                                                                            "operator_timing": 0.8867616980000035,
                                                                            "result_set_size": 340454925,
                                                                            "children": [
                                                                                {
                                                                                    "operator_name": "READ_PARQUET ",
                                                                                    "cpu_time": 0.23766678199999952,
                                                                                    "extra_info": {
                                                                                        "Function": "READ_PARQUET",
                                                                                        "Projections": [
                                                                                            "postid",
                                                                                            "votetypeid"
                                                                                        ],
                                                                                        "Estimated Cardinality": "12744093"
                                                                                    },
                                                                                    "cumulative_cardinality": 12744093,
                                                                                    "operator_type": "TABLE_SCAN",
                                                                                    "operator_cardinality": 12744093,
                                                                                    "cumulative_rows_scanned": 12744093,
                                                                                    "operator_rows_scanned": 12744093,
                                                                                    "operator_timing": 0.23766678199999952,
                                                                                    "result_set_size": 76464558,
                                                                                    "children": []
                                                                                },
                                                                                {
                                                                                    "operator_name": "PROJECTION",
                                                                                    "cpu_time": 0.5081825720000002,
                                                                                    "extra_info": {
                                                                                        "Projections": [
                                                                                            "#0",
                                                                                            "__internal_compress_integral_utinyint(#1, 1)",
                                                                                            "__internal_compress_integral_usmallint(#2, -72)",
                                                                                            "#3",
                                                                                            "#4"
                                                                                        ],
                                                                                        "Estimated Cardinality": "3850116"
                                                                                    },
                                                                                    "cumulative_cardinality": 14095116,
                                                                                    "operator_type": "PROJECTION",
                                                                                    "operator_cardinality": 4574495,
                                                                                    "cumulative_rows_scanned": 5110826,
                                                                                    "operator_rows_scanned": 0,
                                                                                    "operator_timing": 0.0037089930000000024,
                                                                                    "result_set_size": 123511365,
                                                                                    "children": [
                                                                                        {
                                                                                            "operator_name": "HASH_JOIN",
                                                                                            "cpu_time": 0.5044735790000001,
                                                                                            "extra_info": {
                                                                                                "Join Type": "RIGHT",
                                                                                                "Conditions": "owneruserid = id",
                                                                                                "Estimated Cardinality": "3850116"
                                                                                            },
                                                                                            "cumulative_cardinality": 9520621,
                                                                                            "operator_type": "HASH_JOIN",
                                                                                            "operator_cardinality": 4574495,
                                                                                            "cumulative_rows_scanned": 5110826,
                                                                                            "operator_rows_scanned": 0,
                                                                                            "operator_timing": 0.3023367150000002,
                                                                                            "result_set_size": 137234850,
                                                                                            "children": [
                                                                                                {
                                                                                                    "operator_name": "READ_PARQUET ",
                                                                                                    "cpu_time": 0.12308545299999983,
                                                                                                    "extra_info": {
                                                                                                        "Function": "READ_PARQUET",
                                                                                                        "Projections": [
                                                                                                            "id",
                                                                                                            "posttypeid",
                                                                                                            "score",
                                                                                                            "owneruserid"
                                                                                                        ],
                                                                                                        "Estimated Cardinality": "3850116"
                                                                                                    },
                                                                                                    "cumulative_cardinality": 3685416,
                                                                                                    "operator_type": "TABLE_SCAN",
                                                                                                    "operator_cardinality": 3685416,
                                                                                                    "cumulative_rows_scanned": 3850116,
                                                                                                    "operator_rows_scanned": 3850116,
                                                                                                    "operator_timing": 0.12308545299999983,
                                                                                                    "result_set_size": 51595824,
                                                                                                    "children": []
                                                                                                },
                                                                                                {
                                                                                                    "operator_name": "READ_PARQUET ",
                                                                                                    "cpu_time": 0.07905141100000002,
                                                                                                    "extra_info": {
                                                                                                        "Function": "READ_PARQUET",
                                                                                                        "Projections": [
                                                                                                            "id",
                                                                                                            "displayname"
                                                                                                        ],
                                                                                                        "Estimated Cardinality": "1260710"
                                                                                                    },
                                                                                                    "cumulative_cardinality": 1260710,
                                                                                                    "operator_type": "TABLE_SCAN",
                                                                                                    "operator_cardinality": 1260710,
                                                                                                    "cumulative_rows_scanned": 1260710,
                                                                                                    "operator_rows_scanned": 1260710,
                                                                                                    "operator_timing": 0.07905141100000002,
                                                                                                    "result_set_size": 25214200,
                                                                                                    "children": []
                                                                                                }
                                                                                            ]
                                                                                        }
                                                                                    ]
                                                                                }
                                                                            ]
                                                                        }
                                                                    ]
                                                                }
                                                            ]
                                                        }
                                                    ]
                                                }
                                            ]
                                        }
                                    ]
                                }
                            ]
                        }
                    ]
                }
            ]
        }
    ]
}