{
    "rows_returned": 1976,
    "query_name": "WITH PostMetrics AS (\n    SELECT \n        p.Id AS PostId,\n        p.CreationDate,\n        p.Score,\n        p.ViewCount,\n        p.AnswerCount,\n        p.CommentCount,\n        p.FavoriteCount,\n        p.Tags,\n        COALESCE(u.DisplayName, 'Community User') AS OwnerDisplayName,\n        COUNT(v.Id) AS VoteCount\n    FROM \n        Posts p\n    LEFT JOIN \n        Users u ON p.OwnerUserId = u.Id\n    LEFT JOIN \n        Votes v ON p.Id = v.PostId\n    GROUP BY \n        p.Id, p.CreationDate, p.Score, p.ViewCount, p.AnswerCount, p.CommentCount, p.FavoriteCount, p.Tags, u.DisplayName\n), \nTagMetrics AS (\n    SELECT \n        t.Id AS TagId,\n        t.TagName,\n        SUM(pm.ViewCount) AS TotalViews,\n        SUM(pm.Score) AS TotalScore,\n        SUM(pm.AnswerCount) AS TotalAnswers,\n        SUM(pm.CommentCount) AS TotalComments,\n        SUM(pm.FavoriteCount) AS TotalFavorites\n    FROM \n        Tags t\n    JOIN \n        Posts p ON p.Tags LIKE '%' || t.TagName || '%'\n    JOIN \n        PostMetrics pm ON p.Id = pm.PostId\n    GROUP BY \n        t.Id, t.TagName\n)\nSELECT \n    tm.TagId,\n    tm.TagName,\n    tm.TotalViews,\n    tm.TotalScore,\n    tm.TotalAnswers,\n    tm.TotalComments,\n    tm.TotalFavorites\nFROM \n    TagMetrics tm\nORDER BY \n    tm.TotalViews DESC;",
    "blocked_thread_time": 0.0,
    "cpu_time": 503.5278856279385,
    "extra_info": {},
    "cumulative_cardinality": 106934815,
    "cumulative_rows_scanned": 21707011,
    "result_set_size": 197600,
    "latency": 513.388083132,
    "children": [
        {
            "operator_name": "PROJECTION",
            "cpu_time": 503.5278856279385,
            "extra_info": {
                "Projections": [
                    "__internal_decompress_integral_integer(#0, 1)",
                    "#1",
                    "#2",
                    "#3",
                    "#4",
                    "#5",
                    "#6"
                ],
                "Estimated Cardinality": "1976"
            },
            "cumulative_cardinality": 106934815,
            "operator_type": "PROJECTION",
            "operator_cardinality": 1976,
            "cumulative_rows_scanned": 21707011,
            "operator_rows_scanned": 0,
            "operator_timing": 0.000001342,
            "result_set_size": 197600,
            "children": [
                {
                    "operator_name": "ORDER_BY",
                    "cpu_time": 503.52788428593846,
                    "extra_info": {
                        "Order By": "tm.TotalViews DESC"
                    },
                    "cumulative_cardinality": 106932839,
                    "operator_type": "ORDER_BY",
                    "operator_cardinality": 1976,
                    "cumulative_rows_scanned": 21707011,
                    "operator_rows_scanned": 0,
                    "operator_timing": 0.00024331500000000002,
                    "result_set_size": 193648,
                    "children": [
                        {
                            "operator_name": "PROJECTION",
                            "cpu_time": 503.5276409709385,
                            "extra_info": {
                                "Projections": [
                                    "__internal_compress_integral_usmallint(#0, 1)",
                                    "#1",
                                    "#2",
                                    "#3",
                                    "#4",
                                    "#5",
                                    "#6"
                                ],
                                "Estimated Cardinality": "1976"
                            },
                            "cumulative_cardinality": 106930863,
                            "operator_type": "PROJECTION",
                            "operator_cardinality": 1976,
                            "cumulative_rows_scanned": 21707011,
                            "operator_rows_scanned": 0,
                            "operator_timing": 0.000001442,
                            "result_set_size": 193648,
                            "children": [
                                {
                                    "operator_name": "PROJECTION",
                                    "cpu_time": 503.5276395289385,
                                    "extra_info": {
                                        "Projections": [
                                            "__internal_decompress_integral_integer(#0, 1)",
                                            "#1",
                                            "#2",
                                            "#3",
                                            "#4",
                                            "#5",
                                            "#6"
                                        ],
                                        "Estimated Cardinality": "1976"
                                    },
                                    "cumulative_cardinality": 106928887,
                                    "operator_type": "PROJECTION",
                                    "operator_cardinality": 1976,
                                    "cumulative_rows_scanned": 21707011,
                                    "operator_rows_scanned": 0,
                                    "operator_timing": 0.000004578,
                                    "result_set_size": 197600,
                                    "children": [
                                        {
                                            "operator_name": "HASH_GROUP_BY",
                                            "cpu_time": 503.5276349509385,
                                            "extra_info": {
                                                "Groups": [
                                                    "#0",
                                                    "#1"
                                                ],
                                                "Aggregates": [
                                                    "sum(#2)",
                                                    "sum(#3)",
                                                    "sum(#4)",
                                                    "sum(#5)",
                                                    "sum(#6)"
                                                ],
                                                "Estimated Cardinality": "1976"
                                            },
                                            "cumulative_cardinality": 106926911,
                                            "operator_type": "HASH_GROUP_BY",
                                            "operator_cardinality": 1976,
                                            "cumulative_rows_scanned": 21707011,
                                            "operator_rows_scanned": 0,
                                            "operator_timing": 0.2501042870000005,
                                            "result_set_size": 193648,
                                            "children": [
                                                {
                                                    "operator_name": "PROJECTION",
                                                    "cpu_time": 503.2775306639385,
                                                    "extra_info": {
                                                        "Projections": [
                                                            "id",
                                                            "tagname",
                                                            "viewcount",
                                                            "score",
                                                            "answercount",
                                                            "commentcount",
                                                            "favoritecount"
                                                        ],
                                                        "Estimated Cardinality": "7501717213"
                                                    },
                                                    "cumulative_cardinality": 106924935,
                                                    "operator_type": "PROJECTION",
                                                    "operator_cardinality": 5135630,
                                                    "cumulative_rows_scanned": 21707011,
                                                    "operator_rows_scanned": 0,
                                                    "operator_timing": 0.004964907999999979,
                                                    "result_set_size": 195153940,
                                                    "children": [
                                                        {
                                                            "operator_name": "PROJECTION",
                                                            "cpu_time": 503.2725657559385,
                                                            "extra_info": {
                                                                "Projections": [
                                                                    "__internal_compress_integral_usmallint(#0, 1)",
                                                                    "#1",
                                                                    "#2",
                                                                    "#3",
                                                                    "#4",
                                                                    "#5",
                                                                    "#6"
                                                                ],
                                                                "Estimated Cardinality": "7501717213"
                                                            },
                                                            "cumulative_cardinality": 101789305,
                                                            "operator_type": "PROJECTION",
                                                            "operator_cardinality": 5135630,
                                                            "cumulative_rows_scanned": 21707011,
                                                            "operator_rows_scanned": 0,
                                                            "operator_timing": 0.01309429400000022,
                                                            "result_set_size": 195153940,
                                                            "children": [
                                                                {
                                                                    "operator_name": "HASH_JOIN",
                                                                    "cpu_time": 503.2594714619385,
                                                                    "extra_info": {
                                                                        "Join Type": "INNER",
                                                                        "Conditions": "id = PostId",
                                                                        "Estimated Cardinality": "7501717213"
                                                                    },
                                                                    "cumulative_cardinality": 96653675,
                                                                    "operator_type": "HASH_JOIN",
                                                                    "operator_cardinality": 5135630,
                                                                    "cumulative_rows_scanned": 21707011,
                                                                    "operator_rows_scanned": 0,
                                                                    "operator_timing": 0.6240968380000002,
                                                                    "result_set_size": 205425200,
                                                                    "children": [
                                                                        {
                                                                            "operator_name": "BLOCKWISE_NL_JOIN",
                                                                            "cpu_time": 498.2809238589385,
                                                                            "extra_info": {
                                                                                "Join Type": "INNER",
                                                                                "Condition": "(tags ~~ (('%' || tagname) || '%'))"
                                                                            },
                                                                            "cumulative_cardinality": 8987722,
                                                                            "operator_type": "BLOCKWISE_NL_JOIN",
                                                                            "operator_cardinality": 5135630,
                                                                            "cumulative_rows_scanned": 3852092,
                                                                            "operator_rows_scanned": 0,
                                                                            "operator_timing": 498.07183102893845,
                                                                            "result_set_size": 205425200,
                                                                            "children": [
                                                                                {
                                                                                    "operator_name": "READ_PARQUET ",
                                                                                    "cpu_time": 0.20850441200000047,
                                                                                    "extra_info": {
                                                                                        "Function": "READ_PARQUET",
                                                                                        "Projections": [
                                                                                            "id",
                                                                                            "tags"
                                                                                        ],
                                                                                        "Estimated Cardinality": "3850116"
                                                                                    },
                                                                                    "cumulative_cardinality": 3850116,
                                                                                    "operator_type": "TABLE_SCAN",
                                                                                    "operator_cardinality": 3850116,
                                                                                    "cumulative_rows_scanned": 3850116,
                                                                                    "operator_rows_scanned": 3850116,
                                                                                    "operator_timing": 0.20850441200000047,
                                                                                    "result_set_size": 77002320,
                                                                                    "children": []
                                                                                },
                                                                                {
                                                                                    "operator_name": "READ_PARQUET ",
                                                                                    "cpu_time": 0.000588418,
                                                                                    "extra_info": {
                                                                                        "Function": "READ_PARQUET",
                                                                                        "Projections": [
                                                                                            "id",
                                                                                            "tagname"
                                                                                        ],
                                                                                        "Estimated Cardinality": "1976"
                                                                                    },
                                                                                    "cumulative_cardinality": 1976,
                                                                                    "operator_type": "TABLE_SCAN",
                                                                                    "operator_cardinality": 1976,
                                                                                    "cumulative_rows_scanned": 1976,
                                                                                    "operator_rows_scanned": 1976,
                                                                                    "operator_timing": 0.000588418,
                                                                                    "result_set_size": 39520,
                                                                                    "children": []
                                                                                }
                                                                            ]
                                                                        },
                                                                        {
                                                                            "operator_name": "PROJECTION",
                                                                            "cpu_time": 4.35445076500001,
                                                                            "extra_info": {
                                                                                "Projections": [
                                                                                    "PostId",
                                                                                    "score",
                                                                                    "viewcount",
                                                                                    "answercount",
                                                                                    "commentcount",
                                                                                    "favoritecount"
                                                                                ],
                                                                                "Estimated Cardinality": "3850116"
                                                                            },
                                                                            "cumulative_cardinality": 82530323,
                                                                            "operator_type": "PROJECTION",
                                                                            "operator_cardinality": 3850116,
                                                                            "cumulative_rows_scanned": 17854919,
                                                                            "operator_rows_scanned": 0,
                                                                            "operator_timing": 0.0005777940000000043,
                                                                            "result_set_size": 92402784,
                                                                            "children": [
                                                                                {
                                                                                    "operator_name": "PROJECTION",
                                                                                    "cpu_time": 4.35387297100001,
                                                                                    "extra_info": {
                                                                                        "Projections": [
                                                                                            "#0",
                                                                                            "#1",
                                                                                            "__internal_decompress_integral_integer(#2, -72)",
                                                                                            "#3",
                                                                                            "__internal_decompress_integral_integer(#4, 0)",
                                                                                            "__internal_decompress_integral_integer(#5, 0)",
                                                                                            "#6",
                                                                                            "#7",
                                                                                            "#8"
                                                                                        ],
                                                                                        "Estimated Cardinality": "3850116"
                                                                                    },
                                                                                    "cumulative_cardinality": 78680207,
                                                                                    "operator_type": "PROJECTION",
                                                                                    "operator_cardinality": 3850116,
                                                                                    "cumulative_rows_scanned": 17854919,
                                                                                    "operator_rows_scanned": 0,
                                                                                    "operator_timing": 0.014063595999999998,
                                                                                    "result_set_size": 246407424,
                                                                                    "children": [
                                                                                        {
                                                                                            "operator_name": "HASH_GROUP_BY",
                                                                                            "cpu_time": 4.33980937500001,
                                                                                            "extra_info": {
                                                                                                "Groups": [
                                                                                                    "#0",
                                                                                                    "#1",
                                                                                                    "#2",
                                                                                                    "#3",
                                                                                                    "#4",
                                                                                                    "#5",
                                                                                                    "#6",
                                                                                                    "#7",
                                                                                                    "#8"
                                                                                                ],
                                                                                                "Aggregates": "",
                                                                                                "Estimated Cardinality": "3850116"
                                                                                            },
                                                                                            "cumulative_cardinality": 74830091,
                                                                                            "operator_type": "HASH_GROUP_BY",
                                                                                            "operator_cardinality": 3850116,
                                                                                            "cumulative_rows_scanned": 17854919,
                                                                                            "operator_rows_scanned": 0,
                                                                                            "operator_timing": 2.029911832000006,
                                                                                            "result_set_size": 215606496,
                                                                                            "children": [
                                                                                                {
                                                                                                    "operator_name": "PROJECTION",
                                                                                                    "cpu_time": 2.309897543000005,
                                                                                                    "extra_info": {
                                                                                                        "Projections": [
                                                                                                            "id",
                                                                                                            "creationdate",
                                                                                                            "score",
                                                                                                            "viewcount",
                                                                                                            "answercount",
                                                                                                            "commentcount",
                                                                                                            "favoritecount",
                                                                                                            "tags",
                                                                                                            "displayname"
                                                                                                        ],
                                                                                                        "Estimated Cardinality": "12744093"
                                                                                                    },
                                                                                                    "cumulative_cardinality": 70979975,
                                                                                                    "operator_type": "PROJECTION",
                                                                                                    "operator_cardinality": 11356206,
                                                                                                    "cumulative_rows_scanned": 17854919,
                                                                                                    "operator_rows_scanned": 0,
                                                                                                    "operator_timing": 0.0036005769999999607,
                                                                                                    "result_set_size": 635947536,
                                                                                                    "children": [
                                                                                                        {
                                                                                                            "operator_name": "PROJECTION",
                                                                                                            "cpu_time": 2.306296966000005,
                                                                                                            "extra_info": {
                                                                                                                "Projections": [
                                                                                                                    "#0",
                                                                                                                    "#1",
                                                                                                                    "#2",
                                                                                                                    "__internal_compress_integral_usmallint(#3, -72)",
                                                                                                                    "#4",
                                                                                                                    "#5",
                                                                                                                    "__internal_compress_integral_utinyint(#6, 0)",
                                                                                                                    "__internal_compress_integral_utinyint(#7, 0)",
                                                                                                                    "#8",
                                                                                                                    "#9"
                                                                                                                ],
                                                                                                                "Estimated Cardinality": "12744093"
                                                                                                            },
                                                                                                            "cumulative_cardinality": 59623769,
                                                                                                            "operator_type": "PROJECTION",
                                                                                                            "operator_cardinality": 11356206,
                                                                                                            "cumulative_rows_scanned": 17854919,
                                                                                                            "operator_rows_scanned": 0,
                                                                                                            "operator_timing": 0.03050004400000012,
                                                                                                            "result_set_size": 681372360,
                                                                                                            "children": [
                                                                                                                {
                                                                                                                    "operator_name": "PROJECTION",
                                                                                                                    "cpu_time": 2.275796922000005,
                                                                                                                    "extra_info": {
                                                                                                                        "Projections": [
                                                                                                                            "#0",
                                                                                                                            "#1",
                                                                                                                            "#2",
                                                                                                                            "__internal_decompress_integral_integer(#3, -72)",
                                                                                                                            "#4",
                                                                                                                            "#5",
                                                                                                                            "__internal_decompress_integral_integer(#6, 0)",
                                                                                                                            "__internal_decompress_integral_integer(#7, 0)",
                                                                                                                            "#8",
                                                                                                                            "#9"
                                                                                                                        ],
                                                                                                                        "Estimated Cardinality": "12744093"
                                                                                                                    },
                                                                                                                    "cumulative_cardinality": 48267563,
                                                                                                                    "operator_type": "PROJECTION",
                                                                                                                    "operator_cardinality": 11356206,
                                                                                                                    "cumulative_rows_scanned": 17854919,
                                                                                                                    "operator_rows_scanned": 0,
                                                                                                                    "operator_timing": 0.030768223000000063,
                                                                                                                    "result_set_size": 772222008,
                                                                                                                    "children": [
                                                                                                                        {
                                                                                                                            "operator_name": "HASH_JOIN",
                                                                                                                            "cpu_time": 2.245028699000005,
                                                                                                                            "extra_info": {
                                                                                                                                "Join Type": "RIGHT",
                                                                                                                                "Conditions": "postid = id",
                                                                                                                                "Estimated Cardinality": "12744093"
                                                                                                                            },
                                                                                                                            "cumulative_cardinality": 36911357,
                                                                                                                            "operator_type": "HASH_JOIN",
                                                                                                                            "operator_cardinality": 11356206,
                                                                                                                            "cumulative_rows_scanned": 17854919,
                                                                                                                            "operator_rows_scanned": 0,
                                                                                                                            "operator_timing": 1.328903897000005,
                                                                                                                            "result_set_size": 681372360,
                                                                                                                            "children": [
                                                                                                                                {
                                                                                                                                    "operator_name": "READ_PARQUET ",
                                                                                                                                    "cpu_time": 0.18051162799999984,
                                                                                                                                    "extra_info": {
                                                                                                                                        "Function": "READ_PARQUET",
                                                                                                                                        "Projections": "postid",
                                                                                                                                        "Estimated Cardinality": "12744093"
                                                                                                                                    },
                                                                                                                                    "cumulative_cardinality": 12744093,
                                                                                                                                    "operator_type": "TABLE_SCAN",
                                                                                                                                    "operator_cardinality": 12744093,
                                                                                                                                    "cumulative_rows_scanned": 12744093,
                                                                                                                                    "operator_rows_scanned": 12744093,
                                                                                                                                    "operator_timing": 0.18051162799999984,
                                                                                                                                    "result_set_size": 50976372,
                                                                                                                                    "children": []
                                                                                                                                },
                                                                                                                                {
                                                                                                                                    "operator_name": "PROJECTION",
                                                                                                                                    "cpu_time": 0.7356131740000001,
                                                                                                                                    "extra_info": {
                                                                                                                                        "Projections": [
                                                                                                                                            "#0",
                                                                                                                                            "#1",
                                                                                                                                            "__internal_compress_integral_usmallint(#2, -72)",
                                                                                                                                            "#3",
                                                                                                                                            "#4",
                                                                                                                                            "__internal_compress_integral_utinyint(#5, 0)",
                                                                                                                                            "__internal_compress_integral_utinyint(#6, 0)",
                                                                                                                                            "#7",
                                                                                                                                            "#8"
                                                                                                                                        ],
                                                                                                                                        "Estimated Cardinality": "3850116"
                                                                                                                                    },
                                                                                                                                    "cumulative_cardinality": 12811058,
                                                                                                                                    "operator_type": "PROJECTION",
                                                                                                                                    "operator_cardinality": 3850116,
                                                                                                                                    "cumulative_rows_scanned": 5110826,
                                                                                                                                    "operator_rows_scanned": 0,
                                                                                                                                    "operator_timing": 0.00926201199999999,
                                                                                                                                    "result_set_size": 215606496,
                                                                                                                                    "children": [
                                                                                                                                        {
                                                                                                                                            "operator_name": "HASH_JOIN",
                                                                                                                                            "cpu_time": 0.7263511620000002,
                                                                                                                                            "extra_info": {
                                                                                                                                                "Join Type": "LEFT",
                                                                                                                                                "Conditions": "owneruserid = id",
                                                                                                                                                "Estimated Cardinality": "3850116"
                                                                                                                                            },
                                                                                                                                            "cumulative_cardinality": 8960942,
                                                                                                                                            "operator_type": "HASH_JOIN",
                                                                                                                                            "operator_cardinality": 3850116,
                                                                                                                                            "cumulative_rows_scanned": 5110826,
                                                                                                                                            "operator_rows_scanned": 0,
                                                                                                                                            "operator_timing": 0.28988321400000033,
                                                                                                                                            "result_set_size": 246407424,
                                                                                                                                            "children": [
                                                                                                                                                {
                                                                                                                                                    "operator_name": "READ_PARQUET ",
                                                                                                                                                    "cpu_time": 0.35723133799999973,
                                                                                                                                                    "extra_info": {
                                                                                                                                                        "Function": "READ_PARQUET",
                                                                                                                                                        "Projections": [
                                                                                                                                                            "id",
                                                                                                                                                            "creationdate",
                                                                                                                                                            "score",
                                                                                                                                                            "viewcount",
                                                                                                                                                            "owneruserid",
                                                                                                                                                            "tags",
                                                                                                                                                            "answercount",
                                                                                                                                                            "commentcount",
                                                                                                                                                            "favoritecount"
                                                                                                                                                        ],
                                                                                                                                                        "Estimated Cardinality": "3850116"
                                                                                                                                                    },
                                                                                                                                                    "cumulative_cardinality": 3850116,
                                                                                                                                                    "operator_type": "TABLE_SCAN",
                                                                                                                                                    "operator_cardinality": 3850116,
                                                                                                                                                    "cumulative_rows_scanned": 3850116,
                                                                                                                                                    "operator_rows_scanned": 3850116,
                                                                                                                                                    "operator_timing": 0.35723133799999973,
                                                                                                                                                    "result_set_size": 200206032,
                                                                                                                                                    "children": []
                                                                                                                                                },
                                                                                                                                                {
                                                                                                                                                    "operator_name": "READ_PARQUET ",
                                                                                                                                                    "cpu_time": 0.07923661000000004,
                                                                                                                                                    "extra_info": {
                                                                                                                                                        "Function": "READ_PARQUET",
                                                                                                                                                        "Projections": [
                                                                                                                                                            "id",
                                                                                                                                                            "displayname"
                                                                                                                                                        ],
                                                                                                                                                        "Estimated Cardinality": "1260710"
                                                                                                                                                    },
                                                                                                                                                    "cumulative_cardinality": 1260710,
                                                                                                                                                    "operator_type": "TABLE_SCAN",
                                                                                                                                                    "operator_cardinality": 1260710,
                                                                                                                                                    "cumulative_rows_scanned": 1260710,
                                                                                                                                                    "operator_rows_scanned": 1260710,
                                                                                                                                                    "operator_timing": 0.07923661000000004,
                                                                                                                                                    "result_set_size": 25214200,
                                                                                                                                                    "children": []
                                                                                                                                                }
                                                                                                                                            ]
                                                                                                                                        }
                                                                                                                                    ]
                                                                                                                                }
                                                                                                                            ]
                                                                                                                        }
                                                                                                                    ]
                                                                                                                }
                                                                                                            ]
                                                                                                        }
                                                                                                    ]
                                                                                                }
                                                                                            ]
                                                                                        }
                                                                                    ]
                                                                                }
                                                                            ]
                                                                        }
                                                                    ]
                                                                }
                                                            ]
                                                        }
                                                    ]
                                                }
                                            ]
                                        }
                                    ]
                                }
                            ]
                        }
                    ]
                }
            ]
        }
    ]
}