{
    "rows_returned": 100,
    "query_name": "\nSELECT \n    p.Id AS PostId,\n    p.Title,\n    p.CreationDate,\n    p.ViewCount,\n    u.DisplayName AS OwnerDisplayName,\n    COUNT(c.Id) AS CommentCount,\n    AVG(vt.Id) AS AverageVoteType\nFROM \n    Posts p\nJOIN \n    Users u ON p.OwnerUserId = u.Id\nLEFT JOIN \n    Comments c ON p.Id = c.PostId\nLEFT JOIN \n    Votes v ON p.Id = v.PostId\nLEFT JOIN \n    VoteTypes vt ON v.VoteTypeId = vt.Id\nWHERE \n    p.CreationDate >= '2022-01-01'\nGROUP BY \n    p.Id, p.Title, p.CreationDate, p.ViewCount, u.DisplayName\nORDER BY \n    p.CreationDate DESC\nLIMIT 100;\n",
    "blocked_thread_time": 0.0,
    "cpu_time": 1.6660743569999992,
    "extra_info": {},
    "cumulative_cardinality": 41583587,
    "cumulative_rows_scanned": 25096756,
    "result_set_size": 6400,
    "latency": 1.908156419,
    "children": [
        {
            "operator_name": "STREAMING_LIMIT",
            "cpu_time": 1.6660743569999992,
            "extra_info": {},
            "cumulative_cardinality": 41583587,
            "operator_type": "STREAMING_LIMIT",
            "operator_cardinality": 100,
            "cumulative_rows_scanned": 25096756,
            "operator_rows_scanned": 0,
            "operator_timing": 0.000002745,
            "result_set_size": 6400,
            "children": [
                {
                    "operator_name": "ORDER_BY",
                    "cpu_time": 1.6660716119999992,
                    "extra_info": {
                        "Order By": "p.CreationDate DESC"
                    },
                    "cumulative_cardinality": 41583487,
                    "operator_type": "ORDER_BY",
                    "operator_cardinality": 4096,
                    "cumulative_rows_scanned": 25096756,
                    "operator_rows_scanned": 0,
                    "operator_timing": 0.02321258700000001,
                    "result_set_size": 262144,
                    "children": [
                        {
                            "operator_name": "HASH_GROUP_BY",
                            "cpu_time": 1.6428590249999993,
                            "extra_info": {
                                "Groups": [
                                    "#0",
                                    "#1",
                                    "#2",
                                    "#3",
                                    "#4"
                                ],
                                "Aggregates": [
                                    "count(#5)",
                                    "avg(#6)"
                                ],
                                "Estimated Cardinality": "3850116"
                            },
                            "cumulative_cardinality": 41579391,
                            "operator_type": "HASH_GROUP_BY",
                            "operator_cardinality": 440693,
                            "cumulative_rows_scanned": 25096756,
                            "operator_rows_scanned": 0,
                            "operator_timing": 0.3218238360000001,
                            "result_set_size": 28204352,
                            "children": [
                                {
                                    "operator_name": "PROJECTION",
                                    "cpu_time": 1.3210351889999992,
                                    "extra_info": {
                                        "Projections": [
                                            "id",
                                            "title",
                                            "creationdate",
                                            "viewcount",
                                            "displayname",
                                            "id",
                                            "id"
                                        ],
                                        "Estimated Cardinality": "12744093"
                                    },
                                    "cumulative_cardinality": 41138698,
                                    "operator_type": "PROJECTION",
                                    "operator_cardinality": 2871769,
                                    "cumulative_rows_scanned": 25096756,
                                    "operator_rows_scanned": 0,
                                    "operator_timing": 0.0008940070000000015,
                                    "result_set_size": 155075526,
                                    "children": [
                                        {
                                            "operator_name": "HASH_JOIN",
                                            "cpu_time": 1.320141181999999,
                                            "extra_info": {
                                                "Join Type": "LEFT",
                                                "Conditions": "votetypeid = id",
                                                "Estimated Cardinality": "12744093"
                                            },
                                            "cumulative_cardinality": 38266929,
                                            "operator_type": "HASH_JOIN",
                                            "operator_cardinality": 2871769,
                                            "cumulative_rows_scanned": 25096756,
                                            "operator_rows_scanned": 0,
                                            "operator_timing": 0.06709289599999985,
                                            "result_set_size": 155075526,
                                            "children": [
                                                {
                                                    "operator_name": "PROJECTION",
                                                    "cpu_time": 1.2528736389999993,
                                                    "extra_info": {
                                                        "Projections": [
                                                            "#0",
                                                            "#1",
                                                            "#2",
                                                            "#3",
                                                            "#4",
                                                            "#5",
                                                            "__internal_decompress_integral_smallint(#6, 1)"
                                                        ],
                                                        "Estimated Cardinality": "12744093"
                                                    },
                                                    "cumulative_cardinality": 35395145,
                                                    "operator_type": "PROJECTION",
                                                    "operator_cardinality": 2871769,
                                                    "cumulative_rows_scanned": 25096741,
                                                    "operator_rows_scanned": 0,
                                                    "operator_timing": 0.0019995990000000025,
                                                    "result_set_size": 155075526,
                                                    "children": [
                                                        {
                                                            "operator_name": "HASH_JOIN",
                                                            "cpu_time": 1.2508740399999994,
                                                            "extra_info": {
                                                                "Join Type": "LEFT",
                                                                "Conditions": "id = postid",
                                                                "Estimated Cardinality": "12744093"
                                                            },
                                                            "cumulative_cardinality": 32523376,
                                                            "operator_type": "HASH_JOIN",
                                                            "operator_cardinality": 2871769,
                                                            "cumulative_rows_scanned": 25096741,
                                                            "operator_rows_scanned": 0,
                                                            "operator_timing": 0.6623525909999995,
                                                            "result_set_size": 152203757,
                                                            "children": [
                                                                {
                                                                    "operator_name": "HASH_JOIN",
                                                                    "cpu_time": 0.4440837620000001,
                                                                    "extra_info": {
                                                                        "Join Type": "RIGHT",
                                                                        "Conditions": "postid = id",
                                                                        "Estimated Cardinality": "7241822"
                                                                    },
                                                                    "cumulative_cardinality": 4163421,
                                                                    "operator_type": "HASH_JOIN",
                                                                    "operator_cardinality": 1085935,
                                                                    "cumulative_rows_scanned": 12352648,
                                                                    "operator_rows_scanned": 0,
                                                                    "operator_timing": 0.12482007100000012,
                                                                    "result_set_size": 56468620,
                                                                    "children": [
                                                                        {
                                                                            "operator_name": "READ_PARQUET ",
                                                                            "cpu_time": 0.033087591000000034,
                                                                            "extra_info": {
                                                                                "Function": "READ_PARQUET",
                                                                                "Projections": [
                                                                                    "id",
                                                                                    "postid"
                                                                                ],
                                                                                "Estimated Cardinality": "7241822"
                                                                            },
                                                                            "cumulative_cardinality": 926602,
                                                                            "operator_type": "TABLE_SCAN",
                                                                            "operator_cardinality": 926602,
                                                                            "cumulative_rows_scanned": 7241822,
                                                                            "operator_rows_scanned": 7241822,
                                                                            "operator_timing": 0.033087591000000034,
                                                                            "result_set_size": 7412816,
                                                                            "children": []
                                                                        },
                                                                        {
                                                                            "operator_name": "HASH_JOIN",
                                                                            "cpu_time": 0.28617609999999993,
                                                                            "extra_info": {
                                                                                "Join Type": "INNER",
                                                                                "Conditions": "id = owneruserid",
                                                                                "Estimated Cardinality": "770023"
                                                                            },
                                                                            "cumulative_cardinality": 2150884,
                                                                            "operator_type": "HASH_JOIN",
                                                                            "operator_cardinality": 440693,
                                                                            "cumulative_rows_scanned": 5110826,
                                                                            "operator_rows_scanned": 0,
                                                                            "operator_timing": 0.10279457599999994,
                                                                            "result_set_size": 21153264,
                                                                            "children": [
                                                                                {
                                                                                    "operator_name": "READ_PARQUET ",
                                                                                    "cpu_time": 0.09450523599999995,
                                                                                    "extra_info": {
                                                                                        "Function": "READ_PARQUET",
                                                                                        "Projections": [
                                                                                            "id",
                                                                                            "displayname"
                                                                                        ],
                                                                                        "Filters": "id<=1416539",
                                                                                        "Estimated Cardinality": "1260710"
                                                                                    },
                                                                                    "cumulative_cardinality": 1260679,
                                                                                    "operator_type": "TABLE_SCAN",
                                                                                    "operator_cardinality": 1260679,
                                                                                    "cumulative_rows_scanned": 1260710,
                                                                                    "operator_rows_scanned": 1260710,
                                                                                    "operator_timing": 0.09450523599999995,
                                                                                    "result_set_size": 25213580,
                                                                                    "children": []
                                                                                },
                                                                                {
                                                                                    "operator_name": "READ_PARQUET ",
                                                                                    "cpu_time": 0.08887628800000001,
                                                                                    "extra_info": {
                                                                                        "Function": "READ_PARQUET",
                                                                                        "Projections": [
                                                                                            "id",
                                                                                            "creationdate",
                                                                                            "viewcount",
                                                                                            "owneruserid",
                                                                                            "title"
                                                                                        ],
                                                                                        "Filters": "creationdate>='2022-01-01 00:00:00'::TIMESTAMP",
                                                                                        "Estimated Cardinality": "770023"
                                                                                    },
                                                                                    "cumulative_cardinality": 449512,
                                                                                    "operator_type": "TABLE_SCAN",
                                                                                    "operator_cardinality": 449512,
                                                                                    "cumulative_rows_scanned": 3850116,
                                                                                    "operator_rows_scanned": 3850116,
                                                                                    "operator_timing": 0.08887628800000001,
                                                                                    "result_set_size": 16182432,
                                                                                    "children": []
                                                                                }
                                                                            ]
                                                                        }
                                                                    ]
                                                                },
                                                                {
                                                                    "operator_name": "PROJECTION",
                                                                    "cpu_time": 0.14443768699999973,
                                                                    "extra_info": {
                                                                        "Projections": [
                                                                            "#0",
                                                                            "__internal_compress_integral_utinyint(#1, 1)"
                                                                        ],
                                                                        "Estimated Cardinality": "12744093"
                                                                    },
                                                                    "cumulative_cardinality": 25488186,
                                                                    "operator_type": "PROJECTION",
                                                                    "operator_cardinality": 12744093,
                                                                    "cumulative_rows_scanned": 12744093,
                                                                    "operator_rows_scanned": 0,
                                                                    "operator_timing": 0.0032689880000000325,
                                                                    "result_set_size": 63720465,
                                                                    "children": [
                                                                        {
                                                                            "operator_name": "READ_PARQUET ",
                                                                            "cpu_time": 0.1411686989999997,
                                                                            "extra_info": {
                                                                                "Function": "READ_PARQUET",
                                                                                "Projections": [
                                                                                    "postid",
                                                                                    "votetypeid"
                                                                                ],
                                                                                "Estimated Cardinality": "12744093"
                                                                            },
                                                                            "cumulative_cardinality": 12744093,
                                                                            "operator_type": "TABLE_SCAN",
                                                                            "operator_cardinality": 12744093,
                                                                            "cumulative_rows_scanned": 12744093,
                                                                            "operator_rows_scanned": 12744093,
                                                                            "operator_timing": 0.1411686989999997,
                                                                            "result_set_size": 76464558,
                                                                            "children": []
                                                                        }
                                                                    ]
                                                                }
                                                            ]
                                                        }
                                                    ]
                                                },
                                                {
                                                    "operator_name": "READ_PARQUET ",
                                                    "cpu_time": 0.000174647,
                                                    "extra_info": {
                                                        "Function": "READ_PARQUET",
                                                        "Projections": "id",
                                                        "Estimated Cardinality": "15"
                                                    },
                                                    "cumulative_cardinality": 15,
                                                    "operator_type": "TABLE_SCAN",
                                                    "operator_cardinality": 15,
                                                    "cumulative_rows_scanned": 15,
                                                    "operator_rows_scanned": 15,
                                                    "operator_timing": 0.000174647,
                                                    "result_set_size": 30,
                                                    "children": []
                                                }
                                            ]
                                        }
                                    ]
                                }
                            ]
                        }
                    ]
                }
            ]
        }
    ]
}