{
    "rows_returned": 100,
    "query_name": "SELECT \n    p.Title AS PostTitle,\n    p.CreationDate AS PostCreationDate,\n    p.ViewCount,\n    c.Text AS CommentText,\n    c.CreationDate AS CommentCreationDate,\n    u.DisplayName AS CommenterDisplayName,\n    v.CreationDate AS VoteCreationDate,\n    vt.Name AS VoteTypeName\nFROM \n    Posts p\nLEFT JOIN \n    Comments c ON p.Id = c.PostId\nLEFT JOIN \n    Votes v ON p.Id = v.PostId\nLEFT JOIN \n    VoteTypes vt ON v.VoteTypeId = vt.Id\nLEFT JOIN \n    Users u ON c.UserId = u.Id\nWHERE \n    p.PostTypeId = 1 \nORDER BY \n    p.CreationDate DESC, \n    c.CreationDate DESC, \n    v.CreationDate DESC\nLIMIT 100;",
    "blocked_thread_time": 0.0,
    "cpu_time": 14.271381674999978,
    "extra_info": {},
    "cumulative_cardinality": 124861713,
    "cumulative_rows_scanned": 25096756,
    "result_set_size": 9200,
    "latency": 18.640973126,
    "children": [
        {
            "operator_name": "STREAMING_LIMIT",
            "cpu_time": 14.271381674999978,
            "extra_info": {},
            "cumulative_cardinality": 124861713,
            "operator_type": "STREAMING_LIMIT",
            "operator_cardinality": 100,
            "cumulative_rows_scanned": 25096756,
            "operator_rows_scanned": 0,
            "operator_timing": 0.000002464,
            "result_set_size": 9200,
            "children": [
                {
                    "operator_name": "ORDER_BY",
                    "cpu_time": 14.271379210999978,
                    "extra_info": {
                        "Order By": [
                            "p.CreationDate DESC",
                            "c.CreationDate DESC",
                            "v.CreationDate DESC"
                        ]
                    },
                    "cumulative_cardinality": 124861613,
                    "operator_type": "ORDER_BY",
                    "operator_cardinality": 4096,
                    "cumulative_rows_scanned": 25096756,
                    "operator_rows_scanned": 0,
                    "operator_timing": 5.863767733999981,
                    "result_set_size": 376832,
                    "children": [
                        {
                            "operator_name": "PROJECTION",
                            "cpu_time": 8.407611476999996,
                            "extra_info": {
                                "Projections": [
                                    "PostTitle",
                                    "PostCreationDate",
                                    "viewcount",
                                    "CommentText",
                                    "CommentCreationDate",
                                    "CommenterDisplayName",
                                    "VoteCreationDate",
                                    "VoteTypeName"
                                ],
                                "Estimated Cardinality": "12744093"
                            },
                            "cumulative_cardinality": 124857517,
                            "operator_type": "PROJECTION",
                            "operator_cardinality": 16904139,
                            "cumulative_rows_scanned": 25096756,
                            "operator_rows_scanned": 0,
                            "operator_timing": 0.00986153300000047,
                            "result_set_size": 1555180788,
                            "children": [
                                {
                                    "operator_name": "HASH_JOIN",
                                    "cpu_time": 8.397749943999996,
                                    "extra_info": {
                                        "Join Type": "LEFT",
                                        "Conditions": "userid = id",
                                        "Estimated Cardinality": "12744093"
                                    },
                                    "cumulative_cardinality": 107953378,
                                    "operator_type": "HASH_JOIN",
                                    "operator_cardinality": 16904139,
                                    "cumulative_rows_scanned": 25096756,
                                    "operator_rows_scanned": 0,
                                    "operator_timing": 0.8508761679999999,
                                    "result_set_size": 1960880124,
                                    "children": [
                                        {
                                            "operator_name": "HASH_JOIN",
                                            "cpu_time": 7.465410776999997,
                                            "extra_info": {
                                                "Join Type": "LEFT",
                                                "Conditions": "votetypeid = id",
                                                "Estimated Cardinality": "12744093"
                                            },
                                            "cumulative_cardinality": 89788529,
                                            "operator_type": "HASH_JOIN",
                                            "operator_cardinality": 16904139,
                                            "cumulative_rows_scanned": 23836046,
                                            "operator_rows_scanned": 0,
                                            "operator_timing": 0.4905788649999994,
                                            "result_set_size": 1622797344,
                                            "children": [
                                                {
                                                    "operator_name": "PROJECTION",
                                                    "cpu_time": 6.974503097999997,
                                                    "extra_info": {
                                                        "Projections": [
                                                            "#0",
                                                            "#1",
                                                            "#2",
                                                            "#3",
                                                            "#4",
                                                            "#5",
                                                            "#6",
                                                            "#7",
                                                            "#8",
                                                            "__internal_decompress_integral_smallint(#9, 1)",
                                                            "#10"
                                                        ],
                                                        "Estimated Cardinality": "12744093"
                                                    },
                                                    "cumulative_cardinality": 72884375,
                                                    "operator_type": "PROJECTION",
                                                    "operator_cardinality": 16904139,
                                                    "cumulative_rows_scanned": 23836031,
                                                    "operator_rows_scanned": 0,
                                                    "operator_timing": 0.016943052999999767,
                                                    "result_set_size": 1318522842,
                                                    "children": [
                                                        {
                                                            "operator_name": "HASH_JOIN",
                                                            "cpu_time": 6.9575600449999975,
                                                            "extra_info": {
                                                                "Join Type": "LEFT",
                                                                "Conditions": "id = postid",
                                                                "Estimated Cardinality": "12744093"
                                                            },
                                                            "cumulative_cardinality": 55980236,
                                                            "operator_type": "HASH_JOIN",
                                                            "operator_cardinality": 16904139,
                                                            "cumulative_rows_scanned": 23836031,
                                                            "operator_rows_scanned": 0,
                                                            "operator_timing": 1.1680816679999968,
                                                            "result_set_size": 1301618703,
                                                            "children": [
                                                                {
                                                                    "operator_name": "HASH_JOIN",
                                                                    "cpu_time": 5.589769458000001,
                                                                    "extra_info": {
                                                                        "Join Type": "RIGHT",
                                                                        "Conditions": "postid = id",
                                                                        "Estimated Cardinality": "7241822"
                                                                    },
                                                                    "cumulative_cardinality": 13587911,
                                                                    "operator_type": "HASH_JOIN",
                                                                    "operator_cardinality": 4677925,
                                                                    "cumulative_rows_scanned": 11091938,
                                                                    "operator_rows_scanned": 0,
                                                                    "operator_timing": 0.5445474680000018,
                                                                    "result_set_size": 299387200,
                                                                    "children": [
                                                                        {
                                                                            "operator_name": "READ_PARQUET ",
                                                                            "cpu_time": 4.581688670999999,
                                                                            "extra_info": {
                                                                                "Function": "READ_PARQUET",
                                                                                "Projections": [
                                                                                    "postid",
                                                                                    "text",
                                                                                    "creationdate",
                                                                                    "userid"
                                                                                ],
                                                                                "Estimated Cardinality": "7241822"
                                                                            },
                                                                            "cumulative_cardinality": 7241822,
                                                                            "operator_type": "TABLE_SCAN",
                                                                            "operator_cardinality": 7241822,
                                                                            "cumulative_rows_scanned": 7241822,
                                                                            "operator_rows_scanned": 7241822,
                                                                            "operator_timing": 4.581688670999999,
                                                                            "result_set_size": 231738304,
                                                                            "children": []
                                                                        },
                                                                        {
                                                                            "operator_name": "READ_PARQUET ",
                                                                            "cpu_time": 0.4635333189999999,
                                                                            "extra_info": {
                                                                                "Function": "READ_PARQUET",
                                                                                "Projections": [
                                                                                    "id",
                                                                                    "creationdate",
                                                                                    "viewcount",
                                                                                    "title"
                                                                                ],
                                                                                "Filters": "posttypeid=1",
                                                                                "Estimated Cardinality": "770023"
                                                                            },
                                                                            "cumulative_cardinality": 1668164,
                                                                            "operator_type": "TABLE_SCAN",
                                                                            "operator_cardinality": 1668164,
                                                                            "cumulative_rows_scanned": 3850116,
                                                                            "operator_rows_scanned": 3850116,
                                                                            "operator_timing": 0.4635333189999999,
                                                                            "result_set_size": 53381248,
                                                                            "children": []
                                                                        }
                                                                    ]
                                                                },
                                                                {
                                                                    "operator_name": "PROJECTION",
                                                                    "cpu_time": 0.19970891899999998,
                                                                    "extra_info": {
                                                                        "Projections": [
                                                                            "#0",
                                                                            "__internal_compress_integral_utinyint(#1, 1)",
                                                                            "#2"
                                                                        ],
                                                                        "Estimated Cardinality": "12744093"
                                                                    },
                                                                    "cumulative_cardinality": 25488186,
                                                                    "operator_type": "PROJECTION",
                                                                    "operator_cardinality": 12744093,
                                                                    "cumulative_rows_scanned": 12744093,
                                                                    "operator_rows_scanned": 0,
                                                                    "operator_timing": 0.0037436120000000025,
                                                                    "result_set_size": 165673209,
                                                                    "children": [
                                                                        {
                                                                            "operator_name": "READ_PARQUET ",
                                                                            "cpu_time": 0.19596530699999998,
                                                                            "extra_info": {
                                                                                "Function": "READ_PARQUET",
                                                                                "Projections": [
                                                                                    "postid",
                                                                                    "votetypeid",
                                                                                    "creationdate"
                                                                                ],
                                                                                "Estimated Cardinality": "12744093"
                                                                            },
                                                                            "cumulative_cardinality": 12744093,
                                                                            "operator_type": "TABLE_SCAN",
                                                                            "operator_cardinality": 12744093,
                                                                            "cumulative_rows_scanned": 12744093,
                                                                            "operator_rows_scanned": 12744093,
                                                                            "operator_timing": 0.19596530699999998,
                                                                            "result_set_size": 178417302,
                                                                            "children": []
                                                                        }
                                                                    ]
                                                                }
                                                            ]
                                                        }
                                                    ]
                                                },
                                                {
                                                    "operator_name": "READ_PARQUET ",
                                                    "cpu_time": 0.00032881399999999997,
                                                    "extra_info": {
                                                        "Function": "READ_PARQUET",
                                                        "Projections": [
                                                            "id",
                                                            "name"
                                                        ],
                                                        "Estimated Cardinality": "15"
                                                    },
                                                    "cumulative_cardinality": 15,
                                                    "operator_type": "TABLE_SCAN",
                                                    "operator_cardinality": 15,
                                                    "cumulative_rows_scanned": 15,
                                                    "operator_rows_scanned": 15,
                                                    "operator_timing": 0.00032881399999999997,
                                                    "result_set_size": 270,
                                                    "children": []
                                                }
                                            ]
                                        },
                                        {
                                            "operator_name": "READ_PARQUET ",
                                            "cpu_time": 0.08146299900000002,
                                            "extra_info": {
                                                "Function": "READ_PARQUET",
                                                "Projections": [
                                                    "id",
                                                    "displayname"
                                                ],
                                                "Estimated Cardinality": "1260710"
                                            },
                                            "cumulative_cardinality": 1260710,
                                            "operator_type": "TABLE_SCAN",
                                            "operator_cardinality": 1260710,
                                            "cumulative_rows_scanned": 1260710,
                                            "operator_rows_scanned": 1260710,
                                            "operator_timing": 0.08146299900000002,
                                            "result_set_size": 25214200,
                                            "children": []
                                        }
                                    ]
                                }
                            ]
                        }
                    ]
                }
            ]
        }
    ]
}