{
    "rows_returned": 100,
    "query_name": "\nWITH PostStats AS (\n    SELECT \n        P.Id AS PostId,\n        P.Title,\n        P.CreationDate,\n        P.Score,\n        P.ViewCount,\n        P.AnswerCount,\n        COUNT(C.Id) AS CommentCount,\n        U.DisplayName AS OwnerDisplayName\n    FROM \n        Posts P\n    LEFT JOIN \n        Users U ON P.OwnerUserId = U.Id\n    LEFT JOIN \n        Comments C ON P.Id = C.PostId\n    GROUP BY \n        P.Id, P.Title, P.CreationDate, P.Score, P.ViewCount, P.AnswerCount, U.DisplayName\n),\nVoteStats AS (\n    SELECT \n        PostId,\n        COUNT(CASE WHEN VoteTypeId = 2 THEN 1 END) AS UpVotes,\n        COUNT(CASE WHEN VoteTypeId = 3 THEN 1 END) AS DownVotes,\n        COUNT(CASE WHEN VoteTypeId = 1 THEN 1 END) AS AcceptedVotes\n    FROM \n        Votes\n    GROUP BY \n        PostId\n)\nSELECT \n    PS.PostId,\n    PS.Title,\n    PS.CreationDate,\n    PS.Score,\n    PS.ViewCount,\n    PS.AnswerCount,\n    PS.CommentCount,\n    VS.UpVotes,\n    VS.DownVotes,\n    VS.AcceptedVotes,\n    PS.OwnerDisplayName\nFROM \n    PostStats PS\nLEFT JOIN \n    VoteStats VS ON PS.PostId = VS.PostId\nORDER BY \n    PS.Score DESC, PS.ViewCount DESC\nLIMIT 100;\n",
    "blocked_thread_time": 0.0,
    "cpu_time": 5.709075631999999,
    "extra_info": {},
    "cumulative_cardinality": 103250195,
    "cumulative_rows_scanned": 25096741,
    "result_set_size": 8800,
    "latency": 6.704721187,
    "children": [
        {
            "operator_name": "STREAMING_LIMIT",
            "cpu_time": 5.709075631999999,
            "extra_info": {},
            "cumulative_cardinality": 103250195,
            "operator_type": "STREAMING_LIMIT",
            "operator_cardinality": 100,
            "cumulative_rows_scanned": 25096741,
            "operator_rows_scanned": 0,
            "operator_timing": 0.000002264,
            "result_set_size": 8800,
            "children": [
                {
                    "operator_name": "PROJECTION",
                    "cpu_time": 5.709073367999999,
                    "extra_info": {
                        "Projections": [
                            "#0",
                            "#1",
                            "#2",
                            "__internal_decompress_integral_integer(#3, -72)",
                            "#4",
                            "__internal_decompress_integral_integer(#5, 0)",
                            "#6",
                            "#7",
                            "#8",
                            "#9",
                            "#10"
                        ],
                        "Estimated Cardinality": "6372046"
                    },
                    "cumulative_cardinality": 103250095,
                    "operator_type": "PROJECTION",
                    "operator_cardinality": 4096,
                    "cumulative_rows_scanned": 25096741,
                    "operator_rows_scanned": 0,
                    "operator_timing": 0.000015779,
                    "result_set_size": 360448,
                    "children": [
                        {
                            "operator_name": "ORDER_BY",
                            "cpu_time": 5.7090575889999995,
                            "extra_info": {
                                "Order By": [
                                    "PS.Score DESC",
                                    "PS.ViewCount DESC"
                                ]
                            },
                            "cumulative_cardinality": 103245999,
                            "operator_type": "ORDER_BY",
                            "operator_cardinality": 4096,
                            "cumulative_rows_scanned": 25096741,
                            "operator_rows_scanned": 0,
                            "operator_timing": 0.6126612480000001,
                            "result_set_size": 339968,
                            "children": [
                                {
                                    "operator_name": "PROJECTION",
                                    "cpu_time": 5.096396340999999,
                                    "extra_info": {
                                        "Projections": [
                                            "#0",
                                            "#1",
                                            "#2",
                                            "__internal_compress_integral_usmallint(#3, -72)",
                                            "#4",
                                            "__internal_compress_integral_utinyint(#5, 0)",
                                            "#6",
                                            "#7",
                                            "#8",
                                            "#9",
                                            "#10"
                                        ],
                                        "Estimated Cardinality": "6372046"
                                    },
                                    "cumulative_cardinality": 103241903,
                                    "operator_type": "PROJECTION",
                                    "operator_cardinality": 3850116,
                                    "cumulative_rows_scanned": 25096741,
                                    "operator_rows_scanned": 0,
                                    "operator_timing": 0.01448261400000001,
                                    "result_set_size": 319559628,
                                    "children": [
                                        {
                                            "operator_name": "PROJECTION",
                                            "cpu_time": 5.081913726999999,
                                            "extra_info": {
                                                "Projections": [
                                                    "PostId",
                                                    "title",
                                                    "creationdate",
                                                    "score",
                                                    "viewcount",
                                                    "answercount",
                                                    "CommentCount",
                                                    "UpVotes",
                                                    "DownVotes",
                                                    "AcceptedVotes",
                                                    "OwnerDisplayName"
                                                ],
                                                "Estimated Cardinality": "6372046"
                                            },
                                            "cumulative_cardinality": 99391787,
                                            "operator_type": "PROJECTION",
                                            "operator_cardinality": 3850116,
                                            "cumulative_rows_scanned": 25096741,
                                            "operator_rows_scanned": 0,
                                            "operator_timing": 0.001473047000000002,
                                            "result_set_size": 338810208,
                                            "children": [
                                                {
                                                    "operator_name": "PROJECTION",
                                                    "cpu_time": 5.080440679999999,
                                                    "extra_info": {
                                                        "Projections": [
                                                            "#0",
                                                            "#1",
                                                            "#2",
                                                            "#3",
                                                            "#4",
                                                            "#5",
                                                            "#6",
                                                            "__internal_decompress_integral_integer(#7, -72)",
                                                            "#8",
                                                            "__internal_decompress_integral_integer(#9, 0)",
                                                            "#10",
                                                            "#11"
                                                        ],
                                                        "Estimated Cardinality": "6372046"
                                                    },
                                                    "cumulative_cardinality": 95541671,
                                                    "operator_type": "PROJECTION",
                                                    "operator_cardinality": 3850116,
                                                    "cumulative_rows_scanned": 25096741,
                                                    "operator_rows_scanned": 0,
                                                    "operator_timing": 0.014634463999999998,
                                                    "result_set_size": 354210672,
                                                    "children": [
                                                        {
                                                            "operator_name": "HASH_JOIN",
                                                            "cpu_time": 5.065806215999999,
                                                            "extra_info": {
                                                                "Join Type": "RIGHT",
                                                                "Conditions": "postid = PostId",
                                                                "Estimated Cardinality": "6372046"
                                                            },
                                                            "cumulative_cardinality": 91691555,
                                                            "operator_type": "HASH_JOIN",
                                                            "operator_cardinality": 3850116,
                                                            "cumulative_rows_scanned": 25096741,
                                                            "operator_rows_scanned": 0,
                                                            "operator_timing": 0.8597682960000003,
                                                            "result_set_size": 334960092,
                                                            "children": [
                                                                {
                                                                    "operator_name": "HASH_GROUP_BY",
                                                                    "cpu_time": 0.9866467969999998,
                                                                    "extra_info": {
                                                                        "Groups": "#0",
                                                                        "Aggregates": [
                                                                            "count(#1)",
                                                                            "count(#2)",
                                                                            "count(#3)"
                                                                        ],
                                                                        "Estimated Cardinality": "6372046"
                                                                    },
                                                                    "cumulative_cardinality": 29453413,
                                                                    "operator_type": "HASH_GROUP_BY",
                                                                    "operator_cardinality": 3965227,
                                                                    "cumulative_rows_scanned": 12744093,
                                                                    "operator_rows_scanned": 0,
                                                                    "operator_timing": 0.6846059430000001,
                                                                    "result_set_size": 111026356,
                                                                    "children": [
                                                                        {
                                                                            "operator_name": "PROJECTION",
                                                                            "cpu_time": 0.3020408539999997,
                                                                            "extra_info": {
                                                                                "Projections": [
                                                                                    "postid",
                                                                                    "CASE  WHEN ((votetypeid = 2)) THEN (1) ELSE NULL END",
                                                                                    "CASE  WHEN ((votetypeid = 3)) THEN (1) ELSE NULL END",
                                                                                    "CASE  WHEN ((votetypeid = 1)) THEN (1) ELSE NULL END"
                                                                                ],
                                                                                "Estimated Cardinality": "12744093"
                                                                            },
                                                                            "cumulative_cardinality": 25488186,
                                                                            "operator_type": "PROJECTION",
                                                                            "operator_cardinality": 12744093,
                                                                            "cumulative_rows_scanned": 12744093,
                                                                            "operator_rows_scanned": 0,
                                                                            "operator_timing": 0.16589575199999995,
                                                                            "result_set_size": 203905488,
                                                                            "children": [
                                                                                {
                                                                                    "operator_name": "READ_PARQUET ",
                                                                                    "cpu_time": 0.1361451019999997,
                                                                                    "extra_info": {
                                                                                        "Function": "READ_PARQUET",
                                                                                        "Projections": [
                                                                                            "postid",
                                                                                            "votetypeid"
                                                                                        ],
                                                                                        "Estimated Cardinality": "12744093"
                                                                                    },
                                                                                    "cumulative_cardinality": 12744093,
                                                                                    "operator_type": "TABLE_SCAN",
                                                                                    "operator_cardinality": 12744093,
                                                                                    "cumulative_rows_scanned": 12744093,
                                                                                    "operator_rows_scanned": 12744093,
                                                                                    "operator_timing": 0.1361451019999997,
                                                                                    "result_set_size": 76464558,
                                                                                    "children": []
                                                                                }
                                                                            ]
                                                                        }
                                                                    ]
                                                                },
                                                                {
                                                                    "operator_name": "PROJECTION",
                                                                    "cpu_time": 3.219391122999999,
                                                                    "extra_info": {
                                                                        "Projections": [
                                                                            "#0",
                                                                            "#1",
                                                                            "#2",
                                                                            "__internal_compress_integral_usmallint(#3, -72)",
                                                                            "#4",
                                                                            "__internal_compress_integral_utinyint(#5, 0)",
                                                                            "#6",
                                                                            "#7"
                                                                        ],
                                                                        "Estimated Cardinality": "3850116"
                                                                    },
                                                                    "cumulative_cardinality": 58388026,
                                                                    "operator_type": "PROJECTION",
                                                                    "operator_cardinality": 3850116,
                                                                    "cumulative_rows_scanned": 12352648,
                                                                    "operator_rows_scanned": 0,
                                                                    "operator_timing": 0.01345712699999998,
                                                                    "result_set_size": 227156844,
                                                                    "children": [
                                                                        {
                                                                            "operator_name": "PROJECTION",
                                                                            "cpu_time": 3.205933995999999,
                                                                            "extra_info": {
                                                                                "Projections": [
                                                                                    "PostId",
                                                                                    "title",
                                                                                    "creationdate",
                                                                                    "score",
                                                                                    "viewcount",
                                                                                    "answercount",
                                                                                    "CommentCount",
                                                                                    "OwnerDisplayName"
                                                                                ],
                                                                                "Estimated Cardinality": "3850116"
                                                                            },
                                                                            "cumulative_cardinality": 54537910,
                                                                            "operator_type": "PROJECTION",
                                                                            "operator_cardinality": 3850116,
                                                                            "cumulative_rows_scanned": 12352648,
                                                                            "operator_rows_scanned": 0,
                                                                            "operator_timing": 0.000806887000000005,
                                                                            "result_set_size": 246407424,
                                                                            "children": [
                                                                                {
                                                                                    "operator_name": "PROJECTION",
                                                                                    "cpu_time": 3.205127108999999,
                                                                                    "extra_info": {
                                                                                        "Projections": [
                                                                                            "#0",
                                                                                            "#1",
                                                                                            "#2",
                                                                                            "__internal_decompress_integral_integer(#3, -72)",
                                                                                            "#4",
                                                                                            "__internal_decompress_integral_integer(#5, 0)",
                                                                                            "#6",
                                                                                            "#7"
                                                                                        ],
                                                                                        "Estimated Cardinality": "3850116"
                                                                                    },
                                                                                    "cumulative_cardinality": 50687794,
                                                                                    "operator_type": "PROJECTION",
                                                                                    "operator_cardinality": 3850116,
                                                                                    "cumulative_rows_scanned": 12352648,
                                                                                    "operator_rows_scanned": 0,
                                                                                    "operator_timing": 0.013516229999999999,
                                                                                    "result_set_size": 246407424,
                                                                                    "children": [
                                                                                        {
                                                                                            "operator_name": "HASH_GROUP_BY",
                                                                                            "cpu_time": 3.191610878999999,
                                                                                            "extra_info": {
                                                                                                "Groups": [
                                                                                                    "#0",
                                                                                                    "#1",
                                                                                                    "#2",
                                                                                                    "#3",
                                                                                                    "#4",
                                                                                                    "#5",
                                                                                                    "#6"
                                                                                                ],
                                                                                                "Aggregates": "count(#7)",
                                                                                                "Estimated Cardinality": "3850116"
                                                                                            },
                                                                                            "cumulative_cardinality": 46837678,
                                                                                            "operator_type": "HASH_GROUP_BY",
                                                                                            "operator_cardinality": 3850116,
                                                                                            "cumulative_rows_scanned": 12352648,
                                                                                            "operator_rows_scanned": 0,
                                                                                            "operator_timing": 1.5761708009999975,
                                                                                            "result_set_size": 227156844,
                                                                                            "children": [
                                                                                                {
                                                                                                    "operator_name": "PROJECTION",
                                                                                                    "cpu_time": 1.6154400780000013,
                                                                                                    "extra_info": {
                                                                                                        "Projections": [
                                                                                                            "id",
                                                                                                            "title",
                                                                                                            "creationdate",
                                                                                                            "score",
                                                                                                            "viewcount",
                                                                                                            "answercount",
                                                                                                            "displayname",
                                                                                                            "id"
                                                                                                        ],
                                                                                                        "Estimated Cardinality": "7241822"
                                                                                                    },
                                                                                                    "cumulative_cardinality": 42987562,
                                                                                                    "operator_type": "PROJECTION",
                                                                                                    "operator_cardinality": 8928266,
                                                                                                    "cumulative_rows_scanned": 12352648,
                                                                                                    "operator_rows_scanned": 0,
                                                                                                    "operator_timing": 0.0037876740000000303,
                                                                                                    "result_set_size": 491054630,
                                                                                                    "children": [
                                                                                                        {
                                                                                                            "operator_name": "PROJECTION",
                                                                                                            "cpu_time": 1.6116524040000013,
                                                                                                            "extra_info": {
                                                                                                                "Projections": [
                                                                                                                    "#0",
                                                                                                                    "#1",
                                                                                                                    "__internal_compress_integral_usmallint(#2, -72)",
                                                                                                                    "#3",
                                                                                                                    "#4",
                                                                                                                    "__internal_compress_integral_utinyint(#5, 0)",
                                                                                                                    "#6",
                                                                                                                    "#7"
                                                                                                                ],
                                                                                                                "Estimated Cardinality": "7241822"
                                                                                                            },
                                                                                                            "cumulative_cardinality": 34059296,
                                                                                                            "operator_type": "PROJECTION",
                                                                                                            "operator_cardinality": 8928266,
                                                                                                            "cumulative_rows_scanned": 12352648,
                                                                                                            "operator_rows_scanned": 0,
                                                                                                            "operator_timing": 0.015601508999999902,
                                                                                                            "result_set_size": 491054630,
                                                                                                            "children": [
                                                                                                                {
                                                                                                                    "operator_name": "HASH_JOIN",
                                                                                                                    "cpu_time": 1.5960508950000014,
                                                                                                                    "extra_info": {
                                                                                                                        "Join Type": "LEFT",
                                                                                                                        "Conditions": "id = postid",
                                                                                                                        "Estimated Cardinality": "7241822"
                                                                                                                    },
                                                                                                                    "cumulative_cardinality": 25131030,
                                                                                                                    "operator_type": "HASH_JOIN",
                                                                                                                    "operator_cardinality": 8928266,
                                                                                                                    "cumulative_rows_scanned": 12352648,
                                                                                                                    "operator_rows_scanned": 0,
                                                                                                                    "operator_timing": 0.6962718840000008,
                                                                                                                    "result_set_size": 535695960,
                                                                                                                    "children": [
                                                                                                                        {
                                                                                                                            "operator_name": "HASH_JOIN",
                                                                                                                            "cpu_time": 0.8232181790000005,
                                                                                                                            "extra_info": {
                                                                                                                                "Join Type": "LEFT",
                                                                                                                                "Conditions": "owneruserid = id",
                                                                                                                                "Estimated Cardinality": "3850116"
                                                                                                                            },
                                                                                                                            "cumulative_cardinality": 8960942,
                                                                                                                            "operator_type": "HASH_JOIN",
                                                                                                                            "operator_cardinality": 3850116,
                                                                                                                            "cumulative_rows_scanned": 5110826,
                                                                                                                            "operator_rows_scanned": 0,
                                                                                                                            "operator_timing": 0.2891743400000006,
                                                                                                                            "result_set_size": 215606496,
                                                                                                                            "children": [
                                                                                                                                {
                                                                                                                                    "operator_name": "READ_PARQUET ",
                                                                                                                                    "cpu_time": 0.45518824199999974,
                                                                                                                                    "extra_info": {
                                                                                                                                        "Function": "READ_PARQUET",
                                                                                                                                        "Projections": [
                                                                                                                                            "id",
                                                                                                                                            "creationdate",
                                                                                                                                            "score",
                                                                                                                                            "viewcount",
                                                                                                                                            "owneruserid",
                                                                                                                                            "title",
                                                                                                                                            "answercount"
                                                                                                                                        ],
                                                                                                                                        "Estimated Cardinality": "3850116"
                                                                                                                                    },
                                                                                                                                    "cumulative_cardinality": 3850116,
                                                                                                                                    "operator_type": "TABLE_SCAN",
                                                                                                                                    "operator_cardinality": 3850116,
                                                                                                                                    "cumulative_rows_scanned": 3850116,
                                                                                                                                    "operator_rows_scanned": 3850116,
                                                                                                                                    "operator_timing": 0.45518824199999974,
                                                                                                                                    "result_set_size": 169405104,
                                                                                                                                    "children": []
                                                                                                                                },
                                                                                                                                {
                                                                                                                                    "operator_name": "READ_PARQUET ",
                                                                                                                                    "cpu_time": 0.0788555970000001,
                                                                                                                                    "extra_info": {
                                                                                                                                        "Function": "READ_PARQUET",
                                                                                                                                        "Projections": [
                                                                                                                                            "id",
                                                                                                                                            "displayname"
                                                                                                                                        ],
                                                                                                                                        "Estimated Cardinality": "1260710"
                                                                                                                                    },
                                                                                                                                    "cumulative_cardinality": 1260710,
                                                                                                                                    "operator_type": "TABLE_SCAN",
                                                                                                                                    "operator_cardinality": 1260710,
                                                                                                                                    "cumulative_rows_scanned": 1260710,
                                                                                                                                    "operator_rows_scanned": 1260710,
                                                                                                                                    "operator_timing": 0.0788555970000001,
                                                                                                                                    "result_set_size": 25214200,
                                                                                                                                    "children": []
                                                                                                                                }
                                                                                                                            ]
                                                                                                                        },
                                                                                                                        {
                                                                                                                            "operator_name": "READ_PARQUET ",
                                                                                                                            "cpu_time": 0.0765608319999999,
                                                                                                                            "extra_info": {
                                                                                                                                "Function": "READ_PARQUET",
                                                                                                                                "Projections": [
                                                                                                                                    "id",
                                                                                                                                    "postid"
                                                                                                                                ],
                                                                                                                                "Estimated Cardinality": "7241822"
                                                                                                                            },
                                                                                                                            "cumulative_cardinality": 7241822,
                                                                                                                            "operator_type": "TABLE_SCAN",
                                                                                                                            "operator_cardinality": 7241822,
                                                                                                                            "cumulative_rows_scanned": 7241822,
                                                                                                                            "operator_rows_scanned": 7241822,
                                                                                                                            "operator_timing": 0.0765608319999999,
                                                                                                                            "result_set_size": 57934576,
                                                                                                                            "children": []
                                                                                                                        }
                                                                                                                    ]
                                                                                                                }
                                                                                                            ]
                                                                                                        }
                                                                                                    ]
                                                                                                }
                                                                                            ]
                                                                                        }
                                                                                    ]
                                                                                }
                                                                            ]
                                                                        }
                                                                    ]
                                                                }
                                                            ]
                                                        }
                                                    ]
                                                }
                                            ]
                                        }
                                    ]
                                }
                            ]
                        }
                    ]
                }
            ]
        }
    ]
}