{
    "rows_returned": 1,
    "query_name": "WITH PostStats AS (\n    SELECT \n        COUNT(*) AS TotalPosts,\n        COUNT(DISTINCT OwnerUserId) AS UniquePostOwners,\n        SUM(CASE WHEN PostTypeId = 1 THEN 1 ELSE 0 END) AS TotalQuestions,\n        SUM(CASE WHEN PostTypeId = 2 THEN 1 ELSE 0 END) AS TotalAnswers,\n        SUM(CASE WHEN PostTypeId IN (4, 5) THEN 1 ELSE 0 END) AS TotalTagWikis\n    FROM \n        Posts\n),\nUserStats AS (\n    SELECT \n        COUNT(*) AS TotalUsers,\n        AVG(Reputation) AS AvgReputation,\n        MAX(CreationDate) AS MostRecentUserCreation\n    FROM \n        Users\n),\nVoteStats AS (\n    SELECT \n        COUNT(*) AS TotalVotes,\n        COUNT(DISTINCT UserId) AS UniqueVoters,\n        COUNT(DISTINCT PostId) AS UniqueVotedPosts\n    FROM \n        Votes\n)\n\nSELECT \n    p.TotalPosts,\n    p.UniquePostOwners,\n    p.TotalQuestions,\n    p.TotalAnswers,\n    p.TotalTagWikis,\n    u.TotalUsers,\n    u.AvgReputation,\n    u.MostRecentUserCreation,\n    v.TotalVotes,\n    v.UniqueVoters,\n    v.UniqueVotedPosts\nFROM \n    PostStats p,\n    UserStats u,\n    VoteStats v;",
    "blocked_thread_time": 0.0,
    "cpu_time": 0.9142581110000026,
    "extra_info": {},
    "cumulative_cardinality": 35709843,
    "cumulative_rows_scanned": 17854919,
    "result_set_size": 112,
    "latency": 1.04426972,
    "children": [
        {
            "operator_name": "CROSS_PRODUCT",
            "cpu_time": 0.9142581110000026,
            "extra_info": {},
            "cumulative_cardinality": 35709843,
            "operator_type": "CROSS_PRODUCT",
            "operator_cardinality": 1,
            "cumulative_rows_scanned": 17854919,
            "operator_rows_scanned": 0,
            "operator_timing": 0.000047268,
            "result_set_size": 112,
            "children": [
                {
                    "operator_name": "UNGROUPED_AGGREGATE",
                    "cpu_time": 0.217272914,
                    "extra_info": {
                        "Aggregates": [
                            "count_star()",
                            "count(DISTINCT #0)",
                            "sum(#1)",
                            "sum(#2)",
                            "sum(#3)"
                        ]
                    },
                    "cumulative_cardinality": 7700233,
                    "operator_type": "UNGROUPED_AGGREGATE",
                    "operator_cardinality": 1,
                    "cumulative_rows_scanned": 3850116,
                    "operator_rows_scanned": 0,
                    "operator_timing": 0.09040593699999996,
                    "result_set_size": 64,
                    "children": [
                        {
                            "operator_name": "PROJECTION",
                            "cpu_time": 0.12686697700000005,
                            "extra_info": {
                                "Projections": [
                                    "owneruserid",
                                    "CASE  WHEN ((posttypeid = 1)) THEN (1) ELSE 0 END",
                                    "CASE  WHEN ((posttypeid = 2)) THEN (1) ELSE 0 END",
                                    "CASE  WHEN ((posttypeid IN (4, 5))) THEN (1) ELSE 0 END"
                                ],
                                "Estimated Cardinality": "3850116"
                            },
                            "cumulative_cardinality": 7700232,
                            "operator_type": "PROJECTION",
                            "operator_cardinality": 3850116,
                            "cumulative_rows_scanned": 3850116,
                            "operator_rows_scanned": 0,
                            "operator_timing": 0.08881218500000003,
                            "result_set_size": 61601856,
                            "children": [
                                {
                                    "operator_name": "READ_PARQUET ",
                                    "cpu_time": 0.038054792000000004,
                                    "extra_info": {
                                        "Function": "READ_PARQUET",
                                        "Projections": [
                                            "posttypeid",
                                            "owneruserid"
                                        ],
                                        "Estimated Cardinality": "3850116"
                                    },
                                    "cumulative_cardinality": 3850116,
                                    "operator_type": "TABLE_SCAN",
                                    "operator_cardinality": 3850116,
                                    "cumulative_rows_scanned": 3850116,
                                    "operator_rows_scanned": 3850116,
                                    "operator_timing": 0.038054792000000004,
                                    "result_set_size": 23100696,
                                    "children": []
                                }
                            ]
                        }
                    ]
                },
                {
                    "operator_name": "CROSS_PRODUCT",
                    "cpu_time": 0.6969379290000026,
                    "extra_info": {},
                    "cumulative_cardinality": 28009609,
                    "operator_type": "CROSS_PRODUCT",
                    "operator_cardinality": 1,
                    "cumulative_rows_scanned": 14004803,
                    "operator_rows_scanned": 0,
                    "operator_timing": 0.000029854999999999998,
                    "result_set_size": 48,
                    "children": [
                        {
                            "operator_name": "UNGROUPED_AGGREGATE",
                            "cpu_time": 0.031078540000000012,
                            "extra_info": {
                                "Aggregates": [
                                    "count_star()",
                                    "avg(#0)",
                                    "max(#1)"
                                ]
                            },
                            "cumulative_cardinality": 2521421,
                            "operator_type": "UNGROUPED_AGGREGATE",
                            "operator_cardinality": 1,
                            "cumulative_rows_scanned": 1260710,
                            "operator_rows_scanned": 0,
                            "operator_timing": 0.005941308000000004,
                            "result_set_size": 24,
                            "children": [
                                {
                                    "operator_name": "PROJECTION",
                                    "cpu_time": 0.02513723200000001,
                                    "extra_info": {
                                        "Projections": [
                                            "reputation",
                                            "creationdate"
                                        ],
                                        "Estimated Cardinality": "1260710"
                                    },
                                    "cumulative_cardinality": 2521420,
                                    "operator_type": "PROJECTION",
                                    "operator_cardinality": 1260710,
                                    "cumulative_rows_scanned": 1260710,
                                    "operator_rows_scanned": 0,
                                    "operator_timing": 0.00008153299999999972,
                                    "result_set_size": 15128520,
                                    "children": [
                                        {
                                            "operator_name": "READ_PARQUET ",
                                            "cpu_time": 0.02505569900000001,
                                            "extra_info": {
                                                "Function": "READ_PARQUET",
                                                "Projections": [
                                                    "reputation",
                                                    "creationdate"
                                                ],
                                                "Estimated Cardinality": "1260710"
                                            },
                                            "cumulative_cardinality": 1260710,
                                            "operator_type": "TABLE_SCAN",
                                            "operator_cardinality": 1260710,
                                            "cumulative_rows_scanned": 1260710,
                                            "operator_rows_scanned": 1260710,
                                            "operator_timing": 0.02505569900000001,
                                            "result_set_size": 15128520,
                                            "children": []
                                        }
                                    ]
                                }
                            ]
                        },
                        {
                            "operator_name": "UNGROUPED_AGGREGATE",
                            "cpu_time": 0.6658295340000026,
                            "extra_info": {
                                "Aggregates": [
                                    "count_star()",
                                    "count(DISTINCT #0)",
                                    "count(DISTINCT #1)"
                                ]
                            },
                            "cumulative_cardinality": 25488187,
                            "operator_type": "UNGROUPED_AGGREGATE",
                            "operator_cardinality": 1,
                            "cumulative_rows_scanned": 12744093,
                            "operator_rows_scanned": 0,
                            "operator_timing": 0.565117847000002,
                            "result_set_size": 24,
                            "children": [
                                {
                                    "operator_name": "PROJECTION",
                                    "cpu_time": 0.10071168700000054,
                                    "extra_info": {
                                        "Projections": [
                                            "userid",
                                            "postid"
                                        ],
                                        "Estimated Cardinality": "12744093"
                                    },
                                    "cumulative_cardinality": 25488186,
                                    "operator_type": "PROJECTION",
                                    "operator_cardinality": 12744093,
                                    "cumulative_rows_scanned": 12744093,
                                    "operator_rows_scanned": 0,
                                    "operator_timing": 0.0008816030000000021,
                                    "result_set_size": 101952744,
                                    "children": [
                                        {
                                            "operator_name": "READ_PARQUET ",
                                            "cpu_time": 0.09983008400000053,
                                            "extra_info": {
                                                "Function": "READ_PARQUET",
                                                "Projections": [
                                                    "postid",
                                                    "userid"
                                                ],
                                                "Estimated Cardinality": "12744093"
                                            },
                                            "cumulative_cardinality": 12744093,
                                            "operator_type": "TABLE_SCAN",
                                            "operator_cardinality": 12744093,
                                            "cumulative_rows_scanned": 12744093,
                                            "operator_rows_scanned": 12744093,
                                            "operator_timing": 0.09983008400000053,
                                            "result_set_size": 101952744,
                                            "children": []
                                        }
                                    ]
                                }
                            ]
                        }
                    ]
                }
            ]
        }
    ]
}