{
    "rows_returned": 265255,
    "query_name": "\nWITH PostMetrics AS (\n    SELECT \n        P.Id AS PostId,\n        P.Title,\n        P.CreationDate,\n        P.Score,\n        P.ViewCount,\n        COALESCE(COUNT(A.Id), 0) AS AnswerCount,\n        COALESCE(SUM(CASE WHEN VoteTypeId = 2 THEN 1 ELSE 0 END), 0) AS UpVotes,\n        COALESCE(SUM(CASE WHEN VoteTypeId = 3 THEN 1 ELSE 0 END), 0) AS DownVotes,\n        COALESCE(COUNT(C.Id), 0) AS CommentCount\n    FROM \n        Posts P\n    LEFT JOIN \n        Posts A ON P.Id = A.ParentId AND P.PostTypeId = 1  \n    LEFT JOIN \n        Votes V ON P.Id = V.PostId\n    LEFT JOIN \n        Comments C ON P.Id = C.PostId\n    WHERE \n        P.CreationDate >= '2023-01-01'  \n    GROUP BY \n        P.Id, P.Title, P.CreationDate, P.Score, P.ViewCount\n),\nAverageMetrics AS (\n    SELECT \n        AVG(ViewCount) AS AvgViewCount,\n        AVG(Score) AS AvgScore,\n        AVG(AnswerCount) AS AvgAnswerCount,\n        AVG(CommentCount) AS AvgCommentCount,\n        SUM(UpVotes) AS TotalUpVotes,\n        SUM(DownVotes) AS TotalDownVotes\n    FROM \n        PostMetrics\n)\nSELECT \n    PM.PostId,\n    PM.Title,\n    PM.CreationDate,\n    PM.Score,\n    PM.ViewCount,\n    PM.AnswerCount,\n    PM.UpVotes,\n    PM.DownVotes,\n    AM.AvgViewCount,\n    AM.AvgScore,\n    AM.AvgAnswerCount,\n    AM.AvgCommentCount,\n    AM.TotalUpVotes,\n    AM.TotalDownVotes\nFROM \n    PostMetrics PM, \n    AverageMetrics AM\nORDER BY \n    PM.ViewCount DESC;\n",
    "blocked_thread_time": 0.0,
    "cpu_time": 1935.14362656171,
    "extra_info": {},
    "cumulative_cardinality": 24027284,
    "cumulative_rows_scanned": 27686147,
    "result_set_size": 37135700,
    "latency": 3458.032957821,
    "children": [
        {
            "operator_name": "ORDER_BY",
            "cpu_time": 1935.14362656171,
            "extra_info": {
                "Order By": "PM.ViewCount DESC"
            },
            "cumulative_cardinality": 24027284,
            "operator_type": "ORDER_BY",
            "operator_cardinality": 265255,
            "cumulative_rows_scanned": 27686147,
            "operator_rows_scanned": 0,
            "operator_timing": 0.03914621300000001,
            "result_set_size": 37135700,
            "children": [
                {
                    "operator_name": "PROJECTION",
                    "cpu_time": 1935.10448034871,
                    "extra_info": {
                        "Projections": [
                            "PostId",
                            "title",
                            "creationdate",
                            "score",
                            "viewcount",
                            "AnswerCount",
                            "UpVotes",
                            "DownVotes",
                            "AvgViewCount",
                            "AvgScore",
                            "AvgAnswerCount",
                            "AvgCommentCount",
                            "TotalUpVotes",
                            "TotalDownVotes"
                        ],
                        "Estimated Cardinality": "3850116"
                    },
                    "cumulative_cardinality": 23762029,
                    "operator_type": "PROJECTION",
                    "operator_cardinality": 265255,
                    "cumulative_rows_scanned": 27686147,
                    "operator_rows_scanned": 0,
                    "operator_timing": 0.00008533999999999999,
                    "result_set_size": 37135700,
                    "children": [
                        {
                            "operator_name": "CTE",
                            "cpu_time": 1935.10439500871,
                            "extra_info": {
                                "CTE Name": "PostMetrics",
                                "Table Index": "0"
                            },
                            "cumulative_cardinality": 23496774,
                            "operator_type": "CTE",
                            "operator_cardinality": 0,
                            "cumulative_rows_scanned": 27686147,
                            "operator_rows_scanned": 0,
                            "operator_timing": 0.008569031999999999,
                            "result_set_size": 0,
                            "children": [
                                {
                                    "operator_name": "PROJECTION",
                                    "cpu_time": 1935.0859872187102,
                                    "extra_info": {
                                        "Projections": [
                                            "PostId",
                                            "title",
                                            "creationdate",
                                            "score",
                                            "viewcount",
                                            "AnswerCount",
                                            "UpVotes",
                                            "DownVotes",
                                            "CommentCount"
                                        ],
                                        "Estimated Cardinality": "3850116"
                                    },
                                    "cumulative_cardinality": 22435753,
                                    "operator_type": "PROJECTION",
                                    "operator_cardinality": 265255,
                                    "cumulative_rows_scanned": 27686147,
                                    "operator_rows_scanned": 0,
                                    "operator_timing": 0.006636788000000002,
                                    "result_set_size": 22281420,
                                    "children": [
                                        {
                                            "operator_name": "PROJECTION",
                                            "cpu_time": 1935.0793504307103,
                                            "extra_info": {
                                                "Projections": [
                                                    "#0",
                                                    "#1",
                                                    "#2",
                                                    "__internal_decompress_integral_integer(#3, -72)",
                                                    "#4",
                                                    "#5",
                                                    "#6",
                                                    "#7",
                                                    "#8"
                                                ],
                                                "Estimated Cardinality": "3850116"
                                            },
                                            "cumulative_cardinality": 22170498,
                                            "operator_type": "PROJECTION",
                                            "operator_cardinality": 265255,
                                            "cumulative_rows_scanned": 27686147,
                                            "operator_rows_scanned": 0,
                                            "operator_timing": 0.000128863,
                                            "result_set_size": 22281420,
                                            "children": [
                                                {
                                                    "operator_name": "HASH_GROUP_BY",
                                                    "cpu_time": 1935.0792215677102,
                                                    "extra_info": {
                                                        "Groups": [
                                                            "#0",
                                                            "#1",
                                                            "#2",
                                                            "#3",
                                                            "#4"
                                                        ],
                                                        "Aggregates": [
                                                            "count(#5)",
                                                            "sum(#6)",
                                                            "sum(#7)",
                                                            "count(#8)"
                                                        ],
                                                        "Estimated Cardinality": "3850116"
                                                    },
                                                    "cumulative_cardinality": 21905243,
                                                    "operator_type": "HASH_GROUP_BY",
                                                    "operator_cardinality": 265255,
                                                    "cumulative_rows_scanned": 27686147,
                                                    "operator_rows_scanned": 0,
                                                    "operator_timing": 0.22660287100000012,
                                                    "result_set_size": 21750910,
                                                    "children": [
                                                        {
                                                            "operator_name": "PROJECTION",
                                                            "cpu_time": 1934.8526186967101,
                                                            "extra_info": {
                                                                "Projections": [
                                                                    "id",
                                                                    "title",
                                                                    "creationdate",
                                                                    "score",
                                                                    "viewcount",
                                                                    "id",
                                                                    "CASE  WHEN ((votetypeid = 2)) THEN (1) ELSE 0 END",
                                                                    "CASE  WHEN ((votetypeid = 3)) THEN (1) ELSE 0 END",
                                                                    "id"
                                                                ],
                                                                "Estimated Cardinality": "12744093"
                                                            },
                                                            "cumulative_cardinality": 21639988,
                                                            "operator_type": "PROJECTION",
                                                            "operator_cardinality": 2457605,
                                                            "cumulative_rows_scanned": 27686147,
                                                            "operator_rows_scanned": 0,
                                                            "operator_timing": 0.018992601999999963,
                                                            "result_set_size": 122880250,
                                                            "children": [
                                                                {
                                                                    "operator_name": "PROJECTION",
                                                                    "cpu_time": 1934.83362609471,
                                                                    "extra_info": {
                                                                        "Projections": [
                                                                            "#0",
                                                                            "#1",
                                                                            "#2",
                                                                            "__internal_compress_integral_usmallint(#3, -72)",
                                                                            "#4",
                                                                            "#5",
                                                                            "#6",
                                                                            "#7"
                                                                        ],
                                                                        "Estimated Cardinality": "12744093"
                                                                    },
                                                                    "cumulative_cardinality": 19182383,
                                                                    "operator_type": "PROJECTION",
                                                                    "operator_cardinality": 2457605,
                                                                    "cumulative_rows_scanned": 27686147,
                                                                    "operator_rows_scanned": 0,
                                                                    "operator_timing": 0.003252520000000002,
                                                                    "result_set_size": 108134620,
                                                                    "children": [
                                                                        {
                                                                            "operator_name": "HASH_JOIN",
                                                                            "cpu_time": 1934.8303735747102,
                                                                            "extra_info": {
                                                                                "Join Type": "LEFT",
                                                                                "Conditions": "id = postid",
                                                                                "Estimated Cardinality": "12744093"
                                                                            },
                                                                            "cumulative_cardinality": 16724778,
                                                                            "operator_type": "HASH_JOIN",
                                                                            "operator_cardinality": 2457605,
                                                                            "cumulative_rows_scanned": 27686147,
                                                                            "operator_rows_scanned": 0,
                                                                            "operator_timing": 0.5135543829999996,
                                                                            "result_set_size": 113049830,
                                                                            "children": [
                                                                                {
                                                                                    "operator_name": "PROJECTION",
                                                                                    "cpu_time": 1934.2413002157102,
                                                                                    "extra_info": {
                                                                                        "Projections": [
                                                                                            "#0",
                                                                                            "#2",
                                                                                            "#3",
                                                                                            "__internal_decompress_integral_integer(#4, -72)",
                                                                                            "#5",
                                                                                            "#6",
                                                                                            "#1"
                                                                                        ],
                                                                                        "Estimated Cardinality": "12744093"
                                                                                    },
                                                                                    "cumulative_cardinality": 7025351,
                                                                                    "operator_type": "PROJECTION",
                                                                                    "operator_cardinality": 756770,
                                                                                    "cumulative_rows_scanned": 20444325,
                                                                                    "operator_rows_scanned": 0,
                                                                                    "operator_timing": 0.0005460009999999998,
                                                                                    "result_set_size": 31784340,
                                                                                    "children": [
                                                                                        {
                                                                                            "operator_name": "HASH_JOIN",
                                                                                            "cpu_time": 1934.2407542147103,
                                                                                            "extra_info": {
                                                                                                "Join Type": "RIGHT",
                                                                                                "Conditions": "postid = id",
                                                                                                "Estimated Cardinality": "12744093"
                                                                                            },
                                                                                            "cumulative_cardinality": 6268581,
                                                                                            "operator_type": "HASH_JOIN",
                                                                                            "operator_cardinality": 756770,
                                                                                            "cumulative_rows_scanned": 20444325,
                                                                                            "operator_rows_scanned": 0,
                                                                                            "operator_timing": 0.091021497,
                                                                                            "result_set_size": 30270800,
                                                                                            "children": [
                                                                                                {
                                                                                                    "operator_name": "READ_PARQUET ",
                                                                                                    "cpu_time": 0.023793162000000003,
                                                                                                    "extra_info": {
                                                                                                        "Function": "READ_PARQUET",
                                                                                                        "Projections": [
                                                                                                            "postid",
                                                                                                            "votetypeid"
                                                                                                        ],
                                                                                                        "Estimated Cardinality": "12744093"
                                                                                                    },
                                                                                                    "cumulative_cardinality": 802778,
                                                                                                    "operator_type": "TABLE_SCAN",
                                                                                                    "operator_cardinality": 802778,
                                                                                                    "cumulative_rows_scanned": 12744093,
                                                                                                    "operator_rows_scanned": 12744093,
                                                                                                    "operator_timing": 0.023793162000000003,
                                                                                                    "result_set_size": 4816668,
                                                                                                    "children": []
                                                                                                },
                                                                                                {
                                                                                                    "operator_name": "PROJECTION",
                                                                                                    "cpu_time": 1934.1259395557101,
                                                                                                    "extra_info": {
                                                                                                        "Projections": [
                                                                                                            "#0",
                                                                                                            "#1",
                                                                                                            "#2",
                                                                                                            "__internal_compress_integral_utinyint(#3, 1)",
                                                                                                            "#4",
                                                                                                            "__internal_compress_integral_usmallint(#5, -72)",
                                                                                                            "#6",
                                                                                                            "#7"
                                                                                                        ],
                                                                                                        "Estimated Cardinality": "3850116"
                                                                                                    },
                                                                                                    "cumulative_cardinality": 4709033,
                                                                                                    "operator_type": "PROJECTION",
                                                                                                    "operator_cardinality": 296831,
                                                                                                    "cumulative_rows_scanned": 7700232,
                                                                                                    "operator_rows_scanned": 0,
                                                                                                    "operator_timing": 0.0009159840000000001,
                                                                                                    "result_set_size": 12763733,
                                                                                                    "children": [
                                                                                                        {
                                                                                                            "operator_name": "BLOCKWISE_NL_JOIN",
                                                                                                            "cpu_time": 1934.1250235717102,
                                                                                                            "extra_info": {
                                                                                                                "Join Type": "RIGHT",
                                                                                                                "Condition": "((posttypeid = 1) AND (id = parentid))"
                                                                                                            },
                                                                                                            "cumulative_cardinality": 4412202,
                                                                                                            "operator_type": "BLOCKWISE_NL_JOIN",
                                                                                                            "operator_cardinality": 296831,
                                                                                                            "cumulative_rows_scanned": 7700232,
                                                                                                            "operator_rows_scanned": 0,
                                                                                                            "operator_timing": 1933.9681689687102,
                                                                                                            "result_set_size": 13654226,
                                                                                                            "children": [
                                                                                                                {
                                                                                                                    "operator_name": "READ_PARQUET ",
                                                                                                                    "cpu_time": 0.08375356100000007,
                                                                                                                    "extra_info": {
                                                                                                                        "Function": "READ_PARQUET",
                                                                                                                        "Projections": [
                                                                                                                            "id",
                                                                                                                            "parentid"
                                                                                                                        ],
                                                                                                                        "Estimated Cardinality": "3850116"
                                                                                                                    },
                                                                                                                    "cumulative_cardinality": 3850116,
                                                                                                                    "operator_type": "TABLE_SCAN",
                                                                                                                    "operator_cardinality": 3850116,
                                                                                                                    "cumulative_rows_scanned": 3850116,
                                                                                                                    "operator_rows_scanned": 3850116,
                                                                                                                    "operator_timing": 0.08375356100000007,
                                                                                                                    "result_set_size": 30800928,
                                                                                                                    "children": []
                                                                                                                },
                                                                                                                {
                                                                                                                    "operator_name": "READ_PARQUET ",
                                                                                                                    "cpu_time": 0.073101042,
                                                                                                                    "extra_info": {
                                                                                                                        "Function": "READ_PARQUET",
                                                                                                                        "Projections": [
                                                                                                                            "id",
                                                                                                                            "posttypeid",
                                                                                                                            "creationdate",
                                                                                                                            "score",
                                                                                                                            "viewcount",
                                                                                                                            "title"
                                                                                                                        ],
                                                                                                                        "Filters": "creationdate>='2023-01-01 00:00:00'::TIMESTAMP",
                                                                                                                        "Estimated Cardinality": "770023"
                                                                                                                    },
                                                                                                                    "cumulative_cardinality": 265255,
                                                                                                                    "operator_type": "TABLE_SCAN",
                                                                                                                    "operator_cardinality": 265255,
                                                                                                                    "cumulative_rows_scanned": 3850116,
                                                                                                                    "operator_rows_scanned": 3850116,
                                                                                                                    "operator_timing": 0.073101042,
                                                                                                                    "result_set_size": 10079690,
                                                                                                                    "children": []
                                                                                                                }
                                                                                                            ]
                                                                                                        }
                                                                                                    ]
                                                                                                }
                                                                                            ]
                                                                                        }
                                                                                    ]
                                                                                },
                                                                                {
                                                                                    "operator_name": "READ_PARQUET ",
                                                                                    "cpu_time": 0.07551897599999975,
                                                                                    "extra_info": {
                                                                                        "Function": "READ_PARQUET",
                                                                                        "Projections": [
                                                                                            "id",
                                                                                            "postid"
                                                                                        ],
                                                                                        "Estimated Cardinality": "7241822"
                                                                                    },
                                                                                    "cumulative_cardinality": 7241822,
                                                                                    "operator_type": "TABLE_SCAN",
                                                                                    "operator_cardinality": 7241822,
                                                                                    "cumulative_rows_scanned": 7241822,
                                                                                    "operator_rows_scanned": 7241822,
                                                                                    "operator_timing": 0.07551897599999975,
                                                                                    "result_set_size": 57934576,
                                                                                    "children": []
                                                                                }
                                                                            ]
                                                                        }
                                                                    ]
                                                                }
                                                            ]
                                                        }
                                                    ]
                                                }
                                            ]
                                        }
                                    ]
                                },
                                {
                                    "operator_name": "CROSS_PRODUCT",
                                    "cpu_time": 0.009838758000000001,
                                    "extra_info": {},
                                    "cumulative_cardinality": 1061021,
                                    "operator_type": "CROSS_PRODUCT",
                                    "operator_cardinality": 265255,
                                    "cumulative_rows_scanned": 0,
                                    "operator_rows_scanned": 0,
                                    "operator_timing": 0.0009404639999999999,
                                    "result_set_size": 39257740,
                                    "children": [
                                        {
                                            "operator_name": "CTE_SCAN",
                                            "cpu_time": 0.0013221219999999996,
                                            "extra_info": {
                                                "CTE Index": "0",
                                                "Estimated Cardinality": "3850116"
                                            },
                                            "cumulative_cardinality": 265255,
                                            "operator_type": "CTE_SCAN",
                                            "operator_cardinality": 265255,
                                            "cumulative_rows_scanned": 0,
                                            "operator_rows_scanned": 0,
                                            "operator_timing": 0.0013221219999999996,
                                            "result_set_size": 22281420,
                                            "children": []
                                        },
                                        {
                                            "operator_name": "UNGROUPED_AGGREGATE",
                                            "cpu_time": 0.007576172000000002,
                                            "extra_info": {
                                                "Aggregates": [
                                                    "avg(#0)",
                                                    "avg(#1)",
                                                    "avg(#2)",
                                                    "avg(#3)",
                                                    "sum(#4)",
                                                    "sum(#5)"
                                                ]
                                            },
                                            "cumulative_cardinality": 530511,
                                            "operator_type": "UNGROUPED_AGGREGATE",
                                            "operator_cardinality": 1,
                                            "cumulative_rows_scanned": 0,
                                            "operator_rows_scanned": 0,
                                            "operator_timing": 0.006848356000000002,
                                            "result_set_size": 64,
                                            "children": [
                                                {
                                                    "operator_name": "PROJECTION",
                                                    "cpu_time": 0.000727816,
                                                    "extra_info": {
                                                        "Projections": [
                                                            "viewcount",
                                                            "score",
                                                            "AnswerCount",
                                                            "CommentCount",
                                                            "UpVotes",
                                                            "DownVotes"
                                                        ],
                                                        "Estimated Cardinality": "3850116"
                                                    },
                                                    "cumulative_cardinality": 530510,
                                                    "operator_type": "PROJECTION",
                                                    "operator_cardinality": 265255,
                                                    "cumulative_rows_scanned": 0,
                                                    "operator_rows_scanned": 0,
                                                    "operator_timing": 0.00002717900000000002,
                                                    "result_set_size": 14854280,
                                                    "children": [
                                                        {
                                                            "operator_name": "CTE_SCAN",
                                                            "cpu_time": 0.000700637,
                                                            "extra_info": {
                                                                "CTE Index": "0",
                                                                "Estimated Cardinality": "3850116"
                                                            },
                                                            "cumulative_cardinality": 265255,
                                                            "operator_type": "CTE_SCAN",
                                                            "operator_cardinality": 265255,
                                                            "cumulative_rows_scanned": 0,
                                                            "operator_rows_scanned": 0,
                                                            "operator_timing": 0.000700637,
                                                            "result_set_size": 22281420,
                                                            "children": []
                                                        }
                                                    ]
                                                }
                                            ]
                                        }
                                    ]
                                }
                            ]
                        }
                    ]
                }
            ]
        }
    ]
}