{
    "rows_returned": 1260710,
    "query_name": "SELECT \n    u.Id AS UserId,\n    u.Reputation,\n    COALESCE(p.PostCount, 0) AS PostCount,\n    COALESCE(a.AnswerCount, 0) AS AnswerCount,\n    COALESCE(c.CommentCount, 0) AS CommentCount\nFROM \n    Users u\nLEFT JOIN \n    (SELECT OwnerUserId, COUNT(*) AS PostCount\n     FROM Posts\n     GROUP BY OwnerUserId) p ON u.Id = p.OwnerUserId\nLEFT JOIN \n    (SELECT OwnerUserId, COUNT(*) AS AnswerCount\n     FROM Posts\n     WHERE PostTypeId = 2\n     GROUP BY OwnerUserId) a ON u.Id = a.OwnerUserId\nLEFT JOIN \n    (SELECT UserId, COUNT(*) AS CommentCount\n     FROM Comments\n     GROUP BY UserId) c ON u.Id = c.UserId\nORDER BY \n    u.Reputation DESC;",
    "blocked_thread_time": 0.0,
    "cpu_time": 1.3242238410000002,
    "extra_info": {},
    "cumulative_cardinality": 34828300,
    "cumulative_rows_scanned": 16202764,
    "result_set_size": 40342720,
    "latency": 2.355335277,
    "children": [
        {
            "operator_name": "ORDER_BY",
            "cpu_time": 1.3242238410000002,
            "extra_info": {
                "Order By": "u.Reputation DESC"
            },
            "cumulative_cardinality": 34828300,
            "operator_type": "ORDER_BY",
            "operator_cardinality": 1260710,
            "cumulative_rows_scanned": 16202764,
            "operator_rows_scanned": 0,
            "operator_timing": 0.08798910600000003,
            "result_set_size": 40342720,
            "children": [
                {
                    "operator_name": "PROJECTION",
                    "cpu_time": 1.2362347350000003,
                    "extra_info": {
                        "Projections": [
                            "UserId",
                            "reputation",
                            "PostCount",
                            "AnswerCount",
                            "CommentCount"
                        ],
                        "Estimated Cardinality": "3620911"
                    },
                    "cumulative_cardinality": 33567590,
                    "operator_type": "PROJECTION",
                    "operator_cardinality": 1260710,
                    "cumulative_rows_scanned": 16202764,
                    "operator_rows_scanned": 0,
                    "operator_timing": 0.045917903000000024,
                    "result_set_size": 40342720,
                    "children": [
                        {
                            "operator_name": "HASH_JOIN",
                            "cpu_time": 1.1903168320000002,
                            "extra_info": {
                                "Join Type": "RIGHT",
                                "Conditions": "userid = id",
                                "Estimated Cardinality": "3620911"
                            },
                            "cumulative_cardinality": 32306880,
                            "operator_type": "HASH_JOIN",
                            "operator_cardinality": 1260710,
                            "cumulative_rows_scanned": 16202764,
                            "operator_rows_scanned": 0,
                            "operator_timing": 0.12178322899999999,
                            "result_set_size": 40342720,
                            "children": [
                                {
                                    "operator_name": "HASH_GROUP_BY",
                                    "cpu_time": 0.6834721030000006,
                                    "extra_info": {
                                        "Groups": "#0",
                                        "Aggregates": "count_star()",
                                        "Estimated Cardinality": "3620911"
                                    },
                                    "cumulative_cardinality": 14736736,
                                    "operator_type": "HASH_GROUP_BY",
                                    "operator_cardinality": 253092,
                                    "cumulative_rows_scanned": 7241822,
                                    "operator_rows_scanned": 0,
                                    "operator_timing": 0.14148153199999977,
                                    "result_set_size": 3037104,
                                    "children": [
                                        {
                                            "operator_name": "PROJECTION",
                                            "cpu_time": 0.5419905710000008,
                                            "extra_info": {
                                                "Projections": "userid",
                                                "Estimated Cardinality": "7241822"
                                            },
                                            "cumulative_cardinality": 14483644,
                                            "operator_type": "PROJECTION",
                                            "operator_cardinality": 7241822,
                                            "cumulative_rows_scanned": 7241822,
                                            "operator_rows_scanned": 0,
                                            "operator_timing": 0.00047076099999999294,
                                            "result_set_size": 28967288,
                                            "children": [
                                                {
                                                    "operator_name": "READ_PARQUET ",
                                                    "cpu_time": 0.5415198100000008,
                                                    "extra_info": {
                                                        "Function": "READ_PARQUET",
                                                        "Projections": "userid",
                                                        "Estimated Cardinality": "7241822"
                                                    },
                                                    "cumulative_cardinality": 7241822,
                                                    "operator_type": "TABLE_SCAN",
                                                    "operator_cardinality": 7241822,
                                                    "cumulative_rows_scanned": 7241822,
                                                    "operator_rows_scanned": 7241822,
                                                    "operator_timing": 0.5415198100000008,
                                                    "result_set_size": 28967288,
                                                    "children": []
                                                }
                                            ]
                                        }
                                    ]
                                },
                                {
                                    "operator_name": "HASH_JOIN",
                                    "cpu_time": 0.3850614999999995,
                                    "extra_info": {
                                        "Join Type": "LEFT",
                                        "Conditions": "id = owneruserid",
                                        "Estimated Cardinality": "1925058"
                                    },
                                    "cumulative_cardinality": 16309434,
                                    "operator_type": "HASH_JOIN",
                                    "operator_cardinality": 1260710,
                                    "cumulative_rows_scanned": 8960942,
                                    "operator_rows_scanned": 0,
                                    "operator_timing": 0.028577124999999922,
                                    "result_set_size": 30257040,
                                    "children": [
                                        {
                                            "operator_name": "HASH_JOIN",
                                            "cpu_time": 0.2207796679999999,
                                            "extra_info": {
                                                "Join Type": "RIGHT",
                                                "Conditions": "owneruserid = id",
                                                "Estimated Cardinality": "1925058"
                                            },
                                            "cumulative_cardinality": 10593284,
                                            "operator_type": "HASH_JOIN",
                                            "operator_cardinality": 1260710,
                                            "cumulative_rows_scanned": 5110826,
                                            "operator_rows_scanned": 0,
                                            "operator_timing": 0.087609773,
                                            "result_set_size": 20171360,
                                            "children": [
                                                {
                                                    "operator_name": "HASH_GROUP_BY",
                                                    "cpu_time": 0.11913963899999991,
                                                    "extra_info": {
                                                        "Groups": "#0",
                                                        "Aggregates": "count_star()",
                                                        "Estimated Cardinality": "1925058"
                                                    },
                                                    "cumulative_cardinality": 8071864,
                                                    "operator_type": "HASH_GROUP_BY",
                                                    "operator_cardinality": 371632,
                                                    "cumulative_rows_scanned": 3850116,
                                                    "operator_rows_scanned": 0,
                                                    "operator_timing": 0.0957977409999999,
                                                    "result_set_size": 4459584,
                                                    "children": [
                                                        {
                                                            "operator_name": "PROJECTION",
                                                            "cpu_time": 0.02334189800000001,
                                                            "extra_info": {
                                                                "Projections": "owneruserid",
                                                                "Estimated Cardinality": "3850116"
                                                            },
                                                            "cumulative_cardinality": 7700232,
                                                            "operator_type": "PROJECTION",
                                                            "operator_cardinality": 3850116,
                                                            "cumulative_rows_scanned": 3850116,
                                                            "operator_rows_scanned": 0,
                                                            "operator_timing": 0.00023614799999999836,
                                                            "result_set_size": 15400464,
                                                            "children": [
                                                                {
                                                                    "operator_name": "READ_PARQUET ",
                                                                    "cpu_time": 0.02310575000000001,
                                                                    "extra_info": {
                                                                        "Function": "READ_PARQUET",
                                                                        "Projections": "owneruserid",
                                                                        "Estimated Cardinality": "3850116"
                                                                    },
                                                                    "cumulative_cardinality": 3850116,
                                                                    "operator_type": "TABLE_SCAN",
                                                                    "operator_cardinality": 3850116,
                                                                    "cumulative_rows_scanned": 3850116,
                                                                    "operator_rows_scanned": 3850116,
                                                                    "operator_timing": 0.02310575000000001,
                                                                    "result_set_size": 15400464,
                                                                    "children": []
                                                                }
                                                            ]
                                                        }
                                                    ]
                                                },
                                                {
                                                    "operator_name": "READ_PARQUET ",
                                                    "cpu_time": 0.014030255999999984,
                                                    "extra_info": {
                                                        "Function": "READ_PARQUET",
                                                        "Projections": [
                                                            "id",
                                                            "reputation"
                                                        ],
                                                        "Estimated Cardinality": "1260710"
                                                    },
                                                    "cumulative_cardinality": 1260710,
                                                    "operator_type": "TABLE_SCAN",
                                                    "operator_cardinality": 1260710,
                                                    "cumulative_rows_scanned": 1260710,
                                                    "operator_rows_scanned": 1260710,
                                                    "operator_timing": 0.014030255999999984,
                                                    "result_set_size": 10085680,
                                                    "children": []
                                                }
                                            ]
                                        },
                                        {
                                            "operator_name": "HASH_GROUP_BY",
                                            "cpu_time": 0.13570470699999967,
                                            "extra_info": {
                                                "Groups": "#0",
                                                "Aggregates": "count_star()",
                                                "Estimated Cardinality": "385011"
                                            },
                                            "cumulative_cardinality": 4455440,
                                            "operator_type": "HASH_GROUP_BY",
                                            "operator_cardinality": 100854,
                                            "cumulative_rows_scanned": 3850116,
                                            "operator_rows_scanned": 0,
                                            "operator_timing": 0.03846916999999996,
                                            "result_set_size": 1210248,
                                            "children": [
                                                {
                                                    "operator_name": "PROJECTION",
                                                    "cpu_time": 0.09723553699999972,
                                                    "extra_info": {
                                                        "Projections": "owneruserid",
                                                        "Estimated Cardinality": "770023"
                                                    },
                                                    "cumulative_cardinality": 4354586,
                                                    "operator_type": "PROJECTION",
                                                    "operator_cardinality": 2177293,
                                                    "cumulative_rows_scanned": 3850116,
                                                    "operator_rows_scanned": 0,
                                                    "operator_timing": 0.00020799999999999844,
                                                    "result_set_size": 8709172,
                                                    "children": [
                                                        {
                                                            "operator_name": "READ_PARQUET ",
                                                            "cpu_time": 0.09702753699999972,
                                                            "extra_info": {
                                                                "Function": "READ_PARQUET",
                                                                "Projections": "owneruserid",
                                                                "Filters": "posttypeid=2",
                                                                "Estimated Cardinality": "770023"
                                                            },
                                                            "cumulative_cardinality": 2177293,
                                                            "operator_type": "TABLE_SCAN",
                                                            "operator_cardinality": 2177293,
                                                            "cumulative_rows_scanned": 3850116,
                                                            "operator_rows_scanned": 3850116,
                                                            "operator_timing": 0.09702753699999972,
                                                            "result_set_size": 8709172,
                                                            "children": []
                                                        }
                                                    ]
                                                }
                                            ]
                                        }
                                    ]
                                }
                            ]
                        }
                    ]
                }
            ]
        }
    ]
}