{
    "rows_returned": 280964,
    "query_name": "WITH PostStats AS (\n    SELECT \n        p.Id AS PostId,\n        p.Title,\n        p.Score,\n        p.ViewCount,\n        p.AnswerCount,\n        p.CommentCount,\n        p.CreationDate,\n        COUNT(c.Id) AS TotalComments,\n        COUNT(v.Id) AS TotalVotes\n    FROM \n        Posts p\n    LEFT JOIN \n        Comments c ON p.Id = c.PostId\n    LEFT JOIN \n        Votes v ON p.Id = v.PostId\n    GROUP BY \n        p.Id, p.Title, p.Score, p.ViewCount, p.AnswerCount, p.CommentCount, p.CreationDate\n),\nUserActivity AS (\n    SELECT \n        u.Id AS UserId,\n        u.DisplayName,\n        COUNT(p.Id) AS TotalPosts,\n        SUM(COALESCE(p.Score, 0)) AS TotalScore,\n        SUM(COALESCE(c.Id, 0)) AS TotalComments,\n        SUM(COALESCE(v.Id, 0)) AS TotalVotes\n    FROM \n        Users u\n    LEFT JOIN \n        Posts p ON u.Id = p.OwnerUserId\n    LEFT JOIN \n        Comments c ON p.Id = c.PostId\n    LEFT JOIN \n        Votes v ON p.Id = v.PostId\n    GROUP BY \n        u.Id, u.DisplayName\n)\nSELECT \n    PS.PostId,\n    PS.Title,\n    PS.Score,\n    PS.ViewCount,\n    PS.AnswerCount,\n    PS.CommentCount,\n    PS.TotalComments,\n    PS.TotalVotes,\n    UA.UserId,\n    UA.DisplayName,\n    UA.TotalPosts,\n    UA.TotalScore,\n    UA.TotalComments AS UserTotalComments,\n    UA.TotalVotes AS UserTotalVotes\nFROM \n    PostStats PS\nJOIN \n    UserActivity UA ON PS.PostId = UA.TotalPosts\nORDER BY \n    PS.Score DESC, PS.ViewCount DESC;\n",
    "blocked_thread_time": 0.0,
    "cpu_time": 12.16284106800001,
    "extra_info": {},
    "cumulative_cardinality": 317806249,
    "cumulative_rows_scanned": 48932772,
    "result_set_size": 35963392,
    "latency": 14.283888259,
    "children": [
        {
            "operator_name": "PROJECTION",
            "cpu_time": 12.16284106800001,
            "extra_info": {
                "Projections": [
                    "#0",
                    "#1",
                    "__internal_decompress_integral_integer(#2, -72)",
                    "#3",
                    "__internal_decompress_integral_integer(#4, 0)",
                    "__internal_decompress_integral_integer(#5, 0)",
                    "#6",
                    "#7",
                    "#8",
                    "#9",
                    "#10",
                    "#11",
                    "#12",
                    "#13"
                ],
                "Estimated Cardinality": "3850116"
            },
            "cumulative_cardinality": 317806249,
            "operator_type": "PROJECTION",
            "operator_cardinality": 280964,
            "cumulative_rows_scanned": 48932772,
            "operator_rows_scanned": 0,
            "operator_timing": 0.0003152000000000001,
            "result_set_size": 35963392,
            "children": [
                {
                    "operator_name": "ORDER_BY",
                    "cpu_time": 12.16252586800001,
                    "extra_info": {
                        "Order By": [
                            "PS.Score DESC",
                            "PS.ViewCount DESC"
                        ]
                    },
                    "cumulative_cardinality": 317525285,
                    "operator_type": "ORDER_BY",
                    "operator_cardinality": 280964,
                    "cumulative_rows_scanned": 48932772,
                    "operator_rows_scanned": 0,
                    "operator_timing": 0.03505839999999999,
                    "result_set_size": 33715680,
                    "children": [
                        {
                            "operator_name": "PROJECTION",
                            "cpu_time": 12.12746746800001,
                            "extra_info": {
                                "Projections": [
                                    "#0",
                                    "#1",
                                    "__internal_compress_integral_usmallint(#2, -72)",
                                    "#3",
                                    "__internal_compress_integral_utinyint(#4, 0)",
                                    "__internal_compress_integral_utinyint(#5, 0)",
                                    "#6",
                                    "#7",
                                    "#8",
                                    "#9",
                                    "#10",
                                    "#11",
                                    "#12",
                                    "#13"
                                ],
                                "Estimated Cardinality": "3850116"
                            },
                            "cumulative_cardinality": 317244321,
                            "operator_type": "PROJECTION",
                            "operator_cardinality": 280964,
                            "cumulative_rows_scanned": 48932772,
                            "operator_rows_scanned": 0,
                            "operator_timing": 0.0010781360000000004,
                            "result_set_size": 33715680,
                            "children": [
                                {
                                    "operator_name": "HASH_JOIN",
                                    "cpu_time": 12.12638933200001,
                                    "extra_info": {
                                        "Join Type": "INNER",
                                        "Conditions": "CAST(PostId AS BIGINT) = TotalPosts",
                                        "Estimated Cardinality": "3850116"
                                    },
                                    "cumulative_cardinality": 316963357,
                                    "operator_type": "HASH_JOIN",
                                    "operator_cardinality": 280964,
                                    "cumulative_rows_scanned": 48932772,
                                    "operator_rows_scanned": 0,
                                    "operator_timing": 0.17357854300000017,
                                    "result_set_size": 35963392,
                                    "children": [
                                        {
                                            "operator_name": "PROJECTION",
                                            "cpu_time": 6.3896228040000205,
                                            "extra_info": {
                                                "Projections": [
                                                    "PostId",
                                                    "title",
                                                    "score",
                                                    "viewcount",
                                                    "answercount",
                                                    "commentcount",
                                                    "TotalComments",
                                                    "TotalVotes"
                                                ],
                                                "Estimated Cardinality": "3850116"
                                            },
                                            "cumulative_cardinality": 149703415,
                                            "operator_type": "PROJECTION",
                                            "operator_cardinality": 3850116,
                                            "cumulative_rows_scanned": 23836031,
                                            "operator_rows_scanned": 0,
                                            "operator_timing": 0.0009013620000000022,
                                            "result_set_size": 200206032,
                                            "children": [
                                                {
                                                    "operator_name": "PROJECTION",
                                                    "cpu_time": 6.388721442000021,
                                                    "extra_info": {
                                                        "Projections": [
                                                            "#0",
                                                            "#1",
                                                            "__internal_decompress_integral_integer(#2, -72)",
                                                            "#3",
                                                            "__internal_decompress_integral_integer(#4, 0)",
                                                            "__internal_decompress_integral_integer(#5, 0)",
                                                            "#6",
                                                            "#7",
                                                            "#8"
                                                        ],
                                                        "Estimated Cardinality": "3850116"
                                                    },
                                                    "cumulative_cardinality": 145853299,
                                                    "operator_type": "PROJECTION",
                                                    "operator_cardinality": 3850116,
                                                    "cumulative_rows_scanned": 23836031,
                                                    "operator_rows_scanned": 0,
                                                    "operator_timing": 0.01430933300000002,
                                                    "result_set_size": 231006960,
                                                    "children": [
                                                        {
                                                            "operator_name": "HASH_GROUP_BY",
                                                            "cpu_time": 6.374412109000021,
                                                            "extra_info": {
                                                                "Groups": [
                                                                    "#0",
                                                                    "#1",
                                                                    "#2",
                                                                    "#3",
                                                                    "#4",
                                                                    "#5",
                                                                    "#6"
                                                                ],
                                                                "Aggregates": [
                                                                    "count(#7)",
                                                                    "count(#8)"
                                                                ],
                                                                "Estimated Cardinality": "3850116"
                                                            },
                                                            "cumulative_cardinality": 142003183,
                                                            "operator_type": "HASH_GROUP_BY",
                                                            "operator_cardinality": 3850116,
                                                            "cumulative_rows_scanned": 23836031,
                                                            "operator_rows_scanned": 0,
                                                            "operator_timing": 3.322853399000027,
                                                            "result_set_size": 200206032,
                                                            "children": [
                                                                {
                                                                    "operator_name": "PROJECTION",
                                                                    "cpu_time": 3.0515587099999935,
                                                                    "extra_info": {
                                                                        "Projections": [
                                                                            "id",
                                                                            "title",
                                                                            "score",
                                                                            "viewcount",
                                                                            "answercount",
                                                                            "commentcount",
                                                                            "creationdate",
                                                                            "id",
                                                                            "id"
                                                                        ],
                                                                        "Estimated Cardinality": "12744093"
                                                                    },
                                                                    "cumulative_cardinality": 138153067,
                                                                    "operator_type": "PROJECTION",
                                                                    "operator_cardinality": 35129590,
                                                                    "cumulative_rows_scanned": 23836031,
                                                                    "operator_rows_scanned": 0,
                                                                    "operator_timing": 0.012512677000000666,
                                                                    "result_set_size": 1545701960,
                                                                    "children": [
                                                                        {
                                                                            "operator_name": "PROJECTION",
                                                                            "cpu_time": 3.039046032999993,
                                                                            "extra_info": {
                                                                                "Projections": [
                                                                                    "#0",
                                                                                    "#1",
                                                                                    "__internal_compress_integral_usmallint(#2, -72)",
                                                                                    "#3",
                                                                                    "#4",
                                                                                    "__internal_compress_integral_utinyint(#5, 0)",
                                                                                    "__internal_compress_integral_utinyint(#6, 0)",
                                                                                    "#7",
                                                                                    "#8"
                                                                                ],
                                                                                "Estimated Cardinality": "12744093"
                                                                            },
                                                                            "cumulative_cardinality": 103023477,
                                                                            "operator_type": "PROJECTION",
                                                                            "operator_cardinality": 35129590,
                                                                            "cumulative_rows_scanned": 23836031,
                                                                            "operator_rows_scanned": 0,
                                                                            "operator_timing": 0.05886520399999897,
                                                                            "result_set_size": 1545701960,
                                                                            "children": [
                                                                                {
                                                                                    "operator_name": "HASH_JOIN",
                                                                                    "cpu_time": 2.980180828999994,
                                                                                    "extra_info": {
                                                                                        "Join Type": "LEFT",
                                                                                        "Conditions": "id = postid",
                                                                                        "Estimated Cardinality": "12744093"
                                                                                    },
                                                                                    "cumulative_cardinality": 67893887,
                                                                                    "operator_type": "HASH_JOIN",
                                                                                    "operator_cardinality": 35129590,
                                                                                    "cumulative_rows_scanned": 23836031,
                                                                                    "operator_rows_scanned": 0,
                                                                                    "operator_timing": 1.514568792999995,
                                                                                    "result_set_size": 1826738680,
                                                                                    "children": [
                                                                                        {
                                                                                            "operator_name": "HASH_JOIN",
                                                                                            "cpu_time": 1.287060186999998,
                                                                                            "extra_info": {
                                                                                                "Join Type": "LEFT",
                                                                                                "Conditions": "id = postid",
                                                                                                "Estimated Cardinality": "7241822"
                                                                                            },
                                                                                            "cumulative_cardinality": 20020204,
                                                                                            "operator_type": "HASH_JOIN",
                                                                                            "operator_cardinality": 8928266,
                                                                                            "cumulative_rows_scanned": 11091938,
                                                                                            "operator_rows_scanned": 0,
                                                                                            "operator_timing": 0.6840689679999996,
                                                                                            "result_set_size": 428556768,
                                                                                            "children": [
                                                                                                {
                                                                                                    "operator_name": "READ_PARQUET ",
                                                                                                    "cpu_time": 0.5062254129999989,
                                                                                                    "extra_info": {
                                                                                                        "Function": "READ_PARQUET",
                                                                                                        "Projections": [
                                                                                                            "id",
                                                                                                            "creationdate",
                                                                                                            "score",
                                                                                                            "viewcount",
                                                                                                            "title",
                                                                                                            "answercount",
                                                                                                            "commentcount"
                                                                                                        ],
                                                                                                        "Estimated Cardinality": "3850116"
                                                                                                    },
                                                                                                    "cumulative_cardinality": 3850116,
                                                                                                    "operator_type": "TABLE_SCAN",
                                                                                                    "operator_cardinality": 3850116,
                                                                                                    "cumulative_rows_scanned": 3850116,
                                                                                                    "operator_rows_scanned": 3850116,
                                                                                                    "operator_timing": 0.5062254129999989,
                                                                                                    "result_set_size": 169405104,
                                                                                                    "children": []
                                                                                                },
                                                                                                {
                                                                                                    "operator_name": "READ_PARQUET ",
                                                                                                    "cpu_time": 0.09676580599999972,
                                                                                                    "extra_info": {
                                                                                                        "Function": "READ_PARQUET",
                                                                                                        "Projections": [
                                                                                                            "id",
                                                                                                            "postid"
                                                                                                        ],
                                                                                                        "Estimated Cardinality": "7241822"
                                                                                                    },
                                                                                                    "cumulative_cardinality": 7241822,
                                                                                                    "operator_type": "TABLE_SCAN",
                                                                                                    "operator_cardinality": 7241822,
                                                                                                    "cumulative_rows_scanned": 7241822,
                                                                                                    "operator_rows_scanned": 7241822,
                                                                                                    "operator_timing": 0.09676580599999972,
                                                                                                    "result_set_size": 57934576,
                                                                                                    "children": []
                                                                                                }
                                                                                            ]
                                                                                        },
                                                                                        {
                                                                                            "operator_name": "READ_PARQUET ",
                                                                                            "cpu_time": 0.17855184900000043,
                                                                                            "extra_info": {
                                                                                                "Function": "READ_PARQUET",
                                                                                                "Projections": [
                                                                                                    "id",
                                                                                                    "postid"
                                                                                                ],
                                                                                                "Estimated Cardinality": "12744093"
                                                                                            },
                                                                                            "cumulative_cardinality": 12744093,
                                                                                            "operator_type": "TABLE_SCAN",
                                                                                            "operator_cardinality": 12744093,
                                                                                            "cumulative_rows_scanned": 12744093,
                                                                                            "operator_rows_scanned": 12744093,
                                                                                            "operator_timing": 0.17855184900000043,
                                                                                            "result_set_size": 101952744,
                                                                                            "children": []
                                                                                        }
                                                                                    ]
                                                                                }
                                                                            ]
                                                                        }
                                                                    ]
                                                                }
                                                            ]
                                                        }
                                                    ]
                                                }
                                            ]
                                        },
                                        {
                                            "operator_name": "HASH_GROUP_BY",
                                            "cpu_time": 5.5631879849999875,
                                            "extra_info": {
                                                "Groups": [
                                                    "#0",
                                                    "#1"
                                                ],
                                                "Aggregates": [
                                                    "count(#2)",
                                                    "sum(#3)",
                                                    "sum(#4)",
                                                    "sum(#5)"
                                                ],
                                                "Estimated Cardinality": "1260710"
                                            },
                                            "cumulative_cardinality": 166978978,
                                            "operator_type": "HASH_GROUP_BY",
                                            "operator_cardinality": 1260710,
                                            "cumulative_rows_scanned": 25096741,
                                            "operator_rows_scanned": 0,
                                            "operator_timing": 1.671793649999988,
                                            "result_set_size": 95813960,
                                            "children": [
                                                {
                                                    "operator_name": "PROJECTION",
                                                    "cpu_time": 3.8913943349999993,
                                                    "extra_info": {
                                                        "Projections": [
                                                            "id",
                                                            "displayname",
                                                            "id",
                                                            "COALESCE(score, 0)",
                                                            "COALESCE(id, 0)",
                                                            "COALESCE(id, 0)"
                                                        ],
                                                        "Estimated Cardinality": "12744093"
                                                    },
                                                    "cumulative_cardinality": 165718268,
                                                    "operator_type": "PROJECTION",
                                                    "operator_cardinality": 34453569,
                                                    "cumulative_rows_scanned": 25096741,
                                                    "operator_rows_scanned": 0,
                                                    "operator_timing": 0.5974011910000037,
                                                    "result_set_size": 1240328484,
                                                    "children": [
                                                        {
                                                            "operator_name": "PROJECTION",
                                                            "cpu_time": 3.2939931439999954,
                                                            "extra_info": {
                                                                "Projections": [
                                                                    "#0",
                                                                    "#1",
                                                                    "#2",
                                                                    "__internal_decompress_integral_integer(#3, -72)",
                                                                    "#4",
                                                                    "#5"
                                                                ],
                                                                "Estimated Cardinality": "12744093"
                                                            },
                                                            "cumulative_cardinality": 131264699,
                                                            "operator_type": "PROJECTION",
                                                            "operator_cardinality": 34453569,
                                                            "cumulative_rows_scanned": 25096741,
                                                            "operator_rows_scanned": 0,
                                                            "operator_timing": 0.017594943999999883,
                                                            "result_set_size": 1240328484,
                                                            "children": [
                                                                {
                                                                    "operator_name": "HASH_JOIN",
                                                                    "cpu_time": 3.2763981999999956,
                                                                    "extra_info": {
                                                                        "Join Type": "RIGHT",
                                                                        "Conditions": "postid = id",
                                                                        "Estimated Cardinality": "12744093"
                                                                    },
                                                                    "cumulative_cardinality": 96811130,
                                                                    "operator_type": "HASH_JOIN",
                                                                    "operator_cardinality": 34453569,
                                                                    "cumulative_rows_scanned": 25096741,
                                                                    "operator_rows_scanned": 0,
                                                                    "operator_timing": 1.748288527999998,
                                                                    "result_set_size": 1171421346,
                                                                    "children": [
                                                                        {
                                                                            "operator_name": "READ_PARQUET ",
                                                                            "cpu_time": 0.2318196889999998,
                                                                            "extra_info": {
                                                                                "Function": "READ_PARQUET",
                                                                                "Projections": [
                                                                                    "id",
                                                                                    "postid"
                                                                                ],
                                                                                "Estimated Cardinality": "12744093"
                                                                            },
                                                                            "cumulative_cardinality": 12744093,
                                                                            "operator_type": "TABLE_SCAN",
                                                                            "operator_cardinality": 12744093,
                                                                            "cumulative_rows_scanned": 12744093,
                                                                            "operator_rows_scanned": 12744093,
                                                                            "operator_timing": 0.2318196889999998,
                                                                            "result_set_size": 101952744,
                                                                            "children": []
                                                                        },
                                                                        {
                                                                            "operator_name": "PROJECTION",
                                                                            "cpu_time": 1.2962899829999976,
                                                                            "extra_info": {
                                                                                "Projections": [
                                                                                    "#0",
                                                                                    "#1",
                                                                                    "__internal_compress_integral_usmallint(#2, -72)",
                                                                                    "#3",
                                                                                    "#4"
                                                                                ],
                                                                                "Estimated Cardinality": "7241822"
                                                                            },
                                                                            "cumulative_cardinality": 49613468,
                                                                            "operator_type": "PROJECTION",
                                                                            "operator_cardinality": 9425510,
                                                                            "cumulative_rows_scanned": 12352648,
                                                                            "operator_rows_scanned": 0,
                                                                            "operator_timing": 0.004479370999999996,
                                                                            "result_set_size": 282765300,
                                                                            "children": [
                                                                                {
                                                                                    "operator_name": "PROJECTION",
                                                                                    "cpu_time": 1.2918106119999977,
                                                                                    "extra_info": {
                                                                                        "Projections": [
                                                                                            "#0",
                                                                                            "#1",
                                                                                            "__internal_decompress_integral_integer(#2, -72)",
                                                                                            "#3",
                                                                                            "#4"
                                                                                        ],
                                                                                        "Estimated Cardinality": "7241822"
                                                                                    },
                                                                                    "cumulative_cardinality": 40187958,
                                                                                    "operator_type": "PROJECTION",
                                                                                    "operator_cardinality": 9425510,
                                                                                    "cumulative_rows_scanned": 12352648,
                                                                                    "operator_rows_scanned": 0,
                                                                                    "operator_timing": 0.008009439999999934,
                                                                                    "result_set_size": 301616320,
                                                                                    "children": [
                                                                                        {
                                                                                            "operator_name": "HASH_JOIN",
                                                                                            "cpu_time": 1.2838011719999978,
                                                                                            "extra_info": {
                                                                                                "Join Type": "RIGHT",
                                                                                                "Conditions": "postid = id",
                                                                                                "Estimated Cardinality": "7241822"
                                                                                            },
                                                                                            "cumulative_cardinality": 30762448,
                                                                                            "operator_type": "HASH_JOIN",
                                                                                            "operator_cardinality": 9425510,
                                                                                            "cumulative_rows_scanned": 12352648,
                                                                                            "operator_rows_scanned": 0,
                                                                                            "operator_timing": 0.703445537999998,
                                                                                            "result_set_size": 282765300,
                                                                                            "children": [
                                                                                                {
                                                                                                    "operator_name": "READ_PARQUET ",
                                                                                                    "cpu_time": 0.1262553599999999,
                                                                                                    "extra_info": {
                                                                                                        "Function": "READ_PARQUET",
                                                                                                        "Projections": [
                                                                                                            "id",
                                                                                                            "postid"
                                                                                                        ],
                                                                                                        "Estimated Cardinality": "7241822"
                                                                                                    },
                                                                                                    "cumulative_cardinality": 7241822,
                                                                                                    "operator_type": "TABLE_SCAN",
                                                                                                    "operator_cardinality": 7241822,
                                                                                                    "cumulative_rows_scanned": 7241822,
                                                                                                    "operator_rows_scanned": 7241822,
                                                                                                    "operator_timing": 0.1262553599999999,
                                                                                                    "result_set_size": 57934576,
                                                                                                    "children": []
                                                                                                },
                                                                                                {
                                                                                                    "operator_name": "PROJECTION",
                                                                                                    "cpu_time": 0.4541002739999999,
                                                                                                    "extra_info": {
                                                                                                        "Projections": [
                                                                                                            "#0",
                                                                                                            "__internal_compress_integral_usmallint(#1, -72)",
                                                                                                            "#2",
                                                                                                            "#3"
                                                                                                        ],
                                                                                                        "Estimated Cardinality": "3850116"
                                                                                                    },
                                                                                                    "cumulative_cardinality": 14095116,
                                                                                                    "operator_type": "PROJECTION",
                                                                                                    "operator_cardinality": 4574495,
                                                                                                    "cumulative_rows_scanned": 5110826,
                                                                                                    "operator_rows_scanned": 0,
                                                                                                    "operator_timing": 0.0024749969999999987,
                                                                                                    "result_set_size": 118936870,
                                                                                                    "children": [
                                                                                                        {
                                                                                                            "operator_name": "HASH_JOIN",
                                                                                                            "cpu_time": 0.45162527699999994,
                                                                                                            "extra_info": {
                                                                                                                "Join Type": "RIGHT",
                                                                                                                "Conditions": "owneruserid = id",
                                                                                                                "Estimated Cardinality": "3850116"
                                                                                                            },
                                                                                                            "cumulative_cardinality": 9520621,
                                                                                                            "operator_type": "HASH_JOIN",
                                                                                                            "operator_cardinality": 4574495,
                                                                                                            "cumulative_rows_scanned": 5110826,
                                                                                                            "operator_rows_scanned": 0,
                                                                                                            "operator_timing": 0.2589532769999999,
                                                                                                            "result_set_size": 128085860,
                                                                                                            "children": [
                                                                                                                {
                                                                                                                    "operator_name": "READ_PARQUET ",
                                                                                                                    "cpu_time": 0.11373058800000001,
                                                                                                                    "extra_info": {
                                                                                                                        "Function": "READ_PARQUET",
                                                                                                                        "Projections": [
                                                                                                                            "id",
                                                                                                                            "score",
                                                                                                                            "owneruserid"
                                                                                                                        ],
                                                                                                                        "Estimated Cardinality": "3850116"
                                                                                                                    },
                                                                                                                    "cumulative_cardinality": 3685416,
                                                                                                                    "operator_type": "TABLE_SCAN",
                                                                                                                    "operator_cardinality": 3685416,
                                                                                                                    "cumulative_rows_scanned": 3850116,
                                                                                                                    "operator_rows_scanned": 3850116,
                                                                                                                    "operator_timing": 0.11373058800000001,
                                                                                                                    "result_set_size": 44224992,
                                                                                                                    "children": []
                                                                                                                },
                                                                                                                {
                                                                                                                    "operator_name": "READ_PARQUET ",
                                                                                                                    "cpu_time": 0.07894141199999999,
                                                                                                                    "extra_info": {
                                                                                                                        "Function": "READ_PARQUET",
                                                                                                                        "Projections": [
                                                                                                                            "id",
                                                                                                                            "displayname"
                                                                                                                        ],
                                                                                                                        "Estimated Cardinality": "1260710"
                                                                                                                    },
                                                                                                                    "cumulative_cardinality": 1260710,
                                                                                                                    "operator_type": "TABLE_SCAN",
                                                                                                                    "operator_cardinality": 1260710,
                                                                                                                    "cumulative_rows_scanned": 1260710,
                                                                                                                    "operator_rows_scanned": 1260710,
                                                                                                                    "operator_timing": 0.07894141199999999,
                                                                                                                    "result_set_size": 25214200,
                                                                                                                    "children": []
                                                                                                                }
                                                                                                            ]
                                                                                                        }
                                                                                                    ]
                                                                                                }
                                                                                            ]
                                                                                        }
                                                                                    ]
                                                                                }
                                                                            ]
                                                                        }
                                                                    ]
                                                                }
                                                            ]
                                                        }
                                                    ]
                                                }
                                            ]
                                        }
                                    ]
                                }
                            ]
                        }
                    ]
                }
            ]
        }
    ]
}