{
    "rows_returned": 1260710,
    "query_name": "\nWITH UserPostStats AS (\n    SELECT \n        u.Id AS UserId,\n        u.DisplayName,\n        COUNT(DISTINCT p.Id) AS TotalPosts,\n        COUNT(DISTINCT CASE WHEN p.PostTypeId = 1 THEN p.Id END) AS TotalQuestions,\n        COUNT(DISTINCT CASE WHEN p.PostTypeId = 2 THEN p.Id END) AS TotalAnswers,\n        SUM(p.Score) AS TotalScore,\n        SUM(COALESCE(vs.UpVotes, 0)) AS TotalUpVotes,\n        SUM(COALESCE(vs.DownVotes, 0)) AS TotalDownVotes\n    FROM \n        Users u\n    LEFT JOIN \n        Posts p ON u.Id = p.OwnerUserId\n    LEFT JOIN \n        (SELECT \n             PostId, \n             SUM(CASE WHEN VoteTypeId = 2 THEN 1 ELSE 0 END) AS UpVotes,\n             SUM(CASE WHEN VoteTypeId = 3 THEN 1 ELSE 0 END) AS DownVotes\n         FROM \n             Votes\n         GROUP BY \n             PostId) vs ON p.Id = vs.PostId\n    GROUP BY \n        u.Id, u.DisplayName\n),\nPostActivity AS (\n    SELECT \n        p.Id AS PostId,\n        p.Title,\n        p.CreationDate,\n        p.ViewCount,\n        p.AnswerCount,\n        p.CommentCount,\n        MAX(ph.CreationDate) AS LastEditDate,\n        COUNT(c.Id) AS TotalComments\n    FROM \n        Posts p\n    LEFT JOIN \n        PostHistory ph ON p.Id = ph.PostId\n    LEFT JOIN \n        Comments c ON p.Id = c.PostId\n    GROUP BY \n        p.Id, p.Title, p.CreationDate, p.ViewCount, p.AnswerCount, p.CommentCount\n),\nBenchmarkResults AS (\n    SELECT \n        ups.UserId,\n        ups.DisplayName,\n        ups.TotalPosts,\n        ups.TotalQuestions,\n        ups.TotalAnswers,\n        ups.TotalScore,\n        ups.TotalUpVotes,\n        ups.TotalDownVotes,\n        pa.PostId,\n        pa.Title,\n        pa.CreationDate,\n        pa.ViewCount,\n        pa.AnswerCount,\n        pa.CommentCount,\n        pa.LastEditDate,\n        pa.TotalComments\n    FROM \n        UserPostStats ups\n    LEFT JOIN \n        PostActivity pa ON ups.UserId = pa.PostId  -- Fixed Join Condition\n)\nSELECT \n    *\nFROM \n    BenchmarkResults\nORDER BY \n    TotalScore DESC, TotalPosts DESC;\n",
    "blocked_thread_time": 0.0,
    "cpu_time": 12.092629691000024,
    "extra_info": {},
    "cumulative_cardinality": 223505487,
    "cumulative_rows_scanned": 40742101,
    "result_set_size": 186585080,
    "latency": 17.891042676,
    "children": [
        {
            "operator_name": "PROJECTION",
            "cpu_time": 12.092629691000024,
            "extra_info": {
                "Projections": [
                    "#0",
                    "#1",
                    "#2",
                    "#3",
                    "#4",
                    "#5",
                    "#6",
                    "#7",
                    "#8",
                    "#9",
                    "#10",
                    "#11",
                    "__internal_decompress_integral_integer(#12, 0)",
                    "__internal_decompress_integral_integer(#13, 0)",
                    "#14",
                    "#15"
                ],
                "Estimated Cardinality": "3850116"
            },
            "cumulative_cardinality": 223505487,
            "operator_type": "PROJECTION",
            "operator_cardinality": 1260710,
            "cumulative_rows_scanned": 40742101,
            "operator_rows_scanned": 0,
            "operator_timing": 0.004156030000000001,
            "result_set_size": 186585080,
            "children": [
                {
                    "operator_name": "ORDER_BY",
                    "cpu_time": 12.088473661000023,
                    "extra_info": {
                        "Order By": [
                            "BenchmarkResults.TotalScore DESC",
                            "BenchmarkResults.TotalPosts DESC"
                        ]
                    },
                    "cumulative_cardinality": 222244777,
                    "operator_type": "ORDER_BY",
                    "operator_cardinality": 1260710,
                    "cumulative_rows_scanned": 40742101,
                    "operator_rows_scanned": 0,
                    "operator_timing": 0.2837428690000001,
                    "result_set_size": 179020820,
                    "children": [
                        {
                            "operator_name": "PROJECTION",
                            "cpu_time": 11.804730792000022,
                            "extra_info": {
                                "Projections": [
                                    "#0",
                                    "#1",
                                    "#2",
                                    "#3",
                                    "#4",
                                    "#5",
                                    "#6",
                                    "#7",
                                    "#8",
                                    "#9",
                                    "#10",
                                    "#11",
                                    "__internal_compress_integral_utinyint(#12, 0)",
                                    "__internal_compress_integral_utinyint(#13, 0)",
                                    "#14",
                                    "#15"
                                ],
                                "Estimated Cardinality": "3850116"
                            },
                            "cumulative_cardinality": 220984067,
                            "operator_type": "PROJECTION",
                            "operator_cardinality": 1260710,
                            "cumulative_rows_scanned": 40742101,
                            "operator_rows_scanned": 0,
                            "operator_timing": 0.007867935000000001,
                            "result_set_size": 179020820,
                            "children": [
                                {
                                    "operator_name": "PROJECTION",
                                    "cpu_time": 11.796862857000022,
                                    "extra_info": {
                                        "Projections": [
                                            "UserId",
                                            "displayname",
                                            "TotalPosts",
                                            "TotalQuestions",
                                            "TotalAnswers",
                                            "TotalScore",
                                            "TotalUpVotes",
                                            "TotalDownVotes",
                                            "PostId",
                                            "title",
                                            "creationdate",
                                            "viewcount",
                                            "answercount",
                                            "commentcount",
                                            "LastEditDate",
                                            "TotalComments"
                                        ],
                                        "Estimated Cardinality": "3850116"
                                    },
                                    "cumulative_cardinality": 219723357,
                                    "operator_type": "PROJECTION",
                                    "operator_cardinality": 1260710,
                                    "cumulative_rows_scanned": 40742101,
                                    "operator_rows_scanned": 0,
                                    "operator_timing": 0.0006304459999999994,
                                    "result_set_size": 186585080,
                                    "children": [
                                        {
                                            "operator_name": "HASH_JOIN",
                                            "cpu_time": 11.796232411000021,
                                            "extra_info": {
                                                "Join Type": "RIGHT",
                                                "Conditions": "PostId = UserId",
                                                "Estimated Cardinality": "3850116"
                                            },
                                            "cumulative_cardinality": 218462647,
                                            "operator_type": "HASH_JOIN",
                                            "operator_cardinality": 1260710,
                                            "cumulative_rows_scanned": 40742101,
                                            "operator_rows_scanned": 0,
                                            "operator_timing": 0.30020784199999995,
                                            "result_set_size": 186585080,
                                            "children": [
                                                {
                                                    "operator_name": "PROJECTION",
                                                    "cpu_time": 6.840992625000022,
                                                    "extra_info": {
                                                        "Projections": [
                                                            "#0",
                                                            "#1",
                                                            "#2",
                                                            "#3",
                                                            "__internal_decompress_integral_integer(#4, 0)",
                                                            "__internal_decompress_integral_integer(#5, 0)",
                                                            "#6",
                                                            "#7"
                                                        ],
                                                        "Estimated Cardinality": "3850116"
                                                    },
                                                    "cumulative_cardinality": 158669213,
                                                    "operator_type": "PROJECTION",
                                                    "operator_cardinality": 3850116,
                                                    "cumulative_rows_scanned": 22887182,
                                                    "operator_rows_scanned": 0,
                                                    "operator_timing": 0.013801689000000018,
                                                    "result_set_size": 215606496,
                                                    "children": [
                                                        {
                                                            "operator_name": "HASH_GROUP_BY",
                                                            "cpu_time": 6.827190936000022,
                                                            "extra_info": {
                                                                "Groups": [
                                                                    "#0",
                                                                    "#1",
                                                                    "#2",
                                                                    "#3",
                                                                    "#4",
                                                                    "#5"
                                                                ],
                                                                "Aggregates": [
                                                                    "max(#6)",
                                                                    "count(#7)"
                                                                ],
                                                                "Estimated Cardinality": "3850116"
                                                            },
                                                            "cumulative_cardinality": 154819097,
                                                            "operator_type": "HASH_GROUP_BY",
                                                            "operator_cardinality": 3850116,
                                                            "cumulative_rows_scanned": 22887182,
                                                            "operator_rows_scanned": 0,
                                                            "operator_timing": 3.392148148000018,
                                                            "result_set_size": 192505800,
                                                            "children": [
                                                                {
                                                                    "operator_name": "PROJECTION",
                                                                    "cpu_time": 3.4350427880000036,
                                                                    "extra_info": {
                                                                        "Projections": [
                                                                            "id",
                                                                            "title",
                                                                            "creationdate",
                                                                            "viewcount",
                                                                            "answercount",
                                                                            "commentcount",
                                                                            "creationdate",
                                                                            "id"
                                                                        ],
                                                                        "Estimated Cardinality": "11795244"
                                                                    },
                                                                    "cumulative_cardinality": 150968981,
                                                                    "operator_type": "PROJECTION",
                                                                    "operator_cardinality": 33547065,
                                                                    "cumulative_rows_scanned": 22887182,
                                                                    "operator_rows_scanned": 0,
                                                                    "operator_timing": 0.01094006900000129,
                                                                    "result_set_size": 1543164990,
                                                                    "children": [
                                                                        {
                                                                            "operator_name": "PROJECTION",
                                                                            "cpu_time": 3.424102719000002,
                                                                            "extra_info": {
                                                                                "Projections": [
                                                                                    "#0",
                                                                                    "#1",
                                                                                    "#2",
                                                                                    "#3",
                                                                                    "#4",
                                                                                    "__internal_compress_integral_utinyint(#5, 0)",
                                                                                    "__internal_compress_integral_utinyint(#6, 0)",
                                                                                    "#7"
                                                                                ],
                                                                                "Estimated Cardinality": "11795244"
                                                                            },
                                                                            "cumulative_cardinality": 117421916,
                                                                            "operator_type": "PROJECTION",
                                                                            "operator_cardinality": 33547065,
                                                                            "cumulative_rows_scanned": 22887182,
                                                                            "operator_rows_scanned": 0,
                                                                            "operator_timing": 0.2177611149999998,
                                                                            "result_set_size": 1543164990,
                                                                            "children": [
                                                                                {
                                                                                    "operator_name": "HASH_JOIN",
                                                                                    "cpu_time": 3.2063416040000026,
                                                                                    "extra_info": {
                                                                                        "Join Type": "LEFT",
                                                                                        "Conditions": "id = postid",
                                                                                        "Estimated Cardinality": "11795244"
                                                                                    },
                                                                                    "cumulative_cardinality": 83874851,
                                                                                    "operator_type": "HASH_JOIN",
                                                                                    "operator_cardinality": 33547065,
                                                                                    "cumulative_rows_scanned": 22887182,
                                                                                    "operator_rows_scanned": 0,
                                                                                    "operator_timing": 1.1716095309999983,
                                                                                    "result_set_size": 1744447380,
                                                                                    "children": [
                                                                                        {
                                                                                            "operator_name": "PROJECTION",
                                                                                            "cpu_time": 1.9573117330000045,
                                                                                            "extra_info": {
                                                                                                "Projections": [
                                                                                                    "#0",
                                                                                                    "#1",
                                                                                                    "#2",
                                                                                                    "#3",
                                                                                                    "#4",
                                                                                                    "__internal_decompress_integral_integer(#5, 0)",
                                                                                                    "__internal_decompress_integral_integer(#6, 0)"
                                                                                                ],
                                                                                                "Estimated Cardinality": "11795244"
                                                                                            },
                                                                                            "cumulative_cardinality": 43085964,
                                                                                            "operator_type": "PROJECTION",
                                                                                            "operator_cardinality": 11795244,
                                                                                            "cumulative_rows_scanned": 15645360,
                                                                                            "operator_rows_scanned": 0,
                                                                                            "operator_timing": 0.045795282999999735,
                                                                                            "result_set_size": 566171712,
                                                                                            "children": [
                                                                                                {
                                                                                                    "operator_name": "HASH_JOIN",
                                                                                                    "cpu_time": 1.9115164500000048,
                                                                                                    "extra_info": {
                                                                                                        "Join Type": "RIGHT",
                                                                                                        "Conditions": "postid = id",
                                                                                                        "Estimated Cardinality": "11795244"
                                                                                                    },
                                                                                                    "cumulative_cardinality": 31290720,
                                                                                                    "operator_type": "HASH_JOIN",
                                                                                                    "operator_cardinality": 11795244,
                                                                                                    "cumulative_rows_scanned": 15645360,
                                                                                                    "operator_rows_scanned": 0,
                                                                                                    "operator_timing": 1.1571001230000062,
                                                                                                    "result_set_size": 495400248,
                                                                                                    "children": [
                                                                                                        {
                                                                                                            "operator_name": "READ_PARQUET ",
                                                                                                            "cpu_time": 0.3458782829999984,
                                                                                                            "extra_info": {
                                                                                                                "Function": "READ_PARQUET",
                                                                                                                "Projections": [
                                                                                                                    "postid",
                                                                                                                    "creationdate"
                                                                                                                ],
                                                                                                                "Estimated Cardinality": "11795244"
                                                                                                            },
                                                                                                            "cumulative_cardinality": 11795244,
                                                                                                            "operator_type": "TABLE_SCAN",
                                                                                                            "operator_cardinality": 11795244,
                                                                                                            "cumulative_rows_scanned": 11795244,
                                                                                                            "operator_rows_scanned": 11795244,
                                                                                                            "operator_timing": 0.3458782829999984,
                                                                                                            "result_set_size": 141542928,
                                                                                                            "children": []
                                                                                                        },
                                                                                                        {
                                                                                                            "operator_name": "PROJECTION",
                                                                                                            "cpu_time": 0.4085380440000002,
                                                                                                            "extra_info": {
                                                                                                                "Projections": [
                                                                                                                    "#0",
                                                                                                                    "#1",
                                                                                                                    "#2",
                                                                                                                    "#3",
                                                                                                                    "__internal_compress_integral_utinyint(#4, 0)",
                                                                                                                    "__internal_compress_integral_utinyint(#5, 0)"
                                                                                                                ],
                                                                                                                "Estimated Cardinality": "3850116"
                                                                                                            },
                                                                                                            "cumulative_cardinality": 7700232,
                                                                                                            "operator_type": "PROJECTION",
                                                                                                            "operator_cardinality": 3850116,
                                                                                                            "cumulative_rows_scanned": 3850116,
                                                                                                            "operator_rows_scanned": 0,
                                                                                                            "operator_timing": 0.002720299000000002,
                                                                                                            "result_set_size": 130903944,
                                                                                                            "children": [
                                                                                                                {
                                                                                                                    "operator_name": "READ_PARQUET ",
                                                                                                                    "cpu_time": 0.40581774500000023,
                                                                                                                    "extra_info": {
                                                                                                                        "Function": "READ_PARQUET",
                                                                                                                        "Projections": [
                                                                                                                            "id",
                                                                                                                            "creationdate",
                                                                                                                            "viewcount",
                                                                                                                            "title",
                                                                                                                            "answercount",
                                                                                                                            "commentcount"
                                                                                                                        ],
                                                                                                                        "Estimated Cardinality": "3850116"
                                                                                                                    },
                                                                                                                    "cumulative_cardinality": 3850116,
                                                                                                                    "operator_type": "TABLE_SCAN",
                                                                                                                    "operator_cardinality": 3850116,
                                                                                                                    "cumulative_rows_scanned": 3850116,
                                                                                                                    "operator_rows_scanned": 3850116,
                                                                                                                    "operator_timing": 0.40581774500000023,
                                                                                                                    "result_set_size": 154004640,
                                                                                                                    "children": []
                                                                                                                }
                                                                                                            ]
                                                                                                        }
                                                                                                    ]
                                                                                                }
                                                                                            ]
                                                                                        },
                                                                                        {
                                                                                            "operator_name": "READ_PARQUET ",
                                                                                            "cpu_time": 0.07742033999999987,
                                                                                            "extra_info": {
                                                                                                "Function": "READ_PARQUET",
                                                                                                "Projections": [
                                                                                                    "id",
                                                                                                    "postid"
                                                                                                ],
                                                                                                "Estimated Cardinality": "7241822"
                                                                                            },
                                                                                            "cumulative_cardinality": 7241822,
                                                                                            "operator_type": "TABLE_SCAN",
                                                                                            "operator_cardinality": 7241822,
                                                                                            "cumulative_rows_scanned": 7241822,
                                                                                            "operator_rows_scanned": 7241822,
                                                                                            "operator_timing": 0.07742033999999987,
                                                                                            "result_set_size": 57934576,
                                                                                            "children": []
                                                                                        }
                                                                                    ]
                                                                                }
                                                                            ]
                                                                        }
                                                                    ]
                                                                }
                                                            ]
                                                        }
                                                    ]
                                                },
                                                {
                                                    "operator_name": "HASH_GROUP_BY",
                                                    "cpu_time": 4.655031943999999,
                                                    "extra_info": {
                                                        "Groups": [
                                                            "#0",
                                                            "#1"
                                                        ],
                                                        "Aggregates": [
                                                            "count(DISTINCT #2)",
                                                            "count(DISTINCT #3)",
                                                            "count(DISTINCT #4)",
                                                            "sum(#5)",
                                                            "sum(#6)",
                                                            "sum(#7)"
                                                        ],
                                                        "Estimated Cardinality": "1260710"
                                                    },
                                                    "cumulative_cardinality": 58532724,
                                                    "operator_type": "HASH_GROUP_BY",
                                                    "operator_cardinality": 1260710,
                                                    "cumulative_rows_scanned": 17854919,
                                                    "operator_rows_scanned": 0,
                                                    "operator_timing": 2.4760740599999997,
                                                    "result_set_size": 115985320,
                                                    "children": [
                                                        {
                                                            "operator_name": "PROJECTION",
                                                            "cpu_time": 2.178957884,
                                                            "extra_info": {
                                                                "Projections": [
                                                                    "id",
                                                                    "displayname",
                                                                    "id",
                                                                    "CASE  WHEN ((posttypeid = 1)) THEN (id) ELSE NULL END",
                                                                    "CASE  WHEN ((posttypeid = 2)) THEN (id) ELSE NULL END",
                                                                    "score",
                                                                    "COALESCE(UpVotes, 0)",
                                                                    "COALESCE(DownVotes, 0)"
                                                                ],
                                                                "Estimated Cardinality": "6372046"
                                                            },
                                                            "cumulative_cardinality": 57272014,
                                                            "operator_type": "PROJECTION",
                                                            "operator_cardinality": 4574495,
                                                            "cumulative_rows_scanned": 17854919,
                                                            "operator_rows_scanned": 0,
                                                            "operator_timing": 0.09636545299999996,
                                                            "result_set_size": 311065660,
                                                            "children": [
                                                                {
                                                                    "operator_name": "PROJECTION",
                                                                    "cpu_time": 2.082592431,
                                                                    "extra_info": {
                                                                        "Projections": [
                                                                            "#0",
                                                                            "#1",
                                                                            "#2",
                                                                            "__internal_decompress_integral_smallint(#3, 1)",
                                                                            "__internal_decompress_integral_integer(#4, -72)",
                                                                            "#5",
                                                                            "#6"
                                                                        ],
                                                                        "Estimated Cardinality": "6372046"
                                                                    },
                                                                    "cumulative_cardinality": 52697519,
                                                                    "operator_type": "PROJECTION",
                                                                    "operator_cardinality": 4574495,
                                                                    "cumulative_rows_scanned": 17854919,
                                                                    "operator_rows_scanned": 0,
                                                                    "operator_timing": 0.004473932999999987,
                                                                    "result_set_size": 283618690,
                                                                    "children": [
                                                                        {
                                                                            "operator_name": "HASH_JOIN",
                                                                            "cpu_time": 2.0781184980000003,
                                                                            "extra_info": {
                                                                                "Join Type": "RIGHT",
                                                                                "Conditions": "postid = id",
                                                                                "Estimated Cardinality": "6372046"
                                                                            },
                                                                            "cumulative_cardinality": 48123024,
                                                                            "operator_type": "HASH_JOIN",
                                                                            "operator_cardinality": 4574495,
                                                                            "cumulative_rows_scanned": 17854919,
                                                                            "operator_rows_scanned": 0,
                                                                            "operator_timing": 0.5750673980000007,
                                                                            "result_set_size": 269895205,
                                                                            "children": [
                                                                                {
                                                                                    "operator_name": "HASH_GROUP_BY",
                                                                                    "cpu_time": 1.0064455309999987,
                                                                                    "extra_info": {
                                                                                        "Groups": "#0",
                                                                                        "Aggregates": [
                                                                                            "sum(#1)",
                                                                                            "sum(#2)"
                                                                                        ],
                                                                                        "Estimated Cardinality": "6372046"
                                                                                    },
                                                                                    "cumulative_cardinality": 29453413,
                                                                                    "operator_type": "HASH_GROUP_BY",
                                                                                    "operator_cardinality": 3965227,
                                                                                    "cumulative_rows_scanned": 12744093,
                                                                                    "operator_rows_scanned": 0,
                                                                                    "operator_timing": 0.7642941839999984,
                                                                                    "result_set_size": 142748172,
                                                                                    "children": [
                                                                                        {
                                                                                            "operator_name": "PROJECTION",
                                                                                            "cpu_time": 0.24215134700000027,
                                                                                            "extra_info": {
                                                                                                "Projections": [
                                                                                                    "postid",
                                                                                                    "CASE  WHEN ((votetypeid = 2)) THEN (1) ELSE 0 END",
                                                                                                    "CASE  WHEN ((votetypeid = 3)) THEN (1) ELSE 0 END"
                                                                                                ],
                                                                                                "Estimated Cardinality": "12744093"
                                                                                            },
                                                                                            "cumulative_cardinality": 25488186,
                                                                                            "operator_type": "PROJECTION",
                                                                                            "operator_cardinality": 12744093,
                                                                                            "cumulative_rows_scanned": 12744093,
                                                                                            "operator_rows_scanned": 0,
                                                                                            "operator_timing": 0.10328707900000017,
                                                                                            "result_set_size": 152929116,
                                                                                            "children": [
                                                                                                {
                                                                                                    "operator_name": "READ_PARQUET ",
                                                                                                    "cpu_time": 0.1388642680000001,
                                                                                                    "extra_info": {
                                                                                                        "Function": "READ_PARQUET",
                                                                                                        "Projections": [
                                                                                                            "postid",
                                                                                                            "votetypeid"
                                                                                                        ],
                                                                                                        "Estimated Cardinality": "12744093"
                                                                                                    },
                                                                                                    "cumulative_cardinality": 12744093,
                                                                                                    "operator_type": "TABLE_SCAN",
                                                                                                    "operator_cardinality": 12744093,
                                                                                                    "cumulative_rows_scanned": 12744093,
                                                                                                    "operator_rows_scanned": 12744093,
                                                                                                    "operator_timing": 0.1388642680000001,
                                                                                                    "result_set_size": 76464558,
                                                                                                    "children": []
                                                                                                }
                                                                                            ]
                                                                                        }
                                                                                    ]
                                                                                },
                                                                                {
                                                                                    "operator_name": "PROJECTION",
                                                                                    "cpu_time": 0.49660556900000064,
                                                                                    "extra_info": {
                                                                                        "Projections": [
                                                                                            "#0",
                                                                                            "__internal_compress_integral_utinyint(#1, 1)",
                                                                                            "__internal_compress_integral_usmallint(#2, -72)",
                                                                                            "#3",
                                                                                            "#4"
                                                                                        ],
                                                                                        "Estimated Cardinality": "3850116"
                                                                                    },
                                                                                    "cumulative_cardinality": 14095116,
                                                                                    "operator_type": "PROJECTION",
                                                                                    "operator_cardinality": 4574495,
                                                                                    "cumulative_rows_scanned": 5110826,
                                                                                    "operator_rows_scanned": 0,
                                                                                    "operator_timing": 0.0037398529999999987,
                                                                                    "result_set_size": 123511365,
                                                                                    "children": [
                                                                                        {
                                                                                            "operator_name": "HASH_JOIN",
                                                                                            "cpu_time": 0.4928657160000006,
                                                                                            "extra_info": {
                                                                                                "Join Type": "RIGHT",
                                                                                                "Conditions": "owneruserid = id",
                                                                                                "Estimated Cardinality": "3850116"
                                                                                            },
                                                                                            "cumulative_cardinality": 9520621,
                                                                                            "operator_type": "HASH_JOIN",
                                                                                            "operator_cardinality": 4574495,
                                                                                            "cumulative_rows_scanned": 5110826,
                                                                                            "operator_rows_scanned": 0,
                                                                                            "operator_timing": 0.2821708760000008,
                                                                                            "result_set_size": 137234850,
                                                                                            "children": [
                                                                                                {
                                                                                                    "operator_name": "READ_PARQUET ",
                                                                                                    "cpu_time": 0.13186447799999992,
                                                                                                    "extra_info": {
                                                                                                        "Function": "READ_PARQUET",
                                                                                                        "Projections": [
                                                                                                            "id",
                                                                                                            "posttypeid",
                                                                                                            "score",
                                                                                                            "owneruserid"
                                                                                                        ],
                                                                                                        "Estimated Cardinality": "3850116"
                                                                                                    },
                                                                                                    "cumulative_cardinality": 3685416,
                                                                                                    "operator_type": "TABLE_SCAN",
                                                                                                    "operator_cardinality": 3685416,
                                                                                                    "cumulative_rows_scanned": 3850116,
                                                                                                    "operator_rows_scanned": 3850116,
                                                                                                    "operator_timing": 0.13186447799999992,
                                                                                                    "result_set_size": 51595824,
                                                                                                    "children": []
                                                                                                },
                                                                                                {
                                                                                                    "operator_name": "READ_PARQUET ",
                                                                                                    "cpu_time": 0.07883036199999996,
                                                                                                    "extra_info": {
                                                                                                        "Function": "READ_PARQUET",
                                                                                                        "Projections": [
                                                                                                            "id",
                                                                                                            "displayname"
                                                                                                        ],
                                                                                                        "Estimated Cardinality": "1260710"
                                                                                                    },
                                                                                                    "cumulative_cardinality": 1260710,
                                                                                                    "operator_type": "TABLE_SCAN",
                                                                                                    "operator_cardinality": 1260710,
                                                                                                    "cumulative_rows_scanned": 1260710,
                                                                                                    "operator_rows_scanned": 1260710,
                                                                                                    "operator_timing": 0.07883036199999996,
                                                                                                    "result_set_size": 25214200,
                                                                                                    "children": []
                                                                                                }
                                                                                            ]
                                                                                        }
                                                                                    ]
                                                                                }
                                                                            ]
                                                                        }
                                                                    ]
                                                                }
                                                            ]
                                                        }
                                                    ]
                                                }
                                            ]
                                        }
                                    ]
                                }
                            ]
                        }
                    ]
                }
            ]
        }
    ]
}