{
    "rows_returned": 6092,
    "query_name": "WITH UserPosts AS (\n    SELECT \n        u.Id AS UserId, \n        COUNT(DISTINCT p.Id) AS PostCount,\n        SUM(COALESCE(c.CommentCount, 0)) AS CommentCount,\n        SUM(COALESCE(v.VoteCount, 0)) AS VoteCount\n    FROM \n        Users u\n    LEFT JOIN \n        Posts p ON u.Id = p.OwnerUserId\n    LEFT JOIN (\n        SELECT \n            PostId, \n            COUNT(*) AS CommentCount \n        FROM \n            Comments \n        GROUP BY \n            PostId\n    ) c ON p.Id = c.PostId\n    LEFT JOIN (\n        SELECT \n            PostId, \n            COUNT(*) AS VoteCount \n        FROM \n            Votes \n        GROUP BY \n            PostId\n    ) v ON p.Id = v.PostId\n    GROUP BY \n        u.Id\n),\n\nBenchmarkResults AS (\n    SELECT \n        u.Id AS UserId,\n        u.Reputation,\n        up.PostCount,\n        up.CommentCount,\n        up.VoteCount\n    FROM \n        Users u\n    JOIN \n        UserPosts up ON u.Id = up.UserId\n)\nSELECT \n    Reputation,\n    COUNT(UserId) AS UserCount,\n    SUM(PostCount) AS TotalPosts,\n    SUM(CommentCount) AS TotalComments,\n    SUM(VoteCount) AS TotalVotes\nFROM \n    BenchmarkResults\nGROUP BY \n    Reputation\nORDER BY \n    Reputation DESC;",
    "blocked_thread_time": 0.0,
    "cpu_time": 3.1429542870000025,
    "extra_info": {},
    "cumulative_cardinality": 75660569,
    "cumulative_rows_scanned": 26357451,
    "result_set_size": 365520,
    "latency": 3.947357793,
    "children": [
        {
            "operator_name": "ORDER_BY",
            "cpu_time": 3.1429542870000025,
            "extra_info": {
                "Order By": "BenchmarkResults.Reputation DESC"
            },
            "cumulative_cardinality": 75660569,
            "operator_type": "ORDER_BY",
            "operator_cardinality": 6092,
            "cumulative_rows_scanned": 26357451,
            "operator_rows_scanned": 0,
            "operator_timing": 0.00021304899999999999,
            "result_set_size": 365520,
            "children": [
                {
                    "operator_name": "HASH_GROUP_BY",
                    "cpu_time": 3.1427412380000024,
                    "extra_info": {
                        "Groups": "#0",
                        "Aggregates": [
                            "count_star()",
                            "sum(#1)",
                            "sum(#2)",
                            "sum(#3)"
                        ],
                        "Estimated Cardinality": "630355"
                    },
                    "cumulative_cardinality": 75654477,
                    "operator_type": "HASH_GROUP_BY",
                    "operator_cardinality": 6092,
                    "cumulative_rows_scanned": 26357451,
                    "operator_rows_scanned": 0,
                    "operator_timing": 0.03144001799999999,
                    "result_set_size": 365520,
                    "children": [
                        {
                            "operator_name": "PROJECTION",
                            "cpu_time": 3.1113012200000023,
                            "extra_info": {
                                "Projections": [
                                    "reputation",
                                    "PostCount",
                                    "CommentCount",
                                    "VoteCount"
                                ],
                                "Estimated Cardinality": "1260710"
                            },
                            "cumulative_cardinality": 75648385,
                            "operator_type": "PROJECTION",
                            "operator_cardinality": 1260710,
                            "cumulative_rows_scanned": 26357451,
                            "operator_rows_scanned": 0,
                            "operator_timing": 0.0002045939999999999,
                            "result_set_size": 55471240,
                            "children": [
                                {
                                    "operator_name": "PROJECTION",
                                    "cpu_time": 3.1110966260000024,
                                    "extra_info": {
                                        "Projections": [
                                            "UserId",
                                            "reputation",
                                            "PostCount",
                                            "CommentCount",
                                            "VoteCount"
                                        ],
                                        "Estimated Cardinality": "1260710"
                                    },
                                    "cumulative_cardinality": 74387675,
                                    "operator_type": "PROJECTION",
                                    "operator_cardinality": 1260710,
                                    "cumulative_rows_scanned": 26357451,
                                    "operator_rows_scanned": 0,
                                    "operator_timing": 0.00023505099999999947,
                                    "result_set_size": 60514080,
                                    "children": [
                                        {
                                            "operator_name": "HASH_JOIN",
                                            "cpu_time": 3.110861575000002,
                                            "extra_info": {
                                                "Join Type": "INNER",
                                                "Conditions": "UserId = id",
                                                "Estimated Cardinality": "1260710"
                                            },
                                            "cumulative_cardinality": 73126965,
                                            "operator_type": "HASH_JOIN",
                                            "operator_cardinality": 1260710,
                                            "cumulative_rows_scanned": 26357451,
                                            "operator_rows_scanned": 0,
                                            "operator_timing": 0.10486931100000019,
                                            "result_set_size": 60514080,
                                            "children": [
                                                {
                                                    "operator_name": "HASH_GROUP_BY",
                                                    "cpu_time": 2.992001312000002,
                                                    "extra_info": {
                                                        "Groups": "#0",
                                                        "Aggregates": [
                                                            "count(DISTINCT #1)",
                                                            "sum(#2)",
                                                            "sum(#3)"
                                                        ],
                                                        "Estimated Cardinality": "1260710"
                                                    },
                                                    "cumulative_cardinality": 70605545,
                                                    "operator_type": "HASH_GROUP_BY",
                                                    "operator_cardinality": 1260710,
                                                    "cumulative_rows_scanned": 25096741,
                                                    "operator_rows_scanned": 0,
                                                    "operator_timing": 0.7951406620000008,
                                                    "result_set_size": 55471240,
                                                    "children": [
                                                        {
                                                            "operator_name": "PROJECTION",
                                                            "cpu_time": 2.1968606500000014,
                                                            "extra_info": {
                                                                "Projections": [
                                                                    "id",
                                                                    "id",
                                                                    "COALESCE(CommentCount, 0)",
                                                                    "COALESCE(VoteCount, 0)"
                                                                ],
                                                                "Estimated Cardinality": "6372046"
                                                            },
                                                            "cumulative_cardinality": 69344835,
                                                            "operator_type": "PROJECTION",
                                                            "operator_cardinality": 4574495,
                                                            "cumulative_rows_scanned": 25096741,
                                                            "operator_rows_scanned": 0,
                                                            "operator_timing": 0.08167955700000011,
                                                            "result_set_size": 109787880,
                                                            "children": [
                                                                {
                                                                    "operator_name": "HASH_JOIN",
                                                                    "cpu_time": 2.1151810930000012,
                                                                    "extra_info": {
                                                                        "Join Type": "RIGHT",
                                                                        "Conditions": "postid = id",
                                                                        "Estimated Cardinality": "6372046"
                                                                    },
                                                                    "cumulative_cardinality": 64770340,
                                                                    "operator_type": "HASH_JOIN",
                                                                    "operator_cardinality": 4574495,
                                                                    "cumulative_rows_scanned": 25096741,
                                                                    "operator_rows_scanned": 0,
                                                                    "operator_timing": 0.4522311660000006,
                                                                    "result_set_size": 109787880,
                                                                    "children": [
                                                                        {
                                                                            "operator_name": "HASH_GROUP_BY",
                                                                            "cpu_time": 0.6464564910000002,
                                                                            "extra_info": {
                                                                                "Groups": "#0",
                                                                                "Aggregates": "count_star()",
                                                                                "Estimated Cardinality": "6372046"
                                                                            },
                                                                            "cumulative_cardinality": 29453413,
                                                                            "operator_type": "HASH_GROUP_BY",
                                                                            "operator_cardinality": 3965227,
                                                                            "cumulative_rows_scanned": 12744093,
                                                                            "operator_rows_scanned": 0,
                                                                            "operator_timing": 0.5675428080000002,
                                                                            "result_set_size": 47582724,
                                                                            "children": [
                                                                                {
                                                                                    "operator_name": "PROJECTION",
                                                                                    "cpu_time": 0.078913683,
                                                                                    "extra_info": {
                                                                                        "Projections": "postid",
                                                                                        "Estimated Cardinality": "12744093"
                                                                                    },
                                                                                    "cumulative_cardinality": 25488186,
                                                                                    "operator_type": "PROJECTION",
                                                                                    "operator_cardinality": 12744093,
                                                                                    "cumulative_rows_scanned": 12744093,
                                                                                    "operator_rows_scanned": 0,
                                                                                    "operator_timing": 0.0007608600000000082,
                                                                                    "result_set_size": 50976372,
                                                                                    "children": [
                                                                                        {
                                                                                            "operator_name": "READ_PARQUET ",
                                                                                            "cpu_time": 0.078152823,
                                                                                            "extra_info": {
                                                                                                "Function": "READ_PARQUET",
                                                                                                "Projections": "postid",
                                                                                                "Estimated Cardinality": "12744093"
                                                                                            },
                                                                                            "cumulative_cardinality": 12744093,
                                                                                            "operator_type": "TABLE_SCAN",
                                                                                            "operator_cardinality": 12744093,
                                                                                            "cumulative_rows_scanned": 12744093,
                                                                                            "operator_rows_scanned": 12744093,
                                                                                            "operator_timing": 0.078152823,
                                                                                            "result_set_size": 50976372,
                                                                                            "children": []
                                                                                        }
                                                                                    ]
                                                                                }
                                                                            ]
                                                                        },
                                                                        {
                                                                            "operator_name": "HASH_JOIN",
                                                                            "cpu_time": 1.0164934360000004,
                                                                            "extra_info": {
                                                                                "Join Type": "RIGHT",
                                                                                "Conditions": "postid = id",
                                                                                "Estimated Cardinality": "3850116"
                                                                            },
                                                                            "cumulative_cardinality": 30742432,
                                                                            "operator_type": "HASH_JOIN",
                                                                            "operator_cardinality": 4574495,
                                                                            "cumulative_rows_scanned": 12352648,
                                                                            "operator_rows_scanned": 0,
                                                                            "operator_timing": 0.3566201220000002,
                                                                            "result_set_size": 73191920,
                                                                            "children": [
                                                                                {
                                                                                    "operator_name": "HASH_GROUP_BY",
                                                                                    "cpu_time": 0.3026028439999996,
                                                                                    "extra_info": {
                                                                                        "Groups": "#0",
                                                                                        "Aggregates": "count_star()",
                                                                                        "Estimated Cardinality": "3620911"
                                                                                    },
                                                                                    "cumulative_cardinality": 16647316,
                                                                                    "operator_type": "HASH_GROUP_BY",
                                                                                    "operator_cardinality": 2163672,
                                                                                    "cumulative_rows_scanned": 7241822,
                                                                                    "operator_rows_scanned": 0,
                                                                                    "operator_timing": 0.2592015049999996,
                                                                                    "result_set_size": 25964064,
                                                                                    "children": [
                                                                                        {
                                                                                            "operator_name": "PROJECTION",
                                                                                            "cpu_time": 0.04340133899999996,
                                                                                            "extra_info": {
                                                                                                "Projections": "postid",
                                                                                                "Estimated Cardinality": "7241822"
                                                                                            },
                                                                                            "cumulative_cardinality": 14483644,
                                                                                            "operator_type": "PROJECTION",
                                                                                            "operator_cardinality": 7241822,
                                                                                            "cumulative_rows_scanned": 7241822,
                                                                                            "operator_rows_scanned": 0,
                                                                                            "operator_timing": 0.00045511099999998993,
                                                                                            "result_set_size": 28967288,
                                                                                            "children": [
                                                                                                {
                                                                                                    "operator_name": "READ_PARQUET ",
                                                                                                    "cpu_time": 0.042946227999999975,
                                                                                                    "extra_info": {
                                                                                                        "Function": "READ_PARQUET",
                                                                                                        "Projections": "postid",
                                                                                                        "Estimated Cardinality": "7241822"
                                                                                                    },
                                                                                                    "cumulative_cardinality": 7241822,
                                                                                                    "operator_type": "TABLE_SCAN",
                                                                                                    "operator_cardinality": 7241822,
                                                                                                    "cumulative_rows_scanned": 7241822,
                                                                                                    "operator_rows_scanned": 7241822,
                                                                                                    "operator_timing": 0.042946227999999975,
                                                                                                    "result_set_size": 28967288,
                                                                                                    "children": []
                                                                                                }
                                                                                            ]
                                                                                        }
                                                                                    ]
                                                                                },
                                                                                {
                                                                                    "operator_name": "HASH_JOIN",
                                                                                    "cpu_time": 0.3572704700000007,
                                                                                    "extra_info": {
                                                                                        "Join Type": "RIGHT",
                                                                                        "Conditions": "owneruserid = id",
                                                                                        "Estimated Cardinality": "3850116"
                                                                                    },
                                                                                    "cumulative_cardinality": 9520621,
                                                                                    "operator_type": "HASH_JOIN",
                                                                                    "operator_cardinality": 4574495,
                                                                                    "cumulative_rows_scanned": 5110826,
                                                                                    "operator_rows_scanned": 0,
                                                                                    "operator_timing": 0.1994742000000005,
                                                                                    "result_set_size": 36595960,
                                                                                    "children": [
                                                                                        {
                                                                                            "operator_name": "READ_PARQUET ",
                                                                                            "cpu_time": 0.08848468300000017,
                                                                                            "extra_info": {
                                                                                                "Function": "READ_PARQUET",
                                                                                                "Projections": [
                                                                                                    "id",
                                                                                                    "owneruserid"
                                                                                                ],
                                                                                                "Estimated Cardinality": "3850116"
                                                                                            },
                                                                                            "cumulative_cardinality": 3685416,
                                                                                            "operator_type": "TABLE_SCAN",
                                                                                            "operator_cardinality": 3685416,
                                                                                            "cumulative_rows_scanned": 3850116,
                                                                                            "operator_rows_scanned": 3850116,
                                                                                            "operator_timing": 0.08848468300000017,
                                                                                            "result_set_size": 29483328,
                                                                                            "children": []
                                                                                        },
                                                                                        {
                                                                                            "operator_name": "READ_PARQUET ",
                                                                                            "cpu_time": 0.06931158700000004,
                                                                                            "extra_info": {
                                                                                                "Function": "READ_PARQUET",
                                                                                                "Projections": "id",
                                                                                                "Estimated Cardinality": "1260710"
                                                                                            },
                                                                                            "cumulative_cardinality": 1260710,
                                                                                            "operator_type": "TABLE_SCAN",
                                                                                            "operator_cardinality": 1260710,
                                                                                            "cumulative_rows_scanned": 1260710,
                                                                                            "operator_rows_scanned": 1260710,
                                                                                            "operator_timing": 0.06931158700000004,
                                                                                            "result_set_size": 5042840,
                                                                                            "children": []
                                                                                        }
                                                                                    ]
                                                                                }
                                                                            ]
                                                                        }
                                                                    ]
                                                                }
                                                            ]
                                                        }
                                                    ]
                                                },
                                                {
                                                    "operator_name": "READ_PARQUET ",
                                                    "cpu_time": 0.013990951999999987,
                                                    "extra_info": {
                                                        "Function": "READ_PARQUET",
                                                        "Projections": [
                                                            "id",
                                                            "reputation"
                                                        ],
                                                        "Estimated Cardinality": "1260710"
                                                    },
                                                    "cumulative_cardinality": 1260710,
                                                    "operator_type": "TABLE_SCAN",
                                                    "operator_cardinality": 1260710,
                                                    "cumulative_rows_scanned": 1260710,
                                                    "operator_rows_scanned": 1260710,
                                                    "operator_timing": 0.013990951999999987,
                                                    "result_set_size": 10085680,
                                                    "children": []
                                                }
                                            ]
                                        }
                                    ]
                                }
                            ]
                        }
                    ]
                }
            ]
        }
    ]
}