{
    "rows_returned": 8824970,
    "query_name": "\nWITH UserActivity AS (\n    SELECT \n        u.Id AS UserId,\n        u.DisplayName,\n        COUNT(DISTINCT p.Id) AS TotalPosts,\n        COUNT(DISTINCT c.Id) AS TotalComments,\n        SUM(CASE WHEN v.VoteTypeId = 2 THEN 1 ELSE 0 END) AS TotalUpVotes,\n        SUM(CASE WHEN v.VoteTypeId = 3 THEN 1 ELSE 0 END) AS TotalDownVotes,\n        MAX(p.CreationDate) AS LastPostDate\n    FROM \n        Users u\n    LEFT JOIN \n        Posts p ON u.Id = p.OwnerUserId\n    LEFT JOIN \n        Comments c ON p.Id = c.PostId\n    LEFT JOIN \n        Votes v ON p.Id = v.PostId AND v.UserId = u.Id\n    GROUP BY \n        u.Id, u.DisplayName\n), PostStatistics AS (\n    SELECT \n        pt.Name AS PostType,\n        COUNT(p.Id) AS TotalPosts,\n        AVG(p.Score) AS AverageScore,\n        AVG(p.ViewCount) AS AverageViewCount,\n        SUM(p.AnswerCount) AS TotalAnswers,\n        SUM(p.CommentCount) AS TotalComments\n    FROM \n        Posts p\n    JOIN \n        PostTypes pt ON p.PostTypeId = pt.Id\n    GROUP BY \n        pt.Name\n)\nSELECT \n    ua.UserId,\n    ua.DisplayName,\n    ua.TotalPosts,\n    ua.TotalComments,\n    ua.TotalUpVotes,\n    ua.TotalDownVotes,\n    ua.LastPostDate,\n    ps.PostType,\n    ps.TotalPosts AS posts_per_type,\n    ps.AverageScore,\n    ps.AverageViewCount,\n    ps.TotalAnswers,\n    ps.TotalComments AS comments_per_type\nFROM \n    UserActivity ua\nCROSS JOIN \n    PostStatistics ps\nORDER BY \n    ua.TotalPosts DESC, ua.TotalUpVotes DESC;\n",
    "blocked_thread_time": 0.0,
    "cpu_time": 7.526414786,
    "extra_info": {},
    "cumulative_cardinality": 84377338,
    "cumulative_rows_scanned": 28946865,
    "result_set_size": 1306095560,
    "latency": 34.13063224,
    "children": [
        {
            "operator_name": "ORDER_BY",
            "cpu_time": 7.526414786,
            "extra_info": {
                "Order By": [
                    "ua.TotalPosts DESC",
                    "ua.TotalUpVotes DESC"
                ]
            },
            "cumulative_cardinality": 84377338,
            "operator_type": "ORDER_BY",
            "operator_cardinality": 8824970,
            "cumulative_rows_scanned": 28946865,
            "operator_rows_scanned": 0,
            "operator_timing": 1.6314943500000019,
            "result_set_size": 1306095560,
            "children": [
                {
                    "operator_name": "PROJECTION",
                    "cpu_time": 5.894920435999998,
                    "extra_info": {
                        "Projections": [
                            "UserId",
                            "displayname",
                            "TotalPosts",
                            "TotalComments",
                            "TotalUpVotes",
                            "TotalDownVotes",
                            "LastPostDate",
                            "PostType",
                            "posts_per_type",
                            "AverageScore",
                            "AverageViewCount",
                            "TotalAnswers",
                            "comments_per_type"
                        ],
                        "Estimated Cardinality": "2426939871180"
                    },
                    "cumulative_cardinality": 75552368,
                    "operator_type": "PROJECTION",
                    "operator_cardinality": 8824970,
                    "cumulative_rows_scanned": 28946865,
                    "operator_rows_scanned": 0,
                    "operator_timing": 0.0029273080000000555,
                    "result_set_size": 1306095560,
                    "children": [
                        {
                            "operator_name": "CROSS_PRODUCT",
                            "cpu_time": 5.8919931279999975,
                            "extra_info": {},
                            "cumulative_cardinality": 66727398,
                            "operator_type": "CROSS_PRODUCT",
                            "operator_cardinality": 8824970,
                            "cumulative_rows_scanned": 28946865,
                            "operator_rows_scanned": 0,
                            "operator_timing": 0.043858321000000075,
                            "result_set_size": 1306095560,
                            "children": [
                                {
                                    "operator_name": "HASH_GROUP_BY",
                                    "cpu_time": 0.2761002430000002,
                                    "extra_info": {
                                        "Groups": "#0",
                                        "Aggregates": [
                                            "count_star()",
                                            "avg(#1)",
                                            "avg(#2)",
                                            "sum(#3)",
                                            "sum(#4)"
                                        ],
                                        "Estimated Cardinality": "1925058"
                                    },
                                    "cumulative_cardinality": 11550362,
                                    "operator_type": "HASH_GROUP_BY",
                                    "operator_cardinality": 7,
                                    "cumulative_rows_scanned": 3850124,
                                    "operator_rows_scanned": 0,
                                    "operator_timing": 0.12258552800000001,
                                    "result_set_size": 504,
                                    "children": [
                                        {
                                            "operator_name": "PROJECTION",
                                            "cpu_time": 0.1535147150000002,
                                            "extra_info": {
                                                "Projections": [
                                                    "name",
                                                    "score",
                                                    "viewcount",
                                                    "answercount",
                                                    "commentcount"
                                                ],
                                                "Estimated Cardinality": "3850116"
                                            },
                                            "cumulative_cardinality": 11550355,
                                            "operator_type": "PROJECTION",
                                            "operator_cardinality": 3850116,
                                            "cumulative_rows_scanned": 3850124,
                                            "operator_rows_scanned": 0,
                                            "operator_timing": 0.0004264589999999992,
                                            "result_set_size": 123203712,
                                            "children": [
                                                {
                                                    "operator_name": "HASH_JOIN",
                                                    "cpu_time": 0.1530882560000002,
                                                    "extra_info": {
                                                        "Join Type": "INNER",
                                                        "Conditions": "posttypeid = id",
                                                        "Estimated Cardinality": "3850116"
                                                    },
                                                    "cumulative_cardinality": 7700239,
                                                    "operator_type": "HASH_JOIN",
                                                    "operator_cardinality": 3850116,
                                                    "cumulative_rows_scanned": 3850124,
                                                    "operator_rows_scanned": 0,
                                                    "operator_timing": 0.007769806000000016,
                                                    "result_set_size": 123203712,
                                                    "children": [
                                                        {
                                                            "operator_name": "READ_PARQUET ",
                                                            "cpu_time": 0.1449892360000002,
                                                            "extra_info": {
                                                                "Function": "READ_PARQUET",
                                                                "Projections": [
                                                                    "id",
                                                                    "posttypeid",
                                                                    "score",
                                                                    "viewcount",
                                                                    "answercount",
                                                                    "commentcount"
                                                                ],
                                                                "Estimated Cardinality": "3850116"
                                                            },
                                                            "cumulative_cardinality": 3850116,
                                                            "operator_type": "TABLE_SCAN",
                                                            "operator_cardinality": 3850116,
                                                            "cumulative_rows_scanned": 3850116,
                                                            "operator_rows_scanned": 3850116,
                                                            "operator_timing": 0.1449892360000002,
                                                            "result_set_size": 84702552,
                                                            "children": []
                                                        },
                                                        {
                                                            "operator_name": "READ_PARQUET ",
                                                            "cpu_time": 0.000329214,
                                                            "extra_info": {
                                                                "Function": "READ_PARQUET",
                                                                "Projections": [
                                                                    "id",
                                                                    "name"
                                                                ],
                                                                "Filters": "id<=7",
                                                                "Estimated Cardinality": "8"
                                                            },
                                                            "cumulative_cardinality": 7,
                                                            "operator_type": "TABLE_SCAN",
                                                            "operator_cardinality": 7,
                                                            "cumulative_rows_scanned": 8,
                                                            "operator_rows_scanned": 8,
                                                            "operator_timing": 0.000329214,
                                                            "result_set_size": 126,
                                                            "children": []
                                                        }
                                                    ]
                                                }
                                            ]
                                        }
                                    ]
                                },
                                {
                                    "operator_name": "HASH_GROUP_BY",
                                    "cpu_time": 5.572034563999997,
                                    "extra_info": {
                                        "Groups": [
                                            "#0",
                                            "#1"
                                        ],
                                        "Aggregates": [
                                            "count(DISTINCT #2)",
                                            "count(DISTINCT #3)",
                                            "sum(#4)",
                                            "sum(#5)",
                                            "max(#6)"
                                        ],
                                        "Estimated Cardinality": "1260710"
                                    },
                                    "cumulative_cardinality": 46352066,
                                    "operator_type": "HASH_GROUP_BY",
                                    "operator_cardinality": 1260710,
                                    "cumulative_rows_scanned": 25096741,
                                    "operator_rows_scanned": 0,
                                    "operator_timing": 3.050353321999997,
                                    "result_set_size": 95813960,
                                    "children": [
                                        {
                                            "operator_name": "PROJECTION",
                                            "cpu_time": 2.5216812420000005,
                                            "extra_info": {
                                                "Projections": [
                                                    "id",
                                                    "displayname",
                                                    "id",
                                                    "id",
                                                    "CASE  WHEN ((votetypeid = 2)) THEN (1) ELSE 0 END",
                                                    "CASE  WHEN ((votetypeid = 3)) THEN (1) ELSE 0 END",
                                                    "creationdate"
                                                ],
                                                "Estimated Cardinality": "12744093"
                                            },
                                            "cumulative_cardinality": 45091356,
                                            "operator_type": "PROJECTION",
                                            "operator_cardinality": 9431558,
                                            "cumulative_rows_scanned": 25096741,
                                            "operator_rows_scanned": 0,
                                            "operator_timing": 0.018435644999999785,
                                            "result_set_size": 414988552,
                                            "children": [
                                                {
                                                    "operator_name": "HASH_JOIN",
                                                    "cpu_time": 2.5032455970000007,
                                                    "extra_info": {
                                                        "Join Type": "RIGHT",
                                                        "Conditions": [
                                                            "postid = id",
                                                            "userid = id"
                                                        ],
                                                        "Estimated Cardinality": "12744093"
                                                    },
                                                    "cumulative_cardinality": 35659798,
                                                    "operator_type": "HASH_JOIN",
                                                    "operator_cardinality": 9431558,
                                                    "cumulative_rows_scanned": 25096741,
                                                    "operator_rows_scanned": 0,
                                                    "operator_timing": 0.944628402,
                                                    "result_set_size": 358399204,
                                                    "children": [
                                                        {
                                                            "operator_name": "READ_PARQUET ",
                                                            "cpu_time": 0.2631620920000003,
                                                            "extra_info": {
                                                                "Function": "READ_PARQUET",
                                                                "Projections": [
                                                                    "postid",
                                                                    "votetypeid",
                                                                    "userid"
                                                                ],
                                                                "Estimated Cardinality": "12744093"
                                                            },
                                                            "cumulative_cardinality": 40287,
                                                            "operator_type": "TABLE_SCAN",
                                                            "operator_cardinality": 40287,
                                                            "cumulative_rows_scanned": 12744093,
                                                            "operator_rows_scanned": 12744093,
                                                            "operator_timing": 0.2631620920000003,
                                                            "result_set_size": 402870,
                                                            "children": []
                                                        },
                                                        {
                                                            "operator_name": "HASH_JOIN",
                                                            "cpu_time": 1.2954551030000006,
                                                            "extra_info": {
                                                                "Join Type": "RIGHT",
                                                                "Conditions": "postid = id",
                                                                "Estimated Cardinality": "7241822"
                                                            },
                                                            "cumulative_cardinality": 26187953,
                                                            "operator_type": "HASH_JOIN",
                                                            "operator_cardinality": 9425510,
                                                            "cumulative_rows_scanned": 12352648,
                                                            "operator_rows_scanned": 0,
                                                            "operator_timing": 0.6930261570000003,
                                                            "result_set_size": 339318360,
                                                            "children": [
                                                                {
                                                                    "operator_name": "READ_PARQUET ",
                                                                    "cpu_time": 0.12844792899999993,
                                                                    "extra_info": {
                                                                        "Function": "READ_PARQUET",
                                                                        "Projections": [
                                                                            "id",
                                                                            "postid"
                                                                        ],
                                                                        "Estimated Cardinality": "7241822"
                                                                    },
                                                                    "cumulative_cardinality": 7241822,
                                                                    "operator_type": "TABLE_SCAN",
                                                                    "operator_cardinality": 7241822,
                                                                    "cumulative_rows_scanned": 7241822,
                                                                    "operator_rows_scanned": 7241822,
                                                                    "operator_timing": 0.12844792899999993,
                                                                    "result_set_size": 57934576,
                                                                    "children": []
                                                                },
                                                                {
                                                                    "operator_name": "HASH_JOIN",
                                                                    "cpu_time": 0.47398101700000034,
                                                                    "extra_info": {
                                                                        "Join Type": "RIGHT",
                                                                        "Conditions": "owneruserid = id",
                                                                        "Estimated Cardinality": "3850116"
                                                                    },
                                                                    "cumulative_cardinality": 9520621,
                                                                    "operator_type": "HASH_JOIN",
                                                                    "operator_cardinality": 4574495,
                                                                    "cumulative_rows_scanned": 5110826,
                                                                    "operator_rows_scanned": 0,
                                                                    "operator_timing": 0.2510798820000003,
                                                                    "result_set_size": 146383840,
                                                                    "children": [
                                                                        {
                                                                            "operator_name": "READ_PARQUET ",
                                                                            "cpu_time": 0.143933216,
                                                                            "extra_info": {
                                                                                "Function": "READ_PARQUET",
                                                                                "Projections": [
                                                                                    "id",
                                                                                    "creationdate",
                                                                                    "owneruserid"
                                                                                ],
                                                                                "Estimated Cardinality": "3850116"
                                                                            },
                                                                            "cumulative_cardinality": 3685416,
                                                                            "operator_type": "TABLE_SCAN",
                                                                            "operator_cardinality": 3685416,
                                                                            "cumulative_rows_scanned": 3850116,
                                                                            "operator_rows_scanned": 3850116,
                                                                            "operator_timing": 0.143933216,
                                                                            "result_set_size": 58966656,
                                                                            "children": []
                                                                        },
                                                                        {
                                                                            "operator_name": "READ_PARQUET ",
                                                                            "cpu_time": 0.07896791900000004,
                                                                            "extra_info": {
                                                                                "Function": "READ_PARQUET",
                                                                                "Projections": [
                                                                                    "id",
                                                                                    "displayname"
                                                                                ],
                                                                                "Estimated Cardinality": "1260710"
                                                                            },
                                                                            "cumulative_cardinality": 1260710,
                                                                            "operator_type": "TABLE_SCAN",
                                                                            "operator_cardinality": 1260710,
                                                                            "cumulative_rows_scanned": 1260710,
                                                                            "operator_rows_scanned": 1260710,
                                                                            "operator_timing": 0.07896791900000004,
                                                                            "result_set_size": 25214200,
                                                                            "children": []
                                                                        }
                                                                    ]
                                                                }
                                                            ]
                                                        }
                                                    ]
                                                }
                                            ]
                                        }
                                    ]
                                }
                            ]
                        }
                    ]
                }
            ]
        }
    ]
}