{
    "rows_returned": 3685416,
    "query_name": "WITH PostSummary AS (\n    SELECT \n        p.Id AS PostId,\n        p.Title,\n        p.CreationDate,\n        p.Score,\n        p.ViewCount,\n        p.OwnerUserId,\n        COALESCE(v.UpVoteCount, 0) AS UpVoteCount,\n        COALESCE(v.DownVoteCount, 0) AS DownVoteCount,\n        COALESCE(c.CommentCount, 0) AS CommentCount\n    FROM \n        Posts p\n    LEFT JOIN (\n        SELECT \n            PostId,\n            SUM(CASE WHEN VoteTypeId = 2 THEN 1 ELSE 0 END) AS UpVoteCount,\n            SUM(CASE WHEN VoteTypeId = 3 THEN 1 ELSE 0 END) AS DownVoteCount\n        FROM \n            Votes\n        GROUP BY \n            PostId\n    ) v ON p.Id = v.PostId\n    LEFT JOIN (\n        SELECT \n            PostId,\n            COUNT(*) AS CommentCount\n        FROM \n            Comments\n        GROUP BY \n            PostId\n    ) c ON p.Id = c.PostId\n)\n\nSELECT \n    ps.PostId,\n    ps.Title,\n    ps.CreationDate,\n    ps.Score,\n    ps.ViewCount,\n    ps.UpVoteCount,\n    ps.DownVoteCount,\n    ps.CommentCount,\n    u.DisplayName AS OwnerDisplayName,\n    u.Reputation AS OwnerReputation\nFROM \n    PostSummary ps\nJOIN \n    Users u ON ps.OwnerUserId = u.Id\nORDER BY \n    ps.CreationDate DESC;",
    "blocked_thread_time": 0.0,
    "cpu_time": 4.029240419999996,
    "extra_info": {},
    "cumulative_cardinality": 88889184,
    "cumulative_rows_scanned": 25096741,
    "result_set_size": 353799936,
    "latency": 12.1840344,
    "children": [
        {
            "operator_name": "PROJECTION",
            "cpu_time": 4.029240419999996,
            "extra_info": {
                "Projections": [
                    "#0",
                    "#1",
                    "#2",
                    "__internal_decompress_integral_integer(#3, -72)",
                    "#4",
                    "#5",
                    "#6",
                    "#7",
                    "#8",
                    "#9"
                ],
                "Estimated Cardinality": "6372046"
            },
            "cumulative_cardinality": 88889184,
            "operator_type": "PROJECTION",
            "operator_cardinality": 3685416,
            "cumulative_rows_scanned": 25096741,
            "operator_rows_scanned": 0,
            "operator_timing": 0.001970931000000003,
            "result_set_size": 353799936,
            "children": [
                {
                    "operator_name": "ORDER_BY",
                    "cpu_time": 4.0272694889999965,
                    "extra_info": {
                        "Order By": "ps.CreationDate DESC"
                    },
                    "cumulative_cardinality": 85203768,
                    "operator_type": "ORDER_BY",
                    "operator_cardinality": 3685416,
                    "cumulative_rows_scanned": 25096741,
                    "operator_rows_scanned": 0,
                    "operator_timing": 0.6256508620000001,
                    "result_set_size": 346429104,
                    "children": [
                        {
                            "operator_name": "PROJECTION",
                            "cpu_time": 3.401618626999996,
                            "extra_info": {
                                "Projections": [
                                    "#0",
                                    "#1",
                                    "#2",
                                    "__internal_compress_integral_usmallint(#3, -72)",
                                    "#4",
                                    "#5",
                                    "#6",
                                    "#7",
                                    "#8",
                                    "#9"
                                ],
                                "Estimated Cardinality": "6372046"
                            },
                            "cumulative_cardinality": 81518352,
                            "operator_type": "PROJECTION",
                            "operator_cardinality": 3685416,
                            "cumulative_rows_scanned": 25096741,
                            "operator_rows_scanned": 0,
                            "operator_timing": 0.007668394999999987,
                            "result_set_size": 346429104,
                            "children": [
                                {
                                    "operator_name": "PROJECTION",
                                    "cpu_time": 3.393950231999996,
                                    "extra_info": {
                                        "Projections": [
                                            "PostId",
                                            "title",
                                            "creationdate",
                                            "score",
                                            "viewcount",
                                            "UpVoteCount",
                                            "DownVoteCount",
                                            "CommentCount",
                                            "OwnerDisplayName",
                                            "OwnerReputation"
                                        ],
                                        "Estimated Cardinality": "6372046"
                                    },
                                    "cumulative_cardinality": 77832936,
                                    "operator_type": "PROJECTION",
                                    "operator_cardinality": 3685416,
                                    "cumulative_rows_scanned": 25096741,
                                    "operator_rows_scanned": 0,
                                    "operator_timing": 0.002648102999999987,
                                    "result_set_size": 353799936,
                                    "children": [
                                        {
                                            "operator_name": "HASH_JOIN",
                                            "cpu_time": 3.391302128999996,
                                            "extra_info": {
                                                "Join Type": "INNER",
                                                "Conditions": "owneruserid = id",
                                                "Estimated Cardinality": "6372046"
                                            },
                                            "cumulative_cardinality": 74147520,
                                            "operator_type": "HASH_JOIN",
                                            "operator_cardinality": 3685416,
                                            "cumulative_rows_scanned": 25096741,
                                            "operator_rows_scanned": 0,
                                            "operator_timing": 0.3345724749999981,
                                            "result_set_size": 353799936,
                                            "children": [
                                                {
                                                    "operator_name": "PROJECTION",
                                                    "cpu_time": 2.962486048999998,
                                                    "extra_info": {
                                                        "Projections": [
                                                            "PostId",
                                                            "title",
                                                            "creationdate",
                                                            "score",
                                                            "viewcount",
                                                            "owneruserid",
                                                            "UpVoteCount",
                                                            "DownVoteCount",
                                                            "CommentCount"
                                                        ],
                                                        "Estimated Cardinality": "6372046"
                                                    },
                                                    "cumulative_cardinality": 69201425,
                                                    "operator_type": "PROJECTION",
                                                    "operator_cardinality": 3850116,
                                                    "cumulative_rows_scanned": 23836031,
                                                    "operator_rows_scanned": 0,
                                                    "operator_timing": 0.1296297340000002,
                                                    "result_set_size": 308009280,
                                                    "children": [
                                                        {
                                                            "operator_name": "HASH_JOIN",
                                                            "cpu_time": 2.8328563149999977,
                                                            "extra_info": {
                                                                "Join Type": "LEFT",
                                                                "Conditions": "id = postid",
                                                                "Estimated Cardinality": "6372046"
                                                            },
                                                            "cumulative_cardinality": 65351309,
                                                            "operator_type": "HASH_JOIN",
                                                            "operator_cardinality": 3850116,
                                                            "cumulative_rows_scanned": 23836031,
                                                            "operator_rows_scanned": 0,
                                                            "operator_timing": 0.3401436120000004,
                                                            "result_set_size": 308009280,
                                                            "children": [
                                                                {
                                                                    "operator_name": "PROJECTION",
                                                                    "cpu_time": 2.182165121999997,
                                                                    "extra_info": {
                                                                        "Projections": [
                                                                            "#0",
                                                                            "#1",
                                                                            "#2",
                                                                            "#3",
                                                                            "__internal_decompress_integral_integer(#4, -72)",
                                                                            "#5",
                                                                            "#6",
                                                                            "#7"
                                                                        ],
                                                                        "Estimated Cardinality": "6372046"
                                                                    },
                                                                    "cumulative_cardinality": 44853877,
                                                                    "operator_type": "PROJECTION",
                                                                    "operator_cardinality": 3850116,
                                                                    "cumulative_rows_scanned": 16594209,
                                                                    "operator_rows_scanned": 0,
                                                                    "operator_timing": 0.0024327970000000026,
                                                                    "result_set_size": 277208352,
                                                                    "children": [
                                                                        {
                                                                            "operator_name": "HASH_JOIN",
                                                                            "cpu_time": 2.179732324999997,
                                                                            "extra_info": {
                                                                                "Join Type": "RIGHT",
                                                                                "Conditions": "postid = id",
                                                                                "Estimated Cardinality": "6372046"
                                                                            },
                                                                            "cumulative_cardinality": 41003761,
                                                                            "operator_type": "HASH_JOIN",
                                                                            "operator_cardinality": 3850116,
                                                                            "cumulative_rows_scanned": 16594209,
                                                                            "operator_rows_scanned": 0,
                                                                            "operator_timing": 0.7355978739999984,
                                                                            "result_set_size": 269508120,
                                                                            "children": [
                                                                                {
                                                                                    "operator_name": "HASH_GROUP_BY",
                                                                                    "cpu_time": 1.0180565149999992,
                                                                                    "extra_info": {
                                                                                        "Groups": "#0",
                                                                                        "Aggregates": [
                                                                                            "sum(#1)",
                                                                                            "sum(#2)"
                                                                                        ],
                                                                                        "Estimated Cardinality": "6372046"
                                                                                    },
                                                                                    "cumulative_cardinality": 29453413,
                                                                                    "operator_type": "HASH_GROUP_BY",
                                                                                    "operator_cardinality": 3965227,
                                                                                    "cumulative_rows_scanned": 12744093,
                                                                                    "operator_rows_scanned": 0,
                                                                                    "operator_timing": 0.7788174189999997,
                                                                                    "result_set_size": 142748172,
                                                                                    "children": [
                                                                                        {
                                                                                            "operator_name": "PROJECTION",
                                                                                            "cpu_time": 0.23923909599999943,
                                                                                            "extra_info": {
                                                                                                "Projections": [
                                                                                                    "postid",
                                                                                                    "CASE  WHEN ((votetypeid = 2)) THEN (1) ELSE 0 END",
                                                                                                    "CASE  WHEN ((votetypeid = 3)) THEN (1) ELSE 0 END"
                                                                                                ],
                                                                                                "Estimated Cardinality": "12744093"
                                                                                            },
                                                                                            "cumulative_cardinality": 25488186,
                                                                                            "operator_type": "PROJECTION",
                                                                                            "operator_cardinality": 12744093,
                                                                                            "cumulative_rows_scanned": 12744093,
                                                                                            "operator_rows_scanned": 0,
                                                                                            "operator_timing": 0.10188651199999992,
                                                                                            "result_set_size": 152929116,
                                                                                            "children": [
                                                                                                {
                                                                                                    "operator_name": "READ_PARQUET ",
                                                                                                    "cpu_time": 0.13735258399999953,
                                                                                                    "extra_info": {
                                                                                                        "Function": "READ_PARQUET",
                                                                                                        "Projections": [
                                                                                                            "postid",
                                                                                                            "votetypeid"
                                                                                                        ],
                                                                                                        "Estimated Cardinality": "12744093"
                                                                                                    },
                                                                                                    "cumulative_cardinality": 12744093,
                                                                                                    "operator_type": "TABLE_SCAN",
                                                                                                    "operator_cardinality": 12744093,
                                                                                                    "cumulative_rows_scanned": 12744093,
                                                                                                    "operator_rows_scanned": 12744093,
                                                                                                    "operator_timing": 0.13735258399999953,
                                                                                                    "result_set_size": 76464558,
                                                                                                    "children": []
                                                                                                }
                                                                                            ]
                                                                                        }
                                                                                    ]
                                                                                },
                                                                                {
                                                                                    "operator_name": "PROJECTION",
                                                                                    "cpu_time": 0.4260779359999996,
                                                                                    "extra_info": {
                                                                                        "Projections": [
                                                                                            "#0",
                                                                                            "#1",
                                                                                            "__internal_compress_integral_usmallint(#2, -72)",
                                                                                            "#3",
                                                                                            "#4",
                                                                                            "#5"
                                                                                        ],
                                                                                        "Estimated Cardinality": "3850116"
                                                                                    },
                                                                                    "cumulative_cardinality": 7700232,
                                                                                    "operator_type": "PROJECTION",
                                                                                    "operator_cardinality": 3850116,
                                                                                    "cumulative_rows_scanned": 3850116,
                                                                                    "operator_rows_scanned": 0,
                                                                                    "operator_timing": 0.002019477000000004,
                                                                                    "result_set_size": 146304408,
                                                                                    "children": [
                                                                                        {
                                                                                            "operator_name": "READ_PARQUET ",
                                                                                            "cpu_time": 0.4240584589999996,
                                                                                            "extra_info": {
                                                                                                "Function": "READ_PARQUET",
                                                                                                "Projections": [
                                                                                                    "id",
                                                                                                    "creationdate",
                                                                                                    "score",
                                                                                                    "viewcount",
                                                                                                    "owneruserid",
                                                                                                    "title"
                                                                                                ],
                                                                                                "Estimated Cardinality": "3850116"
                                                                                            },
                                                                                            "cumulative_cardinality": 3850116,
                                                                                            "operator_type": "TABLE_SCAN",
                                                                                            "operator_cardinality": 3850116,
                                                                                            "cumulative_rows_scanned": 3850116,
                                                                                            "operator_rows_scanned": 3850116,
                                                                                            "operator_timing": 0.4240584589999996,
                                                                                            "result_set_size": 154004640,
                                                                                            "children": []
                                                                                        }
                                                                                    ]
                                                                                }
                                                                            ]
                                                                        }
                                                                    ]
                                                                },
                                                                {
                                                                    "operator_name": "HASH_GROUP_BY",
                                                                    "cpu_time": 0.31054758100000024,
                                                                    "extra_info": {
                                                                        "Groups": "#0",
                                                                        "Aggregates": "count_star()",
                                                                        "Estimated Cardinality": "3620911"
                                                                    },
                                                                    "cumulative_cardinality": 16647316,
                                                                    "operator_type": "HASH_GROUP_BY",
                                                                    "operator_cardinality": 2163672,
                                                                    "cumulative_rows_scanned": 7241822,
                                                                    "operator_rows_scanned": 0,
                                                                    "operator_timing": 0.2686562010000002,
                                                                    "result_set_size": 25964064,
                                                                    "children": [
                                                                        {
                                                                            "operator_name": "PROJECTION",
                                                                            "cpu_time": 0.04189138000000006,
                                                                            "extra_info": {
                                                                                "Projections": "postid",
                                                                                "Estimated Cardinality": "7241822"
                                                                            },
                                                                            "cumulative_cardinality": 14483644,
                                                                            "operator_type": "PROJECTION",
                                                                            "operator_cardinality": 7241822,
                                                                            "cumulative_rows_scanned": 7241822,
                                                                            "operator_rows_scanned": 0,
                                                                            "operator_timing": 0.0003894380000000002,
                                                                            "result_set_size": 28967288,
                                                                            "children": [
                                                                                {
                                                                                    "operator_name": "READ_PARQUET ",
                                                                                    "cpu_time": 0.04150194200000006,
                                                                                    "extra_info": {
                                                                                        "Function": "READ_PARQUET",
                                                                                        "Projections": "postid",
                                                                                        "Estimated Cardinality": "7241822"
                                                                                    },
                                                                                    "cumulative_cardinality": 7241822,
                                                                                    "operator_type": "TABLE_SCAN",
                                                                                    "operator_cardinality": 7241822,
                                                                                    "cumulative_rows_scanned": 7241822,
                                                                                    "operator_rows_scanned": 7241822,
                                                                                    "operator_timing": 0.04150194200000006,
                                                                                    "result_set_size": 28967288,
                                                                                    "children": []
                                                                                }
                                                                            ]
                                                                        }
                                                                    ]
                                                                }
                                                            ]
                                                        }
                                                    ]
                                                },
                                                {
                                                    "operator_name": "READ_PARQUET ",
                                                    "cpu_time": 0.094243605,
                                                    "extra_info": {
                                                        "Function": "READ_PARQUET",
                                                        "Projections": [
                                                            "id",
                                                            "reputation",
                                                            "displayname"
                                                        ],
                                                        "Filters": "id<=1416539",
                                                        "Estimated Cardinality": "1260710"
                                                    },
                                                    "cumulative_cardinality": 1260679,
                                                    "operator_type": "TABLE_SCAN",
                                                    "operator_cardinality": 1260679,
                                                    "cumulative_rows_scanned": 1260710,
                                                    "operator_rows_scanned": 1260710,
                                                    "operator_timing": 0.094243605,
                                                    "result_set_size": 30256296,
                                                    "children": []
                                                }
                                            ]
                                        }
                                    ]
                                }
                            ]
                        }
                    ]
                }
            ]
        }
    ]
}