{
    "rows_returned": 3685416,
    "query_name": "\nWITH UserStats AS (\n    SELECT \n        U.Id AS UserId,\n        U.DisplayName,\n        COUNT(DISTINCT P.Id) AS PostCount,\n        SUM(COALESCE(P.Score, 0)) AS TotalScore,\n        SUM(U.UpVotes) AS TotalUpVotes,\n        SUM(U.DownVotes) AS TotalDownVotes,\n        MAX(P.CreationDate) AS LastPostDate\n    FROM \n        Users U\n    LEFT JOIN \n        Posts P ON U.Id = P.OwnerUserId\n    GROUP BY \n        U.Id, U.DisplayName\n),\nPostStats AS (\n    SELECT \n        P.Id AS PostId,\n        P.Title,\n        P.PostTypeId,\n        P.ViewCount,\n        P.AnswerCount,\n        P.CommentCount,\n        P.FavoriteCount,\n        P.LastActivityDate,\n        CASE \n            WHEN P.PostTypeId = 1 THEN 'Question'\n            WHEN P.PostTypeId = 2 THEN 'Answer'\n            ELSE 'Other'\n        END AS PostType,\n        P.OwnerUserId\n    FROM \n        Posts P\n),\nVoteStats AS (\n    SELECT \n        V.PostId,\n        COUNT(CASE WHEN V.VoteTypeId = 2 THEN 1 END) AS UpVotes,\n        COUNT(CASE WHEN V.VoteTypeId = 3 THEN 1 END) AS DownVotes\n    FROM \n        Votes V\n    GROUP BY \n        V.PostId\n)\nSELECT \n    US.UserId,\n    US.DisplayName,\n    US.PostCount,\n    US.TotalScore,\n    US.TotalUpVotes,\n    US.TotalDownVotes,\n    PS.PostId,\n    PS.Title,\n    PS.PostType,\n    PS.ViewCount,\n    PS.AnswerCount,\n    PS.CommentCount,\n    PS.FavoriteCount,\n    PS.LastActivityDate,\n    VS.UpVotes,\n    VS.DownVotes\nFROM \n    UserStats US\nJOIN \n    PostStats PS ON US.UserId = PS.OwnerUserId\nLEFT JOIN \n    VoteStats VS ON PS.PostId = VS.PostId\nORDER BY \n    US.TotalScore DESC, US.PostCount DESC;\n",
    "blocked_thread_time": 0.0,
    "cpu_time": 5.505015232000004,
    "extra_info": {},
    "cumulative_cardinality": 84702143,
    "cumulative_rows_scanned": 21705035,
    "result_set_size": 560183232,
    "latency": 17.946265306,
    "children": [
        {
            "operator_name": "PROJECTION",
            "cpu_time": 5.505015232000004,
            "extra_info": {
                "Projections": [
                    "#0",
                    "#1",
                    "#2",
                    "#3",
                    "#4",
                    "#5",
                    "#6",
                    "#7",
                    "__internal_decompress_string(#8)",
                    "#9",
                    "__internal_decompress_integral_integer(#10, 0)",
                    "__internal_decompress_integral_integer(#11, 0)",
                    "#12",
                    "#13",
                    "#14",
                    "#15"
                ],
                "Estimated Cardinality": "6372046"
            },
            "cumulative_cardinality": 84702143,
            "operator_type": "PROJECTION",
            "operator_cardinality": 3685416,
            "cumulative_rows_scanned": 21705035,
            "operator_rows_scanned": 0,
            "operator_timing": 0.041785947000000045,
            "result_set_size": 560183232,
            "children": [
                {
                    "operator_name": "ORDER_BY",
                    "cpu_time": 5.463229285000004,
                    "extra_info": {
                        "Order By": [
                            "US.TotalScore DESC",
                            "US.PostCount DESC"
                        ]
                    },
                    "cumulative_cardinality": 81016727,
                    "operator_type": "ORDER_BY",
                    "operator_cardinality": 3685416,
                    "cumulative_rows_scanned": 21705035,
                    "operator_rows_scanned": 0,
                    "operator_timing": 0.8136949950000003,
                    "result_set_size": 538070736,
                    "children": [
                        {
                            "operator_name": "PROJECTION",
                            "cpu_time": 4.649534290000004,
                            "extra_info": {
                                "Projections": [
                                    "#0",
                                    "#1",
                                    "#2",
                                    "#3",
                                    "#4",
                                    "#5",
                                    "#6",
                                    "#7",
                                    "__internal_compress_string_hugeint(#8)",
                                    "#9",
                                    "__internal_compress_integral_utinyint(#10, 0)",
                                    "__internal_compress_integral_utinyint(#11, 0)",
                                    "#12",
                                    "#13",
                                    "#14",
                                    "#15"
                                ],
                                "Estimated Cardinality": "6372046"
                            },
                            "cumulative_cardinality": 77331311,
                            "operator_type": "PROJECTION",
                            "operator_cardinality": 3685416,
                            "cumulative_rows_scanned": 21705035,
                            "operator_rows_scanned": 0,
                            "operator_timing": 0.049075114,
                            "result_set_size": 538070736,
                            "children": [
                                {
                                    "operator_name": "PROJECTION",
                                    "cpu_time": 4.600459176000004,
                                    "extra_info": {
                                        "Projections": [
                                            "UserId",
                                            "displayname",
                                            "PostCount",
                                            "TotalScore",
                                            "TotalUpVotes",
                                            "TotalDownVotes",
                                            "PostId",
                                            "title",
                                            "PostType",
                                            "viewcount",
                                            "answercount",
                                            "commentcount",
                                            "favoritecount",
                                            "lastactivitydate",
                                            "UpVotes",
                                            "DownVotes"
                                        ],
                                        "Estimated Cardinality": "6372046"
                                    },
                                    "cumulative_cardinality": 73645895,
                                    "operator_type": "PROJECTION",
                                    "operator_cardinality": 3685416,
                                    "cumulative_rows_scanned": 21705035,
                                    "operator_rows_scanned": 0,
                                    "operator_timing": 0.0035399819999999897,
                                    "result_set_size": 560183232,
                                    "children": [
                                        {
                                            "operator_name": "HASH_JOIN",
                                            "cpu_time": 4.596919194000003,
                                            "extra_info": {
                                                "Join Type": "LEFT",
                                                "Conditions": "PostId = postid",
                                                "Estimated Cardinality": "6372046"
                                            },
                                            "cumulative_cardinality": 69960479,
                                            "operator_type": "HASH_JOIN",
                                            "operator_cardinality": 3685416,
                                            "cumulative_rows_scanned": 21705035,
                                            "operator_rows_scanned": 0,
                                            "operator_timing": 0.5142017590000013,
                                            "result_set_size": 560183232,
                                            "children": [
                                                {
                                                    "operator_name": "HASH_JOIN",
                                                    "cpu_time": 3.131191288000001,
                                                    "extra_info": {
                                                        "Join Type": "INNER",
                                                        "Conditions": "owneruserid = UserId",
                                                        "Estimated Cardinality": "3850116"
                                                    },
                                                    "cumulative_cardinality": 36821650,
                                                    "operator_type": "HASH_JOIN",
                                                    "operator_cardinality": 3685416,
                                                    "cumulative_rows_scanned": 8960942,
                                                    "operator_rows_scanned": 0,
                                                    "operator_timing": 0.35609629100000023,
                                                    "result_set_size": 501216576,
                                                    "children": [
                                                        {
                                                            "operator_name": "PROJECTION",
                                                            "cpu_time": 0.671057642,
                                                            "extra_info": {
                                                                "Projections": [
                                                                    "PostId",
                                                                    "title",
                                                                    "viewcount",
                                                                    "answercount",
                                                                    "commentcount",
                                                                    "favoritecount",
                                                                    "lastactivitydate",
                                                                    "PostType",
                                                                    "owneruserid"
                                                                ],
                                                                "Estimated Cardinality": "3850116"
                                                            },
                                                            "cumulative_cardinality": 7370832,
                                                            "operator_type": "PROJECTION",
                                                            "operator_cardinality": 3685416,
                                                            "cumulative_rows_scanned": 3850116,
                                                            "operator_rows_scanned": 0,
                                                            "operator_timing": 0.04093875199999992,
                                                            "result_set_size": 235866624,
                                                            "children": [
                                                                {
                                                                    "operator_name": "READ_PARQUET ",
                                                                    "cpu_time": 0.63011889,
                                                                    "extra_info": {
                                                                        "Function": "READ_PARQUET",
                                                                        "Projections": [
                                                                            "id",
                                                                            "posttypeid",
                                                                            "viewcount",
                                                                            "owneruserid",
                                                                            "lastactivitydate",
                                                                            "title",
                                                                            "answercount",
                                                                            "commentcount",
                                                                            "favoritecount"
                                                                        ],
                                                                        "Estimated Cardinality": "3850116"
                                                                    },
                                                                    "cumulative_cardinality": 3685416,
                                                                    "operator_type": "TABLE_SCAN",
                                                                    "operator_cardinality": 3685416,
                                                                    "cumulative_rows_scanned": 3850116,
                                                                    "operator_rows_scanned": 3850116,
                                                                    "operator_timing": 0.63011889,
                                                                    "result_set_size": 184270800,
                                                                    "children": []
                                                                }
                                                            ]
                                                        },
                                                        {
                                                            "operator_name": "HASH_GROUP_BY",
                                                            "cpu_time": 2.104037355000001,
                                                            "extra_info": {
                                                                "Groups": [
                                                                    "#0",
                                                                    "#1"
                                                                ],
                                                                "Aggregates": [
                                                                    "count(DISTINCT #2)",
                                                                    "sum(#3)",
                                                                    "sum(#4)",
                                                                    "sum(#5)"
                                                                ],
                                                                "Estimated Cardinality": "1260710"
                                                            },
                                                            "cumulative_cardinality": 25765402,
                                                            "operator_type": "HASH_GROUP_BY",
                                                            "operator_cardinality": 1260679,
                                                            "cumulative_rows_scanned": 5110826,
                                                            "operator_rows_scanned": 0,
                                                            "operator_timing": 1.4592891030000001,
                                                            "result_set_size": 95811604,
                                                            "children": [
                                                                {
                                                                    "operator_name": "PROJECTION",
                                                                    "cpu_time": 0.6447482520000005,
                                                                    "extra_info": {
                                                                        "Projections": [
                                                                            "id",
                                                                            "displayname",
                                                                            "id",
                                                                            "COALESCE(score, 0)",
                                                                            "upvotes",
                                                                            "downvotes"
                                                                        ],
                                                                        "Estimated Cardinality": "3850116"
                                                                    },
                                                                    "cumulative_cardinality": 24504723,
                                                                    "operator_type": "PROJECTION",
                                                                    "operator_cardinality": 4574464,
                                                                    "cumulative_rows_scanned": 5110826,
                                                                    "operator_rows_scanned": 0,
                                                                    "operator_timing": 0.030733011000000025,
                                                                    "result_set_size": 164680704,
                                                                    "children": [
                                                                        {
                                                                            "operator_name": "PROJECTION",
                                                                            "cpu_time": 0.6140152410000005,
                                                                            "extra_info": {
                                                                                "Projections": [
                                                                                    "#0",
                                                                                    "#1",
                                                                                    "#2",
                                                                                    "#3",
                                                                                    "#4",
                                                                                    "__internal_decompress_integral_integer(#5, 0)"
                                                                                ],
                                                                                "Estimated Cardinality": "3850116"
                                                                            },
                                                                            "cumulative_cardinality": 19930259,
                                                                            "operator_type": "PROJECTION",
                                                                            "operator_cardinality": 4574464,
                                                                            "cumulative_rows_scanned": 5110826,
                                                                            "operator_rows_scanned": 0,
                                                                            "operator_timing": 0.0023420180000000056,
                                                                            "result_set_size": 164680704,
                                                                            "children": [
                                                                                {
                                                                                    "operator_name": "FILTER",
                                                                                    "cpu_time": 0.6116732230000005,
                                                                                    "extra_info": {
                                                                                        "Expression": "(#2 <= 1416539)",
                                                                                        "Estimated Cardinality": "3850116"
                                                                                    },
                                                                                    "cumulative_cardinality": 15355795,
                                                                                    "operator_type": "FILTER",
                                                                                    "operator_cardinality": 4574464,
                                                                                    "cumulative_rows_scanned": 5110826,
                                                                                    "operator_rows_scanned": 0,
                                                                                    "operator_timing": 0.006290261000000001,
                                                                                    "result_set_size": 155531776,
                                                                                    "children": [
                                                                                        {
                                                                                            "operator_name": "HASH_JOIN",
                                                                                            "cpu_time": 0.6053829620000005,
                                                                                            "extra_info": {
                                                                                                "Join Type": "RIGHT",
                                                                                                "Conditions": "owneruserid = id",
                                                                                                "Estimated Cardinality": "3850116"
                                                                                            },
                                                                                            "cumulative_cardinality": 10781331,
                                                                                            "operator_type": "HASH_JOIN",
                                                                                            "operator_cardinality": 4574495,
                                                                                            "cumulative_rows_scanned": 5110826,
                                                                                            "operator_rows_scanned": 0,
                                                                                            "operator_timing": 0.3059442730000004,
                                                                                            "result_set_size": 155532830,
                                                                                            "children": [
                                                                                                {
                                                                                                    "operator_name": "READ_PARQUET ",
                                                                                                    "cpu_time": 0.11159729800000005,
                                                                                                    "extra_info": {
                                                                                                        "Function": "READ_PARQUET",
                                                                                                        "Projections": [
                                                                                                            "id",
                                                                                                            "score",
                                                                                                            "owneruserid"
                                                                                                        ],
                                                                                                        "Estimated Cardinality": "3850116"
                                                                                                    },
                                                                                                    "cumulative_cardinality": 3685416,
                                                                                                    "operator_type": "TABLE_SCAN",
                                                                                                    "operator_cardinality": 3685416,
                                                                                                    "cumulative_rows_scanned": 3850116,
                                                                                                    "operator_rows_scanned": 3850116,
                                                                                                    "operator_timing": 0.11159729800000005,
                                                                                                    "result_set_size": 44224992,
                                                                                                    "children": []
                                                                                                },
                                                                                                {
                                                                                                    "operator_name": "PROJECTION",
                                                                                                    "cpu_time": 0.18784139100000005,
                                                                                                    "extra_info": {
                                                                                                        "Projections": [
                                                                                                            "#0",
                                                                                                            "#1",
                                                                                                            "#2",
                                                                                                            "__internal_compress_integral_usmallint(#3, 0)"
                                                                                                        ],
                                                                                                        "Estimated Cardinality": "1260710"
                                                                                                    },
                                                                                                    "cumulative_cardinality": 2521420,
                                                                                                    "operator_type": "PROJECTION",
                                                                                                    "operator_cardinality": 1260710,
                                                                                                    "cumulative_rows_scanned": 1260710,
                                                                                                    "operator_rows_scanned": 0,
                                                                                                    "operator_timing": 0.0005681829999999999,
                                                                                                    "result_set_size": 32778460,
                                                                                                    "children": [
                                                                                                        {
                                                                                                            "operator_name": "READ_PARQUET ",
                                                                                                            "cpu_time": 0.18727320800000005,
                                                                                                            "extra_info": {
                                                                                                                "Function": "READ_PARQUET",
                                                                                                                "Projections": [
                                                                                                                    "id",
                                                                                                                    "displayname",
                                                                                                                    "upvotes",
                                                                                                                    "downvotes"
                                                                                                                ],
                                                                                                                "Estimated Cardinality": "1260710"
                                                                                                            },
                                                                                                            "cumulative_cardinality": 1260710,
                                                                                                            "operator_type": "TABLE_SCAN",
                                                                                                            "operator_cardinality": 1260710,
                                                                                                            "cumulative_rows_scanned": 1260710,
                                                                                                            "operator_rows_scanned": 1260710,
                                                                                                            "operator_timing": 0.18727320800000005,
                                                                                                            "result_set_size": 35299880,
                                                                                                            "children": []
                                                                                                        }
                                                                                                    ]
                                                                                                }
                                                                                            ]
                                                                                        }
                                                                                    ]
                                                                                }
                                                                            ]
                                                                        }
                                                                    ]
                                                                }
                                                            ]
                                                        }
                                                    ]
                                                },
                                                {
                                                    "operator_name": "HASH_GROUP_BY",
                                                    "cpu_time": 0.9515261470000009,
                                                    "extra_info": {
                                                        "Groups": "#0",
                                                        "Aggregates": [
                                                            "count(#1)",
                                                            "count(#2)"
                                                        ],
                                                        "Estimated Cardinality": "6372046"
                                                    },
                                                    "cumulative_cardinality": 29453413,
                                                    "operator_type": "HASH_GROUP_BY",
                                                    "operator_cardinality": 3965227,
                                                    "cumulative_rows_scanned": 12744093,
                                                    "operator_rows_scanned": 0,
                                                    "operator_timing": 0.6917326370000016,
                                                    "result_set_size": 79304540,
                                                    "children": [
                                                        {
                                                            "operator_name": "PROJECTION",
                                                            "cpu_time": 0.2597935099999993,
                                                            "extra_info": {
                                                                "Projections": [
                                                                    "postid",
                                                                    "CASE  WHEN ((votetypeid = 2)) THEN (1) ELSE NULL END",
                                                                    "CASE  WHEN ((votetypeid = 3)) THEN (1) ELSE NULL END"
                                                                ],
                                                                "Estimated Cardinality": "12744093"
                                                            },
                                                            "cumulative_cardinality": 25488186,
                                                            "operator_type": "PROJECTION",
                                                            "operator_cardinality": 12744093,
                                                            "cumulative_rows_scanned": 12744093,
                                                            "operator_rows_scanned": 0,
                                                            "operator_timing": 0.11664244300000003,
                                                            "result_set_size": 152929116,
                                                            "children": [
                                                                {
                                                                    "operator_name": "READ_PARQUET ",
                                                                    "cpu_time": 0.14315106699999927,
                                                                    "extra_info": {
                                                                        "Function": "READ_PARQUET",
                                                                        "Projections": [
                                                                            "postid",
                                                                            "votetypeid"
                                                                        ],
                                                                        "Estimated Cardinality": "12744093"
                                                                    },
                                                                    "cumulative_cardinality": 12744093,
                                                                    "operator_type": "TABLE_SCAN",
                                                                    "operator_cardinality": 12744093,
                                                                    "cumulative_rows_scanned": 12744093,
                                                                    "operator_rows_scanned": 12744093,
                                                                    "operator_timing": 0.14315106699999927,
                                                                    "result_set_size": 76464558,
                                                                    "children": []
                                                                }
                                                            ]
                                                        }
                                                    ]
                                                }
                                            ]
                                        }
                                    ]
                                }
                            ]
                        }
                    ]
                }
            ]
        }
    ]
}