{
    "rows_returned": 100,
    "query_name": "WITH PostStats AS (\n    SELECT \n        P.Id AS PostId,\n        P.Title,\n        P.CreationDate,\n        P.ViewCount,\n        P.Score,\n        COUNT(CASE WHEN C.Id IS NOT NULL THEN 1 END) AS CommentCount,\n        COUNT(CASE WHEN A.Id IS NOT NULL THEN 1 END) AS AnswerCount,\n        SUM(CASE WHEN V.VoteTypeId = 2 THEN 1 ELSE 0 END) AS UpVotes,\n        SUM(CASE WHEN V.VoteTypeId = 3 THEN 1 ELSE 0 END) AS DownVotes\n    FROM \n        Posts P\n    LEFT JOIN \n        Comments C ON P.Id = C.PostId\n    LEFT JOIN \n        Posts A ON P.Id = A.ParentId AND A.PostTypeId = 2\n    LEFT JOIN \n        Votes V ON P.Id = V.PostId\n    WHERE \n        P.PostTypeId = 1 \n    GROUP BY \n        P.Id, P.Title, P.CreationDate, P.ViewCount, P.Score\n),\nUserStats AS (\n    SELECT \n        U.Id AS UserId,\n        U.DisplayName,\n        U.Reputation,\n        COUNT(B.Id) AS BadgeCount,\n        SUM(P.ViewCount) AS TotalViews,\n        SUM(P.Score) AS TotalScore\n    FROM \n        Users U\n    LEFT JOIN \n        Badges B ON U.Id = B.UserId\n    LEFT JOIN \n        Posts P ON U.Id = P.OwnerUserId\n    GROUP BY \n        U.Id, U.DisplayName, U.Reputation\n)\nSELECT \n    PS.PostId,\n    PS.Title,\n    PS.CreationDate,\n    PS.ViewCount,\n    PS.Score,\n    PS.CommentCount,\n    PS.AnswerCount,\n    PS.UpVotes,\n    PS.DownVotes,\n    US.UserId,\n    US.DisplayName AS UserDisplayName,\n    US.Reputation,\n    US.BadgeCount,\n    US.TotalViews,\n    US.TotalScore\nFROM \n    PostStats PS\nJOIN \n    Users U ON PS.PostId = U.AccountId \nJOIN \n    UserStats US ON U.Id = US.UserId\nORDER BY \n    PS.ViewCount DESC, PS.Score DESC\nLIMIT 100;",
    "blocked_thread_time": 0.0,
    "cpu_time": 37.8392412660003,
    "extra_info": {},
    "cumulative_cardinality": 1505270108,
    "cumulative_rows_scanned": 36379407,
    "result_set_size": 14800,
    "latency": 42.841455472,
    "children": [
        {
            "operator_name": "STREAMING_LIMIT",
            "cpu_time": 37.8392412660003,
            "extra_info": {},
            "cumulative_cardinality": 1505270108,
            "operator_type": "STREAMING_LIMIT",
            "operator_cardinality": 100,
            "cumulative_rows_scanned": 36379407,
            "operator_rows_scanned": 0,
            "operator_timing": 0.000001774,
            "result_set_size": 14800,
            "children": [
                {
                    "operator_name": "PROJECTION",
                    "cpu_time": 37.8392394920003,
                    "extra_info": {
                        "Projections": [
                            "#0",
                            "#1",
                            "#2",
                            "#3",
                            "__internal_decompress_integral_integer(#4, -72)",
                            "#5",
                            "#6",
                            "#7",
                            "#8",
                            "#9",
                            "#10",
                            "#11",
                            "#12",
                            "#13",
                            "#14"
                        ],
                        "Estimated Cardinality": "3850116"
                    },
                    "cumulative_cardinality": 1505270008,
                    "operator_type": "PROJECTION",
                    "operator_cardinality": 4096,
                    "cumulative_rows_scanned": 36379407,
                    "operator_rows_scanned": 0,
                    "operator_timing": 0.000006001000000000001,
                    "result_set_size": 606208,
                    "children": [
                        {
                            "operator_name": "ORDER_BY",
                            "cpu_time": 37.8392334910003,
                            "extra_info": {
                                "Order By": [
                                    "PS.ViewCount DESC",
                                    "PS.Score DESC"
                                ]
                            },
                            "cumulative_cardinality": 1505265912,
                            "operator_type": "ORDER_BY",
                            "operator_cardinality": 4096,
                            "cumulative_rows_scanned": 36379407,
                            "operator_rows_scanned": 0,
                            "operator_timing": 0.019693972999999986,
                            "result_set_size": 598016,
                            "children": [
                                {
                                    "operator_name": "PROJECTION",
                                    "cpu_time": 37.8195395180003,
                                    "extra_info": {
                                        "Projections": [
                                            "#0",
                                            "#1",
                                            "#2",
                                            "#3",
                                            "__internal_compress_integral_usmallint(#4, -72)",
                                            "#5",
                                            "#6",
                                            "#7",
                                            "#8",
                                            "#9",
                                            "#10",
                                            "#11",
                                            "#12",
                                            "#13",
                                            "#14"
                                        ],
                                        "Estimated Cardinality": "3850116"
                                    },
                                    "cumulative_cardinality": 1505261816,
                                    "operator_type": "PROJECTION",
                                    "operator_cardinality": 71795,
                                    "cumulative_rows_scanned": 36379407,
                                    "operator_rows_scanned": 0,
                                    "operator_timing": 0.0010330359999999993,
                                    "result_set_size": 10482070,
                                    "children": [
                                        {
                                            "operator_name": "PROJECTION",
                                            "cpu_time": 37.818506482000295,
                                            "extra_info": {
                                                "Projections": [
                                                    "PostId",
                                                    "title",
                                                    "creationdate",
                                                    "viewcount",
                                                    "score",
                                                    "CommentCount",
                                                    "AnswerCount",
                                                    "UpVotes",
                                                    "DownVotes",
                                                    "UserId",
                                                    "UserDisplayName",
                                                    "reputation",
                                                    "BadgeCount",
                                                    "TotalViews",
                                                    "TotalScore"
                                                ],
                                                "Estimated Cardinality": "3850116"
                                            },
                                            "cumulative_cardinality": 1505190021,
                                            "operator_type": "PROJECTION",
                                            "operator_cardinality": 71795,
                                            "cumulative_rows_scanned": 36379407,
                                            "operator_rows_scanned": 0,
                                            "operator_timing": 0.000621032,
                                            "result_set_size": 10625660,
                                            "children": [
                                                {
                                                    "operator_name": "HASH_JOIN",
                                                    "cpu_time": 37.8178854500003,
                                                    "extra_info": {
                                                        "Join Type": "INNER",
                                                        "Conditions": "PostId = accountid",
                                                        "Estimated Cardinality": "3850116"
                                                    },
                                                    "cumulative_cardinality": 1505118226,
                                                    "operator_type": "HASH_JOIN",
                                                    "operator_cardinality": 71795,
                                                    "cumulative_rows_scanned": 36379407,
                                                    "operator_rows_scanned": 0,
                                                    "operator_timing": 0.06031609100000013,
                                                    "result_set_size": 10625660,
                                                    "children": [
                                                        {
                                                            "operator_name": "PROJECTION",
                                                            "cpu_time": 7.968784762000011,
                                                            "extra_info": {
                                                                "Projections": [
                                                                    "#0",
                                                                    "#1",
                                                                    "#2",
                                                                    "#3",
                                                                    "__internal_decompress_integral_integer(#4, -72)",
                                                                    "#5",
                                                                    "#6",
                                                                    "#7",
                                                                    "#8"
                                                                ],
                                                                "Estimated Cardinality": "3850116"
                                                            },
                                                            "cumulative_cardinality": 320876490,
                                                            "operator_type": "PROJECTION",
                                                            "operator_cardinality": 1668164,
                                                            "cumulative_rows_scanned": 27686147,
                                                            "operator_rows_scanned": 0,
                                                            "operator_timing": 0.0008583409999999997,
                                                            "result_set_size": 140125776,
                                                            "children": [
                                                                {
                                                                    "operator_name": "HASH_GROUP_BY",
                                                                    "cpu_time": 7.967926421000011,
                                                                    "extra_info": {
                                                                        "Groups": [
                                                                            "#0",
                                                                            "#1",
                                                                            "#2",
                                                                            "#3",
                                                                            "#4"
                                                                        ],
                                                                        "Aggregates": [
                                                                            "count(#5)",
                                                                            "count(#6)",
                                                                            "sum(#7)",
                                                                            "sum(#8)"
                                                                        ],
                                                                        "Estimated Cardinality": "3850116"
                                                                    },
                                                                    "cumulative_cardinality": 319208326,
                                                                    "operator_type": "HASH_GROUP_BY",
                                                                    "operator_cardinality": 1668164,
                                                                    "cumulative_rows_scanned": 27686147,
                                                                    "operator_rows_scanned": 0,
                                                                    "operator_timing": 3.814957121,
                                                                    "result_set_size": 136789448,
                                                                    "children": [
                                                                        {
                                                                            "operator_name": "PROJECTION",
                                                                            "cpu_time": 4.152969300000011,
                                                                            "extra_info": {
                                                                                "Projections": [
                                                                                    "id",
                                                                                    "title",
                                                                                    "creationdate",
                                                                                    "viewcount",
                                                                                    "score",
                                                                                    "CASE  WHEN ((id IS NOT NULL)) THEN (1) ELSE NULL END",
                                                                                    "CASE  WHEN ((id IS NOT NULL)) THEN (1) ELSE NULL END",
                                                                                    "CASE  WHEN ((votetypeid = 2)) THEN (1) ELSE 0 END",
                                                                                    "CASE  WHEN ((votetypeid = 3)) THEN (1) ELSE 0 END"
                                                                                ],
                                                                                "Estimated Cardinality": "12744093"
                                                                            },
                                                                            "cumulative_cardinality": 317540162,
                                                                            "operator_type": "PROJECTION",
                                                                            "operator_cardinality": 67247136,
                                                                            "cumulative_rows_scanned": 27686147,
                                                                            "operator_rows_scanned": 0,
                                                                            "operator_timing": 0.5860613939999989,
                                                                            "result_set_size": 3362356800,
                                                                            "children": [
                                                                                {
                                                                                    "operator_name": "PROJECTION",
                                                                                    "cpu_time": 3.5669079060000124,
                                                                                    "extra_info": {
                                                                                        "Projections": [
                                                                                            "#0",
                                                                                            "#1",
                                                                                            "#2",
                                                                                            "__internal_compress_integral_usmallint(#3, -72)",
                                                                                            "#4",
                                                                                            "#5",
                                                                                            "#6",
                                                                                            "#7"
                                                                                        ],
                                                                                        "Estimated Cardinality": "12744093"
                                                                                    },
                                                                                    "cumulative_cardinality": 250293026,
                                                                                    "operator_type": "PROJECTION",
                                                                                    "operator_cardinality": 67247136,
                                                                                    "cumulative_rows_scanned": 27686147,
                                                                                    "operator_rows_scanned": 0,
                                                                                    "operator_timing": 0.12581363799999778,
                                                                                    "result_set_size": 2958873984,
                                                                                    "children": [
                                                                                        {
                                                                                            "operator_name": "PROJECTION",
                                                                                            "cpu_time": 3.4410942680000147,
                                                                                            "extra_info": {
                                                                                                "Projections": [
                                                                                                    "#0",
                                                                                                    "#1",
                                                                                                    "#2",
                                                                                                    "#3",
                                                                                                    "#4",
                                                                                                    "#5",
                                                                                                    "#6",
                                                                                                    "__internal_decompress_integral_smallint(#7, 1)"
                                                                                                ],
                                                                                                "Estimated Cardinality": "12744093"
                                                                                            },
                                                                                            "cumulative_cardinality": 183045890,
                                                                                            "operator_type": "PROJECTION",
                                                                                            "operator_cardinality": 67247136,
                                                                                            "cumulative_rows_scanned": 27686147,
                                                                                            "operator_rows_scanned": 0,
                                                                                            "operator_timing": 0.16642842000000205,
                                                                                            "result_set_size": 3093368256,
                                                                                            "children": [
                                                                                                {
                                                                                                    "operator_name": "HASH_JOIN",
                                                                                                    "cpu_time": 3.2746658480000126,
                                                                                                    "extra_info": {
                                                                                                        "Join Type": "LEFT",
                                                                                                        "Conditions": "id = postid",
                                                                                                        "Estimated Cardinality": "12744093"
                                                                                                    },
                                                                                                    "cumulative_cardinality": 115798754,
                                                                                                    "operator_type": "HASH_JOIN",
                                                                                                    "operator_cardinality": 67247136,
                                                                                                    "cumulative_rows_scanned": 27686147,
                                                                                                    "operator_rows_scanned": 0,
                                                                                                    "operator_timing": 1.4849295570000116,
                                                                                                    "result_set_size": 3026121120,
                                                                                                    "children": [
                                                                                                        {
                                                                                                            "operator_name": "HASH_JOIN",
                                                                                                            "cpu_time": 1.6542159220000012,
                                                                                                            "extra_info": {
                                                                                                                "Join Type": "LEFT",
                                                                                                                "Conditions": "id = parentid",
                                                                                                                "Estimated Cardinality": "7241822"
                                                                                                            },
                                                                                                            "cumulative_cardinality": 23063432,
                                                                                                            "operator_type": "HASH_JOIN",
                                                                                                            "operator_cardinality": 7298228,
                                                                                                            "cumulative_rows_scanned": 14942054,
                                                                                                            "operator_rows_scanned": 0,
                                                                                                            "operator_timing": 0.353353360000002,
                                                                                                            "result_set_size": 321122032,
                                                                                                            "children": [
                                                                                                                {
                                                                                                                    "operator_name": "HASH_JOIN",
                                                                                                                    "cpu_time": 1.1771370699999992,
                                                                                                                    "extra_info": {
                                                                                                                        "Join Type": "RIGHT",
                                                                                                                        "Conditions": "postid = id",
                                                                                                                        "Estimated Cardinality": "7241822"
                                                                                                                    },
                                                                                                                    "cumulative_cardinality": 13587911,
                                                                                                                    "operator_type": "HASH_JOIN",
                                                                                                                    "operator_cardinality": 4677925,
                                                                                                                    "cumulative_rows_scanned": 11091938,
                                                                                                                    "operator_rows_scanned": 0,
                                                                                                                    "operator_timing": 0.4805936120000002,
                                                                                                                    "result_set_size": 187117000,
                                                                                                                    "children": [
                                                                                                                        {
                                                                                                                            "operator_name": "READ_PARQUET ",
                                                                                                                            "cpu_time": 0.1945821369999993,
                                                                                                                            "extra_info": {
                                                                                                                                "Function": "READ_PARQUET",
                                                                                                                                "Projections": [
                                                                                                                                    "id",
                                                                                                                                    "postid"
                                                                                                                                ],
                                                                                                                                "Estimated Cardinality": "7241822"
                                                                                                                            },
                                                                                                                            "cumulative_cardinality": 7241822,
                                                                                                                            "operator_type": "TABLE_SCAN",
                                                                                                                            "operator_cardinality": 7241822,
                                                                                                                            "cumulative_rows_scanned": 7241822,
                                                                                                                            "operator_rows_scanned": 7241822,
                                                                                                                            "operator_timing": 0.1945821369999993,
                                                                                                                            "result_set_size": 57934576,
                                                                                                                            "children": []
                                                                                                                        },
                                                                                                                        {
                                                                                                                            "operator_name": "READ_PARQUET ",
                                                                                                                            "cpu_time": 0.5019613209999996,
                                                                                                                            "extra_info": {
                                                                                                                                "Function": "READ_PARQUET",
                                                                                                                                "Projections": [
                                                                                                                                    "id",
                                                                                                                                    "creationdate",
                                                                                                                                    "score",
                                                                                                                                    "viewcount",
                                                                                                                                    "title"
                                                                                                                                ],
                                                                                                                                "Filters": "posttypeid=1",
                                                                                                                                "Estimated Cardinality": "770023"
                                                                                                                            },
                                                                                                                            "cumulative_cardinality": 1668164,
                                                                                                                            "operator_type": "TABLE_SCAN",
                                                                                                                            "operator_cardinality": 1668164,
                                                                                                                            "cumulative_rows_scanned": 3850116,
                                                                                                                            "operator_rows_scanned": 3850116,
                                                                                                                            "operator_timing": 0.5019613209999996,
                                                                                                                            "result_set_size": 60053904,
                                                                                                                            "children": []
                                                                                                                        }
                                                                                                                    ]
                                                                                                                },
                                                                                                                {
                                                                                                                    "operator_name": "READ_PARQUET ",
                                                                                                                    "cpu_time": 0.12372549200000003,
                                                                                                                    "extra_info": {
                                                                                                                        "Function": "READ_PARQUET",
                                                                                                                        "Projections": [
                                                                                                                            "id",
                                                                                                                            "parentid"
                                                                                                                        ],
                                                                                                                        "Filters": "posttypeid=2",
                                                                                                                        "Estimated Cardinality": "770023"
                                                                                                                    },
                                                                                                                    "cumulative_cardinality": 2177293,
                                                                                                                    "operator_type": "TABLE_SCAN",
                                                                                                                    "operator_cardinality": 2177293,
                                                                                                                    "cumulative_rows_scanned": 3850116,
                                                                                                                    "operator_rows_scanned": 3850116,
                                                                                                                    "operator_timing": 0.12372549200000003,
                                                                                                                    "result_set_size": 17418344,
                                                                                                                    "children": []
                                                                                                                }
                                                                                                            ]
                                                                                                        },
                                                                                                        {
                                                                                                            "operator_name": "PROJECTION",
                                                                                                            "cpu_time": 0.13552036899999934,
                                                                                                            "extra_info": {
                                                                                                                "Projections": [
                                                                                                                    "#0",
                                                                                                                    "__internal_compress_integral_utinyint(#1, 1)"
                                                                                                                ],
                                                                                                                "Estimated Cardinality": "12744093"
                                                                                                            },
                                                                                                            "cumulative_cardinality": 25488186,
                                                                                                            "operator_type": "PROJECTION",
                                                                                                            "operator_cardinality": 12744093,
                                                                                                            "cumulative_rows_scanned": 12744093,
                                                                                                            "operator_rows_scanned": 0,
                                                                                                            "operator_timing": 0.003416695999999939,
                                                                                                            "result_set_size": 63720465,
                                                                                                            "children": [
                                                                                                                {
                                                                                                                    "operator_name": "READ_PARQUET ",
                                                                                                                    "cpu_time": 0.1321036729999994,
                                                                                                                    "extra_info": {
                                                                                                                        "Function": "READ_PARQUET",
                                                                                                                        "Projections": [
                                                                                                                            "postid",
                                                                                                                            "votetypeid"
                                                                                                                        ],
                                                                                                                        "Estimated Cardinality": "12744093"
                                                                                                                    },
                                                                                                                    "cumulative_cardinality": 12744093,
                                                                                                                    "operator_type": "TABLE_SCAN",
                                                                                                                    "operator_cardinality": 12744093,
                                                                                                                    "cumulative_rows_scanned": 12744093,
                                                                                                                    "operator_rows_scanned": 12744093,
                                                                                                                    "operator_timing": 0.1321036729999994,
                                                                                                                    "result_set_size": 76464558,
                                                                                                                    "children": []
                                                                                                                }
                                                                                                            ]
                                                                                                        }
                                                                                                    ]
                                                                                                }
                                                                                            ]
                                                                                        }
                                                                                    ]
                                                                                }
                                                                            ]
                                                                        }
                                                                    ]
                                                                }
                                                            ]
                                                        },
                                                        {
                                                            "operator_name": "HASH_JOIN",
                                                            "cpu_time": 29.788784597000284,
                                                            "extra_info": {
                                                                "Join Type": "INNER",
                                                                "Conditions": "UserId = id",
                                                                "Estimated Cardinality": "1260710"
                                                            },
                                                            "cumulative_cardinality": 1184169941,
                                                            "operator_type": "HASH_JOIN",
                                                            "operator_cardinality": 214435,
                                                            "cumulative_rows_scanned": 8693260,
                                                            "operator_rows_scanned": 0,
                                                            "operator_timing": 0.033281468999999994,
                                                            "result_set_size": 14581580,
                                                            "children": [
                                                                {
                                                                    "operator_name": "HASH_GROUP_BY",
                                                                    "cpu_time": 29.732942585000284,
                                                                    "extra_info": {
                                                                        "Groups": [
                                                                            "#0",
                                                                            "#1",
                                                                            "#2"
                                                                        ],
                                                                        "Aggregates": [
                                                                            "count(#3)",
                                                                            "sum(#4)",
                                                                            "sum(#5)"
                                                                        ],
                                                                        "Estimated Cardinality": "1260710"
                                                                    },
                                                                    "cumulative_cardinality": 1183741071,
                                                                    "operator_type": "HASH_GROUP_BY",
                                                                    "operator_cardinality": 1260710,
                                                                    "cumulative_rows_scanned": 7432550,
                                                                    "operator_rows_scanned": 0,
                                                                    "operator_timing": 18.847615497000117,
                                                                    "result_set_size": 80685440,
                                                                    "children": [
                                                                        {
                                                                            "operator_name": "PROJECTION",
                                                                            "cpu_time": 10.885327088000167,
                                                                            "extra_info": {
                                                                                "Projections": [
                                                                                    "id",
                                                                                    "displayname",
                                                                                    "reputation",
                                                                                    "id",
                                                                                    "viewcount",
                                                                                    "score"
                                                                                ],
                                                                                "Estimated Cardinality": "3850116"
                                                                            },
                                                                            "cumulative_cardinality": 1182480361,
                                                                            "operator_type": "PROJECTION",
                                                                            "operator_cardinality": 586089549,
                                                                            "cumulative_rows_scanned": 7432550,
                                                                            "operator_rows_scanned": 0,
                                                                            "operator_timing": 0.1081954719999976,
                                                                            "result_set_size": 21099223764,
                                                                            "children": [
                                                                                {
                                                                                    "operator_name": "HASH_JOIN",
                                                                                    "cpu_time": 10.777131616000169,
                                                                                    "extra_info": {
                                                                                        "Join Type": "RIGHT",
                                                                                        "Conditions": "owneruserid = id",
                                                                                        "Estimated Cardinality": "3850116"
                                                                                    },
                                                                                    "cumulative_cardinality": 596390812,
                                                                                    "operator_type": "HASH_JOIN",
                                                                                    "operator_cardinality": 586089549,
                                                                                    "cumulative_rows_scanned": 7432550,
                                                                                    "operator_rows_scanned": 0,
                                                                                    "operator_timing": 10.28296465800017,
                                                                                    "result_set_size": 21099223764,
                                                                                    "children": [
                                                                                        {
                                                                                            "operator_name": "READ_PARQUET ",
                                                                                            "cpu_time": 0.13020562100000013,
                                                                                            "extra_info": {
                                                                                                "Function": "READ_PARQUET",
                                                                                                "Projections": [
                                                                                                    "score",
                                                                                                    "viewcount",
                                                                                                    "owneruserid"
                                                                                                ],
                                                                                                "Estimated Cardinality": "3850116"
                                                                                            },
                                                                                            "cumulative_cardinality": 3685416,
                                                                                            "operator_type": "TABLE_SCAN",
                                                                                            "operator_cardinality": 3685416,
                                                                                            "cumulative_rows_scanned": 3850116,
                                                                                            "operator_rows_scanned": 3850116,
                                                                                            "operator_timing": 0.13020562100000013,
                                                                                            "result_set_size": 44224992,
                                                                                            "children": []
                                                                                        },
                                                                                        {
                                                                                            "operator_name": "HASH_JOIN",
                                                                                            "cpu_time": 0.36396133700000005,
                                                                                            "extra_info": {
                                                                                                "Join Type": "RIGHT",
                                                                                                "Conditions": "userid = id",
                                                                                                "Estimated Cardinality": "2321724"
                                                                                            },
                                                                                            "cumulative_cardinality": 6615847,
                                                                                            "operator_type": "HASH_JOIN",
                                                                                            "operator_cardinality": 3033413,
                                                                                            "cumulative_rows_scanned": 3582434,
                                                                                            "operator_rows_scanned": 0,
                                                                                            "operator_timing": 0.22759033699999998,
                                                                                            "result_set_size": 84935564,
                                                                                            "children": [
                                                                                                {
                                                                                                    "operator_name": "READ_PARQUET ",
                                                                                                    "cpu_time": 0.049697739000000046,
                                                                                                    "extra_info": {
                                                                                                        "Function": "READ_PARQUET",
                                                                                                        "Projections": [
                                                                                                            "id",
                                                                                                            "userid"
                                                                                                        ],
                                                                                                        "Estimated Cardinality": "2321724"
                                                                                                    },
                                                                                                    "cumulative_cardinality": 2321724,
                                                                                                    "operator_type": "TABLE_SCAN",
                                                                                                    "operator_cardinality": 2321724,
                                                                                                    "cumulative_rows_scanned": 2321724,
                                                                                                    "operator_rows_scanned": 2321724,
                                                                                                    "operator_timing": 0.049697739000000046,
                                                                                                    "result_set_size": 18573792,
                                                                                                    "children": []
                                                                                                },
                                                                                                {
                                                                                                    "operator_name": "READ_PARQUET ",
                                                                                                    "cpu_time": 0.086673261,
                                                                                                    "extra_info": {
                                                                                                        "Function": "READ_PARQUET",
                                                                                                        "Projections": [
                                                                                                            "id",
                                                                                                            "reputation",
                                                                                                            "displayname"
                                                                                                        ],
                                                                                                        "Estimated Cardinality": "1260710"
                                                                                                    },
                                                                                                    "cumulative_cardinality": 1260710,
                                                                                                    "operator_type": "TABLE_SCAN",
                                                                                                    "operator_cardinality": 1260710,
                                                                                                    "cumulative_rows_scanned": 1260710,
                                                                                                    "operator_rows_scanned": 1260710,
                                                                                                    "operator_timing": 0.086673261,
                                                                                                    "result_set_size": 30257040,
                                                                                                    "children": []
                                                                                                }
                                                                                            ]
                                                                                        }
                                                                                    ]
                                                                                }
                                                                            ]
                                                                        }
                                                                    ]
                                                                },
                                                                {
                                                                    "operator_name": "READ_PARQUET ",
                                                                    "cpu_time": 0.022560542999999995,
                                                                    "extra_info": {
                                                                        "Function": "READ_PARQUET",
                                                                        "Projections": [
                                                                            "id",
                                                                            "accountid"
                                                                        ],
                                                                        "Filters": "accountid>=1 AND accountid<=4978528",
                                                                        "Estimated Cardinality": "1260710"
                                                                    },
                                                                    "cumulative_cardinality": 214435,
                                                                    "operator_type": "TABLE_SCAN",
                                                                    "operator_cardinality": 214435,
                                                                    "cumulative_rows_scanned": 1260710,
                                                                    "operator_rows_scanned": 1260710,
                                                                    "operator_timing": 0.022560542999999995,
                                                                    "result_set_size": 1715480,
                                                                    "children": []
                                                                }
                                                            ]
                                                        }
                                                    ]
                                                }
                                            ]
                                        }
                                    ]
                                }
                            ]
                        }
                    ]
                }
            ]
        }
    ]
}