{
    "rows_returned": 1260710,
    "query_name": "WITH UserPostStats AS (\n    SELECT\n        U.Id AS UserId,\n        U.DisplayName,\n        COUNT(P.Id) AS TotalPosts,\n        COALESCE(AVG(P.Score), 0) AS AverageScore,\n        COALESCE(SUM(V.Id), 0) AS TotalVotes\n    FROM\n        Users U\n    LEFT JOIN\n        Posts P ON U.Id = P.OwnerUserId\n    LEFT JOIN\n        Votes V ON P.Id = V.PostId\n    GROUP BY\n        U.Id, U.DisplayName\n)\n\nSELECT\n    UserId,\n    DisplayName,\n    TotalPosts,\n    AverageScore,\n    TotalVotes\nFROM\n    UserPostStats\nORDER BY\n    TotalPosts DESC, AverageScore DESC;",
    "blocked_thread_time": 0.0,
    "cpu_time": 2.4764346959999926,
    "extra_info": {},
    "cumulative_cardinality": 65840814,
    "cumulative_rows_scanned": 17854919,
    "result_set_size": 65556920,
    "latency": 4.291986801,
    "children": [
        {
            "operator_name": "ORDER_BY",
            "cpu_time": 2.4764346959999926,
            "extra_info": {
                "Order By": [
                    "UserPostStats.TotalPosts DESC",
                    "UserPostStats.AverageScore DESC"
                ]
            },
            "cumulative_cardinality": 65840814,
            "operator_type": "ORDER_BY",
            "operator_cardinality": 1260710,
            "cumulative_rows_scanned": 17854919,
            "operator_rows_scanned": 0,
            "operator_timing": 0.06835715799999996,
            "result_set_size": 65556920,
            "children": [
                {
                    "operator_name": "PROJECTION",
                    "cpu_time": 2.4080775379999926,
                    "extra_info": {
                        "Projections": [
                            "UserId",
                            "displayname",
                            "TotalPosts",
                            "AverageScore",
                            "TotalVotes"
                        ],
                        "Estimated Cardinality": "1260710"
                    },
                    "cumulative_cardinality": 64580104,
                    "operator_type": "PROJECTION",
                    "operator_cardinality": 1260710,
                    "cumulative_rows_scanned": 17854919,
                    "operator_rows_scanned": 0,
                    "operator_timing": 0.015044936000000002,
                    "result_set_size": 65556920,
                    "children": [
                        {
                            "operator_name": "HASH_GROUP_BY",
                            "cpu_time": 2.393032601999993,
                            "extra_info": {
                                "Groups": [
                                    "#0",
                                    "#1"
                                ],
                                "Aggregates": [
                                    "count(#2)",
                                    "avg(#3)",
                                    "sum(#4)"
                                ],
                                "Estimated Cardinality": "1260710"
                            },
                            "cumulative_cardinality": 63319394,
                            "operator_type": "HASH_GROUP_BY",
                            "operator_cardinality": 1260710,
                            "cumulative_rows_scanned": 17854919,
                            "operator_rows_scanned": 0,
                            "operator_timing": 0.8353991960000002,
                            "result_set_size": 65556920,
                            "children": [
                                {
                                    "operator_name": "PROJECTION",
                                    "cpu_time": 1.5576334059999926,
                                    "extra_info": {
                                        "Projections": [
                                            "id",
                                            "displayname",
                                            "id",
                                            "score",
                                            "id"
                                        ],
                                        "Estimated Cardinality": "12744093"
                                    },
                                    "cumulative_cardinality": 62058684,
                                    "operator_type": "PROJECTION",
                                    "operator_cardinality": 11739825,
                                    "cumulative_rows_scanned": 17854919,
                                    "operator_rows_scanned": 0,
                                    "operator_timing": 0.0023025349999999923,
                                    "result_set_size": 375674400,
                                    "children": [
                                        {
                                            "operator_name": "PROJECTION",
                                            "cpu_time": 1.5553308709999927,
                                            "extra_info": {
                                                "Projections": [
                                                    "#0",
                                                    "#1",
                                                    "__internal_decompress_integral_integer(#2, -72)",
                                                    "#3",
                                                    "#4"
                                                ],
                                                "Estimated Cardinality": "12744093"
                                            },
                                            "cumulative_cardinality": 50318859,
                                            "operator_type": "PROJECTION",
                                            "operator_cardinality": 11739825,
                                            "cumulative_rows_scanned": 17854919,
                                            "operator_rows_scanned": 0,
                                            "operator_timing": 0.0062853899999998864,
                                            "result_set_size": 375674400,
                                            "children": [
                                                {
                                                    "operator_name": "HASH_JOIN",
                                                    "cpu_time": 1.5490454809999927,
                                                    "extra_info": {
                                                        "Join Type": "RIGHT",
                                                        "Conditions": "postid = id",
                                                        "Estimated Cardinality": "12744093"
                                                    },
                                                    "cumulative_cardinality": 38579034,
                                                    "operator_type": "HASH_JOIN",
                                                    "operator_cardinality": 11739825,
                                                    "cumulative_rows_scanned": 17854919,
                                                    "operator_rows_scanned": 0,
                                                    "operator_timing": 0.874458454999993,
                                                    "result_set_size": 352194750,
                                                    "children": [
                                                        {
                                                            "operator_name": "READ_PARQUET ",
                                                            "cpu_time": 0.21501448099999987,
                                                            "extra_info": {
                                                                "Function": "READ_PARQUET",
                                                                "Projections": [
                                                                    "id",
                                                                    "postid"
                                                                ],
                                                                "Estimated Cardinality": "12744093"
                                                            },
                                                            "cumulative_cardinality": 12744093,
                                                            "operator_type": "TABLE_SCAN",
                                                            "operator_cardinality": 12744093,
                                                            "cumulative_rows_scanned": 12744093,
                                                            "operator_rows_scanned": 12744093,
                                                            "operator_timing": 0.21501448099999987,
                                                            "result_set_size": 101952744,
                                                            "children": []
                                                        },
                                                        {
                                                            "operator_name": "PROJECTION",
                                                            "cpu_time": 0.45957254499999983,
                                                            "extra_info": {
                                                                "Projections": [
                                                                    "#0",
                                                                    "__internal_compress_integral_usmallint(#1, -72)",
                                                                    "#2",
                                                                    "#3"
                                                                ],
                                                                "Estimated Cardinality": "3850116"
                                                            },
                                                            "cumulative_cardinality": 14095116,
                                                            "operator_type": "PROJECTION",
                                                            "operator_cardinality": 4574495,
                                                            "cumulative_rows_scanned": 5110826,
                                                            "operator_rows_scanned": 0,
                                                            "operator_timing": 0.0024197080000000004,
                                                            "result_set_size": 118936870,
                                                            "children": [
                                                                {
                                                                    "operator_name": "HASH_JOIN",
                                                                    "cpu_time": 0.4571528369999998,
                                                                    "extra_info": {
                                                                        "Join Type": "RIGHT",
                                                                        "Conditions": "owneruserid = id",
                                                                        "Estimated Cardinality": "3850116"
                                                                    },
                                                                    "cumulative_cardinality": 9520621,
                                                                    "operator_type": "HASH_JOIN",
                                                                    "operator_cardinality": 4574495,
                                                                    "cumulative_rows_scanned": 5110826,
                                                                    "operator_rows_scanned": 0,
                                                                    "operator_timing": 0.263061092,
                                                                    "result_set_size": 128085860,
                                                                    "children": [
                                                                        {
                                                                            "operator_name": "READ_PARQUET ",
                                                                            "cpu_time": 0.11503635999999987,
                                                                            "extra_info": {
                                                                                "Function": "READ_PARQUET",
                                                                                "Projections": [
                                                                                    "id",
                                                                                    "score",
                                                                                    "owneruserid"
                                                                                ],
                                                                                "Estimated Cardinality": "3850116"
                                                                            },
                                                                            "cumulative_cardinality": 3685416,
                                                                            "operator_type": "TABLE_SCAN",
                                                                            "operator_cardinality": 3685416,
                                                                            "cumulative_rows_scanned": 3850116,
                                                                            "operator_rows_scanned": 3850116,
                                                                            "operator_timing": 0.11503635999999987,
                                                                            "result_set_size": 44224992,
                                                                            "children": []
                                                                        },
                                                                        {
                                                                            "operator_name": "READ_PARQUET ",
                                                                            "cpu_time": 0.07905538499999991,
                                                                            "extra_info": {
                                                                                "Function": "READ_PARQUET",
                                                                                "Projections": [
                                                                                    "id",
                                                                                    "displayname"
                                                                                ],
                                                                                "Estimated Cardinality": "1260710"
                                                                            },
                                                                            "cumulative_cardinality": 1260710,
                                                                            "operator_type": "TABLE_SCAN",
                                                                            "operator_cardinality": 1260710,
                                                                            "cumulative_rows_scanned": 1260710,
                                                                            "operator_rows_scanned": 1260710,
                                                                            "operator_timing": 0.07905538499999991,
                                                                            "result_set_size": 25214200,
                                                                            "children": []
                                                                        }
                                                                    ]
                                                                }
                                                            ]
                                                        }
                                                    ]
                                                }
                                            ]
                                        }
                                    ]
                                }
                            ]
                        }
                    ]
                }
            ]
        }
    ]
}