{
    "rows_returned": 10,
    "query_name": "\nWITH UserStats AS (\n    SELECT \n        U.Id AS UserId,\n        U.Reputation,\n        COUNT(DISTINCT P.Id) AS TotalPosts,\n        COUNT(DISTINCT C.Id) AS TotalComments,\n        SUM(CASE WHEN V.VoteTypeId = 2 THEN 1 ELSE 0 END) AS TotalUpVotes,\n        SUM(CASE WHEN V.VoteTypeId = 3 THEN 1 ELSE 0 END) AS TotalDownVotes\n    FROM \n        Users U\n    LEFT JOIN \n        Posts P ON U.Id = P.OwnerUserId\n    LEFT JOIN \n        Comments C ON P.Id = C.PostId\n    LEFT JOIN \n        Votes V ON P.Id = V.PostId AND V.UserId = U.Id\n    GROUP BY \n        U.Id, U.Reputation\n),\nPostStatistics AS (\n    SELECT \n        P.Id AS PostId,\n        P.OwnerUserId,\n        P.PostTypeId,\n        COUNT(DISTINCT C.Id) AS TotalComments,\n        SUM(CASE WHEN V.VoteTypeId = 2 THEN 1 ELSE 0 END) AS TotalUpVotes,\n        SUM(CASE WHEN V.VoteTypeId = 3 THEN 1 ELSE 0 END) AS TotalDownVotes,\n        AVG(P.Score) AS AvgScore,\n        COUNT(DISTINCT PH.Id) AS TotalHistoryChanges\n    FROM \n        Posts P\n    LEFT JOIN \n        Comments C ON P.Id = C.PostId\n    LEFT JOIN \n        Votes V ON P.Id = V.PostId\n    LEFT JOIN \n        PostHistory PH ON P.Id = PH.PostId\n    GROUP BY \n        P.Id, P.OwnerUserId, P.PostTypeId\n),\nTopUsers AS (\n    SELECT \n        UserId,\n        Reputation,\n        TotalPosts,\n        TotalComments,\n        TotalUpVotes,\n        TotalDownVotes,\n        RANK() OVER (ORDER BY Reputation DESC) AS ReputationRank\n    FROM \n        UserStats\n),\nTopPosts AS (\n    SELECT \n        PostId,\n        OwnerUserId,\n        PostTypeId,\n        TotalComments,\n        TotalUpVotes,\n        TotalDownVotes,\n        AvgScore,\n        TotalHistoryChanges,\n        RANK() OVER (ORDER BY AvgScore DESC) AS AvgScoreRank\n    FROM \n        PostStatistics\n)\n\nSELECT \n    U.UserId,\n    U.Reputation,\n    U.TotalPosts,\n    U.TotalComments,\n    U.TotalUpVotes,\n    U.TotalDownVotes,\n    P.PostId,\n    P.PostTypeId,\n    P.TotalComments AS PostComments,\n    P.TotalUpVotes AS PostUpVotes,\n    P.TotalDownVotes AS PostDownVotes,\n    P.AvgScore,\n    P.TotalHistoryChanges,\n    TU.ReputationRank,\n    TP.AvgScoreRank\nFROM \n    TopUsers U\nJOIN \n    TopPosts P ON U.UserId = P.OwnerUserId\nJOIN \n    (SELECT UserId, COUNT(*) AS ReputationRank FROM TopUsers GROUP BY UserId) TU ON U.UserId = TU.UserId\nJOIN \n    (SELECT PostId, COUNT(*) AS AvgScoreRank FROM TopPosts GROUP BY PostId) TP ON P.PostId = TP.PostId\nORDER BY \n    U.Reputation DESC, P.AvgScore DESC\nLIMIT 10;\n",
    "blocked_thread_time": 0.0,
    "cpu_time": 43.039403308999695,
    "extra_info": {},
    "cumulative_cardinality": 1540531785,
    "cumulative_rows_scanned": 121456032,
    "result_set_size": 1340,
    "latency": 53.248615273,
    "children": [
        {
            "operator_name": "STREAMING_LIMIT",
            "cpu_time": 43.039403308999695,
            "extra_info": {},
            "cumulative_cardinality": 1540531785,
            "operator_type": "STREAMING_LIMIT",
            "operator_cardinality": 10,
            "cumulative_rows_scanned": 121456032,
            "operator_rows_scanned": 0,
            "operator_timing": 0.000001865,
            "result_set_size": 1340,
            "children": [
                {
                    "operator_name": "PROJECTION",
                    "cpu_time": 43.039401443999694,
                    "extra_info": {
                        "Projections": [
                            "#0",
                            "#1",
                            "#2",
                            "#3",
                            "#4",
                            "#5",
                            "#6",
                            "__internal_decompress_integral_smallint(#7, 1)",
                            "#8",
                            "#9",
                            "#10",
                            "#11",
                            "#12",
                            "#13",
                            "#14"
                        ],
                        "Estimated Cardinality": "962529"
                    },
                    "cumulative_cardinality": 1540531775,
                    "operator_type": "PROJECTION",
                    "operator_cardinality": 4096,
                    "cumulative_rows_scanned": 121456032,
                    "operator_rows_scanned": 0,
                    "operator_timing": 0.000008006,
                    "result_set_size": 548864,
                    "children": [
                        {
                            "operator_name": "ORDER_BY",
                            "cpu_time": 43.03939343799969,
                            "extra_info": {
                                "Order By": [
                                    "U.Reputation DESC",
                                    "P.AvgScore DESC"
                                ]
                            },
                            "cumulative_cardinality": 1540527679,
                            "operator_type": "ORDER_BY",
                            "operator_cardinality": 4096,
                            "cumulative_rows_scanned": 121456032,
                            "operator_rows_scanned": 0,
                            "operator_timing": 0.26107778500000023,
                            "result_set_size": 544768,
                            "children": [
                                {
                                    "operator_name": "PROJECTION",
                                    "cpu_time": 42.778315652999694,
                                    "extra_info": {
                                        "Projections": [
                                            "#0",
                                            "#1",
                                            "#2",
                                            "#3",
                                            "#4",
                                            "#5",
                                            "#6",
                                            "__internal_compress_integral_utinyint(#7, 1)",
                                            "#8",
                                            "#9",
                                            "#10",
                                            "#11",
                                            "#12",
                                            "#13",
                                            "#14"
                                        ],
                                        "Estimated Cardinality": "962529"
                                    },
                                    "cumulative_cardinality": 1540523583,
                                    "operator_type": "PROJECTION",
                                    "operator_cardinality": 3685416,
                                    "cumulative_rows_scanned": 121456032,
                                    "operator_rows_scanned": 0,
                                    "operator_timing": 0.0046917780000000076,
                                    "result_set_size": 490160328,
                                    "children": [
                                        {
                                            "operator_name": "PROJECTION",
                                            "cpu_time": 42.77362387499969,
                                            "extra_info": {
                                                "Projections": [
                                                    "UserId",
                                                    "reputation",
                                                    "TotalPosts",
                                                    "TotalComments",
                                                    "TotalUpVotes",
                                                    "TotalDownVotes",
                                                    "PostId",
                                                    "posttypeid",
                                                    "PostComments",
                                                    "PostUpVotes",
                                                    "PostDownVotes",
                                                    "AvgScore",
                                                    "TotalHistoryChanges",
                                                    "ReputationRank",
                                                    "AvgScoreRank"
                                                ],
                                                "Estimated Cardinality": "962529"
                                            },
                                            "cumulative_cardinality": 1536838167,
                                            "operator_type": "PROJECTION",
                                            "operator_cardinality": 3685416,
                                            "cumulative_rows_scanned": 121456032,
                                            "operator_rows_scanned": 0,
                                            "operator_timing": 0.0015823930000000038,
                                            "result_set_size": 493845744,
                                            "children": [
                                                {
                                                    "operator_name": "HASH_JOIN",
                                                    "cpu_time": 42.77204148199969,
                                                    "extra_info": {
                                                        "Join Type": "INNER",
                                                        "Conditions": "owneruserid = UserId",
                                                        "Estimated Cardinality": "962529"
                                                    },
                                                    "cumulative_cardinality": 1533152751,
                                                    "operator_type": "HASH_JOIN",
                                                    "operator_cardinality": 3685416,
                                                    "cumulative_rows_scanned": 121456032,
                                                    "operator_rows_scanned": 0,
                                                    "operator_timing": 0.3412667440000008,
                                                    "result_set_size": 493845744,
                                                    "children": [
                                                        {
                                                            "operator_name": "HASH_JOIN",
                                                            "cpu_time": 35.34023415699969,
                                                            "extra_info": {
                                                                "Join Type": "INNER",
                                                                "Conditions": "PostId = PostId",
                                                                "Estimated Cardinality": "1925058"
                                                            },
                                                            "cumulative_cardinality": 1422895610,
                                                            "operator_type": "HASH_JOIN",
                                                            "operator_cardinality": 3850116,
                                                            "cumulative_rows_scanned": 71262550,
                                                            "operator_rows_scanned": 0,
                                                            "operator_timing": 0.3613957430000003,
                                                            "result_set_size": 284908584,
                                                            "children": [
                                                                {
                                                                    "operator_name": "PROJECTION",
                                                                    "cpu_time": 24.75591264899973,
                                                                    "extra_info": {
                                                                        "Projections": [
                                                                            "PostId",
                                                                            "owneruserid",
                                                                            "posttypeid",
                                                                            "TotalComments",
                                                                            "TotalUpVotes",
                                                                            "TotalDownVotes",
                                                                            "AvgScore",
                                                                            "TotalHistoryChanges"
                                                                        ],
                                                                        "Estimated Cardinality": "3850116"
                                                                    },
                                                                    "cumulative_cardinality": 703747573,
                                                                    "operator_type": "PROJECTION",
                                                                    "operator_cardinality": 3850116,
                                                                    "cumulative_rows_scanned": 35631275,
                                                                    "operator_rows_scanned": 0,
                                                                    "operator_timing": 0.0008699530000000054,
                                                                    "result_set_size": 254107656,
                                                                    "children": [
                                                                        {
                                                                            "operator_name": "PROJECTION",
                                                                            "cpu_time": 24.75504269599973,
                                                                            "extra_info": {
                                                                                "Projections": [
                                                                                    "#0",
                                                                                    "#1",
                                                                                    "#2",
                                                                                    "#3",
                                                                                    "#4",
                                                                                    "#5",
                                                                                    "#6",
                                                                                    "#7",
                                                                                    "#8"
                                                                                ],
                                                                                "Estimated Cardinality": "3850116"
                                                                            },
                                                                            "cumulative_cardinality": 699897457,
                                                                            "operator_type": "PROJECTION",
                                                                            "operator_cardinality": 3850116,
                                                                            "cumulative_rows_scanned": 35631275,
                                                                            "operator_rows_scanned": 0,
                                                                            "operator_timing": 0.0010226629999999979,
                                                                            "result_set_size": 284908584,
                                                                            "children": [
                                                                                {
                                                                                    "operator_name": "WINDOW",
                                                                                    "cpu_time": 24.75402003299973,
                                                                                    "extra_info": {
                                                                                        "Projections": "RANK() OVER (ORDER BY AvgScore DESC NULLS LAST)"
                                                                                    },
                                                                                    "cumulative_cardinality": 696047341,
                                                                                    "operator_type": "WINDOW",
                                                                                    "operator_cardinality": 3850116,
                                                                                    "cumulative_rows_scanned": 35631275,
                                                                                    "operator_rows_scanned": 0,
                                                                                    "operator_timing": 0.3639753260000004,
                                                                                    "result_set_size": 284908584,
                                                                                    "children": [
                                                                                        {
                                                                                            "operator_name": "PROJECTION",
                                                                                            "cpu_time": 24.390044706999728,
                                                                                            "extra_info": {
                                                                                                "Projections": [
                                                                                                    "#0",
                                                                                                    "#1",
                                                                                                    "__internal_decompress_integral_smallint(#2, 1)",
                                                                                                    "#3",
                                                                                                    "#4",
                                                                                                    "#5",
                                                                                                    "#6",
                                                                                                    "#7"
                                                                                                ],
                                                                                                "Estimated Cardinality": "3850116"
                                                                                            },
                                                                                            "cumulative_cardinality": 692197225,
                                                                                            "operator_type": "PROJECTION",
                                                                                            "operator_cardinality": 3850116,
                                                                                            "cumulative_rows_scanned": 35631275,
                                                                                            "operator_rows_scanned": 0,
                                                                                            "operator_timing": 0.0015636730000000018,
                                                                                            "result_set_size": 254107656,
                                                                                            "children": [
                                                                                                {
                                                                                                    "operator_name": "HASH_GROUP_BY",
                                                                                                    "cpu_time": 24.388481033999728,
                                                                                                    "extra_info": {
                                                                                                        "Groups": [
                                                                                                            "#0",
                                                                                                            "#1",
                                                                                                            "#2"
                                                                                                        ],
                                                                                                        "Aggregates": [
                                                                                                            "count(DISTINCT #3)",
                                                                                                            "sum(#4)",
                                                                                                            "sum(#5)",
                                                                                                            "avg(#6)",
                                                                                                            "count(DISTINCT #7)"
                                                                                                        ],
                                                                                                        "Estimated Cardinality": "3850116"
                                                                                                    },
                                                                                                    "cumulative_cardinality": 688347109,
                                                                                                    "operator_type": "HASH_GROUP_BY",
                                                                                                    "operator_cardinality": 3850116,
                                                                                                    "cumulative_rows_scanned": 35631275,
                                                                                                    "operator_rows_scanned": 0,
                                                                                                    "operator_timing": 16.771759090999726,
                                                                                                    "result_set_size": 250257540,
                                                                                                    "children": [
                                                                                                        {
                                                                                                            "operator_name": "PROJECTION",
                                                                                                            "cpu_time": 7.616721943000002,
                                                                                                            "extra_info": {
                                                                                                                "Projections": [
                                                                                                                    "id",
                                                                                                                    "owneruserid",
                                                                                                                    "posttypeid",
                                                                                                                    "id",
                                                                                                                    "CASE  WHEN ((votetypeid = 2)) THEN (1) ELSE 0 END",
                                                                                                                    "CASE  WHEN ((votetypeid = 3)) THEN (1) ELSE 0 END",
                                                                                                                    "score",
                                                                                                                    "id"
                                                                                                                ],
                                                                                                                "Estimated Cardinality": "12744093"
                                                                                                            },
                                                                                                            "cumulative_cardinality": 684496993,
                                                                                                            "operator_type": "PROJECTION",
                                                                                                            "operator_cardinality": 182657208,
                                                                                                            "cumulative_rows_scanned": 35631275,
                                                                                                            "operator_rows_scanned": 0,
                                                                                                            "operator_timing": 1.173569121999995,
                                                                                                            "result_set_size": 5297059032,
                                                                                                            "children": [
                                                                                                                {
                                                                                                                    "operator_name": "PROJECTION",
                                                                                                                    "cpu_time": 6.443152821000007,
                                                                                                                    "extra_info": {
                                                                                                                        "Projections": [
                                                                                                                            "#0",
                                                                                                                            "#1",
                                                                                                                            "#2",
                                                                                                                            "__internal_compress_integral_utinyint(#3, 1)",
                                                                                                                            "#4",
                                                                                                                            "#5",
                                                                                                                            "#6"
                                                                                                                        ],
                                                                                                                        "Estimated Cardinality": "12744093"
                                                                                                                    },
                                                                                                                    "cumulative_cardinality": 501839785,
                                                                                                                    "operator_type": "PROJECTION",
                                                                                                                    "operator_cardinality": 182657208,
                                                                                                                    "cumulative_rows_scanned": 35631275,
                                                                                                                    "operator_rows_scanned": 0,
                                                                                                                    "operator_timing": 0.19861078799999504,
                                                                                                                    "result_set_size": 4201115784,
                                                                                                                    "children": [
                                                                                                                        {
                                                                                                                            "operator_name": "HASH_JOIN",
                                                                                                                            "cpu_time": 6.244542033000012,
                                                                                                                            "extra_info": {
                                                                                                                                "Join Type": "LEFT",
                                                                                                                                "Conditions": "id = postid",
                                                                                                                                "Estimated Cardinality": "12744093"
                                                                                                                            },
                                                                                                                            "cumulative_cardinality": 319182577,
                                                                                                                            "operator_type": "HASH_JOIN",
                                                                                                                            "operator_cardinality": 182657208,
                                                                                                                            "cumulative_rows_scanned": 35631275,
                                                                                                                            "operator_rows_scanned": 0,
                                                                                                                            "operator_timing": 3.374192397000011,
                                                                                                                            "result_set_size": 4383772992,
                                                                                                                            "children": [
                                                                                                                                {
                                                                                                                                    "operator_name": "PROJECTION",
                                                                                                                                    "cpu_time": 2.732736985000001,
                                                                                                                                    "extra_info": {
                                                                                                                                        "Projections": [
                                                                                                                                            "#0",
                                                                                                                                            "#1",
                                                                                                                                            "#2",
                                                                                                                                            "__internal_decompress_integral_smallint(#3, 1)",
                                                                                                                                            "__internal_decompress_integral_integer(#4, -72)",
                                                                                                                                            "#5"
                                                                                                                                        ],
                                                                                                                                        "Estimated Cardinality": "12744093"
                                                                                                                                    },
                                                                                                                                    "cumulative_cardinality": 124730125,
                                                                                                                                    "operator_type": "PROJECTION",
                                                                                                                                    "operator_cardinality": 35129590,
                                                                                                                                    "cumulative_rows_scanned": 23836031,
                                                                                                                                    "operator_rows_scanned": 0,
                                                                                                                                    "operator_timing": 0.026755800999999954,
                                                                                                                                    "result_set_size": 702591800,
                                                                                                                                    "children": [
                                                                                                                                        {
                                                                                                                                            "operator_name": "HASH_JOIN",
                                                                                                                                            "cpu_time": 2.7059811840000014,
                                                                                                                                            "extra_info": {
                                                                                                                                                "Join Type": "RIGHT",
                                                                                                                                                "Conditions": "postid = id",
                                                                                                                                                "Estimated Cardinality": "12744093"
                                                                                                                                            },
                                                                                                                                            "cumulative_cardinality": 89600535,
                                                                                                                                            "operator_type": "HASH_JOIN",
                                                                                                                                            "operator_cardinality": 35129590,
                                                                                                                                            "cumulative_rows_scanned": 23836031,
                                                                                                                                            "operator_rows_scanned": 0,
                                                                                                                                            "operator_timing": 1.6251619160000028,
                                                                                                                                            "result_set_size": 597203030,
                                                                                                                                            "children": [
                                                                                                                                                {
                                                                                                                                                    "operator_name": "READ_PARQUET ",
                                                                                                                                                    "cpu_time": 0.22367748699999965,
                                                                                                                                                    "extra_info": {
                                                                                                                                                        "Function": "READ_PARQUET",
                                                                                                                                                        "Projections": [
                                                                                                                                                            "postid",
                                                                                                                                                            "votetypeid"
                                                                                                                                                        ],
                                                                                                                                                        "Estimated Cardinality": "12744093"
                                                                                                                                                    },
                                                                                                                                                    "cumulative_cardinality": 12744093,
                                                                                                                                                    "operator_type": "TABLE_SCAN",
                                                                                                                                                    "operator_cardinality": 12744093,
                                                                                                                                                    "cumulative_rows_scanned": 12744093,
                                                                                                                                                    "operator_rows_scanned": 12744093,
                                                                                                                                                    "operator_timing": 0.22367748699999965,
                                                                                                                                                    "result_set_size": 76464558,
                                                                                                                                                    "children": []
                                                                                                                                                },
                                                                                                                                                {
                                                                                                                                                    "operator_name": "PROJECTION",
                                                                                                                                                    "cpu_time": 0.8571417809999989,
                                                                                                                                                    "extra_info": {
                                                                                                                                                        "Projections": [
                                                                                                                                                            "#0",
                                                                                                                                                            "#1",
                                                                                                                                                            "__internal_compress_integral_utinyint(#2, 1)",
                                                                                                                                                            "__internal_compress_integral_usmallint(#3, -72)",
                                                                                                                                                            "#4"
                                                                                                                                                        ],
                                                                                                                                                        "Estimated Cardinality": "7241822"
                                                                                                                                                    },
                                                                                                                                                    "cumulative_cardinality": 41726852,
                                                                                                                                                    "operator_type": "PROJECTION",
                                                                                                                                                    "operator_cardinality": 8928266,
                                                                                                                                                    "cumulative_rows_scanned": 11091938,
                                                                                                                                                    "operator_rows_scanned": 0,
                                                                                                                                                    "operator_timing": 0.004930965999999986,
                                                                                                                                                    "result_set_size": 133923990,
                                                                                                                                                    "children": [
                                                                                                                                                        {
                                                                                                                                                            "operator_name": "PROJECTION",
                                                                                                                                                            "cpu_time": 0.852210814999999,
                                                                                                                                                            "extra_info": {
                                                                                                                                                                "Projections": [
                                                                                                                                                                    "#0",
                                                                                                                                                                    "#1",
                                                                                                                                                                    "__internal_decompress_integral_smallint(#2, 1)",
                                                                                                                                                                    "__internal_decompress_integral_integer(#3, -72)",
                                                                                                                                                                    "#4"
                                                                                                                                                                ],
                                                                                                                                                                "Estimated Cardinality": "7241822"
                                                                                                                                                            },
                                                                                                                                                            "cumulative_cardinality": 32798586,
                                                                                                                                                            "operator_type": "PROJECTION",
                                                                                                                                                            "operator_cardinality": 8928266,
                                                                                                                                                            "cumulative_rows_scanned": 11091938,
                                                                                                                                                            "operator_rows_scanned": 0,
                                                                                                                                                            "operator_timing": 0.005176910999999971,
                                                                                                                                                            "result_set_size": 160708788,
                                                                                                                                                            "children": [
                                                                                                                                                                {
                                                                                                                                                                    "operator_name": "HASH_JOIN",
                                                                                                                                                                    "cpu_time": 0.847033903999999,
                                                                                                                                                                    "extra_info": {
                                                                                                                                                                        "Join Type": "RIGHT",
                                                                                                                                                                        "Conditions": "postid = id",
                                                                                                                                                                        "Estimated Cardinality": "7241822"
                                                                                                                                                                    },
                                                                                                                                                                    "cumulative_cardinality": 23870320,
                                                                                                                                                                    "operator_type": "HASH_JOIN",
                                                                                                                                                                    "operator_cardinality": 8928266,
                                                                                                                                                                    "cumulative_rows_scanned": 11091938,
                                                                                                                                                                    "operator_rows_scanned": 0,
                                                                                                                                                                    "operator_timing": 0.6281140109999993,
                                                                                                                                                                    "result_set_size": 133923990,
                                                                                                                                                                    "children": [
                                                                                                                                                                        {
                                                                                                                                                                            "operator_name": "READ_PARQUET ",
                                                                                                                                                                            "cpu_time": 0.11747433699999973,
                                                                                                                                                                            "extra_info": {
                                                                                                                                                                                "Function": "READ_PARQUET",
                                                                                                                                                                                "Projections": [
                                                                                                                                                                                    "id",
                                                                                                                                                                                    "postid"
                                                                                                                                                                                ],
                                                                                                                                                                                "Estimated Cardinality": "7241822"
                                                                                                                                                                            },
                                                                                                                                                                            "cumulative_cardinality": 7241822,
                                                                                                                                                                            "operator_type": "TABLE_SCAN",
                                                                                                                                                                            "operator_cardinality": 7241822,
                                                                                                                                                                            "cumulative_rows_scanned": 7241822,
                                                                                                                                                                            "operator_rows_scanned": 7241822,
                                                                                                                                                                            "operator_timing": 0.11747433699999973,
                                                                                                                                                                            "result_set_size": 57934576,
                                                                                                                                                                            "children": []
                                                                                                                                                                        },
                                                                                                                                                                        {
                                                                                                                                                                            "operator_name": "PROJECTION",
                                                                                                                                                                            "cpu_time": 0.10144555599999995,
                                                                                                                                                                            "extra_info": {
                                                                                                                                                                                "Projections": [
                                                                                                                                                                                    "#0",
                                                                                                                                                                                    "__internal_compress_integral_utinyint(#1, 1)",
                                                                                                                                                                                    "__internal_compress_integral_usmallint(#2, -72)",
                                                                                                                                                                                    "#3"
                                                                                                                                                                                ],
                                                                                                                                                                                "Estimated Cardinality": "3850116"
                                                                                                                                                                            },
                                                                                                                                                                            "cumulative_cardinality": 7700232,
                                                                                                                                                                            "operator_type": "PROJECTION",
                                                                                                                                                                            "operator_cardinality": 3850116,
                                                                                                                                                                            "cumulative_rows_scanned": 3850116,
                                                                                                                                                                            "operator_rows_scanned": 0,
                                                                                                                                                                            "operator_timing": 0.002272779000000002,
                                                                                                                                                                            "result_set_size": 42351276,
                                                                                                                                                                            "children": [
                                                                                                                                                                                {
                                                                                                                                                                                    "operator_name": "READ_PARQUET ",
                                                                                                                                                                                    "cpu_time": 0.09917277699999995,
                                                                                                                                                                                    "extra_info": {
                                                                                                                                                                                        "Function": "READ_PARQUET",
                                                                                                                                                                                        "Projections": [
                                                                                                                                                                                            "id",
                                                                                                                                                                                            "posttypeid",
                                                                                                                                                                                            "score",
                                                                                                                                                                                            "owneruserid"
                                                                                                                                                                                        ],
                                                                                                                                                                                        "Estimated Cardinality": "3850116"
                                                                                                                                                                                    },
                                                                                                                                                                                    "cumulative_cardinality": 3850116,
                                                                                                                                                                                    "operator_type": "TABLE_SCAN",
                                                                                                                                                                                    "operator_cardinality": 3850116,
                                                                                                                                                                                    "cumulative_rows_scanned": 3850116,
                                                                                                                                                                                    "operator_rows_scanned": 3850116,
                                                                                                                                                                                    "operator_timing": 0.09917277699999995,
                                                                                                                                                                                    "result_set_size": 53901624,
                                                                                                                                                                                    "children": []
                                                                                                                                                                                }
                                                                                                                                                                            ]
                                                                                                                                                                        }
                                                                                                                                                                    ]
                                                                                                                                                                }
                                                                                                                                                            ]
                                                                                                                                                        }
                                                                                                                                                    ]
                                                                                                                                                }
                                                                                                                                            ]
                                                                                                                                        }
                                                                                                                                    ]
                                                                                                                                },
                                                                                                                                {
                                                                                                                                    "operator_name": "READ_PARQUET ",
                                                                                                                                    "cpu_time": 0.13761265099999975,
                                                                                                                                    "extra_info": {
                                                                                                                                        "Function": "READ_PARQUET",
                                                                                                                                        "Projections": [
                                                                                                                                            "id",
                                                                                                                                            "postid"
                                                                                                                                        ],
                                                                                                                                        "Estimated Cardinality": "11795244"
                                                                                                                                    },
                                                                                                                                    "cumulative_cardinality": 11795244,
                                                                                                                                    "operator_type": "TABLE_SCAN",
                                                                                                                                    "operator_cardinality": 11795244,
                                                                                                                                    "cumulative_rows_scanned": 11795244,
                                                                                                                                    "operator_rows_scanned": 11795244,
                                                                                                                                    "operator_timing": 0.13761265099999975,
                                                                                                                                    "result_set_size": 94361952,
                                                                                                                                    "children": []
                                                                                                                                }
                                                                                                                            ]
                                                                                                                        }
                                                                                                                    ]
                                                                                                                }
                                                                                                            ]
                                                                                                        }
                                                                                                    ]
                                                                                                }
                                                                                            ]
                                                                                        }
                                                                                    ]
                                                                                }
                                                                            ]
                                                                        }
                                                                    ]
                                                                },
                                                                {
                                                                    "operator_name": "HASH_GROUP_BY",
                                                                    "cpu_time": 10.222925764999964,
                                                                    "extra_info": {
                                                                        "Groups": "#0",
                                                                        "Aggregates": "count_star()",
                                                                        "Estimated Cardinality": "1925058"
                                                                    },
                                                                    "cumulative_cardinality": 715297921,
                                                                    "operator_type": "HASH_GROUP_BY",
                                                                    "operator_cardinality": 3850116,
                                                                    "cumulative_rows_scanned": 35631275,
                                                                    "operator_rows_scanned": 0,
                                                                    "operator_timing": 0.4136636249999995,
                                                                    "result_set_size": 46201392,
                                                                    "children": [
                                                                        {
                                                                            "operator_name": "PROJECTION",
                                                                            "cpu_time": 9.809262139999964,
                                                                            "extra_info": {
                                                                                "Projections": "PostId",
                                                                                "Estimated Cardinality": "3850116"
                                                                            },
                                                                            "cumulative_cardinality": 711447805,
                                                                            "operator_type": "PROJECTION",
                                                                            "operator_cardinality": 3850116,
                                                                            "cumulative_rows_scanned": 35631275,
                                                                            "operator_rows_scanned": 0,
                                                                            "operator_timing": 0.000287963999999999,
                                                                            "result_set_size": 15400464,
                                                                            "children": [
                                                                                {
                                                                                    "operator_name": "PROJECTION",
                                                                                    "cpu_time": 9.808974175999964,
                                                                                    "extra_info": {
                                                                                        "Projections": "PostId",
                                                                                        "Estimated Cardinality": "3850116"
                                                                                    },
                                                                                    "cumulative_cardinality": 707597689,
                                                                                    "operator_type": "PROJECTION",
                                                                                    "operator_cardinality": 3850116,
                                                                                    "cumulative_rows_scanned": 35631275,
                                                                                    "operator_rows_scanned": 0,
                                                                                    "operator_timing": 0.00026089699999999854,
                                                                                    "result_set_size": 15400464,
                                                                                    "children": [
                                                                                        {
                                                                                            "operator_name": "PROJECTION",
                                                                                            "cpu_time": 9.808713278999964,
                                                                                            "extra_info": {
                                                                                                "Projections": [
                                                                                                    "#0",
                                                                                                    "#1",
                                                                                                    "#2"
                                                                                                ],
                                                                                                "Estimated Cardinality": "3850116"
                                                                                            },
                                                                                            "cumulative_cardinality": 703747573,
                                                                                            "operator_type": "PROJECTION",
                                                                                            "operator_cardinality": 3850116,
                                                                                            "cumulative_rows_scanned": 35631275,
                                                                                            "operator_rows_scanned": 0,
                                                                                            "operator_timing": 0.0004635579999999937,
                                                                                            "result_set_size": 77002320,
                                                                                            "children": [
                                                                                                {
                                                                                                    "operator_name": "WINDOW",
                                                                                                    "cpu_time": 9.808249720999964,
                                                                                                    "extra_info": {
                                                                                                        "Projections": "RANK() OVER (ORDER BY AvgScore DESC NULLS LAST)"
                                                                                                    },
                                                                                                    "cumulative_cardinality": 699897457,
                                                                                                    "operator_type": "WINDOW",
                                                                                                    "operator_cardinality": 3850116,
                                                                                                    "cumulative_rows_scanned": 35631275,
                                                                                                    "operator_rows_scanned": 0,
                                                                                                    "operator_timing": 0.142948754,
                                                                                                    "result_set_size": 77002320,
                                                                                                    "children": [
                                                                                                        {
                                                                                                            "operator_name": "PROJECTION",
                                                                                                            "cpu_time": 9.665300966999963,
                                                                                                            "extra_info": {
                                                                                                                "Projections": [
                                                                                                                    "PostId",
                                                                                                                    "AvgScore"
                                                                                                                ],
                                                                                                                "Estimated Cardinality": "3850116"
                                                                                                            },
                                                                                                            "cumulative_cardinality": 696047341,
                                                                                                            "operator_type": "PROJECTION",
                                                                                                            "operator_cardinality": 3850116,
                                                                                                            "cumulative_rows_scanned": 35631275,
                                                                                                            "operator_rows_scanned": 0,
                                                                                                            "operator_timing": 0.00025256499999999795,
                                                                                                            "result_set_size": 46201392,
                                                                                                            "children": [
                                                                                                                {
                                                                                                                    "operator_name": "PROJECTION",
                                                                                                                    "cpu_time": 9.665048401999963,
                                                                                                                    "extra_info": {
                                                                                                                        "Projections": [
                                                                                                                            "#0",
                                                                                                                            "#1",
                                                                                                                            "__internal_decompress_integral_smallint(#2, 1)",
                                                                                                                            "#3"
                                                                                                                        ],
                                                                                                                        "Estimated Cardinality": "3850116"
                                                                                                                    },
                                                                                                                    "cumulative_cardinality": 692197225,
                                                                                                                    "operator_type": "PROJECTION",
                                                                                                                    "operator_cardinality": 3850116,
                                                                                                                    "cumulative_rows_scanned": 35631275,
                                                                                                                    "operator_rows_scanned": 0,
                                                                                                                    "operator_timing": 0.000892835000000008,
                                                                                                                    "result_set_size": 69302088,
                                                                                                                    "children": [
                                                                                                                        {
                                                                                                                            "operator_name": "HASH_GROUP_BY",
                                                                                                                            "cpu_time": 9.664155566999963,
                                                                                                                            "extra_info": {
                                                                                                                                "Groups": [
                                                                                                                                    "#0",
                                                                                                                                    "#1",
                                                                                                                                    "#2"
                                                                                                                                ],
                                                                                                                                "Aggregates": "avg(#3)",
                                                                                                                                "Estimated Cardinality": "3850116"
                                                                                                                            },
                                                                                                                            "cumulative_cardinality": 688347109,
                                                                                                                            "operator_type": "HASH_GROUP_BY",
                                                                                                                            "operator_cardinality": 3850116,
                                                                                                                            "cumulative_rows_scanned": 35631275,
                                                                                                                            "operator_rows_scanned": 0,
                                                                                                                            "operator_timing": 4.608821985999983,
                                                                                                                            "result_set_size": 65451972,
                                                                                                                            "children": [
                                                                                                                                {
                                                                                                                                    "operator_name": "PROJECTION",
                                                                                                                                    "cpu_time": 5.055333580999979,
                                                                                                                                    "extra_info": {
                                                                                                                                        "Projections": [
                                                                                                                                            "id",
                                                                                                                                            "owneruserid",
                                                                                                                                            "posttypeid",
                                                                                                                                            "score"
                                                                                                                                        ],
                                                                                                                                        "Estimated Cardinality": "12744093"
                                                                                                                                    },
                                                                                                                                    "cumulative_cardinality": 684496993,
                                                                                                                                    "operator_type": "PROJECTION",
                                                                                                                                    "operator_cardinality": 182657208,
                                                                                                                                    "cumulative_rows_scanned": 35631275,
                                                                                                                                    "operator_rows_scanned": 0,
                                                                                                                                    "operator_timing": 0.021537551000010785,
                                                                                                                                    "result_set_size": 2374543704,
                                                                                                                                    "children": [
                                                                                                                                        {
                                                                                                                                            "operator_name": "PROJECTION",
                                                                                                                                            "cpu_time": 5.0337960299999684,
                                                                                                                                            "extra_info": {
                                                                                                                                                "Projections": [
                                                                                                                                                    "#0",
                                                                                                                                                    "__internal_compress_integral_utinyint(#1, 1)",
                                                                                                                                                    "#2",
                                                                                                                                                    "#3",
                                                                                                                                                    "#4"
                                                                                                                                                ],
                                                                                                                                                "Estimated Cardinality": "12744093"
                                                                                                                                            },
                                                                                                                                            "cumulative_cardinality": 501839785,
                                                                                                                                            "operator_type": "PROJECTION",
                                                                                                                                            "operator_cardinality": 182657208,
                                                                                                                                            "cumulative_rows_scanned": 35631275,
                                                                                                                                            "operator_rows_scanned": 0,
                                                                                                                                            "operator_timing": 0.1704174999999987,
                                                                                                                                            "result_set_size": 3105172536,
                                                                                                                                            "children": [
                                                                                                                                                {
                                                                                                                                                    "operator_name": "HASH_JOIN",
                                                                                                                                                    "cpu_time": 4.86337852999997,
                                                                                                                                                    "extra_info": {
                                                                                                                                                        "Join Type": "LEFT",
                                                                                                                                                        "Conditions": "id = postid",
                                                                                                                                                        "Estimated Cardinality": "12744093"
                                                                                                                                                    },
                                                                                                                                                    "cumulative_cardinality": 319182577,
                                                                                                                                                    "operator_type": "HASH_JOIN",
                                                                                                                                                    "operator_cardinality": 182657208,
                                                                                                                                                    "cumulative_rows_scanned": 35631275,
                                                                                                                                                    "operator_rows_scanned": 0,
                                                                                                                                                    "operator_timing": 2.313299716999978,
                                                                                                                                                    "result_set_size": 3287829744,
                                                                                                                                                    "children": [
                                                                                                                                                        {
                                                                                                                                                            "operator_name": "PROJECTION",
                                                                                                                                                            "cpu_time": 2.4762749749999915,
                                                                                                                                                            "extra_info": {
                                                                                                                                                                "Projections": [
                                                                                                                                                                    "#0",
                                                                                                                                                                    "#1",
                                                                                                                                                                    "__internal_decompress_integral_smallint(#2, 1)",
                                                                                                                                                                    "__internal_decompress_integral_integer(#3, -72)",
                                                                                                                                                                    "#4"
                                                                                                                                                                ],
                                                                                                                                                                "Estimated Cardinality": "12744093"
                                                                                                                                                            },
                                                                                                                                                            "cumulative_cardinality": 124730125,
                                                                                                                                                            "operator_type": "PROJECTION",
                                                                                                                                                            "operator_cardinality": 35129590,
                                                                                                                                                            "cumulative_rows_scanned": 23836031,
                                                                                                                                                            "operator_rows_scanned": 0,
                                                                                                                                                            "operator_timing": 0.02309159799999947,
                                                                                                                                                            "result_set_size": 632332620,
                                                                                                                                                            "children": [
                                                                                                                                                                {
                                                                                                                                                                    "operator_name": "HASH_JOIN",
                                                                                                                                                                    "cpu_time": 2.4531833769999922,
                                                                                                                                                                    "extra_info": {
                                                                                                                                                                        "Join Type": "RIGHT",
                                                                                                                                                                        "Conditions": "postid = id",
                                                                                                                                                                        "Estimated Cardinality": "12744093"
                                                                                                                                                                    },
                                                                                                                                                                    "cumulative_cardinality": 89600535,
                                                                                                                                                                    "operator_type": "HASH_JOIN",
                                                                                                                                                                    "operator_cardinality": 35129590,
                                                                                                                                                                    "cumulative_rows_scanned": 23836031,
                                                                                                                                                                    "operator_rows_scanned": 0,
                                                                                                                                                                    "operator_timing": 1.4891498529999931,
                                                                                                                                                                    "result_set_size": 526943850,
                                                                                                                                                                    "children": [
                                                                                                                                                                        {
                                                                                                                                                                            "operator_name": "READ_PARQUET ",
                                                                                                                                                                            "cpu_time": 0.1731665199999999,
                                                                                                                                                                            "extra_info": {
                                                                                                                                                                                "Function": "READ_PARQUET",
                                                                                                                                                                                "Projections": "postid",
                                                                                                                                                                                "Estimated Cardinality": "12744093"
                                                                                                                                                                            },
                                                                                                                                                                            "cumulative_cardinality": 12744093,
                                                                                                                                                                            "operator_type": "TABLE_SCAN",
                                                                                                                                                                            "operator_cardinality": 12744093,
                                                                                                                                                                            "cumulative_rows_scanned": 12744093,
                                                                                                                                                                            "operator_rows_scanned": 12744093,
                                                                                                                                                                            "operator_timing": 0.1731665199999999,
                                                                                                                                                                            "result_set_size": 50976372,
                                                                                                                                                                            "children": []
                                                                                                                                                                        },
                                                                                                                                                                        {
                                                                                                                                                                            "operator_name": "PROJECTION",
                                                                                                                                                                            "cpu_time": 0.7908670039999994,
                                                                                                                                                                            "extra_info": {
                                                                                                                                                                                "Projections": [
                                                                                                                                                                                    "#0",
                                                                                                                                                                                    "#1",
                                                                                                                                                                                    "__internal_compress_integral_utinyint(#2, 1)",
                                                                                                                                                                                    "__internal_compress_integral_usmallint(#3, -72)",
                                                                                                                                                                                    "#4"
                                                                                                                                                                                ],
                                                                                                                                                                                "Estimated Cardinality": "7241822"
                                                                                                                                                                            },
                                                                                                                                                                            "cumulative_cardinality": 41726852,
                                                                                                                                                                            "operator_type": "PROJECTION",
                                                                                                                                                                            "operator_cardinality": 8928266,
                                                                                                                                                                            "cumulative_rows_scanned": 11091938,
                                                                                                                                                                            "operator_rows_scanned": 0,
                                                                                                                                                                            "operator_timing": 0.004600063,
                                                                                                                                                                            "result_set_size": 133923990,
                                                                                                                                                                            "children": [
                                                                                                                                                                                {
                                                                                                                                                                                    "operator_name": "PROJECTION",
                                                                                                                                                                                    "cpu_time": 0.7862669409999994,
                                                                                                                                                                                    "extra_info": {
                                                                                                                                                                                        "Projections": [
                                                                                                                                                                                            "#0",
                                                                                                                                                                                            "#1",
                                                                                                                                                                                            "__internal_decompress_integral_smallint(#2, 1)",
                                                                                                                                                                                            "__internal_decompress_integral_integer(#3, -72)",
                                                                                                                                                                                            "#4"
                                                                                                                                                                                        ],
                                                                                                                                                                                        "Estimated Cardinality": "7241822"
                                                                                                                                                                                    },
                                                                                                                                                                                    "cumulative_cardinality": 32798586,
                                                                                                                                                                                    "operator_type": "PROJECTION",
                                                                                                                                                                                    "operator_cardinality": 8928266,
                                                                                                                                                                                    "cumulative_rows_scanned": 11091938,
                                                                                                                                                                                    "operator_rows_scanned": 0,
                                                                                                                                                                                    "operator_timing": 0.005022465999999985,
                                                                                                                                                                                    "result_set_size": 160708788,
                                                                                                                                                                                    "children": [
                                                                                                                                                                                        {
                                                                                                                                                                                            "operator_name": "HASH_JOIN",
                                                                                                                                                                                            "cpu_time": 0.7812444749999994,
                                                                                                                                                                                            "extra_info": {
                                                                                                                                                                                                "Join Type": "RIGHT",
                                                                                                                                                                                                "Conditions": "postid = id",
                                                                                                                                                                                                "Estimated Cardinality": "7241822"
                                                                                                                                                                                            },
                                                                                                                                                                                            "cumulative_cardinality": 23870320,
                                                                                                                                                                                            "operator_type": "HASH_JOIN",
                                                                                                                                                                                            "operator_cardinality": 8928266,
                                                                                                                                                                                            "cumulative_rows_scanned": 11091938,
                                                                                                                                                                                            "operator_rows_scanned": 0,
                                                                                                                                                                                            "operator_timing": 0.6265394169999995,
                                                                                                                                                                                            "result_set_size": 133923990,
                                                                                                                                                                                            "children": [
                                                                                                                                                                                                {
                                                                                                                                                                                                    "operator_name": "READ_PARQUET ",
                                                                                                                                                                                                    "cpu_time": 0.07931690000000005,
                                                                                                                                                                                                    "extra_info": {
                                                                                                                                                                                                        "Function": "READ_PARQUET",
                                                                                                                                                                                                        "Projections": "postid",
                                                                                                                                                                                                        "Estimated Cardinality": "7241822"
                                                                                                                                                                                                    },
                                                                                                                                                                                                    "cumulative_cardinality": 7241822,
                                                                                                                                                                                                    "operator_type": "TABLE_SCAN",
                                                                                                                                                                                                    "operator_cardinality": 7241822,
                                                                                                                                                                                                    "cumulative_rows_scanned": 7241822,
                                                                                                                                                                                                    "operator_rows_scanned": 7241822,
                                                                                                                                                                                                    "operator_timing": 0.07931690000000005,
                                                                                                                                                                                                    "result_set_size": 28967288,
                                                                                                                                                                                                    "children": []
                                                                                                                                                                                                },
                                                                                                                                                                                                {
                                                                                                                                                                                                    "operator_name": "PROJECTION",
                                                                                                                                                                                                    "cpu_time": 0.07538815799999993,
                                                                                                                                                                                                    "extra_info": {
                                                                                                                                                                                                        "Projections": [
                                                                                                                                                                                                            "#0",
                                                                                                                                                                                                            "__internal_compress_integral_utinyint(#1, 1)",
                                                                                                                                                                                                            "__internal_compress_integral_usmallint(#2, -72)",
                                                                                                                                                                                                            "#3"
                                                                                                                                                                                                        ],
                                                                                                                                                                                                        "Estimated Cardinality": "3850116"
                                                                                                                                                                                                    },
                                                                                                                                                                                                    "cumulative_cardinality": 7700232,
                                                                                                                                                                                                    "operator_type": "PROJECTION",
                                                                                                                                                                                                    "operator_cardinality": 3850116,
                                                                                                                                                                                                    "cumulative_rows_scanned": 3850116,
                                                                                                                                                                                                    "operator_rows_scanned": 0,
                                                                                                                                                                                                    "operator_timing": 0.0022105759999999997,
                                                                                                                                                                                                    "result_set_size": 42351276,
                                                                                                                                                                                                    "children": [
                                                                                                                                                                                                        {
                                                                                                                                                                                                            "operator_name": "READ_PARQUET ",
                                                                                                                                                                                                            "cpu_time": 0.07317758199999992,
                                                                                                                                                                                                            "extra_info": {
                                                                                                                                                                                                                "Function": "READ_PARQUET",
                                                                                                                                                                                                                "Projections": [
                                                                                                                                                                                                                    "id",
                                                                                                                                                                                                                    "posttypeid",
                                                                                                                                                                                                                    "score",
                                                                                                                                                                                                                    "owneruserid"
                                                                                                                                                                                                                ],
                                                                                                                                                                                                                "Estimated Cardinality": "3850116"
                                                                                                                                                                                                            },
                                                                                                                                                                                                            "cumulative_cardinality": 3850116,
                                                                                                                                                                                                            "operator_type": "TABLE_SCAN",
                                                                                                                                                                                                            "operator_cardinality": 3850116,
                                                                                                                                                                                                            "cumulative_rows_scanned": 3850116,
                                                                                                                                                                                                            "operator_rows_scanned": 3850116,
                                                                                                                                                                                                            "operator_timing": 0.07317758199999992,
                                                                                                                                                                                                            "result_set_size": 53901624,
                                                                                                                                                                                                            "children": []
                                                                                                                                                                                                        }
                                                                                                                                                                                                    ]
                                                                                                                                                                                                }
                                                                                                                                                                                            ]
                                                                                                                                                                                        }
                                                                                                                                                                                    ]
                                                                                                                                                                                }
                                                                                                                                                                            ]
                                                                                                                                                                        }
                                                                                                                                                                    ]
                                                                                                                                                                }
                                                                                                                                                            ]
                                                                                                                                                        },
                                                                                                                                                        {
                                                                                                                                                            "operator_name": "READ_PARQUET ",
                                                                                                                                                            "cpu_time": 0.07380383800000054,
                                                                                                                                                            "extra_info": {
                                                                                                                                                                "Function": "READ_PARQUET",
                                                                                                                                                                "Projections": "postid",
                                                                                                                                                                "Estimated Cardinality": "11795244"
                                                                                                                                                            },
                                                                                                                                                            "cumulative_cardinality": 11795244,
                                                                                                                                                            "operator_type": "TABLE_SCAN",
                                                                                                                                                            "operator_cardinality": 11795244,
                                                                                                                                                            "cumulative_rows_scanned": 11795244,
                                                                                                                                                            "operator_rows_scanned": 11795244,
                                                                                                                                                            "operator_timing": 0.07380383800000054,
                                                                                                                                                            "result_set_size": 47180976,
                                                                                                                                                            "children": []
                                                                                                                                                        }
                                                                                                                                                    ]
                                                                                                                                                }
                                                                                                                                            ]
                                                                                                                                        }
                                                                                                                                    ]
                                                                                                                                }
                                                                                                                            ]
                                                                                                                        }
                                                                                                                    ]
                                                                                                                }
                                                                                                            ]
                                                                                                        }
                                                                                                    ]
                                                                                                }
                                                                                            ]
                                                                                        }
                                                                                    ]
                                                                                }
                                                                            ]
                                                                        }
                                                                    ]
                                                                }
                                                            ]
                                                        },
                                                        {
                                                            "operator_name": "HASH_JOIN",
                                                            "cpu_time": 7.090540581000003,
                                                            "extra_info": {
                                                                "Join Type": "INNER",
                                                                "Conditions": "UserId = UserId",
                                                                "Estimated Cardinality": "630355"
                                                            },
                                                            "cumulative_cardinality": 106571725,
                                                            "operator_type": "HASH_JOIN",
                                                            "operator_cardinality": 1260679,
                                                            "cumulative_rows_scanned": 50193482,
                                                            "operator_rows_scanned": 0,
                                                            "operator_timing": 0.09031960599999998,
                                                            "result_set_size": 80683456,
                                                            "children": [
                                                                {
                                                                    "operator_name": "PROJECTION",
                                                                    "cpu_time": 4.833397514000004,
                                                                    "extra_info": {
                                                                        "Projections": [
                                                                            "#0",
                                                                            "#1",
                                                                            "#2",
                                                                            "#3",
                                                                            "#4",
                                                                            "#5"
                                                                        ],
                                                                        "Estimated Cardinality": "1260710"
                                                                    },
                                                                    "cumulative_cardinality": 51394844,
                                                                    "operator_type": "PROJECTION",
                                                                    "operator_cardinality": 1260679,
                                                                    "cumulative_rows_scanned": 25096741,
                                                                    "operator_rows_scanned": 0,
                                                                    "operator_timing": 0.00023257499999999932,
                                                                    "result_set_size": 70598024,
                                                                    "children": [
                                                                        {
                                                                            "operator_name": "FILTER",
                                                                            "cpu_time": 4.833164939000004,
                                                                            "extra_info": {
                                                                                "Expression": "(UserId <= 1416539)",
                                                                                "Estimated Cardinality": "1260710"
                                                                            },
                                                                            "cumulative_cardinality": 50134165,
                                                                            "operator_type": "FILTER",
                                                                            "operator_cardinality": 1260679,
                                                                            "cumulative_rows_scanned": 25096741,
                                                                            "operator_rows_scanned": 0,
                                                                            "operator_timing": 0.001596951000000001,
                                                                            "result_set_size": 80683456,
                                                                            "children": [
                                                                                {
                                                                                    "operator_name": "PROJECTION",
                                                                                    "cpu_time": 4.831567988000004,
                                                                                    "extra_info": {
                                                                                        "Projections": [
                                                                                            "#0",
                                                                                            "#1",
                                                                                            "#2",
                                                                                            "#3",
                                                                                            "#4",
                                                                                            "#5",
                                                                                            "#6"
                                                                                        ],
                                                                                        "Estimated Cardinality": "1260710"
                                                                                    },
                                                                                    "cumulative_cardinality": 48873486,
                                                                                    "operator_type": "PROJECTION",
                                                                                    "operator_cardinality": 1260710,
                                                                                    "cumulative_rows_scanned": 25096741,
                                                                                    "operator_rows_scanned": 0,
                                                                                    "operator_timing": 0.0002910450000000006,
                                                                                    "result_set_size": 80685440,
                                                                                    "children": [
                                                                                        {
                                                                                            "operator_name": "WINDOW",
                                                                                            "cpu_time": 4.831276943000004,
                                                                                            "extra_info": {
                                                                                                "Projections": "RANK() OVER (ORDER BY reputation DESC NULLS LAST)"
                                                                                            },
                                                                                            "cumulative_cardinality": 47612776,
                                                                                            "operator_type": "WINDOW",
                                                                                            "operator_cardinality": 1260710,
                                                                                            "cumulative_rows_scanned": 25096741,
                                                                                            "operator_rows_scanned": 0,
                                                                                            "operator_timing": 0.086731426,
                                                                                            "result_set_size": 80685440,
                                                                                            "children": [
                                                                                                {
                                                                                                    "operator_name": "HASH_GROUP_BY",
                                                                                                    "cpu_time": 4.744545517000004,
                                                                                                    "extra_info": {
                                                                                                        "Groups": [
                                                                                                            "#0",
                                                                                                            "#1"
                                                                                                        ],
                                                                                                        "Aggregates": [
                                                                                                            "count(DISTINCT #2)",
                                                                                                            "count(DISTINCT #3)",
                                                                                                            "sum(#4)",
                                                                                                            "sum(#5)"
                                                                                                        ],
                                                                                                        "Estimated Cardinality": "1260710"
                                                                                                    },
                                                                                                    "cumulative_cardinality": 46352066,
                                                                                                    "operator_type": "HASH_GROUP_BY",
                                                                                                    "operator_cardinality": 1260710,
                                                                                                    "cumulative_rows_scanned": 25096741,
                                                                                                    "operator_rows_scanned": 0,
                                                                                                    "operator_timing": 2.711972269000004,
                                                                                                    "result_set_size": 70599760,
                                                                                                    "children": [
                                                                                                        {
                                                                                                            "operator_name": "PROJECTION",
                                                                                                            "cpu_time": 2.032573248,
                                                                                                            "extra_info": {
                                                                                                                "Projections": [
                                                                                                                    "id",
                                                                                                                    "reputation",
                                                                                                                    "id",
                                                                                                                    "id",
                                                                                                                    "CASE  WHEN ((votetypeid = 2)) THEN (1) ELSE 0 END",
                                                                                                                    "CASE  WHEN ((votetypeid = 3)) THEN (1) ELSE 0 END"
                                                                                                                ],
                                                                                                                "Estimated Cardinality": "12744093"
                                                                                                            },
                                                                                                            "cumulative_cardinality": 45091356,
                                                                                                            "operator_type": "PROJECTION",
                                                                                                            "operator_cardinality": 9431558,
                                                                                                            "cumulative_rows_scanned": 25096741,
                                                                                                            "operator_rows_scanned": 0,
                                                                                                            "operator_timing": 0.018029533999999754,
                                                                                                            "result_set_size": 226357392,
                                                                                                            "children": [
                                                                                                                {
                                                                                                                    "operator_name": "HASH_JOIN",
                                                                                                                    "cpu_time": 2.014543714,
                                                                                                                    "extra_info": {
                                                                                                                        "Join Type": "RIGHT",
                                                                                                                        "Conditions": [
                                                                                                                            "postid = id",
                                                                                                                            "userid = id"
                                                                                                                        ],
                                                                                                                        "Estimated Cardinality": "12744093"
                                                                                                                    },
                                                                                                                    "cumulative_cardinality": 35659798,
                                                                                                                    "operator_type": "HASH_JOIN",
                                                                                                                    "operator_cardinality": 9431558,
                                                                                                                    "cumulative_rows_scanned": 25096741,
                                                                                                                    "operator_rows_scanned": 0,
                                                                                                                    "operator_timing": 0.7385788180000005,
                                                                                                                    "result_set_size": 169768044,
                                                                                                                    "children": [
                                                                                                                        {
                                                                                                                            "operator_name": "READ_PARQUET ",
                                                                                                                            "cpu_time": 0.26165426399999997,
                                                                                                                            "extra_info": {
                                                                                                                                "Function": "READ_PARQUET",
                                                                                                                                "Projections": [
                                                                                                                                    "postid",
                                                                                                                                    "votetypeid",
                                                                                                                                    "userid"
                                                                                                                                ],
                                                                                                                                "Estimated Cardinality": "12744093"
                                                                                                                            },
                                                                                                                            "cumulative_cardinality": 40287,
                                                                                                                            "operator_type": "TABLE_SCAN",
                                                                                                                            "operator_cardinality": 40287,
                                                                                                                            "cumulative_rows_scanned": 12744093,
                                                                                                                            "operator_rows_scanned": 12744093,
                                                                                                                            "operator_timing": 0.26165426399999997,
                                                                                                                            "result_set_size": 402870,
                                                                                                                            "children": []
                                                                                                                        },
                                                                                                                        {
                                                                                                                            "operator_name": "HASH_JOIN",
                                                                                                                            "cpu_time": 1.0143106319999995,
                                                                                                                            "extra_info": {
                                                                                                                                "Join Type": "RIGHT",
                                                                                                                                "Conditions": "postid = id",
                                                                                                                                "Estimated Cardinality": "7241822"
                                                                                                                            },
                                                                                                                            "cumulative_cardinality": 26187953,
                                                                                                                            "operator_type": "HASH_JOIN",
                                                                                                                            "operator_cardinality": 9425510,
                                                                                                                            "cumulative_rows_scanned": 12352648,
                                                                                                                            "operator_rows_scanned": 0,
                                                                                                                            "operator_timing": 0.582969445,
                                                                                                                            "result_set_size": 150808160,
                                                                                                                            "children": [
                                                                                                                                {
                                                                                                                                    "operator_name": "READ_PARQUET ",
                                                                                                                                    "cpu_time": 0.12132430399999963,
                                                                                                                                    "extra_info": {
                                                                                                                                        "Function": "READ_PARQUET",
                                                                                                                                        "Projections": [
                                                                                                                                            "id",
                                                                                                                                            "postid"
                                                                                                                                        ],
                                                                                                                                        "Estimated Cardinality": "7241822"
                                                                                                                                    },
                                                                                                                                    "cumulative_cardinality": 7241822,
                                                                                                                                    "operator_type": "TABLE_SCAN",
                                                                                                                                    "operator_cardinality": 7241822,
                                                                                                                                    "cumulative_rows_scanned": 7241822,
                                                                                                                                    "operator_rows_scanned": 7241822,
                                                                                                                                    "operator_timing": 0.12132430399999963,
                                                                                                                                    "result_set_size": 57934576,
                                                                                                                                    "children": []
                                                                                                                                },
                                                                                                                                {
                                                                                                                                    "operator_name": "HASH_JOIN",
                                                                                                                                    "cpu_time": 0.31001688299999997,
                                                                                                                                    "extra_info": {
                                                                                                                                        "Join Type": "RIGHT",
                                                                                                                                        "Conditions": "owneruserid = id",
                                                                                                                                        "Estimated Cardinality": "3850116"
                                                                                                                                    },
                                                                                                                                    "cumulative_cardinality": 9520621,
                                                                                                                                    "operator_type": "HASH_JOIN",
                                                                                                                                    "operator_cardinality": 4574495,
                                                                                                                                    "cumulative_rows_scanned": 5110826,
                                                                                                                                    "operator_rows_scanned": 0,
                                                                                                                                    "operator_timing": 0.21879044600000008,
                                                                                                                                    "result_set_size": 54893940,
                                                                                                                                    "children": [
                                                                                                                                        {
                                                                                                                                            "operator_name": "READ_PARQUET ",
                                                                                                                                            "cpu_time": 0.07678550199999987,
                                                                                                                                            "extra_info": {
                                                                                                                                                "Function": "READ_PARQUET",
                                                                                                                                                "Projections": [
                                                                                                                                                    "id",
                                                                                                                                                    "owneruserid"
                                                                                                                                                ],
                                                                                                                                                "Estimated Cardinality": "3850116"
                                                                                                                                            },
                                                                                                                                            "cumulative_cardinality": 3685416,
                                                                                                                                            "operator_type": "TABLE_SCAN",
                                                                                                                                            "operator_cardinality": 3685416,
                                                                                                                                            "cumulative_rows_scanned": 3850116,
                                                                                                                                            "operator_rows_scanned": 3850116,
                                                                                                                                            "operator_timing": 0.07678550199999987,
                                                                                                                                            "result_set_size": 29483328,
                                                                                                                                            "children": []
                                                                                                                                        },
                                                                                                                                        {
                                                                                                                                            "operator_name": "READ_PARQUET ",
                                                                                                                                            "cpu_time": 0.014440935000000012,
                                                                                                                                            "extra_info": {
                                                                                                                                                "Function": "READ_PARQUET",
                                                                                                                                                "Projections": [
                                                                                                                                                    "id",
                                                                                                                                                    "reputation"
                                                                                                                                                ],
                                                                                                                                                "Estimated Cardinality": "1260710"
                                                                                                                                            },
                                                                                                                                            "cumulative_cardinality": 1260710,
                                                                                                                                            "operator_type": "TABLE_SCAN",
                                                                                                                                            "operator_cardinality": 1260710,
                                                                                                                                            "cumulative_rows_scanned": 1260710,
                                                                                                                                            "operator_rows_scanned": 1260710,
                                                                                                                                            "operator_timing": 0.014440935000000012,
                                                                                                                                            "result_set_size": 10085680,
                                                                                                                                            "children": []
                                                                                                                                        }
                                                                                                                                    ]
                                                                                                                                }
                                                                                                                            ]
                                                                                                                        }
                                                                                                                    ]
                                                                                                                }
                                                                                                            ]
                                                                                                        }
                                                                                                    ]
                                                                                                }
                                                                                            ]
                                                                                        }
                                                                                    ]
                                                                                }
                                                                            ]
                                                                        }
                                                                    ]
                                                                },
                                                                {
                                                                    "operator_name": "HASH_GROUP_BY",
                                                                    "cpu_time": 2.1668234609999995,
                                                                    "extra_info": {
                                                                        "Groups": "#0",
                                                                        "Aggregates": "count_star()",
                                                                        "Estimated Cardinality": "630355"
                                                                    },
                                                                    "cumulative_cardinality": 53916202,
                                                                    "operator_type": "HASH_GROUP_BY",
                                                                    "operator_cardinality": 1260679,
                                                                    "cumulative_rows_scanned": 25096741,
                                                                    "operator_rows_scanned": 0,
                                                                    "operator_timing": 0.08626341899999997,
                                                                    "result_set_size": 15128148,
                                                                    "children": [
                                                                        {
                                                                            "operator_name": "PROJECTION",
                                                                            "cpu_time": 2.0805600419999997,
                                                                            "extra_info": {
                                                                                "Projections": "UserId",
                                                                                "Estimated Cardinality": "1260710"
                                                                            },
                                                                            "cumulative_cardinality": 52655523,
                                                                            "operator_type": "PROJECTION",
                                                                            "operator_cardinality": 1260679,
                                                                            "cumulative_rows_scanned": 25096741,
                                                                            "operator_rows_scanned": 0,
                                                                            "operator_timing": 0.00008439799999999995,
                                                                            "result_set_size": 5042716,
                                                                            "children": [
                                                                                {
                                                                                    "operator_name": "PROJECTION",
                                                                                    "cpu_time": 2.080475644,
                                                                                    "extra_info": {
                                                                                        "Projections": "#0",
                                                                                        "Estimated Cardinality": "1260710"
                                                                                    },
                                                                                    "cumulative_cardinality": 51394844,
                                                                                    "operator_type": "PROJECTION",
                                                                                    "operator_cardinality": 1260679,
                                                                                    "cumulative_rows_scanned": 25096741,
                                                                                    "operator_rows_scanned": 0,
                                                                                    "operator_timing": 0.00009691300000000004,
                                                                                    "result_set_size": 5042716,
                                                                                    "children": [
                                                                                        {
                                                                                            "operator_name": "FILTER",
                                                                                            "cpu_time": 2.0803787309999997,
                                                                                            "extra_info": {
                                                                                                "Expression": "(UserId <= 1416539)",
                                                                                                "Estimated Cardinality": "1260710"
                                                                                            },
                                                                                            "cumulative_cardinality": 50134165,
                                                                                            "operator_type": "FILTER",
                                                                                            "operator_cardinality": 1260679,
                                                                                            "cumulative_rows_scanned": 25096741,
                                                                                            "operator_rows_scanned": 0,
                                                                                            "operator_timing": 0.0015362529999999972,
                                                                                            "result_set_size": 20170864,
                                                                                            "children": [
                                                                                                {
                                                                                                    "operator_name": "PROJECTION",
                                                                                                    "cpu_time": 2.078842478,
                                                                                                    "extra_info": {
                                                                                                        "Projections": [
                                                                                                            "#0",
                                                                                                            "#1",
                                                                                                            "#2"
                                                                                                        ],
                                                                                                        "Estimated Cardinality": "1260710"
                                                                                                    },
                                                                                                    "cumulative_cardinality": 48873486,
                                                                                                    "operator_type": "PROJECTION",
                                                                                                    "operator_cardinality": 1260710,
                                                                                                    "cumulative_rows_scanned": 25096741,
                                                                                                    "operator_rows_scanned": 0,
                                                                                                    "operator_timing": 0.00016306700000000022,
                                                                                                    "result_set_size": 20171360,
                                                                                                    "children": [
                                                                                                        {
                                                                                                            "operator_name": "WINDOW",
                                                                                                            "cpu_time": 2.078679411,
                                                                                                            "extra_info": {
                                                                                                                "Projections": "RANK() OVER (ORDER BY reputation DESC NULLS LAST)"
                                                                                                            },
                                                                                                            "cumulative_cardinality": 47612776,
                                                                                                            "operator_type": "WINDOW",
                                                                                                            "operator_cardinality": 1260710,
                                                                                                            "cumulative_rows_scanned": 25096741,
                                                                                                            "operator_rows_scanned": 0,
                                                                                                            "operator_timing": 0.040214123999999976,
                                                                                                            "result_set_size": 20171360,
                                                                                                            "children": [
                                                                                                                {
                                                                                                                    "operator_name": "HASH_GROUP_BY",
                                                                                                                    "cpu_time": 2.038465287,
                                                                                                                    "extra_info": {
                                                                                                                        "Groups": [
                                                                                                                            "#0",
                                                                                                                            "#1"
                                                                                                                        ],
                                                                                                                        "Aggregates": "",
                                                                                                                        "Estimated Cardinality": "1260710"
                                                                                                                    },
                                                                                                                    "cumulative_cardinality": 46352066,
                                                                                                                    "operator_type": "HASH_GROUP_BY",
                                                                                                                    "operator_cardinality": 1260710,
                                                                                                                    "cumulative_rows_scanned": 25096741,
                                                                                                                    "operator_rows_scanned": 0,
                                                                                                                    "operator_timing": 0.25613930300000043,
                                                                                                                    "result_set_size": 10085680,
                                                                                                                    "children": [
                                                                                                                        {
                                                                                                                            "operator_name": "PROJECTION",
                                                                                                                            "cpu_time": 1.7823259839999999,
                                                                                                                            "extra_info": {
                                                                                                                                "Projections": [
                                                                                                                                    "id",
                                                                                                                                    "reputation"
                                                                                                                                ],
                                                                                                                                "Estimated Cardinality": "12744093"
                                                                                                                            },
                                                                                                                            "cumulative_cardinality": 45091356,
                                                                                                                            "operator_type": "PROJECTION",
                                                                                                                            "operator_cardinality": 9431558,
                                                                                                                            "cumulative_rows_scanned": 25096741,
                                                                                                                            "operator_rows_scanned": 0,
                                                                                                                            "operator_timing": 0.000704663999999999,
                                                                                                                            "result_set_size": 75452464,
                                                                                                                            "children": [
                                                                                                                                {
                                                                                                                                    "operator_name": "HASH_JOIN",
                                                                                                                                    "cpu_time": 1.78162132,
                                                                                                                                    "extra_info": {
                                                                                                                                        "Join Type": "RIGHT",
                                                                                                                                        "Conditions": [
                                                                                                                                            "postid = id",
                                                                                                                                            "userid = id"
                                                                                                                                        ],
                                                                                                                                        "Estimated Cardinality": "12744093"
                                                                                                                                    },
                                                                                                                                    "cumulative_cardinality": 35659798,
                                                                                                                                    "operator_type": "HASH_JOIN",
                                                                                                                                    "operator_cardinality": 9431558,
                                                                                                                                    "cumulative_rows_scanned": 25096741,
                                                                                                                                    "operator_rows_scanned": 0,
                                                                                                                                    "operator_timing": 0.6077260749999995,
                                                                                                                                    "result_set_size": 150904928,
                                                                                                                                    "children": [
                                                                                                                                        {
                                                                                                                                            "operator_name": "READ_PARQUET ",
                                                                                                                                            "cpu_time": 0.21164542000000022,
                                                                                                                                            "extra_info": {
                                                                                                                                                "Function": "READ_PARQUET",
                                                                                                                                                "Projections": [
                                                                                                                                                    "postid",
                                                                                                                                                    "userid"
                                                                                                                                                ],
                                                                                                                                                "Estimated Cardinality": "12744093"
                                                                                                                                            },
                                                                                                                                            "cumulative_cardinality": 40287,
                                                                                                                                            "operator_type": "TABLE_SCAN",
                                                                                                                                            "operator_cardinality": 40287,
                                                                                                                                            "cumulative_rows_scanned": 12744093,
                                                                                                                                            "operator_rows_scanned": 12744093,
                                                                                                                                            "operator_timing": 0.21164542000000022,
                                                                                                                                            "result_set_size": 322296,
                                                                                                                                            "children": []
                                                                                                                                        },
                                                                                                                                        {
                                                                                                                                            "operator_name": "HASH_JOIN",
                                                                                                                                            "cpu_time": 0.9622498250000002,
                                                                                                                                            "extra_info": {
                                                                                                                                                "Join Type": "RIGHT",
                                                                                                                                                "Conditions": "postid = id",
                                                                                                                                                "Estimated Cardinality": "7241822"
                                                                                                                                            },
                                                                                                                                            "cumulative_cardinality": 26187953,
                                                                                                                                            "operator_type": "HASH_JOIN",
                                                                                                                                            "operator_cardinality": 9425510,
                                                                                                                                            "cumulative_rows_scanned": 12352648,
                                                                                                                                            "operator_rows_scanned": 0,
                                                                                                                                            "operator_timing": 0.560111219,
                                                                                                                                            "result_set_size": 150808160,
                                                                                                                                            "children": [
                                                                                                                                                {
                                                                                                                                                    "operator_name": "READ_PARQUET ",
                                                                                                                                                    "cpu_time": 0.08156064100000016,
                                                                                                                                                    "extra_info": {
                                                                                                                                                        "Function": "READ_PARQUET",
                                                                                                                                                        "Projections": "postid",
                                                                                                                                                        "Estimated Cardinality": "7241822"
                                                                                                                                                    },
                                                                                                                                                    "cumulative_cardinality": 7241822,
                                                                                                                                                    "operator_type": "TABLE_SCAN",
                                                                                                                                                    "operator_cardinality": 7241822,
                                                                                                                                                    "cumulative_rows_scanned": 7241822,
                                                                                                                                                    "operator_rows_scanned": 7241822,
                                                                                                                                                    "operator_timing": 0.08156064100000016,
                                                                                                                                                    "result_set_size": 28967288,
                                                                                                                                                    "children": []
                                                                                                                                                },
                                                                                                                                                {
                                                                                                                                                    "operator_name": "HASH_JOIN",
                                                                                                                                                    "cpu_time": 0.320577965,
                                                                                                                                                    "extra_info": {
                                                                                                                                                        "Join Type": "RIGHT",
                                                                                                                                                        "Conditions": "owneruserid = id",
                                                                                                                                                        "Estimated Cardinality": "3850116"
                                                                                                                                                    },
                                                                                                                                                    "cumulative_cardinality": 9520621,
                                                                                                                                                    "operator_type": "HASH_JOIN",
                                                                                                                                                    "operator_cardinality": 4574495,
                                                                                                                                                    "cumulative_rows_scanned": 5110826,
                                                                                                                                                    "operator_rows_scanned": 0,
                                                                                                                                                    "operator_timing": 0.21797602100000013,
                                                                                                                                                    "result_set_size": 54893940,
                                                                                                                                                    "children": [
                                                                                                                                                        {
                                                                                                                                                            "operator_name": "READ_PARQUET ",
                                                                                                                                                            "cpu_time": 0.08833554399999989,
                                                                                                                                                            "extra_info": {
                                                                                                                                                                "Function": "READ_PARQUET",
                                                                                                                                                                "Projections": [
                                                                                                                                                                    "id",
                                                                                                                                                                    "owneruserid"
                                                                                                                                                                ],
                                                                                                                                                                "Estimated Cardinality": "3850116"
                                                                                                                                                            },
                                                                                                                                                            "cumulative_cardinality": 3685416,
                                                                                                                                                            "operator_type": "TABLE_SCAN",
                                                                                                                                                            "operator_cardinality": 3685416,
                                                                                                                                                            "cumulative_rows_scanned": 3850116,
                                                                                                                                                            "operator_rows_scanned": 3850116,
                                                                                                                                                            "operator_timing": 0.08833554399999989,
                                                                                                                                                            "result_set_size": 29483328,
                                                                                                                                                            "children": []
                                                                                                                                                        },
                                                                                                                                                        {
                                                                                                                                                            "operator_name": "READ_PARQUET ",
                                                                                                                                                            "cpu_time": 0.014266399999999997,
                                                                                                                                                            "extra_info": {
                                                                                                                                                                "Function": "READ_PARQUET",
                                                                                                                                                                "Projections": [
                                                                                                                                                                    "id",
                                                                                                                                                                    "reputation"
                                                                                                                                                                ],
                                                                                                                                                                "Estimated Cardinality": "1260710"
                                                                                                                                                            },
                                                                                                                                                            "cumulative_cardinality": 1260710,
                                                                                                                                                            "operator_type": "TABLE_SCAN",
                                                                                                                                                            "operator_cardinality": 1260710,
                                                                                                                                                            "cumulative_rows_scanned": 1260710,
                                                                                                                                                            "operator_rows_scanned": 1260710,
                                                                                                                                                            "operator_timing": 0.014266399999999997,
                                                                                                                                                            "result_set_size": 10085680,
                                                                                                                                                            "children": []
                                                                                                                                                        }
                                                                                                                                                    ]
                                                                                                                                                }
                                                                                                                                            ]
                                                                                                                                        }
                                                                                                                                    ]
                                                                                                                                }
                                                                                                                            ]
                                                                                                                        }
                                                                                                                    ]
                                                                                                                }
                                                                                                            ]
                                                                                                        }
                                                                                                    ]
                                                                                                }
                                                                                            ]
                                                                                        }
                                                                                    ]
                                                                                }
                                                                            ]
                                                                        }
                                                                    ]
                                                                }
                                                            ]
                                                        }
                                                    ]
                                                }
                                            ]
                                        }
                                    ]
                                }
                            ]
                        }
                    ]
                }
            ]
        }
    ]
}