{
    "rows_returned": 265255,
    "query_name": "\nWITH PostStats AS (\n    SELECT \n        p.Id AS PostId,\n        p.Title,\n        p.CreationDate,\n        p.ViewCount,\n        COUNT(DISTINCT c.Id) AS CommentCount,\n        COALESCE(SUM(CASE WHEN v.VoteTypeId = 2 THEN 1 ELSE 0 END), 0) AS UpVotes,   \n        COALESCE(SUM(CASE WHEN v.VoteTypeId = 3 THEN 1 ELSE 0 END), 0) AS DownVotes  \n    FROM \n        Posts p\n    LEFT JOIN \n        Comments c ON p.Id = c.PostId\n    LEFT JOIN \n        Votes v ON p.Id = v.PostId\n    WHERE \n        p.CreationDate >= '2023-01-01' \n    GROUP BY \n        p.Id, p.Title, p.CreationDate, p.ViewCount\n), \nPostVoteSummary AS (\n    SELECT \n        PostId, \n        SUM(UpVotes - DownVotes) AS NetVotes \n    FROM \n        PostStats\n    GROUP BY \n        PostId\n)\n\nSELECT \n    ps.PostId,\n    ps.Title,\n    ps.CreationDate,\n    ps.ViewCount,\n    ps.CommentCount,\n    pvs.NetVotes\nFROM \n    PostStats ps\nJOIN \n    PostVoteSummary pvs ON ps.PostId = pvs.PostId\nORDER BY \n    ps.CreationDate DESC;\n",
    "blocked_thread_time": 0.0,
    "cpu_time": 1.2921272769999996,
    "extra_info": {},
    "cumulative_cardinality": 34659940,
    "cumulative_rows_scanned": 23836031,
    "result_set_size": 14854280,
    "latency": 1.944870008,
    "children": [
        {
            "operator_name": "ORDER_BY",
            "cpu_time": 1.2921272769999996,
            "extra_info": {
                "Order By": "ps.CreationDate DESC"
            },
            "cumulative_cardinality": 34659940,
            "operator_type": "ORDER_BY",
            "operator_cardinality": 265255,
            "cumulative_rows_scanned": 23836031,
            "operator_rows_scanned": 0,
            "operator_timing": 0.020472849999999997,
            "result_set_size": 14854280,
            "children": [
                {
                    "operator_name": "PROJECTION",
                    "cpu_time": 1.2716544269999996,
                    "extra_info": {
                        "Projections": [
                            "PostId",
                            "title",
                            "creationdate",
                            "viewcount",
                            "CommentCount",
                            "NetVotes"
                        ],
                        "Estimated Cardinality": "3850116"
                    },
                    "cumulative_cardinality": 34394685,
                    "operator_type": "PROJECTION",
                    "operator_cardinality": 265255,
                    "cumulative_rows_scanned": 23836031,
                    "operator_rows_scanned": 0,
                    "operator_timing": 0.00003964000000000002,
                    "result_set_size": 14854280,
                    "children": [
                        {
                            "operator_name": "CTE",
                            "cpu_time": 1.2716147869999996,
                            "extra_info": {
                                "CTE Name": "PostStats",
                                "Table Index": "0"
                            },
                            "cumulative_cardinality": 34129430,
                            "operator_type": "CTE",
                            "operator_cardinality": 0,
                            "cumulative_rows_scanned": 23836031,
                            "operator_rows_scanned": 0,
                            "operator_timing": 0.0076410379999999984,
                            "result_set_size": 0,
                            "children": [
                                {
                                    "operator_name": "PROJECTION",
                                    "cpu_time": 1.2365096999999996,
                                    "extra_info": {
                                        "Projections": [
                                            "PostId",
                                            "title",
                                            "creationdate",
                                            "viewcount",
                                            "CommentCount",
                                            "UpVotes",
                                            "DownVotes"
                                        ],
                                        "Estimated Cardinality": "3850116"
                                    },
                                    "cumulative_cardinality": 32803155,
                                    "operator_type": "PROJECTION",
                                    "operator_cardinality": 265255,
                                    "cumulative_rows_scanned": 23836031,
                                    "operator_rows_scanned": 0,
                                    "operator_timing": 0.004085949999999999,
                                    "result_set_size": 19098360,
                                    "children": [
                                        {
                                            "operator_name": "HASH_GROUP_BY",
                                            "cpu_time": 1.2324237499999997,
                                            "extra_info": {
                                                "Groups": [
                                                    "#0",
                                                    "#1",
                                                    "#2",
                                                    "#3"
                                                ],
                                                "Aggregates": [
                                                    "count(DISTINCT #4)",
                                                    "sum(#5)",
                                                    "sum(#6)"
                                                ],
                                                "Estimated Cardinality": "3850116"
                                            },
                                            "cumulative_cardinality": 32537900,
                                            "operator_type": "HASH_GROUP_BY",
                                            "operator_cardinality": 265255,
                                            "cumulative_rows_scanned": 23836031,
                                            "operator_rows_scanned": 0,
                                            "operator_timing": 0.31873496299999987,
                                            "result_set_size": 19098360,
                                            "children": [
                                                {
                                                    "operator_name": "PROJECTION",
                                                    "cpu_time": 0.9136887869999998,
                                                    "extra_info": {
                                                        "Projections": [
                                                            "id",
                                                            "title",
                                                            "creationdate",
                                                            "viewcount",
                                                            "id",
                                                            "CASE  WHEN ((votetypeid = 2)) THEN (1) ELSE 0 END",
                                                            "CASE  WHEN ((votetypeid = 3)) THEN (1) ELSE 0 END"
                                                        ],
                                                        "Estimated Cardinality": "12744093"
                                                    },
                                                    "cumulative_cardinality": 32272645,
                                                    "operator_type": "PROJECTION",
                                                    "operator_cardinality": 1773112,
                                                    "cumulative_rows_scanned": 23836031,
                                                    "operator_rows_scanned": 0,
                                                    "operator_timing": 0.007741030000000001,
                                                    "result_set_size": 78016928,
                                                    "children": [
                                                        {
                                                            "operator_name": "PROJECTION",
                                                            "cpu_time": 0.9059477569999997,
                                                            "extra_info": {
                                                                "Projections": [
                                                                    "#0",
                                                                    "#1",
                                                                    "#2",
                                                                    "#3",
                                                                    "#4",
                                                                    "__internal_decompress_integral_smallint(#5, 1)"
                                                                ],
                                                                "Estimated Cardinality": "12744093"
                                                            },
                                                            "cumulative_cardinality": 30499533,
                                                            "operator_type": "PROJECTION",
                                                            "operator_cardinality": 1773112,
                                                            "cumulative_rows_scanned": 23836031,
                                                            "operator_rows_scanned": 0,
                                                            "operator_timing": 0.0011274879999999998,
                                                            "result_set_size": 67378256,
                                                            "children": [
                                                                {
                                                                    "operator_name": "HASH_JOIN",
                                                                    "cpu_time": 0.9048202689999998,
                                                                    "extra_info": {
                                                                        "Join Type": "LEFT",
                                                                        "Conditions": "id = postid",
                                                                        "Estimated Cardinality": "12744093"
                                                                    },
                                                                    "cumulative_cardinality": 28726421,
                                                                    "operator_type": "HASH_JOIN",
                                                                    "operator_cardinality": 1773112,
                                                                    "cumulative_rows_scanned": 23836031,
                                                                    "operator_rows_scanned": 0,
                                                                    "operator_timing": 0.6294873300000002,
                                                                    "result_set_size": 65605144,
                                                                    "children": [
                                                                        {
                                                                            "operator_name": "HASH_JOIN",
                                                                            "cpu_time": 0.14091161200000005,
                                                                            "extra_info": {
                                                                                "Join Type": "RIGHT",
                                                                                "Conditions": "postid = id",
                                                                                "Estimated Cardinality": "7241822"
                                                                            },
                                                                            "cumulative_cardinality": 1465123,
                                                                            "operator_type": "HASH_JOIN",
                                                                            "operator_cardinality": 654953,
                                                                            "cumulative_rows_scanned": 11091938,
                                                                            "operator_rows_scanned": 0,
                                                                            "operator_timing": 0.05447792400000001,
                                                                            "result_set_size": 23578308,
                                                                            "children": [
                                                                                {
                                                                                    "operator_name": "READ_PARQUET ",
                                                                                    "cpu_time": 0.016174102000000003,
                                                                                    "extra_info": {
                                                                                        "Function": "READ_PARQUET",
                                                                                        "Projections": [
                                                                                            "id",
                                                                                            "postid"
                                                                                        ],
                                                                                        "Estimated Cardinality": "7241822"
                                                                                    },
                                                                                    "cumulative_cardinality": 544915,
                                                                                    "operator_type": "TABLE_SCAN",
                                                                                    "operator_cardinality": 544915,
                                                                                    "cumulative_rows_scanned": 7241822,
                                                                                    "operator_rows_scanned": 7241822,
                                                                                    "operator_timing": 0.016174102000000003,
                                                                                    "result_set_size": 4359320,
                                                                                    "children": []
                                                                                },
                                                                                {
                                                                                    "operator_name": "READ_PARQUET ",
                                                                                    "cpu_time": 0.07025958600000004,
                                                                                    "extra_info": {
                                                                                        "Function": "READ_PARQUET",
                                                                                        "Projections": [
                                                                                            "id",
                                                                                            "creationdate",
                                                                                            "viewcount",
                                                                                            "title"
                                                                                        ],
                                                                                        "Filters": "creationdate>='2023-01-01 00:00:00'::TIMESTAMP",
                                                                                        "Estimated Cardinality": "770023"
                                                                                    },
                                                                                    "cumulative_cardinality": 265255,
                                                                                    "operator_type": "TABLE_SCAN",
                                                                                    "operator_cardinality": 265255,
                                                                                    "cumulative_rows_scanned": 3850116,
                                                                                    "operator_rows_scanned": 3850116,
                                                                                    "operator_timing": 0.07025958600000004,
                                                                                    "result_set_size": 8488160,
                                                                                    "children": []
                                                                                }
                                                                            ]
                                                                        },
                                                                        {
                                                                            "operator_name": "PROJECTION",
                                                                            "cpu_time": 0.13442132699999954,
                                                                            "extra_info": {
                                                                                "Projections": [
                                                                                    "#0",
                                                                                    "__internal_compress_integral_utinyint(#1, 1)"
                                                                                ],
                                                                                "Estimated Cardinality": "12744093"
                                                                            },
                                                                            "cumulative_cardinality": 25488186,
                                                                            "operator_type": "PROJECTION",
                                                                            "operator_cardinality": 12744093,
                                                                            "cumulative_rows_scanned": 12744093,
                                                                            "operator_rows_scanned": 0,
                                                                            "operator_timing": 0.003366258999999938,
                                                                            "result_set_size": 63720465,
                                                                            "children": [
                                                                                {
                                                                                    "operator_name": "READ_PARQUET ",
                                                                                    "cpu_time": 0.1310550679999996,
                                                                                    "extra_info": {
                                                                                        "Function": "READ_PARQUET",
                                                                                        "Projections": [
                                                                                            "postid",
                                                                                            "votetypeid"
                                                                                        ],
                                                                                        "Estimated Cardinality": "12744093"
                                                                                    },
                                                                                    "cumulative_cardinality": 12744093,
                                                                                    "operator_type": "TABLE_SCAN",
                                                                                    "operator_cardinality": 12744093,
                                                                                    "cumulative_rows_scanned": 12744093,
                                                                                    "operator_rows_scanned": 12744093,
                                                                                    "operator_timing": 0.1310550679999996,
                                                                                    "result_set_size": 76464558,
                                                                                    "children": []
                                                                                }
                                                                            ]
                                                                        }
                                                                    ]
                                                                }
                                                            ]
                                                        }
                                                    ]
                                                }
                                            ]
                                        }
                                    ]
                                },
                                {
                                    "operator_name": "HASH_JOIN",
                                    "cpu_time": 0.027464048999999997,
                                    "extra_info": {
                                        "Join Type": "INNER",
                                        "Conditions": "PostId = PostId",
                                        "Estimated Cardinality": "1925058"
                                    },
                                    "cumulative_cardinality": 1326275,
                                    "operator_type": "HASH_JOIN",
                                    "operator_cardinality": 265255,
                                    "cumulative_rows_scanned": 0,
                                    "operator_rows_scanned": 0,
                                    "operator_timing": 0.0053514540000000055,
                                    "result_set_size": 24403460,
                                    "children": [
                                        {
                                            "operator_name": "CTE_SCAN",
                                            "cpu_time": 0.0011355760000000001,
                                            "extra_info": {
                                                "CTE Index": "0",
                                                "Estimated Cardinality": "3850116"
                                            },
                                            "cumulative_cardinality": 265255,
                                            "operator_type": "CTE_SCAN",
                                            "operator_cardinality": 265255,
                                            "cumulative_rows_scanned": 0,
                                            "operator_rows_scanned": 0,
                                            "operator_timing": 0.0011355760000000001,
                                            "result_set_size": 19098360,
                                            "children": []
                                        },
                                        {
                                            "operator_name": "HASH_GROUP_BY",
                                            "cpu_time": 0.020977018999999993,
                                            "extra_info": {
                                                "Groups": "#0",
                                                "Aggregates": "sum(#1)",
                                                "Estimated Cardinality": "1925058"
                                            },
                                            "cumulative_cardinality": 795765,
                                            "operator_type": "HASH_GROUP_BY",
                                            "operator_cardinality": 265255,
                                            "cumulative_rows_scanned": 0,
                                            "operator_rows_scanned": 0,
                                            "operator_timing": 0.017944177999999995,
                                            "result_set_size": 5305100,
                                            "children": [
                                                {
                                                    "operator_name": "PROJECTION",
                                                    "cpu_time": 0.0030328409999999997,
                                                    "extra_info": {
                                                        "Projections": [
                                                            "PostId",
                                                            "(UpVotes - DownVotes)"
                                                        ],
                                                        "Estimated Cardinality": "3850116"
                                                    },
                                                    "cumulative_cardinality": 530510,
                                                    "operator_type": "PROJECTION",
                                                    "operator_cardinality": 265255,
                                                    "cumulative_rows_scanned": 0,
                                                    "operator_rows_scanned": 0,
                                                    "operator_timing": 0.001416753999999999,
                                                    "result_set_size": 5305100,
                                                    "children": [
                                                        {
                                                            "operator_name": "CTE_SCAN",
                                                            "cpu_time": 0.0016160870000000004,
                                                            "extra_info": {
                                                                "CTE Index": "0",
                                                                "Estimated Cardinality": "3850116"
                                                            },
                                                            "cumulative_cardinality": 265255,
                                                            "operator_type": "CTE_SCAN",
                                                            "operator_cardinality": 265255,
                                                            "cumulative_rows_scanned": 0,
                                                            "operator_rows_scanned": 0,
                                                            "operator_timing": 0.0016160870000000004,
                                                            "result_set_size": 19098360,
                                                            "children": []
                                                        }
                                                    ]
                                                }
                                            ]
                                        }
                                    ]
                                }
                            ]
                        }
                    ]
                }
            ]
        }
    ]
}