{
    "rows_returned": 100,
    "query_name": "\nWITH PostStats AS (\n    SELECT \n        p.Id AS PostId,\n        p.Title,\n        p.PostTypeId,\n        COUNT(c.Id) AS CommentCount,\n        COALESCE(SUM(CASE WHEN v.VoteTypeId = 2 THEN 1 ELSE 0 END), 0) AS UpVoteCount,\n        COALESCE(SUM(CASE WHEN v.VoteTypeId = 3 THEN 1 ELSE 0 END), 0) AS DownVoteCount,\n        COUNT(b.Id) AS BadgeCount\n    FROM \n        Posts p\n        LEFT JOIN Comments c ON p.Id = c.PostId\n        LEFT JOIN Votes v ON p.Id = v.PostId\n        LEFT JOIN Badges b ON p.OwnerUserId = b.UserId\n    GROUP BY \n        p.Id, p.Title, p.PostTypeId\n),\nUserStats AS (\n    SELECT \n        u.Id AS UserId,\n        u.DisplayName,\n        COUNT(DISTINCT p.Id) AS PostedCount,\n        SUM(COALESCE(p.ViewCount, 0)) AS TotalViews,\n        SUM(COALESCE(p.Score, 0)) AS TotalScore\n    FROM \n        Users u\n        LEFT JOIN Posts p ON u.Id = p.OwnerUserId\n    GROUP BY \n        u.Id, u.DisplayName\n)\nSELECT \n    ps.PostId,\n    ps.Title,\n    ps.PostTypeId,\n    ps.CommentCount,\n    ps.UpVoteCount,\n    ps.DownVoteCount,\n    us.UserId,\n    us.DisplayName,\n    us.PostedCount,\n    us.TotalViews,\n    us.TotalScore\nFROM \n    PostStats ps\nJOIN \n    UserStats us ON ps.PostTypeId = 1 AND us.UserId = ps.PostId \nORDER BY \n    ps.UpVoteCount DESC, ps.CommentCount DESC, us.TotalScore DESC\nLIMIT 100;\n",
    "blocked_thread_time": 0.0,
    "cpu_time": 47.74045446699846,
    "extra_info": {},
    "cumulative_cardinality": 3530210052,
    "cumulative_rows_scanned": 31268581,
    "result_set_size": 12200,
    "latency": 62.956607263,
    "children": [
        {
            "operator_name": "STREAMING_LIMIT",
            "cpu_time": 47.74045446699846,
            "extra_info": {},
            "cumulative_cardinality": 3530210052,
            "operator_type": "STREAMING_LIMIT",
            "operator_cardinality": 100,
            "cumulative_rows_scanned": 31268581,
            "operator_rows_scanned": 0,
            "operator_timing": 0.000001803,
            "result_set_size": 12200,
            "children": [
                {
                    "operator_name": "PROJECTION",
                    "cpu_time": 47.740452663998454,
                    "extra_info": {
                        "Projections": [
                            "#0",
                            "#1",
                            "__internal_decompress_integral_smallint(#2, 1)",
                            "#3",
                            "#4",
                            "#5",
                            "#6",
                            "#7",
                            "#8",
                            "#9",
                            "#10"
                        ],
                        "Estimated Cardinality": "3850116"
                    },
                    "cumulative_cardinality": 3530209952,
                    "operator_type": "PROJECTION",
                    "operator_cardinality": 4096,
                    "cumulative_rows_scanned": 31268581,
                    "operator_rows_scanned": 0,
                    "operator_timing": 0.000008016,
                    "result_set_size": 499712,
                    "children": [
                        {
                            "operator_name": "ORDER_BY",
                            "cpu_time": 47.74044464799845,
                            "extra_info": {
                                "Order By": [
                                    "ps.UpVoteCount DESC",
                                    "ps.CommentCount DESC",
                                    "us.TotalScore DESC"
                                ]
                            },
                            "cumulative_cardinality": 3530205856,
                            "operator_type": "ORDER_BY",
                            "operator_cardinality": 4096,
                            "cumulative_rows_scanned": 31268581,
                            "operator_rows_scanned": 0,
                            "operator_timing": 0.062494769999999984,
                            "result_set_size": 495616,
                            "children": [
                                {
                                    "operator_name": "PROJECTION",
                                    "cpu_time": 47.67794987799845,
                                    "extra_info": {
                                        "Projections": [
                                            "#0",
                                            "#1",
                                            "__internal_compress_integral_utinyint(#2, 1)",
                                            "#3",
                                            "#4",
                                            "#5",
                                            "#6",
                                            "#7",
                                            "#8",
                                            "#9",
                                            "#10"
                                        ],
                                        "Estimated Cardinality": "3850116"
                                    },
                                    "cumulative_cardinality": 3530201760,
                                    "operator_type": "PROJECTION",
                                    "operator_cardinality": 410722,
                                    "cumulative_rows_scanned": 31268581,
                                    "operator_rows_scanned": 0,
                                    "operator_timing": 0.0005057210000000009,
                                    "result_set_size": 49697362,
                                    "children": [
                                        {
                                            "operator_name": "PROJECTION",
                                            "cpu_time": 47.67744415699845,
                                            "extra_info": {
                                                "Projections": [
                                                    "PostId",
                                                    "title",
                                                    "posttypeid",
                                                    "CommentCount",
                                                    "UpVoteCount",
                                                    "DownVoteCount",
                                                    "UserId",
                                                    "displayname",
                                                    "PostedCount",
                                                    "TotalViews",
                                                    "TotalScore"
                                                ],
                                                "Estimated Cardinality": "3850116"
                                            },
                                            "cumulative_cardinality": 3529791038,
                                            "operator_type": "PROJECTION",
                                            "operator_cardinality": 410722,
                                            "cumulative_rows_scanned": 31268581,
                                            "operator_rows_scanned": 0,
                                            "operator_timing": 0.0001643180000000001,
                                            "result_set_size": 50108084,
                                            "children": [
                                                {
                                                    "operator_name": "HASH_JOIN",
                                                    "cpu_time": 47.677279838998444,
                                                    "extra_info": {
                                                        "Join Type": "INNER",
                                                        "Conditions": "PostId = UserId",
                                                        "Estimated Cardinality": "3850116"
                                                    },
                                                    "cumulative_cardinality": 3529380316,
                                                    "operator_type": "HASH_JOIN",
                                                    "operator_cardinality": 410722,
                                                    "cumulative_rows_scanned": 31268581,
                                                    "operator_rows_scanned": 0,
                                                    "operator_timing": 0.15574691499999999,
                                                    "result_set_size": 48465196,
                                                    "children": [
                                                        {
                                                            "operator_name": "PROJECTION",
                                                            "cpu_time": 45.63963331899844,
                                                            "extra_info": {
                                                                "Projections": [
                                                                    "PostId",
                                                                    "title",
                                                                    "posttypeid",
                                                                    "CommentCount",
                                                                    "UpVoteCount",
                                                                    "DownVoteCount"
                                                                ],
                                                                "Estimated Cardinality": "3850116"
                                                            },
                                                            "cumulative_cardinality": 3509040470,
                                                            "operator_type": "PROJECTION",
                                                            "operator_cardinality": 462266,
                                                            "cumulative_rows_scanned": 26157755,
                                                            "operator_rows_scanned": 0,
                                                            "operator_timing": 0.0064110750000000005,
                                                            "result_set_size": 28660492,
                                                            "children": [
                                                                {
                                                                    "operator_name": "PROJECTION",
                                                                    "cpu_time": 45.63322224399844,
                                                                    "extra_info": {
                                                                        "Projections": [
                                                                            "#0",
                                                                            "#1",
                                                                            "__internal_decompress_integral_smallint(#2, 1)",
                                                                            "#3",
                                                                            "#4",
                                                                            "#5"
                                                                        ],
                                                                        "Estimated Cardinality": "3850116"
                                                                    },
                                                                    "cumulative_cardinality": 3508578204,
                                                                    "operator_type": "PROJECTION",
                                                                    "operator_cardinality": 462266,
                                                                    "cumulative_rows_scanned": 26157755,
                                                                    "operator_rows_scanned": 0,
                                                                    "operator_timing": 0.00020098200000000018,
                                                                    "result_set_size": 28660492,
                                                                    "children": [
                                                                        {
                                                                            "operator_name": "HASH_GROUP_BY",
                                                                            "cpu_time": 45.63302126199844,
                                                                            "extra_info": {
                                                                                "Groups": [
                                                                                    "#0",
                                                                                    "#1",
                                                                                    "#2"
                                                                                ],
                                                                                "Aggregates": [
                                                                                    "count(#3)",
                                                                                    "sum(#4)",
                                                                                    "sum(#5)"
                                                                                ],
                                                                                "Estimated Cardinality": "3850116"
                                                                            },
                                                                            "cumulative_cardinality": 3508115938,
                                                                            "operator_type": "HASH_GROUP_BY",
                                                                            "operator_cardinality": 462266,
                                                                            "cumulative_rows_scanned": 26157755,
                                                                            "operator_rows_scanned": 0,
                                                                            "operator_timing": 26.713427147998765,
                                                                            "result_set_size": 28198226,
                                                                            "children": [
                                                                                {
                                                                                    "operator_name": "PROJECTION",
                                                                                    "cpu_time": 18.91959411399967,
                                                                                    "extra_info": {
                                                                                        "Projections": [
                                                                                            "id",
                                                                                            "title",
                                                                                            "posttypeid",
                                                                                            "id",
                                                                                            "CASE  WHEN ((votetypeid = 2)) THEN (1) ELSE 0 END",
                                                                                            "CASE  WHEN ((votetypeid = 3)) THEN (1) ELSE 0 END"
                                                                                        ],
                                                                                        "Estimated Cardinality": "12744093"
                                                                                    },
                                                                                    "cumulative_cardinality": 3507653672,
                                                                                    "operator_type": "PROJECTION",
                                                                                    "operator_cardinality": 744326272,
                                                                                    "cumulative_rows_scanned": 26157755,
                                                                                    "operator_rows_scanned": 0,
                                                                                    "operator_timing": 4.024732635000055,
                                                                                    "result_set_size": 24562766976,
                                                                                    "children": [
                                                                                        {
                                                                                            "operator_name": "PROJECTION",
                                                                                            "cpu_time": 14.894861478999612,
                                                                                            "extra_info": {
                                                                                                "Projections": [
                                                                                                    "#2",
                                                                                                    "__internal_compress_integral_utinyint(#3, 1)",
                                                                                                    "#4",
                                                                                                    "#1",
                                                                                                    "#0",
                                                                                                    "#5"
                                                                                                ],
                                                                                                "Estimated Cardinality": "12744093"
                                                                                            },
                                                                                            "cumulative_cardinality": 2763327400,
                                                                                            "operator_type": "PROJECTION",
                                                                                            "operator_cardinality": 744326272,
                                                                                            "cumulative_rows_scanned": 26157755,
                                                                                            "operator_rows_scanned": 0,
                                                                                            "operator_timing": 0.7925819139999879,
                                                                                            "result_set_size": 23074114432,
                                                                                            "children": [
                                                                                                {
                                                                                                    "operator_name": "FILTER",
                                                                                                    "cpu_time": 14.102279564999625,
                                                                                                    "extra_info": {
                                                                                                        "Expression": "(#2 <= 1416570)",
                                                                                                        "Estimated Cardinality": "12744093"
                                                                                                    },
                                                                                                    "cumulative_cardinality": 2019001128,
                                                                                                    "operator_type": "FILTER",
                                                                                                    "operator_cardinality": 744326272,
                                                                                                    "cumulative_rows_scanned": 26157755,
                                                                                                    "operator_rows_scanned": 0,
                                                                                                    "operator_timing": 2.7576286510002377,
                                                                                                    "result_set_size": 23818440704,
                                                                                                    "children": [
                                                                                                        {
                                                                                                            "operator_name": "HASH_JOIN",
                                                                                                            "cpu_time": 11.344650913999388,
                                                                                                            "extra_info": {
                                                                                                                "Join Type": "LEFT",
                                                                                                                "Conditions": "owneruserid = userid",
                                                                                                                "Estimated Cardinality": "12744093"
                                                                                                            },
                                                                                                            "cumulative_cardinality": 1274674856,
                                                                                                            "operator_type": "HASH_JOIN",
                                                                                                            "operator_cardinality": 1207534925,
                                                                                                            "cumulative_rows_scanned": 26157755,
                                                                                                            "operator_rows_scanned": 0,
                                                                                                            "operator_timing": 8.94934171499938,
                                                                                                            "result_set_size": 38641117600,
                                                                                                            "children": [
                                                                                                                {
                                                                                                                    "operator_name": "PROJECTION",
                                                                                                                    "cpu_time": 2.381986236000008,
                                                                                                                    "extra_info": {
                                                                                                                        "Projections": [
                                                                                                                            "#0",
                                                                                                                            "#1",
                                                                                                                            "#2",
                                                                                                                            "__internal_decompress_integral_smallint(#3, 1)",
                                                                                                                            "#4",
                                                                                                                            "#5"
                                                                                                                        ],
                                                                                                                        "Estimated Cardinality": "12744093"
                                                                                                                    },
                                                                                                                    "cumulative_cardinality": 64818207,
                                                                                                                    "operator_type": "PROJECTION",
                                                                                                                    "operator_cardinality": 16904139,
                                                                                                                    "cumulative_rows_scanned": 23836031,
                                                                                                                    "operator_rows_scanned": 0,
                                                                                                                    "operator_timing": 0.0252018890000004,
                                                                                                                    "result_set_size": 540932448,
                                                                                                                    "children": [
                                                                                                                        {
                                                                                                                            "operator_name": "HASH_JOIN",
                                                                                                                            "cpu_time": 2.3567843470000076,
                                                                                                                            "extra_info": {
                                                                                                                                "Join Type": "RIGHT",
                                                                                                                                "Conditions": "postid = id",
                                                                                                                                "Estimated Cardinality": "12744093"
                                                                                                                            },
                                                                                                                            "cumulative_cardinality": 47914068,
                                                                                                                            "operator_type": "HASH_JOIN",
                                                                                                                            "operator_cardinality": 16904139,
                                                                                                                            "cumulative_rows_scanned": 23836031,
                                                                                                                            "operator_rows_scanned": 0,
                                                                                                                            "operator_timing": 1.1278111730000073,
                                                                                                                            "result_set_size": 524028309,
                                                                                                                            "children": [
                                                                                                                                {
                                                                                                                                    "operator_name": "READ_PARQUET ",
                                                                                                                                    "cpu_time": 0.22422879800000042,
                                                                                                                                    "extra_info": {
                                                                                                                                        "Function": "READ_PARQUET",
                                                                                                                                        "Projections": [
                                                                                                                                            "postid",
                                                                                                                                            "votetypeid"
                                                                                                                                        ],
                                                                                                                                        "Estimated Cardinality": "12744093"
                                                                                                                                    },
                                                                                                                                    "cumulative_cardinality": 12744093,
                                                                                                                                    "operator_type": "TABLE_SCAN",
                                                                                                                                    "operator_cardinality": 12744093,
                                                                                                                                    "cumulative_rows_scanned": 12744093,
                                                                                                                                    "operator_rows_scanned": 12744093,
                                                                                                                                    "operator_timing": 0.22422879800000042,
                                                                                                                                    "result_set_size": 76464558,
                                                                                                                                    "children": []
                                                                                                                                },
                                                                                                                                {
                                                                                                                                    "operator_name": "PROJECTION",
                                                                                                                                    "cpu_time": 1.0047443759999999,
                                                                                                                                    "extra_info": {
                                                                                                                                        "Projections": [
                                                                                                                                            "#0",
                                                                                                                                            "#1",
                                                                                                                                            "__internal_compress_integral_utinyint(#2, 1)",
                                                                                                                                            "#3",
                                                                                                                                            "#4"
                                                                                                                                        ],
                                                                                                                                        "Estimated Cardinality": "7241822"
                                                                                                                                    },
                                                                                                                                    "cumulative_cardinality": 18265836,
                                                                                                                                    "operator_type": "PROJECTION",
                                                                                                                                    "operator_cardinality": 4677925,
                                                                                                                                    "cumulative_rows_scanned": 11091938,
                                                                                                                                    "operator_rows_scanned": 0,
                                                                                                                                    "operator_timing": 0.005054811999999919,
                                                                                                                                    "result_set_size": 135659825,
                                                                                                                                    "children": [
                                                                                                                                        {
                                                                                                                                            "operator_name": "HASH_JOIN",
                                                                                                                                            "cpu_time": 0.999689564,
                                                                                                                                            "extra_info": {
                                                                                                                                                "Join Type": "RIGHT",
                                                                                                                                                "Conditions": "postid = id",
                                                                                                                                                "Estimated Cardinality": "7241822"
                                                                                                                                            },
                                                                                                                                            "cumulative_cardinality": 13587911,
                                                                                                                                            "operator_type": "HASH_JOIN",
                                                                                                                                            "operator_cardinality": 4677925,
                                                                                                                                            "cumulative_rows_scanned": 11091938,
                                                                                                                                            "operator_rows_scanned": 0,
                                                                                                                                            "operator_timing": 0.46304553599999987,
                                                                                                                                            "result_set_size": 140337750,
                                                                                                                                            "children": [
                                                                                                                                                {
                                                                                                                                                    "operator_name": "READ_PARQUET ",
                                                                                                                                                    "cpu_time": 0.12721065200000026,
                                                                                                                                                    "extra_info": {
                                                                                                                                                        "Function": "READ_PARQUET",
                                                                                                                                                        "Projections": [
                                                                                                                                                            "id",
                                                                                                                                                            "postid"
                                                                                                                                                        ],
                                                                                                                                                        "Estimated Cardinality": "7241822"
                                                                                                                                                    },
                                                                                                                                                    "cumulative_cardinality": 7241822,
                                                                                                                                                    "operator_type": "TABLE_SCAN",
                                                                                                                                                    "operator_cardinality": 7241822,
                                                                                                                                                    "cumulative_rows_scanned": 7241822,
                                                                                                                                                    "operator_rows_scanned": 7241822,
                                                                                                                                                    "operator_timing": 0.12721065200000026,
                                                                                                                                                    "result_set_size": 57934576,
                                                                                                                                                    "children": []
                                                                                                                                                },
                                                                                                                                                {
                                                                                                                                                    "operator_name": "READ_PARQUET ",
                                                                                                                                                    "cpu_time": 0.40943337599999985,
                                                                                                                                                    "extra_info": {
                                                                                                                                                        "Function": "READ_PARQUET",
                                                                                                                                                        "Projections": [
                                                                                                                                                            "id",
                                                                                                                                                            "posttypeid",
                                                                                                                                                            "owneruserid",
                                                                                                                                                            "title"
                                                                                                                                                        ],
                                                                                                                                                        "Filters": "posttypeid=1",
                                                                                                                                                        "Estimated Cardinality": "770023"
                                                                                                                                                    },
                                                                                                                                                    "cumulative_cardinality": 1668164,
                                                                                                                                                    "operator_type": "TABLE_SCAN",
                                                                                                                                                    "operator_cardinality": 1668164,
                                                                                                                                                    "cumulative_rows_scanned": 3850116,
                                                                                                                                                    "operator_rows_scanned": 3850116,
                                                                                                                                                    "operator_timing": 0.40943337599999985,
                                                                                                                                                    "result_set_size": 43372264,
                                                                                                                                                    "children": []
                                                                                                                                                }
                                                                                                                                            ]
                                                                                                                                        }
                                                                                                                                    ]
                                                                                                                                }
                                                                                                                            ]
                                                                                                                        }
                                                                                                                    ]
                                                                                                                },
                                                                                                                {
                                                                                                                    "operator_name": "READ_PARQUET ",
                                                                                                                    "cpu_time": 0.013322963000000024,
                                                                                                                    "extra_info": {
                                                                                                                        "Function": "READ_PARQUET",
                                                                                                                        "Projections": "userid",
                                                                                                                        "Estimated Cardinality": "2321724"
                                                                                                                    },
                                                                                                                    "cumulative_cardinality": 2321724,
                                                                                                                    "operator_type": "TABLE_SCAN",
                                                                                                                    "operator_cardinality": 2321724,
                                                                                                                    "cumulative_rows_scanned": 2321724,
                                                                                                                    "operator_rows_scanned": 2321724,
                                                                                                                    "operator_timing": 0.013322963000000024,
                                                                                                                    "result_set_size": 9286896,
                                                                                                                    "children": []
                                                                                                                }
                                                                                                            ]
                                                                                                        }
                                                                                                    ]
                                                                                                }
                                                                                            ]
                                                                                        }
                                                                                    ]
                                                                                }
                                                                            ]
                                                                        }
                                                                    ]
                                                                }
                                                            ]
                                                        },
                                                        {
                                                            "operator_name": "HASH_GROUP_BY",
                                                            "cpu_time": 1.8818996049999992,
                                                            "extra_info": {
                                                                "Groups": [
                                                                    "#0",
                                                                    "#1"
                                                                ],
                                                                "Aggregates": [
                                                                    "count(DISTINCT #2)",
                                                                    "sum(#3)",
                                                                    "sum(#4)"
                                                                ],
                                                                "Estimated Cardinality": "1260710"
                                                            },
                                                            "cumulative_cardinality": 19929124,
                                                            "operator_type": "HASH_GROUP_BY",
                                                            "operator_cardinality": 1260709,
                                                            "cumulative_rows_scanned": 5110826,
                                                            "operator_rows_scanned": 0,
                                                            "operator_timing": 1.2932396749999997,
                                                            "result_set_size": 75642540,
                                                            "children": [
                                                                {
                                                                    "operator_name": "PROJECTION",
                                                                    "cpu_time": 0.5886599299999994,
                                                                    "extra_info": {
                                                                        "Projections": [
                                                                            "id",
                                                                            "displayname",
                                                                            "id",
                                                                            "COALESCE(viewcount, 0)",
                                                                            "COALESCE(score, 0)"
                                                                        ],
                                                                        "Estimated Cardinality": "3850116"
                                                                    },
                                                                    "cumulative_cardinality": 18668415,
                                                                    "operator_type": "PROJECTION",
                                                                    "operator_cardinality": 4573897,
                                                                    "cumulative_rows_scanned": 5110826,
                                                                    "operator_rows_scanned": 0,
                                                                    "operator_timing": 0.0712514359999999,
                                                                    "result_set_size": 146364704,
                                                                    "children": [
                                                                        {
                                                                            "operator_name": "FILTER",
                                                                            "cpu_time": 0.5174084939999994,
                                                                            "extra_info": {
                                                                                "Expression": "(id >= 1)",
                                                                                "Estimated Cardinality": "3850116"
                                                                            },
                                                                            "cumulative_cardinality": 14094518,
                                                                            "operator_type": "FILTER",
                                                                            "operator_cardinality": 4573897,
                                                                            "cumulative_rows_scanned": 5110826,
                                                                            "operator_rows_scanned": 0,
                                                                            "operator_timing": 0.010428062999999928,
                                                                            "result_set_size": 146364704,
                                                                            "children": [
                                                                                {
                                                                                    "operator_name": "HASH_JOIN",
                                                                                    "cpu_time": 0.5069804309999996,
                                                                                    "extra_info": {
                                                                                        "Join Type": "RIGHT",
                                                                                        "Conditions": "owneruserid = id",
                                                                                        "Estimated Cardinality": "3850116"
                                                                                    },
                                                                                    "cumulative_cardinality": 9520621,
                                                                                    "operator_type": "HASH_JOIN",
                                                                                    "operator_cardinality": 4574495,
                                                                                    "cumulative_rows_scanned": 5110826,
                                                                                    "operator_rows_scanned": 0,
                                                                                    "operator_timing": 0.2807216079999998,
                                                                                    "result_set_size": 146383840,
                                                                                    "children": [
                                                                                        {
                                                                                            "operator_name": "READ_PARQUET ",
                                                                                            "cpu_time": 0.14731809599999982,
                                                                                            "extra_info": {
                                                                                                "Function": "READ_PARQUET",
                                                                                                "Projections": [
                                                                                                    "id",
                                                                                                    "score",
                                                                                                    "viewcount",
                                                                                                    "owneruserid"
                                                                                                ],
                                                                                                "Estimated Cardinality": "3850116"
                                                                                            },
                                                                                            "cumulative_cardinality": 3685416,
                                                                                            "operator_type": "TABLE_SCAN",
                                                                                            "operator_cardinality": 3685416,
                                                                                            "cumulative_rows_scanned": 3850116,
                                                                                            "operator_rows_scanned": 3850116,
                                                                                            "operator_timing": 0.14731809599999982,
                                                                                            "result_set_size": 58966656,
                                                                                            "children": []
                                                                                        },
                                                                                        {
                                                                                            "operator_name": "READ_PARQUET ",
                                                                                            "cpu_time": 0.07894072699999996,
                                                                                            "extra_info": {
                                                                                                "Function": "READ_PARQUET",
                                                                                                "Projections": [
                                                                                                    "id",
                                                                                                    "displayname"
                                                                                                ],
                                                                                                "Estimated Cardinality": "1260710"
                                                                                            },
                                                                                            "cumulative_cardinality": 1260710,
                                                                                            "operator_type": "TABLE_SCAN",
                                                                                            "operator_cardinality": 1260710,
                                                                                            "cumulative_rows_scanned": 1260710,
                                                                                            "operator_rows_scanned": 1260710,
                                                                                            "operator_timing": 0.07894072699999996,
                                                                                            "result_set_size": 25214200,
                                                                                            "children": []
                                                                                        }
                                                                                    ]
                                                                                }
                                                                            ]
                                                                        }
                                                                    ]
                                                                }
                                                            ]
                                                        }
                                                    ]
                                                }
                                            ]
                                        }
                                    ]
                                }
                            ]
                        }
                    ]
                }
            ]
        }
    ]
}