{
    "rows_returned": 119534,
    "query_name": "WITH PostEngagement AS (\n    SELECT \n        p.Id AS PostId,\n        p.Title,\n        p.CreationDate,\n        p.ViewCount,\n        COALESCE(c.CommentCount, 0) AS CommentCount,\n        COALESCE(a.AnswerCount, 0) AS AnswerCount,\n        COALESCE(v.UpVotes, 0) AS UpVotes,\n        COALESCE(v.DownVotes, 0) AS DownVotes,\n        COALESCE(b.BadgeCount, 0) AS BadgeCount,\n        u.Reputation AS UserReputation\n    FROM \n        Posts p\n    LEFT JOIN (\n        SELECT \n            PostId, \n            COUNT(*) AS CommentCount \n        FROM \n            Comments \n        GROUP BY \n            PostId\n    ) c ON p.Id = c.PostId\n    LEFT JOIN (\n        SELECT \n            ParentId AS PostId,\n            COUNT(*) AS AnswerCount \n        FROM \n            Posts \n        WHERE \n            PostTypeId = 2 \n        GROUP BY \n            ParentId\n    ) a ON p.Id = a.PostId\n    LEFT JOIN (\n        SELECT \n            PostId,\n            SUM(CASE WHEN VoteTypeId = 2 THEN 1 ELSE 0 END) AS UpVotes,\n            SUM(CASE WHEN VoteTypeId = 3 THEN 1 ELSE 0 END) AS DownVotes\n        FROM \n            Votes\n        GROUP BY \n            PostId\n    ) v ON p.Id = v.PostId\n    LEFT JOIN (\n        SELECT \n            UserId,\n            COUNT(*) AS BadgeCount \n        FROM \n            Badges \n        GROUP BY \n            UserId\n    ) b ON p.OwnerUserId = b.UserId\n    LEFT JOIN \n        Users u ON p.OwnerUserId = u.Id\n    WHERE \n        p.CreationDate >= '2023-01-01' \n        AND p.CreationDate < '2023-10-01'\n)\n\nSELECT \n    PostId, \n    Title, \n    CreationDate, \n    ViewCount, \n    CommentCount, \n    AnswerCount, \n    UpVotes, \n    DownVotes, \n    UserReputation,\n    BadgeCount\nFROM \n    PostEngagement\nORDER BY \n    ViewCount DESC;",
    "blocked_thread_time": 0.0,
    "cpu_time": 1.9900108699999997,
    "extra_info": {},
    "cumulative_cardinality": 59338871,
    "cumulative_rows_scanned": 31268581,
    "result_set_size": 10997128,
    "latency": 2.425131002,
    "children": [
        {
            "operator_name": "ORDER_BY",
            "cpu_time": 1.9900108699999997,
            "extra_info": {
                "Order By": "PostEngagement.ViewCount DESC"
            },
            "cumulative_cardinality": 59338871,
            "operator_type": "ORDER_BY",
            "operator_cardinality": 119534,
            "cumulative_rows_scanned": 31268581,
            "operator_rows_scanned": 0,
            "operator_timing": 0.021779391000000002,
            "result_set_size": 10997128,
            "children": [
                {
                    "operator_name": "PROJECTION",
                    "cpu_time": 1.9682314789999997,
                    "extra_info": {
                        "Projections": [
                            "PostId",
                            "title",
                            "creationdate",
                            "viewcount",
                            "CommentCount",
                            "AnswerCount",
                            "UpVotes",
                            "DownVotes",
                            "UserReputation",
                            "BadgeCount"
                        ],
                        "Estimated Cardinality": "6372046"
                    },
                    "cumulative_cardinality": 59219337,
                    "operator_type": "PROJECTION",
                    "operator_cardinality": 119534,
                    "cumulative_rows_scanned": 31268581,
                    "operator_rows_scanned": 0,
                    "operator_timing": 0.00010117199999999997,
                    "result_set_size": 10997128,
                    "children": [
                        {
                            "operator_name": "PROJECTION",
                            "cpu_time": 1.9681303069999998,
                            "extra_info": {
                                "Projections": [
                                    "PostId",
                                    "title",
                                    "creationdate",
                                    "viewcount",
                                    "CommentCount",
                                    "AnswerCount",
                                    "UpVotes",
                                    "DownVotes",
                                    "BadgeCount",
                                    "UserReputation"
                                ],
                                "Estimated Cardinality": "6372046"
                            },
                            "cumulative_cardinality": 59099803,
                            "operator_type": "PROJECTION",
                            "operator_cardinality": 119534,
                            "cumulative_rows_scanned": 31268581,
                            "operator_rows_scanned": 0,
                            "operator_timing": 0.008697554999999997,
                            "result_set_size": 10997128,
                            "children": [
                                {
                                    "operator_name": "HASH_JOIN",
                                    "cpu_time": 1.9594327519999999,
                                    "extra_info": {
                                        "Join Type": "LEFT",
                                        "Conditions": "owneruserid = id",
                                        "Estimated Cardinality": "6372046"
                                    },
                                    "cumulative_cardinality": 58980269,
                                    "operator_type": "HASH_JOIN",
                                    "operator_cardinality": 119534,
                                    "cumulative_rows_scanned": 31268581,
                                    "operator_rows_scanned": 0,
                                    "operator_timing": 0.065422892,
                                    "result_set_size": 10997128,
                                    "children": [
                                        {
                                            "operator_name": "HASH_JOIN",
                                            "cpu_time": 1.879821779,
                                            "extra_info": {
                                                "Join Type": "LEFT",
                                                "Conditions": "owneruserid = userid",
                                                "Estimated Cardinality": "6372046"
                                            },
                                            "cumulative_cardinality": 57600025,
                                            "operator_type": "HASH_JOIN",
                                            "operator_cardinality": 119534,
                                            "cumulative_rows_scanned": 30007871,
                                            "operator_rows_scanned": 0,
                                            "operator_timing": 0.031990615,
                                            "result_set_size": 10997128,
                                            "children": [
                                                {
                                                    "operator_name": "HASH_JOIN",
                                                    "cpu_time": 1.773315514,
                                                    "extra_info": {
                                                        "Join Type": "RIGHT",
                                                        "Conditions": "postid = id",
                                                        "Estimated Cardinality": "6372046"
                                                    },
                                                    "cumulative_cardinality": 52288022,
                                                    "operator_type": "HASH_JOIN",
                                                    "operator_cardinality": 119534,
                                                    "cumulative_rows_scanned": 27686147,
                                                    "operator_rows_scanned": 0,
                                                    "operator_timing": 0.07479257699999992,
                                                    "result_set_size": 10040856,
                                                    "children": [
                                                        {
                                                            "operator_name": "HASH_GROUP_BY",
                                                            "cpu_time": 1.0081506029999994,
                                                            "extra_info": {
                                                                "Groups": "#0",
                                                                "Aggregates": [
                                                                    "sum(#1)",
                                                                    "sum(#2)"
                                                                ],
                                                                "Estimated Cardinality": "6372046"
                                                            },
                                                            "cumulative_cardinality": 29453413,
                                                            "operator_type": "HASH_GROUP_BY",
                                                            "operator_cardinality": 3965227,
                                                            "cumulative_rows_scanned": 12744093,
                                                            "operator_rows_scanned": 0,
                                                            "operator_timing": 0.7729560459999996,
                                                            "result_set_size": 142748172,
                                                            "children": [
                                                                {
                                                                    "operator_name": "PROJECTION",
                                                                    "cpu_time": 0.23519455699999972,
                                                                    "extra_info": {
                                                                        "Projections": [
                                                                            "postid",
                                                                            "CASE  WHEN ((votetypeid = 2)) THEN (1) ELSE 0 END",
                                                                            "CASE  WHEN ((votetypeid = 3)) THEN (1) ELSE 0 END"
                                                                        ],
                                                                        "Estimated Cardinality": "12744093"
                                                                    },
                                                                    "cumulative_cardinality": 25488186,
                                                                    "operator_type": "PROJECTION",
                                                                    "operator_cardinality": 12744093,
                                                                    "cumulative_rows_scanned": 12744093,
                                                                    "operator_rows_scanned": 0,
                                                                    "operator_timing": 0.10208085000000006,
                                                                    "result_set_size": 152929116,
                                                                    "children": [
                                                                        {
                                                                            "operator_name": "READ_PARQUET ",
                                                                            "cpu_time": 0.13311370699999966,
                                                                            "extra_info": {
                                                                                "Function": "READ_PARQUET",
                                                                                "Projections": [
                                                                                    "postid",
                                                                                    "votetypeid"
                                                                                ],
                                                                                "Estimated Cardinality": "12744093"
                                                                            },
                                                                            "cumulative_cardinality": 12744093,
                                                                            "operator_type": "TABLE_SCAN",
                                                                            "operator_cardinality": 12744093,
                                                                            "cumulative_rows_scanned": 12744093,
                                                                            "operator_rows_scanned": 12744093,
                                                                            "operator_timing": 0.13311370699999966,
                                                                            "result_set_size": 76464558,
                                                                            "children": []
                                                                        }
                                                                    ]
                                                                }
                                                            ]
                                                        },
                                                        {
                                                            "operator_name": "HASH_JOIN",
                                                            "cpu_time": 0.6903723340000008,
                                                            "extra_info": {
                                                                "Join Type": "LEFT",
                                                                "Conditions": "id = PostId",
                                                                "Estimated Cardinality": "3620911"
                                                            },
                                                            "cumulative_cardinality": 22715075,
                                                            "operator_type": "HASH_JOIN",
                                                            "operator_cardinality": 119534,
                                                            "cumulative_rows_scanned": 14942054,
                                                            "operator_rows_scanned": 0,
                                                            "operator_timing": 0.06380344900000003,
                                                            "result_set_size": 6215768,
                                                            "children": [
                                                                {
                                                                    "operator_name": "HASH_JOIN",
                                                                    "cpu_time": 0.4099369590000005,
                                                                    "extra_info": {
                                                                        "Join Type": "RIGHT",
                                                                        "Conditions": "postid = id",
                                                                        "Estimated Cardinality": "3620911"
                                                                    },
                                                                    "cumulative_cardinality": 16886384,
                                                                    "operator_type": "HASH_JOIN",
                                                                    "operator_cardinality": 119534,
                                                                    "cumulative_rows_scanned": 11091938,
                                                                    "operator_rows_scanned": 0,
                                                                    "operator_timing": 0.04396335599999999,
                                                                    "result_set_size": 5259496,
                                                                    "children": [
                                                                        {
                                                                            "operator_name": "HASH_GROUP_BY",
                                                                            "cpu_time": 0.3046623980000005,
                                                                            "extra_info": {
                                                                                "Groups": "#0",
                                                                                "Aggregates": "count_star()",
                                                                                "Estimated Cardinality": "3620911"
                                                                            },
                                                                            "cumulative_cardinality": 16647316,
                                                                            "operator_type": "HASH_GROUP_BY",
                                                                            "operator_cardinality": 2163672,
                                                                            "cumulative_rows_scanned": 7241822,
                                                                            "operator_rows_scanned": 0,
                                                                            "operator_timing": 0.26170698000000053,
                                                                            "result_set_size": 25964064,
                                                                            "children": [
                                                                                {
                                                                                    "operator_name": "PROJECTION",
                                                                                    "cpu_time": 0.04295541799999998,
                                                                                    "extra_info": {
                                                                                        "Projections": "postid",
                                                                                        "Estimated Cardinality": "7241822"
                                                                                    },
                                                                                    "cumulative_cardinality": 14483644,
                                                                                    "operator_type": "PROJECTION",
                                                                                    "operator_cardinality": 7241822,
                                                                                    "cumulative_rows_scanned": 7241822,
                                                                                    "operator_rows_scanned": 0,
                                                                                    "operator_timing": 0.0004074449999999988,
                                                                                    "result_set_size": 28967288,
                                                                                    "children": [
                                                                                        {
                                                                                            "operator_name": "READ_PARQUET ",
                                                                                            "cpu_time": 0.04254797299999998,
                                                                                            "extra_info": {
                                                                                                "Function": "READ_PARQUET",
                                                                                                "Projections": "postid",
                                                                                                "Estimated Cardinality": "7241822"
                                                                                            },
                                                                                            "cumulative_cardinality": 7241822,
                                                                                            "operator_type": "TABLE_SCAN",
                                                                                            "operator_cardinality": 7241822,
                                                                                            "cumulative_rows_scanned": 7241822,
                                                                                            "operator_rows_scanned": 7241822,
                                                                                            "operator_timing": 0.04254797299999998,
                                                                                            "result_set_size": 28967288,
                                                                                            "children": []
                                                                                        }
                                                                                    ]
                                                                                }
                                                                            ]
                                                                        },
                                                                        {
                                                                            "operator_name": "READ_PARQUET ",
                                                                            "cpu_time": 0.061311204999999994,
                                                                            "extra_info": {
                                                                                "Function": "READ_PARQUET",
                                                                                "Projections": [
                                                                                    "id",
                                                                                    "creationdate",
                                                                                    "viewcount",
                                                                                    "owneruserid",
                                                                                    "title"
                                                                                ],
                                                                                "Filters": "creationdate>='2023-01-01 00:00:00'::TIMESTAMP AND creationdate<'2023-10-01 00:00:00'::TIMESTAMP",
                                                                                "Estimated Cardinality": "770023"
                                                                            },
                                                                            "cumulative_cardinality": 119534,
                                                                            "operator_type": "TABLE_SCAN",
                                                                            "operator_cardinality": 119534,
                                                                            "cumulative_rows_scanned": 3850116,
                                                                            "operator_rows_scanned": 3850116,
                                                                            "operator_timing": 0.061311204999999994,
                                                                            "result_set_size": 4303224,
                                                                            "children": []
                                                                        }
                                                                    ]
                                                                },
                                                                {
                                                                    "operator_name": "HASH_GROUP_BY",
                                                                    "cpu_time": 0.21663192600000025,
                                                                    "extra_info": {
                                                                        "Groups": "#0",
                                                                        "Aggregates": "count_star()",
                                                                        "Estimated Cardinality": "385011"
                                                                    },
                                                                    "cumulative_cardinality": 5709157,
                                                                    "operator_type": "HASH_GROUP_BY",
                                                                    "operator_cardinality": 1354571,
                                                                    "cumulative_rows_scanned": 3850116,
                                                                    "operator_rows_scanned": 0,
                                                                    "operator_timing": 0.11431752800000007,
                                                                    "result_set_size": 16254852,
                                                                    "children": [
                                                                        {
                                                                            "operator_name": "PROJECTION",
                                                                            "cpu_time": 0.10231439800000017,
                                                                            "extra_info": {
                                                                                "Projections": "parentid",
                                                                                "Estimated Cardinality": "770023"
                                                                            },
                                                                            "cumulative_cardinality": 4354586,
                                                                            "operator_type": "PROJECTION",
                                                                            "operator_cardinality": 2177293,
                                                                            "cumulative_rows_scanned": 3850116,
                                                                            "operator_rows_scanned": 0,
                                                                            "operator_timing": 0.0002731129999999979,
                                                                            "result_set_size": 8709172,
                                                                            "children": [
                                                                                {
                                                                                    "operator_name": "READ_PARQUET ",
                                                                                    "cpu_time": 0.10204128500000018,
                                                                                    "extra_info": {
                                                                                        "Function": "READ_PARQUET",
                                                                                        "Projections": "parentid",
                                                                                        "Filters": "posttypeid=2",
                                                                                        "Estimated Cardinality": "770023"
                                                                                    },
                                                                                    "cumulative_cardinality": 2177293,
                                                                                    "operator_type": "TABLE_SCAN",
                                                                                    "operator_cardinality": 2177293,
                                                                                    "cumulative_rows_scanned": 3850116,
                                                                                    "operator_rows_scanned": 3850116,
                                                                                    "operator_timing": 0.10204128500000018,
                                                                                    "result_set_size": 8709172,
                                                                                    "children": []
                                                                                }
                                                                            ]
                                                                        }
                                                                    ]
                                                                }
                                                            ]
                                                        }
                                                    ]
                                                },
                                                {
                                                    "operator_name": "HASH_GROUP_BY",
                                                    "cpu_time": 0.07451564999999995,
                                                    "extra_info": {
                                                        "Groups": "#0",
                                                        "Aggregates": "count_star()",
                                                        "Estimated Cardinality": "1160862"
                                                    },
                                                    "cumulative_cardinality": 5192469,
                                                    "operator_type": "HASH_GROUP_BY",
                                                    "operator_cardinality": 549021,
                                                    "cumulative_rows_scanned": 2321724,
                                                    "operator_rows_scanned": 0,
                                                    "operator_timing": 0.059922667999999936,
                                                    "result_set_size": 6588252,
                                                    "children": [
                                                        {
                                                            "operator_name": "PROJECTION",
                                                            "cpu_time": 0.01459298200000001,
                                                            "extra_info": {
                                                                "Projections": "userid",
                                                                "Estimated Cardinality": "2321724"
                                                            },
                                                            "cumulative_cardinality": 4643448,
                                                            "operator_type": "PROJECTION",
                                                            "operator_cardinality": 2321724,
                                                            "cumulative_rows_scanned": 2321724,
                                                            "operator_rows_scanned": 0,
                                                            "operator_timing": 0.00017880499999999933,
                                                            "result_set_size": 9286896,
                                                            "children": [
                                                                {
                                                                    "operator_name": "READ_PARQUET ",
                                                                    "cpu_time": 0.01441417700000001,
                                                                    "extra_info": {
                                                                        "Function": "READ_PARQUET",
                                                                        "Projections": "userid",
                                                                        "Estimated Cardinality": "2321724"
                                                                    },
                                                                    "cumulative_cardinality": 2321724,
                                                                    "operator_type": "TABLE_SCAN",
                                                                    "operator_cardinality": 2321724,
                                                                    "cumulative_rows_scanned": 2321724,
                                                                    "operator_rows_scanned": 2321724,
                                                                    "operator_timing": 0.01441417700000001,
                                                                    "result_set_size": 9286896,
                                                                    "children": []
                                                                }
                                                            ]
                                                        }
                                                    ]
                                                }
                                            ]
                                        },
                                        {
                                            "operator_name": "READ_PARQUET ",
                                            "cpu_time": 0.014188080999999983,
                                            "extra_info": {
                                                "Function": "READ_PARQUET",
                                                "Projections": [
                                                    "id",
                                                    "reputation"
                                                ],
                                                "Estimated Cardinality": "1260710"
                                            },
                                            "cumulative_cardinality": 1260710,
                                            "operator_type": "TABLE_SCAN",
                                            "operator_cardinality": 1260710,
                                            "cumulative_rows_scanned": 1260710,
                                            "operator_rows_scanned": 1260710,
                                            "operator_timing": 0.014188080999999983,
                                            "result_set_size": 10085680,
                                            "children": []
                                        }
                                    ]
                                }
                            ]
                        }
                    ]
                }
            ]
        }
    ]
}