{
    "rows_returned": 1589663,
    "query_name": "SELECT \n    p.Id AS PostId,\n    p.Title,\n    p.CreationDate,\n    p.ViewCount,\n    COALESCE(pv.UpVoteCount, 0) AS UpVoteCount,\n    COALESCE(pv.DownVoteCount, 0) AS DownVoteCount,\n    COALESCE(c.CommentCount, 0) AS CommentCount,\n    COALESCE(a.AcceptedAnswerId, 0) AS AcceptedAnswerId,\n    u.DisplayName AS OwnerDisplayName,\n    u.Reputation AS OwnerReputation,\n    DATE_PART('epoch', cast('2024-10-01 12:34:56' as timestamp) - p.CreationDate) AS AgeInSeconds\nFROM \n    Posts p\nJOIN \n    Users u ON p.OwnerUserId = u.Id\nLEFT JOIN \n    (SELECT \n         PostId,\n         SUM(CASE WHEN VoteTypeId = 2 THEN 1 ELSE 0 END) AS UpVoteCount,\n         SUM(CASE WHEN VoteTypeId = 3 THEN 1 ELSE 0 END) AS DownVoteCount\n     FROM \n         Votes\n     GROUP BY \n         PostId) pv ON p.Id = pv.PostId\nLEFT JOIN \n    (SELECT \n         PostId,\n         COUNT(*) AS CommentCount\n     FROM \n         Comments\n     GROUP BY \n         PostId) c ON p.Id = c.PostId\nLEFT JOIN \n    (SELECT DISTINCT \n         Id AS AcceptedAnswerId \n     FROM \n         Posts \n     WHERE \n         PostTypeId = 2) a ON p.AcceptedAnswerId = a.AcceptedAnswerId\nWHERE \n    p.PostTypeId = 1 \nORDER BY \n    p.CreationDate DESC;",
    "blocked_thread_time": 0.0,
    "cpu_time": 4.112340376,
    "extra_info": {},
    "cumulative_cardinality": 65099427,
    "cumulative_rows_scanned": 28946857,
    "result_set_size": 165324952,
    "latency": 8.496424659,
    "children": [
        {
            "operator_name": "ORDER_BY",
            "cpu_time": 4.112340376,
            "extra_info": {
                "Order By": "p.CreationDate DESC"
            },
            "cumulative_cardinality": 65099427,
            "operator_type": "ORDER_BY",
            "operator_cardinality": 1589663,
            "cumulative_rows_scanned": 28946857,
            "operator_rows_scanned": 0,
            "operator_timing": 0.47933772800000035,
            "result_set_size": 165324952,
            "children": [
                {
                    "operator_name": "PROJECTION",
                    "cpu_time": 3.6330026479999993,
                    "extra_info": {
                        "Projections": [
                            "PostId",
                            "title",
                            "creationdate",
                            "viewcount",
                            "UpVoteCount",
                            "DownVoteCount",
                            "CommentCount",
                            "AcceptedAnswerId",
                            "OwnerDisplayName",
                            "OwnerReputation",
                            "AgeInSeconds"
                        ],
                        "Estimated Cardinality": "6372046"
                    },
                    "cumulative_cardinality": 63509764,
                    "operator_type": "PROJECTION",
                    "operator_cardinality": 1589663,
                    "cumulative_rows_scanned": 28946857,
                    "operator_rows_scanned": 0,
                    "operator_timing": 0.19669076799999996,
                    "result_set_size": 165324952,
                    "children": [
                        {
                            "operator_name": "HASH_JOIN",
                            "cpu_time": 3.4363118799999994,
                            "extra_info": {
                                "Join Type": "LEFT",
                                "Conditions": "acceptedanswerid = AcceptedAnswerId",
                                "Estimated Cardinality": "6372046"
                            },
                            "cumulative_cardinality": 61920101,
                            "operator_type": "HASH_JOIN",
                            "operator_cardinality": 1589663,
                            "cumulative_rows_scanned": 28946857,
                            "operator_rows_scanned": 0,
                            "operator_timing": 0.18932633299999965,
                            "result_set_size": 152607648,
                            "children": [
                                {
                                    "operator_name": "HASH_JOIN",
                                    "cpu_time": 2.9526946709999997,
                                    "extra_info": {
                                        "Join Type": "LEFT",
                                        "Conditions": "id = postid",
                                        "Estimated Cardinality": "6372046"
                                    },
                                    "cumulative_cardinality": 53798559,
                                    "operator_type": "HASH_JOIN",
                                    "operator_cardinality": 1589663,
                                    "cumulative_rows_scanned": 25096741,
                                    "operator_rows_scanned": 0,
                                    "operator_timing": 0.21071063699999942,
                                    "result_set_size": 152607648,
                                    "children": [
                                        {
                                            "operator_name": "HASH_JOIN",
                                            "cpu_time": 2.443668692,
                                            "extra_info": {
                                                "Join Type": "RIGHT",
                                                "Conditions": "postid = id",
                                                "Estimated Cardinality": "6372046"
                                            },
                                            "cumulative_cardinality": 35561580,
                                            "operator_type": "HASH_JOIN",
                                            "operator_cardinality": 1589663,
                                            "cumulative_rows_scanned": 17854919,
                                            "operator_rows_scanned": 0,
                                            "operator_timing": 0.468827255999999,
                                            "result_set_size": 139890344,
                                            "children": [
                                                {
                                                    "operator_name": "HASH_GROUP_BY",
                                                    "cpu_time": 1.0203343450000009,
                                                    "extra_info": {
                                                        "Groups": "#0",
                                                        "Aggregates": [
                                                            "sum(#1)",
                                                            "sum(#2)"
                                                        ],
                                                        "Estimated Cardinality": "6372046"
                                                    },
                                                    "cumulative_cardinality": 29453413,
                                                    "operator_type": "HASH_GROUP_BY",
                                                    "operator_cardinality": 3965227,
                                                    "cumulative_rows_scanned": 12744093,
                                                    "operator_rows_scanned": 0,
                                                    "operator_timing": 0.7858084609999998,
                                                    "result_set_size": 142748172,
                                                    "children": [
                                                        {
                                                            "operator_name": "PROJECTION",
                                                            "cpu_time": 0.23452588400000107,
                                                            "extra_info": {
                                                                "Projections": [
                                                                    "postid",
                                                                    "CASE  WHEN ((votetypeid = 2)) THEN (1) ELSE 0 END",
                                                                    "CASE  WHEN ((votetypeid = 3)) THEN (1) ELSE 0 END"
                                                                ],
                                                                "Estimated Cardinality": "12744093"
                                                            },
                                                            "cumulative_cardinality": 25488186,
                                                            "operator_type": "PROJECTION",
                                                            "operator_cardinality": 12744093,
                                                            "cumulative_rows_scanned": 12744093,
                                                            "operator_rows_scanned": 0,
                                                            "operator_timing": 0.10220116600000066,
                                                            "result_set_size": 152929116,
                                                            "children": [
                                                                {
                                                                    "operator_name": "READ_PARQUET ",
                                                                    "cpu_time": 0.13232471800000042,
                                                                    "extra_info": {
                                                                        "Function": "READ_PARQUET",
                                                                        "Projections": [
                                                                            "postid",
                                                                            "votetypeid"
                                                                        ],
                                                                        "Estimated Cardinality": "12744093"
                                                                    },
                                                                    "cumulative_cardinality": 12744093,
                                                                    "operator_type": "TABLE_SCAN",
                                                                    "operator_cardinality": 12744093,
                                                                    "cumulative_rows_scanned": 12744093,
                                                                    "operator_rows_scanned": 12744093,
                                                                    "operator_timing": 0.13232471800000042,
                                                                    "result_set_size": 76464558,
                                                                    "children": []
                                                                }
                                                            ]
                                                        }
                                                    ]
                                                },
                                                {
                                                    "operator_name": "HASH_JOIN",
                                                    "cpu_time": 0.9545070910000004,
                                                    "extra_info": {
                                                        "Join Type": "INNER",
                                                        "Conditions": "id = owneruserid",
                                                        "Estimated Cardinality": "770023"
                                                    },
                                                    "cumulative_cardinality": 4518504,
                                                    "operator_type": "HASH_JOIN",
                                                    "operator_cardinality": 1589663,
                                                    "cumulative_rows_scanned": 5110826,
                                                    "operator_rows_scanned": 0,
                                                    "operator_timing": 0.2985065579999999,
                                                    "result_set_size": 89021128,
                                                    "children": [
                                                        {
                                                            "operator_name": "READ_PARQUET ",
                                                            "cpu_time": 0.10147986700000008,
                                                            "extra_info": {
                                                                "Function": "READ_PARQUET",
                                                                "Projections": [
                                                                    "id",
                                                                    "reputation",
                                                                    "displayname"
                                                                ],
                                                                "Filters": "id<=1416539",
                                                                "Estimated Cardinality": "1260710"
                                                            },
                                                            "cumulative_cardinality": 1260677,
                                                            "operator_type": "TABLE_SCAN",
                                                            "operator_cardinality": 1260677,
                                                            "cumulative_rows_scanned": 1260710,
                                                            "operator_rows_scanned": 1260710,
                                                            "operator_timing": 0.10147986700000008,
                                                            "result_set_size": 30256248,
                                                            "children": []
                                                        },
                                                        {
                                                            "operator_name": "READ_PARQUET ",
                                                            "cpu_time": 0.5545206660000004,
                                                            "extra_info": {
                                                                "Function": "READ_PARQUET",
                                                                "Projections": [
                                                                    "id",
                                                                    "acceptedanswerid",
                                                                    "creationdate",
                                                                    "viewcount",
                                                                    "owneruserid",
                                                                    "title"
                                                                ],
                                                                "Filters": "posttypeid=1",
                                                                "Estimated Cardinality": "770023"
                                                            },
                                                            "cumulative_cardinality": 1668164,
                                                            "operator_type": "TABLE_SCAN",
                                                            "operator_cardinality": 1668164,
                                                            "cumulative_rows_scanned": 3850116,
                                                            "operator_rows_scanned": 3850116,
                                                            "operator_timing": 0.5545206660000004,
                                                            "result_set_size": 66726560,
                                                            "children": []
                                                        }
                                                    ]
                                                }
                                            ]
                                        },
                                        {
                                            "operator_name": "HASH_GROUP_BY",
                                            "cpu_time": 0.29831534199999976,
                                            "extra_info": {
                                                "Groups": "#0",
                                                "Aggregates": "count_star()",
                                                "Estimated Cardinality": "3620911"
                                            },
                                            "cumulative_cardinality": 16647316,
                                            "operator_type": "HASH_GROUP_BY",
                                            "operator_cardinality": 2163672,
                                            "cumulative_rows_scanned": 7241822,
                                            "operator_rows_scanned": 0,
                                            "operator_timing": 0.25507058799999965,
                                            "result_set_size": 25964064,
                                            "children": [
                                                {
                                                    "operator_name": "PROJECTION",
                                                    "cpu_time": 0.04324475400000009,
                                                    "extra_info": {
                                                        "Projections": "postid",
                                                        "Estimated Cardinality": "7241822"
                                                    },
                                                    "cumulative_cardinality": 14483644,
                                                    "operator_type": "PROJECTION",
                                                    "operator_cardinality": 7241822,
                                                    "cumulative_rows_scanned": 7241822,
                                                    "operator_rows_scanned": 0,
                                                    "operator_timing": 0.00043651199999999665,
                                                    "result_set_size": 28967288,
                                                    "children": [
                                                        {
                                                            "operator_name": "READ_PARQUET ",
                                                            "cpu_time": 0.04280824200000009,
                                                            "extra_info": {
                                                                "Function": "READ_PARQUET",
                                                                "Projections": "postid",
                                                                "Estimated Cardinality": "7241822"
                                                            },
                                                            "cumulative_cardinality": 7241822,
                                                            "operator_type": "TABLE_SCAN",
                                                            "operator_cardinality": 7241822,
                                                            "cumulative_rows_scanned": 7241822,
                                                            "operator_rows_scanned": 7241822,
                                                            "operator_timing": 0.04280824200000009,
                                                            "result_set_size": 28967288,
                                                            "children": []
                                                        }
                                                    ]
                                                }
                                            ]
                                        }
                                    ]
                                },
                                {
                                    "operator_name": "HASH_GROUP_BY",
                                    "cpu_time": 0.29429087600000015,
                                    "extra_info": {
                                        "Groups": "#0",
                                        "Aggregates": "",
                                        "Estimated Cardinality": "770023"
                                    },
                                    "cumulative_cardinality": 6531879,
                                    "operator_type": "HASH_GROUP_BY",
                                    "operator_cardinality": 2177293,
                                    "cumulative_rows_scanned": 3850116,
                                    "operator_rows_scanned": 0,
                                    "operator_timing": 0.18308463200000022,
                                    "result_set_size": 8709172,
                                    "children": [
                                        {
                                            "operator_name": "PROJECTION",
                                            "cpu_time": 0.11120624399999994,
                                            "extra_info": {
                                                "Projections": "AcceptedAnswerId",
                                                "Estimated Cardinality": "770023"
                                            },
                                            "cumulative_cardinality": 4354586,
                                            "operator_type": "PROJECTION",
                                            "operator_cardinality": 2177293,
                                            "cumulative_rows_scanned": 3850116,
                                            "operator_rows_scanned": 0,
                                            "operator_timing": 0.00031301099999999754,
                                            "result_set_size": 8709172,
                                            "children": [
                                                {
                                                    "operator_name": "READ_PARQUET ",
                                                    "cpu_time": 0.11089323299999994,
                                                    "extra_info": {
                                                        "Function": "READ_PARQUET",
                                                        "Projections": "id",
                                                        "Filters": "posttypeid=2",
                                                        "Estimated Cardinality": "770023"
                                                    },
                                                    "cumulative_cardinality": 2177293,
                                                    "operator_type": "TABLE_SCAN",
                                                    "operator_cardinality": 2177293,
                                                    "cumulative_rows_scanned": 3850116,
                                                    "operator_rows_scanned": 3850116,
                                                    "operator_timing": 0.11089323299999994,
                                                    "result_set_size": 8709172,
                                                    "children": []
                                                }
                                            ]
                                        }
                                    ]
                                }
                            ]
                        }
                    ]
                }
            ]
        }
    ]
}