{
    "rows_returned": 7,
    "query_name": "\nWITH PostStats AS (\n    SELECT \n        PT.Name AS PostType,\n        COUNT(P.Id) AS TotalPosts,\n        AVG(P.Score) AS AvgScore,\n        SUM(P.ViewCount) AS TotalViews,\n        SUM(COALESCE(P.AnswerCount, 0)) AS TotalAnswers,\n        SUM(COALESCE(P.CommentCount, 0)) AS TotalComments,\n        SUM(COALESCE(P.FavoriteCount, 0)) AS TotalFavorites,\n        MAX(P.CreationDate) AS LatestPostDate\n    FROM \n        Posts P\n    JOIN \n        PostTypes PT ON P.PostTypeId = PT.Id\n    GROUP BY \n        PT.Name\n),\nUserStats AS (\n    SELECT \n        U.DisplayName,\n        COUNT(B.Id) AS TotalBadges,\n        SUM(U.Reputation) AS TotalReputation,\n        MAX(U.LastAccessDate) AS LastActivity\n    FROM \n        Users U\n    LEFT JOIN \n        Badges B ON U.Id = B.UserId\n    GROUP BY \n        U.DisplayName\n)\nSELECT \n    PS.PostType,\n    PS.TotalPosts,\n    PS.AvgScore,\n    PS.TotalViews,\n    PS.TotalAnswers,\n    PS.TotalComments,\n    PS.TotalFavorites,\n    PS.LatestPostDate,\n    US.DisplayName AS TopUser,\n    US.TotalBadges,\n    US.TotalReputation,\n    US.LastActivity\nFROM \n    PostStats PS\nJOIN \n    UserStats US ON US.TotalBadges = (SELECT MAX(TotalBadges) FROM UserStats)\nORDER BY \n    PS.TotalPosts DESC;\n",
    "blocked_thread_time": 0.0,
    "cpu_time": 1.2222243169999987,
    "extra_info": {},
    "cumulative_cardinality": 25382592,
    "cumulative_rows_scanned": 7432558,
    "result_set_size": 1064,
    "latency": 1.278355509,
    "children": [
        {
            "operator_name": "ORDER_BY",
            "cpu_time": 1.2222243169999987,
            "extra_info": {
                "Order By": "PS.TotalPosts DESC"
            },
            "cumulative_cardinality": 25382592,
            "operator_type": "ORDER_BY",
            "operator_cardinality": 7,
            "cumulative_rows_scanned": 7432558,
            "operator_rows_scanned": 0,
            "operator_timing": 0.000031309,
            "result_set_size": 1064,
            "children": [
                {
                    "operator_name": "PROJECTION",
                    "cpu_time": 1.2221930079999987,
                    "extra_info": {
                        "Projections": [
                            "PostType",
                            "TotalPosts",
                            "AvgScore",
                            "TotalViews",
                            "TotalAnswers",
                            "TotalComments",
                            "TotalFavorites",
                            "LatestPostDate",
                            "TopUser",
                            "TotalBadges",
                            "TotalReputation",
                            "LastActivity"
                        ],
                        "Estimated Cardinality": "1260710"
                    },
                    "cumulative_cardinality": 25382585,
                    "operator_type": "PROJECTION",
                    "operator_cardinality": 7,
                    "cumulative_rows_scanned": 7432558,
                    "operator_rows_scanned": 0,
                    "operator_timing": 0.000001162,
                    "result_set_size": 1064,
                    "children": [
                        {
                            "operator_name": "CTE",
                            "cpu_time": 1.2221918459999987,
                            "extra_info": {
                                "CTE Name": "UserStats",
                                "Table Index": "0"
                            },
                            "cumulative_cardinality": 25382578,
                            "operator_type": "CTE",
                            "operator_cardinality": 0,
                            "cumulative_rows_scanned": 7432558,
                            "operator_rows_scanned": 0,
                            "operator_timing": 0.01699941899999999,
                            "result_set_size": 0,
                            "children": [
                                {
                                    "operator_name": "HASH_GROUP_BY",
                                    "cpu_time": 0.7889526739999992,
                                    "extra_info": {
                                        "Groups": "#0",
                                        "Aggregates": [
                                            "count(#1)",
                                            "sum(#2)",
                                            "max(#3)"
                                        ],
                                        "Estimated Cardinality": "1260710"
                                    },
                                    "cumulative_cardinality": 10694996,
                                    "operator_type": "HASH_GROUP_BY",
                                    "operator_cardinality": 1045736,
                                    "cumulative_rows_scanned": 3582434,
                                    "operator_rows_scanned": 0,
                                    "operator_timing": 0.3926874229999999,
                                    "result_set_size": 50195328,
                                    "children": [
                                        {
                                            "operator_name": "PROJECTION",
                                            "cpu_time": 0.3962652509999994,
                                            "extra_info": {
                                                "Projections": [
                                                    "displayname",
                                                    "id",
                                                    "reputation",
                                                    "lastaccessdate"
                                                ],
                                                "Estimated Cardinality": "2321724"
                                            },
                                            "cumulative_cardinality": 9649260,
                                            "operator_type": "PROJECTION",
                                            "operator_cardinality": 3033413,
                                            "cumulative_rows_scanned": 3582434,
                                            "operator_rows_scanned": 0,
                                            "operator_timing": 0.0005673430000000032,
                                            "result_set_size": 97069216,
                                            "children": [
                                                {
                                                    "operator_name": "HASH_JOIN",
                                                    "cpu_time": 0.3956979079999994,
                                                    "extra_info": {
                                                        "Join Type": "RIGHT",
                                                        "Conditions": "userid = id",
                                                        "Estimated Cardinality": "2321724"
                                                    },
                                                    "cumulative_cardinality": 6615847,
                                                    "operator_type": "HASH_JOIN",
                                                    "operator_cardinality": 3033413,
                                                    "cumulative_rows_scanned": 3582434,
                                                    "operator_rows_scanned": 0,
                                                    "operator_timing": 0.24608939799999954,
                                                    "result_set_size": 97069216,
                                                    "children": [
                                                        {
                                                            "operator_name": "READ_PARQUET ",
                                                            "cpu_time": 0.04989448399999984,
                                                            "extra_info": {
                                                                "Function": "READ_PARQUET",
                                                                "Projections": [
                                                                    "id",
                                                                    "userid"
                                                                ],
                                                                "Estimated Cardinality": "2321724"
                                                            },
                                                            "cumulative_cardinality": 2321724,
                                                            "operator_type": "TABLE_SCAN",
                                                            "operator_cardinality": 2321724,
                                                            "cumulative_rows_scanned": 2321724,
                                                            "operator_rows_scanned": 2321724,
                                                            "operator_timing": 0.04989448399999984,
                                                            "result_set_size": 18573792,
                                                            "children": []
                                                        },
                                                        {
                                                            "operator_name": "READ_PARQUET ",
                                                            "cpu_time": 0.099714026,
                                                            "extra_info": {
                                                                "Function": "READ_PARQUET",
                                                                "Projections": [
                                                                    "id",
                                                                    "reputation",
                                                                    "displayname",
                                                                    "lastaccessdate"
                                                                ],
                                                                "Estimated Cardinality": "1260710"
                                                            },
                                                            "cumulative_cardinality": 1260710,
                                                            "operator_type": "TABLE_SCAN",
                                                            "operator_cardinality": 1260710,
                                                            "cumulative_rows_scanned": 1260710,
                                                            "operator_rows_scanned": 1260710,
                                                            "operator_timing": 0.099714026,
                                                            "result_set_size": 40342720,
                                                            "children": []
                                                        }
                                                    ]
                                                }
                                            ]
                                        }
                                    ]
                                },
                                {
                                    "operator_name": "CROSS_PRODUCT",
                                    "cpu_time": 0.41623975299999955,
                                    "extra_info": {},
                                    "cumulative_cardinality": 14687582,
                                    "operator_type": "CROSS_PRODUCT",
                                    "operator_cardinality": 7,
                                    "cumulative_rows_scanned": 3850124,
                                    "operator_rows_scanned": 0,
                                    "operator_timing": 0.000050113999999999995,
                                    "result_set_size": 1120,
                                    "children": [
                                        {
                                            "operator_name": "HASH_GROUP_BY",
                                            "cpu_time": 0.40279428299999953,
                                            "extra_info": {
                                                "Groups": "#0",
                                                "Aggregates": [
                                                    "count_star()",
                                                    "avg(#1)",
                                                    "sum(#2)",
                                                    "sum(#3)",
                                                    "sum(#4)",
                                                    "sum(#5)",
                                                    "max(#6)"
                                                ],
                                                "Estimated Cardinality": "1925058"
                                            },
                                            "cumulative_cardinality": 11550362,
                                            "operator_type": "HASH_GROUP_BY",
                                            "operator_cardinality": 7,
                                            "cumulative_rows_scanned": 3850124,
                                            "operator_rows_scanned": 0,
                                            "operator_timing": 0.12094354099999984,
                                            "result_set_size": 728,
                                            "children": [
                                                {
                                                    "operator_name": "PROJECTION",
                                                    "cpu_time": 0.2818507419999997,
                                                    "extra_info": {
                                                        "Projections": [
                                                            "name",
                                                            "score",
                                                            "viewcount",
                                                            "COALESCE(answercount, 0)",
                                                            "commentcount",
                                                            "COALESCE(favoritecount, 0)",
                                                            "creationdate"
                                                        ],
                                                        "Estimated Cardinality": "3850116"
                                                    },
                                                    "cumulative_cardinality": 11550355,
                                                    "operator_type": "PROJECTION",
                                                    "operator_cardinality": 3850116,
                                                    "cumulative_rows_scanned": 3850124,
                                                    "operator_rows_scanned": 0,
                                                    "operator_timing": 0.055501209000000044,
                                                    "result_set_size": 169405104,
                                                    "children": [
                                                        {
                                                            "operator_name": "HASH_JOIN",
                                                            "cpu_time": 0.22634953299999966,
                                                            "extra_info": {
                                                                "Join Type": "INNER",
                                                                "Conditions": "posttypeid = id",
                                                                "Estimated Cardinality": "3850116"
                                                            },
                                                            "cumulative_cardinality": 7700239,
                                                            "operator_type": "HASH_JOIN",
                                                            "operator_cardinality": 3850116,
                                                            "cumulative_rows_scanned": 3850124,
                                                            "operator_rows_scanned": 0,
                                                            "operator_timing": 0.009180201000000018,
                                                            "result_set_size": 169405104,
                                                            "children": [
                                                                {
                                                                    "operator_name": "READ_PARQUET ",
                                                                    "cpu_time": 0.21682853499999963,
                                                                    "extra_info": {
                                                                        "Function": "READ_PARQUET",
                                                                        "Projections": [
                                                                            "id",
                                                                            "posttypeid",
                                                                            "creationdate",
                                                                            "score",
                                                                            "viewcount",
                                                                            "answercount",
                                                                            "commentcount",
                                                                            "favoritecount"
                                                                        ],
                                                                        "Estimated Cardinality": "3850116"
                                                                    },
                                                                    "cumulative_cardinality": 3850116,
                                                                    "operator_type": "TABLE_SCAN",
                                                                    "operator_cardinality": 3850116,
                                                                    "cumulative_rows_scanned": 3850116,
                                                                    "operator_rows_scanned": 3850116,
                                                                    "operator_timing": 0.21682853499999963,
                                                                    "result_set_size": 130903944,
                                                                    "children": []
                                                                },
                                                                {
                                                                    "operator_name": "READ_PARQUET ",
                                                                    "cpu_time": 0.000340797,
                                                                    "extra_info": {
                                                                        "Function": "READ_PARQUET",
                                                                        "Projections": [
                                                                            "id",
                                                                            "name"
                                                                        ],
                                                                        "Filters": "id<=7",
                                                                        "Estimated Cardinality": "8"
                                                                    },
                                                                    "cumulative_cardinality": 7,
                                                                    "operator_type": "TABLE_SCAN",
                                                                    "operator_cardinality": 7,
                                                                    "cumulative_rows_scanned": 8,
                                                                    "operator_rows_scanned": 8,
                                                                    "operator_timing": 0.000340797,
                                                                    "result_set_size": 126,
                                                                    "children": []
                                                                }
                                                            ]
                                                        }
                                                    ]
                                                }
                                            ]
                                        },
                                        {
                                            "operator_name": "HASH_JOIN",
                                            "cpu_time": 0.013395355999999999,
                                            "extra_info": {
                                                "Join Type": "INNER",
                                                "Conditions": "TotalBadges = SUBQUERY",
                                                "Estimated Cardinality": "1"
                                            },
                                            "cumulative_cardinality": 3137213,
                                            "operator_type": "HASH_JOIN",
                                            "operator_cardinality": 1,
                                            "cumulative_rows_scanned": 0,
                                            "operator_rows_scanned": 0,
                                            "operator_timing": 0.005761251000000002,
                                            "result_set_size": 56,
                                            "children": [
                                                {
                                                    "operator_name": "CTE_SCAN",
                                                    "cpu_time": 0.003203375999999996,
                                                    "extra_info": {
                                                        "CTE Index": "0",
                                                        "Estimated Cardinality": "1260710"
                                                    },
                                                    "cumulative_cardinality": 1045736,
                                                    "operator_type": "CTE_SCAN",
                                                    "operator_cardinality": 1045736,
                                                    "cumulative_rows_scanned": 0,
                                                    "operator_rows_scanned": 0,
                                                    "operator_timing": 0.003203375999999996,
                                                    "result_set_size": 50195328,
                                                    "children": []
                                                },
                                                {
                                                    "operator_name": "PROJECTION",
                                                    "cpu_time": 0.004430729000000001,
                                                    "extra_info": {
                                                        "Projections": [
                                                            "CASE  WHEN ((#1 > 1)) THEN (error('More than one row returned by a subquery used as an expression - scalar subqueries can only return a single row.",
                                                            "Use \"SET scalar_subquery_error_on_multiple_rows=false\" to revert to previous behavior of returning a random row.')) ELSE #0 END"
                                                        ],
                                                        "Estimated Cardinality": "1"
                                                    },
                                                    "cumulative_cardinality": 2091476,
                                                    "operator_type": "PROJECTION",
                                                    "operator_cardinality": 1,
                                                    "cumulative_rows_scanned": 0,
                                                    "operator_rows_scanned": 0,
                                                    "operator_timing": 0.000003286,
                                                    "result_set_size": 8,
                                                    "children": [
                                                        {
                                                            "operator_name": "UNGROUPED_AGGREGATE",
                                                            "cpu_time": 0.004427443000000001,
                                                            "extra_info": {
                                                                "Aggregates": [
                                                                    "\"first\"(#0)",
                                                                    "count_star()"
                                                                ]
                                                            },
                                                            "cumulative_cardinality": 2091475,
                                                            "operator_type": "UNGROUPED_AGGREGATE",
                                                            "operator_cardinality": 1,
                                                            "cumulative_rows_scanned": 0,
                                                            "operator_rows_scanned": 0,
                                                            "operator_timing": 0.000002374,
                                                            "result_set_size": 16,
                                                            "children": [
                                                                {
                                                                    "operator_name": "PROJECTION",
                                                                    "cpu_time": 0.004425069000000001,
                                                                    "extra_info": {
                                                                        "Projections": "#0",
                                                                        "Estimated Cardinality": "1"
                                                                    },
                                                                    "cumulative_cardinality": 2091474,
                                                                    "operator_type": "PROJECTION",
                                                                    "operator_cardinality": 1,
                                                                    "cumulative_rows_scanned": 0,
                                                                    "operator_rows_scanned": 0,
                                                                    "operator_timing": 2.01e-7,
                                                                    "result_set_size": 8,
                                                                    "children": [
                                                                        {
                                                                            "operator_name": "UNGROUPED_AGGREGATE",
                                                                            "cpu_time": 0.004424868000000001,
                                                                            "extra_info": {
                                                                                "Aggregates": "max(#0)"
                                                                            },
                                                                            "cumulative_cardinality": 2091473,
                                                                            "operator_type": "UNGROUPED_AGGREGATE",
                                                                            "operator_cardinality": 1,
                                                                            "cumulative_rows_scanned": 0,
                                                                            "operator_rows_scanned": 0,
                                                                            "operator_timing": 0.0010326799999999998,
                                                                            "result_set_size": 8,
                                                                            "children": [
                                                                                {
                                                                                    "operator_name": "PROJECTION",
                                                                                    "cpu_time": 0.0033921880000000013,
                                                                                    "extra_info": {
                                                                                        "Projections": "TotalBadges",
                                                                                        "Estimated Cardinality": "1260710"
                                                                                    },
                                                                                    "cumulative_cardinality": 2091472,
                                                                                    "operator_type": "PROJECTION",
                                                                                    "operator_cardinality": 1045736,
                                                                                    "cumulative_rows_scanned": 0,
                                                                                    "operator_rows_scanned": 0,
                                                                                    "operator_timing": 0.000040983999999999816,
                                                                                    "result_set_size": 8365888,
                                                                                    "children": [
                                                                                        {
                                                                                            "operator_name": "CTE_SCAN",
                                                                                            "cpu_time": 0.0033512040000000013,
                                                                                            "extra_info": {
                                                                                                "CTE Index": "0",
                                                                                                "Estimated Cardinality": "1260710"
                                                                                            },
                                                                                            "cumulative_cardinality": 1045736,
                                                                                            "operator_type": "CTE_SCAN",
                                                                                            "operator_cardinality": 1045736,
                                                                                            "cumulative_rows_scanned": 0,
                                                                                            "operator_rows_scanned": 0,
                                                                                            "operator_timing": 0.0033512040000000013,
                                                                                            "result_set_size": 50195328,
                                                                                            "children": []
                                                                                        }
                                                                                    ]
                                                                                }
                                                                            ]
                                                                        }
                                                                    ]
                                                                }
                                                            ]
                                                        }
                                                    ]
                                                }
                                            ]
                                        }
                                    ]
                                }
                            ]
                        }
                    ]
                }
            ]
        }
    ]
}