{
    "rows_returned": 100,
    "query_name": "\nWITH PostStats AS (\n    SELECT \n        P.Id AS PostId,\n        P.Title,\n        P.CreationDate,\n        P.OwnerUserId,\n        U.DisplayName AS OwnerDisplayName,\n        P.Score,\n        P.ViewCount,\n        COALESCE(COUNT(DISTINCT C.Id), 0) AS CommentCount,\n        COALESCE(SUM(CASE WHEN V.VoteTypeId = 2 THEN 1 ELSE 0 END), 0) AS UpVotes,\n        COALESCE(SUM(CASE WHEN V.VoteTypeId = 3 THEN 1 ELSE 0 END), 0) AS DownVotes\n    FROM \n        Posts P\n    LEFT JOIN \n        Comments C ON P.Id = C.PostId\n    LEFT JOIN \n        Votes V ON P.Id = V.PostId\n    LEFT JOIN \n        Users U ON P.OwnerUserId = U.Id\n    GROUP BY \n        P.Id, P.Title, P.CreationDate, P.OwnerUserId, U.DisplayName, P.Score, P.ViewCount\n)\n\nSELECT \n    PS.PostId,\n    PS.Title,\n    PS.CreationDate,\n    PS.OwnerDisplayName,\n    PS.Score,\n    PS.ViewCount,\n    PS.CommentCount,\n    PS.UpVotes,\n    PS.DownVotes\nFROM \n    PostStats PS\nORDER BY \n    PS.Score DESC, PS.ViewCount DESC\nLIMIT 100;\n",
    "blocked_thread_time": 0.0,
    "cpu_time": 14.501412826999966,
    "extra_info": {},
    "cumulative_cardinality": 237825806,
    "cumulative_rows_scanned": 25096741,
    "result_set_size": 9200,
    "latency": 18.110995693,
    "children": [
        {
            "operator_name": "STREAMING_LIMIT",
            "cpu_time": 14.501412826999966,
            "extra_info": {},
            "cumulative_cardinality": 237825806,
            "operator_type": "STREAMING_LIMIT",
            "operator_cardinality": 100,
            "cumulative_rows_scanned": 25096741,
            "operator_rows_scanned": 0,
            "operator_timing": 0.000002015,
            "result_set_size": 9200,
            "children": [
                {
                    "operator_name": "PROJECTION",
                    "cpu_time": 14.501410811999966,
                    "extra_info": {
                        "Projections": [
                            "#0",
                            "#1",
                            "#2",
                            "#3",
                            "__internal_decompress_integral_integer(#4, -72)",
                            "#5",
                            "#6",
                            "#7",
                            "#8"
                        ],
                        "Estimated Cardinality": "3850116"
                    },
                    "cumulative_cardinality": 237825706,
                    "operator_type": "PROJECTION",
                    "operator_cardinality": 4096,
                    "cumulative_rows_scanned": 25096741,
                    "operator_rows_scanned": 0,
                    "operator_timing": 0.000008146,
                    "result_set_size": 376832,
                    "children": [
                        {
                            "operator_name": "ORDER_BY",
                            "cpu_time": 14.501402665999965,
                            "extra_info": {
                                "Order By": [
                                    "PS.Score DESC",
                                    "PS.ViewCount DESC"
                                ]
                            },
                            "cumulative_cardinality": 237821610,
                            "operator_type": "ORDER_BY",
                            "operator_cardinality": 4096,
                            "cumulative_rows_scanned": 25096741,
                            "operator_rows_scanned": 0,
                            "operator_timing": 0.27692000099999986,
                            "result_set_size": 368640,
                            "children": [
                                {
                                    "operator_name": "PROJECTION",
                                    "cpu_time": 14.224482664999964,
                                    "extra_info": {
                                        "Projections": [
                                            "#0",
                                            "#1",
                                            "#2",
                                            "#3",
                                            "__internal_compress_integral_usmallint(#4, -72)",
                                            "#5",
                                            "#6",
                                            "#7",
                                            "#8"
                                        ],
                                        "Estimated Cardinality": "3850116"
                                    },
                                    "cumulative_cardinality": 237817514,
                                    "operator_type": "PROJECTION",
                                    "operator_cardinality": 3850116,
                                    "cumulative_rows_scanned": 25096741,
                                    "operator_rows_scanned": 0,
                                    "operator_timing": 0.001827587999999998,
                                    "result_set_size": 346510440,
                                    "children": [
                                        {
                                            "operator_name": "PROJECTION",
                                            "cpu_time": 14.222655076999965,
                                            "extra_info": {
                                                "Projections": [
                                                    "PostId",
                                                    "title",
                                                    "creationdate",
                                                    "OwnerDisplayName",
                                                    "score",
                                                    "viewcount",
                                                    "CommentCount",
                                                    "UpVotes",
                                                    "DownVotes"
                                                ],
                                                "Estimated Cardinality": "3850116"
                                            },
                                            "cumulative_cardinality": 233967398,
                                            "operator_type": "PROJECTION",
                                            "operator_cardinality": 3850116,
                                            "cumulative_rows_scanned": 25096741,
                                            "operator_rows_scanned": 0,
                                            "operator_timing": 0.077895564,
                                            "result_set_size": 354210672,
                                            "children": [
                                                {
                                                    "operator_name": "PROJECTION",
                                                    "cpu_time": 14.144759512999965,
                                                    "extra_info": {
                                                        "Projections": [
                                                            "#0",
                                                            "#1",
                                                            "#2",
                                                            "#3",
                                                            "#4",
                                                            "__internal_decompress_integral_integer(#5, -72)",
                                                            "#6",
                                                            "#7",
                                                            "#8",
                                                            "#9"
                                                        ],
                                                        "Estimated Cardinality": "3850116"
                                                    },
                                                    "cumulative_cardinality": 230117282,
                                                    "operator_type": "PROJECTION",
                                                    "operator_cardinality": 3850116,
                                                    "cumulative_rows_scanned": 25096741,
                                                    "operator_rows_scanned": 0,
                                                    "operator_timing": 0.002048459000000004,
                                                    "result_set_size": 369611136,
                                                    "children": [
                                                        {
                                                            "operator_name": "HASH_GROUP_BY",
                                                            "cpu_time": 14.142711053999966,
                                                            "extra_info": {
                                                                "Groups": [
                                                                    "#0",
                                                                    "#1",
                                                                    "#2",
                                                                    "#3",
                                                                    "#4",
                                                                    "#5",
                                                                    "#6"
                                                                ],
                                                                "Aggregates": [
                                                                    "count(DISTINCT #7)",
                                                                    "sum(#8)",
                                                                    "sum(#9)"
                                                                ],
                                                                "Estimated Cardinality": "3850116"
                                                            },
                                                            "cumulative_cardinality": 226267166,
                                                            "operator_type": "HASH_GROUP_BY",
                                                            "operator_cardinality": 3850116,
                                                            "cumulative_rows_scanned": 25096741,
                                                            "operator_rows_scanned": 0,
                                                            "operator_timing": 9.346813884000015,
                                                            "result_set_size": 361910904,
                                                            "children": [
                                                                {
                                                                    "operator_name": "PROJECTION",
                                                                    "cpu_time": 4.79589716999995,
                                                                    "extra_info": {
                                                                        "Projections": [
                                                                            "id",
                                                                            "title",
                                                                            "creationdate",
                                                                            "owneruserid",
                                                                            "displayname",
                                                                            "score",
                                                                            "viewcount",
                                                                            "id",
                                                                            "CASE  WHEN ((votetypeid = 2)) THEN (1) ELSE 0 END",
                                                                            "CASE  WHEN ((votetypeid = 3)) THEN (1) ELSE 0 END"
                                                                        ],
                                                                        "Estimated Cardinality": "12744093"
                                                                    },
                                                                    "cumulative_cardinality": 222417050,
                                                                    "operator_type": "PROJECTION",
                                                                    "operator_cardinality": 35129590,
                                                                    "cumulative_rows_scanned": 25096741,
                                                                    "operator_rows_scanned": 0,
                                                                    "operator_timing": 0.28217678300000243,
                                                                    "result_set_size": 2318552940,
                                                                    "children": [
                                                                        {
                                                                            "operator_name": "PROJECTION",
                                                                            "cpu_time": 4.513720386999948,
                                                                            "extra_info": {
                                                                                "Projections": [
                                                                                    "#0",
                                                                                    "#1",
                                                                                    "__internal_compress_integral_usmallint(#2, -72)",
                                                                                    "#3",
                                                                                    "#4",
                                                                                    "#5",
                                                                                    "#6",
                                                                                    "#7",
                                                                                    "#8"
                                                                                ],
                                                                                "Estimated Cardinality": "12744093"
                                                                            },
                                                                            "cumulative_cardinality": 187287460,
                                                                            "operator_type": "PROJECTION",
                                                                            "operator_cardinality": 35129590,
                                                                            "cumulative_rows_scanned": 25096741,
                                                                            "operator_rows_scanned": 0,
                                                                            "operator_timing": 0.07152102399999796,
                                                                            "result_set_size": 2107775400,
                                                                            "children": [
                                                                                {
                                                                                    "operator_name": "HASH_JOIN",
                                                                                    "cpu_time": 4.44219936299995,
                                                                                    "extra_info": {
                                                                                        "Join Type": "LEFT",
                                                                                        "Conditions": "owneruserid = id",
                                                                                        "Estimated Cardinality": "12744093"
                                                                                    },
                                                                                    "cumulative_cardinality": 152157870,
                                                                                    "operator_type": "HASH_JOIN",
                                                                                    "operator_cardinality": 35129590,
                                                                                    "cumulative_rows_scanned": 25096741,
                                                                                    "operator_rows_scanned": 0,
                                                                                    "operator_timing": 1.5657466029999574,
                                                                                    "result_set_size": 2178034580,
                                                                                    "children": [
                                                                                        {
                                                                                            "operator_name": "PROJECTION",
                                                                                            "cpu_time": 2.7974882579999925,
                                                                                            "extra_info": {
                                                                                                "Projections": [
                                                                                                    "#0",
                                                                                                    "#1",
                                                                                                    "#2",
                                                                                                    "#3",
                                                                                                    "#4",
                                                                                                    "#5",
                                                                                                    "#6",
                                                                                                    "__internal_decompress_integral_smallint(#7, 1)"
                                                                                                ],
                                                                                                "Estimated Cardinality": "12744093"
                                                                                            },
                                                                                            "cumulative_cardinality": 115767570,
                                                                                            "operator_type": "PROJECTION",
                                                                                            "operator_cardinality": 35129590,
                                                                                            "cumulative_rows_scanned": 23836031,
                                                                                            "operator_rows_scanned": 0,
                                                                                            "operator_timing": 0.04053084599999955,
                                                                                            "result_set_size": 1615961140,
                                                                                            "children": [
                                                                                                {
                                                                                                    "operator_name": "HASH_JOIN",
                                                                                                    "cpu_time": 2.756957411999993,
                                                                                                    "extra_info": {
                                                                                                        "Join Type": "LEFT",
                                                                                                        "Conditions": "id = postid",
                                                                                                        "Estimated Cardinality": "12744093"
                                                                                                    },
                                                                                                    "cumulative_cardinality": 80637980,
                                                                                                    "operator_type": "HASH_JOIN",
                                                                                                    "operator_cardinality": 35129590,
                                                                                                    "cumulative_rows_scanned": 23836031,
                                                                                                    "operator_rows_scanned": 0,
                                                                                                    "operator_timing": 1.392207106999996,
                                                                                                    "result_set_size": 1580831550,
                                                                                                    "children": [
                                                                                                        {
                                                                                                            "operator_name": "HASH_JOIN",
                                                                                                            "cpu_time": 1.2302798279999978,
                                                                                                            "extra_info": {
                                                                                                                "Join Type": "LEFT",
                                                                                                                "Conditions": "id = postid",
                                                                                                                "Estimated Cardinality": "7241822"
                                                                                                            },
                                                                                                            "cumulative_cardinality": 20020204,
                                                                                                            "operator_type": "HASH_JOIN",
                                                                                                            "operator_cardinality": 8928266,
                                                                                                            "cumulative_rows_scanned": 11091938,
                                                                                                            "operator_rows_scanned": 0,
                                                                                                            "operator_timing": 0.6638432339999987,
                                                                                                            "result_set_size": 392843704,
                                                                                                            "children": [
                                                                                                                {
                                                                                                                    "operator_name": "READ_PARQUET ",
                                                                                                                    "cpu_time": 0.48906995999999914,
                                                                                                                    "extra_info": {
                                                                                                                        "Function": "READ_PARQUET",
                                                                                                                        "Projections": [
                                                                                                                            "id",
                                                                                                                            "creationdate",
                                                                                                                            "score",
                                                                                                                            "viewcount",
                                                                                                                            "owneruserid",
                                                                                                                            "title"
                                                                                                                        ],
                                                                                                                        "Estimated Cardinality": "3850116"
                                                                                                                    },
                                                                                                                    "cumulative_cardinality": 3850116,
                                                                                                                    "operator_type": "TABLE_SCAN",
                                                                                                                    "operator_cardinality": 3850116,
                                                                                                                    "cumulative_rows_scanned": 3850116,
                                                                                                                    "operator_rows_scanned": 3850116,
                                                                                                                    "operator_timing": 0.48906995999999914,
                                                                                                                    "result_set_size": 154004640,
                                                                                                                    "children": []
                                                                                                                },
                                                                                                                {
                                                                                                                    "operator_name": "READ_PARQUET ",
                                                                                                                    "cpu_time": 0.07736663400000002,
                                                                                                                    "extra_info": {
                                                                                                                        "Function": "READ_PARQUET",
                                                                                                                        "Projections": [
                                                                                                                            "id",
                                                                                                                            "postid"
                                                                                                                        ],
                                                                                                                        "Estimated Cardinality": "7241822"
                                                                                                                    },
                                                                                                                    "cumulative_cardinality": 7241822,
                                                                                                                    "operator_type": "TABLE_SCAN",
                                                                                                                    "operator_cardinality": 7241822,
                                                                                                                    "cumulative_rows_scanned": 7241822,
                                                                                                                    "operator_rows_scanned": 7241822,
                                                                                                                    "operator_timing": 0.07736663400000002,
                                                                                                                    "result_set_size": 57934576,
                                                                                                                    "children": []
                                                                                                                }
                                                                                                            ]
                                                                                                        },
                                                                                                        {
                                                                                                            "operator_name": "PROJECTION",
                                                                                                            "cpu_time": 0.13447047699999953,
                                                                                                            "extra_info": {
                                                                                                                "Projections": [
                                                                                                                    "#0",
                                                                                                                    "__internal_compress_integral_utinyint(#1, 1)"
                                                                                                                ],
                                                                                                                "Estimated Cardinality": "12744093"
                                                                                                            },
                                                                                                            "cumulative_cardinality": 25488186,
                                                                                                            "operator_type": "PROJECTION",
                                                                                                            "operator_cardinality": 12744093,
                                                                                                            "cumulative_rows_scanned": 12744093,
                                                                                                            "operator_rows_scanned": 0,
                                                                                                            "operator_timing": 0.003157028000000082,
                                                                                                            "result_set_size": 63720465,
                                                                                                            "children": [
                                                                                                                {
                                                                                                                    "operator_name": "READ_PARQUET ",
                                                                                                                    "cpu_time": 0.13131344899999944,
                                                                                                                    "extra_info": {
                                                                                                                        "Function": "READ_PARQUET",
                                                                                                                        "Projections": [
                                                                                                                            "postid",
                                                                                                                            "votetypeid"
                                                                                                                        ],
                                                                                                                        "Estimated Cardinality": "12744093"
                                                                                                                    },
                                                                                                                    "cumulative_cardinality": 12744093,
                                                                                                                    "operator_type": "TABLE_SCAN",
                                                                                                                    "operator_cardinality": 12744093,
                                                                                                                    "cumulative_rows_scanned": 12744093,
                                                                                                                    "operator_rows_scanned": 12744093,
                                                                                                                    "operator_timing": 0.13131344899999944,
                                                                                                                    "result_set_size": 76464558,
                                                                                                                    "children": []
                                                                                                                }
                                                                                                            ]
                                                                                                        }
                                                                                                    ]
                                                                                                }
                                                                                            ]
                                                                                        },
                                                                                        {
                                                                                            "operator_name": "READ_PARQUET ",
                                                                                            "cpu_time": 0.07896450199999995,
                                                                                            "extra_info": {
                                                                                                "Function": "READ_PARQUET",
                                                                                                "Projections": [
                                                                                                    "id",
                                                                                                    "displayname"
                                                                                                ],
                                                                                                "Estimated Cardinality": "1260710"
                                                                                            },
                                                                                            "cumulative_cardinality": 1260710,
                                                                                            "operator_type": "TABLE_SCAN",
                                                                                            "operator_cardinality": 1260710,
                                                                                            "cumulative_rows_scanned": 1260710,
                                                                                            "operator_rows_scanned": 1260710,
                                                                                            "operator_timing": 0.07896450199999995,
                                                                                            "result_set_size": 25214200,
                                                                                            "children": []
                                                                                        }
                                                                                    ]
                                                                                }
                                                                            ]
                                                                        }
                                                                    ]
                                                                }
                                                            ]
                                                        }
                                                    ]
                                                }
                                            ]
                                        }
                                    ]
                                }
                            ]
                        }
                    ]
                }
            ]
        }
    ]
}