{
    "rows_returned": 143650,
    "query_name": "WITH PostDetails AS (\n    SELECT \n        p.Id AS PostId,\n        p.Title,\n        p.CreationDate,\n        p.Score,\n        p.ViewCount,\n        pt.Name AS PostType,\n        u.Reputation AS OwnerReputation\n    FROM \n        Posts p\n    JOIN \n        PostTypes pt ON p.PostTypeId = pt.Id\n    JOIN \n        Users u ON p.OwnerUserId = u.Id\n    WHERE \n        p.CreationDate >= cast('2024-10-01 12:34:56' as timestamp) - INTERVAL '1 year'\n),\nCommentCounts AS (\n    SELECT \n        PostId,\n        COUNT(*) AS TotalComments\n    FROM \n        Comments\n    GROUP BY \n        PostId\n),\nVoteCounts AS (\n    SELECT \n        PostId,\n        SUM(CASE WHEN VoteTypeId = 2 THEN 1 ELSE 0 END) AS UpVotes,\n        SUM(CASE WHEN VoteTypeId = 3 THEN 1 ELSE 0 END) AS DownVotes\n    FROM \n        Votes\n    GROUP BY \n        PostId\n)\nSELECT \n    pd.PostId,\n    pd.Title,\n    pd.CreationDate,\n    pd.Score,\n    pd.ViewCount,\n    pd.PostType,\n    pd.OwnerReputation,\n    COALESCE(cc.TotalComments, 0) AS TotalComments,\n    COALESCE(vc.UpVotes, 0) AS UpVotes,\n    COALESCE(vc.DownVotes, 0) AS DownVotes\nFROM \n    PostDetails pd\nLEFT JOIN \n    CommentCounts cc ON pd.PostId = cc.PostId\nLEFT JOIN \n    VoteCounts vc ON pd.PostId = vc.PostId\nORDER BY \n    pd.ViewCount DESC;",
    "blocked_thread_time": 0.0,
    "cpu_time": 1.5568955189999993,
    "extra_info": {},
    "cumulative_cardinality": 49085215,
    "cumulative_rows_scanned": 25096749,
    "result_set_size": 13790400,
    "latency": 1.990361433,
    "children": [
        {
            "operator_name": "PROJECTION",
            "cpu_time": 1.5568955189999993,
            "extra_info": {
                "Projections": [
                    "#0",
                    "#1",
                    "#2",
                    "__internal_decompress_integral_integer(#3, -72)",
                    "#4",
                    "#5",
                    "#6",
                    "#7",
                    "#8",
                    "#9"
                ],
                "Estimated Cardinality": "6372046"
            },
            "cumulative_cardinality": 49085215,
            "operator_type": "PROJECTION",
            "operator_cardinality": 143650,
            "cumulative_rows_scanned": 25096749,
            "operator_rows_scanned": 0,
            "operator_timing": 0.00008198499999999998,
            "result_set_size": 13790400,
            "children": [
                {
                    "operator_name": "ORDER_BY",
                    "cpu_time": 1.5568135339999993,
                    "extra_info": {
                        "Order By": "pd.ViewCount DESC"
                    },
                    "cumulative_cardinality": 48941565,
                    "operator_type": "ORDER_BY",
                    "operator_cardinality": 143650,
                    "cumulative_rows_scanned": 25096749,
                    "operator_rows_scanned": 0,
                    "operator_timing": 0.017489563999999996,
                    "result_set_size": 13503100,
                    "children": [
                        {
                            "operator_name": "PROJECTION",
                            "cpu_time": 1.5393239699999994,
                            "extra_info": {
                                "Projections": [
                                    "#0",
                                    "#1",
                                    "#2",
                                    "__internal_compress_integral_usmallint(#3, -72)",
                                    "#4",
                                    "#5",
                                    "#6",
                                    "#7",
                                    "#8",
                                    "#9"
                                ],
                                "Estimated Cardinality": "6372046"
                            },
                            "cumulative_cardinality": 48797915,
                            "operator_type": "PROJECTION",
                            "operator_cardinality": 143650,
                            "cumulative_rows_scanned": 25096749,
                            "operator_rows_scanned": 0,
                            "operator_timing": 0.00014042299999999995,
                            "result_set_size": 13503100,
                            "children": [
                                {
                                    "operator_name": "PROJECTION",
                                    "cpu_time": 1.5391835469999995,
                                    "extra_info": {
                                        "Projections": [
                                            "PostId",
                                            "title",
                                            "creationdate",
                                            "score",
                                            "viewcount",
                                            "PostType",
                                            "OwnerReputation",
                                            "TotalComments",
                                            "UpVotes",
                                            "DownVotes"
                                        ],
                                        "Estimated Cardinality": "6372046"
                                    },
                                    "cumulative_cardinality": 48654265,
                                    "operator_type": "PROJECTION",
                                    "operator_cardinality": 143650,
                                    "cumulative_rows_scanned": 25096749,
                                    "operator_rows_scanned": 0,
                                    "operator_timing": 0.005749675,
                                    "result_set_size": 13790400,
                                    "children": [
                                        {
                                            "operator_name": "PROJECTION",
                                            "cpu_time": 1.5334338719999996,
                                            "extra_info": {
                                                "Projections": [
                                                    "#0",
                                                    "#1",
                                                    "#2",
                                                    "#3",
                                                    "#4",
                                                    "#5",
                                                    "__internal_decompress_integral_integer(#6, -72)",
                                                    "#7",
                                                    "#8",
                                                    "#9"
                                                ],
                                                "Estimated Cardinality": "6372046"
                                            },
                                            "cumulative_cardinality": 48510615,
                                            "operator_type": "PROJECTION",
                                            "operator_cardinality": 143650,
                                            "cumulative_rows_scanned": 25096749,
                                            "operator_rows_scanned": 0,
                                            "operator_timing": 0.0001478219999999999,
                                            "result_set_size": 13790400,
                                            "children": [
                                                {
                                                    "operator_name": "HASH_JOIN",
                                                    "cpu_time": 1.5332860499999996,
                                                    "extra_info": {
                                                        "Join Type": "RIGHT",
                                                        "Conditions": "postid = PostId",
                                                        "Estimated Cardinality": "6372046"
                                                    },
                                                    "cumulative_cardinality": 48366965,
                                                    "operator_type": "HASH_JOIN",
                                                    "operator_cardinality": 143650,
                                                    "cumulative_rows_scanned": 25096749,
                                                    "operator_rows_scanned": 0,
                                                    "operator_timing": 0.05284291599999994,
                                                    "result_set_size": 13503100,
                                                    "children": [
                                                        {
                                                            "operator_name": "HASH_GROUP_BY",
                                                            "cpu_time": 0.9978070659999998,
                                                            "extra_info": {
                                                                "Groups": "#0",
                                                                "Aggregates": [
                                                                    "sum(#1)",
                                                                    "sum(#2)"
                                                                ],
                                                                "Estimated Cardinality": "6372046"
                                                            },
                                                            "cumulative_cardinality": 29453413,
                                                            "operator_type": "HASH_GROUP_BY",
                                                            "operator_cardinality": 3965227,
                                                            "cumulative_rows_scanned": 12744093,
                                                            "operator_rows_scanned": 0,
                                                            "operator_timing": 0.7617895810000002,
                                                            "result_set_size": 142748172,
                                                            "children": [
                                                                {
                                                                    "operator_name": "PROJECTION",
                                                                    "cpu_time": 0.2360174849999997,
                                                                    "extra_info": {
                                                                        "Projections": [
                                                                            "postid",
                                                                            "CASE  WHEN ((votetypeid = 2)) THEN (1) ELSE 0 END",
                                                                            "CASE  WHEN ((votetypeid = 3)) THEN (1) ELSE 0 END"
                                                                        ],
                                                                        "Estimated Cardinality": "12744093"
                                                                    },
                                                                    "cumulative_cardinality": 25488186,
                                                                    "operator_type": "PROJECTION",
                                                                    "operator_cardinality": 12744093,
                                                                    "cumulative_rows_scanned": 12744093,
                                                                    "operator_rows_scanned": 0,
                                                                    "operator_timing": 0.10167975099999997,
                                                                    "result_set_size": 152929116,
                                                                    "children": [
                                                                        {
                                                                            "operator_name": "READ_PARQUET ",
                                                                            "cpu_time": 0.13433773399999974,
                                                                            "extra_info": {
                                                                                "Function": "READ_PARQUET",
                                                                                "Projections": [
                                                                                    "postid",
                                                                                    "votetypeid"
                                                                                ],
                                                                                "Estimated Cardinality": "12744093"
                                                                            },
                                                                            "cumulative_cardinality": 12744093,
                                                                            "operator_type": "TABLE_SCAN",
                                                                            "operator_cardinality": 12744093,
                                                                            "cumulative_rows_scanned": 12744093,
                                                                            "operator_rows_scanned": 12744093,
                                                                            "operator_timing": 0.13433773399999974,
                                                                            "result_set_size": 76464558,
                                                                            "children": []
                                                                        }
                                                                    ]
                                                                }
                                                            ]
                                                        },
                                                        {
                                                            "operator_name": "PROJECTION",
                                                            "cpu_time": 0.4826360679999999,
                                                            "extra_info": {
                                                                "Projections": [
                                                                    "#0",
                                                                    "#1",
                                                                    "#2",
                                                                    "#3",
                                                                    "__internal_compress_integral_usmallint(#4, -72)",
                                                                    "#5",
                                                                    "#6",
                                                                    "#7"
                                                                ],
                                                                "Estimated Cardinality": "3620911"
                                                            },
                                                            "cumulative_cardinality": 18769902,
                                                            "operator_type": "PROJECTION",
                                                            "operator_cardinality": 143650,
                                                            "cumulative_rows_scanned": 12352656,
                                                            "operator_rows_scanned": 0,
                                                            "operator_timing": 0.000081048,
                                                            "result_set_size": 8906300,
                                                            "children": [
                                                                {
                                                                    "operator_name": "HASH_JOIN",
                                                                    "cpu_time": 0.48255501999999995,
                                                                    "extra_info": {
                                                                        "Join Type": "RIGHT",
                                                                        "Conditions": "postid = PostId",
                                                                        "Estimated Cardinality": "3620911"
                                                                    },
                                                                    "cumulative_cardinality": 18626252,
                                                                    "operator_type": "HASH_JOIN",
                                                                    "operator_cardinality": 143650,
                                                                    "cumulative_rows_scanned": 12352656,
                                                                    "operator_rows_scanned": 0,
                                                                    "operator_timing": 0.03440403599999999,
                                                                    "result_set_size": 9193600,
                                                                    "children": [
                                                                        {
                                                                            "operator_name": "HASH_GROUP_BY",
                                                                            "cpu_time": 0.277329844,
                                                                            "extra_info": {
                                                                                "Groups": "#0",
                                                                                "Aggregates": "count_star()",
                                                                                "Estimated Cardinality": "3620911"
                                                                            },
                                                                            "cumulative_cardinality": 16647316,
                                                                            "operator_type": "HASH_GROUP_BY",
                                                                            "operator_cardinality": 2163672,
                                                                            "cumulative_rows_scanned": 7241822,
                                                                            "operator_rows_scanned": 0,
                                                                            "operator_timing": 0.23428053799999995,
                                                                            "result_set_size": 25964064,
                                                                            "children": [
                                                                                {
                                                                                    "operator_name": "PROJECTION",
                                                                                    "cpu_time": 0.04304930600000002,
                                                                                    "extra_info": {
                                                                                        "Projections": "postid",
                                                                                        "Estimated Cardinality": "7241822"
                                                                                    },
                                                                                    "cumulative_cardinality": 14483644,
                                                                                    "operator_type": "PROJECTION",
                                                                                    "operator_cardinality": 7241822,
                                                                                    "cumulative_rows_scanned": 7241822,
                                                                                    "operator_rows_scanned": 0,
                                                                                    "operator_timing": 0.0003898629999999987,
                                                                                    "result_set_size": 28967288,
                                                                                    "children": [
                                                                                        {
                                                                                            "operator_name": "READ_PARQUET ",
                                                                                            "cpu_time": 0.042659443000000026,
                                                                                            "extra_info": {
                                                                                                "Function": "READ_PARQUET",
                                                                                                "Projections": "postid",
                                                                                                "Estimated Cardinality": "7241822"
                                                                                            },
                                                                                            "cumulative_cardinality": 7241822,
                                                                                            "operator_type": "TABLE_SCAN",
                                                                                            "operator_cardinality": 7241822,
                                                                                            "cumulative_rows_scanned": 7241822,
                                                                                            "operator_rows_scanned": 7241822,
                                                                                            "operator_timing": 0.042659443000000026,
                                                                                            "result_set_size": 28967288,
                                                                                            "children": []
                                                                                        }
                                                                                    ]
                                                                                }
                                                                            ]
                                                                        },
                                                                        {
                                                                            "operator_name": "PROJECTION",
                                                                            "cpu_time": 0.17082114,
                                                                            "extra_info": {
                                                                                "Projections": [
                                                                                    "PostId",
                                                                                    "title",
                                                                                    "creationdate",
                                                                                    "score",
                                                                                    "viewcount",
                                                                                    "PostType",
                                                                                    "OwnerReputation"
                                                                                ],
                                                                                "Estimated Cardinality": "770023"
                                                                            },
                                                                            "cumulative_cardinality": 1835286,
                                                                            "operator_type": "PROJECTION",
                                                                            "operator_cardinality": 143650,
                                                                            "cumulative_rows_scanned": 5110834,
                                                                            "operator_rows_scanned": 0,
                                                                            "operator_timing": 0.000041121999999999977,
                                                                            "result_set_size": 8044400,
                                                                            "children": [
                                                                                {
                                                                                    "operator_name": "HASH_JOIN",
                                                                                    "cpu_time": 0.170780018,
                                                                                    "extra_info": {
                                                                                        "Join Type": "INNER",
                                                                                        "Conditions": "owneruserid = id",
                                                                                        "Estimated Cardinality": "770023"
                                                                                    },
                                                                                    "cumulative_cardinality": 1691636,
                                                                                    "operator_type": "HASH_JOIN",
                                                                                    "operator_cardinality": 143650,
                                                                                    "cumulative_rows_scanned": 5110834,
                                                                                    "operator_rows_scanned": 0,
                                                                                    "operator_timing": 0.06570367800000002,
                                                                                    "result_set_size": 8044400,
                                                                                    "children": [
                                                                                        {
                                                                                            "operator_name": "HASH_JOIN",
                                                                                            "cpu_time": 0.084619053,
                                                                                            "extra_info": {
                                                                                                "Join Type": "INNER",
                                                                                                "Conditions": "posttypeid = id",
                                                                                                "Estimated Cardinality": "770023"
                                                                                            },
                                                                                            "cumulative_cardinality": 287307,
                                                                                            "operator_type": "HASH_JOIN",
                                                                                            "operator_cardinality": 143650,
                                                                                            "cumulative_rows_scanned": 3850124,
                                                                                            "operator_rows_scanned": 0,
                                                                                            "operator_timing": 0.00045445299999999984,
                                                                                            "result_set_size": 8044400,
                                                                                            "children": [
                                                                                                {
                                                                                                    "operator_name": "READ_PARQUET ",
                                                                                                    "cpu_time": 0.08383825,
                                                                                                    "extra_info": {
                                                                                                        "Function": "READ_PARQUET",
                                                                                                        "Projections": [
                                                                                                            "id",
                                                                                                            "posttypeid",
                                                                                                            "creationdate",
                                                                                                            "score",
                                                                                                            "viewcount",
                                                                                                            "owneruserid",
                                                                                                            "title"
                                                                                                        ],
                                                                                                        "Filters": "creationdate>='2023-10-01 12:34:56'::TIMESTAMP",
                                                                                                        "Estimated Cardinality": "770023"
                                                                                                    },
                                                                                                    "cumulative_cardinality": 143650,
                                                                                                    "operator_type": "TABLE_SCAN",
                                                                                                    "operator_cardinality": 143650,
                                                                                                    "cumulative_rows_scanned": 3850116,
                                                                                                    "operator_rows_scanned": 3850116,
                                                                                                    "operator_timing": 0.08383825,
                                                                                                    "result_set_size": 6033300,
                                                                                                    "children": []
                                                                                                },
                                                                                                {
                                                                                                    "operator_name": "READ_PARQUET ",
                                                                                                    "cpu_time": 0.00032635000000000005,
                                                                                                    "extra_info": {
                                                                                                        "Function": "READ_PARQUET",
                                                                                                        "Projections": [
                                                                                                            "id",
                                                                                                            "name"
                                                                                                        ],
                                                                                                        "Filters": "id<=7",
                                                                                                        "Estimated Cardinality": "8"
                                                                                                    },
                                                                                                    "cumulative_cardinality": 7,
                                                                                                    "operator_type": "TABLE_SCAN",
                                                                                                    "operator_cardinality": 7,
                                                                                                    "cumulative_rows_scanned": 8,
                                                                                                    "operator_rows_scanned": 8,
                                                                                                    "operator_timing": 0.00032635000000000005,
                                                                                                    "result_set_size": 126,
                                                                                                    "children": []
                                                                                                }
                                                                                            ]
                                                                                        },
                                                                                        {
                                                                                            "operator_name": "READ_PARQUET ",
                                                                                            "cpu_time": 0.020457286999999994,
                                                                                            "extra_info": {
                                                                                                "Function": "READ_PARQUET",
                                                                                                "Projections": [
                                                                                                    "id",
                                                                                                    "reputation"
                                                                                                ],
                                                                                                "Filters": "id<=1416539",
                                                                                                "Estimated Cardinality": "1260710"
                                                                                            },
                                                                                            "cumulative_cardinality": 1260679,
                                                                                            "operator_type": "TABLE_SCAN",
                                                                                            "operator_cardinality": 1260679,
                                                                                            "cumulative_rows_scanned": 1260710,
                                                                                            "operator_rows_scanned": 1260710,
                                                                                            "operator_timing": 0.020457286999999994,
                                                                                            "result_set_size": 10085432,
                                                                                            "children": []
                                                                                        }
                                                                                    ]
                                                                                }
                                                                            ]
                                                                        }
                                                                    ]
                                                                }
                                                            ]
                                                        }
                                                    ]
                                                }
                                            ]
                                        }
                                    ]
                                }
                            ]
                        }
                    ]
                }
            ]
        }
    ]
}