{
    "rows_returned": 1260710,
    "query_name": "WITH PostSummary AS (\n    SELECT \n        p.OwnerUserId, \n        COUNT(DISTINCT p.Id) AS TotalPosts,\n        SUM(CASE WHEN p.PostTypeId = 1 THEN 1 ELSE 0 END) AS TotalQuestions,\n        SUM(CASE WHEN p.PostTypeId = 2 THEN 1 ELSE 0 END) AS TotalAnswers,\n        SUM(CASE WHEN p.PostTypeId = 3 THEN 1 ELSE 0 END) AS TotalWikis,\n        AVG(p.Score) AS AverageScore,\n        AVG(p.ViewCount) AS AverageViewCount\n    FROM \n        Posts p\n    GROUP BY \n        p.OwnerUserId\n),\n\nUserSummary AS (\n    SELECT \n        u.Id AS UserId,\n        u.Reputation,\n        u.CreationDate,\n        COALESCE(ps.TotalPosts, 0) AS TotalPosts,\n        COALESCE(ps.TotalQuestions, 0) AS TotalQuestions,\n        COALESCE(ps.TotalAnswers, 0) AS TotalAnswers,\n        COALESCE(ps.TotalWikis, 0) AS TotalWikis,\n        COALESCE(ps.AverageScore, 0) AS AverageScore,\n        COALESCE(ps.AverageViewCount, 0) AS AverageViewCount\n    FROM \n        Users u\n    LEFT JOIN \n        PostSummary ps ON u.Id = ps.OwnerUserId\n)\n\nSELECT \n    u.UserId,\n    u.Reputation,\n    u.CreationDate,\n    u.TotalPosts,\n    u.TotalQuestions,\n    u.TotalAnswers,\n    u.TotalWikis,\n    u.AverageScore,\n    u.AverageViewCount\nFROM \n    UserSummary u\nORDER BY \n    u.Reputation DESC;",
    "blocked_thread_time": 0.0,
    "cpu_time": 1.2419295190000001,
    "extra_info": {},
    "cumulative_cardinality": 13114704,
    "cumulative_rows_scanned": 5110826,
    "result_set_size": 110942480,
    "latency": 4.180585395,
    "children": [
        {
            "operator_name": "ORDER_BY",
            "cpu_time": 1.2419295190000001,
            "extra_info": {
                "Order By": "u.Reputation DESC"
            },
            "cumulative_cardinality": 13114704,
            "operator_type": "ORDER_BY",
            "operator_cardinality": 1260710,
            "cumulative_rows_scanned": 5110826,
            "operator_rows_scanned": 0,
            "operator_timing": 0.07693933500000001,
            "result_set_size": 110942480,
            "children": [
                {
                    "operator_name": "PROJECTION",
                    "cpu_time": 1.164990184,
                    "extra_info": {
                        "Projections": [
                            "UserId",
                            "reputation",
                            "creationdate",
                            "TotalPosts",
                            "TotalQuestions",
                            "TotalAnswers",
                            "TotalWikis",
                            "AverageScore",
                            "AverageViewCount"
                        ],
                        "Estimated Cardinality": "1925058"
                    },
                    "cumulative_cardinality": 11853994,
                    "operator_type": "PROJECTION",
                    "operator_cardinality": 1260710,
                    "cumulative_rows_scanned": 5110826,
                    "operator_rows_scanned": 0,
                    "operator_timing": 0.042578674999999996,
                    "result_set_size": 110942480,
                    "children": [
                        {
                            "operator_name": "HASH_JOIN",
                            "cpu_time": 1.1224115090000002,
                            "extra_info": {
                                "Join Type": "RIGHT",
                                "Conditions": "owneruserid = id",
                                "Estimated Cardinality": "1925058"
                            },
                            "cumulative_cardinality": 10593284,
                            "operator_type": "HASH_JOIN",
                            "operator_cardinality": 1260710,
                            "cumulative_rows_scanned": 5110826,
                            "operator_rows_scanned": 0,
                            "operator_timing": 0.10143979600000001,
                            "result_set_size": 110942480,
                            "children": [
                                {
                                    "operator_name": "HASH_GROUP_BY",
                                    "cpu_time": 0.9891114790000001,
                                    "extra_info": {
                                        "Groups": "#0",
                                        "Aggregates": [
                                            "count(DISTINCT #1)",
                                            "sum(#2)",
                                            "sum(#3)",
                                            "sum(#4)",
                                            "avg(#5)",
                                            "avg(#6)"
                                        ],
                                        "Estimated Cardinality": "1925058"
                                    },
                                    "cumulative_cardinality": 8071864,
                                    "operator_type": "HASH_GROUP_BY",
                                    "operator_cardinality": 371632,
                                    "cumulative_rows_scanned": 3850116,
                                    "operator_rows_scanned": 0,
                                    "operator_timing": 0.8207056839999998,
                                    "result_set_size": 28244032,
                                    "children": [
                                        {
                                            "operator_name": "PROJECTION",
                                            "cpu_time": 0.16840579500000027,
                                            "extra_info": {
                                                "Projections": [
                                                    "owneruserid",
                                                    "id",
                                                    "CASE  WHEN ((posttypeid = 1)) THEN (1) ELSE 0 END",
                                                    "CASE  WHEN ((posttypeid = 2)) THEN (1) ELSE 0 END",
                                                    "CASE  WHEN ((posttypeid = 3)) THEN (1) ELSE 0 END",
                                                    "score",
                                                    "viewcount"
                                                ],
                                                "Estimated Cardinality": "3850116"
                                            },
                                            "cumulative_cardinality": 7700232,
                                            "operator_type": "PROJECTION",
                                            "operator_cardinality": 3850116,
                                            "cumulative_rows_scanned": 3850116,
                                            "operator_rows_scanned": 0,
                                            "operator_timing": 0.056406596000000045,
                                            "result_set_size": 107803248,
                                            "children": [
                                                {
                                                    "operator_name": "READ_PARQUET ",
                                                    "cpu_time": 0.11199919900000023,
                                                    "extra_info": {
                                                        "Function": "READ_PARQUET",
                                                        "Projections": [
                                                            "id",
                                                            "posttypeid",
                                                            "score",
                                                            "viewcount",
                                                            "owneruserid"
                                                        ],
                                                        "Estimated Cardinality": "3850116"
                                                    },
                                                    "cumulative_cardinality": 3850116,
                                                    "operator_type": "TABLE_SCAN",
                                                    "operator_cardinality": 3850116,
                                                    "cumulative_rows_scanned": 3850116,
                                                    "operator_rows_scanned": 3850116,
                                                    "operator_timing": 0.11199919900000023,
                                                    "result_set_size": 69302088,
                                                    "children": []
                                                }
                                            ]
                                        }
                                    ]
                                },
                                {
                                    "operator_name": "READ_PARQUET ",
                                    "cpu_time": 0.03186023400000001,
                                    "extra_info": {
                                        "Function": "READ_PARQUET",
                                        "Projections": [
                                            "id",
                                            "reputation",
                                            "creationdate"
                                        ],
                                        "Estimated Cardinality": "1260710"
                                    },
                                    "cumulative_cardinality": 1260710,
                                    "operator_type": "TABLE_SCAN",
                                    "operator_cardinality": 1260710,
                                    "cumulative_rows_scanned": 1260710,
                                    "operator_rows_scanned": 1260710,
                                    "operator_timing": 0.03186023400000001,
                                    "result_set_size": 20171360,
                                    "children": []
                                }
                            ]
                        }
                    ]
                }
            ]
        }
    ]
}