{
    "rows_returned": 100,
    "query_name": "\nSELECT \n    p.Id AS PostId,\n    p.Title,\n    p.CreationDate,\n    p.Score,\n    u.DisplayName AS OwnerDisplayName,\n    COUNT(c.Id) AS CommentCount,\n    COUNT(v.Id) AS VoteCount,\n    AVG(COALESCE(p2.ViewCount, 0)) AS AverageViewCount,\n    MAX(p.LastEditDate) AS LastEdit,\n    SUM(CASE WHEN v.VoteTypeId = 2 THEN 1 ELSE 0 END) AS UpvoteCount,\n    SUM(CASE WHEN v.VoteTypeId = 3 THEN 1 ELSE 0 END) AS DownvoteCount\nFROM \n    Posts p\nJOIN \n    Users u ON p.OwnerUserId = u.Id\nLEFT JOIN \n    Comments c ON p.Id = c.PostId\nLEFT JOIN \n    Votes v ON p.Id = v.PostId\nLEFT JOIN \n    Posts p2 ON p.ParentId = p2.Id\nWHERE \n    p.PostTypeId = 1  \nGROUP BY \n    p.Id, p.Title, p.CreationDate, p.Score, u.DisplayName\nORDER BY \n    p.CreationDate DESC\nLIMIT 100;\n",
    "blocked_thread_time": 0.0,
    "cpu_time": 6.129374043999999,
    "extra_info": {},
    "cumulative_cardinality": 130473500,
    "cumulative_rows_scanned": 28946857,
    "result_set_size": 11200,
    "latency": 7.233300444,
    "children": [
        {
            "operator_name": "STREAMING_LIMIT",
            "cpu_time": 6.129374043999999,
            "extra_info": {},
            "cumulative_cardinality": 130473500,
            "operator_type": "STREAMING_LIMIT",
            "operator_cardinality": 100,
            "cumulative_rows_scanned": 28946857,
            "operator_rows_scanned": 0,
            "operator_timing": 0.000002024,
            "result_set_size": 11200,
            "children": [
                {
                    "operator_name": "PROJECTION",
                    "cpu_time": 6.129372019999999,
                    "extra_info": {
                        "Projections": [
                            "#0",
                            "#1",
                            "#2",
                            "__internal_decompress_integral_integer(#3, -72)",
                            "#4",
                            "#5",
                            "#6",
                            "#7",
                            "#8",
                            "#9",
                            "#10"
                        ],
                        "Estimated Cardinality": "3850116"
                    },
                    "cumulative_cardinality": 130473400,
                    "operator_type": "PROJECTION",
                    "operator_cardinality": 4096,
                    "cumulative_rows_scanned": 28946857,
                    "operator_rows_scanned": 0,
                    "operator_timing": 0.000008998,
                    "result_set_size": 458752,
                    "children": [
                        {
                            "operator_name": "ORDER_BY",
                            "cpu_time": 6.129363021999999,
                            "extra_info": {
                                "Order By": "p.CreationDate DESC"
                            },
                            "cumulative_cardinality": 130469304,
                            "operator_type": "ORDER_BY",
                            "operator_cardinality": 4096,
                            "cumulative_rows_scanned": 28946857,
                            "operator_rows_scanned": 0,
                            "operator_timing": 0.11680110000000021,
                            "result_set_size": 450560,
                            "children": [
                                {
                                    "operator_name": "PROJECTION",
                                    "cpu_time": 6.012561921999999,
                                    "extra_info": {
                                        "Projections": [
                                            "#0",
                                            "#1",
                                            "#2",
                                            "__internal_compress_integral_usmallint(#3, -72)",
                                            "#4",
                                            "#5",
                                            "#6",
                                            "#7",
                                            "#8",
                                            "#9",
                                            "#10"
                                        ],
                                        "Estimated Cardinality": "3850116"
                                    },
                                    "cumulative_cardinality": 130465208,
                                    "operator_type": "PROJECTION",
                                    "operator_cardinality": 1589663,
                                    "cumulative_rows_scanned": 28946857,
                                    "operator_rows_scanned": 0,
                                    "operator_timing": 0.0008156519999999995,
                                    "result_set_size": 174862930,
                                    "children": [
                                        {
                                            "operator_name": "PROJECTION",
                                            "cpu_time": 6.011746269999999,
                                            "extra_info": {
                                                "Projections": [
                                                    "#0",
                                                    "#1",
                                                    "#2",
                                                    "__internal_decompress_integral_integer(#3, -72)",
                                                    "#4",
                                                    "#5",
                                                    "#6",
                                                    "#7",
                                                    "#8",
                                                    "#9",
                                                    "#10"
                                                ],
                                                "Estimated Cardinality": "3850116"
                                            },
                                            "cumulative_cardinality": 128875545,
                                            "operator_type": "PROJECTION",
                                            "operator_cardinality": 1589663,
                                            "cumulative_rows_scanned": 28946857,
                                            "operator_rows_scanned": 0,
                                            "operator_timing": 0.0009208869999999997,
                                            "result_set_size": 178042256,
                                            "children": [
                                                {
                                                    "operator_name": "HASH_GROUP_BY",
                                                    "cpu_time": 6.0108253829999985,
                                                    "extra_info": {
                                                        "Groups": [
                                                            "#0",
                                                            "#1",
                                                            "#2",
                                                            "#3",
                                                            "#4"
                                                        ],
                                                        "Aggregates": [
                                                            "count(#5)",
                                                            "count(#6)",
                                                            "avg(#7)",
                                                            "max(#8)",
                                                            "sum(#9)",
                                                            "sum(#10)"
                                                        ],
                                                        "Estimated Cardinality": "3850116"
                                                    },
                                                    "cumulative_cardinality": 127285882,
                                                    "operator_type": "HASH_GROUP_BY",
                                                    "operator_cardinality": 1589663,
                                                    "cumulative_rows_scanned": 28946857,
                                                    "operator_rows_scanned": 0,
                                                    "operator_timing": 2.183521380000004,
                                                    "result_set_size": 174862930,
                                                    "children": [
                                                        {
                                                            "operator_name": "PROJECTION",
                                                            "cpu_time": 3.8273040029999947,
                                                            "extra_info": {
                                                                "Projections": [
                                                                    "id",
                                                                    "title",
                                                                    "creationdate",
                                                                    "score",
                                                                    "displayname",
                                                                    "id",
                                                                    "id",
                                                                    "COALESCE(viewcount, 0)",
                                                                    "lasteditdate",
                                                                    "CASE  WHEN ((votetypeid = 2)) THEN (1) ELSE 0 END",
                                                                    "CASE  WHEN ((votetypeid = 3)) THEN (1) ELSE 0 END"
                                                                ],
                                                                "Estimated Cardinality": "12744093"
                                                            },
                                                            "cumulative_cardinality": 125696219,
                                                            "operator_type": "PROJECTION",
                                                            "operator_cardinality": 16029662,
                                                            "cumulative_rows_scanned": 28946857,
                                                            "operator_rows_scanned": 0,
                                                            "operator_timing": 0.20747191500000012,
                                                            "result_set_size": 1186194988,
                                                            "children": [
                                                                {
                                                                    "operator_name": "PROJECTION",
                                                                    "cpu_time": 3.6198320879999946,
                                                                    "extra_info": {
                                                                        "Projections": [
                                                                            "#2",
                                                                            "#3",
                                                                            "__internal_compress_integral_usmallint(#4, -72)",
                                                                            "#5",
                                                                            "#6",
                                                                            "#1",
                                                                            "#0",
                                                                            "#7",
                                                                            "#8",
                                                                            "#9"
                                                                        ],
                                                                        "Estimated Cardinality": "12744093"
                                                                    },
                                                                    "cumulative_cardinality": 109666557,
                                                                    "operator_type": "PROJECTION",
                                                                    "operator_cardinality": 16029662,
                                                                    "cumulative_rows_scanned": 28946857,
                                                                    "operator_rows_scanned": 0,
                                                                    "operator_timing": 0.035852495000000206,
                                                                    "result_set_size": 1090017016,
                                                                    "children": [
                                                                        {
                                                                            "operator_name": "HASH_JOIN",
                                                                            "cpu_time": 3.5839795929999942,
                                                                            "extra_info": {
                                                                                "Join Type": "LEFT",
                                                                                "Conditions": "parentid = id",
                                                                                "Estimated Cardinality": "12744093"
                                                                            },
                                                                            "cumulative_cardinality": 93636895,
                                                                            "operator_type": "HASH_JOIN",
                                                                            "operator_cardinality": 16029662,
                                                                            "cumulative_rows_scanned": 28946857,
                                                                            "operator_rows_scanned": 0,
                                                                            "operator_timing": 0.3622418440000001,
                                                                            "result_set_size": 1122076340,
                                                                            "children": [
                                                                                {
                                                                                    "operator_name": "PROJECTION",
                                                                                    "cpu_time": 3.176560520999994,
                                                                                    "extra_info": {
                                                                                        "Projections": [
                                                                                            "#0",
                                                                                            "#1",
                                                                                            "#2",
                                                                                            "#3",
                                                                                            "#4",
                                                                                            "#5",
                                                                                            "#6",
                                                                                            "#7",
                                                                                            "#8",
                                                                                            "__internal_decompress_integral_smallint(#9, 1)"
                                                                                        ],
                                                                                        "Estimated Cardinality": "12744093"
                                                                                    },
                                                                                    "cumulative_cardinality": 73757117,
                                                                                    "operator_type": "PROJECTION",
                                                                                    "operator_cardinality": 16029662,
                                                                                    "cumulative_rows_scanned": 25096741,
                                                                                    "operator_rows_scanned": 0,
                                                                                    "operator_timing": 0.04004877799999977,
                                                                                    "result_set_size": 1122076340,
                                                                                    "children": [
                                                                                        {
                                                                                            "operator_name": "HASH_JOIN",
                                                                                            "cpu_time": 3.1365117429999945,
                                                                                            "extra_info": {
                                                                                                "Join Type": "LEFT",
                                                                                                "Conditions": "id = postid",
                                                                                                "Estimated Cardinality": "12744093"
                                                                                            },
                                                                                            "cumulative_cardinality": 57727455,
                                                                                            "operator_type": "HASH_JOIN",
                                                                                            "operator_cardinality": 16029662,
                                                                                            "cumulative_rows_scanned": 25096741,
                                                                                            "operator_rows_scanned": 0,
                                                                                            "operator_timing": 1.0793099249999996,
                                                                                            "result_set_size": 1106046678,
                                                                                            "children": [
                                                                                                {
                                                                                                    "operator_name": "HASH_JOIN",
                                                                                                    "cpu_time": 1.8435129969999962,
                                                                                                    "extra_info": {
                                                                                                        "Join Type": "RIGHT",
                                                                                                        "Conditions": "postid = id",
                                                                                                        "Estimated Cardinality": "7241822"
                                                                                                    },
                                                                                                    "cumulative_cardinality": 16209607,
                                                                                                    "operator_type": "HASH_JOIN",
                                                                                                    "operator_cardinality": 4449281,
                                                                                                    "cumulative_rows_scanned": 12352648,
                                                                                                    "operator_rows_scanned": 0,
                                                                                                    "operator_timing": 0.6724799029999962,
                                                                                                    "result_set_size": 284753984,
                                                                                                    "children": [
                                                                                                        {
                                                                                                            "operator_name": "READ_PARQUET ",
                                                                                                            "cpu_time": 0.15319238300000018,
                                                                                                            "extra_info": {
                                                                                                                "Function": "READ_PARQUET",
                                                                                                                "Projections": [
                                                                                                                    "id",
                                                                                                                    "postid"
                                                                                                                ],
                                                                                                                "Estimated Cardinality": "7241822"
                                                                                                            },
                                                                                                            "cumulative_cardinality": 7241822,
                                                                                                            "operator_type": "TABLE_SCAN",
                                                                                                            "operator_cardinality": 7241822,
                                                                                                            "cumulative_rows_scanned": 7241822,
                                                                                                            "operator_rows_scanned": 7241822,
                                                                                                            "operator_timing": 0.15319238300000018,
                                                                                                            "result_set_size": 57934576,
                                                                                                            "children": []
                                                                                                        },
                                                                                                        {
                                                                                                            "operator_name": "HASH_JOIN",
                                                                                                            "cpu_time": 1.0178407109999998,
                                                                                                            "extra_info": {
                                                                                                                "Join Type": "INNER",
                                                                                                                "Conditions": "id = owneruserid",
                                                                                                                "Estimated Cardinality": "770023"
                                                                                                            },
                                                                                                            "cumulative_cardinality": 4518504,
                                                                                                            "operator_type": "HASH_JOIN",
                                                                                                            "operator_cardinality": 1589663,
                                                                                                            "cumulative_rows_scanned": 5110826,
                                                                                                            "operator_rows_scanned": 0,
                                                                                                            "operator_timing": 0.30492312199999994,
                                                                                                            "result_set_size": 95379780,
                                                                                                            "children": [
                                                                                                                {
                                                                                                                    "operator_name": "READ_PARQUET ",
                                                                                                                    "cpu_time": 0.09688888399999995,
                                                                                                                    "extra_info": {
                                                                                                                        "Function": "READ_PARQUET",
                                                                                                                        "Projections": [
                                                                                                                            "id",
                                                                                                                            "displayname"
                                                                                                                        ],
                                                                                                                        "Filters": "id<=1416539",
                                                                                                                        "Estimated Cardinality": "1260710"
                                                                                                                    },
                                                                                                                    "cumulative_cardinality": 1260677,
                                                                                                                    "operator_type": "TABLE_SCAN",
                                                                                                                    "operator_cardinality": 1260677,
                                                                                                                    "cumulative_rows_scanned": 1260710,
                                                                                                                    "operator_rows_scanned": 1260710,
                                                                                                                    "operator_timing": 0.09688888399999995,
                                                                                                                    "result_set_size": 25213540,
                                                                                                                    "children": []
                                                                                                                },
                                                                                                                {
                                                                                                                    "operator_name": "READ_PARQUET ",
                                                                                                                    "cpu_time": 0.6160287050000001,
                                                                                                                    "extra_info": {
                                                                                                                        "Function": "READ_PARQUET",
                                                                                                                        "Projections": [
                                                                                                                            "id",
                                                                                                                            "parentid",
                                                                                                                            "creationdate",
                                                                                                                            "score",
                                                                                                                            "owneruserid",
                                                                                                                            "lasteditdate",
                                                                                                                            "title"
                                                                                                                        ],
                                                                                                                        "Filters": "posttypeid=1",
                                                                                                                        "Estimated Cardinality": "770023"
                                                                                                                    },
                                                                                                                    "cumulative_cardinality": 1668164,
                                                                                                                    "operator_type": "TABLE_SCAN",
                                                                                                                    "operator_cardinality": 1668164,
                                                                                                                    "cumulative_rows_scanned": 3850116,
                                                                                                                    "operator_rows_scanned": 3850116,
                                                                                                                    "operator_timing": 0.6160287050000001,
                                                                                                                    "result_set_size": 80071872,
                                                                                                                    "children": []
                                                                                                                }
                                                                                                            ]
                                                                                                        }
                                                                                                    ]
                                                                                                },
                                                                                                {
                                                                                                    "operator_name": "PROJECTION",
                                                                                                    "cpu_time": 0.21368882099999897,
                                                                                                    "extra_info": {
                                                                                                        "Projections": [
                                                                                                            "#0",
                                                                                                            "#1",
                                                                                                            "__internal_compress_integral_utinyint(#2, 1)"
                                                                                                        ],
                                                                                                        "Estimated Cardinality": "12744093"
                                                                                                    },
                                                                                                    "cumulative_cardinality": 25488186,
                                                                                                    "operator_type": "PROJECTION",
                                                                                                    "operator_cardinality": 12744093,
                                                                                                    "cumulative_rows_scanned": 12744093,
                                                                                                    "operator_rows_scanned": 0,
                                                                                                    "operator_timing": 0.003770841999999967,
                                                                                                    "result_set_size": 114696837,
                                                                                                    "children": [
                                                                                                        {
                                                                                                            "operator_name": "READ_PARQUET ",
                                                                                                            "cpu_time": 0.209917978999999,
                                                                                                            "extra_info": {
                                                                                                                "Function": "READ_PARQUET",
                                                                                                                "Projections": [
                                                                                                                    "id",
                                                                                                                    "postid",
                                                                                                                    "votetypeid"
                                                                                                                ],
                                                                                                                "Estimated Cardinality": "12744093"
                                                                                                            },
                                                                                                            "cumulative_cardinality": 12744093,
                                                                                                            "operator_type": "TABLE_SCAN",
                                                                                                            "operator_cardinality": 12744093,
                                                                                                            "cumulative_rows_scanned": 12744093,
                                                                                                            "operator_rows_scanned": 12744093,
                                                                                                            "operator_timing": 0.209917978999999,
                                                                                                            "result_set_size": 127440930,
                                                                                                            "children": []
                                                                                                        }
                                                                                                    ]
                                                                                                }
                                                                                            ]
                                                                                        }
                                                                                    ]
                                                                                },
                                                                                {
                                                                                    "operator_name": "READ_PARQUET ",
                                                                                    "cpu_time": 0.045177228000000014,
                                                                                    "extra_info": {
                                                                                        "Function": "READ_PARQUET",
                                                                                        "Projections": [
                                                                                            "id",
                                                                                            "viewcount"
                                                                                        ],
                                                                                        "Estimated Cardinality": "3850116"
                                                                                    },
                                                                                    "cumulative_cardinality": 3850116,
                                                                                    "operator_type": "TABLE_SCAN",
                                                                                    "operator_cardinality": 3850116,
                                                                                    "cumulative_rows_scanned": 3850116,
                                                                                    "operator_rows_scanned": 3850116,
                                                                                    "operator_timing": 0.045177228000000014,
                                                                                    "result_set_size": 30800928,
                                                                                    "children": []
                                                                                }
                                                                            ]
                                                                        }
                                                                    ]
                                                                }
                                                            ]
                                                        }
                                                    ]
                                                }
                                            ]
                                        }
                                    ]
                                }
                            ]
                        }
                    ]
                }
            ]
        }
    ]
}