{
    "rows_returned": 1023784,
    "query_name": "\nWITH UserActivity AS (\n    SELECT \n        u.Id AS UserId,\n        u.DisplayName,\n        COUNT(DISTINCT p.Id) AS PostCount,\n        SUM(CASE WHEN p.PostTypeId = 1 THEN 1 ELSE 0 END) AS QuestionCount,\n        SUM(CASE WHEN p.PostTypeId = 2 THEN 1 ELSE 0 END) AS AnswerCount,\n        SUM(CASE WHEN v.VoteTypeId = 2 THEN 1 ELSE 0 END) AS UpVotes,\n        SUM(CASE WHEN v.VoteTypeId = 3 THEN 1 ELSE 0 END) AS DownVotes\n    FROM Users u\n    LEFT JOIN Posts p ON u.Id = p.OwnerUserId\n    LEFT JOIN Votes v ON p.Id = v.PostId\n    GROUP BY u.Id, u.DisplayName\n), \nPostStats AS (\n    SELECT \n        p.Id AS PostId,\n        p.Title,\n        p.CreationDate,\n        p.Score,\n        p.ViewCount,\n        COUNT(c.Id) AS CommentCount,\n        COUNT(DISTINCT p2.Id) AS RelatedPostCount\n    FROM Posts p\n    LEFT JOIN Comments c ON p.Id = c.PostId\n    LEFT JOIN PostLinks pl ON p.Id = pl.PostId\n    LEFT JOIN Posts p2 ON pl.RelatedPostId = p2.Id\n    GROUP BY p.Id, p.Title, p.CreationDate, p.Score, p.ViewCount\n)\nSELECT \n    ua.UserId,\n    ua.DisplayName,\n    ua.PostCount,\n    ua.QuestionCount,\n    ua.AnswerCount,\n    ua.UpVotes,\n    ua.DownVotes,\n    ps.PostId,\n    ps.Title,\n    ps.CreationDate,\n    ps.Score,\n    ps.ViewCount,\n    ps.CommentCount,\n    ps.RelatedPostCount\nFROM UserActivity ua\nJOIN PostStats ps ON ua.UserId = ps.PostId\nORDER BY ua.UserId DESC, ps.Score DESC;\n",
    "blocked_thread_time": 0.0,
    "cpu_time": 6.926764746000003,
    "extra_info": {},
    "cumulative_cardinality": 147001371,
    "cumulative_rows_scanned": 33209964,
    "result_set_size": 147424896,
    "latency": 12.153644046,
    "children": [
        {
            "operator_name": "PROJECTION",
            "cpu_time": 6.926764746000003,
            "extra_info": {
                "Projections": [
                    "#0",
                    "#1",
                    "#2",
                    "#3",
                    "#4",
                    "#5",
                    "#6",
                    "#7",
                    "#8",
                    "#9",
                    "__internal_decompress_integral_integer(#10, -72)",
                    "#11",
                    "#12",
                    "#13"
                ],
                "Estimated Cardinality": "3850116"
            },
            "cumulative_cardinality": 147001371,
            "operator_type": "PROJECTION",
            "operator_cardinality": 1023784,
            "cumulative_rows_scanned": 33209964,
            "operator_rows_scanned": 0,
            "operator_timing": 0.0006219900000000009,
            "result_set_size": 147424896,
            "children": [
                {
                    "operator_name": "ORDER_BY",
                    "cpu_time": 6.926142756000003,
                    "extra_info": {
                        "Order By": [
                            "ua.UserId DESC",
                            "ps.Score DESC"
                        ]
                    },
                    "cumulative_cardinality": 145977587,
                    "operator_type": "ORDER_BY",
                    "operator_cardinality": 1023784,
                    "cumulative_rows_scanned": 33209964,
                    "operator_rows_scanned": 0,
                    "operator_timing": 0.139722512,
                    "result_set_size": 145377328,
                    "children": [
                        {
                            "operator_name": "PROJECTION",
                            "cpu_time": 6.786420244000003,
                            "extra_info": {
                                "Projections": [
                                    "#0",
                                    "#1",
                                    "#2",
                                    "#3",
                                    "#4",
                                    "#5",
                                    "#6",
                                    "#7",
                                    "#8",
                                    "#9",
                                    "__internal_compress_integral_usmallint(#10, -72)",
                                    "#11",
                                    "#12",
                                    "#13"
                                ],
                                "Estimated Cardinality": "3850116"
                            },
                            "cumulative_cardinality": 144953803,
                            "operator_type": "PROJECTION",
                            "operator_cardinality": 1023784,
                            "cumulative_rows_scanned": 33209964,
                            "operator_rows_scanned": 0,
                            "operator_timing": 0.001363013000000001,
                            "result_set_size": 145377328,
                            "children": [
                                {
                                    "operator_name": "PROJECTION",
                                    "cpu_time": 6.785057231000003,
                                    "extra_info": {
                                        "Projections": [
                                            "UserId",
                                            "displayname",
                                            "PostCount",
                                            "QuestionCount",
                                            "AnswerCount",
                                            "UpVotes",
                                            "DownVotes",
                                            "PostId",
                                            "title",
                                            "creationdate",
                                            "score",
                                            "viewcount",
                                            "CommentCount",
                                            "RelatedPostCount"
                                        ],
                                        "Estimated Cardinality": "3850116"
                                    },
                                    "cumulative_cardinality": 143930019,
                                    "operator_type": "PROJECTION",
                                    "operator_cardinality": 1023784,
                                    "cumulative_rows_scanned": 33209964,
                                    "operator_rows_scanned": 0,
                                    "operator_timing": 0.00047708599999999907,
                                    "result_set_size": 147424896,
                                    "children": [
                                        {
                                            "operator_name": "HASH_JOIN",
                                            "cpu_time": 6.784580145000003,
                                            "extra_info": {
                                                "Join Type": "INNER",
                                                "Conditions": "PostId = UserId",
                                                "Estimated Cardinality": "3850116"
                                            },
                                            "cumulative_cardinality": 142906235,
                                            "operator_type": "HASH_JOIN",
                                            "operator_cardinality": 1023784,
                                            "cumulative_rows_scanned": 33209964,
                                            "operator_rows_scanned": 0,
                                            "operator_timing": 0.22152330200000017,
                                            "result_set_size": 143329760,
                                            "children": [
                                                {
                                                    "operator_name": "PROJECTION",
                                                    "cpu_time": 2.8078420160000026,
                                                    "extra_info": {
                                                        "Projections": [
                                                            "#0",
                                                            "#1",
                                                            "#2",
                                                            "__internal_decompress_integral_integer(#3, -72)",
                                                            "#4",
                                                            "#5",
                                                            "#6"
                                                        ],
                                                        "Estimated Cardinality": "3850116"
                                                    },
                                                    "cumulative_cardinality": 66825027,
                                                    "operator_type": "PROJECTION",
                                                    "operator_cardinality": 1156110,
                                                    "cumulative_rows_scanned": 15355045,
                                                    "operator_rows_scanned": 0,
                                                    "operator_timing": 0.0005635199999999992,
                                                    "result_set_size": 60117720,
                                                    "children": [
                                                        {
                                                            "operator_name": "HASH_GROUP_BY",
                                                            "cpu_time": 2.8072784960000026,
                                                            "extra_info": {
                                                                "Groups": [
                                                                    "#0",
                                                                    "#1",
                                                                    "#2",
                                                                    "#3",
                                                                    "#4"
                                                                ],
                                                                "Aggregates": [
                                                                    "count(#5)",
                                                                    "count(DISTINCT #6)"
                                                                ],
                                                                "Estimated Cardinality": "3850116"
                                                            },
                                                            "cumulative_cardinality": 65668917,
                                                            "operator_type": "HASH_GROUP_BY",
                                                            "operator_cardinality": 1156110,
                                                            "cumulative_rows_scanned": 15355045,
                                                            "operator_rows_scanned": 0,
                                                            "operator_timing": 0.7766548630000005,
                                                            "result_set_size": 57805500,
                                                            "children": [
                                                                {
                                                                    "operator_name": "PROJECTION",
                                                                    "cpu_time": 2.030623633000002,
                                                                    "extra_info": {
                                                                        "Projections": [
                                                                            "id",
                                                                            "title",
                                                                            "creationdate",
                                                                            "score",
                                                                            "viewcount",
                                                                            "id",
                                                                            "id"
                                                                        ],
                                                                        "Estimated Cardinality": "7241822"
                                                                    },
                                                                    "cumulative_cardinality": 64512807,
                                                                    "operator_type": "PROJECTION",
                                                                    "operator_cardinality": 2802810,
                                                                    "cumulative_rows_scanned": 15355045,
                                                                    "operator_rows_scanned": 0,
                                                                    "operator_timing": 0.0010570640000000004,
                                                                    "result_set_size": 117718020,
                                                                    "children": [
                                                                        {
                                                                            "operator_name": "PROJECTION",
                                                                            "cpu_time": 2.029566569000002,
                                                                            "extra_info": {
                                                                                "Projections": [
                                                                                    "#1",
                                                                                    "#2",
                                                                                    "__internal_compress_integral_usmallint(#3, -72)",
                                                                                    "#4",
                                                                                    "#5",
                                                                                    "#0",
                                                                                    "#6"
                                                                                ],
                                                                                "Estimated Cardinality": "7241822"
                                                                            },
                                                                            "cumulative_cardinality": 61709997,
                                                                            "operator_type": "PROJECTION",
                                                                            "operator_cardinality": 2802810,
                                                                            "cumulative_rows_scanned": 15355045,
                                                                            "operator_rows_scanned": 0,
                                                                            "operator_timing": 0.004315198000000004,
                                                                            "result_set_size": 117718020,
                                                                            "children": [
                                                                                {
                                                                                    "operator_name": "FILTER",
                                                                                    "cpu_time": 2.025251371000002,
                                                                                    "extra_info": {
                                                                                        "Expression": "(#1 <= 1416570)",
                                                                                        "Estimated Cardinality": "7241822"
                                                                                    },
                                                                                    "cumulative_cardinality": 58907187,
                                                                                    "operator_type": "FILTER",
                                                                                    "operator_cardinality": 2802810,
                                                                                    "cumulative_rows_scanned": 15355045,
                                                                                    "operator_rows_scanned": 0,
                                                                                    "operator_timing": 0.03311961299999991,
                                                                                    "result_set_size": 123323640,
                                                                                    "children": [
                                                                                        {
                                                                                            "operator_name": "HASH_JOIN",
                                                                                            "cpu_time": 1.9921317580000022,
                                                                                            "extra_info": {
                                                                                                "Join Type": "LEFT",
                                                                                                "Conditions": "relatedpostid = id",
                                                                                                "Estimated Cardinality": "7241822"
                                                                                            },
                                                                                            "cumulative_cardinality": 56104377,
                                                                                            "operator_type": "HASH_JOIN",
                                                                                            "operator_cardinality": 9521342,
                                                                                            "cumulative_rows_scanned": 15355045,
                                                                                            "operator_rows_scanned": 0,
                                                                                            "operator_timing": 0.3171464890000017,
                                                                                            "result_set_size": 418939048,
                                                                                            "children": [
                                                                                                {
                                                                                                    "operator_name": "HASH_JOIN",
                                                                                                    "cpu_time": 1.6548833430000005,
                                                                                                    "extra_info": {
                                                                                                        "Join Type": "LEFT",
                                                                                                        "Conditions": "id = postid",
                                                                                                        "Estimated Cardinality": "7241822"
                                                                                                    },
                                                                                                    "cumulative_cardinality": 42732919,
                                                                                                    "operator_type": "HASH_JOIN",
                                                                                                    "operator_cardinality": 9521342,
                                                                                                    "cumulative_rows_scanned": 11504929,
                                                                                                    "operator_rows_scanned": 0,
                                                                                                    "operator_timing": 0.2605131910000001,
                                                                                                    "result_set_size": 418939048,
                                                                                                    "children": [
                                                                                                        {
                                                                                                            "operator_name": "PROJECTION",
                                                                                                            "cpu_time": 1.3891364510000004,
                                                                                                            "extra_info": {
                                                                                                                "Projections": [
                                                                                                                    "#0",
                                                                                                                    "#1",
                                                                                                                    "#2",
                                                                                                                    "__internal_decompress_integral_integer(#3, -72)",
                                                                                                                    "#4",
                                                                                                                    "#5"
                                                                                                                ],
                                                                                                                "Estimated Cardinality": "7241822"
                                                                                                            },
                                                                                                            "cumulative_cardinality": 32798586,
                                                                                                            "operator_type": "PROJECTION",
                                                                                                            "operator_cardinality": 8928266,
                                                                                                            "cumulative_rows_scanned": 11091938,
                                                                                                            "operator_rows_scanned": 0,
                                                                                                            "operator_timing": 0.007076664000000128,
                                                                                                            "result_set_size": 357130640,
                                                                                                            "children": [
                                                                                                                {
                                                                                                                    "operator_name": "HASH_JOIN",
                                                                                                                    "cpu_time": 1.3820597870000002,
                                                                                                                    "extra_info": {
                                                                                                                        "Join Type": "RIGHT",
                                                                                                                        "Conditions": "postid = id",
                                                                                                                        "Estimated Cardinality": "7241822"
                                                                                                                    },
                                                                                                                    "cumulative_cardinality": 23870320,
                                                                                                                    "operator_type": "HASH_JOIN",
                                                                                                                    "operator_cardinality": 8928266,
                                                                                                                    "cumulative_rows_scanned": 11091938,
                                                                                                                    "operator_rows_scanned": 0,
                                                                                                                    "operator_timing": 0.854848060000001,
                                                                                                                    "result_set_size": 339274108,
                                                                                                                    "children": [
                                                                                                                        {
                                                                                                                            "operator_name": "READ_PARQUET ",
                                                                                                                            "cpu_time": 0.1334790889999995,
                                                                                                                            "extra_info": {
                                                                                                                                "Function": "READ_PARQUET",
                                                                                                                                "Projections": [
                                                                                                                                    "id",
                                                                                                                                    "postid"
                                                                                                                                ],
                                                                                                                                "Estimated Cardinality": "7241822"
                                                                                                                            },
                                                                                                                            "cumulative_cardinality": 7241822,
                                                                                                                            "operator_type": "TABLE_SCAN",
                                                                                                                            "operator_cardinality": 7241822,
                                                                                                                            "cumulative_rows_scanned": 7241822,
                                                                                                                            "operator_rows_scanned": 7241822,
                                                                                                                            "operator_timing": 0.1334790889999995,
                                                                                                                            "result_set_size": 57934576,
                                                                                                                            "children": []
                                                                                                                        },
                                                                                                                        {
                                                                                                                            "operator_name": "PROJECTION",
                                                                                                                            "cpu_time": 0.3937326379999998,
                                                                                                                            "extra_info": {
                                                                                                                                "Projections": [
                                                                                                                                    "#0",
                                                                                                                                    "#1",
                                                                                                                                    "__internal_compress_integral_usmallint(#2, -72)",
                                                                                                                                    "#3",
                                                                                                                                    "#4"
                                                                                                                                ],
                                                                                                                                "Estimated Cardinality": "3850116"
                                                                                                                            },
                                                                                                                            "cumulative_cardinality": 7700232,
                                                                                                                            "operator_type": "PROJECTION",
                                                                                                                            "operator_cardinality": 3850116,
                                                                                                                            "cumulative_rows_scanned": 3850116,
                                                                                                                            "operator_rows_scanned": 0,
                                                                                                                            "operator_timing": 0.0018750850000000016,
                                                                                                                            "result_set_size": 130903944,
                                                                                                                            "children": [
                                                                                                                                {
                                                                                                                                    "operator_name": "READ_PARQUET ",
                                                                                                                                    "cpu_time": 0.3918575529999998,
                                                                                                                                    "extra_info": {
                                                                                                                                        "Function": "READ_PARQUET",
                                                                                                                                        "Projections": [
                                                                                                                                            "id",
                                                                                                                                            "creationdate",
                                                                                                                                            "score",
                                                                                                                                            "viewcount",
                                                                                                                                            "title"
                                                                                                                                        ],
                                                                                                                                        "Estimated Cardinality": "3850116"
                                                                                                                                    },
                                                                                                                                    "cumulative_cardinality": 3850116,
                                                                                                                                    "operator_type": "TABLE_SCAN",
                                                                                                                                    "operator_cardinality": 3850116,
                                                                                                                                    "cumulative_rows_scanned": 3850116,
                                                                                                                                    "operator_rows_scanned": 3850116,
                                                                                                                                    "operator_timing": 0.3918575529999998,
                                                                                                                                    "result_set_size": 138604176,
                                                                                                                                    "children": []
                                                                                                                                }
                                                                                                                            ]
                                                                                                                        }
                                                                                                                    ]
                                                                                                                }
                                                                                                            ]
                                                                                                        },
                                                                                                        {
                                                                                                            "operator_name": "READ_PARQUET ",
                                                                                                            "cpu_time": 0.005233700999999999,
                                                                                                            "extra_info": {
                                                                                                                "Function": "READ_PARQUET",
                                                                                                                "Projections": [
                                                                                                                    "postid",
                                                                                                                    "relatedpostid"
                                                                                                                ],
                                                                                                                "Estimated Cardinality": "412991"
                                                                                                            },
                                                                                                            "cumulative_cardinality": 412991,
                                                                                                            "operator_type": "TABLE_SCAN",
                                                                                                            "operator_cardinality": 412991,
                                                                                                            "cumulative_rows_scanned": 412991,
                                                                                                            "operator_rows_scanned": 412991,
                                                                                                            "operator_timing": 0.005233700999999999,
                                                                                                            "result_set_size": 3303928,
                                                                                                            "children": []
                                                                                                        }
                                                                                                    ]
                                                                                                },
                                                                                                {
                                                                                                    "operator_name": "READ_PARQUET ",
                                                                                                    "cpu_time": 0.020101925999999985,
                                                                                                    "extra_info": {
                                                                                                        "Function": "READ_PARQUET",
                                                                                                        "Projections": "id",
                                                                                                        "Estimated Cardinality": "3850116"
                                                                                                    },
                                                                                                    "cumulative_cardinality": 3850116,
                                                                                                    "operator_type": "TABLE_SCAN",
                                                                                                    "operator_cardinality": 3850116,
                                                                                                    "cumulative_rows_scanned": 3850116,
                                                                                                    "operator_rows_scanned": 3850116,
                                                                                                    "operator_timing": 0.020101925999999985,
                                                                                                    "result_set_size": 15400464,
                                                                                                    "children": []
                                                                                                }
                                                                                            ]
                                                                                        }
                                                                                    ]
                                                                                }
                                                                            ]
                                                                        }
                                                                    ]
                                                                }
                                                            ]
                                                        }
                                                    ]
                                                },
                                                {
                                                    "operator_name": "HASH_GROUP_BY",
                                                    "cpu_time": 3.755214827000001,
                                                    "extra_info": {
                                                        "Groups": [
                                                            "#0",
                                                            "#1"
                                                        ],
                                                        "Aggregates": [
                                                            "count(DISTINCT #2)",
                                                            "sum(#3)",
                                                            "sum(#4)",
                                                            "sum(#5)",
                                                            "sum(#6)"
                                                        ],
                                                        "Estimated Cardinality": "1260710"
                                                    },
                                                    "cumulative_cardinality": 75057424,
                                                    "operator_type": "HASH_GROUP_BY",
                                                    "operator_cardinality": 1260709,
                                                    "cumulative_rows_scanned": 17854919,
                                                    "operator_rows_scanned": 0,
                                                    "operator_timing": 2.0678221889999975,
                                                    "result_set_size": 115985228,
                                                    "children": [
                                                        {
                                                            "operator_name": "PROJECTION",
                                                            "cpu_time": 1.6873926380000035,
                                                            "extra_info": {
                                                                "Projections": [
                                                                    "id",
                                                                    "displayname",
                                                                    "id",
                                                                    "CASE  WHEN ((posttypeid = 1)) THEN (1) ELSE 0 END",
                                                                    "CASE  WHEN ((posttypeid = 2)) THEN (1) ELSE 0 END",
                                                                    "CASE  WHEN ((votetypeid = 2)) THEN (1) ELSE 0 END",
                                                                    "CASE  WHEN ((votetypeid = 3)) THEN (1) ELSE 0 END"
                                                                ],
                                                                "Estimated Cardinality": "12744093"
                                                            },
                                                            "cumulative_cardinality": 73796715,
                                                            "operator_type": "PROJECTION",
                                                            "operator_cardinality": 11739227,
                                                            "cumulative_rows_scanned": 17854919,
                                                            "operator_rows_scanned": 0,
                                                            "operator_timing": 0.12808306000000058,
                                                            "result_set_size": 469569080,
                                                            "children": [
                                                                {
                                                                    "operator_name": "PROJECTION",
                                                                    "cpu_time": 1.559309578000003,
                                                                    "extra_info": {
                                                                        "Projections": [
                                                                            "#0",
                                                                            "#1",
                                                                            "__internal_decompress_integral_smallint(#2, 1)",
                                                                            "#3",
                                                                            "#4"
                                                                        ],
                                                                        "Estimated Cardinality": "12744093"
                                                                    },
                                                                    "cumulative_cardinality": 62057488,
                                                                    "operator_type": "PROJECTION",
                                                                    "operator_cardinality": 11739227,
                                                                    "cumulative_rows_scanned": 17854919,
                                                                    "operator_rows_scanned": 0,
                                                                    "operator_timing": 0.006730630000000041,
                                                                    "result_set_size": 328698356,
                                                                    "children": [
                                                                        {
                                                                            "operator_name": "FILTER",
                                                                            "cpu_time": 1.552578948000003,
                                                                            "extra_info": {
                                                                                "Expression": "(#3 >= 1)",
                                                                                "Estimated Cardinality": "12744093"
                                                                            },
                                                                            "cumulative_cardinality": 50318261,
                                                                            "operator_type": "FILTER",
                                                                            "operator_cardinality": 11739227,
                                                                            "cumulative_rows_scanned": 17854919,
                                                                            "operator_rows_scanned": 0,
                                                                            "operator_timing": 0.018917061000000165,
                                                                            "result_set_size": 316959129,
                                                                            "children": [
                                                                                {
                                                                                    "operator_name": "HASH_JOIN",
                                                                                    "cpu_time": 1.5336618870000027,
                                                                                    "extra_info": {
                                                                                        "Join Type": "RIGHT",
                                                                                        "Conditions": "postid = id",
                                                                                        "Estimated Cardinality": "12744093"
                                                                                    },
                                                                                    "cumulative_cardinality": 38579034,
                                                                                    "operator_type": "HASH_JOIN",
                                                                                    "operator_cardinality": 11739825,
                                                                                    "cumulative_rows_scanned": 17854919,
                                                                                    "operator_rows_scanned": 0,
                                                                                    "operator_timing": 0.8680995800000005,
                                                                                    "result_set_size": 316975275,
                                                                                    "children": [
                                                                                        {
                                                                                            "operator_name": "READ_PARQUET ",
                                                                                            "cpu_time": 0.21533851000000104,
                                                                                            "extra_info": {
                                                                                                "Function": "READ_PARQUET",
                                                                                                "Projections": [
                                                                                                    "postid",
                                                                                                    "votetypeid"
                                                                                                ],
                                                                                                "Estimated Cardinality": "12744093"
                                                                                            },
                                                                                            "cumulative_cardinality": 12744093,
                                                                                            "operator_type": "TABLE_SCAN",
                                                                                            "operator_cardinality": 12744093,
                                                                                            "cumulative_rows_scanned": 12744093,
                                                                                            "operator_rows_scanned": 12744093,
                                                                                            "operator_timing": 0.21533851000000104,
                                                                                            "result_set_size": 76464558,
                                                                                            "children": []
                                                                                        },
                                                                                        {
                                                                                            "operator_name": "PROJECTION",
                                                                                            "cpu_time": 0.4502237970000011,
                                                                                            "extra_info": {
                                                                                                "Projections": [
                                                                                                    "#0",
                                                                                                    "__internal_compress_integral_utinyint(#1, 1)",
                                                                                                    "#2",
                                                                                                    "#3"
                                                                                                ],
                                                                                                "Estimated Cardinality": "3850116"
                                                                                            },
                                                                                            "cumulative_cardinality": 14095116,
                                                                                            "operator_type": "PROJECTION",
                                                                                            "operator_cardinality": 4574495,
                                                                                            "cumulative_rows_scanned": 5110826,
                                                                                            "operator_rows_scanned": 0,
                                                                                            "operator_timing": 0.006083010000000038,
                                                                                            "result_set_size": 114362375,
                                                                                            "children": [
                                                                                                {
                                                                                                    "operator_name": "HASH_JOIN",
                                                                                                    "cpu_time": 0.44414078700000104,
                                                                                                    "extra_info": {
                                                                                                        "Join Type": "RIGHT",
                                                                                                        "Conditions": "owneruserid = id",
                                                                                                        "Estimated Cardinality": "3850116"
                                                                                                    },
                                                                                                    "cumulative_cardinality": 9520621,
                                                                                                    "operator_type": "HASH_JOIN",
                                                                                                    "operator_cardinality": 4574495,
                                                                                                    "cumulative_rows_scanned": 5110826,
                                                                                                    "operator_rows_scanned": 0,
                                                                                                    "operator_timing": 0.261167104000001,
                                                                                                    "result_set_size": 118936870,
                                                                                                    "children": [
                                                                                                        {
                                                                                                            "operator_name": "READ_PARQUET ",
                                                                                                            "cpu_time": 0.10348653500000002,
                                                                                                            "extra_info": {
                                                                                                                "Function": "READ_PARQUET",
                                                                                                                "Projections": [
                                                                                                                    "id",
                                                                                                                    "posttypeid",
                                                                                                                    "owneruserid"
                                                                                                                ],
                                                                                                                "Estimated Cardinality": "3850116"
                                                                                                            },
                                                                                                            "cumulative_cardinality": 3685416,
                                                                                                            "operator_type": "TABLE_SCAN",
                                                                                                            "operator_cardinality": 3685416,
                                                                                                            "cumulative_rows_scanned": 3850116,
                                                                                                            "operator_rows_scanned": 3850116,
                                                                                                            "operator_timing": 0.10348653500000002,
                                                                                                            "result_set_size": 36854160,
                                                                                                            "children": []
                                                                                                        },
                                                                                                        {
                                                                                                            "operator_name": "READ_PARQUET ",
                                                                                                            "cpu_time": 0.07948714800000002,
                                                                                                            "extra_info": {
                                                                                                                "Function": "READ_PARQUET",
                                                                                                                "Projections": [
                                                                                                                    "id",
                                                                                                                    "displayname"
                                                                                                                ],
                                                                                                                "Estimated Cardinality": "1260710"
                                                                                                            },
                                                                                                            "cumulative_cardinality": 1260710,
                                                                                                            "operator_type": "TABLE_SCAN",
                                                                                                            "operator_cardinality": 1260710,
                                                                                                            "cumulative_rows_scanned": 1260710,
                                                                                                            "operator_rows_scanned": 1260710,
                                                                                                            "operator_timing": 0.07948714800000002,
                                                                                                            "result_set_size": 25214200,
                                                                                                            "children": []
                                                                                                        }
                                                                                                    ]
                                                                                                }
                                                                                            ]
                                                                                        }
                                                                                    ]
                                                                                }
                                                                            ]
                                                                        }
                                                                    ]
                                                                }
                                                            ]
                                                        }
                                                    ]
                                                }
                                            ]
                                        }
                                    ]
                                }
                            ]
                        }
                    ]
                }
            ]
        }
    ]
}