{
    "rows_returned": 0,
    "query_name": "\nWITH PostStats AS (\n    SELECT \n        P.Id AS PostId,\n        P.Score,\n        P.ViewCount,\n        COUNT(CASE WHEN C.Id IS NOT NULL THEN 1 END) AS CommentCount,\n        COUNT(CASE WHEN V.Id IS NOT NULL THEN 1 END) AS VoteCount\n    FROM \n        Posts P\n    LEFT JOIN \n        Comments C ON P.Id = C.PostId\n    LEFT JOIN \n        Votes V ON P.Id = V.PostId\n    WHERE \n        P.CreationDate >= '2023-01-01' \n    GROUP BY \n        P.Id, P.Score, P.ViewCount\n),\nUserStats AS (\n    SELECT \n        U.Id AS UserId,\n        U.Reputation,\n        COUNT(DISTINCT B.Id) AS BadgeCount,\n        SUM(P.ViewCount) AS TotalViews,\n        AVG(P.Score) AS AveragePostScore\n    FROM \n        Users U\n    LEFT JOIN \n        Badges B ON U.Id = B.UserId\n    LEFT JOIN \n        Posts P ON U.Id = P.OwnerUserId\n    WHERE \n        U.CreationDate >= '2023-01-01' \n    GROUP BY \n        U.Id, U.Reputation\n)\nSELECT \n    PS.PostId,\n    PS.Score,\n    PS.ViewCount,\n    PS.CommentCount,\n    PS.VoteCount,\n    US.UserId,\n    US.Reputation,\n    US.BadgeCount,\n    US.TotalViews,\n    US.AveragePostScore\nFROM \n    PostStats PS\nJOIN \n    Users U ON PS.PostId = U.Id\nJOIN \n    UserStats US ON U.Id = US.UserId\nORDER BY \n    PS.Score DESC, \n    US.Reputation DESC;\n",
    "blocked_thread_time": 0.0,
    "cpu_time": 0.5769574279999999,
    "extra_info": {},
    "cumulative_cardinality": 9317175,
    "cumulative_rows_scanned": 32529291,
    "result_set_size": 0,
    "latency": 0.668451982,
    "children": [
        {
            "operator_name": "PROJECTION",
            "cpu_time": 0.5769574279999999,
            "extra_info": {
                "Projections": [
                    "#0",
                    "__internal_decompress_integral_integer(#1, -72)",
                    "#2",
                    "#3",
                    "#4",
                    "#5",
                    "#6",
                    "#7",
                    "#8",
                    "#9"
                ],
                "Estimated Cardinality": "3850116"
            },
            "cumulative_cardinality": 9317175,
            "operator_type": "PROJECTION",
            "operator_cardinality": 0,
            "cumulative_rows_scanned": 32529291,
            "operator_rows_scanned": 0,
            "operator_timing": 0.0,
            "result_set_size": 0,
            "children": [
                {
                    "operator_name": "ORDER_BY",
                    "cpu_time": 0.5769574279999999,
                    "extra_info": {
                        "Order By": [
                            "PS.Score DESC",
                            "US.Reputation DESC"
                        ]
                    },
                    "cumulative_cardinality": 9317175,
                    "operator_type": "ORDER_BY",
                    "operator_cardinality": 0,
                    "cumulative_rows_scanned": 32529291,
                    "operator_rows_scanned": 0,
                    "operator_timing": 3.21e-7,
                    "result_set_size": 0,
                    "children": [
                        {
                            "operator_name": "PROJECTION",
                            "cpu_time": 0.5769571069999999,
                            "extra_info": {
                                "Projections": [
                                    "#0",
                                    "__internal_compress_integral_usmallint(#1, -72)",
                                    "#2",
                                    "#3",
                                    "#4",
                                    "#5",
                                    "#6",
                                    "#7",
                                    "#8",
                                    "#9"
                                ],
                                "Estimated Cardinality": "3850116"
                            },
                            "cumulative_cardinality": 9317175,
                            "operator_type": "PROJECTION",
                            "operator_cardinality": 0,
                            "cumulative_rows_scanned": 32529291,
                            "operator_rows_scanned": 0,
                            "operator_timing": 0.0,
                            "result_set_size": 0,
                            "children": [
                                {
                                    "operator_name": "PROJECTION",
                                    "cpu_time": 0.5769571069999999,
                                    "extra_info": {
                                        "Projections": [
                                            "PostId",
                                            "score",
                                            "viewcount",
                                            "CommentCount",
                                            "VoteCount",
                                            "UserId",
                                            "reputation",
                                            "BadgeCount",
                                            "TotalViews",
                                            "AveragePostScore"
                                        ],
                                        "Estimated Cardinality": "3850116"
                                    },
                                    "cumulative_cardinality": 9317175,
                                    "operator_type": "PROJECTION",
                                    "operator_cardinality": 0,
                                    "cumulative_rows_scanned": 32529291,
                                    "operator_rows_scanned": 0,
                                    "operator_timing": 0.0,
                                    "result_set_size": 0,
                                    "children": [
                                        {
                                            "operator_name": "HASH_JOIN",
                                            "cpu_time": 0.5769571069999999,
                                            "extra_info": {
                                                "Join Type": "INNER",
                                                "Conditions": "PostId = UserId",
                                                "Estimated Cardinality": "3850116"
                                            },
                                            "cumulative_cardinality": 9317175,
                                            "operator_type": "HASH_JOIN",
                                            "operator_cardinality": 0,
                                            "cumulative_rows_scanned": 32529291,
                                            "operator_rows_scanned": 0,
                                            "operator_timing": 0.007096593,
                                            "result_set_size": 0,
                                            "children": [
                                                {
                                                    "operator_name": "PROJECTION",
                                                    "cpu_time": 0.1869038879999999,
                                                    "extra_info": {
                                                        "Projections": [
                                                            "#0",
                                                            "__internal_decompress_integral_integer(#1, -72)",
                                                            "#2",
                                                            "#3",
                                                            "#4"
                                                        ],
                                                        "Estimated Cardinality": "3850116"
                                                    },
                                                    "cumulative_cardinality": 4695966,
                                                    "operator_type": "PROJECTION",
                                                    "operator_cardinality": 0,
                                                    "cumulative_rows_scanned": 23836031,
                                                    "operator_rows_scanned": 0,
                                                    "operator_timing": 0.0,
                                                    "result_set_size": 0,
                                                    "children": [
                                                        {
                                                            "operator_name": "HASH_GROUP_BY",
                                                            "cpu_time": 0.1869038879999999,
                                                            "extra_info": {
                                                                "Groups": [
                                                                    "#0",
                                                                    "#1",
                                                                    "#2"
                                                                ],
                                                                "Aggregates": [
                                                                    "count(#3)",
                                                                    "count(#4)"
                                                                ],
                                                                "Estimated Cardinality": "3850116"
                                                            },
                                                            "cumulative_cardinality": 4695966,
                                                            "operator_type": "HASH_GROUP_BY",
                                                            "operator_cardinality": 0,
                                                            "cumulative_rows_scanned": 23836031,
                                                            "operator_rows_scanned": 0,
                                                            "operator_timing": 0.000001963,
                                                            "result_set_size": 0,
                                                            "children": [
                                                                {
                                                                    "operator_name": "PROJECTION",
                                                                    "cpu_time": 0.1869019249999999,
                                                                    "extra_info": {
                                                                        "Projections": [
                                                                            "id",
                                                                            "score",
                                                                            "viewcount",
                                                                            "CASE  WHEN ((id IS NOT NULL)) THEN (1) ELSE NULL END",
                                                                            "CASE  WHEN ((id IS NOT NULL)) THEN (1) ELSE NULL END"
                                                                        ],
                                                                        "Estimated Cardinality": "12744093"
                                                                    },
                                                                    "cumulative_cardinality": 4695966,
                                                                    "operator_type": "PROJECTION",
                                                                    "operator_cardinality": 0,
                                                                    "cumulative_rows_scanned": 23836031,
                                                                    "operator_rows_scanned": 0,
                                                                    "operator_timing": 0.0,
                                                                    "result_set_size": 0,
                                                                    "children": [
                                                                        {
                                                                            "operator_name": "PROJECTION",
                                                                            "cpu_time": 0.1869019249999999,
                                                                            "extra_info": {
                                                                                "Projections": [
                                                                                    "#0",
                                                                                    "#1",
                                                                                    "#2",
                                                                                    "__internal_compress_integral_usmallint(#3, -72)",
                                                                                    "#4"
                                                                                ],
                                                                                "Estimated Cardinality": "12744093"
                                                                            },
                                                                            "cumulative_cardinality": 4695966,
                                                                            "operator_type": "PROJECTION",
                                                                            "operator_cardinality": 0,
                                                                            "cumulative_rows_scanned": 23836031,
                                                                            "operator_rows_scanned": 0,
                                                                            "operator_timing": 0.0,
                                                                            "result_set_size": 0,
                                                                            "children": [
                                                                                {
                                                                                    "operator_name": "PROJECTION",
                                                                                    "cpu_time": 0.1869019249999999,
                                                                                    "extra_info": {
                                                                                        "Projections": [
                                                                                            "#0",
                                                                                            "#1",
                                                                                            "#2",
                                                                                            "__internal_decompress_integral_integer(#3, -72)",
                                                                                            "#4"
                                                                                        ],
                                                                                        "Estimated Cardinality": "12744093"
                                                                                    },
                                                                                    "cumulative_cardinality": 4695966,
                                                                                    "operator_type": "PROJECTION",
                                                                                    "operator_cardinality": 0,
                                                                                    "cumulative_rows_scanned": 23836031,
                                                                                    "operator_rows_scanned": 0,
                                                                                    "operator_timing": 0.0,
                                                                                    "result_set_size": 0,
                                                                                    "children": [
                                                                                        {
                                                                                            "operator_name": "FILTER",
                                                                                            "cpu_time": 0.1869019249999999,
                                                                                            "extra_info": {
                                                                                                "Expression": "(#2 <= 1416570)",
                                                                                                "Estimated Cardinality": "12744093"
                                                                                            },
                                                                                            "cumulative_cardinality": 4695966,
                                                                                            "operator_type": "FILTER",
                                                                                            "operator_cardinality": 0,
                                                                                            "cumulative_rows_scanned": 23836031,
                                                                                            "operator_rows_scanned": 0,
                                                                                            "operator_timing": 0.002947745,
                                                                                            "result_set_size": 0,
                                                                                            "children": [
                                                                                                {
                                                                                                    "operator_name": "HASH_JOIN",
                                                                                                    "cpu_time": 0.1839541799999999,
                                                                                                    "extra_info": {
                                                                                                        "Join Type": "RIGHT",
                                                                                                        "Conditions": "postid = id",
                                                                                                        "Estimated Cardinality": "12744093"
                                                                                                    },
                                                                                                    "cumulative_cardinality": 4695966,
                                                                                                    "operator_type": "HASH_JOIN",
                                                                                                    "operator_cardinality": 1773112,
                                                                                                    "cumulative_rows_scanned": 23836031,
                                                                                                    "operator_rows_scanned": 0,
                                                                                                    "operator_timing": 0.08983955499999997,
                                                                                                    "result_set_size": 31916016,
                                                                                                    "children": [
                                                                                                        {
                                                                                                            "operator_name": "READ_PARQUET ",
                                                                                                            "cpu_time": 0.020405181999999997,
                                                                                                            "extra_info": {
                                                                                                                "Function": "READ_PARQUET",
                                                                                                                "Projections": [
                                                                                                                    "id",
                                                                                                                    "postid"
                                                                                                                ],
                                                                                                                "Estimated Cardinality": "12744093"
                                                                                                            },
                                                                                                            "cumulative_cardinality": 802778,
                                                                                                            "operator_type": "TABLE_SCAN",
                                                                                                            "operator_cardinality": 802778,
                                                                                                            "cumulative_rows_scanned": 12744093,
                                                                                                            "operator_rows_scanned": 12744093,
                                                                                                            "operator_timing": 0.020405181999999997,
                                                                                                            "result_set_size": 6422224,
                                                                                                            "children": []
                                                                                                        },
                                                                                                        {
                                                                                                            "operator_name": "PROJECTION",
                                                                                                            "cpu_time": 0.07370944299999996,
                                                                                                            "extra_info": {
                                                                                                                "Projections": [
                                                                                                                    "#0",
                                                                                                                    "#1",
                                                                                                                    "__internal_compress_integral_usmallint(#2, -72)",
                                                                                                                    "#3"
                                                                                                                ],
                                                                                                                "Estimated Cardinality": "7241822"
                                                                                                            },
                                                                                                            "cumulative_cardinality": 2120076,
                                                                                                            "operator_type": "PROJECTION",
                                                                                                            "operator_cardinality": 654953,
                                                                                                            "cumulative_rows_scanned": 11091938,
                                                                                                            "operator_rows_scanned": 0,
                                                                                                            "operator_timing": 0.00024117799999999996,
                                                                                                            "result_set_size": 9169342,
                                                                                                            "children": [
                                                                                                                {
                                                                                                                    "operator_name": "HASH_JOIN",
                                                                                                                    "cpu_time": 0.07346826499999996,
                                                                                                                    "extra_info": {
                                                                                                                        "Join Type": "RIGHT",
                                                                                                                        "Conditions": "postid = id",
                                                                                                                        "Estimated Cardinality": "7241822"
                                                                                                                    },
                                                                                                                    "cumulative_cardinality": 1465123,
                                                                                                                    "operator_type": "HASH_JOIN",
                                                                                                                    "operator_cardinality": 654953,
                                                                                                                    "cumulative_rows_scanned": 11091938,
                                                                                                                    "operator_rows_scanned": 0,
                                                                                                                    "operator_timing": 0.033319110999999964,
                                                                                                                    "result_set_size": 10479248,
                                                                                                                    "children": [
                                                                                                                        {
                                                                                                                            "operator_name": "READ_PARQUET ",
                                                                                                                            "cpu_time": 0.015307158999999992,
                                                                                                                            "extra_info": {
                                                                                                                                "Function": "READ_PARQUET",
                                                                                                                                "Projections": [
                                                                                                                                    "id",
                                                                                                                                    "postid"
                                                                                                                                ],
                                                                                                                                "Estimated Cardinality": "7241822"
                                                                                                                            },
                                                                                                                            "cumulative_cardinality": 544915,
                                                                                                                            "operator_type": "TABLE_SCAN",
                                                                                                                            "operator_cardinality": 544915,
                                                                                                                            "cumulative_rows_scanned": 7241822,
                                                                                                                            "operator_rows_scanned": 7241822,
                                                                                                                            "operator_timing": 0.015307158999999992,
                                                                                                                            "result_set_size": 4359320,
                                                                                                                            "children": []
                                                                                                                        },
                                                                                                                        {
                                                                                                                            "operator_name": "READ_PARQUET ",
                                                                                                                            "cpu_time": 0.024841995000000006,
                                                                                                                            "extra_info": {
                                                                                                                                "Function": "READ_PARQUET",
                                                                                                                                "Projections": [
                                                                                                                                    "id",
                                                                                                                                    "score",
                                                                                                                                    "viewcount"
                                                                                                                                ],
                                                                                                                                "Filters": "creationdate>='2023-01-01 00:00:00'::TIMESTAMP",
                                                                                                                                "Estimated Cardinality": "770023"
                                                                                                                            },
                                                                                                                            "cumulative_cardinality": 265255,
                                                                                                                            "operator_type": "TABLE_SCAN",
                                                                                                                            "operator_cardinality": 265255,
                                                                                                                            "cumulative_rows_scanned": 3850116,
                                                                                                                            "operator_rows_scanned": 3850116,
                                                                                                                            "operator_timing": 0.024841995000000006,
                                                                                                                            "result_set_size": 3183060,
                                                                                                                            "children": []
                                                                                                                        }
                                                                                                                    ]
                                                                                                                }
                                                                                                            ]
                                                                                                        }
                                                                                                    ]
                                                                                                }
                                                                                            ]
                                                                                        }
                                                                                    ]
                                                                                }
                                                                            ]
                                                                        }
                                                                    ]
                                                                }
                                                            ]
                                                        }
                                                    ]
                                                },
                                                {
                                                    "operator_name": "FILTER",
                                                    "cpu_time": 0.38295662599999997,
                                                    "extra_info": {
                                                        "Expression": "(UserId >= 1)",
                                                        "Estimated Cardinality": "1260710"
                                                    },
                                                    "cumulative_cardinality": 4621209,
                                                    "operator_type": "FILTER",
                                                    "operator_cardinality": 275301,
                                                    "cumulative_rows_scanned": 8693260,
                                                    "operator_rows_scanned": 0,
                                                    "operator_timing": 0.00034381599999999994,
                                                    "result_set_size": 11012040,
                                                    "children": [
                                                        {
                                                            "operator_name": "HASH_JOIN",
                                                            "cpu_time": 0.38261280999999997,
                                                            "extra_info": {
                                                                "Join Type": "INNER",
                                                                "Conditions": "UserId = id",
                                                                "Estimated Cardinality": "1260710"
                                                            },
                                                            "cumulative_cardinality": 4345908,
                                                            "operator_type": "HASH_JOIN",
                                                            "operator_cardinality": 275301,
                                                            "cumulative_rows_scanned": 8693260,
                                                            "operator_rows_scanned": 0,
                                                            "operator_timing": 0.06293184400000001,
                                                            "result_set_size": 11012040,
                                                            "children": [
                                                                {
                                                                    "operator_name": "HASH_GROUP_BY",
                                                                    "cpu_time": 0.304840923,
                                                                    "extra_info": {
                                                                        "Groups": [
                                                                            "#0",
                                                                            "#1"
                                                                        ],
                                                                        "Aggregates": [
                                                                            "count(DISTINCT #2)",
                                                                            "sum(#3)",
                                                                            "avg(#4)"
                                                                        ],
                                                                        "Estimated Cardinality": "1260710"
                                                                    },
                                                                    "cumulative_cardinality": 2809897,
                                                                    "operator_type": "HASH_GROUP_BY",
                                                                    "operator_cardinality": 275301,
                                                                    "cumulative_rows_scanned": 7432550,
                                                                    "operator_rows_scanned": 0,
                                                                    "operator_timing": 0.10395478699999997,
                                                                    "result_set_size": 11012040,
                                                                    "children": [
                                                                        {
                                                                            "operator_name": "PROJECTION",
                                                                            "cpu_time": 0.20088613600000002,
                                                                            "extra_info": {
                                                                                "Projections": [
                                                                                    "id",
                                                                                    "reputation",
                                                                                    "id",
                                                                                    "viewcount",
                                                                                    "score"
                                                                                ],
                                                                                "Estimated Cardinality": "3850116"
                                                                            },
                                                                            "cumulative_cardinality": 2534596,
                                                                            "operator_type": "PROJECTION",
                                                                            "operator_cardinality": 882102,
                                                                            "cumulative_rows_scanned": 7432550,
                                                                            "operator_rows_scanned": 0,
                                                                            "operator_timing": 0.0001798880000000001,
                                                                            "result_set_size": 17642040,
                                                                            "children": [
                                                                                {
                                                                                    "operator_name": "HASH_JOIN",
                                                                                    "cpu_time": 0.20070624800000003,
                                                                                    "extra_info": {
                                                                                        "Join Type": "RIGHT",
                                                                                        "Conditions": "owneruserid = id",
                                                                                        "Estimated Cardinality": "3850116"
                                                                                    },
                                                                                    "cumulative_cardinality": 1652494,
                                                                                    "operator_type": "HASH_JOIN",
                                                                                    "operator_cardinality": 882102,
                                                                                    "cumulative_rows_scanned": 7432550,
                                                                                    "operator_rows_scanned": 0,
                                                                                    "operator_timing": 0.02803257599999999,
                                                                                    "result_set_size": 17642040,
                                                                                    "children": [
                                                                                        {
                                                                                            "operator_name": "READ_PARQUET ",
                                                                                            "cpu_time": 0.08233985400000002,
                                                                                            "extra_info": {
                                                                                                "Function": "READ_PARQUET",
                                                                                                "Projections": [
                                                                                                    "score",
                                                                                                    "viewcount",
                                                                                                    "owneruserid"
                                                                                                ],
                                                                                                "Estimated Cardinality": "3850116"
                                                                                            },
                                                                                            "cumulative_cardinality": 64856,
                                                                                            "operator_type": "TABLE_SCAN",
                                                                                            "operator_cardinality": 64856,
                                                                                            "cumulative_rows_scanned": 3850116,
                                                                                            "operator_rows_scanned": 3850116,
                                                                                            "operator_timing": 0.08233985400000002,
                                                                                            "result_set_size": 778272,
                                                                                            "children": []
                                                                                        },
                                                                                        {
                                                                                            "operator_name": "HASH_JOIN",
                                                                                            "cpu_time": 0.09033381800000001,
                                                                                            "extra_info": {
                                                                                                "Join Type": "RIGHT",
                                                                                                "Conditions": "userid = id",
                                                                                                "Estimated Cardinality": "2321724"
                                                                                            },
                                                                                            "cumulative_cardinality": 705536,
                                                                                            "operator_type": "HASH_JOIN",
                                                                                            "operator_cardinality": 325612,
                                                                                            "cumulative_rows_scanned": 3582434,
                                                                                            "operator_rows_scanned": 0,
                                                                                            "operator_timing": 0.020800686999999998,
                                                                                            "result_set_size": 3907344,
                                                                                            "children": [
                                                                                                {
                                                                                                    "operator_name": "READ_PARQUET ",
                                                                                                    "cpu_time": 0.034308718999999994,
                                                                                                    "extra_info": {
                                                                                                        "Function": "READ_PARQUET",
                                                                                                        "Projections": [
                                                                                                            "id",
                                                                                                            "userid"
                                                                                                        ],
                                                                                                        "Estimated Cardinality": "2321724"
                                                                                                    },
                                                                                                    "cumulative_cardinality": 104623,
                                                                                                    "operator_type": "TABLE_SCAN",
                                                                                                    "operator_cardinality": 104623,
                                                                                                    "cumulative_rows_scanned": 2321724,
                                                                                                    "operator_rows_scanned": 2321724,
                                                                                                    "operator_timing": 0.034308718999999994,
                                                                                                    "result_set_size": 836984,
                                                                                                    "children": []
                                                                                                },
                                                                                                {
                                                                                                    "operator_name": "READ_PARQUET ",
                                                                                                    "cpu_time": 0.03522441200000002,
                                                                                                    "extra_info": {
                                                                                                        "Function": "READ_PARQUET",
                                                                                                        "Projections": [
                                                                                                            "id",
                                                                                                            "reputation"
                                                                                                        ],
                                                                                                        "Filters": "creationdate>='2023-01-01 00:00:00'::TIMESTAMP",
                                                                                                        "Estimated Cardinality": "252142"
                                                                                                    },
                                                                                                    "cumulative_cardinality": 275301,
                                                                                                    "operator_type": "TABLE_SCAN",
                                                                                                    "operator_cardinality": 275301,
                                                                                                    "cumulative_rows_scanned": 1260710,
                                                                                                    "operator_rows_scanned": 1260710,
                                                                                                    "operator_timing": 0.03522441200000002,
                                                                                                    "result_set_size": 2202408,
                                                                                                    "children": []
                                                                                                }
                                                                                            ]
                                                                                        }
                                                                                    ]
                                                                                }
                                                                            ]
                                                                        }
                                                                    ]
                                                                },
                                                                {
                                                                    "operator_name": "READ_PARQUET ",
                                                                    "cpu_time": 0.014840042999999957,
                                                                    "extra_info": {
                                                                        "Function": "READ_PARQUET",
                                                                        "Projections": "id",
                                                                        "Estimated Cardinality": "1260710"
                                                                    },
                                                                    "cumulative_cardinality": 1260710,
                                                                    "operator_type": "TABLE_SCAN",
                                                                    "operator_cardinality": 1260710,
                                                                    "cumulative_rows_scanned": 1260710,
                                                                    "operator_rows_scanned": 1260710,
                                                                    "operator_timing": 0.014840042999999957,
                                                                    "result_set_size": 5042840,
                                                                    "children": []
                                                                }
                                                            ]
                                                        }
                                                    ]
                                                }
                                            ]
                                        }
                                    ]
                                }
                            ]
                        }
                    ]
                }
            ]
        }
    ]
}