{
    "rows_returned": 143650,
    "query_name": "SELECT \n    p.Id AS PostId,\n    p.Title,\n    p.CreationDate AS PostCreationDate,\n    p.ViewCount,\n    p.Score,\n    p.AnswerCount,\n    p.CommentCount,\n    u.Id AS UserId,\n    u.DisplayName AS UserDisplayName,\n    u.Reputation,\n    u.Views AS UserViews,\n    COALESCE(badgeCount.BadgeCount, 0) AS TotalBadges,\n    COALESCE(voteCount.UpVotes, 0) AS TotalUpVotes,\n    COALESCE(voteCount.DownVotes, 0) AS TotalDownVotes\nFROM \n    Posts p\nJOIN \n    Users u ON p.OwnerUserId = u.Id\nLEFT JOIN \n    (SELECT \n         UserId, \n         COUNT(*) AS BadgeCount \n     FROM \n         Badges \n     GROUP BY \n         UserId) badgeCount ON u.Id = badgeCount.UserId\nLEFT JOIN \n    (SELECT \n         PostId, \n         SUM(CASE WHEN VoteTypeId = 2 THEN 1 ELSE 0 END) AS UpVotes,\n         SUM(CASE WHEN VoteTypeId = 3 THEN 1 ELSE 0 END) AS DownVotes\n     FROM \n         Votes \n     GROUP BY \n         PostId) voteCount ON p.Id = voteCount.PostId\nWHERE \n    p.CreationDate >= cast('2024-10-01 12:34:56' as timestamp) - INTERVAL '1 year'  \nORDER BY \n    p.CreationDate DESC;",
    "blocked_thread_time": 0.0,
    "cpu_time": 1.4498942630000018,
    "extra_info": {},
    "cumulative_cardinality": 37344953,
    "cumulative_rows_scanned": 20176643,
    "result_set_size": 16088800,
    "latency": 1.961057292,
    "children": [
        {
            "operator_name": "PROJECTION",
            "cpu_time": 1.4498942630000018,
            "extra_info": {
                "Projections": [
                    "#0",
                    "#1",
                    "#2",
                    "#3",
                    "__internal_decompress_integral_integer(#4, -72)",
                    "__internal_decompress_integral_integer(#5, 0)",
                    "__internal_decompress_integral_integer(#6, 0)",
                    "#7",
                    "#8",
                    "#9",
                    "#10",
                    "#11",
                    "#12",
                    "#13"
                ],
                "Estimated Cardinality": "6372046"
            },
            "cumulative_cardinality": 37344953,
            "operator_type": "PROJECTION",
            "operator_cardinality": 143650,
            "cumulative_rows_scanned": 20176643,
            "operator_rows_scanned": 0,
            "operator_timing": 0.0006072480000000003,
            "result_set_size": 16088800,
            "children": [
                {
                    "operator_name": "ORDER_BY",
                    "cpu_time": 1.449287015000002,
                    "extra_info": {
                        "Order By": "p.CreationDate DESC"
                    },
                    "cumulative_cardinality": 37201303,
                    "operator_type": "ORDER_BY",
                    "operator_cardinality": 143650,
                    "cumulative_rows_scanned": 20176643,
                    "operator_rows_scanned": 0,
                    "operator_timing": 0.025145026,
                    "result_set_size": 14939600,
                    "children": [
                        {
                            "operator_name": "PROJECTION",
                            "cpu_time": 1.424141989000002,
                            "extra_info": {
                                "Projections": [
                                    "#0",
                                    "#1",
                                    "#2",
                                    "#3",
                                    "__internal_compress_integral_usmallint(#4, -72)",
                                    "__internal_compress_integral_utinyint(#5, 0)",
                                    "__internal_compress_integral_utinyint(#6, 0)",
                                    "#7",
                                    "#8",
                                    "#9",
                                    "#10",
                                    "#11",
                                    "#12",
                                    "#13"
                                ],
                                "Estimated Cardinality": "6372046"
                            },
                            "cumulative_cardinality": 37057653,
                            "operator_type": "PROJECTION",
                            "operator_cardinality": 143650,
                            "cumulative_rows_scanned": 20176643,
                            "operator_rows_scanned": 0,
                            "operator_timing": 0.0006804459999999997,
                            "result_set_size": 14939600,
                            "children": [
                                {
                                    "operator_name": "PROJECTION",
                                    "cpu_time": 1.423461543000002,
                                    "extra_info": {
                                        "Projections": [
                                            "PostId",
                                            "title",
                                            "PostCreationDate",
                                            "viewcount",
                                            "score",
                                            "answercount",
                                            "commentcount",
                                            "UserId",
                                            "UserDisplayName",
                                            "reputation",
                                            "UserViews",
                                            "TotalBadges",
                                            "TotalUpVotes",
                                            "TotalDownVotes"
                                        ],
                                        "Estimated Cardinality": "6372046"
                                    },
                                    "cumulative_cardinality": 36914003,
                                    "operator_type": "PROJECTION",
                                    "operator_cardinality": 143650,
                                    "cumulative_rows_scanned": 20176643,
                                    "operator_rows_scanned": 0,
                                    "operator_timing": 0.0035742960000000015,
                                    "result_set_size": 16088800,
                                    "children": [
                                        {
                                            "operator_name": "PROJECTION",
                                            "cpu_time": 1.419887247000002,
                                            "extra_info": {
                                                "Projections": [
                                                    "#0",
                                                    "#1",
                                                    "#2",
                                                    "#3",
                                                    "#4",
                                                    "#5",
                                                    "#6",
                                                    "__internal_decompress_integral_integer(#7, -72)",
                                                    "#8",
                                                    "#9",
                                                    "#10",
                                                    "__internal_decompress_integral_integer(#11, 0)",
                                                    "__internal_decompress_integral_integer(#12, 0)",
                                                    "#13"
                                                ],
                                                "Estimated Cardinality": "6372046"
                                            },
                                            "cumulative_cardinality": 36770353,
                                            "operator_type": "PROJECTION",
                                            "operator_cardinality": 143650,
                                            "cumulative_rows_scanned": 20176643,
                                            "operator_rows_scanned": 0,
                                            "operator_timing": 0.0007137189999999998,
                                            "result_set_size": 16088800,
                                            "children": [
                                                {
                                                    "operator_name": "HASH_JOIN",
                                                    "cpu_time": 1.419173528000002,
                                                    "extra_info": {
                                                        "Join Type": "RIGHT",
                                                        "Conditions": "postid = id",
                                                        "Estimated Cardinality": "6372046"
                                                    },
                                                    "cumulative_cardinality": 36626703,
                                                    "operator_type": "HASH_JOIN",
                                                    "operator_cardinality": 143650,
                                                    "cumulative_rows_scanned": 20176643,
                                                    "operator_rows_scanned": 0,
                                                    "operator_timing": 0.07341458300000003,
                                                    "result_set_size": 14939600,
                                                    "children": [
                                                        {
                                                            "operator_name": "HASH_GROUP_BY",
                                                            "cpu_time": 0.9973619970000019,
                                                            "extra_info": {
                                                                "Groups": "#0",
                                                                "Aggregates": [
                                                                    "sum(#1)",
                                                                    "sum(#2)"
                                                                ],
                                                                "Estimated Cardinality": "6372046"
                                                            },
                                                            "cumulative_cardinality": 29453413,
                                                            "operator_type": "HASH_GROUP_BY",
                                                            "operator_cardinality": 3965227,
                                                            "cumulative_rows_scanned": 12744093,
                                                            "operator_rows_scanned": 0,
                                                            "operator_timing": 0.7606513610000015,
                                                            "result_set_size": 142748172,
                                                            "children": [
                                                                {
                                                                    "operator_name": "PROJECTION",
                                                                    "cpu_time": 0.23671063600000042,
                                                                    "extra_info": {
                                                                        "Projections": [
                                                                            "postid",
                                                                            "CASE  WHEN ((votetypeid = 2)) THEN (1) ELSE 0 END",
                                                                            "CASE  WHEN ((votetypeid = 3)) THEN (1) ELSE 0 END"
                                                                        ],
                                                                        "Estimated Cardinality": "12744093"
                                                                    },
                                                                    "cumulative_cardinality": 25488186,
                                                                    "operator_type": "PROJECTION",
                                                                    "operator_cardinality": 12744093,
                                                                    "cumulative_rows_scanned": 12744093,
                                                                    "operator_rows_scanned": 0,
                                                                    "operator_timing": 0.10147070000000025,
                                                                    "result_set_size": 152929116,
                                                                    "children": [
                                                                        {
                                                                            "operator_name": "READ_PARQUET ",
                                                                            "cpu_time": 0.13523993600000017,
                                                                            "extra_info": {
                                                                                "Function": "READ_PARQUET",
                                                                                "Projections": [
                                                                                    "postid",
                                                                                    "votetypeid"
                                                                                ],
                                                                                "Estimated Cardinality": "12744093"
                                                                            },
                                                                            "cumulative_cardinality": 12744093,
                                                                            "operator_type": "TABLE_SCAN",
                                                                            "operator_cardinality": 12744093,
                                                                            "cumulative_rows_scanned": 12744093,
                                                                            "operator_rows_scanned": 12744093,
                                                                            "operator_timing": 0.13523993600000017,
                                                                            "result_set_size": 76464558,
                                                                            "children": []
                                                                        }
                                                                    ]
                                                                }
                                                            ]
                                                        },
                                                        {
                                                            "operator_name": "PROJECTION",
                                                            "cpu_time": 0.34839694799999993,
                                                            "extra_info": {
                                                                "Projections": [
                                                                    "#0",
                                                                    "#1",
                                                                    "#2",
                                                                    "#3",
                                                                    "#4",
                                                                    "__internal_compress_integral_usmallint(#5, -72)",
                                                                    "#6",
                                                                    "#7",
                                                                    "#8",
                                                                    "__internal_compress_integral_utinyint(#9, 0)",
                                                                    "__internal_compress_integral_utinyint(#10, 0)",
                                                                    "#11"
                                                                ],
                                                                "Estimated Cardinality": "1160862"
                                                            },
                                                            "cumulative_cardinality": 7029640,
                                                            "operator_type": "PROJECTION",
                                                            "operator_cardinality": 143650,
                                                            "cumulative_rows_scanned": 7432550,
                                                            "operator_rows_scanned": 0,
                                                            "operator_timing": 0.002100581,
                                                            "result_set_size": 10342800,
                                                            "children": [
                                                                {
                                                                    "operator_name": "HASH_JOIN",
                                                                    "cpu_time": 0.34629636699999994,
                                                                    "extra_info": {
                                                                        "Join Type": "LEFT",
                                                                        "Conditions": "id = userid",
                                                                        "Estimated Cardinality": "1160862"
                                                                    },
                                                                    "cumulative_cardinality": 6885990,
                                                                    "operator_type": "HASH_JOIN",
                                                                    "operator_cardinality": 143650,
                                                                    "cumulative_rows_scanned": 7432550,
                                                                    "operator_rows_scanned": 0,
                                                                    "operator_timing": 0.03583809100000005,
                                                                    "result_set_size": 11492000,
                                                                    "children": [
                                                                        {
                                                                            "operator_name": "HASH_JOIN",
                                                                            "cpu_time": 0.228810874,
                                                                            "extra_info": {
                                                                                "Join Type": "INNER",
                                                                                "Conditions": "id = owneruserid",
                                                                                "Estimated Cardinality": "770023"
                                                                            },
                                                                            "cumulative_cardinality": 1549871,
                                                                            "operator_type": "HASH_JOIN",
                                                                            "operator_cardinality": 143650,
                                                                            "cumulative_rows_scanned": 5110826,
                                                                            "operator_rows_scanned": 0,
                                                                            "operator_timing": 0.041929690000000006,
                                                                            "result_set_size": 10342800,
                                                                            "children": [
                                                                                {
                                                                                    "operator_name": "READ_PARQUET ",
                                                                                    "cpu_time": 0.10473121199999999,
                                                                                    "extra_info": {
                                                                                        "Function": "READ_PARQUET",
                                                                                        "Projections": [
                                                                                            "id",
                                                                                            "reputation",
                                                                                            "displayname",
                                                                                            "views"
                                                                                        ],
                                                                                        "Filters": "id<=1416539",
                                                                                        "Estimated Cardinality": "1260710"
                                                                                    },
                                                                                    "cumulative_cardinality": 1260679,
                                                                                    "operator_type": "TABLE_SCAN",
                                                                                    "operator_cardinality": 1260679,
                                                                                    "cumulative_rows_scanned": 1260710,
                                                                                    "operator_rows_scanned": 1260710,
                                                                                    "operator_timing": 0.10473121199999999,
                                                                                    "result_set_size": 35299012,
                                                                                    "children": []
                                                                                },
                                                                                {
                                                                                    "operator_name": "READ_PARQUET ",
                                                                                    "cpu_time": 0.082149972,
                                                                                    "extra_info": {
                                                                                        "Function": "READ_PARQUET",
                                                                                        "Projections": [
                                                                                            "id",
                                                                                            "creationdate",
                                                                                            "score",
                                                                                            "viewcount",
                                                                                            "owneruserid",
                                                                                            "title",
                                                                                            "answercount",
                                                                                            "commentcount"
                                                                                        ],
                                                                                        "Filters": "creationdate>='2023-10-01 12:34:56'::TIMESTAMP",
                                                                                        "Estimated Cardinality": "770023"
                                                                                    },
                                                                                    "cumulative_cardinality": 145542,
                                                                                    "operator_type": "TABLE_SCAN",
                                                                                    "operator_cardinality": 145542,
                                                                                    "cumulative_rows_scanned": 3850116,
                                                                                    "operator_rows_scanned": 3850116,
                                                                                    "operator_timing": 0.082149972,
                                                                                    "result_set_size": 6986016,
                                                                                    "children": []
                                                                                }
                                                                            ]
                                                                        },
                                                                        {
                                                                            "operator_name": "HASH_GROUP_BY",
                                                                            "cpu_time": 0.08164740199999988,
                                                                            "extra_info": {
                                                                                "Groups": "#0",
                                                                                "Aggregates": "count_star()",
                                                                                "Estimated Cardinality": "1160862"
                                                                            },
                                                                            "cumulative_cardinality": 5192469,
                                                                            "operator_type": "HASH_GROUP_BY",
                                                                            "operator_cardinality": 549021,
                                                                            "cumulative_rows_scanned": 2321724,
                                                                            "operator_rows_scanned": 0,
                                                                            "operator_timing": 0.06777402699999989,
                                                                            "result_set_size": 6588252,
                                                                            "children": [
                                                                                {
                                                                                    "operator_name": "PROJECTION",
                                                                                    "cpu_time": 0.013873374999999995,
                                                                                    "extra_info": {
                                                                                        "Projections": "userid",
                                                                                        "Estimated Cardinality": "2321724"
                                                                                    },
                                                                                    "cumulative_cardinality": 4643448,
                                                                                    "operator_type": "PROJECTION",
                                                                                    "operator_cardinality": 2321724,
                                                                                    "cumulative_rows_scanned": 2321724,
                                                                                    "operator_rows_scanned": 0,
                                                                                    "operator_timing": 0.00017494699999999916,
                                                                                    "result_set_size": 9286896,
                                                                                    "children": [
                                                                                        {
                                                                                            "operator_name": "READ_PARQUET ",
                                                                                            "cpu_time": 0.013698427999999995,
                                                                                            "extra_info": {
                                                                                                "Function": "READ_PARQUET",
                                                                                                "Projections": "userid",
                                                                                                "Estimated Cardinality": "2321724"
                                                                                            },
                                                                                            "cumulative_cardinality": 2321724,
                                                                                            "operator_type": "TABLE_SCAN",
                                                                                            "operator_cardinality": 2321724,
                                                                                            "cumulative_rows_scanned": 2321724,
                                                                                            "operator_rows_scanned": 2321724,
                                                                                            "operator_timing": 0.013698427999999995,
                                                                                            "result_set_size": 9286896,
                                                                                            "children": []
                                                                                        }
                                                                                    ]
                                                                                }
                                                                            ]
                                                                        }
                                                                    ]
                                                                }
                                                            ]
                                                        }
                                                    ]
                                                }
                                            ]
                                        }
                                    ]
                                }
                            ]
                        }
                    ]
                }
            ]
        }
    ]
}