{
    "rows_returned": 100,
    "query_name": "\nSELECT \n    U.Id AS UserId,\n    U.DisplayName,\n    U.Reputation,\n    U.CreationDate,\n    U.LastAccessDate,\n    COUNT(DISTINCT P.Id) AS PostCount,\n    COUNT(DISTINCT CASE WHEN P.PostTypeId = 1 THEN P.Id END) AS QuestionCount,\n    COUNT(DISTINCT CASE WHEN P.PostTypeId = 2 THEN P.Id END) AS AnswerCount,\n    SUM(COALESCE(P.Score, 0)) AS TotalScore,\n    SUM(COALESCE(P.ViewCount, 0)) AS TotalViews,\n    U.UpVotes,\n    U.DownVotes\nFROM \n    Users U\nLEFT JOIN \n    Posts P ON U.Id = P.OwnerUserId\nGROUP BY \n    U.Id, U.DisplayName, U.Reputation, U.CreationDate, U.LastAccessDate, U.UpVotes, U.DownVotes\nORDER BY \n    PostCount DESC, U.Reputation DESC\nLIMIT 100;\n",
    "blocked_thread_time": 0.0,
    "cpu_time": 3.929665696000003,
    "extra_info": {},
    "cumulative_cardinality": 29555948,
    "cumulative_rows_scanned": 5110826,
    "result_set_size": 10400,
    "latency": 6.208775298,
    "children": [
        {
            "operator_name": "STREAMING_LIMIT",
            "cpu_time": 3.929665696000003,
            "extra_info": {},
            "cumulative_cardinality": 29555948,
            "operator_type": "STREAMING_LIMIT",
            "operator_cardinality": 100,
            "cumulative_rows_scanned": 5110826,
            "operator_rows_scanned": 0,
            "operator_timing": 0.000002064,
            "result_set_size": 10400,
            "children": [
                {
                    "operator_name": "PROJECTION",
                    "cpu_time": 3.929663632000003,
                    "extra_info": {
                        "Projections": [
                            "#0",
                            "#1",
                            "#2",
                            "#3",
                            "#4",
                            "#5",
                            "#6",
                            "#7",
                            "#8",
                            "#9",
                            "#10",
                            "__internal_decompress_integral_integer(#11, 0)"
                        ],
                        "Estimated Cardinality": "1260710"
                    },
                    "cumulative_cardinality": 29555848,
                    "operator_type": "PROJECTION",
                    "operator_cardinality": 4096,
                    "cumulative_rows_scanned": 5110826,
                    "operator_rows_scanned": 0,
                    "operator_timing": 0.000009257,
                    "result_set_size": 425984,
                    "children": [
                        {
                            "operator_name": "ORDER_BY",
                            "cpu_time": 3.9296543750000033,
                            "extra_info": {
                                "Order By": [
                                    "count(DISTINCT P.Id) DESC",
                                    "U.Reputation DESC"
                                ]
                            },
                            "cumulative_cardinality": 29551752,
                            "operator_type": "ORDER_BY",
                            "operator_cardinality": 4096,
                            "cumulative_rows_scanned": 5110826,
                            "operator_rows_scanned": 0,
                            "operator_timing": 0.07939047900000006,
                            "result_set_size": 417792,
                            "children": [
                                {
                                    "operator_name": "PROJECTION",
                                    "cpu_time": 3.850263896000003,
                                    "extra_info": {
                                        "Projections": [
                                            "#0",
                                            "#1",
                                            "#2",
                                            "#3",
                                            "#4",
                                            "#5",
                                            "#6",
                                            "#7",
                                            "#8",
                                            "#9",
                                            "#10",
                                            "__internal_compress_integral_usmallint(#11, 0)"
                                        ],
                                        "Estimated Cardinality": "1260710"
                                    },
                                    "cumulative_cardinality": 29547656,
                                    "operator_type": "PROJECTION",
                                    "operator_cardinality": 1260710,
                                    "cumulative_rows_scanned": 5110826,
                                    "operator_rows_scanned": 0,
                                    "operator_timing": 0.0006165300000000003,
                                    "result_set_size": 128592420,
                                    "children": [
                                        {
                                            "operator_name": "PROJECTION",
                                            "cpu_time": 3.8496473660000032,
                                            "extra_info": {
                                                "Projections": [
                                                    "UserId",
                                                    "displayname",
                                                    "reputation",
                                                    "creationdate",
                                                    "lastaccessdate",
                                                    "PostCount",
                                                    "QuestionCount",
                                                    "AnswerCount",
                                                    "TotalScore",
                                                    "TotalViews",
                                                    "upvotes",
                                                    "downvotes"
                                                ],
                                                "Estimated Cardinality": "1260710"
                                            },
                                            "cumulative_cardinality": 28286946,
                                            "operator_type": "PROJECTION",
                                            "operator_cardinality": 1260710,
                                            "cumulative_rows_scanned": 5110826,
                                            "operator_rows_scanned": 0,
                                            "operator_timing": 0.00036769799999999904,
                                            "result_set_size": 131113840,
                                            "children": [
                                                {
                                                    "operator_name": "PROJECTION",
                                                    "cpu_time": 3.8492796680000034,
                                                    "extra_info": {
                                                        "Projections": [
                                                            "#0",
                                                            "#1",
                                                            "#2",
                                                            "#3",
                                                            "#4",
                                                            "#5",
                                                            "__internal_decompress_integral_integer(#6, 0)",
                                                            "#7",
                                                            "#8",
                                                            "#9",
                                                            "#10",
                                                            "#11"
                                                        ],
                                                        "Estimated Cardinality": "1260710"
                                                    },
                                                    "cumulative_cardinality": 27026236,
                                                    "operator_type": "PROJECTION",
                                                    "operator_cardinality": 1260710,
                                                    "cumulative_rows_scanned": 5110826,
                                                    "operator_rows_scanned": 0,
                                                    "operator_timing": 0.0007069930000000004,
                                                    "result_set_size": 131113840,
                                                    "children": [
                                                        {
                                                            "operator_name": "HASH_GROUP_BY",
                                                            "cpu_time": 3.8485726750000033,
                                                            "extra_info": {
                                                                "Groups": [
                                                                    "#0",
                                                                    "#1",
                                                                    "#2",
                                                                    "#3",
                                                                    "#4",
                                                                    "#5",
                                                                    "#6"
                                                                ],
                                                                "Aggregates": [
                                                                    "count(DISTINCT #7)",
                                                                    "count(DISTINCT #8)",
                                                                    "count(DISTINCT #9)",
                                                                    "sum(#10)",
                                                                    "sum(#11)"
                                                                ],
                                                                "Estimated Cardinality": "1260710"
                                                            },
                                                            "cumulative_cardinality": 25765526,
                                                            "operator_type": "HASH_GROUP_BY",
                                                            "operator_cardinality": 1260710,
                                                            "cumulative_rows_scanned": 5110826,
                                                            "operator_rows_scanned": 0,
                                                            "operator_timing": 3.0334813370000036,
                                                            "result_set_size": 128592420,
                                                            "children": [
                                                                {
                                                                    "operator_name": "PROJECTION",
                                                                    "cpu_time": 0.8150913379999999,
                                                                    "extra_info": {
                                                                        "Projections": [
                                                                            "id",
                                                                            "displayname",
                                                                            "reputation",
                                                                            "creationdate",
                                                                            "lastaccessdate",
                                                                            "upvotes",
                                                                            "downvotes",
                                                                            "id",
                                                                            "CASE  WHEN ((posttypeid = 1)) THEN (id) ELSE NULL END",
                                                                            "CASE  WHEN ((posttypeid = 2)) THEN (id) ELSE NULL END",
                                                                            "COALESCE(score, 0)",
                                                                            "COALESCE(viewcount, 0)"
                                                                        ],
                                                                        "Estimated Cardinality": "3850116"
                                                                    },
                                                                    "cumulative_cardinality": 24504816,
                                                                    "operator_type": "PROJECTION",
                                                                    "operator_cardinality": 4574495,
                                                                    "cumulative_rows_scanned": 5110826,
                                                                    "operator_rows_scanned": 0,
                                                                    "operator_timing": 0.1438909529999999,
                                                                    "result_set_size": 301916670,
                                                                    "children": [
                                                                        {
                                                                            "operator_name": "PROJECTION",
                                                                            "cpu_time": 0.671200385,
                                                                            "extra_info": {
                                                                                "Projections": [
                                                                                    "#0",
                                                                                    "#1",
                                                                                    "#2",
                                                                                    "#3",
                                                                                    "#4",
                                                                                    "#5",
                                                                                    "#6",
                                                                                    "#7",
                                                                                    "#8",
                                                                                    "#9",
                                                                                    "__internal_compress_integral_usmallint(#10, 0)"
                                                                                ],
                                                                                "Estimated Cardinality": "3850116"
                                                                            },
                                                                            "cumulative_cardinality": 19930321,
                                                                            "operator_type": "PROJECTION",
                                                                            "operator_cardinality": 4574495,
                                                                            "cumulative_rows_scanned": 5110826,
                                                                            "operator_rows_scanned": 0,
                                                                            "operator_timing": 0.0034148499999999892,
                                                                            "result_set_size": 274469700,
                                                                            "children": [
                                                                                {
                                                                                    "operator_name": "PROJECTION",
                                                                                    "cpu_time": 0.667785535,
                                                                                    "extra_info": {
                                                                                        "Projections": [
                                                                                            "#0",
                                                                                            "#1",
                                                                                            "#2",
                                                                                            "#3",
                                                                                            "#4",
                                                                                            "#5",
                                                                                            "#6",
                                                                                            "#7",
                                                                                            "#8",
                                                                                            "#9",
                                                                                            "__internal_decompress_integral_integer(#10, 0)"
                                                                                        ],
                                                                                        "Estimated Cardinality": "3850116"
                                                                                    },
                                                                                    "cumulative_cardinality": 15355826,
                                                                                    "operator_type": "PROJECTION",
                                                                                    "operator_cardinality": 4574495,
                                                                                    "cumulative_rows_scanned": 5110826,
                                                                                    "operator_rows_scanned": 0,
                                                                                    "operator_timing": 0.00606080299999999,
                                                                                    "result_set_size": 283618690,
                                                                                    "children": [
                                                                                        {
                                                                                            "operator_name": "HASH_JOIN",
                                                                                            "cpu_time": 0.661724732,
                                                                                            "extra_info": {
                                                                                                "Join Type": "RIGHT",
                                                                                                "Conditions": "owneruserid = id",
                                                                                                "Estimated Cardinality": "3850116"
                                                                                            },
                                                                                            "cumulative_cardinality": 10781331,
                                                                                            "operator_type": "HASH_JOIN",
                                                                                            "operator_cardinality": 4574495,
                                                                                            "cumulative_rows_scanned": 5110826,
                                                                                            "operator_rows_scanned": 0,
                                                                                            "operator_timing": 0.36107106499999986,
                                                                                            "result_set_size": 274469700,
                                                                                            "children": [
                                                                                                {
                                                                                                    "operator_name": "READ_PARQUET ",
                                                                                                    "cpu_time": 0.1727204900000001,
                                                                                                    "extra_info": {
                                                                                                        "Function": "READ_PARQUET",
                                                                                                        "Projections": [
                                                                                                            "id",
                                                                                                            "posttypeid",
                                                                                                            "score",
                                                                                                            "viewcount",
                                                                                                            "owneruserid"
                                                                                                        ],
                                                                                                        "Estimated Cardinality": "3850116"
                                                                                                    },
                                                                                                    "cumulative_cardinality": 3685416,
                                                                                                    "operator_type": "TABLE_SCAN",
                                                                                                    "operator_cardinality": 3685416,
                                                                                                    "cumulative_rows_scanned": 3850116,
                                                                                                    "operator_rows_scanned": 3850116,
                                                                                                    "operator_timing": 0.1727204900000001,
                                                                                                    "result_set_size": 66337488,
                                                                                                    "children": []
                                                                                                },
                                                                                                {
                                                                                                    "operator_name": "PROJECTION",
                                                                                                    "cpu_time": 0.1279331770000001,
                                                                                                    "extra_info": {
                                                                                                        "Projections": [
                                                                                                            "#0",
                                                                                                            "#1",
                                                                                                            "#2",
                                                                                                            "#3",
                                                                                                            "#4",
                                                                                                            "#5",
                                                                                                            "__internal_compress_integral_usmallint(#6, 0)"
                                                                                                        ],
                                                                                                        "Estimated Cardinality": "1260710"
                                                                                                    },
                                                                                                    "cumulative_cardinality": 2521420,
                                                                                                    "operator_type": "PROJECTION",
                                                                                                    "operator_cardinality": 1260710,
                                                                                                    "cumulative_rows_scanned": 1260710,
                                                                                                    "operator_rows_scanned": 0,
                                                                                                    "operator_timing": 0.0006516899999999995,
                                                                                                    "result_set_size": 57992660,
                                                                                                    "children": [
                                                                                                        {
                                                                                                            "operator_name": "READ_PARQUET ",
                                                                                                            "cpu_time": 0.12728148700000008,
                                                                                                            "extra_info": {
                                                                                                                "Function": "READ_PARQUET",
                                                                                                                "Projections": [
                                                                                                                    "id",
                                                                                                                    "reputation",
                                                                                                                    "creationdate",
                                                                                                                    "displayname",
                                                                                                                    "lastaccessdate",
                                                                                                                    "upvotes",
                                                                                                                    "downvotes"
                                                                                                                ],
                                                                                                                "Estimated Cardinality": "1260710"
                                                                                                            },
                                                                                                            "cumulative_cardinality": 1260710,
                                                                                                            "operator_type": "TABLE_SCAN",
                                                                                                            "operator_cardinality": 1260710,
                                                                                                            "cumulative_rows_scanned": 1260710,
                                                                                                            "operator_rows_scanned": 1260710,
                                                                                                            "operator_timing": 0.12728148700000008,
                                                                                                            "result_set_size": 60514080,
                                                                                                            "children": []
                                                                                                        }
                                                                                                    ]
                                                                                                }
                                                                                            ]
                                                                                        }
                                                                                    ]
                                                                                }
                                                                            ]
                                                                        }
                                                                    ]
                                                                }
                                                            ]
                                                        }
                                                    ]
                                                }
                                            ]
                                        }
                                    ]
                                }
                            ]
                        }
                    ]
                }
            ]
        }
    ]
}