{
    "rows_returned": 100,
    "query_name": "WITH PostStatistics AS (\n    SELECT \n        P.Id AS PostId,\n        P.Title,\n        P.CreationDate,\n        P.ViewCount,\n        P.Score,\n        COUNT(CASE WHEN C.Id IS NOT NULL THEN 1 END) AS CommentCount,\n        COUNT(DISTINCT A.Id) AS AnswerCount,\n        COALESCE(B.BadgeCount, 0) AS UserBadgeCount\n    FROM \n        Posts P\n    LEFT JOIN \n        Comments C ON P.Id = C.PostId\n    LEFT JOIN \n        Posts A ON P.Id = A.ParentId AND A.PostTypeId = 2\n    LEFT JOIN (\n        SELECT \n            UserId, \n            COUNT(Id) AS BadgeCount\n        FROM \n            Badges\n        GROUP BY \n            UserId\n    ) B ON P.OwnerUserId = B.UserId\n    GROUP BY \n        P.Id, P.Title, P.CreationDate, P.ViewCount, P.Score, B.BadgeCount\n)\nSELECT \n    PS.PostId,\n    PS.Title,\n    PS.CreationDate,\n    PS.ViewCount,\n    PS.Score,\n    PS.CommentCount,\n    PS.AnswerCount,\n    PS.UserBadgeCount\nFROM \n    PostStatistics PS\nORDER BY \n    PS.Score DESC,\n    PS.ViewCount DESC\nLIMIT 100;",
    "blocked_thread_time": 0.0,
    "cpu_time": 6.307908750999984,
    "extra_info": {},
    "cumulative_cardinality": 88992998,
    "cumulative_rows_scanned": 17263778,
    "result_set_size": 6000,
    "latency": 7.971932342,
    "children": [
        {
            "operator_name": "STREAMING_LIMIT",
            "cpu_time": 6.307908750999984,
            "extra_info": {},
            "cumulative_cardinality": 88992998,
            "operator_type": "STREAMING_LIMIT",
            "operator_cardinality": 100,
            "cumulative_rows_scanned": 17263778,
            "operator_rows_scanned": 0,
            "operator_timing": 0.000002214,
            "result_set_size": 6000,
            "children": [
                {
                    "operator_name": "PROJECTION",
                    "cpu_time": 6.307906536999984,
                    "extra_info": {
                        "Projections": [
                            "#0",
                            "#1",
                            "#2",
                            "#3",
                            "__internal_decompress_integral_integer(#4, -72)",
                            "#5",
                            "#6",
                            "#7"
                        ],
                        "Estimated Cardinality": "3850116"
                    },
                    "cumulative_cardinality": 88992898,
                    "operator_type": "PROJECTION",
                    "operator_cardinality": 4096,
                    "cumulative_rows_scanned": 17263778,
                    "operator_rows_scanned": 0,
                    "operator_timing": 0.000007603,
                    "result_set_size": 245760,
                    "children": [
                        {
                            "operator_name": "ORDER_BY",
                            "cpu_time": 6.307898933999984,
                            "extra_info": {
                                "Order By": [
                                    "PS.Score DESC",
                                    "PS.ViewCount DESC"
                                ]
                            },
                            "cumulative_cardinality": 88988802,
                            "operator_type": "ORDER_BY",
                            "operator_cardinality": 4096,
                            "cumulative_rows_scanned": 17263778,
                            "operator_rows_scanned": 0,
                            "operator_timing": 0.1828458159999999,
                            "result_set_size": 237568,
                            "children": [
                                {
                                    "operator_name": "PROJECTION",
                                    "cpu_time": 6.125053117999984,
                                    "extra_info": {
                                        "Projections": [
                                            "#0",
                                            "#1",
                                            "#2",
                                            "#3",
                                            "__internal_compress_integral_usmallint(#4, -72)",
                                            "#5",
                                            "#6",
                                            "#7"
                                        ],
                                        "Estimated Cardinality": "3850116"
                                    },
                                    "cumulative_cardinality": 88984706,
                                    "operator_type": "PROJECTION",
                                    "operator_cardinality": 3850116,
                                    "cumulative_rows_scanned": 17263778,
                                    "operator_rows_scanned": 0,
                                    "operator_timing": 0.0017465399999999935,
                                    "result_set_size": 223306728,
                                    "children": [
                                        {
                                            "operator_name": "PROJECTION",
                                            "cpu_time": 6.123306577999984,
                                            "extra_info": {
                                                "Projections": [
                                                    "PostId",
                                                    "title",
                                                    "creationdate",
                                                    "viewcount",
                                                    "score",
                                                    "CommentCount",
                                                    "AnswerCount",
                                                    "UserBadgeCount"
                                                ],
                                                "Estimated Cardinality": "3850116"
                                            },
                                            "cumulative_cardinality": 85134590,
                                            "operator_type": "PROJECTION",
                                            "operator_cardinality": 3850116,
                                            "cumulative_rows_scanned": 17263778,
                                            "operator_rows_scanned": 0,
                                            "operator_timing": 0.02315978099999998,
                                            "result_set_size": 231006960,
                                            "children": [
                                                {
                                                    "operator_name": "PROJECTION",
                                                    "cpu_time": 6.100146796999984,
                                                    "extra_info": {
                                                        "Projections": [
                                                            "#0",
                                                            "#1",
                                                            "#2",
                                                            "#3",
                                                            "__internal_decompress_integral_integer(#4, -72)",
                                                            "#5",
                                                            "#6",
                                                            "#7"
                                                        ],
                                                        "Estimated Cardinality": "3850116"
                                                    },
                                                    "cumulative_cardinality": 81284474,
                                                    "operator_type": "PROJECTION",
                                                    "operator_cardinality": 3850116,
                                                    "cumulative_rows_scanned": 17263778,
                                                    "operator_rows_scanned": 0,
                                                    "operator_timing": 0.0019442280000000003,
                                                    "result_set_size": 231006960,
                                                    "children": [
                                                        {
                                                            "operator_name": "HASH_GROUP_BY",
                                                            "cpu_time": 6.098202568999984,
                                                            "extra_info": {
                                                                "Groups": [
                                                                    "#0",
                                                                    "#1",
                                                                    "#2",
                                                                    "#3",
                                                                    "#4",
                                                                    "#5"
                                                                ],
                                                                "Aggregates": [
                                                                    "count(#6)",
                                                                    "count(DISTINCT #7)"
                                                                ],
                                                                "Estimated Cardinality": "3850116"
                                                            },
                                                            "cumulative_cardinality": 77434358,
                                                            "operator_type": "HASH_GROUP_BY",
                                                            "operator_cardinality": 3850116,
                                                            "cumulative_rows_scanned": 17263778,
                                                            "operator_rows_scanned": 0,
                                                            "operator_timing": 3.5277407439999933,
                                                            "result_set_size": 223306728,
                                                            "children": [
                                                                {
                                                                    "operator_name": "PROJECTION",
                                                                    "cpu_time": 2.57046182499999,
                                                                    "extra_info": {
                                                                        "Projections": [
                                                                            "id",
                                                                            "title",
                                                                            "creationdate",
                                                                            "viewcount",
                                                                            "score",
                                                                            "BadgeCount",
                                                                            "CASE  WHEN ((id IS NOT NULL)) THEN (1) ELSE NULL END",
                                                                            "id"
                                                                        ],
                                                                        "Estimated Cardinality": "7241822"
                                                                    },
                                                                    "cumulative_cardinality": 73584242,
                                                                    "operator_type": "PROJECTION",
                                                                    "operator_cardinality": 11548569,
                                                                    "cumulative_rows_scanned": 17263778,
                                                                    "operator_rows_scanned": 0,
                                                                    "operator_timing": 0.03626678699999977,
                                                                    "result_set_size": 577428450,
                                                                    "children": [
                                                                        {
                                                                            "operator_name": "PROJECTION",
                                                                            "cpu_time": 2.5341950379999902,
                                                                            "extra_info": {
                                                                                "Projections": [
                                                                                    "#0",
                                                                                    "#1",
                                                                                    "__internal_compress_integral_usmallint(#2, -72)",
                                                                                    "#3",
                                                                                    "#4",
                                                                                    "#5",
                                                                                    "#6",
                                                                                    "#7"
                                                                                ],
                                                                                "Estimated Cardinality": "7241822"
                                                                            },
                                                                            "cumulative_cardinality": 62035673,
                                                                            "operator_type": "PROJECTION",
                                                                            "operator_cardinality": 11548569,
                                                                            "cumulative_rows_scanned": 17263778,
                                                                            "operator_rows_scanned": 0,
                                                                            "operator_timing": 0.020727739999999887,
                                                                            "result_set_size": 577428450,
                                                                            "children": [
                                                                                {
                                                                                    "operator_name": "HASH_JOIN",
                                                                                    "cpu_time": 2.5134672979999904,
                                                                                    "extra_info": {
                                                                                        "Join Type": "LEFT",
                                                                                        "Conditions": "owneruserid = userid",
                                                                                        "Estimated Cardinality": "7241822"
                                                                                    },
                                                                                    "cumulative_cardinality": 50487104,
                                                                                    "operator_type": "HASH_JOIN",
                                                                                    "operator_cardinality": 11548569,
                                                                                    "cumulative_rows_scanned": 17263778,
                                                                                    "operator_rows_scanned": 0,
                                                                                    "operator_timing": 0.5463220279999902,
                                                                                    "result_set_size": 600525588,
                                                                                    "children": [
                                                                                        {
                                                                                            "operator_name": "HASH_JOIN",
                                                                                            "cpu_time": 1.8678132920000001,
                                                                                            "extra_info": {
                                                                                                "Join Type": "LEFT",
                                                                                                "Conditions": "id = parentid",
                                                                                                "Estimated Cardinality": "7241822"
                                                                                            },
                                                                                            "cumulative_cardinality": 33746066,
                                                                                            "operator_type": "HASH_JOIN",
                                                                                            "operator_cardinality": 11548569,
                                                                                            "cumulative_rows_scanned": 14942054,
                                                                                            "operator_rows_scanned": 0,
                                                                                            "operator_timing": 0.5190039129999999,
                                                                                            "result_set_size": 554331312,
                                                                                            "children": [
                                                                                                {
                                                                                                    "operator_name": "HASH_JOIN",
                                                                                                    "cpu_time": 1.2118231880000003,
                                                                                                    "extra_info": {
                                                                                                        "Join Type": "LEFT",
                                                                                                        "Conditions": "id = postid",
                                                                                                        "Estimated Cardinality": "7241822"
                                                                                                    },
                                                                                                    "cumulative_cardinality": 20020204,
                                                                                                    "operator_type": "HASH_JOIN",
                                                                                                    "operator_cardinality": 8928266,
                                                                                                    "cumulative_rows_scanned": 11091938,
                                                                                                    "operator_rows_scanned": 0,
                                                                                                    "operator_timing": 0.6521769329999998,
                                                                                                    "result_set_size": 392843704,
                                                                                                    "children": [
                                                                                                        {
                                                                                                            "operator_name": "READ_PARQUET ",
                                                                                                            "cpu_time": 0.4837857340000005,
                                                                                                            "extra_info": {
                                                                                                                "Function": "READ_PARQUET",
                                                                                                                "Projections": [
                                                                                                                    "id",
                                                                                                                    "creationdate",
                                                                                                                    "score",
                                                                                                                    "viewcount",
                                                                                                                    "owneruserid",
                                                                                                                    "title"
                                                                                                                ],
                                                                                                                "Estimated Cardinality": "3850116"
                                                                                                            },
                                                                                                            "cumulative_cardinality": 3850116,
                                                                                                            "operator_type": "TABLE_SCAN",
                                                                                                            "operator_cardinality": 3850116,
                                                                                                            "cumulative_rows_scanned": 3850116,
                                                                                                            "operator_rows_scanned": 3850116,
                                                                                                            "operator_timing": 0.4837857340000005,
                                                                                                            "result_set_size": 154004640,
                                                                                                            "children": []
                                                                                                        },
                                                                                                        {
                                                                                                            "operator_name": "READ_PARQUET ",
                                                                                                            "cpu_time": 0.07586052100000003,
                                                                                                            "extra_info": {
                                                                                                                "Function": "READ_PARQUET",
                                                                                                                "Projections": [
                                                                                                                    "id",
                                                                                                                    "postid"
                                                                                                                ],
                                                                                                                "Estimated Cardinality": "7241822"
                                                                                                            },
                                                                                                            "cumulative_cardinality": 7241822,
                                                                                                            "operator_type": "TABLE_SCAN",
                                                                                                            "operator_cardinality": 7241822,
                                                                                                            "cumulative_rows_scanned": 7241822,
                                                                                                            "operator_rows_scanned": 7241822,
                                                                                                            "operator_timing": 0.07586052100000003,
                                                                                                            "result_set_size": 57934576,
                                                                                                            "children": []
                                                                                                        }
                                                                                                    ]
                                                                                                },
                                                                                                {
                                                                                                    "operator_name": "READ_PARQUET ",
                                                                                                    "cpu_time": 0.13698619099999998,
                                                                                                    "extra_info": {
                                                                                                        "Function": "READ_PARQUET",
                                                                                                        "Projections": [
                                                                                                            "id",
                                                                                                            "parentid"
                                                                                                        ],
                                                                                                        "Filters": "posttypeid=2",
                                                                                                        "Estimated Cardinality": "770023"
                                                                                                    },
                                                                                                    "cumulative_cardinality": 2177293,
                                                                                                    "operator_type": "TABLE_SCAN",
                                                                                                    "operator_cardinality": 2177293,
                                                                                                    "cumulative_rows_scanned": 3850116,
                                                                                                    "operator_rows_scanned": 3850116,
                                                                                                    "operator_timing": 0.13698619099999998,
                                                                                                    "result_set_size": 17418344,
                                                                                                    "children": []
                                                                                                }
                                                                                            ]
                                                                                        },
                                                                                        {
                                                                                            "operator_name": "HASH_GROUP_BY",
                                                                                            "cpu_time": 0.09933197799999996,
                                                                                            "extra_info": {
                                                                                                "Groups": "#0",
                                                                                                "Aggregates": "count_star()",
                                                                                                "Estimated Cardinality": "1160862"
                                                                                            },
                                                                                            "cumulative_cardinality": 5192469,
                                                                                            "operator_type": "HASH_GROUP_BY",
                                                                                            "operator_cardinality": 549021,
                                                                                            "cumulative_rows_scanned": 2321724,
                                                                                            "operator_rows_scanned": 0,
                                                                                            "operator_timing": 0.07185061799999996,
                                                                                            "result_set_size": 6588252,
                                                                                            "children": [
                                                                                                {
                                                                                                    "operator_name": "PROJECTION",
                                                                                                    "cpu_time": 0.027481359999999993,
                                                                                                    "extra_info": {
                                                                                                        "Projections": "userid",
                                                                                                        "Estimated Cardinality": "2321724"
                                                                                                    },
                                                                                                    "cumulative_cardinality": 4643448,
                                                                                                    "operator_type": "PROJECTION",
                                                                                                    "operator_cardinality": 2321724,
                                                                                                    "cumulative_rows_scanned": 2321724,
                                                                                                    "operator_rows_scanned": 0,
                                                                                                    "operator_timing": 0.00018559099999999895,
                                                                                                    "result_set_size": 9286896,
                                                                                                    "children": [
                                                                                                        {
                                                                                                            "operator_name": "READ_PARQUET ",
                                                                                                            "cpu_time": 0.027295768999999994,
                                                                                                            "extra_info": {
                                                                                                                "Function": "READ_PARQUET",
                                                                                                                "Projections": [
                                                                                                                    "id",
                                                                                                                    "userid"
                                                                                                                ],
                                                                                                                "Estimated Cardinality": "2321724"
                                                                                                            },
                                                                                                            "cumulative_cardinality": 2321724,
                                                                                                            "operator_type": "TABLE_SCAN",
                                                                                                            "operator_cardinality": 2321724,
                                                                                                            "cumulative_rows_scanned": 2321724,
                                                                                                            "operator_rows_scanned": 2321724,
                                                                                                            "operator_timing": 0.027295768999999994,
                                                                                                            "result_set_size": 18573792,
                                                                                                            "children": []
                                                                                                        }
                                                                                                    ]
                                                                                                }
                                                                                            ]
                                                                                        }
                                                                                    ]
                                                                                }
                                                                            ]
                                                                        }
                                                                    ]
                                                                }
                                                            ]
                                                        }
                                                    ]
                                                }
                                            ]
                                        }
                                    ]
                                }
                            ]
                        }
                    ]
                }
            ]
        }
    ]
}