{
    "rows_returned": 318229,
    "query_name": "WITH UserStatistics AS (\n    SELECT \n        u.Id AS UserId,\n        u.Reputation,\n        u.Views,\n        COUNT(DISTINCT p.Id) AS PostCount,\n        SUM(CASE WHEN p.PostTypeId = 1 THEN 1 ELSE 0 END) AS QuestionCount,\n        SUM(CASE WHEN p.PostTypeId = 2 THEN 1 ELSE 0 END) AS AnswerCount,\n        SUM(CASE WHEN v.VoteTypeId = 2 THEN 1 ELSE 0 END) AS UpVoteCount,\n        SUM(CASE WHEN v.VoteTypeId = 3 THEN 1 ELSE 0 END) AS DownVoteCount\n    FROM \n        Users u\n    LEFT JOIN \n        Posts p ON u.Id = p.OwnerUserId\n    LEFT JOIN \n        Votes v ON p.Id = v.PostId\n    GROUP BY \n        u.Id, u.Reputation, u.Views\n),\nPostActivity AS (\n    SELECT \n        p.Id AS PostId,\n        p.CreationDate,\n        p.Score,\n        p.ViewCount,\n        COALESCE(c.CommentCount, 0) AS CommentCount,\n        COALESCE(ph.EditCount, 0) AS EditCount\n    FROM \n        Posts p\n    LEFT JOIN (\n        SELECT \n            PostId,\n            COUNT(*) AS CommentCount\n        FROM \n            Comments\n        GROUP BY \n            PostId\n    ) c ON p.Id = c.PostId\n    LEFT JOIN (\n        SELECT \n            PostId,\n            COUNT(*) AS EditCount\n        FROM \n            PostHistory\n        WHERE \n            PostHistoryTypeId IN (4, 5, 6) \n        GROUP BY \n            PostId\n    ) ph ON p.Id = ph.PostId\n),\nVoteStatistics AS (\n    SELECT \n        PostId,\n        COUNT(CASE WHEN VoteTypeId = 2 THEN 1 END) AS UpModCount,\n        COUNT(CASE WHEN VoteTypeId = 3 THEN 1 END) AS DownModCount\n    FROM \n        Votes\n    GROUP BY \n        PostId\n)\nSELECT \n    us.UserId,\n    us.Reputation,\n    us.Views,\n    us.PostCount,\n    us.QuestionCount,\n    us.AnswerCount,\n    us.UpVoteCount,\n    us.DownVoteCount,\n    SUM(pa.Score) AS TotalPostScore,\n    SUM(pa.ViewCount) AS TotalPostViews,\n    SUM(pa.CommentCount) AS TotalComments,\n    SUM(pa.EditCount) AS TotalEdits,\n    SUM(vs.UpModCount) AS TotalUpVotes,\n    SUM(vs.DownModCount) AS TotalDownVotes\nFROM \n    UserStatistics us\nJOIN \n    Posts p ON us.UserId = p.OwnerUserId\nJOIN \n    PostActivity pa ON p.Id = pa.PostId\nJOIN \n    VoteStatistics vs ON p.Id = vs.PostId\nGROUP BY \n    us.UserId, us.Reputation, us.Views, us.PostCount, us.QuestionCount, us.AnswerCount, us.UpVoteCount, us.DownVoteCount\nORDER BY \n    TotalPostScore DESC, TotalPostViews DESC;",
    "blocked_thread_time": 0.0,
    "cpu_time": 7.544957133000005,
    "extra_info": {},
    "cumulative_cardinality": 167719597,
    "cumulative_rows_scanned": 57336310,
    "result_set_size": 57281220,
    "latency": 10.749661947,
    "children": [
        {
            "operator_name": "ORDER_BY",
            "cpu_time": 7.544957133000005,
            "extra_info": {
                "Order By": [
                    "sum(pa.Score) DESC",
                    "sum(pa.ViewCount) DESC"
                ]
            },
            "cumulative_cardinality": 167719597,
            "operator_type": "ORDER_BY",
            "operator_cardinality": 318229,
            "cumulative_rows_scanned": 57336310,
            "operator_rows_scanned": 0,
            "operator_timing": 0.042877845000000005,
            "result_set_size": 57281220,
            "children": [
                {
                    "operator_name": "HASH_GROUP_BY",
                    "cpu_time": 7.502079288000005,
                    "extra_info": {
                        "Groups": [
                            "#0",
                            "#1",
                            "#2",
                            "#3",
                            "#4",
                            "#5",
                            "#6",
                            "#7"
                        ],
                        "Aggregates": [
                            "sum(#8)",
                            "sum(#9)",
                            "sum(#10)",
                            "sum(#11)",
                            "sum(#12)",
                            "sum(#13)"
                        ],
                        "Estimated Cardinality": "1260710"
                    },
                    "cumulative_cardinality": 167401368,
                    "operator_type": "HASH_GROUP_BY",
                    "operator_cardinality": 318229,
                    "cumulative_rows_scanned": 57336310,
                    "operator_rows_scanned": 0,
                    "operator_timing": 0.443024240000001,
                    "result_set_size": 57281220,
                    "children": [
                        {
                            "operator_name": "PROJECTION",
                            "cpu_time": 7.059055048000005,
                            "extra_info": {
                                "Projections": [
                                    "UserId",
                                    "reputation",
                                    "views",
                                    "PostCount",
                                    "QuestionCount",
                                    "AnswerCount",
                                    "UpVoteCount",
                                    "DownVoteCount",
                                    "score",
                                    "viewcount",
                                    "CommentCount",
                                    "EditCount",
                                    "UpModCount",
                                    "DownModCount"
                                ],
                                "Estimated Cardinality": "6372046"
                            },
                            "cumulative_cardinality": 167083139,
                            "operator_type": "PROJECTION",
                            "operator_cardinality": 2989348,
                            "cumulative_rows_scanned": 57336310,
                            "operator_rows_scanned": 0,
                            "operator_timing": 0.005647595,
                            "result_set_size": 370679152,
                            "children": [
                                {
                                    "operator_name": "HASH_JOIN",
                                    "cpu_time": 7.053407453000005,
                                    "extra_info": {
                                        "Join Type": "INNER",
                                        "Conditions": "id = postid",
                                        "Estimated Cardinality": "6372046"
                                    },
                                    "cumulative_cardinality": 164093791,
                                    "operator_type": "HASH_JOIN",
                                    "operator_cardinality": 2989348,
                                    "cumulative_rows_scanned": 57336310,
                                    "operator_rows_scanned": 0,
                                    "operator_timing": 0.5821363630000034,
                                    "result_set_size": 370679152,
                                    "children": [
                                        {
                                            "operator_name": "FILTER",
                                            "cpu_time": 5.541991210000001,
                                            "extra_info": {
                                                "Expression": "(id <= 4978525)",
                                                "Estimated Cardinality": "3850116"
                                            },
                                            "cumulative_cardinality": 131651030,
                                            "operator_type": "FILTER",
                                            "operator_cardinality": 3685413,
                                            "cumulative_rows_scanned": 44592217,
                                            "operator_rows_scanned": 0,
                                            "operator_timing": 0.011288038000000113,
                                            "result_set_size": 412766256,
                                            "children": [
                                                {
                                                    "operator_name": "HASH_JOIN",
                                                    "cpu_time": 5.530703172000001,
                                                    "extra_info": {
                                                        "Join Type": "INNER",
                                                        "Conditions": "owneruserid = UserId",
                                                        "Estimated Cardinality": "3850116"
                                                    },
                                                    "cumulative_cardinality": 127965617,
                                                    "operator_type": "HASH_JOIN",
                                                    "operator_cardinality": 3685416,
                                                    "cumulative_rows_scanned": 44592217,
                                                    "operator_rows_scanned": 0,
                                                    "operator_timing": 0.3714166099999992,
                                                    "result_set_size": 412766592,
                                                    "children": [
                                                        {
                                                            "operator_name": "HASH_JOIN",
                                                            "cpu_time": 2.1410735310000053,
                                                            "extra_info": {
                                                                "Join Type": "INNER",
                                                                "Conditions": "PostId = id",
                                                                "Estimated Cardinality": "3850116"
                                                            },
                                                            "cumulative_cardinality": 49221106,
                                                            "operator_type": "HASH_JOIN",
                                                            "operator_cardinality": 3850116,
                                                            "cumulative_rows_scanned": 26737298,
                                                            "operator_rows_scanned": 0,
                                                            "operator_timing": 0.4235481370000045,
                                                            "result_set_size": 123203712,
                                                            "children": [
                                                                {
                                                                    "operator_name": "PROJECTION",
                                                                    "cpu_time": 1.6742900140000008,
                                                                    "extra_info": {
                                                                        "Projections": [
                                                                            "PostId",
                                                                            "score",
                                                                            "viewcount",
                                                                            "CommentCount",
                                                                            "EditCount"
                                                                        ],
                                                                        "Estimated Cardinality": "3850116"
                                                                    },
                                                                    "cumulative_cardinality": 41520874,
                                                                    "operator_type": "PROJECTION",
                                                                    "operator_cardinality": 3850116,
                                                                    "cumulative_rows_scanned": 22887182,
                                                                    "operator_rows_scanned": 0,
                                                                    "operator_timing": 0.08361619399999987,
                                                                    "result_set_size": 107803248,
                                                                    "children": [
                                                                        {
                                                                            "operator_name": "HASH_JOIN",
                                                                            "cpu_time": 1.590673820000001,
                                                                            "extra_info": {
                                                                                "Join Type": "LEFT",
                                                                                "Conditions": "id = postid",
                                                                                "Estimated Cardinality": "3850116"
                                                                            },
                                                                            "cumulative_cardinality": 37670758,
                                                                            "operator_type": "HASH_JOIN",
                                                                            "operator_cardinality": 3850116,
                                                                            "cumulative_rows_scanned": 22887182,
                                                                            "operator_rows_scanned": 0,
                                                                            "operator_timing": 0.3373911990000017,
                                                                            "result_set_size": 107803248,
                                                                            "children": [
                                                                                {
                                                                                    "operator_name": "HASH_JOIN",
                                                                                    "cpu_time": 0.7175479119999999,
                                                                                    "extra_info": {
                                                                                        "Join Type": "LEFT",
                                                                                        "Conditions": "id = postid",
                                                                                        "Estimated Cardinality": "3850116"
                                                                                    },
                                                                                    "cumulative_cardinality": 24347548,
                                                                                    "operator_type": "HASH_JOIN",
                                                                                    "operator_cardinality": 3850116,
                                                                                    "cumulative_rows_scanned": 11091938,
                                                                                    "operator_rows_scanned": 0,
                                                                                    "operator_timing": 0.29972184799999996,
                                                                                    "result_set_size": 77002320,
                                                                                    "children": [
                                                                                        {
                                                                                            "operator_name": "READ_PARQUET ",
                                                                                            "cpu_time": 0.10573461300000002,
                                                                                            "extra_info": {
                                                                                                "Function": "READ_PARQUET",
                                                                                                "Projections": [
                                                                                                    "id",
                                                                                                    "score",
                                                                                                    "viewcount"
                                                                                                ],
                                                                                                "Estimated Cardinality": "3850116"
                                                                                            },
                                                                                            "cumulative_cardinality": 3850116,
                                                                                            "operator_type": "TABLE_SCAN",
                                                                                            "operator_cardinality": 3850116,
                                                                                            "cumulative_rows_scanned": 3850116,
                                                                                            "operator_rows_scanned": 3850116,
                                                                                            "operator_timing": 0.10573461300000002,
                                                                                            "result_set_size": 46201392,
                                                                                            "children": []
                                                                                        },
                                                                                        {
                                                                                            "operator_name": "HASH_GROUP_BY",
                                                                                            "cpu_time": 0.3120914509999999,
                                                                                            "extra_info": {
                                                                                                "Groups": "#0",
                                                                                                "Aggregates": "count_star()",
                                                                                                "Estimated Cardinality": "3620911"
                                                                                            },
                                                                                            "cumulative_cardinality": 16647316,
                                                                                            "operator_type": "HASH_GROUP_BY",
                                                                                            "operator_cardinality": 2163672,
                                                                                            "cumulative_rows_scanned": 7241822,
                                                                                            "operator_rows_scanned": 0,
                                                                                            "operator_timing": 0.269413619,
                                                                                            "result_set_size": 25964064,
                                                                                            "children": [
                                                                                                {
                                                                                                    "operator_name": "PROJECTION",
                                                                                                    "cpu_time": 0.04267783199999994,
                                                                                                    "extra_info": {
                                                                                                        "Projections": "postid",
                                                                                                        "Estimated Cardinality": "7241822"
                                                                                                    },
                                                                                                    "cumulative_cardinality": 14483644,
                                                                                                    "operator_type": "PROJECTION",
                                                                                                    "operator_cardinality": 7241822,
                                                                                                    "cumulative_rows_scanned": 7241822,
                                                                                                    "operator_rows_scanned": 0,
                                                                                                    "operator_timing": 0.00040756199999999744,
                                                                                                    "result_set_size": 28967288,
                                                                                                    "children": [
                                                                                                        {
                                                                                                            "operator_name": "READ_PARQUET ",
                                                                                                            "cpu_time": 0.04227026999999994,
                                                                                                            "extra_info": {
                                                                                                                "Function": "READ_PARQUET",
                                                                                                                "Projections": "postid",
                                                                                                                "Estimated Cardinality": "7241822"
                                                                                                            },
                                                                                                            "cumulative_cardinality": 7241822,
                                                                                                            "operator_type": "TABLE_SCAN",
                                                                                                            "operator_cardinality": 7241822,
                                                                                                            "cumulative_rows_scanned": 7241822,
                                                                                                            "operator_rows_scanned": 7241822,
                                                                                                            "operator_timing": 0.04227026999999994,
                                                                                                            "result_set_size": 28967288,
                                                                                                            "children": []
                                                                                                        }
                                                                                                    ]
                                                                                                }
                                                                                            ]
                                                                                        }
                                                                                    ]
                                                                                },
                                                                                {
                                                                                    "operator_name": "HASH_GROUP_BY",
                                                                                    "cpu_time": 0.5357347089999993,
                                                                                    "extra_info": {
                                                                                        "Groups": "#0",
                                                                                        "Aggregates": "count_star()",
                                                                                        "Estimated Cardinality": "1179524"
                                                                                    },
                                                                                    "cumulative_cardinality": 9473094,
                                                                                    "operator_type": "HASH_GROUP_BY",
                                                                                    "operator_cardinality": 1807830,
                                                                                    "cumulative_rows_scanned": 11795244,
                                                                                    "operator_rows_scanned": 0,
                                                                                    "operator_timing": 0.2354739900000002,
                                                                                    "result_set_size": 21693960,
                                                                                    "children": [
                                                                                        {
                                                                                            "operator_name": "PROJECTION",
                                                                                            "cpu_time": 0.3002607189999992,
                                                                                            "extra_info": {
                                                                                                "Projections": "postid",
                                                                                                "Estimated Cardinality": "2359048"
                                                                                            },
                                                                                            "cumulative_cardinality": 7665264,
                                                                                            "operator_type": "PROJECTION",
                                                                                            "operator_cardinality": 3832632,
                                                                                            "cumulative_rows_scanned": 11795244,
                                                                                            "operator_rows_scanned": 0,
                                                                                            "operator_timing": 0.0007298200000000031,
                                                                                            "result_set_size": 15330528,
                                                                                            "children": [
                                                                                                {
                                                                                                    "operator_name": "READ_PARQUET ",
                                                                                                    "cpu_time": 0.2995308989999992,
                                                                                                    "extra_info": {
                                                                                                        "Function": "READ_PARQUET",
                                                                                                        "Projections": "postid",
                                                                                                        "Filters": "posthistorytypeid>=4 AND posthistorytypeid<=6",
                                                                                                        "Estimated Cardinality": "2359048"
                                                                                                    },
                                                                                                    "cumulative_cardinality": 3832632,
                                                                                                    "operator_type": "TABLE_SCAN",
                                                                                                    "operator_cardinality": 3832632,
                                                                                                    "cumulative_rows_scanned": 11795244,
                                                                                                    "operator_rows_scanned": 11795244,
                                                                                                    "operator_timing": 0.2995308989999992,
                                                                                                    "result_set_size": 15330528,
                                                                                                    "children": []
                                                                                                }
                                                                                            ]
                                                                                        }
                                                                                    ]
                                                                                }
                                                                            ]
                                                                        }
                                                                    ]
                                                                },
                                                                {
                                                                    "operator_name": "READ_PARQUET ",
                                                                    "cpu_time": 0.04323537999999996,
                                                                    "extra_info": {
                                                                        "Function": "READ_PARQUET",
                                                                        "Projections": [
                                                                            "id",
                                                                            "owneruserid"
                                                                        ],
                                                                        "Estimated Cardinality": "3850116"
                                                                    },
                                                                    "cumulative_cardinality": 3850116,
                                                                    "operator_type": "TABLE_SCAN",
                                                                    "operator_cardinality": 3850116,
                                                                    "cumulative_rows_scanned": 3850116,
                                                                    "operator_rows_scanned": 3850116,
                                                                    "operator_timing": 0.04323537999999996,
                                                                    "result_set_size": 30800928,
                                                                    "children": []
                                                                }
                                                            ]
                                                        },
                                                        {
                                                            "operator_name": "HASH_GROUP_BY",
                                                            "cpu_time": 3.0182130309999957,
                                                            "extra_info": {
                                                                "Groups": [
                                                                    "#0",
                                                                    "#1",
                                                                    "#2"
                                                                ],
                                                                "Aggregates": [
                                                                    "count(DISTINCT #3)",
                                                                    "sum(#4)",
                                                                    "sum(#5)",
                                                                    "sum(#6)",
                                                                    "sum(#7)"
                                                                ],
                                                                "Estimated Cardinality": "1260710"
                                                            },
                                                            "cumulative_cardinality": 75059095,
                                                            "operator_type": "HASH_GROUP_BY",
                                                            "operator_cardinality": 1260679,
                                                            "cumulative_rows_scanned": 17854919,
                                                            "operator_rows_scanned": 0,
                                                            "operator_timing": 1.5169287140000014,
                                                            "result_set_size": 105897036,
                                                            "children": [
                                                                {
                                                                    "operator_name": "PROJECTION",
                                                                    "cpu_time": 1.5012843169999943,
                                                                    "extra_info": {
                                                                        "Projections": [
                                                                            "id",
                                                                            "reputation",
                                                                            "views",
                                                                            "id",
                                                                            "CASE  WHEN ((posttypeid = 1)) THEN (1) ELSE 0 END",
                                                                            "CASE  WHEN ((posttypeid = 2)) THEN (1) ELSE 0 END",
                                                                            "CASE  WHEN ((votetypeid = 2)) THEN (1) ELSE 0 END",
                                                                            "CASE  WHEN ((votetypeid = 3)) THEN (1) ELSE 0 END"
                                                                        ],
                                                                        "Estimated Cardinality": "12744093"
                                                                    },
                                                                    "cumulative_cardinality": 73798416,
                                                                    "operator_type": "PROJECTION",
                                                                    "operator_cardinality": 11739794,
                                                                    "cumulative_rows_scanned": 17854919,
                                                                    "operator_rows_scanned": 0,
                                                                    "operator_timing": 0.12366936000000069,
                                                                    "result_set_size": 375673408,
                                                                    "children": [
                                                                        {
                                                                            "operator_name": "PROJECTION",
                                                                            "cpu_time": 1.3776149569999936,
                                                                            "extra_info": {
                                                                                "Projections": [
                                                                                    "#0",
                                                                                    "#1",
                                                                                    "__internal_decompress_integral_smallint(#2, 1)",
                                                                                    "#3",
                                                                                    "#4",
                                                                                    "#5"
                                                                                ],
                                                                                "Estimated Cardinality": "12744093"
                                                                            },
                                                                            "cumulative_cardinality": 62058622,
                                                                            "operator_type": "PROJECTION",
                                                                            "operator_cardinality": 11739794,
                                                                            "cumulative_rows_scanned": 17854919,
                                                                            "operator_rows_scanned": 0,
                                                                            "operator_timing": 0.005834082999999992,
                                                                            "result_set_size": 234795880,
                                                                            "children": [
                                                                                {
                                                                                    "operator_name": "FILTER",
                                                                                    "cpu_time": 1.3717808739999935,
                                                                                    "extra_info": {
                                                                                        "Expression": "(#3 <= 1416539)",
                                                                                        "Estimated Cardinality": "12744093"
                                                                                    },
                                                                                    "cumulative_cardinality": 50318828,
                                                                                    "operator_type": "FILTER",
                                                                                    "operator_cardinality": 11739794,
                                                                                    "cumulative_rows_scanned": 17854919,
                                                                                    "operator_rows_scanned": 0,
                                                                                    "operator_timing": 0.015607003999999945,
                                                                                    "result_set_size": 223056086,
                                                                                    "children": [
                                                                                        {
                                                                                            "operator_name": "HASH_JOIN",
                                                                                            "cpu_time": 1.3561738699999935,
                                                                                            "extra_info": {
                                                                                                "Join Type": "RIGHT",
                                                                                                "Conditions": "postid = id",
                                                                                                "Estimated Cardinality": "12744093"
                                                                                            },
                                                                                            "cumulative_cardinality": 38579034,
                                                                                            "operator_type": "HASH_JOIN",
                                                                                            "operator_cardinality": 11739825,
                                                                                            "cumulative_rows_scanned": 17854919,
                                                                                            "operator_rows_scanned": 0,
                                                                                            "operator_timing": 0.7813957179999922,
                                                                                            "result_set_size": 223056675,
                                                                                            "children": [
                                                                                                {
                                                                                                    "operator_name": "READ_PARQUET ",
                                                                                                    "cpu_time": 0.21569090100000024,
                                                                                                    "extra_info": {
                                                                                                        "Function": "READ_PARQUET",
                                                                                                        "Projections": [
                                                                                                            "postid",
                                                                                                            "votetypeid"
                                                                                                        ],
                                                                                                        "Estimated Cardinality": "12744093"
                                                                                                    },
                                                                                                    "cumulative_cardinality": 12744093,
                                                                                                    "operator_type": "TABLE_SCAN",
                                                                                                    "operator_cardinality": 12744093,
                                                                                                    "cumulative_rows_scanned": 12744093,
                                                                                                    "operator_rows_scanned": 12744093,
                                                                                                    "operator_timing": 0.21569090100000024,
                                                                                                    "result_set_size": 76464558,
                                                                                                    "children": []
                                                                                                },
                                                                                                {
                                                                                                    "operator_name": "PROJECTION",
                                                                                                    "cpu_time": 0.359087251000001,
                                                                                                    "extra_info": {
                                                                                                        "Projections": [
                                                                                                            "#0",
                                                                                                            "__internal_compress_integral_utinyint(#1, 1)",
                                                                                                            "#2",
                                                                                                            "#3",
                                                                                                            "#4"
                                                                                                        ],
                                                                                                        "Estimated Cardinality": "3850116"
                                                                                                    },
                                                                                                    "cumulative_cardinality": 14095116,
                                                                                                    "operator_type": "PROJECTION",
                                                                                                    "operator_cardinality": 4574495,
                                                                                                    "cumulative_rows_scanned": 5110826,
                                                                                                    "operator_rows_scanned": 0,
                                                                                                    "operator_timing": 0.002145459,
                                                                                                    "result_set_size": 77766415,
                                                                                                    "children": [
                                                                                                        {
                                                                                                            "operator_name": "HASH_JOIN",
                                                                                                            "cpu_time": 0.356941792000001,
                                                                                                            "extra_info": {
                                                                                                                "Join Type": "RIGHT",
                                                                                                                "Conditions": "owneruserid = id",
                                                                                                                "Estimated Cardinality": "3850116"
                                                                                                            },
                                                                                                            "cumulative_cardinality": 9520621,
                                                                                                            "operator_type": "HASH_JOIN",
                                                                                                            "operator_cardinality": 4574495,
                                                                                                            "cumulative_rows_scanned": 5110826,
                                                                                                            "operator_rows_scanned": 0,
                                                                                                            "operator_timing": 0.23081241600000088,
                                                                                                            "result_set_size": 82340910,
                                                                                                            "children": [
                                                                                                                {
                                                                                                                    "operator_name": "READ_PARQUET ",
                                                                                                                    "cpu_time": 0.10513142000000009,
                                                                                                                    "extra_info": {
                                                                                                                        "Function": "READ_PARQUET",
                                                                                                                        "Projections": [
                                                                                                                            "id",
                                                                                                                            "posttypeid",
                                                                                                                            "owneruserid"
                                                                                                                        ],
                                                                                                                        "Estimated Cardinality": "3850116"
                                                                                                                    },
                                                                                                                    "cumulative_cardinality": 3685416,
                                                                                                                    "operator_type": "TABLE_SCAN",
                                                                                                                    "operator_cardinality": 3685416,
                                                                                                                    "cumulative_rows_scanned": 3850116,
                                                                                                                    "operator_rows_scanned": 3850116,
                                                                                                                    "operator_timing": 0.10513142000000009,
                                                                                                                    "result_set_size": 36854160,
                                                                                                                    "children": []
                                                                                                                },
                                                                                                                {
                                                                                                                    "operator_name": "READ_PARQUET ",
                                                                                                                    "cpu_time": 0.020997955999999998,
                                                                                                                    "extra_info": {
                                                                                                                        "Function": "READ_PARQUET",
                                                                                                                        "Projections": [
                                                                                                                            "id",
                                                                                                                            "reputation",
                                                                                                                            "views"
                                                                                                                        ],
                                                                                                                        "Estimated Cardinality": "1260710"
                                                                                                                    },
                                                                                                                    "cumulative_cardinality": 1260710,
                                                                                                                    "operator_type": "TABLE_SCAN",
                                                                                                                    "operator_cardinality": 1260710,
                                                                                                                    "cumulative_rows_scanned": 1260710,
                                                                                                                    "operator_rows_scanned": 1260710,
                                                                                                                    "operator_timing": 0.020997955999999998,
                                                                                                                    "result_set_size": 15128520,
                                                                                                                    "children": []
                                                                                                                }
                                                                                                            ]
                                                                                                        }
                                                                                                    ]
                                                                                                }
                                                                                            ]
                                                                                        }
                                                                                    ]
                                                                                }
                                                                            ]
                                                                        }
                                                                    ]
                                                                }
                                                            ]
                                                        }
                                                    ]
                                                }
                                            ]
                                        },
                                        {
                                            "operator_name": "HASH_GROUP_BY",
                                            "cpu_time": 0.9292798800000002,
                                            "extra_info": {
                                                "Groups": "#0",
                                                "Aggregates": [
                                                    "count(#1)",
                                                    "count(#2)"
                                                ],
                                                "Estimated Cardinality": "6372046"
                                            },
                                            "cumulative_cardinality": 29453413,
                                            "operator_type": "HASH_GROUP_BY",
                                            "operator_cardinality": 3965227,
                                            "cumulative_rows_scanned": 12744093,
                                            "operator_rows_scanned": 0,
                                            "operator_timing": 0.6784676880000009,
                                            "result_set_size": 79304540,
                                            "children": [
                                                {
                                                    "operator_name": "PROJECTION",
                                                    "cpu_time": 0.2508121919999993,
                                                    "extra_info": {
                                                        "Projections": [
                                                            "postid",
                                                            "CASE  WHEN ((votetypeid = 2)) THEN (1) ELSE NULL END",
                                                            "CASE  WHEN ((votetypeid = 3)) THEN (1) ELSE NULL END"
                                                        ],
                                                        "Estimated Cardinality": "12744093"
                                                    },
                                                    "cumulative_cardinality": 25488186,
                                                    "operator_type": "PROJECTION",
                                                    "operator_cardinality": 12744093,
                                                    "cumulative_rows_scanned": 12744093,
                                                    "operator_rows_scanned": 0,
                                                    "operator_timing": 0.11733577399999974,
                                                    "result_set_size": 152929116,
                                                    "children": [
                                                        {
                                                            "operator_name": "READ_PARQUET ",
                                                            "cpu_time": 0.1334764179999996,
                                                            "extra_info": {
                                                                "Function": "READ_PARQUET",
                                                                "Projections": [
                                                                    "postid",
                                                                    "votetypeid"
                                                                ],
                                                                "Estimated Cardinality": "12744093"
                                                            },
                                                            "cumulative_cardinality": 12744093,
                                                            "operator_type": "TABLE_SCAN",
                                                            "operator_cardinality": 12744093,
                                                            "cumulative_rows_scanned": 12744093,
                                                            "operator_rows_scanned": 12744093,
                                                            "operator_timing": 0.1334764179999996,
                                                            "result_set_size": 76464558,
                                                            "children": []
                                                        }
                                                    ]
                                                }
                                            ]
                                        }
                                    ]
                                }
                            ]
                        }
                    ]
                }
            ]
        }
    ]
}