{
    "rows_returned": 10,
    "query_name": "\nWITH UserActivity AS (\n    SELECT \n        U.Id AS UserId,\n        U.DisplayName,\n        COUNT(DISTINCT P.Id) AS PostCount,\n        SUM(CASE WHEN P.PostTypeId = 1 THEN 1 ELSE 0 END) AS QuestionCount,\n        SUM(CASE WHEN P.PostTypeId = 2 THEN 1 ELSE 0 END) AS AnswerCount,\n        SUM(COALESCE(P.Score, 0)) AS TotalScore,\n        SUM(COALESCE(P.ViewCount, 0)) AS TotalViews,\n        SUM(CASE WHEN V.VoteTypeId = 2 THEN 1 ELSE 0 END) AS Likes,\n        SUM(CASE WHEN V.VoteTypeId = 3 THEN 1 ELSE 0 END) AS Dislikes\n    FROM \n        Users U\n    LEFT JOIN \n        Posts P ON U.Id = P.OwnerUserId\n    LEFT JOIN \n        Votes V ON P.Id = V.PostId\n    WHERE \n        U.CreationDate >= TIMESTAMP '2024-10-01 12:34:56' - INTERVAL '1 year' \n    GROUP BY \n        U.Id, U.DisplayName\n)\nSELECT \n    UserId, \n    DisplayName,\n    PostCount,\n    QuestionCount,\n    AnswerCount,\n    TotalScore,\n    TotalViews,\n    Likes,\n    Dislikes\nFROM \n    UserActivity\nORDER BY \n    TotalScore DESC\nLIMIT 10;\n",
    "blocked_thread_time": 0.0,
    "cpu_time": 0.5102385669999996,
    "extra_info": {},
    "cumulative_cardinality": 11672887,
    "cumulative_rows_scanned": 17854919,
    "result_set_size": 1240,
    "latency": 0.607739634,
    "children": [
        {
            "operator_name": "STREAMING_LIMIT",
            "cpu_time": 0.5102385669999996,
            "extra_info": {},
            "cumulative_cardinality": 11672887,
            "operator_type": "STREAMING_LIMIT",
            "operator_cardinality": 10,
            "cumulative_rows_scanned": 17854919,
            "operator_rows_scanned": 0,
            "operator_timing": 0.000002925,
            "result_set_size": 1240,
            "children": [
                {
                    "operator_name": "ORDER_BY",
                    "cpu_time": 0.5102356419999996,
                    "extra_info": {
                        "Order By": "UserActivity.TotalScore DESC"
                    },
                    "cumulative_cardinality": 11672877,
                    "operator_type": "ORDER_BY",
                    "operator_cardinality": 4096,
                    "cumulative_rows_scanned": 17854919,
                    "operator_rows_scanned": 0,
                    "operator_timing": 0.01884365,
                    "result_set_size": 507904,
                    "children": [
                        {
                            "operator_name": "HASH_GROUP_BY",
                            "cpu_time": 0.4913919919999996,
                            "extra_info": {
                                "Groups": [
                                    "#0",
                                    "#1"
                                ],
                                "Aggregates": [
                                    "count(DISTINCT #2)",
                                    "sum(#3)",
                                    "sum(#4)",
                                    "sum(#5)",
                                    "sum(#6)",
                                    "sum(#7)",
                                    "sum(#8)"
                                ],
                                "Estimated Cardinality": "1260710"
                            },
                            "cumulative_cardinality": 11668781,
                            "operator_type": "HASH_GROUP_BY",
                            "operator_cardinality": 184173,
                            "cumulative_rows_scanned": 17854919,
                            "operator_rows_scanned": 0,
                            "operator_timing": 0.09426676199999998,
                            "result_set_size": 22837452,
                            "children": [
                                {
                                    "operator_name": "PROJECTION",
                                    "cpu_time": 0.3971252299999996,
                                    "extra_info": {
                                        "Projections": [
                                            "id",
                                            "displayname",
                                            "id",
                                            "CASE  WHEN ((posttypeid = 1)) THEN (1) ELSE 0 END",
                                            "CASE  WHEN ((posttypeid = 2)) THEN (1) ELSE 0 END",
                                            "COALESCE(score, 0)",
                                            "COALESCE(viewcount, 0)",
                                            "CASE  WHEN ((votetypeid = 2)) THEN (1) ELSE 0 END",
                                            "CASE  WHEN ((votetypeid = 3)) THEN (1) ELSE 0 END"
                                        ],
                                        "Estimated Cardinality": "12744093"
                                    },
                                    "cumulative_cardinality": 11484608,
                                    "operator_type": "PROJECTION",
                                    "operator_cardinality": 233497,
                                    "cumulative_rows_scanned": 17854919,
                                    "operator_rows_scanned": 0,
                                    "operator_timing": 0.007330102000000005,
                                    "result_set_size": 11207856,
                                    "children": [
                                        {
                                            "operator_name": "PROJECTION",
                                            "cpu_time": 0.3897951279999996,
                                            "extra_info": {
                                                "Projections": [
                                                    "#0",
                                                    "#1",
                                                    "__internal_decompress_integral_smallint(#2, 1)",
                                                    "__internal_decompress_integral_integer(#3, -72)",
                                                    "#4",
                                                    "#5",
                                                    "#6"
                                                ],
                                                "Estimated Cardinality": "12744093"
                                            },
                                            "cumulative_cardinality": 11251111,
                                            "operator_type": "PROJECTION",
                                            "operator_cardinality": 233497,
                                            "cumulative_rows_scanned": 17854919,
                                            "operator_rows_scanned": 0,
                                            "operator_timing": 0.00039152700000000013,
                                            "result_set_size": 8405892,
                                            "children": [
                                                {
                                                    "operator_name": "HASH_JOIN",
                                                    "cpu_time": 0.3894036009999996,
                                                    "extra_info": {
                                                        "Join Type": "RIGHT",
                                                        "Conditions": "postid = id",
                                                        "Estimated Cardinality": "12744093"
                                                    },
                                                    "cumulative_cardinality": 11017614,
                                                    "operator_type": "HASH_JOIN",
                                                    "operator_cardinality": 233497,
                                                    "cumulative_rows_scanned": 17854919,
                                                    "operator_rows_scanned": 0,
                                                    "operator_timing": 0.069064393,
                                                    "result_set_size": 7705401,
                                                    "children": [
                                                        {
                                                            "operator_name": "READ_PARQUET ",
                                                            "cpu_time": 0.17736824299999965,
                                                            "extra_info": {
                                                                "Function": "READ_PARQUET",
                                                                "Projections": [
                                                                    "postid",
                                                                    "votetypeid"
                                                                ],
                                                                "Estimated Cardinality": "12744093"
                                                            },
                                                            "cumulative_cardinality": 10171772,
                                                            "operator_type": "TABLE_SCAN",
                                                            "operator_cardinality": 10171772,
                                                            "cumulative_rows_scanned": 12744093,
                                                            "operator_rows_scanned": 12744093,
                                                            "operator_timing": 0.17736824299999965,
                                                            "result_set_size": 61030632,
                                                            "children": []
                                                        },
                                                        {
                                                            "operator_name": "PROJECTION",
                                                            "cpu_time": 0.14297096499999992,
                                                            "extra_info": {
                                                                "Projections": [
                                                                    "#0",
                                                                    "__internal_compress_integral_utinyint(#1, 1)",
                                                                    "__internal_compress_integral_usmallint(#2, -72)",
                                                                    "#3",
                                                                    "#4",
                                                                    "#5"
                                                                ],
                                                                "Estimated Cardinality": "3850116"
                                                            },
                                                            "cumulative_cardinality": 612345,
                                                            "operator_type": "PROJECTION",
                                                            "operator_cardinality": 199827,
                                                            "cumulative_rows_scanned": 5110826,
                                                            "operator_rows_scanned": 0,
                                                            "operator_timing": 0.00019934300000000002,
                                                            "result_set_size": 6194637,
                                                            "children": [
                                                                {
                                                                    "operator_name": "HASH_JOIN",
                                                                    "cpu_time": 0.14277162199999993,
                                                                    "extra_info": {
                                                                        "Join Type": "RIGHT",
                                                                        "Conditions": "owneruserid = id",
                                                                        "Estimated Cardinality": "3850116"
                                                                    },
                                                                    "cumulative_cardinality": 412518,
                                                                    "operator_type": "HASH_JOIN",
                                                                    "operator_cardinality": 199827,
                                                                    "cumulative_rows_scanned": 5110826,
                                                                    "operator_rows_scanned": 0,
                                                                    "operator_timing": 0.013429970999999999,
                                                                    "result_set_size": 6794118,
                                                                    "children": [
                                                                        {
                                                                            "operator_name": "READ_PARQUET ",
                                                                            "cpu_time": 0.11046313099999994,
                                                                            "extra_info": {
                                                                                "Function": "READ_PARQUET",
                                                                                "Projections": [
                                                                                    "id",
                                                                                    "posttypeid",
                                                                                    "score",
                                                                                    "viewcount",
                                                                                    "owneruserid"
                                                                                ],
                                                                                "Estimated Cardinality": "3850116"
                                                                            },
                                                                            "cumulative_cardinality": 28518,
                                                                            "operator_type": "TABLE_SCAN",
                                                                            "operator_cardinality": 28518,
                                                                            "cumulative_rows_scanned": 3850116,
                                                                            "operator_rows_scanned": 3850116,
                                                                            "operator_timing": 0.11046313099999994,
                                                                            "result_set_size": 513324,
                                                                            "children": []
                                                                        },
                                                                        {
                                                                            "operator_name": "READ_PARQUET ",
                                                                            "cpu_time": 0.018878520000000006,
                                                                            "extra_info": {
                                                                                "Function": "READ_PARQUET",
                                                                                "Projections": [
                                                                                    "id",
                                                                                    "displayname"
                                                                                ],
                                                                                "Filters": "creationdate>='2023-10-01 12:34:56'::TIMESTAMP",
                                                                                "Estimated Cardinality": "252142"
                                                                            },
                                                                            "cumulative_cardinality": 184173,
                                                                            "operator_type": "TABLE_SCAN",
                                                                            "operator_cardinality": 184173,
                                                                            "cumulative_rows_scanned": 1260710,
                                                                            "operator_rows_scanned": 1260710,
                                                                            "operator_timing": 0.018878520000000006,
                                                                            "result_set_size": 3683460,
                                                                            "children": []
                                                                        }
                                                                    ]
                                                                }
                                                            ]
                                                        }
                                                    ]
                                                }
                                            ]
                                        }
                                    ]
                                }
                            ]
                        }
                    ]
                }
            ]
        }
    ]
}