{
    "rows_returned": 1260710,
    "query_name": "WITH UserPostCounts AS (\n    SELECT \n        OwnerUserId,\n        COUNT(*) AS PostCount\n    FROM \n        Posts\n    GROUP BY \n        OwnerUserId\n),\nUserVoteCounts AS (\n    SELECT \n        UserId,\n        COUNT(*) AS VoteCount\n    FROM \n        Votes\n    GROUP BY \n        UserId\n),\nPostCommentCounts AS (\n    SELECT \n        PostId,\n        COUNT(*) AS CommentCount\n    FROM \n        Comments\n    GROUP BY \n        PostId\n)\nSELECT \n    U.Id AS UserId,\n    U.DisplayName,\n    COALESCE(UPC.PostCount, 0) AS TotalPosts,\n    COALESCE(UVC.VoteCount, 0) AS TotalVotes,\n    COALESCE(PCC.CommentCount, 0) AS TotalComments\nFROM \n    Users U\nLEFT JOIN \n    UserPostCounts UPC ON U.Id = UPC.OwnerUserId\nLEFT JOIN \n    UserVoteCounts UVC ON U.Id = UVC.UserId\nLEFT JOIN \n    PostCommentCounts PCC ON U.Id = PCC.PostId\nORDER BY \n    TotalPosts DESC, TotalVotes DESC;",
    "blocked_thread_time": 0.0,
    "cpu_time": 0.9739583989999999,
    "extra_info": {},
    "cumulative_cardinality": 57783769,
    "cumulative_rows_scanned": 25096741,
    "result_set_size": 55471240,
    "latency": 1.773103398,
    "children": [
        {
            "operator_name": "ORDER_BY",
            "cpu_time": 0.9739583989999999,
            "extra_info": {
                "Order By": [
                    "COALESCE(UPC.PostCount, 0) DESC",
                    "COALESCE(UVC.VoteCount, 0) DESC"
                ]
            },
            "cumulative_cardinality": 57783769,
            "operator_type": "ORDER_BY",
            "operator_cardinality": 1260710,
            "cumulative_rows_scanned": 25096741,
            "operator_rows_scanned": 0,
            "operator_timing": 0.08975537199999996,
            "result_set_size": 55471240,
            "children": [
                {
                    "operator_name": "PROJECTION",
                    "cpu_time": 0.884203027,
                    "extra_info": {
                        "Projections": [
                            "UserId",
                            "displayname",
                            "TotalPosts",
                            "TotalVotes",
                            "TotalComments"
                        ],
                        "Estimated Cardinality": "6372046"
                    },
                    "cumulative_cardinality": 56523059,
                    "operator_type": "PROJECTION",
                    "operator_cardinality": 1260710,
                    "cumulative_rows_scanned": 25096741,
                    "operator_rows_scanned": 0,
                    "operator_timing": 0.029858079999999974,
                    "result_set_size": 55471240,
                    "children": [
                        {
                            "operator_name": "HASH_JOIN",
                            "cpu_time": 0.854344947,
                            "extra_info": {
                                "Join Type": "LEFT",
                                "Conditions": "id = postid",
                                "Estimated Cardinality": "6372046"
                            },
                            "cumulative_cardinality": 55262349,
                            "operator_type": "HASH_JOIN",
                            "operator_cardinality": 1260710,
                            "cumulative_rows_scanned": 25096741,
                            "operator_rows_scanned": 0,
                            "operator_timing": 0.12711173700000003,
                            "result_set_size": 55471240,
                            "children": [
                                {
                                    "operator_name": "HASH_JOIN",
                                    "cpu_time": 0.4427065199999999,
                                    "extra_info": {
                                        "Join Type": "RIGHT",
                                        "Conditions": "userid = id",
                                        "Estimated Cardinality": "6372046"
                                    },
                                    "cumulative_cardinality": 37354323,
                                    "operator_type": "HASH_JOIN",
                                    "operator_cardinality": 1260710,
                                    "cumulative_rows_scanned": 17854919,
                                    "operator_rows_scanned": 0,
                                    "operator_timing": 0.08311536499999998,
                                    "result_set_size": 45385560,
                                    "children": [
                                        {
                                            "operator_name": "HASH_GROUP_BY",
                                            "cpu_time": 0.0807099059999999,
                                            "extra_info": {
                                                "Groups": "#0",
                                                "Aggregates": "count_star()",
                                                "Estimated Cardinality": "6372046"
                                            },
                                            "cumulative_cardinality": 25500329,
                                            "operator_type": "HASH_GROUP_BY",
                                            "operator_cardinality": 12143,
                                            "cumulative_rows_scanned": 12744093,
                                            "operator_rows_scanned": 0,
                                            "operator_timing": 0.0570097339999999,
                                            "result_set_size": 145716,
                                            "children": [
                                                {
                                                    "operator_name": "PROJECTION",
                                                    "cpu_time": 0.023700171999999995,
                                                    "extra_info": {
                                                        "Projections": "userid",
                                                        "Estimated Cardinality": "12744093"
                                                    },
                                                    "cumulative_cardinality": 25488186,
                                                    "operator_type": "PROJECTION",
                                                    "operator_cardinality": 12744093,
                                                    "cumulative_rows_scanned": 12744093,
                                                    "operator_rows_scanned": 0,
                                                    "operator_timing": 0.0005199340000000242,
                                                    "result_set_size": 50976372,
                                                    "children": [
                                                        {
                                                            "operator_name": "READ_PARQUET ",
                                                            "cpu_time": 0.02318023799999997,
                                                            "extra_info": {
                                                                "Function": "READ_PARQUET",
                                                                "Projections": "userid",
                                                                "Estimated Cardinality": "12744093"
                                                            },
                                                            "cumulative_cardinality": 12744093,
                                                            "operator_type": "TABLE_SCAN",
                                                            "operator_cardinality": 12744093,
                                                            "cumulative_rows_scanned": 12744093,
                                                            "operator_rows_scanned": 12744093,
                                                            "operator_timing": 0.02318023799999997,
                                                            "result_set_size": 50976372,
                                                            "children": []
                                                        }
                                                    ]
                                                }
                                            ]
                                        },
                                        {
                                            "operator_name": "HASH_JOIN",
                                            "cpu_time": 0.278881249,
                                            "extra_info": {
                                                "Join Type": "RIGHT",
                                                "Conditions": "owneruserid = id",
                                                "Estimated Cardinality": "1925058"
                                            },
                                            "cumulative_cardinality": 10593284,
                                            "operator_type": "HASH_JOIN",
                                            "operator_cardinality": 1260710,
                                            "cumulative_rows_scanned": 5110826,
                                            "operator_rows_scanned": 0,
                                            "operator_timing": 0.09600940099999997,
                                            "result_set_size": 35299880,
                                            "children": [
                                                {
                                                    "operator_name": "HASH_GROUP_BY",
                                                    "cpu_time": 0.10687091099999997,
                                                    "extra_info": {
                                                        "Groups": "#0",
                                                        "Aggregates": "count_star()",
                                                        "Estimated Cardinality": "1925058"
                                                    },
                                                    "cumulative_cardinality": 8071864,
                                                    "operator_type": "HASH_GROUP_BY",
                                                    "operator_cardinality": 371632,
                                                    "cumulative_rows_scanned": 3850116,
                                                    "operator_rows_scanned": 0,
                                                    "operator_timing": 0.08424323099999999,
                                                    "result_set_size": 4459584,
                                                    "children": [
                                                        {
                                                            "operator_name": "PROJECTION",
                                                            "cpu_time": 0.02262767999999998,
                                                            "extra_info": {
                                                                "Projections": "owneruserid",
                                                                "Estimated Cardinality": "3850116"
                                                            },
                                                            "cumulative_cardinality": 7700232,
                                                            "operator_type": "PROJECTION",
                                                            "operator_cardinality": 3850116,
                                                            "cumulative_rows_scanned": 3850116,
                                                            "operator_rows_scanned": 0,
                                                            "operator_timing": 0.00024254799999999768,
                                                            "result_set_size": 15400464,
                                                            "children": [
                                                                {
                                                                    "operator_name": "READ_PARQUET ",
                                                                    "cpu_time": 0.02238513199999998,
                                                                    "extra_info": {
                                                                        "Function": "READ_PARQUET",
                                                                        "Projections": "owneruserid",
                                                                        "Estimated Cardinality": "3850116"
                                                                    },
                                                                    "cumulative_cardinality": 3850116,
                                                                    "operator_type": "TABLE_SCAN",
                                                                    "operator_cardinality": 3850116,
                                                                    "cumulative_rows_scanned": 3850116,
                                                                    "operator_rows_scanned": 3850116,
                                                                    "operator_timing": 0.02238513199999998,
                                                                    "result_set_size": 15400464,
                                                                    "children": []
                                                                }
                                                            ]
                                                        }
                                                    ]
                                                },
                                                {
                                                    "operator_name": "READ_PARQUET ",
                                                    "cpu_time": 0.07600093700000002,
                                                    "extra_info": {
                                                        "Function": "READ_PARQUET",
                                                        "Projections": [
                                                            "id",
                                                            "displayname"
                                                        ],
                                                        "Estimated Cardinality": "1260710"
                                                    },
                                                    "cumulative_cardinality": 1260710,
                                                    "operator_type": "TABLE_SCAN",
                                                    "operator_cardinality": 1260710,
                                                    "cumulative_rows_scanned": 1260710,
                                                    "operator_rows_scanned": 1260710,
                                                    "operator_timing": 0.07600093700000002,
                                                    "result_set_size": 25214200,
                                                    "children": []
                                                }
                                            ]
                                        }
                                    ]
                                },
                                {
                                    "operator_name": "HASH_GROUP_BY",
                                    "cpu_time": 0.28452669000000014,
                                    "extra_info": {
                                        "Groups": "#0",
                                        "Aggregates": "count_star()",
                                        "Estimated Cardinality": "3620911"
                                    },
                                    "cumulative_cardinality": 16647316,
                                    "operator_type": "HASH_GROUP_BY",
                                    "operator_cardinality": 2163672,
                                    "cumulative_rows_scanned": 7241822,
                                    "operator_rows_scanned": 0,
                                    "operator_timing": 0.24404315100000004,
                                    "result_set_size": 25964064,
                                    "children": [
                                        {
                                            "operator_name": "PROJECTION",
                                            "cpu_time": 0.04048353900000008,
                                            "extra_info": {
                                                "Projections": "postid",
                                                "Estimated Cardinality": "7241822"
                                            },
                                            "cumulative_cardinality": 14483644,
                                            "operator_type": "PROJECTION",
                                            "operator_cardinality": 7241822,
                                            "cumulative_rows_scanned": 7241822,
                                            "operator_rows_scanned": 0,
                                            "operator_timing": 0.00039487600000000033,
                                            "result_set_size": 28967288,
                                            "children": [
                                                {
                                                    "operator_name": "READ_PARQUET ",
                                                    "cpu_time": 0.04008866300000008,
                                                    "extra_info": {
                                                        "Function": "READ_PARQUET",
                                                        "Projections": "postid",
                                                        "Estimated Cardinality": "7241822"
                                                    },
                                                    "cumulative_cardinality": 7241822,
                                                    "operator_type": "TABLE_SCAN",
                                                    "operator_cardinality": 7241822,
                                                    "cumulative_rows_scanned": 7241822,
                                                    "operator_rows_scanned": 7241822,
                                                    "operator_timing": 0.04008866300000008,
                                                    "result_set_size": 28967288,
                                                    "children": []
                                                }
                                            ]
                                        }
                                    ]
                                }
                            ]
                        }
                    ]
                }
            ]
        }
    ]
}