{
    "rows_returned": 50,
    "query_name": "WITH PostMetrics AS (\n    SELECT \n        p.Id AS PostId,\n        p.Title,\n        p.CreationDate,\n        COUNT(c.Id) AS CommentCount,\n        COUNT(v.Id) AS VoteCount,\n        SUM(CASE WHEN v.VoteTypeId = 2 THEN 1 ELSE 0 END) AS UpVoteCount,\n        SUM(CASE WHEN v.VoteTypeId = 3 THEN 1 ELSE 0 END) AS DownVoteCount\n    FROM \n        Posts p\n    LEFT JOIN \n        Comments c ON c.PostId = p.Id\n    LEFT JOIN \n        Votes v ON v.PostId = p.Id\n    WHERE \n        p.CreationDate >= cast('2024-10-01 12:34:56' as timestamp) - INTERVAL '1 year'\n    GROUP BY \n        p.Id, p.Title, p.CreationDate\n), UserEngagement AS (\n    SELECT \n        u.Id AS UserId,\n        u.DisplayName,\n        COUNT(DISTINCT p.Id) AS PostCount,\n        SUM(pm.CommentCount) AS TotalComments,\n        SUM(pm.VoteCount) AS TotalVotes\n    FROM \n        Users u\n    LEFT JOIN \n        Posts p ON p.OwnerUserId = u.Id\n    LEFT JOIN \n        PostMetrics pm ON pm.PostId = p.Id\n    GROUP BY \n        u.Id, u.DisplayName\n)\nSELECT \n    ue.UserId,\n    ue.DisplayName,\n    ue.PostCount,\n    ue.TotalComments,\n    ue.TotalVotes\nFROM \n    UserEngagement ue\nORDER BY \n    ue.PostCount DESC, \n    ue.TotalVotes DESC\nLIMIT 50;",
    "blocked_thread_time": 0.0,
    "cpu_time": 1.9263644259999972,
    "extra_info": {},
    "cumulative_cardinality": 23359413,
    "cumulative_rows_scanned": 28946857,
    "result_set_size": 3000,
    "latency": 2.766775951,
    "children": [
        {
            "operator_name": "STREAMING_LIMIT",
            "cpu_time": 1.9263644259999972,
            "extra_info": {},
            "cumulative_cardinality": 23359413,
            "operator_type": "STREAMING_LIMIT",
            "operator_cardinality": 50,
            "cumulative_rows_scanned": 28946857,
            "operator_rows_scanned": 0,
            "operator_timing": 0.000002745,
            "result_set_size": 3000,
            "children": [
                {
                    "operator_name": "ORDER_BY",
                    "cpu_time": 1.9263616809999973,
                    "extra_info": {
                        "Order By": [
                            "ue.PostCount DESC",
                            "ue.TotalVotes DESC"
                        ]
                    },
                    "cumulative_cardinality": 23359363,
                    "operator_type": "ORDER_BY",
                    "operator_cardinality": 4096,
                    "cumulative_rows_scanned": 28946857,
                    "operator_rows_scanned": 0,
                    "operator_timing": 0.052033063000000046,
                    "result_set_size": 245760,
                    "children": [
                        {
                            "operator_name": "HASH_GROUP_BY",
                            "cpu_time": 1.8743286179999972,
                            "extra_info": {
                                "Groups": [
                                    "#0",
                                    "#1"
                                ],
                                "Aggregates": [
                                    "count(DISTINCT #2)",
                                    "sum(#3)",
                                    "sum(#4)"
                                ],
                                "Estimated Cardinality": "1260710"
                            },
                            "cumulative_cardinality": 23355267,
                            "operator_type": "HASH_GROUP_BY",
                            "operator_cardinality": 1260710,
                            "cumulative_rows_scanned": 28946857,
                            "operator_rows_scanned": 0,
                            "operator_timing": 1.1243601429999976,
                            "result_set_size": 75642600,
                            "children": [
                                {
                                    "operator_name": "PROJECTION",
                                    "cpu_time": 0.7499684749999996,
                                    "extra_info": {
                                        "Projections": [
                                            "id",
                                            "displayname",
                                            "id",
                                            "CommentCount",
                                            "VoteCount"
                                        ],
                                        "Estimated Cardinality": "3850116"
                                    },
                                    "cumulative_cardinality": 22094557,
                                    "operator_type": "PROJECTION",
                                    "operator_cardinality": 4574495,
                                    "cumulative_rows_scanned": 28946857,
                                    "operator_rows_scanned": 0,
                                    "operator_timing": 0.0009184780000000008,
                                    "result_set_size": 182979800,
                                    "children": [
                                        {
                                            "operator_name": "HASH_JOIN",
                                            "cpu_time": 0.7490499969999996,
                                            "extra_info": {
                                                "Join Type": "LEFT",
                                                "Conditions": "id = PostId",
                                                "Estimated Cardinality": "3850116"
                                            },
                                            "cumulative_cardinality": 17520062,
                                            "operator_type": "HASH_JOIN",
                                            "operator_cardinality": 4574495,
                                            "cumulative_rows_scanned": 28946857,
                                            "operator_rows_scanned": 0,
                                            "operator_timing": 0.08731048800000002,
                                            "result_set_size": 182979800,
                                            "children": [
                                                {
                                                    "operator_name": "HASH_JOIN",
                                                    "cpu_time": 0.41075765099999956,
                                                    "extra_info": {
                                                        "Join Type": "RIGHT",
                                                        "Conditions": "owneruserid = id",
                                                        "Estimated Cardinality": "3850116"
                                                    },
                                                    "cumulative_cardinality": 9520621,
                                                    "operator_type": "HASH_JOIN",
                                                    "operator_cardinality": 4574495,
                                                    "cumulative_rows_scanned": 5110826,
                                                    "operator_rows_scanned": 0,
                                                    "operator_timing": 0.24276649099999953,
                                                    "result_set_size": 109787880,
                                                    "children": [
                                                        {
                                                            "operator_name": "READ_PARQUET ",
                                                            "cpu_time": 0.089346757,
                                                            "extra_info": {
                                                                "Function": "READ_PARQUET",
                                                                "Projections": [
                                                                    "id",
                                                                    "owneruserid"
                                                                ],
                                                                "Estimated Cardinality": "3850116"
                                                            },
                                                            "cumulative_cardinality": 3685416,
                                                            "operator_type": "TABLE_SCAN",
                                                            "operator_cardinality": 3685416,
                                                            "cumulative_rows_scanned": 3850116,
                                                            "operator_rows_scanned": 3850116,
                                                            "operator_timing": 0.089346757,
                                                            "result_set_size": 29483328,
                                                            "children": []
                                                        },
                                                        {
                                                            "operator_name": "READ_PARQUET ",
                                                            "cpu_time": 0.07864440300000003,
                                                            "extra_info": {
                                                                "Function": "READ_PARQUET",
                                                                "Projections": [
                                                                    "id",
                                                                    "displayname"
                                                                ],
                                                                "Estimated Cardinality": "1260710"
                                                            },
                                                            "cumulative_cardinality": 1260710,
                                                            "operator_type": "TABLE_SCAN",
                                                            "operator_cardinality": 1260710,
                                                            "cumulative_rows_scanned": 1260710,
                                                            "operator_rows_scanned": 1260710,
                                                            "operator_timing": 0.07864440300000003,
                                                            "result_set_size": 25214200,
                                                            "children": []
                                                        }
                                                    ]
                                                },
                                                {
                                                    "operator_name": "PROJECTION",
                                                    "cpu_time": 0.25098185800000006,
                                                    "extra_info": {
                                                        "Projections": [
                                                            "PostId",
                                                            "CommentCount",
                                                            "VoteCount"
                                                        ],
                                                        "Estimated Cardinality": "3850116"
                                                    },
                                                    "cumulative_cardinality": 3424946,
                                                    "operator_type": "PROJECTION",
                                                    "operator_cardinality": 145542,
                                                    "cumulative_rows_scanned": 23836031,
                                                    "operator_rows_scanned": 0,
                                                    "operator_timing": 0.000013064000000000009,
                                                    "result_set_size": 2910840,
                                                    "children": [
                                                        {
                                                            "operator_name": "HASH_GROUP_BY",
                                                            "cpu_time": 0.25096879400000005,
                                                            "extra_info": {
                                                                "Groups": [
                                                                    "#0",
                                                                    "#1",
                                                                    "#2"
                                                                ],
                                                                "Aggregates": [
                                                                    "count(#3)",
                                                                    "count(#4)"
                                                                ],
                                                                "Estimated Cardinality": "3850116"
                                                            },
                                                            "cumulative_cardinality": 3279404,
                                                            "operator_type": "HASH_GROUP_BY",
                                                            "operator_cardinality": 145542,
                                                            "cumulative_rows_scanned": 23836031,
                                                            "operator_rows_scanned": 0,
                                                            "operator_timing": 0.08497254100000001,
                                                            "result_set_size": 6403848,
                                                            "children": [
                                                                {
                                                                    "operator_name": "PROJECTION",
                                                                    "cpu_time": 0.16599625300000004,
                                                                    "extra_info": {
                                                                        "Projections": [
                                                                            "id",
                                                                            "title",
                                                                            "creationdate",
                                                                            "id",
                                                                            "id"
                                                                        ],
                                                                        "Estimated Cardinality": "12744093"
                                                                    },
                                                                    "cumulative_cardinality": 3133862,
                                                                    "operator_type": "PROJECTION",
                                                                    "operator_cardinality": 954760,
                                                                    "cumulative_rows_scanned": 23836031,
                                                                    "operator_rows_scanned": 0,
                                                                    "operator_timing": 0.0001982250000000001,
                                                                    "result_set_size": 34371360,
                                                                    "children": [
                                                                        {
                                                                            "operator_name": "HASH_JOIN",
                                                                            "cpu_time": 0.16579802800000004,
                                                                            "extra_info": {
                                                                                "Join Type": "RIGHT",
                                                                                "Conditions": "postid = id",
                                                                                "Estimated Cardinality": "12744093"
                                                                            },
                                                                            "cumulative_cardinality": 2179102,
                                                                            "operator_type": "HASH_JOIN",
                                                                            "operator_cardinality": 954760,
                                                                            "cumulative_rows_scanned": 23836031,
                                                                            "operator_rows_scanned": 0,
                                                                            "operator_timing": 0.05386557600000002,
                                                                            "result_set_size": 34371360,
                                                                            "children": [
                                                                                {
                                                                                    "operator_name": "READ_PARQUET ",
                                                                                    "cpu_time": 0.01849066400000002,
                                                                                    "extra_info": {
                                                                                        "Function": "READ_PARQUET",
                                                                                        "Projections": [
                                                                                            "id",
                                                                                            "postid"
                                                                                        ],
                                                                                        "Estimated Cardinality": "12744093"
                                                                                    },
                                                                                    "cumulative_cardinality": 442526,
                                                                                    "operator_type": "TABLE_SCAN",
                                                                                    "operator_cardinality": 442526,
                                                                                    "cumulative_rows_scanned": 12744093,
                                                                                    "operator_rows_scanned": 12744093,
                                                                                    "operator_timing": 0.01849066400000002,
                                                                                    "result_set_size": 3540208,
                                                                                    "children": []
                                                                                },
                                                                                {
                                                                                    "operator_name": "HASH_JOIN",
                                                                                    "cpu_time": 0.093441788,
                                                                                    "extra_info": {
                                                                                        "Join Type": "RIGHT",
                                                                                        "Conditions": "postid = id",
                                                                                        "Estimated Cardinality": "7241822"
                                                                                    },
                                                                                    "cumulative_cardinality": 781816,
                                                                                    "operator_type": "HASH_JOIN",
                                                                                    "operator_cardinality": 349210,
                                                                                    "cumulative_rows_scanned": 11091938,
                                                                                    "operator_rows_scanned": 0,
                                                                                    "operator_timing": 0.019534420999999996,
                                                                                    "result_set_size": 11174720,
                                                                                    "children": [
                                                                                        {
                                                                                            "operator_name": "READ_PARQUET ",
                                                                                            "cpu_time": 0.013773094000000007,
                                                                                            "extra_info": {
                                                                                                "Function": "READ_PARQUET",
                                                                                                "Projections": [
                                                                                                    "id",
                                                                                                    "postid"
                                                                                                ],
                                                                                                "Estimated Cardinality": "7241822"
                                                                                            },
                                                                                            "cumulative_cardinality": 287064,
                                                                                            "operator_type": "TABLE_SCAN",
                                                                                            "operator_cardinality": 287064,
                                                                                            "cumulative_rows_scanned": 7241822,
                                                                                            "operator_rows_scanned": 7241822,
                                                                                            "operator_timing": 0.013773094000000007,
                                                                                            "result_set_size": 2296512,
                                                                                            "children": []
                                                                                        },
                                                                                        {
                                                                                            "operator_name": "READ_PARQUET ",
                                                                                            "cpu_time": 0.060134272999999995,
                                                                                            "extra_info": {
                                                                                                "Function": "READ_PARQUET",
                                                                                                "Projections": [
                                                                                                    "id",
                                                                                                    "creationdate",
                                                                                                    "title"
                                                                                                ],
                                                                                                "Filters": "creationdate>='2023-10-01 12:34:56'::TIMESTAMP",
                                                                                                "Estimated Cardinality": "770023"
                                                                                            },
                                                                                            "cumulative_cardinality": 145542,
                                                                                            "operator_type": "TABLE_SCAN",
                                                                                            "operator_cardinality": 145542,
                                                                                            "cumulative_rows_scanned": 3850116,
                                                                                            "operator_rows_scanned": 3850116,
                                                                                            "operator_timing": 0.060134272999999995,
                                                                                            "result_set_size": 4075176,
                                                                                            "children": []
                                                                                        }
                                                                                    ]
                                                                                }
                                                                            ]
                                                                        }
                                                                    ]
                                                                }
                                                            ]
                                                        }
                                                    ]
                                                }
                                            ]
                                        }
                                    ]
                                }
                            ]
                        }
                    ]
                }
            ]
        }
    ]
}