{
    "rows_returned": 100,
    "query_name": "WITH UserPostStats AS (\n    SELECT \n        U.Id AS UserId,\n        U.DisplayName,\n        COUNT(P.Id) AS PostCount,\n        SUM(COALESCE(P.Score, 0)) AS TotalScore,\n        SUM(COALESCE(P.ViewCount, 0)) AS TotalViews,\n        SUM(COALESCE(CASE WHEN P.PostTypeId = 1 THEN 1 ELSE 0 END, 0)) AS QuestionCount,\n        SUM(COALESCE(CASE WHEN P.PostTypeId = 2 THEN 1 ELSE 0 END, 0)) AS AnswerCount\n    FROM \n        Users U\n    LEFT JOIN \n        Posts P ON U.Id = P.OwnerUserId\n    GROUP BY \n        U.Id, U.DisplayName\n),\nPostHistoryStats AS (\n    SELECT \n        PH.PostId,\n        COUNT(PH.Id) AS EditCount,\n        SUM(CASE WHEN PHT.Name = 'Edit Body' THEN 1 ELSE 0 END) AS BodyEdits,\n        SUM(CASE WHEN PHT.Name = 'Edit Title' THEN 1 ELSE 0 END) AS TitleEdits\n    FROM \n        PostHistory PH\n    JOIN \n        PostHistoryTypes PHT ON PH.PostHistoryTypeId = PHT.Id\n    GROUP BY \n        PH.PostId\n)\nSELECT \n    UPS.UserId,\n    UPS.DisplayName,\n    UPS.PostCount,\n    UPS.TotalScore,\n    UPS.TotalViews,\n    UPS.QuestionCount,\n    UPS.AnswerCount,\n    PHS.EditCount,\n    PHS.BodyEdits,\n    PHS.TitleEdits\nFROM \n    UserPostStats UPS\nLEFT JOIN \n    PostHistoryStats PHS ON UPS.UserId = PHS.PostId\nORDER BY \n    UPS.TotalScore DESC\nLIMIT 100;",
    "blocked_thread_time": 0.0,
    "cpu_time": 2.759309876999999,
    "extra_info": {},
    "cumulative_cardinality": 57117324,
    "cumulative_rows_scanned": 16906104,
    "result_set_size": 13200,
    "latency": 3.126038651,
    "children": [
        {
            "operator_name": "STREAMING_LIMIT",
            "cpu_time": 2.759309876999999,
            "extra_info": {},
            "cumulative_cardinality": 57117324,
            "operator_type": "STREAMING_LIMIT",
            "operator_cardinality": 100,
            "cumulative_rows_scanned": 16906104,
            "operator_rows_scanned": 0,
            "operator_timing": 0.0000016030000000000002,
            "result_set_size": 13200,
            "children": [
                {
                    "operator_name": "ORDER_BY",
                    "cpu_time": 2.759308273999999,
                    "extra_info": {
                        "Order By": "UPS.TotalScore DESC"
                    },
                    "cumulative_cardinality": 57117224,
                    "operator_type": "ORDER_BY",
                    "operator_cardinality": 4096,
                    "cumulative_rows_scanned": 16906104,
                    "operator_rows_scanned": 0,
                    "operator_timing": 0.17054244900000004,
                    "result_set_size": 540672,
                    "children": [
                        {
                            "operator_name": "PROJECTION",
                            "cpu_time": 2.588765824999999,
                            "extra_info": {
                                "Projections": [
                                    "UserId",
                                    "displayname",
                                    "PostCount",
                                    "TotalScore",
                                    "TotalViews",
                                    "QuestionCount",
                                    "AnswerCount",
                                    "EditCount",
                                    "BodyEdits",
                                    "TitleEdits"
                                ],
                                "Estimated Cardinality": "5897622"
                            },
                            "cumulative_cardinality": 57113128,
                            "operator_type": "PROJECTION",
                            "operator_cardinality": 1260710,
                            "cumulative_rows_scanned": 16906104,
                            "operator_rows_scanned": 0,
                            "operator_timing": 0.0004548469999999992,
                            "result_set_size": 166413720,
                            "children": [
                                {
                                    "operator_name": "HASH_JOIN",
                                    "cpu_time": 2.588310977999999,
                                    "extra_info": {
                                        "Join Type": "RIGHT",
                                        "Conditions": "postid = UserId",
                                        "Estimated Cardinality": "5897622"
                                    },
                                    "cumulative_cardinality": 55852418,
                                    "operator_type": "HASH_JOIN",
                                    "operator_cardinality": 1260710,
                                    "cumulative_rows_scanned": 16906104,
                                    "operator_rows_scanned": 0,
                                    "operator_timing": 0.21832071699999975,
                                    "result_set_size": 171456560,
                                    "children": [
                                        {
                                            "operator_name": "HASH_GROUP_BY",
                                            "cpu_time": 1.2038576129999992,
                                            "extra_info": {
                                                "Groups": "#0",
                                                "Aggregates": [
                                                    "count_star()",
                                                    "sum(#1)",
                                                    "sum(#2)"
                                                ],
                                                "Estimated Cardinality": "5897622"
                                            },
                                            "cumulative_cardinality": 39235882,
                                            "operator_type": "HASH_GROUP_BY",
                                            "operator_cardinality": 3850116,
                                            "cumulative_rows_scanned": 11795278,
                                            "operator_rows_scanned": 0,
                                            "operator_timing": 0.7923635909999992,
                                            "result_set_size": 169405104,
                                            "children": [
                                                {
                                                    "operator_name": "PROJECTION",
                                                    "cpu_time": 0.41149402199999996,
                                                    "extra_info": {
                                                        "Projections": [
                                                            "postid",
                                                            "CASE  WHEN ((name = 'Edit Body')) THEN (1) ELSE 0 END",
                                                            "CASE  WHEN ((name = 'Edit Title')) THEN (1) ELSE 0 END"
                                                        ],
                                                        "Estimated Cardinality": "11795244"
                                                    },
                                                    "cumulative_cardinality": 35385766,
                                                    "operator_type": "PROJECTION",
                                                    "operator_cardinality": 11795244,
                                                    "cumulative_rows_scanned": 11795278,
                                                    "operator_rows_scanned": 0,
                                                    "operator_timing": 0.10040017800000035,
                                                    "result_set_size": 141542928,
                                                    "children": [
                                                        {
                                                            "operator_name": "HASH_JOIN",
                                                            "cpu_time": 0.3110938439999996,
                                                            "extra_info": {
                                                                "Join Type": "INNER",
                                                                "Conditions": "posthistorytypeid = id",
                                                                "Estimated Cardinality": "11795244"
                                                            },
                                                            "cumulative_cardinality": 23590522,
                                                            "operator_type": "HASH_JOIN",
                                                            "operator_cardinality": 11795244,
                                                            "cumulative_rows_scanned": 11795278,
                                                            "operator_rows_scanned": 0,
                                                            "operator_timing": 0.03726967499999996,
                                                            "result_set_size": 235904880,
                                                            "children": [
                                                                {
                                                                    "operator_name": "READ_PARQUET ",
                                                                    "cpu_time": 0.27351681399999966,
                                                                    "extra_info": {
                                                                        "Function": "READ_PARQUET",
                                                                        "Projections": [
                                                                            "id",
                                                                            "posthistorytypeid",
                                                                            "postid"
                                                                        ],
                                                                        "Estimated Cardinality": "11795244"
                                                                    },
                                                                    "cumulative_cardinality": 11795244,
                                                                    "operator_type": "TABLE_SCAN",
                                                                    "operator_cardinality": 11795244,
                                                                    "cumulative_rows_scanned": 11795244,
                                                                    "operator_rows_scanned": 11795244,
                                                                    "operator_timing": 0.27351681399999966,
                                                                    "result_set_size": 117952440,
                                                                    "children": []
                                                                },
                                                                {
                                                                    "operator_name": "READ_PARQUET ",
                                                                    "cpu_time": 0.000307355,
                                                                    "extra_info": {
                                                                        "Function": "READ_PARQUET",
                                                                        "Projections": [
                                                                            "id",
                                                                            "name"
                                                                        ],
                                                                        "Estimated Cardinality": "34"
                                                                    },
                                                                    "cumulative_cardinality": 34,
                                                                    "operator_type": "TABLE_SCAN",
                                                                    "operator_cardinality": 34,
                                                                    "cumulative_rows_scanned": 34,
                                                                    "operator_rows_scanned": 34,
                                                                    "operator_timing": 0.000307355,
                                                                    "result_set_size": 612,
                                                                    "children": []
                                                                }
                                                            ]
                                                        }
                                                    ]
                                                }
                                            ]
                                        },
                                        {
                                            "operator_name": "HASH_GROUP_BY",
                                            "cpu_time": 1.166132648,
                                            "extra_info": {
                                                "Groups": [
                                                    "#0",
                                                    "#1"
                                                ],
                                                "Aggregates": [
                                                    "count(#2)",
                                                    "sum(#3)",
                                                    "sum(#4)",
                                                    "sum(#5)",
                                                    "sum(#6)"
                                                ],
                                                "Estimated Cardinality": "1260710"
                                            },
                                            "cumulative_cardinality": 15355826,
                                            "operator_type": "HASH_GROUP_BY",
                                            "operator_cardinality": 1260710,
                                            "cumulative_rows_scanned": 5110826,
                                            "operator_rows_scanned": 0,
                                            "operator_timing": 0.5671216600000001,
                                            "result_set_size": 115985320,
                                            "children": [
                                                {
                                                    "operator_name": "PROJECTION",
                                                    "cpu_time": 0.599010988,
                                                    "extra_info": {
                                                        "Projections": [
                                                            "id",
                                                            "displayname",
                                                            "id",
                                                            "COALESCE(score, 0)",
                                                            "COALESCE(viewcount, 0)",
                                                            "CASE  WHEN ((posttypeid = 1)) THEN (1) ELSE 0 END",
                                                            "CASE  WHEN ((posttypeid = 2)) THEN (1) ELSE 0 END"
                                                        ],
                                                        "Estimated Cardinality": "3850116"
                                                    },
                                                    "cumulative_cardinality": 14095116,
                                                    "operator_type": "PROJECTION",
                                                    "operator_cardinality": 4574495,
                                                    "cumulative_rows_scanned": 5110826,
                                                    "operator_rows_scanned": 0,
                                                    "operator_timing": 0.11848895100000009,
                                                    "result_set_size": 182979800,
                                                    "children": [
                                                        {
                                                            "operator_name": "HASH_JOIN",
                                                            "cpu_time": 0.48052203699999985,
                                                            "extra_info": {
                                                                "Join Type": "RIGHT",
                                                                "Conditions": "owneruserid = id",
                                                                "Estimated Cardinality": "3850116"
                                                            },
                                                            "cumulative_cardinality": 9520621,
                                                            "operator_type": "HASH_JOIN",
                                                            "operator_cardinality": 4574495,
                                                            "cumulative_rows_scanned": 5110826,
                                                            "operator_rows_scanned": 0,
                                                            "operator_timing": 0.2461349479999999,
                                                            "result_set_size": 155532830,
                                                            "children": [
                                                                {
                                                                    "operator_name": "READ_PARQUET ",
                                                                    "cpu_time": 0.15891396700000002,
                                                                    "extra_info": {
                                                                        "Function": "READ_PARQUET",
                                                                        "Projections": [
                                                                            "id",
                                                                            "posttypeid",
                                                                            "score",
                                                                            "viewcount",
                                                                            "owneruserid"
                                                                        ],
                                                                        "Estimated Cardinality": "3850116"
                                                                    },
                                                                    "cumulative_cardinality": 3685416,
                                                                    "operator_type": "TABLE_SCAN",
                                                                    "operator_cardinality": 3685416,
                                                                    "cumulative_rows_scanned": 3850116,
                                                                    "operator_rows_scanned": 3850116,
                                                                    "operator_timing": 0.15891396700000002,
                                                                    "result_set_size": 66337488,
                                                                    "children": []
                                                                },
                                                                {
                                                                    "operator_name": "READ_PARQUET ",
                                                                    "cpu_time": 0.07547312199999992,
                                                                    "extra_info": {
                                                                        "Function": "READ_PARQUET",
                                                                        "Projections": [
                                                                            "id",
                                                                            "displayname"
                                                                        ],
                                                                        "Estimated Cardinality": "1260710"
                                                                    },
                                                                    "cumulative_cardinality": 1260710,
                                                                    "operator_type": "TABLE_SCAN",
                                                                    "operator_cardinality": 1260710,
                                                                    "cumulative_rows_scanned": 1260710,
                                                                    "operator_rows_scanned": 1260710,
                                                                    "operator_timing": 0.07547312199999992,
                                                                    "result_set_size": 25214200,
                                                                    "children": []
                                                                }
                                                            ]
                                                        }
                                                    ]
                                                }
                                            ]
                                        }
                                    ]
                                }
                            ]
                        }
                    ]
                }
            ]
        }
    ]
}