{
    "rows_returned": 79947,
    "query_name": "\nWITH PostCounts AS (\n    SELECT\n        pt.Name AS PostType,\n        COUNT(p.Id) AS PostCount,\n        SUM(COALESCE(p.Score, 0)) AS TotalScore,\n        SUM(COALESCE(p.ViewCount, 0)) AS TotalViews,\n        SUM(COALESCE(p.AnswerCount, 0)) AS TotalAnswers\n    FROM Posts p\n    JOIN PostTypes pt ON p.PostTypeId = pt.Id\n    GROUP BY pt.Name\n),\nUserVotes AS (\n    SELECT\n        u.DisplayName AS UserDisplayName,\n        COUNT(v.Id) AS VoteCount,\n        SUM(CASE WHEN v.VoteTypeId = 2 THEN 1 ELSE 0 END) AS UpVotes,\n        SUM(CASE WHEN v.VoteTypeId = 3 THEN 1 ELSE 0 END) AS DownVotes\n    FROM Users u\n    JOIN Votes v ON u.Id = v.UserId\n    GROUP BY u.DisplayName\n),\nBadgeCounts AS (\n    SELECT\n        u.DisplayName AS UserDisplayName,\n        COUNT(b.Id) AS BadgeCount\n    FROM Users u\n    LEFT JOIN Badges b ON u.Id = b.UserId\n    GROUP BY u.DisplayName\n)\nSELECT \n    pc.PostType,\n    pc.PostCount,\n    pc.TotalScore,\n    pc.TotalViews,\n    pc.TotalAnswers,\n    uv.UserDisplayName,\n    uv.VoteCount,\n    uv.UpVotes,\n    uv.DownVotes,\n    COALESCE(bc.BadgeCount, 0) AS BadgeCount\nFROM PostCounts pc\nLEFT JOIN UserVotes uv ON 1=1 \nLEFT JOIN BadgeCounts bc ON uv.UserDisplayName = bc.UserDisplayName\nORDER BY pc.PostType;\n",
    "blocked_thread_time": 0.0,
    "cpu_time": 1.2606852869999998,
    "extra_info": {},
    "cumulative_cardinality": 23941928,
    "cumulative_rows_scanned": 21437361,
    "result_set_size": 10872792,
    "latency": 1.58904923,
    "children": [
        {
            "operator_name": "ORDER_BY",
            "cpu_time": 1.2606852869999998,
            "extra_info": {
                "Order By": "pc.PostType ASC"
            },
            "cumulative_cardinality": 23941928,
            "operator_type": "ORDER_BY",
            "operator_cardinality": 79947,
            "cumulative_rows_scanned": 21437361,
            "operator_rows_scanned": 0,
            "operator_timing": 0.0077136470000000006,
            "result_set_size": 10872792,
            "children": [
                {
                    "operator_name": "PROJECTION",
                    "cpu_time": 1.2529716399999997,
                    "extra_info": {
                        "Projections": [
                            "PostType",
                            "PostCount",
                            "TotalScore",
                            "TotalViews",
                            "TotalAnswers",
                            "UserDisplayName",
                            "VoteCount",
                            "UpVotes",
                            "DownVotes",
                            "BadgeCount"
                        ],
                        "Estimated Cardinality": "1925058"
                    },
                    "cumulative_cardinality": 23861981,
                    "operator_type": "PROJECTION",
                    "operator_cardinality": 79947,
                    "cumulative_rows_scanned": 21437361,
                    "operator_rows_scanned": 0,
                    "operator_timing": 0.0004485530000000002,
                    "result_set_size": 10872792,
                    "children": [
                        {
                            "operator_name": "HASH_JOIN",
                            "cpu_time": 1.2525230869999997,
                            "extra_info": {
                                "Join Type": "LEFT",
                                "Conditions": "UserDisplayName = UserDisplayName",
                                "Estimated Cardinality": "1925058"
                            },
                            "cumulative_cardinality": 23782034,
                            "operator_type": "HASH_JOIN",
                            "operator_cardinality": 79947,
                            "cumulative_rows_scanned": 21437361,
                            "operator_rows_scanned": 0,
                            "operator_timing": 0.06666005099999994,
                            "result_set_size": 10872792,
                            "children": [
                                {
                                    "operator_name": "BLOCKWISE_NL_JOIN",
                                    "cpu_time": 0.6262036869999998,
                                    "extra_info": {
                                        "Join Type": "LEFT",
                                        "Condition": "true"
                                    },
                                    "cumulative_cardinality": 13007091,
                                    "operator_type": "BLOCKWISE_NL_JOIN",
                                    "operator_cardinality": 79947,
                                    "cumulative_rows_scanned": 17854927,
                                    "operator_rows_scanned": 0,
                                    "operator_timing": 0.0005528250000000001,
                                    "result_set_size": 10233216,
                                    "children": [
                                        {
                                            "operator_name": "HASH_GROUP_BY",
                                            "cpu_time": 0.27284193299999987,
                                            "extra_info": {
                                                "Groups": "#0",
                                                "Aggregates": [
                                                    "count_star()",
                                                    "sum(#1)",
                                                    "sum(#2)",
                                                    "sum(#3)"
                                                ],
                                                "Estimated Cardinality": "1925058"
                                            },
                                            "cumulative_cardinality": 11550362,
                                            "operator_type": "HASH_GROUP_BY",
                                            "operator_cardinality": 7,
                                            "cumulative_rows_scanned": 3850124,
                                            "operator_rows_scanned": 0,
                                            "operator_timing": 0.08303684399999992,
                                            "result_set_size": 504,
                                            "children": [
                                                {
                                                    "operator_name": "PROJECTION",
                                                    "cpu_time": 0.18980508899999995,
                                                    "extra_info": {
                                                        "Projections": [
                                                            "name",
                                                            "score",
                                                            "COALESCE(viewcount, 0)",
                                                            "COALESCE(answercount, 0)"
                                                        ],
                                                        "Estimated Cardinality": "3850116"
                                                    },
                                                    "cumulative_cardinality": 11550355,
                                                    "operator_type": "PROJECTION",
                                                    "operator_cardinality": 3850116,
                                                    "cumulative_rows_scanned": 3850124,
                                                    "operator_rows_scanned": 0,
                                                    "operator_timing": 0.05629275700000006,
                                                    "result_set_size": 107803248,
                                                    "children": [
                                                        {
                                                            "operator_name": "HASH_JOIN",
                                                            "cpu_time": 0.1335123319999999,
                                                            "extra_info": {
                                                                "Join Type": "INNER",
                                                                "Conditions": "posttypeid = id",
                                                                "Estimated Cardinality": "3850116"
                                                            },
                                                            "cumulative_cardinality": 7700239,
                                                            "operator_type": "HASH_JOIN",
                                                            "operator_cardinality": 3850116,
                                                            "cumulative_rows_scanned": 3850124,
                                                            "operator_rows_scanned": 0,
                                                            "operator_timing": 0.008113724000000027,
                                                            "result_set_size": 107803248,
                                                            "children": [
                                                                {
                                                                    "operator_name": "READ_PARQUET ",
                                                                    "cpu_time": 0.1250725489999999,
                                                                    "extra_info": {
                                                                        "Function": "READ_PARQUET",
                                                                        "Projections": [
                                                                            "id",
                                                                            "posttypeid",
                                                                            "score",
                                                                            "viewcount",
                                                                            "answercount"
                                                                        ],
                                                                        "Estimated Cardinality": "3850116"
                                                                    },
                                                                    "cumulative_cardinality": 3850116,
                                                                    "operator_type": "TABLE_SCAN",
                                                                    "operator_cardinality": 3850116,
                                                                    "cumulative_rows_scanned": 3850116,
                                                                    "operator_rows_scanned": 3850116,
                                                                    "operator_timing": 0.1250725489999999,
                                                                    "result_set_size": 69302088,
                                                                    "children": []
                                                                },
                                                                {
                                                                    "operator_name": "READ_PARQUET ",
                                                                    "cpu_time": 0.000326059,
                                                                    "extra_info": {
                                                                        "Function": "READ_PARQUET",
                                                                        "Projections": [
                                                                            "id",
                                                                            "name"
                                                                        ],
                                                                        "Filters": "id<=7",
                                                                        "Estimated Cardinality": "8"
                                                                    },
                                                                    "cumulative_cardinality": 7,
                                                                    "operator_type": "TABLE_SCAN",
                                                                    "operator_cardinality": 7,
                                                                    "cumulative_rows_scanned": 8,
                                                                    "operator_rows_scanned": 8,
                                                                    "operator_timing": 0.000326059,
                                                                    "result_set_size": 126,
                                                                    "children": []
                                                                }
                                                            ]
                                                        }
                                                    ]
                                                }
                                            ]
                                        },
                                        {
                                            "operator_name": "HASH_GROUP_BY",
                                            "cpu_time": 0.35280892900000005,
                                            "extra_info": {
                                                "Groups": "#0",
                                                "Aggregates": [
                                                    "count_star()",
                                                    "sum(#1)",
                                                    "sum(#2)"
                                                ],
                                                "Estimated Cardinality": "1260710"
                                            },
                                            "cumulative_cardinality": 1376782,
                                            "operator_type": "HASH_GROUP_BY",
                                            "operator_cardinality": 11421,
                                            "cumulative_rows_scanned": 14004803,
                                            "operator_rows_scanned": 0,
                                            "operator_timing": 0.0024917140000000003,
                                            "result_set_size": 639576,
                                            "children": [
                                                {
                                                    "operator_name": "PROJECTION",
                                                    "cpu_time": 0.35031721500000007,
                                                    "extra_info": {
                                                        "Projections": [
                                                            "displayname",
                                                            "CASE  WHEN ((votetypeid = 2)) THEN (1) ELSE 0 END",
                                                            "CASE  WHEN ((votetypeid = 3)) THEN (1) ELSE 0 END"
                                                        ],
                                                        "Estimated Cardinality": "12744093"
                                                    },
                                                    "cumulative_cardinality": 1365361,
                                                    "operator_type": "PROJECTION",
                                                    "operator_cardinality": 40287,
                                                    "cumulative_rows_scanned": 14004803,
                                                    "operator_rows_scanned": 0,
                                                    "operator_timing": 0.000133913,
                                                    "result_set_size": 966888,
                                                    "children": [
                                                        {
                                                            "operator_name": "HASH_JOIN",
                                                            "cpu_time": 0.3501833020000001,
                                                            "extra_info": {
                                                                "Join Type": "INNER",
                                                                "Conditions": "userid = id",
                                                                "Estimated Cardinality": "12744093"
                                                            },
                                                            "cumulative_cardinality": 1325074,
                                                            "operator_type": "HASH_JOIN",
                                                            "operator_cardinality": 40287,
                                                            "cumulative_rows_scanned": 14004803,
                                                            "operator_rows_scanned": 0,
                                                            "operator_timing": 0.08041334199999987,
                                                            "result_set_size": 725166,
                                                            "children": [
                                                                {
                                                                    "operator_name": "READ_PARQUET ",
                                                                    "cpu_time": 0.19069345600000018,
                                                                    "extra_info": {
                                                                        "Function": "READ_PARQUET",
                                                                        "Projections": [
                                                                            "id",
                                                                            "votetypeid",
                                                                            "userid"
                                                                        ],
                                                                        "Estimated Cardinality": "12744093"
                                                                    },
                                                                    "cumulative_cardinality": 40287,
                                                                    "operator_type": "TABLE_SCAN",
                                                                    "operator_cardinality": 40287,
                                                                    "cumulative_rows_scanned": 12744093,
                                                                    "operator_rows_scanned": 12744093,
                                                                    "operator_timing": 0.19069345600000018,
                                                                    "result_set_size": 402870,
                                                                    "children": []
                                                                },
                                                                {
                                                                    "operator_name": "READ_PARQUET ",
                                                                    "cpu_time": 0.07907650400000006,
                                                                    "extra_info": {
                                                                        "Function": "READ_PARQUET",
                                                                        "Projections": [
                                                                            "id",
                                                                            "displayname"
                                                                        ],
                                                                        "Filters": "id<=1400285",
                                                                        "Estimated Cardinality": "1260710"
                                                                    },
                                                                    "cumulative_cardinality": 1244500,
                                                                    "operator_type": "TABLE_SCAN",
                                                                    "operator_cardinality": 1244500,
                                                                    "cumulative_rows_scanned": 1260710,
                                                                    "operator_rows_scanned": 1260710,
                                                                    "operator_timing": 0.07907650400000006,
                                                                    "result_set_size": 24890000,
                                                                    "children": []
                                                                }
                                                            ]
                                                        }
                                                    ]
                                                }
                                            ]
                                        }
                                    ]
                                },
                                {
                                    "operator_name": "HASH_GROUP_BY",
                                    "cpu_time": 0.5596593489999998,
                                    "extra_info": {
                                        "Groups": "#0",
                                        "Aggregates": "count(#1)",
                                        "Estimated Cardinality": "1260710"
                                    },
                                    "cumulative_cardinality": 10694996,
                                    "operator_type": "HASH_GROUP_BY",
                                    "operator_cardinality": 1045736,
                                    "cumulative_rows_scanned": 3582434,
                                    "operator_rows_scanned": 0,
                                    "operator_timing": 0.24928131099999987,
                                    "result_set_size": 25097664,
                                    "children": [
                                        {
                                            "operator_name": "PROJECTION",
                                            "cpu_time": 0.31037803799999997,
                                            "extra_info": {
                                                "Projections": [
                                                    "displayname",
                                                    "id"
                                                ],
                                                "Estimated Cardinality": "2321724"
                                            },
                                            "cumulative_cardinality": 9649260,
                                            "operator_type": "PROJECTION",
                                            "operator_cardinality": 3033413,
                                            "cumulative_rows_scanned": 3582434,
                                            "operator_rows_scanned": 0,
                                            "operator_timing": 0.00036886099999999865,
                                            "result_set_size": 60668260,
                                            "children": [
                                                {
                                                    "operator_name": "HASH_JOIN",
                                                    "cpu_time": 0.31000917699999997,
                                                    "extra_info": {
                                                        "Join Type": "RIGHT",
                                                        "Conditions": "userid = id",
                                                        "Estimated Cardinality": "2321724"
                                                    },
                                                    "cumulative_cardinality": 6615847,
                                                    "operator_type": "HASH_JOIN",
                                                    "operator_cardinality": 3033413,
                                                    "cumulative_rows_scanned": 3582434,
                                                    "operator_rows_scanned": 0,
                                                    "operator_timing": 0.18904097099999995,
                                                    "result_set_size": 60668260,
                                                    "children": [
                                                        {
                                                            "operator_name": "READ_PARQUET ",
                                                            "cpu_time": 0.04522728699999999,
                                                            "extra_info": {
                                                                "Function": "READ_PARQUET",
                                                                "Projections": [
                                                                    "id",
                                                                    "userid"
                                                                ],
                                                                "Estimated Cardinality": "2321724"
                                                            },
                                                            "cumulative_cardinality": 2321724,
                                                            "operator_type": "TABLE_SCAN",
                                                            "operator_cardinality": 2321724,
                                                            "cumulative_rows_scanned": 2321724,
                                                            "operator_rows_scanned": 2321724,
                                                            "operator_timing": 0.04522728699999999,
                                                            "result_set_size": 18573792,
                                                            "children": []
                                                        },
                                                        {
                                                            "operator_name": "READ_PARQUET ",
                                                            "cpu_time": 0.07574091900000005,
                                                            "extra_info": {
                                                                "Function": "READ_PARQUET",
                                                                "Projections": [
                                                                    "id",
                                                                    "displayname"
                                                                ],
                                                                "Estimated Cardinality": "1260710"
                                                            },
                                                            "cumulative_cardinality": 1260710,
                                                            "operator_type": "TABLE_SCAN",
                                                            "operator_cardinality": 1260710,
                                                            "cumulative_rows_scanned": 1260710,
                                                            "operator_rows_scanned": 1260710,
                                                            "operator_timing": 0.07574091900000005,
                                                            "result_set_size": 25214200,
                                                            "children": []
                                                        }
                                                    ]
                                                }
                                            ]
                                        }
                                    ]
                                }
                            ]
                        }
                    ]
                }
            ]
        }
    ]
}