{
    "rows_returned": 5,
    "query_name": "\nWITH PostStatistics AS (\n    SELECT\n        P.PostTypeId,\n        COUNT(P.Id) AS PostCount,\n        AVG(P.Score) AS AvgScore,\n        SUM(P.ViewCount) AS TotalViews,\n        SUM(P.AnswerCount) AS TotalAnswers,\n        SUM(P.CommentCount) AS TotalComments,\n        SUM(P.FavoriteCount) AS TotalFavorites,\n        MAX(P.CreationDate) AS LastPostDate\n    FROM\n        Posts P\n    WHERE\n        P.CreationDate >= TIMESTAMP '2024-10-01 12:34:56' - INTERVAL '1 year'  \n    GROUP BY\n        P.PostTypeId\n),\nUserEngagement AS (\n    SELECT\n        U.Id AS UserId,\n        U.Reputation,\n        COUNT(DISTINCT P.Id) AS TotalPosts,\n        SUM(CASE WHEN V.VoteTypeId = 2 THEN 1 ELSE 0 END) AS TotalUpVotes,\n        SUM(CASE WHEN V.VoteTypeId = 3 THEN 1 ELSE 0 END) AS TotalDownVotes\n    FROM\n        Users U\n    LEFT JOIN Posts P ON U.Id = P.OwnerUserId\n    LEFT JOIN Votes V ON P.Id = V.PostId\n    GROUP BY \n        U.Id, U.Reputation\n)\n\nSELECT\n    PST.PostTypeId,\n    PST.PostCount,\n    PST.AvgScore,\n    PST.TotalViews,\n    PST.TotalAnswers,\n    PST.TotalComments,\n    PST.TotalFavorites,\n    PST.LastPostDate,\n    SUM(UE.TotalPosts) AS TotalUserPosts,\n    AVG(UE.Reputation) AS AvgUserReputation,\n    SUM(UE.TotalUpVotes) AS TotalUserUpVotes,\n    SUM(UE.TotalDownVotes) AS TotalUserDownVotes\nFROM\n    PostStatistics PST\nJOIN\n    UserEngagement UE ON PST.PostCount > 0  \nGROUP BY\n    PST.PostTypeId, PST.PostCount, PST.AvgScore, PST.TotalViews,\n    PST.TotalAnswers, PST.TotalComments, PST.TotalFavorites, PST.LastPostDate\nORDER BY\n    PST.PostTypeId;\n",
    "blocked_thread_time": 0.0,
    "cpu_time": 2.6251749859999984,
    "extra_info": {},
    "cumulative_cardinality": 67613100,
    "cumulative_rows_scanned": 21705035,
    "result_set_size": 730,
    "latency": 3.300636858,
    "children": [
        {
            "operator_name": "PROJECTION",
            "cpu_time": 2.6251749859999984,
            "extra_info": {
                "Projections": [
                    "__internal_decompress_integral_smallint(#0, 1)",
                    "#1",
                    "#2",
                    "#3",
                    "#4",
                    "#5",
                    "#6",
                    "#7",
                    "#8",
                    "#9",
                    "#10",
                    "#11"
                ],
                "Estimated Cardinality": "3850116"
            },
            "cumulative_cardinality": 67613100,
            "operator_type": "PROJECTION",
            "operator_cardinality": 5,
            "cumulative_rows_scanned": 21705035,
            "operator_rows_scanned": 0,
            "operator_timing": 0.000001413,
            "result_set_size": 730,
            "children": [
                {
                    "operator_name": "ORDER_BY",
                    "cpu_time": 2.6251735729999983,
                    "extra_info": {
                        "Order By": "PST.PostTypeId ASC"
                    },
                    "cumulative_cardinality": 67613095,
                    "operator_type": "ORDER_BY",
                    "operator_cardinality": 5,
                    "cumulative_rows_scanned": 21705035,
                    "operator_rows_scanned": 0,
                    "operator_timing": 0.000029946,
                    "result_set_size": 725,
                    "children": [
                        {
                            "operator_name": "PROJECTION",
                            "cpu_time": 2.625143626999998,
                            "extra_info": {
                                "Projections": [
                                    "__internal_compress_integral_utinyint(#0, 1)",
                                    "#1",
                                    "#2",
                                    "#3",
                                    "#4",
                                    "#5",
                                    "#6",
                                    "#7",
                                    "#8",
                                    "#9",
                                    "#10",
                                    "#11"
                                ],
                                "Estimated Cardinality": "3850116"
                            },
                            "cumulative_cardinality": 67613090,
                            "operator_type": "PROJECTION",
                            "operator_cardinality": 5,
                            "cumulative_rows_scanned": 21705035,
                            "operator_rows_scanned": 0,
                            "operator_timing": 8.81e-7,
                            "result_set_size": 725,
                            "children": [
                                {
                                    "operator_name": "PROJECTION",
                                    "cpu_time": 2.625142745999998,
                                    "extra_info": {
                                        "Projections": [
                                            "__internal_decompress_integral_smallint(#0, 1)",
                                            "#1",
                                            "#2",
                                            "#3",
                                            "#4",
                                            "#5",
                                            "#6",
                                            "#7",
                                            "#8",
                                            "#9",
                                            "#10",
                                            "#11"
                                        ],
                                        "Estimated Cardinality": "3850116"
                                    },
                                    "cumulative_cardinality": 67613085,
                                    "operator_type": "PROJECTION",
                                    "operator_cardinality": 5,
                                    "cumulative_rows_scanned": 21705035,
                                    "operator_rows_scanned": 0,
                                    "operator_timing": 0.000002284,
                                    "result_set_size": 730,
                                    "children": [
                                        {
                                            "operator_name": "HASH_GROUP_BY",
                                            "cpu_time": 2.6251404619999983,
                                            "extra_info": {
                                                "Groups": [
                                                    "#0",
                                                    "#1",
                                                    "#2",
                                                    "#3",
                                                    "#4",
                                                    "#5",
                                                    "#6",
                                                    "#7"
                                                ],
                                                "Aggregates": [
                                                    "sum(#8)",
                                                    "avg(#9)",
                                                    "sum(#10)",
                                                    "sum(#11)"
                                                ],
                                                "Estimated Cardinality": "3850116"
                                            },
                                            "cumulative_cardinality": 67613080,
                                            "operator_type": "HASH_GROUP_BY",
                                            "operator_cardinality": 5,
                                            "cumulative_rows_scanned": 21705035,
                                            "operator_rows_scanned": 0,
                                            "operator_timing": 0.12423098499999997,
                                            "result_set_size": 725,
                                            "children": [
                                                {
                                                    "operator_name": "PROJECTION",
                                                    "cpu_time": 2.500909476999998,
                                                    "extra_info": {
                                                        "Projections": [
                                                            "posttypeid",
                                                            "PostCount",
                                                            "AvgScore",
                                                            "TotalViews",
                                                            "TotalAnswers",
                                                            "TotalComments",
                                                            "TotalFavorites",
                                                            "LastPostDate",
                                                            "TotalPosts",
                                                            "reputation",
                                                            "TotalUpVotes",
                                                            "TotalDownVotes"
                                                        ],
                                                        "Estimated Cardinality": "97077191420"
                                                    },
                                                    "cumulative_cardinality": 67613075,
                                                    "operator_type": "PROJECTION",
                                                    "operator_cardinality": 6303550,
                                                    "cumulative_rows_scanned": 21705035,
                                                    "operator_rows_scanned": 0,
                                                    "operator_timing": 0.001269284000000002,
                                                    "result_set_size": 838372150,
                                                    "children": [
                                                        {
                                                            "operator_name": "PROJECTION",
                                                            "cpu_time": 2.499640192999998,
                                                            "extra_info": {
                                                                "Projections": [
                                                                    "#0",
                                                                    "#1",
                                                                    "#2",
                                                                    "#3",
                                                                    "__internal_compress_integral_utinyint(#4, 1)",
                                                                    "#5",
                                                                    "#6",
                                                                    "#7",
                                                                    "#8",
                                                                    "#9",
                                                                    "#10",
                                                                    "#11"
                                                                ],
                                                                "Estimated Cardinality": "97077191420"
                                                            },
                                                            "cumulative_cardinality": 61309525,
                                                            "operator_type": "PROJECTION",
                                                            "operator_cardinality": 6303550,
                                                            "cumulative_rows_scanned": 21705035,
                                                            "operator_rows_scanned": 0,
                                                            "operator_timing": 0.0020714269999999933,
                                                            "result_set_size": 838372150,
                                                            "children": [
                                                                {
                                                                    "operator_name": "CROSS_PRODUCT",
                                                                    "cpu_time": 2.497568765999998,
                                                                    "extra_info": {},
                                                                    "cumulative_cardinality": 55005975,
                                                                    "operator_type": "CROSS_PRODUCT",
                                                                    "operator_cardinality": 6303550,
                                                                    "cumulative_rows_scanned": 21705035,
                                                                    "operator_rows_scanned": 0,
                                                                    "operator_timing": 0.03521237399999989,
                                                                    "result_set_size": 844675700,
                                                                    "children": [
                                                                        {
                                                                            "operator_name": "PROJECTION",
                                                                            "cpu_time": 2.417612036999998,
                                                                            "extra_info": {
                                                                                "Projections": [
                                                                                    "reputation",
                                                                                    "TotalPosts",
                                                                                    "TotalUpVotes",
                                                                                    "TotalDownVotes"
                                                                                ],
                                                                                "Estimated Cardinality": "1260710"
                                                                            },
                                                                            "cumulative_cardinality": 48265784,
                                                                            "operator_type": "PROJECTION",
                                                                            "operator_cardinality": 1260710,
                                                                            "cumulative_rows_scanned": 17854919,
                                                                            "operator_rows_scanned": 0,
                                                                            "operator_timing": 0.00016972600000000017,
                                                                            "result_set_size": 55471240,
                                                                            "children": [
                                                                                {
                                                                                    "operator_name": "HASH_GROUP_BY",
                                                                                    "cpu_time": 2.4174423109999976,
                                                                                    "extra_info": {
                                                                                        "Groups": [
                                                                                            "#0",
                                                                                            "#1"
                                                                                        ],
                                                                                        "Aggregates": [
                                                                                            "count(DISTINCT #2)",
                                                                                            "sum(#3)",
                                                                                            "sum(#4)"
                                                                                        ],
                                                                                        "Estimated Cardinality": "1260710"
                                                                                    },
                                                                                    "cumulative_cardinality": 47005074,
                                                                                    "operator_type": "HASH_GROUP_BY",
                                                                                    "operator_cardinality": 1260710,
                                                                                    "cumulative_rows_scanned": 17854919,
                                                                                    "operator_rows_scanned": 0,
                                                                                    "operator_timing": 1.1494042430000022,
                                                                                    "result_set_size": 60514080,
                                                                                    "children": [
                                                                                        {
                                                                                            "operator_name": "PROJECTION",
                                                                                            "cpu_time": 1.2680380679999952,
                                                                                            "extra_info": {
                                                                                                "Projections": [
                                                                                                    "id",
                                                                                                    "reputation",
                                                                                                    "id",
                                                                                                    "CASE  WHEN ((votetypeid = 2)) THEN (1) ELSE 0 END",
                                                                                                    "CASE  WHEN ((votetypeid = 3)) THEN (1) ELSE 0 END"
                                                                                                ],
                                                                                                "Estimated Cardinality": "12744093"
                                                                                            },
                                                                                            "cumulative_cardinality": 45744364,
                                                                                            "operator_type": "PROJECTION",
                                                                                            "operator_cardinality": 11739825,
                                                                                            "cumulative_rows_scanned": 17854919,
                                                                                            "operator_rows_scanned": 0,
                                                                                            "operator_timing": 0.0771204289999998,
                                                                                            "result_set_size": 234796500,
                                                                                            "children": [
                                                                                                {
                                                                                                    "operator_name": "HASH_JOIN",
                                                                                                    "cpu_time": 1.1909176389999954,
                                                                                                    "extra_info": {
                                                                                                        "Join Type": "RIGHT",
                                                                                                        "Conditions": "postid = id",
                                                                                                        "Estimated Cardinality": "12744093"
                                                                                                    },
                                                                                                    "cumulative_cardinality": 34004539,
                                                                                                    "operator_type": "HASH_JOIN",
                                                                                                    "operator_cardinality": 11739825,
                                                                                                    "cumulative_rows_scanned": 17854919,
                                                                                                    "operator_rows_scanned": 0,
                                                                                                    "operator_timing": 0.6502090949999946,
                                                                                                    "result_set_size": 164357550,
                                                                                                    "children": [
                                                                                                        {
                                                                                                            "operator_name": "READ_PARQUET ",
                                                                                                            "cpu_time": 0.22911369400000062,
                                                                                                            "extra_info": {
                                                                                                                "Function": "READ_PARQUET",
                                                                                                                "Projections": [
                                                                                                                    "postid",
                                                                                                                    "votetypeid"
                                                                                                                ],
                                                                                                                "Estimated Cardinality": "12744093"
                                                                                                            },
                                                                                                            "cumulative_cardinality": 12744093,
                                                                                                            "operator_type": "TABLE_SCAN",
                                                                                                            "operator_cardinality": 12744093,
                                                                                                            "cumulative_rows_scanned": 12744093,
                                                                                                            "operator_rows_scanned": 12744093,
                                                                                                            "operator_timing": 0.22911369400000062,
                                                                                                            "result_set_size": 76464558,
                                                                                                            "children": []
                                                                                                        },
                                                                                                        {
                                                                                                            "operator_name": "HASH_JOIN",
                                                                                                            "cpu_time": 0.31159485000000015,
                                                                                                            "extra_info": {
                                                                                                                "Join Type": "RIGHT",
                                                                                                                "Conditions": "owneruserid = id",
                                                                                                                "Estimated Cardinality": "3850116"
                                                                                                            },
                                                                                                            "cumulative_cardinality": 9520621,
                                                                                                            "operator_type": "HASH_JOIN",
                                                                                                            "operator_cardinality": 4574495,
                                                                                                            "cumulative_rows_scanned": 5110826,
                                                                                                            "operator_rows_scanned": 0,
                                                                                                            "operator_timing": 0.2057713880000001,
                                                                                                            "result_set_size": 54893940,
                                                                                                            "children": [
                                                                                                                {
                                                                                                                    "operator_name": "READ_PARQUET ",
                                                                                                                    "cpu_time": 0.08987290200000006,
                                                                                                                    "extra_info": {
                                                                                                                        "Function": "READ_PARQUET",
                                                                                                                        "Projections": [
                                                                                                                            "id",
                                                                                                                            "owneruserid"
                                                                                                                        ],
                                                                                                                        "Estimated Cardinality": "3850116"
                                                                                                                    },
                                                                                                                    "cumulative_cardinality": 3685416,
                                                                                                                    "operator_type": "TABLE_SCAN",
                                                                                                                    "operator_cardinality": 3685416,
                                                                                                                    "cumulative_rows_scanned": 3850116,
                                                                                                                    "operator_rows_scanned": 3850116,
                                                                                                                    "operator_timing": 0.08987290200000006,
                                                                                                                    "result_set_size": 29483328,
                                                                                                                    "children": []
                                                                                                                },
                                                                                                                {
                                                                                                                    "operator_name": "READ_PARQUET ",
                                                                                                                    "cpu_time": 0.01595056000000001,
                                                                                                                    "extra_info": {
                                                                                                                        "Function": "READ_PARQUET",
                                                                                                                        "Projections": [
                                                                                                                            "id",
                                                                                                                            "reputation"
                                                                                                                        ],
                                                                                                                        "Estimated Cardinality": "1260710"
                                                                                                                    },
                                                                                                                    "cumulative_cardinality": 1260710,
                                                                                                                    "operator_type": "TABLE_SCAN",
                                                                                                                    "operator_cardinality": 1260710,
                                                                                                                    "cumulative_rows_scanned": 1260710,
                                                                                                                    "operator_rows_scanned": 1260710,
                                                                                                                    "operator_timing": 0.01595056000000001,
                                                                                                                    "result_set_size": 10085680,
                                                                                                                    "children": []
                                                                                                                }
                                                                                                            ]
                                                                                                        }
                                                                                                    ]
                                                                                                }
                                                                                            ]
                                                                                        }
                                                                                    ]
                                                                                }
                                                                            ]
                                                                        },
                                                                        {
                                                                            "operator_name": "FILTER",
                                                                            "cpu_time": 0.044744355000000006,
                                                                            "extra_info": {
                                                                                "Expression": "(PostCount > 0)",
                                                                                "Estimated Cardinality": "77002"
                                                                            },
                                                                            "cumulative_cardinality": 436641,
                                                                            "operator_type": "FILTER",
                                                                            "operator_cardinality": 5,
                                                                            "cumulative_rows_scanned": 3850116,
                                                                            "operator_rows_scanned": 0,
                                                                            "operator_timing": 0.000018425,
                                                                            "result_set_size": 450,
                                                                            "children": [
                                                                                {
                                                                                    "operator_name": "PROJECTION",
                                                                                    "cpu_time": 0.044725930000000004,
                                                                                    "extra_info": {
                                                                                        "Projections": [
                                                                                            "__internal_decompress_integral_smallint(#0, 1)",
                                                                                            "#1",
                                                                                            "#2",
                                                                                            "#3",
                                                                                            "#4",
                                                                                            "#5",
                                                                                            "#6",
                                                                                            "#7"
                                                                                        ],
                                                                                        "Estimated Cardinality": "385011"
                                                                                    },
                                                                                    "cumulative_cardinality": 436636,
                                                                                    "operator_type": "PROJECTION",
                                                                                    "operator_cardinality": 5,
                                                                                    "cumulative_rows_scanned": 3850116,
                                                                                    "operator_rows_scanned": 0,
                                                                                    "operator_timing": 0.000001883,
                                                                                    "result_set_size": 450,
                                                                                    "children": [
                                                                                        {
                                                                                            "operator_name": "PERFECT_HASH_GROUP_BY",
                                                                                            "cpu_time": 0.044724047,
                                                                                            "extra_info": {
                                                                                                "Groups": "#0",
                                                                                                "Aggregates": [
                                                                                                    "count_star()",
                                                                                                    "avg(#1)",
                                                                                                    "sum(#2)",
                                                                                                    "sum(#3)",
                                                                                                    "sum(#4)",
                                                                                                    "sum(#5)",
                                                                                                    "max(#6)"
                                                                                                ]
                                                                                            },
                                                                                            "cumulative_cardinality": 436631,
                                                                                            "operator_type": "PERFECT_HASH_GROUP_BY",
                                                                                            "operator_cardinality": 5,
                                                                                            "cumulative_rows_scanned": 3850116,
                                                                                            "operator_rows_scanned": 0,
                                                                                            "operator_timing": 0.003488779,
                                                                                            "result_set_size": 445,
                                                                                            "children": [
                                                                                                {
                                                                                                    "operator_name": "PROJECTION",
                                                                                                    "cpu_time": 0.041235268000000005,
                                                                                                    "extra_info": {
                                                                                                        "Projections": [
                                                                                                            "posttypeid",
                                                                                                            "score",
                                                                                                            "viewcount",
                                                                                                            "answercount",
                                                                                                            "commentcount",
                                                                                                            "favoritecount",
                                                                                                            "creationdate"
                                                                                                        ],
                                                                                                        "Estimated Cardinality": "770023"
                                                                                                    },
                                                                                                    "cumulative_cardinality": 436626,
                                                                                                    "operator_type": "PROJECTION",
                                                                                                    "operator_cardinality": 145542,
                                                                                                    "cumulative_rows_scanned": 3850116,
                                                                                                    "operator_rows_scanned": 0,
                                                                                                    "operator_timing": 0.000026149,
                                                                                                    "result_set_size": 4220718,
                                                                                                    "children": [
                                                                                                        {
                                                                                                            "operator_name": "PROJECTION",
                                                                                                            "cpu_time": 0.041209119,
                                                                                                            "extra_info": {
                                                                                                                "Projections": [
                                                                                                                    "#0",
                                                                                                                    "__internal_compress_integral_utinyint(#1, 1)",
                                                                                                                    "#2",
                                                                                                                    "#3",
                                                                                                                    "#4",
                                                                                                                    "#5",
                                                                                                                    "#6",
                                                                                                                    "#7"
                                                                                                                ],
                                                                                                                "Estimated Cardinality": "770023"
                                                                                                            },
                                                                                                            "cumulative_cardinality": 291084,
                                                                                                            "operator_type": "PROJECTION",
                                                                                                            "operator_cardinality": 145542,
                                                                                                            "cumulative_rows_scanned": 3850116,
                                                                                                            "operator_rows_scanned": 0,
                                                                                                            "operator_timing": 0.00007981100000000003,
                                                                                                            "result_set_size": 4802886,
                                                                                                            "children": [
                                                                                                                {
                                                                                                                    "operator_name": "READ_PARQUET ",
                                                                                                                    "cpu_time": 0.041129308,
                                                                                                                    "extra_info": {
                                                                                                                        "Function": "READ_PARQUET",
                                                                                                                        "Projections": [
                                                                                                                            "id",
                                                                                                                            "posttypeid",
                                                                                                                            "creationdate",
                                                                                                                            "score",
                                                                                                                            "viewcount",
                                                                                                                            "answercount",
                                                                                                                            "commentcount",
                                                                                                                            "favoritecount"
                                                                                                                        ],
                                                                                                                        "Filters": "creationdate>='2023-10-01 12:34:56'::TIMESTAMP",
                                                                                                                        "Estimated Cardinality": "770023"
                                                                                                                    },
                                                                                                                    "cumulative_cardinality": 145542,
                                                                                                                    "operator_type": "TABLE_SCAN",
                                                                                                                    "operator_cardinality": 145542,
                                                                                                                    "cumulative_rows_scanned": 3850116,
                                                                                                                    "operator_rows_scanned": 3850116,
                                                                                                                    "operator_timing": 0.041129308,
                                                                                                                    "result_set_size": 4948428,
                                                                                                                    "children": []
                                                                                                                }
                                                                                                            ]
                                                                                                        }
                                                                                                    ]
                                                                                                }
                                                                                            ]
                                                                                        }
                                                                                    ]
                                                                                }
                                                                            ]
                                                                        }
                                                                    ]
                                                                }
                                                            ]
                                                        }
                                                    ]
                                                }
                                            ]
                                        }
                                    ]
                                }
                            ]
                        }
                    ]
                }
            ]
        }
    ]
}