{
    "rows_returned": 3850116,
    "query_name": "WITH Post_Vote_Summary AS (\n    SELECT \n        p.Id AS PostId,\n        p.Title,\n        p.PostTypeId,\n        COUNT(v.Id) AS TotalVotes,\n        SUM(CASE WHEN v.VoteTypeId = 2 THEN 1 ELSE 0 END) AS Upvotes,\n        SUM(CASE WHEN v.VoteTypeId = 3 THEN 1 ELSE 0 END) AS Downvotes\n    FROM \n        Posts p\n    LEFT JOIN \n        Votes v ON p.Id = v.PostId\n    GROUP BY \n        p.Id, p.Title, p.PostTypeId\n),\nPost_Comment_Summary AS (\n    SELECT \n        c.PostId,\n        COUNT(c.Id) AS TotalComments\n    FROM \n        Comments c\n    GROUP BY \n        c.PostId\n)\nSELECT \n    pvs.PostId,\n    pvs.Title,\n    pvs.PostTypeId,\n    pvs.TotalVotes,\n    pvs.Upvotes,\n    pvs.Downvotes,\n    COALESCE(pcs.TotalComments, 0) AS TotalComments\nFROM \n    Post_Vote_Summary pvs\nLEFT JOIN \n    Post_Comment_Summary pcs ON pvs.PostId = pcs.PostId\nORDER BY \n    pvs.TotalVotes DESC, \n    pvs.Upvotes DESC, \n    pvs.Downvotes ASC;",
    "blocked_thread_time": 0.0,
    "cpu_time": 4.215819911999996,
    "extra_info": {},
    "cumulative_cardinality": 109467277,
    "cumulative_rows_scanned": 23836031,
    "result_set_size": 269508120,
    "latency": 11.126551903,
    "children": [
        {
            "operator_name": "PROJECTION",
            "cpu_time": 4.215819911999996,
            "extra_info": {
                "Projections": [
                    "#0",
                    "#1",
                    "__internal_decompress_integral_smallint(#2, 1)",
                    "#3",
                    "#4",
                    "#5",
                    "#6"
                ],
                "Estimated Cardinality": "3850116"
            },
            "cumulative_cardinality": 109467277,
            "operator_type": "PROJECTION",
            "operator_cardinality": 3850116,
            "cumulative_rows_scanned": 23836031,
            "operator_rows_scanned": 0,
            "operator_timing": 0.0015391890000000016,
            "result_set_size": 269508120,
            "children": [
                {
                    "operator_name": "ORDER_BY",
                    "cpu_time": 4.214280722999996,
                    "extra_info": {
                        "Order By": [
                            "pvs.TotalVotes DESC",
                            "pvs.Upvotes DESC",
                            "pvs.Downvotes ASC"
                        ]
                    },
                    "cumulative_cardinality": 105617161,
                    "operator_type": "ORDER_BY",
                    "operator_cardinality": 3850116,
                    "cumulative_rows_scanned": 23836031,
                    "operator_rows_scanned": 0,
                    "operator_timing": 0.3960790169999999,
                    "result_set_size": 265658004,
                    "children": [
                        {
                            "operator_name": "PROJECTION",
                            "cpu_time": 3.818201705999997,
                            "extra_info": {
                                "Projections": [
                                    "#0",
                                    "#1",
                                    "__internal_compress_integral_utinyint(#2, 1)",
                                    "#3",
                                    "#4",
                                    "#5",
                                    "#6"
                                ],
                                "Estimated Cardinality": "3850116"
                            },
                            "cumulative_cardinality": 101767045,
                            "operator_type": "PROJECTION",
                            "operator_cardinality": 3850116,
                            "cumulative_rows_scanned": 23836031,
                            "operator_rows_scanned": 0,
                            "operator_timing": 0.005618792000000018,
                            "result_set_size": 265658004,
                            "children": [
                                {
                                    "operator_name": "PROJECTION",
                                    "cpu_time": 3.812582913999997,
                                    "extra_info": {
                                        "Projections": [
                                            "PostId",
                                            "title",
                                            "posttypeid",
                                            "TotalVotes",
                                            "Upvotes",
                                            "Downvotes",
                                            "TotalComments"
                                        ],
                                        "Estimated Cardinality": "3850116"
                                    },
                                    "cumulative_cardinality": 97916929,
                                    "operator_type": "PROJECTION",
                                    "operator_cardinality": 3850116,
                                    "cumulative_rows_scanned": 23836031,
                                    "operator_rows_scanned": 0,
                                    "operator_timing": 0.052509641000000065,
                                    "result_set_size": 269508120,
                                    "children": [
                                        {
                                            "operator_name": "HASH_JOIN",
                                            "cpu_time": 3.760073272999997,
                                            "extra_info": {
                                                "Join Type": "LEFT",
                                                "Conditions": "PostId = postid",
                                                "Estimated Cardinality": "3850116"
                                            },
                                            "cumulative_cardinality": 94066813,
                                            "operator_type": "HASH_JOIN",
                                            "operator_cardinality": 3850116,
                                            "cumulative_rows_scanned": 23836031,
                                            "operator_rows_scanned": 0,
                                            "operator_timing": 0.26132223800000054,
                                            "result_set_size": 269508120,
                                            "children": [
                                                {
                                                    "operator_name": "PROJECTION",
                                                    "cpu_time": 3.1527247559999965,
                                                    "extra_info": {
                                                        "Projections": [
                                                            "#0",
                                                            "#1",
                                                            "__internal_decompress_integral_smallint(#2, 1)",
                                                            "#3",
                                                            "#4",
                                                            "#5"
                                                        ],
                                                        "Estimated Cardinality": "3850116"
                                                    },
                                                    "cumulative_cardinality": 73569381,
                                                    "operator_type": "PROJECTION",
                                                    "operator_cardinality": 3850116,
                                                    "cumulative_rows_scanned": 16594209,
                                                    "operator_rows_scanned": 0,
                                                    "operator_timing": 0.0016137000000000002,
                                                    "result_set_size": 238707192,
                                                    "children": [
                                                        {
                                                            "operator_name": "HASH_GROUP_BY",
                                                            "cpu_time": 3.1511110559999964,
                                                            "extra_info": {
                                                                "Groups": [
                                                                    "#0",
                                                                    "#1",
                                                                    "#2"
                                                                ],
                                                                "Aggregates": [
                                                                    "count(#3)",
                                                                    "sum(#4)",
                                                                    "sum(#5)"
                                                                ],
                                                                "Estimated Cardinality": "3850116"
                                                            },
                                                            "cumulative_cardinality": 69719265,
                                                            "operator_type": "HASH_GROUP_BY",
                                                            "operator_cardinality": 3850116,
                                                            "cumulative_rows_scanned": 16594209,
                                                            "operator_rows_scanned": 0,
                                                            "operator_timing": 1.544621263999998,
                                                            "result_set_size": 234857076,
                                                            "children": [
                                                                {
                                                                    "operator_name": "PROJECTION",
                                                                    "cpu_time": 1.6064897919999983,
                                                                    "extra_info": {
                                                                        "Projections": [
                                                                            "id",
                                                                            "title",
                                                                            "posttypeid",
                                                                            "id",
                                                                            "CASE  WHEN ((votetypeid = 2)) THEN (1) ELSE 0 END",
                                                                            "CASE  WHEN ((votetypeid = 3)) THEN (1) ELSE 0 END"
                                                                        ],
                                                                        "Estimated Cardinality": "12744093"
                                                                    },
                                                                    "cumulative_cardinality": 65869149,
                                                                    "operator_type": "PROJECTION",
                                                                    "operator_cardinality": 11356206,
                                                                    "cumulative_rows_scanned": 16594209,
                                                                    "operator_rows_scanned": 0,
                                                                    "operator_timing": 0.08137578499999988,
                                                                    "result_set_size": 374754798,
                                                                    "children": [
                                                                        {
                                                                            "operator_name": "PROJECTION",
                                                                            "cpu_time": 1.5251140069999984,
                                                                            "extra_info": {
                                                                                "Projections": [
                                                                                    "#0",
                                                                                    "#1",
                                                                                    "#2",
                                                                                    "__internal_compress_integral_utinyint(#3, 1)",
                                                                                    "#4"
                                                                                ],
                                                                                "Estimated Cardinality": "12744093"
                                                                            },
                                                                            "cumulative_cardinality": 54512943,
                                                                            "operator_type": "PROJECTION",
                                                                            "operator_cardinality": 11356206,
                                                                            "cumulative_rows_scanned": 16594209,
                                                                            "operator_rows_scanned": 0,
                                                                            "operator_timing": 0.007329877000000097,
                                                                            "result_set_size": 306617562,
                                                                            "children": [
                                                                                {
                                                                                    "operator_name": "PROJECTION",
                                                                                    "cpu_time": 1.5177841299999983,
                                                                                    "extra_info": {
                                                                                        "Projections": [
                                                                                            "#0",
                                                                                            "#1",
                                                                                            "#2",
                                                                                            "__internal_decompress_integral_smallint(#3, 1)",
                                                                                            "#4"
                                                                                        ],
                                                                                        "Estimated Cardinality": "12744093"
                                                                                    },
                                                                                    "cumulative_cardinality": 43156737,
                                                                                    "operator_type": "PROJECTION",
                                                                                    "operator_cardinality": 11356206,
                                                                                    "cumulative_rows_scanned": 16594209,
                                                                                    "operator_rows_scanned": 0,
                                                                                    "operator_timing": 0.014826741999999291,
                                                                                    "result_set_size": 317973768,
                                                                                    "children": [
                                                                                        {
                                                                                            "operator_name": "HASH_JOIN",
                                                                                            "cpu_time": 1.5029573879999991,
                                                                                            "extra_info": {
                                                                                                "Join Type": "RIGHT",
                                                                                                "Conditions": "postid = id",
                                                                                                "Estimated Cardinality": "12744093"
                                                                                            },
                                                                                            "cumulative_cardinality": 31800531,
                                                                                            "operator_type": "HASH_JOIN",
                                                                                            "operator_cardinality": 11356206,
                                                                                            "cumulative_rows_scanned": 16594209,
                                                                                            "operator_rows_scanned": 0,
                                                                                            "operator_timing": 0.865008252,
                                                                                            "result_set_size": 306617562,
                                                                                            "children": [
                                                                                                {
                                                                                                    "operator_name": "READ_PARQUET ",
                                                                                                    "cpu_time": 0.32652115699999906,
                                                                                                    "extra_info": {
                                                                                                        "Function": "READ_PARQUET",
                                                                                                        "Projections": [
                                                                                                            "id",
                                                                                                            "postid",
                                                                                                            "votetypeid"
                                                                                                        ],
                                                                                                        "Estimated Cardinality": "12744093"
                                                                                                    },
                                                                                                    "cumulative_cardinality": 12744093,
                                                                                                    "operator_type": "TABLE_SCAN",
                                                                                                    "operator_cardinality": 12744093,
                                                                                                    "cumulative_rows_scanned": 12744093,
                                                                                                    "operator_rows_scanned": 12744093,
                                                                                                    "operator_timing": 0.32652115699999906,
                                                                                                    "result_set_size": 127440930,
                                                                                                    "children": []
                                                                                                },
                                                                                                {
                                                                                                    "operator_name": "PROJECTION",
                                                                                                    "cpu_time": 0.3114279790000001,
                                                                                                    "extra_info": {
                                                                                                        "Projections": [
                                                                                                            "#0",
                                                                                                            "__internal_compress_integral_utinyint(#1, 1)",
                                                                                                            "#2"
                                                                                                        ],
                                                                                                        "Estimated Cardinality": "3850116"
                                                                                                    },
                                                                                                    "cumulative_cardinality": 7700232,
                                                                                                    "operator_type": "PROJECTION",
                                                                                                    "operator_cardinality": 3850116,
                                                                                                    "cumulative_rows_scanned": 3850116,
                                                                                                    "operator_rows_scanned": 0,
                                                                                                    "operator_timing": 0.003199592999999995,
                                                                                                    "result_set_size": 80852436,
                                                                                                    "children": [
                                                                                                        {
                                                                                                            "operator_name": "READ_PARQUET ",
                                                                                                            "cpu_time": 0.3082283860000001,
                                                                                                            "extra_info": {
                                                                                                                "Function": "READ_PARQUET",
                                                                                                                "Projections": [
                                                                                                                    "id",
                                                                                                                    "posttypeid",
                                                                                                                    "title"
                                                                                                                ],
                                                                                                                "Estimated Cardinality": "3850116"
                                                                                                            },
                                                                                                            "cumulative_cardinality": 3850116,
                                                                                                            "operator_type": "TABLE_SCAN",
                                                                                                            "operator_cardinality": 3850116,
                                                                                                            "cumulative_rows_scanned": 3850116,
                                                                                                            "operator_rows_scanned": 3850116,
                                                                                                            "operator_timing": 0.3082283860000001,
                                                                                                            "result_set_size": 84702552,
                                                                                                            "children": []
                                                                                                        }
                                                                                                    ]
                                                                                                }
                                                                                            ]
                                                                                        }
                                                                                    ]
                                                                                }
                                                                            ]
                                                                        }
                                                                    ]
                                                                }
                                                            ]
                                                        }
                                                    ]
                                                },
                                                {
                                                    "operator_name": "HASH_GROUP_BY",
                                                    "cpu_time": 0.3460262790000002,
                                                    "extra_info": {
                                                        "Groups": "#0",
                                                        "Aggregates": "count_star()",
                                                        "Estimated Cardinality": "3620911"
                                                    },
                                                    "cumulative_cardinality": 16647316,
                                                    "operator_type": "HASH_GROUP_BY",
                                                    "operator_cardinality": 2163672,
                                                    "cumulative_rows_scanned": 7241822,
                                                    "operator_rows_scanned": 0,
                                                    "operator_timing": 0.23950657600000036,
                                                    "result_set_size": 25964064,
                                                    "children": [
                                                        {
                                                            "operator_name": "PROJECTION",
                                                            "cpu_time": 0.10651970299999984,
                                                            "extra_info": {
                                                                "Projections": "postid",
                                                                "Estimated Cardinality": "7241822"
                                                            },
                                                            "cumulative_cardinality": 14483644,
                                                            "operator_type": "PROJECTION",
                                                            "operator_cardinality": 7241822,
                                                            "cumulative_rows_scanned": 7241822,
                                                            "operator_rows_scanned": 0,
                                                            "operator_timing": 0.00041694499999999696,
                                                            "result_set_size": 28967288,
                                                            "children": [
                                                                {
                                                                    "operator_name": "READ_PARQUET ",
                                                                    "cpu_time": 0.10610275799999984,
                                                                    "extra_info": {
                                                                        "Function": "READ_PARQUET",
                                                                        "Projections": [
                                                                            "id",
                                                                            "postid"
                                                                        ],
                                                                        "Estimated Cardinality": "7241822"
                                                                    },
                                                                    "cumulative_cardinality": 7241822,
                                                                    "operator_type": "TABLE_SCAN",
                                                                    "operator_cardinality": 7241822,
                                                                    "cumulative_rows_scanned": 7241822,
                                                                    "operator_rows_scanned": 7241822,
                                                                    "operator_timing": 0.10610275799999984,
                                                                    "result_set_size": 57934576,
                                                                    "children": []
                                                                }
                                                            ]
                                                        }
                                                    ]
                                                }
                                            ]
                                        }
                                    ]
                                }
                            ]
                        }
                    ]
                }
            ]
        }
    ]
}