{
    "rows_returned": 100,
    "query_name": "SELECT \n    u.Id AS UserId,\n    u.DisplayName,\n    u.Reputation,\n    COUNT(DISTINCT p.Id) AS TotalPosts,\n    SUM(CASE WHEN p.PostTypeId = 1 THEN 1 ELSE 0 END) AS TotalQuestions,\n    SUM(CASE WHEN p.PostTypeId = 2 THEN 1 ELSE 0 END) AS TotalAnswers,\n    SUM(COALESCE(v.VoteCount, 0)) AS TotalVotes,\n    SUM(p.ViewCount) AS TotalViews,\n    MAX(p.CreationDate) AS LastPostDate\nFROM \n    Users u\nLEFT JOIN \n    Posts p ON u.Id = p.OwnerUserId\nLEFT JOIN \n    (SELECT \n         PostId, \n         COUNT(*) AS VoteCount \n     FROM \n         Votes \n     GROUP BY \n         PostId) v ON p.Id = v.PostId\nGROUP BY \n    u.Id, u.DisplayName, u.Reputation\nORDER BY \n    TotalPosts DESC\nLIMIT \n    100;",
    "blocked_thread_time": 0.0,
    "cpu_time": 3.2045931729999966,
    "extra_info": {},
    "cumulative_cardinality": 49387930,
    "cumulative_rows_scanned": 17854919,
    "result_set_size": 10400,
    "latency": 4.32038456,
    "children": [
        {
            "operator_name": "STREAMING_LIMIT",
            "cpu_time": 3.2045931729999966,
            "extra_info": {},
            "cumulative_cardinality": 49387930,
            "operator_type": "STREAMING_LIMIT",
            "operator_cardinality": 100,
            "cumulative_rows_scanned": 17854919,
            "operator_rows_scanned": 0,
            "operator_timing": 0.0000027260000000000002,
            "result_set_size": 10400,
            "children": [
                {
                    "operator_name": "ORDER_BY",
                    "cpu_time": 3.2045904469999966,
                    "extra_info": {
                        "Order By": "count(DISTINCT p.Id) DESC"
                    },
                    "cumulative_cardinality": 49387830,
                    "operator_type": "ORDER_BY",
                    "operator_cardinality": 4096,
                    "cumulative_rows_scanned": 17854919,
                    "operator_rows_scanned": 0,
                    "operator_timing": 0.06343140399999998,
                    "result_set_size": 425984,
                    "children": [
                        {
                            "operator_name": "HASH_GROUP_BY",
                            "cpu_time": 3.1411590429999965,
                            "extra_info": {
                                "Groups": [
                                    "#0",
                                    "#1",
                                    "#2"
                                ],
                                "Aggregates": [
                                    "count(DISTINCT #3)",
                                    "sum(#4)",
                                    "sum(#5)",
                                    "sum(#6)",
                                    "sum(#7)",
                                    "max(#8)"
                                ],
                                "Estimated Cardinality": "1260710"
                            },
                            "cumulative_cardinality": 49383734,
                            "operator_type": "HASH_GROUP_BY",
                            "operator_cardinality": 1260710,
                            "cumulative_rows_scanned": 17854919,
                            "operator_rows_scanned": 0,
                            "operator_timing": 1.4936134969999975,
                            "result_set_size": 131113840,
                            "children": [
                                {
                                    "operator_name": "PROJECTION",
                                    "cpu_time": 1.6475455459999988,
                                    "extra_info": {
                                        "Projections": [
                                            "id",
                                            "displayname",
                                            "reputation",
                                            "id",
                                            "CASE  WHEN ((posttypeid = 1)) THEN (1) ELSE 0 END",
                                            "CASE  WHEN ((posttypeid = 2)) THEN (1) ELSE 0 END",
                                            "COALESCE(VoteCount, 0)",
                                            "viewcount",
                                            "creationdate"
                                        ],
                                        "Estimated Cardinality": "6372046"
                                    },
                                    "cumulative_cardinality": 48123024,
                                    "operator_type": "PROJECTION",
                                    "operator_cardinality": 4574495,
                                    "cumulative_rows_scanned": 17854919,
                                    "operator_rows_scanned": 0,
                                    "operator_timing": 0.10064969400000016,
                                    "result_set_size": 256171720,
                                    "children": [
                                        {
                                            "operator_name": "HASH_JOIN",
                                            "cpu_time": 1.5468958519999987,
                                            "extra_info": {
                                                "Join Type": "LEFT",
                                                "Conditions": "id = postid",
                                                "Estimated Cardinality": "6372046"
                                            },
                                            "cumulative_cardinality": 43548529,
                                            "operator_type": "HASH_JOIN",
                                            "operator_cardinality": 4574495,
                                            "cumulative_rows_scanned": 17854919,
                                            "operator_rows_scanned": 0,
                                            "operator_timing": 0.4072131799999986,
                                            "result_set_size": 228724750,
                                            "children": [
                                                {
                                                    "operator_name": "HASH_JOIN",
                                                    "cpu_time": 0.5748267280000001,
                                                    "extra_info": {
                                                        "Join Type": "RIGHT",
                                                        "Conditions": "owneruserid = id",
                                                        "Estimated Cardinality": "3850116"
                                                    },
                                                    "cumulative_cardinality": 9520621,
                                                    "operator_type": "HASH_JOIN",
                                                    "operator_cardinality": 4574495,
                                                    "cumulative_rows_scanned": 5110826,
                                                    "operator_rows_scanned": 0,
                                                    "operator_timing": 0.2769678569999999,
                                                    "result_set_size": 192128790,
                                                    "children": [
                                                        {
                                                            "operator_name": "READ_PARQUET ",
                                                            "cpu_time": 0.21267236700000014,
                                                            "extra_info": {
                                                                "Function": "READ_PARQUET",
                                                                "Projections": [
                                                                    "id",
                                                                    "posttypeid",
                                                                    "creationdate",
                                                                    "viewcount",
                                                                    "owneruserid"
                                                                ],
                                                                "Estimated Cardinality": "3850116"
                                                            },
                                                            "cumulative_cardinality": 3685416,
                                                            "operator_type": "TABLE_SCAN",
                                                            "operator_cardinality": 3685416,
                                                            "cumulative_rows_scanned": 3850116,
                                                            "operator_rows_scanned": 3850116,
                                                            "operator_timing": 0.21267236700000014,
                                                            "result_set_size": 81079152,
                                                            "children": []
                                                        },
                                                        {
                                                            "operator_name": "READ_PARQUET ",
                                                            "cpu_time": 0.08518650400000005,
                                                            "extra_info": {
                                                                "Function": "READ_PARQUET",
                                                                "Projections": [
                                                                    "id",
                                                                    "reputation",
                                                                    "displayname"
                                                                ],
                                                                "Estimated Cardinality": "1260710"
                                                            },
                                                            "cumulative_cardinality": 1260710,
                                                            "operator_type": "TABLE_SCAN",
                                                            "operator_cardinality": 1260710,
                                                            "cumulative_rows_scanned": 1260710,
                                                            "operator_rows_scanned": 1260710,
                                                            "operator_timing": 0.08518650400000005,
                                                            "result_set_size": 30257040,
                                                            "children": []
                                                        }
                                                    ]
                                                },
                                                {
                                                    "operator_name": "HASH_GROUP_BY",
                                                    "cpu_time": 0.5648559439999999,
                                                    "extra_info": {
                                                        "Groups": "#0",
                                                        "Aggregates": "count_star()",
                                                        "Estimated Cardinality": "6372046"
                                                    },
                                                    "cumulative_cardinality": 29453413,
                                                    "operator_type": "HASH_GROUP_BY",
                                                    "operator_cardinality": 3965227,
                                                    "cumulative_rows_scanned": 12744093,
                                                    "operator_rows_scanned": 0,
                                                    "operator_timing": 0.4789102519999996,
                                                    "result_set_size": 47582724,
                                                    "children": [
                                                        {
                                                            "operator_name": "PROJECTION",
                                                            "cpu_time": 0.08594569200000035,
                                                            "extra_info": {
                                                                "Projections": "postid",
                                                                "Estimated Cardinality": "12744093"
                                                            },
                                                            "cumulative_cardinality": 25488186,
                                                            "operator_type": "PROJECTION",
                                                            "operator_cardinality": 12744093,
                                                            "cumulative_rows_scanned": 12744093,
                                                            "operator_rows_scanned": 0,
                                                            "operator_timing": 0.0007206919999999978,
                                                            "result_set_size": 50976372,
                                                            "children": [
                                                                {
                                                                    "operator_name": "READ_PARQUET ",
                                                                    "cpu_time": 0.08522500000000036,
                                                                    "extra_info": {
                                                                        "Function": "READ_PARQUET",
                                                                        "Projections": "postid",
                                                                        "Estimated Cardinality": "12744093"
                                                                    },
                                                                    "cumulative_cardinality": 12744093,
                                                                    "operator_type": "TABLE_SCAN",
                                                                    "operator_cardinality": 12744093,
                                                                    "cumulative_rows_scanned": 12744093,
                                                                    "operator_rows_scanned": 12744093,
                                                                    "operator_timing": 0.08522500000000036,
                                                                    "result_set_size": 50976372,
                                                                    "children": []
                                                                }
                                                            ]
                                                        }
                                                    ]
                                                }
                                            ]
                                        }
                                    ]
                                }
                            ]
                        }
                    ]
                }
            ]
        }
    ]
}