{
    "rows_returned": 39944,
    "query_name": "SELECT \n    p.PostTypeId,\n    COUNT(p.Id) AS TotalPosts,\n    SUM(CASE WHEN p.ANSWERCOUNT > 0 THEN 1 ELSE 0 END) AS TotalQuestionsWithAnswers,\n    AVG(p.Score) AS AvgScorePerPost,\n    SUM(c.CommentCount) AS TotalComments,\n    SUM(v.VoteCount) AS TotalVotes,\n    u.Reputation AS UserReputation,\n    u.DisplayName AS UserDisplayName\nFROM \n    Posts p\nJOIN \n    Users u ON p.OwnerUserId = u.Id\nLEFT JOIN \n    (SELECT PostId, COUNT(*) AS CommentCount\n     FROM Comments\n     GROUP BY PostId) c ON p.Id = c.PostId\nLEFT JOIN \n    (SELECT PostId, COUNT(*) AS VoteCount\n     FROM Votes\n     GROUP BY PostId) v ON p.Id = v.PostId\nWHERE \n    p.CreationDate >= '2023-01-01' AND \n    p.CreationDate < '2024-01-01' \nGROUP BY \n    p.PostTypeId, u.Reputation, u.DisplayName\nORDER BY \n    TotalPosts DESC;",
    "blocked_thread_time": 0.0,
    "cpu_time": 1.0538681019999998,
    "extra_info": {},
    "cumulative_cardinality": 48832551,
    "cumulative_rows_scanned": 25096741,
    "result_set_size": 3435184,
    "latency": 1.209815308,
    "children": [
        {
            "operator_name": "PROJECTION",
            "cpu_time": 1.0538681019999998,
            "extra_info": {
                "Projections": [
                    "__internal_decompress_integral_smallint(#0, 1)",
                    "#1",
                    "#2",
                    "#3",
                    "#4",
                    "#5",
                    "#6",
                    "#7"
                ],
                "Estimated Cardinality": "3850116"
            },
            "cumulative_cardinality": 48832551,
            "operator_type": "PROJECTION",
            "operator_cardinality": 39944,
            "cumulative_rows_scanned": 25096741,
            "operator_rows_scanned": 0,
            "operator_timing": 0.000016841000000000004,
            "result_set_size": 3435184,
            "children": [
                {
                    "operator_name": "ORDER_BY",
                    "cpu_time": 1.0538512609999997,
                    "extra_info": {
                        "Order By": "count(p.Id) DESC"
                    },
                    "cumulative_cardinality": 48792607,
                    "operator_type": "ORDER_BY",
                    "operator_cardinality": 39944,
                    "cumulative_rows_scanned": 25096741,
                    "operator_rows_scanned": 0,
                    "operator_timing": 0.0020650399999999998,
                    "result_set_size": 3395240,
                    "children": [
                        {
                            "operator_name": "PROJECTION",
                            "cpu_time": 1.0517862209999997,
                            "extra_info": {
                                "Projections": [
                                    "__internal_compress_integral_utinyint(#0, 1)",
                                    "#1",
                                    "#2",
                                    "#3",
                                    "#4",
                                    "#5",
                                    "#6",
                                    "#7"
                                ],
                                "Estimated Cardinality": "3850116"
                            },
                            "cumulative_cardinality": 48752663,
                            "operator_type": "PROJECTION",
                            "operator_cardinality": 39944,
                            "cumulative_rows_scanned": 25096741,
                            "operator_rows_scanned": 0,
                            "operator_timing": 0.000013083999999999997,
                            "result_set_size": 3395240,
                            "children": [
                                {
                                    "operator_name": "PROJECTION",
                                    "cpu_time": 1.0517731369999996,
                                    "extra_info": {
                                        "Projections": [
                                            "posttypeid",
                                            "TotalPosts",
                                            "TotalQuestionsWithAnswers",
                                            "AvgScorePerPost",
                                            "TotalComments",
                                            "TotalVotes",
                                            "UserReputation",
                                            "UserDisplayName"
                                        ],
                                        "Estimated Cardinality": "3850116"
                                    },
                                    "cumulative_cardinality": 48712719,
                                    "operator_type": "PROJECTION",
                                    "operator_cardinality": 39944,
                                    "cumulative_rows_scanned": 25096741,
                                    "operator_rows_scanned": 0,
                                    "operator_timing": 0.000006955,
                                    "result_set_size": 3435184,
                                    "children": [
                                        {
                                            "operator_name": "PROJECTION",
                                            "cpu_time": 1.0517661819999997,
                                            "extra_info": {
                                                "Projections": [
                                                    "__internal_decompress_integral_smallint(#0, 1)",
                                                    "#1",
                                                    "#2",
                                                    "#3",
                                                    "#4",
                                                    "#5",
                                                    "#6",
                                                    "#7"
                                                ],
                                                "Estimated Cardinality": "3850116"
                                            },
                                            "cumulative_cardinality": 48672775,
                                            "operator_type": "PROJECTION",
                                            "operator_cardinality": 39944,
                                            "cumulative_rows_scanned": 25096741,
                                            "operator_rows_scanned": 0,
                                            "operator_timing": 0.000015118,
                                            "result_set_size": 3435184,
                                            "children": [
                                                {
                                                    "operator_name": "HASH_GROUP_BY",
                                                    "cpu_time": 1.0517510639999996,
                                                    "extra_info": {
                                                        "Groups": [
                                                            "#0",
                                                            "#1",
                                                            "#2"
                                                        ],
                                                        "Aggregates": [
                                                            "count_star()",
                                                            "sum(#3)",
                                                            "avg(#4)",
                                                            "sum(#5)",
                                                            "sum(#6)"
                                                        ],
                                                        "Estimated Cardinality": "3850116"
                                                    },
                                                    "cumulative_cardinality": 48632831,
                                                    "operator_type": "HASH_GROUP_BY",
                                                    "operator_cardinality": 39944,
                                                    "cumulative_rows_scanned": 25096741,
                                                    "operator_rows_scanned": 0,
                                                    "operator_timing": 0.018856359000000003,
                                                    "result_set_size": 3395240,
                                                    "children": [
                                                        {
                                                            "operator_name": "PROJECTION",
                                                            "cpu_time": 1.0328947049999997,
                                                            "extra_info": {
                                                                "Projections": [
                                                                    "posttypeid",
                                                                    "reputation",
                                                                    "displayname",
                                                                    "CASE  WHEN ((answercount > 0)) THEN (1) ELSE 0 END",
                                                                    "score",
                                                                    "CommentCount",
                                                                    "VoteCount"
                                                                ],
                                                                "Estimated Cardinality": "6372046"
                                                            },
                                                            "cumulative_cardinality": 48592887,
                                                            "operator_type": "PROJECTION",
                                                            "operator_cardinality": 159008,
                                                            "cumulative_rows_scanned": 25096741,
                                                            "operator_rows_scanned": 0,
                                                            "operator_timing": 0.0008482289999999995,
                                                            "result_set_size": 7155360,
                                                            "children": [
                                                                {
                                                                    "operator_name": "PROJECTION",
                                                                    "cpu_time": 1.0320464759999997,
                                                                    "extra_info": {
                                                                        "Projections": [
                                                                            "#0",
                                                                            "#1",
                                                                            "#2",
                                                                            "#3",
                                                                            "#4",
                                                                            "__internal_compress_integral_utinyint(#5, 1)",
                                                                            "#6",
                                                                            "#7"
                                                                        ],
                                                                        "Estimated Cardinality": "6372046"
                                                                    },
                                                                    "cumulative_cardinality": 48433879,
                                                                    "operator_type": "PROJECTION",
                                                                    "operator_cardinality": 159008,
                                                                    "cumulative_rows_scanned": 25096741,
                                                                    "operator_rows_scanned": 0,
                                                                    "operator_timing": 0.00014711200000000005,
                                                                    "result_set_size": 7791392,
                                                                    "children": [
                                                                        {
                                                                            "operator_name": "PROJECTION",
                                                                            "cpu_time": 1.0318993639999996,
                                                                            "extra_info": {
                                                                                "Projections": [
                                                                                    "#0",
                                                                                    "#1",
                                                                                    "#2",
                                                                                    "#3",
                                                                                    "#4",
                                                                                    "__internal_decompress_integral_smallint(#5, 1)",
                                                                                    "__internal_decompress_integral_integer(#6, -72)",
                                                                                    "__internal_decompress_integral_integer(#7, 0)"
                                                                                ],
                                                                                "Estimated Cardinality": "6372046"
                                                                            },
                                                                            "cumulative_cardinality": 48274871,
                                                                            "operator_type": "PROJECTION",
                                                                            "operator_cardinality": 159008,
                                                                            "cumulative_rows_scanned": 25096741,
                                                                            "operator_rows_scanned": 0,
                                                                            "operator_timing": 0.000733456,
                                                                            "result_set_size": 7950400,
                                                                            "children": [
                                                                                {
                                                                                    "operator_name": "HASH_JOIN",
                                                                                    "cpu_time": 1.0311659079999995,
                                                                                    "extra_info": {
                                                                                        "Join Type": "RIGHT",
                                                                                        "Conditions": "postid = id",
                                                                                        "Estimated Cardinality": "6372046"
                                                                                    },
                                                                                    "cumulative_cardinality": 48115863,
                                                                                    "operator_type": "HASH_JOIN",
                                                                                    "operator_cardinality": 159008,
                                                                                    "cumulative_rows_scanned": 25096741,
                                                                                    "operator_rows_scanned": 0,
                                                                                    "operator_timing": 0.049069356999999966,
                                                                                    "result_set_size": 6996352,
                                                                                    "children": [
                                                                                        {
                                                                                            "operator_name": "HASH_GROUP_BY",
                                                                                            "cpu_time": 0.5396302789999996,
                                                                                            "extra_info": {
                                                                                                "Groups": "#0",
                                                                                                "Aggregates": "count_star()",
                                                                                                "Estimated Cardinality": "6372046"
                                                                                            },
                                                                                            "cumulative_cardinality": 29453413,
                                                                                            "operator_type": "HASH_GROUP_BY",
                                                                                            "operator_cardinality": 3965227,
                                                                                            "cumulative_rows_scanned": 12744093,
                                                                                            "operator_rows_scanned": 0,
                                                                                            "operator_timing": 0.4656870829999995,
                                                                                            "result_set_size": 47582724,
                                                                                            "children": [
                                                                                                {
                                                                                                    "operator_name": "PROJECTION",
                                                                                                    "cpu_time": 0.07394319600000007,
                                                                                                    "extra_info": {
                                                                                                        "Projections": "postid",
                                                                                                        "Estimated Cardinality": "12744093"
                                                                                                    },
                                                                                                    "cumulative_cardinality": 25488186,
                                                                                                    "operator_type": "PROJECTION",
                                                                                                    "operator_cardinality": 12744093,
                                                                                                    "cumulative_rows_scanned": 12744093,
                                                                                                    "operator_rows_scanned": 0,
                                                                                                    "operator_timing": 0.000671237999999999,
                                                                                                    "result_set_size": 50976372,
                                                                                                    "children": [
                                                                                                        {
                                                                                                            "operator_name": "READ_PARQUET ",
                                                                                                            "cpu_time": 0.07327195800000007,
                                                                                                            "extra_info": {
                                                                                                                "Function": "READ_PARQUET",
                                                                                                                "Projections": "postid",
                                                                                                                "Estimated Cardinality": "12744093"
                                                                                                            },
                                                                                                            "cumulative_cardinality": 12744093,
                                                                                                            "operator_type": "TABLE_SCAN",
                                                                                                            "operator_cardinality": 12744093,
                                                                                                            "cumulative_rows_scanned": 12744093,
                                                                                                            "operator_rows_scanned": 12744093,
                                                                                                            "operator_timing": 0.07327195800000007,
                                                                                                            "result_set_size": 50976372,
                                                                                                            "children": []
                                                                                                        }
                                                                                                    ]
                                                                                                }
                                                                                            ]
                                                                                        },
                                                                                        {
                                                                                            "operator_name": "PROJECTION",
                                                                                            "cpu_time": 0.44246627200000005,
                                                                                            "extra_info": {
                                                                                                "Projections": [
                                                                                                    "#0",
                                                                                                    "#1",
                                                                                                    "#2",
                                                                                                    "#3",
                                                                                                    "__internal_compress_integral_utinyint(#4, 1)",
                                                                                                    "__internal_compress_integral_usmallint(#5, -72)",
                                                                                                    "__internal_compress_integral_utinyint(#6, 0)"
                                                                                                ],
                                                                                                "Estimated Cardinality": "3620911"
                                                                                            },
                                                                                            "cumulative_cardinality": 18503442,
                                                                                            "operator_type": "PROJECTION",
                                                                                            "operator_cardinality": 159008,
                                                                                            "cumulative_rows_scanned": 12352648,
                                                                                            "operator_rows_scanned": 0,
                                                                                            "operator_timing": 0.0005603870000000001,
                                                                                            "result_set_size": 5724288,
                                                                                            "children": [
                                                                                                {
                                                                                                    "operator_name": "HASH_JOIN",
                                                                                                    "cpu_time": 0.44190588500000005,
                                                                                                    "extra_info": {
                                                                                                        "Join Type": "RIGHT",
                                                                                                        "Conditions": "postid = id",
                                                                                                        "Estimated Cardinality": "3620911"
                                                                                                    },
                                                                                                    "cumulative_cardinality": 18344434,
                                                                                                    "operator_type": "HASH_JOIN",
                                                                                                    "operator_cardinality": 159008,
                                                                                                    "cumulative_rows_scanned": 12352648,
                                                                                                    "operator_rows_scanned": 0,
                                                                                                    "operator_timing": 0.03752270399999999,
                                                                                                    "result_set_size": 6678336,
                                                                                                    "children": [
                                                                                                        {
                                                                                                            "operator_name": "HASH_GROUP_BY",
                                                                                                            "cpu_time": 0.2613595700000001,
                                                                                                            "extra_info": {
                                                                                                                "Groups": "#0",
                                                                                                                "Aggregates": "count_star()",
                                                                                                                "Estimated Cardinality": "3620911"
                                                                                                            },
                                                                                                            "cumulative_cardinality": 16647316,
                                                                                                            "operator_type": "HASH_GROUP_BY",
                                                                                                            "operator_cardinality": 2163672,
                                                                                                            "cumulative_rows_scanned": 7241822,
                                                                                                            "operator_rows_scanned": 0,
                                                                                                            "operator_timing": 0.221589228,
                                                                                                            "result_set_size": 25964064,
                                                                                                            "children": [
                                                                                                                {
                                                                                                                    "operator_name": "PROJECTION",
                                                                                                                    "cpu_time": 0.03977034200000009,
                                                                                                                    "extra_info": {
                                                                                                                        "Projections": "postid",
                                                                                                                        "Estimated Cardinality": "7241822"
                                                                                                                    },
                                                                                                                    "cumulative_cardinality": 14483644,
                                                                                                                    "operator_type": "PROJECTION",
                                                                                                                    "operator_cardinality": 7241822,
                                                                                                                    "cumulative_rows_scanned": 7241822,
                                                                                                                    "operator_rows_scanned": 0,
                                                                                                                    "operator_timing": 0.0003672770000000054,
                                                                                                                    "result_set_size": 28967288,
                                                                                                                    "children": [
                                                                                                                        {
                                                                                                                            "operator_name": "READ_PARQUET ",
                                                                                                                            "cpu_time": 0.039403065000000084,
                                                                                                                            "extra_info": {
                                                                                                                                "Function": "READ_PARQUET",
                                                                                                                                "Projections": "postid",
                                                                                                                                "Estimated Cardinality": "7241822"
                                                                                                                            },
                                                                                                                            "cumulative_cardinality": 7241822,
                                                                                                                            "operator_type": "TABLE_SCAN",
                                                                                                                            "operator_cardinality": 7241822,
                                                                                                                            "cumulative_rows_scanned": 7241822,
                                                                                                                            "operator_rows_scanned": 7241822,
                                                                                                                            "operator_timing": 0.039403065000000084,
                                                                                                                            "result_set_size": 28967288,
                                                                                                                            "children": []
                                                                                                                        }
                                                                                                                    ]
                                                                                                                }
                                                                                                            ]
                                                                                                        },
                                                                                                        {
                                                                                                            "operator_name": "HASH_JOIN",
                                                                                                            "cpu_time": 0.1430236109999999,
                                                                                                            "extra_info": {
                                                                                                                "Join Type": "INNER",
                                                                                                                "Conditions": "id = owneruserid",
                                                                                                                "Estimated Cardinality": "770023"
                                                                                                            },
                                                                                                            "cumulative_cardinality": 1538110,
                                                                                                            "operator_type": "HASH_JOIN",
                                                                                                            "operator_cardinality": 159008,
                                                                                                            "cumulative_rows_scanned": 5110826,
                                                                                                            "operator_rows_scanned": 0,
                                                                                                            "operator_timing": 0.023837655999999957,
                                                                                                            "result_set_size": 5406272,
                                                                                                            "children": [
                                                                                                                {
                                                                                                                    "operator_name": "READ_PARQUET ",
                                                                                                                    "cpu_time": 0.09108847099999996,
                                                                                                                    "extra_info": {
                                                                                                                        "Function": "READ_PARQUET",
                                                                                                                        "Projections": [
                                                                                                                            "id",
                                                                                                                            "reputation",
                                                                                                                            "displayname"
                                                                                                                        ],
                                                                                                                        "Filters": "id<=1416539",
                                                                                                                        "Estimated Cardinality": "1260710"
                                                                                                                    },
                                                                                                                    "cumulative_cardinality": 1217489,
                                                                                                                    "operator_type": "TABLE_SCAN",
                                                                                                                    "operator_cardinality": 1217489,
                                                                                                                    "cumulative_rows_scanned": 1260710,
                                                                                                                    "operator_rows_scanned": 1260710,
                                                                                                                    "operator_timing": 0.09108847099999996,
                                                                                                                    "result_set_size": 29219736,
                                                                                                                    "children": []
                                                                                                                },
                                                                                                                {
                                                                                                                    "operator_name": "READ_PARQUET ",
                                                                                                                    "cpu_time": 0.028097484000000002,
                                                                                                                    "extra_info": {
                                                                                                                        "Function": "READ_PARQUET",
                                                                                                                        "Projections": [
                                                                                                                            "id",
                                                                                                                            "posttypeid",
                                                                                                                            "score",
                                                                                                                            "owneruserid",
                                                                                                                            "answercount"
                                                                                                                        ],
                                                                                                                        "Filters": "creationdate>='2023-01-01 00:00:00'::TIMESTAMP AND creationdate<'2024-01-01 00:00:00'::TIMESTAMP",
                                                                                                                        "Estimated Cardinality": "770023"
                                                                                                                    },
                                                                                                                    "cumulative_cardinality": 161613,
                                                                                                                    "operator_type": "TABLE_SCAN",
                                                                                                                    "operator_cardinality": 161613,
                                                                                                                    "cumulative_rows_scanned": 3850116,
                                                                                                                    "operator_rows_scanned": 3850116,
                                                                                                                    "operator_timing": 0.028097484000000002,
                                                                                                                    "result_set_size": 2909034,
                                                                                                                    "children": []
                                                                                                                }
                                                                                                            ]
                                                                                                        }
                                                                                                    ]
                                                                                                }
                                                                                            ]
                                                                                        }
                                                                                    ]
                                                                                }
                                                                            ]
                                                                        }
                                                                    ]
                                                                }
                                                            ]
                                                        }
                                                    ]
                                                }
                                            ]
                                        }
                                    ]
                                }
                            ]
                        }
                    ]
                }
            ]
        }
    ]
}