{
    "rows_returned": 440693,
    "query_name": "\nSELECT \n    p.Id AS PostId,\n    p.Title,\n    p.CreationDate,\n    p.ViewCount,\n    u.DisplayName AS OwnerDisplayName,\n    COUNT(c.Id) AS CommentCount,\n    COUNT(v.Id) AS VoteCount,\n    AVG(CASE WHEN v.VoteTypeId = 2 THEN 1 ELSE 0 END) AS AverageUpVotes,\n    AVG(CASE WHEN v.VoteTypeId = 3 THEN 1 ELSE 0 END) AS AverageDownVotes,\n    COUNT(DISTINCT b.Id) AS BadgeCount\nFROM \n    Posts p\nJOIN \n    Users u ON p.OwnerUserId = u.Id\nLEFT JOIN \n    Comments c ON p.Id = c.PostId\nLEFT JOIN \n    Votes v ON p.Id = v.PostId\nLEFT JOIN \n    Badges b ON u.Id = b.UserId\nWHERE \n    p.CreationDate >= '2022-01-01' \nGROUP BY \n    p.Id, p.Title, p.CreationDate, p.ViewCount, u.DisplayName\nORDER BY \n    p.ViewCount DESC;\n",
    "blocked_thread_time": 0.0,
    "cpu_time": 40.01185808099958,
    "extra_info": {},
    "cumulative_cardinality": 647852895,
    "cumulative_rows_scanned": 27418465,
    "result_set_size": 38780984,
    "latency": 48.25737668,
    "children": [
        {
            "operator_name": "ORDER_BY",
            "cpu_time": 40.01185808099958,
            "extra_info": {
                "Order By": "p.ViewCount DESC"
            },
            "cumulative_cardinality": 647852895,
            "operator_type": "ORDER_BY",
            "operator_cardinality": 440693,
            "cumulative_rows_scanned": 27418465,
            "operator_rows_scanned": 0,
            "operator_timing": 0.03265663299999999,
            "result_set_size": 38780984,
            "children": [
                {
                    "operator_name": "HASH_GROUP_BY",
                    "cpu_time": 39.97920144799958,
                    "extra_info": {
                        "Groups": [
                            "#0",
                            "#1",
                            "#2",
                            "#3",
                            "#4"
                        ],
                        "Aggregates": [
                            "count(#5)",
                            "count(#6)",
                            "avg(#7)",
                            "avg(#8)",
                            "count(DISTINCT #9)"
                        ],
                        "Estimated Cardinality": "3850116"
                    },
                    "cumulative_cardinality": 647412202,
                    "operator_type": "HASH_GROUP_BY",
                    "operator_cardinality": 440693,
                    "cumulative_rows_scanned": 27418465,
                    "operator_rows_scanned": 0,
                    "operator_timing": 33.55609403599964,
                    "result_set_size": 38780984,
                    "children": [
                        {
                            "operator_name": "PROJECTION",
                            "cpu_time": 6.423107411999934,
                            "extra_info": {
                                "Projections": [
                                    "id",
                                    "title",
                                    "creationdate",
                                    "viewcount",
                                    "displayname",
                                    "id",
                                    "id",
                                    "CASE  WHEN ((votetypeid = 2)) THEN (1) ELSE 0 END",
                                    "CASE  WHEN ((votetypeid = 3)) THEN (1) ELSE 0 END",
                                    "id"
                                ],
                                "Estimated Cardinality": "12744093"
                            },
                            "cumulative_cardinality": 646971509,
                            "operator_type": "PROJECTION",
                            "operator_cardinality": 304627320,
                            "cumulative_rows_scanned": 27418465,
                            "operator_rows_scanned": 0,
                            "operator_timing": 1.521402680999942,
                            "result_set_size": 20714657760,
                            "children": [
                                {
                                    "operator_name": "HASH_JOIN",
                                    "cpu_time": 4.901704730999992,
                                    "extra_info": {
                                        "Join Type": "LEFT",
                                        "Conditions": "id = userid",
                                        "Estimated Cardinality": "12744093"
                                    },
                                    "cumulative_cardinality": 342344189,
                                    "operator_type": "HASH_JOIN",
                                    "operator_cardinality": 304627320,
                                    "cumulative_rows_scanned": 27418465,
                                    "operator_rows_scanned": 0,
                                    "operator_timing": 3.7002033859999908,
                                    "result_set_size": 18886893840,
                                    "children": [
                                        {
                                            "operator_name": "PROJECTION",
                                            "cpu_time": 1.1790339040000009,
                                            "extra_info": {
                                                "Projections": [
                                                    "#0",
                                                    "#1",
                                                    "#2",
                                                    "#3",
                                                    "#4",
                                                    "#5",
                                                    "#6",
                                                    "#7",
                                                    "__internal_decompress_integral_smallint(#8, 1)"
                                                ],
                                                "Estimated Cardinality": "12744093"
                                            },
                                            "cumulative_cardinality": 35395145,
                                            "operator_type": "PROJECTION",
                                            "operator_cardinality": 2871769,
                                            "cumulative_rows_scanned": 25096741,
                                            "operator_rows_scanned": 0,
                                            "operator_timing": 0.0029745399999999986,
                                            "result_set_size": 178049678,
                                            "children": [
                                                {
                                                    "operator_name": "HASH_JOIN",
                                                    "cpu_time": 1.1760593640000008,
                                                    "extra_info": {
                                                        "Join Type": "LEFT",
                                                        "Conditions": "id = postid",
                                                        "Estimated Cardinality": "12744093"
                                                    },
                                                    "cumulative_cardinality": 32523376,
                                                    "operator_type": "HASH_JOIN",
                                                    "operator_cardinality": 2871769,
                                                    "cumulative_rows_scanned": 25096741,
                                                    "operator_rows_scanned": 0,
                                                    "operator_timing": 0.5926658109999999,
                                                    "result_set_size": 175177909,
                                                    "children": [
                                                        {
                                                            "operator_name": "HASH_JOIN",
                                                            "cpu_time": 0.39355454600000006,
                                                            "extra_info": {
                                                                "Join Type": "RIGHT",
                                                                "Conditions": "postid = id",
                                                                "Estimated Cardinality": "7241822"
                                                            },
                                                            "cumulative_cardinality": 4163421,
                                                            "operator_type": "HASH_JOIN",
                                                            "operator_cardinality": 1085935,
                                                            "cumulative_rows_scanned": 12352648,
                                                            "operator_rows_scanned": 0,
                                                            "operator_timing": 0.11396496300000009,
                                                            "result_set_size": 60812360,
                                                            "children": [
                                                                {
                                                                    "operator_name": "READ_PARQUET ",
                                                                    "cpu_time": 0.03235047799999998,
                                                                    "extra_info": {
                                                                        "Function": "READ_PARQUET",
                                                                        "Projections": [
                                                                            "id",
                                                                            "postid"
                                                                        ],
                                                                        "Estimated Cardinality": "7241822"
                                                                    },
                                                                    "cumulative_cardinality": 926602,
                                                                    "operator_type": "TABLE_SCAN",
                                                                    "operator_cardinality": 926602,
                                                                    "cumulative_rows_scanned": 7241822,
                                                                    "operator_rows_scanned": 7241822,
                                                                    "operator_timing": 0.03235047799999998,
                                                                    "result_set_size": 7412816,
                                                                    "children": []
                                                                },
                                                                {
                                                                    "operator_name": "HASH_JOIN",
                                                                    "cpu_time": 0.24723910500000001,
                                                                    "extra_info": {
                                                                        "Join Type": "INNER",
                                                                        "Conditions": "id = owneruserid",
                                                                        "Estimated Cardinality": "770023"
                                                                    },
                                                                    "cumulative_cardinality": 2150884,
                                                                    "operator_type": "HASH_JOIN",
                                                                    "operator_cardinality": 440693,
                                                                    "cumulative_rows_scanned": 5110826,
                                                                    "operator_rows_scanned": 0,
                                                                    "operator_timing": 0.083792031,
                                                                    "result_set_size": 22916036,
                                                                    "children": [
                                                                        {
                                                                            "operator_name": "READ_PARQUET ",
                                                                            "cpu_time": 0.08598154900000005,
                                                                            "extra_info": {
                                                                                "Function": "READ_PARQUET",
                                                                                "Projections": [
                                                                                    "id",
                                                                                    "displayname"
                                                                                ],
                                                                                "Filters": "id<=1416539",
                                                                                "Estimated Cardinality": "1260710"
                                                                            },
                                                                            "cumulative_cardinality": 1260679,
                                                                            "operator_type": "TABLE_SCAN",
                                                                            "operator_cardinality": 1260679,
                                                                            "cumulative_rows_scanned": 1260710,
                                                                            "operator_rows_scanned": 1260710,
                                                                            "operator_timing": 0.08598154900000005,
                                                                            "result_set_size": 25213580,
                                                                            "children": []
                                                                        },
                                                                        {
                                                                            "operator_name": "READ_PARQUET ",
                                                                            "cpu_time": 0.07746552499999998,
                                                                            "extra_info": {
                                                                                "Function": "READ_PARQUET",
                                                                                "Projections": [
                                                                                    "id",
                                                                                    "creationdate",
                                                                                    "viewcount",
                                                                                    "owneruserid",
                                                                                    "title"
                                                                                ],
                                                                                "Filters": "creationdate>='2022-01-01 00:00:00'::TIMESTAMP",
                                                                                "Estimated Cardinality": "770023"
                                                                            },
                                                                            "cumulative_cardinality": 449512,
                                                                            "operator_type": "TABLE_SCAN",
                                                                            "operator_cardinality": 449512,
                                                                            "cumulative_rows_scanned": 3850116,
                                                                            "operator_rows_scanned": 3850116,
                                                                            "operator_timing": 0.07746552499999998,
                                                                            "result_set_size": 16182432,
                                                                            "children": []
                                                                        }
                                                                    ]
                                                                }
                                                            ]
                                                        },
                                                        {
                                                            "operator_name": "PROJECTION",
                                                            "cpu_time": 0.18983900700000078,
                                                            "extra_info": {
                                                                "Projections": [
                                                                    "#0",
                                                                    "#1",
                                                                    "__internal_compress_integral_utinyint(#2, 1)"
                                                                ],
                                                                "Estimated Cardinality": "12744093"
                                                            },
                                                            "cumulative_cardinality": 25488186,
                                                            "operator_type": "PROJECTION",
                                                            "operator_cardinality": 12744093,
                                                            "cumulative_rows_scanned": 12744093,
                                                            "operator_rows_scanned": 0,
                                                            "operator_timing": 0.0036792550000000128,
                                                            "result_set_size": 114696837,
                                                            "children": [
                                                                {
                                                                    "operator_name": "READ_PARQUET ",
                                                                    "cpu_time": 0.18615975200000076,
                                                                    "extra_info": {
                                                                        "Function": "READ_PARQUET",
                                                                        "Projections": [
                                                                            "id",
                                                                            "postid",
                                                                            "votetypeid"
                                                                        ],
                                                                        "Estimated Cardinality": "12744093"
                                                                    },
                                                                    "cumulative_cardinality": 12744093,
                                                                    "operator_type": "TABLE_SCAN",
                                                                    "operator_cardinality": 12744093,
                                                                    "cumulative_rows_scanned": 12744093,
                                                                    "operator_rows_scanned": 12744093,
                                                                    "operator_timing": 0.18615975200000076,
                                                                    "result_set_size": 127440930,
                                                                    "children": []
                                                                }
                                                            ]
                                                        }
                                                    ]
                                                }
                                            ]
                                        },
                                        {
                                            "operator_name": "READ_PARQUET ",
                                            "cpu_time": 0.022467441,
                                            "extra_info": {
                                                "Function": "READ_PARQUET",
                                                "Projections": [
                                                    "id",
                                                    "userid"
                                                ],
                                                "Estimated Cardinality": "2321724"
                                            },
                                            "cumulative_cardinality": 2321724,
                                            "operator_type": "TABLE_SCAN",
                                            "operator_cardinality": 2321724,
                                            "cumulative_rows_scanned": 2321724,
                                            "operator_rows_scanned": 2321724,
                                            "operator_timing": 0.022467441,
                                            "result_set_size": 18573792,
                                            "children": []
                                        }
                                    ]
                                }
                            ]
                        }
                    ]
                }
            ]
        }
    ]
}