{
    "rows_returned": 1260710,
    "query_name": "\nWITH UserActivity AS (\n    SELECT \n        u.Id AS UserId,\n        u.DisplayName,\n        COUNT(DISTINCT p.Id) AS PostCount,\n        SUM(CASE WHEN p.PostTypeId = 1 THEN 1 ELSE 0 END) AS QuestionCount,\n        SUM(CASE WHEN p.PostTypeId = 2 THEN 1 ELSE 0 END) AS AnswerCount,\n        SUM(CASE WHEN c.Id IS NOT NULL THEN 1 ELSE 0 END) AS CommentCount,\n        SUM(CASE WHEN v.VoteTypeId = 2 THEN 1 ELSE 0 END) AS UpVoteCount,\n        SUM(CASE WHEN v.VoteTypeId = 3 THEN 1 ELSE 0 END) AS DownVoteCount\n    FROM \n        Users u\n    LEFT JOIN \n        Posts p ON u.Id = p.OwnerUserId\n    LEFT JOIN \n        Comments c ON p.Id = c.PostId\n    LEFT JOIN \n        Votes v ON p.Id = v.PostId\n    GROUP BY \n        u.Id, u.DisplayName\n)\n\nSELECT \n    ua.UserId,\n    ua.DisplayName,\n    ua.PostCount,\n    ua.QuestionCount,\n    ua.AnswerCount,\n    ua.CommentCount,\n    ua.UpVoteCount,\n    ua.DownVoteCount,\n    u.Reputation,\n    u.CreationDate AS UserCreatedDate,\n    u.LastAccessDate\nFROM \n    UserActivity ua\nJOIN \n    Users u ON ua.UserId = u.Id\nORDER BY \n    ua.PostCount DESC, \n    ua.UpVoteCount DESC;\n",
    "blocked_thread_time": 0.0,
    "cpu_time": 7.083306506999993,
    "extra_info": {},
    "cumulative_cardinality": 170761108,
    "cumulative_rows_scanned": 26357451,
    "result_set_size": 161370880,
    "latency": 12.752308885,
    "children": [
        {
            "operator_name": "ORDER_BY",
            "cpu_time": 7.083306506999993,
            "extra_info": {
                "Order By": [
                    "ua.PostCount DESC",
                    "ua.UpVoteCount DESC"
                ]
            },
            "cumulative_cardinality": 170761108,
            "operator_type": "ORDER_BY",
            "operator_cardinality": 1260710,
            "cumulative_rows_scanned": 26357451,
            "operator_rows_scanned": 0,
            "operator_timing": 0.11025005600000015,
            "result_set_size": 161370880,
            "children": [
                {
                    "operator_name": "HASH_JOIN",
                    "cpu_time": 6.9730564509999935,
                    "extra_info": {
                        "Join Type": "INNER",
                        "Conditions": "UserId = id",
                        "Estimated Cardinality": "1260710"
                    },
                    "cumulative_cardinality": 169500398,
                    "operator_type": "HASH_JOIN",
                    "operator_cardinality": 1260710,
                    "cumulative_rows_scanned": 26357451,
                    "operator_rows_scanned": 0,
                    "operator_timing": 0.112017566,
                    "result_set_size": 161370880,
                    "children": [
                        {
                            "operator_name": "HASH_GROUP_BY",
                            "cpu_time": 6.821112514999994,
                            "extra_info": {
                                "Groups": [
                                    "#0",
                                    "#1"
                                ],
                                "Aggregates": [
                                    "count(DISTINCT #2)",
                                    "sum(#3)",
                                    "sum(#4)",
                                    "sum(#5)",
                                    "sum(#6)",
                                    "sum(#7)"
                                ],
                                "Estimated Cardinality": "1260710"
                            },
                            "cumulative_cardinality": 166978978,
                            "operator_type": "HASH_GROUP_BY",
                            "operator_cardinality": 1260710,
                            "cumulative_rows_scanned": 25096741,
                            "operator_rows_scanned": 0,
                            "operator_timing": 3.3998688069999887,
                            "result_set_size": 136156680,
                            "children": [
                                {
                                    "operator_name": "PROJECTION",
                                    "cpu_time": 3.421243708000005,
                                    "extra_info": {
                                        "Projections": [
                                            "id",
                                            "displayname",
                                            "id",
                                            "CASE  WHEN ((posttypeid = 1)) THEN (1) ELSE 0 END",
                                            "CASE  WHEN ((posttypeid = 2)) THEN (1) ELSE 0 END",
                                            "CASE  WHEN ((id IS NOT NULL)) THEN (1) ELSE 0 END",
                                            "CASE  WHEN ((votetypeid = 2)) THEN (1) ELSE 0 END",
                                            "CASE  WHEN ((votetypeid = 3)) THEN (1) ELSE 0 END"
                                        ],
                                        "Estimated Cardinality": "12744093"
                                    },
                                    "cumulative_cardinality": 165718268,
                                    "operator_type": "PROJECTION",
                                    "operator_cardinality": 34453569,
                                    "cumulative_rows_scanned": 25096741,
                                    "operator_rows_scanned": 0,
                                    "operator_timing": 0.4474594910000006,
                                    "result_set_size": 1515957036,
                                    "children": [
                                        {
                                            "operator_name": "PROJECTION",
                                            "cpu_time": 2.9737842170000044,
                                            "extra_info": {
                                                "Projections": [
                                                    "#0",
                                                    "#1",
                                                    "#2",
                                                    "__internal_decompress_integral_smallint(#3, 1)",
                                                    "#4",
                                                    "#5"
                                                ],
                                                "Estimated Cardinality": "12744093"
                                            },
                                            "cumulative_cardinality": 131264699,
                                            "operator_type": "PROJECTION",
                                            "operator_cardinality": 34453569,
                                            "cumulative_rows_scanned": 25096741,
                                            "operator_rows_scanned": 0,
                                            "operator_timing": 0.01825741599999946,
                                            "result_set_size": 1102514208,
                                            "children": [
                                                {
                                                    "operator_name": "HASH_JOIN",
                                                    "cpu_time": 2.955526801000005,
                                                    "extra_info": {
                                                        "Join Type": "RIGHT",
                                                        "Conditions": "postid = id",
                                                        "Estimated Cardinality": "12744093"
                                                    },
                                                    "cumulative_cardinality": 96811130,
                                                    "operator_type": "HASH_JOIN",
                                                    "operator_cardinality": 34453569,
                                                    "cumulative_rows_scanned": 25096741,
                                                    "operator_rows_scanned": 0,
                                                    "operator_timing": 1.600930176000006,
                                                    "result_set_size": 1068060639,
                                                    "children": [
                                                        {
                                                            "operator_name": "READ_PARQUET ",
                                                            "cpu_time": 0.22168535000000028,
                                                            "extra_info": {
                                                                "Function": "READ_PARQUET",
                                                                "Projections": [
                                                                    "postid",
                                                                    "votetypeid"
                                                                ],
                                                                "Estimated Cardinality": "12744093"
                                                            },
                                                            "cumulative_cardinality": 12744093,
                                                            "operator_type": "TABLE_SCAN",
                                                            "operator_cardinality": 12744093,
                                                            "cumulative_rows_scanned": 12744093,
                                                            "operator_rows_scanned": 12744093,
                                                            "operator_timing": 0.22168535000000028,
                                                            "result_set_size": 76464558,
                                                            "children": []
                                                        },
                                                        {
                                                            "operator_name": "PROJECTION",
                                                            "cpu_time": 1.1329112749999988,
                                                            "extra_info": {
                                                                "Projections": [
                                                                    "#0",
                                                                    "#1",
                                                                    "__internal_compress_integral_utinyint(#2, 1)",
                                                                    "#3",
                                                                    "#4"
                                                                ],
                                                                "Estimated Cardinality": "7241822"
                                                            },
                                                            "cumulative_cardinality": 49613468,
                                                            "operator_type": "PROJECTION",
                                                            "operator_cardinality": 9425510,
                                                            "cumulative_rows_scanned": 12352648,
                                                            "operator_rows_scanned": 0,
                                                            "operator_timing": 0.003267143000000009,
                                                            "result_set_size": 273339790,
                                                            "children": [
                                                                {
                                                                    "operator_name": "PROJECTION",
                                                                    "cpu_time": 1.1296441319999988,
                                                                    "extra_info": {
                                                                        "Projections": [
                                                                            "#0",
                                                                            "#1",
                                                                            "__internal_decompress_integral_smallint(#2, 1)",
                                                                            "#3",
                                                                            "#4"
                                                                        ],
                                                                        "Estimated Cardinality": "7241822"
                                                                    },
                                                                    "cumulative_cardinality": 40187958,
                                                                    "operator_type": "PROJECTION",
                                                                    "operator_cardinality": 9425510,
                                                                    "cumulative_rows_scanned": 12352648,
                                                                    "operator_rows_scanned": 0,
                                                                    "operator_timing": 0.004939481000000004,
                                                                    "result_set_size": 282765300,
                                                                    "children": [
                                                                        {
                                                                            "operator_name": "HASH_JOIN",
                                                                            "cpu_time": 1.1247046509999987,
                                                                            "extra_info": {
                                                                                "Join Type": "RIGHT",
                                                                                "Conditions": "postid = id",
                                                                                "Estimated Cardinality": "7241822"
                                                                            },
                                                                            "cumulative_cardinality": 30762448,
                                                                            "operator_type": "HASH_JOIN",
                                                                            "operator_cardinality": 9425510,
                                                                            "cumulative_rows_scanned": 12352648,
                                                                            "operator_rows_scanned": 0,
                                                                            "operator_timing": 0.5944463679999982,
                                                                            "result_set_size": 273339790,
                                                                            "children": [
                                                                                {
                                                                                    "operator_name": "READ_PARQUET ",
                                                                                    "cpu_time": 0.1190590529999999,
                                                                                    "extra_info": {
                                                                                        "Function": "READ_PARQUET",
                                                                                        "Projections": [
                                                                                            "id",
                                                                                            "postid"
                                                                                        ],
                                                                                        "Estimated Cardinality": "7241822"
                                                                                    },
                                                                                    "cumulative_cardinality": 7241822,
                                                                                    "operator_type": "TABLE_SCAN",
                                                                                    "operator_cardinality": 7241822,
                                                                                    "cumulative_rows_scanned": 7241822,
                                                                                    "operator_rows_scanned": 7241822,
                                                                                    "operator_timing": 0.1190590529999999,
                                                                                    "result_set_size": 57934576,
                                                                                    "children": []
                                                                                },
                                                                                {
                                                                                    "operator_name": "PROJECTION",
                                                                                    "cpu_time": 0.41119923000000075,
                                                                                    "extra_info": {
                                                                                        "Projections": [
                                                                                            "#0",
                                                                                            "__internal_compress_integral_utinyint(#1, 1)",
                                                                                            "#2",
                                                                                            "#3"
                                                                                        ],
                                                                                        "Estimated Cardinality": "3850116"
                                                                                    },
                                                                                    "cumulative_cardinality": 14095116,
                                                                                    "operator_type": "PROJECTION",
                                                                                    "operator_cardinality": 4574495,
                                                                                    "cumulative_rows_scanned": 5110826,
                                                                                    "operator_rows_scanned": 0,
                                                                                    "operator_timing": 0.0031962839999999963,
                                                                                    "result_set_size": 114362375,
                                                                                    "children": [
                                                                                        {
                                                                                            "operator_name": "HASH_JOIN",
                                                                                            "cpu_time": 0.40800294600000075,
                                                                                            "extra_info": {
                                                                                                "Join Type": "RIGHT",
                                                                                                "Conditions": "owneruserid = id",
                                                                                                "Estimated Cardinality": "3850116"
                                                                                            },
                                                                                            "cumulative_cardinality": 9520621,
                                                                                            "operator_type": "HASH_JOIN",
                                                                                            "operator_cardinality": 4574495,
                                                                                            "cumulative_rows_scanned": 5110826,
                                                                                            "operator_rows_scanned": 0,
                                                                                            "operator_timing": 0.23083447800000037,
                                                                                            "result_set_size": 118936870,
                                                                                            "children": [
                                                                                                {
                                                                                                    "operator_name": "READ_PARQUET ",
                                                                                                    "cpu_time": 0.10178121100000044,
                                                                                                    "extra_info": {
                                                                                                        "Function": "READ_PARQUET",
                                                                                                        "Projections": [
                                                                                                            "id",
                                                                                                            "posttypeid",
                                                                                                            "owneruserid"
                                                                                                        ],
                                                                                                        "Estimated Cardinality": "3850116"
                                                                                                    },
                                                                                                    "cumulative_cardinality": 3685416,
                                                                                                    "operator_type": "TABLE_SCAN",
                                                                                                    "operator_cardinality": 3685416,
                                                                                                    "cumulative_rows_scanned": 3850116,
                                                                                                    "operator_rows_scanned": 3850116,
                                                                                                    "operator_timing": 0.10178121100000044,
                                                                                                    "result_set_size": 36854160,
                                                                                                    "children": []
                                                                                                },
                                                                                                {
                                                                                                    "operator_name": "READ_PARQUET ",
                                                                                                    "cpu_time": 0.07538725699999996,
                                                                                                    "extra_info": {
                                                                                                        "Function": "READ_PARQUET",
                                                                                                        "Projections": [
                                                                                                            "id",
                                                                                                            "displayname"
                                                                                                        ],
                                                                                                        "Estimated Cardinality": "1260710"
                                                                                                    },
                                                                                                    "cumulative_cardinality": 1260710,
                                                                                                    "operator_type": "TABLE_SCAN",
                                                                                                    "operator_cardinality": 1260710,
                                                                                                    "cumulative_rows_scanned": 1260710,
                                                                                                    "operator_rows_scanned": 1260710,
                                                                                                    "operator_timing": 0.07538725699999996,
                                                                                                    "result_set_size": 25214200,
                                                                                                    "children": []
                                                                                                }
                                                                                            ]
                                                                                        }
                                                                                    ]
                                                                                }
                                                                            ]
                                                                        }
                                                                    ]
                                                                }
                                                            ]
                                                        }
                                                    ]
                                                }
                                            ]
                                        }
                                    ]
                                }
                            ]
                        },
                        {
                            "operator_name": "READ_PARQUET ",
                            "cpu_time": 0.03992637000000002,
                            "extra_info": {
                                "Function": "READ_PARQUET",
                                "Projections": [
                                    "id",
                                    "reputation",
                                    "creationdate",
                                    "lastaccessdate"
                                ],
                                "Estimated Cardinality": "1260710"
                            },
                            "cumulative_cardinality": 1260710,
                            "operator_type": "TABLE_SCAN",
                            "operator_cardinality": 1260710,
                            "cumulative_rows_scanned": 1260710,
                            "operator_rows_scanned": 1260710,
                            "operator_timing": 0.03992637000000002,
                            "result_set_size": 30257040,
                            "children": []
                        }
                    ]
                }
            ]
        }
    ]
}