{
    "rows_returned": 8,
    "query_name": "SELECT \n    pt.Name AS PostType,\n    COUNT(p.Id) AS TotalPosts,\n    AVG(COALESCE(p.Score, 0)) AS AverageScore,\n    COUNT(v.Id) AS TotalVotes,\n    COUNT(DISTINCT u.Id) AS UniqueUsers\nFROM \n    PostTypes pt\nLEFT JOIN \n    Posts p ON p.PostTypeId = pt.Id\nLEFT JOIN \n    Votes v ON v.PostId = p.Id\nLEFT JOIN \n    Users u ON u.Id = p.OwnerUserId\nGROUP BY \n    pt.Name\nORDER BY \n    TotalPosts DESC;",
    "blocked_thread_time": 0.0,
    "cpu_time": 2.1887764589999867,
    "extra_info": {},
    "cumulative_cardinality": 70980005,
    "cumulative_rows_scanned": 17854927,
    "result_set_size": 384,
    "latency": 2.491850365,
    "children": [
        {
            "operator_name": "ORDER_BY",
            "cpu_time": 2.1887764589999867,
            "extra_info": {
                "Order By": "count(p.Id) DESC"
            },
            "cumulative_cardinality": 70980005,
            "operator_type": "ORDER_BY",
            "operator_cardinality": 8,
            "cumulative_rows_scanned": 17854927,
            "operator_rows_scanned": 0,
            "operator_timing": 0.000025917999999999998,
            "result_set_size": 384,
            "children": [
                {
                    "operator_name": "HASH_GROUP_BY",
                    "cpu_time": 2.188750540999987,
                    "extra_info": {
                        "Groups": "#0",
                        "Aggregates": [
                            "count(#1)",
                            "avg(#2)",
                            "count(#3)",
                            "count(DISTINCT #4)"
                        ],
                        "Estimated Cardinality": "8"
                    },
                    "cumulative_cardinality": 70979997,
                    "operator_type": "HASH_GROUP_BY",
                    "operator_cardinality": 8,
                    "cumulative_rows_scanned": 17854927,
                    "operator_rows_scanned": 0,
                    "operator_timing": 0.5873975229999998,
                    "result_set_size": 384,
                    "children": [
                        {
                            "operator_name": "PROJECTION",
                            "cpu_time": 1.6013530179999869,
                            "extra_info": {
                                "Projections": [
                                    "name",
                                    "id",
                                    "COALESCE(score, 0)",
                                    "id",
                                    "id"
                                ],
                                "Estimated Cardinality": "12744093"
                            },
                            "cumulative_cardinality": 70979989,
                            "operator_type": "PROJECTION",
                            "operator_cardinality": 11356207,
                            "cumulative_rows_scanned": 17854927,
                            "operator_rows_scanned": 0,
                            "operator_timing": 0.0828474800000003,
                            "result_set_size": 363398624,
                            "children": [
                                {
                                    "operator_name": "HASH_JOIN",
                                    "cpu_time": 1.5185055379999866,
                                    "extra_info": {
                                        "Join Type": "LEFT",
                                        "Conditions": "owneruserid = id",
                                        "Estimated Cardinality": "12744093"
                                    },
                                    "cumulative_cardinality": 59623782,
                                    "operator_type": "HASH_JOIN",
                                    "operator_cardinality": 11356207,
                                    "cumulative_rows_scanned": 17854927,
                                    "operator_rows_scanned": 0,
                                    "operator_timing": 0.3763686179999938,
                                    "result_set_size": 363398624,
                                    "children": [
                                        {
                                            "operator_name": "PROJECTION",
                                            "cpu_time": 1.1357956249999928,
                                            "extra_info": {
                                                "Projections": [
                                                    "#0",
                                                    "#1",
                                                    "__internal_decompress_integral_integer(#2, -72)",
                                                    "#3",
                                                    "#4"
                                                ],
                                                "Estimated Cardinality": "12744093"
                                            },
                                            "cumulative_cardinality": 47006865,
                                            "operator_type": "PROJECTION",
                                            "operator_cardinality": 11356207,
                                            "cumulative_rows_scanned": 16594217,
                                            "operator_rows_scanned": 0,
                                            "operator_timing": 0.008073335999999978,
                                            "result_set_size": 363398624,
                                            "children": [
                                                {
                                                    "operator_name": "HASH_JOIN",
                                                    "cpu_time": 1.1277222889999927,
                                                    "extra_info": {
                                                        "Join Type": "RIGHT",
                                                        "Conditions": "postid = id",
                                                        "Estimated Cardinality": "12744093"
                                                    },
                                                    "cumulative_cardinality": 35650658,
                                                    "operator_type": "HASH_JOIN",
                                                    "operator_cardinality": 11356207,
                                                    "cumulative_rows_scanned": 16594217,
                                                    "operator_rows_scanned": 0,
                                                    "operator_timing": 0.7328553259999928,
                                                    "result_set_size": 340686210,
                                                    "children": [
                                                        {
                                                            "operator_name": "READ_PARQUET ",
                                                            "cpu_time": 0.20621439799999983,
                                                            "extra_info": {
                                                                "Function": "READ_PARQUET",
                                                                "Projections": [
                                                                    "id",
                                                                    "postid"
                                                                ],
                                                                "Estimated Cardinality": "12744093"
                                                            },
                                                            "cumulative_cardinality": 12744093,
                                                            "operator_type": "TABLE_SCAN",
                                                            "operator_cardinality": 12744093,
                                                            "cumulative_rows_scanned": 12744093,
                                                            "operator_rows_scanned": 12744093,
                                                            "operator_timing": 0.20621439799999983,
                                                            "result_set_size": 101952744,
                                                            "children": []
                                                        },
                                                        {
                                                            "operator_name": "PROJECTION",
                                                            "cpu_time": 0.18865256499999997,
                                                            "extra_info": {
                                                                "Projections": [
                                                                    "#0",
                                                                    "__internal_compress_integral_usmallint(#1, -72)",
                                                                    "#2",
                                                                    "#3"
                                                                ],
                                                                "Estimated Cardinality": "3850116"
                                                            },
                                                            "cumulative_cardinality": 11550358,
                                                            "operator_type": "PROJECTION",
                                                            "operator_cardinality": 3850117,
                                                            "cumulative_rows_scanned": 3850124,
                                                            "operator_rows_scanned": 0,
                                                            "operator_timing": 0.0017527739999999984,
                                                            "result_set_size": 100103042,
                                                            "children": [
                                                                {
                                                                    "operator_name": "HASH_JOIN",
                                                                    "cpu_time": 0.18689979099999998,
                                                                    "extra_info": {
                                                                        "Join Type": "RIGHT",
                                                                        "Conditions": "posttypeid = id",
                                                                        "Estimated Cardinality": "3850116"
                                                                    },
                                                                    "cumulative_cardinality": 7700241,
                                                                    "operator_type": "HASH_JOIN",
                                                                    "operator_cardinality": 3850117,
                                                                    "cumulative_rows_scanned": 3850124,
                                                                    "operator_rows_scanned": 0,
                                                                    "operator_timing": 0.06625249699999987,
                                                                    "result_set_size": 107803276,
                                                                    "children": [
                                                                        {
                                                                            "operator_name": "READ_PARQUET ",
                                                                            "cpu_time": 0.1203417030000001,
                                                                            "extra_info": {
                                                                                "Function": "READ_PARQUET",
                                                                                "Projections": [
                                                                                    "id",
                                                                                    "posttypeid",
                                                                                    "score",
                                                                                    "owneruserid"
                                                                                ],
                                                                                "Estimated Cardinality": "3850116"
                                                                            },
                                                                            "cumulative_cardinality": 3850116,
                                                                            "operator_type": "TABLE_SCAN",
                                                                            "operator_cardinality": 3850116,
                                                                            "cumulative_rows_scanned": 3850116,
                                                                            "operator_rows_scanned": 3850116,
                                                                            "operator_timing": 0.1203417030000001,
                                                                            "result_set_size": 53901624,
                                                                            "children": []
                                                                        },
                                                                        {
                                                                            "operator_name": "READ_PARQUET ",
                                                                            "cpu_time": 0.00030559099999999997,
                                                                            "extra_info": {
                                                                                "Function": "READ_PARQUET",
                                                                                "Projections": [
                                                                                    "id",
                                                                                    "name"
                                                                                ],
                                                                                "Estimated Cardinality": "8"
                                                                            },
                                                                            "cumulative_cardinality": 8,
                                                                            "operator_type": "TABLE_SCAN",
                                                                            "operator_cardinality": 8,
                                                                            "cumulative_rows_scanned": 8,
                                                                            "operator_rows_scanned": 8,
                                                                            "operator_timing": 0.00030559099999999997,
                                                                            "result_set_size": 144,
                                                                            "children": []
                                                                        }
                                                                    ]
                                                                }
                                                            ]
                                                        }
                                                    ]
                                                }
                                            ]
                                        },
                                        {
                                            "operator_name": "READ_PARQUET ",
                                            "cpu_time": 0.006341295000000007,
                                            "extra_info": {
                                                "Function": "READ_PARQUET",
                                                "Projections": "id",
                                                "Estimated Cardinality": "1260710"
                                            },
                                            "cumulative_cardinality": 1260710,
                                            "operator_type": "TABLE_SCAN",
                                            "operator_cardinality": 1260710,
                                            "cumulative_rows_scanned": 1260710,
                                            "operator_rows_scanned": 1260710,
                                            "operator_timing": 0.006341295000000007,
                                            "result_set_size": 5042840,
                                            "children": []
                                        }
                                    ]
                                }
                            ]
                        }
                    ]
                }
            ]
        }
    ]
}