{
    "rows_returned": 100,
    "query_name": "\nWITH PostStats AS (\n    SELECT \n        p.Id AS PostId,\n        p.Title,\n        p.CreationDate,\n        COUNT(c.Id) AS CommentCount,\n        COUNT(v.Id) AS VoteCount,\n        SUM(CASE WHEN v.VoteTypeId = 2 THEN 1 ELSE 0 END) AS UpVotes,\n        SUM(CASE WHEN v.VoteTypeId = 3 THEN 1 ELSE 0 END) AS DownVotes\n    FROM \n        Posts p\n    LEFT JOIN \n        Comments c ON p.Id = c.PostId\n    LEFT JOIN \n        Votes v ON p.Id = v.PostId\n    GROUP BY \n        p.Id, p.Title, p.CreationDate\n),\nUserStats AS (\n    SELECT \n        u.Id AS UserId,\n        u.DisplayName,\n        COUNT(b.Id) AS BadgeCount,\n        SUM(u.UpVotes) AS TotalUpVotes,\n        SUM(u.DownVotes) AS TotalDownVotes\n    FROM \n        Users u\n    LEFT JOIN \n        Badges b ON u.Id = b.UserId\n    GROUP BY \n        u.Id, u.DisplayName\n)\n\nSELECT \n    ps.PostId,\n    ps.Title,\n    ps.CreationDate,\n    ps.CommentCount,\n    ps.VoteCount,\n    ps.UpVotes,\n    ps.DownVotes,\n    us.DisplayName AS OwnerDisplayName,\n    us.BadgeCount,\n    us.TotalUpVotes,\n    us.TotalDownVotes\nFROM \n    PostStats ps\nJOIN \n    Users u ON ps.PostId = u.Id \nJOIN \n    UserStats us ON u.Id = us.UserId\nORDER BY \n    ps.CreationDate DESC\nLIMIT 100;\n",
    "blocked_thread_time": 0.0,
    "cpu_time": 5.504267783999974,
    "extra_info": {},
    "cumulative_cardinality": 124579661,
    "cumulative_rows_scanned": 28679175,
    "result_set_size": 13200,
    "latency": 6.171696837,
    "children": [
        {
            "operator_name": "STREAMING_LIMIT",
            "cpu_time": 5.504267783999974,
            "extra_info": {},
            "cumulative_cardinality": 124579661,
            "operator_type": "STREAMING_LIMIT",
            "operator_cardinality": 100,
            "cumulative_rows_scanned": 28679175,
            "operator_rows_scanned": 0,
            "operator_timing": 0.000001875,
            "result_set_size": 13200,
            "children": [
                {
                    "operator_name": "ORDER_BY",
                    "cpu_time": 5.504265908999974,
                    "extra_info": {
                        "Order By": "ps.CreationDate DESC"
                    },
                    "cumulative_cardinality": 124579561,
                    "operator_type": "ORDER_BY",
                    "operator_cardinality": 4096,
                    "cumulative_rows_scanned": 28679175,
                    "operator_rows_scanned": 0,
                    "operator_timing": 0.09100839800000005,
                    "result_set_size": 540672,
                    "children": [
                        {
                            "operator_name": "PROJECTION",
                            "cpu_time": 5.413257510999974,
                            "extra_info": {
                                "Projections": [
                                    "PostId",
                                    "title",
                                    "creationdate",
                                    "CommentCount",
                                    "VoteCount",
                                    "UpVotes",
                                    "DownVotes",
                                    "OwnerDisplayName",
                                    "BadgeCount",
                                    "TotalUpVotes",
                                    "TotalDownVotes"
                                ],
                                "Estimated Cardinality": "3850116"
                            },
                            "cumulative_cardinality": 124575465,
                            "operator_type": "PROJECTION",
                            "operator_cardinality": 1023784,
                            "cumulative_rows_scanned": 28679175,
                            "operator_rows_scanned": 0,
                            "operator_timing": 0.0004268200000000001,
                            "result_set_size": 135139488,
                            "children": [
                                {
                                    "operator_name": "HASH_JOIN",
                                    "cpu_time": 5.412830690999973,
                                    "extra_info": {
                                        "Join Type": "INNER",
                                        "Conditions": "PostId = UserId",
                                        "Estimated Cardinality": "3850116"
                                    },
                                    "cumulative_cardinality": 123551681,
                                    "operator_type": "HASH_JOIN",
                                    "operator_cardinality": 1023784,
                                    "cumulative_rows_scanned": 28679175,
                                    "operator_rows_scanned": 0,
                                    "operator_timing": 0.1627763329999999,
                                    "result_set_size": 143329760,
                                    "children": [
                                        {
                                            "operator_name": "HASH_GROUP_BY",
                                            "cpu_time": 4.372218124999974,
                                            "extra_info": {
                                                "Groups": [
                                                    "#0",
                                                    "#1",
                                                    "#2"
                                                ],
                                                "Aggregates": [
                                                    "count(#3)",
                                                    "count(#4)",
                                                    "sum(#5)",
                                                    "sum(#6)"
                                                ],
                                                "Estimated Cardinality": "3850116"
                                            },
                                            "cumulative_cardinality": 101768977,
                                            "operator_type": "HASH_GROUP_BY",
                                            "operator_cardinality": 1156110,
                                            "cumulative_rows_scanned": 23836031,
                                            "operator_rows_scanned": 0,
                                            "operator_timing": 0.958536081999999,
                                            "result_set_size": 87864360,
                                            "children": [
                                                {
                                                    "operator_name": "PROJECTION",
                                                    "cpu_time": 3.4136820429999752,
                                                    "extra_info": {
                                                        "Projections": [
                                                            "id",
                                                            "title",
                                                            "creationdate",
                                                            "id",
                                                            "id",
                                                            "CASE  WHEN ((votetypeid = 2)) THEN (1) ELSE 0 END",
                                                            "CASE  WHEN ((votetypeid = 3)) THEN (1) ELSE 0 END"
                                                        ],
                                                        "Estimated Cardinality": "12744093"
                                                    },
                                                    "cumulative_cardinality": 100612867,
                                                    "operator_type": "PROJECTION",
                                                    "operator_cardinality": 16359490,
                                                    "cumulative_rows_scanned": 23836031,
                                                    "operator_rows_scanned": 0,
                                                    "operator_timing": 0.10608127499999974,
                                                    "result_set_size": 719817560,
                                                    "children": [
                                                        {
                                                            "operator_name": "FILTER",
                                                            "cpu_time": 3.3076007679999755,
                                                            "extra_info": {
                                                                "Expression": "(id <= 1416570)",
                                                                "Estimated Cardinality": "12744093"
                                                            },
                                                            "cumulative_cardinality": 84253377,
                                                            "operator_type": "FILTER",
                                                            "operator_cardinality": 16359490,
                                                            "cumulative_rows_scanned": 23836031,
                                                            "operator_rows_scanned": 0,
                                                            "operator_timing": 0.07228535200000033,
                                                            "result_set_size": 621660620,
                                                            "children": [
                                                                {
                                                                    "operator_name": "HASH_JOIN",
                                                                    "cpu_time": 3.2353154159999753,
                                                                    "extra_info": {
                                                                        "Join Type": "RIGHT",
                                                                        "Conditions": "postid = id",
                                                                        "Estimated Cardinality": "12744093"
                                                                    },
                                                                    "cumulative_cardinality": 67893887,
                                                                    "operator_type": "HASH_JOIN",
                                                                    "operator_cardinality": 35129590,
                                                                    "cumulative_rows_scanned": 23836031,
                                                                    "operator_rows_scanned": 0,
                                                                    "operator_timing": 1.828951371999975,
                                                                    "result_set_size": 1334924420,
                                                                    "children": [
                                                                        {
                                                                            "operator_name": "READ_PARQUET ",
                                                                            "cpu_time": 0.29626835899999976,
                                                                            "extra_info": {
                                                                                "Function": "READ_PARQUET",
                                                                                "Projections": [
                                                                                    "id",
                                                                                    "postid",
                                                                                    "votetypeid"
                                                                                ],
                                                                                "Estimated Cardinality": "12744093"
                                                                            },
                                                                            "cumulative_cardinality": 12744093,
                                                                            "operator_type": "TABLE_SCAN",
                                                                            "operator_cardinality": 12744093,
                                                                            "cumulative_rows_scanned": 12744093,
                                                                            "operator_rows_scanned": 12744093,
                                                                            "operator_timing": 0.29626835899999976,
                                                                            "result_set_size": 127440930,
                                                                            "children": []
                                                                        },
                                                                        {
                                                                            "operator_name": "HASH_JOIN",
                                                                            "cpu_time": 1.1100956850000006,
                                                                            "extra_info": {
                                                                                "Join Type": "RIGHT",
                                                                                "Conditions": "postid = id",
                                                                                "Estimated Cardinality": "7241822"
                                                                            },
                                                                            "cumulative_cardinality": 20020204,
                                                                            "operator_type": "HASH_JOIN",
                                                                            "operator_cardinality": 8928266,
                                                                            "cumulative_rows_scanned": 11091938,
                                                                            "operator_rows_scanned": 0,
                                                                            "operator_timing": 0.6407053690000007,
                                                                            "result_set_size": 285704512,
                                                                            "children": [
                                                                                {
                                                                                    "operator_name": "READ_PARQUET ",
                                                                                    "cpu_time": 0.12956754199999987,
                                                                                    "extra_info": {
                                                                                        "Function": "READ_PARQUET",
                                                                                        "Projections": [
                                                                                            "id",
                                                                                            "postid"
                                                                                        ],
                                                                                        "Estimated Cardinality": "7241822"
                                                                                    },
                                                                                    "cumulative_cardinality": 7241822,
                                                                                    "operator_type": "TABLE_SCAN",
                                                                                    "operator_cardinality": 7241822,
                                                                                    "cumulative_rows_scanned": 7241822,
                                                                                    "operator_rows_scanned": 7241822,
                                                                                    "operator_timing": 0.12956754199999987,
                                                                                    "result_set_size": 57934576,
                                                                                    "children": []
                                                                                },
                                                                                {
                                                                                    "operator_name": "READ_PARQUET ",
                                                                                    "cpu_time": 0.339822774,
                                                                                    "extra_info": {
                                                                                        "Function": "READ_PARQUET",
                                                                                        "Projections": [
                                                                                            "id",
                                                                                            "creationdate",
                                                                                            "title"
                                                                                        ],
                                                                                        "Estimated Cardinality": "3850116"
                                                                                    },
                                                                                    "cumulative_cardinality": 3850116,
                                                                                    "operator_type": "TABLE_SCAN",
                                                                                    "operator_cardinality": 3850116,
                                                                                    "cumulative_rows_scanned": 3850116,
                                                                                    "operator_rows_scanned": 3850116,
                                                                                    "operator_timing": 0.339822774,
                                                                                    "result_set_size": 107803248,
                                                                                    "children": []
                                                                                }
                                                                            ]
                                                                        }
                                                                    ]
                                                                }
                                                            ]
                                                        }
                                                    ]
                                                }
                                            ]
                                        },
                                        {
                                            "operator_name": "HASH_JOIN",
                                            "cpu_time": 0.8778362329999994,
                                            "extra_info": {
                                                "Join Type": "INNER",
                                                "Conditions": "UserId = UserId",
                                                "Estimated Cardinality": "1260710"
                                            },
                                            "cumulative_cardinality": 20758920,
                                            "operator_type": "HASH_JOIN",
                                            "operator_cardinality": 1260709,
                                            "cumulative_rows_scanned": 4843144,
                                            "operator_rows_scanned": 0,
                                            "operator_timing": 0.08676776399999983,
                                            "result_set_size": 80685376,
                                            "children": [
                                                {
                                                    "operator_name": "HASH_GROUP_BY",
                                                    "cpu_time": 0.7809681269999995,
                                                    "extra_info": {
                                                        "Groups": [
                                                            "#0",
                                                            "#1"
                                                        ],
                                                        "Aggregates": [
                                                            "count(#2)",
                                                            "sum(#3)",
                                                            "sum(#4)"
                                                        ],
                                                        "Estimated Cardinality": "1260710"
                                                    },
                                                    "cumulative_cardinality": 18237502,
                                                    "operator_type": "HASH_GROUP_BY",
                                                    "operator_cardinality": 1260709,
                                                    "cumulative_rows_scanned": 3582434,
                                                    "operator_rows_scanned": 0,
                                                    "operator_timing": 0.41074651999999967,
                                                    "result_set_size": 75642540,
                                                    "children": [
                                                        {
                                                            "operator_name": "PROJECTION",
                                                            "cpu_time": 0.3702216069999999,
                                                            "extra_info": {
                                                                "Projections": [
                                                                    "id",
                                                                    "displayname",
                                                                    "id",
                                                                    "upvotes",
                                                                    "downvotes"
                                                                ],
                                                                "Estimated Cardinality": "2321724"
                                                            },
                                                            "cumulative_cardinality": 16976793,
                                                            "operator_type": "PROJECTION",
                                                            "operator_cardinality": 3033412,
                                                            "cumulative_rows_scanned": 3582434,
                                                            "operator_rows_scanned": 0,
                                                            "operator_timing": 0.0004981869999999982,
                                                            "result_set_size": 97069184,
                                                            "children": [
                                                                {
                                                                    "operator_name": "PROJECTION",
                                                                    "cpu_time": 0.3697234199999999,
                                                                    "extra_info": {
                                                                        "Projections": [
                                                                            "#0",
                                                                            "#1",
                                                                            "#2",
                                                                            "#3",
                                                                            "__internal_decompress_integral_integer(#4, 0)"
                                                                        ],
                                                                        "Estimated Cardinality": "2321724"
                                                                    },
                                                                    "cumulative_cardinality": 13943381,
                                                                    "operator_type": "PROJECTION",
                                                                    "operator_cardinality": 3033412,
                                                                    "cumulative_rows_scanned": 3582434,
                                                                    "operator_rows_scanned": 0,
                                                                    "operator_timing": 0.0012428510000000018,
                                                                    "result_set_size": 97069184,
                                                                    "children": [
                                                                        {
                                                                            "operator_name": "FILTER",
                                                                            "cpu_time": 0.3684805689999999,
                                                                            "extra_info": {
                                                                                "Expression": "(#1 >= 1)",
                                                                                "Estimated Cardinality": "2321724"
                                                                            },
                                                                            "cumulative_cardinality": 10909969,
                                                                            "operator_type": "FILTER",
                                                                            "operator_cardinality": 3033412,
                                                                            "cumulative_rows_scanned": 3582434,
                                                                            "operator_rows_scanned": 0,
                                                                            "operator_timing": 0.0038353030000000017,
                                                                            "result_set_size": 91002360,
                                                                            "children": [
                                                                                {
                                                                                    "operator_name": "HASH_JOIN",
                                                                                    "cpu_time": 0.3646452659999999,
                                                                                    "extra_info": {
                                                                                        "Join Type": "RIGHT",
                                                                                        "Conditions": "userid = id",
                                                                                        "Estimated Cardinality": "2321724"
                                                                                    },
                                                                                    "cumulative_cardinality": 7876557,
                                                                                    "operator_type": "HASH_JOIN",
                                                                                    "operator_cardinality": 3033413,
                                                                                    "cumulative_rows_scanned": 3582434,
                                                                                    "operator_rows_scanned": 0,
                                                                                    "operator_timing": 0.23276771599999982,
                                                                                    "result_set_size": 91002390,
                                                                                    "children": [
                                                                                        {
                                                                                            "operator_name": "READ_PARQUET ",
                                                                                            "cpu_time": 0.045236799000000064,
                                                                                            "extra_info": {
                                                                                                "Function": "READ_PARQUET",
                                                                                                "Projections": [
                                                                                                    "id",
                                                                                                    "userid"
                                                                                                ],
                                                                                                "Estimated Cardinality": "2321724"
                                                                                            },
                                                                                            "cumulative_cardinality": 2321724,
                                                                                            "operator_type": "TABLE_SCAN",
                                                                                            "operator_cardinality": 2321724,
                                                                                            "cumulative_rows_scanned": 2321724,
                                                                                            "operator_rows_scanned": 2321724,
                                                                                            "operator_timing": 0.045236799000000064,
                                                                                            "result_set_size": 18573792,
                                                                                            "children": []
                                                                                        },
                                                                                        {
                                                                                            "operator_name": "PROJECTION",
                                                                                            "cpu_time": 0.08664075099999999,
                                                                                            "extra_info": {
                                                                                                "Projections": [
                                                                                                    "#0",
                                                                                                    "#1",
                                                                                                    "#2",
                                                                                                    "__internal_compress_integral_usmallint(#3, 0)"
                                                                                                ],
                                                                                                "Estimated Cardinality": "1260710"
                                                                                            },
                                                                                            "cumulative_cardinality": 2521420,
                                                                                            "operator_type": "PROJECTION",
                                                                                            "operator_cardinality": 1260710,
                                                                                            "cumulative_rows_scanned": 1260710,
                                                                                            "operator_rows_scanned": 0,
                                                                                            "operator_timing": 0.000544377,
                                                                                            "result_set_size": 32778460,
                                                                                            "children": [
                                                                                                {
                                                                                                    "operator_name": "READ_PARQUET ",
                                                                                                    "cpu_time": 0.08609637399999999,
                                                                                                    "extra_info": {
                                                                                                        "Function": "READ_PARQUET",
                                                                                                        "Projections": [
                                                                                                            "id",
                                                                                                            "displayname",
                                                                                                            "upvotes",
                                                                                                            "downvotes"
                                                                                                        ],
                                                                                                        "Estimated Cardinality": "1260710"
                                                                                                    },
                                                                                                    "cumulative_cardinality": 1260710,
                                                                                                    "operator_type": "TABLE_SCAN",
                                                                                                    "operator_cardinality": 1260710,
                                                                                                    "cumulative_rows_scanned": 1260710,
                                                                                                    "operator_rows_scanned": 1260710,
                                                                                                    "operator_timing": 0.08609637399999999,
                                                                                                    "result_set_size": 35299880,
                                                                                                    "children": []
                                                                                                }
                                                                                            ]
                                                                                        }
                                                                                    ]
                                                                                }
                                                                            ]
                                                                        }
                                                                    ]
                                                                }
                                                            ]
                                                        }
                                                    ]
                                                },
                                                {
                                                    "operator_name": "READ_PARQUET ",
                                                    "cpu_time": 0.01010034200000002,
                                                    "extra_info": {
                                                        "Function": "READ_PARQUET",
                                                        "Projections": "id",
                                                        "Filters": "id>=1",
                                                        "Estimated Cardinality": "1260710"
                                                    },
                                                    "cumulative_cardinality": 1260709,
                                                    "operator_type": "TABLE_SCAN",
                                                    "operator_cardinality": 1260709,
                                                    "cumulative_rows_scanned": 1260710,
                                                    "operator_rows_scanned": 1260710,
                                                    "operator_timing": 0.01010034200000002,
                                                    "result_set_size": 5042836,
                                                    "children": []
                                                }
                                            ]
                                        }
                                    ]
                                }
                            ]
                        }
                    ]
                }
            ]
        }
    ]
}