{
    "rows_returned": 3685416,
    "query_name": "\nWITH UserActivity AS (\n    SELECT \n        U.Id AS UserId,\n        U.DisplayName,\n        COUNT(DISTINCT P.Id) AS TotalPosts,\n        COUNT(DISTINCT C.Id) AS TotalComments,\n        COALESCE(SUM(V.BountyAmount), 0) AS TotalBounties\n    FROM \n        Users U\n    LEFT JOIN \n        Posts P ON U.Id = P.OwnerUserId\n    LEFT JOIN \n        Comments C ON P.Id = C.PostId\n    LEFT JOIN \n        Votes V ON U.Id = V.UserId\n    GROUP BY \n        U.Id, U.DisplayName\n),\nPostStatistics AS (\n    SELECT \n        P.Id AS PostId,\n        P.Title,\n        P.CreationDate,\n        P.Score,\n        P.ViewCount,\n        P.AnswerCount,\n        P.CommentCount,\n        P.FavoriteCount,\n        P.Tags,\n        PT.Name AS PostType,\n        P.OwnerUserId\n    FROM \n        Posts P\n    JOIN \n        PostTypes PT ON P.PostTypeId = PT.Id\n)\nSELECT \n    UA.UserId,\n    UA.DisplayName,\n    UA.TotalPosts,\n    UA.TotalComments,\n    UA.TotalBounties,\n    PS.PostId,\n    PS.Title,\n    PS.CreationDate,\n    PS.Score,\n    PS.ViewCount,\n    PS.AnswerCount,\n    PS.CommentCount,\n    PS.FavoriteCount,\n    PS.Tags,\n    PS.PostType\nFROM \n    UserActivity UA\nJOIN \n    PostStatistics PS ON UA.UserId = PS.OwnerUserId\nORDER BY \n    UA.TotalPosts DESC, PS.ViewCount DESC;\n",
    "blocked_thread_time": 0.0,
    "cpu_time": 10.984902369999968,
    "extra_info": {},
    "cumulative_cardinality": 187847757,
    "cumulative_rows_scanned": 28946865,
    "result_set_size": 486474912,
    "latency": 20.175358538,
    "children": [
        {
            "operator_name": "PROJECTION",
            "cpu_time": 10.984902369999968,
            "extra_info": {
                "Projections": [
                    "#0",
                    "#1",
                    "#2",
                    "#3",
                    "#4",
                    "#5",
                    "#6",
                    "#7",
                    "__internal_decompress_integral_integer(#8, -72)",
                    "#9",
                    "__internal_decompress_integral_integer(#10, 0)",
                    "__internal_decompress_integral_integer(#11, 0)",
                    "#12",
                    "#13",
                    "#14"
                ],
                "Estimated Cardinality": "3850116"
            },
            "cumulative_cardinality": 187847757,
            "operator_type": "PROJECTION",
            "operator_cardinality": 3685416,
            "cumulative_rows_scanned": 28946865,
            "operator_rows_scanned": 0,
            "operator_timing": 0.004420085000000001,
            "result_set_size": 486474912,
            "children": [
                {
                    "operator_name": "ORDER_BY",
                    "cpu_time": 10.980482284999969,
                    "extra_info": {
                        "Order By": [
                            "UA.TotalPosts DESC",
                            "PS.ViewCount DESC"
                        ]
                    },
                    "cumulative_cardinality": 184162341,
                    "operator_type": "ORDER_BY",
                    "operator_cardinality": 3685416,
                    "cumulative_rows_scanned": 28946865,
                    "operator_rows_scanned": 0,
                    "operator_timing": 0.5813366979999993,
                    "result_set_size": 456991584,
                    "children": [
                        {
                            "operator_name": "PROJECTION",
                            "cpu_time": 10.39914558699997,
                            "extra_info": {
                                "Projections": [
                                    "#0",
                                    "#1",
                                    "#2",
                                    "#3",
                                    "#4",
                                    "#5",
                                    "#6",
                                    "#7",
                                    "__internal_compress_integral_usmallint(#8, -72)",
                                    "#9",
                                    "__internal_compress_integral_utinyint(#10, 0)",
                                    "__internal_compress_integral_utinyint(#11, 0)",
                                    "#12",
                                    "#13",
                                    "#14"
                                ],
                                "Estimated Cardinality": "3850116"
                            },
                            "cumulative_cardinality": 180476925,
                            "operator_type": "PROJECTION",
                            "operator_cardinality": 3685416,
                            "cumulative_rows_scanned": 28946865,
                            "operator_rows_scanned": 0,
                            "operator_timing": 0.005048716999999988,
                            "result_set_size": 456991584,
                            "children": [
                                {
                                    "operator_name": "PROJECTION",
                                    "cpu_time": 10.39409686999997,
                                    "extra_info": {
                                        "Projections": [
                                            "UserId",
                                            "displayname",
                                            "TotalPosts",
                                            "TotalComments",
                                            "TotalBounties",
                                            "PostId",
                                            "title",
                                            "creationdate",
                                            "score",
                                            "viewcount",
                                            "answercount",
                                            "commentcount",
                                            "favoritecount",
                                            "tags",
                                            "PostType"
                                        ],
                                        "Estimated Cardinality": "3850116"
                                    },
                                    "cumulative_cardinality": 176791509,
                                    "operator_type": "PROJECTION",
                                    "operator_cardinality": 3685416,
                                    "cumulative_rows_scanned": 28946865,
                                    "operator_rows_scanned": 0,
                                    "operator_timing": 0.0016592550000000055,
                                    "result_set_size": 486474912,
                                    "children": [
                                        {
                                            "operator_name": "HASH_JOIN",
                                            "cpu_time": 10.39243761499997,
                                            "extra_info": {
                                                "Join Type": "INNER",
                                                "Conditions": "owneruserid = UserId",
                                                "Estimated Cardinality": "3850116"
                                            },
                                            "cumulative_cardinality": 173106093,
                                            "operator_type": "HASH_JOIN",
                                            "operator_cardinality": 3685416,
                                            "cumulative_rows_scanned": 28946865,
                                            "operator_rows_scanned": 0,
                                            "operator_timing": 0.26597154799999956,
                                            "result_set_size": 486474912,
                                            "children": [
                                                {
                                                    "operator_name": "PROJECTION",
                                                    "cpu_time": 0.8693533110000007,
                                                    "extra_info": {
                                                        "Projections": [
                                                            "PostId",
                                                            "title",
                                                            "creationdate",
                                                            "score",
                                                            "viewcount",
                                                            "answercount",
                                                            "commentcount",
                                                            "favoritecount",
                                                            "tags",
                                                            "PostType",
                                                            "owneruserid"
                                                        ],
                                                        "Estimated Cardinality": "3850116"
                                                    },
                                                    "cumulative_cardinality": 11056255,
                                                    "operator_type": "PROJECTION",
                                                    "operator_cardinality": 3685416,
                                                    "cumulative_rows_scanned": 3850124,
                                                    "operator_rows_scanned": 0,
                                                    "operator_timing": 0.001153154999999999,
                                                    "result_set_size": 309574944,
                                                    "children": [
                                                        {
                                                            "operator_name": "HASH_JOIN",
                                                            "cpu_time": 0.8682001560000007,
                                                            "extra_info": {
                                                                "Join Type": "INNER",
                                                                "Conditions": "posttypeid = id",
                                                                "Estimated Cardinality": "3850116"
                                                            },
                                                            "cumulative_cardinality": 7370839,
                                                            "operator_type": "HASH_JOIN",
                                                            "operator_cardinality": 3685416,
                                                            "cumulative_rows_scanned": 3850124,
                                                            "operator_rows_scanned": 0,
                                                            "operator_timing": 0.009535736000000003,
                                                            "result_set_size": 309574944,
                                                            "children": [
                                                                {
                                                                    "operator_name": "READ_PARQUET ",
                                                                    "cpu_time": 0.8583356150000007,
                                                                    "extra_info": {
                                                                        "Function": "READ_PARQUET",
                                                                        "Projections": [
                                                                            "id",
                                                                            "posttypeid",
                                                                            "creationdate",
                                                                            "score",
                                                                            "viewcount",
                                                                            "owneruserid",
                                                                            "title",
                                                                            "tags",
                                                                            "answercount",
                                                                            "commentcount",
                                                                            "favoritecount"
                                                                        ],
                                                                        "Estimated Cardinality": "3850116"
                                                                    },
                                                                    "cumulative_cardinality": 3685416,
                                                                    "operator_type": "TABLE_SCAN",
                                                                    "operator_cardinality": 3685416,
                                                                    "cumulative_rows_scanned": 3850116,
                                                                    "operator_rows_scanned": 3850116,
                                                                    "operator_timing": 0.8583356150000007,
                                                                    "result_set_size": 257979120,
                                                                    "children": []
                                                                },
                                                                {
                                                                    "operator_name": "READ_PARQUET ",
                                                                    "cpu_time": 0.000328805,
                                                                    "extra_info": {
                                                                        "Function": "READ_PARQUET",
                                                                        "Projections": [
                                                                            "id",
                                                                            "name"
                                                                        ],
                                                                        "Filters": "id<=7",
                                                                        "Estimated Cardinality": "8"
                                                                    },
                                                                    "cumulative_cardinality": 7,
                                                                    "operator_type": "TABLE_SCAN",
                                                                    "operator_cardinality": 7,
                                                                    "cumulative_rows_scanned": 8,
                                                                    "operator_rows_scanned": 8,
                                                                    "operator_timing": 0.000328805,
                                                                    "result_set_size": 126,
                                                                    "children": []
                                                                }
                                                            ]
                                                        }
                                                    ]
                                                },
                                                {
                                                    "operator_name": "PROJECTION",
                                                    "cpu_time": 9.25711275599997,
                                                    "extra_info": {
                                                        "Projections": [
                                                            "UserId",
                                                            "displayname",
                                                            "TotalPosts",
                                                            "TotalComments",
                                                            "TotalBounties"
                                                        ],
                                                        "Estimated Cardinality": "1260710"
                                                    },
                                                    "cumulative_cardinality": 158364422,
                                                    "operator_type": "PROJECTION",
                                                    "operator_cardinality": 1260679,
                                                    "cumulative_rows_scanned": 25096741,
                                                    "operator_rows_scanned": 0,
                                                    "operator_timing": 0.007129461000000004,
                                                    "result_set_size": 65555308,
                                                    "children": [
                                                        {
                                                            "operator_name": "HASH_GROUP_BY",
                                                            "cpu_time": 9.24998329499997,
                                                            "extra_info": {
                                                                "Groups": [
                                                                    "#0",
                                                                    "#1"
                                                                ],
                                                                "Aggregates": [
                                                                    "count(DISTINCT #2)",
                                                                    "count(DISTINCT #3)",
                                                                    "sum(#4)"
                                                                ],
                                                                "Estimated Cardinality": "1260710"
                                                            },
                                                            "cumulative_cardinality": 157103743,
                                                            "operator_type": "HASH_GROUP_BY",
                                                            "operator_cardinality": 1260679,
                                                            "cumulative_rows_scanned": 25096741,
                                                            "operator_rows_scanned": 0,
                                                            "operator_timing": 5.484728398999995,
                                                            "result_set_size": 65555308,
                                                            "children": [
                                                                {
                                                                    "operator_name": "PROJECTION",
                                                                    "cpu_time": 3.7652548959999743,
                                                                    "extra_info": {
                                                                        "Projections": [
                                                                            "id",
                                                                            "displayname",
                                                                            "id",
                                                                            "id",
                                                                            "bountyamount"
                                                                        ],
                                                                        "Estimated Cardinality": "12744093"
                                                                    },
                                                                    "cumulative_cardinality": 155843064,
                                                                    "operator_type": "PROJECTION",
                                                                    "operator_cardinality": 43204931,
                                                                    "cumulative_rows_scanned": 25096741,
                                                                    "operator_rows_scanned": 0,
                                                                    "operator_timing": 0.008732834999999318,
                                                                    "result_set_size": 1382557792,
                                                                    "children": [
                                                                        {
                                                                            "operator_name": "FILTER",
                                                                            "cpu_time": 3.756522060999975,
                                                                            "extra_info": {
                                                                                "Expression": "(id <= 1416539)",
                                                                                "Estimated Cardinality": "12744093"
                                                                            },
                                                                            "cumulative_cardinality": 112638133,
                                                                            "operator_type": "FILTER",
                                                                            "operator_cardinality": 43204931,
                                                                            "cumulative_rows_scanned": 25096741,
                                                                            "operator_rows_scanned": 0,
                                                                            "operator_timing": 0.058295886000001025,
                                                                            "result_set_size": 1382557792,
                                                                            "children": [
                                                                                {
                                                                                    "operator_name": "HASH_JOIN",
                                                                                    "cpu_time": 3.698226174999974,
                                                                                    "extra_info": {
                                                                                        "Join Type": "RIGHT",
                                                                                        "Conditions": "userid = id",
                                                                                        "Estimated Cardinality": "12744093"
                                                                                    },
                                                                                    "cumulative_cardinality": 69433202,
                                                                                    "operator_type": "HASH_JOIN",
                                                                                    "operator_cardinality": 43204962,
                                                                                    "cumulative_rows_scanned": 25096741,
                                                                                    "operator_rows_scanned": 0,
                                                                                    "operator_timing": 2.4788471809999746,
                                                                                    "result_set_size": 1382558784,
                                                                                    "children": [
                                                                                        {
                                                                                            "operator_name": "READ_PARQUET ",
                                                                                            "cpu_time": 0.14476574999999997,
                                                                                            "extra_info": {
                                                                                                "Function": "READ_PARQUET",
                                                                                                "Projections": [
                                                                                                    "userid",
                                                                                                    "bountyamount"
                                                                                                ],
                                                                                                "Estimated Cardinality": "12744093"
                                                                                            },
                                                                                            "cumulative_cardinality": 40287,
                                                                                            "operator_type": "TABLE_SCAN",
                                                                                            "operator_cardinality": 40287,
                                                                                            "cumulative_rows_scanned": 12744093,
                                                                                            "operator_rows_scanned": 12744093,
                                                                                            "operator_timing": 0.14476574999999997,
                                                                                            "result_set_size": 322296,
                                                                                            "children": []
                                                                                        },
                                                                                        {
                                                                                            "operator_name": "HASH_JOIN",
                                                                                            "cpu_time": 1.0746132439999996,
                                                                                            "extra_info": {
                                                                                                "Join Type": "RIGHT",
                                                                                                "Conditions": "postid = id",
                                                                                                "Estimated Cardinality": "7241822"
                                                                                            },
                                                                                            "cumulative_cardinality": 26187953,
                                                                                            "operator_type": "HASH_JOIN",
                                                                                            "operator_cardinality": 9425510,
                                                                                            "cumulative_rows_scanned": 12352648,
                                                                                            "operator_rows_scanned": 0,
                                                                                            "operator_timing": 0.5736248099999994,
                                                                                            "result_set_size": 263914280,
                                                                                            "children": [
                                                                                                {
                                                                                                    "operator_name": "READ_PARQUET ",
                                                                                                    "cpu_time": 0.11312581400000006,
                                                                                                    "extra_info": {
                                                                                                        "Function": "READ_PARQUET",
                                                                                                        "Projections": [
                                                                                                            "id",
                                                                                                            "postid"
                                                                                                        ],
                                                                                                        "Estimated Cardinality": "7241822"
                                                                                                    },
                                                                                                    "cumulative_cardinality": 7241822,
                                                                                                    "operator_type": "TABLE_SCAN",
                                                                                                    "operator_cardinality": 7241822,
                                                                                                    "cumulative_rows_scanned": 7241822,
                                                                                                    "operator_rows_scanned": 7241822,
                                                                                                    "operator_timing": 0.11312581400000006,
                                                                                                    "result_set_size": 57934576,
                                                                                                    "children": []
                                                                                                },
                                                                                                {
                                                                                                    "operator_name": "HASH_JOIN",
                                                                                                    "cpu_time": 0.38786261999999994,
                                                                                                    "extra_info": {
                                                                                                        "Join Type": "RIGHT",
                                                                                                        "Conditions": "owneruserid = id",
                                                                                                        "Estimated Cardinality": "3850116"
                                                                                                    },
                                                                                                    "cumulative_cardinality": 9520621,
                                                                                                    "operator_type": "HASH_JOIN",
                                                                                                    "operator_cardinality": 4574495,
                                                                                                    "cumulative_rows_scanned": 5110826,
                                                                                                    "operator_rows_scanned": 0,
                                                                                                    "operator_timing": 0.23082917000000008,
                                                                                                    "result_set_size": 109787880,
                                                                                                    "children": [
                                                                                                        {
                                                                                                            "operator_name": "READ_PARQUET ",
                                                                                                            "cpu_time": 0.0811606129999999,
                                                                                                            "extra_info": {
                                                                                                                "Function": "READ_PARQUET",
                                                                                                                "Projections": [
                                                                                                                    "id",
                                                                                                                    "owneruserid"
                                                                                                                ],
                                                                                                                "Estimated Cardinality": "3850116"
                                                                                                            },
                                                                                                            "cumulative_cardinality": 3685416,
                                                                                                            "operator_type": "TABLE_SCAN",
                                                                                                            "operator_cardinality": 3685416,
                                                                                                            "cumulative_rows_scanned": 3850116,
                                                                                                            "operator_rows_scanned": 3850116,
                                                                                                            "operator_timing": 0.0811606129999999,
                                                                                                            "result_set_size": 29483328,
                                                                                                            "children": []
                                                                                                        },
                                                                                                        {
                                                                                                            "operator_name": "READ_PARQUET ",
                                                                                                            "cpu_time": 0.075872837,
                                                                                                            "extra_info": {
                                                                                                                "Function": "READ_PARQUET",
                                                                                                                "Projections": [
                                                                                                                    "id",
                                                                                                                    "displayname"
                                                                                                                ],
                                                                                                                "Estimated Cardinality": "1260710"
                                                                                                            },
                                                                                                            "cumulative_cardinality": 1260710,
                                                                                                            "operator_type": "TABLE_SCAN",
                                                                                                            "operator_cardinality": 1260710,
                                                                                                            "cumulative_rows_scanned": 1260710,
                                                                                                            "operator_rows_scanned": 1260710,
                                                                                                            "operator_timing": 0.075872837,
                                                                                                            "result_set_size": 25214200,
                                                                                                            "children": []
                                                                                                        }
                                                                                                    ]
                                                                                                }
                                                                                            ]
                                                                                        }
                                                                                    ]
                                                                                }
                                                                            ]
                                                                        }
                                                                    ]
                                                                }
                                                            ]
                                                        }
                                                    ]
                                                }
                                            ]
                                        }
                                    ]
                                }
                            ]
                        }
                    ]
                }
            ]
        }
    ]
}