{
    "rows_returned": 496,
    "query_name": "\nWITH UserVotes AS (\n    SELECT \n        u.Id AS UserId,\n        COUNT(v.Id) AS TotalVotes,\n        SUM(CASE WHEN v.VoteTypeId = 2 THEN 1 ELSE 0 END) AS UpVotes,\n        SUM(CASE WHEN v.VoteTypeId = 3 THEN 1 ELSE 0 END) AS DownVotes\n    FROM \n        Users u\n    LEFT JOIN \n        Votes v ON u.Id = v.UserId\n    GROUP BY \n        u.Id\n),\nPostStats AS (\n    SELECT \n        p.Id AS PostId,\n        p.PostTypeId,\n        COUNT(c.Id) AS CommentCount,\n        COUNT(DISTINCT v.UserId) AS UniqueVoters,\n        SUM(CASE WHEN v.VoteTypeId = 2 THEN 1 ELSE 0 END) AS UpVotes,\n        SUM(CASE WHEN v.VoteTypeId = 3 THEN 1 ELSE 0 END) AS DownVotes,\n        SUM(CASE WHEN b.UserId IS NOT NULL THEN 1 ELSE 0 END) AS BadgeCount\n    FROM \n        Posts p\n    LEFT JOIN \n        Comments c ON p.Id = c.PostId\n    LEFT JOIN \n        Votes v ON p.Id = v.PostId\n    LEFT JOIN \n        Badges b ON p.OwnerUserId = b.UserId\n    GROUP BY \n        p.Id, p.PostTypeId\n)\nSELECT \n    u.DisplayName,\n    u.Reputation,\n    uv.TotalVotes,\n    ps.PostId,\n    ps.PostTypeId,\n    ps.CommentCount,\n    ps.UniqueVoters,\n    ps.UpVotes AS PostUpVotes,\n    ps.DownVotes AS PostDownVotes,\n    COUNT(b.Id) AS UserBadgeCount\nFROM \n    Users u\nJOIN \n    UserVotes uv ON u.Id = uv.UserId\nJOIN \n    PostStats ps ON u.Id = ps.UniqueVoters\nLEFT JOIN \n    Badges b ON u.Id = b.UserId\nGROUP BY \n    u.DisplayName, u.Reputation, uv.TotalVotes, ps.PostId, ps.PostTypeId, \n    ps.CommentCount, ps.UniqueVoters, ps.UpVotes, ps.DownVotes\nORDER BY \n    u.Reputation DESC, ps.UpVotes DESC;\n",
    "blocked_thread_time": 0.0,
    "cpu_time": 372.96795902000434,
    "extra_info": {},
    "cumulative_cardinality": 23887660655,
    "cumulative_rows_scanned": 43744992,
    "result_set_size": 44640,
    "latency": 486.641431846,
    "children": [
        {
            "operator_name": "PROJECTION",
            "cpu_time": 372.96795902000434,
            "extra_info": {
                "Projections": [
                    "#0",
                    "#1",
                    "#2",
                    "#3",
                    "__internal_decompress_integral_smallint(#4, 1)",
                    "#5",
                    "#6",
                    "#7",
                    "#8",
                    "#9"
                ],
                "Estimated Cardinality": "1260710"
            },
            "cumulative_cardinality": 23887660655,
            "operator_type": "PROJECTION",
            "operator_cardinality": 496,
            "cumulative_rows_scanned": 43744992,
            "operator_rows_scanned": 0,
            "operator_timing": 0.000001202,
            "result_set_size": 44640,
            "children": [
                {
                    "operator_name": "ORDER_BY",
                    "cpu_time": 372.9679578180043,
                    "extra_info": {
                        "Order By": [
                            "u.Reputation DESC",
                            "ps.UpVotes DESC"
                        ]
                    },
                    "cumulative_cardinality": 23887660159,
                    "operator_type": "ORDER_BY",
                    "operator_cardinality": 496,
                    "cumulative_rows_scanned": 43744992,
                    "operator_rows_scanned": 0,
                    "operator_timing": 0.000076542,
                    "result_set_size": 44144,
                    "children": [
                        {
                            "operator_name": "PROJECTION",
                            "cpu_time": 372.96788127600433,
                            "extra_info": {
                                "Projections": [
                                    "#0",
                                    "#1",
                                    "#2",
                                    "#3",
                                    "__internal_compress_integral_utinyint(#4, 1)",
                                    "#5",
                                    "#6",
                                    "#7",
                                    "#8",
                                    "#9"
                                ],
                                "Estimated Cardinality": "1260710"
                            },
                            "cumulative_cardinality": 23887659663,
                            "operator_type": "PROJECTION",
                            "operator_cardinality": 496,
                            "cumulative_rows_scanned": 43744992,
                            "operator_rows_scanned": 0,
                            "operator_timing": 9.32e-7,
                            "result_set_size": 44144,
                            "children": [
                                {
                                    "operator_name": "PROJECTION",
                                    "cpu_time": 372.96788034400436,
                                    "extra_info": {
                                        "Projections": [
                                            "#0",
                                            "#1",
                                            "#2",
                                            "#3",
                                            "__internal_decompress_integral_smallint(#4, 1)",
                                            "#5",
                                            "#6",
                                            "#7",
                                            "#8",
                                            "#9"
                                        ],
                                        "Estimated Cardinality": "1260710"
                                    },
                                    "cumulative_cardinality": 23887659167,
                                    "operator_type": "PROJECTION",
                                    "operator_cardinality": 496,
                                    "cumulative_rows_scanned": 43744992,
                                    "operator_rows_scanned": 0,
                                    "operator_timing": 0.000001773,
                                    "result_set_size": 44640,
                                    "children": [
                                        {
                                            "operator_name": "HASH_GROUP_BY",
                                            "cpu_time": 372.96787857100435,
                                            "extra_info": {
                                                "Groups": [
                                                    "#0",
                                                    "#1",
                                                    "#2",
                                                    "#3",
                                                    "#4",
                                                    "#5",
                                                    "#6",
                                                    "#7",
                                                    "#8"
                                                ],
                                                "Aggregates": "count(#9)",
                                                "Estimated Cardinality": "1260710"
                                            },
                                            "cumulative_cardinality": 23887658671,
                                            "operator_type": "HASH_GROUP_BY",
                                            "operator_cardinality": 496,
                                            "cumulative_rows_scanned": 43744992,
                                            "operator_rows_scanned": 0,
                                            "operator_timing": 0.000437097,
                                            "result_set_size": 44144,
                                            "children": [
                                                {
                                                    "operator_name": "PROJECTION",
                                                    "cpu_time": 372.9674414740044,
                                                    "extra_info": {
                                                        "Projections": [
                                                            "displayname",
                                                            "reputation",
                                                            "TotalVotes",
                                                            "PostId",
                                                            "posttypeid",
                                                            "CommentCount",
                                                            "UniqueVoters",
                                                            "UpVotes",
                                                            "DownVotes",
                                                            "id"
                                                        ],
                                                        "Estimated Cardinality": "3850116"
                                                    },
                                                    "cumulative_cardinality": 23887658175,
                                                    "operator_type": "PROJECTION",
                                                    "operator_cardinality": 5138,
                                                    "cumulative_rows_scanned": 43744992,
                                                    "operator_rows_scanned": 0,
                                                    "operator_timing": 0.000002876,
                                                    "result_set_size": 436730,
                                                    "children": [
                                                        {
                                                            "operator_name": "PROJECTION",
                                                            "cpu_time": 372.9674385980044,
                                                            "extra_info": {
                                                                "Projections": [
                                                                    "#6",
                                                                    "#7",
                                                                    "#8",
                                                                    "#0",
                                                                    "__internal_compress_integral_utinyint(#1, 1)",
                                                                    "#2",
                                                                    "#3",
                                                                    "#4",
                                                                    "#5",
                                                                    "#9"
                                                                ],
                                                                "Estimated Cardinality": "3850116"
                                                            },
                                                            "cumulative_cardinality": 23887653037,
                                                            "operator_type": "PROJECTION",
                                                            "operator_cardinality": 5138,
                                                            "cumulative_rows_scanned": 43744992,
                                                            "operator_rows_scanned": 0,
                                                            "operator_timing": 0.000009698,
                                                            "result_set_size": 436730,
                                                            "children": [
                                                                {
                                                                    "operator_name": "HASH_JOIN",
                                                                    "cpu_time": 372.9674289000044,
                                                                    "extra_info": {
                                                                        "Join Type": "LEFT",
                                                                        "Conditions": "id = userid",
                                                                        "Estimated Cardinality": "3850116"
                                                                    },
                                                                    "cumulative_cardinality": 23887647899,
                                                                    "operator_type": "HASH_JOIN",
                                                                    "operator_cardinality": 5138,
                                                                    "cumulative_rows_scanned": 43744992,
                                                                    "operator_rows_scanned": 0,
                                                                    "operator_timing": 0.09584065499999994,
                                                                    "result_set_size": 441868,
                                                                    "children": [
                                                                        {
                                                                            "operator_name": "HASH_JOIN",
                                                                            "cpu_time": 372.8451742190044,
                                                                            "extra_info": {
                                                                                "Join Type": "INNER",
                                                                                "Conditions": "UniqueVoters = CAST(id AS BIGINT)",
                                                                                "Estimated Cardinality": "3850116"
                                                                            },
                                                                            "cumulative_cardinality": 23885321037,
                                                                            "operator_type": "HASH_JOIN",
                                                                            "operator_cardinality": 496,
                                                                            "cumulative_rows_scanned": 41423268,
                                                                            "operator_rows_scanned": 0,
                                                                            "operator_timing": 0.13878792999999995,
                                                                            "result_set_size": 42656,
                                                                            "children": [
                                                                                {
                                                                                    "operator_name": "PROJECTION",
                                                                                    "cpu_time": 372.0951444210044,
                                                                                    "extra_info": {
                                                                                        "Projections": [
                                                                                            "#0",
                                                                                            "__internal_decompress_integral_smallint(#1, 1)",
                                                                                            "#2",
                                                                                            "#3",
                                                                                            "#4",
                                                                                            "#5"
                                                                                        ],
                                                                                        "Estimated Cardinality": "3850116"
                                                                                    },
                                                                                    "cumulative_cardinality": 23877659704,
                                                                                    "operator_type": "PROJECTION",
                                                                                    "operator_cardinality": 3850116,
                                                                                    "cumulative_rows_scanned": 26157755,
                                                                                    "operator_rows_scanned": 0,
                                                                                    "operator_timing": 0.001041182999999996,
                                                                                    "result_set_size": 207906264,
                                                                                    "children": [
                                                                                        {
                                                                                            "operator_name": "HASH_GROUP_BY",
                                                                                            "cpu_time": 372.09410323800444,
                                                                                            "extra_info": {
                                                                                                "Groups": [
                                                                                                    "#0",
                                                                                                    "#1"
                                                                                                ],
                                                                                                "Aggregates": [
                                                                                                    "count(#2)",
                                                                                                    "count(DISTINCT #3)",
                                                                                                    "sum(#4)",
                                                                                                    "sum(#5)"
                                                                                                ],
                                                                                                "Estimated Cardinality": "3850116"
                                                                                            },
                                                                                            "cumulative_cardinality": 23873809588,
                                                                                            "operator_type": "HASH_GROUP_BY",
                                                                                            "operator_cardinality": 3850116,
                                                                                            "cumulative_rows_scanned": 26157755,
                                                                                            "operator_rows_scanned": 0,
                                                                                            "operator_timing": 259.2696053639586,
                                                                                            "result_set_size": 204056148,
                                                                                            "children": [
                                                                                                {
                                                                                                    "operator_name": "PROJECTION",
                                                                                                    "cpu_time": 112.82449787404585,
                                                                                                    "extra_info": {
                                                                                                        "Projections": [
                                                                                                            "id",
                                                                                                            "posttypeid",
                                                                                                            "id",
                                                                                                            "userid",
                                                                                                            "CASE  WHEN ((votetypeid = 2)) THEN (1) ELSE 0 END",
                                                                                                            "CASE  WHEN ((votetypeid = 3)) THEN (1) ELSE 0 END"
                                                                                                        ],
                                                                                                        "Estimated Cardinality": "12744093"
                                                                                                    },
                                                                                                    "cumulative_cardinality": 23869959472,
                                                                                                    "operator_type": "PROJECTION",
                                                                                                    "operator_cardinality": 7914302541,
                                                                                                    "cumulative_rows_scanned": 26157755,
                                                                                                    "operator_rows_scanned": 0,
                                                                                                    "operator_timing": 41.12869728499569,
                                                                                                    "result_set_size": 166200353361,
                                                                                                    "children": [
                                                                                                        {
                                                                                                            "operator_name": "PROJECTION",
                                                                                                            "cpu_time": 71.69580058905017,
                                                                                                            "extra_info": {
                                                                                                                "Projections": [
                                                                                                                    "#3",
                                                                                                                    "__internal_compress_integral_utinyint(#4, 1)",
                                                                                                                    "#2",
                                                                                                                    "#0",
                                                                                                                    "#1",
                                                                                                                    "#5"
                                                                                                                ],
                                                                                                                "Estimated Cardinality": "12744093"
                                                                                                            },
                                                                                                            "cumulative_cardinality": 15955656931,
                                                                                                            "operator_type": "PROJECTION",
                                                                                                            "operator_cardinality": 7914302541,
                                                                                                            "cumulative_rows_scanned": 26157755,
                                                                                                            "operator_rows_scanned": 0,
                                                                                                            "operator_timing": 7.636533715043681,
                                                                                                            "result_set_size": 150371748279,
                                                                                                            "children": [
                                                                                                                {
                                                                                                                    "operator_name": "HASH_JOIN",
                                                                                                                    "cpu_time": 64.05926687400648,
                                                                                                                    "extra_info": {
                                                                                                                        "Join Type": "LEFT",
                                                                                                                        "Conditions": "owneruserid = userid",
                                                                                                                        "Estimated Cardinality": "12744093"
                                                                                                                    },
                                                                                                                    "cumulative_cardinality": 8041354390,
                                                                                                                    "operator_type": "HASH_JOIN",
                                                                                                                    "operator_cardinality": 7914302541,
                                                                                                                    "cumulative_rows_scanned": 26157755,
                                                                                                                    "operator_rows_scanned": 0,
                                                                                                                    "operator_timing": 61.360078676006474,
                                                                                                                    "result_set_size": 158286050820,
                                                                                                                    "children": [
                                                                                                                        {
                                                                                                                            "operator_name": "PROJECTION",
                                                                                                                            "cpu_time": 2.6857097290000094,
                                                                                                                            "extra_info": {
                                                                                                                                "Projections": [
                                                                                                                                    "#0",
                                                                                                                                    "#1",
                                                                                                                                    "#2",
                                                                                                                                    "#3",
                                                                                                                                    "__internal_decompress_integral_smallint(#4, 1)",
                                                                                                                                    "#5"
                                                                                                                                ],
                                                                                                                                "Estimated Cardinality": "12744093"
                                                                                                                            },
                                                                                                                            "cumulative_cardinality": 124730125,
                                                                                                                            "operator_type": "PROJECTION",
                                                                                                                            "operator_cardinality": 35129590,
                                                                                                                            "cumulative_rows_scanned": 23836031,
                                                                                                                            "operator_rows_scanned": 0,
                                                                                                                            "operator_timing": 0.026323706000000027,
                                                                                                                            "result_set_size": 702591800,
                                                                                                                            "children": [
                                                                                                                                {
                                                                                                                                    "operator_name": "HASH_JOIN",
                                                                                                                                    "cpu_time": 2.6593860230000095,
                                                                                                                                    "extra_info": {
                                                                                                                                        "Join Type": "RIGHT",
                                                                                                                                        "Conditions": "postid = id",
                                                                                                                                        "Estimated Cardinality": "12744093"
                                                                                                                                    },
                                                                                                                                    "cumulative_cardinality": 89600535,
                                                                                                                                    "operator_type": "HASH_JOIN",
                                                                                                                                    "operator_cardinality": 35129590,
                                                                                                                                    "cumulative_rows_scanned": 23836031,
                                                                                                                                    "operator_rows_scanned": 0,
                                                                                                                                    "operator_timing": 1.5886758500000122,
                                                                                                                                    "result_set_size": 667462210,
                                                                                                                                    "children": [
                                                                                                                                        {
                                                                                                                                            "operator_name": "READ_PARQUET ",
                                                                                                                                            "cpu_time": 0.2756766479999995,
                                                                                                                                            "extra_info": {
                                                                                                                                                "Function": "READ_PARQUET",
                                                                                                                                                "Projections": [
                                                                                                                                                    "postid",
                                                                                                                                                    "votetypeid",
                                                                                                                                                    "userid"
                                                                                                                                                ],
                                                                                                                                                "Estimated Cardinality": "12744093"
                                                                                                                                            },
                                                                                                                                            "cumulative_cardinality": 12744093,
                                                                                                                                            "operator_type": "TABLE_SCAN",
                                                                                                                                            "operator_cardinality": 12744093,
                                                                                                                                            "cumulative_rows_scanned": 12744093,
                                                                                                                                            "operator_rows_scanned": 12744093,
                                                                                                                                            "operator_timing": 0.2756766479999995,
                                                                                                                                            "result_set_size": 127440930,
                                                                                                                                            "children": []
                                                                                                                                        },
                                                                                                                                        {
                                                                                                                                            "operator_name": "PROJECTION",
                                                                                                                                            "cpu_time": 0.7950335249999978,
                                                                                                                                            "extra_info": {
                                                                                                                                                "Projections": [
                                                                                                                                                    "#0",
                                                                                                                                                    "#1",
                                                                                                                                                    "__internal_compress_integral_utinyint(#2, 1)",
                                                                                                                                                    "#3"
                                                                                                                                                ],
                                                                                                                                                "Estimated Cardinality": "7241822"
                                                                                                                                            },
                                                                                                                                            "cumulative_cardinality": 41726852,
                                                                                                                                            "operator_type": "PROJECTION",
                                                                                                                                            "operator_cardinality": 8928266,
                                                                                                                                            "cumulative_rows_scanned": 11091938,
                                                                                                                                            "operator_rows_scanned": 0,
                                                                                                                                            "operator_timing": 0.0026087130000000056,
                                                                                                                                            "result_set_size": 116067458,
                                                                                                                                            "children": [
                                                                                                                                                {
                                                                                                                                                    "operator_name": "PROJECTION",
                                                                                                                                                    "cpu_time": 0.7924248119999978,
                                                                                                                                                    "extra_info": {
                                                                                                                                                        "Projections": [
                                                                                                                                                            "#0",
                                                                                                                                                            "#1",
                                                                                                                                                            "__internal_decompress_integral_smallint(#2, 1)",
                                                                                                                                                            "#3"
                                                                                                                                                        ],
                                                                                                                                                        "Estimated Cardinality": "7241822"
                                                                                                                                                    },
                                                                                                                                                    "cumulative_cardinality": 32798586,
                                                                                                                                                    "operator_type": "PROJECTION",
                                                                                                                                                    "operator_cardinality": 8928266,
                                                                                                                                                    "cumulative_rows_scanned": 11091938,
                                                                                                                                                    "operator_rows_scanned": 0,
                                                                                                                                                    "operator_timing": 0.0030362850000000105,
                                                                                                                                                    "result_set_size": 124995724,
                                                                                                                                                    "children": [
                                                                                                                                                        {
                                                                                                                                                            "operator_name": "HASH_JOIN",
                                                                                                                                                            "cpu_time": 0.7893885269999978,
                                                                                                                                                            "extra_info": {
                                                                                                                                                                "Join Type": "RIGHT",
                                                                                                                                                                "Conditions": "postid = id",
                                                                                                                                                                "Estimated Cardinality": "7241822"
                                                                                                                                                            },
                                                                                                                                                            "cumulative_cardinality": 23870320,
                                                                                                                                                            "operator_type": "HASH_JOIN",
                                                                                                                                                            "operator_cardinality": 8928266,
                                                                                                                                                            "cumulative_rows_scanned": 11091938,
                                                                                                                                                            "operator_rows_scanned": 0,
                                                                                                                                                            "operator_timing": 0.6042063999999983,
                                                                                                                                                            "result_set_size": 116067458,
                                                                                                                                                            "children": [
                                                                                                                                                                {
                                                                                                                                                                    "operator_name": "READ_PARQUET ",
                                                                                                                                                                    "cpu_time": 0.12327960999999966,
                                                                                                                                                                    "extra_info": {
                                                                                                                                                                        "Function": "READ_PARQUET",
                                                                                                                                                                        "Projections": [
                                                                                                                                                                            "id",
                                                                                                                                                                            "postid"
                                                                                                                                                                        ],
                                                                                                                                                                        "Estimated Cardinality": "7241822"
                                                                                                                                                                    },
                                                                                                                                                                    "cumulative_cardinality": 7241822,
                                                                                                                                                                    "operator_type": "TABLE_SCAN",
                                                                                                                                                                    "operator_cardinality": 7241822,
                                                                                                                                                                    "cumulative_rows_scanned": 7241822,
                                                                                                                                                                    "operator_rows_scanned": 7241822,
                                                                                                                                                                    "operator_timing": 0.12327960999999966,
                                                                                                                                                                    "result_set_size": 57934576,
                                                                                                                                                                    "children": []
                                                                                                                                                                },
                                                                                                                                                                {
                                                                                                                                                                    "operator_name": "PROJECTION",
                                                                                                                                                                    "cpu_time": 0.061902516999999956,
                                                                                                                                                                    "extra_info": {
                                                                                                                                                                        "Projections": [
                                                                                                                                                                            "#0",
                                                                                                                                                                            "__internal_compress_integral_utinyint(#1, 1)",
                                                                                                                                                                            "#2"
                                                                                                                                                                        ],
                                                                                                                                                                        "Estimated Cardinality": "3850116"
                                                                                                                                                                    },
                                                                                                                                                                    "cumulative_cardinality": 7700232,
                                                                                                                                                                    "operator_type": "PROJECTION",
                                                                                                                                                                    "operator_cardinality": 3850116,
                                                                                                                                                                    "cumulative_rows_scanned": 3850116,
                                                                                                                                                                    "operator_rows_scanned": 0,
                                                                                                                                                                    "operator_timing": 0.0011727240000000032,
                                                                                                                                                                    "result_set_size": 34651044,
                                                                                                                                                                    "children": [
                                                                                                                                                                        {
                                                                                                                                                                            "operator_name": "READ_PARQUET ",
                                                                                                                                                                            "cpu_time": 0.060729792999999956,
                                                                                                                                                                            "extra_info": {
                                                                                                                                                                                "Function": "READ_PARQUET",
                                                                                                                                                                                "Projections": [
                                                                                                                                                                                    "id",
                                                                                                                                                                                    "posttypeid",
                                                                                                                                                                                    "owneruserid"
                                                                                                                                                                                ],
                                                                                                                                                                                "Estimated Cardinality": "3850116"
                                                                                                                                                                            },
                                                                                                                                                                            "cumulative_cardinality": 3850116,
                                                                                                                                                                            "operator_type": "TABLE_SCAN",
                                                                                                                                                                            "operator_cardinality": 3850116,
                                                                                                                                                                            "cumulative_rows_scanned": 3850116,
                                                                                                                                                                            "operator_rows_scanned": 3850116,
                                                                                                                                                                            "operator_timing": 0.060729792999999956,
                                                                                                                                                                            "result_set_size": 38501160,
                                                                                                                                                                            "children": []
                                                                                                                                                                        }
                                                                                                                                                                    ]
                                                                                                                                                                }
                                                                                                                                                            ]
                                                                                                                                                        }
                                                                                                                                                    ]
                                                                                                                                                }
                                                                                                                                            ]
                                                                                                                                        }
                                                                                                                                    ]
                                                                                                                                }
                                                                                                                            ]
                                                                                                                        },
                                                                                                                        {
                                                                                                                            "operator_name": "READ_PARQUET ",
                                                                                                                            "cpu_time": 0.01347846900000003,
                                                                                                                            "extra_info": {
                                                                                                                                "Function": "READ_PARQUET",
                                                                                                                                "Projections": "userid",
                                                                                                                                "Estimated Cardinality": "2321724"
                                                                                                                            },
                                                                                                                            "cumulative_cardinality": 2321724,
                                                                                                                            "operator_type": "TABLE_SCAN",
                                                                                                                            "operator_cardinality": 2321724,
                                                                                                                            "cumulative_rows_scanned": 2321724,
                                                                                                                            "operator_rows_scanned": 2321724,
                                                                                                                            "operator_timing": 0.01347846900000003,
                                                                                                                            "result_set_size": 9286896,
                                                                                                                            "children": []
                                                                                                                        }
                                                                                                                    ]
                                                                                                                }
                                                                                                            ]
                                                                                                        }
                                                                                                    ]
                                                                                                }
                                                                                            ]
                                                                                        }
                                                                                    ]
                                                                                },
                                                                                {
                                                                                    "operator_name": "HASH_JOIN",
                                                                                    "cpu_time": 0.6112418679999987,
                                                                                    "extra_info": {
                                                                                        "Join Type": "INNER",
                                                                                        "Conditions": "id = UserId",
                                                                                        "Estimated Cardinality": "1260710"
                                                                                    },
                                                                                    "cumulative_cardinality": 7660837,
                                                                                    "operator_type": "HASH_JOIN",
                                                                                    "operator_cardinality": 1260710,
                                                                                    "cumulative_rows_scanned": 15265513,
                                                                                    "operator_rows_scanned": 0,
                                                                                    "operator_timing": 0.10348952399999993,
                                                                                    "result_set_size": 40342720,
                                                                                    "children": [
                                                                                        {
                                                                                            "operator_name": "READ_PARQUET ",
                                                                                            "cpu_time": 0.11996190599999995,
                                                                                            "extra_info": {
                                                                                                "Function": "READ_PARQUET",
                                                                                                "Projections": [
                                                                                                    "id",
                                                                                                    "reputation",
                                                                                                    "displayname"
                                                                                                ],
                                                                                                "Estimated Cardinality": "1260710"
                                                                                            },
                                                                                            "cumulative_cardinality": 1260710,
                                                                                            "operator_type": "TABLE_SCAN",
                                                                                            "operator_cardinality": 1260710,
                                                                                            "cumulative_rows_scanned": 1260710,
                                                                                            "operator_rows_scanned": 1260710,
                                                                                            "operator_timing": 0.11996190599999995,
                                                                                            "result_set_size": 30257040,
                                                                                            "children": []
                                                                                        },
                                                                                        {
                                                                                            "operator_name": "HASH_GROUP_BY",
                                                                                            "cpu_time": 0.3877904379999988,
                                                                                            "extra_info": {
                                                                                                "Groups": "#0",
                                                                                                "Aggregates": "count(#1)",
                                                                                                "Estimated Cardinality": "1260710"
                                                                                            },
                                                                                            "cumulative_cardinality": 5139417,
                                                                                            "operator_type": "HASH_GROUP_BY",
                                                                                            "operator_cardinality": 1260710,
                                                                                            "cumulative_rows_scanned": 14004803,
                                                                                            "operator_rows_scanned": 0,
                                                                                            "operator_timing": 0.13164959799999987,
                                                                                            "result_set_size": 15128520,
                                                                                            "children": [
                                                                                                {
                                                                                                    "operator_name": "PROJECTION",
                                                                                                    "cpu_time": 0.2561408399999989,
                                                                                                    "extra_info": {
                                                                                                        "Projections": [
                                                                                                            "id",
                                                                                                            "id"
                                                                                                        ],
                                                                                                        "Estimated Cardinality": "12744093"
                                                                                                    },
                                                                                                    "cumulative_cardinality": 3878707,
                                                                                                    "operator_type": "PROJECTION",
                                                                                                    "operator_cardinality": 1288855,
                                                                                                    "cumulative_rows_scanned": 14004803,
                                                                                                    "operator_rows_scanned": 0,
                                                                                                    "operator_timing": 0.00012189399999999994,
                                                                                                    "result_set_size": 10310840,
                                                                                                    "children": [
                                                                                                        {
                                                                                                            "operator_name": "HASH_JOIN",
                                                                                                            "cpu_time": 0.2560189459999989,
                                                                                                            "extra_info": {
                                                                                                                "Join Type": "RIGHT",
                                                                                                                "Conditions": "userid = id",
                                                                                                                "Estimated Cardinality": "12744093"
                                                                                                            },
                                                                                                            "cumulative_cardinality": 2589852,
                                                                                                            "operator_type": "HASH_JOIN",
                                                                                                            "operator_cardinality": 1288855,
                                                                                                            "cumulative_rows_scanned": 14004803,
                                                                                                            "operator_rows_scanned": 0,
                                                                                                            "operator_timing": 0.0856827069999994,
                                                                                                            "result_set_size": 10310840,
                                                                                                            "children": [
                                                                                                                {
                                                                                                                    "operator_name": "READ_PARQUET ",
                                                                                                                    "cpu_time": 0.16294101399999952,
                                                                                                                    "extra_info": {
                                                                                                                        "Function": "READ_PARQUET",
                                                                                                                        "Projections": [
                                                                                                                            "id",
                                                                                                                            "userid"
                                                                                                                        ],
                                                                                                                        "Estimated Cardinality": "12744093"
                                                                                                                    },
                                                                                                                    "cumulative_cardinality": 40287,
                                                                                                                    "operator_type": "TABLE_SCAN",
                                                                                                                    "operator_cardinality": 40287,
                                                                                                                    "cumulative_rows_scanned": 12744093,
                                                                                                                    "operator_rows_scanned": 12744093,
                                                                                                                    "operator_timing": 0.16294101399999952,
                                                                                                                    "result_set_size": 322296,
                                                                                                                    "children": []
                                                                                                                },
                                                                                                                {
                                                                                                                    "operator_name": "READ_PARQUET ",
                                                                                                                    "cpu_time": 0.007395225000000017,
                                                                                                                    "extra_info": {
                                                                                                                        "Function": "READ_PARQUET",
                                                                                                                        "Projections": "id",
                                                                                                                        "Estimated Cardinality": "1260710"
                                                                                                                    },
                                                                                                                    "cumulative_cardinality": 1260710,
                                                                                                                    "operator_type": "TABLE_SCAN",
                                                                                                                    "operator_cardinality": 1260710,
                                                                                                                    "cumulative_rows_scanned": 1260710,
                                                                                                                    "operator_rows_scanned": 1260710,
                                                                                                                    "operator_timing": 0.007395225000000017,
                                                                                                                    "result_set_size": 5042840,
                                                                                                                    "children": []
                                                                                                                }
                                                                                                            ]
                                                                                                        }
                                                                                                    ]
                                                                                                }
                                                                                            ]
                                                                                        }
                                                                                    ]
                                                                                }
                                                                            ]
                                                                        },
                                                                        {
                                                                            "operator_name": "READ_PARQUET ",
                                                                            "cpu_time": 0.02641402599999996,
                                                                            "extra_info": {
                                                                                "Function": "READ_PARQUET",
                                                                                "Projections": [
                                                                                    "id",
                                                                                    "userid"
                                                                                ],
                                                                                "Estimated Cardinality": "2321724"
                                                                            },
                                                                            "cumulative_cardinality": 2321724,
                                                                            "operator_type": "TABLE_SCAN",
                                                                            "operator_cardinality": 2321724,
                                                                            "cumulative_rows_scanned": 2321724,
                                                                            "operator_rows_scanned": 2321724,
                                                                            "operator_timing": 0.02641402599999996,
                                                                            "result_set_size": 18573792,
                                                                            "children": []
                                                                        }
                                                                    ]
                                                                }
                                                            ]
                                                        }
                                                    ]
                                                }
                                            ]
                                        }
                                    ]
                                }
                            ]
                        }
                    ]
                }
            ]
        }
    ]
}