{
    "rows_returned": 145542,
    "query_name": "\nSELECT \n    p.Id AS PostID,\n    p.Title AS PostTitle,\n    p.CreationDate AS PostCreationDate,\n    p.ViewCount AS Views,\n    COALESCE(SUM(CASE WHEN v.VoteTypeId = 2 THEN 1 ELSE 0 END), 0) AS UpVotes,\n    COALESCE(SUM(CASE WHEN v.VoteTypeId = 3 THEN 1 ELSE 0 END), 0) AS DownVotes,\n    COUNT(DISTINCT c.Id) AS CommentCount,\n    COUNT(DISTINCT ph.Id) AS EditCount,\n    COUNT(DISTINCT b.Id) AS BadgeCount,\n    COUNT(DISTINCT pl.RelatedPostId) AS RelatedPostsCount\nFROM \n    Posts p\nLEFT JOIN \n    Votes v ON p.Id = v.PostId\nLEFT JOIN \n    Comments c ON p.Id = c.PostId\nLEFT JOIN \n    PostHistory ph ON p.Id = ph.PostId\nLEFT JOIN \n    Badges b ON p.OwnerUserId = b.UserId\nLEFT JOIN \n    PostLinks pl ON p.Id = pl.PostId\nWHERE \n    p.CreationDate >= CAST('2024-10-01 12:34:56' AS TIMESTAMP) - INTERVAL '1 year' \nGROUP BY \n    p.Id, p.Title, p.CreationDate, p.ViewCount\nORDER BY \n    Views DESC;\n",
    "blocked_thread_time": 0.0,
    "cpu_time": 88.70308015699972,
    "extra_info": {},
    "cumulative_cardinality": 1277090783,
    "cumulative_rows_scanned": 38365990,
    "result_set_size": 13972032,
    "latency": 96.891805673,
    "children": [
        {
            "operator_name": "ORDER_BY",
            "cpu_time": 88.70308015699972,
            "extra_info": {
                "Order By": "p.ViewCount DESC"
            },
            "cumulative_cardinality": 1277090783,
            "operator_type": "ORDER_BY",
            "operator_cardinality": 145542,
            "cumulative_rows_scanned": 38365990,
            "operator_rows_scanned": 0,
            "operator_timing": 0.009857029,
            "result_set_size": 13972032,
            "children": [
                {
                    "operator_name": "PROJECTION",
                    "cpu_time": 88.69322312799972,
                    "extra_info": {
                        "Projections": [
                            "PostID",
                            "PostTitle",
                            "PostCreationDate",
                            "Views",
                            "UpVotes",
                            "DownVotes",
                            "CommentCount",
                            "EditCount",
                            "BadgeCount",
                            "RelatedPostsCount"
                        ],
                        "Estimated Cardinality": "3850116"
                    },
                    "cumulative_cardinality": 1276945241,
                    "operator_type": "PROJECTION",
                    "operator_cardinality": 145542,
                    "cumulative_rows_scanned": 38365990,
                    "operator_rows_scanned": 0,
                    "operator_timing": 0.0018910539999999999,
                    "result_set_size": 13972032,
                    "children": [
                        {
                            "operator_name": "HASH_GROUP_BY",
                            "cpu_time": 88.69133207399972,
                            "extra_info": {
                                "Groups": [
                                    "#0",
                                    "#1",
                                    "#2",
                                    "#3"
                                ],
                                "Aggregates": [
                                    "sum(#4)",
                                    "sum(#5)",
                                    "count(DISTINCT #6)",
                                    "count(DISTINCT #7)",
                                    "count(DISTINCT #8)",
                                    "count(DISTINCT #9)"
                                ],
                                "Estimated Cardinality": "3850116"
                            },
                            "cumulative_cardinality": 1276799699,
                            "operator_type": "HASH_GROUP_BY",
                            "operator_cardinality": 145542,
                            "cumulative_rows_scanned": 38365990,
                            "operator_rows_scanned": 0,
                            "operator_timing": 74.8483693620009,
                            "result_set_size": 13972032,
                            "children": [
                                {
                                    "operator_name": "PROJECTION",
                                    "cpu_time": 13.842962711998824,
                                    "extra_info": {
                                        "Projections": [
                                            "id",
                                            "title",
                                            "creationdate",
                                            "viewcount",
                                            "CASE  WHEN ((votetypeid = 2)) THEN (1) ELSE 0 END",
                                            "CASE  WHEN ((votetypeid = 3)) THEN (1) ELSE 0 END",
                                            "id",
                                            "id",
                                            "id",
                                            "relatedpostid"
                                        ],
                                        "Estimated Cardinality": "12744093"
                                    },
                                    "cumulative_cardinality": 1276654157,
                                    "operator_type": "PROJECTION",
                                    "operator_cardinality": 446671897,
                                    "cumulative_rows_scanned": 38365990,
                                    "operator_rows_scanned": 0,
                                    "operator_timing": 2.553099781000032,
                                    "result_set_size": 25013626232,
                                    "children": [
                                        {
                                            "operator_name": "HASH_JOIN",
                                            "cpu_time": 11.289862930998792,
                                            "extra_info": {
                                                "Join Type": "LEFT",
                                                "Conditions": "id = postid",
                                                "Estimated Cardinality": "12744093"
                                            },
                                            "cumulative_cardinality": 829982260,
                                            "operator_type": "HASH_JOIN",
                                            "operator_cardinality": 446671897,
                                            "cumulative_rows_scanned": 38365990,
                                            "operator_rows_scanned": 0,
                                            "operator_timing": 6.168838920998773,
                                            "result_set_size": 22333594850,
                                            "children": [
                                                {
                                                    "operator_name": "HASH_JOIN",
                                                    "cpu_time": 5.116174039000017,
                                                    "extra_info": {
                                                        "Join Type": "LEFT",
                                                        "Conditions": "owneruserid = userid",
                                                        "Estimated Cardinality": "12744093"
                                                    },
                                                    "cumulative_cardinality": 382897372,
                                                    "operator_type": "HASH_JOIN",
                                                    "operator_cardinality": 354827090,
                                                    "cumulative_rows_scanned": 37952999,
                                                    "operator_rows_scanned": 0,
                                                    "operator_timing": 3.8895776400000184,
                                                    "result_set_size": 16322046140,
                                                    "children": [
                                                        {
                                                            "operator_name": "HASH_JOIN",
                                                            "cpu_time": 1.2036306219999997,
                                                            "extra_info": {
                                                                "Join Type": "LEFT",
                                                                "Conditions": "id = postid",
                                                                "Estimated Cardinality": "12744093"
                                                            },
                                                            "cumulative_cardinality": 25748558,
                                                            "operator_type": "HASH_JOIN",
                                                            "operator_cardinality": 4828945,
                                                            "cumulative_rows_scanned": 35631275,
                                                            "operator_rows_scanned": 0,
                                                            "operator_timing": 0.5485070049999997,
                                                            "result_set_size": 222131470,
                                                            "children": [
                                                                {
                                                                    "operator_name": "HASH_JOIN",
                                                                    "cpu_time": 0.5300898749999999,
                                                                    "extra_info": {
                                                                        "Join Type": "LEFT",
                                                                        "Conditions": "id = postid",
                                                                        "Estimated Cardinality": "12744093"
                                                                    },
                                                                    "cumulative_cardinality": 9124369,
                                                                    "operator_type": "HASH_JOIN",
                                                                    "operator_cardinality": 954760,
                                                                    "cumulative_rows_scanned": 23836031,
                                                                    "operator_rows_scanned": 0,
                                                                    "operator_timing": 0.31406711900000006,
                                                                    "result_set_size": 40099920,
                                                                    "children": [
                                                                        {
                                                                            "operator_name": "HASH_JOIN",
                                                                            "cpu_time": 0.122506225,
                                                                            "extra_info": {
                                                                                "Join Type": "RIGHT",
                                                                                "Conditions": "postid = id",
                                                                                "Estimated Cardinality": "12744093"
                                                                            },
                                                                            "cumulative_cardinality": 927787,
                                                                            "operator_type": "HASH_JOIN",
                                                                            "operator_cardinality": 339719,
                                                                            "cumulative_rows_scanned": 16594209,
                                                                            "operator_rows_scanned": 0,
                                                                            "operator_timing": 0.03584866200000001,
                                                                            "result_set_size": 12909322,
                                                                            "children": [
                                                                                {
                                                                                    "operator_name": "READ_PARQUET ",
                                                                                    "cpu_time": 0.020488163000000004,
                                                                                    "extra_info": {
                                                                                        "Function": "READ_PARQUET",
                                                                                        "Projections": [
                                                                                            "postid",
                                                                                            "votetypeid"
                                                                                        ],
                                                                                        "Estimated Cardinality": "12744093"
                                                                                    },
                                                                                    "cumulative_cardinality": 442526,
                                                                                    "operator_type": "TABLE_SCAN",
                                                                                    "operator_cardinality": 442526,
                                                                                    "cumulative_rows_scanned": 12744093,
                                                                                    "operator_rows_scanned": 12744093,
                                                                                    "operator_timing": 0.020488163000000004,
                                                                                    "result_set_size": 2655156,
                                                                                    "children": []
                                                                                },
                                                                                {
                                                                                    "operator_name": "READ_PARQUET ",
                                                                                    "cpu_time": 0.06616939999999999,
                                                                                    "extra_info": {
                                                                                        "Function": "READ_PARQUET",
                                                                                        "Projections": [
                                                                                            "id",
                                                                                            "creationdate",
                                                                                            "viewcount",
                                                                                            "owneruserid",
                                                                                            "title"
                                                                                        ],
                                                                                        "Filters": "creationdate>='2023-10-01 12:34:56'::TIMESTAMP",
                                                                                        "Estimated Cardinality": "770023"
                                                                                    },
                                                                                    "cumulative_cardinality": 145542,
                                                                                    "operator_type": "TABLE_SCAN",
                                                                                    "operator_cardinality": 145542,
                                                                                    "cumulative_rows_scanned": 3850116,
                                                                                    "operator_rows_scanned": 3850116,
                                                                                    "operator_timing": 0.06616939999999999,
                                                                                    "result_set_size": 5239512,
                                                                                    "children": []
                                                                                }
                                                                            ]
                                                                        },
                                                                        {
                                                                            "operator_name": "READ_PARQUET ",
                                                                            "cpu_time": 0.09351653099999993,
                                                                            "extra_info": {
                                                                                "Function": "READ_PARQUET",
                                                                                "Projections": [
                                                                                    "id",
                                                                                    "postid"
                                                                                ],
                                                                                "Estimated Cardinality": "7241822"
                                                                            },
                                                                            "cumulative_cardinality": 7241822,
                                                                            "operator_type": "TABLE_SCAN",
                                                                            "operator_cardinality": 7241822,
                                                                            "cumulative_rows_scanned": 7241822,
                                                                            "operator_rows_scanned": 7241822,
                                                                            "operator_timing": 0.09351653099999993,
                                                                            "result_set_size": 57934576,
                                                                            "children": []
                                                                        }
                                                                    ]
                                                                },
                                                                {
                                                                    "operator_name": "READ_PARQUET ",
                                                                    "cpu_time": 0.12503374200000014,
                                                                    "extra_info": {
                                                                        "Function": "READ_PARQUET",
                                                                        "Projections": [
                                                                            "id",
                                                                            "postid"
                                                                        ],
                                                                        "Estimated Cardinality": "11795244"
                                                                    },
                                                                    "cumulative_cardinality": 11795244,
                                                                    "operator_type": "TABLE_SCAN",
                                                                    "operator_cardinality": 11795244,
                                                                    "cumulative_rows_scanned": 11795244,
                                                                    "operator_rows_scanned": 11795244,
                                                                    "operator_timing": 0.12503374200000014,
                                                                    "result_set_size": 94361952,
                                                                    "children": []
                                                                }
                                                            ]
                                                        },
                                                        {
                                                            "operator_name": "READ_PARQUET ",
                                                            "cpu_time": 0.022965777000000003,
                                                            "extra_info": {
                                                                "Function": "READ_PARQUET",
                                                                "Projections": [
                                                                    "id",
                                                                    "userid"
                                                                ],
                                                                "Estimated Cardinality": "2321724"
                                                            },
                                                            "cumulative_cardinality": 2321724,
                                                            "operator_type": "TABLE_SCAN",
                                                            "operator_cardinality": 2321724,
                                                            "cumulative_rows_scanned": 2321724,
                                                            "operator_rows_scanned": 2321724,
                                                            "operator_timing": 0.022965777000000003,
                                                            "result_set_size": 18573792,
                                                            "children": []
                                                        }
                                                    ]
                                                },
                                                {
                                                    "operator_name": "READ_PARQUET ",
                                                    "cpu_time": 0.004849971000000001,
                                                    "extra_info": {
                                                        "Function": "READ_PARQUET",
                                                        "Projections": [
                                                            "postid",
                                                            "relatedpostid"
                                                        ],
                                                        "Estimated Cardinality": "412991"
                                                    },
                                                    "cumulative_cardinality": 412991,
                                                    "operator_type": "TABLE_SCAN",
                                                    "operator_cardinality": 412991,
                                                    "cumulative_rows_scanned": 412991,
                                                    "operator_rows_scanned": 412991,
                                                    "operator_timing": 0.004849971000000001,
                                                    "result_set_size": 3303928,
                                                    "children": []
                                                }
                                            ]
                                        }
                                    ]
                                }
                            ]
                        }
                    ]
                }
            ]
        }
    ]
}