{
    "rows_returned": 872772,
    "query_name": "\nSELECT \n    P.Id AS PostId,\n    P.Title,\n    P.CreationDate,\n    P.Score,\n    P.ViewCount,\n    P.AnswerCount,\n    P.CommentCount,\n    U.DisplayName AS OwnerDisplayName,\n    U.Reputation AS OwnerReputation,\n    PH.PostHistoryTypeId,\n    PH.CreationDate AS PostHistoryDate,\n    COUNT(V.Id) AS VoteCount,\n    SUM(CASE WHEN V.VoteTypeId = 2 THEN 1 ELSE 0 END) AS UpVotes,\n    SUM(CASE WHEN V.VoteTypeId = 3 THEN 1 ELSE 0 END) AS DownVotes,\n    SUM(CASE WHEN B.Id IS NOT NULL THEN 1 ELSE 0 END) AS BadgeCount\nFROM \n    Posts P\nJOIN \n    Users U ON P.OwnerUserId = U.Id\nLEFT JOIN \n    PostHistory PH ON P.Id = PH.PostId\nLEFT JOIN \n    Votes V ON P.Id = V.PostId\nLEFT JOIN \n    Badges B ON U.Id = B.UserId\nWHERE \n    P.CreationDate >= DATE '2023-01-01'\nGROUP BY \n    P.Id, P.Title, P.CreationDate, P.Score, P.ViewCount, P.AnswerCount, P.CommentCount, \n    U.Id, U.DisplayName, U.Reputation, PH.PostHistoryTypeId, PH.CreationDate\nORDER BY \n    P.CreationDate DESC;\n",
    "blocked_thread_time": 0.0,
    "cpu_time": 19.122718897999885,
    "extra_info": {},
    "cumulative_cardinality": 591851507,
    "cumulative_rows_scanned": 31971887,
    "result_set_size": 113460360,
    "latency": 25.559862471,
    "children": [
        {
            "operator_name": "PROJECTION",
            "cpu_time": 19.122718897999885,
            "extra_info": {
                "Projections": [
                    "#0",
                    "#1",
                    "#2",
                    "__internal_decompress_integral_integer(#3, -72)",
                    "#4",
                    "__internal_decompress_integral_integer(#5, 0)",
                    "__internal_decompress_integral_integer(#6, 0)",
                    "#7",
                    "#8",
                    "__internal_decompress_integral_smallint(#9, 1)",
                    "#10",
                    "#11",
                    "#12",
                    "#13",
                    "#14"
                ],
                "Estimated Cardinality": "3850116"
            },
            "cumulative_cardinality": 591851507,
            "operator_type": "PROJECTION",
            "operator_cardinality": 872772,
            "cumulative_rows_scanned": 31971887,
            "operator_rows_scanned": 0,
            "operator_timing": 0.002310146000000002,
            "result_set_size": 113460360,
            "children": [
                {
                    "operator_name": "ORDER_BY",
                    "cpu_time": 19.120408751999886,
                    "extra_info": {
                        "Order By": "P.CreationDate DESC"
                    },
                    "cumulative_cardinality": 590978735,
                    "operator_type": "ORDER_BY",
                    "operator_cardinality": 872772,
                    "cumulative_rows_scanned": 31971887,
                    "operator_rows_scanned": 0,
                    "operator_timing": 0.10328347599999993,
                    "result_set_size": 105605412,
                    "children": [
                        {
                            "operator_name": "PROJECTION",
                            "cpu_time": 19.017125275999884,
                            "extra_info": {
                                "Projections": [
                                    "#0",
                                    "#1",
                                    "#2",
                                    "__internal_compress_integral_usmallint(#3, -72)",
                                    "#4",
                                    "__internal_compress_integral_utinyint(#5, 0)",
                                    "__internal_compress_integral_utinyint(#6, 0)",
                                    "#7",
                                    "#8",
                                    "__internal_compress_integral_utinyint(#9, 1)",
                                    "#10",
                                    "#11",
                                    "#12",
                                    "#13",
                                    "#14"
                                ],
                                "Estimated Cardinality": "3850116"
                            },
                            "cumulative_cardinality": 590105963,
                            "operator_type": "PROJECTION",
                            "operator_cardinality": 872772,
                            "cumulative_rows_scanned": 31971887,
                            "operator_rows_scanned": 0,
                            "operator_timing": 0.002874475,
                            "result_set_size": 105605412,
                            "children": [
                                {
                                    "operator_name": "PROJECTION",
                                    "cpu_time": 19.014250800999886,
                                    "extra_info": {
                                        "Projections": [
                                            "PostId",
                                            "title",
                                            "creationdate",
                                            "score",
                                            "viewcount",
                                            "answercount",
                                            "commentcount",
                                            "OwnerDisplayName",
                                            "OwnerReputation",
                                            "posthistorytypeid",
                                            "PostHistoryDate",
                                            "VoteCount",
                                            "UpVotes",
                                            "DownVotes",
                                            "BadgeCount"
                                        ],
                                        "Estimated Cardinality": "3850116"
                                    },
                                    "cumulative_cardinality": 589233191,
                                    "operator_type": "PROJECTION",
                                    "operator_cardinality": 872772,
                                    "cumulative_rows_scanned": 31971887,
                                    "operator_rows_scanned": 0,
                                    "operator_timing": 0.0003046490000000001,
                                    "result_set_size": 113460360,
                                    "children": [
                                        {
                                            "operator_name": "PROJECTION",
                                            "cpu_time": 19.013946151999885,
                                            "extra_info": {
                                                "Projections": [
                                                    "#0",
                                                    "#1",
                                                    "#2",
                                                    "__internal_decompress_integral_integer(#3, -72)",
                                                    "#4",
                                                    "__internal_decompress_integral_integer(#5, 0)",
                                                    "__internal_decompress_integral_integer(#6, 0)",
                                                    "#7",
                                                    "#8",
                                                    "#9",
                                                    "__internal_decompress_integral_smallint(#10, 1)",
                                                    "#11",
                                                    "#12",
                                                    "#13",
                                                    "#14",
                                                    "#15"
                                                ],
                                                "Estimated Cardinality": "3850116"
                                            },
                                            "cumulative_cardinality": 588360419,
                                            "operator_type": "PROJECTION",
                                            "operator_cardinality": 872772,
                                            "cumulative_rows_scanned": 31971887,
                                            "operator_rows_scanned": 0,
                                            "operator_timing": 0.0029722320000000035,
                                            "result_set_size": 116951448,
                                            "children": [
                                                {
                                                    "operator_name": "HASH_GROUP_BY",
                                                    "cpu_time": 19.010973919999884,
                                                    "extra_info": {
                                                        "Groups": [
                                                            "#0",
                                                            "#1",
                                                            "#2",
                                                            "#3",
                                                            "#4",
                                                            "#5",
                                                            "#6",
                                                            "#7",
                                                            "#8",
                                                            "#9",
                                                            "#10",
                                                            "#11"
                                                        ],
                                                        "Aggregates": [
                                                            "count(#12)",
                                                            "sum(#13)",
                                                            "sum(#14)",
                                                            "sum(#15)"
                                                        ],
                                                        "Estimated Cardinality": "3850116"
                                                    },
                                                    "cumulative_cardinality": 587487647,
                                                    "operator_type": "HASH_GROUP_BY",
                                                    "operator_cardinality": 872772,
                                                    "cumulative_rows_scanned": 31971887,
                                                    "operator_rows_scanned": 0,
                                                    "operator_timing": 13.694067881999864,
                                                    "result_set_size": 109096500,
                                                    "children": [
                                                        {
                                                            "operator_name": "PROJECTION",
                                                            "cpu_time": 5.3169060380000195,
                                                            "extra_info": {
                                                                "Projections": [
                                                                    "id",
                                                                    "title",
                                                                    "creationdate",
                                                                    "score",
                                                                    "viewcount",
                                                                    "answercount",
                                                                    "commentcount",
                                                                    "id",
                                                                    "displayname",
                                                                    "reputation",
                                                                    "posthistorytypeid",
                                                                    "creationdate",
                                                                    "id",
                                                                    "CASE  WHEN ((votetypeid = 2)) THEN (1) ELSE 0 END",
                                                                    "CASE  WHEN ((votetypeid = 3)) THEN (1) ELSE 0 END",
                                                                    "CASE  WHEN ((id IS NOT NULL)) THEN (1) ELSE 0 END"
                                                                ],
                                                                "Estimated Cardinality": "12744093"
                                                            },
                                                            "cumulative_cardinality": 586614875,
                                                            "operator_type": "PROJECTION",
                                                            "operator_cardinality": 183536288,
                                                            "cumulative_rows_scanned": 31971887,
                                                            "operator_rows_scanned": 0,
                                                            "operator_timing": 1.3097535450000173,
                                                            "result_set_size": 15600584480,
                                                            "children": [
                                                                {
                                                                    "operator_name": "PROJECTION",
                                                                    "cpu_time": 4.007152493000002,
                                                                    "extra_info": {
                                                                        "Projections": [
                                                                            "__internal_compress_integral_utinyint(#0, 1)",
                                                                            "#1",
                                                                            "#2",
                                                                            "#3",
                                                                            "#4",
                                                                            "#5",
                                                                            "__internal_compress_integral_usmallint(#6, -72)",
                                                                            "#7",
                                                                            "#8",
                                                                            "#9",
                                                                            "__internal_compress_integral_utinyint(#10, 0)",
                                                                            "__internal_compress_integral_utinyint(#11, 0)",
                                                                            "#12",
                                                                            "#13",
                                                                            "#14"
                                                                        ],
                                                                        "Estimated Cardinality": "12744093"
                                                                    },
                                                                    "cumulative_cardinality": 403078587,
                                                                    "operator_type": "PROJECTION",
                                                                    "operator_cardinality": 183536288,
                                                                    "cumulative_rows_scanned": 31971887,
                                                                    "operator_rows_scanned": 0,
                                                                    "operator_timing": 0.8318418420000103,
                                                                    "result_set_size": 14499366752,
                                                                    "children": [
                                                                        {
                                                                            "operator_name": "HASH_JOIN",
                                                                            "cpu_time": 3.175310650999992,
                                                                            "extra_info": {
                                                                                "Join Type": "LEFT",
                                                                                "Conditions": "id = userid",
                                                                                "Estimated Cardinality": "12744093"
                                                                            },
                                                                            "cumulative_cardinality": 219542299,
                                                                            "operator_type": "HASH_JOIN",
                                                                            "operator_cardinality": 183536288,
                                                                            "cumulative_rows_scanned": 31971887,
                                                                            "operator_rows_scanned": 0,
                                                                            "operator_timing": 1.9746498849999925,
                                                                            "result_set_size": 16151193344,
                                                                            "children": [
                                                                                {
                                                                                    "operator_name": "PROJECTION",
                                                                                    "cpu_time": 1.1781317679999999,
                                                                                    "extra_info": {
                                                                                        "Projections": [
                                                                                            "#0",
                                                                                            "#1",
                                                                                            "#2",
                                                                                            "#3",
                                                                                            "#4",
                                                                                            "#5",
                                                                                            "#6",
                                                                                            "#7",
                                                                                            "#8",
                                                                                            "#9",
                                                                                            "#10",
                                                                                            "#11",
                                                                                            "#12",
                                                                                            "__internal_decompress_integral_smallint(#13, 1)"
                                                                                        ],
                                                                                        "Estimated Cardinality": "12744093"
                                                                                    },
                                                                                    "cumulative_cardinality": 33684287,
                                                                                    "operator_type": "PROJECTION",
                                                                                    "operator_cardinality": 2322307,
                                                                                    "cumulative_rows_scanned": 29650163,
                                                                                    "operator_rows_scanned": 0,
                                                                                    "operator_timing": 0.0026595180000000026,
                                                                                    "result_set_size": 195073788,
                                                                                    "children": [
                                                                                        {
                                                                                            "operator_name": "HASH_JOIN",
                                                                                            "cpu_time": 1.1754722499999999,
                                                                                            "extra_info": {
                                                                                                "Join Type": "LEFT",
                                                                                                "Conditions": "id = postid",
                                                                                                "Estimated Cardinality": "12744093"
                                                                                            },
                                                                                            "cumulative_cardinality": 31361980,
                                                                                            "operator_type": "HASH_JOIN",
                                                                                            "operator_cardinality": 2322307,
                                                                                            "cumulative_rows_scanned": 29650163,
                                                                                            "operator_rows_scanned": 0,
                                                                                            "operator_timing": 0.6201707360000005,
                                                                                            "result_set_size": 192751481,
                                                                                            "children": [
                                                                                                {
                                                                                                    "operator_name": "HASH_JOIN",
                                                                                                    "cpu_time": 0.36865579999999976,
                                                                                                    "extra_info": {
                                                                                                        "Join Type": "RIGHT",
                                                                                                        "Conditions": "postid = id",
                                                                                                        "Estimated Cardinality": "11795244"
                                                                                                    },
                                                                                                    "cumulative_cardinality": 3551487,
                                                                                                    "operator_type": "HASH_JOIN",
                                                                                                    "operator_cardinality": 873627,
                                                                                                    "cumulative_rows_scanned": 16906070,
                                                                                                    "operator_rows_scanned": 0,
                                                                                                    "operator_timing": 0.09815884499999991,
                                                                                                    "result_set_size": 68142906,
                                                                                                    "children": [
                                                                                                        {
                                                                                                            "operator_name": "READ_PARQUET ",
                                                                                                            "cpu_time": 0.04063924399999995,
                                                                                                            "extra_info": {
                                                                                                                "Function": "READ_PARQUET",
                                                                                                                "Projections": [
                                                                                                                    "posthistorytypeid",
                                                                                                                    "postid",
                                                                                                                    "creationdate"
                                                                                                                ],
                                                                                                                "Estimated Cardinality": "11795244"
                                                                                                            },
                                                                                                            "cumulative_cardinality": 890513,
                                                                                                            "operator_type": "TABLE_SCAN",
                                                                                                            "operator_cardinality": 890513,
                                                                                                            "cumulative_rows_scanned": 11795244,
                                                                                                            "operator_rows_scanned": 11795244,
                                                                                                            "operator_timing": 0.04063924399999995,
                                                                                                            "result_set_size": 12467182,
                                                                                                            "children": []
                                                                                                        },
                                                                                                        {
                                                                                                            "operator_name": "HASH_JOIN",
                                                                                                            "cpu_time": 0.2298577109999999,
                                                                                                            "extra_info": {
                                                                                                                "Join Type": "INNER",
                                                                                                                "Conditions": "id = owneruserid",
                                                                                                                "Estimated Cardinality": "770023"
                                                                                                            },
                                                                                                            "cumulative_cardinality": 1787347,
                                                                                                            "operator_type": "HASH_JOIN",
                                                                                                            "operator_cardinality": 261413,
                                                                                                            "cumulative_rows_scanned": 5110826,
                                                                                                            "operator_rows_scanned": 0,
                                                                                                            "operator_timing": 0.05525743699999997,
                                                                                                            "result_set_size": 17776084,
                                                                                                            "children": [
                                                                                                                {
                                                                                                                    "operator_name": "READ_PARQUET ",
                                                                                                                    "cpu_time": 0.09271811799999993,
                                                                                                                    "extra_info": {
                                                                                                                        "Function": "READ_PARQUET",
                                                                                                                        "Projections": [
                                                                                                                            "id",
                                                                                                                            "reputation",
                                                                                                                            "displayname"
                                                                                                                        ],
                                                                                                                        "Filters": "id<=1416539",
                                                                                                                        "Estimated Cardinality": "1260710"
                                                                                                                    },
                                                                                                                    "cumulative_cardinality": 1260679,
                                                                                                                    "operator_type": "TABLE_SCAN",
                                                                                                                    "operator_cardinality": 1260679,
                                                                                                                    "cumulative_rows_scanned": 1260710,
                                                                                                                    "operator_rows_scanned": 1260710,
                                                                                                                    "operator_timing": 0.09271811799999993,
                                                                                                                    "result_set_size": 30256296,
                                                                                                                    "children": []
                                                                                                                },
                                                                                                                {
                                                                                                                    "operator_name": "READ_PARQUET ",
                                                                                                                    "cpu_time": 0.08188215600000001,
                                                                                                                    "extra_info": {
                                                                                                                        "Function": "READ_PARQUET",
                                                                                                                        "Projections": [
                                                                                                                            "id",
                                                                                                                            "creationdate",
                                                                                                                            "score",
                                                                                                                            "viewcount",
                                                                                                                            "owneruserid",
                                                                                                                            "title",
                                                                                                                            "answercount",
                                                                                                                            "commentcount"
                                                                                                                        ],
                                                                                                                        "Filters": "creationdate>='2023-01-01 00:00:00'::TIMESTAMP",
                                                                                                                        "Estimated Cardinality": "770023"
                                                                                                                    },
                                                                                                                    "cumulative_cardinality": 265255,
                                                                                                                    "operator_type": "TABLE_SCAN",
                                                                                                                    "operator_cardinality": 265255,
                                                                                                                    "cumulative_rows_scanned": 3850116,
                                                                                                                    "operator_rows_scanned": 3850116,
                                                                                                                    "operator_timing": 0.08188215600000001,
                                                                                                                    "result_set_size": 12732240,
                                                                                                                    "children": []
                                                                                                                }
                                                                                                            ]
                                                                                                        }
                                                                                                    ]
                                                                                                },
                                                                                                {
                                                                                                    "operator_name": "PROJECTION",
                                                                                                    "cpu_time": 0.18664571399999963,
                                                                                                    "extra_info": {
                                                                                                        "Projections": [
                                                                                                            "#0",
                                                                                                            "#1",
                                                                                                            "__internal_compress_integral_utinyint(#2, 1)"
                                                                                                        ],
                                                                                                        "Estimated Cardinality": "12744093"
                                                                                                    },
                                                                                                    "cumulative_cardinality": 25488186,
                                                                                                    "operator_type": "PROJECTION",
                                                                                                    "operator_cardinality": 12744093,
                                                                                                    "cumulative_rows_scanned": 12744093,
                                                                                                    "operator_rows_scanned": 0,
                                                                                                    "operator_timing": 0.003562137999999962,
                                                                                                    "result_set_size": 114696837,
                                                                                                    "children": [
                                                                                                        {
                                                                                                            "operator_name": "READ_PARQUET ",
                                                                                                            "cpu_time": 0.18308357599999966,
                                                                                                            "extra_info": {
                                                                                                                "Function": "READ_PARQUET",
                                                                                                                "Projections": [
                                                                                                                    "id",
                                                                                                                    "postid",
                                                                                                                    "votetypeid"
                                                                                                                ],
                                                                                                                "Estimated Cardinality": "12744093"
                                                                                                            },
                                                                                                            "cumulative_cardinality": 12744093,
                                                                                                            "operator_type": "TABLE_SCAN",
                                                                                                            "operator_cardinality": 12744093,
                                                                                                            "cumulative_rows_scanned": 12744093,
                                                                                                            "operator_rows_scanned": 12744093,
                                                                                                            "operator_timing": 0.18308357599999966,
                                                                                                            "result_set_size": 127440930,
                                                                                                            "children": []
                                                                                                        }
                                                                                                    ]
                                                                                                }
                                                                                            ]
                                                                                        }
                                                                                    ]
                                                                                },
                                                                                {
                                                                                    "operator_name": "READ_PARQUET ",
                                                                                    "cpu_time": 0.022528997999999984,
                                                                                    "extra_info": {
                                                                                        "Function": "READ_PARQUET",
                                                                                        "Projections": [
                                                                                            "id",
                                                                                            "userid"
                                                                                        ],
                                                                                        "Estimated Cardinality": "2321724"
                                                                                    },
                                                                                    "cumulative_cardinality": 2321724,
                                                                                    "operator_type": "TABLE_SCAN",
                                                                                    "operator_cardinality": 2321724,
                                                                                    "cumulative_rows_scanned": 2321724,
                                                                                    "operator_rows_scanned": 2321724,
                                                                                    "operator_timing": 0.022528997999999984,
                                                                                    "result_set_size": 18573792,
                                                                                    "children": []
                                                                                }
                                                                            ]
                                                                        }
                                                                    ]
                                                                }
                                                            ]
                                                        }
                                                    ]
                                                }
                                            ]
                                        }
                                    ]
                                }
                            ]
                        }
                    ]
                }
            ]
        }
    ]
}