{
    "rows_returned": 7,
    "query_name": "SELECT \n    pt.Name AS PostType,\n    COUNT(p.Id) AS TotalPosts,\n    AVG(p.Score) AS AverageScore,\n    SUM(p.ViewCount) AS TotalViews,\n    AVG(p.AnswerCount) AS AverageAnswerCount,\n    AVG(p.CommentCount) AS AverageCommentCount,\n    AVG(p.FavoriteCount) AS AverageFavoriteCount,\n    COUNT(DISTINCT p.OwnerUserId) AS UniqueUsers\nFROM \n    Posts p\nJOIN \n    PostTypes pt ON p.PostTypeId = pt.Id\nGROUP BY \n    pt.Name\nORDER BY \n    TotalPosts DESC;",
    "blocked_thread_time": 0.0,
    "cpu_time": 0.4905245540000005,
    "extra_info": {},
    "cumulative_cardinality": 11550369,
    "cumulative_rows_scanned": 3850124,
    "result_set_size": 560,
    "latency": 0.523527306,
    "children": [
        {
            "operator_name": "ORDER_BY",
            "cpu_time": 0.4905245540000005,
            "extra_info": {
                "Order By": "count(p.Id) DESC"
            },
            "cumulative_cardinality": 11550369,
            "operator_type": "ORDER_BY",
            "operator_cardinality": 7,
            "cumulative_rows_scanned": 3850124,
            "operator_rows_scanned": 0,
            "operator_timing": 0.000028354,
            "result_set_size": 560,
            "children": [
                {
                    "operator_name": "HASH_GROUP_BY",
                    "cpu_time": 0.4904962000000005,
                    "extra_info": {
                        "Groups": "#0",
                        "Aggregates": [
                            "count_star()",
                            "avg(#1)",
                            "sum(#2)",
                            "avg(#3)",
                            "avg(#4)",
                            "avg(#5)",
                            "count(DISTINCT #6)"
                        ],
                        "Estimated Cardinality": "1925058"
                    },
                    "cumulative_cardinality": 11550362,
                    "operator_type": "HASH_GROUP_BY",
                    "operator_cardinality": 7,
                    "cumulative_rows_scanned": 3850124,
                    "operator_rows_scanned": 0,
                    "operator_timing": 0.2923178330000005,
                    "result_set_size": 560,
                    "children": [
                        {
                            "operator_name": "PROJECTION",
                            "cpu_time": 0.19817836699999997,
                            "extra_info": {
                                "Projections": [
                                    "name",
                                    "score",
                                    "viewcount",
                                    "answercount",
                                    "commentcount",
                                    "favoritecount",
                                    "owneruserid"
                                ],
                                "Estimated Cardinality": "3850116"
                            },
                            "cumulative_cardinality": 11550355,
                            "operator_type": "PROJECTION",
                            "operator_cardinality": 3850116,
                            "cumulative_rows_scanned": 3850124,
                            "operator_rows_scanned": 0,
                            "operator_timing": 0.0006948289999999974,
                            "result_set_size": 154004640,
                            "children": [
                                {
                                    "operator_name": "HASH_JOIN",
                                    "cpu_time": 0.19748353799999996,
                                    "extra_info": {
                                        "Join Type": "INNER",
                                        "Conditions": "posttypeid = id",
                                        "Estimated Cardinality": "3850116"
                                    },
                                    "cumulative_cardinality": 7700239,
                                    "operator_type": "HASH_JOIN",
                                    "operator_cardinality": 3850116,
                                    "cumulative_rows_scanned": 3850124,
                                    "operator_rows_scanned": 0,
                                    "operator_timing": 0.008906554999999986,
                                    "result_set_size": 154004640,
                                    "children": [
                                        {
                                            "operator_name": "READ_PARQUET ",
                                            "cpu_time": 0.18826288699999996,
                                            "extra_info": {
                                                "Function": "READ_PARQUET",
                                                "Projections": [
                                                    "id",
                                                    "posttypeid",
                                                    "score",
                                                    "viewcount",
                                                    "owneruserid",
                                                    "answercount",
                                                    "commentcount",
                                                    "favoritecount"
                                                ],
                                                "Estimated Cardinality": "3850116"
                                            },
                                            "cumulative_cardinality": 3850116,
                                            "operator_type": "TABLE_SCAN",
                                            "operator_cardinality": 3850116,
                                            "cumulative_rows_scanned": 3850116,
                                            "operator_rows_scanned": 3850116,
                                            "operator_timing": 0.18826288699999996,
                                            "result_set_size": 115503480,
                                            "children": []
                                        },
                                        {
                                            "operator_name": "READ_PARQUET ",
                                            "cpu_time": 0.000314096,
                                            "extra_info": {
                                                "Function": "READ_PARQUET",
                                                "Projections": [
                                                    "id",
                                                    "name"
                                                ],
                                                "Filters": "id<=7",
                                                "Estimated Cardinality": "8"
                                            },
                                            "cumulative_cardinality": 7,
                                            "operator_type": "TABLE_SCAN",
                                            "operator_cardinality": 7,
                                            "cumulative_rows_scanned": 8,
                                            "operator_rows_scanned": 8,
                                            "operator_timing": 0.000314096,
                                            "result_set_size": 126,
                                            "children": []
                                        }
                                    ]
                                }
                            ]
                        }
                    ]
                }
            ]
        }
    ]
}