{
    "rows_returned": 7,
    "query_name": "\nWITH PostStats AS (\n    SELECT \n        p.Id AS PostId,\n        p.PostTypeId,\n        COUNT(c.Id) AS CommentCount,\n        COUNT(v.Id) AS VoteCount,\n        AVG(LENGTH(p.Body)) AS AvgBodyLength,\n        MAX(p.Score) AS MaxScore,\n        MAX(p.ViewCount) AS MaxViewCount,\n        MIN(p.CreationDate) AS FirstPostDate,\n        MAX(p.LastActivityDate) AS LastActivityDate\n    FROM \n        Posts p\n    LEFT JOIN \n        Comments c ON p.Id = c.PostId \n    LEFT JOIN \n        Votes v ON p.Id = v.PostId \n    GROUP BY \n        p.Id, p.PostTypeId\n)\n\nSELECT \n    pt.Name AS PostType,\n    SUM(ps.CommentCount) AS TotalComments,\n    SUM(ps.VoteCount) AS TotalVotes,\n    AVG(ps.AvgBodyLength) AS AvgBodyLength,\n    MAX(ps.MaxScore) AS MaxScoreAcrossPosts,\n    MAX(ps.MaxViewCount) AS MaxViewCountAcrossPosts,\n    COUNT(DISTINCT ps.PostId) AS TotalPosts,\n    MIN(ps.FirstPostDate) AS FirstPostDate,\n    MAX(ps.LastActivityDate) AS LastActivityDate\nFROM \n    PostStats ps\nJOIN \n    PostTypes pt ON ps.PostTypeId = pt.Id\nGROUP BY \n    pt.Name\nORDER BY \n    TotalPosts DESC;\n",
    "blocked_thread_time": 0.0,
    "cpu_time": 24.999777130000016,
    "extra_info": {},
    "cumulative_cardinality": 153553552,
    "cumulative_rows_scanned": 23836039,
    "result_set_size": 616,
    "latency": 26.07515836,
    "children": [
        {
            "operator_name": "ORDER_BY",
            "cpu_time": 24.999777130000016,
            "extra_info": {
                "Order By": "count(DISTINCT ps.PostId) DESC"
            },
            "cumulative_cardinality": 153553552,
            "operator_type": "ORDER_BY",
            "operator_cardinality": 7,
            "cumulative_rows_scanned": 23836039,
            "operator_rows_scanned": 0,
            "operator_timing": 0.000026629000000000002,
            "result_set_size": 616,
            "children": [
                {
                    "operator_name": "HASH_GROUP_BY",
                    "cpu_time": 24.999750501000015,
                    "extra_info": {
                        "Groups": "#0",
                        "Aggregates": [
                            "sum(#1)",
                            "sum(#2)",
                            "avg(#3)",
                            "max(#4)",
                            "max(#5)",
                            "count(DISTINCT #6)",
                            "min(#7)",
                            "max(#8)"
                        ],
                        "Estimated Cardinality": "1925058"
                    },
                    "cumulative_cardinality": 153553545,
                    "operator_type": "HASH_GROUP_BY",
                    "operator_cardinality": 7,
                    "cumulative_rows_scanned": 23836039,
                    "operator_rows_scanned": 0,
                    "operator_timing": 0.5290221980000005,
                    "result_set_size": 616,
                    "children": [
                        {
                            "operator_name": "PROJECTION",
                            "cpu_time": 24.470728303000016,
                            "extra_info": {
                                "Projections": [
                                    "name",
                                    "CommentCount",
                                    "VoteCount",
                                    "AvgBodyLength",
                                    "MaxScore",
                                    "MaxViewCount",
                                    "PostId",
                                    "FirstPostDate",
                                    "LastActivityDate"
                                ],
                                "Estimated Cardinality": "3850116"
                            },
                            "cumulative_cardinality": 153553538,
                            "operator_type": "PROJECTION",
                            "operator_cardinality": 3850116,
                            "cumulative_rows_scanned": 23836039,
                            "operator_rows_scanned": 0,
                            "operator_timing": 0.0010153900000000025,
                            "result_set_size": 261807888,
                            "children": [
                                {
                                    "operator_name": "HASH_JOIN",
                                    "cpu_time": 24.469712913000016,
                                    "extra_info": {
                                        "Join Type": "INNER",
                                        "Conditions": "posttypeid = id",
                                        "Estimated Cardinality": "3850116"
                                    },
                                    "cumulative_cardinality": 149703422,
                                    "operator_type": "HASH_JOIN",
                                    "operator_cardinality": 3850116,
                                    "cumulative_rows_scanned": 23836039,
                                    "operator_rows_scanned": 0,
                                    "operator_timing": 0.006486271000000052,
                                    "result_set_size": 261807888,
                                    "children": [
                                        {
                                            "operator_name": "PROJECTION",
                                            "cpu_time": 24.462915460000016,
                                            "extra_info": {
                                                "Projections": [
                                                    "#0",
                                                    "__internal_decompress_integral_smallint(#1, 1)",
                                                    "#2",
                                                    "#3",
                                                    "#4",
                                                    "#5",
                                                    "#6",
                                                    "#7",
                                                    "#8"
                                                ],
                                                "Estimated Cardinality": "3850116"
                                            },
                                            "cumulative_cardinality": 145853299,
                                            "operator_type": "PROJECTION",
                                            "operator_cardinality": 3850116,
                                            "cumulative_rows_scanned": 23836031,
                                            "operator_rows_scanned": 0,
                                            "operator_timing": 0.0019282260000000058,
                                            "result_set_size": 207906264,
                                            "children": [
                                                {
                                                    "operator_name": "HASH_GROUP_BY",
                                                    "cpu_time": 24.460987234000015,
                                                    "extra_info": {
                                                        "Groups": [
                                                            "#0",
                                                            "#1"
                                                        ],
                                                        "Aggregates": [
                                                            "count(#2)",
                                                            "count(#3)",
                                                            "avg(#4)",
                                                            "max(#5)",
                                                            "max(#6)",
                                                            "min(#7)",
                                                            "max(#8)"
                                                        ],
                                                        "Estimated Cardinality": "3850116"
                                                    },
                                                    "cumulative_cardinality": 142003183,
                                                    "operator_type": "HASH_GROUP_BY",
                                                    "operator_cardinality": 3850116,
                                                    "cumulative_rows_scanned": 23836031,
                                                    "operator_rows_scanned": 0,
                                                    "operator_timing": 2.0026657950000004,
                                                    "result_set_size": 204056148,
                                                    "children": [
                                                        {
                                                            "operator_name": "PROJECTION",
                                                            "cpu_time": 22.458321439000013,
                                                            "extra_info": {
                                                                "Projections": [
                                                                    "id",
                                                                    "posttypeid",
                                                                    "id",
                                                                    "id",
                                                                    "length(body)",
                                                                    "score",
                                                                    "viewcount",
                                                                    "creationdate",
                                                                    "lastactivitydate"
                                                                ],
                                                                "Estimated Cardinality": "12744093"
                                                            },
                                                            "cumulative_cardinality": 138153067,
                                                            "operator_type": "PROJECTION",
                                                            "operator_cardinality": 35129590,
                                                            "cumulative_rows_scanned": 23836031,
                                                            "operator_rows_scanned": 0,
                                                            "operator_timing": 10.306016964000005,
                                                            "result_set_size": 1580831550,
                                                            "children": [
                                                                {
                                                                    "operator_name": "PROJECTION",
                                                                    "cpu_time": 12.152304475000008,
                                                                    "extra_info": {
                                                                        "Projections": [
                                                                            "#0",
                                                                            "__internal_compress_integral_utinyint(#1, 1)",
                                                                            "#2",
                                                                            "#3",
                                                                            "#4",
                                                                            "#5",
                                                                            "#6",
                                                                            "#7",
                                                                            "#8"
                                                                        ],
                                                                        "Estimated Cardinality": "12744093"
                                                                    },
                                                                    "cumulative_cardinality": 103023477,
                                                                    "operator_type": "PROJECTION",
                                                                    "operator_cardinality": 35129590,
                                                                    "cumulative_rows_scanned": 23836031,
                                                                    "operator_rows_scanned": 0,
                                                                    "operator_timing": 0.05901870400000007,
                                                                    "result_set_size": 1861868270,
                                                                    "children": [
                                                                        {
                                                                            "operator_name": "HASH_JOIN",
                                                                            "cpu_time": 12.093285771000009,
                                                                            "extra_info": {
                                                                                "Join Type": "LEFT",
                                                                                "Conditions": "id = postid",
                                                                                "Estimated Cardinality": "12744093"
                                                                            },
                                                                            "cumulative_cardinality": 67893887,
                                                                            "operator_type": "HASH_JOIN",
                                                                            "operator_cardinality": 35129590,
                                                                            "cumulative_rows_scanned": 23836031,
                                                                            "operator_rows_scanned": 0,
                                                                            "operator_timing": 1.3321881379999962,
                                                                            "result_set_size": 1896997860,
                                                                            "children": [
                                                                                {
                                                                                    "operator_name": "HASH_JOIN",
                                                                                    "cpu_time": 10.613310423000012,
                                                                                    "extra_info": {
                                                                                        "Join Type": "LEFT",
                                                                                        "Conditions": "id = postid",
                                                                                        "Estimated Cardinality": "7241822"
                                                                                    },
                                                                                    "cumulative_cardinality": 20020204,
                                                                                    "operator_type": "HASH_JOIN",
                                                                                    "operator_cardinality": 8928266,
                                                                                    "cumulative_rows_scanned": 11091938,
                                                                                    "operator_rows_scanned": 0,
                                                                                    "operator_timing": 0.5976420799999996,
                                                                                    "result_set_size": 446413300,
                                                                                    "children": [
                                                                                        {
                                                                                            "operator_name": "READ_PARQUET ",
                                                                                            "cpu_time": 9.945409768000012,
                                                                                            "extra_info": {
                                                                                                "Function": "READ_PARQUET",
                                                                                                "Projections": [
                                                                                                    "id",
                                                                                                    "posttypeid",
                                                                                                    "creationdate",
                                                                                                    "score",
                                                                                                    "viewcount",
                                                                                                    "body",
                                                                                                    "lastactivitydate"
                                                                                                ],
                                                                                                "Estimated Cardinality": "3850116"
                                                                                            },
                                                                                            "cumulative_cardinality": 3850116,
                                                                                            "operator_type": "TABLE_SCAN",
                                                                                            "operator_cardinality": 3850116,
                                                                                            "cumulative_rows_scanned": 3850116,
                                                                                            "operator_rows_scanned": 3850116,
                                                                                            "operator_timing": 9.945409768000012,
                                                                                            "result_set_size": 177105336,
                                                                                            "children": []
                                                                                        },
                                                                                        {
                                                                                            "operator_name": "READ_PARQUET ",
                                                                                            "cpu_time": 0.07025857500000007,
                                                                                            "extra_info": {
                                                                                                "Function": "READ_PARQUET",
                                                                                                "Projections": [
                                                                                                    "id",
                                                                                                    "postid"
                                                                                                ],
                                                                                                "Estimated Cardinality": "7241822"
                                                                                            },
                                                                                            "cumulative_cardinality": 7241822,
                                                                                            "operator_type": "TABLE_SCAN",
                                                                                            "operator_cardinality": 7241822,
                                                                                            "cumulative_rows_scanned": 7241822,
                                                                                            "operator_rows_scanned": 7241822,
                                                                                            "operator_timing": 0.07025857500000007,
                                                                                            "result_set_size": 57934576,
                                                                                            "children": []
                                                                                        }
                                                                                    ]
                                                                                },
                                                                                {
                                                                                    "operator_name": "READ_PARQUET ",
                                                                                    "cpu_time": 0.14778721000000045,
                                                                                    "extra_info": {
                                                                                        "Function": "READ_PARQUET",
                                                                                        "Projections": [
                                                                                            "id",
                                                                                            "postid"
                                                                                        ],
                                                                                        "Estimated Cardinality": "12744093"
                                                                                    },
                                                                                    "cumulative_cardinality": 12744093,
                                                                                    "operator_type": "TABLE_SCAN",
                                                                                    "operator_cardinality": 12744093,
                                                                                    "cumulative_rows_scanned": 12744093,
                                                                                    "operator_rows_scanned": 12744093,
                                                                                    "operator_timing": 0.14778721000000045,
                                                                                    "result_set_size": 101952744,
                                                                                    "children": []
                                                                                }
                                                                            ]
                                                                        }
                                                                    ]
                                                                }
                                                            ]
                                                        }
                                                    ]
                                                }
                                            ]
                                        },
                                        {
                                            "operator_name": "READ_PARQUET ",
                                            "cpu_time": 0.000311182,
                                            "extra_info": {
                                                "Function": "READ_PARQUET",
                                                "Projections": [
                                                    "id",
                                                    "name"
                                                ],
                                                "Filters": "id<=7",
                                                "Estimated Cardinality": "8"
                                            },
                                            "cumulative_cardinality": 7,
                                            "operator_type": "TABLE_SCAN",
                                            "operator_cardinality": 7,
                                            "cumulative_rows_scanned": 8,
                                            "operator_rows_scanned": 8,
                                            "operator_timing": 0.000311182,
                                            "result_set_size": 126,
                                            "children": []
                                        }
                                    ]
                                }
                            ]
                        }
                    ]
                }
            ]
        }
    ]
}