{
    "rows_returned": 5,
    "query_name": "WITH PostStats AS (\n    SELECT \n        p.PostTypeId,\n        COUNT(*) AS TotalPosts,\n        COUNT(DISTINCT p.OwnerUserId) AS TotalOwners,\n        SUM(COALESCE(p.ViewCount, 0)) AS TotalViews,\n        SUM(COALESCE(p.Score, 0)) AS TotalScore,\n        AVG(COALESCE(p.Score, 0)) AS AvgScore,\n        AVG(COALESCE(p.ViewCount, 0)) AS AvgViews,\n        MAX(p.CreationDate) AS LatestPostDate\n    FROM \n        Posts p\n    WHERE \n        p.CreationDate >= cast('2024-10-01' as date) - INTERVAL '1 year' \n    GROUP BY \n        p.PostTypeId\n)\n\nSELECT \n    pt.Name AS PostType,\n    ps.TotalPosts,\n    ps.TotalOwners,\n    ps.TotalViews,\n    ps.TotalScore,\n    ps.AvgScore,\n    ps.AvgViews,\n    ps.LatestPostDate\nFROM \n    PostStats ps\nJOIN \n    PostTypes pt ON ps.PostTypeId = pt.Id\nORDER BY \n    ps.TotalPosts DESC;",
    "blocked_thread_time": 0.0,
    "cpu_time": 0.033996277,
    "extra_info": {},
    "cumulative_cardinality": 582916,
    "cumulative_rows_scanned": 3850124,
    "result_set_size": 440,
    "latency": 0.039310479,
    "children": [
        {
            "operator_name": "ORDER_BY",
            "cpu_time": 0.033996277,
            "extra_info": {
                "Order By": "ps.TotalPosts DESC"
            },
            "cumulative_cardinality": 582916,
            "operator_type": "ORDER_BY",
            "operator_cardinality": 5,
            "cumulative_rows_scanned": 3850124,
            "operator_rows_scanned": 0,
            "operator_timing": 0.000022462999999999998,
            "result_set_size": 440,
            "children": [
                {
                    "operator_name": "PROJECTION",
                    "cpu_time": 0.033973814,
                    "extra_info": {
                        "Projections": [
                            "PostType",
                            "TotalPosts",
                            "TotalOwners",
                            "TotalViews",
                            "TotalScore",
                            "AvgScore",
                            "AvgViews",
                            "LatestPostDate"
                        ],
                        "Estimated Cardinality": "385011"
                    },
                    "cumulative_cardinality": 582911,
                    "operator_type": "PROJECTION",
                    "operator_cardinality": 5,
                    "cumulative_rows_scanned": 3850124,
                    "operator_rows_scanned": 0,
                    "operator_timing": 4.7e-7,
                    "result_set_size": 440,
                    "children": [
                        {
                            "operator_name": "HASH_JOIN",
                            "cpu_time": 0.033973343999999996,
                            "extra_info": {
                                "Join Type": "INNER",
                                "Conditions": "posttypeid = id",
                                "Estimated Cardinality": "385011"
                            },
                            "cumulative_cardinality": 582906,
                            "operator_type": "HASH_JOIN",
                            "operator_cardinality": 5,
                            "cumulative_rows_scanned": 3850124,
                            "operator_rows_scanned": 0,
                            "operator_timing": 0.000081963,
                            "result_set_size": 440,
                            "children": [
                                {
                                    "operator_name": "PROJECTION",
                                    "cpu_time": 0.033567867,
                                    "extra_info": {
                                        "Projections": [
                                            "__internal_decompress_integral_smallint(#0, 1)",
                                            "#1",
                                            "#2",
                                            "#3",
                                            "#4",
                                            "#5",
                                            "#6",
                                            "#7"
                                        ],
                                        "Estimated Cardinality": "385011"
                                    },
                                    "cumulative_cardinality": 582894,
                                    "operator_type": "PROJECTION",
                                    "operator_cardinality": 5,
                                    "cumulative_rows_scanned": 3850116,
                                    "operator_rows_scanned": 0,
                                    "operator_timing": 0.000001623,
                                    "result_set_size": 370,
                                    "children": [
                                        {
                                            "operator_name": "HASH_GROUP_BY",
                                            "cpu_time": 0.033566244,
                                            "extra_info": {
                                                "Groups": "#0",
                                                "Aggregates": [
                                                    "count_star()",
                                                    "count(DISTINCT #1)",
                                                    "sum(#2)",
                                                    "sum(#3)",
                                                    "avg(#4)",
                                                    "avg(#5)",
                                                    "max(#6)"
                                                ],
                                                "Estimated Cardinality": "385011"
                                            },
                                            "cumulative_cardinality": 582889,
                                            "operator_type": "HASH_GROUP_BY",
                                            "operator_cardinality": 5,
                                            "cumulative_rows_scanned": 3850116,
                                            "operator_rows_scanned": 0,
                                            "operator_timing": 0.005950920000000003,
                                            "result_set_size": 365,
                                            "children": [
                                                {
                                                    "operator_name": "PROJECTION",
                                                    "cpu_time": 0.027615323999999997,
                                                    "extra_info": {
                                                        "Projections": [
                                                            "posttypeid",
                                                            "owneruserid",
                                                            "#2",
                                                            "#3",
                                                            "#3",
                                                            "#2",
                                                            "creationdate"
                                                        ],
                                                        "Estimated Cardinality": "770023"
                                                    },
                                                    "cumulative_cardinality": 582884,
                                                    "operator_type": "PROJECTION",
                                                    "operator_cardinality": 145721,
                                                    "cumulative_rows_scanned": 3850116,
                                                    "operator_rows_scanned": 0,
                                                    "operator_timing": 0.000033001000000000005,
                                                    "result_set_size": 4225909,
                                                    "children": [
                                                        {
                                                            "operator_name": "PROJECTION",
                                                            "cpu_time": 0.027582322999999995,
                                                            "extra_info": {
                                                                "Projections": [
                                                                    "__internal_compress_integral_utinyint(#0, 1)",
                                                                    "#1",
                                                                    "#2",
                                                                    "#3",
                                                                    "#4"
                                                                ],
                                                                "Estimated Cardinality": "770023"
                                                            },
                                                            "cumulative_cardinality": 437163,
                                                            "operator_type": "PROJECTION",
                                                            "operator_cardinality": 145721,
                                                            "cumulative_rows_scanned": 3850116,
                                                            "operator_rows_scanned": 0,
                                                            "operator_timing": 0.00006103500000000001,
                                                            "result_set_size": 3060141,
                                                            "children": [
                                                                {
                                                                    "operator_name": "PROJECTION",
                                                                    "cpu_time": 0.027521287999999994,
                                                                    "extra_info": {
                                                                        "Projections": [
                                                                            "posttypeid",
                                                                            "owneruserid",
                                                                            "COALESCE(viewcount, 0)",
                                                                            "score",
                                                                            "creationdate"
                                                                        ],
                                                                        "Estimated Cardinality": "770023"
                                                                    },
                                                                    "cumulative_cardinality": 291442,
                                                                    "operator_type": "PROJECTION",
                                                                    "operator_cardinality": 145721,
                                                                    "cumulative_rows_scanned": 3850116,
                                                                    "operator_rows_scanned": 0,
                                                                    "operator_timing": 0.0015774370000000005,
                                                                    "result_set_size": 3205862,
                                                                    "children": [
                                                                        {
                                                                            "operator_name": "READ_PARQUET ",
                                                                            "cpu_time": 0.025943850999999993,
                                                                            "extra_info": {
                                                                                "Function": "READ_PARQUET",
                                                                                "Projections": [
                                                                                    "posttypeid",
                                                                                    "creationdate",
                                                                                    "score",
                                                                                    "viewcount",
                                                                                    "owneruserid"
                                                                                ],
                                                                                "Filters": "creationdate>='2023-10-01 00:00:00'::TIMESTAMP",
                                                                                "Estimated Cardinality": "770023"
                                                                            },
                                                                            "cumulative_cardinality": 145721,
                                                                            "operator_type": "TABLE_SCAN",
                                                                            "operator_cardinality": 145721,
                                                                            "cumulative_rows_scanned": 3850116,
                                                                            "operator_rows_scanned": 3850116,
                                                                            "operator_timing": 0.025943850999999993,
                                                                            "result_set_size": 3205862,
                                                                            "children": []
                                                                        }
                                                                    ]
                                                                }
                                                            ]
                                                        }
                                                    ]
                                                }
                                            ]
                                        }
                                    ]
                                },
                                {
                                    "operator_name": "READ_PARQUET ",
                                    "cpu_time": 0.00032351399999999995,
                                    "extra_info": {
                                        "Function": "READ_PARQUET",
                                        "Projections": [
                                            "id",
                                            "name"
                                        ],
                                        "Filters": "id<=7",
                                        "Estimated Cardinality": "8"
                                    },
                                    "cumulative_cardinality": 7,
                                    "operator_type": "TABLE_SCAN",
                                    "operator_cardinality": 7,
                                    "cumulative_rows_scanned": 8,
                                    "operator_rows_scanned": 8,
                                    "operator_timing": 0.00032351399999999995,
                                    "result_set_size": 126,
                                    "children": []
                                }
                            ]
                        }
                    ]
                }
            ]
        }
    ]
}