{
    "rows_returned": 567,
    "query_name": "WITH UserReputation AS (\n    SELECT \n        Id AS UserId,\n        Reputation,\n        CreationDate,\n        LastAccessDate,\n        UpVotes,\n        DownVotes,\n        Views,\n        (UpVotes - DownVotes) AS NetVotes\n    FROM \n        Users\n),\nPostSummary AS (\n    SELECT \n        p.Id AS PostId,\n        p.Title,\n        p.PostTypeId,\n        p.CreationDate,\n        p.ViewCount,\n        COALESCE(a.AcceptedAnswerId, 0) AS AcceptedAnswerId,\n        COALESCE(c.CommentCount, 0) AS CommentCount,\n        COALESCE(v.VoteCount, 0) AS VoteCount\n    FROM \n        Posts p\n    LEFT JOIN \n        (SELECT PostId, COUNT(*) AS CommentCount FROM Comments GROUP BY PostId) c ON p.Id = c.PostId\n    LEFT JOIN \n        (SELECT PostId, COUNT(*) AS VoteCount FROM Votes GROUP BY PostId) v ON p.Id = v.PostId\n    LEFT JOIN \n        (SELECT Id, AcceptedAnswerId FROM Posts) a ON p.Id = a.Id\n),\nTagSummary AS (\n    SELECT \n        Id AS TagId,\n        TagName,\n        Count AS PostCount\n    FROM \n        Tags\n)\n\n\nSELECT \n    u.UserId,\n    u.Reputation,\n    ps.PostId,\n    ps.Title,\n    ps.ViewCount,\n    ps.CommentCount,\n    ps.VoteCount,\n    ts.TagId,\n    ts.TagName,\n    ts.PostCount,\n    ps.CreationDate\nFROM \n    UserReputation u\nJOIN \n    PostSummary ps ON u.UserId = ps.AcceptedAnswerId\nJOIN \n    PostLinks pl ON ps.PostId = pl.PostId\nJOIN \n    TagSummary ts ON pl.RelatedPostId = ts.TagId\nORDER BY \n    u.Reputation DESC, ps.ViewCount DESC;",
    "blocked_thread_time": 0.0,
    "cpu_time": 2.7484550479999985,
    "extra_info": {},
    "cumulative_cardinality": 74332895,
    "cumulative_rows_scanned": 29361824,
    "result_set_size": 45360,
    "latency": 2.937636399,
    "children": [
        {
            "operator_name": "PROJECTION",
            "cpu_time": 2.7484550479999985,
            "extra_info": {
                "Projections": [
                    "#0",
                    "#1",
                    "#2",
                    "#3",
                    "#4",
                    "#5",
                    "#6",
                    "__internal_decompress_integral_integer(#7, 1)",
                    "#8",
                    "#9",
                    "#10"
                ],
                "Estimated Cardinality": "8033302112660"
            },
            "cumulative_cardinality": 74332895,
            "operator_type": "PROJECTION",
            "operator_cardinality": 567,
            "cumulative_rows_scanned": 29361824,
            "operator_rows_scanned": 0,
            "operator_timing": 0.000003887,
            "result_set_size": 45360,
            "children": [
                {
                    "operator_name": "ORDER_BY",
                    "cpu_time": 2.7484511609999984,
                    "extra_info": {
                        "Order By": [
                            "u.Reputation DESC",
                            "ps.ViewCount DESC"
                        ]
                    },
                    "cumulative_cardinality": 74332328,
                    "operator_type": "ORDER_BY",
                    "operator_cardinality": 567,
                    "cumulative_rows_scanned": 29361824,
                    "operator_rows_scanned": 0,
                    "operator_timing": 0.000179263,
                    "result_set_size": 44226,
                    "children": [
                        {
                            "operator_name": "PROJECTION",
                            "cpu_time": 2.7482718979999983,
                            "extra_info": {
                                "Projections": [
                                    "#0",
                                    "#1",
                                    "#2",
                                    "#3",
                                    "#4",
                                    "#5",
                                    "#6",
                                    "__internal_compress_integral_usmallint(#7, 1)",
                                    "#8",
                                    "#9",
                                    "#10"
                                ],
                                "Estimated Cardinality": "8033302112660"
                            },
                            "cumulative_cardinality": 74331761,
                            "operator_type": "PROJECTION",
                            "operator_cardinality": 567,
                            "cumulative_rows_scanned": 29361824,
                            "operator_rows_scanned": 0,
                            "operator_timing": 0.000009988,
                            "result_set_size": 44226,
                            "children": [
                                {
                                    "operator_name": "PROJECTION",
                                    "cpu_time": 2.7482619099999983,
                                    "extra_info": {
                                        "Projections": [
                                            "UserId",
                                            "reputation",
                                            "PostId",
                                            "title",
                                            "viewcount",
                                            "CommentCount",
                                            "VoteCount",
                                            "TagId",
                                            "tagname",
                                            "PostCount",
                                            "creationdate"
                                        ],
                                        "Estimated Cardinality": "8033302112660"
                                    },
                                    "cumulative_cardinality": 74331194,
                                    "operator_type": "PROJECTION",
                                    "operator_cardinality": 567,
                                    "cumulative_rows_scanned": 29361824,
                                    "operator_rows_scanned": 0,
                                    "operator_timing": 0.0000057099999999999995,
                                    "result_set_size": 45360,
                                    "children": [
                                        {
                                            "operator_name": "HASH_JOIN",
                                            "cpu_time": 2.7482561999999984,
                                            "extra_info": {
                                                "Join Type": "INNER",
                                                "Conditions": "AcceptedAnswerId = UserId",
                                                "Estimated Cardinality": "8033302112660"
                                            },
                                            "cumulative_cardinality": 74330627,
                                            "operator_type": "HASH_JOIN",
                                            "operator_cardinality": 567,
                                            "cumulative_rows_scanned": 29361824,
                                            "operator_rows_scanned": 0,
                                            "operator_timing": 0.052542965999999997,
                                            "result_set_size": 45360,
                                            "children": [
                                                {
                                                    "operator_name": "FILTER",
                                                    "cpu_time": 2.6783401609999986,
                                                    "extra_info": {
                                                        "Expression": "(AcceptedAnswerId <= 1416570)",
                                                        "Estimated Cardinality": "6372046"
                                                    },
                                                    "cumulative_cardinality": 73069351,
                                                    "operator_type": "FILTER",
                                                    "operator_cardinality": 2048,
                                                    "cumulative_rows_scanned": 28101114,
                                                    "operator_rows_scanned": 0,
                                                    "operator_timing": 0.00003741,
                                                    "result_set_size": 155648,
                                                    "children": [
                                                        {
                                                            "operator_name": "HASH_JOIN",
                                                            "cpu_time": 2.6783027509999986,
                                                            "extra_info": {
                                                                "Join Type": "INNER",
                                                                "Conditions": "PostId = postid",
                                                                "Estimated Cardinality": "6372046"
                                                            },
                                                            "cumulative_cardinality": 73067303,
                                                            "operator_type": "HASH_JOIN",
                                                            "operator_cardinality": 2657,
                                                            "cumulative_rows_scanned": 28101114,
                                                            "operator_rows_scanned": 0,
                                                            "operator_timing": 0.034743305999999995,
                                                            "result_set_size": 201932,
                                                            "children": [
                                                                {
                                                                    "operator_name": "PROJECTION",
                                                                    "cpu_time": 2.6350979489999986,
                                                                    "extra_info": {
                                                                        "Projections": [
                                                                            "PostId",
                                                                            "title",
                                                                            "creationdate",
                                                                            "viewcount",
                                                                            "AcceptedAnswerId",
                                                                            "CommentCount",
                                                                            "VoteCount"
                                                                        ],
                                                                        "Estimated Cardinality": "6372046"
                                                                    },
                                                                    "cumulative_cardinality": 73051515,
                                                                    "operator_type": "PROJECTION",
                                                                    "operator_cardinality": 3850103,
                                                                    "cumulative_rows_scanned": 27686147,
                                                                    "operator_rows_scanned": 0,
                                                                    "operator_timing": 0.11618938900000009,
                                                                    "result_set_size": 200205356,
                                                                    "children": [
                                                                        {
                                                                            "operator_name": "FILTER",
                                                                            "cpu_time": 2.5189085599999985,
                                                                            "extra_info": {
                                                                                "Expression": "(PostId BETWEEN 5 AND 4978518)",
                                                                                "Estimated Cardinality": "6372046"
                                                                            },
                                                                            "cumulative_cardinality": 69201412,
                                                                            "operator_type": "FILTER",
                                                                            "operator_cardinality": 3850103,
                                                                            "cumulative_rows_scanned": 27686147,
                                                                            "operator_rows_scanned": 0,
                                                                            "operator_timing": 0.012440403999999983,
                                                                            "result_set_size": 200205356,
                                                                            "children": [
                                                                                {
                                                                                    "operator_name": "HASH_JOIN",
                                                                                    "cpu_time": 2.5064681559999986,
                                                                                    "extra_info": {
                                                                                        "Join Type": "LEFT",
                                                                                        "Conditions": "id = id",
                                                                                        "Estimated Cardinality": "6372046"
                                                                                    },
                                                                                    "cumulative_cardinality": 65351309,
                                                                                    "operator_type": "HASH_JOIN",
                                                                                    "operator_cardinality": 3850116,
                                                                                    "cumulative_rows_scanned": 27686147,
                                                                                    "operator_rows_scanned": 0,
                                                                                    "operator_timing": 0.37259333699999936,
                                                                                    "result_set_size": 200206032,
                                                                                    "children": [
                                                                                        {
                                                                                            "operator_name": "HASH_JOIN",
                                                                                            "cpu_time": 2.0948649469999996,
                                                                                            "extra_info": {
                                                                                                "Join Type": "RIGHT",
                                                                                                "Conditions": "postid = id",
                                                                                                "Estimated Cardinality": "6372046"
                                                                                            },
                                                                                            "cumulative_cardinality": 57651077,
                                                                                            "operator_type": "HASH_JOIN",
                                                                                            "operator_cardinality": 3850116,
                                                                                            "cumulative_rows_scanned": 23836031,
                                                                                            "operator_rows_scanned": 0,
                                                                                            "operator_timing": 0.6557763409999993,
                                                                                            "result_set_size": 184805568,
                                                                                            "children": [
                                                                                                {
                                                                                                    "operator_name": "HASH_GROUP_BY",
                                                                                                    "cpu_time": 0.5494955509999989,
                                                                                                    "extra_info": {
                                                                                                        "Groups": "#0",
                                                                                                        "Aggregates": "count_star()",
                                                                                                        "Estimated Cardinality": "6372046"
                                                                                                    },
                                                                                                    "cumulative_cardinality": 29453413,
                                                                                                    "operator_type": "HASH_GROUP_BY",
                                                                                                    "operator_cardinality": 3965227,
                                                                                                    "cumulative_rows_scanned": 12744093,
                                                                                                    "operator_rows_scanned": 0,
                                                                                                    "operator_timing": 0.47509895399999874,
                                                                                                    "result_set_size": 47582724,
                                                                                                    "children": [
                                                                                                        {
                                                                                                            "operator_name": "PROJECTION",
                                                                                                            "cpu_time": 0.07439659700000019,
                                                                                                            "extra_info": {
                                                                                                                "Projections": "postid",
                                                                                                                "Estimated Cardinality": "12744093"
                                                                                                            },
                                                                                                            "cumulative_cardinality": 25488186,
                                                                                                            "operator_type": "PROJECTION",
                                                                                                            "operator_cardinality": 12744093,
                                                                                                            "cumulative_rows_scanned": 12744093,
                                                                                                            "operator_rows_scanned": 0,
                                                                                                            "operator_timing": 0.0007279810000000074,
                                                                                                            "result_set_size": 50976372,
                                                                                                            "children": [
                                                                                                                {
                                                                                                                    "operator_name": "READ_PARQUET ",
                                                                                                                    "cpu_time": 0.07366861600000019,
                                                                                                                    "extra_info": {
                                                                                                                        "Function": "READ_PARQUET",
                                                                                                                        "Projections": "postid",
                                                                                                                        "Estimated Cardinality": "12744093"
                                                                                                                    },
                                                                                                                    "cumulative_cardinality": 12744093,
                                                                                                                    "operator_type": "TABLE_SCAN",
                                                                                                                    "operator_cardinality": 12744093,
                                                                                                                    "cumulative_rows_scanned": 12744093,
                                                                                                                    "operator_rows_scanned": 12744093,
                                                                                                                    "operator_timing": 0.07366861600000019,
                                                                                                                    "result_set_size": 50976372,
                                                                                                                    "children": []
                                                                                                                }
                                                                                                            ]
                                                                                                        }
                                                                                                    ]
                                                                                                },
                                                                                                {
                                                                                                    "operator_name": "HASH_JOIN",
                                                                                                    "cpu_time": 0.8895930550000016,
                                                                                                    "extra_info": {
                                                                                                        "Join Type": "LEFT",
                                                                                                        "Conditions": "id = postid",
                                                                                                        "Estimated Cardinality": "3850116"
                                                                                                    },
                                                                                                    "cumulative_cardinality": 24347548,
                                                                                                    "operator_type": "HASH_JOIN",
                                                                                                    "operator_cardinality": 3850116,
                                                                                                    "cumulative_rows_scanned": 11091938,
                                                                                                    "operator_rows_scanned": 0,
                                                                                                    "operator_timing": 0.2606228080000005,
                                                                                                    "result_set_size": 154004640,
                                                                                                    "children": [
                                                                                                        {
                                                                                                            "operator_name": "READ_PARQUET ",
                                                                                                            "cpu_time": 0.3635916880000006,
                                                                                                            "extra_info": {
                                                                                                                "Function": "READ_PARQUET",
                                                                                                                "Projections": [
                                                                                                                    "id",
                                                                                                                    "creationdate",
                                                                                                                    "viewcount",
                                                                                                                    "title"
                                                                                                                ],
                                                                                                                "Estimated Cardinality": "3850116"
                                                                                                            },
                                                                                                            "cumulative_cardinality": 3850116,
                                                                                                            "operator_type": "TABLE_SCAN",
                                                                                                            "operator_cardinality": 3850116,
                                                                                                            "cumulative_rows_scanned": 3850116,
                                                                                                            "operator_rows_scanned": 3850116,
                                                                                                            "operator_timing": 0.3635916880000006,
                                                                                                            "result_set_size": 123203712,
                                                                                                            "children": []
                                                                                                        },
                                                                                                        {
                                                                                                            "operator_name": "HASH_GROUP_BY",
                                                                                                            "cpu_time": 0.2653785590000005,
                                                                                                            "extra_info": {
                                                                                                                "Groups": "#0",
                                                                                                                "Aggregates": "count_star()",
                                                                                                                "Estimated Cardinality": "3620911"
                                                                                                            },
                                                                                                            "cumulative_cardinality": 16647316,
                                                                                                            "operator_type": "HASH_GROUP_BY",
                                                                                                            "operator_cardinality": 2163672,
                                                                                                            "cumulative_rows_scanned": 7241822,
                                                                                                            "operator_rows_scanned": 0,
                                                                                                            "operator_timing": 0.2262325620000005,
                                                                                                            "result_set_size": 25964064,
                                                                                                            "children": [
                                                                                                                {
                                                                                                                    "operator_name": "PROJECTION",
                                                                                                                    "cpu_time": 0.03914599700000003,
                                                                                                                    "extra_info": {
                                                                                                                        "Projections": "postid",
                                                                                                                        "Estimated Cardinality": "7241822"
                                                                                                                    },
                                                                                                                    "cumulative_cardinality": 14483644,
                                                                                                                    "operator_type": "PROJECTION",
                                                                                                                    "operator_cardinality": 7241822,
                                                                                                                    "cumulative_rows_scanned": 7241822,
                                                                                                                    "operator_rows_scanned": 0,
                                                                                                                    "operator_timing": 0.00041651699999999554,
                                                                                                                    "result_set_size": 28967288,
                                                                                                                    "children": [
                                                                                                                        {
                                                                                                                            "operator_name": "READ_PARQUET ",
                                                                                                                            "cpu_time": 0.03872948000000003,
                                                                                                                            "extra_info": {
                                                                                                                                "Function": "READ_PARQUET",
                                                                                                                                "Projections": "postid",
                                                                                                                                "Estimated Cardinality": "7241822"
                                                                                                                            },
                                                                                                                            "cumulative_cardinality": 7241822,
                                                                                                                            "operator_type": "TABLE_SCAN",
                                                                                                                            "operator_cardinality": 7241822,
                                                                                                                            "cumulative_rows_scanned": 7241822,
                                                                                                                            "operator_rows_scanned": 7241822,
                                                                                                                            "operator_timing": 0.03872948000000003,
                                                                                                                            "result_set_size": 28967288,
                                                                                                                            "children": []
                                                                                                                        }
                                                                                                                    ]
                                                                                                                }
                                                                                                            ]
                                                                                                        }
                                                                                                    ]
                                                                                                }
                                                                                            ]
                                                                                        },
                                                                                        {
                                                                                            "operator_name": "READ_PARQUET ",
                                                                                            "cpu_time": 0.03900987199999995,
                                                                                            "extra_info": {
                                                                                                "Function": "READ_PARQUET",
                                                                                                "Projections": [
                                                                                                    "id",
                                                                                                    "acceptedanswerid"
                                                                                                ],
                                                                                                "Estimated Cardinality": "3850116"
                                                                                            },
                                                                                            "cumulative_cardinality": 3850116,
                                                                                            "operator_type": "TABLE_SCAN",
                                                                                            "operator_cardinality": 3850116,
                                                                                            "cumulative_rows_scanned": 3850116,
                                                                                            "operator_rows_scanned": 3850116,
                                                                                            "operator_timing": 0.03900987199999995,
                                                                                            "result_set_size": 30800928,
                                                                                            "children": []
                                                                                        }
                                                                                    ]
                                                                                }
                                                                            ]
                                                                        }
                                                                    ]
                                                                },
                                                                {
                                                                    "operator_name": "HASH_JOIN",
                                                                    "cpu_time": 0.008461495999999999,
                                                                    "extra_info": {
                                                                        "Join Type": "INNER",
                                                                        "Conditions": "relatedpostid = TagId",
                                                                        "Estimated Cardinality": "412991"
                                                                    },
                                                                    "cumulative_cardinality": 13131,
                                                                    "operator_type": "HASH_JOIN",
                                                                    "operator_cardinality": 2657,
                                                                    "cumulative_rows_scanned": 414967,
                                                                    "operator_rows_scanned": 0,
                                                                    "operator_timing": 0.000755782,
                                                                    "result_set_size": 74396,
                                                                    "children": [
                                                                        {
                                                                            "operator_name": "READ_PARQUET ",
                                                                            "cpu_time": 0.006983364999999999,
                                                                            "extra_info": {
                                                                                "Function": "READ_PARQUET",
                                                                                "Projections": [
                                                                                    "postid",
                                                                                    "relatedpostid"
                                                                                ],
                                                                                "Filters": "relatedpostid<=7945",
                                                                                "Estimated Cardinality": "412991"
                                                                            },
                                                                            "cumulative_cardinality": 8498,
                                                                            "operator_type": "TABLE_SCAN",
                                                                            "operator_cardinality": 8498,
                                                                            "cumulative_rows_scanned": 412991,
                                                                            "operator_rows_scanned": 412991,
                                                                            "operator_timing": 0.006983364999999999,
                                                                            "result_set_size": 67984,
                                                                            "children": []
                                                                        },
                                                                        {
                                                                            "operator_name": "READ_PARQUET ",
                                                                            "cpu_time": 0.000722349,
                                                                            "extra_info": {
                                                                                "Function": "READ_PARQUET",
                                                                                "Projections": [
                                                                                    "id",
                                                                                    "tagname",
                                                                                    "count"
                                                                                ],
                                                                                "Estimated Cardinality": "1976"
                                                                            },
                                                                            "cumulative_cardinality": 1976,
                                                                            "operator_type": "TABLE_SCAN",
                                                                            "operator_cardinality": 1976,
                                                                            "cumulative_rows_scanned": 1976,
                                                                            "operator_rows_scanned": 1976,
                                                                            "operator_timing": 0.000722349,
                                                                            "result_set_size": 47424,
                                                                            "children": []
                                                                        }
                                                                    ]
                                                                }
                                                            ]
                                                        }
                                                    ]
                                                },
                                                {
                                                    "operator_name": "READ_PARQUET ",
                                                    "cpu_time": 0.017373072999999996,
                                                    "extra_info": {
                                                        "Function": "READ_PARQUET",
                                                        "Projections": [
                                                            "id",
                                                            "reputation"
                                                        ],
                                                        "Filters": "id>=0",
                                                        "Estimated Cardinality": "1260710"
                                                    },
                                                    "cumulative_cardinality": 1260709,
                                                    "operator_type": "TABLE_SCAN",
                                                    "operator_cardinality": 1260709,
                                                    "cumulative_rows_scanned": 1260710,
                                                    "operator_rows_scanned": 1260710,
                                                    "operator_timing": 0.017373072999999996,
                                                    "result_set_size": 10085672,
                                                    "children": []
                                                }
                                            ]
                                        }
                                    ]
                                }
                            ]
                        }
                    ]
                }
            ]
        }
    ]
}