{
    "rows_returned": 10,
    "query_name": "\nWITH UserPostStats AS (\n    SELECT \n        u.Id AS UserId,\n        u.DisplayName,\n        COUNT(p.Id) AS TotalPosts,\n        COUNT(a.Id) AS TotalAnswers,\n        COUNT(DISTINCT c.Id) AS TotalComments,\n        SUM(p.ViewCount) AS TotalViews,\n        SUM(CASE WHEN v.VoteTypeId = 2 THEN 1 ELSE 0 END) AS TotalUpVotes,\n        SUM(CASE WHEN v.VoteTypeId = 3 THEN 1 ELSE 0 END) AS TotalDownVotes,\n        SUM(CASE WHEN b.Class = 1 THEN 1 ELSE 0 END) AS TotalGoldBadges,\n        SUM(CASE WHEN b.Class = 2 THEN 1 ELSE 0 END) AS TotalSilverBadges,\n        SUM(CASE WHEN b.Class = 3 THEN 1 ELSE 0 END) AS TotalBronzeBadges\n    FROM Users u\n    LEFT JOIN Posts p ON u.Id = p.OwnerUserId\n    LEFT JOIN Posts a ON p.AcceptedAnswerId = a.Id\n    LEFT JOIN Comments c ON p.Id = c.PostId\n    LEFT JOIN Votes v ON p.Id = v.PostId\n    LEFT JOIN Badges b ON u.Id = b.UserId\n    GROUP BY u.Id, u.DisplayName\n)\n\nSELECT \n    UserId,\n    DisplayName,\n    TotalPosts,\n    TotalAnswers,\n    TotalComments,\n    TotalViews,\n    TotalUpVotes,\n    TotalDownVotes,\n    TotalGoldBadges,\n    TotalSilverBadges,\n    TotalBronzeBadges\nFROM UserPostStats\nORDER BY TotalPosts DESC\nLIMIT 10;\n",
    "blocked_thread_time": 0.0,
    "cpu_time": 638.8702484790123,
    "extra_info": {},
    "cumulative_cardinality": 23875987181,
    "cumulative_rows_scanned": 31268581,
    "result_set_size": 1400,
    "latency": 758.03571811,
    "children": [
        {
            "operator_name": "STREAMING_LIMIT",
            "cpu_time": 638.8702484790123,
            "extra_info": {},
            "cumulative_cardinality": 23875987181,
            "operator_type": "STREAMING_LIMIT",
            "operator_cardinality": 10,
            "cumulative_rows_scanned": 31268581,
            "operator_rows_scanned": 0,
            "operator_timing": 0.000002615,
            "result_set_size": 1400,
            "children": [
                {
                    "operator_name": "ORDER_BY",
                    "cpu_time": 638.8702458640123,
                    "extra_info": {
                        "Order By": "UserPostStats.TotalPosts DESC"
                    },
                    "cumulative_cardinality": 23875987171,
                    "operator_type": "ORDER_BY",
                    "operator_cardinality": 4096,
                    "cumulative_rows_scanned": 31268581,
                    "operator_rows_scanned": 0,
                    "operator_timing": 0.07946994900000001,
                    "result_set_size": 573440,
                    "children": [
                        {
                            "operator_name": "HASH_GROUP_BY",
                            "cpu_time": 638.7907759150123,
                            "extra_info": {
                                "Groups": [
                                    "#0",
                                    "#1"
                                ],
                                "Aggregates": [
                                    "count(#2)",
                                    "count(#3)",
                                    "count(DISTINCT #4)",
                                    "sum(#5)",
                                    "sum(#6)",
                                    "sum(#7)",
                                    "sum(#8)",
                                    "sum(#9)",
                                    "sum(#10)"
                                ],
                                "Estimated Cardinality": "1260710"
                            },
                            "cumulative_cardinality": 23875983075,
                            "operator_type": "HASH_GROUP_BY",
                            "operator_cardinality": 1260710,
                            "cumulative_rows_scanned": 31268581,
                            "operator_rows_scanned": 0,
                            "operator_timing": 482.3019230259872,
                            "result_set_size": 176499400,
                            "children": [
                                {
                                    "operator_name": "PROJECTION",
                                    "cpu_time": 156.48885288902517,
                                    "extra_info": {
                                        "Projections": [
                                            "id",
                                            "displayname",
                                            "id",
                                            "id",
                                            "id",
                                            "viewcount",
                                            "CASE  WHEN ((votetypeid = 2)) THEN (1) ELSE 0 END",
                                            "CASE  WHEN ((votetypeid = 3)) THEN (1) ELSE 0 END",
                                            "CASE  WHEN ((class = 1)) THEN (1) ELSE 0 END",
                                            "CASE  WHEN ((class = 2)) THEN (1) ELSE 0 END",
                                            "CASE  WHEN ((class = 3)) THEN (1) ELSE 0 END"
                                        ],
                                        "Estimated Cardinality": "12744093"
                                    },
                                    "cumulative_cardinality": 23874722365,
                                    "operator_type": "PROJECTION",
                                    "operator_cardinality": 7913690343,
                                    "cumulative_rows_scanned": 31268581,
                                    "operator_rows_scanned": 0,
                                    "operator_timing": 79.56112083301116,
                                    "result_set_size": 443166659208,
                                    "children": [
                                        {
                                            "operator_name": "PROJECTION",
                                            "cpu_time": 76.927732056014,
                                            "extra_info": {
                                                "Projections": [
                                                    "#0",
                                                    "#1",
                                                    "#2",
                                                    "#3",
                                                    "#4",
                                                    "#5",
                                                    "#6",
                                                    "__internal_decompress_integral_smallint(#7, 1)"
                                                ],
                                                "Estimated Cardinality": "12744093"
                                            },
                                            "cumulative_cardinality": 15961032022,
                                            "operator_type": "PROJECTION",
                                            "operator_cardinality": 7913690343,
                                            "cumulative_rows_scanned": 31268581,
                                            "operator_rows_scanned": 0,
                                            "operator_timing": 3.3042922410008853,
                                            "result_set_size": 316547613720,
                                            "children": [
                                                {
                                                    "operator_name": "HASH_JOIN",
                                                    "cpu_time": 73.62343981501311,
                                                    "extra_info": {
                                                        "Join Type": "LEFT",
                                                        "Conditions": "id = userid",
                                                        "Estimated Cardinality": "12744093"
                                                    },
                                                    "cumulative_cardinality": 8047341679,
                                                    "operator_type": "HASH_JOIN",
                                                    "operator_cardinality": 7913690343,
                                                    "cumulative_rows_scanned": 31268581,
                                                    "operator_rows_scanned": 0,
                                                    "operator_timing": 70.20370031101312,
                                                    "result_set_size": 308633923377,
                                                    "children": [
                                                        {
                                                            "operator_name": "PROJECTION",
                                                            "cpu_time": 3.4012055519999986,
                                                            "extra_info": {
                                                                "Projections": [
                                                                    "#0",
                                                                    "#3",
                                                                    "#4",
                                                                    "#1",
                                                                    "#2",
                                                                    "#5",
                                                                    "__internal_decompress_integral_smallint(#6, 1)"
                                                                ],
                                                                "Estimated Cardinality": "12744093"
                                                            },
                                                            "cumulative_cardinality": 129007888,
                                                            "operator_type": "PROJECTION",
                                                            "operator_cardinality": 34453569,
                                                            "cumulative_rows_scanned": 28946857,
                                                            "operator_rows_scanned": 0,
                                                            "operator_timing": 0.0228453539999999,
                                                            "result_set_size": 1309235622,
                                                            "children": [
                                                                {
                                                                    "operator_name": "HASH_JOIN",
                                                                    "cpu_time": 3.378360197999999,
                                                                    "extra_info": {
                                                                        "Join Type": "LEFT",
                                                                        "Conditions": "id = postid",
                                                                        "Estimated Cardinality": "12744093"
                                                                    },
                                                                    "cumulative_cardinality": 94554319,
                                                                    "operator_type": "HASH_JOIN",
                                                                    "operator_cardinality": 34453569,
                                                                    "cumulative_rows_scanned": 28946857,
                                                                    "operator_rows_scanned": 0,
                                                                    "operator_timing": 1.2744753499999975,
                                                                    "result_set_size": 1274782053,
                                                                    "children": [
                                                                        {
                                                                            "operator_name": "HASH_JOIN",
                                                                            "cpu_time": 1.9720037610000016,
                                                                            "extra_info": {
                                                                                "Join Type": "RIGHT",
                                                                                "Conditions": "postid = id",
                                                                                "Estimated Cardinality": "7241822"
                                                                            },
                                                                            "cumulative_cardinality": 34612564,
                                                                            "operator_type": "HASH_JOIN",
                                                                            "operator_cardinality": 9425510,
                                                                            "cumulative_rows_scanned": 16202764,
                                                                            "operator_rows_scanned": 0,
                                                                            "operator_timing": 1.0939104090000016,
                                                                            "result_set_size": 339318360,
                                                                            "children": [
                                                                                {
                                                                                    "operator_name": "READ_PARQUET ",
                                                                                    "cpu_time": 0.16410964600000055,
                                                                                    "extra_info": {
                                                                                        "Function": "READ_PARQUET",
                                                                                        "Projections": [
                                                                                            "id",
                                                                                            "postid"
                                                                                        ],
                                                                                        "Estimated Cardinality": "7241822"
                                                                                    },
                                                                                    "cumulative_cardinality": 7241822,
                                                                                    "operator_type": "TABLE_SCAN",
                                                                                    "operator_cardinality": 7241822,
                                                                                    "cumulative_rows_scanned": 7241822,
                                                                                    "operator_rows_scanned": 7241822,
                                                                                    "operator_timing": 0.16410964600000055,
                                                                                    "result_set_size": 57934576,
                                                                                    "children": []
                                                                                },
                                                                                {
                                                                                    "operator_name": "HASH_JOIN",
                                                                                    "cpu_time": 0.7139837059999997,
                                                                                    "extra_info": {
                                                                                        "Join Type": "LEFT",
                                                                                        "Conditions": "acceptedanswerid = id",
                                                                                        "Estimated Cardinality": "3850116"
                                                                                    },
                                                                                    "cumulative_cardinality": 17945232,
                                                                                    "operator_type": "HASH_JOIN",
                                                                                    "operator_cardinality": 4574495,
                                                                                    "cumulative_rows_scanned": 8960942,
                                                                                    "operator_rows_scanned": 0,
                                                                                    "operator_timing": 0.24051723799999974,
                                                                                    "result_set_size": 146383840,
                                                                                    "children": [
                                                                                        {
                                                                                            "operator_name": "HASH_JOIN",
                                                                                            "cpu_time": 0.4546828400000001,
                                                                                            "extra_info": {
                                                                                                "Join Type": "RIGHT",
                                                                                                "Conditions": "owneruserid = id",
                                                                                                "Estimated Cardinality": "3850116"
                                                                                            },
                                                                                            "cumulative_cardinality": 9520621,
                                                                                            "operator_type": "HASH_JOIN",
                                                                                            "operator_cardinality": 4574495,
                                                                                            "cumulative_rows_scanned": 5110826,
                                                                                            "operator_rows_scanned": 0,
                                                                                            "operator_timing": 0.23941259300000006,
                                                                                            "result_set_size": 146383840,
                                                                                            "children": [
                                                                                                {
                                                                                                    "operator_name": "READ_PARQUET ",
                                                                                                    "cpu_time": 0.13733572300000002,
                                                                                                    "extra_info": {
                                                                                                        "Function": "READ_PARQUET",
                                                                                                        "Projections": [
                                                                                                            "id",
                                                                                                            "acceptedanswerid",
                                                                                                            "viewcount",
                                                                                                            "owneruserid"
                                                                                                        ],
                                                                                                        "Estimated Cardinality": "3850116"
                                                                                                    },
                                                                                                    "cumulative_cardinality": 3685416,
                                                                                                    "operator_type": "TABLE_SCAN",
                                                                                                    "operator_cardinality": 3685416,
                                                                                                    "cumulative_rows_scanned": 3850116,
                                                                                                    "operator_rows_scanned": 3850116,
                                                                                                    "operator_timing": 0.13733572300000002,
                                                                                                    "result_set_size": 58966656,
                                                                                                    "children": []
                                                                                                },
                                                                                                {
                                                                                                    "operator_name": "READ_PARQUET ",
                                                                                                    "cpu_time": 0.07793452399999999,
                                                                                                    "extra_info": {
                                                                                                        "Function": "READ_PARQUET",
                                                                                                        "Projections": [
                                                                                                            "id",
                                                                                                            "displayname"
                                                                                                        ],
                                                                                                        "Estimated Cardinality": "1260710"
                                                                                                    },
                                                                                                    "cumulative_cardinality": 1260710,
                                                                                                    "operator_type": "TABLE_SCAN",
                                                                                                    "operator_cardinality": 1260710,
                                                                                                    "cumulative_rows_scanned": 1260710,
                                                                                                    "operator_rows_scanned": 1260710,
                                                                                                    "operator_timing": 0.07793452399999999,
                                                                                                    "result_set_size": 25214200,
                                                                                                    "children": []
                                                                                                }
                                                                                            ]
                                                                                        },
                                                                                        {
                                                                                            "operator_name": "READ_PARQUET ",
                                                                                            "cpu_time": 0.018783627999999913,
                                                                                            "extra_info": {
                                                                                                "Function": "READ_PARQUET",
                                                                                                "Projections": "id",
                                                                                                "Estimated Cardinality": "3850116"
                                                                                            },
                                                                                            "cumulative_cardinality": 3850116,
                                                                                            "operator_type": "TABLE_SCAN",
                                                                                            "operator_cardinality": 3850116,
                                                                                            "cumulative_rows_scanned": 3850116,
                                                                                            "operator_rows_scanned": 3850116,
                                                                                            "operator_timing": 0.018783627999999913,
                                                                                            "result_set_size": 15400464,
                                                                                            "children": []
                                                                                        }
                                                                                    ]
                                                                                }
                                                                            ]
                                                                        },
                                                                        {
                                                                            "operator_name": "PROJECTION",
                                                                            "cpu_time": 0.13188108699999945,
                                                                            "extra_info": {
                                                                                "Projections": [
                                                                                    "#0",
                                                                                    "__internal_compress_integral_utinyint(#1, 1)"
                                                                                ],
                                                                                "Estimated Cardinality": "12744093"
                                                                            },
                                                                            "cumulative_cardinality": 25488186,
                                                                            "operator_type": "PROJECTION",
                                                                            "operator_cardinality": 12744093,
                                                                            "cumulative_rows_scanned": 12744093,
                                                                            "operator_rows_scanned": 0,
                                                                            "operator_timing": 0.003390470999999937,
                                                                            "result_set_size": 63720465,
                                                                            "children": [
                                                                                {
                                                                                    "operator_name": "READ_PARQUET ",
                                                                                    "cpu_time": 0.1284906159999995,
                                                                                    "extra_info": {
                                                                                        "Function": "READ_PARQUET",
                                                                                        "Projections": [
                                                                                            "postid",
                                                                                            "votetypeid"
                                                                                        ],
                                                                                        "Estimated Cardinality": "12744093"
                                                                                    },
                                                                                    "cumulative_cardinality": 12744093,
                                                                                    "operator_type": "TABLE_SCAN",
                                                                                    "operator_cardinality": 12744093,
                                                                                    "cumulative_rows_scanned": 12744093,
                                                                                    "operator_rows_scanned": 12744093,
                                                                                    "operator_timing": 0.1284906159999995,
                                                                                    "result_set_size": 76464558,
                                                                                    "children": []
                                                                                }
                                                                            ]
                                                                        }
                                                                    ]
                                                                }
                                                            ]
                                                        },
                                                        {
                                                            "operator_name": "PROJECTION",
                                                            "cpu_time": 0.018533951999999975,
                                                            "extra_info": {
                                                                "Projections": [
                                                                    "#0",
                                                                    "__internal_compress_integral_utinyint(#1, 1)"
                                                                ],
                                                                "Estimated Cardinality": "2321724"
                                                            },
                                                            "cumulative_cardinality": 4643448,
                                                            "operator_type": "PROJECTION",
                                                            "operator_cardinality": 2321724,
                                                            "cumulative_rows_scanned": 2321724,
                                                            "operator_rows_scanned": 0,
                                                            "operator_timing": 0.0006030129999999986,
                                                            "result_set_size": 11608620,
                                                            "children": [
                                                                {
                                                                    "operator_name": "READ_PARQUET ",
                                                                    "cpu_time": 0.017930938999999976,
                                                                    "extra_info": {
                                                                        "Function": "READ_PARQUET",
                                                                        "Projections": [
                                                                            "userid",
                                                                            "class"
                                                                        ],
                                                                        "Estimated Cardinality": "2321724"
                                                                    },
                                                                    "cumulative_cardinality": 2321724,
                                                                    "operator_type": "TABLE_SCAN",
                                                                    "operator_cardinality": 2321724,
                                                                    "cumulative_rows_scanned": 2321724,
                                                                    "operator_rows_scanned": 2321724,
                                                                    "operator_timing": 0.017930938999999976,
                                                                    "result_set_size": 13930344,
                                                                    "children": []
                                                                }
                                                            ]
                                                        }
                                                    ]
                                                }
                                            ]
                                        }
                                    ]
                                }
                            ]
                        }
                    ]
                }
            ]
        }
    ]
}