{
    "rows_returned": 2107966,
    "query_name": "WITH PostStatistics AS (\n    SELECT \n        pt.Name AS PostType,\n        COUNT(p.Id) AS TotalPosts,\n        COUNT(DISTINCT p.OwnerUserId) AS UniqueUsers,\n        SUM(p.Score) AS TotalScore,\n        SUM(p.ViewCount) AS TotalViews,\n        AVG(COALESCE(p.CommentCount, 0)) AS AvgCommentsPerPost,\n        AVG(COALESCE(p.AnswerCount, 0)) AS AvgAnswersPerPost,\n        MAX(p.CreationDate) AS MostRecentPost\n    FROM \n        Posts p\n    JOIN \n        PostTypes pt ON p.PostTypeId = pt.Id\n    GROUP BY \n        pt.Name\n),\nUserEngagement AS (\n    SELECT \n        u.DisplayName AS User,\n        COUNT(DISTINCT p.Id) AS TotalPostsByUser,\n        SUM(v.BountyAmount) AS TotalBountyReceived,\n        SUM(u.UpVotes) AS TotalUpVotes,\n        SUM(u.DownVotes) AS TotalDownVotes,\n        AVG(u.Reputation) AS AvgReputation\n    FROM \n        Users u\n    LEFT JOIN \n        Posts p ON u.Id = p.OwnerUserId\n    LEFT JOIN \n        Votes v ON p.Id = v.PostId AND v.UserId = u.Id\n    GROUP BY \n        u.DisplayName\n)\nSELECT \n    p.PostType,\n    p.TotalPosts,\n    p.UniqueUsers,\n    p.TotalScore,\n    p.TotalViews,\n    p.AvgCommentsPerPost,\n    p.AvgAnswersPerPost,\n    p.MostRecentPost,\n    u.User,\n    u.TotalPostsByUser,\n    u.TotalBountyReceived,\n    u.TotalUpVotes,\n    u.TotalDownVotes,\n    u.AvgReputation\nFROM \n    PostStatistics p\nJOIN \n    UserEngagement u ON u.TotalPostsByUser > 0\nORDER BY \n    p.TotalPosts DESC, u.TotalPostsByUser DESC;",
    "blocked_thread_time": 0.0,
    "cpu_time": 3.602100588999999,
    "extra_info": {},
    "cumulative_cardinality": 50810516,
    "cumulative_rows_scanned": 21705043,
    "result_set_size": 354138288,
    "latency": 10.612726131,
    "children": [
        {
            "operator_name": "ORDER_BY",
            "cpu_time": 3.602100588999999,
            "extra_info": {
                "Order By": [
                    "p.TotalPosts DESC",
                    "u.TotalPostsByUser DESC"
                ]
            },
            "cumulative_cardinality": 50810516,
            "operator_type": "ORDER_BY",
            "operator_cardinality": 2107966,
            "cumulative_rows_scanned": 21705043,
            "operator_rows_scanned": 0,
            "operator_timing": 0.3914461099999998,
            "result_set_size": 354138288,
            "children": [
                {
                    "operator_name": "CROSS_PRODUCT",
                    "cpu_time": 3.210654478999999,
                    "extra_info": {},
                    "cumulative_cardinality": 48702550,
                    "operator_type": "CROSS_PRODUCT",
                    "operator_cardinality": 2107966,
                    "cumulative_rows_scanned": 21705043,
                    "operator_rows_scanned": 0,
                    "operator_timing": 0.014019328000000005,
                    "result_set_size": 354138288,
                    "children": [
                        {
                            "operator_name": "HASH_GROUP_BY",
                            "cpu_time": 0.5584367849999998,
                            "extra_info": {
                                "Groups": "#0",
                                "Aggregates": [
                                    "count_star()",
                                    "count(DISTINCT #1)",
                                    "sum(#2)",
                                    "sum(#3)",
                                    "avg(#4)",
                                    "avg(#5)",
                                    "max(#6)"
                                ],
                                "Estimated Cardinality": "1925058"
                            },
                            "cumulative_cardinality": 11550362,
                            "operator_type": "HASH_GROUP_BY",
                            "operator_cardinality": 7,
                            "cumulative_rows_scanned": 3850124,
                            "operator_rows_scanned": 0,
                            "operator_timing": 0.27839453100000006,
                            "result_set_size": 616,
                            "children": [
                                {
                                    "operator_name": "PROJECTION",
                                    "cpu_time": 0.2800422539999998,
                                    "extra_info": {
                                        "Projections": [
                                            "name",
                                            "owneruserid",
                                            "score",
                                            "viewcount",
                                            "commentcount",
                                            "COALESCE(answercount, 0)",
                                            "creationdate"
                                        ],
                                        "Estimated Cardinality": "3850116"
                                    },
                                    "cumulative_cardinality": 11550355,
                                    "operator_type": "PROJECTION",
                                    "operator_cardinality": 3850116,
                                    "cumulative_rows_scanned": 3850124,
                                    "operator_rows_scanned": 0,
                                    "operator_timing": 0.03451527399999995,
                                    "result_set_size": 169405104,
                                    "children": [
                                        {
                                            "operator_name": "HASH_JOIN",
                                            "cpu_time": 0.2455269799999999,
                                            "extra_info": {
                                                "Join Type": "INNER",
                                                "Conditions": "posttypeid = id",
                                                "Estimated Cardinality": "3850116"
                                            },
                                            "cumulative_cardinality": 7700239,
                                            "operator_type": "HASH_JOIN",
                                            "operator_cardinality": 3850116,
                                            "cumulative_rows_scanned": 3850124,
                                            "operator_rows_scanned": 0,
                                            "operator_timing": 0.009764791999999991,
                                            "result_set_size": 169405104,
                                            "children": [
                                                {
                                                    "operator_name": "READ_PARQUET ",
                                                    "cpu_time": 0.2354185659999999,
                                                    "extra_info": {
                                                        "Function": "READ_PARQUET",
                                                        "Projections": [
                                                            "id",
                                                            "posttypeid",
                                                            "creationdate",
                                                            "score",
                                                            "viewcount",
                                                            "owneruserid",
                                                            "answercount",
                                                            "commentcount"
                                                        ],
                                                        "Estimated Cardinality": "3850116"
                                                    },
                                                    "cumulative_cardinality": 3850116,
                                                    "operator_type": "TABLE_SCAN",
                                                    "operator_cardinality": 3850116,
                                                    "cumulative_rows_scanned": 3850116,
                                                    "operator_rows_scanned": 3850116,
                                                    "operator_timing": 0.2354185659999999,
                                                    "result_set_size": 130903944,
                                                    "children": []
                                                },
                                                {
                                                    "operator_name": "READ_PARQUET ",
                                                    "cpu_time": 0.00034362199999999997,
                                                    "extra_info": {
                                                        "Function": "READ_PARQUET",
                                                        "Projections": [
                                                            "id",
                                                            "name"
                                                        ],
                                                        "Filters": "id<=7",
                                                        "Estimated Cardinality": "8"
                                                    },
                                                    "cumulative_cardinality": 7,
                                                    "operator_type": "TABLE_SCAN",
                                                    "operator_cardinality": 7,
                                                    "cumulative_rows_scanned": 8,
                                                    "operator_rows_scanned": 8,
                                                    "operator_timing": 0.00034362199999999997,
                                                    "result_set_size": 126,
                                                    "children": []
                                                }
                                            ]
                                        }
                                    ]
                                }
                            ]
                        },
                        {
                            "operator_name": "FILTER",
                            "cpu_time": 2.6381983659999992,
                            "extra_info": {
                                "Expression": "(TotalPostsByUser > 0)",
                                "Estimated Cardinality": "252142"
                            },
                            "cumulative_cardinality": 35044222,
                            "operator_type": "FILTER",
                            "operator_cardinality": 301138,
                            "cumulative_rows_scanned": 17854919,
                            "operator_rows_scanned": 0,
                            "operator_timing": 0.0021943210000000004,
                            "result_set_size": 24091040,
                            "children": [
                                {
                                    "operator_name": "HASH_GROUP_BY",
                                    "cpu_time": 2.636004044999999,
                                    "extra_info": {
                                        "Groups": "#0",
                                        "Aggregates": [
                                            "count(DISTINCT #1)",
                                            "sum(#2)",
                                            "sum(#3)",
                                            "sum(#4)",
                                            "avg(#5)"
                                        ],
                                        "Estimated Cardinality": "1260710"
                                    },
                                    "cumulative_cardinality": 34743084,
                                    "operator_type": "HASH_GROUP_BY",
                                    "operator_cardinality": 1045736,
                                    "cumulative_rows_scanned": 17854919,
                                    "operator_rows_scanned": 0,
                                    "operator_timing": 1.4914976049999993,
                                    "result_set_size": 83658880,
                                    "children": [
                                        {
                                            "operator_name": "PROJECTION",
                                            "cpu_time": 1.1445064399999996,
                                            "extra_info": {
                                                "Projections": [
                                                    "displayname",
                                                    "id",
                                                    "bountyamount",
                                                    "upvotes",
                                                    "downvotes",
                                                    "reputation"
                                                ],
                                                "Estimated Cardinality": "12744093"
                                            },
                                            "cumulative_cardinality": 33697348,
                                            "operator_type": "PROJECTION",
                                            "operator_cardinality": 4575580,
                                            "cumulative_rows_scanned": 17854919,
                                            "operator_rows_scanned": 0,
                                            "operator_timing": 0.0009661660000000013,
                                            "result_set_size": 164720880,
                                            "children": [
                                                {
                                                    "operator_name": "PROJECTION",
                                                    "cpu_time": 1.1435402739999996,
                                                    "extra_info": {
                                                        "Projections": [
                                                            "#0",
                                                            "#2",
                                                            "#3",
                                                            "#4",
                                                            "__internal_decompress_integral_integer(#5, 0)",
                                                            "#1"
                                                        ],
                                                        "Estimated Cardinality": "12744093"
                                                    },
                                                    "cumulative_cardinality": 29121768,
                                                    "operator_type": "PROJECTION",
                                                    "operator_cardinality": 4575580,
                                                    "cumulative_rows_scanned": 17854919,
                                                    "operator_rows_scanned": 0,
                                                    "operator_timing": 0.002315359000000006,
                                                    "result_set_size": 164720880,
                                                    "children": [
                                                        {
                                                            "operator_name": "HASH_JOIN",
                                                            "cpu_time": 1.1412249149999996,
                                                            "extra_info": {
                                                                "Join Type": "RIGHT",
                                                                "Conditions": [
                                                                    "postid = id",
                                                                    "userid = id"
                                                                ],
                                                                "Estimated Cardinality": "12744093"
                                                            },
                                                            "cumulative_cardinality": 24546188,
                                                            "operator_type": "HASH_JOIN",
                                                            "operator_cardinality": 4575580,
                                                            "cumulative_rows_scanned": 17854919,
                                                            "operator_rows_scanned": 0,
                                                            "operator_timing": 0.4423681680000001,
                                                            "result_set_size": 155569720,
                                                            "children": [
                                                                {
                                                                    "operator_name": "READ_PARQUET ",
                                                                    "cpu_time": 0.22374759099999994,
                                                                    "extra_info": {
                                                                        "Function": "READ_PARQUET",
                                                                        "Projections": [
                                                                            "postid",
                                                                            "userid",
                                                                            "bountyamount"
                                                                        ],
                                                                        "Estimated Cardinality": "12744093"
                                                                    },
                                                                    "cumulative_cardinality": 40287,
                                                                    "operator_type": "TABLE_SCAN",
                                                                    "operator_cardinality": 40287,
                                                                    "cumulative_rows_scanned": 12744093,
                                                                    "operator_rows_scanned": 12744093,
                                                                    "operator_timing": 0.22374759099999994,
                                                                    "result_set_size": 483444,
                                                                    "children": []
                                                                },
                                                                {
                                                                    "operator_name": "PROJECTION",
                                                                    "cpu_time": 0.4751091559999996,
                                                                    "extra_info": {
                                                                        "Projections": [
                                                                            "#0",
                                                                            "#1",
                                                                            "#2",
                                                                            "#3",
                                                                            "#4",
                                                                            "__internal_compress_integral_usmallint(#5, 0)"
                                                                        ],
                                                                        "Estimated Cardinality": "3850116"
                                                                    },
                                                                    "cumulative_cardinality": 19930321,
                                                                    "operator_type": "PROJECTION",
                                                                    "operator_cardinality": 4574495,
                                                                    "cumulative_rows_scanned": 5110826,
                                                                    "operator_rows_scanned": 0,
                                                                    "operator_timing": 0.0022858080000000116,
                                                                    "result_set_size": 155532830,
                                                                    "children": [
                                                                        {
                                                                            "operator_name": "PROJECTION",
                                                                            "cpu_time": 0.4728233479999996,
                                                                            "extra_info": {
                                                                                "Projections": [
                                                                                    "#0",
                                                                                    "#1",
                                                                                    "#2",
                                                                                    "#3",
                                                                                    "#4",
                                                                                    "__internal_decompress_integral_integer(#5, 0)"
                                                                                ],
                                                                                "Estimated Cardinality": "3850116"
                                                                            },
                                                                            "cumulative_cardinality": 15355826,
                                                                            "operator_type": "PROJECTION",
                                                                            "operator_cardinality": 4574495,
                                                                            "cumulative_rows_scanned": 5110826,
                                                                            "operator_rows_scanned": 0,
                                                                            "operator_timing": 0.0028124210000000024,
                                                                            "result_set_size": 164681820,
                                                                            "children": [
                                                                                {
                                                                                    "operator_name": "HASH_JOIN",
                                                                                    "cpu_time": 0.4700109269999996,
                                                                                    "extra_info": {
                                                                                        "Join Type": "RIGHT",
                                                                                        "Conditions": "owneruserid = id",
                                                                                        "Estimated Cardinality": "3850116"
                                                                                    },
                                                                                    "cumulative_cardinality": 10781331,
                                                                                    "operator_type": "HASH_JOIN",
                                                                                    "operator_cardinality": 4574495,
                                                                                    "cumulative_rows_scanned": 5110826,
                                                                                    "operator_rows_scanned": 0,
                                                                                    "operator_timing": 0.2792054699999996,
                                                                                    "result_set_size": 155532830,
                                                                                    "children": [
                                                                                        {
                                                                                            "operator_name": "READ_PARQUET ",
                                                                                            "cpu_time": 0.09254354700000005,
                                                                                            "extra_info": {
                                                                                                "Function": "READ_PARQUET",
                                                                                                "Projections": [
                                                                                                    "id",
                                                                                                    "owneruserid"
                                                                                                ],
                                                                                                "Estimated Cardinality": "3850116"
                                                                                            },
                                                                                            "cumulative_cardinality": 3685416,
                                                                                            "operator_type": "TABLE_SCAN",
                                                                                            "operator_cardinality": 3685416,
                                                                                            "cumulative_rows_scanned": 3850116,
                                                                                            "operator_rows_scanned": 3850116,
                                                                                            "operator_timing": 0.09254354700000005,
                                                                                            "result_set_size": 29483328,
                                                                                            "children": []
                                                                                        },
                                                                                        {
                                                                                            "operator_name": "PROJECTION",
                                                                                            "cpu_time": 0.09826190999999992,
                                                                                            "extra_info": {
                                                                                                "Projections": [
                                                                                                    "#0",
                                                                                                    "#1",
                                                                                                    "#2",
                                                                                                    "#3",
                                                                                                    "__internal_compress_integral_usmallint(#4, 0)"
                                                                                                ],
                                                                                                "Estimated Cardinality": "1260710"
                                                                                            },
                                                                                            "cumulative_cardinality": 2521420,
                                                                                            "operator_type": "PROJECTION",
                                                                                            "operator_cardinality": 1260710,
                                                                                            "cumulative_rows_scanned": 1260710,
                                                                                            "operator_rows_scanned": 0,
                                                                                            "operator_timing": 0.0005840300000000005,
                                                                                            "result_set_size": 37821300,
                                                                                            "children": [
                                                                                                {
                                                                                                    "operator_name": "READ_PARQUET ",
                                                                                                    "cpu_time": 0.09767787999999993,
                                                                                                    "extra_info": {
                                                                                                        "Function": "READ_PARQUET",
                                                                                                        "Projections": [
                                                                                                            "id",
                                                                                                            "reputation",
                                                                                                            "displayname",
                                                                                                            "upvotes",
                                                                                                            "downvotes"
                                                                                                        ],
                                                                                                        "Estimated Cardinality": "1260710"
                                                                                                    },
                                                                                                    "cumulative_cardinality": 1260710,
                                                                                                    "operator_type": "TABLE_SCAN",
                                                                                                    "operator_cardinality": 1260710,
                                                                                                    "cumulative_rows_scanned": 1260710,
                                                                                                    "operator_rows_scanned": 1260710,
                                                                                                    "operator_timing": 0.09767787999999993,
                                                                                                    "result_set_size": 40342720,
                                                                                                    "children": []
                                                                                                }
                                                                                            ]
                                                                                        }
                                                                                    ]
                                                                                }
                                                                            ]
                                                                        }
                                                                    ]
                                                                }
                                                            ]
                                                        }
                                                    ]
                                                }
                                            ]
                                        }
                                    ]
                                }
                            ]
                        }
                    ]
                }
            ]
        }
    ]
}