{
    "rows_returned": 3850116,
    "query_name": "WITH PostSummary AS (\n    SELECT \n        p.Id AS PostId,\n        p.Title,\n        p.PostTypeId,\n        pt.Name AS PostTypeName,\n        COUNT(DISTINCT c.Id) AS TotalComments,\n        COUNT(DISTINCT v.Id) AS TotalVotes,\n        SUM(CASE WHEN vt.Id IS NOT NULL THEN 1 ELSE 0 END) AS UpVotes,\n        SUM(CASE WHEN vt.Id IS NOT NULL THEN 0 ELSE 1 END) AS DownVotes\n    FROM \n        Posts p\n        LEFT JOIN Comments c ON p.Id = c.PostId\n        LEFT JOIN Votes v ON p.Id = v.PostId\n        LEFT JOIN VoteTypes vt ON v.VoteTypeId = vt.Id\n        JOIN PostTypes pt ON p.PostTypeId = pt.Id\n    GROUP BY \n        p.Id, p.Title, p.PostTypeId, pt.Name\n)\nSELECT \n    ps.PostId, \n    ps.Title, \n    ps.PostTypeName, \n    ps.TotalComments, \n    ps.TotalVotes, \n    ps.UpVotes, \n    ps.DownVotes\nFROM \n    PostSummary ps\nORDER BY \n    ps.TotalVotes DESC, ps.TotalComments DESC;",
    "blocked_thread_time": 0.0,
    "cpu_time": 14.241567007000022,
    "extra_info": {},
    "cumulative_cardinality": 280648971,
    "cumulative_rows_scanned": 23836054,
    "result_set_size": 323409744,
    "latency": 24.951777058,
    "children": [
        {
            "operator_name": "ORDER_BY",
            "cpu_time": 14.241567007000022,
            "extra_info": {
                "Order By": [
                    "ps.TotalVotes DESC",
                    "ps.TotalComments DESC"
                ]
            },
            "cumulative_cardinality": 280648971,
            "operator_type": "ORDER_BY",
            "operator_cardinality": 3850116,
            "cumulative_rows_scanned": 23836054,
            "operator_rows_scanned": 0,
            "operator_timing": 0.27471904299999994,
            "result_set_size": 323409744,
            "children": [
                {
                    "operator_name": "PROJECTION",
                    "cpu_time": 13.966847964000022,
                    "extra_info": {
                        "Projections": [
                            "PostId",
                            "title",
                            "PostTypeName",
                            "TotalComments",
                            "TotalVotes",
                            "UpVotes",
                            "DownVotes"
                        ],
                        "Estimated Cardinality": "3850116"
                    },
                    "cumulative_cardinality": 276798855,
                    "operator_type": "PROJECTION",
                    "operator_cardinality": 3850116,
                    "cumulative_rows_scanned": 23836054,
                    "operator_rows_scanned": 0,
                    "operator_timing": 0.0006479219999999955,
                    "result_set_size": 323409744,
                    "children": [
                        {
                            "operator_name": "PROJECTION",
                            "cpu_time": 13.966200042000022,
                            "extra_info": {
                                "Projections": [
                                    "#0",
                                    "#1",
                                    "__internal_decompress_integral_smallint(#2, 1)",
                                    "#3",
                                    "#4",
                                    "#5",
                                    "#6",
                                    "#7"
                                ],
                                "Estimated Cardinality": "3850116"
                            },
                            "cumulative_cardinality": 272948739,
                            "operator_type": "PROJECTION",
                            "operator_cardinality": 3850116,
                            "cumulative_rows_scanned": 23836054,
                            "operator_rows_scanned": 0,
                            "operator_timing": 0.0016571520000000061,
                            "result_set_size": 331109976,
                            "children": [
                                {
                                    "operator_name": "HASH_GROUP_BY",
                                    "cpu_time": 13.964542890000022,
                                    "extra_info": {
                                        "Groups": [
                                            "#0",
                                            "#1",
                                            "#2",
                                            "#3"
                                        ],
                                        "Aggregates": [
                                            "count(DISTINCT #4)",
                                            "count(DISTINCT #5)",
                                            "sum(#6)",
                                            "sum(#7)"
                                        ],
                                        "Estimated Cardinality": "3850116"
                                    },
                                    "cumulative_cardinality": 269098623,
                                    "operator_type": "HASH_GROUP_BY",
                                    "operator_cardinality": 3850116,
                                    "cumulative_rows_scanned": 23836054,
                                    "operator_rows_scanned": 0,
                                    "operator_timing": 9.78165588000002,
                                    "result_set_size": 327259860,
                                    "children": [
                                        {
                                            "operator_name": "PROJECTION",
                                            "cpu_time": 4.182887010000003,
                                            "extra_info": {
                                                "Projections": [
                                                    "id",
                                                    "title",
                                                    "posttypeid",
                                                    "name",
                                                    "id",
                                                    "id",
                                                    "CASE  WHEN ((id IS NOT NULL)) THEN (1) ELSE 0 END",
                                                    "CASE  WHEN ((id IS NOT NULL)) THEN (0) ELSE 1 END"
                                                ],
                                                "Estimated Cardinality": "12744093"
                                            },
                                            "cumulative_cardinality": 265248507,
                                            "operator_type": "PROJECTION",
                                            "operator_cardinality": 35129590,
                                            "cumulative_rows_scanned": 23836054,
                                            "operator_rows_scanned": 0,
                                            "operator_timing": 0.13682940300000043,
                                            "result_set_size": 1861868270,
                                            "children": [
                                                {
                                                    "operator_name": "PROJECTION",
                                                    "cpu_time": 4.0460576070000025,
                                                    "extra_info": {
                                                        "Projections": [
                                                            "#2",
                                                            "__internal_compress_integral_utinyint(#3, 1)",
                                                            "#4",
                                                            "#1",
                                                            "#0",
                                                            "#5",
                                                            "#6"
                                                        ],
                                                        "Estimated Cardinality": "12744093"
                                                    },
                                                    "cumulative_cardinality": 230118917,
                                                    "operator_type": "PROJECTION",
                                                    "operator_cardinality": 35129590,
                                                    "cumulative_rows_scanned": 23836054,
                                                    "operator_rows_scanned": 0,
                                                    "operator_timing": 0.042537183999999846,
                                                    "result_set_size": 1651090730,
                                                    "children": [
                                                        {
                                                            "operator_name": "HASH_JOIN",
                                                            "cpu_time": 4.003520423000003,
                                                            "extra_info": {
                                                                "Join Type": "INNER",
                                                                "Conditions": "posttypeid = id",
                                                                "Estimated Cardinality": "12744093"
                                                            },
                                                            "cumulative_cardinality": 194989327,
                                                            "operator_type": "HASH_JOIN",
                                                            "operator_cardinality": 35129590,
                                                            "cumulative_rows_scanned": 23836054,
                                                            "operator_rows_scanned": 0,
                                                            "operator_timing": 0.06859333400000013,
                                                            "result_set_size": 1686220320,
                                                            "children": [
                                                                {
                                                                    "operator_name": "HASH_JOIN",
                                                                    "cpu_time": 3.9346089150000023,
                                                                    "extra_info": {
                                                                        "Join Type": "LEFT",
                                                                        "Conditions": "votetypeid = id",
                                                                        "Estimated Cardinality": "12744093"
                                                                    },
                                                                    "cumulative_cardinality": 159859730,
                                                                    "operator_type": "HASH_JOIN",
                                                                    "operator_cardinality": 35129590,
                                                                    "cumulative_rows_scanned": 23836046,
                                                                    "operator_rows_scanned": 0,
                                                                    "operator_timing": 0.7835474239999997,
                                                                    "result_set_size": 1124146880,
                                                                    "children": [
                                                                        {
                                                                            "operator_name": "PROJECTION",
                                                                            "cpu_time": 3.1509000900000026,
                                                                            "extra_info": {
                                                                                "Projections": [
                                                                                    "#0",
                                                                                    "#1",
                                                                                    "#2",
                                                                                    "#3",
                                                                                    "__internal_decompress_integral_smallint(#4, 1)",
                                                                                    "#5"
                                                                                ],
                                                                                "Estimated Cardinality": "12744093"
                                                                            },
                                                                            "cumulative_cardinality": 124730125,
                                                                            "operator_type": "PROJECTION",
                                                                            "operator_cardinality": 35129590,
                                                                            "cumulative_rows_scanned": 23836031,
                                                                            "operator_rows_scanned": 0,
                                                                            "operator_timing": 0.03906689300000038,
                                                                            "result_set_size": 1124146880,
                                                                            "children": [
                                                                                {
                                                                                    "operator_name": "HASH_JOIN",
                                                                                    "cpu_time": 3.1118331970000024,
                                                                                    "extra_info": {
                                                                                        "Join Type": "RIGHT",
                                                                                        "Conditions": "postid = id",
                                                                                        "Estimated Cardinality": "12744093"
                                                                                    },
                                                                                    "cumulative_cardinality": 89600535,
                                                                                    "operator_type": "HASH_JOIN",
                                                                                    "operator_cardinality": 35129590,
                                                                                    "cumulative_rows_scanned": 23836031,
                                                                                    "operator_rows_scanned": 0,
                                                                                    "operator_timing": 1.7031453130000025,
                                                                                    "result_set_size": 1089017290,
                                                                                    "children": [
                                                                                        {
                                                                                            "operator_name": "READ_PARQUET ",
                                                                                            "cpu_time": 0.2930508280000004,
                                                                                            "extra_info": {
                                                                                                "Function": "READ_PARQUET",
                                                                                                "Projections": [
                                                                                                    "id",
                                                                                                    "postid",
                                                                                                    "votetypeid"
                                                                                                ],
                                                                                                "Estimated Cardinality": "12744093"
                                                                                            },
                                                                                            "cumulative_cardinality": 12744093,
                                                                                            "operator_type": "TABLE_SCAN",
                                                                                            "operator_cardinality": 12744093,
                                                                                            "cumulative_rows_scanned": 12744093,
                                                                                            "operator_rows_scanned": 12744093,
                                                                                            "operator_timing": 0.2930508280000004,
                                                                                            "result_set_size": 127440930,
                                                                                            "children": []
                                                                                        },
                                                                                        {
                                                                                            "operator_name": "PROJECTION",
                                                                                            "cpu_time": 1.1156370559999995,
                                                                                            "extra_info": {
                                                                                                "Projections": [
                                                                                                    "#0",
                                                                                                    "#1",
                                                                                                    "__internal_compress_integral_utinyint(#2, 1)",
                                                                                                    "#3"
                                                                                                ],
                                                                                                "Estimated Cardinality": "7241822"
                                                                                            },
                                                                                            "cumulative_cardinality": 41726852,
                                                                                            "operator_type": "PROJECTION",
                                                                                            "operator_cardinality": 8928266,
                                                                                            "cumulative_rows_scanned": 11091938,
                                                                                            "operator_rows_scanned": 0,
                                                                                            "operator_timing": 0.004219787999999997,
                                                                                            "result_set_size": 223206650,
                                                                                            "children": [
                                                                                                {
                                                                                                    "operator_name": "PROJECTION",
                                                                                                    "cpu_time": 1.1114172679999996,
                                                                                                    "extra_info": {
                                                                                                        "Projections": [
                                                                                                            "#0",
                                                                                                            "#1",
                                                                                                            "__internal_decompress_integral_smallint(#2, 1)",
                                                                                                            "#3"
                                                                                                        ],
                                                                                                        "Estimated Cardinality": "7241822"
                                                                                                    },
                                                                                                    "cumulative_cardinality": 32798586,
                                                                                                    "operator_type": "PROJECTION",
                                                                                                    "operator_cardinality": 8928266,
                                                                                                    "cumulative_rows_scanned": 11091938,
                                                                                                    "operator_rows_scanned": 0,
                                                                                                    "operator_timing": 0.008259446999999935,
                                                                                                    "result_set_size": 232134916,
                                                                                                    "children": [
                                                                                                        {
                                                                                                            "operator_name": "HASH_JOIN",
                                                                                                            "cpu_time": 1.1031578209999997,
                                                                                                            "extra_info": {
                                                                                                                "Join Type": "RIGHT",
                                                                                                                "Conditions": "postid = id",
                                                                                                                "Estimated Cardinality": "7241822"
                                                                                                            },
                                                                                                            "cumulative_cardinality": 23870320,
                                                                                                            "operator_type": "HASH_JOIN",
                                                                                                            "operator_cardinality": 8928266,
                                                                                                            "cumulative_rows_scanned": 11091938,
                                                                                                            "operator_rows_scanned": 0,
                                                                                                            "operator_timing": 0.6568927739999997,
                                                                                                            "result_set_size": 223206650,
                                                                                                            "children": [
                                                                                                                {
                                                                                                                    "operator_name": "READ_PARQUET ",
                                                                                                                    "cpu_time": 0.12113714499999988,
                                                                                                                    "extra_info": {
                                                                                                                        "Function": "READ_PARQUET",
                                                                                                                        "Projections": [
                                                                                                                            "id",
                                                                                                                            "postid"
                                                                                                                        ],
                                                                                                                        "Estimated Cardinality": "7241822"
                                                                                                                    },
                                                                                                                    "cumulative_cardinality": 7241822,
                                                                                                                    "operator_type": "TABLE_SCAN",
                                                                                                                    "operator_cardinality": 7241822,
                                                                                                                    "cumulative_rows_scanned": 7241822,
                                                                                                                    "operator_rows_scanned": 7241822,
                                                                                                                    "operator_timing": 0.12113714499999988,
                                                                                                                    "result_set_size": 57934576,
                                                                                                                    "children": []
                                                                                                                },
                                                                                                                {
                                                                                                                    "operator_name": "PROJECTION",
                                                                                                                    "cpu_time": 0.32512790200000014,
                                                                                                                    "extra_info": {
                                                                                                                        "Projections": [
                                                                                                                            "#0",
                                                                                                                            "__internal_compress_integral_utinyint(#1, 1)",
                                                                                                                            "#2"
                                                                                                                        ],
                                                                                                                        "Estimated Cardinality": "3850116"
                                                                                                                    },
                                                                                                                    "cumulative_cardinality": 7700232,
                                                                                                                    "operator_type": "PROJECTION",
                                                                                                                    "operator_cardinality": 3850116,
                                                                                                                    "cumulative_rows_scanned": 3850116,
                                                                                                                    "operator_rows_scanned": 0,
                                                                                                                    "operator_timing": 0.0014122220000000005,
                                                                                                                    "result_set_size": 80852436,
                                                                                                                    "children": [
                                                                                                                        {
                                                                                                                            "operator_name": "READ_PARQUET ",
                                                                                                                            "cpu_time": 0.3237156800000001,
                                                                                                                            "extra_info": {
                                                                                                                                "Function": "READ_PARQUET",
                                                                                                                                "Projections": [
                                                                                                                                    "id",
                                                                                                                                    "posttypeid",
                                                                                                                                    "title"
                                                                                                                                ],
                                                                                                                                "Estimated Cardinality": "3850116"
                                                                                                                            },
                                                                                                                            "cumulative_cardinality": 3850116,
                                                                                                                            "operator_type": "TABLE_SCAN",
                                                                                                                            "operator_cardinality": 3850116,
                                                                                                                            "cumulative_rows_scanned": 3850116,
                                                                                                                            "operator_rows_scanned": 3850116,
                                                                                                                            "operator_timing": 0.3237156800000001,
                                                                                                                            "result_set_size": 84702552,
                                                                                                                            "children": []
                                                                                                                        }
                                                                                                                    ]
                                                                                                                }
                                                                                                            ]
                                                                                                        }
                                                                                                    ]
                                                                                                }
                                                                                            ]
                                                                                        }
                                                                                    ]
                                                                                }
                                                                            ]
                                                                        },
                                                                        {
                                                                            "operator_name": "READ_PARQUET ",
                                                                            "cpu_time": 0.00016140099999999998,
                                                                            "extra_info": {
                                                                                "Function": "READ_PARQUET",
                                                                                "Projections": "id",
                                                                                "Estimated Cardinality": "15"
                                                                            },
                                                                            "cumulative_cardinality": 15,
                                                                            "operator_type": "TABLE_SCAN",
                                                                            "operator_cardinality": 15,
                                                                            "cumulative_rows_scanned": 15,
                                                                            "operator_rows_scanned": 15,
                                                                            "operator_timing": 0.00016140099999999998,
                                                                            "result_set_size": 30,
                                                                            "children": []
                                                                        }
                                                                    ]
                                                                },
                                                                {
                                                                    "operator_name": "READ_PARQUET ",
                                                                    "cpu_time": 0.00031817399999999995,
                                                                    "extra_info": {
                                                                        "Function": "READ_PARQUET",
                                                                        "Projections": [
                                                                            "id",
                                                                            "name"
                                                                        ],
                                                                        "Filters": "id<=7",
                                                                        "Estimated Cardinality": "8"
                                                                    },
                                                                    "cumulative_cardinality": 7,
                                                                    "operator_type": "TABLE_SCAN",
                                                                    "operator_cardinality": 7,
                                                                    "cumulative_rows_scanned": 8,
                                                                    "operator_rows_scanned": 8,
                                                                    "operator_timing": 0.00031817399999999995,
                                                                    "result_set_size": 126,
                                                                    "children": []
                                                                }
                                                            ]
                                                        }
                                                    ]
                                                }
                                            ]
                                        }
                                    ]
                                }
                            ]
                        }
                    ]
                }
            ]
        }
    ]
}