{
    "rows_returned": 5,
    "query_name": "WITH PostStatistics AS (\n    SELECT \n        p.Id AS PostId,\n        pt.Name AS PostType,\n        COUNT(c.Id) AS CommentCount,\n        COALESCE(SUM(v.BountyAmount), 0) AS TotalBountyAmount,\n        AVG(p.Score) AS AverageScore,\n        COUNT(DISTINCT b.Id) AS BadgeCount\n    FROM \n        Posts p\n    LEFT JOIN \n        Comments c ON p.Id = c.PostId\n    LEFT JOIN \n        Votes v ON p.Id = v.PostId AND v.VoteTypeId IN (8, 9) \n    LEFT JOIN \n        Badges b ON p.OwnerUserId = b.UserId\n    JOIN \n        PostTypes pt ON p.PostTypeId = pt.Id\n    WHERE \n        p.CreationDate >= cast('2024-10-01 12:34:56' as timestamp) - INTERVAL '1 year' \n    GROUP BY \n        p.Id, pt.Name\n),\nPostTypeSummary AS (\n    SELECT \n        PostType,\n        COUNT(PostId) AS TotalPosts,\n        SUM(CommentCount) AS TotalComments,\n        SUM(TotalBountyAmount) AS TotalBounty,\n        AVG(AverageScore) AS AvgScore,\n        SUM(BadgeCount) AS TotalBadges\n    FROM \n        PostStatistics\n    GROUP BY \n        PostType\n)\n\nSELECT \n    PostType,\n    TotalPosts,\n    TotalComments,\n    TotalBounty,\n    AvgScore,\n    TotalBadges\nFROM \n    PostTypeSummary\nORDER BY \n    TotalPosts DESC;",
    "blocked_thread_time": 0.0,
    "cpu_time": 3.170342451999989,
    "extra_info": {},
    "cumulative_cardinality": 81941498,
    "cumulative_rows_scanned": 26157763,
    "result_set_size": 400,
    "latency": 4.549680368,
    "children": [
        {
            "operator_name": "ORDER_BY",
            "cpu_time": 3.170342451999989,
            "extra_info": {
                "Order By": "PostTypeSummary.TotalPosts DESC"
            },
            "cumulative_cardinality": 81941498,
            "operator_type": "ORDER_BY",
            "operator_cardinality": 5,
            "cumulative_rows_scanned": 26157763,
            "operator_rows_scanned": 0,
            "operator_timing": 0.000024345,
            "result_set_size": 400,
            "children": [
                {
                    "operator_name": "HASH_GROUP_BY",
                    "cpu_time": 3.1703181069999893,
                    "extra_info": {
                        "Groups": "#0",
                        "Aggregates": [
                            "count_star()",
                            "sum(#1)",
                            "sum(#2)",
                            "avg(#3)",
                            "sum(#4)"
                        ],
                        "Estimated Cardinality": "1925058"
                    },
                    "cumulative_cardinality": 81941493,
                    "operator_type": "HASH_GROUP_BY",
                    "operator_cardinality": 5,
                    "cumulative_rows_scanned": 26157763,
                    "operator_rows_scanned": 0,
                    "operator_timing": 0.004437038000000001,
                    "result_set_size": 400,
                    "children": [
                        {
                            "operator_name": "PROJECTION",
                            "cpu_time": 3.1658810689999894,
                            "extra_info": {
                                "Projections": [
                                    "PostType",
                                    "CommentCount",
                                    "TotalBountyAmount",
                                    "AverageScore",
                                    "BadgeCount"
                                ],
                                "Estimated Cardinality": "3850116"
                            },
                            "cumulative_cardinality": 81941488,
                            "operator_type": "PROJECTION",
                            "operator_cardinality": 145542,
                            "cumulative_rows_scanned": 26157763,
                            "operator_rows_scanned": 0,
                            "operator_timing": 0.00001937599999999999,
                            "result_set_size": 8150352,
                            "children": [
                                {
                                    "operator_name": "PROJECTION",
                                    "cpu_time": 3.1658616929999894,
                                    "extra_info": {
                                        "Projections": [
                                            "PostId",
                                            "PostType",
                                            "CommentCount",
                                            "TotalBountyAmount",
                                            "AverageScore",
                                            "BadgeCount"
                                        ],
                                        "Estimated Cardinality": "3850116"
                                    },
                                    "cumulative_cardinality": 81795946,
                                    "operator_type": "PROJECTION",
                                    "operator_cardinality": 145542,
                                    "cumulative_rows_scanned": 26157763,
                                    "operator_rows_scanned": 0,
                                    "operator_timing": 0.0008192309999999998,
                                    "result_set_size": 8732520,
                                    "children": [
                                        {
                                            "operator_name": "HASH_GROUP_BY",
                                            "cpu_time": 3.1650424619999895,
                                            "extra_info": {
                                                "Groups": [
                                                    "#0",
                                                    "#1"
                                                ],
                                                "Aggregates": [
                                                    "count(#2)",
                                                    "sum(#3)",
                                                    "avg(#4)",
                                                    "count(DISTINCT #5)"
                                                ],
                                                "Estimated Cardinality": "3850116"
                                            },
                                            "cumulative_cardinality": 81650404,
                                            "operator_type": "HASH_GROUP_BY",
                                            "operator_cardinality": 145542,
                                            "cumulative_rows_scanned": 26157763,
                                            "operator_rows_scanned": 0,
                                            "operator_timing": 2.28481336699999,
                                            "result_set_size": 8732520,
                                            "children": [
                                                {
                                                    "operator_name": "PROJECTION",
                                                    "cpu_time": 0.8802290949999992,
                                                    "extra_info": {
                                                        "Projections": [
                                                            "id",
                                                            "name",
                                                            "id",
                                                            "bountyamount",
                                                            "score",
                                                            "id"
                                                        ],
                                                        "Estimated Cardinality": "7241822"
                                                    },
                                                    "cumulative_cardinality": 81504862,
                                                    "operator_type": "PROJECTION",
                                                    "operator_cardinality": 25844983,
                                                    "cumulative_rows_scanned": 26157763,
                                                    "operator_rows_scanned": 0,
                                                    "operator_timing": 0.004620107000000009,
                                                    "result_set_size": 930419388,
                                                    "children": [
                                                        {
                                                            "operator_name": "HASH_JOIN",
                                                            "cpu_time": 0.8756089879999992,
                                                            "extra_info": {
                                                                "Join Type": "INNER",
                                                                "Conditions": "posttypeid = id",
                                                                "Estimated Cardinality": "7241822"
                                                            },
                                                            "cumulative_cardinality": 55659879,
                                                            "operator_type": "HASH_JOIN",
                                                            "operator_cardinality": 25844983,
                                                            "cumulative_rows_scanned": 26157763,
                                                            "operator_rows_scanned": 0,
                                                            "operator_timing": 0.060470820999999925,
                                                            "result_set_size": 930419388,
                                                            "children": [
                                                                {
                                                                    "operator_name": "HASH_JOIN",
                                                                    "cpu_time": 0.8148144619999993,
                                                                    "extra_info": {
                                                                        "Join Type": "LEFT",
                                                                        "Conditions": "owneruserid = userid",
                                                                        "Estimated Cardinality": "7241822"
                                                                    },
                                                                    "cumulative_cardinality": 29814889,
                                                                    "operator_type": "HASH_JOIN",
                                                                    "operator_cardinality": 25844983,
                                                                    "cumulative_rows_scanned": 26157755,
                                                                    "operator_rows_scanned": 0,
                                                                    "operator_timing": 0.4473581589999991,
                                                                    "result_set_size": 568589626,
                                                                    "children": [
                                                                        {
                                                                            "operator_name": "PROJECTION",
                                                                            "cpu_time": 0.3421955990000002,
                                                                            "extra_info": {
                                                                                "Projections": [
                                                                                    "#0",
                                                                                    "#1",
                                                                                    "#2",
                                                                                    "#3",
                                                                                    "#4",
                                                                                    "__internal_decompress_integral_integer(#5, 0)"
                                                                                ],
                                                                                "Estimated Cardinality": "7241822"
                                                                            },
                                                                            "cumulative_cardinality": 1648182,
                                                                            "operator_type": "PROJECTION",
                                                                            "operator_cardinality": 353135,
                                                                            "cumulative_rows_scanned": 23836031,
                                                                            "operator_rows_scanned": 0,
                                                                            "operator_timing": 0.0003886609999999999,
                                                                            "result_set_size": 7768970,
                                                                            "children": [
                                                                                {
                                                                                    "operator_name": "HASH_JOIN",
                                                                                    "cpu_time": 0.34180693800000017,
                                                                                    "extra_info": {
                                                                                        "Join Type": "LEFT",
                                                                                        "Conditions": "id = postid",
                                                                                        "Estimated Cardinality": "7241822"
                                                                                    },
                                                                                    "cumulative_cardinality": 1295047,
                                                                                    "operator_type": "HASH_JOIN",
                                                                                    "operator_cardinality": 353135,
                                                                                    "cumulative_rows_scanned": 23836031,
                                                                                    "operator_rows_scanned": 0,
                                                                                    "operator_timing": 0.040715208,
                                                                                    "result_set_size": 7062700,
                                                                                    "children": [
                                                                                        {
                                                                                            "operator_name": "HASH_JOIN",
                                                                                            "cpu_time": 0.0605769,
                                                                                            "extra_info": {
                                                                                                "Join Type": "RIGHT",
                                                                                                "Conditions": "postid = id",
                                                                                                "Estimated Cardinality": "7241822"
                                                                                            },
                                                                                            "cumulative_cardinality": 781816,
                                                                                            "operator_type": "HASH_JOIN",
                                                                                            "operator_cardinality": 349210,
                                                                                            "cumulative_rows_scanned": 11091938,
                                                                                            "operator_rows_scanned": 0,
                                                                                            "operator_timing": 0.018268431999999998,
                                                                                            "result_set_size": 6285780,
                                                                                            "children": [
                                                                                                {
                                                                                                    "operator_name": "READ_PARQUET ",
                                                                                                    "cpu_time": 0.013805402999999997,
                                                                                                    "extra_info": {
                                                                                                        "Function": "READ_PARQUET",
                                                                                                        "Projections": [
                                                                                                            "id",
                                                                                                            "postid"
                                                                                                        ],
                                                                                                        "Estimated Cardinality": "7241822"
                                                                                                    },
                                                                                                    "cumulative_cardinality": 287064,
                                                                                                    "operator_type": "TABLE_SCAN",
                                                                                                    "operator_cardinality": 287064,
                                                                                                    "cumulative_rows_scanned": 7241822,
                                                                                                    "operator_rows_scanned": 7241822,
                                                                                                    "operator_timing": 0.013805402999999997,
                                                                                                    "result_set_size": 2296512,
                                                                                                    "children": []
                                                                                                },
                                                                                                {
                                                                                                    "operator_name": "READ_PARQUET ",
                                                                                                    "cpu_time": 0.028503065000000005,
                                                                                                    "extra_info": {
                                                                                                        "Function": "READ_PARQUET",
                                                                                                        "Projections": [
                                                                                                            "id",
                                                                                                            "posttypeid",
                                                                                                            "score",
                                                                                                            "owneruserid"
                                                                                                        ],
                                                                                                        "Filters": "creationdate>='2023-10-01 12:34:56'::TIMESTAMP",
                                                                                                        "Estimated Cardinality": "770023"
                                                                                                    },
                                                                                                    "cumulative_cardinality": 145542,
                                                                                                    "operator_type": "TABLE_SCAN",
                                                                                                    "operator_cardinality": 145542,
                                                                                                    "cumulative_rows_scanned": 3850116,
                                                                                                    "operator_rows_scanned": 3850116,
                                                                                                    "operator_timing": 0.028503065000000005,
                                                                                                    "result_set_size": 2037588,
                                                                                                    "children": []
                                                                                                }
                                                                                            ]
                                                                                        },
                                                                                        {
                                                                                            "operator_name": "PROJECTION",
                                                                                            "cpu_time": 0.24051483000000018,
                                                                                            "extra_info": {
                                                                                                "Projections": [
                                                                                                    "#0",
                                                                                                    "__internal_compress_integral_usmallint(#1, 0)"
                                                                                                ],
                                                                                                "Estimated Cardinality": "2548818"
                                                                                            },
                                                                                            "cumulative_cardinality": 160096,
                                                                                            "operator_type": "PROJECTION",
                                                                                            "operator_cardinality": 80048,
                                                                                            "cumulative_rows_scanned": 12744093,
                                                                                            "operator_rows_scanned": 0,
                                                                                            "operator_timing": 0.0032153119999999966,
                                                                                            "result_set_size": 480288,
                                                                                            "children": [
                                                                                                {
                                                                                                    "operator_name": "READ_PARQUET ",
                                                                                                    "cpu_time": 0.23729951800000018,
                                                                                                    "extra_info": {
                                                                                                        "Function": "READ_PARQUET",
                                                                                                        "Projections": [
                                                                                                            "postid",
                                                                                                            "bountyamount"
                                                                                                        ],
                                                                                                        "Filters": "votetypeid>=8 AND votetypeid<=9",
                                                                                                        "Estimated Cardinality": "2548818"
                                                                                                    },
                                                                                                    "cumulative_cardinality": 80048,
                                                                                                    "operator_type": "TABLE_SCAN",
                                                                                                    "operator_cardinality": 80048,
                                                                                                    "cumulative_rows_scanned": 12744093,
                                                                                                    "operator_rows_scanned": 12744093,
                                                                                                    "operator_timing": 0.23729951800000018,
                                                                                                    "result_set_size": 640384,
                                                                                                    "children": []
                                                                                                }
                                                                                            ]
                                                                                        }
                                                                                    ]
                                                                                }
                                                                            ]
                                                                        },
                                                                        {
                                                                            "operator_name": "READ_PARQUET ",
                                                                            "cpu_time": 0.025260704000000047,
                                                                            "extra_info": {
                                                                                "Function": "READ_PARQUET",
                                                                                "Projections": [
                                                                                    "id",
                                                                                    "userid"
                                                                                ],
                                                                                "Estimated Cardinality": "2321724"
                                                                            },
                                                                            "cumulative_cardinality": 2321724,
                                                                            "operator_type": "TABLE_SCAN",
                                                                            "operator_cardinality": 2321724,
                                                                            "cumulative_rows_scanned": 2321724,
                                                                            "operator_rows_scanned": 2321724,
                                                                            "operator_timing": 0.025260704000000047,
                                                                            "result_set_size": 18573792,
                                                                            "children": []
                                                                        }
                                                                    ]
                                                                },
                                                                {
                                                                    "operator_name": "READ_PARQUET ",
                                                                    "cpu_time": 0.000323705,
                                                                    "extra_info": {
                                                                        "Function": "READ_PARQUET",
                                                                        "Projections": [
                                                                            "id",
                                                                            "name"
                                                                        ],
                                                                        "Filters": "id<=7",
                                                                        "Estimated Cardinality": "8"
                                                                    },
                                                                    "cumulative_cardinality": 7,
                                                                    "operator_type": "TABLE_SCAN",
                                                                    "operator_cardinality": 7,
                                                                    "cumulative_rows_scanned": 8,
                                                                    "operator_rows_scanned": 8,
                                                                    "operator_timing": 0.000323705,
                                                                    "result_set_size": 126,
                                                                    "children": []
                                                                }
                                                            ]
                                                        }
                                                    ]
                                                }
                                            ]
                                        }
                                    ]
                                }
                            ]
                        }
                    ]
                }
            ]
        }
    ]
}