{
    "rows_returned": 10,
    "query_name": "\nWITH UserStats AS (\n    SELECT \n        u.Id AS UserId,\n        u.Reputation,\n        u.CreationDate,\n        COUNT(DISTINCT p.Id) AS PostCount,\n        SUM(CASE WHEN p.PostTypeId = 1 THEN 1 ELSE 0 END) AS QuestionCount,\n        SUM(CASE WHEN p.PostTypeId = 2 THEN 1 ELSE 0 END) AS AnswerCount,\n        SUM(p.ViewCount) AS TotalViews,\n        SUM(p.Score) AS TotalScore\n    FROM Users u\n    LEFT JOIN Posts p ON u.Id = p.OwnerUserId\n    GROUP BY u.Id, u.Reputation, u.CreationDate\n),\nBadgeStats AS (\n    SELECT \n        b.UserId,\n        COUNT(*) AS BadgeCount,\n        SUM(CASE WHEN b.Class = 1 THEN 1 ELSE 0 END) AS GoldBadges,\n        SUM(CASE WHEN b.Class = 2 THEN 1 ELSE 0 END) AS SilverBadges,\n        SUM(CASE WHEN b.Class = 3 THEN 1 ELSE 0 END) AS BronzeBadges\n    FROM Badges b\n    GROUP BY b.UserId\n),\nCombinedStats AS (\n    SELECT \n        u.UserId,\n        u.Reputation,\n        u.CreationDate,\n        u.PostCount,\n        u.QuestionCount,\n        u.AnswerCount,\n        u.TotalViews,\n        u.TotalScore,\n        COALESCE(b.BadgeCount, 0) AS BadgeCount,\n        COALESCE(b.GoldBadges, 0) AS GoldBadges,\n        COALESCE(b.SilverBadges, 0) AS SilverBadges,\n        COALESCE(b.BronzeBadges, 0) AS BronzeBadges\n    FROM UserStats u\n    LEFT JOIN BadgeStats b ON u.UserId = b.UserId\n)\nSELECT \n    UserId,\n    Reputation,\n    CreationDate,\n    PostCount,\n    QuestionCount,\n    AnswerCount,\n    TotalViews,\n    TotalScore,\n    BadgeCount,\n    GoldBadges,\n    SilverBadges,\n    BronzeBadges\nFROM CombinedStats\nORDER BY Reputation DESC\nFETCH FIRST 10 ROWS ONLY;\n",
    "blocked_thread_time": 0.0,
    "cpu_time": 1.9361509530000007,
    "extra_info": {},
    "cumulative_cardinality": 23073821,
    "cumulative_rows_scanned": 7432550,
    "result_set_size": 1440,
    "latency": 2.74151864,
    "children": [
        {
            "operator_name": "STREAMING_LIMIT",
            "cpu_time": 1.9361509530000007,
            "extra_info": {},
            "cumulative_cardinality": 23073821,
            "operator_type": "STREAMING_LIMIT",
            "operator_cardinality": 10,
            "cumulative_rows_scanned": 7432550,
            "operator_rows_scanned": 0,
            "operator_timing": 0.000002525,
            "result_set_size": 1440,
            "children": [
                {
                    "operator_name": "ORDER_BY",
                    "cpu_time": 1.9361484280000008,
                    "extra_info": {
                        "Order By": "CombinedStats.Reputation DESC"
                    },
                    "cumulative_cardinality": 23073811,
                    "operator_type": "ORDER_BY",
                    "operator_cardinality": 4096,
                    "cumulative_rows_scanned": 7432550,
                    "operator_rows_scanned": 0,
                    "operator_timing": 0.06390673999999998,
                    "result_set_size": 589824,
                    "children": [
                        {
                            "operator_name": "PROJECTION",
                            "cpu_time": 1.8722416880000008,
                            "extra_info": {
                                "Projections": [
                                    "UserId",
                                    "reputation",
                                    "creationdate",
                                    "PostCount",
                                    "QuestionCount",
                                    "AnswerCount",
                                    "TotalViews",
                                    "TotalScore",
                                    "BadgeCount",
                                    "GoldBadges",
                                    "SilverBadges",
                                    "BronzeBadges"
                                ],
                                "Estimated Cardinality": "1260710"
                            },
                            "cumulative_cardinality": 23069715,
                            "operator_type": "PROJECTION",
                            "operator_cardinality": 1260710,
                            "cumulative_rows_scanned": 7432550,
                            "operator_rows_scanned": 0,
                            "operator_timing": 0.044415538999999976,
                            "result_set_size": 181542240,
                            "children": [
                                {
                                    "operator_name": "HASH_JOIN",
                                    "cpu_time": 1.8278261490000007,
                                    "extra_info": {
                                        "Join Type": "LEFT",
                                        "Conditions": "UserId = userid",
                                        "Estimated Cardinality": "1260710"
                                    },
                                    "cumulative_cardinality": 21809005,
                                    "operator_type": "HASH_JOIN",
                                    "operator_cardinality": 1260710,
                                    "cumulative_rows_scanned": 7432550,
                                    "operator_rows_scanned": 0,
                                    "operator_timing": 0.08163305900000015,
                                    "result_set_size": 181542240,
                                    "children": [
                                        {
                                            "operator_name": "HASH_GROUP_BY",
                                            "cpu_time": 1.576993491000001,
                                            "extra_info": {
                                                "Groups": [
                                                    "#0",
                                                    "#1",
                                                    "#2"
                                                ],
                                                "Aggregates": [
                                                    "count(DISTINCT #3)",
                                                    "sum(#4)",
                                                    "sum(#5)",
                                                    "sum(#6)",
                                                    "sum(#7)"
                                                ],
                                                "Estimated Cardinality": "1260710"
                                            },
                                            "cumulative_cardinality": 15355826,
                                            "operator_type": "HASH_GROUP_BY",
                                            "operator_cardinality": 1260710,
                                            "cumulative_rows_scanned": 5110826,
                                            "operator_rows_scanned": 0,
                                            "operator_timing": 1.0962529580000004,
                                            "result_set_size": 110942480,
                                            "children": [
                                                {
                                                    "operator_name": "PROJECTION",
                                                    "cpu_time": 0.48074053300000047,
                                                    "extra_info": {
                                                        "Projections": [
                                                            "id",
                                                            "reputation",
                                                            "creationdate",
                                                            "id",
                                                            "CASE  WHEN ((posttypeid = 1)) THEN (1) ELSE 0 END",
                                                            "CASE  WHEN ((posttypeid = 2)) THEN (1) ELSE 0 END",
                                                            "viewcount",
                                                            "score"
                                                        ],
                                                        "Estimated Cardinality": "3850116"
                                                    },
                                                    "cumulative_cardinality": 14095116,
                                                    "operator_type": "PROJECTION",
                                                    "operator_cardinality": 4574495,
                                                    "cumulative_rows_scanned": 5110826,
                                                    "operator_rows_scanned": 0,
                                                    "operator_timing": 0.04934375200000014,
                                                    "result_set_size": 164681820,
                                                    "children": [
                                                        {
                                                            "operator_name": "HASH_JOIN",
                                                            "cpu_time": 0.43139678100000034,
                                                            "extra_info": {
                                                                "Join Type": "RIGHT",
                                                                "Conditions": "owneruserid = id",
                                                                "Estimated Cardinality": "3850116"
                                                            },
                                                            "cumulative_cardinality": 9520621,
                                                            "operator_type": "HASH_JOIN",
                                                            "operator_cardinality": 4574495,
                                                            "cumulative_rows_scanned": 5110826,
                                                            "operator_rows_scanned": 0,
                                                            "operator_timing": 0.23562973000000015,
                                                            "result_set_size": 137234850,
                                                            "children": [
                                                                {
                                                                    "operator_name": "READ_PARQUET ",
                                                                    "cpu_time": 0.1649218220000002,
                                                                    "extra_info": {
                                                                        "Function": "READ_PARQUET",
                                                                        "Projections": [
                                                                            "id",
                                                                            "posttypeid",
                                                                            "score",
                                                                            "viewcount",
                                                                            "owneruserid"
                                                                        ],
                                                                        "Estimated Cardinality": "3850116"
                                                                    },
                                                                    "cumulative_cardinality": 3685416,
                                                                    "operator_type": "TABLE_SCAN",
                                                                    "operator_cardinality": 3685416,
                                                                    "cumulative_rows_scanned": 3850116,
                                                                    "operator_rows_scanned": 3850116,
                                                                    "operator_timing": 0.1649218220000002,
                                                                    "result_set_size": 66337488,
                                                                    "children": []
                                                                },
                                                                {
                                                                    "operator_name": "READ_PARQUET ",
                                                                    "cpu_time": 0.030845228999999974,
                                                                    "extra_info": {
                                                                        "Function": "READ_PARQUET",
                                                                        "Projections": [
                                                                            "id",
                                                                            "reputation",
                                                                            "creationdate"
                                                                        ],
                                                                        "Estimated Cardinality": "1260710"
                                                                    },
                                                                    "cumulative_cardinality": 1260710,
                                                                    "operator_type": "TABLE_SCAN",
                                                                    "operator_cardinality": 1260710,
                                                                    "cumulative_rows_scanned": 1260710,
                                                                    "operator_rows_scanned": 1260710,
                                                                    "operator_timing": 0.030845228999999974,
                                                                    "result_set_size": 20171360,
                                                                    "children": []
                                                                }
                                                            ]
                                                        }
                                                    ]
                                                }
                                            ]
                                        },
                                        {
                                            "operator_name": "HASH_GROUP_BY",
                                            "cpu_time": 0.1691995989999998,
                                            "extra_info": {
                                                "Groups": "#0",
                                                "Aggregates": [
                                                    "count_star()",
                                                    "sum(#1)",
                                                    "sum(#2)",
                                                    "sum(#3)"
                                                ],
                                                "Estimated Cardinality": "1160862"
                                            },
                                            "cumulative_cardinality": 5192469,
                                            "operator_type": "HASH_GROUP_BY",
                                            "operator_cardinality": 549021,
                                            "cumulative_rows_scanned": 2321724,
                                            "operator_rows_scanned": 0,
                                            "operator_timing": 0.13702737099999987,
                                            "result_set_size": 32941260,
                                            "children": [
                                                {
                                                    "operator_name": "PROJECTION",
                                                    "cpu_time": 0.032172227999999935,
                                                    "extra_info": {
                                                        "Projections": [
                                                            "userid",
                                                            "CASE  WHEN ((class = 1)) THEN (1) ELSE 0 END",
                                                            "CASE  WHEN ((class = 2)) THEN (1) ELSE 0 END",
                                                            "CASE  WHEN ((class = 3)) THEN (1) ELSE 0 END"
                                                        ],
                                                        "Estimated Cardinality": "2321724"
                                                    },
                                                    "cumulative_cardinality": 4643448,
                                                    "operator_type": "PROJECTION",
                                                    "operator_cardinality": 2321724,
                                                    "cumulative_rows_scanned": 2321724,
                                                    "operator_rows_scanned": 0,
                                                    "operator_timing": 0.013369046999999952,
                                                    "result_set_size": 37147584,
                                                    "children": [
                                                        {
                                                            "operator_name": "READ_PARQUET ",
                                                            "cpu_time": 0.018803180999999985,
                                                            "extra_info": {
                                                                "Function": "READ_PARQUET",
                                                                "Projections": [
                                                                    "userid",
                                                                    "class"
                                                                ],
                                                                "Estimated Cardinality": "2321724"
                                                            },
                                                            "cumulative_cardinality": 2321724,
                                                            "operator_type": "TABLE_SCAN",
                                                            "operator_cardinality": 2321724,
                                                            "cumulative_rows_scanned": 2321724,
                                                            "operator_rows_scanned": 2321724,
                                                            "operator_timing": 0.018803180999999985,
                                                            "result_set_size": 13930344,
                                                            "children": []
                                                        }
                                                    ]
                                                }
                                            ]
                                        }
                                    ]
                                }
                            ]
                        }
                    ]
                }
            ]
        }
    ]
}