{
    "rows_returned": 100,
    "query_name": "WITH UserStats AS (\n    SELECT \n        u.Id AS UserId,\n        u.Reputation,\n        COUNT(DISTINCT p.Id) AS PostCount,\n        COUNT(DISTINCT b.Id) AS BadgeCount,\n        SUM(CASE WHEN v.VoteTypeId = 2 THEN 1 ELSE 0 END) AS UpVoteCount,\n        SUM(CASE WHEN v.VoteTypeId = 3 THEN 1 ELSE 0 END) AS DownVoteCount\n    FROM Users u\n    LEFT JOIN Posts p ON u.Id = p.OwnerUserId\n    LEFT JOIN Badges b ON u.Id = b.UserId\n    LEFT JOIN Votes v ON p.Id = v.PostId\n    GROUP BY u.Id, u.Reputation\n),\nPostStats AS (\n    SELECT \n        p.Id AS PostId,\n        p.Title,\n        p.CreationDate,\n        p.Score,\n        p.ViewCount,\n        p.AnswerCount,\n        COUNT(c.Id) AS CommentCount\n    FROM Posts p\n    LEFT JOIN Comments c ON p.Id = c.PostId\n    GROUP BY p.Id, p.Title, p.CreationDate, p.Score, p.ViewCount, p.AnswerCount\n)\nSELECT \n    us.UserId,\n    us.Reputation,\n    us.PostCount,\n    us.BadgeCount,\n    us.UpVoteCount,\n    us.DownVoteCount,\n    ps.PostId,\n    ps.Title,\n    ps.CreationDate,\n    ps.Score,\n    ps.ViewCount,\n    ps.AnswerCount,\n    ps.CommentCount\nFROM UserStats us\nJOIN PostStats ps ON us.UserId = ps.PostId\nORDER BY us.Reputation DESC, us.PostCount DESC, ps.Score DESC\nLIMIT 100;",
    "blocked_thread_time": 0.0,
    "cpu_time": 207.00036737300002,
    "extra_info": {},
    "cumulative_cardinality": 7674508000,
    "cumulative_rows_scanned": 31268581,
    "result_set_size": 10400,
    "latency": 230.395810733,
    "children": [
        {
            "operator_name": "STREAMING_LIMIT",
            "cpu_time": 207.00036737300002,
            "extra_info": {},
            "cumulative_cardinality": 7674508000,
            "operator_type": "STREAMING_LIMIT",
            "operator_cardinality": 100,
            "cumulative_rows_scanned": 31268581,
            "operator_rows_scanned": 0,
            "operator_timing": 0.000001683,
            "result_set_size": 10400,
            "children": [
                {
                    "operator_name": "PROJECTION",
                    "cpu_time": 207.00036569000002,
                    "extra_info": {
                        "Projections": [
                            "#0",
                            "#1",
                            "#2",
                            "#3",
                            "#4",
                            "#5",
                            "#6",
                            "#7",
                            "#8",
                            "__internal_decompress_integral_integer(#9, -72)",
                            "#10",
                            "__internal_decompress_integral_integer(#11, 0)",
                            "#12"
                        ],
                        "Estimated Cardinality": "3850116"
                    },
                    "cumulative_cardinality": 7674507900,
                    "operator_type": "PROJECTION",
                    "operator_cardinality": 4096,
                    "cumulative_rows_scanned": 31268581,
                    "operator_rows_scanned": 0,
                    "operator_timing": 0.000021249,
                    "result_set_size": 425984,
                    "children": [
                        {
                            "operator_name": "ORDER_BY",
                            "cpu_time": 207.000344441,
                            "extra_info": {
                                "Order By": [
                                    "us.Reputation DESC",
                                    "us.PostCount DESC",
                                    "ps.Score DESC"
                                ]
                            },
                            "cumulative_cardinality": 7674503804,
                            "operator_type": "ORDER_BY",
                            "operator_cardinality": 4096,
                            "cumulative_rows_scanned": 31268581,
                            "operator_rows_scanned": 0,
                            "operator_timing": 0.077681222,
                            "result_set_size": 405504,
                            "children": [
                                {
                                    "operator_name": "PROJECTION",
                                    "cpu_time": 206.92266321900001,
                                    "extra_info": {
                                        "Projections": [
                                            "#0",
                                            "#1",
                                            "#2",
                                            "#3",
                                            "#4",
                                            "#5",
                                            "#6",
                                            "#7",
                                            "#8",
                                            "__internal_compress_integral_usmallint(#9, -72)",
                                            "#10",
                                            "__internal_compress_integral_utinyint(#11, 0)",
                                            "#12"
                                        ],
                                        "Estimated Cardinality": "3850116"
                                    },
                                    "cumulative_cardinality": 7674499708,
                                    "operator_type": "PROJECTION",
                                    "operator_cardinality": 1023784,
                                    "cumulative_rows_scanned": 31268581,
                                    "operator_rows_scanned": 0,
                                    "operator_timing": 0.007483666999999999,
                                    "result_set_size": 101354616,
                                    "children": [
                                        {
                                            "operator_name": "PROJECTION",
                                            "cpu_time": 206.915179552,
                                            "extra_info": {
                                                "Projections": [
                                                    "UserId",
                                                    "reputation",
                                                    "PostCount",
                                                    "BadgeCount",
                                                    "UpVoteCount",
                                                    "DownVoteCount",
                                                    "PostId",
                                                    "title",
                                                    "creationdate",
                                                    "score",
                                                    "viewcount",
                                                    "answercount",
                                                    "CommentCount"
                                                ],
                                                "Estimated Cardinality": "3850116"
                                            },
                                            "cumulative_cardinality": 7673475924,
                                            "operator_type": "PROJECTION",
                                            "operator_cardinality": 1023784,
                                            "cumulative_rows_scanned": 31268581,
                                            "operator_rows_scanned": 0,
                                            "operator_timing": 0.00043756800000000075,
                                            "result_set_size": 106473536,
                                            "children": [
                                                {
                                                    "operator_name": "HASH_JOIN",
                                                    "cpu_time": 206.91474198400002,
                                                    "extra_info": {
                                                        "Join Type": "INNER",
                                                        "Conditions": "PostId = UserId",
                                                        "Estimated Cardinality": "3850116"
                                                    },
                                                    "cumulative_cardinality": 7672452140,
                                                    "operator_type": "HASH_JOIN",
                                                    "operator_cardinality": 1023784,
                                                    "cumulative_rows_scanned": 31268581,
                                                    "operator_rows_scanned": 0,
                                                    "operator_timing": 0.14014516300000007,
                                                    "result_set_size": 102378400,
                                                    "children": [
                                                        {
                                                            "operator_name": "PROJECTION",
                                                            "cpu_time": 0.9222662110000002,
                                                            "extra_info": {
                                                                "Projections": [
                                                                    "#0",
                                                                    "#1",
                                                                    "#2",
                                                                    "__internal_decompress_integral_integer(#3, -72)",
                                                                    "#4",
                                                                    "__internal_decompress_integral_integer(#5, 0)",
                                                                    "#6"
                                                                ],
                                                                "Estimated Cardinality": "3850116"
                                                            },
                                                            "cumulative_cardinality": 21377461,
                                                            "operator_type": "PROJECTION",
                                                            "operator_cardinality": 1156109,
                                                            "cumulative_rows_scanned": 11091938,
                                                            "operator_rows_scanned": 0,
                                                            "operator_timing": 0.0040062419999999975,
                                                            "result_set_size": 55493232,
                                                            "children": [
                                                                {
                                                                    "operator_name": "HASH_GROUP_BY",
                                                                    "cpu_time": 0.9182599690000002,
                                                                    "extra_info": {
                                                                        "Groups": [
                                                                            "#0",
                                                                            "#1",
                                                                            "#2",
                                                                            "#3",
                                                                            "#4",
                                                                            "#5"
                                                                        ],
                                                                        "Aggregates": "count(#6)",
                                                                        "Estimated Cardinality": "3850116"
                                                                    },
                                                                    "cumulative_cardinality": 20221352,
                                                                    "operator_type": "HASH_GROUP_BY",
                                                                    "operator_cardinality": 1156109,
                                                                    "cumulative_rows_scanned": 11091938,
                                                                    "operator_rows_scanned": 0,
                                                                    "operator_timing": 0.3216679650000002,
                                                                    "result_set_size": 49712687,
                                                                    "children": [
                                                                        {
                                                                            "operator_name": "PROJECTION",
                                                                            "cpu_time": 0.5965920039999999,
                                                                            "extra_info": {
                                                                                "Projections": [
                                                                                    "id",
                                                                                    "title",
                                                                                    "creationdate",
                                                                                    "score",
                                                                                    "viewcount",
                                                                                    "answercount",
                                                                                    "id"
                                                                                ],
                                                                                "Estimated Cardinality": "7241822"
                                                                            },
                                                                            "cumulative_cardinality": 19065243,
                                                                            "operator_type": "PROJECTION",
                                                                            "operator_cardinality": 2666828,
                                                                            "cumulative_rows_scanned": 11091938,
                                                                            "operator_rows_scanned": 0,
                                                                            "operator_timing": 0.0007306120000000011,
                                                                            "result_set_size": 104006292,
                                                                            "children": [
                                                                                {
                                                                                    "operator_name": "PROJECTION",
                                                                                    "cpu_time": 0.5958613919999999,
                                                                                    "extra_info": {
                                                                                        "Projections": [
                                                                                            "#0",
                                                                                            "#1",
                                                                                            "__internal_compress_integral_usmallint(#2, -72)",
                                                                                            "#3",
                                                                                            "#4",
                                                                                            "__internal_compress_integral_utinyint(#5, 0)",
                                                                                            "#6"
                                                                                        ],
                                                                                        "Estimated Cardinality": "7241822"
                                                                                    },
                                                                                    "cumulative_cardinality": 16398415,
                                                                                    "operator_type": "PROJECTION",
                                                                                    "operator_cardinality": 2666828,
                                                                                    "cumulative_rows_scanned": 11091938,
                                                                                    "operator_rows_scanned": 0,
                                                                                    "operator_timing": 0.003169148999999998,
                                                                                    "result_set_size": 104006292,
                                                                                    "children": [
                                                                                        {
                                                                                            "operator_name": "FILTER",
                                                                                            "cpu_time": 0.5926922429999999,
                                                                                            "extra_info": {
                                                                                                "Expression": "(#0 <= 1416570)",
                                                                                                "Estimated Cardinality": "7241822"
                                                                                            },
                                                                                            "cumulative_cardinality": 13731587,
                                                                                            "operator_type": "FILTER",
                                                                                            "operator_cardinality": 2666828,
                                                                                            "cumulative_rows_scanned": 11091938,
                                                                                            "operator_rows_scanned": 0,
                                                                                            "operator_timing": 0.005968309000000007,
                                                                                            "result_set_size": 117340432,
                                                                                            "children": [
                                                                                                {
                                                                                                    "operator_name": "HASH_JOIN",
                                                                                                    "cpu_time": 0.5867239339999999,
                                                                                                    "extra_info": {
                                                                                                        "Join Type": "LEFT",
                                                                                                        "Conditions": "id = postid",
                                                                                                        "Estimated Cardinality": "7241822"
                                                                                                    },
                                                                                                    "cumulative_cardinality": 11064759,
                                                                                                    "operator_type": "HASH_JOIN",
                                                                                                    "operator_cardinality": 2666828,
                                                                                                    "cumulative_rows_scanned": 11091938,
                                                                                                    "operator_rows_scanned": 0,
                                                                                                    "operator_timing": 0.3696347659999999,
                                                                                                    "result_set_size": 117340432,
                                                                                                    "children": [
                                                                                                        {
                                                                                                            "operator_name": "READ_PARQUET ",
                                                                                                            "cpu_time": 0.143347452,
                                                                                                            "extra_info": {
                                                                                                                "Function": "READ_PARQUET",
                                                                                                                "Projections": [
                                                                                                                    "id",
                                                                                                                    "creationdate",
                                                                                                                    "score",
                                                                                                                    "viewcount",
                                                                                                                    "title",
                                                                                                                    "answercount"
                                                                                                                ],
                                                                                                                "Estimated Cardinality": "3850116"
                                                                                                            },
                                                                                                            "cumulative_cardinality": 1156109,
                                                                                                            "operator_type": "TABLE_SCAN",
                                                                                                            "operator_cardinality": 1156109,
                                                                                                            "cumulative_rows_scanned": 3850116,
                                                                                                            "operator_rows_scanned": 3850116,
                                                                                                            "operator_timing": 0.143347452,
                                                                                                            "result_set_size": 46244360,
                                                                                                            "children": []
                                                                                                        },
                                                                                                        {
                                                                                                            "operator_name": "READ_PARQUET ",
                                                                                                            "cpu_time": 0.07374171600000004,
                                                                                                            "extra_info": {
                                                                                                                "Function": "READ_PARQUET",
                                                                                                                "Projections": [
                                                                                                                    "id",
                                                                                                                    "postid"
                                                                                                                ],
                                                                                                                "Estimated Cardinality": "7241822"
                                                                                                            },
                                                                                                            "cumulative_cardinality": 7241822,
                                                                                                            "operator_type": "TABLE_SCAN",
                                                                                                            "operator_cardinality": 7241822,
                                                                                                            "cumulative_rows_scanned": 7241822,
                                                                                                            "operator_rows_scanned": 7241822,
                                                                                                            "operator_timing": 0.07374171600000004,
                                                                                                            "result_set_size": 57934576,
                                                                                                            "children": []
                                                                                                        }
                                                                                                    ]
                                                                                                }
                                                                                            ]
                                                                                        }
                                                                                    ]
                                                                                }
                                                                            ]
                                                                        }
                                                                    ]
                                                                }
                                                            ]
                                                        },
                                                        {
                                                            "operator_name": "HASH_GROUP_BY",
                                                            "cpu_time": 205.85233061000002,
                                                            "extra_info": {
                                                                "Groups": [
                                                                    "#0",
                                                                    "#1"
                                                                ],
                                                                "Aggregates": [
                                                                    "count(DISTINCT #2)",
                                                                    "count(DISTINCT #3)",
                                                                    "sum(#4)",
                                                                    "sum(#5)"
                                                                ],
                                                                "Estimated Cardinality": "1260710"
                                                            },
                                                            "cumulative_cardinality": 7650050895,
                                                            "operator_type": "HASH_GROUP_BY",
                                                            "operator_cardinality": 1260709,
                                                            "cumulative_rows_scanned": 20176643,
                                                            "operator_rows_scanned": 0,
                                                            "operator_timing": 114.92765757799827,
                                                            "result_set_size": 70599704,
                                                            "children": [
                                                                {
                                                                    "operator_name": "PROJECTION",
                                                                    "cpu_time": 90.92467303200175,
                                                                    "extra_info": {
                                                                        "Projections": [
                                                                            "id",
                                                                            "reputation",
                                                                            "id",
                                                                            "id",
                                                                            "CASE  WHEN ((votetypeid = 2)) THEN (1) ELSE 0 END",
                                                                            "CASE  WHEN ((votetypeid = 3)) THEN (1) ELSE 0 END"
                                                                        ],
                                                                        "Estimated Cardinality": "12744093"
                                                                    },
                                                                    "cumulative_cardinality": 7648790186,
                                                                    "operator_type": "PROJECTION",
                                                                    "operator_cardinality": 2346037867,
                                                                    "cumulative_rows_scanned": 20176643,
                                                                    "operator_rows_scanned": 0,
                                                                    "operator_timing": 12.291745211998172,
                                                                    "result_set_size": 56304908808,
                                                                    "children": [
                                                                        {
                                                                            "operator_name": "FILTER",
                                                                            "cpu_time": 78.63292782000357,
                                                                            "extra_info": {
                                                                                "Expression": "(id >= 1)",
                                                                                "Estimated Cardinality": "12744093"
                                                                            },
                                                                            "cumulative_cardinality": 5302752319,
                                                                            "operator_type": "FILTER",
                                                                            "operator_cardinality": 2346037867,
                                                                            "cumulative_rows_scanned": 20176643,
                                                                            "operator_rows_scanned": 0,
                                                                            "operator_timing": 2.893363913000961,
                                                                            "result_set_size": 42228681606,
                                                                            "children": [
                                                                                {
                                                                                    "operator_name": "HASH_JOIN",
                                                                                    "cpu_time": 75.73956390700262,
                                                                                    "extra_info": {
                                                                                        "Join Type": "RIGHT",
                                                                                        "Conditions": "postid = id",
                                                                                        "Estimated Cardinality": "12744093"
                                                                                    },
                                                                                    "cumulative_cardinality": 2956714452,
                                                                                    "operator_type": "HASH_JOIN",
                                                                                    "operator_cardinality": 2346038465,
                                                                                    "cumulative_rows_scanned": 20176643,
                                                                                    "operator_rows_scanned": 0,
                                                                                    "operator_timing": 69.20739020400252,
                                                                                    "result_set_size": 42228692370,
                                                                                    "children": [
                                                                                        {
                                                                                            "operator_name": "READ_PARQUET ",
                                                                                            "cpu_time": 0.2507101399999996,
                                                                                            "extra_info": {
                                                                                                "Function": "READ_PARQUET",
                                                                                                "Projections": [
                                                                                                    "postid",
                                                                                                    "votetypeid"
                                                                                                ],
                                                                                                "Estimated Cardinality": "12744093"
                                                                                            },
                                                                                            "cumulative_cardinality": 12744093,
                                                                                            "operator_type": "TABLE_SCAN",
                                                                                            "operator_cardinality": 12744093,
                                                                                            "cumulative_rows_scanned": 12744093,
                                                                                            "operator_rows_scanned": 12744093,
                                                                                            "operator_timing": 0.2507101399999996,
                                                                                            "result_set_size": 76464558,
                                                                                            "children": []
                                                                                        },
                                                                                        {
                                                                                            "operator_name": "HASH_JOIN",
                                                                                            "cpu_time": 6.281463563000103,
                                                                                            "extra_info": {
                                                                                                "Join Type": "LEFT",
                                                                                                "Conditions": "id = userid",
                                                                                                "Estimated Cardinality": "3850116"
                                                                                            },
                                                                                            "cumulative_cardinality": 597931894,
                                                                                            "operator_type": "HASH_JOIN",
                                                                                            "operator_cardinality": 586089549,
                                                                                            "cumulative_rows_scanned": 7432550,
                                                                                            "operator_rows_scanned": 0,
                                                                                            "operator_timing": 5.898493953000103,
                                                                                            "result_set_size": 9377432784,
                                                                                            "children": [
                                                                                                {
                                                                                                    "operator_name": "HASH_JOIN",
                                                                                                    "cpu_time": 0.35760659700000014,
                                                                                                    "extra_info": {
                                                                                                        "Join Type": "RIGHT",
                                                                                                        "Conditions": "owneruserid = id",
                                                                                                        "Estimated Cardinality": "3850116"
                                                                                                    },
                                                                                                    "cumulative_cardinality": 9520621,
                                                                                                    "operator_type": "HASH_JOIN",
                                                                                                    "operator_cardinality": 4574495,
                                                                                                    "cumulative_rows_scanned": 5110826,
                                                                                                    "operator_rows_scanned": 0,
                                                                                                    "operator_timing": 0.23773067600000047,
                                                                                                    "result_set_size": 54893940,
                                                                                                    "children": [
                                                                                                        {
                                                                                                            "operator_name": "READ_PARQUET ",
                                                                                                            "cpu_time": 0.10620362699999966,
                                                                                                            "extra_info": {
                                                                                                                "Function": "READ_PARQUET",
                                                                                                                "Projections": [
                                                                                                                    "id",
                                                                                                                    "owneruserid"
                                                                                                                ],
                                                                                                                "Estimated Cardinality": "3850116"
                                                                                                            },
                                                                                                            "cumulative_cardinality": 3685416,
                                                                                                            "operator_type": "TABLE_SCAN",
                                                                                                            "operator_cardinality": 3685416,
                                                                                                            "cumulative_rows_scanned": 3850116,
                                                                                                            "operator_rows_scanned": 3850116,
                                                                                                            "operator_timing": 0.10620362699999966,
                                                                                                            "result_set_size": 29483328,
                                                                                                            "children": []
                                                                                                        },
                                                                                                        {
                                                                                                            "operator_name": "READ_PARQUET ",
                                                                                                            "cpu_time": 0.01367229399999999,
                                                                                                            "extra_info": {
                                                                                                                "Function": "READ_PARQUET",
                                                                                                                "Projections": [
                                                                                                                    "id",
                                                                                                                    "reputation"
                                                                                                                ],
                                                                                                                "Estimated Cardinality": "1260710"
                                                                                                            },
                                                                                                            "cumulative_cardinality": 1260710,
                                                                                                            "operator_type": "TABLE_SCAN",
                                                                                                            "operator_cardinality": 1260710,
                                                                                                            "cumulative_rows_scanned": 1260710,
                                                                                                            "operator_rows_scanned": 1260710,
                                                                                                            "operator_timing": 0.01367229399999999,
                                                                                                            "result_set_size": 10085680,
                                                                                                            "children": []
                                                                                                        }
                                                                                                    ]
                                                                                                },
                                                                                                {
                                                                                                    "operator_name": "READ_PARQUET ",
                                                                                                    "cpu_time": 0.02536301299999995,
                                                                                                    "extra_info": {
                                                                                                        "Function": "READ_PARQUET",
                                                                                                        "Projections": [
                                                                                                            "id",
                                                                                                            "userid"
                                                                                                        ],
                                                                                                        "Estimated Cardinality": "2321724"
                                                                                                    },
                                                                                                    "cumulative_cardinality": 2321724,
                                                                                                    "operator_type": "TABLE_SCAN",
                                                                                                    "operator_cardinality": 2321724,
                                                                                                    "cumulative_rows_scanned": 2321724,
                                                                                                    "operator_rows_scanned": 2321724,
                                                                                                    "operator_timing": 0.02536301299999995,
                                                                                                    "result_set_size": 18573792,
                                                                                                    "children": []
                                                                                                }
                                                                                            ]
                                                                                        }
                                                                                    ]
                                                                                }
                                                                            ]
                                                                        }
                                                                    ]
                                                                }
                                                            ]
                                                        }
                                                    ]
                                                }
                                            ]
                                        }
                                    ]
                                }
                            ]
                        }
                    ]
                }
            ]
        }
    ]
}