{
    "rows_returned": 1023784,
    "query_name": "WITH UserVoteSummary AS (\n    SELECT \n        U.Id AS UserId,\n        U.DisplayName,\n        COUNT(V.Id) AS TotalVotes,\n        SUM(CASE WHEN V.VoteTypeId = 2 THEN 1 ELSE 0 END) AS UpVotes,\n        SUM(CASE WHEN V.VoteTypeId = 3 THEN 1 ELSE 0 END) AS DownVotes\n    FROM \n        Users U\n    LEFT JOIN \n        Votes V ON U.Id = V.UserId\n    GROUP BY \n        U.Id, U.DisplayName\n),\nPostSummary AS (\n    SELECT \n        P.Id AS PostId,\n        P.Title,\n        P.CreationDate,\n        COUNT(CM.Id) AS CommentCount,\n        SUM(CASE WHEN V.VoteTypeId = 2 THEN 1 ELSE 0 END) AS UpVotes,\n        SUM(CASE WHEN V.VoteTypeId = 3 THEN 1 ELSE 0 END) AS DownVotes\n    FROM \n        Posts P\n    LEFT JOIN \n        Comments CM ON P.Id = CM.PostId\n    LEFT JOIN \n        Votes V ON P.Id = V.PostId\n    GROUP BY \n        P.Id, P.Title, P.CreationDate\n)\nSELECT \n    U.UserId,\n    U.DisplayName,\n    U.TotalVotes,\n    PS.PostId,\n    PS.Title,\n    PS.CreationDate,\n    PS.CommentCount,\n    PS.UpVotes AS PostUpVotes,\n    PS.DownVotes AS PostDownVotes\nFROM \n    UserVoteSummary U\nJOIN \n    PostSummary PS ON U.UserId = PS.PostId\nORDER BY \n    U.TotalVotes DESC, PS.CommentCount DESC;",
    "blocked_thread_time": 0.0,
    "cpu_time": 5.3775484279999874,
    "extra_info": {},
    "cumulative_cardinality": 111261616,
    "cumulative_rows_scanned": 37840834,
    "result_set_size": 98283264,
    "latency": 8.847792283,
    "children": [
        {
            "operator_name": "ORDER_BY",
            "cpu_time": 5.3775484279999874,
            "extra_info": {
                "Order By": [
                    "U.TotalVotes DESC",
                    "PS.CommentCount DESC"
                ]
            },
            "cumulative_cardinality": 111261616,
            "operator_type": "ORDER_BY",
            "operator_cardinality": 1023784,
            "cumulative_rows_scanned": 37840834,
            "operator_rows_scanned": 0,
            "operator_timing": 0.12060983899999997,
            "result_set_size": 98283264,
            "children": [
                {
                    "operator_name": "PROJECTION",
                    "cpu_time": 5.256938588999987,
                    "extra_info": {
                        "Projections": [
                            "UserId",
                            "displayname",
                            "TotalVotes",
                            "PostId",
                            "title",
                            "creationdate",
                            "CommentCount",
                            "PostUpVotes",
                            "PostDownVotes"
                        ],
                        "Estimated Cardinality": "3850116"
                    },
                    "cumulative_cardinality": 110237832,
                    "operator_type": "PROJECTION",
                    "operator_cardinality": 1023784,
                    "cumulative_rows_scanned": 37840834,
                    "operator_rows_scanned": 0,
                    "operator_timing": 0.00034985500000000015,
                    "result_set_size": 98283264,
                    "children": [
                        {
                            "operator_name": "HASH_JOIN",
                            "cpu_time": 5.256588733999988,
                            "extra_info": {
                                "Join Type": "INNER",
                                "Conditions": "PostId = UserId",
                                "Estimated Cardinality": "3850116"
                            },
                            "cumulative_cardinality": 109214048,
                            "operator_type": "HASH_JOIN",
                            "operator_cardinality": 1023784,
                            "cumulative_rows_scanned": 37840834,
                            "operator_rows_scanned": 0,
                            "operator_timing": 0.14601585799999992,
                            "result_set_size": 94188128,
                            "children": [
                                {
                                    "operator_name": "HASH_GROUP_BY",
                                    "cpu_time": 4.547152482999988,
                                    "extra_info": {
                                        "Groups": [
                                            "#0",
                                            "#1",
                                            "#2"
                                        ],
                                        "Aggregates": [
                                            "count(#3)",
                                            "sum(#4)",
                                            "sum(#5)"
                                        ],
                                        "Estimated Cardinality": "3850116"
                                    },
                                    "cumulative_cardinality": 101768977,
                                    "operator_type": "HASH_GROUP_BY",
                                    "operator_cardinality": 1156110,
                                    "cumulative_rows_scanned": 23836031,
                                    "operator_rows_scanned": 0,
                                    "operator_timing": 1.0409132059999981,
                                    "result_set_size": 78615480,
                                    "children": [
                                        {
                                            "operator_name": "PROJECTION",
                                            "cpu_time": 3.50623927699999,
                                            "extra_info": {
                                                "Projections": [
                                                    "id",
                                                    "title",
                                                    "creationdate",
                                                    "id",
                                                    "CASE  WHEN ((votetypeid = 2)) THEN (1) ELSE 0 END",
                                                    "CASE  WHEN ((votetypeid = 3)) THEN (1) ELSE 0 END"
                                                ],
                                                "Estimated Cardinality": "12744093"
                                            },
                                            "cumulative_cardinality": 100612867,
                                            "operator_type": "PROJECTION",
                                            "operator_cardinality": 16359490,
                                            "cumulative_rows_scanned": 23836031,
                                            "operator_rows_scanned": 0,
                                            "operator_timing": 0.10846849599999972,
                                            "result_set_size": 654379600,
                                            "children": [
                                                {
                                                    "operator_name": "FILTER",
                                                    "cpu_time": 3.3977707809999904,
                                                    "extra_info": {
                                                        "Expression": "(id <= 1416570)",
                                                        "Estimated Cardinality": "12744093"
                                                    },
                                                    "cumulative_cardinality": 84253377,
                                                    "operator_type": "FILTER",
                                                    "operator_cardinality": 16359490,
                                                    "cumulative_rows_scanned": 23836031,
                                                    "operator_rows_scanned": 0,
                                                    "operator_timing": 0.06468238800000042,
                                                    "result_set_size": 556222660,
                                                    "children": [
                                                        {
                                                            "operator_name": "HASH_JOIN",
                                                            "cpu_time": 3.33308839299999,
                                                            "extra_info": {
                                                                "Join Type": "RIGHT",
                                                                "Conditions": "postid = id",
                                                                "Estimated Cardinality": "12744093"
                                                            },
                                                            "cumulative_cardinality": 67893887,
                                                            "operator_type": "HASH_JOIN",
                                                            "operator_cardinality": 35129590,
                                                            "cumulative_rows_scanned": 23836031,
                                                            "operator_rows_scanned": 0,
                                                            "operator_timing": 1.887696326999989,
                                                            "result_set_size": 1194406060,
                                                            "children": [
                                                                {
                                                                    "operator_name": "READ_PARQUET ",
                                                                    "cpu_time": 0.21760967299999975,
                                                                    "extra_info": {
                                                                        "Function": "READ_PARQUET",
                                                                        "Projections": [
                                                                            "postid",
                                                                            "votetypeid"
                                                                        ],
                                                                        "Estimated Cardinality": "12744093"
                                                                    },
                                                                    "cumulative_cardinality": 12744093,
                                                                    "operator_type": "TABLE_SCAN",
                                                                    "operator_cardinality": 12744093,
                                                                    "cumulative_rows_scanned": 12744093,
                                                                    "operator_rows_scanned": 12744093,
                                                                    "operator_timing": 0.21760967299999975,
                                                                    "result_set_size": 76464558,
                                                                    "children": []
                                                                },
                                                                {
                                                                    "operator_name": "HASH_JOIN",
                                                                    "cpu_time": 1.2277823930000011,
                                                                    "extra_info": {
                                                                        "Join Type": "RIGHT",
                                                                        "Conditions": "postid = id",
                                                                        "Estimated Cardinality": "7241822"
                                                                    },
                                                                    "cumulative_cardinality": 20020204,
                                                                    "operator_type": "HASH_JOIN",
                                                                    "operator_cardinality": 8928266,
                                                                    "cumulative_rows_scanned": 11091938,
                                                                    "operator_rows_scanned": 0,
                                                                    "operator_timing": 0.7470039600000016,
                                                                    "result_set_size": 285704512,
                                                                    "children": [
                                                                        {
                                                                            "operator_name": "READ_PARQUET ",
                                                                            "cpu_time": 0.12368161899999969,
                                                                            "extra_info": {
                                                                                "Function": "READ_PARQUET",
                                                                                "Projections": [
                                                                                    "id",
                                                                                    "postid"
                                                                                ],
                                                                                "Estimated Cardinality": "7241822"
                                                                            },
                                                                            "cumulative_cardinality": 7241822,
                                                                            "operator_type": "TABLE_SCAN",
                                                                            "operator_cardinality": 7241822,
                                                                            "cumulative_rows_scanned": 7241822,
                                                                            "operator_rows_scanned": 7241822,
                                                                            "operator_timing": 0.12368161899999969,
                                                                            "result_set_size": 57934576,
                                                                            "children": []
                                                                        },
                                                                        {
                                                                            "operator_name": "READ_PARQUET ",
                                                                            "cpu_time": 0.357096814,
                                                                            "extra_info": {
                                                                                "Function": "READ_PARQUET",
                                                                                "Projections": [
                                                                                    "id",
                                                                                    "creationdate",
                                                                                    "title"
                                                                                ],
                                                                                "Estimated Cardinality": "3850116"
                                                                            },
                                                                            "cumulative_cardinality": 3850116,
                                                                            "operator_type": "TABLE_SCAN",
                                                                            "operator_cardinality": 3850116,
                                                                            "cumulative_rows_scanned": 3850116,
                                                                            "operator_rows_scanned": 3850116,
                                                                            "operator_timing": 0.357096814,
                                                                            "result_set_size": 107803248,
                                                                            "children": []
                                                                        }
                                                                    ]
                                                                }
                                                            ]
                                                        }
                                                    ]
                                                }
                                            ]
                                        }
                                    ]
                                },
                                {
                                    "operator_name": "HASH_GROUP_BY",
                                    "cpu_time": 0.5634203929999997,
                                    "extra_info": {
                                        "Groups": [
                                            "#0",
                                            "#1"
                                        ],
                                        "Aggregates": "count(#2)",
                                        "Estimated Cardinality": "1260710"
                                    },
                                    "cumulative_cardinality": 6421287,
                                    "operator_type": "HASH_GROUP_BY",
                                    "operator_cardinality": 1260709,
                                    "cumulative_rows_scanned": 14004803,
                                    "operator_rows_scanned": 0,
                                    "operator_timing": 0.20885639700000003,
                                    "result_set_size": 35299852,
                                    "children": [
                                        {
                                            "operator_name": "PROJECTION",
                                            "cpu_time": 0.3545639959999996,
                                            "extra_info": {
                                                "Projections": [
                                                    "id",
                                                    "displayname",
                                                    "id"
                                                ],
                                                "Estimated Cardinality": "12744093"
                                            },
                                            "cumulative_cardinality": 5160578,
                                            "operator_type": "PROJECTION",
                                            "operator_cardinality": 1285363,
                                            "cumulative_rows_scanned": 14004803,
                                            "operator_rows_scanned": 0,
                                            "operator_timing": 0.00015227400000000004,
                                            "result_set_size": 30848712,
                                            "children": [
                                                {
                                                    "operator_name": "FILTER",
                                                    "cpu_time": 0.3544117219999996,
                                                    "extra_info": {
                                                        "Expression": "(id >= 1)",
                                                        "Estimated Cardinality": "12744093"
                                                    },
                                                    "cumulative_cardinality": 3875215,
                                                    "operator_type": "FILTER",
                                                    "operator_cardinality": 1285363,
                                                    "cumulative_rows_scanned": 14004803,
                                                    "operator_rows_scanned": 0,
                                                    "operator_timing": 0.0016732750000000005,
                                                    "result_set_size": 30848712,
                                                    "children": [
                                                        {
                                                            "operator_name": "HASH_JOIN",
                                                            "cpu_time": 0.3527384469999996,
                                                            "extra_info": {
                                                                "Join Type": "RIGHT",
                                                                "Conditions": "userid = id",
                                                                "Estimated Cardinality": "12744093"
                                                            },
                                                            "cumulative_cardinality": 2589852,
                                                            "operator_type": "HASH_JOIN",
                                                            "operator_cardinality": 1288855,
                                                            "cumulative_rows_scanned": 14004803,
                                                            "operator_rows_scanned": 0,
                                                            "operator_timing": 0.12301815599999935,
                                                            "result_set_size": 30932520,
                                                            "children": [
                                                                {
                                                                    "operator_name": "READ_PARQUET ",
                                                                    "cpu_time": 0.1493700650000002,
                                                                    "extra_info": {
                                                                        "Function": "READ_PARQUET",
                                                                        "Projections": [
                                                                            "id",
                                                                            "userid"
                                                                        ],
                                                                        "Estimated Cardinality": "12744093"
                                                                    },
                                                                    "cumulative_cardinality": 40287,
                                                                    "operator_type": "TABLE_SCAN",
                                                                    "operator_cardinality": 40287,
                                                                    "cumulative_rows_scanned": 12744093,
                                                                    "operator_rows_scanned": 12744093,
                                                                    "operator_timing": 0.1493700650000002,
                                                                    "result_set_size": 322296,
                                                                    "children": []
                                                                },
                                                                {
                                                                    "operator_name": "READ_PARQUET ",
                                                                    "cpu_time": 0.08035022600000007,
                                                                    "extra_info": {
                                                                        "Function": "READ_PARQUET",
                                                                        "Projections": [
                                                                            "id",
                                                                            "displayname"
                                                                        ],
                                                                        "Estimated Cardinality": "1260710"
                                                                    },
                                                                    "cumulative_cardinality": 1260710,
                                                                    "operator_type": "TABLE_SCAN",
                                                                    "operator_cardinality": 1260710,
                                                                    "cumulative_rows_scanned": 1260710,
                                                                    "operator_rows_scanned": 1260710,
                                                                    "operator_timing": 0.08035022600000007,
                                                                    "result_set_size": 25214200,
                                                                    "children": []
                                                                }
                                                            ]
                                                        }
                                                    ]
                                                }
                                            ]
                                        }
                                    ]
                                }
                            ]
                        }
                    ]
                }
            ]
        }
    ]
}