{
    "rows_returned": 184173,
    "query_name": "\nSELECT \n    u.Id AS UserId,\n    u.DisplayName,\n    u.Reputation,\n    COUNT(p.Id) AS PostCount,\n    COUNT(c.Id) AS CommentCount,\n    SUM(CASE WHEN v.VoteTypeId = 2 THEN 1 ELSE 0 END) AS UpVotes,\n    SUM(CASE WHEN v.VoteTypeId = 3 THEN 1 ELSE 0 END) AS DownVotes,\n    SUM(CASE WHEN b.Class = 1 THEN 1 ELSE 0 END) AS GoldBadges,\n    SUM(CASE WHEN b.Class = 2 THEN 1 ELSE 0 END) AS SilverBadges,\n    SUM(CASE WHEN b.Class = 3 THEN 1 ELSE 0 END) AS BronzeBadges\nFROM \n    Users u\nLEFT JOIN \n    Posts p ON u.Id = p.OwnerUserId AND p.CreationDate >= (CAST('2024-10-01 12:34:56' AS TIMESTAMP) - INTERVAL '1 year')\nLEFT JOIN \n    Comments c ON p.Id = c.PostId\nLEFT JOIN \n    Votes v ON p.Id = v.PostId\nLEFT JOIN \n    Badges b ON u.Id = b.UserId\nWHERE \n    u.CreationDate >= (CAST('2024-10-01 12:34:56' AS TIMESTAMP) - INTERVAL '1 year')\nGROUP BY \n    u.Id, u.DisplayName, u.Reputation\nORDER BY \n    PostCount DESC, UpVotes DESC;\n",
    "blocked_thread_time": 0.0,
    "cpu_time": 0.420830186,
    "extra_info": {},
    "cumulative_cardinality": 12072066,
    "cumulative_rows_scanned": 27418465,
    "result_set_size": 22100760,
    "latency": 1.000350874,
    "children": [
        {
            "operator_name": "ORDER_BY",
            "cpu_time": 0.420830186,
            "extra_info": {
                "Order By": [
                    "count(p.Id) DESC",
                    "sum(CASE  WHEN ((v.VoteTypeId = 2)) THEN (1) ELSE 0 END) DESC"
                ]
            },
            "cumulative_cardinality": 12072066,
            "operator_type": "ORDER_BY",
            "operator_cardinality": 184173,
            "cumulative_rows_scanned": 27418465,
            "operator_rows_scanned": 0,
            "operator_timing": 0.013944876999999994,
            "result_set_size": 22100760,
            "children": [
                {
                    "operator_name": "HASH_GROUP_BY",
                    "cpu_time": 0.406885309,
                    "extra_info": {
                        "Groups": [
                            "#0",
                            "#1",
                            "#2"
                        ],
                        "Aggregates": [
                            "count(#3)",
                            "count(#4)",
                            "sum(#5)",
                            "sum(#6)",
                            "sum(#7)",
                            "sum(#8)",
                            "sum(#9)"
                        ],
                        "Estimated Cardinality": "1260710"
                    },
                    "cumulative_cardinality": 11887893,
                    "operator_type": "HASH_GROUP_BY",
                    "operator_cardinality": 184173,
                    "cumulative_rows_scanned": 27418465,
                    "operator_rows_scanned": 0,
                    "operator_timing": 0.13005865999999996,
                    "result_set_size": 22100760,
                    "children": [
                        {
                            "operator_name": "PROJECTION",
                            "cpu_time": 0.27682664900000004,
                            "extra_info": {
                                "Projections": [
                                    "id",
                                    "displayname",
                                    "reputation",
                                    "id",
                                    "id",
                                    "CASE  WHEN ((votetypeid = 2)) THEN (1) ELSE 0 END",
                                    "CASE  WHEN ((votetypeid = 3)) THEN (1) ELSE 0 END",
                                    "CASE  WHEN ((class = 1)) THEN (1) ELSE 0 END",
                                    "CASE  WHEN ((class = 2)) THEN (1) ELSE 0 END",
                                    "CASE  WHEN ((class = 3)) THEN (1) ELSE 0 END"
                                ],
                                "Estimated Cardinality": "12744093"
                            },
                            "cumulative_cardinality": 11703720,
                            "operator_type": "PROJECTION",
                            "operator_cardinality": 1769736,
                            "cumulative_rows_scanned": 27418465,
                            "operator_rows_scanned": 0,
                            "operator_timing": 0.02078930800000004,
                            "result_set_size": 92026272,
                            "children": [
                                {
                                    "operator_name": "PROJECTION",
                                    "cpu_time": 0.256037341,
                                    "extra_info": {
                                        "Projections": [
                                            "#0",
                                            "#1",
                                            "#2",
                                            "#3",
                                            "#4",
                                            "#5",
                                            "__internal_decompress_integral_smallint(#6, 1)"
                                        ],
                                        "Estimated Cardinality": "12744093"
                                    },
                                    "cumulative_cardinality": 9933984,
                                    "operator_type": "PROJECTION",
                                    "operator_cardinality": 1769736,
                                    "cumulative_rows_scanned": 27418465,
                                    "operator_rows_scanned": 0,
                                    "operator_timing": 0.0008809080000000008,
                                    "result_set_size": 63710496,
                                    "children": [
                                        {
                                            "operator_name": "HASH_JOIN",
                                            "cpu_time": 0.25515643299999996,
                                            "extra_info": {
                                                "Join Type": "LEFT",
                                                "Conditions": "id = userid",
                                                "Estimated Cardinality": "12744093"
                                            },
                                            "cumulative_cardinality": 8164248,
                                            "operator_type": "HASH_JOIN",
                                            "operator_cardinality": 1769736,
                                            "cumulative_rows_scanned": 27418465,
                                            "operator_rows_scanned": 0,
                                            "operator_timing": 0.11591212799999992,
                                            "result_set_size": 61940760,
                                            "children": [
                                                {
                                                    "operator_name": "HASH_JOIN",
                                                    "cpu_time": 0.12070607800000004,
                                                    "extra_info": {
                                                        "Join Type": "RIGHT",
                                                        "Conditions": "postid = id",
                                                        "Estimated Cardinality": "12744093"
                                                    },
                                                    "cumulative_cardinality": 1751064,
                                                    "operator_type": "HASH_JOIN",
                                                    "operator_cardinality": 364608,
                                                    "cumulative_rows_scanned": 25096741,
                                                    "operator_rows_scanned": 0,
                                                    "operator_timing": 0.02321943,
                                                    "result_set_size": 12396672,
                                                    "children": [
                                                        {
                                                            "operator_name": "READ_PARQUET ",
                                                            "cpu_time": 0.017826194,
                                                            "extra_info": {
                                                                "Function": "READ_PARQUET",
                                                                "Projections": [
                                                                    "postid",
                                                                    "votetypeid"
                                                                ],
                                                                "Estimated Cardinality": "12744093"
                                                            },
                                                            "cumulative_cardinality": 442516,
                                                            "operator_type": "TABLE_SCAN",
                                                            "operator_cardinality": 442516,
                                                            "cumulative_rows_scanned": 12744093,
                                                            "operator_rows_scanned": 12744093,
                                                            "operator_timing": 0.017826194,
                                                            "result_set_size": 2655096,
                                                            "children": []
                                                        },
                                                        {
                                                            "operator_name": "HASH_JOIN",
                                                            "cpu_time": 0.07966045400000003,
                                                            "extra_info": {
                                                                "Join Type": "RIGHT",
                                                                "Conditions": "postid = id",
                                                                "Estimated Cardinality": "7241822"
                                                            },
                                                            "cumulative_cardinality": 943940,
                                                            "operator_type": "HASH_JOIN",
                                                            "operator_cardinality": 245517,
                                                            "cumulative_rows_scanned": 12352648,
                                                            "operator_rows_scanned": 0,
                                                            "operator_timing": 0.01279333,
                                                            "result_set_size": 7856544,
                                                            "children": [
                                                                {
                                                                    "operator_name": "READ_PARQUET ",
                                                                    "cpu_time": 0.01342747600000001,
                                                                    "extra_info": {
                                                                        "Function": "READ_PARQUET",
                                                                        "Projections": [
                                                                            "id",
                                                                            "postid"
                                                                        ],
                                                                        "Estimated Cardinality": "7241822"
                                                                    },
                                                                    "cumulative_cardinality": 287058,
                                                                    "operator_type": "TABLE_SCAN",
                                                                    "operator_cardinality": 287058,
                                                                    "cumulative_rows_scanned": 7241822,
                                                                    "operator_rows_scanned": 7241822,
                                                                    "operator_timing": 0.01342747600000001,
                                                                    "result_set_size": 2296464,
                                                                    "children": []
                                                                },
                                                                {
                                                                    "operator_name": "HASH_JOIN",
                                                                    "cpu_time": 0.05343964800000002,
                                                                    "extra_info": {
                                                                        "Join Type": "RIGHT",
                                                                        "Conditions": "owneruserid = id",
                                                                        "Estimated Cardinality": "770023"
                                                                    },
                                                                    "cumulative_cardinality": 411365,
                                                                    "operator_type": "HASH_JOIN",
                                                                    "operator_cardinality": 199404,
                                                                    "cumulative_rows_scanned": 5110826,
                                                                    "operator_rows_scanned": 0,
                                                                    "operator_timing": 0.012047649,
                                                                    "result_set_size": 5583312,
                                                                    "children": [
                                                                        {
                                                                            "operator_name": "READ_PARQUET ",
                                                                            "cpu_time": 0.02132417100000001,
                                                                            "extra_info": {
                                                                                "Function": "READ_PARQUET",
                                                                                "Projections": [
                                                                                    "id",
                                                                                    "owneruserid"
                                                                                ],
                                                                                "Filters": "creationdate>='2023-10-01 12:34:56'::TIMESTAMP",
                                                                                "Estimated Cardinality": "770023"
                                                                            },
                                                                            "cumulative_cardinality": 27788,
                                                                            "operator_type": "TABLE_SCAN",
                                                                            "operator_cardinality": 27788,
                                                                            "cumulative_rows_scanned": 3850116,
                                                                            "operator_rows_scanned": 3850116,
                                                                            "operator_timing": 0.02132417100000001,
                                                                            "result_set_size": 222304,
                                                                            "children": []
                                                                        },
                                                                        {
                                                                            "operator_name": "READ_PARQUET ",
                                                                            "cpu_time": 0.02006782800000001,
                                                                            "extra_info": {
                                                                                "Function": "READ_PARQUET",
                                                                                "Projections": [
                                                                                    "id",
                                                                                    "reputation",
                                                                                    "displayname"
                                                                                ],
                                                                                "Filters": "creationdate>='2023-10-01 12:34:56'::TIMESTAMP",
                                                                                "Estimated Cardinality": "252142"
                                                                            },
                                                                            "cumulative_cardinality": 184173,
                                                                            "operator_type": "TABLE_SCAN",
                                                                            "operator_cardinality": 184173,
                                                                            "cumulative_rows_scanned": 1260710,
                                                                            "operator_rows_scanned": 1260710,
                                                                            "operator_timing": 0.02006782800000001,
                                                                            "result_set_size": 4420152,
                                                                            "children": []
                                                                        }
                                                                    ]
                                                                }
                                                            ]
                                                        }
                                                    ]
                                                },
                                                {
                                                    "operator_name": "PROJECTION",
                                                    "cpu_time": 0.01853822700000001,
                                                    "extra_info": {
                                                        "Projections": [
                                                            "#0",
                                                            "__internal_compress_integral_utinyint(#1, 1)"
                                                        ],
                                                        "Estimated Cardinality": "2321724"
                                                    },
                                                    "cumulative_cardinality": 4643448,
                                                    "operator_type": "PROJECTION",
                                                    "operator_cardinality": 2321724,
                                                    "cumulative_rows_scanned": 2321724,
                                                    "operator_rows_scanned": 0,
                                                    "operator_timing": 0.0005977859999999996,
                                                    "result_set_size": 11608620,
                                                    "children": [
                                                        {
                                                            "operator_name": "READ_PARQUET ",
                                                            "cpu_time": 0.017940441000000012,
                                                            "extra_info": {
                                                                "Function": "READ_PARQUET",
                                                                "Projections": [
                                                                    "userid",
                                                                    "class"
                                                                ],
                                                                "Estimated Cardinality": "2321724"
                                                            },
                                                            "cumulative_cardinality": 2321724,
                                                            "operator_type": "TABLE_SCAN",
                                                            "operator_cardinality": 2321724,
                                                            "cumulative_rows_scanned": 2321724,
                                                            "operator_rows_scanned": 2321724,
                                                            "operator_timing": 0.017940441000000012,
                                                            "result_set_size": 13930344,
                                                            "children": []
                                                        }
                                                    ]
                                                }
                                            ]
                                        }
                                    ]
                                }
                            ]
                        }
                    ]
                }
            ]
        }
    ]
}