{
    "rows_returned": 1,
    "query_name": "WITH PostStats AS (\n    SELECT \n        p.Id AS PostId,\n        p.PostTypeId,\n        p.CreationDate,\n        p.Score,\n        p.ViewCount,\n        COUNT(c.Id) AS CommentCount,\n        COUNT(v.Id) AS VoteCount,\n        COALESCE(SUM(b.Class), 0) AS BadgeCount\n    FROM Posts p\n    LEFT JOIN Comments c ON p.Id = c.PostId\n    LEFT JOIN Votes v ON p.Id = v.PostId\n    LEFT JOIN Badges b ON b.UserId = p.OwnerUserId\n    GROUP BY p.Id, p.PostTypeId, p.CreationDate, p.Score, p.ViewCount\n)\nSELECT \n    COUNT(PostId) AS TotalPosts,\n    AVG(ViewCount) AS AvgViewCount,\n    AVG(Score) AS AvgScore,\n    SUM(CommentCount) AS TotalComments,\n    SUM(VoteCount) AS TotalVotes,\n    AVG(BadgeCount) AS AvgBadgeCount\nFROM PostStats\nWHERE PostTypeId IN (1, 2) \nAND CreationDate >= cast('2024-10-01 12:34:56' as timestamp) - INTERVAL '1 year';",
    "blocked_thread_time": 0.0,
    "cpu_time": 4.2106955689999825,
    "extra_info": {},
    "cumulative_cardinality": 425118284,
    "cumulative_rows_scanned": 26157755,
    "result_set_size": 64,
    "latency": 4.957649597,
    "children": [
        {
            "operator_name": "UNGROUPED_AGGREGATE",
            "cpu_time": 4.2106955689999825,
            "extra_info": {
                "Aggregates": [
                    "count_star()",
                    "avg(#0)",
                    "avg(#1)",
                    "sum(#2)",
                    "sum(#3)",
                    "avg(#4)"
                ]
            },
            "cumulative_cardinality": 425118284,
            "operator_type": "UNGROUPED_AGGREGATE",
            "operator_cardinality": 1,
            "cumulative_rows_scanned": 26157755,
            "operator_rows_scanned": 0,
            "operator_timing": 0.0023376779999999993,
            "result_set_size": 64,
            "children": [
                {
                    "operator_name": "PROJECTION",
                    "cpu_time": 4.208357890999983,
                    "extra_info": {
                        "Projections": [
                            "viewcount",
                            "score",
                            "CommentCount",
                            "VoteCount",
                            "BadgeCount"
                        ],
                        "Estimated Cardinality": "3850116"
                    },
                    "cumulative_cardinality": 425118283,
                    "operator_type": "PROJECTION",
                    "operator_cardinality": 145471,
                    "cumulative_rows_scanned": 26157755,
                    "operator_rows_scanned": 0,
                    "operator_timing": 0.000018774999999999996,
                    "result_set_size": 5818840,
                    "children": [
                        {
                            "operator_name": "PROJECTION",
                            "cpu_time": 4.208339115999983,
                            "extra_info": {
                                "Projections": [
                                    "PostId",
                                    "score",
                                    "viewcount",
                                    "CommentCount",
                                    "VoteCount",
                                    "BadgeCount"
                                ],
                                "Estimated Cardinality": "3850116"
                            },
                            "cumulative_cardinality": 424972812,
                            "operator_type": "PROJECTION",
                            "operator_cardinality": 145471,
                            "cumulative_rows_scanned": 26157755,
                            "operator_rows_scanned": 0,
                            "operator_timing": 0.0008242899999999998,
                            "result_set_size": 6400724,
                            "children": [
                                {
                                    "operator_name": "PROJECTION",
                                    "cpu_time": 4.207514825999983,
                                    "extra_info": {
                                        "Projections": [
                                            "#0",
                                            "__internal_decompress_integral_smallint(#1, 1)",
                                            "#2",
                                            "__internal_decompress_integral_integer(#3, -72)",
                                            "#4",
                                            "#5",
                                            "#6",
                                            "#7"
                                        ],
                                        "Estimated Cardinality": "3850116"
                                    },
                                    "cumulative_cardinality": 424827341,
                                    "operator_type": "PROJECTION",
                                    "operator_cardinality": 145471,
                                    "cumulative_rows_scanned": 26157755,
                                    "operator_rows_scanned": 0,
                                    "operator_timing": 0.00008100499999999997,
                                    "result_set_size": 7855434,
                                    "children": [
                                        {
                                            "operator_name": "HASH_GROUP_BY",
                                            "cpu_time": 4.207433820999983,
                                            "extra_info": {
                                                "Groups": [
                                                    "#0",
                                                    "#1",
                                                    "#2",
                                                    "#3",
                                                    "#4"
                                                ],
                                                "Aggregates": [
                                                    "count(#5)",
                                                    "count(#6)",
                                                    "sum(#7)"
                                                ],
                                                "Estimated Cardinality": "3850116"
                                            },
                                            "cumulative_cardinality": 424681870,
                                            "operator_type": "HASH_GROUP_BY",
                                            "operator_cardinality": 145471,
                                            "cumulative_rows_scanned": 26157755,
                                            "operator_rows_scanned": 0,
                                            "operator_timing": 2.810709615999993,
                                            "result_set_size": 7419021,
                                            "children": [
                                                {
                                                    "operator_name": "PROJECTION",
                                                    "cpu_time": 1.39672420499999,
                                                    "extra_info": {
                                                        "Projections": [
                                                            "id",
                                                            "posttypeid",
                                                            "creationdate",
                                                            "score",
                                                            "viewcount",
                                                            "id",
                                                            "id",
                                                            "class"
                                                        ],
                                                        "Estimated Cardinality": "12744093"
                                                    },
                                                    "cumulative_cardinality": 424536399,
                                                    "operator_type": "PROJECTION",
                                                    "operator_cardinality": 104102722,
                                                    "cumulative_rows_scanned": 26157755,
                                                    "operator_rows_scanned": 0,
                                                    "operator_timing": 0.017679462999995135,
                                                    "result_set_size": 3018978938,
                                                    "children": [
                                                        {
                                                            "operator_name": "PROJECTION",
                                                            "cpu_time": 1.3790447419999947,
                                                            "extra_info": {
                                                                "Projections": [
                                                                    "#0",
                                                                    "__internal_compress_integral_utinyint(#1, 1)",
                                                                    "#2",
                                                                    "__internal_compress_integral_usmallint(#3, -72)",
                                                                    "#4",
                                                                    "#5",
                                                                    "#6",
                                                                    "#7"
                                                                ],
                                                                "Estimated Cardinality": "12744093"
                                                            },
                                                            "cumulative_cardinality": 320433677,
                                                            "operator_type": "PROJECTION",
                                                            "operator_cardinality": 104102722,
                                                            "cumulative_rows_scanned": 26157755,
                                                            "operator_rows_scanned": 0,
                                                            "operator_timing": 0.17326234099999505,
                                                            "result_set_size": 3018978938,
                                                            "children": [
                                                                {
                                                                    "operator_name": "PROJECTION",
                                                                    "cpu_time": 1.2057824009999998,
                                                                    "extra_info": {
                                                                        "Projections": [
                                                                            "#2",
                                                                            "#3",
                                                                            "#4",
                                                                            "#5",
                                                                            "#6",
                                                                            "#1",
                                                                            "#0",
                                                                            "__internal_decompress_integral_smallint(#7, 1)"
                                                                        ],
                                                                        "Estimated Cardinality": "12744093"
                                                                    },
                                                                    "cumulative_cardinality": 216330955,
                                                                    "operator_type": "PROJECTION",
                                                                    "operator_cardinality": 104102722,
                                                                    "cumulative_rows_scanned": 26157755,
                                                                    "operator_rows_scanned": 0,
                                                                    "operator_timing": 0.03454682400000318,
                                                                    "result_set_size": 3331287104,
                                                                    "children": [
                                                                        {
                                                                            "operator_name": "HASH_JOIN",
                                                                            "cpu_time": 1.1712355769999967,
                                                                            "extra_info": {
                                                                                "Join Type": "LEFT",
                                                                                "Conditions": "owneruserid = userid",
                                                                                "Estimated Cardinality": "12744093"
                                                                            },
                                                                            "cumulative_cardinality": 112228233,
                                                                            "operator_type": "HASH_JOIN",
                                                                            "operator_cardinality": 104102722,
                                                                            "cumulative_rows_scanned": 26157755,
                                                                            "operator_rows_scanned": 0,
                                                                            "operator_timing": 1.0051946839999968,
                                                                            "result_set_size": 3227184382,
                                                                            "children": [
                                                                                {
                                                                                    "operator_name": "PROJECTION",
                                                                                    "cpu_time": 0.14639539299999996,
                                                                                    "extra_info": {
                                                                                        "Projections": [
                                                                                            "#0",
                                                                                            "#1",
                                                                                            "#2",
                                                                                            "__internal_decompress_integral_smallint(#3, 1)",
                                                                                            "#4",
                                                                                            "__internal_decompress_integral_integer(#5, -72)",
                                                                                            "#6",
                                                                                            "#7"
                                                                                        ],
                                                                                        "Estimated Cardinality": "12744093"
                                                                                    },
                                                                                    "cumulative_cardinality": 3482063,
                                                                                    "operator_type": "PROJECTION",
                                                                                    "operator_cardinality": 954525,
                                                                                    "cumulative_rows_scanned": 23836031,
                                                                                    "operator_rows_scanned": 0,
                                                                                    "operator_timing": 0.0009437890000000004,
                                                                                    "result_set_size": 32453850,
                                                                                    "children": [
                                                                                        {
                                                                                            "operator_name": "HASH_JOIN",
                                                                                            "cpu_time": 0.14545160399999996,
                                                                                            "extra_info": {
                                                                                                "Join Type": "RIGHT",
                                                                                                "Conditions": "postid = id",
                                                                                                "Estimated Cardinality": "12744093"
                                                                                            },
                                                                                            "cumulative_cardinality": 2527538,
                                                                                            "operator_type": "HASH_JOIN",
                                                                                            "operator_cardinality": 954525,
                                                                                            "cumulative_rows_scanned": 23836031,
                                                                                            "operator_rows_scanned": 0,
                                                                                            "operator_timing": 0.06245203099999997,
                                                                                            "result_set_size": 29590275,
                                                                                            "children": [
                                                                                                {
                                                                                                    "operator_name": "READ_PARQUET ",
                                                                                                    "cpu_time": 0.020229708999999988,
                                                                                                    "extra_info": {
                                                                                                        "Function": "READ_PARQUET",
                                                                                                        "Projections": [
                                                                                                            "id",
                                                                                                            "postid"
                                                                                                        ],
                                                                                                        "Estimated Cardinality": "12744093"
                                                                                                    },
                                                                                                    "cumulative_cardinality": 442526,
                                                                                                    "operator_type": "TABLE_SCAN",
                                                                                                    "operator_cardinality": 442526,
                                                                                                    "cumulative_rows_scanned": 12744093,
                                                                                                    "operator_rows_scanned": 12744093,
                                                                                                    "operator_timing": 0.020229708999999988,
                                                                                                    "result_set_size": 3540208,
                                                                                                    "children": []
                                                                                                },
                                                                                                {
                                                                                                    "operator_name": "PROJECTION",
                                                                                                    "cpu_time": 0.06276986400000001,
                                                                                                    "extra_info": {
                                                                                                        "Projections": [
                                                                                                            "#0",
                                                                                                            "#1",
                                                                                                            "__internal_compress_integral_utinyint(#2, 1)",
                                                                                                            "#3",
                                                                                                            "__internal_compress_integral_usmallint(#4, -72)",
                                                                                                            "#5",
                                                                                                            "#6"
                                                                                                        ],
                                                                                                        "Estimated Cardinality": "7241822"
                                                                                                    },
                                                                                                    "cumulative_cardinality": 1130487,
                                                                                                    "operator_type": "PROJECTION",
                                                                                                    "operator_cardinality": 348976,
                                                                                                    "cumulative_rows_scanned": 11091938,
                                                                                                    "operator_rows_scanned": 0,
                                                                                                    "operator_timing": 0.00024193999999999987,
                                                                                                    "result_set_size": 9422352,
                                                                                                    "children": [
                                                                                                        {
                                                                                                            "operator_name": "HASH_JOIN",
                                                                                                            "cpu_time": 0.06252792400000001,
                                                                                                            "extra_info": {
                                                                                                                "Join Type": "RIGHT",
                                                                                                                "Conditions": "postid = id",
                                                                                                                "Estimated Cardinality": "7241822"
                                                                                                            },
                                                                                                            "cumulative_cardinality": 781511,
                                                                                                            "operator_type": "HASH_JOIN",
                                                                                                            "operator_cardinality": 348976,
                                                                                                            "cumulative_rows_scanned": 11091938,
                                                                                                            "operator_rows_scanned": 0,
                                                                                                            "operator_timing": 0.016993155,
                                                                                                            "result_set_size": 10469280,
                                                                                                            "children": [
                                                                                                                {
                                                                                                                    "operator_name": "READ_PARQUET ",
                                                                                                                    "cpu_time": 0.01376419500000001,
                                                                                                                    "extra_info": {
                                                                                                                        "Function": "READ_PARQUET",
                                                                                                                        "Projections": [
                                                                                                                            "id",
                                                                                                                            "postid"
                                                                                                                        ],
                                                                                                                        "Estimated Cardinality": "7241822"
                                                                                                                    },
                                                                                                                    "cumulative_cardinality": 287064,
                                                                                                                    "operator_type": "TABLE_SCAN",
                                                                                                                    "operator_cardinality": 287064,
                                                                                                                    "cumulative_rows_scanned": 7241822,
                                                                                                                    "operator_rows_scanned": 7241822,
                                                                                                                    "operator_timing": 0.01376419500000001,
                                                                                                                    "result_set_size": 2296512,
                                                                                                                    "children": []
                                                                                                                },
                                                                                                                {
                                                                                                                    "operator_name": "READ_PARQUET ",
                                                                                                                    "cpu_time": 0.031770574,
                                                                                                                    "extra_info": {
                                                                                                                        "Function": "READ_PARQUET",
                                                                                                                        "Projections": [
                                                                                                                            "id",
                                                                                                                            "posttypeid",
                                                                                                                            "creationdate",
                                                                                                                            "score",
                                                                                                                            "viewcount",
                                                                                                                            "owneruserid"
                                                                                                                        ],
                                                                                                                        "Filters": [
                                                                                                                            "creationdate>='2023-10-01 12:34:56'::TIMESTAMP",
                                                                                                                            "posttypeid>=1 AND posttypeid<=2"
                                                                                                                        ],
                                                                                                                        "Estimated Cardinality": "770023"
                                                                                                                    },
                                                                                                                    "cumulative_cardinality": 145471,
                                                                                                                    "operator_type": "TABLE_SCAN",
                                                                                                                    "operator_cardinality": 145471,
                                                                                                                    "cumulative_rows_scanned": 3850116,
                                                                                                                    "operator_rows_scanned": 3850116,
                                                                                                                    "operator_timing": 0.031770574,
                                                                                                                    "result_set_size": 3782246,
                                                                                                                    "children": []
                                                                                                                }
                                                                                                            ]
                                                                                                        }
                                                                                                    ]
                                                                                                }
                                                                                            ]
                                                                                        }
                                                                                    ]
                                                                                },
                                                                                {
                                                                                    "operator_name": "PROJECTION",
                                                                                    "cpu_time": 0.019645500000000003,
                                                                                    "extra_info": {
                                                                                        "Projections": [
                                                                                            "#0",
                                                                                            "__internal_compress_integral_utinyint(#1, 1)"
                                                                                        ],
                                                                                        "Estimated Cardinality": "2321724"
                                                                                    },
                                                                                    "cumulative_cardinality": 4643448,
                                                                                    "operator_type": "PROJECTION",
                                                                                    "operator_cardinality": 2321724,
                                                                                    "cumulative_rows_scanned": 2321724,
                                                                                    "operator_rows_scanned": 0,
                                                                                    "operator_timing": 0.0006025909999999988,
                                                                                    "result_set_size": 11608620,
                                                                                    "children": [
                                                                                        {
                                                                                            "operator_name": "READ_PARQUET ",
                                                                                            "cpu_time": 0.019042909000000004,
                                                                                            "extra_info": {
                                                                                                "Function": "READ_PARQUET",
                                                                                                "Projections": [
                                                                                                    "userid",
                                                                                                    "class"
                                                                                                ],
                                                                                                "Estimated Cardinality": "2321724"
                                                                                            },
                                                                                            "cumulative_cardinality": 2321724,
                                                                                            "operator_type": "TABLE_SCAN",
                                                                                            "operator_cardinality": 2321724,
                                                                                            "cumulative_rows_scanned": 2321724,
                                                                                            "operator_rows_scanned": 2321724,
                                                                                            "operator_timing": 0.019042909000000004,
                                                                                            "result_set_size": 13930344,
                                                                                            "children": []
                                                                                        }
                                                                                    ]
                                                                                }
                                                                            ]
                                                                        }
                                                                    ]
                                                                }
                                                            ]
                                                        }
                                                    ]
                                                }
                                            ]
                                        }
                                    ]
                                }
                            ]
                        }
                    ]
                }
            ]
        }
    ]
}