{
    "rows_returned": 1,
    "query_name": "SELECT \n    COUNT(P.Id) AS TotalPosts,\n    AVG(P.Score) AS AveragePostScore,\n    COUNT(DISTINCT V.UserId) AS TotalUniqueVoters\nFROM \n    Posts P\nLEFT JOIN \n    Votes V ON P.Id = V.PostId\nWHERE \n    P.CreationDate >= '2020-01-01'  \nAND \n    P.PostTypeId = 1;",
    "blocked_thread_time": 0.0,
    "cpu_time": 0.192491199,
    "extra_info": {},
    "cumulative_cardinality": 5627918,
    "cumulative_rows_scanned": 16594209,
    "result_set_size": 24,
    "latency": 0.212469731,
    "children": [
        {
            "operator_name": "UNGROUPED_AGGREGATE",
            "cpu_time": 0.192491199,
            "extra_info": {
                "Aggregates": [
                    "count_star()",
                    "avg(#0)",
                    "count(DISTINCT #1)"
                ]
            },
            "cumulative_cardinality": 5627918,
            "operator_type": "UNGROUPED_AGGREGATE",
            "operator_cardinality": 1,
            "cumulative_rows_scanned": 16594209,
            "operator_rows_scanned": 0,
            "operator_timing": 0.0058489319999999985,
            "result_set_size": 24,
            "children": [
                {
                    "operator_name": "PROJECTION",
                    "cpu_time": 0.186642267,
                    "extra_info": {
                        "Projections": [
                            "score",
                            "userid"
                        ],
                        "Estimated Cardinality": "12744093"
                    },
                    "cumulative_cardinality": 5627917,
                    "operator_type": "PROJECTION",
                    "operator_cardinality": 1055018,
                    "cumulative_rows_scanned": 16594209,
                    "operator_rows_scanned": 0,
                    "operator_timing": 0.00023551499999999889,
                    "result_set_size": 8440144,
                    "children": [
                        {
                            "operator_name": "HASH_JOIN",
                            "cpu_time": 0.186406752,
                            "extra_info": {
                                "Join Type": "RIGHT",
                                "Conditions": "postid = id",
                                "Estimated Cardinality": "12744093"
                            },
                            "cumulative_cardinality": 4572899,
                            "operator_type": "HASH_JOIN",
                            "operator_cardinality": 1055018,
                            "cumulative_rows_scanned": 16594209,
                            "operator_rows_scanned": 0,
                            "operator_timing": 0.07387626399999998,
                            "result_set_size": 8440144,
                            "children": [
                                {
                                    "operator_name": "READ_PARQUET ",
                                    "cpu_time": 0.043097204999999986,
                                    "extra_info": {
                                        "Function": "READ_PARQUET",
                                        "Projections": [
                                            "postid",
                                            "userid"
                                        ],
                                        "Estimated Cardinality": "12744093"
                                    },
                                    "cumulative_cardinality": 3009934,
                                    "operator_type": "TABLE_SCAN",
                                    "operator_cardinality": 3009934,
                                    "cumulative_rows_scanned": 12744093,
                                    "operator_rows_scanned": 12744093,
                                    "operator_timing": 0.043097204999999986,
                                    "result_set_size": 24079472,
                                    "children": []
                                },
                                {
                                    "operator_name": "READ_PARQUET ",
                                    "cpu_time": 0.06943328300000004,
                                    "extra_info": {
                                        "Function": "READ_PARQUET",
                                        "Projections": [
                                            "id",
                                            "score"
                                        ],
                                        "Filters": [
                                            "creationdate>='2020-01-01 00:00:00'::TIMESTAMP",
                                            "posttypeid=1"
                                        ],
                                        "Estimated Cardinality": "770023"
                                    },
                                    "cumulative_cardinality": 507947,
                                    "operator_type": "TABLE_SCAN",
                                    "operator_cardinality": 507947,
                                    "cumulative_rows_scanned": 3850116,
                                    "operator_rows_scanned": 3850116,
                                    "operator_timing": 0.06943328300000004,
                                    "result_set_size": 4063576,
                                    "children": []
                                }
                            ]
                        }
                    ]
                }
            ]
        }
    ]
}