{
    "rows_returned": 135003,
    "query_name": "\nWITH UserPostCounts AS (\n    SELECT \n        u.Id AS UserId, \n        COUNT(p.Id) AS PostCount\n    FROM \n        Users u\n    LEFT JOIN \n        Posts p ON u.Id = p.OwnerUserId\n    GROUP BY \n        u.Id\n),\nTopUsers AS (\n    SELECT \n        UserId, \n        PostCount\n    FROM \n        UserPostCounts\n    ORDER BY \n        PostCount DESC\n    LIMIT 10\n),\nPostAnalytics AS (\n    SELECT \n        p.Id AS PostId,\n        p.Title,\n        p.CreationDate,\n        p.Score,\n        p.ViewCount,\n        u.DisplayName AS OwnerDisplayName,\n        pt.Name AS PostTypeName,\n        p.OwnerUserId\n    FROM \n        Posts p\n    JOIN \n        Users u ON p.OwnerUserId = u.Id\n    JOIN \n        PostTypes pt ON p.PostTypeId = pt.Id\n)\nSELECT \n    tu.UserId,\n    pa.PostId,\n    pa.Title,\n    pa.CreationDate,\n    pa.Score,\n    pa.ViewCount,\n    pa.OwnerDisplayName,\n    pa.PostTypeName\nFROM \n    TopUsers tu\nLEFT JOIN \n    PostAnalytics pa ON tu.UserId = pa.OwnerUserId\nORDER BY \n    tu.PostCount DESC, \n    pa.Score DESC;\n",
    "blocked_thread_time": 0.0,
    "cpu_time": 1.3874629580000013,
    "extra_info": {},
    "cumulative_cardinality": 27845869,
    "cumulative_rows_scanned": 10221660,
    "result_set_size": 9720216,
    "latency": 1.67517286,
    "children": [
        {
            "operator_name": "PROJECTION",
            "cpu_time": 1.3874629580000013,
            "extra_info": {
                "Projections": [
                    "#0",
                    "#1",
                    "#2",
                    "#3",
                    "__internal_decompress_integral_integer(#4, -72)",
                    "#5",
                    "#6",
                    "#7"
                ],
                "Estimated Cardinality": "3850116"
            },
            "cumulative_cardinality": 27845869,
            "operator_type": "PROJECTION",
            "operator_cardinality": 135003,
            "cumulative_rows_scanned": 10221660,
            "operator_rows_scanned": 0,
            "operator_timing": 0.000063861,
            "result_set_size": 9720216,
            "children": [
                {
                    "operator_name": "ORDER_BY",
                    "cpu_time": 1.3873990970000012,
                    "extra_info": {
                        "Order By": [
                            "#8 DESC",
                            "pa.Score DESC"
                        ]
                    },
                    "cumulative_cardinality": 27710866,
                    "operator_type": "ORDER_BY",
                    "operator_cardinality": 135003,
                    "cumulative_rows_scanned": 10221660,
                    "operator_rows_scanned": 0,
                    "operator_timing": 0.015983839000000003,
                    "result_set_size": 9450210,
                    "children": [
                        {
                            "operator_name": "PROJECTION",
                            "cpu_time": 1.3714152580000012,
                            "extra_info": {
                                "Projections": [
                                    "#0",
                                    "#1",
                                    "#2",
                                    "#3",
                                    "__internal_compress_integral_usmallint(#4, -72)",
                                    "#5",
                                    "#6",
                                    "#7",
                                    "#8"
                                ],
                                "Estimated Cardinality": "3850116"
                            },
                            "cumulative_cardinality": 27575863,
                            "operator_type": "PROJECTION",
                            "operator_cardinality": 135003,
                            "cumulative_rows_scanned": 10221660,
                            "operator_rows_scanned": 0,
                            "operator_timing": 0.0015385130000000016,
                            "result_set_size": 10530234,
                            "children": [
                                {
                                    "operator_name": "PROJECTION",
                                    "cpu_time": 1.3698767450000011,
                                    "extra_info": {
                                        "Projections": [
                                            "UserId",
                                            "PostId",
                                            "title",
                                            "creationdate",
                                            "score",
                                            "viewcount",
                                            "OwnerDisplayName",
                                            "PostTypeName",
                                            "PostCount"
                                        ],
                                        "Estimated Cardinality": "3850116"
                                    },
                                    "cumulative_cardinality": 27440860,
                                    "operator_type": "PROJECTION",
                                    "operator_cardinality": 135003,
                                    "cumulative_rows_scanned": 10221660,
                                    "operator_rows_scanned": 0,
                                    "operator_timing": 0.0006591780000000005,
                                    "result_set_size": 10800240,
                                    "children": [
                                        {
                                            "operator_name": "HASH_JOIN",
                                            "cpu_time": 1.369217567000001,
                                            "extra_info": {
                                                "Join Type": "RIGHT",
                                                "Conditions": "owneruserid = UserId",
                                                "Estimated Cardinality": "3850116"
                                            },
                                            "cumulative_cardinality": 27305857,
                                            "operator_type": "HASH_JOIN",
                                            "operator_cardinality": 135003,
                                            "cumulative_rows_scanned": 10221660,
                                            "operator_rows_scanned": 0,
                                            "operator_timing": 0.028865718999999984,
                                            "result_set_size": 10800240,
                                            "children": [
                                                {
                                                    "operator_name": "PROJECTION",
                                                    "cpu_time": 0.8298865220000009,
                                                    "extra_info": {
                                                        "Projections": [
                                                            "PostId",
                                                            "title",
                                                            "creationdate",
                                                            "score",
                                                            "viewcount",
                                                            "OwnerDisplayName",
                                                            "PostTypeName",
                                                            "owneruserid"
                                                        ],
                                                        "Estimated Cardinality": "3850116"
                                                    },
                                                    "cumulative_cardinality": 11810922,
                                                    "operator_type": "PROJECTION",
                                                    "operator_cardinality": 2637559,
                                                    "cumulative_rows_scanned": 5110834,
                                                    "operator_rows_scanned": 0,
                                                    "operator_timing": 0.000977127999999999,
                                                    "result_set_size": 189904248,
                                                    "children": [
                                                        {
                                                            "operator_name": "HASH_JOIN",
                                                            "cpu_time": 0.8289093940000009,
                                                            "extra_info": {
                                                                "Join Type": "INNER",
                                                                "Conditions": "posttypeid = id",
                                                                "Estimated Cardinality": "3850116"
                                                            },
                                                            "cumulative_cardinality": 9173363,
                                                            "operator_type": "HASH_JOIN",
                                                            "operator_cardinality": 2637559,
                                                            "cumulative_rows_scanned": 5110834,
                                                            "operator_rows_scanned": 0,
                                                            "operator_timing": 0.007523577999999993,
                                                            "result_set_size": 189904248,
                                                            "children": [
                                                                {
                                                                    "operator_name": "HASH_JOIN",
                                                                    "cpu_time": 0.8210371940000009,
                                                                    "extra_info": {
                                                                        "Join Type": "INNER",
                                                                        "Conditions": "owneruserid = id",
                                                                        "Estimated Cardinality": "3850116"
                                                                    },
                                                                    "cumulative_cardinality": 6535797,
                                                                    "operator_type": "HASH_JOIN",
                                                                    "operator_cardinality": 2637559,
                                                                    "cumulative_rows_scanned": 5110826,
                                                                    "operator_rows_scanned": 0,
                                                                    "operator_timing": 0.20080174200000017,
                                                                    "result_set_size": 152978422,
                                                                    "children": [
                                                                        {
                                                                            "operator_name": "READ_PARQUET ",
                                                                            "cpu_time": 0.5358290160000007,
                                                                            "extra_info": {
                                                                                "Function": "READ_PARQUET",
                                                                                "Projections": [
                                                                                    "id",
                                                                                    "posttypeid",
                                                                                    "creationdate",
                                                                                    "score",
                                                                                    "viewcount",
                                                                                    "owneruserid",
                                                                                    "title"
                                                                                ],
                                                                                "Estimated Cardinality": "3850116"
                                                                            },
                                                                            "cumulative_cardinality": 2637559,
                                                                            "operator_type": "TABLE_SCAN",
                                                                            "operator_cardinality": 2637559,
                                                                            "cumulative_rows_scanned": 3850116,
                                                                            "operator_rows_scanned": 3850116,
                                                                            "operator_timing": 0.5358290160000007,
                                                                            "result_set_size": 110777478,
                                                                            "children": []
                                                                        },
                                                                        {
                                                                            "operator_name": "READ_PARQUET ",
                                                                            "cpu_time": 0.08440643600000002,
                                                                            "extra_info": {
                                                                                "Function": "READ_PARQUET",
                                                                                "Projections": [
                                                                                    "id",
                                                                                    "displayname"
                                                                                ],
                                                                                "Filters": "id<=1416539",
                                                                                "Estimated Cardinality": "1260710"
                                                                            },
                                                                            "cumulative_cardinality": 1260679,
                                                                            "operator_type": "TABLE_SCAN",
                                                                            "operator_cardinality": 1260679,
                                                                            "cumulative_rows_scanned": 1260710,
                                                                            "operator_rows_scanned": 1260710,
                                                                            "operator_timing": 0.08440643600000002,
                                                                            "result_set_size": 25213580,
                                                                            "children": []
                                                                        }
                                                                    ]
                                                                },
                                                                {
                                                                    "operator_name": "READ_PARQUET ",
                                                                    "cpu_time": 0.000348622,
                                                                    "extra_info": {
                                                                        "Function": "READ_PARQUET",
                                                                        "Projections": [
                                                                            "id",
                                                                            "name"
                                                                        ],
                                                                        "Filters": "id<=7",
                                                                        "Estimated Cardinality": "8"
                                                                    },
                                                                    "cumulative_cardinality": 7,
                                                                    "operator_type": "TABLE_SCAN",
                                                                    "operator_cardinality": 7,
                                                                    "cumulative_rows_scanned": 8,
                                                                    "operator_rows_scanned": 8,
                                                                    "operator_timing": 0.000348622,
                                                                    "result_set_size": 126,
                                                                    "children": []
                                                                }
                                                            ]
                                                        }
                                                    ]
                                                },
                                                {
                                                    "operator_name": "STREAMING_LIMIT",
                                                    "cpu_time": 0.5104653260000002,
                                                    "extra_info": {},
                                                    "cumulative_cardinality": 15359932,
                                                    "operator_type": "STREAMING_LIMIT",
                                                    "operator_cardinality": 10,
                                                    "cumulative_rows_scanned": 5110826,
                                                    "operator_rows_scanned": 0,
                                                    "operator_timing": 0.0000018340000000000001,
                                                    "result_set_size": 120,
                                                    "children": [
                                                        {
                                                            "operator_name": "ORDER_BY",
                                                            "cpu_time": 0.5104634920000002,
                                                            "extra_info": {
                                                                "Order By": "UserPostCounts.PostCount DESC"
                                                            },
                                                            "cumulative_cardinality": 15359922,
                                                            "operator_type": "ORDER_BY",
                                                            "operator_cardinality": 4096,
                                                            "cumulative_rows_scanned": 5110826,
                                                            "operator_rows_scanned": 0,
                                                            "operator_timing": 0.018353312,
                                                            "result_set_size": 49152,
                                                            "children": [
                                                                {
                                                                    "operator_name": "HASH_GROUP_BY",
                                                                    "cpu_time": 0.49211018000000023,
                                                                    "extra_info": {
                                                                        "Groups": "#0",
                                                                        "Aggregates": "count(#1)",
                                                                        "Estimated Cardinality": "1260710"
                                                                    },
                                                                    "cumulative_cardinality": 15355826,
                                                                    "operator_type": "HASH_GROUP_BY",
                                                                    "operator_cardinality": 1260710,
                                                                    "cumulative_rows_scanned": 5110826,
                                                                    "operator_rows_scanned": 0,
                                                                    "operator_timing": 0.19351337700000004,
                                                                    "result_set_size": 15128520,
                                                                    "children": [
                                                                        {
                                                                            "operator_name": "PROJECTION",
                                                                            "cpu_time": 0.2985968030000002,
                                                                            "extra_info": {
                                                                                "Projections": [
                                                                                    "id",
                                                                                    "id"
                                                                                ],
                                                                                "Estimated Cardinality": "3850116"
                                                                            },
                                                                            "cumulative_cardinality": 14095116,
                                                                            "operator_type": "PROJECTION",
                                                                            "operator_cardinality": 4574495,
                                                                            "cumulative_rows_scanned": 5110826,
                                                                            "operator_rows_scanned": 0,
                                                                            "operator_timing": 0.0005819209999999967,
                                                                            "result_set_size": 36595960,
                                                                            "children": [
                                                                                {
                                                                                    "operator_name": "HASH_JOIN",
                                                                                    "cpu_time": 0.2980148820000002,
                                                                                    "extra_info": {
                                                                                        "Join Type": "RIGHT",
                                                                                        "Conditions": "owneruserid = id",
                                                                                        "Estimated Cardinality": "3850116"
                                                                                    },
                                                                                    "cumulative_cardinality": 9520621,
                                                                                    "operator_type": "HASH_JOIN",
                                                                                    "operator_cardinality": 4574495,
                                                                                    "cumulative_rows_scanned": 5110826,
                                                                                    "operator_rows_scanned": 0,
                                                                                    "operator_timing": 0.1996873030000002,
                                                                                    "result_set_size": 36595960,
                                                                                    "children": [
                                                                                        {
                                                                                            "operator_name": "READ_PARQUET ",
                                                                                            "cpu_time": 0.09059480899999998,
                                                                                            "extra_info": {
                                                                                                "Function": "READ_PARQUET",
                                                                                                "Projections": [
                                                                                                    "id",
                                                                                                    "owneruserid"
                                                                                                ],
                                                                                                "Estimated Cardinality": "3850116"
                                                                                            },
                                                                                            "cumulative_cardinality": 3685416,
                                                                                            "operator_type": "TABLE_SCAN",
                                                                                            "operator_cardinality": 3685416,
                                                                                            "cumulative_rows_scanned": 3850116,
                                                                                            "operator_rows_scanned": 3850116,
                                                                                            "operator_timing": 0.09059480899999998,
                                                                                            "result_set_size": 29483328,
                                                                                            "children": []
                                                                                        },
                                                                                        {
                                                                                            "operator_name": "READ_PARQUET ",
                                                                                            "cpu_time": 0.007732770000000009,
                                                                                            "extra_info": {
                                                                                                "Function": "READ_PARQUET",
                                                                                                "Projections": "id",
                                                                                                "Estimated Cardinality": "1260710"
                                                                                            },
                                                                                            "cumulative_cardinality": 1260710,
                                                                                            "operator_type": "TABLE_SCAN",
                                                                                            "operator_cardinality": 1260710,
                                                                                            "cumulative_rows_scanned": 1260710,
                                                                                            "operator_rows_scanned": 1260710,
                                                                                            "operator_timing": 0.007732770000000009,
                                                                                            "result_set_size": 5042840,
                                                                                            "children": []
                                                                                        }
                                                                                    ]
                                                                                }
                                                                            ]
                                                                        }
                                                                    ]
                                                                }
                                                            ]
                                                        }
                                                    ]
                                                }
                                            ]
                                        }
                                    ]
                                }
                            ]
                        }
                    ]
                }
            ]
        }
    ]
}