{
    "rows_returned": 3850116,
    "query_name": "WITH PostActivities AS (\n    SELECT \n        ph.PostId,\n        COUNT(ph.Id) AS TotalChanges,\n        COUNT(CASE WHEN ph.PostHistoryTypeId = 10 THEN 1 END) AS CloseVotes,\n        COUNT(CASE WHEN ph.PostHistoryTypeId = 11 THEN 1 END) AS ReopenVotes,\n        COUNT(CASE WHEN ph.PostHistoryTypeId IN (12, 13) THEN 1 END) AS DeleteUndeleteVotes,\n        MAX(ph.CreationDate) AS LastActivityDate\n    FROM \n        PostHistory ph\n    GROUP BY \n        ph.PostId\n),\nPostStatistics AS (\n    SELECT \n        p.Id AS PostId,\n        p.Title,\n        p.CreationDate,\n        p.ViewCount,\n        p.Score,\n        COALESCE(pa.TotalChanges, 0) AS TotalChanges,\n        COALESCE(pa.CloseVotes, 0) AS CloseVotes,\n        COALESCE(pa.ReopenVotes, 0) AS ReopenVotes,\n        COALESCE(pa.DeleteUndeleteVotes, 0) AS DeleteUndeleteVotes,\n        pa.LastActivityDate\n    FROM \n        Posts p\n    LEFT JOIN \n        PostActivities pa ON p.Id = pa.PostId\n)\nSELECT \n    PostId,\n    Title,\n    CreationDate,\n    ViewCount,\n    Score,\n    TotalChanges,\n    CloseVotes,\n    ReopenVotes,\n    DeleteUndeleteVotes,\n    LastActivityDate\nFROM \n    PostStatistics\nORDER BY \n    Score DESC, \n    TotalChanges DESC;",
    "blocked_thread_time": 0.0,
    "cpu_time": 2.979005732999997,
    "extra_info": {},
    "cumulative_cardinality": 58241532,
    "cumulative_rows_scanned": 15645360,
    "result_set_size": 292608816,
    "latency": 7.313562883,
    "children": [
        {
            "operator_name": "PROJECTION",
            "cpu_time": 2.979005732999997,
            "extra_info": {
                "Projections": [
                    "#0",
                    "#1",
                    "#2",
                    "#3",
                    "__internal_decompress_integral_integer(#4, -72)",
                    "#5",
                    "#6",
                    "#7",
                    "#8",
                    "#9"
                ],
                "Estimated Cardinality": "5897622"
            },
            "cumulative_cardinality": 58241532,
            "operator_type": "PROJECTION",
            "operator_cardinality": 3850116,
            "cumulative_rows_scanned": 15645360,
            "operator_rows_scanned": 0,
            "operator_timing": 0.0020405830000000064,
            "result_set_size": 292608816,
            "children": [
                {
                    "operator_name": "ORDER_BY",
                    "cpu_time": 2.976965149999997,
                    "extra_info": {
                        "Order By": [
                            "PostStatistics.Score DESC",
                            "PostStatistics.TotalChanges DESC"
                        ]
                    },
                    "cumulative_cardinality": 54391416,
                    "operator_type": "ORDER_BY",
                    "operator_cardinality": 3850116,
                    "cumulative_rows_scanned": 15645360,
                    "operator_rows_scanned": 0,
                    "operator_timing": 0.37855189799999966,
                    "result_set_size": 284908584,
                    "children": [
                        {
                            "operator_name": "PROJECTION",
                            "cpu_time": 2.5984132519999976,
                            "extra_info": {
                                "Projections": [
                                    "#0",
                                    "#1",
                                    "#2",
                                    "#3",
                                    "__internal_compress_integral_usmallint(#4, -72)",
                                    "#5",
                                    "#6",
                                    "#7",
                                    "#8",
                                    "#9"
                                ],
                                "Estimated Cardinality": "5897622"
                            },
                            "cumulative_cardinality": 50541300,
                            "operator_type": "PROJECTION",
                            "operator_cardinality": 3850116,
                            "cumulative_rows_scanned": 15645360,
                            "operator_rows_scanned": 0,
                            "operator_timing": 0.0020979849999999984,
                            "result_set_size": 284908584,
                            "children": [
                                {
                                    "operator_name": "PROJECTION",
                                    "cpu_time": 2.596315266999998,
                                    "extra_info": {
                                        "Projections": [
                                            "PostId",
                                            "title",
                                            "creationdate",
                                            "viewcount",
                                            "score",
                                            "TotalChanges",
                                            "CloseVotes",
                                            "ReopenVotes",
                                            "DeleteUndeleteVotes",
                                            "LastActivityDate"
                                        ],
                                        "Estimated Cardinality": "5897622"
                                    },
                                    "cumulative_cardinality": 46691184,
                                    "operator_type": "PROJECTION",
                                    "operator_cardinality": 3850116,
                                    "cumulative_rows_scanned": 15645360,
                                    "operator_rows_scanned": 0,
                                    "operator_timing": 0.10231501099999994,
                                    "result_set_size": 292608816,
                                    "children": [
                                        {
                                            "operator_name": "PROJECTION",
                                            "cpu_time": 2.494000255999998,
                                            "extra_info": {
                                                "Projections": [
                                                    "#0",
                                                    "#1",
                                                    "#2",
                                                    "#3",
                                                    "#4",
                                                    "#5",
                                                    "#6",
                                                    "__internal_decompress_integral_integer(#7, -72)",
                                                    "#8",
                                                    "#9"
                                                ],
                                                "Estimated Cardinality": "5897622"
                                            },
                                            "cumulative_cardinality": 42841068,
                                            "operator_type": "PROJECTION",
                                            "operator_cardinality": 3850116,
                                            "cumulative_rows_scanned": 15645360,
                                            "operator_rows_scanned": 0,
                                            "operator_timing": 0.0023256280000000015,
                                            "result_set_size": 292608816,
                                            "children": [
                                                {
                                                    "operator_name": "HASH_JOIN",
                                                    "cpu_time": 2.491674627999998,
                                                    "extra_info": {
                                                        "Join Type": "RIGHT",
                                                        "Conditions": "postid = id",
                                                        "Estimated Cardinality": "5897622"
                                                    },
                                                    "cumulative_cardinality": 38990952,
                                                    "operator_type": "HASH_JOIN",
                                                    "operator_cardinality": 3850116,
                                                    "cumulative_rows_scanned": 15645360,
                                                    "operator_rows_scanned": 0,
                                                    "operator_timing": 0.6455066359999997,
                                                    "result_set_size": 284908584,
                                                    "children": [
                                                        {
                                                            "operator_name": "HASH_GROUP_BY",
                                                            "cpu_time": 1.4514873019999985,
                                                            "extra_info": {
                                                                "Groups": "#0",
                                                                "Aggregates": [
                                                                    "count_star()",
                                                                    "count(#1)",
                                                                    "count(#2)",
                                                                    "count(#3)",
                                                                    "max(#4)"
                                                                ],
                                                                "Estimated Cardinality": "5897622"
                                                            },
                                                            "cumulative_cardinality": 27440604,
                                                            "operator_type": "HASH_GROUP_BY",
                                                            "operator_cardinality": 3850116,
                                                            "cumulative_rows_scanned": 11795244,
                                                            "operator_rows_scanned": 0,
                                                            "operator_timing": 0.904518594999999,
                                                            "result_set_size": 169405104,
                                                            "children": [
                                                                {
                                                                    "operator_name": "PROJECTION",
                                                                    "cpu_time": 0.5469687069999996,
                                                                    "extra_info": {
                                                                        "Projections": [
                                                                            "postid",
                                                                            "CASE  WHEN ((posthistorytypeid = 10)) THEN (1) ELSE NULL END",
                                                                            "CASE  WHEN ((posthistorytypeid = 11)) THEN (1) ELSE NULL END",
                                                                            "CASE  WHEN ((posthistorytypeid IN (12, 13))) THEN (1) ELSE NULL END",
                                                                            "creationdate"
                                                                        ],
                                                                        "Estimated Cardinality": "11795244"
                                                                    },
                                                                    "cumulative_cardinality": 23590488,
                                                                    "operator_type": "PROJECTION",
                                                                    "operator_cardinality": 11795244,
                                                                    "cumulative_rows_scanned": 11795244,
                                                                    "operator_rows_scanned": 0,
                                                                    "operator_timing": 0.1841986910000001,
                                                                    "result_set_size": 283085856,
                                                                    "children": [
                                                                        {
                                                                            "operator_name": "READ_PARQUET ",
                                                                            "cpu_time": 0.3627700159999994,
                                                                            "extra_info": {
                                                                                "Function": "READ_PARQUET",
                                                                                "Projections": [
                                                                                    "id",
                                                                                    "posthistorytypeid",
                                                                                    "postid",
                                                                                    "creationdate"
                                                                                ],
                                                                                "Estimated Cardinality": "11795244"
                                                                            },
                                                                            "cumulative_cardinality": 11795244,
                                                                            "operator_type": "TABLE_SCAN",
                                                                            "operator_cardinality": 11795244,
                                                                            "cumulative_rows_scanned": 11795244,
                                                                            "operator_rows_scanned": 11795244,
                                                                            "operator_timing": 0.3627700159999994,
                                                                            "result_set_size": 212314392,
                                                                            "children": []
                                                                        }
                                                                    ]
                                                                }
                                                            ]
                                                        },
                                                        {
                                                            "operator_name": "PROJECTION",
                                                            "cpu_time": 0.39468069000000006,
                                                            "extra_info": {
                                                                "Projections": [
                                                                    "#0",
                                                                    "#1",
                                                                    "__internal_compress_integral_usmallint(#2, -72)",
                                                                    "#3",
                                                                    "#4"
                                                                ],
                                                                "Estimated Cardinality": "3850116"
                                                            },
                                                            "cumulative_cardinality": 7700232,
                                                            "operator_type": "PROJECTION",
                                                            "operator_cardinality": 3850116,
                                                            "cumulative_rows_scanned": 3850116,
                                                            "operator_rows_scanned": 0,
                                                            "operator_timing": 0.0017986900000000027,
                                                            "result_set_size": 130903944,
                                                            "children": [
                                                                {
                                                                    "operator_name": "READ_PARQUET ",
                                                                    "cpu_time": 0.39288200000000006,
                                                                    "extra_info": {
                                                                        "Function": "READ_PARQUET",
                                                                        "Projections": [
                                                                            "id",
                                                                            "creationdate",
                                                                            "score",
                                                                            "viewcount",
                                                                            "title"
                                                                        ],
                                                                        "Estimated Cardinality": "3850116"
                                                                    },
                                                                    "cumulative_cardinality": 3850116,
                                                                    "operator_type": "TABLE_SCAN",
                                                                    "operator_cardinality": 3850116,
                                                                    "cumulative_rows_scanned": 3850116,
                                                                    "operator_rows_scanned": 3850116,
                                                                    "operator_timing": 0.39288200000000006,
                                                                    "result_set_size": 138604176,
                                                                    "children": []
                                                                }
                                                            ]
                                                        }
                                                    ]
                                                }
                                            ]
                                        }
                                    ]
                                }
                            ]
                        }
                    ]
                }
            ]
        }
    ]
}