{
    "rows_returned": 3850116,
    "query_name": "SELECT \n    P.Id AS PostId,\n    P.Title,\n    P.CreationDate,\n    P.ViewCount,\n    COUNT(CASE WHEN C.Id IS NOT NULL THEN 1 END) AS CommentCount,\n    COUNT(DISTINCT V.UserId) AS VoteCount,\n    COUNT(DISTINCT P2.Id) AS RelatedPostCount,\n    MAX(CASE WHEN PH.PostHistoryTypeId = 10 THEN PH.CreationDate END) AS LastClosedDate,\n    MAX(CASE WHEN PH.PostHistoryTypeId = 11 THEN PH.CreationDate END) AS LastReopenedDate\nFROM \n    Posts P\nLEFT JOIN \n    Comments C ON P.Id = C.PostId\nLEFT JOIN \n    Votes V ON P.Id = V.PostId\nLEFT JOIN \n    PostLinks PL ON P.Id = PL.PostId\nLEFT JOIN \n    Posts P2 ON PL.RelatedPostId = P2.Id\nLEFT JOIN \n    PostHistory PH ON P.Id = PH.PostId\nGROUP BY \n    P.Id, P.Title, P.CreationDate, P.ViewCount\nORDER BY \n    P.ViewCount DESC;\n",
    "blocked_thread_time": 0.0,
    "cpu_time": 47.95273135200026,
    "extra_info": {},
    "cumulative_cardinality": 982454844,
    "cumulative_rows_scanned": 39894382,
    "result_set_size": 277208352,
    "latency": 56.882754692,
    "children": [
        {
            "operator_name": "ORDER_BY",
            "cpu_time": 47.95273135200026,
            "extra_info": {
                "Order By": "P.ViewCount DESC"
            },
            "cumulative_cardinality": 982454844,
            "operator_type": "ORDER_BY",
            "operator_cardinality": 3850116,
            "cumulative_rows_scanned": 39894382,
            "operator_rows_scanned": 0,
            "operator_timing": 0.3184408860000002,
            "result_set_size": 277208352,
            "children": [
                {
                    "operator_name": "HASH_GROUP_BY",
                    "cpu_time": 47.63429046600026,
                    "extra_info": {
                        "Groups": [
                            "#0",
                            "#1",
                            "#2",
                            "#3"
                        ],
                        "Aggregates": [
                            "count(#4)",
                            "count(DISTINCT #5)",
                            "count(DISTINCT #6)",
                            "max(#7)",
                            "max(#8)"
                        ],
                        "Estimated Cardinality": "3850116"
                    },
                    "cumulative_cardinality": 978604728,
                    "operator_type": "HASH_GROUP_BY",
                    "operator_cardinality": 3850116,
                    "cumulative_rows_scanned": 39894382,
                    "operator_rows_scanned": 0,
                    "operator_timing": 35.64729469300025,
                    "result_set_size": 277208352,
                    "children": [
                        {
                            "operator_name": "PROJECTION",
                            "cpu_time": 11.986995773000013,
                            "extra_info": {
                                "Projections": [
                                    "id",
                                    "title",
                                    "creationdate",
                                    "viewcount",
                                    "CASE  WHEN ((id IS NOT NULL)) THEN (1) ELSE NULL END",
                                    "userid",
                                    "id",
                                    "CASE  WHEN ((posthistorytypeid = 10)) THEN (creationdate) ELSE NULL END",
                                    "CASE  WHEN ((posthistorytypeid = 11)) THEN (creationdate) ELSE NULL END"
                                ],
                                "Estimated Cardinality": "12744093"
                            },
                            "cumulative_cardinality": 974754612,
                            "operator_type": "PROJECTION",
                            "operator_cardinality": 265354846,
                            "cumulative_rows_scanned": 39894382,
                            "operator_rows_scanned": 0,
                            "operator_timing": 1.7147231049999827,
                            "result_set_size": 15921290760,
                            "children": [
                                {
                                    "operator_name": "PROJECTION",
                                    "cpu_time": 10.27227266800003,
                                    "extra_info": {
                                        "Projections": [
                                            "#2",
                                            "#3",
                                            "#4",
                                            "#5",
                                            "#1",
                                            "#0",
                                            "#6",
                                            "__internal_decompress_integral_smallint(#7, 1)",
                                            "#8"
                                        ],
                                        "Estimated Cardinality": "12744093"
                                    },
                                    "cumulative_cardinality": 709399766,
                                    "operator_type": "PROJECTION",
                                    "operator_cardinality": 265354846,
                                    "cumulative_rows_scanned": 39894382,
                                    "operator_rows_scanned": 0,
                                    "operator_timing": 0.1376386749999901,
                                    "result_set_size": 14329161684,
                                    "children": [
                                        {
                                            "operator_name": "HASH_JOIN",
                                            "cpu_time": 10.134633993000039,
                                            "extra_info": {
                                                "Join Type": "LEFT",
                                                "Conditions": "id = postid",
                                                "Estimated Cardinality": "12744093"
                                            },
                                            "cumulative_cardinality": 444044920,
                                            "operator_type": "HASH_JOIN",
                                            "operator_cardinality": 265354846,
                                            "cumulative_rows_scanned": 39894382,
                                            "operator_rows_scanned": 0,
                                            "operator_timing": 4.641155156000016,
                                            "result_set_size": 14063806838,
                                            "children": [
                                                {
                                                    "operator_name": "HASH_JOIN",
                                                    "cpu_time": 5.222689300000024,
                                                    "extra_info": {
                                                        "Join Type": "LEFT",
                                                        "Conditions": "relatedpostid = id",
                                                        "Estimated Cardinality": "12744093"
                                                    },
                                                    "cumulative_cardinality": 155099586,
                                                    "operator_type": "HASH_JOIN",
                                                    "operator_cardinality": 41471296,
                                                    "cumulative_rows_scanned": 28099138,
                                                    "operator_rows_scanned": 0,
                                                    "operator_timing": 0.7072936239999927,
                                                    "result_set_size": 1824737024,
                                                    "children": [
                                                        {
                                                            "operator_name": "HASH_JOIN",
                                                            "cpu_time": 4.495591900000031,
                                                            "extra_info": {
                                                                "Join Type": "LEFT",
                                                                "Conditions": "id = postid",
                                                                "Estimated Cardinality": "12744093"
                                                            },
                                                            "cumulative_cardinality": 109778174,
                                                            "operator_type": "HASH_JOIN",
                                                            "operator_cardinality": 41471296,
                                                            "cumulative_rows_scanned": 24249022,
                                                            "operator_rows_scanned": 0,
                                                            "operator_timing": 0.7166607370000116,
                                                            "result_set_size": 1824737024,
                                                            "children": [
                                                                {
                                                                    "operator_name": "HASH_JOIN",
                                                                    "cpu_time": 3.77351289600002,
                                                                    "extra_info": {
                                                                        "Join Type": "RIGHT",
                                                                        "Conditions": "postid = id",
                                                                        "Estimated Cardinality": "12744093"
                                                                    },
                                                                    "cumulative_cardinality": 67893887,
                                                                    "operator_type": "HASH_JOIN",
                                                                    "operator_cardinality": 35129590,
                                                                    "cumulative_rows_scanned": 23836031,
                                                                    "operator_rows_scanned": 0,
                                                                    "operator_timing": 2.26168081100002,
                                                                    "result_set_size": 1405183600,
                                                                    "children": [
                                                                        {
                                                                            "operator_name": "READ_PARQUET ",
                                                                            "cpu_time": 0.2079840360000002,
                                                                            "extra_info": {
                                                                                "Function": "READ_PARQUET",
                                                                                "Projections": [
                                                                                    "postid",
                                                                                    "userid"
                                                                                ],
                                                                                "Estimated Cardinality": "12744093"
                                                                            },
                                                                            "cumulative_cardinality": 12744093,
                                                                            "operator_type": "TABLE_SCAN",
                                                                            "operator_cardinality": 12744093,
                                                                            "cumulative_rows_scanned": 12744093,
                                                                            "operator_rows_scanned": 12744093,
                                                                            "operator_timing": 0.2079840360000002,
                                                                            "result_set_size": 101952744,
                                                                            "children": []
                                                                        },
                                                                        {
                                                                            "operator_name": "HASH_JOIN",
                                                                            "cpu_time": 1.3038480490000002,
                                                                            "extra_info": {
                                                                                "Join Type": "RIGHT",
                                                                                "Conditions": "postid = id",
                                                                                "Estimated Cardinality": "7241822"
                                                                            },
                                                                            "cumulative_cardinality": 20020204,
                                                                            "operator_type": "HASH_JOIN",
                                                                            "operator_cardinality": 8928266,
                                                                            "cumulative_rows_scanned": 11091938,
                                                                            "operator_rows_scanned": 0,
                                                                            "operator_timing": 0.8048018439999994,
                                                                            "result_set_size": 321417576,
                                                                            "children": [
                                                                                {
                                                                                    "operator_name": "READ_PARQUET ",
                                                                                    "cpu_time": 0.12367899300000015,
                                                                                    "extra_info": {
                                                                                        "Function": "READ_PARQUET",
                                                                                        "Projections": [
                                                                                            "id",
                                                                                            "postid"
                                                                                        ],
                                                                                        "Estimated Cardinality": "7241822"
                                                                                    },
                                                                                    "cumulative_cardinality": 7241822,
                                                                                    "operator_type": "TABLE_SCAN",
                                                                                    "operator_cardinality": 7241822,
                                                                                    "cumulative_rows_scanned": 7241822,
                                                                                    "operator_rows_scanned": 7241822,
                                                                                    "operator_timing": 0.12367899300000015,
                                                                                    "result_set_size": 57934576,
                                                                                    "children": []
                                                                                },
                                                                                {
                                                                                    "operator_name": "READ_PARQUET ",
                                                                                    "cpu_time": 0.3753672120000006,
                                                                                    "extra_info": {
                                                                                        "Function": "READ_PARQUET",
                                                                                        "Projections": [
                                                                                            "id",
                                                                                            "creationdate",
                                                                                            "viewcount",
                                                                                            "title"
                                                                                        ],
                                                                                        "Estimated Cardinality": "3850116"
                                                                                    },
                                                                                    "cumulative_cardinality": 3850116,
                                                                                    "operator_type": "TABLE_SCAN",
                                                                                    "operator_cardinality": 3850116,
                                                                                    "cumulative_rows_scanned": 3850116,
                                                                                    "operator_rows_scanned": 3850116,
                                                                                    "operator_timing": 0.3753672120000006,
                                                                                    "result_set_size": 123203712,
                                                                                    "children": []
                                                                                }
                                                                            ]
                                                                        }
                                                                    ]
                                                                },
                                                                {
                                                                    "operator_name": "READ_PARQUET ",
                                                                    "cpu_time": 0.005418266999999999,
                                                                    "extra_info": {
                                                                        "Function": "READ_PARQUET",
                                                                        "Projections": [
                                                                            "postid",
                                                                            "relatedpostid"
                                                                        ],
                                                                        "Estimated Cardinality": "412991"
                                                                    },
                                                                    "cumulative_cardinality": 412991,
                                                                    "operator_type": "TABLE_SCAN",
                                                                    "operator_cardinality": 412991,
                                                                    "cumulative_rows_scanned": 412991,
                                                                    "operator_rows_scanned": 412991,
                                                                    "operator_timing": 0.005418266999999999,
                                                                    "result_set_size": 3303928,
                                                                    "children": []
                                                                }
                                                            ]
                                                        },
                                                        {
                                                            "operator_name": "READ_PARQUET ",
                                                            "cpu_time": 0.019803775999999888,
                                                            "extra_info": {
                                                                "Function": "READ_PARQUET",
                                                                "Projections": "id",
                                                                "Estimated Cardinality": "3850116"
                                                            },
                                                            "cumulative_cardinality": 3850116,
                                                            "operator_type": "TABLE_SCAN",
                                                            "operator_cardinality": 3850116,
                                                            "cumulative_rows_scanned": 3850116,
                                                            "operator_rows_scanned": 3850116,
                                                            "operator_timing": 0.019803775999999888,
                                                            "result_set_size": 15400464,
                                                            "children": []
                                                        }
                                                    ]
                                                },
                                                {
                                                    "operator_name": "PROJECTION",
                                                    "cpu_time": 0.2707895369999997,
                                                    "extra_info": {
                                                        "Projections": [
                                                            "__internal_compress_integral_utinyint(#0, 1)",
                                                            "#1",
                                                            "#2"
                                                        ],
                                                        "Estimated Cardinality": "11795244"
                                                    },
                                                    "cumulative_cardinality": 23590488,
                                                    "operator_type": "PROJECTION",
                                                    "operator_cardinality": 11795244,
                                                    "cumulative_rows_scanned": 11795244,
                                                    "operator_rows_scanned": 0,
                                                    "operator_timing": 0.0033846230000000115,
                                                    "result_set_size": 153338172,
                                                    "children": [
                                                        {
                                                            "operator_name": "READ_PARQUET ",
                                                            "cpu_time": 0.26740491399999966,
                                                            "extra_info": {
                                                                "Function": "READ_PARQUET",
                                                                "Projections": [
                                                                    "posthistorytypeid",
                                                                    "postid",
                                                                    "creationdate"
                                                                ],
                                                                "Estimated Cardinality": "11795244"
                                                            },
                                                            "cumulative_cardinality": 11795244,
                                                            "operator_type": "TABLE_SCAN",
                                                            "operator_cardinality": 11795244,
                                                            "cumulative_rows_scanned": 11795244,
                                                            "operator_rows_scanned": 11795244,
                                                            "operator_timing": 0.26740491399999966,
                                                            "result_set_size": 165133416,
                                                            "children": []
                                                        }
                                                    ]
                                                }
                                            ]
                                        }
                                    ]
                                }
                            ]
                        }
                    ]
                }
            ]
        }
    ]
}