{
    "rows_returned": 100,
    "query_name": "\nWITH PostStats AS (\n    SELECT\n        P.Id AS PostId,\n        P.Title,\n        P.Score,\n        P.ViewCount,\n        P.AnswerCount,\n        P.CommentCount,\n        P.CreationDate,\n        U.DisplayName AS OwnerDisplayName,\n        U.Reputation AS OwnerReputation,\n        P.LastEditDate,\n        PH.PostHistoryTypeId,\n        COUNT(PH.Id) AS HistoryCount\n    FROM Posts P\n    JOIN Users U ON P.OwnerUserId = U.Id\n    LEFT JOIN PostHistory PH ON P.Id = PH.PostId\n    GROUP BY P.Id, P.Title, P.Score, P.ViewCount, P.AnswerCount, P.CommentCount, P.CreationDate, U.DisplayName, U.Reputation, P.LastEditDate, PH.PostHistoryTypeId\n),\nVoteStats AS (\n    SELECT\n        V.PostId,\n        SUM(CASE WHEN V.VoteTypeId = 2 THEN 1 ELSE 0 END) AS UpVotes,\n        SUM(CASE WHEN V.VoteTypeId = 3 THEN 1 ELSE 0 END) AS DownVotes,\n        SUM(CASE WHEN V.VoteTypeId = 1 THEN 1 ELSE 0 END) AS AcceptedCount\n    FROM Votes V\n    GROUP BY V.PostId\n)\nSELECT\n    PS.PostId,\n    PS.Title,\n    PS.Score,\n    PS.ViewCount,\n    PS.AnswerCount,\n    PS.CommentCount,\n    PS.CreationDate,\n    PS.OwnerDisplayName,\n    PS.OwnerReputation,\n    PS.LastEditDate,\n    PS.HistoryCount,\n    COALESCE(VS.UpVotes, 0) AS UpVotes,\n    COALESCE(VS.DownVotes, 0) AS DownVotes,\n    COALESCE(VS.AcceptedCount, 0) AS AcceptedCount\nFROM PostStats PS\nLEFT JOIN VoteStats VS ON PS.PostId = VS.PostId\nORDER BY PS.CreationDate DESC\nLIMIT 100;\n",
    "blocked_thread_time": 0.0,
    "cpu_time": 12.58508161199997,
    "extra_info": {},
    "cumulative_cardinality": 176671104,
    "cumulative_rows_scanned": 29650163,
    "result_set_size": 12800,
    "latency": 15.302190451,
    "children": [
        {
            "operator_name": "STREAMING_LIMIT",
            "cpu_time": 12.58508161199997,
            "extra_info": {},
            "cumulative_cardinality": 176671104,
            "operator_type": "STREAMING_LIMIT",
            "operator_cardinality": 100,
            "cumulative_rows_scanned": 29650163,
            "operator_rows_scanned": 0,
            "operator_timing": 0.000002375,
            "result_set_size": 12800,
            "children": [
                {
                    "operator_name": "PROJECTION",
                    "cpu_time": 12.58507923699997,
                    "extra_info": {
                        "Projections": [
                            "#0",
                            "#1",
                            "__internal_decompress_integral_integer(#2, -72)",
                            "#3",
                            "__internal_decompress_integral_integer(#4, 0)",
                            "__internal_decompress_integral_integer(#5, 0)",
                            "#6",
                            "#7",
                            "#8",
                            "#9",
                            "#10",
                            "#11",
                            "#12",
                            "#13"
                        ],
                        "Estimated Cardinality": "6372046"
                    },
                    "cumulative_cardinality": 176671004,
                    "operator_type": "PROJECTION",
                    "operator_cardinality": 4096,
                    "cumulative_rows_scanned": 29650163,
                    "operator_rows_scanned": 0,
                    "operator_timing": 0.00003259,
                    "result_set_size": 524288,
                    "children": [
                        {
                            "operator_name": "ORDER_BY",
                            "cpu_time": 12.58504664699997,
                            "extra_info": {
                                "Order By": "PS.CreationDate DESC"
                            },
                            "cumulative_cardinality": 176666908,
                            "operator_type": "ORDER_BY",
                            "operator_cardinality": 4096,
                            "cumulative_rows_scanned": 29650163,
                            "operator_rows_scanned": 0,
                            "operator_timing": 2.366907567999998,
                            "result_set_size": 491520,
                            "children": [
                                {
                                    "operator_name": "PROJECTION",
                                    "cpu_time": 10.218139078999972,
                                    "extra_info": {
                                        "Projections": [
                                            "#0",
                                            "#1",
                                            "__internal_compress_integral_usmallint(#2, -72)",
                                            "#3",
                                            "__internal_compress_integral_utinyint(#4, 0)",
                                            "__internal_compress_integral_utinyint(#5, 0)",
                                            "#6",
                                            "#7",
                                            "#8",
                                            "#9",
                                            "#10",
                                            "#11",
                                            "#12",
                                            "#13"
                                        ],
                                        "Estimated Cardinality": "6372046"
                                    },
                                    "cumulative_cardinality": 176662812,
                                    "operator_type": "PROJECTION",
                                    "operator_cardinality": 9762302,
                                    "cumulative_rows_scanned": 29650163,
                                    "operator_rows_scanned": 0,
                                    "operator_timing": 0.03403809700000002,
                                    "result_set_size": 1171476240,
                                    "children": [
                                        {
                                            "operator_name": "PROJECTION",
                                            "cpu_time": 10.184100981999972,
                                            "extra_info": {
                                                "Projections": [
                                                    "PostId",
                                                    "title",
                                                    "score",
                                                    "viewcount",
                                                    "answercount",
                                                    "commentcount",
                                                    "creationdate",
                                                    "OwnerDisplayName",
                                                    "OwnerReputation",
                                                    "lasteditdate",
                                                    "HistoryCount",
                                                    "UpVotes",
                                                    "DownVotes",
                                                    "AcceptedCount"
                                                ],
                                                "Estimated Cardinality": "6372046"
                                            },
                                            "cumulative_cardinality": 166900510,
                                            "operator_type": "PROJECTION",
                                            "operator_cardinality": 9762302,
                                            "cumulative_rows_scanned": 29650163,
                                            "operator_rows_scanned": 0,
                                            "operator_timing": 0.2032969410000001,
                                            "result_set_size": 1249574656,
                                            "children": [
                                                {
                                                    "operator_name": "PROJECTION",
                                                    "cpu_time": 9.980804040999972,
                                                    "extra_info": {
                                                        "Projections": [
                                                            "#0",
                                                            "#1",
                                                            "#2",
                                                            "#3",
                                                            "#4",
                                                            "#5",
                                                            "__internal_decompress_integral_integer(#6, -72)",
                                                            "#7",
                                                            "__internal_decompress_integral_integer(#8, 0)",
                                                            "__internal_decompress_integral_integer(#9, 0)",
                                                            "#10",
                                                            "#11",
                                                            "#12",
                                                            "#13",
                                                            "#14"
                                                        ],
                                                        "Estimated Cardinality": "6372046"
                                                    },
                                                    "cumulative_cardinality": 157138208,
                                                    "operator_type": "PROJECTION",
                                                    "operator_cardinality": 9762302,
                                                    "cumulative_rows_scanned": 29650163,
                                                    "operator_rows_scanned": 0,
                                                    "operator_timing": 0.03486104999999997,
                                                    "result_set_size": 1288623864,
                                                    "children": [
                                                        {
                                                            "operator_name": "HASH_JOIN",
                                                            "cpu_time": 9.945942990999972,
                                                            "extra_info": {
                                                                "Join Type": "RIGHT",
                                                                "Conditions": "postid = PostId",
                                                                "Estimated Cardinality": "6372046"
                                                            },
                                                            "cumulative_cardinality": 147375906,
                                                            "operator_type": "HASH_JOIN",
                                                            "operator_cardinality": 9762302,
                                                            "cumulative_rows_scanned": 29650163,
                                                            "operator_rows_scanned": 0,
                                                            "operator_timing": 2.0807408069999944,
                                                            "result_set_size": 1210525448,
                                                            "children": [
                                                                {
                                                                    "operator_name": "HASH_GROUP_BY",
                                                                    "cpu_time": 1.2607399139999955,
                                                                    "extra_info": {
                                                                        "Groups": "#0",
                                                                        "Aggregates": [
                                                                            "sum(#1)",
                                                                            "sum(#2)",
                                                                            "sum(#3)"
                                                                        ],
                                                                        "Estimated Cardinality": "6372046"
                                                                    },
                                                                    "cumulative_cardinality": 29453413,
                                                                    "operator_type": "HASH_GROUP_BY",
                                                                    "operator_cardinality": 3965227,
                                                                    "cumulative_rows_scanned": 12744093,
                                                                    "operator_rows_scanned": 0,
                                                                    "operator_timing": 0.9728063129999962,
                                                                    "result_set_size": 206191804,
                                                                    "children": [
                                                                        {
                                                                            "operator_name": "PROJECTION",
                                                                            "cpu_time": 0.2879336009999993,
                                                                            "extra_info": {
                                                                                "Projections": [
                                                                                    "postid",
                                                                                    "CASE  WHEN ((votetypeid = 2)) THEN (1) ELSE 0 END",
                                                                                    "CASE  WHEN ((votetypeid = 3)) THEN (1) ELSE 0 END",
                                                                                    "CASE  WHEN ((votetypeid = 1)) THEN (1) ELSE 0 END"
                                                                                ],
                                                                                "Estimated Cardinality": "12744093"
                                                                            },
                                                                            "cumulative_cardinality": 25488186,
                                                                            "operator_type": "PROJECTION",
                                                                            "operator_cardinality": 12744093,
                                                                            "cumulative_rows_scanned": 12744093,
                                                                            "operator_rows_scanned": 0,
                                                                            "operator_timing": 0.13916353799999978,
                                                                            "result_set_size": 203905488,
                                                                            "children": [
                                                                                {
                                                                                    "operator_name": "READ_PARQUET ",
                                                                                    "cpu_time": 0.14877006299999956,
                                                                                    "extra_info": {
                                                                                        "Function": "READ_PARQUET",
                                                                                        "Projections": [
                                                                                            "postid",
                                                                                            "votetypeid"
                                                                                        ],
                                                                                        "Estimated Cardinality": "12744093"
                                                                                    },
                                                                                    "cumulative_cardinality": 12744093,
                                                                                    "operator_type": "TABLE_SCAN",
                                                                                    "operator_cardinality": 12744093,
                                                                                    "cumulative_rows_scanned": 12744093,
                                                                                    "operator_rows_scanned": 12744093,
                                                                                    "operator_timing": 0.14877006299999956,
                                                                                    "result_set_size": 76464558,
                                                                                    "children": []
                                                                                }
                                                                            ]
                                                                        }
                                                                    ]
                                                                },
                                                                {
                                                                    "operator_name": "PROJECTION",
                                                                    "cpu_time": 6.604462269999982,
                                                                    "extra_info": {
                                                                        "Projections": [
                                                                            "#0",
                                                                            "#1",
                                                                            "__internal_compress_integral_usmallint(#2, -72)",
                                                                            "#3",
                                                                            "__internal_compress_integral_utinyint(#4, 0)",
                                                                            "__internal_compress_integral_utinyint(#5, 0)",
                                                                            "#6",
                                                                            "#7",
                                                                            "#8",
                                                                            "#9",
                                                                            "#10"
                                                                        ],
                                                                        "Estimated Cardinality": "3850116"
                                                                    },
                                                                    "cumulative_cardinality": 108160191,
                                                                    "operator_type": "PROJECTION",
                                                                    "operator_cardinality": 9762302,
                                                                    "cumulative_rows_scanned": 16906070,
                                                                    "operator_rows_scanned": 0,
                                                                    "operator_timing": 0.030943194999999923,
                                                                    "result_set_size": 702885744,
                                                                    "children": [
                                                                        {
                                                                            "operator_name": "PROJECTION",
                                                                            "cpu_time": 6.573519074999982,
                                                                            "extra_info": {
                                                                                "Projections": [
                                                                                    "PostId",
                                                                                    "title",
                                                                                    "score",
                                                                                    "viewcount",
                                                                                    "answercount",
                                                                                    "commentcount",
                                                                                    "creationdate",
                                                                                    "OwnerDisplayName",
                                                                                    "OwnerReputation",
                                                                                    "lasteditdate",
                                                                                    "HistoryCount"
                                                                                ],
                                                                                "Estimated Cardinality": "3850116"
                                                                            },
                                                                            "cumulative_cardinality": 98397889,
                                                                            "operator_type": "PROJECTION",
                                                                            "operator_cardinality": 9762302,
                                                                            "cumulative_rows_scanned": 16906070,
                                                                            "operator_rows_scanned": 0,
                                                                            "operator_timing": 0.00241379900000001,
                                                                            "result_set_size": 780984160,
                                                                            "children": [
                                                                                {
                                                                                    "operator_name": "PROJECTION",
                                                                                    "cpu_time": 6.571105275999982,
                                                                                    "extra_info": {
                                                                                        "Projections": [
                                                                                            "#0",
                                                                                            "#1",
                                                                                            "__internal_decompress_integral_integer(#2, -72)",
                                                                                            "#3",
                                                                                            "__internal_decompress_integral_integer(#4, 0)",
                                                                                            "__internal_decompress_integral_integer(#5, 0)",
                                                                                            "#6",
                                                                                            "#7",
                                                                                            "#8",
                                                                                            "#9",
                                                                                            "__internal_decompress_integral_smallint(#10, 1)",
                                                                                            "#11"
                                                                                        ],
                                                                                        "Estimated Cardinality": "3850116"
                                                                                    },
                                                                                    "cumulative_cardinality": 88635587,
                                                                                    "operator_type": "PROJECTION",
                                                                                    "operator_cardinality": 9762302,
                                                                                    "cumulative_rows_scanned": 16906070,
                                                                                    "operator_rows_scanned": 0,
                                                                                    "operator_timing": 0.03332300699999993,
                                                                                    "result_set_size": 800508764,
                                                                                    "children": [
                                                                                        {
                                                                                            "operator_name": "HASH_GROUP_BY",
                                                                                            "cpu_time": 6.537782268999982,
                                                                                            "extra_info": {
                                                                                                "Groups": [
                                                                                                    "#0",
                                                                                                    "#1",
                                                                                                    "#2",
                                                                                                    "#3",
                                                                                                    "#4",
                                                                                                    "#5",
                                                                                                    "#6",
                                                                                                    "#7",
                                                                                                    "#8",
                                                                                                    "#9",
                                                                                                    "#10"
                                                                                                ],
                                                                                                "Aggregates": "count(#11)",
                                                                                                "Estimated Cardinality": "3850116"
                                                                                            },
                                                                                            "cumulative_cardinality": 78873285,
                                                                                            "operator_type": "HASH_GROUP_BY",
                                                                                            "operator_cardinality": 9762302,
                                                                                            "cumulative_rows_scanned": 16906070,
                                                                                            "operator_rows_scanned": 0,
                                                                                            "operator_timing": 3.5771511289999873,
                                                                                            "result_set_size": 712648046,
                                                                                            "children": [
                                                                                                {
                                                                                                    "operator_name": "PROJECTION",
                                                                                                    "cpu_time": 2.960631139999995,
                                                                                                    "extra_info": {
                                                                                                        "Projections": [
                                                                                                            "id",
                                                                                                            "title",
                                                                                                            "score",
                                                                                                            "viewcount",
                                                                                                            "answercount",
                                                                                                            "commentcount",
                                                                                                            "creationdate",
                                                                                                            "displayname",
                                                                                                            "reputation",
                                                                                                            "lasteditdate",
                                                                                                            "posthistorytypeid",
                                                                                                            "id"
                                                                                                        ],
                                                                                                        "Estimated Cardinality": "11795244"
                                                                                                    },
                                                                                                    "cumulative_cardinality": 69110983,
                                                                                                    "operator_type": "PROJECTION",
                                                                                                    "operator_cardinality": 11249703,
                                                                                                    "cumulative_rows_scanned": 16906070,
                                                                                                    "operator_rows_scanned": 0,
                                                                                                    "operator_timing": 0.004277594999999954,
                                                                                                    "result_set_size": 776229507,
                                                                                                    "children": [
                                                                                                        {
                                                                                                            "operator_name": "PROJECTION",
                                                                                                            "cpu_time": 2.956353544999995,
                                                                                                            "extra_info": {
                                                                                                                "Projections": [
                                                                                                                    "#0",
                                                                                                                    "__internal_compress_integral_utinyint(#1, 1)",
                                                                                                                    "#2",
                                                                                                                    "#3",
                                                                                                                    "__internal_compress_integral_usmallint(#4, -72)",
                                                                                                                    "#5",
                                                                                                                    "#6",
                                                                                                                    "#7",
                                                                                                                    "__internal_compress_integral_utinyint(#8, 0)",
                                                                                                                    "__internal_compress_integral_utinyint(#9, 0)",
                                                                                                                    "#10",
                                                                                                                    "#11"
                                                                                                                ],
                                                                                                                "Estimated Cardinality": "11795244"
                                                                                                            },
                                                                                                            "cumulative_cardinality": 57861280,
                                                                                                            "operator_type": "PROJECTION",
                                                                                                            "operator_cardinality": 11249703,
                                                                                                            "cumulative_rows_scanned": 16906070,
                                                                                                            "operator_rows_scanned": 0,
                                                                                                            "operator_timing": 0.04222482599999975,
                                                                                                            "result_set_size": 776229507,
                                                                                                            "children": [
                                                                                                                {
                                                                                                                    "operator_name": "PROJECTION",
                                                                                                                    "cpu_time": 2.9141287189999954,
                                                                                                                    "extra_info": {
                                                                                                                        "Projections": [
                                                                                                                            "#0",
                                                                                                                            "#1",
                                                                                                                            "#2",
                                                                                                                            "#3",
                                                                                                                            "__internal_decompress_integral_integer(#4, -72)",
                                                                                                                            "#5",
                                                                                                                            "#6",
                                                                                                                            "#7",
                                                                                                                            "__internal_decompress_integral_integer(#8, 0)",
                                                                                                                            "__internal_decompress_integral_integer(#9, 0)",
                                                                                                                            "#10",
                                                                                                                            "#11"
                                                                                                                        ],
                                                                                                                        "Estimated Cardinality": "11795244"
                                                                                                                    },
                                                                                                                    "cumulative_cardinality": 46611577,
                                                                                                                    "operator_type": "PROJECTION",
                                                                                                                    "operator_cardinality": 11249703,
                                                                                                                    "cumulative_rows_scanned": 16906070,
                                                                                                                    "operator_rows_scanned": 0,
                                                                                                                    "operator_timing": 0.03989931199999993,
                                                                                                                    "result_set_size": 877476834,
                                                                                                                    "children": [
                                                                                                                        {
                                                                                                                            "operator_name": "HASH_JOIN",
                                                                                                                            "cpu_time": 2.8742294069999956,
                                                                                                                            "extra_info": {
                                                                                                                                "Join Type": "RIGHT",
                                                                                                                                "Conditions": "postid = id",
                                                                                                                                "Estimated Cardinality": "11795244"
                                                                                                                            },
                                                                                                                            "cumulative_cardinality": 35361874,
                                                                                                                            "operator_type": "HASH_JOIN",
                                                                                                                            "operator_cardinality": 11249703,
                                                                                                                            "cumulative_rows_scanned": 16906070,
                                                                                                                            "operator_rows_scanned": 0,
                                                                                                                            "operator_timing": 1.4262831289999962,
                                                                                                                            "result_set_size": 787479210,
                                                                                                                            "children": [
                                                                                                                                {
                                                                                                                                    "operator_name": "READ_PARQUET ",
                                                                                                                                    "cpu_time": 0.32074344700000024,
                                                                                                                                    "extra_info": {
                                                                                                                                        "Function": "READ_PARQUET",
                                                                                                                                        "Projections": [
                                                                                                                                            "id",
                                                                                                                                            "posthistorytypeid",
                                                                                                                                            "postid"
                                                                                                                                        ],
                                                                                                                                        "Estimated Cardinality": "11795244"
                                                                                                                                    },
                                                                                                                                    "cumulative_cardinality": 11795244,
                                                                                                                                    "operator_type": "TABLE_SCAN",
                                                                                                                                    "operator_cardinality": 11795244,
                                                                                                                                    "cumulative_rows_scanned": 11795244,
                                                                                                                                    "operator_rows_scanned": 11795244,
                                                                                                                                    "operator_timing": 0.32074344700000024,
                                                                                                                                    "result_set_size": 117952440,
                                                                                                                                    "children": []
                                                                                                                                },
                                                                                                                                {
                                                                                                                                    "operator_name": "PROJECTION",
                                                                                                                                    "cpu_time": 1.127202830999999,
                                                                                                                                    "extra_info": {
                                                                                                                                        "Projections": [
                                                                                                                                            "#0",
                                                                                                                                            "#1",
                                                                                                                                            "__internal_compress_integral_usmallint(#2, -72)",
                                                                                                                                            "#3",
                                                                                                                                            "#4",
                                                                                                                                            "#5",
                                                                                                                                            "__internal_compress_integral_utinyint(#6, 0)",
                                                                                                                                            "__internal_compress_integral_utinyint(#7, 0)",
                                                                                                                                            "#8",
                                                                                                                                            "#9"
                                                                                                                                        ],
                                                                                                                                        "Estimated Cardinality": "3850116"
                                                                                                                                    },
                                                                                                                                    "cumulative_cardinality": 12316927,
                                                                                                                                    "operator_type": "PROJECTION",
                                                                                                                                    "operator_cardinality": 3685416,
                                                                                                                                    "cumulative_rows_scanned": 5110826,
                                                                                                                                    "operator_rows_scanned": 0,
                                                                                                                                    "operator_timing": 0.005649033999999993,
                                                                                                                                    "result_set_size": 235866624,
                                                                                                                                    "children": [
                                                                                                                                        {
                                                                                                                                            "operator_name": "HASH_JOIN",
                                                                                                                                            "cpu_time": 1.1215537969999991,
                                                                                                                                            "extra_info": {
                                                                                                                                                "Join Type": "INNER",
                                                                                                                                                "Conditions": "owneruserid = id",
                                                                                                                                                "Estimated Cardinality": "3850116"
                                                                                                                                            },
                                                                                                                                            "cumulative_cardinality": 8631511,
                                                                                                                                            "operator_type": "HASH_JOIN",
                                                                                                                                            "operator_cardinality": 3685416,
                                                                                                                                            "cumulative_rows_scanned": 5110826,
                                                                                                                                            "operator_rows_scanned": 0,
                                                                                                                                            "operator_timing": 0.3072348780000001,
                                                                                                                                            "result_set_size": 265349952,
                                                                                                                                            "children": [
                                                                                                                                                {
                                                                                                                                                    "operator_name": "READ_PARQUET ",
                                                                                                                                                    "cpu_time": 0.721256486999999,
                                                                                                                                                    "extra_info": {
                                                                                                                                                        "Function": "READ_PARQUET",
                                                                                                                                                        "Projections": [
                                                                                                                                                            "id",
                                                                                                                                                            "creationdate",
                                                                                                                                                            "score",
                                                                                                                                                            "viewcount",
                                                                                                                                                            "owneruserid",
                                                                                                                                                            "lasteditdate",
                                                                                                                                                            "title",
                                                                                                                                                            "answercount",
                                                                                                                                                            "commentcount"
                                                                                                                                                        ],
                                                                                                                                                        "Estimated Cardinality": "3850116"
                                                                                                                                                    },
                                                                                                                                                    "cumulative_cardinality": 3685416,
                                                                                                                                                    "operator_type": "TABLE_SCAN",
                                                                                                                                                    "operator_cardinality": 3685416,
                                                                                                                                                    "cumulative_rows_scanned": 3850116,
                                                                                                                                                    "operator_rows_scanned": 3850116,
                                                                                                                                                    "operator_timing": 0.721256486999999,
                                                                                                                                                    "result_set_size": 206383296,
                                                                                                                                                    "children": []
                                                                                                                                                },
                                                                                                                                                {
                                                                                                                                                    "operator_name": "READ_PARQUET ",
                                                                                                                                                    "cpu_time": 0.09306243199999997,
                                                                                                                                                    "extra_info": {
                                                                                                                                                        "Function": "READ_PARQUET",
                                                                                                                                                        "Projections": [
                                                                                                                                                            "id",
                                                                                                                                                            "reputation",
                                                                                                                                                            "displayname"
                                                                                                                                                        ],
                                                                                                                                                        "Filters": "id<=1416539",
                                                                                                                                                        "Estimated Cardinality": "1260710"
                                                                                                                                                    },
                                                                                                                                                    "cumulative_cardinality": 1260679,
                                                                                                                                                    "operator_type": "TABLE_SCAN",
                                                                                                                                                    "operator_cardinality": 1260679,
                                                                                                                                                    "cumulative_rows_scanned": 1260710,
                                                                                                                                                    "operator_rows_scanned": 1260710,
                                                                                                                                                    "operator_timing": 0.09306243199999997,
                                                                                                                                                    "result_set_size": 30256296,
                                                                                                                                                    "children": []
                                                                                                                                                }
                                                                                                                                            ]
                                                                                                                                        }
                                                                                                                                    ]
                                                                                                                                }
                                                                                                                            ]
                                                                                                                        }
                                                                                                                    ]
                                                                                                                }
                                                                                                            ]
                                                                                                        }
                                                                                                    ]
                                                                                                }
                                                                                            ]
                                                                                        }
                                                                                    ]
                                                                                }
                                                                            ]
                                                                        }
                                                                    ]
                                                                }
                                                            ]
                                                        }
                                                    ]
                                                }
                                            ]
                                        }
                                    ]
                                }
                            ]
                        }
                    ]
                }
            ]
        }
    ]
}