{
    "rows_returned": 1,
    "query_name": "WITH PostCounts AS (\n    SELECT \n        COUNT(*) AS TotalPosts,\n        COUNT(DISTINCT OwnerUserId) AS TotalUniqueUsers\n    FROM \n        Posts\n),\nUserVoteCounts AS (\n    SELECT \n        UserId,\n        COUNT(*) AS VoteCount\n    FROM \n        Votes\n    GROUP BY \n        UserId\n),\nAvgVoteCount AS (\n    SELECT \n        AVG(VoteCount) AS AverageVotesPerUser\n    FROM \n        UserVoteCounts\n)\n\nSELECT \n    pc.TotalPosts,\n    pc.TotalUniqueUsers,\n    av.AverageVotesPerUser\nFROM \n    PostCounts pc,\n    AvgVoteCount av;",
    "blocked_thread_time": 0.0,
    "cpu_time": 0.17523672799999992,
    "extra_info": {},
    "cumulative_cardinality": 33224850,
    "cumulative_rows_scanned": 16594209,
    "result_set_size": 24,
    "latency": 0.2055443,
    "children": [
        {
            "operator_name": "CROSS_PRODUCT",
            "cpu_time": 0.17523672799999992,
            "extra_info": {},
            "cumulative_cardinality": 33224850,
            "operator_type": "CROSS_PRODUCT",
            "operator_cardinality": 1,
            "cumulative_rows_scanned": 16594209,
            "operator_rows_scanned": 0,
            "operator_timing": 0.000016902,
            "result_set_size": 24,
            "children": [
                {
                    "operator_name": "UNGROUPED_AGGREGATE",
                    "cpu_time": 0.09880573700000009,
                    "extra_info": {
                        "Aggregates": [
                            "count_star()",
                            "count(DISTINCT #0)"
                        ]
                    },
                    "cumulative_cardinality": 7700233,
                    "operator_type": "UNGROUPED_AGGREGATE",
                    "operator_cardinality": 1,
                    "cumulative_rows_scanned": 3850116,
                    "operator_rows_scanned": 0,
                    "operator_timing": 0.0755705890000001,
                    "result_set_size": 16,
                    "children": [
                        {
                            "operator_name": "PROJECTION",
                            "cpu_time": 0.02323514799999999,
                            "extra_info": {
                                "Projections": "owneruserid",
                                "Estimated Cardinality": "3850116"
                            },
                            "cumulative_cardinality": 7700232,
                            "operator_type": "PROJECTION",
                            "operator_cardinality": 3850116,
                            "cumulative_rows_scanned": 3850116,
                            "operator_rows_scanned": 0,
                            "operator_timing": 0.00022444199999999872,
                            "result_set_size": 15400464,
                            "children": [
                                {
                                    "operator_name": "READ_PARQUET ",
                                    "cpu_time": 0.023010705999999992,
                                    "extra_info": {
                                        "Function": "READ_PARQUET",
                                        "Projections": "owneruserid",
                                        "Estimated Cardinality": "3850116"
                                    },
                                    "cumulative_cardinality": 3850116,
                                    "operator_type": "TABLE_SCAN",
                                    "operator_cardinality": 3850116,
                                    "cumulative_rows_scanned": 3850116,
                                    "operator_rows_scanned": 3850116,
                                    "operator_timing": 0.023010705999999992,
                                    "result_set_size": 15400464,
                                    "children": []
                                }
                            ]
                        }
                    ]
                },
                {
                    "operator_name": "UNGROUPED_AGGREGATE",
                    "cpu_time": 0.07641408899999984,
                    "extra_info": {
                        "Aggregates": "avg(#0)"
                    },
                    "cumulative_cardinality": 25524616,
                    "operator_type": "UNGROUPED_AGGREGATE",
                    "operator_cardinality": 1,
                    "cumulative_rows_scanned": 12744093,
                    "operator_rows_scanned": 0,
                    "operator_timing": 0.000014998000000000001,
                    "result_set_size": 8,
                    "children": [
                        {
                            "operator_name": "PROJECTION",
                            "cpu_time": 0.07639909099999984,
                            "extra_info": {
                                "Projections": "VoteCount",
                                "Estimated Cardinality": "6372046"
                            },
                            "cumulative_cardinality": 25524615,
                            "operator_type": "PROJECTION",
                            "operator_cardinality": 12143,
                            "cumulative_rows_scanned": 12744093,
                            "operator_rows_scanned": 0,
                            "operator_timing": 4.71e-7,
                            "result_set_size": 97144,
                            "children": [
                                {
                                    "operator_name": "PROJECTION",
                                    "cpu_time": 0.07639861999999983,
                                    "extra_info": {
                                        "Projections": "VoteCount",
                                        "Estimated Cardinality": "6372046"
                                    },
                                    "cumulative_cardinality": 25512472,
                                    "operator_type": "PROJECTION",
                                    "operator_cardinality": 12143,
                                    "cumulative_rows_scanned": 12744093,
                                    "operator_rows_scanned": 0,
                                    "operator_timing": 7.919999999999999e-7,
                                    "result_set_size": 97144,
                                    "children": [
                                        {
                                            "operator_name": "HASH_GROUP_BY",
                                            "cpu_time": 0.07639782799999983,
                                            "extra_info": {
                                                "Groups": "#0",
                                                "Aggregates": "count_star()",
                                                "Estimated Cardinality": "6372046"
                                            },
                                            "cumulative_cardinality": 25500329,
                                            "operator_type": "HASH_GROUP_BY",
                                            "operator_cardinality": 12143,
                                            "cumulative_rows_scanned": 12744093,
                                            "operator_rows_scanned": 0,
                                            "operator_timing": 0.053612281999999886,
                                            "result_set_size": 145716,
                                            "children": [
                                                {
                                                    "operator_name": "PROJECTION",
                                                    "cpu_time": 0.02278554599999995,
                                                    "extra_info": {
                                                        "Projections": "userid",
                                                        "Estimated Cardinality": "12744093"
                                                    },
                                                    "cumulative_cardinality": 25488186,
                                                    "operator_type": "PROJECTION",
                                                    "operator_cardinality": 12744093,
                                                    "cumulative_rows_scanned": 12744093,
                                                    "operator_rows_scanned": 0,
                                                    "operator_timing": 0.0005104870000000291,
                                                    "result_set_size": 50976372,
                                                    "children": [
                                                        {
                                                            "operator_name": "READ_PARQUET ",
                                                            "cpu_time": 0.022275058999999924,
                                                            "extra_info": {
                                                                "Function": "READ_PARQUET",
                                                                "Projections": "userid",
                                                                "Estimated Cardinality": "12744093"
                                                            },
                                                            "cumulative_cardinality": 12744093,
                                                            "operator_type": "TABLE_SCAN",
                                                            "operator_cardinality": 12744093,
                                                            "cumulative_rows_scanned": 12744093,
                                                            "operator_rows_scanned": 12744093,
                                                            "operator_timing": 0.022275058999999924,
                                                            "result_set_size": 50976372,
                                                            "children": []
                                                        }
                                                    ]
                                                }
                                            ]
                                        }
                                    ]
                                }
                            ]
                        }
                    ]
                }
            ]
        }
    ]
}