{
    "rows_returned": 2601417,
    "query_name": "WITH PostStats AS (\n    SELECT \n        p.PostTypeId, \n        COUNT(*) AS TotalPosts, \n        SUM(CASE WHEN p.Score > 0 THEN 1 ELSE 0 END) AS PositiveScoredPosts, \n        SUM(CASE WHEN p.Score < 0 THEN 1 ELSE 0 END) AS NegativeScoredPosts, \n        AVG(p.ViewCount) AS AverageViews, \n        AVG(p.AnswerCount) AS AverageAnswers,\n        MAX(p.CreationDate) AS LatestPostDate\n    FROM \n        Posts p\n    GROUP BY \n        p.PostTypeId\n),\nUserStats AS (\n    SELECT \n        u.Id AS UserId,\n        COUNT(DISTINCT p.Id) AS TotalPostsByUser,\n        SUM(p.Score) AS TotalScoreByUser,\n        AVG(u.Reputation) AS AverageReputation\n    FROM \n        Users u\n    LEFT JOIN \n        Posts p ON u.Id = p.OwnerUserId\n    GROUP BY \n        u.Id\n)\nSELECT \n    pt.Name AS PostTypeName,\n    ps.TotalPosts, \n    ps.PositiveScoredPosts, \n    ps.NegativeScoredPosts, \n    ps.AverageViews,\n    ps.AverageAnswers,\n    ps.LatestPostDate,\n    us.UserId,\n    us.TotalPostsByUser,\n    us.TotalScoreByUser,\n    us.AverageReputation\nFROM \n    PostStats ps\nJOIN \n    PostTypes pt ON ps.PostTypeId = pt.Id\nLEFT JOIN \n    UserStats us ON us.TotalPostsByUser > 0\nORDER BY \n    ps.TotalPosts DESC;",
    "blocked_thread_time": 0.0,
    "cpu_time": 1.7839394610000023,
    "extra_info": {},
    "cumulative_cardinality": 35082084,
    "cumulative_rows_scanned": 8960950,
    "result_set_size": 301764372,
    "latency": 8.39091726,
    "children": [
        {
            "operator_name": "ORDER_BY",
            "cpu_time": 1.7839394610000023,
            "extra_info": {
                "Order By": "ps.TotalPosts DESC"
            },
            "cumulative_cardinality": 35082084,
            "operator_type": "ORDER_BY",
            "operator_cardinality": 2601417,
            "cumulative_rows_scanned": 8960950,
            "operator_rows_scanned": 0,
            "operator_timing": 0.2880553549999998,
            "result_set_size": 301764372,
            "children": [
                {
                    "operator_name": "PROJECTION",
                    "cpu_time": 1.4958841060000025,
                    "extra_info": {
                        "Projections": [
                            "PostTypeName",
                            "TotalPosts",
                            "PositiveScoredPosts",
                            "NegativeScoredPosts",
                            "AverageViews",
                            "AverageAnswers",
                            "LatestPostDate",
                            "UserId",
                            "TotalPostsByUser",
                            "TotalScoreByUser",
                            "AverageReputation"
                        ],
                        "Estimated Cardinality": "1925058"
                    },
                    "cumulative_cardinality": 32480667,
                    "operator_type": "PROJECTION",
                    "operator_cardinality": 2601417,
                    "cumulative_rows_scanned": 8960950,
                    "operator_rows_scanned": 0,
                    "operator_timing": 0.0006842939999999994,
                    "result_set_size": 301764372,
                    "children": [
                        {
                            "operator_name": "BLOCKWISE_NL_JOIN",
                            "cpu_time": 1.4951998120000025,
                            "extra_info": {
                                "Join Type": "LEFT",
                                "Condition": "true"
                            },
                            "cumulative_cardinality": 29879250,
                            "operator_type": "BLOCKWISE_NL_JOIN",
                            "operator_cardinality": 2601417,
                            "cumulative_rows_scanned": 8960950,
                            "operator_rows_scanned": 0,
                            "operator_timing": 0.016983420000000016,
                            "result_set_size": 301764372,
                            "children": [
                                {
                                    "operator_name": "HASH_JOIN",
                                    "cpu_time": 0.22972824500000003,
                                    "extra_info": {
                                        "Join Type": "INNER",
                                        "Conditions": "posttypeid = id",
                                        "Estimated Cardinality": "1925058"
                                    },
                                    "cumulative_cardinality": 11550376,
                                    "operator_type": "HASH_JOIN",
                                    "operator_cardinality": 7,
                                    "cumulative_rows_scanned": 3850124,
                                    "operator_rows_scanned": 0,
                                    "operator_timing": 0.000096009,
                                    "result_set_size": 560,
                                    "children": [
                                        {
                                            "operator_name": "PROJECTION",
                                            "cpu_time": 0.22928220200000002,
                                            "extra_info": {
                                                "Projections": [
                                                    "__internal_decompress_integral_smallint(#0, 1)",
                                                    "#1",
                                                    "#2",
                                                    "#3",
                                                    "#4",
                                                    "#5",
                                                    "#6"
                                                ],
                                                "Estimated Cardinality": "1925058"
                                            },
                                            "cumulative_cardinality": 11550362,
                                            "operator_type": "PROJECTION",
                                            "operator_cardinality": 7,
                                            "cumulative_rows_scanned": 3850116,
                                            "operator_rows_scanned": 0,
                                            "operator_timing": 0.000001593,
                                            "result_set_size": 462,
                                            "children": [
                                                {
                                                    "operator_name": "PERFECT_HASH_GROUP_BY",
                                                    "cpu_time": 0.22928060900000002,
                                                    "extra_info": {
                                                        "Groups": "#0",
                                                        "Aggregates": [
                                                            "count_star()",
                                                            "sum(#1)",
                                                            "sum(#2)",
                                                            "avg(#3)",
                                                            "avg(#4)",
                                                            "max(#5)"
                                                        ]
                                                    },
                                                    "cumulative_cardinality": 11550355,
                                                    "operator_type": "PERFECT_HASH_GROUP_BY",
                                                    "operator_cardinality": 7,
                                                    "cumulative_rows_scanned": 3850116,
                                                    "operator_rows_scanned": 0,
                                                    "operator_timing": 0.06571001000000005,
                                                    "result_set_size": 455,
                                                    "children": [
                                                        {
                                                            "operator_name": "PROJECTION",
                                                            "cpu_time": 0.16357059899999996,
                                                            "extra_info": {
                                                                "Projections": [
                                                                    "posttypeid",
                                                                    "CASE  WHEN ((score > 0)) THEN (1) ELSE 0 END",
                                                                    "CASE  WHEN ((score < 0)) THEN (1) ELSE 0 END",
                                                                    "viewcount",
                                                                    "answercount",
                                                                    "creationdate"
                                                                ],
                                                                "Estimated Cardinality": "3850116"
                                                            },
                                                            "cumulative_cardinality": 11550348,
                                                            "operator_type": "PROJECTION",
                                                            "operator_cardinality": 3850116,
                                                            "cumulative_rows_scanned": 3850116,
                                                            "operator_rows_scanned": 0,
                                                            "operator_timing": 0.030692332999999985,
                                                            "result_set_size": 96252900,
                                                            "children": [
                                                                {
                                                                    "operator_name": "PROJECTION",
                                                                    "cpu_time": 0.13287826599999997,
                                                                    "extra_info": {
                                                                        "Projections": [
                                                                            "__internal_compress_integral_utinyint(#0, 1)",
                                                                            "#1",
                                                                            "#2",
                                                                            "#3",
                                                                            "#4"
                                                                        ],
                                                                        "Estimated Cardinality": "3850116"
                                                                    },
                                                                    "cumulative_cardinality": 7700232,
                                                                    "operator_type": "PROJECTION",
                                                                    "operator_cardinality": 3850116,
                                                                    "cumulative_rows_scanned": 3850116,
                                                                    "operator_rows_scanned": 0,
                                                                    "operator_timing": 0.0010818559999999956,
                                                                    "result_set_size": 80852436,
                                                                    "children": [
                                                                        {
                                                                            "operator_name": "READ_PARQUET ",
                                                                            "cpu_time": 0.13179640999999997,
                                                                            "extra_info": {
                                                                                "Function": "READ_PARQUET",
                                                                                "Projections": [
                                                                                    "posttypeid",
                                                                                    "creationdate",
                                                                                    "score",
                                                                                    "viewcount",
                                                                                    "answercount"
                                                                                ],
                                                                                "Estimated Cardinality": "3850116"
                                                                            },
                                                                            "cumulative_cardinality": 3850116,
                                                                            "operator_type": "TABLE_SCAN",
                                                                            "operator_cardinality": 3850116,
                                                                            "cumulative_rows_scanned": 3850116,
                                                                            "operator_rows_scanned": 3850116,
                                                                            "operator_timing": 0.13179640999999997,
                                                                            "result_set_size": 84702552,
                                                                            "children": []
                                                                        }
                                                                    ]
                                                                }
                                                            ]
                                                        }
                                                    ]
                                                }
                                            ]
                                        },
                                        {
                                            "operator_name": "READ_PARQUET ",
                                            "cpu_time": 0.000350034,
                                            "extra_info": {
                                                "Function": "READ_PARQUET",
                                                "Projections": [
                                                    "id",
                                                    "name"
                                                ],
                                                "Filters": "id<=7",
                                                "Estimated Cardinality": "8"
                                            },
                                            "cumulative_cardinality": 7,
                                            "operator_type": "TABLE_SCAN",
                                            "operator_cardinality": 7,
                                            "cumulative_rows_scanned": 8,
                                            "operator_rows_scanned": 8,
                                            "operator_timing": 0.000350034,
                                            "result_set_size": 126,
                                            "children": []
                                        }
                                    ]
                                },
                                {
                                    "operator_name": "FILTER",
                                    "cpu_time": 1.2484881470000024,
                                    "extra_info": {
                                        "Expression": "(TotalPostsByUser > 0)",
                                        "Estimated Cardinality": "252142"
                                    },
                                    "cumulative_cardinality": 15727457,
                                    "operator_type": "FILTER",
                                    "operator_cardinality": 371631,
                                    "cumulative_rows_scanned": 5110826,
                                    "operator_rows_scanned": 0,
                                    "operator_timing": 0.0016763929999999982,
                                    "result_set_size": 13378716,
                                    "children": [
                                        {
                                            "operator_name": "HASH_GROUP_BY",
                                            "cpu_time": 1.2468117540000025,
                                            "extra_info": {
                                                "Groups": "#0",
                                                "Aggregates": [
                                                    "count(DISTINCT #1)",
                                                    "sum(#2)",
                                                    "avg(#3)"
                                                ],
                                                "Estimated Cardinality": "1260710"
                                            },
                                            "cumulative_cardinality": 15355826,
                                            "operator_type": "HASH_GROUP_BY",
                                            "operator_cardinality": 1260710,
                                            "cumulative_rows_scanned": 5110826,
                                            "operator_rows_scanned": 0,
                                            "operator_timing": 0.8742152070000014,
                                            "result_set_size": 45385560,
                                            "children": [
                                                {
                                                    "operator_name": "PROJECTION",
                                                    "cpu_time": 0.37259654700000105,
                                                    "extra_info": {
                                                        "Projections": [
                                                            "id",
                                                            "id",
                                                            "score",
                                                            "reputation"
                                                        ],
                                                        "Estimated Cardinality": "3850116"
                                                    },
                                                    "cumulative_cardinality": 14095116,
                                                    "operator_type": "PROJECTION",
                                                    "operator_cardinality": 4574495,
                                                    "cumulative_rows_scanned": 5110826,
                                                    "operator_rows_scanned": 0,
                                                    "operator_timing": 0.0008164179999999984,
                                                    "result_set_size": 73191920,
                                                    "children": [
                                                        {
                                                            "operator_name": "HASH_JOIN",
                                                            "cpu_time": 0.37178012900000107,
                                                            "extra_info": {
                                                                "Join Type": "RIGHT",
                                                                "Conditions": "owneruserid = id",
                                                                "Estimated Cardinality": "3850116"
                                                            },
                                                            "cumulative_cardinality": 9520621,
                                                            "operator_type": "HASH_JOIN",
                                                            "operator_cardinality": 4574495,
                                                            "cumulative_rows_scanned": 5110826,
                                                            "operator_rows_scanned": 0,
                                                            "operator_timing": 0.23712144100000107,
                                                            "result_set_size": 73191920,
                                                            "children": [
                                                                {
                                                                    "operator_name": "READ_PARQUET ",
                                                                    "cpu_time": 0.120230038,
                                                                    "extra_info": {
                                                                        "Function": "READ_PARQUET",
                                                                        "Projections": [
                                                                            "id",
                                                                            "score",
                                                                            "owneruserid"
                                                                        ],
                                                                        "Estimated Cardinality": "3850116"
                                                                    },
                                                                    "cumulative_cardinality": 3685416,
                                                                    "operator_type": "TABLE_SCAN",
                                                                    "operator_cardinality": 3685416,
                                                                    "cumulative_rows_scanned": 3850116,
                                                                    "operator_rows_scanned": 3850116,
                                                                    "operator_timing": 0.120230038,
                                                                    "result_set_size": 44224992,
                                                                    "children": []
                                                                },
                                                                {
                                                                    "operator_name": "READ_PARQUET ",
                                                                    "cpu_time": 0.014428650000000005,
                                                                    "extra_info": {
                                                                        "Function": "READ_PARQUET",
                                                                        "Projections": [
                                                                            "id",
                                                                            "reputation"
                                                                        ],
                                                                        "Estimated Cardinality": "1260710"
                                                                    },
                                                                    "cumulative_cardinality": 1260710,
                                                                    "operator_type": "TABLE_SCAN",
                                                                    "operator_cardinality": 1260710,
                                                                    "cumulative_rows_scanned": 1260710,
                                                                    "operator_rows_scanned": 1260710,
                                                                    "operator_timing": 0.014428650000000005,
                                                                    "result_set_size": 10085680,
                                                                    "children": []
                                                                }
                                                            ]
                                                        }
                                                    ]
                                                }
                                            ]
                                        }
                                    ]
                                }
                            ]
                        }
                    ]
                }
            ]
        }
    ]
}