{
    "rows_returned": 100,
    "query_name": "\nSELECT \n    p.Id AS PostId,\n    p.Title,\n    p.CreationDate,\n    p.ViewCount,\n    p.Score,\n    u.DisplayName AS OwnerDisplayName,\n    COUNT(c.Id) AS CommentCount,\n    COUNT(v.Id) AS VoteCount,\n    (SELECT COUNT(*) FROM PostHistory ph WHERE ph.PostId = p.Id) AS RevisionCount\nFROM \n    Posts p\nJOIN \n    Users u ON p.OwnerUserId = u.Id\nLEFT JOIN \n    Comments c ON p.Id = c.PostId\nLEFT JOIN \n    Votes v ON p.Id = v.PostId\nWHERE \n    p.CreationDate >= DATE '2023-01-01'\nGROUP BY \n    p.Id, p.Title, p.CreationDate, p.ViewCount, p.Score, u.DisplayName\nORDER BY \n    p.CreationDate DESC\nLIMIT 100;\n",
    "blocked_thread_time": 0.0,
    "cpu_time": 1.4125555390000004,
    "extra_info": {},
    "cumulative_cardinality": 27087984,
    "cumulative_rows_scanned": 36891985,
    "result_set_size": 7600,
    "latency": 1.58371835,
    "children": [
        {
            "operator_name": "STREAMING_LIMIT",
            "cpu_time": 1.4125555390000004,
            "extra_info": {},
            "cumulative_cardinality": 27087984,
            "operator_type": "STREAMING_LIMIT",
            "operator_cardinality": 100,
            "cumulative_rows_scanned": 36891985,
            "operator_rows_scanned": 0,
            "operator_timing": 0.000002114,
            "result_set_size": 7600,
            "children": [
                {
                    "operator_name": "PROJECTION",
                    "cpu_time": 1.4125534250000005,
                    "extra_info": {
                        "Projections": [
                            "#0",
                            "#1",
                            "#2",
                            "#3",
                            "__internal_decompress_integral_integer(#4, -72)",
                            "#5",
                            "#6",
                            "#7",
                            "#8"
                        ],
                        "Estimated Cardinality": "3850116"
                    },
                    "cumulative_cardinality": 27087884,
                    "operator_type": "PROJECTION",
                    "operator_cardinality": 4096,
                    "cumulative_rows_scanned": 36891985,
                    "operator_rows_scanned": 0,
                    "operator_timing": 0.000008205,
                    "result_set_size": 311296,
                    "children": [
                        {
                            "operator_name": "ORDER_BY",
                            "cpu_time": 1.4125452200000004,
                            "extra_info": {
                                "Order By": "p.CreationDate DESC"
                            },
                            "cumulative_cardinality": 27083788,
                            "operator_type": "ORDER_BY",
                            "operator_cardinality": 4096,
                            "cumulative_rows_scanned": 36891985,
                            "operator_rows_scanned": 0,
                            "operator_timing": 0.016912789000000008,
                            "result_set_size": 303104,
                            "children": [
                                {
                                    "operator_name": "PROJECTION",
                                    "cpu_time": 1.3956324310000003,
                                    "extra_info": {
                                        "Projections": [
                                            "#0",
                                            "#1",
                                            "#2",
                                            "#3",
                                            "__internal_compress_integral_usmallint(#4, -72)",
                                            "#5",
                                            "#6",
                                            "#7",
                                            "#8"
                                        ],
                                        "Estimated Cardinality": "3850116"
                                    },
                                    "cumulative_cardinality": 27079692,
                                    "operator_type": "PROJECTION",
                                    "operator_cardinality": 261413,
                                    "cumulative_rows_scanned": 36891985,
                                    "operator_rows_scanned": 0,
                                    "operator_timing": 0.00023542099999999998,
                                    "result_set_size": 19344562,
                                    "children": [
                                        {
                                            "operator_name": "LEFT_DELIM_JOIN",
                                            "cpu_time": 1.3953970100000004,
                                            "extra_info": {
                                                "Join Type": "SINGLE",
                                                "Conditions": "id IS NOT DISTINCT FROM id",
                                                "Estimated Cardinality": "3850116",
                                                "Delim Index": "1"
                                            },
                                            "cumulative_cardinality": 26818279,
                                            "operator_type": "LEFT_DELIM_JOIN",
                                            "operator_cardinality": 0,
                                            "cumulative_rows_scanned": 36891985,
                                            "operator_rows_scanned": 0,
                                            "operator_timing": 0.021676359999999995,
                                            "result_set_size": 0,
                                            "children": [
                                                {
                                                    "operator_name": "PROJECTION",
                                                    "cpu_time": 1.2864194780000002,
                                                    "extra_info": {
                                                        "Projections": [
                                                            "#0",
                                                            "#1",
                                                            "#2",
                                                            "#3",
                                                            "__internal_decompress_integral_integer(#4, -72)",
                                                            "#5",
                                                            "#6",
                                                            "#7"
                                                        ],
                                                        "Estimated Cardinality": "3850116"
                                                    },
                                                    "cumulative_cardinality": 21476994,
                                                    "operator_type": "PROJECTION",
                                                    "operator_cardinality": 261413,
                                                    "cumulative_rows_scanned": 25096741,
                                                    "operator_rows_scanned": 0,
                                                    "operator_timing": 0.00014032499999999998,
                                                    "result_set_size": 17776084,
                                                    "children": [
                                                        {
                                                            "operator_name": "HASH_GROUP_BY",
                                                            "cpu_time": 1.2862791530000002,
                                                            "extra_info": {
                                                                "Groups": [
                                                                    "#0",
                                                                    "#1",
                                                                    "#2",
                                                                    "#3",
                                                                    "#4",
                                                                    "#5"
                                                                ],
                                                                "Aggregates": [
                                                                    "count(#6)",
                                                                    "count(#7)"
                                                                ],
                                                                "Estimated Cardinality": "3850116"
                                                            },
                                                            "cumulative_cardinality": 21215581,
                                                            "operator_type": "HASH_GROUP_BY",
                                                            "operator_cardinality": 261413,
                                                            "cumulative_rows_scanned": 25096741,
                                                            "operator_rows_scanned": 0,
                                                            "operator_timing": 0.2045763660000002,
                                                            "result_set_size": 17253258,
                                                            "children": [
                                                                {
                                                                    "operator_name": "PROJECTION",
                                                                    "cpu_time": 1.081702787,
                                                                    "extra_info": {
                                                                        "Projections": [
                                                                            "id",
                                                                            "title",
                                                                            "creationdate",
                                                                            "viewcount",
                                                                            "score",
                                                                            "displayname",
                                                                            "id",
                                                                            "id"
                                                                        ],
                                                                        "Estimated Cardinality": "12744093"
                                                                    },
                                                                    "cumulative_cardinality": 20954168,
                                                                    "operator_type": "PROJECTION",
                                                                    "operator_cardinality": 1744678,
                                                                    "cumulative_rows_scanned": 25096741,
                                                                    "operator_rows_scanned": 0,
                                                                    "operator_timing": 0.0005749539999999992,
                                                                    "result_set_size": 101191324,
                                                                    "children": [
                                                                        {
                                                                            "operator_name": "PROJECTION",
                                                                            "cpu_time": 1.081127833,
                                                                            "extra_info": {
                                                                                "Projections": [
                                                                                    "#0",
                                                                                    "#1",
                                                                                    "#2",
                                                                                    "#3",
                                                                                    "__internal_compress_integral_usmallint(#4, -72)",
                                                                                    "#5",
                                                                                    "#6",
                                                                                    "#7"
                                                                                ],
                                                                                "Estimated Cardinality": "12744093"
                                                                            },
                                                                            "cumulative_cardinality": 19209490,
                                                                            "operator_type": "PROJECTION",
                                                                            "operator_cardinality": 1744678,
                                                                            "cumulative_rows_scanned": 25096741,
                                                                            "operator_rows_scanned": 0,
                                                                            "operator_timing": 0.007023306000000006,
                                                                            "result_set_size": 101191324,
                                                                            "children": [
                                                                                {
                                                                                    "operator_name": "HASH_JOIN",
                                                                                    "cpu_time": 1.074104527,
                                                                                    "extra_info": {
                                                                                        "Join Type": "LEFT",
                                                                                        "Conditions": "id = postid",
                                                                                        "Estimated Cardinality": "12744093"
                                                                                    },
                                                                                    "cumulative_cardinality": 17464812,
                                                                                    "operator_type": "HASH_JOIN",
                                                                                    "operator_cardinality": 1744678,
                                                                                    "cumulative_rows_scanned": 25096741,
                                                                                    "operator_rows_scanned": 0,
                                                                                    "operator_timing": 0.6089958280000003,
                                                                                    "result_set_size": 104680680,
                                                                                    "children": [
                                                                                        {
                                                                                            "operator_name": "HASH_JOIN",
                                                                                            "cpu_time": 0.3196481440000001,
                                                                                            "extra_info": {
                                                                                                "Join Type": "RIGHT",
                                                                                                "Conditions": "postid = id",
                                                                                                "Estimated Cardinality": "7241822"
                                                                                            },
                                                                                            "cumulative_cardinality": 2976041,
                                                                                            "operator_type": "HASH_JOIN",
                                                                                            "operator_cardinality": 643779,
                                                                                            "cumulative_rows_scanned": 12352648,
                                                                                            "operator_rows_scanned": 0,
                                                                                            "operator_timing": 0.07437327699999999,
                                                                                            "result_set_size": 36051624,
                                                                                            "children": [
                                                                                                {
                                                                                                    "operator_name": "READ_PARQUET ",
                                                                                                    "cpu_time": 0.016330754000000017,
                                                                                                    "extra_info": {
                                                                                                        "Function": "READ_PARQUET",
                                                                                                        "Projections": [
                                                                                                            "id",
                                                                                                            "postid"
                                                                                                        ],
                                                                                                        "Estimated Cardinality": "7241822"
                                                                                                    },
                                                                                                    "cumulative_cardinality": 544915,
                                                                                                    "operator_type": "TABLE_SCAN",
                                                                                                    "operator_cardinality": 544915,
                                                                                                    "cumulative_rows_scanned": 7241822,
                                                                                                    "operator_rows_scanned": 7241822,
                                                                                                    "operator_timing": 0.016330754000000017,
                                                                                                    "result_set_size": 4359320,
                                                                                                    "children": []
                                                                                                },
                                                                                                {
                                                                                                    "operator_name": "HASH_JOIN",
                                                                                                    "cpu_time": 0.22894411300000006,
                                                                                                    "extra_info": {
                                                                                                        "Join Type": "INNER",
                                                                                                        "Conditions": "id = owneruserid",
                                                                                                        "Estimated Cardinality": "770023"
                                                                                                    },
                                                                                                    "cumulative_cardinality": 1787347,
                                                                                                    "operator_type": "HASH_JOIN",
                                                                                                    "operator_cardinality": 261413,
                                                                                                    "cumulative_rows_scanned": 5110826,
                                                                                                    "operator_rows_scanned": 0,
                                                                                                    "operator_timing": 0.05760006200000005,
                                                                                                    "result_set_size": 13593476,
                                                                                                    "children": [
                                                                                                        {
                                                                                                            "operator_name": "READ_PARQUET ",
                                                                                                            "cpu_time": 0.09320854499999996,
                                                                                                            "extra_info": {
                                                                                                                "Function": "READ_PARQUET",
                                                                                                                "Projections": [
                                                                                                                    "id",
                                                                                                                    "displayname"
                                                                                                                ],
                                                                                                                "Filters": "id<=1416539",
                                                                                                                "Estimated Cardinality": "1260710"
                                                                                                            },
                                                                                                            "cumulative_cardinality": 1260679,
                                                                                                            "operator_type": "TABLE_SCAN",
                                                                                                            "operator_cardinality": 1260679,
                                                                                                            "cumulative_rows_scanned": 1260710,
                                                                                                            "operator_rows_scanned": 1260710,
                                                                                                            "operator_timing": 0.09320854499999996,
                                                                                                            "result_set_size": 25213580,
                                                                                                            "children": []
                                                                                                        },
                                                                                                        {
                                                                                                            "operator_name": "READ_PARQUET ",
                                                                                                            "cpu_time": 0.07813550600000006,
                                                                                                            "extra_info": {
                                                                                                                "Function": "READ_PARQUET",
                                                                                                                "Projections": [
                                                                                                                    "id",
                                                                                                                    "creationdate",
                                                                                                                    "score",
                                                                                                                    "viewcount",
                                                                                                                    "owneruserid",
                                                                                                                    "title"
                                                                                                                ],
                                                                                                                "Filters": "creationdate>='2023-01-01 00:00:00'::TIMESTAMP",
                                                                                                                "Estimated Cardinality": "770023"
                                                                                                            },
                                                                                                            "cumulative_cardinality": 265255,
                                                                                                            "operator_type": "TABLE_SCAN",
                                                                                                            "operator_cardinality": 265255,
                                                                                                            "cumulative_rows_scanned": 3850116,
                                                                                                            "operator_rows_scanned": 3850116,
                                                                                                            "operator_timing": 0.07813550600000006,
                                                                                                            "result_set_size": 10610200,
                                                                                                            "children": []
                                                                                                        }
                                                                                                    ]
                                                                                                }
                                                                                            ]
                                                                                        },
                                                                                        {
                                                                                            "operator_name": "READ_PARQUET ",
                                                                                            "cpu_time": 0.14546055499999969,
                                                                                            "extra_info": {
                                                                                                "Function": "READ_PARQUET",
                                                                                                "Projections": [
                                                                                                    "id",
                                                                                                    "postid"
                                                                                                ],
                                                                                                "Estimated Cardinality": "12744093"
                                                                                            },
                                                                                            "cumulative_cardinality": 12744093,
                                                                                            "operator_type": "TABLE_SCAN",
                                                                                            "operator_cardinality": 12744093,
                                                                                            "cumulative_rows_scanned": 12744093,
                                                                                            "operator_rows_scanned": 12744093,
                                                                                            "operator_timing": 0.14546055499999969,
                                                                                            "result_set_size": 101952744,
                                                                                            "children": []
                                                                                        }
                                                                                    ]
                                                                                }
                                                                            ]
                                                                        }
                                                                    ]
                                                                }
                                                            ]
                                                        }
                                                    ]
                                                },
                                                {
                                                    "operator_name": "HASH_JOIN",
                                                    "cpu_time": 0.08584480299999998,
                                                    "extra_info": {
                                                        "Join Type": "SINGLE",
                                                        "Conditions": "id IS NOT DISTINCT FROM id",
                                                        "Estimated Cardinality": "3850116"
                                                    },
                                                    "cumulative_cardinality": 4818459,
                                                    "operator_type": "HASH_JOIN",
                                                    "operator_cardinality": 261413,
                                                    "cumulative_rows_scanned": 11795244,
                                                    "operator_rows_scanned": 0,
                                                    "operator_timing": 0.019879084999999994,
                                                    "result_set_size": 19867388,
                                                    "children": [
                                                        {
                                                            "operator_name": "COLUMN_DATA_SCAN",
                                                            "cpu_time": 0.002588768000000001,
                                                            "extra_info": {
                                                                "Estimated Cardinality": "3850116"
                                                            },
                                                            "cumulative_cardinality": 261413,
                                                            "operator_type": "COLUMN_DATA_SCAN",
                                                            "operator_cardinality": 261413,
                                                            "cumulative_rows_scanned": 0,
                                                            "operator_rows_scanned": 0,
                                                            "operator_timing": 0.002588768000000001,
                                                            "result_set_size": 17776084,
                                                            "children": []
                                                        },
                                                        {
                                                            "operator_name": "PROJECTION",
                                                            "cpu_time": 0.06337694999999999,
                                                            "extra_info": {
                                                                "Projections": [
                                                                    "CASE  WHEN ((count_star() IS NULL)) THEN (0) ELSE count_star() END",
                                                                    "id"
                                                                ],
                                                                "Estimated Cardinality": "2948811"
                                                            },
                                                            "cumulative_cardinality": 4295633,
                                                            "operator_type": "PROJECTION",
                                                            "operator_cardinality": 261413,
                                                            "cumulative_rows_scanned": 11795244,
                                                            "operator_rows_scanned": 0,
                                                            "operator_timing": 0.00046902700000000006,
                                                            "result_set_size": 3136956,
                                                            "children": [
                                                                {
                                                                    "operator_name": "HASH_JOIN",
                                                                    "cpu_time": 0.06290792299999999,
                                                                    "extra_info": {
                                                                        "Join Type": "RIGHT",
                                                                        "Conditions": "#0 IS NOT DISTINCT FROM id",
                                                                        "Estimated Cardinality": "2948811"
                                                                    },
                                                                    "cumulative_cardinality": 4034220,
                                                                    "operator_type": "HASH_JOIN",
                                                                    "operator_cardinality": 261413,
                                                                    "cumulative_rows_scanned": 11795244,
                                                                    "operator_rows_scanned": 0,
                                                                    "operator_timing": 0.015927399999999998,
                                                                    "result_set_size": 3136956,
                                                                    "children": [
                                                                        {
                                                                            "operator_name": "HASH_GROUP_BY",
                                                                            "cpu_time": 0.046980522999999996,
                                                                            "extra_info": {
                                                                                "Groups": "#0",
                                                                                "Aggregates": "count_star()",
                                                                                "Estimated Cardinality": "2948811"
                                                                            },
                                                                            "cumulative_cardinality": 3772807,
                                                                            "operator_type": "HASH_GROUP_BY",
                                                                            "operator_cardinality": 261413,
                                                                            "cumulative_rows_scanned": 11795244,
                                                                            "operator_rows_scanned": 0,
                                                                            "operator_timing": 0.02386446600000001,
                                                                            "result_set_size": 3136956,
                                                                            "children": [
                                                                                {
                                                                                    "operator_name": "PROJECTION",
                                                                                    "cpu_time": 0.02311605699999998,
                                                                                    "extra_info": {
                                                                                        "Projections": "id",
                                                                                        "Estimated Cardinality": "5897622"
                                                                                    },
                                                                                    "cumulative_cardinality": 3511394,
                                                                                    "operator_type": "PROJECTION",
                                                                                    "operator_cardinality": 873627,
                                                                                    "cumulative_rows_scanned": 11795244,
                                                                                    "operator_rows_scanned": 0,
                                                                                    "operator_timing": 0.000047854000000000074,
                                                                                    "result_set_size": 3494508,
                                                                                    "children": [
                                                                                        {
                                                                                            "operator_name": "PROJECTION",
                                                                                            "cpu_time": 0.02306820299999998,
                                                                                            "extra_info": {
                                                                                                "Projections": "id",
                                                                                                "Estimated Cardinality": "5897622"
                                                                                            },
                                                                                            "cumulative_cardinality": 2637767,
                                                                                            "operator_type": "PROJECTION",
                                                                                            "operator_cardinality": 873627,
                                                                                            "cumulative_rows_scanned": 11795244,
                                                                                            "operator_rows_scanned": 0,
                                                                                            "operator_timing": 0.00004787099999999998,
                                                                                            "result_set_size": 3494508,
                                                                                            "children": [
                                                                                                {
                                                                                                    "operator_name": "HASH_JOIN",
                                                                                                    "cpu_time": 0.02302033199999998,
                                                                                                    "extra_info": {
                                                                                                        "Join Type": "INNER",
                                                                                                        "Conditions": "postid = id",
                                                                                                        "Estimated Cardinality": "5897622"
                                                                                                    },
                                                                                                    "cumulative_cardinality": 1764140,
                                                                                                    "operator_type": "HASH_JOIN",
                                                                                                    "operator_cardinality": 873627,
                                                                                                    "cumulative_rows_scanned": 11795244,
                                                                                                    "operator_rows_scanned": 0,
                                                                                                    "operator_timing": 0.006472558000000001,
                                                                                                    "result_set_size": 6989016,
                                                                                                    "children": [
                                                                                                        {
                                                                                                            "operator_name": "READ_PARQUET ",
                                                                                                            "cpu_time": 0.01654777399999998,
                                                                                                            "extra_info": {
                                                                                                                "Function": "READ_PARQUET",
                                                                                                                "Projections": "postid",
                                                                                                                "Estimated Cardinality": "11795244"
                                                                                                            },
                                                                                                            "cumulative_cardinality": 890513,
                                                                                                            "operator_type": "TABLE_SCAN",
                                                                                                            "operator_cardinality": 890513,
                                                                                                            "cumulative_rows_scanned": 11795244,
                                                                                                            "operator_rows_scanned": 11795244,
                                                                                                            "operator_timing": 0.01654777399999998,
                                                                                                            "result_set_size": 3562052,
                                                                                                            "children": []
                                                                                                        },
                                                                                                        {
                                                                                                            "operator_name": "DELIM_SCAN",
                                                                                                            "cpu_time": 0.0,
                                                                                                            "extra_info": {
                                                                                                                "Delim Index": "1",
                                                                                                                "Estimated Cardinality": "1925058"
                                                                                                            },
                                                                                                            "cumulative_cardinality": 0,
                                                                                                            "operator_type": "DELIM_SCAN",
                                                                                                            "operator_cardinality": 0,
                                                                                                            "cumulative_rows_scanned": 0,
                                                                                                            "operator_rows_scanned": 0,
                                                                                                            "operator_timing": 0.0,
                                                                                                            "result_set_size": 0,
                                                                                                            "children": []
                                                                                                        }
                                                                                                    ]
                                                                                                }
                                                                                            ]
                                                                                        }
                                                                                    ]
                                                                                }
                                                                            ]
                                                                        },
                                                                        {
                                                                            "operator_name": "DELIM_SCAN",
                                                                            "cpu_time": 0.0,
                                                                            "extra_info": {
                                                                                "Delim Index": "1",
                                                                                "Estimated Cardinality": "1925058"
                                                                            },
                                                                            "cumulative_cardinality": 0,
                                                                            "operator_type": "DELIM_SCAN",
                                                                            "operator_cardinality": 0,
                                                                            "cumulative_rows_scanned": 0,
                                                                            "operator_rows_scanned": 0,
                                                                            "operator_timing": 0.0,
                                                                            "result_set_size": 0,
                                                                            "children": []
                                                                        }
                                                                    ]
                                                                }
                                                            ]
                                                        }
                                                    ]
                                                },
                                                {
                                                    "operator_name": "HASH_GROUP_BY",
                                                    "cpu_time": 0.0014563689999999997,
                                                    "extra_info": {
                                                        "Groups": "#0",
                                                        "Aggregates": "",
                                                        "Estimated Cardinality": "3850116"
                                                    },
                                                    "cumulative_cardinality": 522826,
                                                    "operator_type": "HASH_GROUP_BY",
                                                    "operator_cardinality": 522826,
                                                    "cumulative_rows_scanned": 0,
                                                    "operator_rows_scanned": 0,
                                                    "operator_timing": 0.0014563689999999997,
                                                    "result_set_size": 2091304,
                                                    "children": []
                                                }
                                            ]
                                        }
                                    ]
                                }
                            ]
                        }
                    ]
                }
            ]
        }
    ]
}