{
    "rows_returned": 8824970,
    "query_name": "WITH UserPostStats AS (\n    SELECT \n        u.Id AS UserId,\n        u.DisplayName,\n        COUNT(p.Id) AS PostCount,\n        SUM(CASE WHEN p.PostTypeId = 1 THEN 1 ELSE 0 END) AS QuestionCount,\n        SUM(CASE WHEN p.PostTypeId = 2 THEN 1 ELSE 0 END) AS AnswerCount,\n        SUM(p.ViewCount) AS TotalViewCount,\n        AVG(p.Score) AS AveragePostScore\n    FROM \n        Users u\n    LEFT JOIN \n        Posts p ON u.Id = p.OwnerUserId\n    GROUP BY \n        u.Id, u.DisplayName\n),\nPostStatistics AS (\n    SELECT \n        pt.Name AS PostType,\n        COUNT(p.Id) AS TotalPosts,\n        COUNT(DISTINCT p.OwnerUserId) AS UniqueUsers,\n        SUM(p.ViewCount) AS TotalViewCount,\n        AVG(p.Score) AS AverageScore\n    FROM \n        Posts p\n    JOIN \n        PostTypes pt ON p.PostTypeId = pt.Id\n    GROUP BY \n        pt.Name\n)\nSELECT \n    u.UserId,\n    u.DisplayName,\n    u.PostCount,\n    u.QuestionCount,\n    u.AnswerCount,\n    u.TotalViewCount,\n    u.AveragePostScore,\n    p.PostType,\n    p.TotalPosts,\n    p.UniqueUsers,\n    p.TotalViewCount AS PostTypeTotalViews,\n    p.AverageScore AS PostTypeAverageScore\nFROM \n    UserPostStats u\nCROSS JOIN \n    PostStatistics p\nORDER BY \n    u.TotalViewCount DESC;",
    "blocked_thread_time": 0.0,
    "cpu_time": 3.203173209000001,
    "extra_info": {},
    "cumulative_cardinality": 53381098,
    "cumulative_rows_scanned": 8960950,
    "result_set_size": 1235495800,
    "latency": 23.320166948,
    "children": [
        {
            "operator_name": "ORDER_BY",
            "cpu_time": 3.203173209000001,
            "extra_info": {
                "Order By": "u.TotalViewCount DESC"
            },
            "cumulative_cardinality": 53381098,
            "operator_type": "ORDER_BY",
            "operator_cardinality": 8824970,
            "cumulative_rows_scanned": 8960950,
            "operator_rows_scanned": 0,
            "operator_timing": 1.4730370990000021,
            "result_set_size": 1235495800,
            "children": [
                {
                    "operator_name": "PROJECTION",
                    "cpu_time": 1.730136109999999,
                    "extra_info": {
                        "Projections": [
                            "UserId",
                            "displayname",
                            "PostCount",
                            "QuestionCount",
                            "AnswerCount",
                            "TotalViewCount",
                            "AveragePostScore",
                            "PostType",
                            "TotalPosts",
                            "UniqueUsers",
                            "PostTypeTotalViews",
                            "PostTypeAverageScore"
                        ],
                        "Estimated Cardinality": "2426939871180"
                    },
                    "cumulative_cardinality": 44556128,
                    "operator_type": "PROJECTION",
                    "operator_cardinality": 8824970,
                    "cumulative_rows_scanned": 8960950,
                    "operator_rows_scanned": 0,
                    "operator_timing": 0.0026085150000000395,
                    "result_set_size": 1235495800,
                    "children": [
                        {
                            "operator_name": "CROSS_PRODUCT",
                            "cpu_time": 1.7275275949999989,
                            "extra_info": {},
                            "cumulative_cardinality": 35731158,
                            "operator_type": "CROSS_PRODUCT",
                            "operator_cardinality": 8824970,
                            "cumulative_rows_scanned": 8960950,
                            "operator_rows_scanned": 0,
                            "operator_timing": 0.062253562000000005,
                            "result_set_size": 1235495800,
                            "children": [
                                {
                                    "operator_name": "HASH_GROUP_BY",
                                    "cpu_time": 0.40611299599999995,
                                    "extra_info": {
                                        "Groups": "#0",
                                        "Aggregates": [
                                            "count_star()",
                                            "count(DISTINCT #1)",
                                            "sum(#2)",
                                            "avg(#3)"
                                        ],
                                        "Estimated Cardinality": "1925058"
                                    },
                                    "cumulative_cardinality": 11550362,
                                    "operator_type": "HASH_GROUP_BY",
                                    "operator_cardinality": 7,
                                    "cumulative_rows_scanned": 3850124,
                                    "operator_rows_scanned": 0,
                                    "operator_timing": 0.2585475709999997,
                                    "result_set_size": 392,
                                    "children": [
                                        {
                                            "operator_name": "PROJECTION",
                                            "cpu_time": 0.14756542500000022,
                                            "extra_info": {
                                                "Projections": [
                                                    "name",
                                                    "owneruserid",
                                                    "viewcount",
                                                    "score"
                                                ],
                                                "Estimated Cardinality": "3850116"
                                            },
                                            "cumulative_cardinality": 11550355,
                                            "operator_type": "PROJECTION",
                                            "operator_cardinality": 3850116,
                                            "cumulative_rows_scanned": 3850124,
                                            "operator_rows_scanned": 0,
                                            "operator_timing": 0.0005278759999999998,
                                            "result_set_size": 107803248,
                                            "children": [
                                                {
                                                    "operator_name": "HASH_JOIN",
                                                    "cpu_time": 0.1470375490000002,
                                                    "extra_info": {
                                                        "Join Type": "INNER",
                                                        "Conditions": "posttypeid = id",
                                                        "Estimated Cardinality": "3850116"
                                                    },
                                                    "cumulative_cardinality": 7700239,
                                                    "operator_type": "HASH_JOIN",
                                                    "operator_cardinality": 3850116,
                                                    "cumulative_rows_scanned": 3850124,
                                                    "operator_rows_scanned": 0,
                                                    "operator_timing": 0.008262141999999993,
                                                    "result_set_size": 107803248,
                                                    "children": [
                                                        {
                                                            "operator_name": "READ_PARQUET ",
                                                            "cpu_time": 0.1383974410000002,
                                                            "extra_info": {
                                                                "Function": "READ_PARQUET",
                                                                "Projections": [
                                                                    "id",
                                                                    "posttypeid",
                                                                    "score",
                                                                    "viewcount",
                                                                    "owneruserid"
                                                                ],
                                                                "Estimated Cardinality": "3850116"
                                                            },
                                                            "cumulative_cardinality": 3850116,
                                                            "operator_type": "TABLE_SCAN",
                                                            "operator_cardinality": 3850116,
                                                            "cumulative_rows_scanned": 3850116,
                                                            "operator_rows_scanned": 3850116,
                                                            "operator_timing": 0.1383974410000002,
                                                            "result_set_size": 69302088,
                                                            "children": []
                                                        },
                                                        {
                                                            "operator_name": "READ_PARQUET ",
                                                            "cpu_time": 0.000377966,
                                                            "extra_info": {
                                                                "Function": "READ_PARQUET",
                                                                "Projections": [
                                                                    "id",
                                                                    "name"
                                                                ],
                                                                "Filters": "id<=7",
                                                                "Estimated Cardinality": "8"
                                                            },
                                                            "cumulative_cardinality": 7,
                                                            "operator_type": "TABLE_SCAN",
                                                            "operator_cardinality": 7,
                                                            "cumulative_rows_scanned": 8,
                                                            "operator_rows_scanned": 8,
                                                            "operator_timing": 0.000377966,
                                                            "result_set_size": 126,
                                                            "children": []
                                                        }
                                                    ]
                                                }
                                            ]
                                        }
                                    ]
                                },
                                {
                                    "operator_name": "HASH_GROUP_BY",
                                    "cpu_time": 1.2591610369999988,
                                    "extra_info": {
                                        "Groups": [
                                            "#0",
                                            "#1"
                                        ],
                                        "Aggregates": [
                                            "count(#2)",
                                            "sum(#3)",
                                            "sum(#4)",
                                            "sum(#5)",
                                            "avg(#6)"
                                        ],
                                        "Estimated Cardinality": "1260710"
                                    },
                                    "cumulative_cardinality": 15355826,
                                    "operator_type": "HASH_GROUP_BY",
                                    "operator_cardinality": 1260710,
                                    "cumulative_rows_scanned": 5110826,
                                    "operator_rows_scanned": 0,
                                    "operator_timing": 0.6928009149999999,
                                    "result_set_size": 105899640,
                                    "children": [
                                        {
                                            "operator_name": "PROJECTION",
                                            "cpu_time": 0.5663601219999991,
                                            "extra_info": {
                                                "Projections": [
                                                    "id",
                                                    "displayname",
                                                    "id",
                                                    "CASE  WHEN ((posttypeid = 1)) THEN (1) ELSE 0 END",
                                                    "CASE  WHEN ((posttypeid = 2)) THEN (1) ELSE 0 END",
                                                    "viewcount",
                                                    "score"
                                                ],
                                                "Estimated Cardinality": "3850116"
                                            },
                                            "cumulative_cardinality": 14095116,
                                            "operator_type": "PROJECTION",
                                            "operator_cardinality": 4574495,
                                            "cumulative_rows_scanned": 5110826,
                                            "operator_rows_scanned": 0,
                                            "operator_timing": 0.04939559600000002,
                                            "result_set_size": 182979800,
                                            "children": [
                                                {
                                                    "operator_name": "HASH_JOIN",
                                                    "cpu_time": 0.5169645259999991,
                                                    "extra_info": {
                                                        "Join Type": "RIGHT",
                                                        "Conditions": "owneruserid = id",
                                                        "Estimated Cardinality": "3850116"
                                                    },
                                                    "cumulative_cardinality": 9520621,
                                                    "operator_type": "HASH_JOIN",
                                                    "operator_cardinality": 4574495,
                                                    "cumulative_rows_scanned": 5110826,
                                                    "operator_rows_scanned": 0,
                                                    "operator_timing": 0.27577035499999936,
                                                    "result_set_size": 155532830,
                                                    "children": [
                                                        {
                                                            "operator_name": "READ_PARQUET ",
                                                            "cpu_time": 0.1616665419999997,
                                                            "extra_info": {
                                                                "Function": "READ_PARQUET",
                                                                "Projections": [
                                                                    "id",
                                                                    "posttypeid",
                                                                    "score",
                                                                    "viewcount",
                                                                    "owneruserid"
                                                                ],
                                                                "Estimated Cardinality": "3850116"
                                                            },
                                                            "cumulative_cardinality": 3685416,
                                                            "operator_type": "TABLE_SCAN",
                                                            "operator_cardinality": 3685416,
                                                            "cumulative_rows_scanned": 3850116,
                                                            "operator_rows_scanned": 3850116,
                                                            "operator_timing": 0.1616665419999997,
                                                            "result_set_size": 66337488,
                                                            "children": []
                                                        },
                                                        {
                                                            "operator_name": "READ_PARQUET ",
                                                            "cpu_time": 0.07952762900000004,
                                                            "extra_info": {
                                                                "Function": "READ_PARQUET",
                                                                "Projections": [
                                                                    "id",
                                                                    "displayname"
                                                                ],
                                                                "Estimated Cardinality": "1260710"
                                                            },
                                                            "cumulative_cardinality": 1260710,
                                                            "operator_type": "TABLE_SCAN",
                                                            "operator_cardinality": 1260710,
                                                            "cumulative_rows_scanned": 1260710,
                                                            "operator_rows_scanned": 1260710,
                                                            "operator_timing": 0.07952762900000004,
                                                            "result_set_size": 25214200,
                                                            "children": []
                                                        }
                                                    ]
                                                }
                                            ]
                                        }
                                    ]
                                }
                            ]
                        }
                    ]
                }
            ]
        }
    ]
}