{
    "rows_returned": 9907,
    "query_name": "\nSELECT \n    p.Id AS PostId,\n    p.Title,\n    p.CreationDate,\n    p.Score,\n    p.ViewCount,\n    u.DisplayName AS OwnerDisplayName,\n    COUNT(v.Id) AS VoteCount,\n    COUNT(c.Id) AS CommentCount,\n    COALESCE(NULLIF(ROUND(AVG(CASE WHEN vt.Name = 'UpMod' THEN 1 ELSE 0 END), 2), 0), 0) AS UpVotes,\n    COALESCE(NULLIF(ROUND(AVG(CASE WHEN vt.Name = 'DownMod' THEN 1 ELSE 0 END), 2), 0), 0) AS DownVotes\nFROM \n    Posts p\nJOIN \n    Users u ON p.OwnerUserId = u.Id\nLEFT JOIN \n    Votes v ON p.Id = v.PostId\nLEFT JOIN \n    VoteTypes vt ON v.VoteTypeId = vt.Id\nLEFT JOIN \n    Comments c ON p.Id = c.PostId\nWHERE \n    p.CreationDate >= TIMESTAMP '2024-10-01 12:34:56' - INTERVAL '30 days'  \nGROUP BY \n    p.Id, p.Title, p.CreationDate, p.Score, p.ViewCount, u.DisplayName\nORDER BY \n    p.CreationDate DESC;\n",
    "blocked_thread_time": 0.0,
    "cpu_time": 0.5991748240000001,
    "extra_info": {},
    "cumulative_cardinality": 8865001,
    "cumulative_rows_scanned": 25096756,
    "result_set_size": 832188,
    "latency": 0.724585915,
    "children": [
        {
            "operator_name": "PROJECTION",
            "cpu_time": 0.5991748240000001,
            "extra_info": {
                "Projections": [
                    "#0",
                    "#1",
                    "#2",
                    "__internal_decompress_integral_integer(#3, -72)",
                    "#4",
                    "#5",
                    "#6",
                    "#7",
                    "#8",
                    "#9"
                ],
                "Estimated Cardinality": "3850116"
            },
            "cumulative_cardinality": 8865001,
            "operator_type": "PROJECTION",
            "operator_cardinality": 9907,
            "cumulative_rows_scanned": 25096756,
            "operator_rows_scanned": 0,
            "operator_timing": 0.000006310999999999999,
            "result_set_size": 832188,
            "children": [
                {
                    "operator_name": "ORDER_BY",
                    "cpu_time": 0.5991685130000001,
                    "extra_info": {
                        "Order By": "p.CreationDate DESC"
                    },
                    "cumulative_cardinality": 8855094,
                    "operator_type": "ORDER_BY",
                    "operator_cardinality": 9907,
                    "cumulative_rows_scanned": 25096756,
                    "operator_rows_scanned": 0,
                    "operator_timing": 0.000853987,
                    "result_set_size": 812374,
                    "children": [
                        {
                            "operator_name": "PROJECTION",
                            "cpu_time": 0.5983145260000001,
                            "extra_info": {
                                "Projections": [
                                    "#0",
                                    "#1",
                                    "#2",
                                    "__internal_compress_integral_usmallint(#3, -72)",
                                    "#4",
                                    "#5",
                                    "#6",
                                    "#7",
                                    "#8",
                                    "#9"
                                ],
                                "Estimated Cardinality": "3850116"
                            },
                            "cumulative_cardinality": 8845187,
                            "operator_type": "PROJECTION",
                            "operator_cardinality": 9907,
                            "cumulative_rows_scanned": 25096756,
                            "operator_rows_scanned": 0,
                            "operator_timing": 0.000005451,
                            "result_set_size": 812374,
                            "children": [
                                {
                                    "operator_name": "PROJECTION",
                                    "cpu_time": 0.5983090750000001,
                                    "extra_info": {
                                        "Projections": [
                                            "PostId",
                                            "title",
                                            "creationdate",
                                            "score",
                                            "viewcount",
                                            "OwnerDisplayName",
                                            "VoteCount",
                                            "CommentCount",
                                            "UpVotes",
                                            "DownVotes"
                                        ],
                                        "Estimated Cardinality": "3850116"
                                    },
                                    "cumulative_cardinality": 8835280,
                                    "operator_type": "PROJECTION",
                                    "operator_cardinality": 9907,
                                    "cumulative_rows_scanned": 25096756,
                                    "operator_rows_scanned": 0,
                                    "operator_timing": 0.001003295,
                                    "result_set_size": 832188,
                                    "children": [
                                        {
                                            "operator_name": "PROJECTION",
                                            "cpu_time": 0.5973057800000001,
                                            "extra_info": {
                                                "Projections": [
                                                    "#0",
                                                    "#1",
                                                    "#2",
                                                    "__internal_decompress_integral_integer(#3, -72)",
                                                    "#4",
                                                    "#5",
                                                    "#6",
                                                    "#7",
                                                    "#8",
                                                    "#9"
                                                ],
                                                "Estimated Cardinality": "3850116"
                                            },
                                            "cumulative_cardinality": 8825373,
                                            "operator_type": "PROJECTION",
                                            "operator_cardinality": 9907,
                                            "cumulative_rows_scanned": 25096756,
                                            "operator_rows_scanned": 0,
                                            "operator_timing": 0.000007384000000000001,
                                            "result_set_size": 832188,
                                            "children": [
                                                {
                                                    "operator_name": "HASH_GROUP_BY",
                                                    "cpu_time": 0.5972983960000001,
                                                    "extra_info": {
                                                        "Groups": [
                                                            "#0",
                                                            "#1",
                                                            "#2",
                                                            "#3",
                                                            "#4",
                                                            "#5"
                                                        ],
                                                        "Aggregates": [
                                                            "count(#6)",
                                                            "count(#7)",
                                                            "avg(#8)",
                                                            "avg(#9)"
                                                        ],
                                                        "Estimated Cardinality": "3850116"
                                                    },
                                                    "cumulative_cardinality": 8815466,
                                                    "operator_type": "HASH_GROUP_BY",
                                                    "operator_cardinality": 9907,
                                                    "cumulative_rows_scanned": 25096756,
                                                    "operator_rows_scanned": 0,
                                                    "operator_timing": 0.008752008,
                                                    "result_set_size": 812374,
                                                    "children": [
                                                        {
                                                            "operator_name": "PROJECTION",
                                                            "cpu_time": 0.5885463880000001,
                                                            "extra_info": {
                                                                "Projections": [
                                                                    "id",
                                                                    "title",
                                                                    "creationdate",
                                                                    "score",
                                                                    "viewcount",
                                                                    "displayname",
                                                                    "id",
                                                                    "id",
                                                                    "CASE  WHEN ((name = 'UpMod')) THEN (1) ELSE 0 END",
                                                                    "CASE  WHEN ((name = 'DownMod')) THEN (1) ELSE 0 END"
                                                                ],
                                                                "Estimated Cardinality": "12744093"
                                                            },
                                                            "cumulative_cardinality": 8805559,
                                                            "operator_type": "PROJECTION",
                                                            "operator_cardinality": 68853,
                                                            "cumulative_rows_scanned": 25096756,
                                                            "operator_rows_scanned": 0,
                                                            "operator_timing": 0.0008149319999999998,
                                                            "result_set_size": 4544298,
                                                            "children": [
                                                                {
                                                                    "operator_name": "PROJECTION",
                                                                    "cpu_time": 0.5877314560000001,
                                                                    "extra_info": {
                                                                        "Projections": [
                                                                            "#2",
                                                                            "#3",
                                                                            "__internal_compress_integral_usmallint(#4, -72)",
                                                                            "#5",
                                                                            "#6",
                                                                            "#1",
                                                                            "#0",
                                                                            "#7",
                                                                            "#8"
                                                                        ],
                                                                        "Estimated Cardinality": "12744093"
                                                                    },
                                                                    "cumulative_cardinality": 8736706,
                                                                    "operator_type": "PROJECTION",
                                                                    "operator_cardinality": 68853,
                                                                    "cumulative_rows_scanned": 25096756,
                                                                    "operator_rows_scanned": 0,
                                                                    "operator_timing": 0.00017154,
                                                                    "result_set_size": 5095122,
                                                                    "children": [
                                                                        {
                                                                            "operator_name": "HASH_JOIN",
                                                                            "cpu_time": 0.5875599160000001,
                                                                            "extra_info": {
                                                                                "Join Type": "LEFT",
                                                                                "Conditions": "id = postid",
                                                                                "Estimated Cardinality": "12744093"
                                                                            },
                                                                            "cumulative_cardinality": 8667853,
                                                                            "operator_type": "HASH_JOIN",
                                                                            "operator_cardinality": 68853,
                                                                            "cumulative_rows_scanned": 25096756,
                                                                            "operator_rows_scanned": 0,
                                                                            "operator_timing": 0.3163785960000001,
                                                                            "result_set_size": 5232828,
                                                                            "children": [
                                                                                {
                                                                                    "operator_name": "HASH_JOIN",
                                                                                    "cpu_time": 0.19668007799999998,
                                                                                    "extra_info": {
                                                                                        "Join Type": "LEFT",
                                                                                        "Conditions": "votetypeid = id",
                                                                                        "Estimated Cardinality": "12744093"
                                                                                    },
                                                                                    "cumulative_cardinality": 1357178,
                                                                                    "operator_type": "HASH_JOIN",
                                                                                    "operator_cardinality": 23878,
                                                                                    "cumulative_rows_scanned": 17854934,
                                                                                    "operator_rows_scanned": 0,
                                                                                    "operator_timing": 0.0012648719999999998,
                                                                                    "result_set_size": 1719216,
                                                                                    "children": [
                                                                                        {
                                                                                            "operator_name": "HASH_JOIN",
                                                                                            "cpu_time": 0.19509760199999998,
                                                                                            "extra_info": {
                                                                                                "Join Type": "RIGHT",
                                                                                                "Conditions": "postid = id",
                                                                                                "Estimated Cardinality": "12744093"
                                                                                            },
                                                                                            "cumulative_cardinality": 1333285,
                                                                                            "operator_type": "HASH_JOIN",
                                                                                            "operator_cardinality": 23878,
                                                                                            "cumulative_rows_scanned": 17854919,
                                                                                            "operator_rows_scanned": 0,
                                                                                            "operator_timing": 0.0029188270000000006,
                                                                                            "result_set_size": 1384924,
                                                                                            "children": [
                                                                                                {
                                                                                                    "operator_name": "READ_PARQUET ",
                                                                                                    "cpu_time": 0.023526551999999996,
                                                                                                    "extra_info": {
                                                                                                        "Function": "READ_PARQUET",
                                                                                                        "Projections": [
                                                                                                            "id",
                                                                                                            "postid",
                                                                                                            "votetypeid"
                                                                                                        ],
                                                                                                        "Estimated Cardinality": "12744093"
                                                                                                    },
                                                                                                    "cumulative_cardinality": 28894,
                                                                                                    "operator_type": "TABLE_SCAN",
                                                                                                    "operator_cardinality": 28894,
                                                                                                    "cumulative_rows_scanned": 12744093,
                                                                                                    "operator_rows_scanned": 12744093,
                                                                                                    "operator_timing": 0.023526551999999996,
                                                                                                    "result_set_size": 288940,
                                                                                                    "children": []
                                                                                                },
                                                                                                {
                                                                                                    "operator_name": "HASH_JOIN",
                                                                                                    "cpu_time": 0.168652223,
                                                                                                    "extra_info": {
                                                                                                        "Join Type": "INNER",
                                                                                                        "Conditions": "id = owneruserid",
                                                                                                        "Estimated Cardinality": "770023"
                                                                                                    },
                                                                                                    "cumulative_cardinality": 1280513,
                                                                                                    "operator_type": "HASH_JOIN",
                                                                                                    "operator_cardinality": 9907,
                                                                                                    "cumulative_rows_scanned": 5110826,
                                                                                                    "operator_rows_scanned": 0,
                                                                                                    "operator_timing": 0.012269255000000052,
                                                                                                    "result_set_size": 515164,
                                                                                                    "children": [
                                                                                                        {
                                                                                                            "operator_name": "READ_PARQUET ",
                                                                                                            "cpu_time": 0.08757113899999996,
                                                                                                            "extra_info": {
                                                                                                                "Function": "READ_PARQUET",
                                                                                                                "Projections": [
                                                                                                                    "id",
                                                                                                                    "displayname"
                                                                                                                ],
                                                                                                                "Filters": "id<=1416539",
                                                                                                                "Estimated Cardinality": "1260710"
                                                                                                            },
                                                                                                            "cumulative_cardinality": 1260679,
                                                                                                            "operator_type": "TABLE_SCAN",
                                                                                                            "operator_cardinality": 1260679,
                                                                                                            "cumulative_rows_scanned": 1260710,
                                                                                                            "operator_rows_scanned": 1260710,
                                                                                                            "operator_timing": 0.08757113899999996,
                                                                                                            "result_set_size": 25213580,
                                                                                                            "children": []
                                                                                                        },
                                                                                                        {
                                                                                                            "operator_name": "READ_PARQUET ",
                                                                                                            "cpu_time": 0.06881182899999999,
                                                                                                            "extra_info": {
                                                                                                                "Function": "READ_PARQUET",
                                                                                                                "Projections": [
                                                                                                                    "id",
                                                                                                                    "creationdate",
                                                                                                                    "score",
                                                                                                                    "viewcount",
                                                                                                                    "owneruserid",
                                                                                                                    "title"
                                                                                                                ],
                                                                                                                "Filters": "creationdate>='2024-09-01 12:34:56'::TIMESTAMP",
                                                                                                                "Estimated Cardinality": "770023"
                                                                                                            },
                                                                                                            "cumulative_cardinality": 9927,
                                                                                                            "operator_type": "TABLE_SCAN",
                                                                                                            "operator_cardinality": 9927,
                                                                                                            "cumulative_rows_scanned": 3850116,
                                                                                                            "operator_rows_scanned": 3850116,
                                                                                                            "operator_timing": 0.06881182899999999,
                                                                                                            "result_set_size": 397080,
                                                                                                            "children": []
                                                                                                        }
                                                                                                    ]
                                                                                                }
                                                                                            ]
                                                                                        },
                                                                                        {
                                                                                            "operator_name": "READ_PARQUET ",
                                                                                            "cpu_time": 0.00031760400000000003,
                                                                                            "extra_info": {
                                                                                                "Function": "READ_PARQUET",
                                                                                                "Projections": [
                                                                                                    "id",
                                                                                                    "name"
                                                                                                ],
                                                                                                "Estimated Cardinality": "15"
                                                                                            },
                                                                                            "cumulative_cardinality": 15,
                                                                                            "operator_type": "TABLE_SCAN",
                                                                                            "operator_cardinality": 15,
                                                                                            "cumulative_rows_scanned": 15,
                                                                                            "operator_rows_scanned": 15,
                                                                                            "operator_timing": 0.00031760400000000003,
                                                                                            "result_set_size": 270,
                                                                                            "children": []
                                                                                        }
                                                                                    ]
                                                                                },
                                                                                {
                                                                                    "operator_name": "READ_PARQUET ",
                                                                                    "cpu_time": 0.07450124200000008,
                                                                                    "extra_info": {
                                                                                        "Function": "READ_PARQUET",
                                                                                        "Projections": [
                                                                                            "id",
                                                                                            "postid"
                                                                                        ],
                                                                                        "Estimated Cardinality": "7241822"
                                                                                    },
                                                                                    "cumulative_cardinality": 7241822,
                                                                                    "operator_type": "TABLE_SCAN",
                                                                                    "operator_cardinality": 7241822,
                                                                                    "cumulative_rows_scanned": 7241822,
                                                                                    "operator_rows_scanned": 7241822,
                                                                                    "operator_timing": 0.07450124200000008,
                                                                                    "result_set_size": 57934576,
                                                                                    "children": []
                                                                                }
                                                                            ]
                                                                        }
                                                                    ]
                                                                }
                                                            ]
                                                        }
                                                    ]
                                                }
                                            ]
                                        }
                                    ]
                                }
                            ]
                        }
                    ]
                }
            ]
        }
    ]
}