{
    "rows_returned": 100,
    "query_name": "WITH UserStats AS (\n    SELECT \n        U.Id AS UserId,\n        U.Reputation,\n        U.CreationDate,\n        U.LastAccessDate,\n        COUNT(DISTINCT B.Id) AS BadgeCount,\n        COUNT(DISTINCT P.Id) AS PostCount,\n        SUM(CASE WHEN V.VoteTypeId = 2 THEN 1 ELSE 0 END) AS UpVotesReceived,\n        SUM(CASE WHEN V.VoteTypeId = 3 THEN 1 ELSE 0 END) AS DownVotesReceived\n    FROM \n        Users U\n    LEFT JOIN \n        Badges B ON U.Id = B.UserId\n    LEFT JOIN \n        Posts P ON U.Id = P.OwnerUserId\n    LEFT JOIN \n        Votes V ON P.Id = V.PostId\n    GROUP BY \n        U.Id, U.Reputation, U.CreationDate, U.LastAccessDate\n),\n\nPostStats AS (\n    SELECT \n        P.Id AS PostId,\n        P.Title,\n        P.CreationDate,\n        P.ViewCount,\n        COUNT(DISTINCT C.Id) AS CommentCount,\n        SUM(CASE WHEN V.VoteTypeId = 2 THEN 1 ELSE 0 END) AS UpVotes,\n        SUM(CASE WHEN V.VoteTypeId = 3 THEN 1 ELSE 0 END) AS DownVotes,\n        COUNT(DISTINCT PH.Id) AS EditCount\n    FROM \n        Posts P\n    LEFT JOIN \n        Comments C ON P.Id = C.PostId\n    LEFT JOIN \n        Votes V ON P.Id = V.PostId\n    LEFT JOIN \n        PostHistory PH ON P.Id = PH.PostId\n    GROUP BY \n        P.Id, P.Title, P.CreationDate, P.ViewCount\n)\n\nSELECT\n    U.UserId,\n    U.Reputation,\n    U.BadgeCount,\n    U.PostCount,\n    U.UpVotesReceived,\n    U.DownVotesReceived,\n    P.PostId,\n    P.Title,\n    P.CreationDate,\n    P.ViewCount,\n    P.CommentCount,\n    P.UpVotes,\n    P.DownVotes,\n    P.EditCount\nFROM \n    UserStats U\nJOIN \n    PostStats P ON U.UserId = P.PostId\nORDER BY \n    U.Reputation DESC, P.ViewCount DESC\nLIMIT 100;",
    "blocked_thread_time": 0.0,
    "cpu_time": 330.1592836130012,
    "extra_info": {},
    "cumulative_cardinality": 8148468180,
    "cumulative_rows_scanned": 55807918,
    "result_set_size": 13600,
    "latency": 358.678075574,
    "children": [
        {
            "operator_name": "STREAMING_LIMIT",
            "cpu_time": 330.1592836130012,
            "extra_info": {},
            "cumulative_cardinality": 8148468180,
            "operator_type": "STREAMING_LIMIT",
            "operator_cardinality": 100,
            "cumulative_rows_scanned": 55807918,
            "operator_rows_scanned": 0,
            "operator_timing": 0.000003276,
            "result_set_size": 13600,
            "children": [
                {
                    "operator_name": "ORDER_BY",
                    "cpu_time": 330.15928033700123,
                    "extra_info": {
                        "Order By": [
                            "U.Reputation DESC",
                            "P.ViewCount DESC"
                        ]
                    },
                    "cumulative_cardinality": 8148468080,
                    "operator_type": "ORDER_BY",
                    "operator_cardinality": 4096,
                    "cumulative_rows_scanned": 55807918,
                    "operator_rows_scanned": 0,
                    "operator_timing": 0.09962271899999998,
                    "result_set_size": 557056,
                    "children": [
                        {
                            "operator_name": "PROJECTION",
                            "cpu_time": 330.0596576180012,
                            "extra_info": {
                                "Projections": [
                                    "UserId",
                                    "reputation",
                                    "BadgeCount",
                                    "PostCount",
                                    "UpVotesReceived",
                                    "DownVotesReceived",
                                    "PostId",
                                    "title",
                                    "creationdate",
                                    "viewcount",
                                    "CommentCount",
                                    "UpVotes",
                                    "DownVotes",
                                    "EditCount"
                                ],
                                "Estimated Cardinality": "3850116"
                            },
                            "cumulative_cardinality": 8148463984,
                            "operator_type": "PROJECTION",
                            "operator_cardinality": 1023784,
                            "cumulative_rows_scanned": 55807918,
                            "operator_rows_scanned": 0,
                            "operator_timing": 0.0004573140000000002,
                            "result_set_size": 139234624,
                            "children": [
                                {
                                    "operator_name": "HASH_JOIN",
                                    "cpu_time": 330.0592003040012,
                                    "extra_info": {
                                        "Join Type": "INNER",
                                        "Conditions": "PostId = UserId",
                                        "Estimated Cardinality": "3850116"
                                    },
                                    "cumulative_cardinality": 8147440200,
                                    "operator_type": "HASH_JOIN",
                                    "operator_cardinality": 1023784,
                                    "cumulative_rows_scanned": 55807918,
                                    "operator_rows_scanned": 0,
                                    "operator_timing": 0.16419213599999988,
                                    "result_set_size": 139234624,
                                    "children": [
                                        {
                                            "operator_name": "HASH_GROUP_BY",
                                            "cpu_time": 19.546026168000083,
                                            "extra_info": {
                                                "Groups": [
                                                    "#0",
                                                    "#1",
                                                    "#2",
                                                    "#3"
                                                ],
                                                "Aggregates": [
                                                    "count(DISTINCT #4)",
                                                    "sum(#5)",
                                                    "sum(#6)",
                                                    "count(DISTINCT #7)"
                                                ],
                                                "Estimated Cardinality": "3850116"
                                            },
                                            "cumulative_cardinality": 496645894,
                                            "operator_type": "HASH_GROUP_BY",
                                            "operator_cardinality": 1156110,
                                            "cumulative_rows_scanned": 35631275,
                                            "operator_rows_scanned": 0,
                                            "operator_timing": 12.623129508000098,
                                            "result_set_size": 92488800,
                                            "children": [
                                                {
                                                    "operator_name": "PROJECTION",
                                                    "cpu_time": 6.922896659999984,
                                                    "extra_info": {
                                                        "Projections": [
                                                            "id",
                                                            "title",
                                                            "creationdate",
                                                            "viewcount",
                                                            "id",
                                                            "CASE  WHEN ((votetypeid = 2)) THEN (1) ELSE 0 END",
                                                            "CASE  WHEN ((votetypeid = 3)) THEN (1) ELSE 0 END",
                                                            "id"
                                                        ],
                                                        "Estimated Cardinality": "12744093"
                                                    },
                                                    "cumulative_cardinality": 495489784,
                                                    "operator_type": "PROJECTION",
                                                    "operator_cardinality": 92634881,
                                                    "cumulative_rows_scanned": 35631275,
                                                    "operator_rows_scanned": 0,
                                                    "operator_timing": 0.4882595500000028,
                                                    "result_set_size": 4446474288,
                                                    "children": [
                                                        {
                                                            "operator_name": "FILTER",
                                                            "cpu_time": 6.434637109999981,
                                                            "extra_info": {
                                                                "Expression": "(id <= 1416570)",
                                                                "Estimated Cardinality": "12744093"
                                                            },
                                                            "cumulative_cardinality": 402854903,
                                                            "operator_type": "FILTER",
                                                            "operator_cardinality": 92634881,
                                                            "cumulative_rows_scanned": 35631275,
                                                            "operator_rows_scanned": 0,
                                                            "operator_timing": 0.3961246810000036,
                                                            "result_set_size": 3890665002,
                                                            "children": [
                                                                {
                                                                    "operator_name": "HASH_JOIN",
                                                                    "cpu_time": 6.038512428999978,
                                                                    "extra_info": {
                                                                        "Join Type": "LEFT",
                                                                        "Conditions": "id = postid",
                                                                        "Estimated Cardinality": "12744093"
                                                                    },
                                                                    "cumulative_cardinality": 310220022,
                                                                    "operator_type": "HASH_JOIN",
                                                                    "operator_cardinality": 182657208,
                                                                    "cumulative_rows_scanned": 35631275,
                                                                    "operator_rows_scanned": 0,
                                                                    "operator_timing": 3.17911030099998,
                                                                    "result_set_size": 7671602736,
                                                                    "children": [
                                                                        {
                                                                            "operator_name": "PROJECTION",
                                                                            "cpu_time": 2.722753229999997,
                                                                            "extra_info": {
                                                                                "Projections": [
                                                                                    "#0",
                                                                                    "#1",
                                                                                    "#2",
                                                                                    "#3",
                                                                                    "#4",
                                                                                    "__internal_decompress_integral_smallint(#5, 1)"
                                                                                ],
                                                                                "Estimated Cardinality": "12744093"
                                                                            },
                                                                            "cumulative_cardinality": 115767570,
                                                                            "operator_type": "PROJECTION",
                                                                            "operator_cardinality": 35129590,
                                                                            "cumulative_rows_scanned": 23836031,
                                                                            "operator_rows_scanned": 0,
                                                                            "operator_timing": 0.017556974999999034,
                                                                            "result_set_size": 1334924420,
                                                                            "children": [
                                                                                {
                                                                                    "operator_name": "HASH_JOIN",
                                                                                    "cpu_time": 2.705196254999998,
                                                                                    "extra_info": {
                                                                                        "Join Type": "LEFT",
                                                                                        "Conditions": "id = postid",
                                                                                        "Estimated Cardinality": "12744093"
                                                                                    },
                                                                                    "cumulative_cardinality": 80637980,
                                                                                    "operator_type": "HASH_JOIN",
                                                                                    "operator_cardinality": 35129590,
                                                                                    "cumulative_rows_scanned": 23836031,
                                                                                    "operator_rows_scanned": 0,
                                                                                    "operator_timing": 1.232926135,
                                                                                    "result_set_size": 1299794830,
                                                                                    "children": [
                                                                                        {
                                                                                            "operator_name": "HASH_JOIN",
                                                                                            "cpu_time": 1.3384136779999982,
                                                                                            "extra_info": {
                                                                                                "Join Type": "RIGHT",
                                                                                                "Conditions": "postid = id",
                                                                                                "Estimated Cardinality": "7241822"
                                                                                            },
                                                                                            "cumulative_cardinality": 20020204,
                                                                                            "operator_type": "HASH_JOIN",
                                                                                            "operator_cardinality": 8928266,
                                                                                            "cumulative_rows_scanned": 11091938,
                                                                                            "operator_rows_scanned": 0,
                                                                                            "operator_timing": 0.8339849389999993,
                                                                                            "result_set_size": 321417576,
                                                                                            "children": [
                                                                                                {
                                                                                                    "operator_name": "READ_PARQUET ",
                                                                                                    "cpu_time": 0.12754555199999973,
                                                                                                    "extra_info": {
                                                                                                        "Function": "READ_PARQUET",
                                                                                                        "Projections": [
                                                                                                            "id",
                                                                                                            "postid"
                                                                                                        ],
                                                                                                        "Estimated Cardinality": "7241822"
                                                                                                    },
                                                                                                    "cumulative_cardinality": 7241822,
                                                                                                    "operator_type": "TABLE_SCAN",
                                                                                                    "operator_cardinality": 7241822,
                                                                                                    "cumulative_rows_scanned": 7241822,
                                                                                                    "operator_rows_scanned": 7241822,
                                                                                                    "operator_timing": 0.12754555199999973,
                                                                                                    "result_set_size": 57934576,
                                                                                                    "children": []
                                                                                                },
                                                                                                {
                                                                                                    "operator_name": "READ_PARQUET ",
                                                                                                    "cpu_time": 0.37688318699999923,
                                                                                                    "extra_info": {
                                                                                                        "Function": "READ_PARQUET",
                                                                                                        "Projections": [
                                                                                                            "id",
                                                                                                            "creationdate",
                                                                                                            "viewcount",
                                                                                                            "title"
                                                                                                        ],
                                                                                                        "Estimated Cardinality": "3850116"
                                                                                                    },
                                                                                                    "cumulative_cardinality": 3850116,
                                                                                                    "operator_type": "TABLE_SCAN",
                                                                                                    "operator_cardinality": 3850116,
                                                                                                    "cumulative_rows_scanned": 3850116,
                                                                                                    "operator_rows_scanned": 3850116,
                                                                                                    "operator_timing": 0.37688318699999923,
                                                                                                    "result_set_size": 123203712,
                                                                                                    "children": []
                                                                                                }
                                                                                            ]
                                                                                        },
                                                                                        {
                                                                                            "operator_name": "PROJECTION",
                                                                                            "cpu_time": 0.13385644199999994,
                                                                                            "extra_info": {
                                                                                                "Projections": [
                                                                                                    "#0",
                                                                                                    "__internal_compress_integral_utinyint(#1, 1)"
                                                                                                ],
                                                                                                "Estimated Cardinality": "12744093"
                                                                                            },
                                                                                            "cumulative_cardinality": 25488186,
                                                                                            "operator_type": "PROJECTION",
                                                                                            "operator_cardinality": 12744093,
                                                                                            "cumulative_rows_scanned": 12744093,
                                                                                            "operator_rows_scanned": 0,
                                                                                            "operator_timing": 0.003185123999999992,
                                                                                            "result_set_size": 63720465,
                                                                                            "children": [
                                                                                                {
                                                                                                    "operator_name": "READ_PARQUET ",
                                                                                                    "cpu_time": 0.13067131799999995,
                                                                                                    "extra_info": {
                                                                                                        "Function": "READ_PARQUET",
                                                                                                        "Projections": [
                                                                                                            "postid",
                                                                                                            "votetypeid"
                                                                                                        ],
                                                                                                        "Estimated Cardinality": "12744093"
                                                                                                    },
                                                                                                    "cumulative_cardinality": 12744093,
                                                                                                    "operator_type": "TABLE_SCAN",
                                                                                                    "operator_cardinality": 12744093,
                                                                                                    "cumulative_rows_scanned": 12744093,
                                                                                                    "operator_rows_scanned": 12744093,
                                                                                                    "operator_timing": 0.13067131799999995,
                                                                                                    "result_set_size": 76464558,
                                                                                                    "children": []
                                                                                                }
                                                                                            ]
                                                                                        }
                                                                                    ]
                                                                                }
                                                                            ]
                                                                        },
                                                                        {
                                                                            "operator_name": "READ_PARQUET ",
                                                                            "cpu_time": 0.13664889800000027,
                                                                            "extra_info": {
                                                                                "Function": "READ_PARQUET",
                                                                                "Projections": [
                                                                                    "id",
                                                                                    "postid"
                                                                                ],
                                                                                "Estimated Cardinality": "11795244"
                                                                            },
                                                                            "cumulative_cardinality": 11795244,
                                                                            "operator_type": "TABLE_SCAN",
                                                                            "operator_cardinality": 11795244,
                                                                            "cumulative_rows_scanned": 11795244,
                                                                            "operator_rows_scanned": 11795244,
                                                                            "operator_timing": 0.13664889800000027,
                                                                            "result_set_size": 94361952,
                                                                            "children": []
                                                                        }
                                                                    ]
                                                                }
                                                            ]
                                                        }
                                                    ]
                                                }
                                            ]
                                        },
                                        {
                                            "operator_name": "PROJECTION",
                                            "cpu_time": 310.3489820000011,
                                            "extra_info": {
                                                "Projections": [
                                                    "UserId",
                                                    "reputation",
                                                    "BadgeCount",
                                                    "PostCount",
                                                    "UpVotesReceived",
                                                    "DownVotesReceived"
                                                ],
                                                "Estimated Cardinality": "1260710"
                                            },
                                            "cumulative_cardinality": 7649770522,
                                            "operator_type": "PROJECTION",
                                            "operator_cardinality": 1260709,
                                            "cumulative_rows_scanned": 20176643,
                                            "operator_rows_scanned": 0,
                                            "operator_timing": 0.00017926600000000043,
                                            "result_set_size": 70599704,
                                            "children": [
                                                {
                                                    "operator_name": "HASH_GROUP_BY",
                                                    "cpu_time": 310.34880273400114,
                                                    "extra_info": {
                                                        "Groups": [
                                                            "#0",
                                                            "#1",
                                                            "#2",
                                                            "#3"
                                                        ],
                                                        "Aggregates": [
                                                            "count(DISTINCT #4)",
                                                            "count(DISTINCT #5)",
                                                            "sum(#6)",
                                                            "sum(#7)"
                                                        ],
                                                        "Estimated Cardinality": "1260710"
                                                    },
                                                    "cumulative_cardinality": 7648509813,
                                                    "operator_type": "HASH_GROUP_BY",
                                                    "operator_cardinality": 1260709,
                                                    "cumulative_rows_scanned": 20176643,
                                                    "operator_rows_scanned": 0,
                                                    "operator_timing": 171.32896687700335,
                                                    "result_set_size": 90771048,
                                                    "children": [
                                                        {
                                                            "operator_name": "PROJECTION",
                                                            "cpu_time": 139.0198358569978,
                                                            "extra_info": {
                                                                "Projections": [
                                                                    "id",
                                                                    "reputation",
                                                                    "creationdate",
                                                                    "lastaccessdate",
                                                                    "id",
                                                                    "id",
                                                                    "CASE  WHEN ((votetypeid = 2)) THEN (1) ELSE 0 END",
                                                                    "CASE  WHEN ((votetypeid = 3)) THEN (1) ELSE 0 END"
                                                                ],
                                                                "Estimated Cardinality": "12744093"
                                                            },
                                                            "cumulative_cardinality": 7647249104,
                                                            "operator_type": "PROJECTION",
                                                            "operator_cardinality": 2346037867,
                                                            "cumulative_rows_scanned": 20176643,
                                                            "operator_rows_scanned": 0,
                                                            "operator_timing": 12.466923158997407,
                                                            "result_set_size": 93841514680,
                                                            "children": [
                                                                {
                                                                    "operator_name": "FILTER",
                                                                    "cpu_time": 126.55291269800038,
                                                                    "extra_info": {
                                                                        "Expression": "(id >= 1)",
                                                                        "Estimated Cardinality": "12744093"
                                                                    },
                                                                    "cumulative_cardinality": 5301211237,
                                                                    "operator_type": "FILTER",
                                                                    "operator_cardinality": 2346037867,
                                                                    "cumulative_rows_scanned": 20176643,
                                                                    "operator_rows_scanned": 0,
                                                                    "operator_timing": 2.9444714270015426,
                                                                    "result_set_size": 79765287478,
                                                                    "children": [
                                                                        {
                                                                            "operator_name": "HASH_JOIN",
                                                                            "cpu_time": 123.60844127099884,
                                                                            "extra_info": {
                                                                                "Join Type": "RIGHT",
                                                                                "Conditions": "postid = id",
                                                                                "Estimated Cardinality": "12744093"
                                                                            },
                                                                            "cumulative_cardinality": 2955173370,
                                                                            "operator_type": "HASH_JOIN",
                                                                            "operator_cardinality": 2346038465,
                                                                            "cumulative_rows_scanned": 20176643,
                                                                            "operator_rows_scanned": 0,
                                                                            "operator_timing": 111.02745821599916,
                                                                            "result_set_size": 79765307810,
                                                                            "children": [
                                                                                {
                                                                                    "operator_name": "READ_PARQUET ",
                                                                                    "cpu_time": 0.28267206799999933,
                                                                                    "extra_info": {
                                                                                        "Function": "READ_PARQUET",
                                                                                        "Projections": [
                                                                                            "postid",
                                                                                            "votetypeid"
                                                                                        ],
                                                                                        "Estimated Cardinality": "12744093"
                                                                                    },
                                                                                    "cumulative_cardinality": 12744093,
                                                                                    "operator_type": "TABLE_SCAN",
                                                                                    "operator_cardinality": 12744093,
                                                                                    "cumulative_rows_scanned": 12744093,
                                                                                    "operator_rows_scanned": 12744093,
                                                                                    "operator_timing": 0.28267206799999933,
                                                                                    "result_set_size": 76464558,
                                                                                    "children": []
                                                                                },
                                                                                {
                                                                                    "operator_name": "HASH_JOIN",
                                                                                    "cpu_time": 12.298310986999674,
                                                                                    "extra_info": {
                                                                                        "Join Type": "RIGHT",
                                                                                        "Conditions": "owneruserid = id",
                                                                                        "Estimated Cardinality": "3850116"
                                                                                    },
                                                                                    "cumulative_cardinality": 596390812,
                                                                                    "operator_type": "HASH_JOIN",
                                                                                    "operator_cardinality": 586089549,
                                                                                    "cumulative_rows_scanned": 7432550,
                                                                                    "operator_rows_scanned": 0,
                                                                                    "operator_timing": 11.851477493999674,
                                                                                    "result_set_size": 18754865568,
                                                                                    "children": [
                                                                                        {
                                                                                            "operator_name": "READ_PARQUET ",
                                                                                            "cpu_time": 0.13635512200000002,
                                                                                            "extra_info": {
                                                                                                "Function": "READ_PARQUET",
                                                                                                "Projections": [
                                                                                                    "id",
                                                                                                    "owneruserid"
                                                                                                ],
                                                                                                "Estimated Cardinality": "3850116"
                                                                                            },
                                                                                            "cumulative_cardinality": 3685416,
                                                                                            "operator_type": "TABLE_SCAN",
                                                                                            "operator_cardinality": 3685416,
                                                                                            "cumulative_rows_scanned": 3850116,
                                                                                            "operator_rows_scanned": 3850116,
                                                                                            "operator_timing": 0.13635512200000002,
                                                                                            "result_set_size": 29483328,
                                                                                            "children": []
                                                                                        },
                                                                                        {
                                                                                            "operator_name": "HASH_JOIN",
                                                                                            "cpu_time": 0.31047837100000036,
                                                                                            "extra_info": {
                                                                                                "Join Type": "RIGHT",
                                                                                                "Conditions": "userid = id",
                                                                                                "Estimated Cardinality": "2321724"
                                                                                            },
                                                                                            "cumulative_cardinality": 6615847,
                                                                                            "operator_type": "HASH_JOIN",
                                                                                            "operator_cardinality": 3033413,
                                                                                            "cumulative_rows_scanned": 3582434,
                                                                                            "operator_rows_scanned": 0,
                                                                                            "operator_timing": 0.2151944440000003,
                                                                                            "result_set_size": 84935564,
                                                                                            "children": [
                                                                                                {
                                                                                                    "operator_name": "READ_PARQUET ",
                                                                                                    "cpu_time": 0.04932826200000005,
                                                                                                    "extra_info": {
                                                                                                        "Function": "READ_PARQUET",
                                                                                                        "Projections": [
                                                                                                            "id",
                                                                                                            "userid"
                                                                                                        ],
                                                                                                        "Estimated Cardinality": "2321724"
                                                                                                    },
                                                                                                    "cumulative_cardinality": 2321724,
                                                                                                    "operator_type": "TABLE_SCAN",
                                                                                                    "operator_cardinality": 2321724,
                                                                                                    "cumulative_rows_scanned": 2321724,
                                                                                                    "operator_rows_scanned": 2321724,
                                                                                                    "operator_timing": 0.04932826200000005,
                                                                                                    "result_set_size": 18573792,
                                                                                                    "children": []
                                                                                                },
                                                                                                {
                                                                                                    "operator_name": "READ_PARQUET ",
                                                                                                    "cpu_time": 0.04595566500000005,
                                                                                                    "extra_info": {
                                                                                                        "Function": "READ_PARQUET",
                                                                                                        "Projections": [
                                                                                                            "id",
                                                                                                            "reputation",
                                                                                                            "creationdate",
                                                                                                            "lastaccessdate"
                                                                                                        ],
                                                                                                        "Estimated Cardinality": "1260710"
                                                                                                    },
                                                                                                    "cumulative_cardinality": 1260710,
                                                                                                    "operator_type": "TABLE_SCAN",
                                                                                                    "operator_cardinality": 1260710,
                                                                                                    "cumulative_rows_scanned": 1260710,
                                                                                                    "operator_rows_scanned": 1260710,
                                                                                                    "operator_timing": 0.04595566500000005,
                                                                                                    "result_set_size": 30257040,
                                                                                                    "children": []
                                                                                                }
                                                                                            ]
                                                                                        }
                                                                                    ]
                                                                                }
                                                                            ]
                                                                        }
                                                                    ]
                                                                }
                                                            ]
                                                        }
                                                    ]
                                                }
                                            ]
                                        }
                                    ]
                                }
                            ]
                        }
                    ]
                }
            ]
        }
    ]
}