{
    "rows_returned": 1,
    "query_name": "WITH PostStats AS (\n    SELECT \n        COUNT(*) AS TotalPosts,\n        COUNT(DISTINCT OwnerUserId) AS TotalAuthors,\n        AVG(ViewCount) AS AvgViewCount,\n        AVG(Score) AS AvgPostScore\n    FROM Posts\n),\nCommentStats AS (\n    SELECT \n        COUNT(*) AS TotalComments,\n        AVG(Score) AS AvgCommentScore\n    FROM Comments\n),\nUserStats AS (\n    SELECT \n        COUNT(*) AS TotalUsers,\n        AVG(Reputation) AS AvgReputation\n    FROM Users\n)\n\nSELECT \n    PS.TotalPosts,\n    PS.TotalAuthors,\n    PS.AvgViewCount,\n    PS.AvgPostScore,\n    CS.TotalComments,\n    CS.AvgCommentScore,\n    US.TotalUsers,\n    US.AvgReputation\nFROM PostStats PS, CommentStats CS, UserStats US;",
    "blocked_thread_time": 0.0,
    "cpu_time": 0.26674119500000015,
    "extra_info": {},
    "cumulative_cardinality": 24705301,
    "cumulative_rows_scanned": 12352648,
    "result_set_size": 64,
    "latency": 0.310383396,
    "children": [
        {
            "operator_name": "CROSS_PRODUCT",
            "cpu_time": 0.26674119500000015,
            "extra_info": {},
            "cumulative_cardinality": 24705301,
            "operator_type": "CROSS_PRODUCT",
            "operator_cardinality": 1,
            "cumulative_rows_scanned": 12352648,
            "operator_rows_scanned": 0,
            "operator_timing": 0.000030838999999999994,
            "result_set_size": 64,
            "children": [
                {
                    "operator_name": "UNGROUPED_AGGREGATE",
                    "cpu_time": 0.192452543,
                    "extra_info": {
                        "Aggregates": [
                            "count_star()",
                            "count(DISTINCT #0)",
                            "avg(#1)",
                            "avg(#2)"
                        ]
                    },
                    "cumulative_cardinality": 7700233,
                    "operator_type": "UNGROUPED_AGGREGATE",
                    "operator_cardinality": 1,
                    "cumulative_rows_scanned": 3850116,
                    "operator_rows_scanned": 0,
                    "operator_timing": 0.12279259099999994,
                    "result_set_size": 32,
                    "children": [
                        {
                            "operator_name": "PROJECTION",
                            "cpu_time": 0.06965995200000007,
                            "extra_info": {
                                "Projections": [
                                    "owneruserid",
                                    "viewcount",
                                    "score"
                                ],
                                "Estimated Cardinality": "3850116"
                            },
                            "cumulative_cardinality": 7700232,
                            "operator_type": "PROJECTION",
                            "operator_cardinality": 3850116,
                            "cumulative_rows_scanned": 3850116,
                            "operator_rows_scanned": 0,
                            "operator_timing": 0.00042216899999999525,
                            "result_set_size": 46201392,
                            "children": [
                                {
                                    "operator_name": "READ_PARQUET ",
                                    "cpu_time": 0.06923778300000007,
                                    "extra_info": {
                                        "Function": "READ_PARQUET",
                                        "Projections": [
                                            "score",
                                            "viewcount",
                                            "owneruserid"
                                        ],
                                        "Estimated Cardinality": "3850116"
                                    },
                                    "cumulative_cardinality": 3850116,
                                    "operator_type": "TABLE_SCAN",
                                    "operator_cardinality": 3850116,
                                    "cumulative_rows_scanned": 3850116,
                                    "operator_rows_scanned": 3850116,
                                    "operator_timing": 0.06923778300000007,
                                    "result_set_size": 46201392,
                                    "children": []
                                }
                            ]
                        }
                    ]
                },
                {
                    "operator_name": "CROSS_PRODUCT",
                    "cpu_time": 0.07425781300000013,
                    "extra_info": {},
                    "cumulative_cardinality": 17005067,
                    "operator_type": "CROSS_PRODUCT",
                    "operator_cardinality": 1,
                    "cumulative_rows_scanned": 8502532,
                    "operator_rows_scanned": 0,
                    "operator_timing": 0.000016483,
                    "result_set_size": 32,
                    "children": [
                        {
                            "operator_name": "UNGROUPED_AGGREGATE",
                            "cpu_time": 0.06226835900000013,
                            "extra_info": {
                                "Aggregates": [
                                    "count_star()",
                                    "avg(#0)"
                                ]
                            },
                            "cumulative_cardinality": 14483645,
                            "operator_type": "UNGROUPED_AGGREGATE",
                            "operator_cardinality": 1,
                            "cumulative_rows_scanned": 7241822,
                            "operator_rows_scanned": 0,
                            "operator_timing": 0.027741763000000023,
                            "result_set_size": 16,
                            "children": [
                                {
                                    "operator_name": "PROJECTION",
                                    "cpu_time": 0.034526596000000104,
                                    "extra_info": {
                                        "Projections": "score",
                                        "Estimated Cardinality": "7241822"
                                    },
                                    "cumulative_cardinality": 14483644,
                                    "operator_type": "PROJECTION",
                                    "operator_cardinality": 7241822,
                                    "cumulative_rows_scanned": 7241822,
                                    "operator_rows_scanned": 0,
                                    "operator_timing": 0.00028514000000001537,
                                    "result_set_size": 28967288,
                                    "children": [
                                        {
                                            "operator_name": "READ_PARQUET ",
                                            "cpu_time": 0.03424145600000009,
                                            "extra_info": {
                                                "Function": "READ_PARQUET",
                                                "Projections": "score",
                                                "Estimated Cardinality": "7241822"
                                            },
                                            "cumulative_cardinality": 7241822,
                                            "operator_type": "TABLE_SCAN",
                                            "operator_cardinality": 7241822,
                                            "cumulative_rows_scanned": 7241822,
                                            "operator_rows_scanned": 7241822,
                                            "operator_timing": 0.03424145600000009,
                                            "result_set_size": 28967288,
                                            "children": []
                                        }
                                    ]
                                }
                            ]
                        },
                        {
                            "operator_name": "UNGROUPED_AGGREGATE",
                            "cpu_time": 0.011972971000000006,
                            "extra_info": {
                                "Aggregates": [
                                    "count_star()",
                                    "avg(#0)"
                                ]
                            },
                            "cumulative_cardinality": 2521421,
                            "operator_type": "UNGROUPED_AGGREGATE",
                            "operator_cardinality": 1,
                            "cumulative_rows_scanned": 1260710,
                            "operator_rows_scanned": 0,
                            "operator_timing": 0.004832661000000008,
                            "result_set_size": 16,
                            "children": [
                                {
                                    "operator_name": "PROJECTION",
                                    "cpu_time": 0.007140309999999999,
                                    "extra_info": {
                                        "Projections": "reputation",
                                        "Estimated Cardinality": "1260710"
                                    },
                                    "cumulative_cardinality": 2521420,
                                    "operator_type": "PROJECTION",
                                    "operator_cardinality": 1260710,
                                    "cumulative_rows_scanned": 1260710,
                                    "operator_rows_scanned": 0,
                                    "operator_timing": 0.00005021199999999981,
                                    "result_set_size": 5042840,
                                    "children": [
                                        {
                                            "operator_name": "READ_PARQUET ",
                                            "cpu_time": 0.007090097999999999,
                                            "extra_info": {
                                                "Function": "READ_PARQUET",
                                                "Projections": "reputation",
                                                "Estimated Cardinality": "1260710"
                                            },
                                            "cumulative_cardinality": 1260710,
                                            "operator_type": "TABLE_SCAN",
                                            "operator_cardinality": 1260710,
                                            "cumulative_rows_scanned": 1260710,
                                            "operator_rows_scanned": 1260710,
                                            "operator_timing": 0.007090097999999999,
                                            "result_set_size": 5042840,
                                            "children": []
                                        }
                                    ]
                                }
                            ]
                        }
                    ]
                }
            ]
        }
    ]
}