{
    "rows_returned": 24861802,
    "query_name": "SELECT \n    u.Id AS UserId,\n    u.DisplayName,\n    p.Id AS PostId,\n    p.Title,\n    p.CreationDate AS PostCreationDate,\n    ph.CreationDate AS PostHistoryDate,\n    ph.Comment AS PostHistoryComment,\n    v.CreationDate AS VoteCreationDate,\n    vt.Name AS VoteTypeName\nFROM \n    Users u\nJOIN \n    Posts p ON u.Id = p.OwnerUserId\nLEFT JOIN \n    PostHistory ph ON p.Id = ph.PostId\nLEFT JOIN \n    Votes v ON p.Id = v.PostId\nLEFT JOIN \n    VoteTypes vt ON v.VoteTypeId = vt.Id\nWHERE \n    u.Reputation > 1000 \nORDER BY \n    u.Id, p.Id, ph.CreationDate DESC;",
    "blocked_thread_time": 0.0,
    "cpu_time": 10.063747148999987,
    "extra_info": {},
    "cumulative_cardinality": 173549693,
    "cumulative_rows_scanned": 29650178,
    "result_set_size": 2386732992,
    "latency": 48.52713028,
    "children": [
        {
            "operator_name": "ORDER_BY",
            "cpu_time": 10.063747148999987,
            "extra_info": {
                "Order By": [
                    "u.Id ASC",
                    "p.Id ASC",
                    "ph.CreationDate DESC"
                ]
            },
            "cumulative_cardinality": 173549693,
            "operator_type": "ORDER_BY",
            "operator_cardinality": 24861802,
            "cumulative_rows_scanned": 29650178,
            "operator_rows_scanned": 0,
            "operator_timing": 5.902015198000001,
            "result_set_size": 2386732992,
            "children": [
                {
                    "operator_name": "PROJECTION",
                    "cpu_time": 4.161731950999986,
                    "extra_info": {
                        "Projections": [
                            "UserId",
                            "displayname",
                            "PostId",
                            "title",
                            "PostCreationDate",
                            "PostHistoryDate",
                            "PostHistoryComment",
                            "VoteCreationDate",
                            "VoteTypeName"
                        ],
                        "Estimated Cardinality": "12744093"
                    },
                    "cumulative_cardinality": 148687891,
                    "operator_type": "PROJECTION",
                    "operator_cardinality": 24861802,
                    "cumulative_rows_scanned": 29650178,
                    "operator_rows_scanned": 0,
                    "operator_timing": 0.011090254999999103,
                    "result_set_size": 2386732992,
                    "children": [
                        {
                            "operator_name": "HASH_JOIN",
                            "cpu_time": 4.150641695999987,
                            "extra_info": {
                                "Join Type": "LEFT",
                                "Conditions": "votetypeid = id",
                                "Estimated Cardinality": "12744093"
                            },
                            "cumulative_cardinality": 123826089,
                            "operator_type": "HASH_JOIN",
                            "operator_cardinality": 24861802,
                            "cumulative_rows_scanned": 29650178,
                            "operator_rows_scanned": 0,
                            "operator_timing": 0.5736074760000037,
                            "result_set_size": 2386732992,
                            "children": [
                                {
                                    "operator_name": "PROJECTION",
                                    "cpu_time": 3.5767300129999833,
                                    "extra_info": {
                                        "Projections": [
                                            "#0",
                                            "#1",
                                            "#2",
                                            "#3",
                                            "#4",
                                            "#5",
                                            "#6",
                                            "__internal_decompress_integral_smallint(#7, 1)",
                                            "#8"
                                        ],
                                        "Estimated Cardinality": "12744093"
                                    },
                                    "cumulative_cardinality": 98964272,
                                    "operator_type": "PROJECTION",
                                    "operator_cardinality": 24861802,
                                    "cumulative_rows_scanned": 29650163,
                                    "operator_rows_scanned": 0,
                                    "operator_timing": 0.01961890899999973,
                                    "result_set_size": 2038667764,
                                    "children": [
                                        {
                                            "operator_name": "HASH_JOIN",
                                            "cpu_time": 3.5571111039999836,
                                            "extra_info": {
                                                "Join Type": "LEFT",
                                                "Conditions": "id = postid",
                                                "Estimated Cardinality": "12744093"
                                            },
                                            "cumulative_cardinality": 74102470,
                                            "operator_type": "HASH_JOIN",
                                            "operator_cardinality": 24861802,
                                            "cumulative_rows_scanned": 29650163,
                                            "operator_rows_scanned": 0,
                                            "operator_timing": 1.2747579969999951,
                                            "result_set_size": 2013805962,
                                            "children": [
                                                {
                                                    "operator_name": "HASH_JOIN",
                                                    "cpu_time": 2.0722225869999886,
                                                    "extra_info": {
                                                        "Join Type": "RIGHT",
                                                        "Conditions": "postid = id",
                                                        "Estimated Cardinality": "11795244"
                                                    },
                                                    "cumulative_cardinality": 23752482,
                                                    "operator_type": "HASH_JOIN",
                                                    "operator_cardinality": 5854950,
                                                    "cumulative_rows_scanned": 16906070,
                                                    "operator_rows_scanned": 0,
                                                    "operator_timing": 0.7701605969999896,
                                                    "result_set_size": 421556400,
                                                    "children": [
                                                        {
                                                            "operator_name": "READ_PARQUET ",
                                                            "cpu_time": 0.753432851,
                                                            "extra_info": {
                                                                "Function": "READ_PARQUET",
                                                                "Projections": [
                                                                    "postid",
                                                                    "creationdate",
                                                                    "comment"
                                                                ],
                                                                "Estimated Cardinality": "11795244"
                                                            },
                                                            "cumulative_cardinality": 11795244,
                                                            "operator_type": "TABLE_SCAN",
                                                            "operator_cardinality": 11795244,
                                                            "cumulative_rows_scanned": 11795244,
                                                            "operator_rows_scanned": 11795244,
                                                            "operator_timing": 0.753432851,
                                                            "result_set_size": 330266832,
                                                            "children": []
                                                        },
                                                        {
                                                            "operator_name": "HASH_JOIN",
                                                            "cpu_time": 0.5486291389999992,
                                                            "extra_info": {
                                                                "Join Type": "INNER",
                                                                "Conditions": "owneruserid = id",
                                                                "Estimated Cardinality": "770023"
                                                            },
                                                            "cumulative_cardinality": 6102288,
                                                            "operator_type": "HASH_JOIN",
                                                            "operator_cardinality": 2396485,
                                                            "cumulative_rows_scanned": 5110826,
                                                            "operator_rows_scanned": 0,
                                                            "operator_timing": 0.08123415399999975,
                                                            "result_set_size": 115031280,
                                                            "children": [
                                                                {
                                                                    "operator_name": "READ_PARQUET ",
                                                                    "cpu_time": 0.4111359489999994,
                                                                    "extra_info": {
                                                                        "Function": "READ_PARQUET",
                                                                        "Projections": [
                                                                            "id",
                                                                            "creationdate",
                                                                            "owneruserid",
                                                                            "title"
                                                                        ],
                                                                        "Estimated Cardinality": "3850116"
                                                                    },
                                                                    "cumulative_cardinality": 3683373,
                                                                    "operator_type": "TABLE_SCAN",
                                                                    "operator_cardinality": 3683373,
                                                                    "cumulative_rows_scanned": 3850116,
                                                                    "operator_rows_scanned": 3850116,
                                                                    "operator_timing": 0.4111359489999994,
                                                                    "result_set_size": 117867936,
                                                                    "children": []
                                                                },
                                                                {
                                                                    "operator_name": "FILTER",
                                                                    "cpu_time": 0.056259036000000026,
                                                                    "extra_info": {
                                                                        "Expression": "(id <= 1416539)",
                                                                        "Estimated Cardinality": "252142"
                                                                    },
                                                                    "cumulative_cardinality": 22430,
                                                                    "operator_type": "FILTER",
                                                                    "operator_cardinality": 11215,
                                                                    "cumulative_rows_scanned": 1260710,
                                                                    "operator_rows_scanned": 0,
                                                                    "operator_timing": 0.0006382470000000003,
                                                                    "result_set_size": 224300,
                                                                    "children": [
                                                                        {
                                                                            "operator_name": "READ_PARQUET ",
                                                                            "cpu_time": 0.055620789000000025,
                                                                            "extra_info": {
                                                                                "Function": "READ_PARQUET",
                                                                                "Projections": [
                                                                                    "id",
                                                                                    "displayname"
                                                                                ],
                                                                                "Filters": "reputation>1000",
                                                                                "Estimated Cardinality": "252142"
                                                                            },
                                                                            "cumulative_cardinality": 11215,
                                                                            "operator_type": "TABLE_SCAN",
                                                                            "operator_cardinality": 11215,
                                                                            "cumulative_rows_scanned": 1260710,
                                                                            "operator_rows_scanned": 1260710,
                                                                            "operator_timing": 0.055620789000000025,
                                                                            "result_set_size": 224300,
                                                                            "children": []
                                                                        }
                                                                    ]
                                                                }
                                                            ]
                                                        }
                                                    ]
                                                },
                                                {
                                                    "operator_name": "PROJECTION",
                                                    "cpu_time": 0.21013052,
                                                    "extra_info": {
                                                        "Projections": [
                                                            "#0",
                                                            "__internal_compress_integral_utinyint(#1, 1)",
                                                            "#2"
                                                        ],
                                                        "Estimated Cardinality": "12744093"
                                                    },
                                                    "cumulative_cardinality": 25488186,
                                                    "operator_type": "PROJECTION",
                                                    "operator_cardinality": 12744093,
                                                    "cumulative_rows_scanned": 12744093,
                                                    "operator_rows_scanned": 0,
                                                    "operator_timing": 0.0035763529999999623,
                                                    "result_set_size": 165673209,
                                                    "children": [
                                                        {
                                                            "operator_name": "READ_PARQUET ",
                                                            "cpu_time": 0.20655416700000004,
                                                            "extra_info": {
                                                                "Function": "READ_PARQUET",
                                                                "Projections": [
                                                                    "postid",
                                                                    "votetypeid",
                                                                    "creationdate"
                                                                ],
                                                                "Estimated Cardinality": "12744093"
                                                            },
                                                            "cumulative_cardinality": 12744093,
                                                            "operator_type": "TABLE_SCAN",
                                                            "operator_cardinality": 12744093,
                                                            "cumulative_rows_scanned": 12744093,
                                                            "operator_rows_scanned": 12744093,
                                                            "operator_timing": 0.20655416700000004,
                                                            "result_set_size": 178417302,
                                                            "children": []
                                                        }
                                                    ]
                                                }
                                            ]
                                        }
                                    ]
                                },
                                {
                                    "operator_name": "READ_PARQUET ",
                                    "cpu_time": 0.00030420699999999997,
                                    "extra_info": {
                                        "Function": "READ_PARQUET",
                                        "Projections": [
                                            "id",
                                            "name"
                                        ],
                                        "Estimated Cardinality": "15"
                                    },
                                    "cumulative_cardinality": 15,
                                    "operator_type": "TABLE_SCAN",
                                    "operator_cardinality": 15,
                                    "cumulative_rows_scanned": 15,
                                    "operator_rows_scanned": 15,
                                    "operator_timing": 0.00030420699999999997,
                                    "result_set_size": 270,
                                    "children": []
                                }
                            ]
                        }
                    ]
                }
            ]
        }
    ]
}