{
    "rows_returned": 1024305,
    "query_name": "SELECT \n    p.Id AS PostId,\n    p.Title,\n    p.CreationDate AS PostCreationDate,\n    p.Score AS PostScore,\n    p.ViewCount AS PostViewCount,\n    u.Id AS UserId,\n    u.DisplayName AS UserDisplayName,\n    u.Reputation AS UserReputation,\n    COUNT(v.Id) AS VoteCount,\n    SUM(CASE WHEN v.VoteTypeId = 2 THEN 1 ELSE 0 END) AS UpVotes,\n    SUM(CASE WHEN v.VoteTypeId = 3 THEN 1 ELSE 0 END) AS DownVotes,\n    COUNT(c.Id) AS CommentCount,\n    COALESCE(SUM(b.Class), 0) AS BadgeCount\nFROM \n    Posts p\nJOIN \n    Users u ON p.OwnerUserId = u.Id\nLEFT JOIN \n    Votes v ON p.Id = v.PostId\nLEFT JOIN \n    Comments c ON p.Id = c.PostId\nLEFT JOIN \n    Badges b ON u.Id = b.UserId\nWHERE \n    p.CreationDate >= '2020-01-01'  \nGROUP BY \n    p.Id, p.Title, p.CreationDate, p.Score, p.ViewCount, u.Id, u.DisplayName, u.Reputation\nORDER BY \n    p.Score DESC, p.ViewCount DESC;",
    "blocked_thread_time": 0.0,
    "cpu_time": 58.545339861002105,
    "extra_info": {},
    "cumulative_cardinality": 3249982837,
    "cumulative_rows_scanned": 27418465,
    "result_set_size": 127013820,
    "latency": 75.879841906,
    "children": [
        {
            "operator_name": "PROJECTION",
            "cpu_time": 58.545339861002105,
            "extra_info": {
                "Projections": [
                    "#0",
                    "#1",
                    "#2",
                    "__internal_decompress_integral_integer(#3, -72)",
                    "#4",
                    "#5",
                    "#6",
                    "#7",
                    "#8",
                    "#9",
                    "#10",
                    "#11",
                    "#12"
                ],
                "Estimated Cardinality": "3850116"
            },
            "cumulative_cardinality": 3249982837,
            "operator_type": "PROJECTION",
            "operator_cardinality": 1024305,
            "cumulative_rows_scanned": 27418465,
            "operator_rows_scanned": 0,
            "operator_timing": 0.0006694580000000005,
            "result_set_size": 127013820,
            "children": [
                {
                    "operator_name": "ORDER_BY",
                    "cpu_time": 58.54467040300211,
                    "extra_info": {
                        "Order By": [
                            "p.Score DESC",
                            "p.ViewCount DESC"
                        ]
                    },
                    "cumulative_cardinality": 3248958532,
                    "operator_type": "ORDER_BY",
                    "operator_cardinality": 1024305,
                    "cumulative_rows_scanned": 27418465,
                    "operator_rows_scanned": 0,
                    "operator_timing": 0.09503265100000001,
                    "result_set_size": 124965210,
                    "children": [
                        {
                            "operator_name": "PROJECTION",
                            "cpu_time": 58.44963775200211,
                            "extra_info": {
                                "Projections": [
                                    "#0",
                                    "#1",
                                    "#2",
                                    "__internal_compress_integral_usmallint(#3, -72)",
                                    "#4",
                                    "#5",
                                    "#6",
                                    "#7",
                                    "#8",
                                    "#9",
                                    "#10",
                                    "#11",
                                    "#12"
                                ],
                                "Estimated Cardinality": "3850116"
                            },
                            "cumulative_cardinality": 3247934227,
                            "operator_type": "PROJECTION",
                            "operator_cardinality": 1024305,
                            "cumulative_rows_scanned": 27418465,
                            "operator_rows_scanned": 0,
                            "operator_timing": 0.0005555740000000002,
                            "result_set_size": 124965210,
                            "children": [
                                {
                                    "operator_name": "PROJECTION",
                                    "cpu_time": 58.44908217800211,
                                    "extra_info": {
                                        "Projections": [
                                            "PostId",
                                            "title",
                                            "PostCreationDate",
                                            "PostScore",
                                            "PostViewCount",
                                            "UserId",
                                            "UserDisplayName",
                                            "UserReputation",
                                            "VoteCount",
                                            "UpVotes",
                                            "DownVotes",
                                            "CommentCount",
                                            "BadgeCount"
                                        ],
                                        "Estimated Cardinality": "3850116"
                                    },
                                    "cumulative_cardinality": 3246909922,
                                    "operator_type": "PROJECTION",
                                    "operator_cardinality": 1024305,
                                    "cumulative_rows_scanned": 27418465,
                                    "operator_rows_scanned": 0,
                                    "operator_timing": 0.007596955000000002,
                                    "result_set_size": 127013820,
                                    "children": [
                                        {
                                            "operator_name": "PROJECTION",
                                            "cpu_time": 58.44148522300211,
                                            "extra_info": {
                                                "Projections": [
                                                    "#0",
                                                    "#1",
                                                    "#2",
                                                    "__internal_decompress_integral_integer(#3, -72)",
                                                    "#4",
                                                    "#5",
                                                    "#6",
                                                    "#7",
                                                    "#8",
                                                    "#9",
                                                    "#10",
                                                    "#11",
                                                    "#12"
                                                ],
                                                "Estimated Cardinality": "3850116"
                                            },
                                            "cumulative_cardinality": 3245885617,
                                            "operator_type": "PROJECTION",
                                            "operator_cardinality": 1024305,
                                            "cumulative_rows_scanned": 27418465,
                                            "operator_rows_scanned": 0,
                                            "operator_timing": 0.0005996850000000005,
                                            "result_set_size": 127013820,
                                            "children": [
                                                {
                                                    "operator_name": "HASH_GROUP_BY",
                                                    "cpu_time": 58.440885538002114,
                                                    "extra_info": {
                                                        "Groups": [
                                                            "#0",
                                                            "#1",
                                                            "#2",
                                                            "#3",
                                                            "#4",
                                                            "#5",
                                                            "#6",
                                                            "#7"
                                                        ],
                                                        "Aggregates": [
                                                            "count(#8)",
                                                            "sum(#9)",
                                                            "sum(#10)",
                                                            "count(#11)",
                                                            "sum(#12)"
                                                        ],
                                                        "Estimated Cardinality": "3850116"
                                                    },
                                                    "cumulative_cardinality": 3244861312,
                                                    "operator_type": "HASH_GROUP_BY",
                                                    "operator_cardinality": 1024305,
                                                    "cumulative_rows_scanned": 27418465,
                                                    "operator_rows_scanned": 0,
                                                    "operator_timing": 43.526367516001606,
                                                    "result_set_size": 124965210,
                                                    "children": [
                                                        {
                                                            "operator_name": "PROJECTION",
                                                            "cpu_time": 14.914518022000507,
                                                            "extra_info": {
                                                                "Projections": [
                                                                    "id",
                                                                    "title",
                                                                    "creationdate",
                                                                    "score",
                                                                    "viewcount",
                                                                    "id",
                                                                    "displayname",
                                                                    "reputation",
                                                                    "id",
                                                                    "CASE  WHEN ((votetypeid = 2)) THEN (1) ELSE 0 END",
                                                                    "CASE  WHEN ((votetypeid = 3)) THEN (1) ELSE 0 END",
                                                                    "id",
                                                                    "class"
                                                                ],
                                                                "Estimated Cardinality": "12744093"
                                                            },
                                                            "cumulative_cardinality": 3243837007,
                                                            "operator_type": "PROJECTION",
                                                            "operator_cardinality": 804218084,
                                                            "cumulative_rows_scanned": 27418465,
                                                            "operator_rows_scanned": 0,
                                                            "operator_timing": 4.293352623000204,
                                                            "result_set_size": 61120574384,
                                                            "children": [
                                                                {
                                                                    "operator_name": "PROJECTION",
                                                                    "cpu_time": 10.621165399000304,
                                                                    "extra_info": {
                                                                        "Projections": [
                                                                            "#0",
                                                                            "#1",
                                                                            "#2",
                                                                            "#3",
                                                                            "#4",
                                                                            "#5",
                                                                            "__internal_compress_integral_usmallint(#6, -72)",
                                                                            "#7",
                                                                            "#8",
                                                                            "#9",
                                                                            "#10",
                                                                            "#11"
                                                                        ],
                                                                        "Estimated Cardinality": "12744093"
                                                                    },
                                                                    "cumulative_cardinality": 2439618923,
                                                                    "operator_type": "PROJECTION",
                                                                    "operator_cardinality": 804218084,
                                                                    "cumulative_rows_scanned": 27418465,
                                                                    "operator_rows_scanned": 0,
                                                                    "operator_timing": 0.8662428460003377,
                                                                    "result_set_size": 56295265880,
                                                                    "children": [
                                                                        {
                                                                            "operator_name": "PROJECTION",
                                                                            "cpu_time": 9.754922552999966,
                                                                            "extra_info": {
                                                                                "Projections": [
                                                                                    "#0",
                                                                                    "#1",
                                                                                    "#2",
                                                                                    "#3",
                                                                                    "#4",
                                                                                    "#5",
                                                                                    "#6",
                                                                                    "#7",
                                                                                    "#8",
                                                                                    "#9",
                                                                                    "#10",
                                                                                    "__internal_decompress_integral_smallint(#11, 1)"
                                                                                ],
                                                                                "Estimated Cardinality": "12744093"
                                                                            },
                                                                            "cumulative_cardinality": 1635400839,
                                                                            "operator_type": "PROJECTION",
                                                                            "operator_cardinality": 804218084,
                                                                            "cumulative_rows_scanned": 27418465,
                                                                            "operator_rows_scanned": 0,
                                                                            "operator_timing": 0.40491157700008423,
                                                                            "result_set_size": 57903702048,
                                                                            "children": [
                                                                                {
                                                                                    "operator_name": "HASH_JOIN",
                                                                                    "cpu_time": 9.350010975999883,
                                                                                    "extra_info": {
                                                                                        "Join Type": "LEFT",
                                                                                        "Conditions": "id = userid",
                                                                                        "Estimated Cardinality": "12744093"
                                                                                    },
                                                                                    "cumulative_cardinality": 831182755,
                                                                                    "operator_type": "HASH_JOIN",
                                                                                    "operator_cardinality": 804218084,
                                                                                    "cumulative_rows_scanned": 27418465,
                                                                                    "operator_rows_scanned": 0,
                                                                                    "operator_timing": 7.793686266999884,
                                                                                    "result_set_size": 57099483964,
                                                                                    "children": [
                                                                                        {
                                                                                            "operator_name": "HASH_JOIN",
                                                                                            "cpu_time": 1.5365322079999995,
                                                                                            "extra_info": {
                                                                                                "Join Type": "LEFT",
                                                                                                "Conditions": "id = postid",
                                                                                                "Estimated Cardinality": "12744093"
                                                                                            },
                                                                                            "cumulative_cardinality": 22321223,
                                                                                            "operator_type": "HASH_JOIN",
                                                                                            "operator_cardinality": 6395276,
                                                                                            "cumulative_rows_scanned": 25096741,
                                                                                            "operator_rows_scanned": 0,
                                                                                            "operator_timing": 0.5277317679999997,
                                                                                            "result_set_size": 447669320,
                                                                                            "children": [
                                                                                                {
                                                                                                    "operator_name": "HASH_JOIN",
                                                                                                    "cpu_time": 0.9292291500000001,
                                                                                                    "extra_info": {
                                                                                                        "Join Type": "RIGHT",
                                                                                                        "Conditions": "postid = id",
                                                                                                        "Estimated Cardinality": "12744093"
                                                                                                    },
                                                                                                    "cumulative_cardinality": 8684125,
                                                                                                    "operator_type": "HASH_JOIN",
                                                                                                    "operator_cardinality": 2327390,
                                                                                                    "cumulative_rows_scanned": 17854919,
                                                                                                    "operator_rows_scanned": 0,
                                                                                                    "operator_timing": 0.34319880599999986,
                                                                                                    "result_set_size": 153607740,
                                                                                                    "children": [
                                                                                                        {
                                                                                                            "operator_name": "READ_PARQUET ",
                                                                                                            "cpu_time": 0.07997491400000012,
                                                                                                            "extra_info": {
                                                                                                                "Function": "READ_PARQUET",
                                                                                                                "Projections": [
                                                                                                                    "id",
                                                                                                                    "postid",
                                                                                                                    "votetypeid"
                                                                                                                ],
                                                                                                                "Estimated Cardinality": "12744093"
                                                                                                            },
                                                                                                            "cumulative_cardinality": 3009944,
                                                                                                            "operator_type": "TABLE_SCAN",
                                                                                                            "operator_cardinality": 3009944,
                                                                                                            "cumulative_rows_scanned": 12744093,
                                                                                                            "operator_rows_scanned": 12744093,
                                                                                                            "operator_timing": 0.07997491400000012,
                                                                                                            "result_set_size": 30099440,
                                                                                                            "children": []
                                                                                                        },
                                                                                                        {
                                                                                                            "operator_name": "HASH_JOIN",
                                                                                                            "cpu_time": 0.5060554300000001,
                                                                                                            "extra_info": {
                                                                                                                "Join Type": "INNER",
                                                                                                                "Conditions": "id = owneruserid",
                                                                                                                "Estimated Cardinality": "770023"
                                                                                                            },
                                                                                                            "cumulative_cardinality": 3346791,
                                                                                                            "operator_type": "HASH_JOIN",
                                                                                                            "operator_cardinality": 1024305,
                                                                                                            "cumulative_rows_scanned": 5110826,
                                                                                                            "operator_rows_scanned": 0,
                                                                                                            "operator_timing": 0.20907222200000006,
                                                                                                            "result_set_size": 61458300,
                                                                                                            "children": [
                                                                                                                {
                                                                                                                    "operator_name": "READ_PARQUET ",
                                                                                                                    "cpu_time": 0.0998435449999999,
                                                                                                                    "extra_info": {
                                                                                                                        "Function": "READ_PARQUET",
                                                                                                                        "Projections": [
                                                                                                                            "id",
                                                                                                                            "reputation",
                                                                                                                            "displayname"
                                                                                                                        ],
                                                                                                                        "Filters": "id<=1416539",
                                                                                                                        "Estimated Cardinality": "1260710"
                                                                                                                    },
                                                                                                                    "cumulative_cardinality": 1260679,
                                                                                                                    "operator_type": "TABLE_SCAN",
                                                                                                                    "operator_cardinality": 1260679,
                                                                                                                    "cumulative_rows_scanned": 1260710,
                                                                                                                    "operator_rows_scanned": 1260710,
                                                                                                                    "operator_timing": 0.0998435449999999,
                                                                                                                    "result_set_size": 30256296,
                                                                                                                    "children": []
                                                                                                                },
                                                                                                                {
                                                                                                                    "operator_name": "READ_PARQUET ",
                                                                                                                    "cpu_time": 0.1971396630000001,
                                                                                                                    "extra_info": {
                                                                                                                        "Function": "READ_PARQUET",
                                                                                                                        "Projections": [
                                                                                                                            "id",
                                                                                                                            "creationdate",
                                                                                                                            "score",
                                                                                                                            "viewcount",
                                                                                                                            "owneruserid",
                                                                                                                            "title"
                                                                                                                        ],
                                                                                                                        "Filters": "creationdate>='2020-01-01 00:00:00'::TIMESTAMP",
                                                                                                                        "Estimated Cardinality": "770023"
                                                                                                                    },
                                                                                                                    "cumulative_cardinality": 1061807,
                                                                                                                    "operator_type": "TABLE_SCAN",
                                                                                                                    "operator_cardinality": 1061807,
                                                                                                                    "cumulative_rows_scanned": 3850116,
                                                                                                                    "operator_rows_scanned": 3850116,
                                                                                                                    "operator_timing": 0.1971396630000001,
                                                                                                                    "result_set_size": 42472280,
                                                                                                                    "children": []
                                                                                                                }
                                                                                                            ]
                                                                                                        }
                                                                                                    ]
                                                                                                },
                                                                                                {
                                                                                                    "operator_name": "READ_PARQUET ",
                                                                                                    "cpu_time": 0.07957128999999989,
                                                                                                    "extra_info": {
                                                                                                        "Function": "READ_PARQUET",
                                                                                                        "Projections": [
                                                                                                            "id",
                                                                                                            "postid"
                                                                                                        ],
                                                                                                        "Estimated Cardinality": "7241822"
                                                                                                    },
                                                                                                    "cumulative_cardinality": 7241822,
                                                                                                    "operator_type": "TABLE_SCAN",
                                                                                                    "operator_cardinality": 7241822,
                                                                                                    "cumulative_rows_scanned": 7241822,
                                                                                                    "operator_rows_scanned": 7241822,
                                                                                                    "operator_timing": 0.07957128999999989,
                                                                                                    "result_set_size": 57934576,
                                                                                                    "children": []
                                                                                                }
                                                                                            ]
                                                                                        },
                                                                                        {
                                                                                            "operator_name": "PROJECTION",
                                                                                            "cpu_time": 0.01979250100000004,
                                                                                            "extra_info": {
                                                                                                "Projections": [
                                                                                                    "#0",
                                                                                                    "__internal_compress_integral_utinyint(#1, 1)"
                                                                                                ],
                                                                                                "Estimated Cardinality": "2321724"
                                                                                            },
                                                                                            "cumulative_cardinality": 4643448,
                                                                                            "operator_type": "PROJECTION",
                                                                                            "operator_cardinality": 2321724,
                                                                                            "cumulative_rows_scanned": 2321724,
                                                                                            "operator_rows_scanned": 0,
                                                                                            "operator_timing": 0.0005802159999999985,
                                                                                            "result_set_size": 11608620,
                                                                                            "children": [
                                                                                                {
                                                                                                    "operator_name": "READ_PARQUET ",
                                                                                                    "cpu_time": 0.01921228500000004,
                                                                                                    "extra_info": {
                                                                                                        "Function": "READ_PARQUET",
                                                                                                        "Projections": [
                                                                                                            "userid",
                                                                                                            "class"
                                                                                                        ],
                                                                                                        "Estimated Cardinality": "2321724"
                                                                                                    },
                                                                                                    "cumulative_cardinality": 2321724,
                                                                                                    "operator_type": "TABLE_SCAN",
                                                                                                    "operator_cardinality": 2321724,
                                                                                                    "cumulative_rows_scanned": 2321724,
                                                                                                    "operator_rows_scanned": 2321724,
                                                                                                    "operator_timing": 0.01921228500000004,
                                                                                                    "result_set_size": 13930344,
                                                                                                    "children": []
                                                                                                }
                                                                                            ]
                                                                                        }
                                                                                    ]
                                                                                }
                                                                            ]
                                                                        }
                                                                    ]
                                                                }
                                                            ]
                                                        }
                                                    ]
                                                }
                                            ]
                                        }
                                    ]
                                }
                            ]
                        }
                    ]
                }
            ]
        }
    ]
}