{
    "rows_returned": 0,
    "query_name": "\nWITH PostStats AS (\n    SELECT \n        p.Id AS PostId,\n        p.Title,\n        p.CreationDate,\n        p.ViewCount,\n        p.Score,\n        COUNT(c.Id) AS CommentCount,\n        COUNT(DISTINCT v.Id) AS VoteCount,\n        COALESCE(SUM(CASE WHEN v.VoteTypeId = 2 THEN 1 ELSE 0 END), 0) AS UpVoteCount,\n        COALESCE(SUM(CASE WHEN v.VoteTypeId = 3 THEN 1 ELSE 0 END), 0) AS DownVoteCount,\n        COUNT(DISTINCT b.Id) AS BadgeCount\n    FROM \n        Posts p\n    LEFT JOIN \n        Comments c ON p.Id = c.PostId\n    LEFT JOIN \n        Votes v ON p.Id = v.PostId\n    LEFT JOIN \n        Badges b ON p.OwnerUserId = b.UserId\n    WHERE \n        p.CreationDate >= TIMESTAMP '2024-10-01 12:34:56' - INTERVAL '1 year'\n    GROUP BY \n        p.Id, p.Title, p.CreationDate, p.ViewCount, p.Score\n),\nUserStats AS (\n    SELECT \n        u.Id AS UserId,\n        u.DisplayName,\n        COUNT(DISTINCT p.Id) AS PostCount,\n        SUM(u.UpVotes) AS TotalUpVotes,\n        SUM(u.DownVotes) AS TotalDownVotes,\n        AVG(u.Reputation) AS AverageReputation\n    FROM \n        Users u\n    LEFT JOIN \n        Posts p ON u.Id = p.OwnerUserId\n    GROUP BY \n        u.Id, u.DisplayName\n)\nSELECT \n    ps.Title,\n    ps.ViewCount,\n    ps.Score,\n    ps.CommentCount,\n    ps.VoteCount,\n    ps.UpVoteCount,\n    ps.DownVoteCount,\n    us.DisplayName AS OwnerDisplayName,\n    us.PostCount,\n    us.TotalUpVotes,\n    us.TotalDownVotes,\n    us.AverageReputation\nFROM \n    PostStats ps\nJOIN \n    UserStats us ON ps.PostId = us.UserId\nORDER BY \n    ps.ViewCount DESC\nLIMIT 100;\n",
    "blocked_thread_time": 0.0,
    "cpu_time": 3.540500150000008,
    "extra_info": {},
    "cumulative_cardinality": 135701610,
    "cumulative_rows_scanned": 31268581,
    "result_set_size": 0,
    "latency": 4.673420205,
    "children": [
        {
            "operator_name": "STREAMING_LIMIT",
            "cpu_time": 3.540500150000008,
            "extra_info": {},
            "cumulative_cardinality": 135701610,
            "operator_type": "STREAMING_LIMIT",
            "operator_cardinality": 0,
            "cumulative_rows_scanned": 31268581,
            "operator_rows_scanned": 0,
            "operator_timing": 0.0,
            "result_set_size": 0,
            "children": [
                {
                    "operator_name": "PROJECTION",
                    "cpu_time": 3.540500150000008,
                    "extra_info": {
                        "Projections": [
                            "#0",
                            "#1",
                            "__internal_decompress_integral_integer(#2, -72)",
                            "#3",
                            "#4",
                            "#5",
                            "#6",
                            "#7",
                            "#8",
                            "#9",
                            "#10",
                            "#11"
                        ],
                        "Estimated Cardinality": "3850116"
                    },
                    "cumulative_cardinality": 135701610,
                    "operator_type": "PROJECTION",
                    "operator_cardinality": 0,
                    "cumulative_rows_scanned": 31268581,
                    "operator_rows_scanned": 0,
                    "operator_timing": 0.0,
                    "result_set_size": 0,
                    "children": [
                        {
                            "operator_name": "ORDER_BY",
                            "cpu_time": 3.540500150000008,
                            "extra_info": {
                                "Order By": "ps.ViewCount DESC"
                            },
                            "cumulative_cardinality": 135701610,
                            "operator_type": "ORDER_BY",
                            "operator_cardinality": 0,
                            "cumulative_rows_scanned": 31268581,
                            "operator_rows_scanned": 0,
                            "operator_timing": 6.81e-7,
                            "result_set_size": 0,
                            "children": [
                                {
                                    "operator_name": "PROJECTION",
                                    "cpu_time": 3.5404994690000082,
                                    "extra_info": {
                                        "Projections": [
                                            "#0",
                                            "#1",
                                            "__internal_compress_integral_usmallint(#2, -72)",
                                            "#3",
                                            "#4",
                                            "#5",
                                            "#6",
                                            "#7",
                                            "#8",
                                            "#9",
                                            "#10",
                                            "#11"
                                        ],
                                        "Estimated Cardinality": "3850116"
                                    },
                                    "cumulative_cardinality": 135701610,
                                    "operator_type": "PROJECTION",
                                    "operator_cardinality": 0,
                                    "cumulative_rows_scanned": 31268581,
                                    "operator_rows_scanned": 0,
                                    "operator_timing": 0.0,
                                    "result_set_size": 0,
                                    "children": [
                                        {
                                            "operator_name": "HASH_JOIN",
                                            "cpu_time": 3.5404994690000082,
                                            "extra_info": {
                                                "Join Type": "INNER",
                                                "Conditions": "PostId = UserId",
                                                "Estimated Cardinality": "3850116"
                                            },
                                            "cumulative_cardinality": 135701610,
                                            "operator_type": "HASH_JOIN",
                                            "operator_cardinality": 0,
                                            "cumulative_rows_scanned": 31268581,
                                            "operator_rows_scanned": 0,
                                            "operator_timing": 0.08574183399999995,
                                            "result_set_size": 0,
                                            "children": [
                                                {
                                                    "operator_name": "PROJECTION",
                                                    "cpu_time": 1.5367821730000073,
                                                    "extra_info": {
                                                        "Projections": [
                                                            "PostId",
                                                            "title",
                                                            "viewcount",
                                                            "score",
                                                            "CommentCount",
                                                            "VoteCount",
                                                            "UpVoteCount",
                                                            "DownVoteCount"
                                                        ],
                                                        "Estimated Cardinality": "3850116"
                                                    },
                                                    "cumulative_cardinality": 109937879,
                                                    "operator_type": "PROJECTION",
                                                    "operator_cardinality": 0,
                                                    "cumulative_rows_scanned": 26157755,
                                                    "operator_rows_scanned": 0,
                                                    "operator_timing": 0.0,
                                                    "result_set_size": 0,
                                                    "children": [
                                                        {
                                                            "operator_name": "PROJECTION",
                                                            "cpu_time": 1.5367821730000073,
                                                            "extra_info": {
                                                                "Projections": [
                                                                    "#0",
                                                                    "#1",
                                                                    "#2",
                                                                    "#3",
                                                                    "__internal_decompress_integral_integer(#4, -72)",
                                                                    "#5",
                                                                    "#6",
                                                                    "#7",
                                                                    "#8"
                                                                ],
                                                                "Estimated Cardinality": "3850116"
                                                            },
                                                            "cumulative_cardinality": 109937879,
                                                            "operator_type": "PROJECTION",
                                                            "operator_cardinality": 0,
                                                            "cumulative_rows_scanned": 26157755,
                                                            "operator_rows_scanned": 0,
                                                            "operator_timing": 0.0,
                                                            "result_set_size": 0,
                                                            "children": [
                                                                {
                                                                    "operator_name": "HASH_GROUP_BY",
                                                                    "cpu_time": 1.5367821730000073,
                                                                    "extra_info": {
                                                                        "Groups": [
                                                                            "#0",
                                                                            "#1",
                                                                            "#2",
                                                                            "#3",
                                                                            "#4"
                                                                        ],
                                                                        "Aggregates": [
                                                                            "count(#5)",
                                                                            "count(DISTINCT #6)",
                                                                            "sum(#7)",
                                                                            "sum(#8)"
                                                                        ],
                                                                        "Estimated Cardinality": "3850116"
                                                                    },
                                                                    "cumulative_cardinality": 109937879,
                                                                    "operator_type": "HASH_GROUP_BY",
                                                                    "operator_cardinality": 0,
                                                                    "cumulative_rows_scanned": 26157755,
                                                                    "operator_rows_scanned": 0,
                                                                    "operator_timing": 0.000001102,
                                                                    "result_set_size": 0,
                                                                    "children": [
                                                                        {
                                                                            "operator_name": "PROJECTION",
                                                                            "cpu_time": 1.5367810710000074,
                                                                            "extra_info": {
                                                                                "Projections": [
                                                                                    "id",
                                                                                    "title",
                                                                                    "creationdate",
                                                                                    "viewcount",
                                                                                    "score",
                                                                                    "id",
                                                                                    "id",
                                                                                    "CASE  WHEN ((votetypeid = 2)) THEN (1) ELSE 0 END",
                                                                                    "CASE  WHEN ((votetypeid = 3)) THEN (1) ELSE 0 END"
                                                                                ],
                                                                                "Estimated Cardinality": "12744093"
                                                                            },
                                                                            "cumulative_cardinality": 109937879,
                                                                            "operator_type": "PROJECTION",
                                                                            "operator_cardinality": 0,
                                                                            "cumulative_rows_scanned": 26157755,
                                                                            "operator_rows_scanned": 0,
                                                                            "operator_timing": 0.0,
                                                                            "result_set_size": 0,
                                                                            "children": [
                                                                                {
                                                                                    "operator_name": "PROJECTION",
                                                                                    "cpu_time": 1.5367810710000074,
                                                                                    "extra_info": {
                                                                                        "Projections": [
                                                                                            "#3",
                                                                                            "#4",
                                                                                            "__internal_compress_integral_usmallint(#5, -72)",
                                                                                            "#6",
                                                                                            "#7",
                                                                                            "#2",
                                                                                            "#0",
                                                                                            "#1",
                                                                                            "#8"
                                                                                        ],
                                                                                        "Estimated Cardinality": "12744093"
                                                                                    },
                                                                                    "cumulative_cardinality": 109937879,
                                                                                    "operator_type": "PROJECTION",
                                                                                    "operator_cardinality": 0,
                                                                                    "cumulative_rows_scanned": 26157755,
                                                                                    "operator_rows_scanned": 0,
                                                                                    "operator_timing": 0.0,
                                                                                    "result_set_size": 0,
                                                                                    "children": [
                                                                                        {
                                                                                            "operator_name": "FILTER",
                                                                                            "cpu_time": 1.5367810710000074,
                                                                                            "extra_info": {
                                                                                                "Expression": "(#3 <= 1416570)",
                                                                                                "Estimated Cardinality": "12744093"
                                                                                            },
                                                                                            "cumulative_cardinality": 109937879,
                                                                                            "operator_type": "FILTER",
                                                                                            "operator_cardinality": 0,
                                                                                            "cumulative_rows_scanned": 26157755,
                                                                                            "operator_rows_scanned": 0,
                                                                                            "operator_timing": 0.3647153250000013,
                                                                                            "result_set_size": 0,
                                                                                            "children": [
                                                                                                {
                                                                                                    "operator_name": "HASH_JOIN",
                                                                                                    "cpu_time": 1.1720657460000061,
                                                                                                    "extra_info": {
                                                                                                        "Join Type": "LEFT",
                                                                                                        "Conditions": "owneruserid = userid",
                                                                                                        "Estimated Cardinality": "12744093"
                                                                                                    },
                                                                                                    "cumulative_cardinality": 109937879,
                                                                                                    "operator_type": "HASH_JOIN",
                                                                                                    "operator_cardinality": 104133083,
                                                                                                    "cumulative_rows_scanned": 26157755,
                                                                                                    "operator_rows_scanned": 0,
                                                                                                    "operator_timing": 0.941487433000006,
                                                                                                    "result_set_size": 5206654150,
                                                                                                    "children": [
                                                                                                        {
                                                                                                            "operator_name": "PROJECTION",
                                                                                                            "cpu_time": 0.2169530029999999,
                                                                                                            "extra_info": {
                                                                                                                "Projections": [
                                                                                                                    "#0",
                                                                                                                    "#1",
                                                                                                                    "#2",
                                                                                                                    "#3",
                                                                                                                    "#4",
                                                                                                                    "__internal_decompress_integral_integer(#5, -72)",
                                                                                                                    "#6",
                                                                                                                    "#7",
                                                                                                                    "#8"
                                                                                                                ],
                                                                                                                "Estimated Cardinality": "12744093"
                                                                                                            },
                                                                                                            "cumulative_cardinality": 3483072,
                                                                                                            "operator_type": "PROJECTION",
                                                                                                            "operator_cardinality": 954760,
                                                                                                            "cumulative_rows_scanned": 23836031,
                                                                                                            "operator_rows_scanned": 0,
                                                                                                            "operator_timing": 0.0010149769999999992,
                                                                                                            "result_set_size": 47738000,
                                                                                                            "children": [
                                                                                                                {
                                                                                                                    "operator_name": "HASH_JOIN",
                                                                                                                    "cpu_time": 0.2159380259999999,
                                                                                                                    "extra_info": {
                                                                                                                        "Join Type": "RIGHT",
                                                                                                                        "Conditions": "postid = id",
                                                                                                                        "Estimated Cardinality": "12744093"
                                                                                                                    },
                                                                                                                    "cumulative_cardinality": 2528312,
                                                                                                                    "operator_type": "HASH_JOIN",
                                                                                                                    "operator_cardinality": 954760,
                                                                                                                    "cumulative_rows_scanned": 23836031,
                                                                                                                    "operator_rows_scanned": 0,
                                                                                                                    "operator_timing": 0.07662399199999992,
                                                                                                                    "result_set_size": 45828480,
                                                                                                                    "children": [
                                                                                                                        {
                                                                                                                            "operator_name": "READ_PARQUET ",
                                                                                                                            "cpu_time": 0.026040757999999966,
                                                                                                                            "extra_info": {
                                                                                                                                "Function": "READ_PARQUET",
                                                                                                                                "Projections": [
                                                                                                                                    "id",
                                                                                                                                    "postid",
                                                                                                                                    "votetypeid"
                                                                                                                                ],
                                                                                                                                "Estimated Cardinality": "12744093"
                                                                                                                            },
                                                                                                                            "cumulative_cardinality": 442526,
                                                                                                                            "operator_type": "TABLE_SCAN",
                                                                                                                            "operator_cardinality": 442526,
                                                                                                                            "cumulative_rows_scanned": 12744093,
                                                                                                                            "operator_rows_scanned": 12744093,
                                                                                                                            "operator_timing": 0.026040757999999966,
                                                                                                                            "result_set_size": 4425260,
                                                                                                                            "children": []
                                                                                                                        },
                                                                                                                        {
                                                                                                                            "operator_name": "PROJECTION",
                                                                                                                            "cpu_time": 0.11327327600000002,
                                                                                                                            "extra_info": {
                                                                                                                                "Projections": [
                                                                                                                                    "#0",
                                                                                                                                    "#1",
                                                                                                                                    "#2",
                                                                                                                                    "__internal_compress_integral_usmallint(#3, -72)",
                                                                                                                                    "#4",
                                                                                                                                    "#5",
                                                                                                                                    "#6"
                                                                                                                                ],
                                                                                                                                "Estimated Cardinality": "7241822"
                                                                                                                            },
                                                                                                                            "cumulative_cardinality": 1131026,
                                                                                                                            "operator_type": "PROJECTION",
                                                                                                                            "operator_cardinality": 349210,
                                                                                                                            "cumulative_rows_scanned": 11091938,
                                                                                                                            "operator_rows_scanned": 0,
                                                                                                                            "operator_timing": 0.00020704000000000008,
                                                                                                                            "result_set_size": 14666820,
                                                                                                                            "children": [
                                                                                                                                {
                                                                                                                                    "operator_name": "HASH_JOIN",
                                                                                                                                    "cpu_time": 0.11306623600000001,
                                                                                                                                    "extra_info": {
                                                                                                                                        "Join Type": "RIGHT",
                                                                                                                                        "Conditions": "postid = id",
                                                                                                                                        "Estimated Cardinality": "7241822"
                                                                                                                                    },
                                                                                                                                    "cumulative_cardinality": 781816,
                                                                                                                                    "operator_type": "HASH_JOIN",
                                                                                                                                    "operator_cardinality": 349210,
                                                                                                                                    "cumulative_rows_scanned": 11091938,
                                                                                                                                    "operator_rows_scanned": 0,
                                                                                                                                    "operator_timing": 0.027346841000000014,
                                                                                                                                    "result_set_size": 15365240,
                                                                                                                                    "children": [
                                                                                                                                        {
                                                                                                                                            "operator_name": "READ_PARQUET ",
                                                                                                                                            "cpu_time": 0.01338509700000001,
                                                                                                                                            "extra_info": {
                                                                                                                                                "Function": "READ_PARQUET",
                                                                                                                                                "Projections": [
                                                                                                                                                    "id",
                                                                                                                                                    "postid"
                                                                                                                                                ],
                                                                                                                                                "Estimated Cardinality": "7241822"
                                                                                                                                            },
                                                                                                                                            "cumulative_cardinality": 287064,
                                                                                                                                            "operator_type": "TABLE_SCAN",
                                                                                                                                            "operator_cardinality": 287064,
                                                                                                                                            "cumulative_rows_scanned": 7241822,
                                                                                                                                            "operator_rows_scanned": 7241822,
                                                                                                                                            "operator_timing": 0.01338509700000001,
                                                                                                                                            "result_set_size": 2296512,
                                                                                                                                            "children": []
                                                                                                                                        },
                                                                                                                                        {
                                                                                                                                            "operator_name": "READ_PARQUET ",
                                                                                                                                            "cpu_time": 0.07233429799999999,
                                                                                                                                            "extra_info": {
                                                                                                                                                "Function": "READ_PARQUET",
                                                                                                                                                "Projections": [
                                                                                                                                                    "id",
                                                                                                                                                    "creationdate",
                                                                                                                                                    "score",
                                                                                                                                                    "viewcount",
                                                                                                                                                    "owneruserid",
                                                                                                                                                    "title"
                                                                                                                                                ],
                                                                                                                                                "Filters": "creationdate>='2023-10-01 12:34:56'::TIMESTAMP",
                                                                                                                                                "Estimated Cardinality": "770023"
                                                                                                                                            },
                                                                                                                                            "cumulative_cardinality": 145542,
                                                                                                                                            "operator_type": "TABLE_SCAN",
                                                                                                                                            "operator_cardinality": 145542,
                                                                                                                                            "cumulative_rows_scanned": 3850116,
                                                                                                                                            "operator_rows_scanned": 3850116,
                                                                                                                                            "operator_timing": 0.07233429799999999,
                                                                                                                                            "result_set_size": 5821680,
                                                                                                                                            "children": []
                                                                                                                                        }
                                                                                                                                    ]
                                                                                                                                }
                                                                                                                            ]
                                                                                                                        }
                                                                                                                    ]
                                                                                                                }
                                                                                                            ]
                                                                                                        },
                                                                                                        {
                                                                                                            "operator_name": "READ_PARQUET ",
                                                                                                            "cpu_time": 0.013625310000000031,
                                                                                                            "extra_info": {
                                                                                                                "Function": "READ_PARQUET",
                                                                                                                "Projections": "userid",
                                                                                                                "Estimated Cardinality": "2321724"
                                                                                                            },
                                                                                                            "cumulative_cardinality": 2321724,
                                                                                                            "operator_type": "TABLE_SCAN",
                                                                                                            "operator_cardinality": 2321724,
                                                                                                            "cumulative_rows_scanned": 2321724,
                                                                                                            "operator_rows_scanned": 2321724,
                                                                                                            "operator_timing": 0.013625310000000031,
                                                                                                            "result_set_size": 9286896,
                                                                                                            "children": []
                                                                                                        }
                                                                                                    ]
                                                                                                }
                                                                                            ]
                                                                                        }
                                                                                    ]
                                                                                }
                                                                            ]
                                                                        }
                                                                    ]
                                                                }
                                                            ]
                                                        }
                                                    ]
                                                },
                                                {
                                                    "operator_name": "HASH_GROUP_BY",
                                                    "cpu_time": 1.9179754620000011,
                                                    "extra_info": {
                                                        "Groups": [
                                                            "#0",
                                                            "#1"
                                                        ],
                                                        "Aggregates": [
                                                            "count(DISTINCT #2)",
                                                            "sum(#3)",
                                                            "sum(#4)",
                                                            "avg(#5)"
                                                        ],
                                                        "Estimated Cardinality": "1260710"
                                                    },
                                                    "cumulative_cardinality": 25763731,
                                                    "operator_type": "HASH_GROUP_BY",
                                                    "operator_cardinality": 1260709,
                                                    "cumulative_rows_scanned": 5110826,
                                                    "operator_rows_scanned": 0,
                                                    "operator_timing": 1.4087596390000008,
                                                    "result_set_size": 85728212,
                                                    "children": [
                                                        {
                                                            "operator_name": "PROJECTION",
                                                            "cpu_time": 0.5092158230000005,
                                                            "extra_info": {
                                                                "Projections": [
                                                                    "id",
                                                                    "displayname",
                                                                    "id",
                                                                    "upvotes",
                                                                    "downvotes",
                                                                    "reputation"
                                                                ],
                                                                "Estimated Cardinality": "3850116"
                                                            },
                                                            "cumulative_cardinality": 24503022,
                                                            "operator_type": "PROJECTION",
                                                            "operator_cardinality": 4573897,
                                                            "cumulative_rows_scanned": 5110826,
                                                            "operator_rows_scanned": 0,
                                                            "operator_timing": 0.0009614059999999997,
                                                            "result_set_size": 164660292,
                                                            "children": [
                                                                {
                                                                    "operator_name": "PROJECTION",
                                                                    "cpu_time": 0.5082544170000004,
                                                                    "extra_info": {
                                                                        "Projections": [
                                                                            "#0",
                                                                            "#1",
                                                                            "#2",
                                                                            "#3",
                                                                            "#4",
                                                                            "__internal_decompress_integral_integer(#5, 0)"
                                                                        ],
                                                                        "Estimated Cardinality": "3850116"
                                                                    },
                                                                    "cumulative_cardinality": 19929125,
                                                                    "operator_type": "PROJECTION",
                                                                    "operator_cardinality": 4573897,
                                                                    "cumulative_rows_scanned": 5110826,
                                                                    "operator_rows_scanned": 0,
                                                                    "operator_timing": 0.004244152999999995,
                                                                    "result_set_size": 164660292,
                                                                    "children": [
                                                                        {
                                                                            "operator_name": "FILTER",
                                                                            "cpu_time": 0.5040102640000004,
                                                                            "extra_info": {
                                                                                "Expression": "(#1 >= 1)",
                                                                                "Estimated Cardinality": "3850116"
                                                                            },
                                                                            "cumulative_cardinality": 15355228,
                                                                            "operator_type": "FILTER",
                                                                            "operator_cardinality": 4573897,
                                                                            "cumulative_rows_scanned": 5110826,
                                                                            "operator_rows_scanned": 0,
                                                                            "operator_timing": 0.01448833099999991,
                                                                            "result_set_size": 155512498,
                                                                            "children": [
                                                                                {
                                                                                    "operator_name": "HASH_JOIN",
                                                                                    "cpu_time": 0.48952193300000046,
                                                                                    "extra_info": {
                                                                                        "Join Type": "RIGHT",
                                                                                        "Conditions": "owneruserid = id",
                                                                                        "Estimated Cardinality": "3850116"
                                                                                    },
                                                                                    "cumulative_cardinality": 10781331,
                                                                                    "operator_type": "HASH_JOIN",
                                                                                    "operator_cardinality": 4574495,
                                                                                    "cumulative_rows_scanned": 5110826,
                                                                                    "operator_rows_scanned": 0,
                                                                                    "operator_timing": 0.3058648250000004,
                                                                                    "result_set_size": 155532830,
                                                                                    "children": [
                                                                                        {
                                                                                            "operator_name": "READ_PARQUET ",
                                                                                            "cpu_time": 0.08592614500000005,
                                                                                            "extra_info": {
                                                                                                "Function": "READ_PARQUET",
                                                                                                "Projections": [
                                                                                                    "id",
                                                                                                    "owneruserid"
                                                                                                ],
                                                                                                "Estimated Cardinality": "3850116"
                                                                                            },
                                                                                            "cumulative_cardinality": 3685416,
                                                                                            "operator_type": "TABLE_SCAN",
                                                                                            "operator_cardinality": 3685416,
                                                                                            "cumulative_rows_scanned": 3850116,
                                                                                            "operator_rows_scanned": 3850116,
                                                                                            "operator_timing": 0.08592614500000005,
                                                                                            "result_set_size": 29483328,
                                                                                            "children": []
                                                                                        },
                                                                                        {
                                                                                            "operator_name": "PROJECTION",
                                                                                            "cpu_time": 0.09773096300000002,
                                                                                            "extra_info": {
                                                                                                "Projections": [
                                                                                                    "#0",
                                                                                                    "#1",
                                                                                                    "#2",
                                                                                                    "#3",
                                                                                                    "__internal_compress_integral_usmallint(#4, 0)"
                                                                                                ],
                                                                                                "Estimated Cardinality": "1260710"
                                                                                            },
                                                                                            "cumulative_cardinality": 2521420,
                                                                                            "operator_type": "PROJECTION",
                                                                                            "operator_cardinality": 1260710,
                                                                                            "cumulative_rows_scanned": 1260710,
                                                                                            "operator_rows_scanned": 0,
                                                                                            "operator_timing": 0.0005998169999999999,
                                                                                            "result_set_size": 37821300,
                                                                                            "children": [
                                                                                                {
                                                                                                    "operator_name": "READ_PARQUET ",
                                                                                                    "cpu_time": 0.09713114600000002,
                                                                                                    "extra_info": {
                                                                                                        "Function": "READ_PARQUET",
                                                                                                        "Projections": [
                                                                                                            "id",
                                                                                                            "reputation",
                                                                                                            "displayname",
                                                                                                            "upvotes",
                                                                                                            "downvotes"
                                                                                                        ],
                                                                                                        "Estimated Cardinality": "1260710"
                                                                                                    },
                                                                                                    "cumulative_cardinality": 1260710,
                                                                                                    "operator_type": "TABLE_SCAN",
                                                                                                    "operator_cardinality": 1260710,
                                                                                                    "cumulative_rows_scanned": 1260710,
                                                                                                    "operator_rows_scanned": 1260710,
                                                                                                    "operator_timing": 0.09713114600000002,
                                                                                                    "result_set_size": 40342720,
                                                                                                    "children": []
                                                                                                }
                                                                                            ]
                                                                                        }
                                                                                    ]
                                                                                }
                                                                            ]
                                                                        }
                                                                    ]
                                                                }
                                                            ]
                                                        }
                                                    ]
                                                }
                                            ]
                                        }
                                    ]
                                }
                            ]
                        }
                    ]
                }
            ]
        }
    ]
}