{
    "rows_returned": 100,
    "query_name": "WITH PostStats AS (\n    SELECT \n        p.Id AS PostId,\n        p.Title,\n        p.CreationDate,\n        p.Score,\n        p.ViewCount,\n        COALESCE(c.CommentCount, 0) AS CommentCount,\n        COALESCE(a.AnswerCount, 0) AS AnswerCount,\n        u.DisplayName AS OwnerDisplayName,\n        u.Reputation AS OwnerReputation\n    FROM \n        Posts p\n    LEFT JOIN (\n        SELECT PostId, COUNT(*) AS CommentCount \n        FROM Comments GROUP BY PostId\n    ) c ON p.Id = c.PostId\n    LEFT JOIN (\n        SELECT ParentId, COUNT(*) AS AnswerCount \n        FROM Posts WHERE PostTypeId = 2 GROUP BY ParentId\n    ) a ON p.Id = a.ParentId\n    LEFT JOIN Users u ON p.OwnerUserId = u.Id\n    WHERE p.PostTypeId = 1 \n),\nHistoryStats AS (\n    SELECT \n        ph.PostId,\n        COUNT(*) AS EditCount,\n        MAX(ph.CreationDate) AS LastEditDate\n    FROM \n        PostHistory ph\n    WHERE \n        ph.PostHistoryTypeId IN (4, 5, 6) \n    GROUP BY \n        ph.PostId\n)\nSELECT \n    ps.PostId,\n    ps.Title,\n    ps.CreationDate,\n    ps.Score,\n    ps.ViewCount,\n    ps.CommentCount,\n    ps.AnswerCount,\n    ps.OwnerDisplayName,\n    ps.OwnerReputation,\n    hs.EditCount,\n    hs.LastEditDate\nFROM \n    PostStats ps\nLEFT JOIN \n    HistoryStats hs ON ps.PostId = hs.PostId\nORDER BY \n    ps.Score DESC, ps.ViewCount DESC\nLIMIT 100;",
    "blocked_thread_time": 0.0,
    "cpu_time": 3.341497374,
    "extra_info": {},
    "cumulative_cardinality": 44775717,
    "cumulative_rows_scanned": 27998008,
    "result_set_size": 8800,
    "latency": 3.815488234,
    "children": [
        {
            "operator_name": "STREAMING_LIMIT",
            "cpu_time": 3.341497374,
            "extra_info": {},
            "cumulative_cardinality": 44775717,
            "operator_type": "STREAMING_LIMIT",
            "operator_cardinality": 100,
            "cumulative_rows_scanned": 27998008,
            "operator_rows_scanned": 0,
            "operator_timing": 0.000001974,
            "result_set_size": 8800,
            "children": [
                {
                    "operator_name": "PROJECTION",
                    "cpu_time": 3.3414954,
                    "extra_info": {
                        "Projections": [
                            "#0",
                            "#1",
                            "#2",
                            "__internal_decompress_integral_integer(#3, -72)",
                            "#4",
                            "#5",
                            "#6",
                            "#7",
                            "#8",
                            "#9",
                            "#10"
                        ],
                        "Estimated Cardinality": "3620911"
                    },
                    "cumulative_cardinality": 44775617,
                    "operator_type": "PROJECTION",
                    "operator_cardinality": 4096,
                    "cumulative_rows_scanned": 27998008,
                    "operator_rows_scanned": 0,
                    "operator_timing": 0.000007384000000000001,
                    "result_set_size": 360448,
                    "children": [
                        {
                            "operator_name": "ORDER_BY",
                            "cpu_time": 3.341488016,
                            "extra_info": {
                                "Order By": [
                                    "ps.Score DESC",
                                    "ps.ViewCount DESC"
                                ]
                            },
                            "cumulative_cardinality": 44771521,
                            "operator_type": "ORDER_BY",
                            "operator_cardinality": 4096,
                            "cumulative_rows_scanned": 27998008,
                            "operator_rows_scanned": 0,
                            "operator_timing": 0.3309287739999997,
                            "result_set_size": 352256,
                            "children": [
                                {
                                    "operator_name": "PROJECTION",
                                    "cpu_time": 3.0105592420000002,
                                    "extra_info": {
                                        "Projections": [
                                            "#0",
                                            "#1",
                                            "#2",
                                            "__internal_compress_integral_usmallint(#3, -72)",
                                            "#4",
                                            "#5",
                                            "#6",
                                            "#7",
                                            "#8",
                                            "#9",
                                            "#10"
                                        ],
                                        "Estimated Cardinality": "3620911"
                                    },
                                    "cumulative_cardinality": 44767425,
                                    "operator_type": "PROJECTION",
                                    "operator_cardinality": 1668164,
                                    "cumulative_rows_scanned": 27998008,
                                    "operator_rows_scanned": 0,
                                    "operator_timing": 0.00604260200000002,
                                    "result_set_size": 143462104,
                                    "children": [
                                        {
                                            "operator_name": "HASH_JOIN",
                                            "cpu_time": 3.0045166400000003,
                                            "extra_info": {
                                                "Join Type": "LEFT",
                                                "Conditions": "PostId = postid",
                                                "Estimated Cardinality": "3620911"
                                            },
                                            "cumulative_cardinality": 43099261,
                                            "operator_type": "HASH_JOIN",
                                            "operator_cardinality": 1668164,
                                            "cumulative_rows_scanned": 27998008,
                                            "operator_rows_scanned": 0,
                                            "operator_timing": 0.25262028800000025,
                                            "result_set_size": 146798432,
                                            "children": [
                                                {
                                                    "operator_name": "PROJECTION",
                                                    "cpu_time": 1.9582355639999998,
                                                    "extra_info": {
                                                        "Projections": [
                                                            "PostId",
                                                            "title",
                                                            "creationdate",
                                                            "score",
                                                            "viewcount",
                                                            "CommentCount",
                                                            "AnswerCount",
                                                            "OwnerDisplayName",
                                                            "OwnerReputation"
                                                        ],
                                                        "Estimated Cardinality": "3620911"
                                                    },
                                                    "cumulative_cardinality": 31958003,
                                                    "operator_type": "PROJECTION",
                                                    "operator_cardinality": 1668164,
                                                    "cumulative_rows_scanned": 16202764,
                                                    "operator_rows_scanned": 0,
                                                    "operator_timing": 0.04852973499999996,
                                                    "result_set_size": 120107808,
                                                    "children": [
                                                        {
                                                            "operator_name": "HASH_JOIN",
                                                            "cpu_time": 1.9097058289999997,
                                                            "extra_info": {
                                                                "Join Type": "LEFT",
                                                                "Conditions": "owneruserid = id",
                                                                "Estimated Cardinality": "3620911"
                                                            },
                                                            "cumulative_cardinality": 30289839,
                                                            "operator_type": "HASH_JOIN",
                                                            "operator_cardinality": 1668164,
                                                            "cumulative_rows_scanned": 16202764,
                                                            "operator_rows_scanned": 0,
                                                            "operator_timing": 0.2296047949999999,
                                                            "result_set_size": 120107808,
                                                            "children": [
                                                                {
                                                                    "operator_name": "HASH_JOIN",
                                                                    "cpu_time": 1.5925960579999998,
                                                                    "extra_info": {
                                                                        "Join Type": "LEFT",
                                                                        "Conditions": "id = parentid",
                                                                        "Estimated Cardinality": "3620911"
                                                                    },
                                                                    "cumulative_cardinality": 27360965,
                                                                    "operator_type": "HASH_JOIN",
                                                                    "operator_cardinality": 1668164,
                                                                    "cumulative_rows_scanned": 14942054,
                                                                    "operator_rows_scanned": 0,
                                                                    "operator_timing": 0.15770992800000036,
                                                                    "result_set_size": 93417184,
                                                                    "children": [
                                                                        {
                                                                            "operator_name": "HASH_JOIN",
                                                                            "cpu_time": 1.2156387759999996,
                                                                            "extra_info": {
                                                                                "Join Type": "RIGHT",
                                                                                "Conditions": "postid = id",
                                                                                "Estimated Cardinality": "3620911"
                                                                            },
                                                                            "cumulative_cardinality": 19983644,
                                                                            "operator_type": "HASH_JOIN",
                                                                            "operator_cardinality": 1668164,
                                                                            "cumulative_rows_scanned": 11091938,
                                                                            "operator_rows_scanned": 0,
                                                                            "operator_timing": 0.3304519870000002,
                                                                            "result_set_size": 80071872,
                                                                            "children": [
                                                                                {
                                                                                    "operator_name": "HASH_GROUP_BY",
                                                                                    "cpu_time": 0.3162157979999999,
                                                                                    "extra_info": {
                                                                                        "Groups": "#0",
                                                                                        "Aggregates": "count_star()",
                                                                                        "Estimated Cardinality": "3620911"
                                                                                    },
                                                                                    "cumulative_cardinality": 16647316,
                                                                                    "operator_type": "HASH_GROUP_BY",
                                                                                    "operator_cardinality": 2163672,
                                                                                    "cumulative_rows_scanned": 7241822,
                                                                                    "operator_rows_scanned": 0,
                                                                                    "operator_timing": 0.271039749,
                                                                                    "result_set_size": 25964064,
                                                                                    "children": [
                                                                                        {
                                                                                            "operator_name": "PROJECTION",
                                                                                            "cpu_time": 0.04517604899999989,
                                                                                            "extra_info": {
                                                                                                "Projections": "postid",
                                                                                                "Estimated Cardinality": "7241822"
                                                                                            },
                                                                                            "cumulative_cardinality": 14483644,
                                                                                            "operator_type": "PROJECTION",
                                                                                            "operator_cardinality": 7241822,
                                                                                            "cumulative_rows_scanned": 7241822,
                                                                                            "operator_rows_scanned": 0,
                                                                                            "operator_timing": 0.00038576300000000104,
                                                                                            "result_set_size": 28967288,
                                                                                            "children": [
                                                                                                {
                                                                                                    "operator_name": "READ_PARQUET ",
                                                                                                    "cpu_time": 0.04479028599999989,
                                                                                                    "extra_info": {
                                                                                                        "Function": "READ_PARQUET",
                                                                                                        "Projections": "postid",
                                                                                                        "Estimated Cardinality": "7241822"
                                                                                                    },
                                                                                                    "cumulative_cardinality": 7241822,
                                                                                                    "operator_type": "TABLE_SCAN",
                                                                                                    "operator_cardinality": 7241822,
                                                                                                    "cumulative_rows_scanned": 7241822,
                                                                                                    "operator_rows_scanned": 7241822,
                                                                                                    "operator_timing": 0.04479028599999989,
                                                                                                    "result_set_size": 28967288,
                                                                                                    "children": []
                                                                                                }
                                                                                            ]
                                                                                        }
                                                                                    ]
                                                                                },
                                                                                {
                                                                                    "operator_name": "READ_PARQUET ",
                                                                                    "cpu_time": 0.5689709909999995,
                                                                                    "extra_info": {
                                                                                        "Function": "READ_PARQUET",
                                                                                        "Projections": [
                                                                                            "id",
                                                                                            "creationdate",
                                                                                            "score",
                                                                                            "viewcount",
                                                                                            "owneruserid",
                                                                                            "title"
                                                                                        ],
                                                                                        "Filters": "posttypeid=1",
                                                                                        "Estimated Cardinality": "770023"
                                                                                    },
                                                                                    "cumulative_cardinality": 1668164,
                                                                                    "operator_type": "TABLE_SCAN",
                                                                                    "operator_cardinality": 1668164,
                                                                                    "cumulative_rows_scanned": 3850116,
                                                                                    "operator_rows_scanned": 3850116,
                                                                                    "operator_timing": 0.5689709909999995,
                                                                                    "result_set_size": 66726560,
                                                                                    "children": []
                                                                                }
                                                                            ]
                                                                        },
                                                                        {
                                                                            "operator_name": "HASH_GROUP_BY",
                                                                            "cpu_time": 0.21924735399999998,
                                                                            "extra_info": {
                                                                                "Groups": "#0",
                                                                                "Aggregates": "count_star()",
                                                                                "Estimated Cardinality": "385011"
                                                                            },
                                                                            "cumulative_cardinality": 5709157,
                                                                            "operator_type": "HASH_GROUP_BY",
                                                                            "operator_cardinality": 1354571,
                                                                            "cumulative_rows_scanned": 3850116,
                                                                            "operator_rows_scanned": 0,
                                                                            "operator_timing": 0.11707667499999985,
                                                                            "result_set_size": 16254852,
                                                                            "children": [
                                                                                {
                                                                                    "operator_name": "PROJECTION",
                                                                                    "cpu_time": 0.10217067900000013,
                                                                                    "extra_info": {
                                                                                        "Projections": "parentid",
                                                                                        "Estimated Cardinality": "770023"
                                                                                    },
                                                                                    "cumulative_cardinality": 4354586,
                                                                                    "operator_type": "PROJECTION",
                                                                                    "operator_cardinality": 2177293,
                                                                                    "cumulative_rows_scanned": 3850116,
                                                                                    "operator_rows_scanned": 0,
                                                                                    "operator_timing": 0.0002806449999999979,
                                                                                    "result_set_size": 8709172,
                                                                                    "children": [
                                                                                        {
                                                                                            "operator_name": "READ_PARQUET ",
                                                                                            "cpu_time": 0.10189003400000013,
                                                                                            "extra_info": {
                                                                                                "Function": "READ_PARQUET",
                                                                                                "Projections": "parentid",
                                                                                                "Filters": "posttypeid=2",
                                                                                                "Estimated Cardinality": "770023"
                                                                                            },
                                                                                            "cumulative_cardinality": 2177293,
                                                                                            "operator_type": "TABLE_SCAN",
                                                                                            "operator_cardinality": 2177293,
                                                                                            "cumulative_rows_scanned": 3850116,
                                                                                            "operator_rows_scanned": 3850116,
                                                                                            "operator_timing": 0.10189003400000013,
                                                                                            "result_set_size": 8709172,
                                                                                            "children": []
                                                                                        }
                                                                                    ]
                                                                                }
                                                                            ]
                                                                        }
                                                                    ]
                                                                },
                                                                {
                                                                    "operator_name": "READ_PARQUET ",
                                                                    "cpu_time": 0.08750497600000001,
                                                                    "extra_info": {
                                                                        "Function": "READ_PARQUET",
                                                                        "Projections": [
                                                                            "id",
                                                                            "reputation",
                                                                            "displayname"
                                                                        ],
                                                                        "Estimated Cardinality": "1260710"
                                                                    },
                                                                    "cumulative_cardinality": 1260710,
                                                                    "operator_type": "TABLE_SCAN",
                                                                    "operator_cardinality": 1260710,
                                                                    "cumulative_rows_scanned": 1260710,
                                                                    "operator_rows_scanned": 1260710,
                                                                    "operator_timing": 0.08750497600000001,
                                                                    "result_set_size": 30257040,
                                                                    "children": []
                                                                }
                                                            ]
                                                        }
                                                    ]
                                                },
                                                {
                                                    "operator_name": "HASH_GROUP_BY",
                                                    "cpu_time": 0.7936607880000004,
                                                    "extra_info": {
                                                        "Groups": "#0",
                                                        "Aggregates": [
                                                            "count_star()",
                                                            "max(#1)"
                                                        ],
                                                        "Estimated Cardinality": "1179524"
                                                    },
                                                    "cumulative_cardinality": 9473094,
                                                    "operator_type": "HASH_GROUP_BY",
                                                    "operator_cardinality": 1807830,
                                                    "cumulative_rows_scanned": 11795244,
                                                    "operator_rows_scanned": 0,
                                                    "operator_timing": 0.30251060199999985,
                                                    "result_set_size": 36156600,
                                                    "children": [
                                                        {
                                                            "operator_name": "PROJECTION",
                                                            "cpu_time": 0.49115018600000054,
                                                            "extra_info": {
                                                                "Projections": [
                                                                    "postid",
                                                                    "creationdate"
                                                                ],
                                                                "Estimated Cardinality": "2359048"
                                                            },
                                                            "cumulative_cardinality": 7665264,
                                                            "operator_type": "PROJECTION",
                                                            "operator_cardinality": 3832632,
                                                            "cumulative_rows_scanned": 11795244,
                                                            "operator_rows_scanned": 0,
                                                            "operator_timing": 0.0010243570000000068,
                                                            "result_set_size": 45991584,
                                                            "children": [
                                                                {
                                                                    "operator_name": "READ_PARQUET ",
                                                                    "cpu_time": 0.4901258290000005,
                                                                    "extra_info": {
                                                                        "Function": "READ_PARQUET",
                                                                        "Projections": [
                                                                            "postid",
                                                                            "creationdate"
                                                                        ],
                                                                        "Filters": "posthistorytypeid>=4 AND posthistorytypeid<=6",
                                                                        "Estimated Cardinality": "2359048"
                                                                    },
                                                                    "cumulative_cardinality": 3832632,
                                                                    "operator_type": "TABLE_SCAN",
                                                                    "operator_cardinality": 3832632,
                                                                    "cumulative_rows_scanned": 11795244,
                                                                    "operator_rows_scanned": 11795244,
                                                                    "operator_timing": 0.4901258290000005,
                                                                    "result_set_size": 45991584,
                                                                    "children": []
                                                                }
                                                            ]
                                                        }
                                                    ]
                                                }
                                            ]
                                        }
                                    ]
                                }
                            ]
                        }
                    ]
                }
            ]
        }
    ]
}