{
    "rows_returned": 100,
    "query_name": "WITH PostStats AS (\n    SELECT \n        p.Id AS PostId,\n        p.Title,\n        p.CreationDate,\n        p.Score,\n        p.ViewCount,\n        p.AnswerCount,\n        p.CommentCount,\n        p.FavoriteCount,\n        u.Reputation AS OwnerReputation,\n        u.DisplayName AS OwnerDisplayName\n    FROM \n        Posts p\n    JOIN \n        Users u ON p.OwnerUserId = u.Id\n    WHERE \n        p.CreationDate >= '2020-01-01' \n),\nPostHistoryStats AS (\n    SELECT \n        ph.PostId,\n        COUNT(*) AS EditCount,\n        SUM(CASE WHEN ph.PostHistoryTypeId = 4 THEN 1 ELSE 0 END) AS TitleEdits,\n        SUM(CASE WHEN ph.PostHistoryTypeId = 6 THEN 1 ELSE 0 END) AS TagEdits,\n        SUM(CASE WHEN ph.PostHistoryTypeId = 5 THEN 1 ELSE 0 END) AS BodyEdits\n    FROM \n        PostHistory ph\n    GROUP BY \n        ph.PostId\n),\nUserEngagement AS (\n    SELECT \n        p.Id AS PostId,\n        COUNT(DISTINCT c.Id) AS CommentCount,\n        COUNT(DISTINCT v.Id) AS VoteCount\n    FROM \n        Posts p\n    LEFT JOIN \n        Comments c ON p.Id = c.PostId\n    LEFT JOIN \n        Votes v ON p.Id = v.PostId\n    GROUP BY \n        p.Id\n)\nSELECT \n    ps.PostId,\n    ps.Title,\n    ps.CreationDate,\n    ps.Score,\n    ps.ViewCount,\n    ps.AnswerCount,\n    ps.CommentCount + ue.CommentCount AS TotalComments,\n    ps.FavoriteCount,\n    ps.OwnerReputation,\n    ps.OwnerDisplayName,\n    COALESCE(phs.EditCount, 0) AS TotalEdits,\n    COALESCE(phs.TitleEdits, 0) AS TitleEdits,\n    COALESCE(phs.TagEdits, 0) AS TagEdits,\n    COALESCE(phs.BodyEdits, 0) AS BodyEdits,\n    COALESCE(ue.VoteCount, 0) AS TotalVotes\nFROM \n    PostStats ps\nLEFT JOIN \n    PostHistoryStats phs ON ps.PostId = phs.PostId\nLEFT JOIN \n    UserEngagement ue ON ps.PostId = ue.PostId\nORDER BY \n    ps.Score DESC, ps.ViewCount DESC \nLIMIT 100;",
    "blocked_thread_time": 0.0,
    "cpu_time": 8.814629373999969,
    "extra_info": {},
    "cumulative_cardinality": 142790805,
    "cumulative_rows_scanned": 40742101,
    "result_set_size": 13600,
    "latency": 11.502126547,
    "children": [
        {
            "operator_name": "STREAMING_LIMIT",
            "cpu_time": 8.814629373999969,
            "extra_info": {},
            "cumulative_cardinality": 142790805,
            "operator_type": "STREAMING_LIMIT",
            "operator_cardinality": 100,
            "cumulative_rows_scanned": 40742101,
            "operator_rows_scanned": 0,
            "operator_timing": 0.000003316,
            "result_set_size": 13600,
            "children": [
                {
                    "operator_name": "PROJECTION",
                    "cpu_time": 8.814626057999968,
                    "extra_info": {
                        "Projections": [
                            "#0",
                            "#1",
                            "#2",
                            "__internal_decompress_integral_integer(#3, -72)",
                            "#4",
                            "__internal_decompress_integral_integer(#5, 0)",
                            "#6",
                            "#7",
                            "#8",
                            "#9",
                            "#10",
                            "#11",
                            "#12",
                            "#13",
                            "#14"
                        ],
                        "Estimated Cardinality": "5897622"
                    },
                    "cumulative_cardinality": 142790705,
                    "operator_type": "PROJECTION",
                    "operator_cardinality": 4096,
                    "cumulative_rows_scanned": 40742101,
                    "operator_rows_scanned": 0,
                    "operator_timing": 0.000017182,
                    "result_set_size": 557056,
                    "children": [
                        {
                            "operator_name": "ORDER_BY",
                            "cpu_time": 8.814608875999967,
                            "extra_info": {
                                "Order By": [
                                    "ps.Score DESC",
                                    "ps.ViewCount DESC"
                                ]
                            },
                            "cumulative_cardinality": 142786609,
                            "operator_type": "ORDER_BY",
                            "operator_cardinality": 4096,
                            "cumulative_rows_scanned": 40742101,
                            "operator_rows_scanned": 0,
                            "operator_timing": 0.14834265800000015,
                            "result_set_size": 536576,
                            "children": [
                                {
                                    "operator_name": "PROJECTION",
                                    "cpu_time": 8.666266217999967,
                                    "extra_info": {
                                        "Projections": [
                                            "#0",
                                            "#1",
                                            "#2",
                                            "__internal_compress_integral_usmallint(#3, -72)",
                                            "#4",
                                            "__internal_compress_integral_utinyint(#5, 0)",
                                            "#6",
                                            "#7",
                                            "#8",
                                            "#9",
                                            "#10",
                                            "#11",
                                            "#12",
                                            "#13",
                                            "#14"
                                        ],
                                        "Estimated Cardinality": "5897622"
                                    },
                                    "cumulative_cardinality": 142782513,
                                    "operator_type": "PROJECTION",
                                    "operator_cardinality": 1024305,
                                    "cumulative_rows_scanned": 40742101,
                                    "operator_rows_scanned": 0,
                                    "operator_timing": 0.008149406000000008,
                                    "result_set_size": 134183955,
                                    "children": [
                                        {
                                            "operator_name": "PROJECTION",
                                            "cpu_time": 8.658116811999967,
                                            "extra_info": {
                                                "Projections": [
                                                    "PostId",
                                                    "title",
                                                    "creationdate",
                                                    "score",
                                                    "viewcount",
                                                    "answercount",
                                                    "TotalComments",
                                                    "favoritecount",
                                                    "OwnerReputation",
                                                    "OwnerDisplayName",
                                                    "TotalEdits",
                                                    "TitleEdits",
                                                    "TagEdits",
                                                    "BodyEdits",
                                                    "TotalVotes"
                                                ],
                                                "Estimated Cardinality": "5897622"
                                            },
                                            "cumulative_cardinality": 141758208,
                                            "operator_type": "PROJECTION",
                                            "operator_cardinality": 1024305,
                                            "cumulative_rows_scanned": 40742101,
                                            "operator_rows_scanned": 0,
                                            "operator_timing": 0.04101137800000002,
                                            "result_set_size": 139305480,
                                            "children": [
                                                {
                                                    "operator_name": "HASH_JOIN",
                                                    "cpu_time": 8.617105433999967,
                                                    "extra_info": {
                                                        "Join Type": "LEFT",
                                                        "Conditions": "PostId = PostId",
                                                        "Estimated Cardinality": "5897622"
                                                    },
                                                    "cumulative_cardinality": 140733903,
                                                    "operator_type": "HASH_JOIN",
                                                    "operator_cardinality": 1024305,
                                                    "cumulative_rows_scanned": 40742101,
                                                    "operator_rows_scanned": 0,
                                                    "operator_timing": 0.27283670900000007,
                                                    "result_set_size": 143402700,
                                                    "children": [
                                                        {
                                                            "operator_name": "HASH_JOIN",
                                                            "cpu_time": 2.318813739,
                                                            "extra_info": {
                                                                "Join Type": "RIGHT",
                                                                "Conditions": "postid = PostId",
                                                                "Estimated Cardinality": "5897622"
                                                            },
                                                            "cumulative_cardinality": 32836005,
                                                            "operator_type": "HASH_JOIN",
                                                            "operator_cardinality": 1024305,
                                                            "cumulative_rows_scanned": 16906070,
                                                            "operator_rows_scanned": 0,
                                                            "operator_timing": 0.3557205579999999,
                                                            "result_set_size": 127013820,
                                                            "children": [
                                                                {
                                                                    "operator_name": "HASH_GROUP_BY",
                                                                    "cpu_time": 1.4282933950000003,
                                                                    "extra_info": {
                                                                        "Groups": "#0",
                                                                        "Aggregates": [
                                                                            "count_star()",
                                                                            "sum(#1)",
                                                                            "sum(#2)",
                                                                            "sum(#3)"
                                                                        ],
                                                                        "Estimated Cardinality": "5897622"
                                                                    },
                                                                    "cumulative_cardinality": 27440604,
                                                                    "operator_type": "HASH_GROUP_BY",
                                                                    "operator_cardinality": 3850116,
                                                                    "cumulative_rows_scanned": 11795244,
                                                                    "operator_rows_scanned": 0,
                                                                    "operator_timing": 1.1832807810000006,
                                                                    "result_set_size": 231006960,
                                                                    "children": [
                                                                        {
                                                                            "operator_name": "PROJECTION",
                                                                            "cpu_time": 0.24501261399999974,
                                                                            "extra_info": {
                                                                                "Projections": [
                                                                                    "postid",
                                                                                    "CASE  WHEN ((posthistorytypeid = 4)) THEN (1) ELSE 0 END",
                                                                                    "CASE  WHEN ((posthistorytypeid = 6)) THEN (1) ELSE 0 END",
                                                                                    "CASE  WHEN ((posthistorytypeid = 5)) THEN (1) ELSE 0 END"
                                                                                ],
                                                                                "Estimated Cardinality": "11795244"
                                                                            },
                                                                            "cumulative_cardinality": 23590488,
                                                                            "operator_type": "PROJECTION",
                                                                            "operator_cardinality": 11795244,
                                                                            "cumulative_rows_scanned": 11795244,
                                                                            "operator_rows_scanned": 0,
                                                                            "operator_timing": 0.11630927699999996,
                                                                            "result_set_size": 188723904,
                                                                            "children": [
                                                                                {
                                                                                    "operator_name": "READ_PARQUET ",
                                                                                    "cpu_time": 0.12870333699999978,
                                                                                    "extra_info": {
                                                                                        "Function": "READ_PARQUET",
                                                                                        "Projections": [
                                                                                            "posthistorytypeid",
                                                                                            "postid"
                                                                                        ],
                                                                                        "Estimated Cardinality": "11795244"
                                                                                    },
                                                                                    "cumulative_cardinality": 11795244,
                                                                                    "operator_type": "TABLE_SCAN",
                                                                                    "operator_cardinality": 11795244,
                                                                                    "cumulative_rows_scanned": 11795244,
                                                                                    "operator_rows_scanned": 11795244,
                                                                                    "operator_timing": 0.12870333699999978,
                                                                                    "result_set_size": 70771464,
                                                                                    "children": []
                                                                                }
                                                                            ]
                                                                        }
                                                                    ]
                                                                },
                                                                {
                                                                    "operator_name": "PROJECTION",
                                                                    "cpu_time": 0.5347997859999999,
                                                                    "extra_info": {
                                                                        "Projections": [
                                                                            "PostId",
                                                                            "title",
                                                                            "creationdate",
                                                                            "score",
                                                                            "viewcount",
                                                                            "answercount",
                                                                            "commentcount",
                                                                            "favoritecount",
                                                                            "OwnerReputation",
                                                                            "OwnerDisplayName"
                                                                        ],
                                                                        "Estimated Cardinality": "770023"
                                                                    },
                                                                    "cumulative_cardinality": 4371096,
                                                                    "operator_type": "PROJECTION",
                                                                    "operator_cardinality": 1024305,
                                                                    "cumulative_rows_scanned": 5110826,
                                                                    "operator_rows_scanned": 0,
                                                                    "operator_timing": 0.0005995169999999993,
                                                                    "result_set_size": 69652740,
                                                                    "children": [
                                                                        {
                                                                            "operator_name": "HASH_JOIN",
                                                                            "cpu_time": 0.5342002689999998,
                                                                            "extra_info": {
                                                                                "Join Type": "INNER",
                                                                                "Conditions": "id = owneruserid",
                                                                                "Estimated Cardinality": "770023"
                                                                            },
                                                                            "cumulative_cardinality": 3346791,
                                                                            "operator_type": "HASH_JOIN",
                                                                            "operator_cardinality": 1024305,
                                                                            "cumulative_rows_scanned": 5110826,
                                                                            "operator_rows_scanned": 0,
                                                                            "operator_timing": 0.21660293400000005,
                                                                            "result_set_size": 69652740,
                                                                            "children": [
                                                                                {
                                                                                    "operator_name": "READ_PARQUET ",
                                                                                    "cpu_time": 0.0981127749999999,
                                                                                    "extra_info": {
                                                                                        "Function": "READ_PARQUET",
                                                                                        "Projections": [
                                                                                            "id",
                                                                                            "reputation",
                                                                                            "displayname"
                                                                                        ],
                                                                                        "Filters": "id<=1416539",
                                                                                        "Estimated Cardinality": "1260710"
                                                                                    },
                                                                                    "cumulative_cardinality": 1260679,
                                                                                    "operator_type": "TABLE_SCAN",
                                                                                    "operator_cardinality": 1260679,
                                                                                    "cumulative_rows_scanned": 1260710,
                                                                                    "operator_rows_scanned": 1260710,
                                                                                    "operator_timing": 0.0981127749999999,
                                                                                    "result_set_size": 30256296,
                                                                                    "children": []
                                                                                },
                                                                                {
                                                                                    "operator_name": "READ_PARQUET ",
                                                                                    "cpu_time": 0.21948455999999994,
                                                                                    "extra_info": {
                                                                                        "Function": "READ_PARQUET",
                                                                                        "Projections": [
                                                                                            "id",
                                                                                            "creationdate",
                                                                                            "score",
                                                                                            "viewcount",
                                                                                            "owneruserid",
                                                                                            "title",
                                                                                            "answercount",
                                                                                            "commentcount",
                                                                                            "favoritecount"
                                                                                        ],
                                                                                        "Filters": "creationdate>='2020-01-01 00:00:00'::TIMESTAMP",
                                                                                        "Estimated Cardinality": "770023"
                                                                                    },
                                                                                    "cumulative_cardinality": 1061807,
                                                                                    "operator_type": "TABLE_SCAN",
                                                                                    "operator_cardinality": 1061807,
                                                                                    "cumulative_rows_scanned": 3850116,
                                                                                    "operator_rows_scanned": 3850116,
                                                                                    "operator_timing": 0.21948455999999994,
                                                                                    "result_set_size": 55213964,
                                                                                    "children": []
                                                                                }
                                                                            ]
                                                                        }
                                                                    ]
                                                                }
                                                            ]
                                                        },
                                                        {
                                                            "operator_name": "HASH_GROUP_BY",
                                                            "cpu_time": 6.025454985999967,
                                                            "extra_info": {
                                                                "Groups": "#0",
                                                                "Aggregates": [
                                                                    "count(DISTINCT #1)",
                                                                    "count(DISTINCT #2)"
                                                                ],
                                                                "Estimated Cardinality": "3850116"
                                                            },
                                                            "cumulative_cardinality": 106873593,
                                                            "operator_type": "HASH_GROUP_BY",
                                                            "operator_cardinality": 3850116,
                                                            "cumulative_rows_scanned": 23836031,
                                                            "operator_rows_scanned": 0,
                                                            "operator_timing": 3.6887633079999746,
                                                            "result_set_size": 77002320,
                                                            "children": [
                                                                {
                                                                    "operator_name": "PROJECTION",
                                                                    "cpu_time": 2.3366916779999922,
                                                                    "extra_info": {
                                                                        "Projections": [
                                                                            "id",
                                                                            "id",
                                                                            "id"
                                                                        ],
                                                                        "Estimated Cardinality": "12744093"
                                                                    },
                                                                    "cumulative_cardinality": 103023477,
                                                                    "operator_type": "PROJECTION",
                                                                    "operator_cardinality": 35129590,
                                                                    "cumulative_rows_scanned": 23836031,
                                                                    "operator_rows_scanned": 0,
                                                                    "operator_timing": 0.0052041300000001765,
                                                                    "result_set_size": 421555080,
                                                                    "children": [
                                                                        {
                                                                            "operator_name": "HASH_JOIN",
                                                                            "cpu_time": 2.331487547999992,
                                                                            "extra_info": {
                                                                                "Join Type": "RIGHT",
                                                                                "Conditions": "postid = id",
                                                                                "Estimated Cardinality": "12744093"
                                                                            },
                                                                            "cumulative_cardinality": 67893887,
                                                                            "operator_type": "HASH_JOIN",
                                                                            "operator_cardinality": 35129590,
                                                                            "cumulative_rows_scanned": 23836031,
                                                                            "operator_rows_scanned": 0,
                                                                            "operator_timing": 1.3749626659999918,
                                                                            "result_set_size": 421555080,
                                                                            "children": [
                                                                                {
                                                                                    "operator_name": "READ_PARQUET ",
                                                                                    "cpu_time": 0.27316042999999957,
                                                                                    "extra_info": {
                                                                                        "Function": "READ_PARQUET",
                                                                                        "Projections": [
                                                                                            "id",
                                                                                            "postid"
                                                                                        ],
                                                                                        "Estimated Cardinality": "12744093"
                                                                                    },
                                                                                    "cumulative_cardinality": 12744093,
                                                                                    "operator_type": "TABLE_SCAN",
                                                                                    "operator_cardinality": 12744093,
                                                                                    "cumulative_rows_scanned": 12744093,
                                                                                    "operator_rows_scanned": 12744093,
                                                                                    "operator_timing": 0.27316042999999957,
                                                                                    "result_set_size": 101952744,
                                                                                    "children": []
                                                                                },
                                                                                {
                                                                                    "operator_name": "HASH_JOIN",
                                                                                    "cpu_time": 0.6833644520000004,
                                                                                    "extra_info": {
                                                                                        "Join Type": "RIGHT",
                                                                                        "Conditions": "postid = id",
                                                                                        "Estimated Cardinality": "7241822"
                                                                                    },
                                                                                    "cumulative_cardinality": 20020204,
                                                                                    "operator_type": "HASH_JOIN",
                                                                                    "operator_cardinality": 8928266,
                                                                                    "cumulative_rows_scanned": 11091938,
                                                                                    "operator_rows_scanned": 0,
                                                                                    "operator_timing": 0.5345251110000009,
                                                                                    "result_set_size": 71426128,
                                                                                    "children": [
                                                                                        {
                                                                                            "operator_name": "READ_PARQUET ",
                                                                                            "cpu_time": 0.12917367899999957,
                                                                                            "extra_info": {
                                                                                                "Function": "READ_PARQUET",
                                                                                                "Projections": [
                                                                                                    "id",
                                                                                                    "postid"
                                                                                                ],
                                                                                                "Estimated Cardinality": "7241822"
                                                                                            },
                                                                                            "cumulative_cardinality": 7241822,
                                                                                            "operator_type": "TABLE_SCAN",
                                                                                            "operator_cardinality": 7241822,
                                                                                            "cumulative_rows_scanned": 7241822,
                                                                                            "operator_rows_scanned": 7241822,
                                                                                            "operator_timing": 0.12917367899999957,
                                                                                            "result_set_size": 57934576,
                                                                                            "children": []
                                                                                        },
                                                                                        {
                                                                                            "operator_name": "READ_PARQUET ",
                                                                                            "cpu_time": 0.019665661999999924,
                                                                                            "extra_info": {
                                                                                                "Function": "READ_PARQUET",
                                                                                                "Projections": "id",
                                                                                                "Estimated Cardinality": "3850116"
                                                                                            },
                                                                                            "cumulative_cardinality": 3850116,
                                                                                            "operator_type": "TABLE_SCAN",
                                                                                            "operator_cardinality": 3850116,
                                                                                            "cumulative_rows_scanned": 3850116,
                                                                                            "operator_rows_scanned": 3850116,
                                                                                            "operator_timing": 0.019665661999999924,
                                                                                            "result_set_size": 15400464,
                                                                                            "children": []
                                                                                        }
                                                                                    ]
                                                                                }
                                                                            ]
                                                                        }
                                                                    ]
                                                                }
                                                            ]
                                                        }
                                                    ]
                                                }
                                            ]
                                        }
                                    ]
                                }
                            ]
                        }
                    ]
                }
            ]
        }
    ]
}