{
    "rows_returned": 100,
    "query_name": "\nSELECT \n    p.Id AS PostId,\n    p.Title,\n    p.CreationDate,\n    p.Score,\n    p.ViewCount,\n    u.DisplayName AS OwnerDisplayName,\n    COUNT(c.Id) AS CommentCount,\n    COUNT(v.Id) AS VoteCount,\n    MAX(ph.CreationDate) AS LastEdited,\n    MAX(CASE WHEN ph.PostHistoryTypeId = 10 THEN ph.CreationDate END) AS ClosedDate\nFROM \n    Posts p\nJOIN \n    Users u ON p.OwnerUserId = u.Id\nLEFT JOIN \n    Comments c ON p.Id = c.PostId\nLEFT JOIN \n    Votes v ON p.Id = v.PostId\nLEFT JOIN \n    PostHistory ph ON p.Id = ph.PostId\nWHERE \n    p.PostTypeId IN (1, 2) \nGROUP BY \n    p.Id, p.Title, p.CreationDate, p.Score, p.ViewCount, u.DisplayName\nORDER BY \n    p.CreationDate DESC\nLIMIT 100;\n",
    "blocked_thread_time": 0.0,
    "cpu_time": 21.731118014000057,
    "extra_info": {},
    "cumulative_cardinality": 801537829,
    "cumulative_rows_scanned": 36891985,
    "result_set_size": 8400,
    "latency": 24.851546209,
    "children": [
        {
            "operator_name": "STREAMING_LIMIT",
            "cpu_time": 21.731118014000057,
            "extra_info": {},
            "cumulative_cardinality": 801537829,
            "operator_type": "STREAMING_LIMIT",
            "operator_cardinality": 100,
            "cumulative_rows_scanned": 36891985,
            "operator_rows_scanned": 0,
            "operator_timing": 0.000002013,
            "result_set_size": 8400,
            "children": [
                {
                    "operator_name": "PROJECTION",
                    "cpu_time": 21.731116001000057,
                    "extra_info": {
                        "Projections": [
                            "#0",
                            "#1",
                            "#2",
                            "__internal_decompress_integral_integer(#3, -72)",
                            "#4",
                            "#5",
                            "#6",
                            "#7",
                            "#8",
                            "#9"
                        ],
                        "Estimated Cardinality": "3850116"
                    },
                    "cumulative_cardinality": 801537729,
                    "operator_type": "PROJECTION",
                    "operator_cardinality": 4096,
                    "cumulative_rows_scanned": 36891985,
                    "operator_rows_scanned": 0,
                    "operator_timing": 0.000007154,
                    "result_set_size": 344064,
                    "children": [
                        {
                            "operator_name": "ORDER_BY",
                            "cpu_time": 21.73110884700006,
                            "extra_info": {
                                "Order By": "p.CreationDate DESC"
                            },
                            "cumulative_cardinality": 801533633,
                            "operator_type": "ORDER_BY",
                            "operator_cardinality": 4096,
                            "cumulative_rows_scanned": 36891985,
                            "operator_rows_scanned": 0,
                            "operator_timing": 0.23764052699999974,
                            "result_set_size": 335872,
                            "children": [
                                {
                                    "operator_name": "PROJECTION",
                                    "cpu_time": 21.49346832000006,
                                    "extra_info": {
                                        "Projections": [
                                            "#0",
                                            "#1",
                                            "#2",
                                            "__internal_compress_integral_usmallint(#3, -72)",
                                            "#4",
                                            "#5",
                                            "#6",
                                            "#7",
                                            "#8",
                                            "#9"
                                        ],
                                        "Estimated Cardinality": "3850116"
                                    },
                                    "cumulative_cardinality": 801529537,
                                    "operator_type": "PROJECTION",
                                    "operator_cardinality": 3680979,
                                    "cumulative_rows_scanned": 36891985,
                                    "operator_rows_scanned": 0,
                                    "operator_timing": 0.001815815000000004,
                                    "result_set_size": 301840278,
                                    "children": [
                                        {
                                            "operator_name": "PROJECTION",
                                            "cpu_time": 21.491652505000058,
                                            "extra_info": {
                                                "Projections": [
                                                    "#0",
                                                    "#1",
                                                    "#2",
                                                    "__internal_decompress_integral_integer(#3, -72)",
                                                    "#4",
                                                    "#5",
                                                    "#6",
                                                    "#7",
                                                    "#8",
                                                    "#9"
                                                ],
                                                "Estimated Cardinality": "3850116"
                                            },
                                            "cumulative_cardinality": 797848558,
                                            "operator_type": "PROJECTION",
                                            "operator_cardinality": 3680979,
                                            "cumulative_rows_scanned": 36891985,
                                            "operator_rows_scanned": 0,
                                            "operator_timing": 0.001941550999999998,
                                            "result_set_size": 309202236,
                                            "children": [
                                                {
                                                    "operator_name": "HASH_GROUP_BY",
                                                    "cpu_time": 21.489710954000056,
                                                    "extra_info": {
                                                        "Groups": [
                                                            "#0",
                                                            "#1",
                                                            "#2",
                                                            "#3",
                                                            "#4",
                                                            "#5"
                                                        ],
                                                        "Aggregates": [
                                                            "count(#6)",
                                                            "count(#7)",
                                                            "max(#8)",
                                                            "max(#9)"
                                                        ],
                                                        "Estimated Cardinality": "3850116"
                                                    },
                                                    "cumulative_cardinality": 794167579,
                                                    "operator_type": "HASH_GROUP_BY",
                                                    "operator_cardinality": 3680979,
                                                    "cumulative_rows_scanned": 36891985,
                                                    "operator_rows_scanned": 0,
                                                    "operator_timing": 12.518018514000016,
                                                    "result_set_size": 301840278,
                                                    "children": [
                                                        {
                                                            "operator_name": "PROJECTION",
                                                            "cpu_time": 8.97169244000004,
                                                            "extra_info": {
                                                                "Projections": [
                                                                    "id",
                                                                    "title",
                                                                    "creationdate",
                                                                    "score",
                                                                    "viewcount",
                                                                    "displayname",
                                                                    "id",
                                                                    "id",
                                                                    "creationdate",
                                                                    "CASE  WHEN ((posthistorytypeid = 10)) THEN (creationdate) ELSE NULL END"
                                                                ],
                                                                "Estimated Cardinality": "12744093"
                                                            },
                                                            "cumulative_cardinality": 790486600,
                                                            "operator_type": "PROJECTION",
                                                            "operator_cardinality": 174008737,
                                                            "cumulative_rows_scanned": 36891985,
                                                            "operator_rows_scanned": 0,
                                                            "operator_timing": 0.4307941630000005,
                                                            "result_set_size": 12876646538,
                                                            "children": [
                                                                {
                                                                    "operator_name": "PROJECTION",
                                                                    "cpu_time": 8.540898277000041,
                                                                    "extra_info": {
                                                                        "Projections": [
                                                                            "#0",
                                                                            "#1",
                                                                            "#2",
                                                                            "#3",
                                                                            "__internal_compress_integral_usmallint(#4, -72)",
                                                                            "#5",
                                                                            "#6",
                                                                            "#7",
                                                                            "#8",
                                                                            "#9"
                                                                        ],
                                                                        "Estimated Cardinality": "12744093"
                                                                    },
                                                                    "cumulative_cardinality": 616477863,
                                                                    "operator_type": "PROJECTION",
                                                                    "operator_cardinality": 174008737,
                                                                    "cumulative_rows_scanned": 36891985,
                                                                    "operator_rows_scanned": 0,
                                                                    "operator_timing": 0.27658219800000294,
                                                                    "result_set_size": 11832594116,
                                                                    "children": [
                                                                        {
                                                                            "operator_name": "PROJECTION",
                                                                            "cpu_time": 8.264316079000038,
                                                                            "extra_info": {
                                                                                "Projections": [
                                                                                    "#0",
                                                                                    "#1",
                                                                                    "#2",
                                                                                    "#3",
                                                                                    "#4",
                                                                                    "#5",
                                                                                    "#6",
                                                                                    "#7",
                                                                                    "__internal_decompress_integral_smallint(#8, 1)",
                                                                                    "#9"
                                                                                ],
                                                                                "Estimated Cardinality": "12744093"
                                                                            },
                                                                            "cumulative_cardinality": 442469126,
                                                                            "operator_type": "PROJECTION",
                                                                            "operator_cardinality": 174008737,
                                                                            "cumulative_rows_scanned": 36891985,
                                                                            "operator_rows_scanned": 0,
                                                                            "operator_timing": 0.31093311300000187,
                                                                            "result_set_size": 12180611590,
                                                                            "children": [
                                                                                {
                                                                                    "operator_name": "HASH_JOIN",
                                                                                    "cpu_time": 7.953382966000036,
                                                                                    "extra_info": {
                                                                                        "Join Type": "LEFT",
                                                                                        "Conditions": "id = postid",
                                                                                        "Estimated Cardinality": "12744093"
                                                                                    },
                                                                                    "cumulative_cardinality": 268460389,
                                                                                    "operator_type": "HASH_JOIN",
                                                                                    "operator_cardinality": 174008737,
                                                                                    "cumulative_rows_scanned": 36891985,
                                                                                    "operator_rows_scanned": 0,
                                                                                    "operator_timing": 3.6185052280000396,
                                                                                    "result_set_size": 12006602853,
                                                                                    "children": [
                                                                                        {
                                                                                            "operator_name": "HASH_JOIN",
                                                                                            "cpu_time": 4.057804766999996,
                                                                                            "extra_info": {
                                                                                                "Join Type": "LEFT",
                                                                                                "Conditions": "id = postid",
                                                                                                "Estimated Cardinality": "12744093"
                                                                                            },
                                                                                            "cumulative_cardinality": 70861164,
                                                                                            "operator_type": "HASH_JOIN",
                                                                                            "operator_cardinality": 33557277,
                                                                                            "cumulative_rows_scanned": 25096741,
                                                                                            "operator_rows_scanned": 0,
                                                                                            "operator_timing": 1.3228802029999989,
                                                                                            "result_set_size": 2013436620,
                                                                                            "children": [
                                                                                                {
                                                                                                    "operator_name": "HASH_JOIN",
                                                                                                    "cpu_time": 2.5893463019999983,
                                                                                                    "extra_info": {
                                                                                                        "Join Type": "RIGHT",
                                                                                                        "Conditions": "postid = id",
                                                                                                        "Estimated Cardinality": "7241822"
                                                                                                    },
                                                                                                    "cumulative_cardinality": 24559794,
                                                                                                    "operator_type": "HASH_JOIN",
                                                                                                    "operator_cardinality": 8530859,
                                                                                                    "cumulative_rows_scanned": 12352648,
                                                                                                    "operator_rows_scanned": 0,
                                                                                                    "operator_timing": 1.1406747579999967,
                                                                                                    "result_set_size": 477728104,
                                                                                                    "children": [
                                                                                                        {
                                                                                                            "operator_name": "READ_PARQUET ",
                                                                                                            "cpu_time": 0.16311807700000014,
                                                                                                            "extra_info": {
                                                                                                                "Function": "READ_PARQUET",
                                                                                                                "Projections": [
                                                                                                                    "id",
                                                                                                                    "postid"
                                                                                                                ],
                                                                                                                "Estimated Cardinality": "7241822"
                                                                                                            },
                                                                                                            "cumulative_cardinality": 7241822,
                                                                                                            "operator_type": "TABLE_SCAN",
                                                                                                            "operator_cardinality": 7241822,
                                                                                                            "cumulative_rows_scanned": 7241822,
                                                                                                            "operator_rows_scanned": 7241822,
                                                                                                            "operator_timing": 0.16311807700000014,
                                                                                                            "result_set_size": 57934576,
                                                                                                            "children": []
                                                                                                        },
                                                                                                        {
                                                                                                            "operator_name": "HASH_JOIN",
                                                                                                            "cpu_time": 1.2855534670000015,
                                                                                                            "extra_info": {
                                                                                                                "Join Type": "INNER",
                                                                                                                "Conditions": "id = owneruserid",
                                                                                                                "Estimated Cardinality": "770023"
                                                                                                            },
                                                                                                            "cumulative_cardinality": 8787113,
                                                                                                            "operator_type": "HASH_JOIN",
                                                                                                            "operator_cardinality": 3680979,
                                                                                                            "cumulative_rows_scanned": 5110826,
                                                                                                            "operator_rows_scanned": 0,
                                                                                                            "operator_timing": 0.6584868730000007,
                                                                                                            "result_set_size": 191410908,
                                                                                                            "children": [
                                                                                                                {
                                                                                                                    "operator_name": "READ_PARQUET ",
                                                                                                                    "cpu_time": 0.10539177099999998,
                                                                                                                    "extra_info": {
                                                                                                                        "Function": "READ_PARQUET",
                                                                                                                        "Projections": [
                                                                                                                            "id",
                                                                                                                            "displayname"
                                                                                                                        ],
                                                                                                                        "Filters": "id<=1416539",
                                                                                                                        "Estimated Cardinality": "1260710"
                                                                                                                    },
                                                                                                                    "cumulative_cardinality": 1260677,
                                                                                                                    "operator_type": "TABLE_SCAN",
                                                                                                                    "operator_cardinality": 1260677,
                                                                                                                    "cumulative_rows_scanned": 1260710,
                                                                                                                    "operator_rows_scanned": 1260710,
                                                                                                                    "operator_timing": 0.10539177099999998,
                                                                                                                    "result_set_size": 25213540,
                                                                                                                    "children": []
                                                                                                                },
                                                                                                                {
                                                                                                                    "operator_name": "READ_PARQUET ",
                                                                                                                    "cpu_time": 0.5216748230000008,
                                                                                                                    "extra_info": {
                                                                                                                        "Function": "READ_PARQUET",
                                                                                                                        "Projections": [
                                                                                                                            "id",
                                                                                                                            "creationdate",
                                                                                                                            "score",
                                                                                                                            "viewcount",
                                                                                                                            "owneruserid",
                                                                                                                            "title"
                                                                                                                        ],
                                                                                                                        "Filters": "posttypeid>=1 AND posttypeid<=2",
                                                                                                                        "Estimated Cardinality": "770023"
                                                                                                                    },
                                                                                                                    "cumulative_cardinality": 3845457,
                                                                                                                    "operator_type": "TABLE_SCAN",
                                                                                                                    "operator_cardinality": 3845457,
                                                                                                                    "cumulative_rows_scanned": 3850116,
                                                                                                                    "operator_rows_scanned": 3850116,
                                                                                                                    "operator_timing": 0.5216748230000008,
                                                                                                                    "result_set_size": 153818280,
                                                                                                                    "children": []
                                                                                                                }
                                                                                                            ]
                                                                                                        }
                                                                                                    ]
                                                                                                },
                                                                                                {
                                                                                                    "operator_name": "READ_PARQUET ",
                                                                                                    "cpu_time": 0.14557826199999935,
                                                                                                    "extra_info": {
                                                                                                        "Function": "READ_PARQUET",
                                                                                                        "Projections": [
                                                                                                            "id",
                                                                                                            "postid"
                                                                                                        ],
                                                                                                        "Estimated Cardinality": "12744093"
                                                                                                    },
                                                                                                    "cumulative_cardinality": 12744093,
                                                                                                    "operator_type": "TABLE_SCAN",
                                                                                                    "operator_cardinality": 12744093,
                                                                                                    "cumulative_rows_scanned": 12744093,
                                                                                                    "operator_rows_scanned": 12744093,
                                                                                                    "operator_timing": 0.14557826199999935,
                                                                                                    "result_set_size": 101952744,
                                                                                                    "children": []
                                                                                                }
                                                                                            ]
                                                                                        },
                                                                                        {
                                                                                            "operator_name": "PROJECTION",
                                                                                            "cpu_time": 0.27707297099999956,
                                                                                            "extra_info": {
                                                                                                "Projections": [
                                                                                                    "__internal_compress_integral_utinyint(#0, 1)",
                                                                                                    "#1",
                                                                                                    "#2"
                                                                                                ],
                                                                                                "Estimated Cardinality": "11795244"
                                                                                            },
                                                                                            "cumulative_cardinality": 23590488,
                                                                                            "operator_type": "PROJECTION",
                                                                                            "operator_cardinality": 11795244,
                                                                                            "cumulative_rows_scanned": 11795244,
                                                                                            "operator_rows_scanned": 0,
                                                                                            "operator_timing": 0.0036684910000000094,
                                                                                            "result_set_size": 153338172,
                                                                                            "children": [
                                                                                                {
                                                                                                    "operator_name": "READ_PARQUET ",
                                                                                                    "cpu_time": 0.27340447999999956,
                                                                                                    "extra_info": {
                                                                                                        "Function": "READ_PARQUET",
                                                                                                        "Projections": [
                                                                                                            "posthistorytypeid",
                                                                                                            "postid",
                                                                                                            "creationdate"
                                                                                                        ],
                                                                                                        "Estimated Cardinality": "11795244"
                                                                                                    },
                                                                                                    "cumulative_cardinality": 11795244,
                                                                                                    "operator_type": "TABLE_SCAN",
                                                                                                    "operator_cardinality": 11795244,
                                                                                                    "cumulative_rows_scanned": 11795244,
                                                                                                    "operator_rows_scanned": 11795244,
                                                                                                    "operator_timing": 0.27340447999999956,
                                                                                                    "result_set_size": 165133416,
                                                                                                    "children": []
                                                                                                }
                                                                                            ]
                                                                                        }
                                                                                    ]
                                                                                }
                                                                            ]
                                                                        }
                                                                    ]
                                                                }
                                                            ]
                                                        }
                                                    ]
                                                }
                                            ]
                                        }
                                    ]
                                }
                            ]
                        }
                    ]
                }
            ]
        }
    ]
}