{
    "rows_returned": 1,
    "query_name": "WITH PostCounts AS (\n    SELECT \n        OwnerUserId,\n        SUM(CASE WHEN PostTypeId = 1 THEN 1 ELSE 0 END) AS QuestionCount,\n        SUM(CASE WHEN PostTypeId = 2 THEN 1 ELSE 0 END) AS AnswerCount\n    FROM \n        Posts\n    WHERE\n        OwnerUserId IS NOT NULL \n    GROUP BY \n        OwnerUserId\n),\nUserReputation AS (\n    SELECT \n        U.Id AS UserId,\n        U.Reputation,\n        PC.QuestionCount,\n        PC.AnswerCount\n    FROM \n        Users U\n    LEFT JOIN \n        PostCounts PC ON U.Id = PC.OwnerUserId\n)\nSELECT \n    AVG(CASE WHEN QuestionCount > 0 THEN Reputation END) AS AvgReputationForQuestions,\n    AVG(CASE WHEN AnswerCount > 0 THEN Reputation END) AS AvgReputationForAnswers,\n    COUNT(DISTINCT CASE WHEN QuestionCount > 0 THEN UserId END) AS TotalQuestionCreators,\n    COUNT(DISTINCT CASE WHEN AnswerCount > 0 THEN UserId END) AS TotalAnswerCreators\nFROM \n    UserReputation;",
    "blocked_thread_time": 0.0,
    "cpu_time": 0.36977190700000007,
    "extra_info": {},
    "cumulative_cardinality": 15374710,
    "cumulative_rows_scanned": 5110826,
    "result_set_size": 32,
    "latency": 0.415581932,
    "children": [
        {
            "operator_name": "UNGROUPED_AGGREGATE",
            "cpu_time": 0.36977190700000007,
            "extra_info": {
                "Aggregates": [
                    "avg(#0)",
                    "avg(#1)",
                    "count(DISTINCT #2)",
                    "count(DISTINCT #3)"
                ]
            },
            "cumulative_cardinality": 15374710,
            "operator_type": "UNGROUPED_AGGREGATE",
            "operator_cardinality": 1,
            "cumulative_rows_scanned": 5110826,
            "operator_rows_scanned": 0,
            "operator_timing": 0.03670478699999997,
            "result_set_size": 32,
            "children": [
                {
                    "operator_name": "PROJECTION",
                    "cpu_time": 0.3330671200000001,
                    "extra_info": {
                        "Projections": [
                            "CASE  WHEN ((QuestionCount > 0)) THEN (reputation) ELSE NULL END",
                            "CASE  WHEN ((AnswerCount > 0)) THEN (reputation) ELSE NULL END",
                            "CASE  WHEN ((QuestionCount > 0)) THEN (UserId) ELSE NULL END",
                            "CASE  WHEN ((AnswerCount > 0)) THEN (UserId) ELSE NULL END"
                        ],
                        "Estimated Cardinality": "1260710"
                    },
                    "cumulative_cardinality": 15374709,
                    "operator_type": "PROJECTION",
                    "operator_cardinality": 1260710,
                    "cumulative_rows_scanned": 5110826,
                    "operator_rows_scanned": 0,
                    "operator_timing": 0.01704783899999999,
                    "result_set_size": 20171360,
                    "children": [
                        {
                            "operator_name": "HASH_JOIN",
                            "cpu_time": 0.3160192810000001,
                            "extra_info": {
                                "Join Type": "LEFT",
                                "Conditions": "id = owneruserid",
                                "Estimated Cardinality": "1260710"
                            },
                            "cumulative_cardinality": 14113999,
                            "operator_type": "HASH_JOIN",
                            "operator_cardinality": 1260710,
                            "cumulative_rows_scanned": 5110826,
                            "operator_rows_scanned": 0,
                            "operator_timing": 0.05818821700000005,
                            "result_set_size": 50428400,
                            "children": [
                                {
                                    "operator_name": "READ_PARQUET ",
                                    "cpu_time": 0.015302479999999999,
                                    "extra_info": {
                                        "Function": "READ_PARQUET",
                                        "Projections": [
                                            "id",
                                            "reputation"
                                        ],
                                        "Estimated Cardinality": "1260710"
                                    },
                                    "cumulative_cardinality": 1260710,
                                    "operator_type": "TABLE_SCAN",
                                    "operator_cardinality": 1260710,
                                    "cumulative_rows_scanned": 1260710,
                                    "operator_rows_scanned": 1260710,
                                    "operator_timing": 0.015302479999999999,
                                    "result_set_size": 10085680,
                                    "children": []
                                },
                                {
                                    "operator_name": "HASH_GROUP_BY",
                                    "cpu_time": 0.24252858400000007,
                                    "extra_info": {
                                        "Groups": "#0",
                                        "Aggregates": [
                                            "sum(#1)",
                                            "sum(#2)"
                                        ],
                                        "Estimated Cardinality": "385011"
                                    },
                                    "cumulative_cardinality": 11592579,
                                    "operator_type": "HASH_GROUP_BY",
                                    "operator_cardinality": 371631,
                                    "cumulative_rows_scanned": 3850116,
                                    "operator_rows_scanned": 0,
                                    "operator_timing": 0.12834140900000016,
                                    "result_set_size": 13378716,
                                    "children": [
                                        {
                                            "operator_name": "PROJECTION",
                                            "cpu_time": 0.11418717499999992,
                                            "extra_info": {
                                                "Projections": [
                                                    "owneruserid",
                                                    "CASE  WHEN ((posttypeid = 1)) THEN (1) ELSE 0 END",
                                                    "CASE  WHEN ((posttypeid = 2)) THEN (1) ELSE 0 END"
                                                ],
                                                "Estimated Cardinality": "770023"
                                            },
                                            "cumulative_cardinality": 11220948,
                                            "operator_type": "PROJECTION",
                                            "operator_cardinality": 3685416,
                                            "cumulative_rows_scanned": 3850116,
                                            "operator_rows_scanned": 0,
                                            "operator_timing": 0.046657221999999936,
                                            "result_set_size": 44224992,
                                            "children": [
                                                {
                                                    "operator_name": "FILTER",
                                                    "cpu_time": 0.06752995299999999,
                                                    "extra_info": {
                                                        "Expression": "(owneruserid IS NOT NULL)",
                                                        "Estimated Cardinality": "770023"
                                                    },
                                                    "cumulative_cardinality": 7535532,
                                                    "operator_type": "FILTER",
                                                    "operator_cardinality": 3685416,
                                                    "cumulative_rows_scanned": 3850116,
                                                    "operator_rows_scanned": 0,
                                                    "operator_timing": 0.029894555000000052,
                                                    "result_set_size": 22112496,
                                                    "children": [
                                                        {
                                                            "operator_name": "READ_PARQUET ",
                                                            "cpu_time": 0.03763539799999994,
                                                            "extra_info": {
                                                                "Function": "READ_PARQUET",
                                                                "Projections": [
                                                                    "posttypeid",
                                                                    "owneruserid"
                                                                ],
                                                                "Estimated Cardinality": "3850116"
                                                            },
                                                            "cumulative_cardinality": 3850116,
                                                            "operator_type": "TABLE_SCAN",
                                                            "operator_cardinality": 3850116,
                                                            "cumulative_rows_scanned": 3850116,
                                                            "operator_rows_scanned": 3850116,
                                                            "operator_timing": 0.03763539799999994,
                                                            "result_set_size": 23100696,
                                                            "children": []
                                                        }
                                                    ]
                                                }
                                            ]
                                        }
                                    ]
                                }
                            ]
                        }
                    ]
                }
            ]
        }
    ]
}