{
    "rows_returned": 35,
    "query_name": "WITH PostMetrics AS (\n    SELECT \n        pt.Name AS PostType,\n        COUNT(p.Id) AS PostCount,\n        AVG(p.Score) AS AverageScore,\n        SUM(p.ViewCount) AS TotalViewCount\n    FROM \n        Posts p\n    JOIN \n        PostTypes pt ON p.PostTypeId = pt.Id\n    GROUP BY \n        pt.Name\n),\n\nTopUsers AS (\n    SELECT \n        u.DisplayName,\n        u.Reputation,\n        COUNT(b.Id) AS BadgeCount\n    FROM \n        Users u\n    LEFT JOIN \n        Badges b ON u.Id = b.UserId\n    GROUP BY \n        u.DisplayName, u.Reputation\n    ORDER BY \n        u.Reputation DESC\n    LIMIT 5\n)\n\nSELECT \n    pm.PostType,\n    pm.PostCount,\n    pm.AverageScore,\n    pm.TotalViewCount,\n    tu.DisplayName AS TopUser,\n    tu.Reputation AS UserReputation,\n    tu.BadgeCount\nFROM \n    PostMetrics pm\nCROSS JOIN \n    TopUsers tu;",
    "blocked_thread_time": 0.0,
    "cpu_time": 0.9190864000000004,
    "extra_info": {},
    "cumulative_cardinality": 22329764,
    "cumulative_rows_scanned": 7432558,
    "result_set_size": 2660,
    "latency": 0.990245876,
    "children": [
        {
            "operator_name": "CROSS_PRODUCT",
            "cpu_time": 0.9190864000000004,
            "extra_info": {},
            "cumulative_cardinality": 22329764,
            "operator_type": "CROSS_PRODUCT",
            "operator_cardinality": 35,
            "cumulative_rows_scanned": 7432558,
            "operator_rows_scanned": 0,
            "operator_timing": 0.00007473,
            "result_set_size": 2660,
            "children": [
                {
                    "operator_name": "HASH_GROUP_BY",
                    "cpu_time": 0.21640457800000001,
                    "extra_info": {
                        "Groups": "#0",
                        "Aggregates": [
                            "count_star()",
                            "avg(#1)",
                            "sum(#2)"
                        ],
                        "Estimated Cardinality": "1925058"
                    },
                    "cumulative_cardinality": 11550362,
                    "operator_type": "HASH_GROUP_BY",
                    "operator_cardinality": 7,
                    "cumulative_rows_scanned": 3850124,
                    "operator_rows_scanned": 0,
                    "operator_timing": 0.09354184900000004,
                    "result_set_size": 336,
                    "children": [
                        {
                            "operator_name": "PROJECTION",
                            "cpu_time": 0.12286272899999998,
                            "extra_info": {
                                "Projections": [
                                    "name",
                                    "score",
                                    "viewcount"
                                ],
                                "Estimated Cardinality": "3850116"
                            },
                            "cumulative_cardinality": 11550355,
                            "operator_type": "PROJECTION",
                            "operator_cardinality": 3850116,
                            "cumulative_rows_scanned": 3850124,
                            "operator_rows_scanned": 0,
                            "operator_timing": 0.0002772759999999978,
                            "result_set_size": 92402784,
                            "children": [
                                {
                                    "operator_name": "HASH_JOIN",
                                    "cpu_time": 0.12258545299999998,
                                    "extra_info": {
                                        "Join Type": "INNER",
                                        "Conditions": "posttypeid = id",
                                        "Estimated Cardinality": "3850116"
                                    },
                                    "cumulative_cardinality": 7700239,
                                    "operator_type": "HASH_JOIN",
                                    "operator_cardinality": 3850116,
                                    "cumulative_rows_scanned": 3850124,
                                    "operator_rows_scanned": 0,
                                    "operator_timing": 0.0075832230000000105,
                                    "result_set_size": 92402784,
                                    "children": [
                                        {
                                            "operator_name": "READ_PARQUET ",
                                            "cpu_time": 0.11461629899999996,
                                            "extra_info": {
                                                "Function": "READ_PARQUET",
                                                "Projections": [
                                                    "id",
                                                    "posttypeid",
                                                    "score",
                                                    "viewcount"
                                                ],
                                                "Estimated Cardinality": "3850116"
                                            },
                                            "cumulative_cardinality": 3850116,
                                            "operator_type": "TABLE_SCAN",
                                            "operator_cardinality": 3850116,
                                            "cumulative_rows_scanned": 3850116,
                                            "operator_rows_scanned": 3850116,
                                            "operator_timing": 0.11461629899999996,
                                            "result_set_size": 53901624,
                                            "children": []
                                        },
                                        {
                                            "operator_name": "READ_PARQUET ",
                                            "cpu_time": 0.000385931,
                                            "extra_info": {
                                                "Function": "READ_PARQUET",
                                                "Projections": [
                                                    "id",
                                                    "name"
                                                ],
                                                "Filters": "id<=7",
                                                "Estimated Cardinality": "8"
                                            },
                                            "cumulative_cardinality": 7,
                                            "operator_type": "TABLE_SCAN",
                                            "operator_cardinality": 7,
                                            "cumulative_rows_scanned": 8,
                                            "operator_rows_scanned": 8,
                                            "operator_timing": 0.000385931,
                                            "result_set_size": 126,
                                            "children": []
                                        }
                                    ]
                                }
                            ]
                        }
                    ]
                },
                {
                    "operator_name": "STREAMING_LIMIT",
                    "cpu_time": 0.7026070920000004,
                    "extra_info": {},
                    "cumulative_cardinality": 10779367,
                    "operator_type": "STREAMING_LIMIT",
                    "operator_cardinality": 5,
                    "cumulative_rows_scanned": 3582434,
                    "operator_rows_scanned": 0,
                    "operator_timing": 0.0000029350000000000003,
                    "result_set_size": 140,
                    "children": [
                        {
                            "operator_name": "ORDER_BY",
                            "cpu_time": 0.7026041570000003,
                            "extra_info": {
                                "Order By": "u.Reputation DESC"
                            },
                            "cumulative_cardinality": 10779362,
                            "operator_type": "ORDER_BY",
                            "operator_cardinality": 4096,
                            "cumulative_rows_scanned": 3582434,
                            "operator_rows_scanned": 0,
                            "operator_timing": 0.029288923999999994,
                            "result_set_size": 114688,
                            "children": [
                                {
                                    "operator_name": "HASH_GROUP_BY",
                                    "cpu_time": 0.6733152330000003,
                                    "extra_info": {
                                        "Groups": [
                                            "#0",
                                            "#1"
                                        ],
                                        "Aggregates": "count(#2)",
                                        "Estimated Cardinality": "1260710"
                                    },
                                    "cumulative_cardinality": 10775266,
                                    "operator_type": "HASH_GROUP_BY",
                                    "operator_cardinality": 1126006,
                                    "cumulative_rows_scanned": 3582434,
                                    "operator_rows_scanned": 0,
                                    "operator_timing": 0.3103864280000002,
                                    "result_set_size": 31528168,
                                    "children": [
                                        {
                                            "operator_name": "PROJECTION",
                                            "cpu_time": 0.36292880500000013,
                                            "extra_info": {
                                                "Projections": [
                                                    "displayname",
                                                    "reputation",
                                                    "id"
                                                ],
                                                "Estimated Cardinality": "2321724"
                                            },
                                            "cumulative_cardinality": 9649260,
                                            "operator_type": "PROJECTION",
                                            "operator_cardinality": 3033413,
                                            "cumulative_rows_scanned": 3582434,
                                            "operator_rows_scanned": 0,
                                            "operator_timing": 0.0004889169999999979,
                                            "result_set_size": 72801912,
                                            "children": [
                                                {
                                                    "operator_name": "HASH_JOIN",
                                                    "cpu_time": 0.36243988800000015,
                                                    "extra_info": {
                                                        "Join Type": "RIGHT",
                                                        "Conditions": "userid = id",
                                                        "Estimated Cardinality": "2321724"
                                                    },
                                                    "cumulative_cardinality": 6615847,
                                                    "operator_type": "HASH_JOIN",
                                                    "operator_cardinality": 3033413,
                                                    "cumulative_rows_scanned": 3582434,
                                                    "operator_rows_scanned": 0,
                                                    "operator_timing": 0.22628415800000007,
                                                    "result_set_size": 72801912,
                                                    "children": [
                                                        {
                                                            "operator_name": "READ_PARQUET ",
                                                            "cpu_time": 0.049985970999999935,
                                                            "extra_info": {
                                                                "Function": "READ_PARQUET",
                                                                "Projections": [
                                                                    "id",
                                                                    "userid"
                                                                ],
                                                                "Estimated Cardinality": "2321724"
                                                            },
                                                            "cumulative_cardinality": 2321724,
                                                            "operator_type": "TABLE_SCAN",
                                                            "operator_cardinality": 2321724,
                                                            "cumulative_rows_scanned": 2321724,
                                                            "operator_rows_scanned": 2321724,
                                                            "operator_timing": 0.049985970999999935,
                                                            "result_set_size": 18573792,
                                                            "children": []
                                                        },
                                                        {
                                                            "operator_name": "READ_PARQUET ",
                                                            "cpu_time": 0.0861697590000001,
                                                            "extra_info": {
                                                                "Function": "READ_PARQUET",
                                                                "Projections": [
                                                                    "id",
                                                                    "reputation",
                                                                    "displayname"
                                                                ],
                                                                "Estimated Cardinality": "1260710"
                                                            },
                                                            "cumulative_cardinality": 1260710,
                                                            "operator_type": "TABLE_SCAN",
                                                            "operator_cardinality": 1260710,
                                                            "cumulative_rows_scanned": 1260710,
                                                            "operator_rows_scanned": 1260710,
                                                            "operator_timing": 0.0861697590000001,
                                                            "result_set_size": 30257040,
                                                            "children": []
                                                        }
                                                    ]
                                                }
                                            ]
                                        }
                                    ]
                                }
                            ]
                        }
                    ]
                }
            ]
        }
    ]
}