{
    "rows_returned": 1061807,
    "query_name": "WITH PostStats AS (\n    SELECT \n        P.Id AS PostId,\n        P.Title,\n        P.CreationDate,\n        P.ViewCount,\n        P.Score,\n        P.AcceptedAnswerId,\n        COUNT(CASE WHEN C.Id IS NOT NULL THEN 1 END) AS CommentCount,\n        COUNT(DISTINCT PV.UserId) AS VoteCount,\n        AVG(CASE WHEN PV.VoteTypeId = 2 THEN 1 ELSE 0 END) AS UpVotes,\n        AVG(CASE WHEN PV.VoteTypeId = 3 THEN 1 ELSE 0 END) AS DownVotes\n    FROM \n        Posts P\n    LEFT JOIN \n        Comments C ON P.Id = C.PostId\n    LEFT JOIN \n        Votes PV ON P.Id = PV.PostId\n    WHERE \n        P.CreationDate >= '2020-01-01'  \n    GROUP BY \n        P.Id, P.Title, P.CreationDate, P.ViewCount, P.Score, P.AcceptedAnswerId\n)\nSELECT \n    PostId,\n    Title,\n    CreationDate,\n    ViewCount,\n    Score,\n    AcceptedAnswerId,\n    CommentCount,\n    VoteCount,\n    UpVotes,\n    DownVotes\nFROM \n    PostStats\nORDER BY \n    Score DESC, ViewCount DESC;",
    "blocked_thread_time": 0.0,
    "cpu_time": 2.886295569999999,
    "extra_info": {},
    "cumulative_cardinality": 43104818,
    "cumulative_rows_scanned": 23836031,
    "result_set_size": 76450104,
    "latency": 4.628535215,
    "children": [
        {
            "operator_name": "PROJECTION",
            "cpu_time": 2.886295569999999,
            "extra_info": {
                "Projections": [
                    "#0",
                    "#1",
                    "#2",
                    "#3",
                    "__internal_decompress_integral_integer(#4, -72)",
                    "#5",
                    "#6",
                    "#7",
                    "#8",
                    "#9"
                ],
                "Estimated Cardinality": "3850116"
            },
            "cumulative_cardinality": 43104818,
            "operator_type": "PROJECTION",
            "operator_cardinality": 1061807,
            "cumulative_rows_scanned": 23836031,
            "operator_rows_scanned": 0,
            "operator_timing": 0.0005540539999999994,
            "result_set_size": 76450104,
            "children": [
                {
                    "operator_name": "ORDER_BY",
                    "cpu_time": 2.8857415159999986,
                    "extra_info": {
                        "Order By": [
                            "PostStats.Score DESC",
                            "PostStats.ViewCount DESC"
                        ]
                    },
                    "cumulative_cardinality": 42043011,
                    "operator_type": "ORDER_BY",
                    "operator_cardinality": 1061807,
                    "cumulative_rows_scanned": 23836031,
                    "operator_rows_scanned": 0,
                    "operator_timing": 0.09209495399999998,
                    "result_set_size": 74326490,
                    "children": [
                        {
                            "operator_name": "PROJECTION",
                            "cpu_time": 2.793646561999999,
                            "extra_info": {
                                "Projections": [
                                    "#0",
                                    "#1",
                                    "#2",
                                    "#3",
                                    "__internal_compress_integral_usmallint(#4, -72)",
                                    "#5",
                                    "#6",
                                    "#7",
                                    "#8",
                                    "#9"
                                ],
                                "Estimated Cardinality": "3850116"
                            },
                            "cumulative_cardinality": 40981204,
                            "operator_type": "PROJECTION",
                            "operator_cardinality": 1061807,
                            "cumulative_rows_scanned": 23836031,
                            "operator_rows_scanned": 0,
                            "operator_timing": 0.0004834429999999994,
                            "result_set_size": 74326490,
                            "children": [
                                {
                                    "operator_name": "PROJECTION",
                                    "cpu_time": 2.793163118999999,
                                    "extra_info": {
                                        "Projections": [
                                            "#0",
                                            "#1",
                                            "#2",
                                            "#3",
                                            "__internal_decompress_integral_integer(#4, -72)",
                                            "#5",
                                            "#6",
                                            "#7",
                                            "#8",
                                            "#9"
                                        ],
                                        "Estimated Cardinality": "3850116"
                                    },
                                    "cumulative_cardinality": 39919397,
                                    "operator_type": "PROJECTION",
                                    "operator_cardinality": 1061807,
                                    "cumulative_rows_scanned": 23836031,
                                    "operator_rows_scanned": 0,
                                    "operator_timing": 0.0005177250000000005,
                                    "result_set_size": 76450104,
                                    "children": [
                                        {
                                            "operator_name": "HASH_GROUP_BY",
                                            "cpu_time": 2.792645393999999,
                                            "extra_info": {
                                                "Groups": [
                                                    "#0",
                                                    "#1",
                                                    "#2",
                                                    "#3",
                                                    "#4",
                                                    "#5"
                                                ],
                                                "Aggregates": [
                                                    "count(#6)",
                                                    "count(DISTINCT #7)",
                                                    "avg(#8)",
                                                    "avg(#9)"
                                                ],
                                                "Estimated Cardinality": "3850116"
                                            },
                                            "cumulative_cardinality": 38857590,
                                            "operator_type": "HASH_GROUP_BY",
                                            "operator_cardinality": 1061807,
                                            "cumulative_rows_scanned": 23836031,
                                            "operator_rows_scanned": 0,
                                            "operator_timing": 1.5064786499999998,
                                            "result_set_size": 74326490,
                                            "children": [
                                                {
                                                    "operator_name": "PROJECTION",
                                                    "cpu_time": 1.2861667439999995,
                                                    "extra_info": {
                                                        "Projections": [
                                                            "id",
                                                            "title",
                                                            "creationdate",
                                                            "viewcount",
                                                            "score",
                                                            "acceptedanswerid",
                                                            "CASE  WHEN ((id IS NOT NULL)) THEN (1) ELSE NULL END",
                                                            "userid",
                                                            "CASE  WHEN ((votetypeid = 2)) THEN (1) ELSE 0 END",
                                                            "CASE  WHEN ((votetypeid = 3)) THEN (1) ELSE 0 END"
                                                        ],
                                                        "Estimated Cardinality": "12744093"
                                                    },
                                                    "cumulative_cardinality": 37795783,
                                                    "operator_type": "PROJECTION",
                                                    "operator_cardinality": 6627177,
                                                    "cumulative_rows_scanned": 23836031,
                                                    "operator_rows_scanned": 0,
                                                    "operator_timing": 0.07100018499999977,
                                                    "result_set_size": 357867558,
                                                    "children": [
                                                        {
                                                            "operator_name": "PROJECTION",
                                                            "cpu_time": 1.2151665589999998,
                                                            "extra_info": {
                                                                "Projections": [
                                                                    "#0",
                                                                    "#1",
                                                                    "#2",
                                                                    "#3",
                                                                    "#4",
                                                                    "#5",
                                                                    "__internal_compress_integral_usmallint(#6, -72)",
                                                                    "#7",
                                                                    "#8"
                                                                ],
                                                                "Estimated Cardinality": "12744093"
                                                            },
                                                            "cumulative_cardinality": 31168606,
                                                            "operator_type": "PROJECTION",
                                                            "operator_cardinality": 6627177,
                                                            "cumulative_rows_scanned": 23836031,
                                                            "operator_rows_scanned": 0,
                                                            "operator_timing": 0.0072754099999999475,
                                                            "result_set_size": 318104496,
                                                            "children": [
                                                                {
                                                                    "operator_name": "PROJECTION",
                                                                    "cpu_time": 1.207891149,
                                                                    "extra_info": {
                                                                        "Projections": [
                                                                            "#0",
                                                                            "#1",
                                                                            "#2",
                                                                            "#3",
                                                                            "#4",
                                                                            "#5",
                                                                            "__internal_decompress_integral_integer(#6, -72)",
                                                                            "#7",
                                                                            "#8"
                                                                        ],
                                                                        "Estimated Cardinality": "12744093"
                                                                    },
                                                                    "cumulative_cardinality": 24541429,
                                                                    "operator_type": "PROJECTION",
                                                                    "operator_cardinality": 6627177,
                                                                    "cumulative_rows_scanned": 23836031,
                                                                    "operator_rows_scanned": 0,
                                                                    "operator_timing": 0.017548234999999912,
                                                                    "result_set_size": 331358850,
                                                                    "children": [
                                                                        {
                                                                            "operator_name": "HASH_JOIN",
                                                                            "cpu_time": 1.1903429140000001,
                                                                            "extra_info": {
                                                                                "Join Type": "RIGHT",
                                                                                "Conditions": "postid = id",
                                                                                "Estimated Cardinality": "12744093"
                                                                            },
                                                                            "cumulative_cardinality": 17914252,
                                                                            "operator_type": "HASH_JOIN",
                                                                            "operator_cardinality": 6627177,
                                                                            "cumulative_rows_scanned": 23836031,
                                                                            "operator_rows_scanned": 0,
                                                                            "operator_timing": 0.5746393219999999,
                                                                            "result_set_size": 318104496,
                                                                            "children": [
                                                                                {
                                                                                    "operator_name": "READ_PARQUET ",
                                                                                    "cpu_time": 0.06879959300000024,
                                                                                    "extra_info": {
                                                                                        "Function": "READ_PARQUET",
                                                                                        "Projections": [
                                                                                            "postid",
                                                                                            "votetypeid",
                                                                                            "userid"
                                                                                        ],
                                                                                        "Estimated Cardinality": "12744093"
                                                                                    },
                                                                                    "cumulative_cardinality": 3009944,
                                                                                    "operator_type": "TABLE_SCAN",
                                                                                    "operator_cardinality": 3009944,
                                                                                    "cumulative_rows_scanned": 12744093,
                                                                                    "operator_rows_scanned": 12744093,
                                                                                    "operator_timing": 0.06879959300000024,
                                                                                    "result_set_size": 30099440,
                                                                                    "children": []
                                                                                },
                                                                                {
                                                                                    "operator_name": "PROJECTION",
                                                                                    "cpu_time": 0.546903999,
                                                                                    "extra_info": {
                                                                                        "Projections": [
                                                                                            "#0",
                                                                                            "#1",
                                                                                            "#2",
                                                                                            "#3",
                                                                                            "__internal_compress_integral_usmallint(#4, -72)",
                                                                                            "#5",
                                                                                            "#6"
                                                                                        ],
                                                                                        "Estimated Cardinality": "7241822"
                                                                                    },
                                                                                    "cumulative_cardinality": 8277131,
                                                                                    "operator_type": "PROJECTION",
                                                                                    "operator_cardinality": 2554628,
                                                                                    "cumulative_rows_scanned": 11091938,
                                                                                    "operator_rows_scanned": 0,
                                                                                    "operator_timing": 0.0058170159999999995,
                                                                                    "result_set_size": 107294376,
                                                                                    "children": [
                                                                                        {
                                                                                            "operator_name": "HASH_JOIN",
                                                                                            "cpu_time": 0.541086983,
                                                                                            "extra_info": {
                                                                                                "Join Type": "RIGHT",
                                                                                                "Conditions": "postid = id",
                                                                                                "Estimated Cardinality": "7241822"
                                                                                            },
                                                                                            "cumulative_cardinality": 5722503,
                                                                                            "operator_type": "HASH_JOIN",
                                                                                            "operator_cardinality": 2554628,
                                                                                            "cumulative_rows_scanned": 11091938,
                                                                                            "operator_rows_scanned": 0,
                                                                                            "operator_timing": 0.24764066399999995,
                                                                                            "result_set_size": 112403632,
                                                                                            "children": [
                                                                                                {
                                                                                                    "operator_name": "READ_PARQUET ",
                                                                                                    "cpu_time": 0.053237843999999986,
                                                                                                    "extra_info": {
                                                                                                        "Function": "READ_PARQUET",
                                                                                                        "Projections": [
                                                                                                            "id",
                                                                                                            "postid"
                                                                                                        ],
                                                                                                        "Estimated Cardinality": "7241822"
                                                                                                    },
                                                                                                    "cumulative_cardinality": 2106068,
                                                                                                    "operator_type": "TABLE_SCAN",
                                                                                                    "operator_cardinality": 2106068,
                                                                                                    "cumulative_rows_scanned": 7241822,
                                                                                                    "operator_rows_scanned": 7241822,
                                                                                                    "operator_timing": 0.053237843999999986,
                                                                                                    "result_set_size": 16848544,
                                                                                                    "children": []
                                                                                                },
                                                                                                {
                                                                                                    "operator_name": "READ_PARQUET ",
                                                                                                    "cpu_time": 0.24020847500000012,
                                                                                                    "extra_info": {
                                                                                                        "Function": "READ_PARQUET",
                                                                                                        "Projections": [
                                                                                                            "id",
                                                                                                            "acceptedanswerid",
                                                                                                            "creationdate",
                                                                                                            "score",
                                                                                                            "viewcount",
                                                                                                            "title"
                                                                                                        ],
                                                                                                        "Filters": "creationdate>='2020-01-01 00:00:00'::TIMESTAMP",
                                                                                                        "Estimated Cardinality": "770023"
                                                                                                    },
                                                                                                    "cumulative_cardinality": 1061807,
                                                                                                    "operator_type": "TABLE_SCAN",
                                                                                                    "operator_cardinality": 1061807,
                                                                                                    "cumulative_rows_scanned": 3850116,
                                                                                                    "operator_rows_scanned": 3850116,
                                                                                                    "operator_timing": 0.24020847500000012,
                                                                                                    "result_set_size": 42472280,
                                                                                                    "children": []
                                                                                                }
                                                                                            ]
                                                                                        }
                                                                                    ]
                                                                                }
                                                                            ]
                                                                        }
                                                                    ]
                                                                }
                                                            ]
                                                        }
                                                    ]
                                                }
                                            ]
                                        }
                                    ]
                                }
                            ]
                        }
                    ]
                }
            ]
        }
    ]
}