{
    "rows_returned": 1260710,
    "query_name": "WITH PostVoteCounts AS (\n    SELECT \n        p.Id AS PostId,\n        COUNT(v.Id) AS VoteCount,\n        SUM(CASE WHEN v.VoteTypeId = 2 THEN 1 ELSE 0 END) AS UpVotes,\n        SUM(CASE WHEN v.VoteTypeId = 3 THEN 1 ELSE 0 END) AS DownVotes\n    FROM \n        Posts p\n    LEFT JOIN \n        Votes v ON p.Id = v.PostId\n    GROUP BY \n        p.Id\n),\nUserPostStats AS (\n    SELECT \n        u.Id AS UserId,\n        COUNT(p.Id) AS PostsCount,\n        SUM(COALESCE(ph.VoteCount, 0)) AS TotalVotes,\n        SUM(COALESCE(ph.UpVotes, 0)) AS TotalUpVotes,\n        SUM(COALESCE(ph.DownVotes, 0)) AS TotalDownVotes\n    FROM \n        Users u\n    LEFT JOIN \n        Posts p ON u.Id = p.OwnerUserId\n    LEFT JOIN \n        PostVoteCounts ph ON p.Id = ph.PostId\n    GROUP BY \n        u.Id\n)\nSELECT \n    u.DisplayName,\n    u.Reputation,\n    u.CreationDate,\n    u.LastAccessDate,\n    ups.PostsCount,\n    ups.TotalVotes,\n    ups.TotalUpVotes,\n    ups.TotalDownVotes\nFROM \n    Users u\nJOIN \n    UserPostStats ups ON u.Id = ups.UserId\nORDER BY \n    ups.TotalVotes DESC, ups.PostsCount DESC;",
    "blocked_thread_time": 0.0,
    "cpu_time": 3.7667433259999945,
    "extra_info": {},
    "cumulative_cardinality": 68129898,
    "cumulative_rows_scanned": 22965745,
    "result_set_size": 115985320,
    "latency": 7.055896332,
    "children": [
        {
            "operator_name": "ORDER_BY",
            "cpu_time": 3.7667433259999945,
            "extra_info": {
                "Order By": [
                    "ups.TotalVotes DESC",
                    "ups.PostsCount DESC"
                ]
            },
            "cumulative_cardinality": 68129898,
            "operator_type": "ORDER_BY",
            "operator_cardinality": 1260710,
            "cumulative_rows_scanned": 22965745,
            "operator_rows_scanned": 0,
            "operator_timing": 0.09822491600000001,
            "result_set_size": 115985320,
            "children": [
                {
                    "operator_name": "PROJECTION",
                    "cpu_time": 3.6685184099999946,
                    "extra_info": {
                        "Projections": [
                            "displayname",
                            "reputation",
                            "creationdate",
                            "lastaccessdate",
                            "PostsCount",
                            "TotalVotes",
                            "TotalUpVotes",
                            "TotalDownVotes"
                        ],
                        "Estimated Cardinality": "1260710"
                    },
                    "cumulative_cardinality": 66869188,
                    "operator_type": "PROJECTION",
                    "operator_cardinality": 1260710,
                    "cumulative_rows_scanned": 22965745,
                    "operator_rows_scanned": 0,
                    "operator_timing": 0.00038084199999999994,
                    "result_set_size": 115985320,
                    "children": [
                        {
                            "operator_name": "HASH_JOIN",
                            "cpu_time": 3.6681375679999944,
                            "extra_info": {
                                "Join Type": "INNER",
                                "Conditions": "UserId = id",
                                "Estimated Cardinality": "1260710"
                            },
                            "cumulative_cardinality": 65608478,
                            "operator_type": "HASH_JOIN",
                            "operator_cardinality": 1260710,
                            "cumulative_rows_scanned": 22965745,
                            "operator_rows_scanned": 0,
                            "operator_timing": 0.16576674599999983,
                            "result_set_size": 115985320,
                            "children": [
                                {
                                    "operator_name": "HASH_GROUP_BY",
                                    "cpu_time": 3.389009843999995,
                                    "extra_info": {
                                        "Groups": "#0",
                                        "Aggregates": [
                                            "count(#1)",
                                            "sum(#2)",
                                            "sum(#3)",
                                            "sum(#4)"
                                        ],
                                        "Estimated Cardinality": "1260710"
                                    },
                                    "cumulative_cardinality": 63087058,
                                    "operator_type": "HASH_GROUP_BY",
                                    "operator_cardinality": 1260710,
                                    "cumulative_rows_scanned": 21705035,
                                    "operator_rows_scanned": 0,
                                    "operator_timing": 0.5196438660000002,
                                    "result_set_size": 75642600,
                                    "children": [
                                        {
                                            "operator_name": "PROJECTION",
                                            "cpu_time": 2.8693659779999945,
                                            "extra_info": {
                                                "Projections": [
                                                    "id",
                                                    "id",
                                                    "COALESCE(VoteCount, 0)",
                                                    "COALESCE(UpVotes, 0)",
                                                    "COALESCE(DownVotes, 0)"
                                                ],
                                                "Estimated Cardinality": "3850116"
                                            },
                                            "cumulative_cardinality": 61826348,
                                            "operator_type": "PROJECTION",
                                            "operator_cardinality": 4574495,
                                            "cumulative_rows_scanned": 21705035,
                                            "operator_rows_scanned": 0,
                                            "operator_timing": 0.08888176700000013,
                                            "result_set_size": 219575760,
                                            "children": [
                                                {
                                                    "operator_name": "HASH_JOIN",
                                                    "cpu_time": 2.7804842109999943,
                                                    "extra_info": {
                                                        "Join Type": "RIGHT",
                                                        "Conditions": "PostId = id",
                                                        "Estimated Cardinality": "3850116"
                                                    },
                                                    "cumulative_cardinality": 57251853,
                                                    "operator_type": "HASH_JOIN",
                                                    "operator_cardinality": 4574495,
                                                    "cumulative_rows_scanned": 21705035,
                                                    "operator_rows_scanned": 0,
                                                    "operator_timing": 0.40030238900000165,
                                                    "result_set_size": 219575760,
                                                    "children": [
                                                        {
                                                            "operator_name": "HASH_GROUP_BY",
                                                            "cpu_time": 2.058474547999993,
                                                            "extra_info": {
                                                                "Groups": "#0",
                                                                "Aggregates": [
                                                                    "count(#1)",
                                                                    "sum(#2)",
                                                                    "sum(#3)"
                                                                ],
                                                                "Estimated Cardinality": "3850116"
                                                            },
                                                            "cumulative_cardinality": 43156737,
                                                            "operator_type": "HASH_GROUP_BY",
                                                            "operator_cardinality": 3850116,
                                                            "cumulative_rows_scanned": 16594209,
                                                            "operator_rows_scanned": 0,
                                                            "operator_timing": 0.9754101990000006,
                                                            "result_set_size": 169405104,
                                                            "children": [
                                                                {
                                                                    "operator_name": "PROJECTION",
                                                                    "cpu_time": 1.0830643489999923,
                                                                    "extra_info": {
                                                                        "Projections": [
                                                                            "id",
                                                                            "id",
                                                                            "CASE  WHEN ((votetypeid = 2)) THEN (1) ELSE 0 END",
                                                                            "CASE  WHEN ((votetypeid = 3)) THEN (1) ELSE 0 END"
                                                                        ],
                                                                        "Estimated Cardinality": "12744093"
                                                                    },
                                                                    "cumulative_cardinality": 39306621,
                                                                    "operator_type": "PROJECTION",
                                                                    "operator_cardinality": 11356206,
                                                                    "cumulative_rows_scanned": 16594209,
                                                                    "operator_rows_scanned": 0,
                                                                    "operator_timing": 0.07818638700000001,
                                                                    "result_set_size": 181699296,
                                                                    "children": [
                                                                        {
                                                                            "operator_name": "HASH_JOIN",
                                                                            "cpu_time": 1.0048779619999924,
                                                                            "extra_info": {
                                                                                "Join Type": "RIGHT",
                                                                                "Conditions": "postid = id",
                                                                                "Estimated Cardinality": "12744093"
                                                                            },
                                                                            "cumulative_cardinality": 27950415,
                                                                            "operator_type": "HASH_JOIN",
                                                                            "operator_cardinality": 11356206,
                                                                            "cumulative_rows_scanned": 16594209,
                                                                            "operator_rows_scanned": 0,
                                                                            "operator_timing": 0.6951121669999926,
                                                                            "result_set_size": 113562060,
                                                                            "children": [
                                                                                {
                                                                                    "operator_name": "READ_PARQUET ",
                                                                                    "cpu_time": 0.2897463489999999,
                                                                                    "extra_info": {
                                                                                        "Function": "READ_PARQUET",
                                                                                        "Projections": [
                                                                                            "id",
                                                                                            "postid",
                                                                                            "votetypeid"
                                                                                        ],
                                                                                        "Estimated Cardinality": "12744093"
                                                                                    },
                                                                                    "cumulative_cardinality": 12744093,
                                                                                    "operator_type": "TABLE_SCAN",
                                                                                    "operator_cardinality": 12744093,
                                                                                    "cumulative_rows_scanned": 12744093,
                                                                                    "operator_rows_scanned": 12744093,
                                                                                    "operator_timing": 0.2897463489999999,
                                                                                    "result_set_size": 127440930,
                                                                                    "children": []
                                                                                },
                                                                                {
                                                                                    "operator_name": "READ_PARQUET ",
                                                                                    "cpu_time": 0.020019445999999864,
                                                                                    "extra_info": {
                                                                                        "Function": "READ_PARQUET",
                                                                                        "Projections": "id",
                                                                                        "Estimated Cardinality": "3850116"
                                                                                    },
                                                                                    "cumulative_cardinality": 3850116,
                                                                                    "operator_type": "TABLE_SCAN",
                                                                                    "operator_cardinality": 3850116,
                                                                                    "cumulative_rows_scanned": 3850116,
                                                                                    "operator_rows_scanned": 3850116,
                                                                                    "operator_timing": 0.020019445999999864,
                                                                                    "result_set_size": 15400464,
                                                                                    "children": []
                                                                                }
                                                                            ]
                                                                        }
                                                                    ]
                                                                }
                                                            ]
                                                        },
                                                        {
                                                            "operator_name": "HASH_JOIN",
                                                            "cpu_time": 0.3217072739999999,
                                                            "extra_info": {
                                                                "Join Type": "RIGHT",
                                                                "Conditions": "owneruserid = id",
                                                                "Estimated Cardinality": "3850116"
                                                            },
                                                            "cumulative_cardinality": 9520621,
                                                            "operator_type": "HASH_JOIN",
                                                            "operator_cardinality": 4574495,
                                                            "cumulative_rows_scanned": 5110826,
                                                            "operator_rows_scanned": 0,
                                                            "operator_timing": 0.2051569599999999,
                                                            "result_set_size": 36595960,
                                                            "children": [
                                                                {
                                                                    "operator_name": "READ_PARQUET ",
                                                                    "cpu_time": 0.10876863899999999,
                                                                    "extra_info": {
                                                                        "Function": "READ_PARQUET",
                                                                        "Projections": [
                                                                            "id",
                                                                            "owneruserid"
                                                                        ],
                                                                        "Estimated Cardinality": "3850116"
                                                                    },
                                                                    "cumulative_cardinality": 3685416,
                                                                    "operator_type": "TABLE_SCAN",
                                                                    "operator_cardinality": 3685416,
                                                                    "cumulative_rows_scanned": 3850116,
                                                                    "operator_rows_scanned": 3850116,
                                                                    "operator_timing": 0.10876863899999999,
                                                                    "result_set_size": 29483328,
                                                                    "children": []
                                                                },
                                                                {
                                                                    "operator_name": "READ_PARQUET ",
                                                                    "cpu_time": 0.007781675000000005,
                                                                    "extra_info": {
                                                                        "Function": "READ_PARQUET",
                                                                        "Projections": "id",
                                                                        "Estimated Cardinality": "1260710"
                                                                    },
                                                                    "cumulative_cardinality": 1260710,
                                                                    "operator_type": "TABLE_SCAN",
                                                                    "operator_cardinality": 1260710,
                                                                    "cumulative_rows_scanned": 1260710,
                                                                    "operator_rows_scanned": 1260710,
                                                                    "operator_timing": 0.007781675000000005,
                                                                    "result_set_size": 5042840,
                                                                    "children": []
                                                                }
                                                            ]
                                                        }
                                                    ]
                                                }
                                            ]
                                        }
                                    ]
                                },
                                {
                                    "operator_name": "READ_PARQUET ",
                                    "cpu_time": 0.11336097799999996,
                                    "extra_info": {
                                        "Function": "READ_PARQUET",
                                        "Projections": [
                                            "id",
                                            "reputation",
                                            "creationdate",
                                            "displayname",
                                            "lastaccessdate"
                                        ],
                                        "Estimated Cardinality": "1260710"
                                    },
                                    "cumulative_cardinality": 1260710,
                                    "operator_type": "TABLE_SCAN",
                                    "operator_cardinality": 1260710,
                                    "cumulative_rows_scanned": 1260710,
                                    "operator_rows_scanned": 1260710,
                                    "operator_timing": 0.11336097799999996,
                                    "result_set_size": 50428400,
                                    "children": []
                                }
                            ]
                        }
                    ]
                }
            ]
        }
    ]
}