{
    "rows_returned": 1260710,
    "query_name": "\nSELECT \n    u.Id AS UserId,\n    u.DisplayName,\n    COUNT(DISTINCT p.Id) AS TotalPosts,\n    SUM(CASE WHEN p.PostTypeId = 1 THEN 1 ELSE 0 END) AS TotalQuestions,\n    SUM(CASE WHEN p.PostTypeId = 2 THEN 1 ELSE 0 END) AS TotalAnswers,\n    SUM(CASE WHEN v.VoteTypeId = 2 THEN 1 ELSE 0 END) AS TotalUpvotes,\n    SUM(CASE WHEN v.VoteTypeId = 3 THEN 1 ELSE 0 END) AS TotalDownvotes,\n    COUNT(DISTINCT t.Id) AS TotalUniqueTags,\n    AVG(u.Reputation) AS AverageReputation,\n    MAX(p.CreationDate) AS LastPostDate\nFROM \n    Users u\nLEFT JOIN \n    Posts p ON u.Id = p.OwnerUserId\nLEFT JOIN \n    PostLinks pl ON p.Id = pl.PostId\nLEFT JOIN \n    Tags t ON pl.RelatedPostId = t.Id\nLEFT JOIN \n    Votes v ON p.Id = v.PostId\nGROUP BY \n    u.Id, u.DisplayName\nORDER BY \n    TotalPosts DESC, AverageReputation DESC;\n",
    "blocked_thread_time": 0.0,
    "cpu_time": 5.0013298289999994,
    "extra_info": {},
    "cumulative_cardinality": 77054022,
    "cumulative_rows_scanned": 18269886,
    "result_set_size": 146242360,
    "latency": 15.995726418,
    "children": [
        {
            "operator_name": "ORDER_BY",
            "cpu_time": 5.0013298289999994,
            "extra_info": {
                "Order By": [
                    "count(DISTINCT p.Id) DESC",
                    "avg(u.Reputation) DESC"
                ]
            },
            "cumulative_cardinality": 77054022,
            "operator_type": "ORDER_BY",
            "operator_cardinality": 1260710,
            "cumulative_rows_scanned": 18269886,
            "operator_rows_scanned": 0,
            "operator_timing": 0.1145174440000001,
            "result_set_size": 146242360,
            "children": [
                {
                    "operator_name": "HASH_GROUP_BY",
                    "cpu_time": 4.886812384999999,
                    "extra_info": {
                        "Groups": [
                            "#0",
                            "#1"
                        ],
                        "Aggregates": [
                            "count(DISTINCT #2)",
                            "sum(#3)",
                            "sum(#4)",
                            "sum(#5)",
                            "sum(#6)",
                            "count(DISTINCT #7)",
                            "avg(#8)",
                            "max(#9)"
                        ],
                        "Estimated Cardinality": "1260710"
                    },
                    "cumulative_cardinality": 75793312,
                    "operator_type": "HASH_GROUP_BY",
                    "operator_cardinality": 1260710,
                    "cumulative_rows_scanned": 18269886,
                    "operator_rows_scanned": 0,
                    "operator_timing": 2.7442470229999927,
                    "result_set_size": 146242360,
                    "children": [
                        {
                            "operator_name": "PROJECTION",
                            "cpu_time": 2.1425653620000067,
                            "extra_info": {
                                "Projections": [
                                    "id",
                                    "displayname",
                                    "id",
                                    "CASE  WHEN ((posttypeid = 1)) THEN (1) ELSE 0 END",
                                    "CASE  WHEN ((posttypeid = 2)) THEN (1) ELSE 0 END",
                                    "CASE  WHEN ((votetypeid = 2)) THEN (1) ELSE 0 END",
                                    "CASE  WHEN ((votetypeid = 3)) THEN (1) ELSE 0 END",
                                    "id",
                                    "reputation",
                                    "creationdate"
                                ],
                                "Estimated Cardinality": "12744093"
                            },
                            "cumulative_cardinality": 74532602,
                            "operator_type": "PROJECTION",
                            "operator_cardinality": 12574428,
                            "cumulative_rows_scanned": 18269886,
                            "operator_rows_scanned": 0,
                            "operator_timing": 0.13442710499999977,
                            "result_set_size": 704167968,
                            "children": [
                                {
                                    "operator_name": "PROJECTION",
                                    "cpu_time": 2.008138257000007,
                                    "extra_info": {
                                        "Projections": [
                                            "#0",
                                            "#1",
                                            "#2",
                                            "#3",
                                            "#4",
                                            "__internal_decompress_integral_smallint(#5, 1)",
                                            "#6",
                                            "__internal_decompress_integral_integer(#7, 1)"
                                        ],
                                        "Estimated Cardinality": "12744093"
                                    },
                                    "cumulative_cardinality": 61958174,
                                    "operator_type": "PROJECTION",
                                    "operator_cardinality": 12574428,
                                    "cumulative_rows_scanned": 18269886,
                                    "operator_rows_scanned": 0,
                                    "operator_timing": 0.010706854999999954,
                                    "result_set_size": 553274832,
                                    "children": [
                                        {
                                            "operator_name": "HASH_JOIN",
                                            "cpu_time": 1.997431402000007,
                                            "extra_info": {
                                                "Join Type": "RIGHT",
                                                "Conditions": "postid = id",
                                                "Estimated Cardinality": "12744093"
                                            },
                                            "cumulative_cardinality": 49383746,
                                            "operator_type": "HASH_JOIN",
                                            "operator_cardinality": 12574428,
                                            "cumulative_rows_scanned": 18269886,
                                            "operator_rows_scanned": 0,
                                            "operator_timing": 1.039641737000005,
                                            "result_set_size": 515551548,
                                            "children": [
                                                {
                                                    "operator_name": "READ_PARQUET ",
                                                    "cpu_time": 0.2325008310000005,
                                                    "extra_info": {
                                                        "Function": "READ_PARQUET",
                                                        "Projections": [
                                                            "postid",
                                                            "votetypeid"
                                                        ],
                                                        "Estimated Cardinality": "12744093"
                                                    },
                                                    "cumulative_cardinality": 12744093,
                                                    "operator_type": "TABLE_SCAN",
                                                    "operator_cardinality": 12744093,
                                                    "cumulative_rows_scanned": 12744093,
                                                    "operator_rows_scanned": 12744093,
                                                    "operator_timing": 0.2325008310000005,
                                                    "result_set_size": 76464558,
                                                    "children": []
                                                },
                                                {
                                                    "operator_name": "PROJECTION",
                                                    "cpu_time": 0.7252888340000014,
                                                    "extra_info": {
                                                        "Projections": [
                                                            "#3",
                                                            "#4",
                                                            "#5",
                                                            "#0",
                                                            "__internal_compress_integral_utinyint(#1, 1)",
                                                            "#2",
                                                            "__internal_compress_integral_usmallint(#6, 1)"
                                                        ],
                                                        "Estimated Cardinality": "3850116"
                                                    },
                                                    "cumulative_cardinality": 24065225,
                                                    "operator_type": "PROJECTION",
                                                    "operator_cardinality": 4709879,
                                                    "cumulative_rows_scanned": 5525793,
                                                    "operator_rows_scanned": 0,
                                                    "operator_timing": 0.0054386139999999935,
                                                    "result_set_size": 183685281,
                                                    "children": [
                                                        {
                                                            "operator_name": "HASH_JOIN",
                                                            "cpu_time": 0.7198502200000014,
                                                            "extra_info": {
                                                                "Join Type": "LEFT",
                                                                "Conditions": "relatedpostid = id",
                                                                "Estimated Cardinality": "3850116"
                                                            },
                                                            "cumulative_cardinality": 19355346,
                                                            "operator_type": "HASH_JOIN",
                                                            "operator_cardinality": 4709879,
                                                            "cumulative_rows_scanned": 5525793,
                                                            "operator_rows_scanned": 0,
                                                            "operator_timing": 0.04685044000000037,
                                                            "result_set_size": 197814918,
                                                            "children": [
                                                                {
                                                                    "operator_name": "HASH_JOIN",
                                                                    "cpu_time": 0.6728027010000011,
                                                                    "extra_info": {
                                                                        "Join Type": "LEFT",
                                                                        "Conditions": "id = postid",
                                                                        "Estimated Cardinality": "3850116"
                                                                    },
                                                                    "cumulative_cardinality": 14643491,
                                                                    "operator_type": "HASH_JOIN",
                                                                    "operator_cardinality": 4709879,
                                                                    "cumulative_rows_scanned": 5523817,
                                                                    "operator_rows_scanned": 0,
                                                                    "operator_timing": 0.1377642140000004,
                                                                    "result_set_size": 197814918,
                                                                    "children": [
                                                                        {
                                                                            "operator_name": "HASH_JOIN",
                                                                            "cpu_time": 0.5300296480000006,
                                                                            "extra_info": {
                                                                                "Join Type": "RIGHT",
                                                                                "Conditions": "owneruserid = id",
                                                                                "Estimated Cardinality": "3850116"
                                                                            },
                                                                            "cumulative_cardinality": 9520621,
                                                                            "operator_type": "HASH_JOIN",
                                                                            "operator_cardinality": 4574495,
                                                                            "cumulative_rows_scanned": 5110826,
                                                                            "operator_rows_scanned": 0,
                                                                            "operator_timing": 0.28010577700000105,
                                                                            "result_set_size": 173830810,
                                                                            "children": [
                                                                                {
                                                                                    "operator_name": "READ_PARQUET ",
                                                                                    "cpu_time": 0.1637580809999996,
                                                                                    "extra_info": {
                                                                                        "Function": "READ_PARQUET",
                                                                                        "Projections": [
                                                                                            "id",
                                                                                            "posttypeid",
                                                                                            "creationdate",
                                                                                            "owneruserid"
                                                                                        ],
                                                                                        "Estimated Cardinality": "3850116"
                                                                                    },
                                                                                    "cumulative_cardinality": 3685416,
                                                                                    "operator_type": "TABLE_SCAN",
                                                                                    "operator_cardinality": 3685416,
                                                                                    "cumulative_rows_scanned": 3850116,
                                                                                    "operator_rows_scanned": 3850116,
                                                                                    "operator_timing": 0.1637580809999996,
                                                                                    "result_set_size": 66337488,
                                                                                    "children": []
                                                                                },
                                                                                {
                                                                                    "operator_name": "READ_PARQUET ",
                                                                                    "cpu_time": 0.08616578999999999,
                                                                                    "extra_info": {
                                                                                        "Function": "READ_PARQUET",
                                                                                        "Projections": [
                                                                                            "id",
                                                                                            "reputation",
                                                                                            "displayname"
                                                                                        ],
                                                                                        "Estimated Cardinality": "1260710"
                                                                                    },
                                                                                    "cumulative_cardinality": 1260710,
                                                                                    "operator_type": "TABLE_SCAN",
                                                                                    "operator_cardinality": 1260710,
                                                                                    "cumulative_rows_scanned": 1260710,
                                                                                    "operator_rows_scanned": 1260710,
                                                                                    "operator_timing": 0.08616578999999999,
                                                                                    "result_set_size": 30257040,
                                                                                    "children": []
                                                                                }
                                                                            ]
                                                                        },
                                                                        {
                                                                            "operator_name": "READ_PARQUET ",
                                                                            "cpu_time": 0.005008838999999995,
                                                                            "extra_info": {
                                                                                "Function": "READ_PARQUET",
                                                                                "Projections": [
                                                                                    "postid",
                                                                                    "relatedpostid"
                                                                                ],
                                                                                "Estimated Cardinality": "412991"
                                                                            },
                                                                            "cumulative_cardinality": 412991,
                                                                            "operator_type": "TABLE_SCAN",
                                                                            "operator_cardinality": 412991,
                                                                            "cumulative_rows_scanned": 412991,
                                                                            "operator_rows_scanned": 412991,
                                                                            "operator_timing": 0.005008838999999995,
                                                                            "result_set_size": 3303928,
                                                                            "children": []
                                                                        }
                                                                    ]
                                                                },
                                                                {
                                                                    "operator_name": "READ_PARQUET ",
                                                                    "cpu_time": 0.000197079,
                                                                    "extra_info": {
                                                                        "Function": "READ_PARQUET",
                                                                        "Projections": "id",
                                                                        "Estimated Cardinality": "1976"
                                                                    },
                                                                    "cumulative_cardinality": 1976,
                                                                    "operator_type": "TABLE_SCAN",
                                                                    "operator_cardinality": 1976,
                                                                    "cumulative_rows_scanned": 1976,
                                                                    "operator_rows_scanned": 1976,
                                                                    "operator_timing": 0.000197079,
                                                                    "result_set_size": 7904,
                                                                    "children": []
                                                                }
                                                            ]
                                                        }
                                                    ]
                                                }
                                            ]
                                        }
                                    ]
                                }
                            ]
                        }
                    ]
                }
            ]
        }
    ]
}