{
    "rows_returned": 1260710,
    "query_name": "WITH UserPostStats AS (\n    SELECT \n        u.Id AS UserId,\n        u.DisplayName,\n        COUNT(p.Id) AS PostCount,\n        SUM(CASE WHEN p.PostTypeId = 1 THEN 1 ELSE 0 END) AS QuestionCount,\n        SUM(CASE WHEN p.PostTypeId = 2 THEN 1 ELSE 0 END) AS AnswerCount,\n        SUM(CASE WHEN p.ViewCount IS NOT NULL THEN p.ViewCount ELSE 0 END) AS TotalViews,\n        SUM(p.Score) AS TotalScore\n    FROM \n        Users u\n    LEFT JOIN \n        Posts p ON u.Id = p.OwnerUserId\n    GROUP BY \n        u.Id, u.DisplayName\n),\nPostHistoryStats AS (\n    SELECT \n        ph.UserId,\n        COUNT(ph.Id) AS EditCount,\n        SUM(CASE WHEN ph.PostHistoryTypeId IN (4, 5) THEN 1 ELSE 0 END) AS TitleEditCount,\n        SUM(CASE WHEN ph.PostHistoryTypeId IN (24) THEN 1 ELSE 0 END) AS SuggestedEditCount\n    FROM \n        PostHistory ph\n    GROUP BY \n        ph.UserId\n)\nSELECT \n    ups.UserId,\n    ups.DisplayName,\n    ups.PostCount,\n    ups.QuestionCount,\n    ups.AnswerCount,\n    ups.TotalViews,\n    ups.TotalScore,\n    COALESCE(phs.EditCount, 0) AS TotalEdits,\n    COALESCE(phs.TitleEditCount, 0) AS TitleEdits,\n    COALESCE(phs.SuggestedEditCount, 0) AS SuggestedEdits\nFROM \n    UserPostStats ups\nLEFT JOIN \n    PostHistoryStats phs ON ups.UserId = phs.UserId\nORDER BY \n    ups.PostCount DESC, \n    ups.TotalScore DESC;",
    "blocked_thread_time": 0.0,
    "cpu_time": 2.4484902789999996,
    "extra_info": {},
    "cumulative_cardinality": 43102561,
    "cumulative_rows_scanned": 16906070,
    "result_set_size": 166413720,
    "latency": 6.816153001,
    "children": [
        {
            "operator_name": "ORDER_BY",
            "cpu_time": 2.4484902789999996,
            "extra_info": {
                "Order By": [
                    "ups.PostCount DESC",
                    "ups.TotalScore DESC"
                ]
            },
            "cumulative_cardinality": 43102561,
            "operator_type": "ORDER_BY",
            "operator_cardinality": 1260710,
            "cumulative_rows_scanned": 16906070,
            "operator_rows_scanned": 0,
            "operator_timing": 0.31267651200000013,
            "result_set_size": 166413720,
            "children": [
                {
                    "operator_name": "PROJECTION",
                    "cpu_time": 2.1358137669999997,
                    "extra_info": {
                        "Projections": [
                            "UserId",
                            "displayname",
                            "PostCount",
                            "QuestionCount",
                            "AnswerCount",
                            "TotalViews",
                            "TotalScore",
                            "TotalEdits",
                            "TitleEdits",
                            "SuggestedEdits"
                        ],
                        "Estimated Cardinality": "5897622"
                    },
                    "cumulative_cardinality": 41841851,
                    "operator_type": "PROJECTION",
                    "operator_cardinality": 1260710,
                    "cumulative_rows_scanned": 16906070,
                    "operator_rows_scanned": 0,
                    "operator_timing": 0.024846952999999995,
                    "result_set_size": 166413720,
                    "children": [
                        {
                            "operator_name": "HASH_JOIN",
                            "cpu_time": 2.1109668139999997,
                            "extra_info": {
                                "Join Type": "RIGHT",
                                "Conditions": "userid = UserId",
                                "Estimated Cardinality": "5897622"
                            },
                            "cumulative_cardinality": 40581141,
                            "operator_type": "HASH_JOIN",
                            "operator_cardinality": 1260710,
                            "cumulative_rows_scanned": 16906070,
                            "operator_rows_scanned": 0,
                            "operator_timing": 0.16625391599999992,
                            "result_set_size": 166413720,
                            "children": [
                                {
                                    "operator_name": "HASH_GROUP_BY",
                                    "cpu_time": 0.6369152280000001,
                                    "extra_info": {
                                        "Groups": "#0",
                                        "Aggregates": [
                                            "count_star()",
                                            "sum(#1)",
                                            "sum(#2)"
                                        ],
                                        "Estimated Cardinality": "5897622"
                                    },
                                    "cumulative_cardinality": 23964605,
                                    "operator_type": "HASH_GROUP_BY",
                                    "operator_cardinality": 374117,
                                    "cumulative_rows_scanned": 11795244,
                                    "operator_rows_scanned": 0,
                                    "operator_timing": 0.2785387399999998,
                                    "result_set_size": 16461148,
                                    "children": [
                                        {
                                            "operator_name": "PROJECTION",
                                            "cpu_time": 0.3583764880000004,
                                            "extra_info": {
                                                "Projections": [
                                                    "userid",
                                                    "CASE  WHEN ((posthistorytypeid IN (4, 5))) THEN (1) ELSE 0 END",
                                                    "CASE  WHEN ((posthistorytypeid IN (24))) THEN (1) ELSE 0 END"
                                                ],
                                                "Estimated Cardinality": "11795244"
                                            },
                                            "cumulative_cardinality": 23590488,
                                            "operator_type": "PROJECTION",
                                            "operator_cardinality": 11795244,
                                            "cumulative_rows_scanned": 11795244,
                                            "operator_rows_scanned": 0,
                                            "operator_timing": 0.1658644010000005,
                                            "result_set_size": 141542928,
                                            "children": [
                                                {
                                                    "operator_name": "READ_PARQUET ",
                                                    "cpu_time": 0.1925120869999999,
                                                    "extra_info": {
                                                        "Function": "READ_PARQUET",
                                                        "Projections": [
                                                            "id",
                                                            "posthistorytypeid",
                                                            "userid"
                                                        ],
                                                        "Estimated Cardinality": "11795244"
                                                    },
                                                    "cumulative_cardinality": 11795244,
                                                    "operator_type": "TABLE_SCAN",
                                                    "operator_cardinality": 11795244,
                                                    "cumulative_rows_scanned": 11795244,
                                                    "operator_rows_scanned": 11795244,
                                                    "operator_timing": 0.1925120869999999,
                                                    "result_set_size": 117952440,
                                                    "children": []
                                                }
                                            ]
                                        }
                                    ]
                                },
                                {
                                    "operator_name": "HASH_GROUP_BY",
                                    "cpu_time": 1.3077976699999998,
                                    "extra_info": {
                                        "Groups": [
                                            "#0",
                                            "#1"
                                        ],
                                        "Aggregates": [
                                            "count(#2)",
                                            "sum(#3)",
                                            "sum(#4)",
                                            "sum(#5)",
                                            "sum(#6)"
                                        ],
                                        "Estimated Cardinality": "1260710"
                                    },
                                    "cumulative_cardinality": 15355826,
                                    "operator_type": "HASH_GROUP_BY",
                                    "operator_cardinality": 1260710,
                                    "cumulative_rows_scanned": 5110826,
                                    "operator_rows_scanned": 0,
                                    "operator_timing": 0.6876608780000001,
                                    "result_set_size": 115985320,
                                    "children": [
                                        {
                                            "operator_name": "PROJECTION",
                                            "cpu_time": 0.6201367919999998,
                                            "extra_info": {
                                                "Projections": [
                                                    "id",
                                                    "displayname",
                                                    "id",
                                                    "CASE  WHEN ((posttypeid = 1)) THEN (1) ELSE 0 END",
                                                    "CASE  WHEN ((posttypeid = 2)) THEN (1) ELSE 0 END",
                                                    "CASE  WHEN ((viewcount IS NOT NULL)) THEN (viewcount) ELSE 0 END",
                                                    "score"
                                                ],
                                                "Estimated Cardinality": "3850116"
                                            },
                                            "cumulative_cardinality": 14095116,
                                            "operator_type": "PROJECTION",
                                            "operator_cardinality": 4574495,
                                            "cumulative_rows_scanned": 5110826,
                                            "operator_rows_scanned": 0,
                                            "operator_timing": 0.0821235239999998,
                                            "result_set_size": 182979800,
                                            "children": [
                                                {
                                                    "operator_name": "HASH_JOIN",
                                                    "cpu_time": 0.538013268,
                                                    "extra_info": {
                                                        "Join Type": "RIGHT",
                                                        "Conditions": "owneruserid = id",
                                                        "Estimated Cardinality": "3850116"
                                                    },
                                                    "cumulative_cardinality": 9520621,
                                                    "operator_type": "HASH_JOIN",
                                                    "operator_cardinality": 4574495,
                                                    "cumulative_rows_scanned": 5110826,
                                                    "operator_rows_scanned": 0,
                                                    "operator_timing": 0.28311483400000015,
                                                    "result_set_size": 155532830,
                                                    "children": [
                                                        {
                                                            "operator_name": "READ_PARQUET ",
                                                            "cpu_time": 0.16924932399999984,
                                                            "extra_info": {
                                                                "Function": "READ_PARQUET",
                                                                "Projections": [
                                                                    "id",
                                                                    "posttypeid",
                                                                    "score",
                                                                    "viewcount",
                                                                    "owneruserid"
                                                                ],
                                                                "Estimated Cardinality": "3850116"
                                                            },
                                                            "cumulative_cardinality": 3685416,
                                                            "operator_type": "TABLE_SCAN",
                                                            "operator_cardinality": 3685416,
                                                            "cumulative_rows_scanned": 3850116,
                                                            "operator_rows_scanned": 3850116,
                                                            "operator_timing": 0.16924932399999984,
                                                            "result_set_size": 66337488,
                                                            "children": []
                                                        },
                                                        {
                                                            "operator_name": "READ_PARQUET ",
                                                            "cpu_time": 0.08564911000000003,
                                                            "extra_info": {
                                                                "Function": "READ_PARQUET",
                                                                "Projections": [
                                                                    "id",
                                                                    "displayname"
                                                                ],
                                                                "Estimated Cardinality": "1260710"
                                                            },
                                                            "cumulative_cardinality": 1260710,
                                                            "operator_type": "TABLE_SCAN",
                                                            "operator_cardinality": 1260710,
                                                            "cumulative_rows_scanned": 1260710,
                                                            "operator_rows_scanned": 1260710,
                                                            "operator_timing": 0.08564911000000003,
                                                            "result_set_size": 25214200,
                                                            "children": []
                                                        }
                                                    ]
                                                }
                                            ]
                                        }
                                    ]
                                }
                            ]
                        }
                    ]
                }
            ]
        }
    ]
}