{
    "rows_returned": 10,
    "query_name": "\nWITH UserVoteCounts AS (\n    SELECT \n        u.Id AS UserId,\n        COUNT(v.Id) AS VoteCount,\n        SUM(CASE WHEN v.VoteTypeId = 2 THEN 1 ELSE 0 END) AS Upvotes,\n        SUM(CASE WHEN v.VoteTypeId = 3 THEN 1 ELSE 0 END) AS Downvotes\n    FROM \n        Users u\n    LEFT JOIN \n        Votes v ON u.Id = v.UserId\n    GROUP BY \n        u.Id\n),\nPostStatistics AS (\n    SELECT \n        p.Id AS PostId,\n        p.Title,\n        p.ViewCount,\n        COALESCE(a.AnswerCount, 0) AS AnswerCount,\n        COALESCE(c.CommentCount, 0) AS CommentCount,\n        COALESCE(b.BadgeCount, 0) AS BadgeCount,\n        p.OwnerUserId\n    FROM \n        Posts p\n    LEFT JOIN (\n        SELECT \n            ParentId,\n            COUNT(Id) AS AnswerCount\n        FROM \n            Posts\n        WHERE \n            PostTypeId = 2\n        GROUP BY \n            ParentId\n    ) a ON p.Id = a.ParentId\n    LEFT JOIN (\n        SELECT \n            PostId,\n            COUNT(Id) AS CommentCount\n        FROM \n            Comments\n        GROUP BY \n            PostId\n    ) c ON p.Id = c.PostId\n    LEFT JOIN (\n        SELECT \n            UserId,\n            COUNT(Id) AS BadgeCount\n        FROM \n            Badges\n        GROUP BY \n            UserId\n    ) b ON p.OwnerUserId = b.UserId\n)\nSELECT \n    u.DisplayName,\n    SUM(uv.VoteCount) AS TotalVotes,\n    SUM(uv.Upvotes) AS TotalUpvotes,\n    SUM(uv.Downvotes) AS TotalDownvotes,\n    COUNT(ps.PostId) AS TotalPosts,\n    SUM(ps.ViewCount) AS TotalViews,\n    SUM(ps.AnswerCount) AS TotalAnswers,\n    SUM(ps.CommentCount) AS TotalComments,\n    SUM(ps.BadgeCount) AS TotalBadges\nFROM \n    UserVoteCounts uv\nJOIN \n    Users u ON uv.UserId = u.Id\nJOIN \n    PostStatistics ps ON u.Id = ps.OwnerUserId\nGROUP BY \n    u.DisplayName\nORDER BY \n    TotalVotes DESC\nLIMIT 10;\n",
    "blocked_thread_time": 0.0,
    "cpu_time": 3.324130075000007,
    "extra_info": {},
    "cumulative_cardinality": 62573614,
    "cumulative_rows_scanned": 32529291,
    "result_set_size": 1360,
    "latency": 3.732062186,
    "children": [
        {
            "operator_name": "STREAMING_LIMIT",
            "cpu_time": 3.324130075000007,
            "extra_info": {},
            "cumulative_cardinality": 62573614,
            "operator_type": "STREAMING_LIMIT",
            "operator_cardinality": 10,
            "cumulative_rows_scanned": 32529291,
            "operator_rows_scanned": 0,
            "operator_timing": 0.0000023139999999999998,
            "result_set_size": 1360,
            "children": [
                {
                    "operator_name": "ORDER_BY",
                    "cpu_time": 3.324127761000007,
                    "extra_info": {
                        "Order By": "sum(uv.VoteCount) DESC"
                    },
                    "cumulative_cardinality": 62573604,
                    "operator_type": "ORDER_BY",
                    "operator_cardinality": 4096,
                    "cumulative_rows_scanned": 32529291,
                    "operator_rows_scanned": 0,
                    "operator_timing": 0.016436283999999995,
                    "result_set_size": 557056,
                    "children": [
                        {
                            "operator_name": "HASH_GROUP_BY",
                            "cpu_time": 3.3076914770000068,
                            "extra_info": {
                                "Groups": "#0",
                                "Aggregates": [
                                    "sum(#1)",
                                    "sum(#2)",
                                    "sum(#3)",
                                    "count_star()",
                                    "sum(#4)",
                                    "sum(#5)",
                                    "sum(#6)",
                                    "sum(#7)"
                                ],
                                "Estimated Cardinality": "1260710"
                            },
                            "cumulative_cardinality": 62569508,
                            "operator_type": "HASH_GROUP_BY",
                            "operator_cardinality": 301138,
                            "cumulative_rows_scanned": 32529291,
                            "operator_rows_scanned": 0,
                            "operator_timing": 0.424206219,
                            "result_set_size": 40954768,
                            "children": [
                                {
                                    "operator_name": "PROJECTION",
                                    "cpu_time": 2.883485258000007,
                                    "extra_info": {
                                        "Projections": [
                                            "displayname",
                                            "VoteCount",
                                            "Upvotes",
                                            "Downvotes",
                                            "viewcount",
                                            "AnswerCount",
                                            "CommentCount",
                                            "BadgeCount"
                                        ],
                                        "Estimated Cardinality": "3850116"
                                    },
                                    "cumulative_cardinality": 62268370,
                                    "operator_type": "PROJECTION",
                                    "operator_cardinality": 3685416,
                                    "cumulative_rows_scanned": 32529291,
                                    "operator_rows_scanned": 0,
                                    "operator_timing": 0.0038886599999998907,
                                    "result_set_size": 309574944,
                                    "children": [
                                        {
                                            "operator_name": "HASH_JOIN",
                                            "cpu_time": 2.879596598000007,
                                            "extra_info": {
                                                "Join Type": "INNER",
                                                "Conditions": "owneruserid = UserId",
                                                "Estimated Cardinality": "3850116"
                                            },
                                            "cumulative_cardinality": 58582954,
                                            "operator_type": "HASH_JOIN",
                                            "operator_cardinality": 3685416,
                                            "cumulative_rows_scanned": 32529291,
                                            "operator_rows_scanned": 0,
                                            "operator_timing": 0.32254991900000085,
                                            "result_set_size": 309574944,
                                            "children": [
                                                {
                                                    "operator_name": "PROJECTION",
                                                    "cpu_time": 1.8185536310000048,
                                                    "extra_info": {
                                                        "Projections": [
                                                            "PostId",
                                                            "viewcount",
                                                            "AnswerCount",
                                                            "CommentCount",
                                                            "BadgeCount",
                                                            "owneruserid"
                                                        ],
                                                        "Estimated Cardinality": "3850116"
                                                    },
                                                    "cumulative_cardinality": 45976022,
                                                    "operator_type": "PROJECTION",
                                                    "operator_cardinality": 3685416,
                                                    "cumulative_rows_scanned": 17263778,
                                                    "operator_rows_scanned": 0,
                                                    "operator_timing": 0.12219738200000009,
                                                    "result_set_size": 132674976,
                                                    "children": [
                                                        {
                                                            "operator_name": "HASH_JOIN",
                                                            "cpu_time": 1.6963562490000046,
                                                            "extra_info": {
                                                                "Join Type": "LEFT",
                                                                "Conditions": "owneruserid = userid",
                                                                "Estimated Cardinality": "3850116"
                                                            },
                                                            "cumulative_cardinality": 42290606,
                                                            "operator_type": "HASH_JOIN",
                                                            "operator_cardinality": 3685416,
                                                            "cumulative_rows_scanned": 17263778,
                                                            "operator_rows_scanned": 0,
                                                            "operator_timing": 0.2684308320000017,
                                                            "result_set_size": 132674976,
                                                            "children": [
                                                                {
                                                                    "operator_name": "HASH_JOIN",
                                                                    "cpu_time": 1.3266573190000028,
                                                                    "extra_info": {
                                                                        "Join Type": "LEFT",
                                                                        "Conditions": "id = postid",
                                                                        "Estimated Cardinality": "3850116"
                                                                    },
                                                                    "cumulative_cardinality": 33412721,
                                                                    "operator_type": "HASH_JOIN",
                                                                    "operator_cardinality": 3685416,
                                                                    "cumulative_rows_scanned": 14942054,
                                                                    "operator_rows_scanned": 0,
                                                                    "operator_timing": 0.35335696900000185,
                                                                    "result_set_size": 103191648,
                                                                    "children": [
                                                                        {
                                                                            "operator_name": "HASH_JOIN",
                                                                            "cpu_time": 0.6210984070000012,
                                                                            "extra_info": {
                                                                                "Join Type": "LEFT",
                                                                                "Conditions": "id = parentid",
                                                                                "Estimated Cardinality": "3850116"
                                                                            },
                                                                            "cumulative_cardinality": 13079989,
                                                                            "operator_type": "HASH_JOIN",
                                                                            "operator_cardinality": 3685416,
                                                                            "cumulative_rows_scanned": 7700232,
                                                                            "operator_rows_scanned": 0,
                                                                            "operator_timing": 0.24410130000000085,
                                                                            "result_set_size": 73708320,
                                                                            "children": [
                                                                                {
                                                                                    "operator_name": "READ_PARQUET ",
                                                                                    "cpu_time": 0.1142456640000002,
                                                                                    "extra_info": {
                                                                                        "Function": "READ_PARQUET",
                                                                                        "Projections": [
                                                                                            "id",
                                                                                            "viewcount",
                                                                                            "owneruserid"
                                                                                        ],
                                                                                        "Estimated Cardinality": "3850116"
                                                                                    },
                                                                                    "cumulative_cardinality": 3685416,
                                                                                    "operator_type": "TABLE_SCAN",
                                                                                    "operator_cardinality": 3685416,
                                                                                    "cumulative_rows_scanned": 3850116,
                                                                                    "operator_rows_scanned": 3850116,
                                                                                    "operator_timing": 0.1142456640000002,
                                                                                    "result_set_size": 44224992,
                                                                                    "children": []
                                                                                },
                                                                                {
                                                                                    "operator_name": "HASH_GROUP_BY",
                                                                                    "cpu_time": 0.26275144300000014,
                                                                                    "extra_info": {
                                                                                        "Groups": "#0",
                                                                                        "Aggregates": "count_star()",
                                                                                        "Estimated Cardinality": "385011"
                                                                                    },
                                                                                    "cumulative_cardinality": 5709157,
                                                                                    "operator_type": "HASH_GROUP_BY",
                                                                                    "operator_cardinality": 1354571,
                                                                                    "cumulative_rows_scanned": 3850116,
                                                                                    "operator_rows_scanned": 0,
                                                                                    "operator_timing": 0.12902371200000012,
                                                                                    "result_set_size": 16254852,
                                                                                    "children": [
                                                                                        {
                                                                                            "operator_name": "PROJECTION",
                                                                                            "cpu_time": 0.13372773100000002,
                                                                                            "extra_info": {
                                                                                                "Projections": "parentid",
                                                                                                "Estimated Cardinality": "770023"
                                                                                            },
                                                                                            "cumulative_cardinality": 4354586,
                                                                                            "operator_type": "PROJECTION",
                                                                                            "operator_cardinality": 2177293,
                                                                                            "cumulative_rows_scanned": 3850116,
                                                                                            "operator_rows_scanned": 0,
                                                                                            "operator_timing": 0.0002895839999999975,
                                                                                            "result_set_size": 8709172,
                                                                                            "children": [
                                                                                                {
                                                                                                    "operator_name": "READ_PARQUET ",
                                                                                                    "cpu_time": 0.133438147,
                                                                                                    "extra_info": {
                                                                                                        "Function": "READ_PARQUET",
                                                                                                        "Projections": [
                                                                                                            "id",
                                                                                                            "parentid"
                                                                                                        ],
                                                                                                        "Filters": "posttypeid=2",
                                                                                                        "Estimated Cardinality": "770023"
                                                                                                    },
                                                                                                    "cumulative_cardinality": 2177293,
                                                                                                    "operator_type": "TABLE_SCAN",
                                                                                                    "operator_cardinality": 2177293,
                                                                                                    "cumulative_rows_scanned": 3850116,
                                                                                                    "operator_rows_scanned": 3850116,
                                                                                                    "operator_timing": 0.133438147,
                                                                                                    "result_set_size": 17418344,
                                                                                                    "children": []
                                                                                                }
                                                                                            ]
                                                                                        }
                                                                                    ]
                                                                                }
                                                                            ]
                                                                        },
                                                                        {
                                                                            "operator_name": "HASH_GROUP_BY",
                                                                            "cpu_time": 0.35220194299999974,
                                                                            "extra_info": {
                                                                                "Groups": "#0",
                                                                                "Aggregates": "count_star()",
                                                                                "Estimated Cardinality": "3620911"
                                                                            },
                                                                            "cumulative_cardinality": 16647316,
                                                                            "operator_type": "HASH_GROUP_BY",
                                                                            "operator_cardinality": 2163672,
                                                                            "cumulative_rows_scanned": 7241822,
                                                                            "operator_rows_scanned": 0,
                                                                            "operator_timing": 0.2613034920000001,
                                                                            "result_set_size": 25964064,
                                                                            "children": [
                                                                                {
                                                                                    "operator_name": "PROJECTION",
                                                                                    "cpu_time": 0.09089845099999967,
                                                                                    "extra_info": {
                                                                                        "Projections": "postid",
                                                                                        "Estimated Cardinality": "7241822"
                                                                                    },
                                                                                    "cumulative_cardinality": 14483644,
                                                                                    "operator_type": "PROJECTION",
                                                                                    "operator_cardinality": 7241822,
                                                                                    "cumulative_rows_scanned": 7241822,
                                                                                    "operator_rows_scanned": 0,
                                                                                    "operator_timing": 0.0003979429999999997,
                                                                                    "result_set_size": 28967288,
                                                                                    "children": [
                                                                                        {
                                                                                            "operator_name": "READ_PARQUET ",
                                                                                            "cpu_time": 0.09050050799999967,
                                                                                            "extra_info": {
                                                                                                "Function": "READ_PARQUET",
                                                                                                "Projections": [
                                                                                                    "id",
                                                                                                    "postid"
                                                                                                ],
                                                                                                "Estimated Cardinality": "7241822"
                                                                                            },
                                                                                            "cumulative_cardinality": 7241822,
                                                                                            "operator_type": "TABLE_SCAN",
                                                                                            "operator_cardinality": 7241822,
                                                                                            "cumulative_rows_scanned": 7241822,
                                                                                            "operator_rows_scanned": 7241822,
                                                                                            "operator_timing": 0.09050050799999967,
                                                                                            "result_set_size": 57934576,
                                                                                            "children": []
                                                                                        }
                                                                                    ]
                                                                                }
                                                                            ]
                                                                        }
                                                                    ]
                                                                },
                                                                {
                                                                    "operator_name": "HASH_GROUP_BY",
                                                                    "cpu_time": 0.101268098,
                                                                    "extra_info": {
                                                                        "Groups": "#0",
                                                                        "Aggregates": "count_star()",
                                                                        "Estimated Cardinality": "1160862"
                                                                    },
                                                                    "cumulative_cardinality": 5192469,
                                                                    "operator_type": "HASH_GROUP_BY",
                                                                    "operator_cardinality": 549021,
                                                                    "cumulative_rows_scanned": 2321724,
                                                                    "operator_rows_scanned": 0,
                                                                    "operator_timing": 0.07335861800000001,
                                                                    "result_set_size": 6588252,
                                                                    "children": [
                                                                        {
                                                                            "operator_name": "PROJECTION",
                                                                            "cpu_time": 0.027909479999999987,
                                                                            "extra_info": {
                                                                                "Projections": "userid",
                                                                                "Estimated Cardinality": "2321724"
                                                                            },
                                                                            "cumulative_cardinality": 4643448,
                                                                            "operator_type": "PROJECTION",
                                                                            "operator_cardinality": 2321724,
                                                                            "cumulative_rows_scanned": 2321724,
                                                                            "operator_rows_scanned": 0,
                                                                            "operator_timing": 0.00019787599999999936,
                                                                            "result_set_size": 9286896,
                                                                            "children": [
                                                                                {
                                                                                    "operator_name": "READ_PARQUET ",
                                                                                    "cpu_time": 0.027711603999999987,
                                                                                    "extra_info": {
                                                                                        "Function": "READ_PARQUET",
                                                                                        "Projections": [
                                                                                            "id",
                                                                                            "userid"
                                                                                        ],
                                                                                        "Estimated Cardinality": "2321724"
                                                                                    },
                                                                                    "cumulative_cardinality": 2321724,
                                                                                    "operator_type": "TABLE_SCAN",
                                                                                    "operator_cardinality": 2321724,
                                                                                    "cumulative_rows_scanned": 2321724,
                                                                                    "operator_rows_scanned": 2321724,
                                                                                    "operator_timing": 0.027711603999999987,
                                                                                    "result_set_size": 18573792,
                                                                                    "children": []
                                                                                }
                                                                            ]
                                                                        }
                                                                    ]
                                                                }
                                                            ]
                                                        }
                                                    ]
                                                },
                                                {
                                                    "operator_name": "FILTER",
                                                    "cpu_time": 0.7384930480000016,
                                                    "extra_info": {
                                                        "Expression": "(UserId <= 1416539)",
                                                        "Estimated Cardinality": "1260710"
                                                    },
                                                    "cumulative_cardinality": 8921516,
                                                    "operator_type": "FILTER",
                                                    "operator_cardinality": 1260679,
                                                    "cumulative_rows_scanned": 15265513,
                                                    "operator_rows_scanned": 0,
                                                    "operator_timing": 0.002486628,
                                                    "result_set_size": 75640740,
                                                    "children": [
                                                        {
                                                            "operator_name": "HASH_JOIN",
                                                            "cpu_time": 0.7360064200000016,
                                                            "extra_info": {
                                                                "Join Type": "INNER",
                                                                "Conditions": "UserId = id",
                                                                "Estimated Cardinality": "1260710"
                                                            },
                                                            "cumulative_cardinality": 7660837,
                                                            "operator_type": "HASH_JOIN",
                                                            "operator_cardinality": 1260710,
                                                            "cumulative_rows_scanned": 15265513,
                                                            "operator_rows_scanned": 0,
                                                            "operator_timing": 0.11119351099999998,
                                                            "result_set_size": 75642600,
                                                            "children": [
                                                                {
                                                                    "operator_name": "HASH_GROUP_BY",
                                                                    "cpu_time": 0.5420400610000016,
                                                                    "extra_info": {
                                                                        "Groups": "#0",
                                                                        "Aggregates": [
                                                                            "count(#1)",
                                                                            "sum(#2)",
                                                                            "sum(#3)"
                                                                        ],
                                                                        "Estimated Cardinality": "1260710"
                                                                    },
                                                                    "cumulative_cardinality": 5139417,
                                                                    "operator_type": "HASH_GROUP_BY",
                                                                    "operator_cardinality": 1260710,
                                                                    "cumulative_rows_scanned": 14004803,
                                                                    "operator_rows_scanned": 0,
                                                                    "operator_timing": 0.2575948749999999,
                                                                    "result_set_size": 55471240,
                                                                    "children": [
                                                                        {
                                                                            "operator_name": "PROJECTION",
                                                                            "cpu_time": 0.2844451860000016,
                                                                            "extra_info": {
                                                                                "Projections": [
                                                                                    "id",
                                                                                    "id",
                                                                                    "CASE  WHEN ((votetypeid = 2)) THEN (1) ELSE 0 END",
                                                                                    "CASE  WHEN ((votetypeid = 3)) THEN (1) ELSE 0 END"
                                                                                ],
                                                                                "Estimated Cardinality": "12744093"
                                                                            },
                                                                            "cumulative_cardinality": 3878707,
                                                                            "operator_type": "PROJECTION",
                                                                            "operator_cardinality": 1288855,
                                                                            "cumulative_rows_scanned": 14004803,
                                                                            "operator_rows_scanned": 0,
                                                                            "operator_timing": 0.0023263339999999993,
                                                                            "result_set_size": 20621680,
                                                                            "children": [
                                                                                {
                                                                                    "operator_name": "HASH_JOIN",
                                                                                    "cpu_time": 0.28211885200000164,
                                                                                    "extra_info": {
                                                                                        "Join Type": "RIGHT",
                                                                                        "Conditions": "userid = id",
                                                                                        "Estimated Cardinality": "12744093"
                                                                                    },
                                                                                    "cumulative_cardinality": 2589852,
                                                                                    "operator_type": "HASH_JOIN",
                                                                                    "operator_cardinality": 1288855,
                                                                                    "cumulative_rows_scanned": 14004803,
                                                                                    "operator_rows_scanned": 0,
                                                                                    "operator_timing": 0.0717900360000013,
                                                                                    "result_set_size": 12888550,
                                                                                    "children": [
                                                                                        {
                                                                                            "operator_name": "READ_PARQUET ",
                                                                                            "cpu_time": 0.20312723200000032,
                                                                                            "extra_info": {
                                                                                                "Function": "READ_PARQUET",
                                                                                                "Projections": [
                                                                                                    "id",
                                                                                                    "votetypeid",
                                                                                                    "userid"
                                                                                                ],
                                                                                                "Estimated Cardinality": "12744093"
                                                                                            },
                                                                                            "cumulative_cardinality": 40287,
                                                                                            "operator_type": "TABLE_SCAN",
                                                                                            "operator_cardinality": 40287,
                                                                                            "cumulative_rows_scanned": 12744093,
                                                                                            "operator_rows_scanned": 12744093,
                                                                                            "operator_timing": 0.20312723200000032,
                                                                                            "result_set_size": 402870,
                                                                                            "children": []
                                                                                        },
                                                                                        {
                                                                                            "operator_name": "READ_PARQUET ",
                                                                                            "cpu_time": 0.0072015840000000135,
                                                                                            "extra_info": {
                                                                                                "Function": "READ_PARQUET",
                                                                                                "Projections": "id",
                                                                                                "Estimated Cardinality": "1260710"
                                                                                            },
                                                                                            "cumulative_cardinality": 1260710,
                                                                                            "operator_type": "TABLE_SCAN",
                                                                                            "operator_cardinality": 1260710,
                                                                                            "cumulative_rows_scanned": 1260710,
                                                                                            "operator_rows_scanned": 1260710,
                                                                                            "operator_timing": 0.0072015840000000135,
                                                                                            "result_set_size": 5042840,
                                                                                            "children": []
                                                                                        }
                                                                                    ]
                                                                                }
                                                                            ]
                                                                        }
                                                                    ]
                                                                },
                                                                {
                                                                    "operator_name": "READ_PARQUET ",
                                                                    "cpu_time": 0.0827728480000001,
                                                                    "extra_info": {
                                                                        "Function": "READ_PARQUET",
                                                                        "Projections": [
                                                                            "id",
                                                                            "displayname"
                                                                        ],
                                                                        "Estimated Cardinality": "1260710"
                                                                    },
                                                                    "cumulative_cardinality": 1260710,
                                                                    "operator_type": "TABLE_SCAN",
                                                                    "operator_cardinality": 1260710,
                                                                    "cumulative_rows_scanned": 1260710,
                                                                    "operator_rows_scanned": 1260710,
                                                                    "operator_timing": 0.0827728480000001,
                                                                    "result_set_size": 25214200,
                                                                    "children": []
                                                                }
                                                            ]
                                                        }
                                                    ]
                                                }
                                            ]
                                        }
                                    ]
                                }
                            ]
                        }
                    ]
                }
            ]
        }
    ]
}