{
    "rows_returned": 9,
    "query_name": "WITH PostStatistics AS (\n    SELECT \n        pt.Name AS PostType, \n        COUNT(p.Id) AS PostCount, \n        AVG(p.Score) AS AvgScore, \n        AVG(CASE WHEN pt.Id = 1 THEN p.AnswerCount ELSE NULL END) AS AvgAnswersPerQuestion \n    FROM \n        Posts p\n    JOIN \n        PostTypes pt ON p.PostTypeId = pt.Id\n    GROUP BY \n        pt.Name\n),\nBadgeStatistics AS (\n    SELECT \n        b.Class,\n        COUNT(DISTINCT b.UserId) AS UserCount\n    FROM \n        Badges b\n    WHERE \n        b.Class IN (1, 2, 3)  \n    GROUP BY \n        b.Class\n)\n\nSELECT \n    ps.PostType, \n    ps.PostCount, \n    ps.AvgScore, \n    ps.AvgAnswersPerQuestion,\n    COALESCE(bs.UserCount, 0) AS UsersWithBadges\nFROM \n    PostStatistics ps\nLEFT JOIN \n    BadgeStatistics bs ON ps.PostType = 'Question'  \nORDER BY \n    ps.PostType;",
    "blocked_thread_time": 0.0,
    "cpu_time": 0.3360503379999998,
    "extra_info": {},
    "cumulative_cardinality": 18515570,
    "cumulative_rows_scanned": 6171848,
    "result_set_size": 432,
    "latency": 0.380801496,
    "children": [
        {
            "operator_name": "ORDER_BY",
            "cpu_time": 0.3360503379999998,
            "extra_info": {
                "Order By": "ps.PostType ASC"
            },
            "cumulative_cardinality": 18515570,
            "operator_type": "ORDER_BY",
            "operator_cardinality": 9,
            "cumulative_rows_scanned": 6171848,
            "operator_rows_scanned": 0,
            "operator_timing": 0.000037871,
            "result_set_size": 432,
            "children": [
                {
                    "operator_name": "PROJECTION",
                    "cpu_time": 0.33601246699999976,
                    "extra_info": {
                        "Projections": [
                            "PostType",
                            "PostCount",
                            "AvgScore",
                            "AvgAnswersPerQuestion",
                            "UsersWithBadges"
                        ],
                        "Estimated Cardinality": "1925058"
                    },
                    "cumulative_cardinality": 18515561,
                    "operator_type": "PROJECTION",
                    "operator_cardinality": 9,
                    "cumulative_rows_scanned": 6171848,
                    "operator_rows_scanned": 0,
                    "operator_timing": 0.000008045,
                    "result_set_size": 432,
                    "children": [
                        {
                            "operator_name": "BLOCKWISE_NL_JOIN",
                            "cpu_time": 0.33600442199999975,
                            "extra_info": {
                                "Join Type": "LEFT",
                                "Condition": "(PostType = 'Question')"
                            },
                            "cumulative_cardinality": 18515552,
                            "operator_type": "BLOCKWISE_NL_JOIN",
                            "operator_cardinality": 9,
                            "cumulative_rows_scanned": 6171848,
                            "operator_rows_scanned": 0,
                            "operator_timing": 0.000053872,
                            "result_set_size": 432,
                            "children": [
                                {
                                    "operator_name": "HASH_GROUP_BY",
                                    "cpu_time": 0.24091376399999986,
                                    "extra_info": {
                                        "Groups": "#0",
                                        "Aggregates": [
                                            "count_star()",
                                            "avg(#1)",
                                            "avg(#2)"
                                        ],
                                        "Estimated Cardinality": "1925058"
                                    },
                                    "cumulative_cardinality": 11550362,
                                    "operator_type": "HASH_GROUP_BY",
                                    "operator_cardinality": 7,
                                    "cumulative_rows_scanned": 3850124,
                                    "operator_rows_scanned": 0,
                                    "operator_timing": 0.08764555399999999,
                                    "result_set_size": 280,
                                    "children": [
                                        {
                                            "operator_name": "PROJECTION",
                                            "cpu_time": 0.15326820999999988,
                                            "extra_info": {
                                                "Projections": [
                                                    "name",
                                                    "score",
                                                    "CASE  WHEN ((id = 1)) THEN (answercount) ELSE NULL END"
                                                ],
                                                "Estimated Cardinality": "3850116"
                                            },
                                            "cumulative_cardinality": 11550355,
                                            "operator_type": "PROJECTION",
                                            "operator_cardinality": 3850116,
                                            "cumulative_rows_scanned": 3850124,
                                            "operator_rows_scanned": 0,
                                            "operator_timing": 0.03710693499999999,
                                            "result_set_size": 92402784,
                                            "children": [
                                                {
                                                    "operator_name": "HASH_JOIN",
                                                    "cpu_time": 0.1161612749999999,
                                                    "extra_info": {
                                                        "Join Type": "INNER",
                                                        "Conditions": "posttypeid = id",
                                                        "Estimated Cardinality": "3850116"
                                                    },
                                                    "cumulative_cardinality": 7700239,
                                                    "operator_type": "HASH_JOIN",
                                                    "operator_cardinality": 3850116,
                                                    "cumulative_rows_scanned": 3850124,
                                                    "operator_rows_scanned": 0,
                                                    "operator_timing": 0.007818646000000004,
                                                    "result_set_size": 100103016,
                                                    "children": [
                                                        {
                                                            "operator_name": "READ_PARQUET ",
                                                            "cpu_time": 0.1080037249999999,
                                                            "extra_info": {
                                                                "Function": "READ_PARQUET",
                                                                "Projections": [
                                                                    "id",
                                                                    "posttypeid",
                                                                    "score",
                                                                    "answercount"
                                                                ],
                                                                "Estimated Cardinality": "3850116"
                                                            },
                                                            "cumulative_cardinality": 3850116,
                                                            "operator_type": "TABLE_SCAN",
                                                            "operator_cardinality": 3850116,
                                                            "cumulative_rows_scanned": 3850116,
                                                            "operator_rows_scanned": 3850116,
                                                            "operator_timing": 0.1080037249999999,
                                                            "result_set_size": 53901624,
                                                            "children": []
                                                        },
                                                        {
                                                            "operator_name": "READ_PARQUET ",
                                                            "cpu_time": 0.000338904,
                                                            "extra_info": {
                                                                "Function": "READ_PARQUET",
                                                                "Projections": [
                                                                    "id",
                                                                    "name"
                                                                ],
                                                                "Filters": "id<=7",
                                                                "Estimated Cardinality": "8"
                                                            },
                                                            "cumulative_cardinality": 7,
                                                            "operator_type": "TABLE_SCAN",
                                                            "operator_cardinality": 7,
                                                            "cumulative_rows_scanned": 8,
                                                            "operator_rows_scanned": 8,
                                                            "operator_timing": 0.000338904,
                                                            "result_set_size": 126,
                                                            "children": []
                                                        }
                                                    ]
                                                }
                                            ]
                                        }
                                    ]
                                },
                                {
                                    "operator_name": "PROJECTION",
                                    "cpu_time": 0.09503678599999989,
                                    "extra_info": {
                                        "Projections": "UserCount",
                                        "Estimated Cardinality": "232172"
                                    },
                                    "cumulative_cardinality": 6965181,
                                    "operator_type": "PROJECTION",
                                    "operator_cardinality": 3,
                                    "cumulative_rows_scanned": 2321724,
                                    "operator_rows_scanned": 0,
                                    "operator_timing": 1.2e-7,
                                    "result_set_size": 24,
                                    "children": [
                                        {
                                            "operator_name": "PROJECTION",
                                            "cpu_time": 0.09503666599999988,
                                            "extra_info": {
                                                "Projections": [
                                                    "__internal_decompress_integral_smallint(#0, 1)",
                                                    "#1"
                                                ],
                                                "Estimated Cardinality": "232172"
                                            },
                                            "cumulative_cardinality": 6965178,
                                            "operator_type": "PROJECTION",
                                            "operator_cardinality": 3,
                                            "cumulative_rows_scanned": 2321724,
                                            "operator_rows_scanned": 0,
                                            "operator_timing": 0.000002234,
                                            "result_set_size": 30,
                                            "children": [
                                                {
                                                    "operator_name": "HASH_GROUP_BY",
                                                    "cpu_time": 0.09503443199999988,
                                                    "extra_info": {
                                                        "Groups": "#0",
                                                        "Aggregates": "count(DISTINCT #1)",
                                                        "Estimated Cardinality": "232172"
                                                    },
                                                    "cumulative_cardinality": 6965175,
                                                    "operator_type": "HASH_GROUP_BY",
                                                    "operator_cardinality": 3,
                                                    "cumulative_rows_scanned": 2321724,
                                                    "operator_rows_scanned": 0,
                                                    "operator_timing": 0.07406315099999987,
                                                    "result_set_size": 27,
                                                    "children": [
                                                        {
                                                            "operator_name": "PROJECTION",
                                                            "cpu_time": 0.020971281000000005,
                                                            "extra_info": {
                                                                "Projections": [
                                                                    "class",
                                                                    "userid"
                                                                ],
                                                                "Estimated Cardinality": "464344"
                                                            },
                                                            "cumulative_cardinality": 6965172,
                                                            "operator_type": "PROJECTION",
                                                            "operator_cardinality": 2321724,
                                                            "cumulative_rows_scanned": 2321724,
                                                            "operator_rows_scanned": 0,
                                                            "operator_timing": 0.00021712099999999986,
                                                            "result_set_size": 11608620,
                                                            "children": [
                                                                {
                                                                    "operator_name": "PROJECTION",
                                                                    "cpu_time": 0.020754160000000004,
                                                                    "extra_info": {
                                                                        "Projections": [
                                                                            "#0",
                                                                            "__internal_compress_integral_utinyint(#1, 1)"
                                                                        ],
                                                                        "Estimated Cardinality": "464344"
                                                                    },
                                                                    "cumulative_cardinality": 4643448,
                                                                    "operator_type": "PROJECTION",
                                                                    "operator_cardinality": 2321724,
                                                                    "cumulative_rows_scanned": 2321724,
                                                                    "operator_rows_scanned": 0,
                                                                    "operator_timing": 0.0007992779999999993,
                                                                    "result_set_size": 11608620,
                                                                    "children": [
                                                                        {
                                                                            "operator_name": "READ_PARQUET ",
                                                                            "cpu_time": 0.019954882000000004,
                                                                            "extra_info": {
                                                                                "Function": "READ_PARQUET",
                                                                                "Projections": [
                                                                                    "userid",
                                                                                    "class"
                                                                                ],
                                                                                "Estimated Cardinality": "464344"
                                                                            },
                                                                            "cumulative_cardinality": 2321724,
                                                                            "operator_type": "TABLE_SCAN",
                                                                            "operator_cardinality": 2321724,
                                                                            "cumulative_rows_scanned": 2321724,
                                                                            "operator_rows_scanned": 2321724,
                                                                            "operator_timing": 0.019954882000000004,
                                                                            "result_set_size": 13930344,
                                                                            "children": []
                                                                        }
                                                                    ]
                                                                }
                                                            ]
                                                        }
                                                    ]
                                                }
                                            ]
                                        }
                                    ]
                                }
                            ]
                        }
                    ]
                }
            ]
        }
    ]
}