{
    "rows_returned": 5,
    "query_name": "SELECT \n    pt.Name AS PostType,\n    COUNT(p.Id) AS TotalPosts,\n    SUM(CASE WHEN p.ViewCount IS NOT NULL THEN p.ViewCount ELSE 0 END) AS TotalViews,\n    SUM(CASE WHEN p.Score IS NOT NULL THEN p.Score ELSE 0 END) AS TotalScore,\n    AVG(COALESCE(p.ViewCount, 0)) AS AverageViewsPerPost,\n    AVG(COALESCE(p.Score, 0)) AS AverageScorePerPost,\n    COUNT(DISTINCT CASE WHEN bh.UserId IS NOT NULL THEN bh.UserId END) AS UniqueEditors,\n    COUNT(DISTINCT c.Id) AS TotalComments\nFROM \n    Posts p\nJOIN \n    PostTypes pt ON p.PostTypeId = pt.Id\nLEFT JOIN \n    PostHistory bh ON bh.PostId = p.Id\nLEFT JOIN \n    Comments c ON c.PostId = p.Id\nWHERE \n    p.CreationDate >= cast('2024-10-01 12:34:56' as timestamp) - INTERVAL '1 year'\nGROUP BY \n    pt.Name\nORDER BY \n    TotalPosts DESC;",
    "blocked_thread_time": 0.0,
    "cpu_time": 0.7137242169999999,
    "extra_info": {},
    "cumulative_cardinality": 11424753,
    "cumulative_rows_scanned": 22887190,
    "result_set_size": 440,
    "latency": 0.77511054,
    "children": [
        {
            "operator_name": "ORDER_BY",
            "cpu_time": 0.7137242169999999,
            "extra_info": {
                "Order By": "count(p.Id) DESC"
            },
            "cumulative_cardinality": 11424753,
            "operator_type": "ORDER_BY",
            "operator_cardinality": 5,
            "cumulative_rows_scanned": 22887190,
            "operator_rows_scanned": 0,
            "operator_timing": 0.000026408000000000002,
            "result_set_size": 440,
            "children": [
                {
                    "operator_name": "HASH_GROUP_BY",
                    "cpu_time": 0.7136978089999999,
                    "extra_info": {
                        "Groups": "#0",
                        "Aggregates": [
                            "count_star()",
                            "sum(#1)",
                            "sum(#2)",
                            "avg(#3)",
                            "avg(#4)",
                            "count(DISTINCT #5)",
                            "count(DISTINCT #6)"
                        ],
                        "Estimated Cardinality": "3850116"
                    },
                    "cumulative_cardinality": 11424748,
                    "operator_type": "HASH_GROUP_BY",
                    "operator_cardinality": 5,
                    "cumulative_rows_scanned": 22887190,
                    "operator_rows_scanned": 0,
                    "operator_timing": 0.13832036400000006,
                    "result_set_size": 440,
                    "children": [
                        {
                            "operator_name": "PROJECTION",
                            "cpu_time": 0.5753774449999999,
                            "extra_info": {
                                "Projections": [
                                    "name",
                                    "CASE  WHEN ((viewcount IS NOT NULL)) THEN (viewcount) ELSE 0 END",
                                    "CASE  WHEN (true) THEN (score) ELSE 0 END",
                                    "COALESCE(viewcount, 0)",
                                    "score",
                                    "CASE  WHEN ((userid IS NOT NULL)) THEN (userid) ELSE NULL END",
                                    "id"
                                ],
                                "Estimated Cardinality": "11795244"
                            },
                            "cumulative_cardinality": 11424743,
                            "operator_type": "PROJECTION",
                            "operator_cardinality": 1459171,
                            "cumulative_rows_scanned": 22887190,
                            "operator_rows_scanned": 0,
                            "operator_timing": 0.03786275799999996,
                            "result_set_size": 58366840,
                            "children": [
                                {
                                    "operator_name": "HASH_JOIN",
                                    "cpu_time": 0.5375146869999999,
                                    "extra_info": {
                                        "Join Type": "LEFT",
                                        "Conditions": "id = postid",
                                        "Estimated Cardinality": "11795244"
                                    },
                                    "cumulative_cardinality": 9965572,
                                    "operator_type": "HASH_JOIN",
                                    "operator_cardinality": 1459171,
                                    "cumulative_rows_scanned": 22887190,
                                    "operator_rows_scanned": 0,
                                    "operator_timing": 0.3777064249999999,
                                    "result_set_size": 46693472,
                                    "children": [
                                        {
                                            "operator_name": "HASH_JOIN",
                                            "cpu_time": 0.08251803599999999,
                                            "extra_info": {
                                                "Join Type": "RIGHT",
                                                "Conditions": "postid = id",
                                                "Estimated Cardinality": "11795244"
                                            },
                                            "cumulative_cardinality": 1264579,
                                            "operator_type": "HASH_JOIN",
                                            "operator_cardinality": 486732,
                                            "cumulative_rows_scanned": 15645368,
                                            "operator_rows_scanned": 0,
                                            "operator_timing": 0.02786389500000001,
                                            "result_set_size": 15575424,
                                            "children": [
                                                {
                                                    "operator_name": "READ_PARQUET ",
                                                    "cpu_time": 0.024502260999999984,
                                                    "extra_info": {
                                                        "Function": "READ_PARQUET",
                                                        "Projections": [
                                                            "postid",
                                                            "userid"
                                                        ],
                                                        "Estimated Cardinality": "11795244"
                                                    },
                                                    "cumulative_cardinality": 486756,
                                                    "operator_type": "TABLE_SCAN",
                                                    "operator_cardinality": 486756,
                                                    "cumulative_rows_scanned": 11795244,
                                                    "operator_rows_scanned": 11795244,
                                                    "operator_timing": 0.024502260999999984,
                                                    "result_set_size": 3894048,
                                                    "children": []
                                                },
                                                {
                                                    "operator_name": "HASH_JOIN",
                                                    "cpu_time": 0.03015188,
                                                    "extra_info": {
                                                        "Join Type": "INNER",
                                                        "Conditions": "posttypeid = id",
                                                        "Estimated Cardinality": "770023"
                                                    },
                                                    "cumulative_cardinality": 291091,
                                                    "operator_type": "HASH_JOIN",
                                                    "operator_cardinality": 145542,
                                                    "cumulative_rows_scanned": 3850124,
                                                    "operator_rows_scanned": 0,
                                                    "operator_timing": 0.00038450500000000005,
                                                    "result_set_size": 4075176,
                                                    "children": [
                                                        {
                                                            "operator_name": "READ_PARQUET ",
                                                            "cpu_time": 0.02940085,
                                                            "extra_info": {
                                                                "Function": "READ_PARQUET",
                                                                "Projections": [
                                                                    "id",
                                                                    "posttypeid",
                                                                    "score",
                                                                    "viewcount"
                                                                ],
                                                                "Filters": "creationdate>='2023-10-01 12:34:56'::TIMESTAMP",
                                                                "Estimated Cardinality": "770023"
                                                            },
                                                            "cumulative_cardinality": 145542,
                                                            "operator_type": "TABLE_SCAN",
                                                            "operator_cardinality": 145542,
                                                            "cumulative_rows_scanned": 3850116,
                                                            "operator_rows_scanned": 3850116,
                                                            "operator_timing": 0.02940085,
                                                            "result_set_size": 2037588,
                                                            "children": []
                                                        },
                                                        {
                                                            "operator_name": "READ_PARQUET ",
                                                            "cpu_time": 0.00036652500000000003,
                                                            "extra_info": {
                                                                "Function": "READ_PARQUET",
                                                                "Projections": [
                                                                    "id",
                                                                    "name"
                                                                ],
                                                                "Filters": "id<=7",
                                                                "Estimated Cardinality": "8"
                                                            },
                                                            "cumulative_cardinality": 7,
                                                            "operator_type": "TABLE_SCAN",
                                                            "operator_cardinality": 7,
                                                            "cumulative_rows_scanned": 8,
                                                            "operator_rows_scanned": 8,
                                                            "operator_timing": 0.00036652500000000003,
                                                            "result_set_size": 126,
                                                            "children": []
                                                        }
                                                    ]
                                                }
                                            ]
                                        },
                                        {
                                            "operator_name": "READ_PARQUET ",
                                            "cpu_time": 0.077290226,
                                            "extra_info": {
                                                "Function": "READ_PARQUET",
                                                "Projections": [
                                                    "id",
                                                    "postid"
                                                ],
                                                "Estimated Cardinality": "7241822"
                                            },
                                            "cumulative_cardinality": 7241822,
                                            "operator_type": "TABLE_SCAN",
                                            "operator_cardinality": 7241822,
                                            "cumulative_rows_scanned": 7241822,
                                            "operator_rows_scanned": 7241822,
                                            "operator_timing": 0.077290226,
                                            "result_set_size": 57934576,
                                            "children": []
                                        }
                                    ]
                                }
                            ]
                        }
                    ]
                }
            ]
        }
    ]
}