{
    "rows_returned": 9904,
    "query_name": "\nSELECT \n    p.Title AS PostTitle,\n    u.DisplayName AS Author,\n    p.CreationDate AS PostCreationDate,\n    COUNT(c.Id) AS CommentCount,\n    MAX(v.CreationDate) AS LastVoteDate,\n    SUM(CASE WHEN vt.Name = 'UpMod' THEN 1 ELSE 0 END) AS UpVoteCount,\n    SUM(CASE WHEN vt.Name = 'DownMod' THEN 1 ELSE 0 END) AS DownVoteCount\nFROM \n    Posts p\nJOIN \n    Users u ON p.OwnerUserId = u.Id\nLEFT JOIN \n    Comments c ON p.Id = c.PostId\nLEFT JOIN \n    Votes v ON p.Id = v.PostId\nLEFT JOIN \n    VoteTypes vt ON v.VoteTypeId = vt.Id\nWHERE \n    p.CreationDate >= CAST('2024-10-01 12:34:56' AS TIMESTAMP) - INTERVAL '30 DAY'\nGROUP BY \n    p.Title, u.DisplayName, p.CreationDate\nORDER BY \n    PostCreationDate DESC;\n",
    "blocked_thread_time": 0.0,
    "cpu_time": 1.011569652,
    "extra_info": {},
    "cumulative_cardinality": 27107182,
    "cumulative_rows_scanned": 25096756,
    "result_set_size": 871552,
    "latency": 1.182592802,
    "children": [
        {
            "operator_name": "ORDER_BY",
            "cpu_time": 1.011569652,
            "extra_info": {
                "Order By": "p.CreationDate DESC"
            },
            "cumulative_cardinality": 27107182,
            "operator_type": "ORDER_BY",
            "operator_cardinality": 9904,
            "cumulative_rows_scanned": 25096756,
            "operator_rows_scanned": 0,
            "operator_timing": 0.000697956,
            "result_set_size": 871552,
            "children": [
                {
                    "operator_name": "HASH_GROUP_BY",
                    "cpu_time": 1.010871696,
                    "extra_info": {
                        "Groups": [
                            "#0",
                            "#1",
                            "#2"
                        ],
                        "Aggregates": [
                            "count(#3)",
                            "max(#4)",
                            "sum(#5)",
                            "sum(#6)"
                        ],
                        "Estimated Cardinality": "3850116"
                    },
                    "cumulative_cardinality": 27097278,
                    "operator_type": "HASH_GROUP_BY",
                    "operator_cardinality": 9904,
                    "cumulative_rows_scanned": 25096756,
                    "operator_rows_scanned": 0,
                    "operator_timing": 0.0066086240000000004,
                    "result_set_size": 871552,
                    "children": [
                        {
                            "operator_name": "PROJECTION",
                            "cpu_time": 1.0042630719999999,
                            "extra_info": {
                                "Projections": [
                                    "title",
                                    "displayname",
                                    "creationdate",
                                    "id",
                                    "creationdate",
                                    "CASE  WHEN ((name = 'UpMod')) THEN (1) ELSE 0 END",
                                    "CASE  WHEN ((name = 'DownMod')) THEN (1) ELSE 0 END"
                                ],
                                "Estimated Cardinality": "12744093"
                            },
                            "cumulative_cardinality": 27087374,
                            "operator_type": "PROJECTION",
                            "operator_cardinality": 68853,
                            "cumulative_rows_scanned": 25096756,
                            "operator_rows_scanned": 0,
                            "operator_timing": 0.00044564200000000005,
                            "result_set_size": 4131180,
                            "children": [
                                {
                                    "operator_name": "HASH_JOIN",
                                    "cpu_time": 1.0038174299999998,
                                    "extra_info": {
                                        "Join Type": "LEFT",
                                        "Conditions": "votetypeid = id",
                                        "Estimated Cardinality": "12744093"
                                    },
                                    "cumulative_cardinality": 27018521,
                                    "operator_type": "HASH_JOIN",
                                    "operator_cardinality": 68853,
                                    "cumulative_rows_scanned": 25096756,
                                    "operator_rows_scanned": 0,
                                    "operator_timing": 0.0019823529999999996,
                                    "result_set_size": 4682004,
                                    "children": [
                                        {
                                            "operator_name": "PROJECTION",
                                            "cpu_time": 1.0015115729999997,
                                            "extra_info": {
                                                "Projections": [
                                                    "#2",
                                                    "#3",
                                                    "#1",
                                                    "#0",
                                                    "__internal_decompress_integral_smallint(#4, 1)",
                                                    "#5"
                                                ],
                                                "Estimated Cardinality": "12744093"
                                            },
                                            "cumulative_cardinality": 26949653,
                                            "operator_type": "PROJECTION",
                                            "operator_cardinality": 68853,
                                            "cumulative_rows_scanned": 25096741,
                                            "operator_rows_scanned": 0,
                                            "operator_timing": 0.000066343,
                                            "result_set_size": 3718062,
                                            "children": [
                                                {
                                                    "operator_name": "HASH_JOIN",
                                                    "cpu_time": 1.0014452299999996,
                                                    "extra_info": {
                                                        "Join Type": "LEFT",
                                                        "Conditions": "id = postid",
                                                        "Estimated Cardinality": "12744093"
                                                    },
                                                    "cumulative_cardinality": 26880800,
                                                    "operator_type": "HASH_JOIN",
                                                    "operator_cardinality": 68853,
                                                    "cumulative_rows_scanned": 25096741,
                                                    "operator_rows_scanned": 0,
                                                    "operator_timing": 0.6221228449999996,
                                                    "result_set_size": 3649209,
                                                    "children": [
                                                        {
                                                            "operator_name": "HASH_JOIN",
                                                            "cpu_time": 0.17786759399999996,
                                                            "extra_info": {
                                                                "Join Type": "RIGHT",
                                                                "Conditions": "postid = id",
                                                                "Estimated Cardinality": "7241822"
                                                            },
                                                            "cumulative_cardinality": 1323761,
                                                            "operator_type": "HASH_JOIN",
                                                            "operator_cardinality": 23763,
                                                            "cumulative_rows_scanned": 12352648,
                                                            "operator_rows_scanned": 0,
                                                            "operator_timing": 0.002475779,
                                                            "result_set_size": 1140624,
                                                            "children": [
                                                                {
                                                                    "operator_name": "READ_PARQUET ",
                                                                    "cpu_time": 0.013119017999999998,
                                                                    "extra_info": {
                                                                        "Function": "READ_PARQUET",
                                                                        "Projections": [
                                                                            "id",
                                                                            "postid"
                                                                        ],
                                                                        "Estimated Cardinality": "7241822"
                                                                    },
                                                                    "cumulative_cardinality": 19485,
                                                                    "operator_type": "TABLE_SCAN",
                                                                    "operator_cardinality": 19485,
                                                                    "cumulative_rows_scanned": 7241822,
                                                                    "operator_rows_scanned": 7241822,
                                                                    "operator_timing": 0.013119017999999998,
                                                                    "result_set_size": 155880,
                                                                    "children": []
                                                                },
                                                                {
                                                                    "operator_name": "HASH_JOIN",
                                                                    "cpu_time": 0.16227279699999997,
                                                                    "extra_info": {
                                                                        "Join Type": "INNER",
                                                                        "Conditions": "id = owneruserid",
                                                                        "Estimated Cardinality": "770023"
                                                                    },
                                                                    "cumulative_cardinality": 1280513,
                                                                    "operator_type": "HASH_JOIN",
                                                                    "operator_cardinality": 9907,
                                                                    "cumulative_rows_scanned": 5110826,
                                                                    "operator_rows_scanned": 0,
                                                                    "operator_timing": 0.010811848000000016,
                                                                    "result_set_size": 435908,
                                                                    "children": [
                                                                        {
                                                                            "operator_name": "READ_PARQUET ",
                                                                            "cpu_time": 0.08900813899999997,
                                                                            "extra_info": {
                                                                                "Function": "READ_PARQUET",
                                                                                "Projections": [
                                                                                    "id",
                                                                                    "displayname"
                                                                                ],
                                                                                "Filters": "id<=1416539",
                                                                                "Estimated Cardinality": "1260710"
                                                                            },
                                                                            "cumulative_cardinality": 1260679,
                                                                            "operator_type": "TABLE_SCAN",
                                                                            "operator_cardinality": 1260679,
                                                                            "cumulative_rows_scanned": 1260710,
                                                                            "operator_rows_scanned": 1260710,
                                                                            "operator_timing": 0.08900813899999997,
                                                                            "result_set_size": 25213580,
                                                                            "children": []
                                                                        },
                                                                        {
                                                                            "operator_name": "READ_PARQUET ",
                                                                            "cpu_time": 0.06245281,
                                                                            "extra_info": {
                                                                                "Function": "READ_PARQUET",
                                                                                "Projections": [
                                                                                    "id",
                                                                                    "creationdate",
                                                                                    "owneruserid",
                                                                                    "title"
                                                                                ],
                                                                                "Filters": "creationdate>='2024-09-01 12:34:56'::TIMESTAMP",
                                                                                "Estimated Cardinality": "770023"
                                                                            },
                                                                            "cumulative_cardinality": 9927,
                                                                            "operator_type": "TABLE_SCAN",
                                                                            "operator_cardinality": 9927,
                                                                            "cumulative_rows_scanned": 3850116,
                                                                            "operator_rows_scanned": 3850116,
                                                                            "operator_timing": 0.06245281,
                                                                            "result_set_size": 317664,
                                                                            "children": []
                                                                        }
                                                                    ]
                                                                }
                                                            ]
                                                        },
                                                        {
                                                            "operator_name": "PROJECTION",
                                                            "cpu_time": 0.20145479100000008,
                                                            "extra_info": {
                                                                "Projections": [
                                                                    "#0",
                                                                    "__internal_compress_integral_utinyint(#1, 1)",
                                                                    "#2"
                                                                ],
                                                                "Estimated Cardinality": "12744093"
                                                            },
                                                            "cumulative_cardinality": 25488186,
                                                            "operator_type": "PROJECTION",
                                                            "operator_cardinality": 12744093,
                                                            "cumulative_rows_scanned": 12744093,
                                                            "operator_rows_scanned": 0,
                                                            "operator_timing": 0.0037697290000000285,
                                                            "result_set_size": 165673209,
                                                            "children": [
                                                                {
                                                                    "operator_name": "READ_PARQUET ",
                                                                    "cpu_time": 0.19768506200000005,
                                                                    "extra_info": {
                                                                        "Function": "READ_PARQUET",
                                                                        "Projections": [
                                                                            "postid",
                                                                            "votetypeid",
                                                                            "creationdate"
                                                                        ],
                                                                        "Estimated Cardinality": "12744093"
                                                                    },
                                                                    "cumulative_cardinality": 12744093,
                                                                    "operator_type": "TABLE_SCAN",
                                                                    "operator_cardinality": 12744093,
                                                                    "cumulative_rows_scanned": 12744093,
                                                                    "operator_rows_scanned": 12744093,
                                                                    "operator_timing": 0.19768506200000005,
                                                                    "result_set_size": 178417302,
                                                                    "children": []
                                                                }
                                                            ]
                                                        }
                                                    ]
                                                }
                                            ]
                                        },
                                        {
                                            "operator_name": "READ_PARQUET ",
                                            "cpu_time": 0.000323504,
                                            "extra_info": {
                                                "Function": "READ_PARQUET",
                                                "Projections": [
                                                    "id",
                                                    "name"
                                                ],
                                                "Estimated Cardinality": "15"
                                            },
                                            "cumulative_cardinality": 15,
                                            "operator_type": "TABLE_SCAN",
                                            "operator_cardinality": 15,
                                            "cumulative_rows_scanned": 15,
                                            "operator_rows_scanned": 15,
                                            "operator_timing": 0.000323504,
                                            "result_set_size": 270,
                                            "children": []
                                        }
                                    ]
                                }
                            ]
                        }
                    ]
                }
            ]
        }
    ]
}