{
    "rows_returned": 63,
    "query_name": "\nWITH PostCounts AS (\n    SELECT \n        PostTypeId,\n        COUNT(*) AS TotalPosts,\n        SUM(CASE WHEN AcceptedAnswerId IS NOT NULL THEN 1 ELSE 0 END) AS AcceptedAnswers\n    FROM \n        Posts\n    GROUP BY \n        PostTypeId\n),\nUserReputation AS (\n    SELECT \n        U.Id AS UserId,\n        U.Reputation,\n        COUNT(B.Id) AS BadgeCount\n    FROM \n        Users U\n    LEFT JOIN \n        Badges B ON U.Id = B.UserId\n    GROUP BY \n        U.Id, U.Reputation\n),\nMostActiveUsers AS (\n    SELECT \n        UserId,\n        COUNT(*) AS CommentCount\n    FROM \n        Comments\n    GROUP BY \n        UserId\n    ORDER BY \n        CommentCount DESC\n    LIMIT 10\n)\nSELECT \n    PC.PostTypeId,\n    PC.TotalPosts,\n    PC.AcceptedAnswers,\n    MAX(UR.Reputation) AS HighestReputation,\n    SUM(UR.BadgeCount) AS TotalBadges,\n    MA.CommentCount AS MostComments\nFROM \n    PostCounts PC\nJOIN \n    Users U ON (U.Id IN (SELECT UserId FROM MostActiveUsers))\nJOIN \n    UserReputation UR ON (U.Id = UR.UserId)\nJOIN \n    (SELECT UserId, SUM(CommentCount) AS CommentCount \n     FROM MostActiveUsers \n     GROUP BY UserId) MA ON (MA.UserId = U.Id)\nGROUP BY \n    PC.PostTypeId, PC.TotalPosts, PC.AcceptedAnswers, MA.CommentCount\nORDER BY \n    PC.TotalPosts DESC;\n",
    "blocked_thread_time": 0.0,
    "cpu_time": 0.7601117359999997,
    "extra_info": {},
    "cumulative_cardinality": 37378243,
    "cumulative_rows_scanned": 15935082,
    "result_set_size": 3906,
    "latency": 0.840572444,
    "children": [
        {
            "operator_name": "PROJECTION",
            "cpu_time": 0.7601117359999997,
            "extra_info": {
                "Projections": [
                    "__internal_decompress_integral_smallint(#0, 1)",
                    "#1",
                    "#2",
                    "#3",
                    "#4",
                    "#5"
                ],
                "Estimated Cardinality": "5"
            },
            "cumulative_cardinality": 37378243,
            "operator_type": "PROJECTION",
            "operator_cardinality": 63,
            "cumulative_rows_scanned": 15935082,
            "operator_rows_scanned": 0,
            "operator_timing": 9.32e-7,
            "result_set_size": 3906,
            "children": [
                {
                    "operator_name": "ORDER_BY",
                    "cpu_time": 0.7601108039999998,
                    "extra_info": {
                        "Order By": "PC.TotalPosts DESC"
                    },
                    "cumulative_cardinality": 37378180,
                    "operator_type": "ORDER_BY",
                    "operator_cardinality": 63,
                    "cumulative_rows_scanned": 15935082,
                    "operator_rows_scanned": 0,
                    "operator_timing": 0.000028993,
                    "result_set_size": 3843,
                    "children": [
                        {
                            "operator_name": "PROJECTION",
                            "cpu_time": 0.7600818109999997,
                            "extra_info": {
                                "Projections": [
                                    "__internal_compress_integral_utinyint(#0, 1)",
                                    "#1",
                                    "#2",
                                    "#3",
                                    "#4",
                                    "#5"
                                ],
                                "Estimated Cardinality": "5"
                            },
                            "cumulative_cardinality": 37378117,
                            "operator_type": "PROJECTION",
                            "operator_cardinality": 63,
                            "cumulative_rows_scanned": 15935082,
                            "operator_rows_scanned": 0,
                            "operator_timing": 6.41e-7,
                            "result_set_size": 3843,
                            "children": [
                                {
                                    "operator_name": "PROJECTION",
                                    "cpu_time": 0.7600811699999998,
                                    "extra_info": {
                                        "Projections": [
                                            "posttypeid",
                                            "TotalPosts",
                                            "AcceptedAnswers",
                                            "HighestReputation",
                                            "TotalBadges",
                                            "MostComments"
                                        ],
                                        "Estimated Cardinality": "5"
                                    },
                                    "cumulative_cardinality": 37378054,
                                    "operator_type": "PROJECTION",
                                    "operator_cardinality": 63,
                                    "cumulative_rows_scanned": 15935082,
                                    "operator_rows_scanned": 0,
                                    "operator_timing": 2.9e-7,
                                    "result_set_size": 3906,
                                    "children": [
                                        {
                                            "operator_name": "PROJECTION",
                                            "cpu_time": 0.7600808799999997,
                                            "extra_info": {
                                                "Projections": [
                                                    "__internal_decompress_integral_smallint(#0, 1)",
                                                    "#1",
                                                    "#2",
                                                    "#3",
                                                    "#4",
                                                    "#5"
                                                ],
                                                "Estimated Cardinality": "5"
                                            },
                                            "cumulative_cardinality": 37377991,
                                            "operator_type": "PROJECTION",
                                            "operator_cardinality": 63,
                                            "cumulative_rows_scanned": 15935082,
                                            "operator_rows_scanned": 0,
                                            "operator_timing": 0.000001272,
                                            "result_set_size": 3906,
                                            "children": [
                                                {
                                                    "operator_name": "HASH_GROUP_BY",
                                                    "cpu_time": 0.7600796079999997,
                                                    "extra_info": {
                                                        "Groups": [
                                                            "#0",
                                                            "#1",
                                                            "#2",
                                                            "#3"
                                                        ],
                                                        "Aggregates": [
                                                            "max(#4)",
                                                            "sum(#5)"
                                                        ],
                                                        "Estimated Cardinality": "5"
                                                    },
                                                    "cumulative_cardinality": 37377928,
                                                    "operator_type": "HASH_GROUP_BY",
                                                    "operator_cardinality": 63,
                                                    "cumulative_rows_scanned": 15935082,
                                                    "operator_rows_scanned": 0,
                                                    "operator_timing": 0.000068717,
                                                    "result_set_size": 3843,
                                                    "children": [
                                                        {
                                                            "operator_name": "PROJECTION",
                                                            "cpu_time": 0.7600108909999997,
                                                            "extra_info": {
                                                                "Projections": [
                                                                    "posttypeid",
                                                                    "TotalPosts",
                                                                    "AcceptedAnswers",
                                                                    "CommentCount",
                                                                    "reputation",
                                                                    "BadgeCount"
                                                                ],
                                                                "Estimated Cardinality": "10"
                                                            },
                                                            "cumulative_cardinality": 37377865,
                                                            "operator_type": "PROJECTION",
                                                            "operator_cardinality": 63,
                                                            "cumulative_rows_scanned": 15935082,
                                                            "operator_rows_scanned": 0,
                                                            "operator_timing": 2.7e-7,
                                                            "result_set_size": 3339,
                                                            "children": [
                                                                {
                                                                    "operator_name": "PROJECTION",
                                                                    "cpu_time": 0.7600106209999997,
                                                                    "extra_info": {
                                                                        "Projections": [
                                                                            "__internal_compress_integral_utinyint(#0, 1)",
                                                                            "#1",
                                                                            "#2",
                                                                            "#3",
                                                                            "#4",
                                                                            "#5",
                                                                            "#6",
                                                                            "#7",
                                                                            "#8",
                                                                            "#9",
                                                                            "#10",
                                                                            "#11",
                                                                            "#12",
                                                                            "#13",
                                                                            "#14",
                                                                            "#15",
                                                                            "__internal_compress_integral_usmallint(#16, 0)",
                                                                            "#17",
                                                                            "#18",
                                                                            "#19",
                                                                            "#20"
                                                                        ],
                                                                        "Estimated Cardinality": "10"
                                                                    },
                                                                    "cumulative_cardinality": 37377802,
                                                                    "operator_type": "PROJECTION",
                                                                    "operator_cardinality": 63,
                                                                    "cumulative_rows_scanned": 15935082,
                                                                    "operator_rows_scanned": 0,
                                                                    "operator_timing": 0.000002054,
                                                                    "result_set_size": 11277,
                                                                    "children": [
                                                                        {
                                                                            "operator_name": "CTE",
                                                                            "cpu_time": 0.7600085669999997,
                                                                            "extra_info": {
                                                                                "CTE Name": "MostActiveUsers",
                                                                                "Table Index": "0"
                                                                            },
                                                                            "cumulative_cardinality": 37377739,
                                                                            "operator_type": "CTE",
                                                                            "operator_cardinality": 0,
                                                                            "cumulative_rows_scanned": 15935082,
                                                                            "operator_rows_scanned": 0,
                                                                            "operator_timing": 0.000001964,
                                                                            "result_set_size": 0,
                                                                            "children": [
                                                                                {
                                                                                    "operator_name": "STREAMING_LIMIT",
                                                                                    "cpu_time": 0.15568884300000008,
                                                                                    "extra_info": {},
                                                                                    "cumulative_cardinality": 14740842,
                                                                                    "operator_type": "STREAMING_LIMIT",
                                                                                    "operator_cardinality": 10,
                                                                                    "cumulative_rows_scanned": 7241822,
                                                                                    "operator_rows_scanned": 0,
                                                                                    "operator_timing": 0.000001344,
                                                                                    "result_set_size": 120,
                                                                                    "children": [
                                                                                        {
                                                                                            "operator_name": "ORDER_BY",
                                                                                            "cpu_time": 0.1556874990000001,
                                                                                            "extra_info": {
                                                                                                "Order By": "count_star() DESC"
                                                                                            },
                                                                                            "cumulative_cardinality": 14740832,
                                                                                            "operator_type": "ORDER_BY",
                                                                                            "operator_cardinality": 4096,
                                                                                            "cumulative_rows_scanned": 7241822,
                                                                                            "operator_rows_scanned": 0,
                                                                                            "operator_timing": 0.003545962000000001,
                                                                                            "result_set_size": 49152,
                                                                                            "children": [
                                                                                                {
                                                                                                    "operator_name": "HASH_GROUP_BY",
                                                                                                    "cpu_time": 0.15214153700000008,
                                                                                                    "extra_info": {
                                                                                                        "Groups": "#0",
                                                                                                        "Aggregates": "count_star()",
                                                                                                        "Estimated Cardinality": "3620911"
                                                                                                    },
                                                                                                    "cumulative_cardinality": 14736736,
                                                                                                    "operator_type": "HASH_GROUP_BY",
                                                                                                    "operator_cardinality": 253092,
                                                                                                    "cumulative_rows_scanned": 7241822,
                                                                                                    "operator_rows_scanned": 0,
                                                                                                    "operator_timing": 0.11006808799999998,
                                                                                                    "result_set_size": 3037104,
                                                                                                    "children": [
                                                                                                        {
                                                                                                            "operator_name": "PROJECTION",
                                                                                                            "cpu_time": 0.042073449000000096,
                                                                                                            "extra_info": {
                                                                                                                "Projections": "userid",
                                                                                                                "Estimated Cardinality": "7241822"
                                                                                                            },
                                                                                                            "cumulative_cardinality": 14483644,
                                                                                                            "operator_type": "PROJECTION",
                                                                                                            "operator_cardinality": 7241822,
                                                                                                            "cumulative_rows_scanned": 7241822,
                                                                                                            "operator_rows_scanned": 0,
                                                                                                            "operator_timing": 0.0003669730000000037,
                                                                                                            "result_set_size": 28967288,
                                                                                                            "children": [
                                                                                                                {
                                                                                                                    "operator_name": "READ_PARQUET ",
                                                                                                                    "cpu_time": 0.04170647600000009,
                                                                                                                    "extra_info": {
                                                                                                                        "Function": "READ_PARQUET",
                                                                                                                        "Projections": "userid",
                                                                                                                        "Estimated Cardinality": "7241822"
                                                                                                                    },
                                                                                                                    "cumulative_cardinality": 7241822,
                                                                                                                    "operator_type": "TABLE_SCAN",
                                                                                                                    "operator_cardinality": 7241822,
                                                                                                                    "cumulative_rows_scanned": 7241822,
                                                                                                                    "operator_rows_scanned": 7241822,
                                                                                                                    "operator_timing": 0.04170647600000009,
                                                                                                                    "result_set_size": 28967288,
                                                                                                                    "children": []
                                                                                                                }
                                                                                                            ]
                                                                                                        }
                                                                                                    ]
                                                                                                }
                                                                                            ]
                                                                                        }
                                                                                    ]
                                                                                },
                                                                                {
                                                                                    "operator_name": "CROSS_PRODUCT",
                                                                                    "cpu_time": 0.6043177599999997,
                                                                                    "extra_info": {},
                                                                                    "cumulative_cardinality": 22636897,
                                                                                    "operator_type": "CROSS_PRODUCT",
                                                                                    "operator_cardinality": 63,
                                                                                    "cumulative_rows_scanned": 8693260,
                                                                                    "operator_rows_scanned": 0,
                                                                                    "operator_timing": 0.00009744000000000002,
                                                                                    "result_set_size": 11466,
                                                                                    "children": [
                                                                                        {
                                                                                            "operator_name": "PROJECTION",
                                                                                            "cpu_time": 0.07613492999999993,
                                                                                            "extra_info": {
                                                                                                "Projections": [
                                                                                                    "__internal_decompress_integral_smallint(#0, 1)",
                                                                                                    "#1",
                                                                                                    "#2"
                                                                                                ],
                                                                                                "Estimated Cardinality": "1925058"
                                                                                            },
                                                                                            "cumulative_cardinality": 11550362,
                                                                                            "operator_type": "PROJECTION",
                                                                                            "operator_cardinality": 7,
                                                                                            "cumulative_rows_scanned": 3850116,
                                                                                            "operator_rows_scanned": 0,
                                                                                            "operator_timing": 0.000001263,
                                                                                            "result_set_size": 182,
                                                                                            "children": [
                                                                                                {
                                                                                                    "operator_name": "PERFECT_HASH_GROUP_BY",
                                                                                                    "cpu_time": 0.07613366699999993,
                                                                                                    "extra_info": {
                                                                                                        "Groups": "#0",
                                                                                                        "Aggregates": [
                                                                                                            "count_star()",
                                                                                                            "sum(#1)"
                                                                                                        ]
                                                                                                    },
                                                                                                    "cumulative_cardinality": 11550355,
                                                                                                    "operator_type": "PERFECT_HASH_GROUP_BY",
                                                                                                    "operator_cardinality": 7,
                                                                                                    "cumulative_rows_scanned": 3850116,
                                                                                                    "operator_rows_scanned": 0,
                                                                                                    "operator_timing": 0.02318173999999997,
                                                                                                    "result_set_size": 175,
                                                                                                    "children": [
                                                                                                        {
                                                                                                            "operator_name": "PROJECTION",
                                                                                                            "cpu_time": 0.052951926999999954,
                                                                                                            "extra_info": {
                                                                                                                "Projections": [
                                                                                                                    "posttypeid",
                                                                                                                    "CASE  WHEN ((acceptedanswerid IS NOT NULL)) THEN (1) ELSE 0 END"
                                                                                                                ],
                                                                                                                "Estimated Cardinality": "3850116"
                                                                                                            },
                                                                                                            "cumulative_cardinality": 11550348,
                                                                                                            "operator_type": "PROJECTION",
                                                                                                            "operator_cardinality": 3850116,
                                                                                                            "cumulative_rows_scanned": 3850116,
                                                                                                            "operator_rows_scanned": 0,
                                                                                                            "operator_timing": 0.015145668000000017,
                                                                                                            "result_set_size": 19250580,
                                                                                                            "children": [
                                                                                                                {
                                                                                                                    "operator_name": "PROJECTION",
                                                                                                                    "cpu_time": 0.03780625899999994,
                                                                                                                    "extra_info": {
                                                                                                                        "Projections": [
                                                                                                                            "__internal_compress_integral_utinyint(#0, 1)",
                                                                                                                            "#1"
                                                                                                                        ],
                                                                                                                        "Estimated Cardinality": "3850116"
                                                                                                                    },
                                                                                                                    "cumulative_cardinality": 7700232,
                                                                                                                    "operator_type": "PROJECTION",
                                                                                                                    "operator_cardinality": 3850116,
                                                                                                                    "cumulative_rows_scanned": 3850116,
                                                                                                                    "operator_rows_scanned": 0,
                                                                                                                    "operator_timing": 0.0008547310000000016,
                                                                                                                    "result_set_size": 19250580,
                                                                                                                    "children": [
                                                                                                                        {
                                                                                                                            "operator_name": "READ_PARQUET ",
                                                                                                                            "cpu_time": 0.036951527999999935,
                                                                                                                            "extra_info": {
                                                                                                                                "Function": "READ_PARQUET",
                                                                                                                                "Projections": [
                                                                                                                                    "posttypeid",
                                                                                                                                    "acceptedanswerid"
                                                                                                                                ],
                                                                                                                                "Estimated Cardinality": "3850116"
                                                                                                                            },
                                                                                                                            "cumulative_cardinality": 3850116,
                                                                                                                            "operator_type": "TABLE_SCAN",
                                                                                                                            "operator_cardinality": 3850116,
                                                                                                                            "cumulative_rows_scanned": 3850116,
                                                                                                                            "operator_rows_scanned": 3850116,
                                                                                                                            "operator_timing": 0.036951527999999935,
                                                                                                                            "result_set_size": 23100696,
                                                                                                                            "children": []
                                                                                                                        }
                                                                                                                    ]
                                                                                                                }
                                                                                                            ]
                                                                                                        }
                                                                                                    ]
                                                                                                }
                                                                                            ]
                                                                                        },
                                                                                        {
                                                                                            "operator_name": "HASH_JOIN",
                                                                                            "cpu_time": 0.5280853899999998,
                                                                                            "extra_info": {
                                                                                                "Join Type": "INNER",
                                                                                                "Conditions": [
                                                                                                    "UserId = id",
                                                                                                    "UserId = userid"
                                                                                                ],
                                                                                                "Estimated Cardinality": "1"
                                                                                            },
                                                                                            "cumulative_cardinality": 11086472,
                                                                                            "operator_type": "HASH_JOIN",
                                                                                            "operator_cardinality": 9,
                                                                                            "cumulative_rows_scanned": 4843144,
                                                                                            "operator_rows_scanned": 0,
                                                                                            "operator_timing": 0.006065008000000001,
                                                                                            "result_set_size": 1404,
                                                                                            "children": [
                                                                                                {
                                                                                                    "operator_name": "HASH_GROUP_BY",
                                                                                                    "cpu_time": 0.4347598079999999,
                                                                                                    "extra_info": {
                                                                                                        "Groups": [
                                                                                                            "#0",
                                                                                                            "#1"
                                                                                                        ],
                                                                                                        "Aggregates": "count(#2)",
                                                                                                        "Estimated Cardinality": "1260710"
                                                                                                    },
                                                                                                    "cumulative_cardinality": 10909970,
                                                                                                    "operator_type": "HASH_GROUP_BY",
                                                                                                    "operator_cardinality": 1260710,
                                                                                                    "cumulative_rows_scanned": 3582434,
                                                                                                    "operator_rows_scanned": 0,
                                                                                                    "operator_timing": 0.19326336900000018,
                                                                                                    "result_set_size": 20171360,
                                                                                                    "children": [
                                                                                                        {
                                                                                                            "operator_name": "PROJECTION",
                                                                                                            "cpu_time": 0.2414964389999997,
                                                                                                            "extra_info": {
                                                                                                                "Projections": [
                                                                                                                    "id",
                                                                                                                    "reputation",
                                                                                                                    "id"
                                                                                                                ],
                                                                                                                "Estimated Cardinality": "2321724"
                                                                                                            },
                                                                                                            "cumulative_cardinality": 9649260,
                                                                                                            "operator_type": "PROJECTION",
                                                                                                            "operator_cardinality": 3033413,
                                                                                                            "cumulative_rows_scanned": 3582434,
                                                                                                            "operator_rows_scanned": 0,
                                                                                                            "operator_timing": 0.00044534200000000086,
                                                                                                            "result_set_size": 36400956,
                                                                                                            "children": [
                                                                                                                {
                                                                                                                    "operator_name": "HASH_JOIN",
                                                                                                                    "cpu_time": 0.24105109699999971,
                                                                                                                    "extra_info": {
                                                                                                                        "Join Type": "RIGHT",
                                                                                                                        "Conditions": "userid = id",
                                                                                                                        "Estimated Cardinality": "2321724"
                                                                                                                    },
                                                                                                                    "cumulative_cardinality": 6615847,
                                                                                                                    "operator_type": "HASH_JOIN",
                                                                                                                    "operator_cardinality": 3033413,
                                                                                                                    "cumulative_rows_scanned": 3582434,
                                                                                                                    "operator_rows_scanned": 0,
                                                                                                                    "operator_timing": 0.17779301799999975,
                                                                                                                    "result_set_size": 36400956,
                                                                                                                    "children": [
                                                                                                                        {
                                                                                                                            "operator_name": "READ_PARQUET ",
                                                                                                                            "cpu_time": 0.048315679999999965,
                                                                                                                            "extra_info": {
                                                                                                                                "Function": "READ_PARQUET",
                                                                                                                                "Projections": [
                                                                                                                                    "id",
                                                                                                                                    "userid"
                                                                                                                                ],
                                                                                                                                "Estimated Cardinality": "2321724"
                                                                                                                            },
                                                                                                                            "cumulative_cardinality": 2321724,
                                                                                                                            "operator_type": "TABLE_SCAN",
                                                                                                                            "operator_cardinality": 2321724,
                                                                                                                            "cumulative_rows_scanned": 2321724,
                                                                                                                            "operator_rows_scanned": 2321724,
                                                                                                                            "operator_timing": 0.048315679999999965,
                                                                                                                            "result_set_size": 18573792,
                                                                                                                            "children": []
                                                                                                                        },
                                                                                                                        {
                                                                                                                            "operator_name": "READ_PARQUET ",
                                                                                                                            "cpu_time": 0.014942398999999997,
                                                                                                                            "extra_info": {
                                                                                                                                "Function": "READ_PARQUET",
                                                                                                                                "Projections": [
                                                                                                                                    "id",
                                                                                                                                    "reputation"
                                                                                                                                ],
                                                                                                                                "Estimated Cardinality": "1260710"
                                                                                                                            },
                                                                                                                            "cumulative_cardinality": 1260710,
                                                                                                                            "operator_type": "TABLE_SCAN",
                                                                                                                            "operator_cardinality": 1260710,
                                                                                                                            "cumulative_rows_scanned": 1260710,
                                                                                                                            "operator_rows_scanned": 1260710,
                                                                                                                            "operator_timing": 0.014942398999999997,
                                                                                                                            "result_set_size": 10085680,
                                                                                                                            "children": []
                                                                                                                        }
                                                                                                                    ]
                                                                                                                }
                                                                                                            ]
                                                                                                        }
                                                                                                    ]
                                                                                                },
                                                                                                {
                                                                                                    "operator_name": "HASH_JOIN",
                                                                                                    "cpu_time": 0.08726057399999992,
                                                                                                    "extra_info": {
                                                                                                        "Join Type": "SEMI",
                                                                                                        "Conditions": "id = #0",
                                                                                                        "Estimated Cardinality": "1"
                                                                                                    },
                                                                                                    "cumulative_cardinality": 176493,
                                                                                                    "operator_type": "HASH_JOIN",
                                                                                                    "operator_cardinality": 9,
                                                                                                    "cumulative_rows_scanned": 1260710,
                                                                                                    "operator_rows_scanned": 0,
                                                                                                    "operator_timing": 0.000259755,
                                                                                                    "result_set_size": 1260,
                                                                                                    "children": [
                                                                                                        {
                                                                                                            "operator_name": "HASH_JOIN",
                                                                                                            "cpu_time": 0.08699935599999993,
                                                                                                            "extra_info": {
                                                                                                                "Join Type": "INNER",
                                                                                                                "Conditions": "id = userid",
                                                                                                                "Estimated Cardinality": "5"
                                                                                                            },
                                                                                                            "cumulative_cardinality": 176464,
                                                                                                            "operator_type": "HASH_JOIN",
                                                                                                            "operator_cardinality": 9,
                                                                                                            "cumulative_rows_scanned": 1260710,
                                                                                                            "operator_rows_scanned": 0,
                                                                                                            "operator_timing": 0.0016707589999999997,
                                                                                                            "result_set_size": 1260,
                                                                                                            "children": [
                                                                                                                {
                                                                                                                    "operator_name": "READ_PARQUET ",
                                                                                                                    "cpu_time": 0.08525874699999994,
                                                                                                                    "extra_info": {
                                                                                                                        "Function": "READ_PARQUET",
                                                                                                                        "Projections": [
                                                                                                                            "id",
                                                                                                                            "reputation",
                                                                                                                            "creationdate",
                                                                                                                            "displayname",
                                                                                                                            "lastaccessdate",
                                                                                                                            "websiteurl",
                                                                                                                            "location",
                                                                                                                            "aboutme",
                                                                                                                            "views",
                                                                                                                            "upvotes",
                                                                                                                            "downvotes",
                                                                                                                            "profileimageurl",
                                                                                                                            "accountid"
                                                                                                                        ],
                                                                                                                        "Estimated Cardinality": "1260710"
                                                                                                                    },
                                                                                                                    "cumulative_cardinality": 176425,
                                                                                                                    "operator_type": "TABLE_SCAN",
                                                                                                                    "operator_cardinality": 176425,
                                                                                                                    "cumulative_rows_scanned": 1260710,
                                                                                                                    "operator_rows_scanned": 1260710,
                                                                                                                    "operator_timing": 0.08525874699999994,
                                                                                                                    "result_set_size": 21171000,
                                                                                                                    "children": []
                                                                                                                },
                                                                                                                {
                                                                                                                    "operator_name": "HASH_GROUP_BY",
                                                                                                                    "cpu_time": 0.00006984999999999999,
                                                                                                                    "extra_info": {
                                                                                                                        "Groups": "#0",
                                                                                                                        "Aggregates": "sum(#1)",
                                                                                                                        "Estimated Cardinality": "5"
                                                                                                                    },
                                                                                                                    "cumulative_cardinality": 30,
                                                                                                                    "operator_type": "HASH_GROUP_BY",
                                                                                                                    "operator_cardinality": 10,
                                                                                                                    "cumulative_rows_scanned": 0,
                                                                                                                    "operator_rows_scanned": 0,
                                                                                                                    "operator_timing": 0.000065984,
                                                                                                                    "result_set_size": 200,
                                                                                                                    "children": [
                                                                                                                        {
                                                                                                                            "operator_name": "PROJECTION",
                                                                                                                            "cpu_time": 0.000003866,
                                                                                                                            "extra_info": {
                                                                                                                                "Projections": [
                                                                                                                                    "userid",
                                                                                                                                    "CommentCount"
                                                                                                                                ],
                                                                                                                                "Estimated Cardinality": "10"
                                                                                                                            },
                                                                                                                            "cumulative_cardinality": 20,
                                                                                                                            "operator_type": "PROJECTION",
                                                                                                                            "operator_cardinality": 10,
                                                                                                                            "cumulative_rows_scanned": 0,
                                                                                                                            "operator_rows_scanned": 0,
                                                                                                                            "operator_timing": 0.000001042,
                                                                                                                            "result_set_size": 120,
                                                                                                                            "children": [
                                                                                                                                {
                                                                                                                                    "operator_name": "CTE_SCAN",
                                                                                                                                    "cpu_time": 0.000002824,
                                                                                                                                    "extra_info": {
                                                                                                                                        "CTE Index": "0",
                                                                                                                                        "Estimated Cardinality": "10"
                                                                                                                                    },
                                                                                                                                    "cumulative_cardinality": 10,
                                                                                                                                    "operator_type": "CTE_SCAN",
                                                                                                                                    "operator_cardinality": 10,
                                                                                                                                    "cumulative_rows_scanned": 0,
                                                                                                                                    "operator_rows_scanned": 0,
                                                                                                                                    "operator_timing": 0.000002824,
                                                                                                                                    "result_set_size": 120,
                                                                                                                                    "children": []
                                                                                                                                }
                                                                                                                            ]
                                                                                                                        }
                                                                                                                    ]
                                                                                                                }
                                                                                                            ]
                                                                                                        },
                                                                                                        {
                                                                                                            "operator_name": "PROJECTION",
                                                                                                            "cpu_time": 0.0000014630000000000002,
                                                                                                            "extra_info": {
                                                                                                                "Projections": "userid",
                                                                                                                "Estimated Cardinality": "10"
                                                                                                            },
                                                                                                            "cumulative_cardinality": 20,
                                                                                                            "operator_type": "PROJECTION",
                                                                                                            "operator_cardinality": 10,
                                                                                                            "cumulative_rows_scanned": 0,
                                                                                                            "operator_rows_scanned": 0,
                                                                                                            "operator_timing": 2.61e-7,
                                                                                                            "result_set_size": 40,
                                                                                                            "children": [
                                                                                                                {
                                                                                                                    "operator_name": "CTE_SCAN",
                                                                                                                    "cpu_time": 0.000001202,
                                                                                                                    "extra_info": {
                                                                                                                        "CTE Index": "0",
                                                                                                                        "Estimated Cardinality": "10"
                                                                                                                    },
                                                                                                                    "cumulative_cardinality": 10,
                                                                                                                    "operator_type": "CTE_SCAN",
                                                                                                                    "operator_cardinality": 10,
                                                                                                                    "cumulative_rows_scanned": 0,
                                                                                                                    "operator_rows_scanned": 0,
                                                                                                                    "operator_timing": 0.000001202,
                                                                                                                    "result_set_size": 120,
                                                                                                                    "children": []
                                                                                                                }
                                                                                                            ]
                                                                                                        }
                                                                                                    ]
                                                                                                }
                                                                                            ]
                                                                                        }
                                                                                    ]
                                                                                }
                                                                            ]
                                                                        }
                                                                    ]
                                                                }
                                                            ]
                                                        }
                                                    ]
                                                }
                                            ]
                                        }
                                    ]
                                }
                            ]
                        }
                    ]
                }
            ]
        }
    ]
}