{
    "rows_returned": 762920,
    "query_name": "\nWITH UserPostStats AS (\n    SELECT\n        u.Id AS UserId,\n        u.DisplayName,\n        COUNT(p.Id) AS PostCount,\n        SUM(COALESCE(p.ViewCount, 0)) AS TotalViews,\n        SUM(COALESCE(p.Score, 0)) AS TotalScore,\n        SUM(COALESCE(c.CommentCount, 0)) AS TotalComments\n    FROM\n        Users u\n    LEFT JOIN\n        Posts p ON u.Id = p.OwnerUserId\n    LEFT JOIN (\n        SELECT \n            PostId,\n            COUNT(Id) AS CommentCount\n        FROM\n            Comments\n        GROUP BY PostId\n    ) c ON p.Id = c.PostId\n    WHERE\n        u.CreationDate >= '2020-01-01'\n    GROUP BY\n        u.Id, u.DisplayName\n),\nPostTypeStats AS (\n    SELECT\n        pt.Id AS PostTypeId,\n        pt.Name AS PostTypeName,\n        COUNT(p.Id) AS PostCount,\n        SUM(COALESCE(p.ViewCount, 0)) AS TotalViews,\n        SUM(COALESCE(p.Score, 0)) AS TotalScore\n    FROM\n        PostTypes pt\n    LEFT JOIN\n        Posts p ON pt.Id = p.PostTypeId\n    GROUP BY\n        pt.Id, pt.Name\n)\nSELECT \n    u.UserId,\n    u.DisplayName,\n    u.PostCount,\n    u.TotalViews,\n    u.TotalScore,\n    u.TotalComments,\n    p.PostTypeId,\n    p.PostTypeName,\n    p.PostCount AS TypePostCount,\n    p.TotalViews AS TypeTotalViews,\n    p.TotalScore AS TypeTotalScore\nFROM\n    UserPostStats u\nJOIN\n    PostTypeStats p ON u.PostCount > 0\nORDER BY\n    u.TotalScore DESC, p.TotalViews DESC;\n",
    "blocked_thread_time": 0.0,
    "cpu_time": 1.4796004979999997,
    "extra_info": {},
    "cumulative_cardinality": 39726816,
    "cumulative_rows_scanned": 16202772,
    "result_set_size": 102231280,
    "latency": 4.292825448,
    "children": [
        {
            "operator_name": "PROJECTION",
            "cpu_time": 1.4796004979999997,
            "extra_info": {
                "Projections": [
                    "#0",
                    "#1",
                    "#2",
                    "#3",
                    "#4",
                    "#5",
                    "__internal_decompress_integral_smallint(#6, 1)",
                    "#7",
                    "#8",
                    "#9",
                    "#10"
                ],
                "Estimated Cardinality": "2017136"
            },
            "cumulative_cardinality": 39726816,
            "operator_type": "PROJECTION",
            "operator_cardinality": 762920,
            "cumulative_rows_scanned": 16202772,
            "operator_rows_scanned": 0,
            "operator_timing": 0.0004200569999999997,
            "result_set_size": 102231280,
            "children": [
                {
                    "operator_name": "ORDER_BY",
                    "cpu_time": 1.4791804409999998,
                    "extra_info": {
                        "Order By": [
                            "u.TotalScore DESC",
                            "p.TotalViews DESC"
                        ]
                    },
                    "cumulative_cardinality": 38963896,
                    "operator_type": "ORDER_BY",
                    "operator_cardinality": 762920,
                    "cumulative_rows_scanned": 16202772,
                    "operator_rows_scanned": 0,
                    "operator_timing": 0.14169468300000002,
                    "result_set_size": 101468360,
                    "children": [
                        {
                            "operator_name": "PROJECTION",
                            "cpu_time": 1.3374857579999997,
                            "extra_info": {
                                "Projections": [
                                    "#0",
                                    "#1",
                                    "#2",
                                    "#3",
                                    "#4",
                                    "#5",
                                    "__internal_compress_integral_utinyint(#6, 1)",
                                    "#7",
                                    "#8",
                                    "#9",
                                    "#10"
                                ],
                                "Estimated Cardinality": "2017136"
                            },
                            "cumulative_cardinality": 38200976,
                            "operator_type": "PROJECTION",
                            "operator_cardinality": 762920,
                            "cumulative_rows_scanned": 16202772,
                            "operator_rows_scanned": 0,
                            "operator_timing": 0.0003550339999999998,
                            "result_set_size": 101468360,
                            "children": [
                                {
                                    "operator_name": "CROSS_PRODUCT",
                                    "cpu_time": 1.3371307239999997,
                                    "extra_info": {},
                                    "cumulative_cardinality": 37438056,
                                    "operator_type": "CROSS_PRODUCT",
                                    "operator_cardinality": 762920,
                                    "cumulative_rows_scanned": 16202772,
                                    "operator_rows_scanned": 0,
                                    "operator_timing": 0.0011758630000000003,
                                    "result_set_size": 102231280,
                                    "children": [
                                        {
                                            "operator_name": "FILTER",
                                            "cpu_time": 1.0107022459999992,
                                            "extra_info": {
                                                "Expression": "(PostCount > 0)",
                                                "Estimated Cardinality": "252142"
                                            },
                                            "cumulative_cardinality": 21274645,
                                            "operator_type": "FILTER",
                                            "operator_cardinality": 95365,
                                            "cumulative_rows_scanned": 12352648,
                                            "operator_rows_scanned": 0,
                                            "operator_timing": 0.0011092189999999992,
                                            "result_set_size": 7247740,
                                            "children": [
                                                {
                                                    "operator_name": "HASH_GROUP_BY",
                                                    "cpu_time": 1.0095930269999993,
                                                    "extra_info": {
                                                        "Groups": [
                                                            "#0",
                                                            "#1"
                                                        ],
                                                        "Aggregates": [
                                                            "count(#2)",
                                                            "sum(#3)",
                                                            "sum(#4)",
                                                            "sum(#5)"
                                                        ],
                                                        "Estimated Cardinality": "1260710"
                                                    },
                                                    "cumulative_cardinality": 21179280,
                                                    "operator_type": "HASH_GROUP_BY",
                                                    "operator_cardinality": 656461,
                                                    "cumulative_rows_scanned": 12352648,
                                                    "operator_rows_scanned": 0,
                                                    "operator_timing": 0.2262319310000001,
                                                    "result_set_size": 49891036,
                                                    "children": [
                                                        {
                                                            "operator_name": "PROJECTION",
                                                            "cpu_time": 0.7833610959999993,
                                                            "extra_info": {
                                                                "Projections": [
                                                                    "id",
                                                                    "displayname",
                                                                    "id",
                                                                    "COALESCE(viewcount, 0)",
                                                                    "COALESCE(score, 0)",
                                                                    "COALESCE(CommentCount, 0)"
                                                                ],
                                                                "Estimated Cardinality": "3850116"
                                                            },
                                                            "cumulative_cardinality": 20522819,
                                                            "operator_type": "PROJECTION",
                                                            "operator_cardinality": 944726,
                                                            "cumulative_rows_scanned": 12352648,
                                                            "operator_rows_scanned": 0,
                                                            "operator_timing": 0.028072660000000017,
                                                            "result_set_size": 37789040,
                                                            "children": [
                                                                {
                                                                    "operator_name": "HASH_JOIN",
                                                                    "cpu_time": 0.7552884359999993,
                                                                    "extra_info": {
                                                                        "Join Type": "LEFT",
                                                                        "Conditions": "id = postid",
                                                                        "Estimated Cardinality": "3850116"
                                                                    },
                                                                    "cumulative_cardinality": 19578093,
                                                                    "operator_type": "HASH_JOIN",
                                                                    "operator_cardinality": 944726,
                                                                    "cumulative_rows_scanned": 12352648,
                                                                    "operator_rows_scanned": 0,
                                                                    "operator_timing": 0.12907270799999992,
                                                                    "result_set_size": 37789040,
                                                                    "children": [
                                                                        {
                                                                            "operator_name": "HASH_JOIN",
                                                                            "cpu_time": 0.28211302199999994,
                                                                            "extra_info": {
                                                                                "Join Type": "RIGHT",
                                                                                "Conditions": "owneruserid = id",
                                                                                "Estimated Cardinality": "3850116"
                                                                            },
                                                                            "cumulative_cardinality": 1986051,
                                                                            "operator_type": "HASH_JOIN",
                                                                            "operator_cardinality": 944726,
                                                                            "cumulative_rows_scanned": 5110826,
                                                                            "operator_rows_scanned": 0,
                                                                            "operator_timing": 0.07680336199999996,
                                                                            "result_set_size": 30231232,
                                                                            "children": [
                                                                                {
                                                                                    "operator_name": "READ_PARQUET ",
                                                                                    "cpu_time": 0.12144230799999998,
                                                                                    "extra_info": {
                                                                                        "Function": "READ_PARQUET",
                                                                                        "Projections": [
                                                                                            "id",
                                                                                            "score",
                                                                                            "viewcount",
                                                                                            "owneruserid"
                                                                                        ],
                                                                                        "Estimated Cardinality": "3850116"
                                                                                    },
                                                                                    "cumulative_cardinality": 384864,
                                                                                    "operator_type": "TABLE_SCAN",
                                                                                    "operator_cardinality": 384864,
                                                                                    "cumulative_rows_scanned": 3850116,
                                                                                    "operator_rows_scanned": 3850116,
                                                                                    "operator_timing": 0.12144230799999998,
                                                                                    "result_set_size": 6157824,
                                                                                    "children": []
                                                                                },
                                                                                {
                                                                                    "operator_name": "READ_PARQUET ",
                                                                                    "cpu_time": 0.08386735199999999,
                                                                                    "extra_info": {
                                                                                        "Function": "READ_PARQUET",
                                                                                        "Projections": [
                                                                                            "id",
                                                                                            "displayname"
                                                                                        ],
                                                                                        "Filters": "creationdate>='2020-01-01 00:00:00'::TIMESTAMP",
                                                                                        "Estimated Cardinality": "252142"
                                                                                    },
                                                                                    "cumulative_cardinality": 656461,
                                                                                    "operator_type": "TABLE_SCAN",
                                                                                    "operator_cardinality": 656461,
                                                                                    "cumulative_rows_scanned": 1260710,
                                                                                    "operator_rows_scanned": 1260710,
                                                                                    "operator_timing": 0.08386735199999999,
                                                                                    "result_set_size": 13129220,
                                                                                    "children": []
                                                                                }
                                                                            ]
                                                                        },
                                                                        {
                                                                            "operator_name": "HASH_GROUP_BY",
                                                                            "cpu_time": 0.3441027059999994,
                                                                            "extra_info": {
                                                                                "Groups": "#0",
                                                                                "Aggregates": "count_star()",
                                                                                "Estimated Cardinality": "3620911"
                                                                            },
                                                                            "cumulative_cardinality": 16647316,
                                                                            "operator_type": "HASH_GROUP_BY",
                                                                            "operator_cardinality": 2163672,
                                                                            "cumulative_rows_scanned": 7241822,
                                                                            "operator_rows_scanned": 0,
                                                                            "operator_timing": 0.2630808479999997,
                                                                            "result_set_size": 25964064,
                                                                            "children": [
                                                                                {
                                                                                    "operator_name": "PROJECTION",
                                                                                    "cpu_time": 0.08102185799999971,
                                                                                    "extra_info": {
                                                                                        "Projections": "postid",
                                                                                        "Estimated Cardinality": "7241822"
                                                                                    },
                                                                                    "cumulative_cardinality": 14483644,
                                                                                    "operator_type": "PROJECTION",
                                                                                    "operator_cardinality": 7241822,
                                                                                    "cumulative_rows_scanned": 7241822,
                                                                                    "operator_rows_scanned": 0,
                                                                                    "operator_timing": 0.0004050350000000011,
                                                                                    "result_set_size": 28967288,
                                                                                    "children": [
                                                                                        {
                                                                                            "operator_name": "READ_PARQUET ",
                                                                                            "cpu_time": 0.08061682299999971,
                                                                                            "extra_info": {
                                                                                                "Function": "READ_PARQUET",
                                                                                                "Projections": [
                                                                                                    "id",
                                                                                                    "postid"
                                                                                                ],
                                                                                                "Estimated Cardinality": "7241822"
                                                                                            },
                                                                                            "cumulative_cardinality": 7241822,
                                                                                            "operator_type": "TABLE_SCAN",
                                                                                            "operator_cardinality": 7241822,
                                                                                            "cumulative_rows_scanned": 7241822,
                                                                                            "operator_rows_scanned": 7241822,
                                                                                            "operator_timing": 0.08061682299999971,
                                                                                            "result_set_size": 57934576,
                                                                                            "children": []
                                                                                        }
                                                                                    ]
                                                                                }
                                                                            ]
                                                                        }
                                                                    ]
                                                                }
                                                            ]
                                                        }
                                                    ]
                                                }
                                            ]
                                        },
                                        {
                                            "operator_name": "PROJECTION",
                                            "cpu_time": 0.3252526150000004,
                                            "extra_info": {
                                                "Projections": [
                                                    "__internal_decompress_integral_smallint(#0, 1)",
                                                    "#1",
                                                    "#2",
                                                    "#3",
                                                    "#4"
                                                ],
                                                "Estimated Cardinality": "8"
                                            },
                                            "cumulative_cardinality": 15400491,
                                            "operator_type": "PROJECTION",
                                            "operator_cardinality": 8,
                                            "cumulative_rows_scanned": 3850124,
                                            "operator_rows_scanned": 0,
                                            "operator_timing": 0.000001683,
                                            "result_set_size": 464,
                                            "children": [
                                                {
                                                    "operator_name": "HASH_GROUP_BY",
                                                    "cpu_time": 0.32525093200000044,
                                                    "extra_info": {
                                                        "Groups": [
                                                            "#0",
                                                            "#1"
                                                        ],
                                                        "Aggregates": [
                                                            "count(#2)",
                                                            "sum(#3)",
                                                            "sum(#4)"
                                                        ],
                                                        "Estimated Cardinality": "8"
                                                    },
                                                    "cumulative_cardinality": 15400483,
                                                    "operator_type": "HASH_GROUP_BY",
                                                    "operator_cardinality": 8,
                                                    "cumulative_rows_scanned": 3850124,
                                                    "operator_rows_scanned": 0,
                                                    "operator_timing": 0.08626383699999998,
                                                    "result_set_size": 456,
                                                    "children": [
                                                        {
                                                            "operator_name": "PROJECTION",
                                                            "cpu_time": 0.23898709500000045,
                                                            "extra_info": {
                                                                "Projections": [
                                                                    "id",
                                                                    "name",
                                                                    "id",
                                                                    "COALESCE(viewcount, 0)",
                                                                    "COALESCE(score, 0)"
                                                                ],
                                                                "Estimated Cardinality": "3850116"
                                                            },
                                                            "cumulative_cardinality": 15400475,
                                                            "operator_type": "PROJECTION",
                                                            "operator_cardinality": 3850117,
                                                            "cumulative_rows_scanned": 3850124,
                                                            "operator_rows_scanned": 0,
                                                            "operator_timing": 0.05742964800000014,
                                                            "result_set_size": 111653393,
                                                            "children": [
                                                                {
                                                                    "operator_name": "PROJECTION",
                                                                    "cpu_time": 0.18155744700000032,
                                                                    "extra_info": {
                                                                        "Projections": [
                                                                            "#0",
                                                                            "#1",
                                                                            "#2",
                                                                            "__internal_compress_integral_utinyint(#3, 1)",
                                                                            "#4"
                                                                        ],
                                                                        "Estimated Cardinality": "3850116"
                                                                    },
                                                                    "cumulative_cardinality": 11550358,
                                                                    "operator_type": "PROJECTION",
                                                                    "operator_cardinality": 3850117,
                                                                    "cumulative_rows_scanned": 3850124,
                                                                    "operator_rows_scanned": 0,
                                                                    "operator_timing": 0.0010996610000000005,
                                                                    "result_set_size": 111653393,
                                                                    "children": [
                                                                        {
                                                                            "operator_name": "HASH_JOIN",
                                                                            "cpu_time": 0.18045778600000031,
                                                                            "extra_info": {
                                                                                "Join Type": "RIGHT",
                                                                                "Conditions": "posttypeid = id",
                                                                                "Estimated Cardinality": "3850116"
                                                                            },
                                                                            "cumulative_cardinality": 7700241,
                                                                            "operator_type": "HASH_JOIN",
                                                                            "operator_cardinality": 3850117,
                                                                            "cumulative_rows_scanned": 3850124,
                                                                            "operator_rows_scanned": 0,
                                                                            "operator_timing": 0.0692766720000004,
                                                                            "result_set_size": 115503510,
                                                                            "children": [
                                                                                {
                                                                                    "operator_name": "READ_PARQUET ",
                                                                                    "cpu_time": 0.1108873359999999,
                                                                                    "extra_info": {
                                                                                        "Function": "READ_PARQUET",
                                                                                        "Projections": [
                                                                                            "id",
                                                                                            "posttypeid",
                                                                                            "score",
                                                                                            "viewcount"
                                                                                        ],
                                                                                        "Estimated Cardinality": "3850116"
                                                                                    },
                                                                                    "cumulative_cardinality": 3850116,
                                                                                    "operator_type": "TABLE_SCAN",
                                                                                    "operator_cardinality": 3850116,
                                                                                    "cumulative_rows_scanned": 3850116,
                                                                                    "operator_rows_scanned": 3850116,
                                                                                    "operator_timing": 0.1108873359999999,
                                                                                    "result_set_size": 53901624,
                                                                                    "children": []
                                                                                },
                                                                                {
                                                                                    "operator_name": "READ_PARQUET ",
                                                                                    "cpu_time": 0.000293778,
                                                                                    "extra_info": {
                                                                                        "Function": "READ_PARQUET",
                                                                                        "Projections": [
                                                                                            "id",
                                                                                            "name"
                                                                                        ],
                                                                                        "Estimated Cardinality": "8"
                                                                                    },
                                                                                    "cumulative_cardinality": 8,
                                                                                    "operator_type": "TABLE_SCAN",
                                                                                    "operator_cardinality": 8,
                                                                                    "cumulative_rows_scanned": 8,
                                                                                    "operator_rows_scanned": 8,
                                                                                    "operator_timing": 0.000293778,
                                                                                    "result_set_size": 144,
                                                                                    "children": []
                                                                                }
                                                                            ]
                                                                        }
                                                                    ]
                                                                }
                                                            ]
                                                        }
                                                    ]
                                                }
                                            ]
                                        }
                                    ]
                                }
                            ]
                        }
                    ]
                }
            ]
        }
    ]
}