{
    "rows_returned": 7,
    "query_name": "SELECT \n    p.PostTypeId,\n    pt.Name AS PostTypeName,\n    COUNT(p.Id) AS TotalPosts,\n    SUM(p.Score) AS TotalScore,\n    SUM(p.ViewCount) AS TotalViewCount,\n    AVG(p.ViewCount) AS AvgViewCount,\n    COALESCE(SUM(CASE WHEN p.PostTypeId = 1 THEN 1 END), 0) AS TotalQuestions,\n    COALESCE(SUM(CASE WHEN p.PostTypeId = 2 THEN 1 END), 0) AS TotalAnswers,\n    COALESCE(SUM(CASE WHEN p.PostTypeId = 3 THEN 1 END), 0) AS TotalWikis,\n    COUNT(DISTINCT p.OwnerUserId) AS UniqueUsers,\n    SUM(u.Reputation) AS TotalReputation,\n    COUNT(DISTINCT c.Id) AS TotalComments,\n    COUNT(DISTINCT v.Id) AS TotalVotes\nFROM \n    Posts p\nLEFT JOIN \n    PostTypes pt ON p.PostTypeId = pt.Id\nLEFT JOIN \n    Users u ON p.OwnerUserId = u.Id\nLEFT JOIN \n    Comments c ON p.Id = c.PostId\nLEFT JOIN \n    Votes v ON p.Id = v.PostId\nGROUP BY \n    p.PostTypeId, pt.Name\nORDER BY \n    p.PostTypeId;",
    "blocked_thread_time": 0.0,
    "cpu_time": 10.41133193300001,
    "extra_info": {},
    "cumulative_cardinality": 168820700,
    "cumulative_rows_scanned": 25096749,
    "result_set_size": 1078,
    "latency": 13.266994592,
    "children": [
        {
            "operator_name": "PROJECTION",
            "cpu_time": 10.41133193300001,
            "extra_info": {
                "Projections": [
                    "__internal_decompress_integral_smallint(#0, 1)",
                    "#1",
                    "#2",
                    "#3",
                    "#4",
                    "#5",
                    "#6",
                    "#7",
                    "#8",
                    "#9",
                    "#10",
                    "#11",
                    "#12"
                ],
                "Estimated Cardinality": "3850116"
            },
            "cumulative_cardinality": 168820700,
            "operator_type": "PROJECTION",
            "operator_cardinality": 7,
            "cumulative_rows_scanned": 25096749,
            "operator_rows_scanned": 0,
            "operator_timing": 0.000001894,
            "result_set_size": 1078,
            "children": [
                {
                    "operator_name": "ORDER_BY",
                    "cpu_time": 10.41133003900001,
                    "extra_info": {
                        "Order By": "p.PostTypeId ASC"
                    },
                    "cumulative_cardinality": 168820693,
                    "operator_type": "ORDER_BY",
                    "operator_cardinality": 7,
                    "cumulative_rows_scanned": 25096749,
                    "operator_rows_scanned": 0,
                    "operator_timing": 0.000032239999999999996,
                    "result_set_size": 1071,
                    "children": [
                        {
                            "operator_name": "PROJECTION",
                            "cpu_time": 10.41129779900001,
                            "extra_info": {
                                "Projections": [
                                    "__internal_compress_integral_utinyint(#0, 1)",
                                    "#1",
                                    "#2",
                                    "#3",
                                    "#4",
                                    "#5",
                                    "#6",
                                    "#7",
                                    "#8",
                                    "#9",
                                    "#10",
                                    "#11",
                                    "#12"
                                ],
                                "Estimated Cardinality": "3850116"
                            },
                            "cumulative_cardinality": 168820686,
                            "operator_type": "PROJECTION",
                            "operator_cardinality": 7,
                            "cumulative_rows_scanned": 25096749,
                            "operator_rows_scanned": 0,
                            "operator_timing": 0.000003637,
                            "result_set_size": 1071,
                            "children": [
                                {
                                    "operator_name": "PROJECTION",
                                    "cpu_time": 10.41129416200001,
                                    "extra_info": {
                                        "Projections": [
                                            "posttypeid",
                                            "PostTypeName",
                                            "TotalPosts",
                                            "TotalScore",
                                            "TotalViewCount",
                                            "AvgViewCount",
                                            "TotalQuestions",
                                            "TotalAnswers",
                                            "TotalWikis",
                                            "UniqueUsers",
                                            "TotalReputation",
                                            "TotalComments",
                                            "TotalVotes"
                                        ],
                                        "Estimated Cardinality": "3850116"
                                    },
                                    "cumulative_cardinality": 168820679,
                                    "operator_type": "PROJECTION",
                                    "operator_cardinality": 7,
                                    "cumulative_rows_scanned": 25096749,
                                    "operator_rows_scanned": 0,
                                    "operator_timing": 0.000019437,
                                    "result_set_size": 1078,
                                    "children": [
                                        {
                                            "operator_name": "HASH_GROUP_BY",
                                            "cpu_time": 10.411274725000009,
                                            "extra_info": {
                                                "Groups": [
                                                    "#0",
                                                    "#1"
                                                ],
                                                "Aggregates": [
                                                    "count_star()",
                                                    "sum(#2)",
                                                    "sum(#3)",
                                                    "avg(#4)",
                                                    "sum(#5)",
                                                    "sum(#6)",
                                                    "sum(#7)",
                                                    "count(DISTINCT #8)",
                                                    "sum(#9)",
                                                    "count(DISTINCT #10)",
                                                    "count(DISTINCT #11)"
                                                ],
                                                "Estimated Cardinality": "3850116"
                                            },
                                            "cumulative_cardinality": 168820672,
                                            "operator_type": "HASH_GROUP_BY",
                                            "operator_cardinality": 7,
                                            "cumulative_rows_scanned": 25096749,
                                            "operator_rows_scanned": 0,
                                            "operator_timing": 6.394620977000023,
                                            "result_set_size": 1078,
                                            "children": [
                                                {
                                                    "operator_name": "PROJECTION",
                                                    "cpu_time": 4.016653747999986,
                                                    "extra_info": {
                                                        "Projections": [
                                                            "posttypeid",
                                                            "name",
                                                            "score",
                                                            "viewcount",
                                                            "viewcount",
                                                            "CASE  WHEN ((posttypeid = 1)) THEN (1) ELSE NULL END",
                                                            "CASE  WHEN ((posttypeid = 2)) THEN (1) ELSE NULL END",
                                                            "CASE  WHEN ((posttypeid = 3)) THEN (1) ELSE NULL END",
                                                            "owneruserid",
                                                            "reputation",
                                                            "id",
                                                            "id"
                                                        ],
                                                        "Estimated Cardinality": "12744093"
                                                    },
                                                    "cumulative_cardinality": 168820665,
                                                    "operator_type": "PROJECTION",
                                                    "operator_cardinality": 35129590,
                                                    "cumulative_rows_scanned": 25096749,
                                                    "operator_rows_scanned": 0,
                                                    "operator_timing": 0.2459830290000015,
                                                    "result_set_size": 2037516220,
                                                    "children": [
                                                        {
                                                            "operator_name": "PROJECTION",
                                                            "cpu_time": 3.770670718999985,
                                                            "extra_info": {
                                                                "Projections": [
                                                                    "#0",
                                                                    "#1",
                                                                    "#2",
                                                                    "__internal_decompress_integral_smallint(#3, 1)",
                                                                    "__internal_decompress_integral_integer(#4, -72)",
                                                                    "#5",
                                                                    "#6",
                                                                    "#7",
                                                                    "#8"
                                                                ],
                                                                "Estimated Cardinality": "12744093"
                                                            },
                                                            "cumulative_cardinality": 133691075,
                                                            "operator_type": "PROJECTION",
                                                            "operator_cardinality": 35129590,
                                                            "cumulative_rows_scanned": 25096749,
                                                            "operator_rows_scanned": 0,
                                                            "operator_timing": 0.031006469999999838,
                                                            "result_set_size": 1615961140,
                                                            "children": [
                                                                {
                                                                    "operator_name": "HASH_JOIN",
                                                                    "cpu_time": 3.739664248999985,
                                                                    "extra_info": {
                                                                        "Join Type": "RIGHT",
                                                                        "Conditions": "postid = id",
                                                                        "Estimated Cardinality": "12744093"
                                                                    },
                                                                    "cumulative_cardinality": 98561485,
                                                                    "operator_type": "HASH_JOIN",
                                                                    "operator_cardinality": 35129590,
                                                                    "cumulative_rows_scanned": 25096749,
                                                                    "operator_rows_scanned": 0,
                                                                    "operator_timing": 2.135265347999988,
                                                                    "result_set_size": 1510572370,
                                                                    "children": [
                                                                        {
                                                                            "operator_name": "READ_PARQUET ",
                                                                            "cpu_time": 0.2576421179999999,
                                                                            "extra_info": {
                                                                                "Function": "READ_PARQUET",
                                                                                "Projections": [
                                                                                    "id",
                                                                                    "postid"
                                                                                ],
                                                                                "Estimated Cardinality": "12744093"
                                                                            },
                                                                            "cumulative_cardinality": 12744093,
                                                                            "operator_type": "TABLE_SCAN",
                                                                            "operator_cardinality": 12744093,
                                                                            "cumulative_rows_scanned": 12744093,
                                                                            "operator_rows_scanned": 12744093,
                                                                            "operator_timing": 0.2576421179999999,
                                                                            "result_set_size": 101952744,
                                                                            "children": []
                                                                        },
                                                                        {
                                                                            "operator_name": "PROJECTION",
                                                                            "cpu_time": 1.346756782999997,
                                                                            "extra_info": {
                                                                                "Projections": [
                                                                                    "#0",
                                                                                    "#1",
                                                                                    "__internal_compress_integral_utinyint(#2, 1)",
                                                                                    "__internal_compress_integral_usmallint(#3, -72)",
                                                                                    "#4",
                                                                                    "#5",
                                                                                    "#6",
                                                                                    "#7"
                                                                                ],
                                                                                "Estimated Cardinality": "7241822"
                                                                            },
                                                                            "cumulative_cardinality": 50687802,
                                                                            "operator_type": "PROJECTION",
                                                                            "operator_cardinality": 8928266,
                                                                            "cumulative_rows_scanned": 12352656,
                                                                            "operator_rows_scanned": 0,
                                                                            "operator_timing": 0.006422661000000033,
                                                                            "result_set_size": 348202374,
                                                                            "children": [
                                                                                {
                                                                                    "operator_name": "PROJECTION",
                                                                                    "cpu_time": 1.340334121999997,
                                                                                    "extra_info": {
                                                                                        "Projections": [
                                                                                            "#0",
                                                                                            "#1",
                                                                                            "__internal_decompress_integral_smallint(#2, 1)",
                                                                                            "__internal_decompress_integral_integer(#3, -72)",
                                                                                            "#4",
                                                                                            "#5",
                                                                                            "#6",
                                                                                            "#7"
                                                                                        ],
                                                                                        "Estimated Cardinality": "7241822"
                                                                                    },
                                                                                    "cumulative_cardinality": 41759536,
                                                                                    "operator_type": "PROJECTION",
                                                                                    "operator_cardinality": 8928266,
                                                                                    "cumulative_rows_scanned": 12352656,
                                                                                    "operator_rows_scanned": 0,
                                                                                    "operator_timing": 0.006759174000000001,
                                                                                    "result_set_size": 374987172,
                                                                                    "children": [
                                                                                        {
                                                                                            "operator_name": "HASH_JOIN",
                                                                                            "cpu_time": 1.333574947999997,
                                                                                            "extra_info": {
                                                                                                "Join Type": "RIGHT",
                                                                                                "Conditions": "postid = id",
                                                                                                "Estimated Cardinality": "7241822"
                                                                                            },
                                                                                            "cumulative_cardinality": 32831270,
                                                                                            "operator_type": "HASH_JOIN",
                                                                                            "operator_cardinality": 8928266,
                                                                                            "cumulative_rows_scanned": 12352656,
                                                                                            "operator_rows_scanned": 0,
                                                                                            "operator_timing": 0.7914906979999969,
                                                                                            "result_set_size": 348202374,
                                                                                            "children": [
                                                                                                {
                                                                                                    "operator_name": "READ_PARQUET ",
                                                                                                    "cpu_time": 0.12414300399999989,
                                                                                                    "extra_info": {
                                                                                                        "Function": "READ_PARQUET",
                                                                                                        "Projections": [
                                                                                                            "id",
                                                                                                            "postid"
                                                                                                        ],
                                                                                                        "Estimated Cardinality": "7241822"
                                                                                                    },
                                                                                                    "cumulative_cardinality": 7241822,
                                                                                                    "operator_type": "TABLE_SCAN",
                                                                                                    "operator_cardinality": 7241822,
                                                                                                    "cumulative_rows_scanned": 7241822,
                                                                                                    "operator_rows_scanned": 7241822,
                                                                                                    "operator_timing": 0.12414300399999989,
                                                                                                    "result_set_size": 57934576,
                                                                                                    "children": []
                                                                                                },
                                                                                                {
                                                                                                    "operator_name": "PROJECTION",
                                                                                                    "cpu_time": 0.41794124600000016,
                                                                                                    "extra_info": {
                                                                                                        "Projections": [
                                                                                                            "#0",
                                                                                                            "__internal_compress_integral_utinyint(#1, 1)",
                                                                                                            "__internal_compress_integral_usmallint(#2, -72)",
                                                                                                            "#3",
                                                                                                            "#4",
                                                                                                            "#5",
                                                                                                            "#6"
                                                                                                        ],
                                                                                                        "Estimated Cardinality": "3850116"
                                                                                                    },
                                                                                                    "cumulative_cardinality": 16661182,
                                                                                                    "operator_type": "PROJECTION",
                                                                                                    "operator_cardinality": 3850116,
                                                                                                    "cumulative_rows_scanned": 5110834,
                                                                                                    "operator_rows_scanned": 0,
                                                                                                    "operator_timing": 0.00737506099999999,
                                                                                                    "result_set_size": 134754060,
                                                                                                    "children": [
                                                                                                        {
                                                                                                            "operator_name": "HASH_JOIN",
                                                                                                            "cpu_time": 0.41056618500000014,
                                                                                                            "extra_info": {
                                                                                                                "Join Type": "LEFT",
                                                                                                                "Conditions": "owneruserid = id",
                                                                                                                "Estimated Cardinality": "3850116"
                                                                                                            },
                                                                                                            "cumulative_cardinality": 12811066,
                                                                                                            "operator_type": "HASH_JOIN",
                                                                                                            "operator_cardinality": 3850116,
                                                                                                            "cumulative_rows_scanned": 5110834,
                                                                                                            "operator_rows_scanned": 0,
                                                                                                            "operator_timing": 0.22304525500000025,
                                                                                                            "result_set_size": 146304408,
                                                                                                            "children": [
                                                                                                                {
                                                                                                                    "operator_name": "HASH_JOIN",
                                                                                                                    "cpu_time": 0.17247752399999988,
                                                                                                                    "extra_info": {
                                                                                                                        "Join Type": "LEFT",
                                                                                                                        "Conditions": "posttypeid = id",
                                                                                                                        "Estimated Cardinality": "3850116"
                                                                                                                    },
                                                                                                                    "cumulative_cardinality": 7700240,
                                                                                                                    "operator_type": "HASH_JOIN",
                                                                                                                    "operator_cardinality": 3850116,
                                                                                                                    "cumulative_rows_scanned": 3850124,
                                                                                                                    "operator_rows_scanned": 0,
                                                                                                                    "operator_timing": 0.06788135199999985,
                                                                                                                    "result_set_size": 130903944,
                                                                                                                    "children": [
                                                                                                                        {
                                                                                                                            "operator_name": "READ_PARQUET ",
                                                                                                                            "cpu_time": 0.10428816700000004,
                                                                                                                            "extra_info": {
                                                                                                                                "Function": "READ_PARQUET",
                                                                                                                                "Projections": [
                                                                                                                                    "id",
                                                                                                                                    "posttypeid",
                                                                                                                                    "score",
                                                                                                                                    "viewcount",
                                                                                                                                    "owneruserid"
                                                                                                                                ],
                                                                                                                                "Estimated Cardinality": "3850116"
                                                                                                                            },
                                                                                                                            "cumulative_cardinality": 3850116,
                                                                                                                            "operator_type": "TABLE_SCAN",
                                                                                                                            "operator_cardinality": 3850116,
                                                                                                                            "cumulative_rows_scanned": 3850116,
                                                                                                                            "operator_rows_scanned": 3850116,
                                                                                                                            "operator_timing": 0.10428816700000004,
                                                                                                                            "result_set_size": 69302088,
                                                                                                                            "children": []
                                                                                                                        },
                                                                                                                        {
                                                                                                                            "operator_name": "READ_PARQUET ",
                                                                                                                            "cpu_time": 0.00030800500000000003,
                                                                                                                            "extra_info": {
                                                                                                                                "Function": "READ_PARQUET",
                                                                                                                                "Projections": [
                                                                                                                                    "id",
                                                                                                                                    "name"
                                                                                                                                ],
                                                                                                                                "Estimated Cardinality": "8"
                                                                                                                            },
                                                                                                                            "cumulative_cardinality": 8,
                                                                                                                            "operator_type": "TABLE_SCAN",
                                                                                                                            "operator_cardinality": 8,
                                                                                                                            "cumulative_rows_scanned": 8,
                                                                                                                            "operator_rows_scanned": 8,
                                                                                                                            "operator_timing": 0.00030800500000000003,
                                                                                                                            "result_set_size": 144,
                                                                                                                            "children": []
                                                                                                                        }
                                                                                                                    ]
                                                                                                                },
                                                                                                                {
                                                                                                                    "operator_name": "READ_PARQUET ",
                                                                                                                    "cpu_time": 0.015043406000000016,
                                                                                                                    "extra_info": {
                                                                                                                        "Function": "READ_PARQUET",
                                                                                                                        "Projections": [
                                                                                                                            "id",
                                                                                                                            "reputation"
                                                                                                                        ],
                                                                                                                        "Estimated Cardinality": "1260710"
                                                                                                                    },
                                                                                                                    "cumulative_cardinality": 1260710,
                                                                                                                    "operator_type": "TABLE_SCAN",
                                                                                                                    "operator_cardinality": 1260710,
                                                                                                                    "cumulative_rows_scanned": 1260710,
                                                                                                                    "operator_rows_scanned": 1260710,
                                                                                                                    "operator_timing": 0.015043406000000016,
                                                                                                                    "result_set_size": 10085680,
                                                                                                                    "children": []
                                                                                                                }
                                                                                                            ]
                                                                                                        }
                                                                                                    ]
                                                                                                }
                                                                                            ]
                                                                                        }
                                                                                    ]
                                                                                }
                                                                            ]
                                                                        }
                                                                    ]
                                                                }
                                                            ]
                                                        }
                                                    ]
                                                }
                                            ]
                                        }
                                    ]
                                }
                            ]
                        }
                    ]
                }
            ]
        }
    ]
}