{
    "rows_returned": 1260710,
    "query_name": "SELECT \n    U.Id AS UserId,\n    U.DisplayName,\n    U.Reputation,\n    COUNT(P.Id) AS TotalPosts,\n    COUNT(C.Id) AS TotalComments,\n    COALESCE(SUM(VoteCount), 0) AS TotalVotes,\n    SUM(P.ViewCount) AS TotalViews\nFROM \n    Users U\nLEFT JOIN \n    Posts P ON U.Id = P.OwnerUserId\nLEFT JOIN \n    Comments C ON P.Id = C.PostId\nLEFT JOIN \n    (SELECT \n         PostId, \n         COUNT(Id) AS VoteCount \n     FROM \n         Votes \n     GROUP BY \n         PostId) V ON P.Id = V.PostId\nGROUP BY \n    U.Id, U.DisplayName, U.Reputation\nORDER BY \n    TotalVotes DESC, TotalPosts DESC;",
    "blocked_thread_time": 0.0,
    "cpu_time": 3.6861332579999977,
    "extra_info": {},
    "cumulative_cardinality": 78274516,
    "cumulative_rows_scanned": 25096741,
    "result_set_size": 90771120,
    "latency": 5.808591691,
    "children": [
        {
            "operator_name": "ORDER_BY",
            "cpu_time": 3.6861332579999977,
            "extra_info": {
                "Order By": [
                    "COALESCE(sum(V.VoteCount), 0) DESC",
                    "count(P.Id) DESC"
                ]
            },
            "cumulative_cardinality": 78274516,
            "operator_type": "ORDER_BY",
            "operator_cardinality": 1260710,
            "cumulative_rows_scanned": 25096741,
            "operator_rows_scanned": 0,
            "operator_timing": 0.10818455599999999,
            "result_set_size": 90771120,
            "children": [
                {
                    "operator_name": "PROJECTION",
                    "cpu_time": 3.577948701999998,
                    "extra_info": {
                        "Projections": [
                            "UserId",
                            "displayname",
                            "reputation",
                            "TotalPosts",
                            "TotalComments",
                            "TotalVotes",
                            "TotalViews"
                        ],
                        "Estimated Cardinality": "1260710"
                    },
                    "cumulative_cardinality": 77013806,
                    "operator_type": "PROJECTION",
                    "operator_cardinality": 1260710,
                    "cumulative_rows_scanned": 25096741,
                    "operator_rows_scanned": 0,
                    "operator_timing": 0.010048502999999999,
                    "result_set_size": 90771120,
                    "children": [
                        {
                            "operator_name": "HASH_GROUP_BY",
                            "cpu_time": 3.5679001989999977,
                            "extra_info": {
                                "Groups": [
                                    "#0",
                                    "#1",
                                    "#2"
                                ],
                                "Aggregates": [
                                    "count(#3)",
                                    "count(#4)",
                                    "sum(#5)",
                                    "sum(#6)"
                                ],
                                "Estimated Cardinality": "1260710"
                            },
                            "cumulative_cardinality": 75753096,
                            "operator_type": "HASH_GROUP_BY",
                            "operator_cardinality": 1260710,
                            "cumulative_rows_scanned": 25096741,
                            "operator_rows_scanned": 0,
                            "operator_timing": 0.8651920319999998,
                            "result_set_size": 90771120,
                            "children": [
                                {
                                    "operator_name": "PROJECTION",
                                    "cpu_time": 2.7027081669999977,
                                    "extra_info": {
                                        "Projections": [
                                            "id",
                                            "displayname",
                                            "reputation",
                                            "id",
                                            "id",
                                            "VoteCount",
                                            "viewcount"
                                        ],
                                        "Estimated Cardinality": "7241822"
                                    },
                                    "cumulative_cardinality": 74492386,
                                    "operator_type": "PROJECTION",
                                    "operator_cardinality": 9425510,
                                    "cumulative_rows_scanned": 25096741,
                                    "operator_rows_scanned": 0,
                                    "operator_timing": 0.003997364000000043,
                                    "result_set_size": 414722440,
                                    "children": [
                                        {
                                            "operator_name": "HASH_JOIN",
                                            "cpu_time": 2.6987108029999978,
                                            "extra_info": {
                                                "Join Type": "LEFT",
                                                "Conditions": "id = postid",
                                                "Estimated Cardinality": "7241822"
                                            },
                                            "cumulative_cardinality": 65066876,
                                            "operator_type": "HASH_JOIN",
                                            "operator_cardinality": 9425510,
                                            "cumulative_rows_scanned": 25096741,
                                            "operator_rows_scanned": 0,
                                            "operator_timing": 0.5954488109999998,
                                            "result_set_size": 414722440,
                                            "children": [
                                                {
                                                    "operator_name": "HASH_JOIN",
                                                    "cpu_time": 1.392623297999997,
                                                    "extra_info": {
                                                        "Join Type": "RIGHT",
                                                        "Conditions": "postid = id",
                                                        "Estimated Cardinality": "7241822"
                                                    },
                                                    "cumulative_cardinality": 26187953,
                                                    "operator_type": "HASH_JOIN",
                                                    "operator_cardinality": 9425510,
                                                    "cumulative_rows_scanned": 12352648,
                                                    "operator_rows_scanned": 0,
                                                    "operator_timing": 0.7788459579999968,
                                                    "result_set_size": 339318360,
                                                    "children": [
                                                        {
                                                            "operator_name": "READ_PARQUET ",
                                                            "cpu_time": 0.13038338899999977,
                                                            "extra_info": {
                                                                "Function": "READ_PARQUET",
                                                                "Projections": [
                                                                    "id",
                                                                    "postid"
                                                                ],
                                                                "Estimated Cardinality": "7241822"
                                                            },
                                                            "cumulative_cardinality": 7241822,
                                                            "operator_type": "TABLE_SCAN",
                                                            "operator_cardinality": 7241822,
                                                            "cumulative_rows_scanned": 7241822,
                                                            "operator_rows_scanned": 7241822,
                                                            "operator_timing": 0.13038338899999977,
                                                            "result_set_size": 57934576,
                                                            "children": []
                                                        },
                                                        {
                                                            "operator_name": "HASH_JOIN",
                                                            "cpu_time": 0.4833939510000006,
                                                            "extra_info": {
                                                                "Join Type": "RIGHT",
                                                                "Conditions": "owneruserid = id",
                                                                "Estimated Cardinality": "3850116"
                                                            },
                                                            "cumulative_cardinality": 9520621,
                                                            "operator_type": "HASH_JOIN",
                                                            "operator_cardinality": 4574495,
                                                            "cumulative_rows_scanned": 5110826,
                                                            "operator_rows_scanned": 0,
                                                            "operator_timing": 0.2776756840000005,
                                                            "result_set_size": 146383840,
                                                            "children": [
                                                                {
                                                                    "operator_name": "READ_PARQUET ",
                                                                    "cpu_time": 0.11822713200000008,
                                                                    "extra_info": {
                                                                        "Function": "READ_PARQUET",
                                                                        "Projections": [
                                                                            "id",
                                                                            "viewcount",
                                                                            "owneruserid"
                                                                        ],
                                                                        "Estimated Cardinality": "3850116"
                                                                    },
                                                                    "cumulative_cardinality": 3685416,
                                                                    "operator_type": "TABLE_SCAN",
                                                                    "operator_cardinality": 3685416,
                                                                    "cumulative_rows_scanned": 3850116,
                                                                    "operator_rows_scanned": 3850116,
                                                                    "operator_timing": 0.11822713200000008,
                                                                    "result_set_size": 44224992,
                                                                    "children": []
                                                                },
                                                                {
                                                                    "operator_name": "READ_PARQUET ",
                                                                    "cpu_time": 0.08749113500000007,
                                                                    "extra_info": {
                                                                        "Function": "READ_PARQUET",
                                                                        "Projections": [
                                                                            "id",
                                                                            "reputation",
                                                                            "displayname"
                                                                        ],
                                                                        "Estimated Cardinality": "1260710"
                                                                    },
                                                                    "cumulative_cardinality": 1260710,
                                                                    "operator_type": "TABLE_SCAN",
                                                                    "operator_cardinality": 1260710,
                                                                    "cumulative_rows_scanned": 1260710,
                                                                    "operator_rows_scanned": 1260710,
                                                                    "operator_timing": 0.08749113500000007,
                                                                    "result_set_size": 30257040,
                                                                    "children": []
                                                                }
                                                            ]
                                                        }
                                                    ]
                                                },
                                                {
                                                    "operator_name": "HASH_GROUP_BY",
                                                    "cpu_time": 0.710638694000001,
                                                    "extra_info": {
                                                        "Groups": "#0",
                                                        "Aggregates": "count_star()",
                                                        "Estimated Cardinality": "6372046"
                                                    },
                                                    "cumulative_cardinality": 29453413,
                                                    "operator_type": "HASH_GROUP_BY",
                                                    "operator_cardinality": 3965227,
                                                    "cumulative_rows_scanned": 12744093,
                                                    "operator_rows_scanned": 0,
                                                    "operator_timing": 0.559466333000001,
                                                    "result_set_size": 47582724,
                                                    "children": [
                                                        {
                                                            "operator_name": "PROJECTION",
                                                            "cpu_time": 0.151172361,
                                                            "extra_info": {
                                                                "Projections": "postid",
                                                                "Estimated Cardinality": "12744093"
                                                            },
                                                            "cumulative_cardinality": 25488186,
                                                            "operator_type": "PROJECTION",
                                                            "operator_cardinality": 12744093,
                                                            "cumulative_rows_scanned": 12744093,
                                                            "operator_rows_scanned": 0,
                                                            "operator_timing": 0.0006914310000000018,
                                                            "result_set_size": 50976372,
                                                            "children": [
                                                                {
                                                                    "operator_name": "READ_PARQUET ",
                                                                    "cpu_time": 0.15048093,
                                                                    "extra_info": {
                                                                        "Function": "READ_PARQUET",
                                                                        "Projections": [
                                                                            "id",
                                                                            "postid"
                                                                        ],
                                                                        "Estimated Cardinality": "12744093"
                                                                    },
                                                                    "cumulative_cardinality": 12744093,
                                                                    "operator_type": "TABLE_SCAN",
                                                                    "operator_cardinality": 12744093,
                                                                    "cumulative_rows_scanned": 12744093,
                                                                    "operator_rows_scanned": 12744093,
                                                                    "operator_timing": 0.15048093,
                                                                    "result_set_size": 101952744,
                                                                    "children": []
                                                                }
                                                            ]
                                                        }
                                                    ]
                                                }
                                            ]
                                        }
                                    ]
                                }
                            ]
                        }
                    ]
                }
            ]
        }
    ]
}