{
    "rows_returned": 8,
    "query_name": "SELECT \n    pt.Name AS PostType,\n    COUNT(p.Id) AS TotalPosts,\n    AVG(p.Score) AS AverageScore,\n    SUM(COALESCE(c.CommentCount, 0)) AS TotalComments,\n    SUM(COALESCE(v.VoteCount, 0)) AS TotalVotes\nFROM \n    PostTypes pt\nLEFT JOIN \n    Posts p ON p.PostTypeId = pt.Id\nLEFT JOIN \n    (SELECT PostId, COUNT(*) AS CommentCount \n     FROM Comments \n     GROUP BY PostId) c ON c.PostId = p.Id\nLEFT JOIN \n    (SELECT PostId, COUNT(*) AS VoteCount \n     FROM Votes \n     GROUP BY PostId) v ON v.PostId = p.Id\nGROUP BY \n    pt.Name\nORDER BY \n    TotalPosts DESC;",
    "blocked_thread_time": 0.0,
    "cpu_time": 2.0060780609999984,
    "extra_info": {},
    "cumulative_cardinality": 73051571,
    "cumulative_rows_scanned": 23836039,
    "result_set_size": 512,
    "latency": 2.197884919,
    "children": [
        {
            "operator_name": "ORDER_BY",
            "cpu_time": 2.0060780609999984,
            "extra_info": {
                "Order By": "count(p.Id) DESC"
            },
            "cumulative_cardinality": 73051571,
            "operator_type": "ORDER_BY",
            "operator_cardinality": 8,
            "cumulative_rows_scanned": 23836039,
            "operator_rows_scanned": 0,
            "operator_timing": 0.000034944,
            "result_set_size": 512,
            "children": [
                {
                    "operator_name": "HASH_GROUP_BY",
                    "cpu_time": 2.0060431169999986,
                    "extra_info": {
                        "Groups": "#0",
                        "Aggregates": [
                            "count(#1)",
                            "avg(#2)",
                            "sum(#3)",
                            "sum(#4)"
                        ],
                        "Estimated Cardinality": "8"
                    },
                    "cumulative_cardinality": 73051563,
                    "operator_type": "HASH_GROUP_BY",
                    "operator_cardinality": 8,
                    "cumulative_rows_scanned": 23836039,
                    "operator_rows_scanned": 0,
                    "operator_timing": 0.08842827399999989,
                    "result_set_size": 512,
                    "children": [
                        {
                            "operator_name": "PROJECTION",
                            "cpu_time": 1.9176148429999988,
                            "extra_info": {
                                "Projections": [
                                    "name",
                                    "id",
                                    "score",
                                    "COALESCE(CommentCount, 0)",
                                    "COALESCE(VoteCount, 0)"
                                ],
                                "Estimated Cardinality": "6372046"
                            },
                            "cumulative_cardinality": 73051555,
                            "operator_type": "PROJECTION",
                            "operator_cardinality": 3850117,
                            "cumulative_rows_scanned": 23836039,
                            "operator_rows_scanned": 0,
                            "operator_timing": 0.059501636000000004,
                            "result_set_size": 154004680,
                            "children": [
                                {
                                    "operator_name": "PROJECTION",
                                    "cpu_time": 1.8581132069999988,
                                    "extra_info": {
                                        "Projections": [
                                            "#0",
                                            "#1",
                                            "__internal_decompress_integral_integer(#2, -72)",
                                            "#3",
                                            "#4"
                                        ],
                                        "Estimated Cardinality": "6372046"
                                    },
                                    "cumulative_cardinality": 69201438,
                                    "operator_type": "PROJECTION",
                                    "operator_cardinality": 3850117,
                                    "cumulative_rows_scanned": 23836039,
                                    "operator_rows_scanned": 0,
                                    "operator_timing": 0.0020236790000000035,
                                    "result_set_size": 154004680,
                                    "children": [
                                        {
                                            "operator_name": "HASH_JOIN",
                                            "cpu_time": 1.8560895279999987,
                                            "extra_info": {
                                                "Join Type": "RIGHT",
                                                "Conditions": "postid = id",
                                                "Estimated Cardinality": "6372046"
                                            },
                                            "cumulative_cardinality": 65351321,
                                            "operator_type": "HASH_JOIN",
                                            "operator_cardinality": 3850117,
                                            "cumulative_rows_scanned": 23836039,
                                            "operator_rows_scanned": 0,
                                            "operator_timing": 0.5342336329999993,
                                            "result_set_size": 146304446,
                                            "children": [
                                                {
                                                    "operator_name": "HASH_GROUP_BY",
                                                    "cpu_time": 0.5841687840000004,
                                                    "extra_info": {
                                                        "Groups": "#0",
                                                        "Aggregates": "count_star()",
                                                        "Estimated Cardinality": "6372046"
                                                    },
                                                    "cumulative_cardinality": 29453413,
                                                    "operator_type": "HASH_GROUP_BY",
                                                    "operator_cardinality": 3965227,
                                                    "cumulative_rows_scanned": 12744093,
                                                    "operator_rows_scanned": 0,
                                                    "operator_timing": 0.5053436230000005,
                                                    "result_set_size": 47582724,
                                                    "children": [
                                                        {
                                                            "operator_name": "PROJECTION",
                                                            "cpu_time": 0.07882516099999994,
                                                            "extra_info": {
                                                                "Projections": "postid",
                                                                "Estimated Cardinality": "12744093"
                                                            },
                                                            "cumulative_cardinality": 25488186,
                                                            "operator_type": "PROJECTION",
                                                            "operator_cardinality": 12744093,
                                                            "cumulative_rows_scanned": 12744093,
                                                            "operator_rows_scanned": 0,
                                                            "operator_timing": 0.000765539000000006,
                                                            "result_set_size": 50976372,
                                                            "children": [
                                                                {
                                                                    "operator_name": "READ_PARQUET ",
                                                                    "cpu_time": 0.07805962199999993,
                                                                    "extra_info": {
                                                                        "Function": "READ_PARQUET",
                                                                        "Projections": "postid",
                                                                        "Estimated Cardinality": "12744093"
                                                                    },
                                                                    "cumulative_cardinality": 12744093,
                                                                    "operator_type": "TABLE_SCAN",
                                                                    "operator_cardinality": 12744093,
                                                                    "cumulative_rows_scanned": 12744093,
                                                                    "operator_rows_scanned": 12744093,
                                                                    "operator_timing": 0.07805962199999993,
                                                                    "result_set_size": 50976372,
                                                                    "children": []
                                                                }
                                                            ]
                                                        }
                                                    ]
                                                },
                                                {
                                                    "operator_name": "PROJECTION",
                                                    "cpu_time": 0.7376871109999992,
                                                    "extra_info": {
                                                        "Projections": [
                                                            "#0",
                                                            "__internal_compress_integral_usmallint(#1, -72)",
                                                            "#2",
                                                            "#3"
                                                        ],
                                                        "Estimated Cardinality": "3850116"
                                                    },
                                                    "cumulative_cardinality": 32047791,
                                                    "operator_type": "PROJECTION",
                                                    "operator_cardinality": 3850117,
                                                    "cumulative_rows_scanned": 11091946,
                                                    "operator_rows_scanned": 0,
                                                    "operator_timing": 0.0034973510000000023,
                                                    "result_set_size": 115503510,
                                                    "children": [
                                                        {
                                                            "operator_name": "HASH_JOIN",
                                                            "cpu_time": 0.7341897599999991,
                                                            "extra_info": {
                                                                "Join Type": "LEFT",
                                                                "Conditions": "id = postid",
                                                                "Estimated Cardinality": "3850116"
                                                            },
                                                            "cumulative_cardinality": 28197674,
                                                            "operator_type": "HASH_JOIN",
                                                            "operator_cardinality": 3850117,
                                                            "cumulative_rows_scanned": 11091946,
                                                            "operator_rows_scanned": 0,
                                                            "operator_timing": 0.25913272300000006,
                                                            "result_set_size": 123203744,
                                                            "children": [
                                                                {
                                                                    "operator_name": "HASH_JOIN",
                                                                    "cpu_time": 0.17211404499999916,
                                                                    "extra_info": {
                                                                        "Join Type": "RIGHT",
                                                                        "Conditions": "posttypeid = id",
                                                                        "Estimated Cardinality": "3850116"
                                                                    },
                                                                    "cumulative_cardinality": 7700241,
                                                                    "operator_type": "HASH_JOIN",
                                                                    "operator_cardinality": 3850117,
                                                                    "cumulative_rows_scanned": 3850124,
                                                                    "operator_rows_scanned": 0,
                                                                    "operator_timing": 0.06301644999999924,
                                                                    "result_set_size": 92402808,
                                                                    "children": [
                                                                        {
                                                                            "operator_name": "READ_PARQUET ",
                                                                            "cpu_time": 0.1087682999999999,
                                                                            "extra_info": {
                                                                                "Function": "READ_PARQUET",
                                                                                "Projections": [
                                                                                    "id",
                                                                                    "posttypeid",
                                                                                    "score"
                                                                                ],
                                                                                "Estimated Cardinality": "3850116"
                                                                            },
                                                                            "cumulative_cardinality": 3850116,
                                                                            "operator_type": "TABLE_SCAN",
                                                                            "operator_cardinality": 3850116,
                                                                            "cumulative_rows_scanned": 3850116,
                                                                            "operator_rows_scanned": 3850116,
                                                                            "operator_timing": 0.1087682999999999,
                                                                            "result_set_size": 38501160,
                                                                            "children": []
                                                                        },
                                                                        {
                                                                            "operator_name": "READ_PARQUET ",
                                                                            "cpu_time": 0.000329295,
                                                                            "extra_info": {
                                                                                "Function": "READ_PARQUET",
                                                                                "Projections": [
                                                                                    "id",
                                                                                    "name"
                                                                                ],
                                                                                "Estimated Cardinality": "8"
                                                                            },
                                                                            "cumulative_cardinality": 8,
                                                                            "operator_type": "TABLE_SCAN",
                                                                            "operator_cardinality": 8,
                                                                            "cumulative_rows_scanned": 8,
                                                                            "operator_rows_scanned": 8,
                                                                            "operator_timing": 0.000329295,
                                                                            "result_set_size": 144,
                                                                            "children": []
                                                                        }
                                                                    ]
                                                                },
                                                                {
                                                                    "operator_name": "HASH_GROUP_BY",
                                                                    "cpu_time": 0.30294299199999986,
                                                                    "extra_info": {
                                                                        "Groups": "#0",
                                                                        "Aggregates": "count_star()",
                                                                        "Estimated Cardinality": "3620911"
                                                                    },
                                                                    "cumulative_cardinality": 16647316,
                                                                    "operator_type": "HASH_GROUP_BY",
                                                                    "operator_cardinality": 2163672,
                                                                    "cumulative_rows_scanned": 7241822,
                                                                    "operator_rows_scanned": 0,
                                                                    "operator_timing": 0.25946319899999987,
                                                                    "result_set_size": 25964064,
                                                                    "children": [
                                                                        {
                                                                            "operator_name": "PROJECTION",
                                                                            "cpu_time": 0.04347979300000002,
                                                                            "extra_info": {
                                                                                "Projections": "postid",
                                                                                "Estimated Cardinality": "7241822"
                                                                            },
                                                                            "cumulative_cardinality": 14483644,
                                                                            "operator_type": "PROJECTION",
                                                                            "operator_cardinality": 7241822,
                                                                            "cumulative_rows_scanned": 7241822,
                                                                            "operator_rows_scanned": 0,
                                                                            "operator_timing": 0.0003947730000000015,
                                                                            "result_set_size": 28967288,
                                                                            "children": [
                                                                                {
                                                                                    "operator_name": "READ_PARQUET ",
                                                                                    "cpu_time": 0.043085020000000016,
                                                                                    "extra_info": {
                                                                                        "Function": "READ_PARQUET",
                                                                                        "Projections": "postid",
                                                                                        "Estimated Cardinality": "7241822"
                                                                                    },
                                                                                    "cumulative_cardinality": 7241822,
                                                                                    "operator_type": "TABLE_SCAN",
                                                                                    "operator_cardinality": 7241822,
                                                                                    "cumulative_rows_scanned": 7241822,
                                                                                    "operator_rows_scanned": 7241822,
                                                                                    "operator_timing": 0.043085020000000016,
                                                                                    "result_set_size": 28967288,
                                                                                    "children": []
                                                                                }
                                                                            ]
                                                                        }
                                                                    ]
                                                                }
                                                            ]
                                                        }
                                                    ]
                                                }
                                            ]
                                        }
                                    ]
                                }
                            ]
                        }
                    ]
                }
            ]
        }
    ]
}