{
    "rows_returned": 100,
    "query_name": "\nSELECT \n    p.Id AS PostId,\n    p.Title,\n    p.CreationDate,\n    u.DisplayName AS OwnerDisplayName,\n    p.ViewCount,\n    p.Score,\n    p.AnswerCount,\n    COALESCE(c.CommentCount, 0) AS CommentCount,\n    COALESCE(v.VoteCount, 0) AS VoteCount,\n    COUNT(DISTINCT ph.Id) AS EditHistoryCount\nFROM \n    Posts p\nJOIN \n    Users u ON p.OwnerUserId = u.Id\nLEFT JOIN \n    (SELECT PostId, COUNT(*) AS CommentCount FROM Comments GROUP BY PostId) c ON p.Id = c.PostId\nLEFT JOIN \n    (SELECT PostId, COUNT(*) AS VoteCount FROM Votes GROUP BY PostId) v ON p.Id = v.PostId\nLEFT JOIN \n    PostHistory ph ON p.Id = ph.PostId\nWHERE \n    p.CreationDate >= '2023-01-01'  \nGROUP BY \n    p.Id, u.DisplayName, p.Title, p.CreationDate, p.ViewCount, p.Score, p.AnswerCount, c.CommentCount, v.VoteCount\nORDER BY \n    p.CreationDate DESC\nLIMIT 100;\n",
    "blocked_thread_time": 0.0,
    "cpu_time": 2.4180401370000006,
    "extra_info": {},
    "cumulative_cardinality": 63880971,
    "cumulative_rows_scanned": 36891985,
    "result_set_size": 8000,
    "latency": 2.940275272,
    "children": [
        {
            "operator_name": "STREAMING_LIMIT",
            "cpu_time": 2.4180401370000006,
            "extra_info": {},
            "cumulative_cardinality": 63880971,
            "operator_type": "STREAMING_LIMIT",
            "operator_cardinality": 100,
            "cumulative_rows_scanned": 36891985,
            "operator_rows_scanned": 0,
            "operator_timing": 0.000002084,
            "result_set_size": 8000,
            "children": [
                {
                    "operator_name": "PROJECTION",
                    "cpu_time": 2.4180380530000005,
                    "extra_info": {
                        "Projections": [
                            "#0",
                            "#1",
                            "#2",
                            "#3",
                            "#4",
                            "__internal_decompress_integral_integer(#5, -72)",
                            "__internal_decompress_integral_integer(#6, 0)",
                            "#7",
                            "#8",
                            "#9"
                        ],
                        "Estimated Cardinality": "3850116"
                    },
                    "cumulative_cardinality": 63880871,
                    "operator_type": "PROJECTION",
                    "operator_cardinality": 4096,
                    "cumulative_rows_scanned": 36891985,
                    "operator_rows_scanned": 0,
                    "operator_timing": 0.000024174,
                    "result_set_size": 327680,
                    "children": [
                        {
                            "operator_name": "ORDER_BY",
                            "cpu_time": 2.4180138790000005,
                            "extra_info": {
                                "Order By": "p.CreationDate DESC"
                            },
                            "cumulative_cardinality": 63876775,
                            "operator_type": "ORDER_BY",
                            "operator_cardinality": 4096,
                            "cumulative_rows_scanned": 36891985,
                            "operator_rows_scanned": 0,
                            "operator_timing": 0.015937201999999994,
                            "result_set_size": 307200,
                            "children": [
                                {
                                    "operator_name": "PROJECTION",
                                    "cpu_time": 2.4020766770000006,
                                    "extra_info": {
                                        "Projections": [
                                            "#0",
                                            "#1",
                                            "#2",
                                            "#3",
                                            "#4",
                                            "__internal_compress_integral_usmallint(#5, -72)",
                                            "__internal_compress_integral_utinyint(#6, 0)",
                                            "#7",
                                            "#8",
                                            "#9"
                                        ],
                                        "Estimated Cardinality": "3850116"
                                    },
                                    "cumulative_cardinality": 63872679,
                                    "operator_type": "PROJECTION",
                                    "operator_cardinality": 261413,
                                    "cumulative_rows_scanned": 36891985,
                                    "operator_rows_scanned": 0,
                                    "operator_timing": 0.000853168,
                                    "result_set_size": 19605975,
                                    "children": [
                                        {
                                            "operator_name": "PROJECTION",
                                            "cpu_time": 2.4012235090000007,
                                            "extra_info": {
                                                "Projections": [
                                                    "PostId",
                                                    "title",
                                                    "creationdate",
                                                    "OwnerDisplayName",
                                                    "viewcount",
                                                    "score",
                                                    "answercount",
                                                    "CommentCount",
                                                    "VoteCount",
                                                    "EditHistoryCount"
                                                ],
                                                "Estimated Cardinality": "3850116"
                                            },
                                            "cumulative_cardinality": 63611266,
                                            "operator_type": "PROJECTION",
                                            "operator_cardinality": 261413,
                                            "cumulative_rows_scanned": 36891985,
                                            "operator_rows_scanned": 0,
                                            "operator_timing": 0.0033916529999999984,
                                            "result_set_size": 20913040,
                                            "children": [
                                                {
                                                    "operator_name": "PROJECTION",
                                                    "cpu_time": 2.3978318560000007,
                                                    "extra_info": {
                                                        "Projections": [
                                                            "#0",
                                                            "#1",
                                                            "#2",
                                                            "#3",
                                                            "#4",
                                                            "__internal_decompress_integral_integer(#5, -72)",
                                                            "__internal_decompress_integral_integer(#6, 0)",
                                                            "#7",
                                                            "#8",
                                                            "#9"
                                                        ],
                                                        "Estimated Cardinality": "3850116"
                                                    },
                                                    "cumulative_cardinality": 63349853,
                                                    "operator_type": "PROJECTION",
                                                    "operator_cardinality": 261413,
                                                    "cumulative_rows_scanned": 36891985,
                                                    "operator_rows_scanned": 0,
                                                    "operator_timing": 0.0008341740000000001,
                                                    "result_set_size": 20913040,
                                                    "children": [
                                                        {
                                                            "operator_name": "HASH_GROUP_BY",
                                                            "cpu_time": 2.3969976820000007,
                                                            "extra_info": {
                                                                "Groups": [
                                                                    "#0",
                                                                    "#1",
                                                                    "#2",
                                                                    "#3",
                                                                    "#4",
                                                                    "#5",
                                                                    "#6",
                                                                    "#7",
                                                                    "#8"
                                                                ],
                                                                "Aggregates": "count(DISTINCT #9)",
                                                                "Estimated Cardinality": "3850116"
                                                            },
                                                            "cumulative_cardinality": 63088440,
                                                            "operator_type": "HASH_GROUP_BY",
                                                            "operator_cardinality": 261413,
                                                            "cumulative_rows_scanned": 36891985,
                                                            "operator_rows_scanned": 0,
                                                            "operator_timing": 0.260868876,
                                                            "result_set_size": 19605975,
                                                            "children": [
                                                                {
                                                                    "operator_name": "PROJECTION",
                                                                    "cpu_time": 2.1361288060000008,
                                                                    "extra_info": {
                                                                        "Projections": [
                                                                            "id",
                                                                            "displayname",
                                                                            "title",
                                                                            "creationdate",
                                                                            "viewcount",
                                                                            "score",
                                                                            "answercount",
                                                                            "CommentCount",
                                                                            "VoteCount",
                                                                            "id"
                                                                        ],
                                                                        "Estimated Cardinality": "11795244"
                                                                    },
                                                                    "cumulative_cardinality": 62827027,
                                                                    "operator_type": "PROJECTION",
                                                                    "operator_cardinality": 873627,
                                                                    "cumulative_rows_scanned": 36891985,
                                                                    "operator_rows_scanned": 0,
                                                                    "operator_timing": 0.0003425249999999999,
                                                                    "result_set_size": 62027517,
                                                                    "children": [
                                                                        {
                                                                            "operator_name": "PROJECTION",
                                                                            "cpu_time": 2.1357862810000006,
                                                                            "extra_info": {
                                                                                "Projections": [
                                                                                    "#0",
                                                                                    "#1",
                                                                                    "#2",
                                                                                    "#3",
                                                                                    "__internal_compress_integral_usmallint(#4, -72)",
                                                                                    "#5",
                                                                                    "#6",
                                                                                    "__internal_compress_integral_utinyint(#7, 0)",
                                                                                    "#8",
                                                                                    "#9"
                                                                                ],
                                                                                "Estimated Cardinality": "11795244"
                                                                            },
                                                                            "cumulative_cardinality": 61953400,
                                                                            "operator_type": "PROJECTION",
                                                                            "operator_cardinality": 873627,
                                                                            "cumulative_rows_scanned": 36891985,
                                                                            "operator_rows_scanned": 0,
                                                                            "operator_timing": 0.004872312000000002,
                                                                            "result_set_size": 62027517,
                                                                            "children": [
                                                                                {
                                                                                    "operator_name": "HASH_JOIN",
                                                                                    "cpu_time": 2.1309139690000007,
                                                                                    "extra_info": {
                                                                                        "Join Type": "LEFT",
                                                                                        "Conditions": "id = postid",
                                                                                        "Estimated Cardinality": "11795244"
                                                                                    },
                                                                                    "cumulative_cardinality": 61079773,
                                                                                    "operator_type": "HASH_JOIN",
                                                                                    "operator_cardinality": 873627,
                                                                                    "cumulative_rows_scanned": 36891985,
                                                                                    "operator_rows_scanned": 0,
                                                                                    "operator_timing": 0.5863079310000002,
                                                                                    "result_set_size": 66395652,
                                                                                    "children": [
                                                                                        {
                                                                                            "operator_name": "HASH_JOIN",
                                                                                            "cpu_time": 1.4114216389999998,
                                                                                            "extra_info": {
                                                                                                "Join Type": "LEFT",
                                                                                                "Conditions": "id = postid",
                                                                                                "Estimated Cardinality": "6372046"
                                                                                            },
                                                                                            "cumulative_cardinality": 48410902,
                                                                                            "operator_type": "HASH_JOIN",
                                                                                            "operator_cardinality": 261413,
                                                                                            "cumulative_rows_scanned": 25096741,
                                                                                            "operator_rows_scanned": 0,
                                                                                            "operator_timing": 0.1952478259999999,
                                                                                            "result_set_size": 18821736,
                                                                                            "children": [
                                                                                                {
                                                                                                    "operator_name": "HASH_JOIN",
                                                                                                    "cpu_time": 0.6004715669999999,
                                                                                                    "extra_info": {
                                                                                                        "Join Type": "RIGHT",
                                                                                                        "Conditions": "postid = id",
                                                                                                        "Estimated Cardinality": "3620911"
                                                                                                    },
                                                                                                    "cumulative_cardinality": 18696076,
                                                                                                    "operator_type": "HASH_JOIN",
                                                                                                    "operator_cardinality": 261413,
                                                                                                    "cumulative_rows_scanned": 12352648,
                                                                                                    "operator_rows_scanned": 0,
                                                                                                    "operator_timing": 0.08337697099999994,
                                                                                                    "result_set_size": 16730432,
                                                                                                    "children": [
                                                                                                        {
                                                                                                            "operator_name": "HASH_GROUP_BY",
                                                                                                            "cpu_time": 0.29105438799999994,
                                                                                                            "extra_info": {
                                                                                                                "Groups": "#0",
                                                                                                                "Aggregates": "count_star()",
                                                                                                                "Estimated Cardinality": "3620911"
                                                                                                            },
                                                                                                            "cumulative_cardinality": 16647316,
                                                                                                            "operator_type": "HASH_GROUP_BY",
                                                                                                            "operator_cardinality": 2163672,
                                                                                                            "cumulative_rows_scanned": 7241822,
                                                                                                            "operator_rows_scanned": 0,
                                                                                                            "operator_timing": 0.24817919299999994,
                                                                                                            "result_set_size": 25964064,
                                                                                                            "children": [
                                                                                                                {
                                                                                                                    "operator_name": "PROJECTION",
                                                                                                                    "cpu_time": 0.042875195000000026,
                                                                                                                    "extra_info": {
                                                                                                                        "Projections": "postid",
                                                                                                                        "Estimated Cardinality": "7241822"
                                                                                                                    },
                                                                                                                    "cumulative_cardinality": 14483644,
                                                                                                                    "operator_type": "PROJECTION",
                                                                                                                    "operator_cardinality": 7241822,
                                                                                                                    "cumulative_rows_scanned": 7241822,
                                                                                                                    "operator_rows_scanned": 0,
                                                                                                                    "operator_timing": 0.0004066919999999979,
                                                                                                                    "result_set_size": 28967288,
                                                                                                                    "children": [
                                                                                                                        {
                                                                                                                            "operator_name": "READ_PARQUET ",
                                                                                                                            "cpu_time": 0.042468503000000025,
                                                                                                                            "extra_info": {
                                                                                                                                "Function": "READ_PARQUET",
                                                                                                                                "Projections": "postid",
                                                                                                                                "Estimated Cardinality": "7241822"
                                                                                                                            },
                                                                                                                            "cumulative_cardinality": 7241822,
                                                                                                                            "operator_type": "TABLE_SCAN",
                                                                                                                            "operator_cardinality": 7241822,
                                                                                                                            "cumulative_rows_scanned": 7241822,
                                                                                                                            "operator_rows_scanned": 7241822,
                                                                                                                            "operator_timing": 0.042468503000000025,
                                                                                                                            "result_set_size": 28967288,
                                                                                                                            "children": []
                                                                                                                        }
                                                                                                                    ]
                                                                                                                }
                                                                                                            ]
                                                                                                        },
                                                                                                        {
                                                                                                            "operator_name": "HASH_JOIN",
                                                                                                            "cpu_time": 0.22604020800000002,
                                                                                                            "extra_info": {
                                                                                                                "Join Type": "INNER",
                                                                                                                "Conditions": "id = owneruserid",
                                                                                                                "Estimated Cardinality": "770023"
                                                                                                            },
                                                                                                            "cumulative_cardinality": 1787347,
                                                                                                            "operator_type": "HASH_JOIN",
                                                                                                            "operator_cardinality": 261413,
                                                                                                            "cumulative_rows_scanned": 5110826,
                                                                                                            "operator_rows_scanned": 0,
                                                                                                            "operator_timing": 0.05488765899999998,
                                                                                                            "result_set_size": 14639128,
                                                                                                            "children": [
                                                                                                                {
                                                                                                                    "operator_name": "READ_PARQUET ",
                                                                                                                    "cpu_time": 0.088331093,
                                                                                                                    "extra_info": {
                                                                                                                        "Function": "READ_PARQUET",
                                                                                                                        "Projections": [
                                                                                                                            "id",
                                                                                                                            "displayname"
                                                                                                                        ],
                                                                                                                        "Filters": "id<=1416539",
                                                                                                                        "Estimated Cardinality": "1260710"
                                                                                                                    },
                                                                                                                    "cumulative_cardinality": 1260679,
                                                                                                                    "operator_type": "TABLE_SCAN",
                                                                                                                    "operator_cardinality": 1260679,
                                                                                                                    "cumulative_rows_scanned": 1260710,
                                                                                                                    "operator_rows_scanned": 1260710,
                                                                                                                    "operator_timing": 0.088331093,
                                                                                                                    "result_set_size": 25213580,
                                                                                                                    "children": []
                                                                                                                },
                                                                                                                {
                                                                                                                    "operator_name": "READ_PARQUET ",
                                                                                                                    "cpu_time": 0.08282145600000003,
                                                                                                                    "extra_info": {
                                                                                                                        "Function": "READ_PARQUET",
                                                                                                                        "Projections": [
                                                                                                                            "id",
                                                                                                                            "creationdate",
                                                                                                                            "score",
                                                                                                                            "viewcount",
                                                                                                                            "owneruserid",
                                                                                                                            "title",
                                                                                                                            "answercount"
                                                                                                                        ],
                                                                                                                        "Filters": "creationdate>='2023-01-01 00:00:00'::TIMESTAMP",
                                                                                                                        "Estimated Cardinality": "770023"
                                                                                                                    },
                                                                                                                    "cumulative_cardinality": 265255,
                                                                                                                    "operator_type": "TABLE_SCAN",
                                                                                                                    "operator_cardinality": 265255,
                                                                                                                    "cumulative_rows_scanned": 3850116,
                                                                                                                    "operator_rows_scanned": 3850116,
                                                                                                                    "operator_timing": 0.08282145600000003,
                                                                                                                    "result_set_size": 11671220,
                                                                                                                    "children": []
                                                                                                                }
                                                                                                            ]
                                                                                                        }
                                                                                                    ]
                                                                                                },
                                                                                                {
                                                                                                    "operator_name": "HASH_GROUP_BY",
                                                                                                    "cpu_time": 0.6157022460000001,
                                                                                                    "extra_info": {
                                                                                                        "Groups": "#0",
                                                                                                        "Aggregates": "count_star()",
                                                                                                        "Estimated Cardinality": "6372046"
                                                                                                    },
                                                                                                    "cumulative_cardinality": 29453413,
                                                                                                    "operator_type": "HASH_GROUP_BY",
                                                                                                    "operator_cardinality": 3965227,
                                                                                                    "cumulative_rows_scanned": 12744093,
                                                                                                    "operator_rows_scanned": 0,
                                                                                                    "operator_timing": 0.5372953570000003,
                                                                                                    "result_set_size": 47582724,
                                                                                                    "children": [
                                                                                                        {
                                                                                                            "operator_name": "PROJECTION",
                                                                                                            "cpu_time": 0.07840688899999983,
                                                                                                            "extra_info": {
                                                                                                                "Projections": "postid",
                                                                                                                "Estimated Cardinality": "12744093"
                                                                                                            },
                                                                                                            "cumulative_cardinality": 25488186,
                                                                                                            "operator_type": "PROJECTION",
                                                                                                            "operator_cardinality": 12744093,
                                                                                                            "cumulative_rows_scanned": 12744093,
                                                                                                            "operator_rows_scanned": 0,
                                                                                                            "operator_timing": 0.0007458100000000038,
                                                                                                            "result_set_size": 50976372,
                                                                                                            "children": [
                                                                                                                {
                                                                                                                    "operator_name": "READ_PARQUET ",
                                                                                                                    "cpu_time": 0.07766107899999983,
                                                                                                                    "extra_info": {
                                                                                                                        "Function": "READ_PARQUET",
                                                                                                                        "Projections": "postid",
                                                                                                                        "Estimated Cardinality": "12744093"
                                                                                                                    },
                                                                                                                    "cumulative_cardinality": 12744093,
                                                                                                                    "operator_type": "TABLE_SCAN",
                                                                                                                    "operator_cardinality": 12744093,
                                                                                                                    "cumulative_rows_scanned": 12744093,
                                                                                                                    "operator_rows_scanned": 12744093,
                                                                                                                    "operator_timing": 0.07766107899999983,
                                                                                                                    "result_set_size": 50976372,
                                                                                                                    "children": []
                                                                                                                }
                                                                                                            ]
                                                                                                        }
                                                                                                    ]
                                                                                                }
                                                                                            ]
                                                                                        },
                                                                                        {
                                                                                            "operator_name": "READ_PARQUET ",
                                                                                            "cpu_time": 0.13318439900000065,
                                                                                            "extra_info": {
                                                                                                "Function": "READ_PARQUET",
                                                                                                "Projections": [
                                                                                                    "id",
                                                                                                    "postid"
                                                                                                ],
                                                                                                "Estimated Cardinality": "11795244"
                                                                                            },
                                                                                            "cumulative_cardinality": 11795244,
                                                                                            "operator_type": "TABLE_SCAN",
                                                                                            "operator_cardinality": 11795244,
                                                                                            "cumulative_rows_scanned": 11795244,
                                                                                            "operator_rows_scanned": 11795244,
                                                                                            "operator_timing": 0.13318439900000065,
                                                                                            "result_set_size": 94361952,
                                                                                            "children": []
                                                                                        }
                                                                                    ]
                                                                                }
                                                                            ]
                                                                        }
                                                                    ]
                                                                }
                                                            ]
                                                        }
                                                    ]
                                                }
                                            ]
                                        }
                                    ]
                                }
                            ]
                        }
                    ]
                }
            ]
        }
    ]
}