{
    "rows_returned": 100,
    "query_name": "WITH PostStats AS (\n    SELECT \n        P.Id AS PostId,\n        P.Title,\n        P.CreationDate,\n        P.LastActivityDate,\n        P.Score,\n        P.AnswerCount,\n        P.ViewCount,\n        P.CommentCount,\n        U.DisplayName AS OwnerDisplayName,\n        T.TagName,\n        PH.CreationDate AS HistoryCreationDate,\n        PH.PostHistoryTypeId\n    FROM \n        Posts P\n    JOIN \n        Users U ON P.OwnerUserId = U.Id\n    JOIN \n        Tags T ON T.Id = P.Id\n    LEFT JOIN \n        PostHistory PH ON P.Id = PH.PostId\n)\n\nSELECT \n    PS.OwnerDisplayName,\n    PS.Title,\n    PS.CreationDate,\n    PS.LastActivityDate,\n    PS.Score,\n    PS.AnswerCount,\n    PS.ViewCount,\n    PS.CommentCount,\n    PS.TagName,\n    COUNT(PH.PostHistoryTypeId) AS HistoryCount\nFROM \n    PostStats PS\nLEFT JOIN \n    PostHistory PH ON PS.PostId = PH.PostId\nGROUP BY \n    PS.OwnerDisplayName, PS.Title, PS.CreationDate, PS.LastActivityDate, PS.Score, PS.AnswerCount, PS.ViewCount, PS.CommentCount, PS.TagName\nORDER BY \n    PS.LastActivityDate DESC\nLIMIT 100;",
    "blocked_thread_time": 0.0,
    "cpu_time": 1.449504569,
    "extra_info": {},
    "cumulative_cardinality": 36823412,
    "cumulative_rows_scanned": 28703290,
    "result_set_size": 8800,
    "latency": 1.668326883,
    "children": [
        {
            "operator_name": "STREAMING_LIMIT",
            "cpu_time": 1.449504569,
            "extra_info": {},
            "cumulative_cardinality": 36823412,
            "operator_type": "STREAMING_LIMIT",
            "operator_cardinality": 100,
            "cumulative_rows_scanned": 28703290,
            "operator_rows_scanned": 0,
            "operator_timing": 0.000001232,
            "result_set_size": 8800,
            "children": [
                {
                    "operator_name": "PROJECTION",
                    "cpu_time": 1.449503337,
                    "extra_info": {
                        "Projections": [
                            "#0",
                            "#1",
                            "#2",
                            "#3",
                            "__internal_decompress_integral_integer(#4, -72)",
                            "__internal_decompress_integral_integer(#5, 0)",
                            "#6",
                            "__internal_decompress_integral_integer(#7, 0)",
                            "#8",
                            "#9"
                        ],
                        "Estimated Cardinality": "3850116"
                    },
                    "cumulative_cardinality": 36823312,
                    "operator_type": "PROJECTION",
                    "operator_cardinality": 1558,
                    "cumulative_rows_scanned": 28703290,
                    "operator_rows_scanned": 0,
                    "operator_timing": 0.000006402,
                    "result_set_size": 137104,
                    "children": [
                        {
                            "operator_name": "ORDER_BY",
                            "cpu_time": 1.449496935,
                            "extra_info": {
                                "Order By": "PS.LastActivityDate DESC"
                            },
                            "cumulative_cardinality": 36821754,
                            "operator_type": "ORDER_BY",
                            "operator_cardinality": 1558,
                            "cumulative_rows_scanned": 28703290,
                            "operator_rows_scanned": 0,
                            "operator_timing": 0.00019215999999999998,
                            "result_set_size": 124640,
                            "children": [
                                {
                                    "operator_name": "PROJECTION",
                                    "cpu_time": 1.4493047749999999,
                                    "extra_info": {
                                        "Projections": [
                                            "#0",
                                            "#1",
                                            "#2",
                                            "#3",
                                            "__internal_compress_integral_usmallint(#4, -72)",
                                            "__internal_compress_integral_utinyint(#5, 0)",
                                            "#6",
                                            "__internal_compress_integral_utinyint(#7, 0)",
                                            "#8",
                                            "#9"
                                        ],
                                        "Estimated Cardinality": "3850116"
                                    },
                                    "cumulative_cardinality": 36820196,
                                    "operator_type": "PROJECTION",
                                    "operator_cardinality": 1558,
                                    "cumulative_rows_scanned": 28703290,
                                    "operator_rows_scanned": 0,
                                    "operator_timing": 0.000007564,
                                    "result_set_size": 124640,
                                    "children": [
                                        {
                                            "operator_name": "PROJECTION",
                                            "cpu_time": 1.449297211,
                                            "extra_info": {
                                                "Projections": [
                                                    "#0",
                                                    "#1",
                                                    "#2",
                                                    "#3",
                                                    "__internal_decompress_integral_integer(#4, -72)",
                                                    "__internal_decompress_integral_integer(#5, 0)",
                                                    "#6",
                                                    "__internal_decompress_integral_integer(#7, 0)",
                                                    "#8",
                                                    "#9"
                                                ],
                                                "Estimated Cardinality": "3850116"
                                            },
                                            "cumulative_cardinality": 36818638,
                                            "operator_type": "PROJECTION",
                                            "operator_cardinality": 1558,
                                            "cumulative_rows_scanned": 28703290,
                                            "operator_rows_scanned": 0,
                                            "operator_timing": 0.00001073,
                                            "result_set_size": 137104,
                                            "children": [
                                                {
                                                    "operator_name": "HASH_GROUP_BY",
                                                    "cpu_time": 1.449286481,
                                                    "extra_info": {
                                                        "Groups": [
                                                            "#0",
                                                            "#1",
                                                            "#2",
                                                            "#3",
                                                            "#4",
                                                            "#5",
                                                            "#6",
                                                            "#7",
                                                            "#8"
                                                        ],
                                                        "Aggregates": "count(#9)",
                                                        "Estimated Cardinality": "3850116"
                                                    },
                                                    "cumulative_cardinality": 36817080,
                                                    "operator_type": "HASH_GROUP_BY",
                                                    "operator_cardinality": 1558,
                                                    "cumulative_rows_scanned": 28703290,
                                                    "operator_rows_scanned": 0,
                                                    "operator_timing": 0.003317084999999999,
                                                    "result_set_size": 124640,
                                                    "children": [
                                                        {
                                                            "operator_name": "PROJECTION",
                                                            "cpu_time": 1.445969396,
                                                            "extra_info": {
                                                                "Projections": [
                                                                    "OwnerDisplayName",
                                                                    "title",
                                                                    "creationdate",
                                                                    "lastactivitydate",
                                                                    "score",
                                                                    "answercount",
                                                                    "viewcount",
                                                                    "commentcount",
                                                                    "tagname",
                                                                    "posthistorytypeid"
                                                                ],
                                                                "Estimated Cardinality": "11795244"
                                                            },
                                                            "cumulative_cardinality": 36815522,
                                                            "operator_type": "PROJECTION",
                                                            "operator_cardinality": 33998,
                                                            "cumulative_rows_scanned": 28703290,
                                                            "operator_rows_scanned": 0,
                                                            "operator_timing": 0.000013374999999999996,
                                                            "result_set_size": 2515852,
                                                            "children": [
                                                                {
                                                                    "operator_name": "PROJECTION",
                                                                    "cpu_time": 1.445956021,
                                                                    "extra_info": {
                                                                        "Projections": [
                                                                            "#0",
                                                                            "#1",
                                                                            "#2",
                                                                            "__internal_compress_integral_usmallint(#3, -72)",
                                                                            "__internal_compress_integral_utinyint(#4, 0)",
                                                                            "#5",
                                                                            "__internal_compress_integral_utinyint(#6, 0)",
                                                                            "#7",
                                                                            "#8",
                                                                            "#9"
                                                                        ],
                                                                        "Estimated Cardinality": "11795244"
                                                                    },
                                                                    "cumulative_cardinality": 36781524,
                                                                    "operator_type": "PROJECTION",
                                                                    "operator_cardinality": 33998,
                                                                    "cumulative_rows_scanned": 28703290,
                                                                    "operator_rows_scanned": 0,
                                                                    "operator_timing": 0.00008774600000000002,
                                                                    "result_set_size": 2515852,
                                                                    "children": [
                                                                        {
                                                                            "operator_name": "PROJECTION",
                                                                            "cpu_time": 1.445868275,
                                                                            "extra_info": {
                                                                                "Projections": [
                                                                                    "#0",
                                                                                    "#1",
                                                                                    "#2",
                                                                                    "#3",
                                                                                    "#4",
                                                                                    "#5",
                                                                                    "#6",
                                                                                    "#7",
                                                                                    "#8",
                                                                                    "__internal_decompress_integral_smallint(#9, 1)"
                                                                                ],
                                                                                "Estimated Cardinality": "11795244"
                                                                            },
                                                                            "cumulative_cardinality": 36747526,
                                                                            "operator_type": "PROJECTION",
                                                                            "operator_cardinality": 33998,
                                                                            "cumulative_rows_scanned": 28703290,
                                                                            "operator_rows_scanned": 0,
                                                                            "operator_timing": 0.00008039,
                                                                            "result_set_size": 2787836,
                                                                            "children": [
                                                                                {
                                                                                    "operator_name": "HASH_JOIN",
                                                                                    "cpu_time": 1.445787885,
                                                                                    "extra_info": {
                                                                                        "Join Type": "LEFT",
                                                                                        "Conditions": "PostId = postid",
                                                                                        "Estimated Cardinality": "11795244"
                                                                                    },
                                                                                    "cumulative_cardinality": 36713528,
                                                                                    "operator_type": "HASH_JOIN",
                                                                                    "operator_cardinality": 33998,
                                                                                    "cumulative_rows_scanned": 28703290,
                                                                                    "operator_rows_scanned": 0,
                                                                                    "operator_timing": 0.5566586370000002,
                                                                                    "result_set_size": 2753838,
                                                                                    "children": [
                                                                                        {
                                                                                            "operator_name": "PROJECTION",
                                                                                            "cpu_time": 0.7640250250000005,
                                                                                            "extra_info": {
                                                                                                "Projections": [
                                                                                                    "PostId",
                                                                                                    "title",
                                                                                                    "creationdate",
                                                                                                    "lastactivitydate",
                                                                                                    "score",
                                                                                                    "answercount",
                                                                                                    "viewcount",
                                                                                                    "commentcount",
                                                                                                    "OwnerDisplayName",
                                                                                                    "tagname"
                                                                                                ],
                                                                                                "Estimated Cardinality": "11795244"
                                                                                            },
                                                                                            "cumulative_cardinality": 13089042,
                                                                                            "operator_type": "PROJECTION",
                                                                                            "operator_cardinality": 5464,
                                                                                            "cumulative_rows_scanned": 16908046,
                                                                                            "operator_rows_scanned": 0,
                                                                                            "operator_timing": 0.000006543,
                                                                                            "result_set_size": 458976,
                                                                                            "children": [
                                                                                                {
                                                                                                    "operator_name": "HASH_JOIN",
                                                                                                    "cpu_time": 0.7640184820000004,
                                                                                                    "extra_info": {
                                                                                                        "Join Type": "LEFT",
                                                                                                        "Conditions": "id = postid",
                                                                                                        "Estimated Cardinality": "11795244"
                                                                                                    },
                                                                                                    "cumulative_cardinality": 13083578,
                                                                                                    "operator_type": "HASH_JOIN",
                                                                                                    "operator_cardinality": 5464,
                                                                                                    "cumulative_rows_scanned": 16908046,
                                                                                                    "operator_rows_scanned": 0,
                                                                                                    "operator_timing": 0.4958472779999997,
                                                                                                    "result_set_size": 480832,
                                                                                                    "children": [
                                                                                                        {
                                                                                                            "operator_name": "HASH_JOIN",
                                                                                                            "cpu_time": 0.19024256799999992,
                                                                                                            "extra_info": {
                                                                                                                "Join Type": "INNER",
                                                                                                                "Conditions": "id = id",
                                                                                                                "Estimated Cardinality": "3850116"
                                                                                                            },
                                                                                                            "cumulative_cardinality": 1282870,
                                                                                                            "operator_type": "HASH_JOIN",
                                                                                                            "operator_cardinality": 1558,
                                                                                                            "cumulative_rows_scanned": 5112802,
                                                                                                            "operator_rows_scanned": 0,
                                                                                                            "operator_timing": 0.00035600499999999995,
                                                                                                            "result_set_size": 130872,
                                                                                                            "children": [
                                                                                                                {
                                                                                                                    "operator_name": "FILTER",
                                                                                                                    "cpu_time": 0.18928876599999991,
                                                                                                                    "extra_info": {
                                                                                                                        "Expression": "(id <= 7945)",
                                                                                                                        "Estimated Cardinality": "3850116"
                                                                                                                    },
                                                                                                                    "cumulative_cardinality": 1279336,
                                                                                                                    "operator_type": "FILTER",
                                                                                                                    "operator_cardinality": 6219,
                                                                                                                    "cumulative_rows_scanned": 5110826,
                                                                                                                    "operator_rows_scanned": 0,
                                                                                                                    "operator_timing": 0.00010622700000000001,
                                                                                                                    "result_set_size": 422892,
                                                                                                                    "children": [
                                                                                                                        {
                                                                                                                            "operator_name": "HASH_JOIN",
                                                                                                                            "cpu_time": 0.18918253899999993,
                                                                                                                            "extra_info": {
                                                                                                                                "Join Type": "INNER",
                                                                                                                                "Conditions": "owneruserid = id",
                                                                                                                                "Estimated Cardinality": "3850116"
                                                                                                                            },
                                                                                                                            "cumulative_cardinality": 1273117,
                                                                                                                            "operator_type": "HASH_JOIN",
                                                                                                                            "operator_cardinality": 6219,
                                                                                                                            "cumulative_rows_scanned": 5110826,
                                                                                                                            "operator_rows_scanned": 0,
                                                                                                                            "operator_timing": 0.08098087099999997,
                                                                                                                            "result_set_size": 422892,
                                                                                                                            "children": [
                                                                                                                                {
                                                                                                                                    "operator_name": "READ_PARQUET ",
                                                                                                                                    "cpu_time": 0.024180752,
                                                                                                                                    "extra_info": {
                                                                                                                                        "Function": "READ_PARQUET",
                                                                                                                                        "Projections": [
                                                                                                                                            "id",
                                                                                                                                            "creationdate",
                                                                                                                                            "score",
                                                                                                                                            "viewcount",
                                                                                                                                            "owneruserid",
                                                                                                                                            "lastactivitydate",
                                                                                                                                            "title",
                                                                                                                                            "answercount",
                                                                                                                                            "commentcount"
                                                                                                                                        ],
                                                                                                                                        "Estimated Cardinality": "3850116"
                                                                                                                                    },
                                                                                                                                    "cumulative_cardinality": 6219,
                                                                                                                                    "operator_type": "TABLE_SCAN",
                                                                                                                                    "operator_cardinality": 6219,
                                                                                                                                    "cumulative_rows_scanned": 3850116,
                                                                                                                                    "operator_rows_scanned": 3850116,
                                                                                                                                    "operator_timing": 0.024180752,
                                                                                                                                    "result_set_size": 348264,
                                                                                                                                    "children": []
                                                                                                                                },
                                                                                                                                {
                                                                                                                                    "operator_name": "READ_PARQUET ",
                                                                                                                                    "cpu_time": 0.08402091599999995,
                                                                                                                                    "extra_info": {
                                                                                                                                        "Function": "READ_PARQUET",
                                                                                                                                        "Projections": [
                                                                                                                                            "id",
                                                                                                                                            "displayname"
                                                                                                                                        ],
                                                                                                                                        "Filters": "id<=1416539",
                                                                                                                                        "Estimated Cardinality": "1260710"
                                                                                                                                    },
                                                                                                                                    "cumulative_cardinality": 1260679,
                                                                                                                                    "operator_type": "TABLE_SCAN",
                                                                                                                                    "operator_cardinality": 1260679,
                                                                                                                                    "cumulative_rows_scanned": 1260710,
                                                                                                                                    "operator_rows_scanned": 1260710,
                                                                                                                                    "operator_timing": 0.08402091599999995,
                                                                                                                                    "result_set_size": 25213580,
                                                                                                                                    "children": []
                                                                                                                                }
                                                                                                                            ]
                                                                                                                        }
                                                                                                                    ]
                                                                                                                },
                                                                                                                {
                                                                                                                    "operator_name": "READ_PARQUET ",
                                                                                                                    "cpu_time": 0.000597797,
                                                                                                                    "extra_info": {
                                                                                                                        "Function": "READ_PARQUET",
                                                                                                                        "Projections": [
                                                                                                                            "id",
                                                                                                                            "tagname"
                                                                                                                        ],
                                                                                                                        "Estimated Cardinality": "1976"
                                                                                                                    },
                                                                                                                    "cumulative_cardinality": 1976,
                                                                                                                    "operator_type": "TABLE_SCAN",
                                                                                                                    "operator_cardinality": 1976,
                                                                                                                    "cumulative_rows_scanned": 1976,
                                                                                                                    "operator_rows_scanned": 1976,
                                                                                                                    "operator_timing": 0.000597797,
                                                                                                                    "result_set_size": 39520,
                                                                                                                    "children": []
                                                                                                                }
                                                                                                            ]
                                                                                                        },
                                                                                                        {
                                                                                                            "operator_name": "READ_PARQUET ",
                                                                                                            "cpu_time": 0.07792863600000073,
                                                                                                            "extra_info": {
                                                                                                                "Function": "READ_PARQUET",
                                                                                                                "Projections": "postid",
                                                                                                                "Estimated Cardinality": "11795244"
                                                                                                            },
                                                                                                            "cumulative_cardinality": 11795244,
                                                                                                            "operator_type": "TABLE_SCAN",
                                                                                                            "operator_cardinality": 11795244,
                                                                                                            "cumulative_rows_scanned": 11795244,
                                                                                                            "operator_rows_scanned": 11795244,
                                                                                                            "operator_timing": 0.07792863600000073,
                                                                                                            "result_set_size": 47180976,
                                                                                                            "children": []
                                                                                                        }
                                                                                                    ]
                                                                                                }
                                                                                            ]
                                                                                        },
                                                                                        {
                                                                                            "operator_name": "PROJECTION",
                                                                                            "cpu_time": 0.12510422299999935,
                                                                                            "extra_info": {
                                                                                                "Projections": [
                                                                                                    "__internal_compress_integral_utinyint(#0, 1)",
                                                                                                    "#1"
                                                                                                ],
                                                                                                "Estimated Cardinality": "11795244"
                                                                                            },
                                                                                            "cumulative_cardinality": 23590488,
                                                                                            "operator_type": "PROJECTION",
                                                                                            "operator_cardinality": 11795244,
                                                                                            "cumulative_rows_scanned": 11795244,
                                                                                            "operator_rows_scanned": 0,
                                                                                            "operator_timing": 0.0029781700000000165,
                                                                                            "result_set_size": 58976220,
                                                                                            "children": [
                                                                                                {
                                                                                                    "operator_name": "READ_PARQUET ",
                                                                                                    "cpu_time": 0.12212605299999933,
                                                                                                    "extra_info": {
                                                                                                        "Function": "READ_PARQUET",
                                                                                                        "Projections": [
                                                                                                            "posthistorytypeid",
                                                                                                            "postid"
                                                                                                        ],
                                                                                                        "Estimated Cardinality": "11795244"
                                                                                                    },
                                                                                                    "cumulative_cardinality": 11795244,
                                                                                                    "operator_type": "TABLE_SCAN",
                                                                                                    "operator_cardinality": 11795244,
                                                                                                    "cumulative_rows_scanned": 11795244,
                                                                                                    "operator_rows_scanned": 11795244,
                                                                                                    "operator_timing": 0.12212605299999933,
                                                                                                    "result_set_size": 70771464,
                                                                                                    "children": []
                                                                                                }
                                                                                            ]
                                                                                        }
                                                                                    ]
                                                                                }
                                                                            ]
                                                                        }
                                                                    ]
                                                                }
                                                            ]
                                                        }
                                                    ]
                                                }
                                            ]
                                        }
                                    ]
                                }
                            ]
                        }
                    ]
                }
            ]
        }
    ]
}